{"type":"operationStart","subtype":"profile","data":{"_id":"F6VvFtlH8yPC4pmD","timestamp":"2024-01-11T15:33:41.627Z","state":"queued","mode":"standard","creationDate":"2024-01-11T15:33:41.629Z","modificationDate":"2024-01-11T15:33:41.629Z","shortid":"TwSxKLD","$entitySet":"profiles"},"doDiffs":false,"timestamp":1704987221628,"id":"fibd5ya0g0h1sfa","previousOperationId":null,"operationId":"71y7m1jngmwsm0k"}
{"type":"log","level":"info","message":"Render request 4 queued for execution and waiting for available worker","previousOperationId":"71y7m1jngmwsm0k","timestamp":1704987221628,"id":"yasvwiy1u4obko1"}
{"type":"operationStart","subtype":"render","name":"orders-header","previousOperationId":"71y7m1jngmwsm0k","timestamp":1704987221633,"id":"cutnr4s8391isuf","previousEventId":"fibd5ya0g0h1sfa","operationId":"5ehptmue2hnuss9"}
{"type":"log","timestamp":1704987221633,"level":"info","message":"Starting rendering request 4","meta":{"rootId":"1v6cxevn6n3xlqp","id":"1v6cxevn6n3xlqp"},"id":"74xnnm56fw2dged","previousOperationId":"5ehptmue2hnuss9"}
{"type":"log","timestamp":1704987221634,"level":"info","message":"Rendering template { name: orders-header, recipe: chrome-pdf, engine: handlebars, preview: true }","meta":{"rootId":"1v6cxevn6n3xlqp","id":"1v6cxevn6n3xlqp"},"id":"ru0yj7z6x4apb0w","previousOperationId":"5ehptmue2hnuss9"}
{"type":"log","timestamp":1704987221635,"level":"debug","message":"Data item not defined for this template.","meta":{"rootId":"1v6cxevn6n3xlqp","id":"1v6cxevn6n3xlqp"},"id":"w8czdhk40vzxif5","previousOperationId":"5ehptmue2hnuss9"}
{"type":"log","timestamp":1704987221636,"level":"debug","message":"Base url not specified, skipping its injection.","meta":{"rootId":"1v6cxevn6n3xlqp","id":"1v6cxevn6n3xlqp"},"id":"vydslkeymr0ohxf","previousOperationId":"5ehptmue2hnuss9"}
{"type":"operationStart","subtype":"engine","name":"handlebars","timestamp":1704987221636,"id":"d1x4rgkeyb44c5k","previousEventId":"cutnr4s8391isuf","operationId":"td4vvdoloizlg85","previousOperationId":"5ehptmue2hnuss9"}
{"type":"log","timestamp":1704987221636,"level":"debug","message":"Rendering engine handlebars","meta":{"rootId":"1v6cxevn6n3xlqp","id":"1v6cxevn6n3xlqp"},"id":"bmrcdzsk73u21o1","previousOperationId":"td4vvdoloizlg85"}
{"type":"operationEnd","operationId":"td4vvdoloizlg85","timestamp":1704987221653,"id":"rx5lu9645iamaoo","previousEventId":"d1x4rgkeyb44c5k","previousOperationId":"td4vvdoloizlg85"}
{"type":"operationStart","subtype":"recipe","name":"chrome-pdf","timestamp":1704987221653,"id":"eybjwopddlm1by6","previousEventId":"rx5lu9645iamaoo","operationId":"r5lohuv4xm1nt8i","previousOperationId":"td4vvdoloizlg85"}
{"type":"log","timestamp":1704987221653,"level":"debug","message":"Executing recipe chrome-pdf","meta":{"rootId":"1v6cxevn6n3xlqp","id":"1v6cxevn6n3xlqp"},"id":"8r1i7t8bcfd7hgo","previousOperationId":"r5lohuv4xm1nt8i"}
{"type":"log","timestamp":1704987221760,"level":"debug","message":"Converting with chrome HeadlessChrome/117.0.5938.149 using chrome-pool strategy","meta":{"rootId":"1v6cxevn6n3xlqp","id":"1v6cxevn6n3xlqp"},"id":"6rx84jfdlt9kcv4","previousOperationId":"r5lohuv4xm1nt8i"}
{"type":"log","timestamp":1704987223079,"level":"debug","message":"Page request: GET (document) file:///C:/Users/DANIEL~1/AppData/Local/Temp/jsreport/autocleanup/3c48f837-27a5-4813-be6c-26f999ff8b52-chrome-pdf.html","meta":{"rootId":"1v6cxevn6n3xlqp","id":"1v6cxevn6n3xlqp"},"id":"q32w32f00njgv1f","previousOperationId":"r5lohuv4xm1nt8i"}
{"type":"log","timestamp":1704987223092,"level":"debug","message":"Page request: GET (stylesheet) https://cdnjs.cloudflare.com/ajax/libs/metro/4.1.5/css/metro.min.css","meta":{"rootId":"1v6cxevn6n3xlqp","id":"1v6cxevn6n3xlqp"},"id":"uljskh9l8m0dgdi","previousOperationId":"r5lohuv4xm1nt8i"}
{"type":"log","timestamp":1704987223092,"level":"debug","message":"Page request finished: GET (document) 200 file:///C:/Users/DANIEL~1/AppData/Local/Temp/jsreport/autocleanup/3c48f837-27a5-4813-be6c-26f999ff8b52-chrome-pdf.html","meta":{"rootId":"1v6cxevn6n3xlqp","id":"1v6cxevn6n3xlqp"},"id":"ppgq4c57qhcbltb","previousOperationId":"r5lohuv4xm1nt8i"}
{"type":"log","timestamp":1704987223298,"level":"debug","message":"Page request finished: GET (stylesheet) 200 https://cdnjs.cloudflare.com/ajax/libs/metro/4.1.5/css/metro.min.css","meta":{"rootId":"1v6cxevn6n3xlqp","id":"1v6cxevn6n3xlqp"},"id":"dg6nay15tu28gay","previousOperationId":"r5lohuv4xm1nt8i"}
{"type":"log","timestamp":1704987223302,"level":"debug","message":"Running chrome with params {\"printBackground\":true,\"marginTop\":\"1.5cm\",\"marginRight\":\"1.5cm\",\"marginLeft\":\"1.cm\",\"timeout\":59969,\"margin\":{\"top\":\"1.5cm\",\"right\":\"1.5cm\",\"left\":\"1.cm\"}}","meta":{"rootId":"1v6cxevn6n3xlqp","id":"1v6cxevn6n3xlqp"},"id":"qwr3nx3nkn14brb","previousOperationId":"r5lohuv4xm1nt8i"}
{"type":"operationEnd","operationId":"r5lohuv4xm1nt8i","timestamp":1704987223317,"id":"sy120h31x2vfxfq","previousEventId":"eybjwopddlm1by6","previousOperationId":"r5lohuv4xm1nt8i"}
{"type":"log","timestamp":1704987223317,"level":"debug","message":"Skipping storing report.","meta":{"rootId":"1v6cxevn6n3xlqp","id":"1v6cxevn6n3xlqp"},"id":"1xbco84y1ypvh7q","previousOperationId":"r5lohuv4xm1nt8i"}
{"type":"log","timestamp":1704987223317,"level":"info","message":"Rendering request 4 finished in 1690 ms","meta":{"rootId":"1v6cxevn6n3xlqp","id":"1v6cxevn6n3xlqp"},"id":"taa3nfxgs1y38bl","previousOperationId":"r5lohuv4xm1nt8i"}
{"type":"operationEnd","subtype":"render","operationId":"5ehptmue2hnuss9","timestamp":1704987223317,"id":"08qyiibe19bbmtb","previousEventId":"sy120h31x2vfxfq","previousOperationId":"r5lohuv4xm1nt8i"}
{"type":"operationEnd","doDiffs":false,"previousEventId":"fibd5ya0g0h1sfa","previousOperationId":"71y7m1jngmwsm0k","operationId":"71y7m1jngmwsm0k","timestamp":1704987223324,"id":"xb3dxfcqs3wky5b"}
