{"type":"operationStart","subtype":"profile","data":{"_id":"4EGU19j4ZF7Xw1I6","timestamp":"2024-02-19T15:50:05.370Z","state":"queued","mode":"standard","creationDate":"2024-02-19T15:50:05.371Z","modificationDate":"2024-02-19T15:50:05.371Z","shortid":"VXOG5UC","$entitySet":"profiles"},"doDiffs":false,"timestamp":1708357805370,"id":"l1ho0qfr3dn5qvf","previousOperationId":null,"operationId":"30nihtnw5gxjxei"}
{"type":"log","level":"info","message":"Render request 5 queued for execution and waiting for available worker","previousOperationId":"30nihtnw5gxjxei","timestamp":1708357805371,"id":"5zm6uess35j4yw7"}
{"type":"operationStart","subtype":"render","name":"orders-main","previousOperationId":"30nihtnw5gxjxei","timestamp":1708357805380,"id":"864v1unl4l8auyh","previousEventId":"l1ho0qfr3dn5qvf","operationId":"vi5sa2vdqiqi3u6"}
{"type":"log","timestamp":1708357805380,"level":"info","message":"Starting rendering request 5","meta":{"rootId":"16kunec3kw0avpl","id":"16kunec3kw0avpl"},"id":"wjbb1o871olcpok","previousOperationId":"vi5sa2vdqiqi3u6"}
{"type":"log","timestamp":1708357805380,"level":"info","message":"Rendering template { name: orders-main, recipe: chrome-pdf, engine: handlebars, preview: true }","meta":{"rootId":"16kunec3kw0avpl","id":"16kunec3kw0avpl"},"id":"zpze2msf900y6w4","previousOperationId":"vi5sa2vdqiqi3u6"}
{"type":"log","timestamp":1708357805387,"level":"debug","message":"Data item not defined for this template.","meta":{"rootId":"16kunec3kw0avpl","id":"16kunec3kw0avpl"},"id":"ge1k69mek9vz3rm","previousOperationId":"vi5sa2vdqiqi3u6"}
{"type":"log","timestamp":1708357805390,"level":"debug","message":"Executing script orders-script (beforeRender)","meta":{"rootId":"16kunec3kw0avpl","id":"16kunec3kw0avpl"},"id":"ws0ircmaoe0m4dh","previousOperationId":"vi5sa2vdqiqi3u6"}
{"type":"operationStart","subtype":"scriptsBeforeRender","name":"scripts beforeRender","timestamp":1708357805400,"id":"r1nrmw1ryx7mx8l","previousEventId":"864v1unl4l8auyh","operationId":"zmszdij6fdufo6b","previousOperationId":"vi5sa2vdqiqi3u6"}
{"type":"operationStart","subtype":"script","name":"scripts orders-script","previousOperationId":"zmszdij6fdufo6b","timestamp":1708357805400,"id":"q6f144jqm8p5ykm","previousEventId":"r1nrmw1ryx7mx8l","operationId":"c0pcg5mj8ozu1v9"}
{"type":"operationEnd","operationId":"c0pcg5mj8ozu1v9","timestamp":1708357805419,"id":"jubgr1oyd8qwlbh","previousEventId":"864v1unl4l8auyh","previousOperationId":"vi5sa2vdqiqi3u6"}
{"type":"operationEnd","operationId":"zmszdij6fdufo6b","timestamp":1708357805419,"id":"mvn48orb3yagqin","previousEventId":"jubgr1oyd8qwlbh","previousOperationId":"vi5sa2vdqiqi3u6"}
{"type":"log","timestamp":1708357805419,"level":"debug","message":"Base url not specified, skipping its injection.","meta":{"rootId":"16kunec3kw0avpl","id":"16kunec3kw0avpl"},"id":"6kskgoxttcb4lf7","previousOperationId":"zmszdij6fdufo6b"}
{"type":"operationStart","subtype":"engine","name":"handlebars","timestamp":1708357805419,"id":"f6bnfp8c3b3o8lk","previousEventId":"mvn48orb3yagqin","operationId":"3zbwg06636bwrn8","previousOperationId":"zmszdij6fdufo6b"}
{"type":"log","timestamp":1708357805419,"level":"debug","message":"Rendering engine handlebars","meta":{"rootId":"16kunec3kw0avpl","id":"16kunec3kw0avpl"},"id":"8u628a7psmneayg","previousOperationId":"3zbwg06636bwrn8"}
{"type":"log","timestamp":1708357805422,"level":"debug","message":"(console:log) Pdf utils adding group field, value: \"ola\"","meta":{"userLevel":true,"rootId":"16kunec3kw0avpl","id":"16kunec3kw0avpl"},"id":"yzh1295ntpg5y9l","previousOperationId":"3zbwg06636bwrn8"}
{"type":"operationEnd","operationId":"3zbwg06636bwrn8","timestamp":1708357805423,"id":"zg71gell0j20gfz","previousEventId":"f6bnfp8c3b3o8lk","previousOperationId":"3zbwg06636bwrn8"}
{"type":"operationStart","subtype":"recipe","name":"chrome-pdf","timestamp":1708357805423,"id":"k3zrafey0irefug","previousEventId":"zg71gell0j20gfz","operationId":"cy19b8oy4psacj9","previousOperationId":"3zbwg06636bwrn8"}
{"type":"log","timestamp":1708357805423,"level":"debug","message":"Executing recipe chrome-pdf","meta":{"rootId":"16kunec3kw0avpl","id":"16kunec3kw0avpl"},"id":"fqicag6q5mbtn3h","previousOperationId":"cy19b8oy4psacj9"}
{"type":"log","timestamp":1708357805425,"level":"debug","message":"Converting with chrome HeadlessChrome/117.0.5938.149 using chrome-pool strategy","meta":{"rootId":"16kunec3kw0avpl","id":"16kunec3kw0avpl"},"id":"i00lotr2cnatkyt","previousOperationId":"cy19b8oy4psacj9"}
{"type":"log","timestamp":1708357805484,"level":"debug","message":"Page request: GET (document) file:///var/folders/tp/6hccbwhd41s4hkmxw_2wkz640000gn/T/jsreport/autocleanup/8a2cbb1f-dff4-4618-b81b-95a6020f2f8d-chrome-pdf.html","meta":{"rootId":"16kunec3kw0avpl","id":"16kunec3kw0avpl"},"id":"wfj0glmeol2ere5","previousOperationId":"cy19b8oy4psacj9"}
{"type":"log","timestamp":1708357805491,"level":"debug","message":"Page request: GET (stylesheet) https://cdnjs.cloudflare.com/ajax/libs/metro/4.1.5/css/metro.min.css","meta":{"rootId":"16kunec3kw0avpl","id":"16kunec3kw0avpl"},"id":"6e0uepjraxwxxwa","previousOperationId":"cy19b8oy4psacj9"}
{"type":"log","timestamp":1708357805491,"level":"debug","message":"Page request: GET (script) https://cdnjs.cloudflare.com/ajax/libs/Chart.js/2.7.2/Chart.min.js","meta":{"rootId":"16kunec3kw0avpl","id":"16kunec3kw0avpl"},"id":"ub88fdisoqpsfes","previousOperationId":"cy19b8oy4psacj9"}
{"type":"log","timestamp":1708357805495,"level":"debug","message":"Page request finished: GET (document) 200 file:///var/folders/tp/6hccbwhd41s4hkmxw_2wkz640000gn/T/jsreport/autocleanup/8a2cbb1f-dff4-4618-b81b-95a6020f2f8d-chrome-pdf.html","meta":{"rootId":"16kunec3kw0avpl","id":"16kunec3kw0avpl"},"id":"w1ex88fq57jma6q","previousOperationId":"cy19b8oy4psacj9"}
{"type":"log","timestamp":1708357805503,"level":"debug","message":"Page request finished: GET (stylesheet) 200 https://cdnjs.cloudflare.com/ajax/libs/metro/4.1.5/css/metro.min.css","meta":{"rootId":"16kunec3kw0avpl","id":"16kunec3kw0avpl"},"id":"39fddnneig5man1","previousOperationId":"cy19b8oy4psacj9"}
{"type":"log","timestamp":1708357805503,"level":"debug","message":"Page request finished: GET (script) 200 https://cdnjs.cloudflare.com/ajax/libs/Chart.js/2.7.2/Chart.min.js","meta":{"rootId":"16kunec3kw0avpl","id":"16kunec3kw0avpl"},"id":"ed1hljkxziqedex","previousOperationId":"cy19b8oy4psacj9"}
{"type":"log","timestamp":1708357805509,"level":"warn","message":"Page error: \"undefined\" is not valid JSON\nJSON.parse (<anonymous>) , stack: SyntaxError: \"undefined\" is not valid JSON\nJSON.parse (<anonymous>)\n    at <anonymous> (file:///var/folders/tp/6hccbwhd41s4hkmxw_2wkz640000gn/T/jsreport/autocleanup/8a2cbb1f-dff4-4618-b81b-95a6020f2f8d-chrome-pdf.html:45:29)","meta":{"rootId":"16kunec3kw0avpl","id":"16kunec3kw0avpl"},"id":"kviipofeviih76u","previousOperationId":"cy19b8oy4psacj9"}
{"type":"log","timestamp":1708357805524,"level":"debug","message":"Running chrome with params {\"printBackground\":true,\"marginTop\":\"4cm\",\"marginRight\":\"1.5cm\",\"marginBottom\":\"1.5cm\",\"marginLeft\":\"1.5cm\",\"waitForJS\":false,\"timeout\":59946,\"margin\":{\"top\":\"4cm\",\"right\":\"1.5cm\",\"bottom\":\"1.5cm\",\"left\":\"1.5cm\"}}","meta":{"rootId":"16kunec3kw0avpl","id":"16kunec3kw0avpl"},"id":"u722yqos3gfr9ae","previousOperationId":"cy19b8oy4psacj9"}
{"type":"operationEnd","operationId":"cy19b8oy4psacj9","timestamp":1708357805549,"id":"74w5t02273pbfhj","previousEventId":"k3zrafey0irefug","previousOperationId":"cy19b8oy4psacj9"}
{"type":"log","timestamp":1708357805549,"level":"info","message":"pdf-utils is starting pdf processing","meta":{"rootId":"16kunec3kw0avpl","id":"16kunec3kw0avpl"},"id":"6pauxjjgevncxia","previousOperationId":"cy19b8oy4psacj9"}
{"type":"operationStart","subtype":"pdfUtils","name":"pdf utils","timestamp":1708357805549,"id":"9zkv7i26rxceddv","previousEventId":"74w5t02273pbfhj","operationId":"pi3pnbkwpeyc8sc","previousOperationId":"cy19b8oy4psacj9"}
{"type":"log","timestamp":1708357805549,"level":"debug","message":"pdf-utils detected 1 pdf operation(s) to process","meta":{"rootId":"16kunec3kw0avpl","id":"16kunec3kw0avpl"},"id":"295iid4h0r97xp4","previousOperationId":"pi3pnbkwpeyc8sc"}
{"type":"log","timestamp":1708357805566,"level":"debug","message":"pdf-utils running pdf operation merge","meta":{"rootId":"16kunec3kw0avpl","id":"16kunec3kw0avpl"},"id":"lqg097gjveu5xeb","previousOperationId":"pi3pnbkwpeyc8sc"}
{"type":"operationStart","subtype":"pdfUtilsMerge","name":"pdf utils merge","previousOperationId":"pi3pnbkwpeyc8sc","timestamp":1708357805566,"id":"bwm99j1oniquigw","previousEventId":"9zkv7i26rxceddv","operationId":"q2ril1lyb8ivcvl"}
{"type":"operationStart","subtype":"render","name":"orders-header","previousOperationId":"q2ril1lyb8ivcvl","timestamp":1708357805566,"id":"ijnifopt43h76ox","previousEventId":"bwm99j1oniquigw","operationId":"dx11h36ndtpnl1o"}
{"type":"log","timestamp":1708357805566,"level":"info","message":"Starting rendering (child) request","meta":{"rootId":"16kunec3kw0avpl","id":"arf3pssk0b7mi55"},"id":"1pnmts7otd8aaq9","previousOperationId":"dx11h36ndtpnl1o"}
{"type":"log","timestamp":1708357805566,"level":"info","message":"Rendering template { name: orders-header, recipe: chrome-pdf, engine: handlebars, preview: true }","meta":{"rootId":"16kunec3kw0avpl","id":"arf3pssk0b7mi55"},"id":"cspaqttdezurg02","previousOperationId":"dx11h36ndtpnl1o"}
{"type":"log","timestamp":1708357805566,"level":"debug","message":"Inline data specified.","meta":{"rootId":"16kunec3kw0avpl","id":"arf3pssk0b7mi55"},"id":"p2na83ltik9gzfh","previousOperationId":"dx11h36ndtpnl1o"}
{"type":"log","timestamp":1708357805567,"level":"debug","message":"Base url not specified, skipping its injection.","meta":{"rootId":"16kunec3kw0avpl","id":"arf3pssk0b7mi55"},"id":"gpzg4zysjkwlinz","previousOperationId":"dx11h36ndtpnl1o"}
{"type":"operationStart","subtype":"engine","name":"handlebars","timestamp":1708357805567,"id":"i7uwz9z4zs7eqau","previousEventId":"ijnifopt43h76ox","operationId":"uu90wmt1hnivadz","previousOperationId":"dx11h36ndtpnl1o"}
{"type":"log","timestamp":1708357805567,"level":"debug","message":"Rendering engine handlebars","meta":{"rootId":"16kunec3kw0avpl","id":"arf3pssk0b7mi55"},"id":"8ir0z7jncjh4mpl","previousOperationId":"uu90wmt1hnivadz"}
{"type":"operationEnd","operationId":"uu90wmt1hnivadz","timestamp":1708357805573,"id":"b7jxdcjcals8x9j","previousEventId":"i7uwz9z4zs7eqau","previousOperationId":"uu90wmt1hnivadz"}
{"type":"operationStart","subtype":"recipe","name":"chrome-pdf","timestamp":1708357805573,"id":"m1p7e6ae91l7his","previousEventId":"b7jxdcjcals8x9j","operationId":"ibdjqz417u3u8hs","previousOperationId":"uu90wmt1hnivadz"}
{"type":"log","timestamp":1708357805573,"level":"debug","message":"Executing recipe chrome-pdf","meta":{"rootId":"16kunec3kw0avpl","id":"arf3pssk0b7mi55"},"id":"othdt361bsj4mmg","previousOperationId":"ibdjqz417u3u8hs"}
{"type":"log","timestamp":1708357805573,"level":"debug","message":"Converting with chrome HeadlessChrome/117.0.5938.149 using chrome-pool strategy","meta":{"rootId":"16kunec3kw0avpl","id":"arf3pssk0b7mi55"},"id":"0kqpk11lpg3efqi","previousOperationId":"ibdjqz417u3u8hs"}
{"type":"log","timestamp":1708357805615,"level":"debug","message":"Page request: GET (document) file:///var/folders/tp/6hccbwhd41s4hkmxw_2wkz640000gn/T/jsreport/autocleanup/a0302c86-db36-4fe5-89cc-14942e58742d-chrome-pdf.html","meta":{"rootId":"16kunec3kw0avpl","id":"arf3pssk0b7mi55"},"id":"jmlp4qassw14wsu","previousOperationId":"ibdjqz417u3u8hs"}
{"type":"log","timestamp":1708357805619,"level":"debug","message":"Page request: GET (stylesheet) https://cdnjs.cloudflare.com/ajax/libs/metro/4.1.5/css/metro.min.css","meta":{"rootId":"16kunec3kw0avpl","id":"arf3pssk0b7mi55"},"id":"qdqhzv1fnmk9r95","previousOperationId":"ibdjqz417u3u8hs"}
{"type":"log","timestamp":1708357805620,"level":"debug","message":"Page request finished: GET (document) 200 file:///var/folders/tp/6hccbwhd41s4hkmxw_2wkz640000gn/T/jsreport/autocleanup/a0302c86-db36-4fe5-89cc-14942e58742d-chrome-pdf.html","meta":{"rootId":"16kunec3kw0avpl","id":"arf3pssk0b7mi55"},"id":"ws44e7l62j6yqkm","previousOperationId":"ibdjqz417u3u8hs"}
{"type":"log","timestamp":1708357805627,"level":"debug","message":"Page request finished: GET (stylesheet) 200 https://cdnjs.cloudflare.com/ajax/libs/metro/4.1.5/css/metro.min.css","meta":{"rootId":"16kunec3kw0avpl","id":"arf3pssk0b7mi55"},"id":"xu4xr9fhem63lhb","previousOperationId":"ibdjqz417u3u8hs"}
{"type":"log","timestamp":1708357805645,"level":"debug","message":"Running chrome with params {\"printBackground\":true,\"marginTop\":\"1.5cm\",\"marginRight\":\"1.5cm\",\"marginLeft\":\"1.cm\",\"timeout\":59797,\"margin\":{\"top\":\"1.5cm\",\"right\":\"1.5cm\",\"left\":\"1.cm\"}}","meta":{"rootId":"16kunec3kw0avpl","id":"arf3pssk0b7mi55"},"id":"hgei5potj1ikiae","previousOperationId":"ibdjqz417u3u8hs"}
{"type":"operationEnd","operationId":"ibdjqz417u3u8hs","timestamp":1708357805663,"id":"pchv9v47zlyewct","previousEventId":"m1p7e6ae91l7his","previousOperationId":"ibdjqz417u3u8hs"}
{"type":"log","timestamp":1708357805663,"level":"debug","message":"Skipping storing report.","meta":{"rootId":"16kunec3kw0avpl","id":"arf3pssk0b7mi55"},"id":"iwbmmzk3lvie5b2","previousOperationId":"ibdjqz417u3u8hs"}
{"type":"log","timestamp":1708357805663,"level":"info","message":"Rendering (child) request finished in 293 ms","meta":{"rootId":"16kunec3kw0avpl","id":"arf3pssk0b7mi55"},"id":"z23mqx6hpmq1bea","previousOperationId":"ibdjqz417u3u8hs"}
{"type":"operationEnd","subtype":"render","operationId":"dx11h36ndtpnl1o","timestamp":1708357805663,"id":"9755piou6w1mkne","previousEventId":"pchv9v47zlyewct","previousOperationId":"ibdjqz417u3u8hs"}
{"type":"operationEnd","operationId":"q2ril1lyb8ivcvl","timestamp":1708357805673,"id":"i7fzqvcdb68z272","previousEventId":"bwm99j1oniquigw","previousOperationId":"q2ril1lyb8ivcvl"}
{"type":"log","timestamp":1708357805673,"level":"debug","message":"pdf-utils postproces start","meta":{"rootId":"16kunec3kw0avpl","id":"16kunec3kw0avpl"},"id":"wsm6s6inq3c3amg","previousOperationId":"q2ril1lyb8ivcvl"}
{"type":"log","timestamp":1708357805682,"level":"debug","message":"pdf-utils postproces end","meta":{"rootId":"16kunec3kw0avpl","id":"16kunec3kw0avpl"},"id":"rd5xe0tuxjh5aco","previousOperationId":"q2ril1lyb8ivcvl"}
{"type":"operationEnd","operationId":"pi3pnbkwpeyc8sc","timestamp":1708357805682,"id":"3x5g2zj6kxacez6","previousEventId":"i7fzqvcdb68z272","previousOperationId":"q2ril1lyb8ivcvl"}
{"type":"log","timestamp":1708357805682,"level":"info","message":"pdf-utils pdf processing was finished","meta":{"rootId":"16kunec3kw0avpl","id":"16kunec3kw0avpl"},"id":"j42fvphjvv1qzpa","previousOperationId":"pi3pnbkwpeyc8sc"}
{"type":"log","timestamp":1708357805682,"level":"debug","message":"Skipping storing report.","meta":{"rootId":"16kunec3kw0avpl","id":"16kunec3kw0avpl"},"id":"l6i8w4lsmnmqdg2","previousOperationId":"pi3pnbkwpeyc8sc"}
{"type":"log","timestamp":1708357805682,"level":"info","message":"Rendering request 5 finished in 312 ms","meta":{"rootId":"16kunec3kw0avpl","id":"16kunec3kw0avpl"},"id":"nbks9xkru1chz6r","previousOperationId":"pi3pnbkwpeyc8sc"}
{"type":"operationEnd","subtype":"render","operationId":"vi5sa2vdqiqi3u6","timestamp":1708357805682,"id":"3w3g2wyqfhkqvoc","previousEventId":"3x5g2zj6kxacez6","previousOperationId":"pi3pnbkwpeyc8sc"}
{"type":"operationEnd","doDiffs":false,"previousEventId":"l1ho0qfr3dn5qvf","previousOperationId":"30nihtnw5gxjxei","operationId":"30nihtnw5gxjxei","timestamp":1708357805685,"id":"7z61wfk194b14p5"}
