{"type":"operationStart","subtype":"profile","data":{"_id":"9wab0iavM9YpLCM0","timestamp":"2024-02-19T16:08:59.304Z","state":"queued","mode":"standard","creationDate":"2024-02-19T16:08:59.305Z","modificationDate":"2024-02-19T16:08:59.305Z","shortid":"QM-t8Y8","$entitySet":"profiles"},"doDiffs":false,"timestamp":1708358939304,"id":"wkyoddup7qf72rf","previousOperationId":null,"operationId":"h5vb5ycli0tl0la"}
{"type":"log","level":"info","message":"Render request 47 queued for execution and waiting for available worker","previousOperationId":"h5vb5ycli0tl0la","timestamp":1708358939305,"id":"c77xy064xsbacwx"}
{"type":"operationStart","subtype":"render","name":"orders-main","previousOperationId":"h5vb5ycli0tl0la","timestamp":1708358939313,"id":"5tcdvrkhi0pmhpu","previousEventId":"wkyoddup7qf72rf","operationId":"1mhnah6c0dzbf3m"}
{"type":"log","timestamp":1708358939314,"level":"info","message":"Starting rendering request 47","meta":{"rootId":"dpf88cg8z932evn","id":"dpf88cg8z932evn"},"id":"0sah49lukszb9us","previousOperationId":"1mhnah6c0dzbf3m"}
{"type":"log","timestamp":1708358939315,"level":"info","message":"Rendering template { name: orders-main, recipe: chrome-pdf, engine: handlebars, preview: true }","meta":{"rootId":"dpf88cg8z932evn","id":"dpf88cg8z932evn"},"id":"5z2x8fb5691k8gr","previousOperationId":"1mhnah6c0dzbf3m"}
{"type":"log","timestamp":1708358939317,"level":"debug","message":"Data item not defined for this template.","meta":{"rootId":"dpf88cg8z932evn","id":"dpf88cg8z932evn"},"id":"fb9l4hswnnpipwl","previousOperationId":"1mhnah6c0dzbf3m"}
{"type":"log","timestamp":1708358939319,"level":"debug","message":"Executing script orders-script (beforeRender)","meta":{"rootId":"dpf88cg8z932evn","id":"dpf88cg8z932evn"},"id":"svgd27576to0rjh","previousOperationId":"1mhnah6c0dzbf3m"}
{"type":"operationStart","subtype":"scriptsBeforeRender","name":"scripts beforeRender","timestamp":1708358939455,"id":"62pqjxpzicod42f","previousEventId":"5tcdvrkhi0pmhpu","operationId":"ueee2ihilfs6uhs","previousOperationId":"1mhnah6c0dzbf3m"}
{"type":"operationStart","subtype":"script","name":"scripts orders-script","previousOperationId":"ueee2ihilfs6uhs","timestamp":1708358939455,"id":"hyhxpkqogcugc5t","previousEventId":"62pqjxpzicod42f","operationId":"znd0i8ww5f0da7m"}
{"type":"operationEnd","operationId":"znd0i8ww5f0da7m","timestamp":1708358939823,"id":"1nahc0b19civ6qt","previousEventId":"5tcdvrkhi0pmhpu","previousOperationId":"1mhnah6c0dzbf3m"}
{"type":"operationEnd","operationId":"ueee2ihilfs6uhs","timestamp":1708358939823,"id":"4yreew7jsvjoshn","previousEventId":"1nahc0b19civ6qt","previousOperationId":"1mhnah6c0dzbf3m"}
{"type":"log","timestamp":1708358939823,"level":"debug","message":"Base url not specified, skipping its injection.","meta":{"rootId":"dpf88cg8z932evn","id":"dpf88cg8z932evn"},"id":"5c8i0huliakqyv0","previousOperationId":"ueee2ihilfs6uhs"}
{"type":"operationStart","subtype":"engine","name":"handlebars","timestamp":1708358939824,"id":"oeiu16q65nmevaf","previousEventId":"4yreew7jsvjoshn","operationId":"bd5e2b3yd46b4ix","previousOperationId":"ueee2ihilfs6uhs"}
{"type":"log","timestamp":1708358939824,"level":"debug","message":"Rendering engine handlebars","meta":{"rootId":"dpf88cg8z932evn","id":"dpf88cg8z932evn"},"id":"4cw3clt7vbop0ci","previousOperationId":"bd5e2b3yd46b4ix"}
{"type":"log","timestamp":1708358939995,"level":"debug","message":"(console:log) Pdf utils adding group field, value: \"ola\"","meta":{"userLevel":true,"rootId":"dpf88cg8z932evn","id":"dpf88cg8z932evn"},"id":"h0muqjzhcs24zh0","previousOperationId":"bd5e2b3yd46b4ix"}
{"type":"operationEnd","operationId":"bd5e2b3yd46b4ix","timestamp":1708358939996,"id":"d75b70lacxyimq5","previousEventId":"oeiu16q65nmevaf","previousOperationId":"bd5e2b3yd46b4ix"}
{"type":"operationStart","subtype":"recipe","name":"chrome-pdf","timestamp":1708358939996,"id":"oxwg9s2nbh5g6sl","previousEventId":"d75b70lacxyimq5","operationId":"xxlnz4lhh0h46dv","previousOperationId":"bd5e2b3yd46b4ix"}
{"type":"log","timestamp":1708358939996,"level":"debug","message":"Executing recipe chrome-pdf","meta":{"rootId":"dpf88cg8z932evn","id":"dpf88cg8z932evn"},"id":"r09yn1g7j4gqt29","previousOperationId":"xxlnz4lhh0h46dv"}
{"type":"log","timestamp":1708358941081,"level":"debug","message":"Converting with chrome HeadlessChrome/117.0.5938.149 using chrome-pool strategy","meta":{"rootId":"dpf88cg8z932evn","id":"dpf88cg8z932evn"},"id":"4o27cn2x496nrsf","previousOperationId":"xxlnz4lhh0h46dv"}
{"type":"log","timestamp":1708358941174,"level":"debug","message":"Page request: GET (document) file:///var/folders/tp/6hccbwhd41s4hkmxw_2wkz640000gn/T/jsreport/autocleanup/982bc23c-54a4-45ee-a494-c45759b156a3-chrome-pdf.html","meta":{"rootId":"dpf88cg8z932evn","id":"dpf88cg8z932evn"},"id":"ws07xi2j2u56igp","previousOperationId":"xxlnz4lhh0h46dv"}
{"type":"log","timestamp":1708358941187,"level":"debug","message":"Page request: GET (stylesheet) https://cdnjs.cloudflare.com/ajax/libs/metro/4.1.5/css/metro.min.css","meta":{"rootId":"dpf88cg8z932evn","id":"dpf88cg8z932evn"},"id":"ujso783ddc60v02","previousOperationId":"xxlnz4lhh0h46dv"}
{"type":"log","timestamp":1708358941188,"level":"debug","message":"Page request: GET (script) https://cdnjs.cloudflare.com/ajax/libs/Chart.js/2.7.2/Chart.min.js","meta":{"rootId":"dpf88cg8z932evn","id":"dpf88cg8z932evn"},"id":"xn57zvbqix0ikzq","previousOperationId":"xxlnz4lhh0h46dv"}
{"type":"log","timestamp":1708358941188,"level":"debug","message":"Page request finished: GET (document) 200 file:///var/folders/tp/6hccbwhd41s4hkmxw_2wkz640000gn/T/jsreport/autocleanup/982bc23c-54a4-45ee-a494-c45759b156a3-chrome-pdf.html","meta":{"rootId":"dpf88cg8z932evn","id":"dpf88cg8z932evn"},"id":"xrtm8l6xhdr8jr8","previousOperationId":"xxlnz4lhh0h46dv"}
{"type":"log","timestamp":1708358941676,"level":"debug","message":"Page request finished: GET (script) 200 https://cdnjs.cloudflare.com/ajax/libs/Chart.js/2.7.2/Chart.min.js","meta":{"rootId":"dpf88cg8z932evn","id":"dpf88cg8z932evn"},"id":"k7n8dqd9wo85ha0","previousOperationId":"xxlnz4lhh0h46dv"}
{"type":"log","timestamp":1708358941691,"level":"debug","message":"Page request finished: GET (stylesheet) 200 https://cdnjs.cloudflare.com/ajax/libs/metro/4.1.5/css/metro.min.css","meta":{"rootId":"dpf88cg8z932evn","id":"dpf88cg8z932evn"},"id":"ws9t49l5f7jtmf5","previousOperationId":"xxlnz4lhh0h46dv"}
{"type":"log","timestamp":1708358941706,"level":"warn","message":"Page error: \"undefined\" is not valid JSON\nJSON.parse (<anonymous>) , stack: SyntaxError: \"undefined\" is not valid JSON\nJSON.parse (<anonymous>)\n    at <anonymous> (file:///var/folders/tp/6hccbwhd41s4hkmxw_2wkz640000gn/T/jsreport/autocleanup/982bc23c-54a4-45ee-a494-c45759b156a3-chrome-pdf.html:45:29)","meta":{"rootId":"dpf88cg8z932evn","id":"dpf88cg8z932evn"},"id":"3dfxw7wto9qgmca","previousOperationId":"xxlnz4lhh0h46dv"}
{"type":"log","timestamp":1708358941744,"level":"debug","message":"Running chrome with params {\"printBackground\":true,\"marginTop\":\"4cm\",\"marginRight\":\"1.5cm\",\"marginBottom\":\"1.5cm\",\"marginLeft\":\"1.5cm\",\"waitForJS\":false,\"timeout\":59122,\"margin\":{\"top\":\"4cm\",\"right\":\"1.5cm\",\"bottom\":\"1.5cm\",\"left\":\"1.5cm\"}}","meta":{"rootId":"dpf88cg8z932evn","id":"dpf88cg8z932evn"},"id":"mx626s2rtl2772j","previousOperationId":"xxlnz4lhh0h46dv"}
{"type":"operationEnd","operationId":"xxlnz4lhh0h46dv","timestamp":1708358941807,"id":"t22tmzu6v4k31tz","previousEventId":"oxwg9s2nbh5g6sl","previousOperationId":"xxlnz4lhh0h46dv"}
{"type":"log","timestamp":1708358941807,"level":"info","message":"pdf-utils is starting pdf processing","meta":{"rootId":"dpf88cg8z932evn","id":"dpf88cg8z932evn"},"id":"lolwuqi8aaq2107","previousOperationId":"xxlnz4lhh0h46dv"}
{"type":"operationStart","subtype":"pdfUtils","name":"pdf utils","timestamp":1708358941915,"id":"gfuvvz9l4efbply","previousEventId":"t22tmzu6v4k31tz","operationId":"2g3q0f24i0wb875","previousOperationId":"xxlnz4lhh0h46dv"}
{"type":"log","timestamp":1708358941915,"level":"debug","message":"pdf-utils detected 1 pdf operation(s) to process","meta":{"rootId":"dpf88cg8z932evn","id":"dpf88cg8z932evn"},"id":"s41lh050jngi5wo","previousOperationId":"2g3q0f24i0wb875"}
{"type":"log","timestamp":1708358942028,"level":"debug","message":"pdf-utils running pdf operation merge","meta":{"rootId":"dpf88cg8z932evn","id":"dpf88cg8z932evn"},"id":"ow4viw2duq10be8","previousOperationId":"2g3q0f24i0wb875"}
{"type":"operationStart","subtype":"pdfUtilsMerge","name":"pdf utils merge","previousOperationId":"2g3q0f24i0wb875","timestamp":1708358942028,"id":"r4ro00nxutqtjz4","previousEventId":"gfuvvz9l4efbply","operationId":"6v2uyand0lcv75w"}
{"type":"operationStart","subtype":"render","name":"orders-header","previousOperationId":"6v2uyand0lcv75w","timestamp":1708358942029,"id":"4l4izwcpsf3m92l","previousEventId":"r4ro00nxutqtjz4","operationId":"dcu6k99jeo52r6x"}
{"type":"log","timestamp":1708358942029,"level":"info","message":"Starting rendering (child) request","meta":{"rootId":"dpf88cg8z932evn","id":"gkp0m2rp1033uti"},"id":"hh4t2l2fto13p8r","previousOperationId":"dcu6k99jeo52r6x"}
{"type":"log","timestamp":1708358942029,"level":"info","message":"Rendering template { name: orders-header, recipe: chrome-pdf, engine: handlebars, preview: true }","meta":{"rootId":"dpf88cg8z932evn","id":"gkp0m2rp1033uti"},"id":"ktrt913n6dih7fl","previousOperationId":"dcu6k99jeo52r6x"}
{"type":"log","timestamp":1708358942030,"level":"debug","message":"Inline data specified.","meta":{"rootId":"dpf88cg8z932evn","id":"gkp0m2rp1033uti"},"id":"wocglwt8yxwbj23","previousOperationId":"dcu6k99jeo52r6x"}
{"type":"log","timestamp":1708358942031,"level":"debug","message":"Base url not specified, skipping its injection.","meta":{"rootId":"dpf88cg8z932evn","id":"gkp0m2rp1033uti"},"id":"f0g7fyrjoyxosf8","previousOperationId":"dcu6k99jeo52r6x"}
{"type":"operationStart","subtype":"engine","name":"handlebars","timestamp":1708358942031,"id":"yxgfdaeeda0elxy","previousEventId":"4l4izwcpsf3m92l","operationId":"akih4rvsqwgx81u","previousOperationId":"dcu6k99jeo52r6x"}
{"type":"log","timestamp":1708358942031,"level":"debug","message":"Rendering engine handlebars","meta":{"rootId":"dpf88cg8z932evn","id":"gkp0m2rp1033uti"},"id":"5dddbkgvlzgjdi9","previousOperationId":"akih4rvsqwgx81u"}
{"type":"operationEnd","operationId":"akih4rvsqwgx81u","timestamp":1708358942045,"id":"godq7og6xdpr16f","previousEventId":"yxgfdaeeda0elxy","previousOperationId":"akih4rvsqwgx81u"}
{"type":"operationStart","subtype":"recipe","name":"chrome-pdf","timestamp":1708358942045,"id":"f879m8772pdi1qh","previousEventId":"godq7og6xdpr16f","operationId":"fypa9i1wxtexc18","previousOperationId":"akih4rvsqwgx81u"}
{"type":"log","timestamp":1708358942045,"level":"debug","message":"Executing recipe chrome-pdf","meta":{"rootId":"dpf88cg8z932evn","id":"gkp0m2rp1033uti"},"id":"t6farj7iuhw39wd","previousOperationId":"fypa9i1wxtexc18"}
{"type":"log","timestamp":1708358942046,"level":"debug","message":"Converting with chrome HeadlessChrome/117.0.5938.149 using chrome-pool strategy","meta":{"rootId":"dpf88cg8z932evn","id":"gkp0m2rp1033uti"},"id":"kc8pwgilt21uqwn","previousOperationId":"fypa9i1wxtexc18"}
{"type":"log","timestamp":1708358942085,"level":"debug","message":"Page request: GET (document) file:///var/folders/tp/6hccbwhd41s4hkmxw_2wkz640000gn/T/jsreport/autocleanup/c21eabf7-d1a9-4fcd-8441-1094ca642286-chrome-pdf.html","meta":{"rootId":"dpf88cg8z932evn","id":"gkp0m2rp1033uti"},"id":"joxz7hgx6hi6jm8","previousOperationId":"fypa9i1wxtexc18"}
{"type":"log","timestamp":1708358942093,"level":"debug","message":"Page request: GET (stylesheet) https://cdnjs.cloudflare.com/ajax/libs/metro/4.1.5/css/metro.min.css","meta":{"rootId":"dpf88cg8z932evn","id":"gkp0m2rp1033uti"},"id":"drvhu15fmw3ykme","previousOperationId":"fypa9i1wxtexc18"}
{"type":"log","timestamp":1708358942093,"level":"debug","message":"Page request finished: GET (document) 200 file:///var/folders/tp/6hccbwhd41s4hkmxw_2wkz640000gn/T/jsreport/autocleanup/c21eabf7-d1a9-4fcd-8441-1094ca642286-chrome-pdf.html","meta":{"rootId":"dpf88cg8z932evn","id":"gkp0m2rp1033uti"},"id":"ts1ivmd9670lszp","previousOperationId":"fypa9i1wxtexc18"}
{"type":"log","timestamp":1708358942100,"level":"debug","message":"Page request finished: GET (stylesheet) 200 https://cdnjs.cloudflare.com/ajax/libs/metro/4.1.5/css/metro.min.css","meta":{"rootId":"dpf88cg8z932evn","id":"gkp0m2rp1033uti"},"id":"nh80fmc3wvq3mqx","previousOperationId":"fypa9i1wxtexc18"}
{"type":"log","timestamp":1708358942120,"level":"debug","message":"Running chrome with params {\"printBackground\":true,\"marginTop\":\"1.5cm\",\"marginRight\":\"1.5cm\",\"marginLeft\":\"1.cm\",\"timeout\":57259,\"margin\":{\"top\":\"1.5cm\",\"right\":\"1.5cm\",\"left\":\"1.cm\"}}","meta":{"rootId":"dpf88cg8z932evn","id":"gkp0m2rp1033uti"},"id":"trb9fg5fm3vgldi","previousOperationId":"fypa9i1wxtexc18"}
{"type":"operationEnd","operationId":"fypa9i1wxtexc18","timestamp":1708358942138,"id":"xp29r975fi3l2jj","previousEventId":"f879m8772pdi1qh","previousOperationId":"fypa9i1wxtexc18"}
{"type":"log","timestamp":1708358942139,"level":"debug","message":"Skipping storing report.","meta":{"rootId":"dpf88cg8z932evn","id":"gkp0m2rp1033uti"},"id":"0m3qkbxvd7xs65z","previousOperationId":"fypa9i1wxtexc18"}
{"type":"log","timestamp":1708358942139,"level":"info","message":"Rendering (child) request finished in 2835 ms","meta":{"rootId":"dpf88cg8z932evn","id":"gkp0m2rp1033uti"},"id":"utsay153grnwnsi","previousOperationId":"fypa9i1wxtexc18"}
{"type":"operationEnd","subtype":"render","operationId":"dcu6k99jeo52r6x","timestamp":1708358942139,"id":"y5wrkhe33k0524d","previousEventId":"xp29r975fi3l2jj","previousOperationId":"fypa9i1wxtexc18"}
{"type":"operationEnd","operationId":"6v2uyand0lcv75w","timestamp":1708358942160,"id":"56p1tkv76k594ne","previousEventId":"r4ro00nxutqtjz4","previousOperationId":"6v2uyand0lcv75w"}
{"type":"log","timestamp":1708358942160,"level":"debug","message":"pdf-utils postproces start","meta":{"rootId":"dpf88cg8z932evn","id":"dpf88cg8z932evn"},"id":"m280s2me8b4855e","previousOperationId":"6v2uyand0lcv75w"}
{"type":"log","timestamp":1708358942177,"level":"debug","message":"pdf-utils postproces end","meta":{"rootId":"dpf88cg8z932evn","id":"dpf88cg8z932evn"},"id":"lbffople56y3pwd","previousOperationId":"6v2uyand0lcv75w"}
{"type":"operationEnd","operationId":"2g3q0f24i0wb875","timestamp":1708358942177,"id":"r7dx5llxn8dw1s1","previousEventId":"56p1tkv76k594ne","previousOperationId":"6v2uyand0lcv75w"}
{"type":"log","timestamp":1708358942177,"level":"info","message":"pdf-utils pdf processing was finished","meta":{"rootId":"dpf88cg8z932evn","id":"dpf88cg8z932evn"},"id":"sfv361kqkiw07k7","previousOperationId":"2g3q0f24i0wb875"}
{"type":"log","timestamp":1708358942177,"level":"debug","message":"Skipping storing report.","meta":{"rootId":"dpf88cg8z932evn","id":"dpf88cg8z932evn"},"id":"61lla6fbphbi1fz","previousOperationId":"2g3q0f24i0wb875"}
{"type":"log","timestamp":1708358942177,"level":"info","message":"Rendering request 47 finished in 2873 ms","meta":{"rootId":"dpf88cg8z932evn","id":"dpf88cg8z932evn"},"id":"jw2wqvlqy94q8pc","previousOperationId":"2g3q0f24i0wb875"}
{"type":"operationEnd","subtype":"render","operationId":"1mhnah6c0dzbf3m","timestamp":1708358942177,"id":"np0u5hm6cv6ivge","previousEventId":"r7dx5llxn8dw1s1","previousOperationId":"2g3q0f24i0wb875"}
{"type":"operationEnd","doDiffs":false,"previousEventId":"wkyoddup7qf72rf","previousOperationId":"h5vb5ycli0tl0la","operationId":"h5vb5ycli0tl0la","timestamp":1708358942179,"id":"pxkssw38bpwehcx"}
