{"type":"operationStart","subtype":"profile","data":{"_id":"5YiB2OjabHogycOA","timestamp":"2024-02-19T15:49:45.719Z","state":"queued","mode":"standard","creationDate":"2024-02-19T15:49:45.721Z","modificationDate":"2024-02-19T15:49:45.721Z","shortid":"YUu2LOb","$entitySet":"profiles"},"doDiffs":false,"timestamp":1708357785720,"id":"6207w4j2uaes7vh","previousOperationId":null,"operationId":"b0m0u9aism68fqv"}
{"type":"log","level":"info","message":"Render request 4 queued for execution and waiting for available worker","previousOperationId":"b0m0u9aism68fqv","timestamp":1708357785720,"id":"jwo2ivaiodt5gq1"}
{"type":"operationStart","subtype":"render","name":"orders-main","previousOperationId":"b0m0u9aism68fqv","timestamp":1708357785736,"id":"47rigt2t1hrfyrr","previousEventId":"6207w4j2uaes7vh","operationId":"ia1oab1cgcw6hy2"}
{"type":"log","timestamp":1708357785736,"level":"info","message":"Starting rendering request 4","meta":{"rootId":"ik8qhvb7ztbemjx","id":"ik8qhvb7ztbemjx"},"id":"bugx8imhut7y5ho","previousOperationId":"ia1oab1cgcw6hy2"}
{"type":"log","timestamp":1708357785737,"level":"info","message":"Rendering template { name: orders-main, recipe: chrome-pdf, engine: handlebars, preview: true }","meta":{"rootId":"ik8qhvb7ztbemjx","id":"ik8qhvb7ztbemjx"},"id":"xl0d3pdr2b8v88c","previousOperationId":"ia1oab1cgcw6hy2"}
{"type":"log","timestamp":1708357785738,"level":"debug","message":"Data item not defined for this template.","meta":{"rootId":"ik8qhvb7ztbemjx","id":"ik8qhvb7ztbemjx"},"id":"5dtz9iyq825905p","previousOperationId":"ia1oab1cgcw6hy2"}
{"type":"log","timestamp":1708357785740,"level":"debug","message":"Executing script orders-script (beforeRender)","meta":{"rootId":"ik8qhvb7ztbemjx","id":"ik8qhvb7ztbemjx"},"id":"dvea62uduscq2tz","previousOperationId":"ia1oab1cgcw6hy2"}
{"type":"operationStart","subtype":"scriptsBeforeRender","name":"scripts beforeRender","timestamp":1708357785763,"id":"gzksibngl1playq","previousEventId":"47rigt2t1hrfyrr","operationId":"yob0ffvaz2c80oh","previousOperationId":"ia1oab1cgcw6hy2"}
{"type":"operationStart","subtype":"script","name":"scripts orders-script","previousOperationId":"yob0ffvaz2c80oh","timestamp":1708357785763,"id":"sybud0vxtsa0t8l","previousEventId":"gzksibngl1playq","operationId":"qn7q7pwj464x3dz"}
{"type":"operationEnd","operationId":"qn7q7pwj464x3dz","timestamp":1708357785774,"id":"06xymfxwrf30icx","previousEventId":"47rigt2t1hrfyrr","previousOperationId":"ia1oab1cgcw6hy2"}
{"type":"operationEnd","operationId":"yob0ffvaz2c80oh","timestamp":1708357785774,"id":"zxfw6xziu8kjdk7","previousEventId":"06xymfxwrf30icx","previousOperationId":"ia1oab1cgcw6hy2"}
{"type":"log","timestamp":1708357785774,"level":"debug","message":"Base url not specified, skipping its injection.","meta":{"rootId":"ik8qhvb7ztbemjx","id":"ik8qhvb7ztbemjx"},"id":"vkgcueijg1pmraa","previousOperationId":"yob0ffvaz2c80oh"}
{"type":"operationStart","subtype":"engine","name":"handlebars","timestamp":1708357785774,"id":"1ez2l0j03qhqzt4","previousEventId":"zxfw6xziu8kjdk7","operationId":"bbm5bfyt6rd2s7k","previousOperationId":"yob0ffvaz2c80oh"}
{"type":"log","timestamp":1708357785774,"level":"debug","message":"Rendering engine handlebars","meta":{"rootId":"ik8qhvb7ztbemjx","id":"ik8qhvb7ztbemjx"},"id":"4l0xrqpt18jev24","previousOperationId":"bbm5bfyt6rd2s7k"}
{"type":"log","timestamp":1708357785782,"level":"debug","message":"(console:log) Pdf utils adding group field, value: \"ola\"","meta":{"userLevel":true,"rootId":"ik8qhvb7ztbemjx","id":"ik8qhvb7ztbemjx"},"id":"ff2alg9udb7lsw0","previousOperationId":"bbm5bfyt6rd2s7k"}
{"type":"operationEnd","operationId":"bbm5bfyt6rd2s7k","timestamp":1708357785782,"id":"o3wo0e76hlnp8nf","previousEventId":"1ez2l0j03qhqzt4","previousOperationId":"bbm5bfyt6rd2s7k"}
{"type":"operationStart","subtype":"recipe","name":"chrome-pdf","timestamp":1708357785783,"id":"2vlzktqym29k3tm","previousEventId":"o3wo0e76hlnp8nf","operationId":"2volepesffazuki","previousOperationId":"bbm5bfyt6rd2s7k"}
{"type":"log","timestamp":1708357785783,"level":"debug","message":"Executing recipe chrome-pdf","meta":{"rootId":"ik8qhvb7ztbemjx","id":"ik8qhvb7ztbemjx"},"id":"gs2lj123ypxu9qf","previousOperationId":"2volepesffazuki"}
{"type":"log","timestamp":1708357785784,"level":"debug","message":"Converting with chrome HeadlessChrome/117.0.5938.149 using chrome-pool strategy","meta":{"rootId":"ik8qhvb7ztbemjx","id":"ik8qhvb7ztbemjx"},"id":"rqr4znv1c7gaoov","previousOperationId":"2volepesffazuki"}
{"type":"log","timestamp":1708357785842,"level":"debug","message":"Page request: GET (document) file:///var/folders/tp/6hccbwhd41s4hkmxw_2wkz640000gn/T/jsreport/autocleanup/7a3b7b2f-fb26-4833-829e-4987d9610319-chrome-pdf.html","meta":{"rootId":"ik8qhvb7ztbemjx","id":"ik8qhvb7ztbemjx"},"id":"orj9f7rbqbfzxrt","previousOperationId":"2volepesffazuki"}
{"type":"log","timestamp":1708357785849,"level":"debug","message":"Page request: GET (stylesheet) https://cdnjs.cloudflare.com/ajax/libs/metro/4.1.5/css/metro.min.css","meta":{"rootId":"ik8qhvb7ztbemjx","id":"ik8qhvb7ztbemjx"},"id":"mshft217dj5rtlr","previousOperationId":"2volepesffazuki"}
{"type":"log","timestamp":1708357785850,"level":"debug","message":"Page request: GET (script) https://cdnjs.cloudflare.com/ajax/libs/Chart.js/2.7.2/Chart.min.js","meta":{"rootId":"ik8qhvb7ztbemjx","id":"ik8qhvb7ztbemjx"},"id":"50080ti978406d3","previousOperationId":"2volepesffazuki"}
{"type":"log","timestamp":1708357785850,"level":"debug","message":"Page request finished: GET (document) 200 file:///var/folders/tp/6hccbwhd41s4hkmxw_2wkz640000gn/T/jsreport/autocleanup/7a3b7b2f-fb26-4833-829e-4987d9610319-chrome-pdf.html","meta":{"rootId":"ik8qhvb7ztbemjx","id":"ik8qhvb7ztbemjx"},"id":"iq7v20nustkxwq6","previousOperationId":"2volepesffazuki"}
{"type":"log","timestamp":1708357785864,"level":"debug","message":"Page request finished: GET (stylesheet) 200 https://cdnjs.cloudflare.com/ajax/libs/metro/4.1.5/css/metro.min.css","meta":{"rootId":"ik8qhvb7ztbemjx","id":"ik8qhvb7ztbemjx"},"id":"y3smrlx74dqdwwy","previousOperationId":"2volepesffazuki"}
{"type":"log","timestamp":1708357786239,"level":"debug","message":"Page request finished: GET (script) 200 https://cdnjs.cloudflare.com/ajax/libs/Chart.js/2.7.2/Chart.min.js","meta":{"rootId":"ik8qhvb7ztbemjx","id":"ik8qhvb7ztbemjx"},"id":"wso08i6l39jnae5","previousOperationId":"2volepesffazuki"}
{"type":"log","timestamp":1708357786253,"level":"warn","message":"Page error: \"undefined\" is not valid JSON\nJSON.parse (<anonymous>) , stack: SyntaxError: \"undefined\" is not valid JSON\nJSON.parse (<anonymous>)\n    at <anonymous> (file:///var/folders/tp/6hccbwhd41s4hkmxw_2wkz640000gn/T/jsreport/autocleanup/7a3b7b2f-fb26-4833-829e-4987d9610319-chrome-pdf.html:45:29)","meta":{"rootId":"ik8qhvb7ztbemjx","id":"ik8qhvb7ztbemjx"},"id":"e7z7arlbgs271rp","previousOperationId":"2volepesffazuki"}
{"type":"log","timestamp":1708357786274,"level":"debug","message":"Running chrome with params {\"printBackground\":true,\"marginTop\":\"4cm\",\"marginRight\":\"1.5cm\",\"marginBottom\":\"1.5cm\",\"marginLeft\":\"1.5cm\",\"waitForJS\":false,\"timeout\":59936,\"margin\":{\"top\":\"4cm\",\"right\":\"1.5cm\",\"bottom\":\"1.5cm\",\"left\":\"1.5cm\"}}","meta":{"rootId":"ik8qhvb7ztbemjx","id":"ik8qhvb7ztbemjx"},"id":"fynhrj3uunkdymo","previousOperationId":"2volepesffazuki"}
{"type":"operationEnd","operationId":"2volepesffazuki","timestamp":1708357786289,"id":"enbg3ydd9u98gj0","previousEventId":"2vlzktqym29k3tm","previousOperationId":"2volepesffazuki"}
{"type":"log","timestamp":1708357786290,"level":"info","message":"pdf-utils is starting pdf processing","meta":{"rootId":"ik8qhvb7ztbemjx","id":"ik8qhvb7ztbemjx"},"id":"ib12s3rk186ehsn","previousOperationId":"2volepesffazuki"}
{"type":"operationStart","subtype":"pdfUtils","name":"pdf utils","timestamp":1708357786290,"id":"lanm1ygfmvldz48","previousEventId":"enbg3ydd9u98gj0","operationId":"yuk2k8820gr6nni","previousOperationId":"2volepesffazuki"}
{"type":"log","timestamp":1708357786290,"level":"debug","message":"pdf-utils detected 1 pdf operation(s) to process","meta":{"rootId":"ik8qhvb7ztbemjx","id":"ik8qhvb7ztbemjx"},"id":"7v4784xgza3wh0h","previousOperationId":"yuk2k8820gr6nni"}
{"type":"log","timestamp":1708357786312,"level":"debug","message":"pdf-utils running pdf operation merge","meta":{"rootId":"ik8qhvb7ztbemjx","id":"ik8qhvb7ztbemjx"},"id":"gxnualakw1ci9ik","previousOperationId":"yuk2k8820gr6nni"}
{"type":"operationStart","subtype":"pdfUtilsMerge","name":"pdf utils merge","previousOperationId":"yuk2k8820gr6nni","timestamp":1708357786312,"id":"ptibfawae0v0cwu","previousEventId":"lanm1ygfmvldz48","operationId":"4isy8623q3tiu16"}
{"type":"operationStart","subtype":"render","name":"orders-header","previousOperationId":"4isy8623q3tiu16","timestamp":1708357786313,"id":"gcxywuwu9j7dtg3","previousEventId":"ptibfawae0v0cwu","operationId":"mkn4lhf5twr715u"}
{"type":"log","timestamp":1708357786313,"level":"info","message":"Starting rendering (child) request","meta":{"rootId":"ik8qhvb7ztbemjx","id":"5vszp30djcqorf0"},"id":"g76bbbgrptmno4p","previousOperationId":"mkn4lhf5twr715u"}
{"type":"log","timestamp":1708357786313,"level":"info","message":"Rendering template { name: orders-header, recipe: chrome-pdf, engine: handlebars, preview: true }","meta":{"rootId":"ik8qhvb7ztbemjx","id":"5vszp30djcqorf0"},"id":"8vjuup10tsh6cwj","previousOperationId":"mkn4lhf5twr715u"}
{"type":"log","timestamp":1708357786313,"level":"debug","message":"Inline data specified.","meta":{"rootId":"ik8qhvb7ztbemjx","id":"5vszp30djcqorf0"},"id":"sgwm6irl4islvj8","previousOperationId":"mkn4lhf5twr715u"}
{"type":"log","timestamp":1708357786314,"level":"debug","message":"Base url not specified, skipping its injection.","meta":{"rootId":"ik8qhvb7ztbemjx","id":"5vszp30djcqorf0"},"id":"xbd9rs81m5rr8e8","previousOperationId":"mkn4lhf5twr715u"}
{"type":"operationStart","subtype":"engine","name":"handlebars","timestamp":1708357786314,"id":"4gqpl2ez24l9a61","previousEventId":"gcxywuwu9j7dtg3","operationId":"z73szycxc1pfp6w","previousOperationId":"mkn4lhf5twr715u"}
{"type":"log","timestamp":1708357786314,"level":"debug","message":"Rendering engine handlebars","meta":{"rootId":"ik8qhvb7ztbemjx","id":"5vszp30djcqorf0"},"id":"jkbmelcrk1eue4y","previousOperationId":"z73szycxc1pfp6w"}
{"type":"operationEnd","operationId":"z73szycxc1pfp6w","timestamp":1708357786321,"id":"oo0chjvqmtposah","previousEventId":"4gqpl2ez24l9a61","previousOperationId":"z73szycxc1pfp6w"}
{"type":"operationStart","subtype":"recipe","name":"chrome-pdf","timestamp":1708357786321,"id":"hp7spa7cg04xv4z","previousEventId":"oo0chjvqmtposah","operationId":"5waxs325auevq02","previousOperationId":"z73szycxc1pfp6w"}
{"type":"log","timestamp":1708357786321,"level":"debug","message":"Executing recipe chrome-pdf","meta":{"rootId":"ik8qhvb7ztbemjx","id":"5vszp30djcqorf0"},"id":"s3e3du14jt0ogaz","previousOperationId":"5waxs325auevq02"}
{"type":"log","timestamp":1708357786322,"level":"debug","message":"Converting with chrome HeadlessChrome/117.0.5938.149 using chrome-pool strategy","meta":{"rootId":"ik8qhvb7ztbemjx","id":"5vszp30djcqorf0"},"id":"uomun2vs9p8vwhs","previousOperationId":"5waxs325auevq02"}
{"type":"log","timestamp":1708357786367,"level":"debug","message":"Page request: GET (document) file:///var/folders/tp/6hccbwhd41s4hkmxw_2wkz640000gn/T/jsreport/autocleanup/9a7637af-73d1-4a90-b6f6-1acc9b2ce038-chrome-pdf.html","meta":{"rootId":"ik8qhvb7ztbemjx","id":"5vszp30djcqorf0"},"id":"vjxtzsytkf8y00v","previousOperationId":"5waxs325auevq02"}
{"type":"log","timestamp":1708357786372,"level":"debug","message":"Page request: GET (stylesheet) https://cdnjs.cloudflare.com/ajax/libs/metro/4.1.5/css/metro.min.css","meta":{"rootId":"ik8qhvb7ztbemjx","id":"5vszp30djcqorf0"},"id":"18p249umyf6v6d3","previousOperationId":"5waxs325auevq02"}
{"type":"log","timestamp":1708357786373,"level":"debug","message":"Page request finished: GET (document) 200 file:///var/folders/tp/6hccbwhd41s4hkmxw_2wkz640000gn/T/jsreport/autocleanup/9a7637af-73d1-4a90-b6f6-1acc9b2ce038-chrome-pdf.html","meta":{"rootId":"ik8qhvb7ztbemjx","id":"5vszp30djcqorf0"},"id":"xrykte8b7t7m6ry","previousOperationId":"5waxs325auevq02"}
{"type":"log","timestamp":1708357786380,"level":"debug","message":"Page request finished: GET (stylesheet) 200 https://cdnjs.cloudflare.com/ajax/libs/metro/4.1.5/css/metro.min.css","meta":{"rootId":"ik8qhvb7ztbemjx","id":"5vszp30djcqorf0"},"id":"p8ibkd3vuu29z6b","previousOperationId":"5waxs325auevq02"}
{"type":"log","timestamp":1708357786398,"level":"debug","message":"Running chrome with params {\"printBackground\":true,\"marginTop\":\"1.5cm\",\"marginRight\":\"1.5cm\",\"marginLeft\":\"1.cm\",\"timeout\":59397,\"margin\":{\"top\":\"1.5cm\",\"right\":\"1.5cm\",\"left\":\"1.cm\"}}","meta":{"rootId":"ik8qhvb7ztbemjx","id":"5vszp30djcqorf0"},"id":"lrgbwfepeu5phyj","previousOperationId":"5waxs325auevq02"}
{"type":"operationEnd","operationId":"5waxs325auevq02","timestamp":1708357786416,"id":"9zc7d3agsvfx5yd","previousEventId":"hp7spa7cg04xv4z","previousOperationId":"5waxs325auevq02"}
{"type":"log","timestamp":1708357786416,"level":"debug","message":"Skipping storing report.","meta":{"rootId":"ik8qhvb7ztbemjx","id":"5vszp30djcqorf0"},"id":"0frbm03slm2svya","previousOperationId":"5waxs325auevq02"}
{"type":"log","timestamp":1708357786416,"level":"info","message":"Rendering (child) request finished in 697 ms","meta":{"rootId":"ik8qhvb7ztbemjx","id":"5vszp30djcqorf0"},"id":"n4pkfx0m3hwk5bt","previousOperationId":"5waxs325auevq02"}
{"type":"operationEnd","subtype":"render","operationId":"mkn4lhf5twr715u","timestamp":1708357786416,"id":"yw3k262xtx96myv","previousEventId":"9zc7d3agsvfx5yd","previousOperationId":"5waxs325auevq02"}
{"type":"operationEnd","operationId":"4isy8623q3tiu16","timestamp":1708357786431,"id":"827rhnm64l4fi9e","previousEventId":"ptibfawae0v0cwu","previousOperationId":"4isy8623q3tiu16"}
{"type":"log","timestamp":1708357786431,"level":"debug","message":"pdf-utils postproces start","meta":{"rootId":"ik8qhvb7ztbemjx","id":"ik8qhvb7ztbemjx"},"id":"9i6jsbra9yu4w56","previousOperationId":"4isy8623q3tiu16"}
{"type":"log","timestamp":1708357786441,"level":"debug","message":"pdf-utils postproces end","meta":{"rootId":"ik8qhvb7ztbemjx","id":"ik8qhvb7ztbemjx"},"id":"w12p0e4y1gi5go4","previousOperationId":"4isy8623q3tiu16"}
{"type":"operationEnd","operationId":"yuk2k8820gr6nni","timestamp":1708357786441,"id":"8m0jlew0qtv8wje","previousEventId":"827rhnm64l4fi9e","previousOperationId":"4isy8623q3tiu16"}
{"type":"log","timestamp":1708357786441,"level":"info","message":"pdf-utils pdf processing was finished","meta":{"rootId":"ik8qhvb7ztbemjx","id":"ik8qhvb7ztbemjx"},"id":"x7ued7pfvk46f64","previousOperationId":"yuk2k8820gr6nni"}
{"type":"log","timestamp":1708357786441,"level":"debug","message":"Skipping storing report.","meta":{"rootId":"ik8qhvb7ztbemjx","id":"ik8qhvb7ztbemjx"},"id":"no7kqerct4wdzpv","previousOperationId":"yuk2k8820gr6nni"}
{"type":"log","timestamp":1708357786441,"level":"info","message":"Rendering request 4 finished in 722 ms","meta":{"rootId":"ik8qhvb7ztbemjx","id":"ik8qhvb7ztbemjx"},"id":"61hx1574ee6hvi1","previousOperationId":"yuk2k8820gr6nni"}
{"type":"operationEnd","subtype":"render","operationId":"ia1oab1cgcw6hy2","timestamp":1708357786441,"id":"597dvpyw0tj0655","previousEventId":"8m0jlew0qtv8wje","previousOperationId":"yuk2k8820gr6nni"}
{"type":"operationEnd","doDiffs":false,"previousEventId":"6207w4j2uaes7vh","previousOperationId":"b0m0u9aism68fqv","operationId":"b0m0u9aism68fqv","timestamp":1708357786446,"id":"oei3q558rvadja1"}
