{"type":"operationStart","subtype":"profile","data":{"_id":"lJ1TSCe97NTTa6Qs","timestamp":"2024-02-19T16:46:08.228Z","state":"queued","mode":"standard","creationDate":"2024-02-19T16:46:08.230Z","modificationDate":"2024-02-19T16:46:08.230Z","shortid":"8IjysQ1","$entitySet":"profiles"},"doDiffs":false,"timestamp":1708361168229,"id":"edfisuny5uynnrz","previousOperationId":null,"operationId":"cxymskug6zhyjqg"}
{"type":"log","level":"info","message":"Render request 43 queued for execution and waiting for available worker","previousOperationId":"cxymskug6zhyjqg","timestamp":1708361168229,"id":"1ywqv0k6wb3njud"}
{"type":"operationStart","subtype":"render","name":"orders-main","previousOperationId":"cxymskug6zhyjqg","timestamp":1708361168267,"id":"p3vzkxi0fde8j0m","previousEventId":"edfisuny5uynnrz","operationId":"gv4wzthp5u7bgux"}
{"type":"log","timestamp":1708361168268,"level":"info","message":"Starting rendering request 43","meta":{"rootId":"pvbafjeqxf05y4z","id":"pvbafjeqxf05y4z"},"id":"sdbowz6f4fimi9m","previousOperationId":"gv4wzthp5u7bgux"}
{"type":"log","timestamp":1708361168269,"level":"info","message":"Rendering template { name: orders-main, recipe: chrome-pdf, engine: handlebars, preview: true }","meta":{"rootId":"pvbafjeqxf05y4z","id":"pvbafjeqxf05y4z"},"id":"dc2c6uy7k87hks0","previousOperationId":"gv4wzthp5u7bgux"}
{"type":"log","timestamp":1708361168271,"level":"debug","message":"Data item not defined for this template.","meta":{"rootId":"pvbafjeqxf05y4z","id":"pvbafjeqxf05y4z"},"id":"cyenaoehniiae7z","previousOperationId":"gv4wzthp5u7bgux"}
{"type":"log","timestamp":1708361168274,"level":"debug","message":"Executing script orders-script (beforeRender)","meta":{"rootId":"pvbafjeqxf05y4z","id":"pvbafjeqxf05y4z"},"id":"mw90y7nfs2pjd5u","previousOperationId":"gv4wzthp5u7bgux"}
{"type":"operationStart","subtype":"scriptsBeforeRender","name":"scripts beforeRender","timestamp":1708361168412,"id":"t8abd0r0q480pvx","previousEventId":"p3vzkxi0fde8j0m","operationId":"4zu81jhb04zccyu","previousOperationId":"gv4wzthp5u7bgux"}
{"type":"operationStart","subtype":"script","name":"scripts orders-script","previousOperationId":"4zu81jhb04zccyu","timestamp":1708361168412,"id":"3z6n7gm1pfrbp8m","previousEventId":"t8abd0r0q480pvx","operationId":"jtvgqtbg0moiknz"}
{"type":"operationEnd","operationId":"jtvgqtbg0moiknz","timestamp":1708361168680,"id":"ax7tkhftj7949ej","previousEventId":"p3vzkxi0fde8j0m","previousOperationId":"gv4wzthp5u7bgux"}
{"type":"operationEnd","operationId":"4zu81jhb04zccyu","timestamp":1708361168680,"id":"oby0hrubmn175ga","previousEventId":"ax7tkhftj7949ej","previousOperationId":"gv4wzthp5u7bgux"}
{"type":"log","timestamp":1708361168681,"level":"debug","message":"Base url not specified, skipping its injection.","meta":{"rootId":"pvbafjeqxf05y4z","id":"pvbafjeqxf05y4z"},"id":"66lfxlm0tscmm9m","previousOperationId":"4zu81jhb04zccyu"}
{"type":"operationStart","subtype":"engine","name":"handlebars","timestamp":1708361168682,"id":"3w5me28jbx5tgob","previousEventId":"oby0hrubmn175ga","operationId":"esap98bun4r7qs7","previousOperationId":"4zu81jhb04zccyu"}
{"type":"log","timestamp":1708361168682,"level":"debug","message":"Rendering engine handlebars","meta":{"rootId":"pvbafjeqxf05y4z","id":"pvbafjeqxf05y4z"},"id":"429r8z3k4ek79ae","previousOperationId":"esap98bun4r7qs7"}
{"type":"log","timestamp":1708361168855,"level":"debug","message":"(console:log) Pdf utils adding group field, value: \"ola\"","meta":{"userLevel":true,"rootId":"pvbafjeqxf05y4z","id":"pvbafjeqxf05y4z"},"id":"immwex20abhkpt5","previousOperationId":"esap98bun4r7qs7"}
{"type":"operationEnd","operationId":"esap98bun4r7qs7","timestamp":1708361168855,"id":"ay3ytb5tlx65ihf","previousEventId":"3w5me28jbx5tgob","previousOperationId":"esap98bun4r7qs7"}
{"type":"operationStart","subtype":"recipe","name":"chrome-pdf","timestamp":1708361168856,"id":"u72u4qmuj8drxqy","previousEventId":"ay3ytb5tlx65ihf","operationId":"e0xeebftfyxxmxy","previousOperationId":"esap98bun4r7qs7"}
{"type":"log","timestamp":1708361168856,"level":"debug","message":"Executing recipe chrome-pdf","meta":{"rootId":"pvbafjeqxf05y4z","id":"pvbafjeqxf05y4z"},"id":"lqy5dm63ottacmu","previousOperationId":"e0xeebftfyxxmxy"}
{"type":"log","timestamp":1708361169568,"level":"debug","message":"Converting with chrome HeadlessChrome/117.0.5938.149 using chrome-pool strategy","meta":{"rootId":"pvbafjeqxf05y4z","id":"pvbafjeqxf05y4z"},"id":"nr4jzdes95ouk4e","previousOperationId":"e0xeebftfyxxmxy"}
{"type":"log","timestamp":1708361169658,"level":"debug","message":"Page request: GET (document) file:///var/folders/tp/6hccbwhd41s4hkmxw_2wkz640000gn/T/jsreport/autocleanup/d675aa4c-4d77-4729-8a0a-6f9510cb567f-chrome-pdf.html","meta":{"rootId":"pvbafjeqxf05y4z","id":"pvbafjeqxf05y4z"},"id":"vhjqctml9maiwml","previousOperationId":"e0xeebftfyxxmxy"}
{"type":"log","timestamp":1708361169672,"level":"debug","message":"Page request: GET (stylesheet) https://cdnjs.cloudflare.com/ajax/libs/metro/4.1.5/css/metro.min.css","meta":{"rootId":"pvbafjeqxf05y4z","id":"pvbafjeqxf05y4z"},"id":"of5hxy7pt56yk2e","previousOperationId":"e0xeebftfyxxmxy"}
{"type":"log","timestamp":1708361169672,"level":"debug","message":"Page request: GET (script) https://cdnjs.cloudflare.com/ajax/libs/Chart.js/2.7.2/Chart.min.js","meta":{"rootId":"pvbafjeqxf05y4z","id":"pvbafjeqxf05y4z"},"id":"1genomcwe8dvnsa","previousOperationId":"e0xeebftfyxxmxy"}
{"type":"log","timestamp":1708361169673,"level":"debug","message":"Page request finished: GET (document) 200 file:///var/folders/tp/6hccbwhd41s4hkmxw_2wkz640000gn/T/jsreport/autocleanup/d675aa4c-4d77-4729-8a0a-6f9510cb567f-chrome-pdf.html","meta":{"rootId":"pvbafjeqxf05y4z","id":"pvbafjeqxf05y4z"},"id":"8w5lag0wg9xaxu9","previousOperationId":"e0xeebftfyxxmxy"}
{"type":"log","timestamp":1708361170016,"level":"debug","message":"Page request finished: GET (stylesheet) 200 https://cdnjs.cloudflare.com/ajax/libs/metro/4.1.5/css/metro.min.css","meta":{"rootId":"pvbafjeqxf05y4z","id":"pvbafjeqxf05y4z"},"id":"i8rs5ow6ldw0njq","previousOperationId":"e0xeebftfyxxmxy"}
{"type":"log","timestamp":1708361170019,"level":"debug","message":"Page request finished: GET (script) 200 https://cdnjs.cloudflare.com/ajax/libs/Chart.js/2.7.2/Chart.min.js","meta":{"rootId":"pvbafjeqxf05y4z","id":"pvbafjeqxf05y4z"},"id":"akvmj4euzw9jno8","previousOperationId":"e0xeebftfyxxmxy"}
{"type":"log","timestamp":1708361170028,"level":"warn","message":"Page error: \"undefined\" is not valid JSON\nJSON.parse (<anonymous>) , stack: SyntaxError: \"undefined\" is not valid JSON\nJSON.parse (<anonymous>)\n    at <anonymous> (file:///var/folders/tp/6hccbwhd41s4hkmxw_2wkz640000gn/T/jsreport/autocleanup/d675aa4c-4d77-4729-8a0a-6f9510cb567f-chrome-pdf.html:45:29)","meta":{"rootId":"pvbafjeqxf05y4z","id":"pvbafjeqxf05y4z"},"id":"7wtyblcuvnqrez9","previousOperationId":"e0xeebftfyxxmxy"}
{"type":"log","timestamp":1708361170049,"level":"debug","message":"Running chrome with params {\"printBackground\":true,\"marginTop\":\"4cm\",\"marginRight\":\"1.5cm\",\"marginBottom\":\"1.5cm\",\"marginLeft\":\"1.5cm\",\"waitForJS\":false,\"timeout\":59194,\"margin\":{\"top\":\"4cm\",\"right\":\"1.5cm\",\"bottom\":\"1.5cm\",\"left\":\"1.5cm\"}}","meta":{"rootId":"pvbafjeqxf05y4z","id":"pvbafjeqxf05y4z"},"id":"y0pvy7qc8gvrasu","previousOperationId":"e0xeebftfyxxmxy"}
{"type":"operationEnd","operationId":"e0xeebftfyxxmxy","timestamp":1708361170074,"id":"i73mc6diqeh2i00","previousEventId":"u72u4qmuj8drxqy","previousOperationId":"e0xeebftfyxxmxy"}
{"type":"log","timestamp":1708361170074,"level":"info","message":"pdf-utils is starting pdf processing","meta":{"rootId":"pvbafjeqxf05y4z","id":"pvbafjeqxf05y4z"},"id":"u6bqtbxbg1kkt7f","previousOperationId":"e0xeebftfyxxmxy"}
{"type":"operationStart","subtype":"pdfUtils","name":"pdf utils","timestamp":1708361170175,"id":"mq2qowsqtvh8jpq","previousEventId":"i73mc6diqeh2i00","operationId":"bi717td0adnunyq","previousOperationId":"e0xeebftfyxxmxy"}
{"type":"log","timestamp":1708361170175,"level":"debug","message":"pdf-utils detected 1 pdf operation(s) to process","meta":{"rootId":"pvbafjeqxf05y4z","id":"pvbafjeqxf05y4z"},"id":"mdigpc6zm21j7dp","previousOperationId":"bi717td0adnunyq"}
{"type":"log","timestamp":1708361170286,"level":"debug","message":"pdf-utils running pdf operation merge","meta":{"rootId":"pvbafjeqxf05y4z","id":"pvbafjeqxf05y4z"},"id":"rumbexhtvt2f4lt","previousOperationId":"bi717td0adnunyq"}
{"type":"operationStart","subtype":"pdfUtilsMerge","name":"pdf utils merge","previousOperationId":"bi717td0adnunyq","timestamp":1708361170286,"id":"n0fzax5jbcfezlk","previousEventId":"mq2qowsqtvh8jpq","operationId":"jgt98dticwbsnld"}
{"type":"operationStart","subtype":"render","name":"orders-header","previousOperationId":"jgt98dticwbsnld","timestamp":1708361170286,"id":"yzxdq9zvnud33q8","previousEventId":"n0fzax5jbcfezlk","operationId":"gx1rtmvdml62ptt"}
{"type":"log","timestamp":1708361170286,"level":"info","message":"Starting rendering (child) request","meta":{"rootId":"pvbafjeqxf05y4z","id":"tb98k759emx2e0t"},"id":"idl412o6dckmyn1","previousOperationId":"gx1rtmvdml62ptt"}
{"type":"log","timestamp":1708361170286,"level":"info","message":"Rendering template { name: orders-header, recipe: chrome-pdf, engine: handlebars, preview: true }","meta":{"rootId":"pvbafjeqxf05y4z","id":"tb98k759emx2e0t"},"id":"8zn4c8falx8adcx","previousOperationId":"gx1rtmvdml62ptt"}
{"type":"log","timestamp":1708361170287,"level":"debug","message":"Inline data specified.","meta":{"rootId":"pvbafjeqxf05y4z","id":"tb98k759emx2e0t"},"id":"kje2k2ytv311jxx","previousOperationId":"gx1rtmvdml62ptt"}
{"type":"log","timestamp":1708361170288,"level":"debug","message":"Base url not specified, skipping its injection.","meta":{"rootId":"pvbafjeqxf05y4z","id":"tb98k759emx2e0t"},"id":"80e9f108ljnb2bg","previousOperationId":"gx1rtmvdml62ptt"}
{"type":"operationStart","subtype":"engine","name":"handlebars","timestamp":1708361170288,"id":"xuztdaxpot85jbx","previousEventId":"yzxdq9zvnud33q8","operationId":"0869yuekduggol8","previousOperationId":"gx1rtmvdml62ptt"}
{"type":"log","timestamp":1708361170288,"level":"debug","message":"Rendering engine handlebars","meta":{"rootId":"pvbafjeqxf05y4z","id":"tb98k759emx2e0t"},"id":"b736us99ovvzv8u","previousOperationId":"0869yuekduggol8"}
{"type":"operationEnd","operationId":"0869yuekduggol8","timestamp":1708361170296,"id":"dyqv7374l2ix989","previousEventId":"xuztdaxpot85jbx","previousOperationId":"0869yuekduggol8"}
{"type":"operationStart","subtype":"recipe","name":"chrome-pdf","timestamp":1708361170296,"id":"bssljpzb54eswri","previousEventId":"dyqv7374l2ix989","operationId":"3m3c5ef95jkfpla","previousOperationId":"0869yuekduggol8"}
{"type":"log","timestamp":1708361170296,"level":"debug","message":"Executing recipe chrome-pdf","meta":{"rootId":"pvbafjeqxf05y4z","id":"tb98k759emx2e0t"},"id":"qz6k3foym2c0k2t","previousOperationId":"3m3c5ef95jkfpla"}
{"type":"log","timestamp":1708361170297,"level":"debug","message":"Converting with chrome HeadlessChrome/117.0.5938.149 using chrome-pool strategy","meta":{"rootId":"pvbafjeqxf05y4z","id":"tb98k759emx2e0t"},"id":"iese6sllhn3x0wc","previousOperationId":"3m3c5ef95jkfpla"}
{"type":"log","timestamp":1708361170384,"level":"debug","message":"Page request: GET (document) file:///var/folders/tp/6hccbwhd41s4hkmxw_2wkz640000gn/T/jsreport/autocleanup/ffd1865a-ecec-415a-9569-9daea90a02cc-chrome-pdf.html","meta":{"rootId":"pvbafjeqxf05y4z","id":"tb98k759emx2e0t"},"id":"1secj0acszy6pai","previousOperationId":"3m3c5ef95jkfpla"}
{"type":"log","timestamp":1708361170390,"level":"debug","message":"Page request: GET (stylesheet) https://cdnjs.cloudflare.com/ajax/libs/metro/4.1.5/css/metro.min.css","meta":{"rootId":"pvbafjeqxf05y4z","id":"tb98k759emx2e0t"},"id":"1g1mmh8iw4k9gff","previousOperationId":"3m3c5ef95jkfpla"}
{"type":"log","timestamp":1708361170390,"level":"debug","message":"Page request finished: GET (document) 200 file:///var/folders/tp/6hccbwhd41s4hkmxw_2wkz640000gn/T/jsreport/autocleanup/ffd1865a-ecec-415a-9569-9daea90a02cc-chrome-pdf.html","meta":{"rootId":"pvbafjeqxf05y4z","id":"tb98k759emx2e0t"},"id":"ft91u93w1qpv2ca","previousOperationId":"3m3c5ef95jkfpla"}
{"type":"log","timestamp":1708361170398,"level":"debug","message":"Page request finished: GET (stylesheet) 200 https://cdnjs.cloudflare.com/ajax/libs/metro/4.1.5/css/metro.min.css","meta":{"rootId":"pvbafjeqxf05y4z","id":"tb98k759emx2e0t"},"id":"gpi89nan0wlk3jk","previousOperationId":"3m3c5ef95jkfpla"}
{"type":"log","timestamp":1708361170418,"level":"debug","message":"Running chrome with params {\"printBackground\":true,\"marginTop\":\"1.5cm\",\"marginRight\":\"1.5cm\",\"marginLeft\":\"1.cm\",\"timeout\":57931,\"margin\":{\"top\":\"1.5cm\",\"right\":\"1.5cm\",\"left\":\"1.cm\"}}","meta":{"rootId":"pvbafjeqxf05y4z","id":"tb98k759emx2e0t"},"id":"gra2x3ix7o1glxb","previousOperationId":"3m3c5ef95jkfpla"}
{"type":"operationEnd","operationId":"3m3c5ef95jkfpla","timestamp":1708361170436,"id":"mdqbetbj73aey5k","previousEventId":"bssljpzb54eswri","previousOperationId":"3m3c5ef95jkfpla"}
{"type":"log","timestamp":1708361170436,"level":"debug","message":"Skipping storing report.","meta":{"rootId":"pvbafjeqxf05y4z","id":"tb98k759emx2e0t"},"id":"c8dlzcbsac812ei","previousOperationId":"3m3c5ef95jkfpla"}
{"type":"log","timestamp":1708361170436,"level":"info","message":"Rendering (child) request finished in 2208 ms","meta":{"rootId":"pvbafjeqxf05y4z","id":"tb98k759emx2e0t"},"id":"5dx323xoa6dgw6a","previousOperationId":"3m3c5ef95jkfpla"}
{"type":"operationEnd","subtype":"render","operationId":"gx1rtmvdml62ptt","timestamp":1708361170436,"id":"yjjhbd66p0o5hrw","previousEventId":"mdqbetbj73aey5k","previousOperationId":"3m3c5ef95jkfpla"}
{"type":"operationEnd","operationId":"jgt98dticwbsnld","timestamp":1708361170457,"id":"4lcwnhbcova4ntj","previousEventId":"n0fzax5jbcfezlk","previousOperationId":"jgt98dticwbsnld"}
{"type":"log","timestamp":1708361170457,"level":"debug","message":"pdf-utils postproces start","meta":{"rootId":"pvbafjeqxf05y4z","id":"pvbafjeqxf05y4z"},"id":"edlpvownqjtnlls","previousOperationId":"jgt98dticwbsnld"}
{"type":"log","timestamp":1708361170473,"level":"debug","message":"pdf-utils postproces end","meta":{"rootId":"pvbafjeqxf05y4z","id":"pvbafjeqxf05y4z"},"id":"jrcqjap3c2xyimj","previousOperationId":"jgt98dticwbsnld"}
{"type":"operationEnd","operationId":"bi717td0adnunyq","timestamp":1708361170473,"id":"rnu11b70hfq2q9f","previousEventId":"4lcwnhbcova4ntj","previousOperationId":"jgt98dticwbsnld"}
{"type":"log","timestamp":1708361170473,"level":"info","message":"pdf-utils pdf processing was finished","meta":{"rootId":"pvbafjeqxf05y4z","id":"pvbafjeqxf05y4z"},"id":"00in4bjobqhycmf","previousOperationId":"bi717td0adnunyq"}
{"type":"log","timestamp":1708361170473,"level":"debug","message":"Skipping storing report.","meta":{"rootId":"pvbafjeqxf05y4z","id":"pvbafjeqxf05y4z"},"id":"vqf8hs1nsityat1","previousOperationId":"bi717td0adnunyq"}
{"type":"log","timestamp":1708361170473,"level":"info","message":"Rendering request 43 finished in 2245 ms","meta":{"rootId":"pvbafjeqxf05y4z","id":"pvbafjeqxf05y4z"},"id":"hi8c8603myu1u9k","previousOperationId":"bi717td0adnunyq"}
{"type":"operationEnd","subtype":"render","operationId":"gv4wzthp5u7bgux","timestamp":1708361170473,"id":"ypgmrfrry1axeqw","previousEventId":"rnu11b70hfq2q9f","previousOperationId":"bi717td0adnunyq"}
{"type":"operationEnd","doDiffs":false,"previousEventId":"edfisuny5uynnrz","previousOperationId":"cxymskug6zhyjqg","operationId":"cxymskug6zhyjqg","timestamp":1708361170475,"id":"lehyj6w49lqzmhd"}
