{"type":"operationStart","subtype":"profile","data":{"_id":"5DugskredkczdC0u","timestamp":"2024-02-19T15:49:33.984Z","state":"queued","mode":"standard","creationDate":"2024-02-19T15:49:33.986Z","modificationDate":"2024-02-19T15:49:33.986Z","shortid":"RnJ-Jp1","$entitySet":"profiles"},"doDiffs":false,"timestamp":1708357773985,"id":"xolwphqbpm0ihhv","previousOperationId":null,"operationId":"y3mghe05n3hckl1"}
{"type":"log","level":"info","message":"Render request 3 queued for execution and waiting for available worker","previousOperationId":"y3mghe05n3hckl1","timestamp":1708357773986,"id":"quw4la4cqcf7r3c"}
{"type":"operationStart","subtype":"render","name":"orders-main","previousOperationId":"y3mghe05n3hckl1","timestamp":1708357773996,"id":"gqthxmi6xqqt1kc","previousEventId":"xolwphqbpm0ihhv","operationId":"c7r0g6tgbs3686x"}
{"type":"log","timestamp":1708357773997,"level":"info","message":"Starting rendering request 3","meta":{"rootId":"rjqt4dzft2y9syb","id":"rjqt4dzft2y9syb"},"id":"l47afs1opkqsdik","previousOperationId":"c7r0g6tgbs3686x"}
{"type":"log","timestamp":1708357773998,"level":"info","message":"Rendering template { name: orders-main, recipe: chrome-pdf, engine: handlebars, preview: true }","meta":{"rootId":"rjqt4dzft2y9syb","id":"rjqt4dzft2y9syb"},"id":"zvi1t7jgfm40od7","previousOperationId":"c7r0g6tgbs3686x"}
{"type":"log","timestamp":1708357773999,"level":"debug","message":"Data item not defined for this template.","meta":{"rootId":"rjqt4dzft2y9syb","id":"rjqt4dzft2y9syb"},"id":"1c6keeecfp2pmp5","previousOperationId":"c7r0g6tgbs3686x"}
{"type":"log","timestamp":1708357774002,"level":"debug","message":"Executing script orders-script (beforeRender)","meta":{"rootId":"rjqt4dzft2y9syb","id":"rjqt4dzft2y9syb"},"id":"h5a2jwexeaa8zbs","previousOperationId":"c7r0g6tgbs3686x"}
{"type":"operationStart","subtype":"scriptsBeforeRender","name":"scripts beforeRender","timestamp":1708357774134,"id":"55mwlvlxn9vsqto","previousEventId":"gqthxmi6xqqt1kc","operationId":"6vxr7r8oxbn0i0w","previousOperationId":"c7r0g6tgbs3686x"}
{"type":"operationStart","subtype":"script","name":"scripts orders-script","previousOperationId":"6vxr7r8oxbn0i0w","timestamp":1708357774134,"id":"p2se7fmdpmo0i9h","previousEventId":"55mwlvlxn9vsqto","operationId":"jznr66hzwrlzq2c"}
{"type":"operationEnd","operationId":"jznr66hzwrlzq2c","timestamp":1708357774175,"id":"sd4hl0fpjbf2tba","previousEventId":"gqthxmi6xqqt1kc","previousOperationId":"c7r0g6tgbs3686x"}
{"type":"operationEnd","operationId":"6vxr7r8oxbn0i0w","timestamp":1708357774175,"id":"avhamltzk86x6cx","previousEventId":"sd4hl0fpjbf2tba","previousOperationId":"c7r0g6tgbs3686x"}
{"type":"log","timestamp":1708357774175,"level":"debug","message":"Base url not specified, skipping its injection.","meta":{"rootId":"rjqt4dzft2y9syb","id":"rjqt4dzft2y9syb"},"id":"1m6cmf1wbawrqd5","previousOperationId":"6vxr7r8oxbn0i0w"}
{"type":"operationStart","subtype":"engine","name":"handlebars","timestamp":1708357774176,"id":"tzsj7on8bc1lq6e","previousEventId":"avhamltzk86x6cx","operationId":"ks3x7vi197c8rl4","previousOperationId":"6vxr7r8oxbn0i0w"}
{"type":"log","timestamp":1708357774176,"level":"debug","message":"Rendering engine handlebars","meta":{"rootId":"rjqt4dzft2y9syb","id":"rjqt4dzft2y9syb"},"id":"udaw2oqlrg7h4oe","previousOperationId":"ks3x7vi197c8rl4"}
{"type":"log","timestamp":1708357774309,"level":"debug","message":"(console:log) Pdf utils adding group field, value: \"ola\"","meta":{"userLevel":true,"rootId":"rjqt4dzft2y9syb","id":"rjqt4dzft2y9syb"},"id":"lhmvxa2hakp2h57","previousOperationId":"ks3x7vi197c8rl4"}
{"type":"operationEnd","operationId":"ks3x7vi197c8rl4","timestamp":1708357774309,"id":"5gbn3md12cfpdqg","previousEventId":"tzsj7on8bc1lq6e","previousOperationId":"ks3x7vi197c8rl4"}
{"type":"operationStart","subtype":"recipe","name":"chrome-pdf","timestamp":1708357774309,"id":"ltsthm0x57gkzgo","previousEventId":"5gbn3md12cfpdqg","operationId":"t31wkells3us4db","previousOperationId":"ks3x7vi197c8rl4"}
{"type":"log","timestamp":1708357774309,"level":"debug","message":"Executing recipe chrome-pdf","meta":{"rootId":"rjqt4dzft2y9syb","id":"rjqt4dzft2y9syb"},"id":"12k3pzl69f0xyql","previousOperationId":"t31wkells3us4db"}
{"type":"log","timestamp":1708357775388,"level":"debug","message":"Converting with chrome HeadlessChrome/117.0.5938.149 using chrome-pool strategy","meta":{"rootId":"rjqt4dzft2y9syb","id":"rjqt4dzft2y9syb"},"id":"vycgx9jnpcnq6qj","previousOperationId":"t31wkells3us4db"}
{"type":"log","timestamp":1708357775469,"level":"debug","message":"Page request: GET (document) file:///var/folders/tp/6hccbwhd41s4hkmxw_2wkz640000gn/T/jsreport/autocleanup/f8aa187b-d1d8-4804-9019-142623119ef8-chrome-pdf.html","meta":{"rootId":"rjqt4dzft2y9syb","id":"rjqt4dzft2y9syb"},"id":"1c6gefyhgapspke","previousOperationId":"t31wkells3us4db"}
{"type":"log","timestamp":1708357775483,"level":"debug","message":"Page request: GET (stylesheet) https://cdnjs.cloudflare.com/ajax/libs/metro/4.1.5/css/metro.min.css","meta":{"rootId":"rjqt4dzft2y9syb","id":"rjqt4dzft2y9syb"},"id":"u6k8xzrmo7q12qk","previousOperationId":"t31wkells3us4db"}
{"type":"log","timestamp":1708357775483,"level":"debug","message":"Page request: GET (script) https://cdnjs.cloudflare.com/ajax/libs/Chart.js/2.7.2/Chart.min.js","meta":{"rootId":"rjqt4dzft2y9syb","id":"rjqt4dzft2y9syb"},"id":"lz24bprbe3cv77y","previousOperationId":"t31wkells3us4db"}
{"type":"log","timestamp":1708357775483,"level":"debug","message":"Page request finished: GET (document) 200 file:///var/folders/tp/6hccbwhd41s4hkmxw_2wkz640000gn/T/jsreport/autocleanup/f8aa187b-d1d8-4804-9019-142623119ef8-chrome-pdf.html","meta":{"rootId":"rjqt4dzft2y9syb","id":"rjqt4dzft2y9syb"},"id":"20k2glzospdm19n","previousOperationId":"t31wkells3us4db"}
{"type":"log","timestamp":1708357775958,"level":"debug","message":"Page request finished: GET (script) 200 https://cdnjs.cloudflare.com/ajax/libs/Chart.js/2.7.2/Chart.min.js","meta":{"rootId":"rjqt4dzft2y9syb","id":"rjqt4dzft2y9syb"},"id":"xfiv2zeah8izo4k","previousOperationId":"t31wkells3us4db"}
{"type":"log","timestamp":1708357776064,"level":"debug","message":"Page request finished: GET (stylesheet) 200 https://cdnjs.cloudflare.com/ajax/libs/metro/4.1.5/css/metro.min.css","meta":{"rootId":"rjqt4dzft2y9syb","id":"rjqt4dzft2y9syb"},"id":"csfkwqpansqhy1p","previousOperationId":"t31wkells3us4db"}
{"type":"log","timestamp":1708357776086,"level":"warn","message":"Page error: \"undefined\" is not valid JSON\nJSON.parse (<anonymous>) , stack: SyntaxError: \"undefined\" is not valid JSON\nJSON.parse (<anonymous>)\n    at <anonymous> (file:///var/folders/tp/6hccbwhd41s4hkmxw_2wkz640000gn/T/jsreport/autocleanup/f8aa187b-d1d8-4804-9019-142623119ef8-chrome-pdf.html:45:29)","meta":{"rootId":"rjqt4dzft2y9syb","id":"rjqt4dzft2y9syb"},"id":"oe3j4o3s5r8txgv","previousOperationId":"t31wkells3us4db"}
{"type":"log","timestamp":1708357776133,"level":"debug","message":"Running chrome with params {\"printBackground\":true,\"marginTop\":\"4cm\",\"marginRight\":\"1.5cm\",\"marginBottom\":\"1.5cm\",\"marginLeft\":\"1.5cm\",\"waitForJS\":false,\"timeout\":59485,\"margin\":{\"top\":\"4cm\",\"right\":\"1.5cm\",\"bottom\":\"1.5cm\",\"left\":\"1.5cm\"}}","meta":{"rootId":"rjqt4dzft2y9syb","id":"rjqt4dzft2y9syb"},"id":"vg28ledxgjuvzjs","previousOperationId":"t31wkells3us4db"}
{"type":"operationEnd","operationId":"t31wkells3us4db","timestamp":1708357776172,"id":"e6gjezk3tu5no26","previousEventId":"ltsthm0x57gkzgo","previousOperationId":"t31wkells3us4db"}
{"type":"log","timestamp":1708357776172,"level":"info","message":"pdf-utils is starting pdf processing","meta":{"rootId":"rjqt4dzft2y9syb","id":"rjqt4dzft2y9syb"},"id":"tyiaowti2f62fng","previousOperationId":"t31wkells3us4db"}
{"type":"operationStart","subtype":"pdfUtils","name":"pdf utils","timestamp":1708357776279,"id":"vsyxncq0boxnlz9","previousEventId":"e6gjezk3tu5no26","operationId":"f35cozw58ngkxsz","previousOperationId":"t31wkells3us4db"}
{"type":"log","timestamp":1708357776279,"level":"debug","message":"pdf-utils detected 1 pdf operation(s) to process","meta":{"rootId":"rjqt4dzft2y9syb","id":"rjqt4dzft2y9syb"},"id":"8s22et39vb7lc90","previousOperationId":"f35cozw58ngkxsz"}
{"type":"log","timestamp":1708357776375,"level":"debug","message":"pdf-utils running pdf operation merge","meta":{"rootId":"rjqt4dzft2y9syb","id":"rjqt4dzft2y9syb"},"id":"nya3btdn4tt00lp","previousOperationId":"f35cozw58ngkxsz"}
{"type":"operationStart","subtype":"pdfUtilsMerge","name":"pdf utils merge","previousOperationId":"f35cozw58ngkxsz","timestamp":1708357776375,"id":"niv56ln439241kn","previousEventId":"vsyxncq0boxnlz9","operationId":"i5h4gbv3n3uab6t"}
{"type":"operationStart","subtype":"render","name":"orders-header","previousOperationId":"i5h4gbv3n3uab6t","timestamp":1708357776376,"id":"fv220otkwwgb77j","previousEventId":"niv56ln439241kn","operationId":"gea80kfvpl628na"}
{"type":"log","timestamp":1708357776376,"level":"info","message":"Starting rendering (child) request","meta":{"rootId":"rjqt4dzft2y9syb","id":"mhu2ck8ddx8x7ec"},"id":"n6nku1chopbkwlg","previousOperationId":"gea80kfvpl628na"}
{"type":"log","timestamp":1708357776376,"level":"info","message":"Rendering template { name: orders-header, recipe: chrome-pdf, engine: handlebars, preview: true }","meta":{"rootId":"rjqt4dzft2y9syb","id":"mhu2ck8ddx8x7ec"},"id":"vd7i66fq7qixz9v","previousOperationId":"gea80kfvpl628na"}
{"type":"log","timestamp":1708357776378,"level":"debug","message":"Inline data specified.","meta":{"rootId":"rjqt4dzft2y9syb","id":"mhu2ck8ddx8x7ec"},"id":"dcm3x5hrbngkqji","previousOperationId":"gea80kfvpl628na"}
{"type":"log","timestamp":1708357776379,"level":"debug","message":"Base url not specified, skipping its injection.","meta":{"rootId":"rjqt4dzft2y9syb","id":"mhu2ck8ddx8x7ec"},"id":"uy0yedimrr1dfta","previousOperationId":"gea80kfvpl628na"}
{"type":"operationStart","subtype":"engine","name":"handlebars","timestamp":1708357776379,"id":"em41kq0s7lwd0cu","previousEventId":"fv220otkwwgb77j","operationId":"dgam6up4esodhge","previousOperationId":"gea80kfvpl628na"}
{"type":"log","timestamp":1708357776379,"level":"debug","message":"Rendering engine handlebars","meta":{"rootId":"rjqt4dzft2y9syb","id":"mhu2ck8ddx8x7ec"},"id":"gdm1glvi521tt6w","previousOperationId":"dgam6up4esodhge"}
{"type":"operationEnd","operationId":"dgam6up4esodhge","timestamp":1708357776395,"id":"i82cozbv62dyxlv","previousEventId":"em41kq0s7lwd0cu","previousOperationId":"dgam6up4esodhge"}
{"type":"operationStart","subtype":"recipe","name":"chrome-pdf","timestamp":1708357776395,"id":"x73ohz23fhv5c68","previousEventId":"i82cozbv62dyxlv","operationId":"bhuxwuyvyjifqie","previousOperationId":"dgam6up4esodhge"}
{"type":"log","timestamp":1708357776395,"level":"debug","message":"Executing recipe chrome-pdf","meta":{"rootId":"rjqt4dzft2y9syb","id":"mhu2ck8ddx8x7ec"},"id":"wt4m6unxagmqd65","previousOperationId":"bhuxwuyvyjifqie"}
{"type":"log","timestamp":1708357776396,"level":"debug","message":"Converting with chrome HeadlessChrome/117.0.5938.149 using chrome-pool strategy","meta":{"rootId":"rjqt4dzft2y9syb","id":"mhu2ck8ddx8x7ec"},"id":"lmcmt9m2r9z08r1","previousOperationId":"bhuxwuyvyjifqie"}
{"type":"log","timestamp":1708357776438,"level":"debug","message":"Page request: GET (document) file:///var/folders/tp/6hccbwhd41s4hkmxw_2wkz640000gn/T/jsreport/autocleanup/337813ed-5ed7-4cf1-ac32-b46ca3e02e54-chrome-pdf.html","meta":{"rootId":"rjqt4dzft2y9syb","id":"mhu2ck8ddx8x7ec"},"id":"j7gtyc75vcfh2f2","previousOperationId":"bhuxwuyvyjifqie"}
{"type":"log","timestamp":1708357776446,"level":"debug","message":"Page request: GET (stylesheet) https://cdnjs.cloudflare.com/ajax/libs/metro/4.1.5/css/metro.min.css","meta":{"rootId":"rjqt4dzft2y9syb","id":"mhu2ck8ddx8x7ec"},"id":"e4mvymwommjyrcw","previousOperationId":"bhuxwuyvyjifqie"}
{"type":"log","timestamp":1708357776446,"level":"debug","message":"Page request finished: GET (document) 200 file:///var/folders/tp/6hccbwhd41s4hkmxw_2wkz640000gn/T/jsreport/autocleanup/337813ed-5ed7-4cf1-ac32-b46ca3e02e54-chrome-pdf.html","meta":{"rootId":"rjqt4dzft2y9syb","id":"mhu2ck8ddx8x7ec"},"id":"xkmmye4q9oscjyl","previousOperationId":"bhuxwuyvyjifqie"}
{"type":"log","timestamp":1708357776453,"level":"debug","message":"Page request finished: GET (stylesheet) 200 https://cdnjs.cloudflare.com/ajax/libs/metro/4.1.5/css/metro.min.css","meta":{"rootId":"rjqt4dzft2y9syb","id":"mhu2ck8ddx8x7ec"},"id":"kk4glc0skqb6bqq","previousOperationId":"bhuxwuyvyjifqie"}
{"type":"log","timestamp":1708357776471,"level":"debug","message":"Running chrome with params {\"printBackground\":true,\"marginTop\":\"1.5cm\",\"marginRight\":\"1.5cm\",\"marginLeft\":\"1.cm\",\"timeout\":57588,\"margin\":{\"top\":\"1.5cm\",\"right\":\"1.5cm\",\"left\":\"1.cm\"}}","meta":{"rootId":"rjqt4dzft2y9syb","id":"mhu2ck8ddx8x7ec"},"id":"854i808euqt10cx","previousOperationId":"bhuxwuyvyjifqie"}
{"type":"operationEnd","operationId":"bhuxwuyvyjifqie","timestamp":1708357776490,"id":"qwsek9l8ha5js61","previousEventId":"x73ohz23fhv5c68","previousOperationId":"bhuxwuyvyjifqie"}
{"type":"log","timestamp":1708357776491,"level":"debug","message":"Skipping storing report.","meta":{"rootId":"rjqt4dzft2y9syb","id":"mhu2ck8ddx8x7ec"},"id":"zzxvb3vga0pbobu","previousOperationId":"bhuxwuyvyjifqie"}
{"type":"log","timestamp":1708357776491,"level":"info","message":"Rendering (child) request finished in 2507 ms","meta":{"rootId":"rjqt4dzft2y9syb","id":"mhu2ck8ddx8x7ec"},"id":"dg5fni9wt3lw78m","previousOperationId":"bhuxwuyvyjifqie"}
{"type":"operationEnd","subtype":"render","operationId":"gea80kfvpl628na","timestamp":1708357776491,"id":"3v28plmlz5escqu","previousEventId":"qwsek9l8ha5js61","previousOperationId":"bhuxwuyvyjifqie"}
{"type":"operationEnd","operationId":"i5h4gbv3n3uab6t","timestamp":1708357776509,"id":"wjoe7l8ok4b6s7u","previousEventId":"niv56ln439241kn","previousOperationId":"i5h4gbv3n3uab6t"}
{"type":"log","timestamp":1708357776509,"level":"debug","message":"pdf-utils postproces start","meta":{"rootId":"rjqt4dzft2y9syb","id":"rjqt4dzft2y9syb"},"id":"atojkr4dkmvrjqj","previousOperationId":"i5h4gbv3n3uab6t"}
{"type":"log","timestamp":1708357776520,"level":"debug","message":"pdf-utils postproces end","meta":{"rootId":"rjqt4dzft2y9syb","id":"rjqt4dzft2y9syb"},"id":"qtffop42kb9jt0p","previousOperationId":"i5h4gbv3n3uab6t"}
{"type":"operationEnd","operationId":"f35cozw58ngkxsz","timestamp":1708357776520,"id":"kdijsyfg375a9tc","previousEventId":"wjoe7l8ok4b6s7u","previousOperationId":"i5h4gbv3n3uab6t"}
{"type":"log","timestamp":1708357776520,"level":"info","message":"pdf-utils pdf processing was finished","meta":{"rootId":"rjqt4dzft2y9syb","id":"rjqt4dzft2y9syb"},"id":"10f859kydedhr9k","previousOperationId":"f35cozw58ngkxsz"}
{"type":"log","timestamp":1708357776520,"level":"debug","message":"Skipping storing report.","meta":{"rootId":"rjqt4dzft2y9syb","id":"rjqt4dzft2y9syb"},"id":"rjt16yhah4n3d99","previousOperationId":"f35cozw58ngkxsz"}
{"type":"log","timestamp":1708357776520,"level":"info","message":"Rendering request 3 finished in 2536 ms","meta":{"rootId":"rjqt4dzft2y9syb","id":"rjqt4dzft2y9syb"},"id":"ca5lpxvru37mrnx","previousOperationId":"f35cozw58ngkxsz"}
{"type":"operationEnd","subtype":"render","operationId":"c7r0g6tgbs3686x","timestamp":1708357776520,"id":"ihfne3v7f6ns82i","previousEventId":"kdijsyfg375a9tc","previousOperationId":"f35cozw58ngkxsz"}
{"type":"operationEnd","doDiffs":false,"previousEventId":"xolwphqbpm0ihhv","previousOperationId":"y3mghe05n3hckl1","operationId":"y3mghe05n3hckl1","timestamp":1708357776523,"id":"k31z9nje40kqea7"}
