{"type":"operationStart","subtype":"profile","data":{"_id":"i3NjujmnoDMTUwEC","timestamp":"2024-02-19T16:10:53.315Z","state":"queued","mode":"standard","creationDate":"2024-02-19T16:10:53.316Z","modificationDate":"2024-02-19T16:10:53.316Z","shortid":"2uVfD_w","$entitySet":"profiles"},"doDiffs":false,"timestamp":1708359053316,"id":"r4faj3aia558gex","previousOperationId":null,"operationId":"t5me6pbkkul8bga"}
{"type":"log","level":"info","message":"Render request 51 queued for execution and waiting for available worker","previousOperationId":"t5me6pbkkul8bga","timestamp":1708359053316,"id":"0jk9lnchfpyc2yo"}
{"type":"operationStart","subtype":"render","name":"orders-main","previousOperationId":"t5me6pbkkul8bga","timestamp":1708359053329,"id":"z4b8bj6k29z76rh","previousEventId":"r4faj3aia558gex","operationId":"kg9ksk2c12vzqti"}
{"type":"log","timestamp":1708359053331,"level":"info","message":"Starting rendering request 51","meta":{"rootId":"swtuwz9tq99p9k8","id":"swtuwz9tq99p9k8"},"id":"4a61iad2tec04xm","previousOperationId":"kg9ksk2c12vzqti"}
{"type":"log","timestamp":1708359053336,"level":"info","message":"Rendering template { name: orders-main, recipe: chrome-pdf, engine: handlebars, preview: true }","meta":{"rootId":"swtuwz9tq99p9k8","id":"swtuwz9tq99p9k8"},"id":"1q12gxk22yquymu","previousOperationId":"kg9ksk2c12vzqti"}
{"type":"log","timestamp":1708359053340,"level":"debug","message":"Data item not defined for this template.","meta":{"rootId":"swtuwz9tq99p9k8","id":"swtuwz9tq99p9k8"},"id":"vrbmqmqq6o728xd","previousOperationId":"kg9ksk2c12vzqti"}
{"type":"log","timestamp":1708359053341,"level":"debug","message":"Executing script orders-script (beforeRender)","meta":{"rootId":"swtuwz9tq99p9k8","id":"swtuwz9tq99p9k8"},"id":"2dr7onigd4bo5mx","previousOperationId":"kg9ksk2c12vzqti"}
{"type":"operationStart","subtype":"scriptsBeforeRender","name":"scripts beforeRender","timestamp":1708359053480,"id":"3d2izzlhrus15rp","previousEventId":"z4b8bj6k29z76rh","operationId":"5gdruqc2au9xx32","previousOperationId":"kg9ksk2c12vzqti"}
{"type":"operationStart","subtype":"script","name":"scripts orders-script","previousOperationId":"5gdruqc2au9xx32","timestamp":1708359053480,"id":"zciahjfv7eq3e1q","previousEventId":"3d2izzlhrus15rp","operationId":"22j4q50fyjgp8tk"}
{"type":"operationEnd","operationId":"22j4q50fyjgp8tk","timestamp":1708359053515,"id":"haiinkliopwvs67","previousEventId":"z4b8bj6k29z76rh","previousOperationId":"kg9ksk2c12vzqti"}
{"type":"operationEnd","operationId":"5gdruqc2au9xx32","timestamp":1708359053515,"id":"2c8jqd1yduvybyh","previousEventId":"haiinkliopwvs67","previousOperationId":"kg9ksk2c12vzqti"}
{"type":"log","timestamp":1708359053515,"level":"debug","message":"Base url not specified, skipping its injection.","meta":{"rootId":"swtuwz9tq99p9k8","id":"swtuwz9tq99p9k8"},"id":"jz7r8t7eddu0wyq","previousOperationId":"5gdruqc2au9xx32"}
{"type":"operationStart","subtype":"engine","name":"handlebars","timestamp":1708359053515,"id":"pij3y4ley5caz52","previousEventId":"2c8jqd1yduvybyh","operationId":"oeq7075pero2l9x","previousOperationId":"5gdruqc2au9xx32"}
{"type":"log","timestamp":1708359053515,"level":"debug","message":"Rendering engine handlebars","meta":{"rootId":"swtuwz9tq99p9k8","id":"swtuwz9tq99p9k8"},"id":"0zet8s9zit26f5j","previousOperationId":"oeq7075pero2l9x"}
{"type":"log","timestamp":1708359053685,"level":"debug","message":"(console:log) Pdf utils adding group field, value: \"ola\"","meta":{"userLevel":true,"rootId":"swtuwz9tq99p9k8","id":"swtuwz9tq99p9k8"},"id":"wstl5m2qaer0reb","previousOperationId":"oeq7075pero2l9x"}
{"type":"operationEnd","operationId":"oeq7075pero2l9x","timestamp":1708359053686,"id":"6l2qcq9wu5f754p","previousEventId":"pij3y4ley5caz52","previousOperationId":"oeq7075pero2l9x"}
{"type":"operationStart","subtype":"recipe","name":"chrome-pdf","timestamp":1708359053686,"id":"v01cnlhp1lm8gav","previousEventId":"6l2qcq9wu5f754p","operationId":"m8ey5m5epu8zm6k","previousOperationId":"oeq7075pero2l9x"}
{"type":"log","timestamp":1708359053686,"level":"debug","message":"Executing recipe chrome-pdf","meta":{"rootId":"swtuwz9tq99p9k8","id":"swtuwz9tq99p9k8"},"id":"wu6nzdes0y0kbgy","previousOperationId":"m8ey5m5epu8zm6k"}
{"type":"log","timestamp":1708359054157,"level":"debug","message":"Converting with chrome HeadlessChrome/117.0.5938.149 using chrome-pool strategy","meta":{"rootId":"swtuwz9tq99p9k8","id":"swtuwz9tq99p9k8"},"id":"337ryc08qo1ec0c","previousOperationId":"m8ey5m5epu8zm6k"}
{"type":"log","timestamp":1708359054219,"level":"debug","message":"Page request: GET (document) file:///var/folders/tp/6hccbwhd41s4hkmxw_2wkz640000gn/T/jsreport/autocleanup/bf0d346e-a90c-44ab-aca7-67bfdadab780-chrome-pdf.html","meta":{"rootId":"swtuwz9tq99p9k8","id":"swtuwz9tq99p9k8"},"id":"6wkmyygyxlel2n9","previousOperationId":"m8ey5m5epu8zm6k"}
{"type":"log","timestamp":1708359054224,"level":"debug","message":"Page request: GET (stylesheet) https://cdnjs.cloudflare.com/ajax/libs/metro/4.1.5/css/metro.min.css","meta":{"rootId":"swtuwz9tq99p9k8","id":"swtuwz9tq99p9k8"},"id":"cmos841e7aq237m","previousOperationId":"m8ey5m5epu8zm6k"}
{"type":"log","timestamp":1708359054224,"level":"debug","message":"Page request: GET (script) https://cdnjs.cloudflare.com/ajax/libs/Chart.js/2.7.2/Chart.min.js","meta":{"rootId":"swtuwz9tq99p9k8","id":"swtuwz9tq99p9k8"},"id":"gtj5kny80luedm5","previousOperationId":"m8ey5m5epu8zm6k"}
{"type":"log","timestamp":1708359054225,"level":"debug","message":"Page request finished: GET (document) 200 file:///var/folders/tp/6hccbwhd41s4hkmxw_2wkz640000gn/T/jsreport/autocleanup/bf0d346e-a90c-44ab-aca7-67bfdadab780-chrome-pdf.html","meta":{"rootId":"swtuwz9tq99p9k8","id":"swtuwz9tq99p9k8"},"id":"ix2w7rgu2lp3skm","previousOperationId":"m8ey5m5epu8zm6k"}
{"type":"log","timestamp":1708359054581,"level":"debug","message":"Page request finished: GET (stylesheet) 200 https://cdnjs.cloudflare.com/ajax/libs/metro/4.1.5/css/metro.min.css","meta":{"rootId":"swtuwz9tq99p9k8","id":"swtuwz9tq99p9k8"},"id":"pv47ospeg12rj23","previousOperationId":"m8ey5m5epu8zm6k"}
{"type":"log","timestamp":1708359054585,"level":"debug","message":"Page request finished: GET (script) 200 https://cdnjs.cloudflare.com/ajax/libs/Chart.js/2.7.2/Chart.min.js","meta":{"rootId":"swtuwz9tq99p9k8","id":"swtuwz9tq99p9k8"},"id":"r7n428gnpza2cxh","previousOperationId":"m8ey5m5epu8zm6k"}
{"type":"log","timestamp":1708359054589,"level":"warn","message":"Page error: \"undefined\" is not valid JSON\nJSON.parse (<anonymous>) , stack: SyntaxError: \"undefined\" is not valid JSON\nJSON.parse (<anonymous>)\n    at <anonymous> (file:///var/folders/tp/6hccbwhd41s4hkmxw_2wkz640000gn/T/jsreport/autocleanup/bf0d346e-a90c-44ab-aca7-67bfdadab780-chrome-pdf.html:45:29)","meta":{"rootId":"swtuwz9tq99p9k8","id":"swtuwz9tq99p9k8"},"id":"9eg8msj0y45tqv0","previousOperationId":"m8ey5m5epu8zm6k"}
{"type":"log","timestamp":1708359054605,"level":"debug","message":"Running chrome with params {\"printBackground\":true,\"marginTop\":\"4cm\",\"marginRight\":\"1.5cm\",\"marginBottom\":\"1.5cm\",\"marginLeft\":\"1.5cm\",\"waitForJS\":false,\"timeout\":59444,\"margin\":{\"top\":\"4cm\",\"right\":\"1.5cm\",\"bottom\":\"1.5cm\",\"left\":\"1.5cm\"}}","meta":{"rootId":"swtuwz9tq99p9k8","id":"swtuwz9tq99p9k8"},"id":"ei77g3o60926iof","previousOperationId":"m8ey5m5epu8zm6k"}
{"type":"operationEnd","operationId":"m8ey5m5epu8zm6k","timestamp":1708359054628,"id":"gewwh7wtuuegstx","previousEventId":"v01cnlhp1lm8gav","previousOperationId":"m8ey5m5epu8zm6k"}
{"type":"log","timestamp":1708359054628,"level":"info","message":"pdf-utils is starting pdf processing","meta":{"rootId":"swtuwz9tq99p9k8","id":"swtuwz9tq99p9k8"},"id":"x2m5ezsy4opb5v2","previousOperationId":"m8ey5m5epu8zm6k"}
{"type":"operationStart","subtype":"pdfUtils","name":"pdf utils","timestamp":1708359054739,"id":"if14ve5mop5zru1","previousEventId":"gewwh7wtuuegstx","operationId":"emzjpcr1sfn5zt2","previousOperationId":"m8ey5m5epu8zm6k"}
{"type":"log","timestamp":1708359054739,"level":"debug","message":"pdf-utils detected 1 pdf operation(s) to process","meta":{"rootId":"swtuwz9tq99p9k8","id":"swtuwz9tq99p9k8"},"id":"lu7v2xhuai39z3o","previousOperationId":"emzjpcr1sfn5zt2"}
{"type":"log","timestamp":1708359054850,"level":"debug","message":"pdf-utils running pdf operation merge","meta":{"rootId":"swtuwz9tq99p9k8","id":"swtuwz9tq99p9k8"},"id":"0lyo4c2770bafua","previousOperationId":"emzjpcr1sfn5zt2"}
{"type":"operationStart","subtype":"pdfUtilsMerge","name":"pdf utils merge","previousOperationId":"emzjpcr1sfn5zt2","timestamp":1708359054850,"id":"fjd5ie8wbeyqy79","previousEventId":"if14ve5mop5zru1","operationId":"pv79y5yj5fnb2s3"}
{"type":"operationStart","subtype":"render","name":"orders-header","previousOperationId":"pv79y5yj5fnb2s3","timestamp":1708359054851,"id":"bawp51e4ixv6o8b","previousEventId":"fjd5ie8wbeyqy79","operationId":"z4nqasjgld5kjwa"}
{"type":"log","timestamp":1708359054851,"level":"info","message":"Starting rendering (child) request","meta":{"rootId":"swtuwz9tq99p9k8","id":"02yuvcpcrawe8fj"},"id":"uojamd4wxaumvdl","previousOperationId":"z4nqasjgld5kjwa"}
{"type":"log","timestamp":1708359054851,"level":"info","message":"Rendering template { name: orders-header, recipe: chrome-pdf, engine: handlebars, preview: true }","meta":{"rootId":"swtuwz9tq99p9k8","id":"02yuvcpcrawe8fj"},"id":"jw6qwn1e3o96ej0","previousOperationId":"z4nqasjgld5kjwa"}
{"type":"log","timestamp":1708359054853,"level":"debug","message":"Inline data specified.","meta":{"rootId":"swtuwz9tq99p9k8","id":"02yuvcpcrawe8fj"},"id":"75bpsch330fjimk","previousOperationId":"z4nqasjgld5kjwa"}
{"type":"log","timestamp":1708359054854,"level":"debug","message":"Base url not specified, skipping its injection.","meta":{"rootId":"swtuwz9tq99p9k8","id":"02yuvcpcrawe8fj"},"id":"vs1ypxzsqw58kja","previousOperationId":"z4nqasjgld5kjwa"}
{"type":"operationStart","subtype":"engine","name":"handlebars","timestamp":1708359054854,"id":"v2wl5h6h5ragxhy","previousEventId":"bawp51e4ixv6o8b","operationId":"gcgfb4twgd6gbjb","previousOperationId":"z4nqasjgld5kjwa"}
{"type":"log","timestamp":1708359054854,"level":"debug","message":"Rendering engine handlebars","meta":{"rootId":"swtuwz9tq99p9k8","id":"02yuvcpcrawe8fj"},"id":"id3n6v3tpnvthui","previousOperationId":"gcgfb4twgd6gbjb"}
{"type":"operationEnd","operationId":"gcgfb4twgd6gbjb","timestamp":1708359054863,"id":"huhoj2ntai78dhl","previousEventId":"v2wl5h6h5ragxhy","previousOperationId":"gcgfb4twgd6gbjb"}
{"type":"operationStart","subtype":"recipe","name":"chrome-pdf","timestamp":1708359054863,"id":"95tyubsiem4fak4","previousEventId":"huhoj2ntai78dhl","operationId":"rcyhttocoihpu77","previousOperationId":"gcgfb4twgd6gbjb"}
{"type":"log","timestamp":1708359054863,"level":"debug","message":"Executing recipe chrome-pdf","meta":{"rootId":"swtuwz9tq99p9k8","id":"02yuvcpcrawe8fj"},"id":"4ge9jbncvyf5pcm","previousOperationId":"rcyhttocoihpu77"}
{"type":"log","timestamp":1708359054864,"level":"debug","message":"Converting with chrome HeadlessChrome/117.0.5938.149 using chrome-pool strategy","meta":{"rootId":"swtuwz9tq99p9k8","id":"02yuvcpcrawe8fj"},"id":"1yobjawpaoftw77","previousOperationId":"rcyhttocoihpu77"}
{"type":"log","timestamp":1708359054904,"level":"debug","message":"Page request: GET (document) file:///var/folders/tp/6hccbwhd41s4hkmxw_2wkz640000gn/T/jsreport/autocleanup/cf7aa3b4-2623-4f7d-8d22-4ce4ce337221-chrome-pdf.html","meta":{"rootId":"swtuwz9tq99p9k8","id":"02yuvcpcrawe8fj"},"id":"ku1iemqti9gwl39","previousOperationId":"rcyhttocoihpu77"}
{"type":"log","timestamp":1708359054909,"level":"debug","message":"Page request: GET (stylesheet) https://cdnjs.cloudflare.com/ajax/libs/metro/4.1.5/css/metro.min.css","meta":{"rootId":"swtuwz9tq99p9k8","id":"02yuvcpcrawe8fj"},"id":"gyzmcnsryrfcn4t","previousOperationId":"rcyhttocoihpu77"}
{"type":"log","timestamp":1708359054909,"level":"debug","message":"Page request finished: GET (document) 200 file:///var/folders/tp/6hccbwhd41s4hkmxw_2wkz640000gn/T/jsreport/autocleanup/cf7aa3b4-2623-4f7d-8d22-4ce4ce337221-chrome-pdf.html","meta":{"rootId":"swtuwz9tq99p9k8","id":"02yuvcpcrawe8fj"},"id":"9crlmxqd0sgp0kz","previousOperationId":"rcyhttocoihpu77"}
{"type":"log","timestamp":1708359054917,"level":"debug","message":"Page request finished: GET (stylesheet) 200 https://cdnjs.cloudflare.com/ajax/libs/metro/4.1.5/css/metro.min.css","meta":{"rootId":"swtuwz9tq99p9k8","id":"02yuvcpcrawe8fj"},"id":"6ddg3hm5665tzzr","previousOperationId":"rcyhttocoihpu77"}
{"type":"log","timestamp":1708359054935,"level":"debug","message":"Running chrome with params {\"printBackground\":true,\"marginTop\":\"1.5cm\",\"marginRight\":\"1.5cm\",\"marginLeft\":\"1.cm\",\"timeout\":58451,\"margin\":{\"top\":\"1.5cm\",\"right\":\"1.5cm\",\"left\":\"1.cm\"}}","meta":{"rootId":"swtuwz9tq99p9k8","id":"02yuvcpcrawe8fj"},"id":"xwfflin2z1c2e5k","previousOperationId":"rcyhttocoihpu77"}
{"type":"operationEnd","operationId":"rcyhttocoihpu77","timestamp":1708359054962,"id":"gvu4pikxv9y1325","previousEventId":"95tyubsiem4fak4","previousOperationId":"rcyhttocoihpu77"}
{"type":"log","timestamp":1708359054962,"level":"debug","message":"Skipping storing report.","meta":{"rootId":"swtuwz9tq99p9k8","id":"02yuvcpcrawe8fj"},"id":"21ed8tvyevg0jj2","previousOperationId":"rcyhttocoihpu77"}
{"type":"log","timestamp":1708359054962,"level":"info","message":"Rendering (child) request finished in 1647 ms","meta":{"rootId":"swtuwz9tq99p9k8","id":"02yuvcpcrawe8fj"},"id":"e57381cocbjym2h","previousOperationId":"rcyhttocoihpu77"}
{"type":"operationEnd","subtype":"render","operationId":"z4nqasjgld5kjwa","timestamp":1708359054962,"id":"pqlqgfkyhb6qbzt","previousEventId":"gvu4pikxv9y1325","previousOperationId":"rcyhttocoihpu77"}
{"type":"operationEnd","operationId":"pv79y5yj5fnb2s3","timestamp":1708359054983,"id":"6mn2ux6k051oqgf","previousEventId":"fjd5ie8wbeyqy79","previousOperationId":"pv79y5yj5fnb2s3"}
{"type":"log","timestamp":1708359054983,"level":"debug","message":"pdf-utils postproces start","meta":{"rootId":"swtuwz9tq99p9k8","id":"swtuwz9tq99p9k8"},"id":"k1m4ejqrl5g9n5b","previousOperationId":"pv79y5yj5fnb2s3"}
{"type":"log","timestamp":1708359054999,"level":"debug","message":"pdf-utils postproces end","meta":{"rootId":"swtuwz9tq99p9k8","id":"swtuwz9tq99p9k8"},"id":"x5re5z1ic87gin9","previousOperationId":"pv79y5yj5fnb2s3"}
{"type":"operationEnd","operationId":"emzjpcr1sfn5zt2","timestamp":1708359054999,"id":"vj4oev6ai8iiv4w","previousEventId":"6mn2ux6k051oqgf","previousOperationId":"pv79y5yj5fnb2s3"}
{"type":"log","timestamp":1708359054999,"level":"info","message":"pdf-utils pdf processing was finished","meta":{"rootId":"swtuwz9tq99p9k8","id":"swtuwz9tq99p9k8"},"id":"oyl4n1935qduvbm","previousOperationId":"emzjpcr1sfn5zt2"}
{"type":"log","timestamp":1708359054999,"level":"debug","message":"Skipping storing report.","meta":{"rootId":"swtuwz9tq99p9k8","id":"swtuwz9tq99p9k8"},"id":"pjg4c7351v9jiyp","previousOperationId":"emzjpcr1sfn5zt2"}
{"type":"log","timestamp":1708359054999,"level":"info","message":"Rendering request 51 finished in 1684 ms","meta":{"rootId":"swtuwz9tq99p9k8","id":"swtuwz9tq99p9k8"},"id":"v45dinwbnvpea1l","previousOperationId":"emzjpcr1sfn5zt2"}
{"type":"operationEnd","subtype":"render","operationId":"kg9ksk2c12vzqti","timestamp":1708359054999,"id":"rzwcnx4njw5hv20","previousEventId":"vj4oev6ai8iiv4w","previousOperationId":"emzjpcr1sfn5zt2"}
{"type":"operationEnd","doDiffs":false,"previousEventId":"r4faj3aia558gex","previousOperationId":"t5me6pbkkul8bga","operationId":"t5me6pbkkul8bga","timestamp":1708359055004,"id":"ipr509k548eem3m"}
