{"type":"operationStart","subtype":"profile","data":{"_id":"sTAf0jdVBPPh4TMS","timestamp":"2024-02-19T16:18:37.502Z","state":"queued","mode":"standard","creationDate":"2024-02-19T16:18:37.503Z","modificationDate":"2024-02-19T16:18:37.503Z","shortid":"VFY1eMW","$entitySet":"profiles"},"doDiffs":false,"timestamp":1708359517502,"id":"timnq4eydqu5qkt","previousOperationId":null,"operationId":"5p6o7rydrxe53zt"}
{"type":"log","level":"info","message":"Render request 4 queued for execution and waiting for available worker","previousOperationId":"5p6o7rydrxe53zt","timestamp":1708359517503,"id":"waawmltua79ctbb"}
{"type":"operationStart","subtype":"render","name":"orders-main","previousOperationId":"5p6o7rydrxe53zt","timestamp":1708359517536,"id":"tww5344ene29jzz","previousEventId":"timnq4eydqu5qkt","operationId":"7k47gshiiokh7c9"}
{"type":"log","timestamp":1708359517537,"level":"info","message":"Starting rendering request 4","meta":{"rootId":"t5r3k0vdl477lgj","id":"t5r3k0vdl477lgj"},"id":"q8bivk6x2k0r6eo","previousOperationId":"7k47gshiiokh7c9"}
{"type":"log","timestamp":1708359517539,"level":"info","message":"Rendering template { name: orders-main, recipe: chrome-pdf, engine: handlebars, preview: true }","meta":{"rootId":"t5r3k0vdl477lgj","id":"t5r3k0vdl477lgj"},"id":"6wrtib251ck5pqo","previousOperationId":"7k47gshiiokh7c9"}
{"type":"log","timestamp":1708359517544,"level":"debug","message":"Data item not defined for this template.","meta":{"rootId":"t5r3k0vdl477lgj","id":"t5r3k0vdl477lgj"},"id":"s8yb9wrxwfckuvz","previousOperationId":"7k47gshiiokh7c9"}
{"type":"log","timestamp":1708359517546,"level":"debug","message":"Executing script orders-script (beforeRender)","meta":{"rootId":"t5r3k0vdl477lgj","id":"t5r3k0vdl477lgj"},"id":"ehndaudtd29lt6u","previousOperationId":"7k47gshiiokh7c9"}
{"type":"operationStart","subtype":"scriptsBeforeRender","name":"scripts beforeRender","timestamp":1708359517635,"id":"2bt375rj1ucnsyj","previousEventId":"tww5344ene29jzz","operationId":"npiut2ttxi7aanf","previousOperationId":"7k47gshiiokh7c9"}
{"type":"operationStart","subtype":"script","name":"scripts orders-script","previousOperationId":"npiut2ttxi7aanf","timestamp":1708359517635,"id":"dn3jn72sict5lr7","previousEventId":"2bt375rj1ucnsyj","operationId":"bneixa9vogr854u"}
{"type":"operationEnd","operationId":"bneixa9vogr854u","timestamp":1708359517652,"id":"tjmc8ocbh12d607","previousEventId":"tww5344ene29jzz","previousOperationId":"7k47gshiiokh7c9"}
{"type":"operationEnd","operationId":"npiut2ttxi7aanf","timestamp":1708359517652,"id":"2z8qsmz25e9ktyr","previousEventId":"tjmc8ocbh12d607","previousOperationId":"7k47gshiiokh7c9"}
{"type":"log","timestamp":1708359517653,"level":"debug","message":"Base url not specified, skipping its injection.","meta":{"rootId":"t5r3k0vdl477lgj","id":"t5r3k0vdl477lgj"},"id":"ggcq6dr4orfke4k","previousOperationId":"npiut2ttxi7aanf"}
{"type":"operationStart","subtype":"engine","name":"handlebars","timestamp":1708359517653,"id":"dn640m5u805hbat","previousEventId":"2z8qsmz25e9ktyr","operationId":"ivnax6xmfinj386","previousOperationId":"npiut2ttxi7aanf"}
{"type":"log","timestamp":1708359517653,"level":"debug","message":"Rendering engine handlebars","meta":{"rootId":"t5r3k0vdl477lgj","id":"t5r3k0vdl477lgj"},"id":"7wnpmj5iwu5fw1m","previousOperationId":"ivnax6xmfinj386"}
{"type":"log","timestamp":1708359517817,"level":"debug","message":"(console:log) Pdf utils adding group field, value: \"ola\"","meta":{"userLevel":true,"rootId":"t5r3k0vdl477lgj","id":"t5r3k0vdl477lgj"},"id":"icoptdjjsetjol5","previousOperationId":"ivnax6xmfinj386"}
{"type":"operationEnd","operationId":"ivnax6xmfinj386","timestamp":1708359517817,"id":"oa76jjf6t0enr10","previousEventId":"dn640m5u805hbat","previousOperationId":"ivnax6xmfinj386"}
{"type":"operationStart","subtype":"recipe","name":"chrome-pdf","timestamp":1708359517817,"id":"0im6hp7wtonich6","previousEventId":"oa76jjf6t0enr10","operationId":"s4hi5kt3a7ghyaw","previousOperationId":"ivnax6xmfinj386"}
{"type":"log","timestamp":1708359517817,"level":"debug","message":"Executing recipe chrome-pdf","meta":{"rootId":"t5r3k0vdl477lgj","id":"t5r3k0vdl477lgj"},"id":"rlh5sx2xbkk7ljk","previousOperationId":"s4hi5kt3a7ghyaw"}
{"type":"log","timestamp":1708359518324,"level":"debug","message":"Converting with chrome HeadlessChrome/117.0.5938.149 using chrome-pool strategy","meta":{"rootId":"t5r3k0vdl477lgj","id":"t5r3k0vdl477lgj"},"id":"9dh8vepcjbozu9f","previousOperationId":"s4hi5kt3a7ghyaw"}
{"type":"log","timestamp":1708359518379,"level":"debug","message":"Page request: GET (document) file:///var/folders/tp/6hccbwhd41s4hkmxw_2wkz640000gn/T/jsreport/autocleanup/b608225a-45ad-420a-9519-5db0eaf60190-chrome-pdf.html","meta":{"rootId":"t5r3k0vdl477lgj","id":"t5r3k0vdl477lgj"},"id":"xpig65c5n5b86h7","previousOperationId":"s4hi5kt3a7ghyaw"}
{"type":"log","timestamp":1708359518385,"level":"debug","message":"Page request: GET (stylesheet) https://cdnjs.cloudflare.com/ajax/libs/metro/4.1.5/css/metro.min.css","meta":{"rootId":"t5r3k0vdl477lgj","id":"t5r3k0vdl477lgj"},"id":"opzj4kkf5vqtske","previousOperationId":"s4hi5kt3a7ghyaw"}
{"type":"log","timestamp":1708359518385,"level":"debug","message":"Page request: GET (script) https://cdnjs.cloudflare.com/ajax/libs/Chart.js/2.7.2/Chart.min.js","meta":{"rootId":"t5r3k0vdl477lgj","id":"t5r3k0vdl477lgj"},"id":"0zjywts8fo5wf7a","previousOperationId":"s4hi5kt3a7ghyaw"}
{"type":"log","timestamp":1708359518385,"level":"debug","message":"Page request finished: GET (document) 200 file:///var/folders/tp/6hccbwhd41s4hkmxw_2wkz640000gn/T/jsreport/autocleanup/b608225a-45ad-420a-9519-5db0eaf60190-chrome-pdf.html","meta":{"rootId":"t5r3k0vdl477lgj","id":"t5r3k0vdl477lgj"},"id":"9h0rc3ll37irz5z","previousOperationId":"s4hi5kt3a7ghyaw"}
{"type":"log","timestamp":1708359518796,"level":"debug","message":"Page request finished: GET (script) 200 https://cdnjs.cloudflare.com/ajax/libs/Chart.js/2.7.2/Chart.min.js","meta":{"rootId":"t5r3k0vdl477lgj","id":"t5r3k0vdl477lgj"},"id":"6n8as5hy5c2tg96","previousOperationId":"s4hi5kt3a7ghyaw"}
{"type":"log","timestamp":1708359518808,"level":"debug","message":"Page request finished: GET (stylesheet) 200 https://cdnjs.cloudflare.com/ajax/libs/metro/4.1.5/css/metro.min.css","meta":{"rootId":"t5r3k0vdl477lgj","id":"t5r3k0vdl477lgj"},"id":"ed4yp2w3ig1l8j8","previousOperationId":"s4hi5kt3a7ghyaw"}
{"type":"log","timestamp":1708359518812,"level":"warn","message":"Page error: \"undefined\" is not valid JSON\nJSON.parse (<anonymous>) , stack: SyntaxError: \"undefined\" is not valid JSON\nJSON.parse (<anonymous>)\n    at <anonymous> (file:///var/folders/tp/6hccbwhd41s4hkmxw_2wkz640000gn/T/jsreport/autocleanup/b608225a-45ad-420a-9519-5db0eaf60190-chrome-pdf.html:45:29)","meta":{"rootId":"t5r3k0vdl477lgj","id":"t5r3k0vdl477lgj"},"id":"utdmzu57tcazryy","previousOperationId":"s4hi5kt3a7ghyaw"}
{"type":"log","timestamp":1708359518829,"level":"debug","message":"Running chrome with params {\"printBackground\":true,\"marginTop\":\"4cm\",\"marginRight\":\"1.5cm\",\"marginBottom\":\"1.5cm\",\"marginLeft\":\"1.5cm\",\"waitForJS\":false,\"timeout\":59504,\"margin\":{\"top\":\"4cm\",\"right\":\"1.5cm\",\"bottom\":\"1.5cm\",\"left\":\"1.5cm\"}}","meta":{"rootId":"t5r3k0vdl477lgj","id":"t5r3k0vdl477lgj"},"id":"off4edxcpfekb9z","previousOperationId":"s4hi5kt3a7ghyaw"}
{"type":"operationEnd","operationId":"s4hi5kt3a7ghyaw","timestamp":1708359518846,"id":"o2cehmz5ibg676h","previousEventId":"0im6hp7wtonich6","previousOperationId":"s4hi5kt3a7ghyaw"}
{"type":"log","timestamp":1708359518847,"level":"info","message":"pdf-utils is starting pdf processing","meta":{"rootId":"t5r3k0vdl477lgj","id":"t5r3k0vdl477lgj"},"id":"1qvf16pvi66s2nx","previousOperationId":"s4hi5kt3a7ghyaw"}
{"type":"operationStart","subtype":"pdfUtils","name":"pdf utils","timestamp":1708359518956,"id":"oci5a6imdhy4p8u","previousEventId":"o2cehmz5ibg676h","operationId":"vthn4m5gvgfi4kh","previousOperationId":"s4hi5kt3a7ghyaw"}
{"type":"log","timestamp":1708359518956,"level":"debug","message":"pdf-utils detected 1 pdf operation(s) to process","meta":{"rootId":"t5r3k0vdl477lgj","id":"t5r3k0vdl477lgj"},"id":"ee9d2lflf4n9z7v","previousOperationId":"vthn4m5gvgfi4kh"}
{"type":"log","timestamp":1708359519063,"level":"debug","message":"pdf-utils running pdf operation merge","meta":{"rootId":"t5r3k0vdl477lgj","id":"t5r3k0vdl477lgj"},"id":"wc9nrrziohj3ru2","previousOperationId":"vthn4m5gvgfi4kh"}
{"type":"operationStart","subtype":"pdfUtilsMerge","name":"pdf utils merge","previousOperationId":"vthn4m5gvgfi4kh","timestamp":1708359519063,"id":"t8n5cnvdek3yed3","previousEventId":"oci5a6imdhy4p8u","operationId":"qqvfe6pzxv32qjv"}
{"type":"operationStart","subtype":"render","name":"orders-header","previousOperationId":"qqvfe6pzxv32qjv","timestamp":1708359519064,"id":"96t2fyz9ggpse2t","previousEventId":"t8n5cnvdek3yed3","operationId":"xltfs9250dlv1z1"}
{"type":"log","timestamp":1708359519064,"level":"info","message":"Starting rendering (child) request","meta":{"rootId":"t5r3k0vdl477lgj","id":"rvyrlglclgroox5"},"id":"h3mvbof37b1unr0","previousOperationId":"xltfs9250dlv1z1"}
{"type":"log","timestamp":1708359519064,"level":"info","message":"Rendering template { name: orders-header, recipe: chrome-pdf, engine: handlebars, preview: true }","meta":{"rootId":"t5r3k0vdl477lgj","id":"rvyrlglclgroox5"},"id":"4r9pusz0yh5jqmh","previousOperationId":"xltfs9250dlv1z1"}
{"type":"log","timestamp":1708359519066,"level":"debug","message":"Inline data specified.","meta":{"rootId":"t5r3k0vdl477lgj","id":"rvyrlglclgroox5"},"id":"j6af8exaomeub23","previousOperationId":"xltfs9250dlv1z1"}
{"type":"log","timestamp":1708359519067,"level":"debug","message":"Base url not specified, skipping its injection.","meta":{"rootId":"t5r3k0vdl477lgj","id":"rvyrlglclgroox5"},"id":"zzjf188648cmwcx","previousOperationId":"xltfs9250dlv1z1"}
{"type":"operationStart","subtype":"engine","name":"handlebars","timestamp":1708359519067,"id":"cenmg4orkibl5tn","previousEventId":"96t2fyz9ggpse2t","operationId":"cnlcv9qz1t92wkt","previousOperationId":"xltfs9250dlv1z1"}
{"type":"log","timestamp":1708359519067,"level":"debug","message":"Rendering engine handlebars","meta":{"rootId":"t5r3k0vdl477lgj","id":"rvyrlglclgroox5"},"id":"5qjvfe772hjzy7w","previousOperationId":"cnlcv9qz1t92wkt"}
{"type":"operationEnd","operationId":"cnlcv9qz1t92wkt","timestamp":1708359519116,"id":"z4vsnjebosssq9r","previousEventId":"cenmg4orkibl5tn","previousOperationId":"cnlcv9qz1t92wkt"}
{"type":"operationStart","subtype":"recipe","name":"chrome-pdf","timestamp":1708359519116,"id":"1e5vrr4kpfdfmqw","previousEventId":"z4vsnjebosssq9r","operationId":"md0k58hpyb7hcxg","previousOperationId":"cnlcv9qz1t92wkt"}
{"type":"log","timestamp":1708359519116,"level":"debug","message":"Executing recipe chrome-pdf","meta":{"rootId":"t5r3k0vdl477lgj","id":"rvyrlglclgroox5"},"id":"x0qr87awoevpjfp","previousOperationId":"md0k58hpyb7hcxg"}
{"type":"log","timestamp":1708359519117,"level":"debug","message":"Converting with chrome HeadlessChrome/117.0.5938.149 using chrome-pool strategy","meta":{"rootId":"t5r3k0vdl477lgj","id":"rvyrlglclgroox5"},"id":"ld9ewp2hedrxr19","previousOperationId":"md0k58hpyb7hcxg"}
{"type":"log","timestamp":1708359519157,"level":"debug","message":"Page request: GET (document) file:///var/folders/tp/6hccbwhd41s4hkmxw_2wkz640000gn/T/jsreport/autocleanup/b78b664a-0e36-4caf-8b29-1bdbf2199118-chrome-pdf.html","meta":{"rootId":"t5r3k0vdl477lgj","id":"rvyrlglclgroox5"},"id":"7jircjrgwl025ob","previousOperationId":"md0k58hpyb7hcxg"}
{"type":"log","timestamp":1708359519165,"level":"debug","message":"Page request: GET (stylesheet) https://cdnjs.cloudflare.com/ajax/libs/metro/4.1.5/css/metro.min.css","meta":{"rootId":"t5r3k0vdl477lgj","id":"rvyrlglclgroox5"},"id":"rkh9vsz9ombvec2","previousOperationId":"md0k58hpyb7hcxg"}
{"type":"log","timestamp":1708359519165,"level":"debug","message":"Page request finished: GET (document) 200 file:///var/folders/tp/6hccbwhd41s4hkmxw_2wkz640000gn/T/jsreport/autocleanup/b78b664a-0e36-4caf-8b29-1bdbf2199118-chrome-pdf.html","meta":{"rootId":"t5r3k0vdl477lgj","id":"rvyrlglclgroox5"},"id":"vha1j5tkzegf6lm","previousOperationId":"md0k58hpyb7hcxg"}
{"type":"log","timestamp":1708359519172,"level":"debug","message":"Page request finished: GET (stylesheet) 200 https://cdnjs.cloudflare.com/ajax/libs/metro/4.1.5/css/metro.min.css","meta":{"rootId":"t5r3k0vdl477lgj","id":"rvyrlglclgroox5"},"id":"z1eqewczk45zr2q","previousOperationId":"md0k58hpyb7hcxg"}
{"type":"log","timestamp":1708359519191,"level":"debug","message":"Running chrome with params {\"printBackground\":true,\"marginTop\":\"1.5cm\",\"marginRight\":\"1.5cm\",\"marginLeft\":\"1.cm\",\"timeout\":58386,\"margin\":{\"top\":\"1.5cm\",\"right\":\"1.5cm\",\"left\":\"1.cm\"}}","meta":{"rootId":"t5r3k0vdl477lgj","id":"rvyrlglclgroox5"},"id":"8otp0wnbm8we04e","previousOperationId":"md0k58hpyb7hcxg"}
{"type":"operationEnd","operationId":"md0k58hpyb7hcxg","timestamp":1708359519210,"id":"389hhlv3fd438t3","previousEventId":"1e5vrr4kpfdfmqw","previousOperationId":"md0k58hpyb7hcxg"}
{"type":"log","timestamp":1708359519211,"level":"debug","message":"Skipping storing report.","meta":{"rootId":"t5r3k0vdl477lgj","id":"rvyrlglclgroox5"},"id":"bvgrlfdkonp70ms","previousOperationId":"md0k58hpyb7hcxg"}
{"type":"log","timestamp":1708359519211,"level":"info","message":"Rendering (child) request finished in 1709 ms","meta":{"rootId":"t5r3k0vdl477lgj","id":"rvyrlglclgroox5"},"id":"xksxe5ylp0bd7wl","previousOperationId":"md0k58hpyb7hcxg"}
{"type":"operationEnd","subtype":"render","operationId":"xltfs9250dlv1z1","timestamp":1708359519211,"id":"rz8haciy4xqx3en","previousEventId":"389hhlv3fd438t3","previousOperationId":"md0k58hpyb7hcxg"}
{"type":"operationEnd","operationId":"qqvfe6pzxv32qjv","timestamp":1708359519232,"id":"ltkn51vkqu3z311","previousEventId":"t8n5cnvdek3yed3","previousOperationId":"qqvfe6pzxv32qjv"}
{"type":"log","timestamp":1708359519232,"level":"debug","message":"pdf-utils postproces start","meta":{"rootId":"t5r3k0vdl477lgj","id":"t5r3k0vdl477lgj"},"id":"eis19un9oyh91v4","previousOperationId":"qqvfe6pzxv32qjv"}
{"type":"log","timestamp":1708359519249,"level":"debug","message":"pdf-utils postproces end","meta":{"rootId":"t5r3k0vdl477lgj","id":"t5r3k0vdl477lgj"},"id":"emv9jvydhb1s7ck","previousOperationId":"qqvfe6pzxv32qjv"}
{"type":"operationEnd","operationId":"vthn4m5gvgfi4kh","timestamp":1708359519249,"id":"k0u6twgzh7sjs99","previousEventId":"ltkn51vkqu3z311","previousOperationId":"qqvfe6pzxv32qjv"}
{"type":"log","timestamp":1708359519249,"level":"info","message":"pdf-utils pdf processing was finished","meta":{"rootId":"t5r3k0vdl477lgj","id":"t5r3k0vdl477lgj"},"id":"xcak9fgvt86mkxf","previousOperationId":"vthn4m5gvgfi4kh"}
{"type":"log","timestamp":1708359519249,"level":"debug","message":"Skipping storing report.","meta":{"rootId":"t5r3k0vdl477lgj","id":"t5r3k0vdl477lgj"},"id":"a3cr986tm9s9su7","previousOperationId":"vthn4m5gvgfi4kh"}
{"type":"log","timestamp":1708359519249,"level":"info","message":"Rendering request 4 finished in 1747 ms","meta":{"rootId":"t5r3k0vdl477lgj","id":"t5r3k0vdl477lgj"},"id":"62n9ktf9htl07gv","previousOperationId":"vthn4m5gvgfi4kh"}
{"type":"operationEnd","subtype":"render","operationId":"7k47gshiiokh7c9","timestamp":1708359519249,"id":"wfts0ldbzu61t3t","previousEventId":"k0u6twgzh7sjs99","previousOperationId":"vthn4m5gvgfi4kh"}
{"type":"operationEnd","doDiffs":false,"previousEventId":"timnq4eydqu5qkt","previousOperationId":"5p6o7rydrxe53zt","operationId":"5p6o7rydrxe53zt","timestamp":1708359519253,"id":"akbhqvp0jlxqf8n"}
