{"type":"operationStart","subtype":"profile","data":{"_id":"uD1kujjcjs5bhSTd","timestamp":"2024-01-11T20:17:47.571Z","state":"queued","mode":"standard","creationDate":"2024-01-11T20:17:47.572Z","modificationDate":"2024-01-11T20:17:47.572Z","shortid":"BsZrS0l","$entitySet":"profiles"},"doDiffs":false,"timestamp":1705004267572,"id":"swpn2uz02cyizhm","previousOperationId":null,"operationId":"qtb4q2sinm86nfz"}
{"type":"log","level":"info","message":"Render request 23 queued for execution and waiting for available worker","previousOperationId":"qtb4q2sinm86nfz","timestamp":1705004267572,"id":"ubp1fed7w98ny7x"}
{"type":"operationStart","subtype":"render","name":"orders-main","previousOperationId":"qtb4q2sinm86nfz","timestamp":1705004267578,"id":"ry68tq13b1tnw6p","previousEventId":"swpn2uz02cyizhm","operationId":"6kgkau7n8j2memc"}
{"type":"log","timestamp":1705004267578,"level":"info","message":"Starting rendering request 23","meta":{"rootId":"5941csdfbj2kyo8","id":"5941csdfbj2kyo8"},"id":"vds30we2fxdvi29","previousOperationId":"6kgkau7n8j2memc"}
{"type":"log","timestamp":1705004267578,"level":"info","message":"Rendering template { name: orders-main, recipe: chrome-pdf, engine: handlebars, preview: true }","meta":{"rootId":"5941csdfbj2kyo8","id":"5941csdfbj2kyo8"},"id":"2qmig8kionzwkfq","previousOperationId":"6kgkau7n8j2memc"}
{"type":"log","timestamp":1705004267580,"level":"debug","message":"Data item not defined for this template.","meta":{"rootId":"5941csdfbj2kyo8","id":"5941csdfbj2kyo8"},"id":"l6kk9zoj7sbcegj","previousOperationId":"6kgkau7n8j2memc"}
{"type":"log","timestamp":1705004267581,"level":"debug","message":"Executing script orders-script (beforeRender)","meta":{"rootId":"5941csdfbj2kyo8","id":"5941csdfbj2kyo8"},"id":"o9zw0z98xjqljrz","previousOperationId":"6kgkau7n8j2memc"}
{"type":"operationStart","subtype":"scriptsBeforeRender","name":"scripts beforeRender","timestamp":1705004267615,"id":"o5q5haq0lexw6jt","previousEventId":"ry68tq13b1tnw6p","operationId":"4x4exuwrv0xc5x2","previousOperationId":"6kgkau7n8j2memc"}
{"type":"operationStart","subtype":"script","name":"scripts orders-script","previousOperationId":"4x4exuwrv0xc5x2","timestamp":1705004267615,"id":"9y4hvej7kfzekgi","previousEventId":"o5q5haq0lexw6jt","operationId":"1m7nk61x6y1wall"}
{"type":"operationEnd","operationId":"1m7nk61x6y1wall","timestamp":1705004267643,"id":"dwbvvqcnnhbzmo1","previousEventId":"ry68tq13b1tnw6p","previousOperationId":"6kgkau7n8j2memc"}
{"type":"operationEnd","operationId":"4x4exuwrv0xc5x2","timestamp":1705004267643,"id":"kj7vqtlix0asrbn","previousEventId":"dwbvvqcnnhbzmo1","previousOperationId":"6kgkau7n8j2memc"}
{"type":"log","timestamp":1705004267643,"level":"debug","message":"Base url not specified, skipping its injection.","meta":{"rootId":"5941csdfbj2kyo8","id":"5941csdfbj2kyo8"},"id":"43cgnc449poqnh4","previousOperationId":"4x4exuwrv0xc5x2"}
{"type":"operationStart","subtype":"engine","name":"handlebars","timestamp":1705004267644,"id":"4kshv4xlizbp7i5","previousEventId":"kj7vqtlix0asrbn","operationId":"jovxbpsv8usdrmh","previousOperationId":"4x4exuwrv0xc5x2"}
{"type":"log","timestamp":1705004267644,"level":"debug","message":"Rendering engine handlebars","meta":{"rootId":"5941csdfbj2kyo8","id":"5941csdfbj2kyo8"},"id":"zoiyyz3w2ce8k0q","previousOperationId":"jovxbpsv8usdrmh"}
{"type":"log","timestamp":1705004267702,"level":"debug","message":"(console:log) Pdf utils adding group field, value: \"Ciudad1\"","meta":{"userLevel":true,"rootId":"5941csdfbj2kyo8","id":"5941csdfbj2kyo8"},"id":"cvw5val58h9wkyj","previousOperationId":"jovxbpsv8usdrmh"}
{"type":"log","timestamp":1705004267703,"level":"debug","message":"(console:log) Pdf utils adding group field, value: \"Ciudad2\"","meta":{"userLevel":true,"rootId":"5941csdfbj2kyo8","id":"5941csdfbj2kyo8"},"id":"c5ifkhfnshljs6k","previousOperationId":"jovxbpsv8usdrmh"}
{"type":"log","timestamp":1705004267703,"level":"debug","message":"(console:log) Pdf utils adding group field, value: \"fdbd\"","meta":{"userLevel":true,"rootId":"5941csdfbj2kyo8","id":"5941csdfbj2kyo8"},"id":"ugjgi7s9rz1w5j4","previousOperationId":"jovxbpsv8usdrmh"}
{"type":"log","timestamp":1705004267703,"level":"debug","message":"(console:log) Pdf utils adding group field, value: \"ewf\"","meta":{"userLevel":true,"rootId":"5941csdfbj2kyo8","id":"5941csdfbj2kyo8"},"id":"ws811bgx9apja9p","previousOperationId":"jovxbpsv8usdrmh"}
{"type":"operationEnd","operationId":"jovxbpsv8usdrmh","timestamp":1705004267703,"id":"89g0jp4vcgqjlhu","previousEventId":"4kshv4xlizbp7i5","previousOperationId":"jovxbpsv8usdrmh"}
{"type":"operationStart","subtype":"recipe","name":"chrome-pdf","timestamp":1705004267704,"id":"j3zmyl4ufd3e4fz","previousEventId":"89g0jp4vcgqjlhu","operationId":"43uba4ky7tbsivg","previousOperationId":"jovxbpsv8usdrmh"}
{"type":"log","timestamp":1705004267704,"level":"debug","message":"Executing recipe chrome-pdf","meta":{"rootId":"5941csdfbj2kyo8","id":"5941csdfbj2kyo8"},"id":"7qqlp6azcy4vom2","previousOperationId":"43uba4ky7tbsivg"}
{"type":"log","timestamp":1705004268084,"level":"debug","message":"Converting with chrome HeadlessChrome/117.0.5938.149 using chrome-pool strategy","meta":{"rootId":"5941csdfbj2kyo8","id":"5941csdfbj2kyo8"},"id":"m0e4i875uwth802","previousOperationId":"43uba4ky7tbsivg"}
{"type":"log","timestamp":1705004269408,"level":"debug","message":"Page request: GET (document) file:///C:/Users/DANIEL~1/AppData/Local/Temp/jsreport/autocleanup/80423ecd-a5b1-482c-aee2-d492e62eb3f1-chrome-pdf.html","meta":{"rootId":"5941csdfbj2kyo8","id":"5941csdfbj2kyo8"},"id":"pyptp4w11rm3nq1","previousOperationId":"43uba4ky7tbsivg"}
{"type":"log","timestamp":1705004269444,"level":"debug","message":"Page request: GET (stylesheet) https://cdnjs.cloudflare.com/ajax/libs/metro/4.1.5/css/metro.min.css","meta":{"rootId":"5941csdfbj2kyo8","id":"5941csdfbj2kyo8"},"id":"o4s279j73agsmpu","previousOperationId":"43uba4ky7tbsivg"}
{"type":"log","timestamp":1705004269444,"level":"debug","message":"Page request: GET (script) https://cdnjs.cloudflare.com/ajax/libs/Chart.js/2.7.2/Chart.min.js","meta":{"rootId":"5941csdfbj2kyo8","id":"5941csdfbj2kyo8"},"id":"2o4w27khysa5mhp","previousOperationId":"43uba4ky7tbsivg"}
{"type":"log","timestamp":1705004269445,"level":"debug","message":"Page request finished: GET (document) 200 file:///C:/Users/DANIEL~1/AppData/Local/Temp/jsreport/autocleanup/80423ecd-a5b1-482c-aee2-d492e62eb3f1-chrome-pdf.html","meta":{"rootId":"5941csdfbj2kyo8","id":"5941csdfbj2kyo8"},"id":"plczzfoe8u28lu5","previousOperationId":"43uba4ky7tbsivg"}
{"type":"log","timestamp":1705004271966,"level":"debug","message":"Page request finished: GET (stylesheet) 200 https://cdnjs.cloudflare.com/ajax/libs/metro/4.1.5/css/metro.min.css","meta":{"rootId":"5941csdfbj2kyo8","id":"5941csdfbj2kyo8"},"id":"nq7cmm2wlqtxasp","previousOperationId":"43uba4ky7tbsivg"}
{"type":"log","timestamp":1705004271966,"level":"debug","message":"Page request finished: GET (script) 200 https://cdnjs.cloudflare.com/ajax/libs/Chart.js/2.7.2/Chart.min.js","meta":{"rootId":"5941csdfbj2kyo8","id":"5941csdfbj2kyo8"},"id":"6s9y92x9b18v1uy","previousOperationId":"43uba4ky7tbsivg"}
{"type":"log","timestamp":1705004271973,"level":"warn","message":"Page error: \"undefined\" is not valid JSON\nJSON.parse (<anonymous>) , stack: SyntaxError: \"undefined\" is not valid JSON\nJSON.parse (<anonymous>)\n    at <anonymous> (file:///C:/Users/DANIEL~1/AppData/Local/Temp/jsreport/autocleanup/80423ecd-a5b1-482c-aee2-d492e62eb3f1-chrome-pdf.html:40:29)","meta":{"rootId":"5941csdfbj2kyo8","id":"5941csdfbj2kyo8"},"id":"lwjqh6xmm8oepqx","previousOperationId":"43uba4ky7tbsivg"}
{"type":"log","timestamp":1705004271973,"level":"warn","message":"Page error: \"undefined\" is not valid JSON\nJSON.parse (<anonymous>) , stack: SyntaxError: \"undefined\" is not valid JSON\nJSON.parse (<anonymous>)\n    at <anonymous> (file:///C:/Users/DANIEL~1/AppData/Local/Temp/jsreport/autocleanup/80423ecd-a5b1-482c-aee2-d492e62eb3f1-chrome-pdf.html:90:29)","meta":{"rootId":"5941csdfbj2kyo8","id":"5941csdfbj2kyo8"},"id":"mqfhtqurnw03ss6","previousOperationId":"43uba4ky7tbsivg"}
{"type":"log","timestamp":1705004271973,"level":"warn","message":"Page error: \"undefined\" is not valid JSON\nJSON.parse (<anonymous>) , stack: SyntaxError: \"undefined\" is not valid JSON\nJSON.parse (<anonymous>)\n    at <anonymous> (file:///C:/Users/DANIEL~1/AppData/Local/Temp/jsreport/autocleanup/80423ecd-a5b1-482c-aee2-d492e62eb3f1-chrome-pdf.html:140:29)","meta":{"rootId":"5941csdfbj2kyo8","id":"5941csdfbj2kyo8"},"id":"ahfrticqe9vxwgc","previousOperationId":"43uba4ky7tbsivg"}
{"type":"log","timestamp":1705004271974,"level":"warn","message":"Page error: \"undefined\" is not valid JSON\nJSON.parse (<anonymous>) , stack: SyntaxError: \"undefined\" is not valid JSON\nJSON.parse (<anonymous>)\n    at <anonymous> (file:///C:/Users/DANIEL~1/AppData/Local/Temp/jsreport/autocleanup/80423ecd-a5b1-482c-aee2-d492e62eb3f1-chrome-pdf.html:190:29)","meta":{"rootId":"5941csdfbj2kyo8","id":"5941csdfbj2kyo8"},"id":"u8x078u6wh1odkp","previousOperationId":"43uba4ky7tbsivg"}
{"type":"log","timestamp":1705004271990,"level":"debug","message":"Running chrome with params {\"printBackground\":true,\"marginTop\":\"4cm\",\"marginRight\":\"1.5cm\",\"marginBottom\":\"1.5cm\",\"marginLeft\":\"1.5cm\",\"waitForJS\":false,\"timeout\":59595,\"margin\":{\"top\":\"4cm\",\"right\":\"1.5cm\",\"bottom\":\"1.5cm\",\"left\":\"1.5cm\"}}","meta":{"rootId":"5941csdfbj2kyo8","id":"5941csdfbj2kyo8"},"id":"r4whbjv9d9lush3","previousOperationId":"43uba4ky7tbsivg"}
{"type":"operationEnd","operationId":"43uba4ky7tbsivg","timestamp":1705004272036,"id":"1bsydx9mx42mxhe","previousEventId":"j3zmyl4ufd3e4fz","previousOperationId":"43uba4ky7tbsivg"}
{"type":"log","timestamp":1705004272036,"level":"info","message":"pdf-utils is starting pdf processing","meta":{"rootId":"5941csdfbj2kyo8","id":"5941csdfbj2kyo8"},"id":"yf57sfhz2zevf8l","previousOperationId":"43uba4ky7tbsivg"}
{"type":"operationStart","subtype":"pdfUtils","name":"pdf utils","timestamp":1705004272178,"id":"0v517gfifltv2vb","previousEventId":"1bsydx9mx42mxhe","operationId":"berbhv9echzgjxa","previousOperationId":"43uba4ky7tbsivg"}
{"type":"log","timestamp":1705004272178,"level":"debug","message":"pdf-utils detected 1 pdf operation(s) to process","meta":{"rootId":"5941csdfbj2kyo8","id":"5941csdfbj2kyo8"},"id":"byls27mxxy4qm14","previousOperationId":"berbhv9echzgjxa"}
{"type":"log","timestamp":1705004272348,"level":"debug","message":"pdf-utils running pdf operation merge","meta":{"rootId":"5941csdfbj2kyo8","id":"5941csdfbj2kyo8"},"id":"vhhsoz30xtz15pu","previousOperationId":"berbhv9echzgjxa"}
{"type":"operationStart","subtype":"pdfUtilsMerge","name":"pdf utils merge","previousOperationId":"berbhv9echzgjxa","timestamp":1705004272348,"id":"s0406is7qh1i19y","previousEventId":"0v517gfifltv2vb","operationId":"ge087525vjqz5q8"}
{"type":"operationStart","subtype":"render","name":"orders-header","previousOperationId":"ge087525vjqz5q8","timestamp":1705004272350,"id":"2pfikjahdnppjkr","previousEventId":"s0406is7qh1i19y","operationId":"bt40ghtrlng2t2k"}
{"type":"log","timestamp":1705004272350,"level":"info","message":"Starting rendering (child) request","meta":{"rootId":"5941csdfbj2kyo8","id":"44dw4c11zbxecb2"},"id":"cu3jk6nk7dvdkpu","previousOperationId":"bt40ghtrlng2t2k"}
{"type":"log","timestamp":1705004272350,"level":"info","message":"Rendering template { name: orders-header, recipe: chrome-pdf, engine: handlebars, preview: true }","meta":{"rootId":"5941csdfbj2kyo8","id":"44dw4c11zbxecb2"},"id":"fb62em8ijasadzg","previousOperationId":"bt40ghtrlng2t2k"}
{"type":"log","timestamp":1705004272363,"level":"debug","message":"Inline data specified.","meta":{"rootId":"5941csdfbj2kyo8","id":"44dw4c11zbxecb2"},"id":"5bguvc3x9j19vkt","previousOperationId":"bt40ghtrlng2t2k"}
{"type":"log","timestamp":1705004272364,"level":"debug","message":"Base url not specified, skipping its injection.","meta":{"rootId":"5941csdfbj2kyo8","id":"44dw4c11zbxecb2"},"id":"7qx4pvicmdvzdeb","previousOperationId":"bt40ghtrlng2t2k"}
{"type":"operationStart","subtype":"engine","name":"handlebars","timestamp":1705004272364,"id":"qaxobfgmybx5n4y","previousEventId":"2pfikjahdnppjkr","operationId":"jk5m91q3at0ieym","previousOperationId":"bt40ghtrlng2t2k"}
{"type":"log","timestamp":1705004272364,"level":"debug","message":"Rendering engine handlebars","meta":{"rootId":"5941csdfbj2kyo8","id":"44dw4c11zbxecb2"},"id":"b1tdo1ig035q23g","previousOperationId":"jk5m91q3at0ieym"}
{"type":"operationEnd","operationId":"jk5m91q3at0ieym","timestamp":1705004272383,"id":"9ic0tn82oi8d1y5","previousEventId":"qaxobfgmybx5n4y","previousOperationId":"jk5m91q3at0ieym"}
{"type":"operationStart","subtype":"recipe","name":"chrome-pdf","timestamp":1705004272383,"id":"k1ejnsbsm8ej6h1","previousEventId":"9ic0tn82oi8d1y5","operationId":"vkwgkqlsdh84php","previousOperationId":"jk5m91q3at0ieym"}
{"type":"log","timestamp":1705004272383,"level":"debug","message":"Executing recipe chrome-pdf","meta":{"rootId":"5941csdfbj2kyo8","id":"44dw4c11zbxecb2"},"id":"csusdixprlkve54","previousOperationId":"vkwgkqlsdh84php"}
{"type":"log","timestamp":1705004272385,"level":"debug","message":"Converting with chrome HeadlessChrome/117.0.5938.149 using chrome-pool strategy","meta":{"rootId":"5941csdfbj2kyo8","id":"44dw4c11zbxecb2"},"id":"d0m2x17obpklkwt","previousOperationId":"vkwgkqlsdh84php"}
{"type":"log","timestamp":1705004272447,"level":"debug","message":"Page request: GET (document) file:///C:/Users/DANIEL~1/AppData/Local/Temp/jsreport/autocleanup/7414fd80-e40a-4d10-a064-bb1ee998e3a6-chrome-pdf.html","meta":{"rootId":"5941csdfbj2kyo8","id":"44dw4c11zbxecb2"},"id":"nm5hzgx42sn36e2","previousOperationId":"vkwgkqlsdh84php"}
{"type":"log","timestamp":1705004272459,"level":"debug","message":"Page request: GET (stylesheet) https://cdnjs.cloudflare.com/ajax/libs/metro/4.1.5/css/metro.min.css","meta":{"rootId":"5941csdfbj2kyo8","id":"44dw4c11zbxecb2"},"id":"m68usvc9t2jgs6q","previousOperationId":"vkwgkqlsdh84php"}
{"type":"log","timestamp":1705004272459,"level":"debug","message":"Page request finished: GET (document) 200 file:///C:/Users/DANIEL~1/AppData/Local/Temp/jsreport/autocleanup/7414fd80-e40a-4d10-a064-bb1ee998e3a6-chrome-pdf.html","meta":{"rootId":"5941csdfbj2kyo8","id":"44dw4c11zbxecb2"},"id":"0tg54wakupxa3ug","previousOperationId":"vkwgkqlsdh84php"}
{"type":"log","timestamp":1705004272470,"level":"debug","message":"Page request finished: GET (stylesheet) 200 https://cdnjs.cloudflare.com/ajax/libs/metro/4.1.5/css/metro.min.css","meta":{"rootId":"5941csdfbj2kyo8","id":"44dw4c11zbxecb2"},"id":"yqg0q6h6888ipwv","previousOperationId":"vkwgkqlsdh84php"}
{"type":"log","timestamp":1705004272483,"level":"debug","message":"Running chrome with params {\"printBackground\":true,\"marginTop\":\"1.5cm\",\"marginRight\":\"1.5cm\",\"marginLeft\":\"1.cm\",\"timeout\":55187,\"margin\":{\"top\":\"1.5cm\",\"right\":\"1.5cm\",\"left\":\"1.cm\"}}","meta":{"rootId":"5941csdfbj2kyo8","id":"44dw4c11zbxecb2"},"id":"p5n538ma8f9dzbw","previousOperationId":"vkwgkqlsdh84php"}
{"type":"operationEnd","operationId":"vkwgkqlsdh84php","timestamp":1705004272512,"id":"xvixuc1w3h1z3sk","previousEventId":"k1ejnsbsm8ej6h1","previousOperationId":"vkwgkqlsdh84php"}
{"type":"log","timestamp":1705004272513,"level":"debug","message":"Skipping storing report.","meta":{"rootId":"5941csdfbj2kyo8","id":"44dw4c11zbxecb2"},"id":"7psf0qjq2t5bn6z","previousOperationId":"vkwgkqlsdh84php"}
{"type":"log","timestamp":1705004272513,"level":"info","message":"Rendering (child) request finished in 4942 ms","meta":{"rootId":"5941csdfbj2kyo8","id":"44dw4c11zbxecb2"},"id":"ye03kugrgercuuk","previousOperationId":"vkwgkqlsdh84php"}
{"type":"operationEnd","subtype":"render","operationId":"bt40ghtrlng2t2k","timestamp":1705004272513,"id":"nqsefz8z7t6my0b","previousEventId":"xvixuc1w3h1z3sk","previousOperationId":"vkwgkqlsdh84php"}
{"type":"operationEnd","operationId":"ge087525vjqz5q8","timestamp":1705004272529,"id":"dikief9f1r919kk","previousEventId":"s0406is7qh1i19y","previousOperationId":"ge087525vjqz5q8"}
{"type":"log","timestamp":1705004272529,"level":"debug","message":"pdf-utils postproces start","meta":{"rootId":"5941csdfbj2kyo8","id":"5941csdfbj2kyo8"},"id":"z52lo8zjeh8mins","previousOperationId":"ge087525vjqz5q8"}
{"type":"log","timestamp":1705004272542,"level":"debug","message":"pdf-utils postproces end","meta":{"rootId":"5941csdfbj2kyo8","id":"5941csdfbj2kyo8"},"id":"k4f481mn6q9tz1m","previousOperationId":"ge087525vjqz5q8"}
{"type":"operationEnd","operationId":"berbhv9echzgjxa","timestamp":1705004272542,"id":"avywqf8rf3a6fdh","previousEventId":"dikief9f1r919kk","previousOperationId":"ge087525vjqz5q8"}
{"type":"log","timestamp":1705004272543,"level":"info","message":"pdf-utils pdf processing was finished","meta":{"rootId":"5941csdfbj2kyo8","id":"5941csdfbj2kyo8"},"id":"5epw1nvs6sq6vxp","previousOperationId":"berbhv9echzgjxa"}
{"type":"log","timestamp":1705004272543,"level":"debug","message":"Skipping storing report.","meta":{"rootId":"5941csdfbj2kyo8","id":"5941csdfbj2kyo8"},"id":"kwnexvevwnx24sn","previousOperationId":"berbhv9echzgjxa"}
{"type":"log","timestamp":1705004272543,"level":"info","message":"Rendering request 23 finished in 4972 ms","meta":{"rootId":"5941csdfbj2kyo8","id":"5941csdfbj2kyo8"},"id":"d8gopyuf6ylocle","previousOperationId":"berbhv9echzgjxa"}
{"type":"operationEnd","subtype":"render","operationId":"6kgkau7n8j2memc","timestamp":1705004272543,"id":"coghdru2hwg486l","previousEventId":"avywqf8rf3a6fdh","previousOperationId":"berbhv9echzgjxa"}
{"type":"operationEnd","doDiffs":false,"previousEventId":"swpn2uz02cyizhm","previousOperationId":"qtb4q2sinm86nfz","operationId":"qtb4q2sinm86nfz","timestamp":1705004272554,"id":"sdjua5t3y5b4heq"}
