{"type":"operationStart","subtype":"profile","data":{"_id":"WGVFw075FqzQ56ML","timestamp":"2024-01-11T15:33:52.294Z","state":"queued","mode":"standard","creationDate":"2024-01-11T15:33:52.296Z","modificationDate":"2024-01-11T15:33:52.296Z","shortid":"OTKyJLp","$entitySet":"profiles"},"doDiffs":false,"timestamp":1704987232295,"id":"c9y9phogis5x32k","previousOperationId":null,"operationId":"8xwcsx32576vv5t"}
{"type":"log","level":"info","message":"Render request 5 queued for execution and waiting for available worker","previousOperationId":"8xwcsx32576vv5t","timestamp":1704987232295,"id":"qcdwhw5zpiv6nds"}
{"type":"operationStart","subtype":"render","name":"orders-main","previousOperationId":"8xwcsx32576vv5t","timestamp":1704987232301,"id":"yv8kvee4ekceod0","previousEventId":"c9y9phogis5x32k","operationId":"6eeg13lp94oezei"}
{"type":"log","timestamp":1704987232301,"level":"info","message":"Starting rendering request 5","meta":{"rootId":"xedek57t7patt2x","id":"xedek57t7patt2x"},"id":"mim0ch96kii023z","previousOperationId":"6eeg13lp94oezei"}
{"type":"log","timestamp":1704987232301,"level":"info","message":"Rendering template { name: orders-main, recipe: chrome-pdf, engine: handlebars, preview: true }","meta":{"rootId":"xedek57t7patt2x","id":"xedek57t7patt2x"},"id":"w0o2k5yl5710lcb","previousOperationId":"6eeg13lp94oezei"}
{"type":"log","timestamp":1704987232302,"level":"debug","message":"Data item not defined for this template.","meta":{"rootId":"xedek57t7patt2x","id":"xedek57t7patt2x"},"id":"x4fwfn78b74z9qw","previousOperationId":"6eeg13lp94oezei"}
{"type":"log","timestamp":1704987232303,"level":"debug","message":"Executing script orders-script (beforeRender)","meta":{"rootId":"xedek57t7patt2x","id":"xedek57t7patt2x"},"id":"oii4yifd9l5k16p","previousOperationId":"6eeg13lp94oezei"}
{"type":"operationStart","subtype":"scriptsBeforeRender","name":"scripts beforeRender","timestamp":1704987232310,"id":"re27amjpir79zy6","previousEventId":"yv8kvee4ekceod0","operationId":"vx0a3idjq1blu9t","previousOperationId":"6eeg13lp94oezei"}
{"type":"operationStart","subtype":"script","name":"scripts orders-script","previousOperationId":"vx0a3idjq1blu9t","timestamp":1704987232310,"id":"v52p9i69j16kjr3","previousEventId":"re27amjpir79zy6","operationId":"35kh9jxhlszy7fj"}
{"type":"operationEnd","operationId":"35kh9jxhlszy7fj","timestamp":1704987233677,"id":"sugr4hirva3fbc1","previousEventId":"yv8kvee4ekceod0","previousOperationId":"6eeg13lp94oezei"}
{"type":"operationEnd","operationId":"vx0a3idjq1blu9t","timestamp":1704987233677,"id":"khbkzjegrtfids4","previousEventId":"sugr4hirva3fbc1","previousOperationId":"6eeg13lp94oezei"}
{"type":"log","timestamp":1704987233677,"level":"debug","message":"Base url not specified, skipping its injection.","meta":{"rootId":"xedek57t7patt2x","id":"xedek57t7patt2x"},"id":"osqd8mymm8v59lt","previousOperationId":"vx0a3idjq1blu9t"}
{"type":"operationStart","subtype":"engine","name":"handlebars","timestamp":1704987233678,"id":"zkfu6ks0fz17m2v","previousEventId":"khbkzjegrtfids4","operationId":"itfl3cgcox3j4kj","previousOperationId":"vx0a3idjq1blu9t"}
{"type":"log","timestamp":1704987233678,"level":"debug","message":"Rendering engine handlebars","meta":{"rootId":"xedek57t7patt2x","id":"xedek57t7patt2x"},"id":"vd212osurv89rpb","previousOperationId":"itfl3cgcox3j4kj"}
{"type":"log","timestamp":1704987233685,"level":"debug","message":"(console:log) Pdf utils adding group field, value: \"France\"","meta":{"userLevel":true,"rootId":"xedek57t7patt2x","id":"xedek57t7patt2x"},"id":"nyqdr0vilkme94d","previousOperationId":"itfl3cgcox3j4kj"}
{"type":"log","timestamp":1704987233685,"level":"debug","message":"(console:log) Pdf utils adding group field, value: \"Germany\"","meta":{"userLevel":true,"rootId":"xedek57t7patt2x","id":"xedek57t7patt2x"},"id":"i7ikewb9ui782lf","previousOperationId":"itfl3cgcox3j4kj"}
{"type":"operationEnd","operationId":"itfl3cgcox3j4kj","timestamp":1704987233685,"id":"zxn8u0yyu3fninu","previousEventId":"zkfu6ks0fz17m2v","previousOperationId":"itfl3cgcox3j4kj"}
{"type":"operationStart","subtype":"recipe","name":"chrome-pdf","timestamp":1704987233686,"id":"tlq1i4r214f3d35","previousEventId":"zxn8u0yyu3fninu","operationId":"ug5mmd602gx69lj","previousOperationId":"itfl3cgcox3j4kj"}
{"type":"log","timestamp":1704987233686,"level":"debug","message":"Executing recipe chrome-pdf","meta":{"rootId":"xedek57t7patt2x","id":"xedek57t7patt2x"},"id":"zcsrz1tu4he0t66","previousOperationId":"ug5mmd602gx69lj"}
{"type":"log","timestamp":1704987233687,"level":"debug","message":"Converting with chrome HeadlessChrome/117.0.5938.149 using chrome-pool strategy","meta":{"rootId":"xedek57t7patt2x","id":"xedek57t7patt2x"},"id":"w15lahywjhwr845","previousOperationId":"ug5mmd602gx69lj"}
{"type":"log","timestamp":1704987233748,"level":"debug","message":"Page request: GET (document) file:///C:/Users/DANIEL~1/AppData/Local/Temp/jsreport/autocleanup/86e12f71-1eea-401f-8aad-436888d42ac2-chrome-pdf.html","meta":{"rootId":"xedek57t7patt2x","id":"xedek57t7patt2x"},"id":"knt44gtcq3z5mk3","previousOperationId":"ug5mmd602gx69lj"}
{"type":"log","timestamp":1704987233786,"level":"debug","message":"Page request: GET (stylesheet) https://cdnjs.cloudflare.com/ajax/libs/metro/4.1.5/css/metro.min.css","meta":{"rootId":"xedek57t7patt2x","id":"xedek57t7patt2x"},"id":"rf3bvqutnshfr8x","previousOperationId":"ug5mmd602gx69lj"}
{"type":"log","timestamp":1704987233786,"level":"debug","message":"Page request: GET (script) https://cdnjs.cloudflare.com/ajax/libs/Chart.js/2.7.2/Chart.min.js","meta":{"rootId":"xedek57t7patt2x","id":"xedek57t7patt2x"},"id":"jd6xzs8vx6jw1ks","previousOperationId":"ug5mmd602gx69lj"}
{"type":"log","timestamp":1704987233786,"level":"debug","message":"Page request finished: GET (document) 200 file:///C:/Users/DANIEL~1/AppData/Local/Temp/jsreport/autocleanup/86e12f71-1eea-401f-8aad-436888d42ac2-chrome-pdf.html","meta":{"rootId":"xedek57t7patt2x","id":"xedek57t7patt2x"},"id":"2wpqg6eiybfcdo1","previousOperationId":"ug5mmd602gx69lj"}
{"type":"log","timestamp":1704987233798,"level":"debug","message":"Page request finished: GET (stylesheet) 200 https://cdnjs.cloudflare.com/ajax/libs/metro/4.1.5/css/metro.min.css","meta":{"rootId":"xedek57t7patt2x","id":"xedek57t7patt2x"},"id":"uuee15c7t3zbmpb","previousOperationId":"ug5mmd602gx69lj"}
{"type":"log","timestamp":1704987233798,"level":"debug","message":"Page request finished: GET (script) 200 https://cdnjs.cloudflare.com/ajax/libs/Chart.js/2.7.2/Chart.min.js","meta":{"rootId":"xedek57t7patt2x","id":"xedek57t7patt2x"},"id":"qc884gsl4yabskd","previousOperationId":"ug5mmd602gx69lj"}
{"type":"log","timestamp":1704987233849,"level":"debug","message":"Running chrome with params {\"printBackground\":true,\"marginTop\":\"4cm\",\"marginRight\":\"1.5cm\",\"marginBottom\":\"1.5cm\",\"marginLeft\":\"1.5cm\",\"waitForJS\":false,\"timeout\":58607,\"margin\":{\"top\":\"4cm\",\"right\":\"1.5cm\",\"bottom\":\"1.5cm\",\"left\":\"1.5cm\"}}","meta":{"rootId":"xedek57t7patt2x","id":"xedek57t7patt2x"},"id":"9vxjlc48c8ekbpk","previousOperationId":"ug5mmd602gx69lj"}
{"type":"operationEnd","operationId":"ug5mmd602gx69lj","timestamp":1704987233947,"id":"y4loyfo25tzck55","previousEventId":"tlq1i4r214f3d35","previousOperationId":"ug5mmd602gx69lj"}
{"type":"log","timestamp":1704987233947,"level":"info","message":"pdf-utils is starting pdf processing","meta":{"rootId":"xedek57t7patt2x","id":"xedek57t7patt2x"},"id":"kqm95gdwecns0vh","previousOperationId":"ug5mmd602gx69lj"}
{"type":"operationStart","subtype":"pdfUtils","name":"pdf utils","timestamp":1704987233947,"id":"nz29gaiz8tchfon","previousEventId":"y4loyfo25tzck55","operationId":"isx34r9x95rcadv","previousOperationId":"ug5mmd602gx69lj"}
{"type":"log","timestamp":1704987233947,"level":"debug","message":"pdf-utils detected 1 pdf operation(s) to process","meta":{"rootId":"xedek57t7patt2x","id":"xedek57t7patt2x"},"id":"84dzd6b0l61rz1i","previousOperationId":"isx34r9x95rcadv"}
{"type":"log","timestamp":1704987233985,"level":"debug","message":"pdf-utils running pdf operation merge","meta":{"rootId":"xedek57t7patt2x","id":"xedek57t7patt2x"},"id":"ezcb5dmwaka6t5z","previousOperationId":"isx34r9x95rcadv"}
{"type":"operationStart","subtype":"pdfUtilsMerge","name":"pdf utils merge","previousOperationId":"isx34r9x95rcadv","timestamp":1704987233985,"id":"8nob21b1ah504e6","previousEventId":"nz29gaiz8tchfon","operationId":"pvkhlug91ejds9k"}
{"type":"operationStart","subtype":"render","name":"orders-header","previousOperationId":"pvkhlug91ejds9k","timestamp":1704987233986,"id":"vtepmxtnxm81g3z","previousEventId":"8nob21b1ah504e6","operationId":"2jgs4hvrbd0b7b2"}
{"type":"log","timestamp":1704987233986,"level":"info","message":"Starting rendering (child) request","meta":{"rootId":"xedek57t7patt2x","id":"u32b8dbbb2cgwtp"},"id":"3m7ntkzbeubqixn","previousOperationId":"2jgs4hvrbd0b7b2"}
{"type":"log","timestamp":1704987233986,"level":"info","message":"Rendering template { name: orders-header, recipe: chrome-pdf, engine: handlebars, preview: true }","meta":{"rootId":"xedek57t7patt2x","id":"u32b8dbbb2cgwtp"},"id":"hjykazhz328ncmg","previousOperationId":"2jgs4hvrbd0b7b2"}
{"type":"log","timestamp":1704987233987,"level":"debug","message":"Inline data specified.","meta":{"rootId":"xedek57t7patt2x","id":"u32b8dbbb2cgwtp"},"id":"fixc17q8f2lzr6n","previousOperationId":"2jgs4hvrbd0b7b2"}
{"type":"log","timestamp":1704987233988,"level":"debug","message":"Base url not specified, skipping its injection.","meta":{"rootId":"xedek57t7patt2x","id":"u32b8dbbb2cgwtp"},"id":"9i0xv6aiimoyvm8","previousOperationId":"2jgs4hvrbd0b7b2"}
{"type":"operationStart","subtype":"engine","name":"handlebars","timestamp":1704987233989,"id":"c9sw5dtk2sub12f","previousEventId":"vtepmxtnxm81g3z","operationId":"r0cmptz12wz5a90","previousOperationId":"2jgs4hvrbd0b7b2"}
{"type":"log","timestamp":1704987233989,"level":"debug","message":"Rendering engine handlebars","meta":{"rootId":"xedek57t7patt2x","id":"u32b8dbbb2cgwtp"},"id":"tuysjdgeihtkyxv","previousOperationId":"r0cmptz12wz5a90"}
{"type":"operationEnd","operationId":"r0cmptz12wz5a90","timestamp":1704987234002,"id":"rrw9jx4l47m0num","previousEventId":"c9sw5dtk2sub12f","previousOperationId":"r0cmptz12wz5a90"}
{"type":"operationStart","subtype":"recipe","name":"chrome-pdf","timestamp":1704987234002,"id":"bsa9fafgp0yjh62","previousEventId":"rrw9jx4l47m0num","operationId":"qfx1j3xel0cf14p","previousOperationId":"r0cmptz12wz5a90"}
{"type":"log","timestamp":1704987234003,"level":"debug","message":"Executing recipe chrome-pdf","meta":{"rootId":"xedek57t7patt2x","id":"u32b8dbbb2cgwtp"},"id":"si5q2aaseur96zg","previousOperationId":"qfx1j3xel0cf14p"}
{"type":"log","timestamp":1704987234004,"level":"debug","message":"Converting with chrome HeadlessChrome/117.0.5938.149 using chrome-pool strategy","meta":{"rootId":"xedek57t7patt2x","id":"u32b8dbbb2cgwtp"},"id":"5mt73htdg66grei","previousOperationId":"qfx1j3xel0cf14p"}
{"type":"log","timestamp":1704987234068,"level":"debug","message":"Page request: GET (document) file:///C:/Users/DANIEL~1/AppData/Local/Temp/jsreport/autocleanup/55975d38-5920-47ae-b5b6-3e35298abde1-chrome-pdf.html","meta":{"rootId":"xedek57t7patt2x","id":"u32b8dbbb2cgwtp"},"id":"zvkxgvz3nhnbvxi","previousOperationId":"qfx1j3xel0cf14p"}
{"type":"log","timestamp":1704987234077,"level":"debug","message":"Page request: GET (stylesheet) https://cdnjs.cloudflare.com/ajax/libs/metro/4.1.5/css/metro.min.css","meta":{"rootId":"xedek57t7patt2x","id":"u32b8dbbb2cgwtp"},"id":"cm613fmut64plc1","previousOperationId":"qfx1j3xel0cf14p"}
{"type":"log","timestamp":1704987234078,"level":"debug","message":"Page request finished: GET (document) 200 file:///C:/Users/DANIEL~1/AppData/Local/Temp/jsreport/autocleanup/55975d38-5920-47ae-b5b6-3e35298abde1-chrome-pdf.html","meta":{"rootId":"xedek57t7patt2x","id":"u32b8dbbb2cgwtp"},"id":"9uozx2khh5rdyi5","previousOperationId":"qfx1j3xel0cf14p"}
{"type":"log","timestamp":1704987234092,"level":"debug","message":"Page request finished: GET (stylesheet) 200 https://cdnjs.cloudflare.com/ajax/libs/metro/4.1.5/css/metro.min.css","meta":{"rootId":"xedek57t7patt2x","id":"u32b8dbbb2cgwtp"},"id":"kljl1rgjs6lkce0","previousOperationId":"qfx1j3xel0cf14p"}
{"type":"log","timestamp":1704987234104,"level":"debug","message":"Running chrome with params {\"printBackground\":true,\"marginTop\":\"1.5cm\",\"marginRight\":\"1.5cm\",\"marginLeft\":\"1.cm\",\"timeout\":58290,\"margin\":{\"top\":\"1.5cm\",\"right\":\"1.5cm\",\"left\":\"1.cm\"}}","meta":{"rootId":"xedek57t7patt2x","id":"u32b8dbbb2cgwtp"},"id":"8m3p2sbzmpohrna","previousOperationId":"qfx1j3xel0cf14p"}
{"type":"operationEnd","operationId":"qfx1j3xel0cf14p","timestamp":1704987234131,"id":"2xeqxih2v2u3o7f","previousEventId":"bsa9fafgp0yjh62","previousOperationId":"qfx1j3xel0cf14p"}
{"type":"log","timestamp":1704987234131,"level":"debug","message":"Skipping storing report.","meta":{"rootId":"xedek57t7patt2x","id":"u32b8dbbb2cgwtp"},"id":"cw0z76mj9tyssk0","previousOperationId":"qfx1j3xel0cf14p"}
{"type":"log","timestamp":1704987234131,"level":"info","message":"Rendering (child) request finished in 1837 ms","meta":{"rootId":"xedek57t7patt2x","id":"u32b8dbbb2cgwtp"},"id":"601ny3db4nezyqu","previousOperationId":"qfx1j3xel0cf14p"}
{"type":"operationEnd","subtype":"render","operationId":"2jgs4hvrbd0b7b2","timestamp":1704987234131,"id":"0v1vetwsvxu4atj","previousEventId":"2xeqxih2v2u3o7f","previousOperationId":"qfx1j3xel0cf14p"}
{"type":"operationEnd","operationId":"pvkhlug91ejds9k","timestamp":1704987234145,"id":"lejuwcjr5u1jtoa","previousEventId":"8nob21b1ah504e6","previousOperationId":"pvkhlug91ejds9k"}
{"type":"log","timestamp":1704987234145,"level":"debug","message":"pdf-utils postproces start","meta":{"rootId":"xedek57t7patt2x","id":"xedek57t7patt2x"},"id":"zp2ypbgkwfb14ze","previousOperationId":"pvkhlug91ejds9k"}
{"type":"log","timestamp":1704987234159,"level":"debug","message":"pdf-utils postproces end","meta":{"rootId":"xedek57t7patt2x","id":"xedek57t7patt2x"},"id":"pzad4rvaabaqqx4","previousOperationId":"pvkhlug91ejds9k"}
{"type":"operationEnd","operationId":"isx34r9x95rcadv","timestamp":1704987234159,"id":"yi5atja0mu7li02","previousEventId":"lejuwcjr5u1jtoa","previousOperationId":"pvkhlug91ejds9k"}
{"type":"log","timestamp":1704987234159,"level":"info","message":"pdf-utils pdf processing was finished","meta":{"rootId":"xedek57t7patt2x","id":"xedek57t7patt2x"},"id":"076cr9fj12ndnqz","previousOperationId":"isx34r9x95rcadv"}
{"type":"log","timestamp":1704987234159,"level":"debug","message":"Skipping storing report.","meta":{"rootId":"xedek57t7patt2x","id":"xedek57t7patt2x"},"id":"g8i59elyx7b1lwh","previousOperationId":"isx34r9x95rcadv"}
{"type":"log","timestamp":1704987234159,"level":"info","message":"Rendering request 5 finished in 1865 ms","meta":{"rootId":"xedek57t7patt2x","id":"xedek57t7patt2x"},"id":"qou0kodhnfeowof","previousOperationId":"isx34r9x95rcadv"}
{"type":"operationEnd","subtype":"render","operationId":"6eeg13lp94oezei","timestamp":1704987234159,"id":"lbdfhx7k1vujs37","previousEventId":"yi5atja0mu7li02","previousOperationId":"isx34r9x95rcadv"}
{"type":"operationEnd","doDiffs":false,"previousEventId":"c9y9phogis5x32k","previousOperationId":"8xwcsx32576vv5t","operationId":"8xwcsx32576vv5t","timestamp":1704987234172,"id":"tw3gyqhjl8wtgjp"}
