{"type":"operationStart","subtype":"profile","data":{"_id":"2FbsK4kJydbpsWRh","timestamp":"2024-01-11T15:29:42.930Z","state":"queued","mode":"standard","creationDate":"2024-01-11T15:29:42.934Z","modificationDate":"2024-01-11T15:29:42.934Z","shortid":"ZSVFsLy","$entitySet":"profiles"},"doDiffs":false,"timestamp":1704986982932,"id":"mmwt8gn4vf9gx99","previousOperationId":null,"operationId":"5xv9k2jox8m5h3i"}
{"type":"log","level":"info","message":"Render request 1 queued for execution and waiting for available worker","previousOperationId":"5xv9k2jox8m5h3i","timestamp":1704986982933,"id":"wxrw1cu9wx3kupq"}
{"type":"operationStart","subtype":"render","name":"orders-main","previousOperationId":"5xv9k2jox8m5h3i","timestamp":1704986982950,"id":"x6hz58d98io69f5","previousEventId":"mmwt8gn4vf9gx99","operationId":"7eyazvps38jwoi3"}
{"type":"log","timestamp":1704986982952,"level":"info","message":"Starting rendering request 1","meta":{"rootId":"xiursn429neo9be","id":"xiursn429neo9be"},"id":"5qf6rtoaml6ez68","previousOperationId":"7eyazvps38jwoi3"}
{"type":"log","timestamp":1704986982952,"level":"info","message":"Rendering template { name: orders-main, recipe: chrome-pdf, engine: handlebars, preview: true }","meta":{"rootId":"xiursn429neo9be","id":"xiursn429neo9be"},"id":"if1kybj1wj0diox","previousOperationId":"7eyazvps38jwoi3"}
{"type":"log","timestamp":1704986982954,"level":"debug","message":"Data item not defined for this template.","meta":{"rootId":"xiursn429neo9be","id":"xiursn429neo9be"},"id":"xcx4vses000rubq","previousOperationId":"7eyazvps38jwoi3"}
{"type":"log","timestamp":1704986982957,"level":"debug","message":"Executing script orders-script (beforeRender)","meta":{"rootId":"xiursn429neo9be","id":"xiursn429neo9be"},"id":"p0114kd8advu19l","previousOperationId":"7eyazvps38jwoi3"}
{"type":"operationStart","subtype":"scriptsBeforeRender","name":"scripts beforeRender","timestamp":1704986983198,"id":"pbofvykgcqs7p27","previousEventId":"x6hz58d98io69f5","operationId":"u698g6nw52tk222","previousOperationId":"7eyazvps38jwoi3"}
{"type":"operationStart","subtype":"script","name":"scripts orders-script","previousOperationId":"u698g6nw52tk222","timestamp":1704986983198,"id":"jcnjaoflv5zjbv0","previousEventId":"pbofvykgcqs7p27","operationId":"gpv56tu11t7v6c7"}
{"type":"operationEnd","operationId":"gpv56tu11t7v6c7","timestamp":1704986984584,"id":"i6345c2vlu4j9iy","previousEventId":"x6hz58d98io69f5","previousOperationId":"7eyazvps38jwoi3"}
{"type":"operationEnd","operationId":"u698g6nw52tk222","timestamp":1704986984584,"id":"ejgpt7x2hmcysjj","previousEventId":"i6345c2vlu4j9iy","previousOperationId":"7eyazvps38jwoi3"}
{"type":"log","timestamp":1704986984585,"level":"debug","message":"Base url not specified, skipping its injection.","meta":{"rootId":"xiursn429neo9be","id":"xiursn429neo9be"},"id":"brcyep4gkrdnrkt","previousOperationId":"u698g6nw52tk222"}
{"type":"operationStart","subtype":"engine","name":"handlebars","timestamp":1704986984585,"id":"34jqxv6834f8pr4","previousEventId":"ejgpt7x2hmcysjj","operationId":"s1pzni7h0j81tdu","previousOperationId":"u698g6nw52tk222"}
{"type":"log","timestamp":1704986984585,"level":"debug","message":"Rendering engine handlebars","meta":{"rootId":"xiursn429neo9be","id":"xiursn429neo9be"},"id":"9bx0ylfmk9xf1b2","previousOperationId":"s1pzni7h0j81tdu"}
{"type":"log","timestamp":1704986984818,"level":"debug","message":"(console:log) Pdf utils adding group field, value: \"France\"","meta":{"userLevel":true,"rootId":"xiursn429neo9be","id":"xiursn429neo9be"},"id":"wgajqf39hxbhpah","previousOperationId":"s1pzni7h0j81tdu"}
{"type":"log","timestamp":1704986984819,"level":"debug","message":"(console:log) Pdf utils adding group field, value: \"Germany\"","meta":{"userLevel":true,"rootId":"xiursn429neo9be","id":"xiursn429neo9be"},"id":"4ct3ul51yecvusr","previousOperationId":"s1pzni7h0j81tdu"}
{"type":"operationEnd","operationId":"s1pzni7h0j81tdu","timestamp":1704986984819,"id":"03caq5neq80fl47","previousEventId":"34jqxv6834f8pr4","previousOperationId":"s1pzni7h0j81tdu"}
{"type":"operationStart","subtype":"recipe","name":"chrome-pdf","timestamp":1704986984820,"id":"6pmy276wlxeqdte","previousEventId":"03caq5neq80fl47","operationId":"nxy5cwlortprkla","previousOperationId":"s1pzni7h0j81tdu"}
{"type":"log","timestamp":1704986984820,"level":"debug","message":"Executing recipe chrome-pdf","meta":{"rootId":"xiursn429neo9be","id":"xiursn429neo9be"},"id":"brbviq33l2dgr9o","previousOperationId":"nxy5cwlortprkla"}
{"type":"log","timestamp":1704986985735,"level":"debug","message":"Converting with chrome HeadlessChrome/117.0.5938.149 using chrome-pool strategy","meta":{"rootId":"xiursn429neo9be","id":"xiursn429neo9be"},"id":"4cub3mmzgfqdr8x","previousOperationId":"nxy5cwlortprkla"}
{"type":"log","timestamp":1704986987327,"level":"debug","message":"Page request: GET (document) file:///C:/Users/DANIEL~1/AppData/Local/Temp/jsreport/autocleanup/64b96f85-1d69-4eb8-beb9-da7a2d44dd40-chrome-pdf.html","meta":{"rootId":"xiursn429neo9be","id":"xiursn429neo9be"},"id":"627vzrz1d3edjvr","previousOperationId":"nxy5cwlortprkla"}
{"type":"log","timestamp":1704986987364,"level":"debug","message":"Page request: GET (stylesheet) https://cdnjs.cloudflare.com/ajax/libs/metro/4.1.5/css/metro.min.css","meta":{"rootId":"xiursn429neo9be","id":"xiursn429neo9be"},"id":"e6yflyylfaltpk3","previousOperationId":"nxy5cwlortprkla"}
{"type":"log","timestamp":1704986987364,"level":"debug","message":"Page request: GET (script) https://cdnjs.cloudflare.com/ajax/libs/Chart.js/2.7.2/Chart.min.js","meta":{"rootId":"xiursn429neo9be","id":"xiursn429neo9be"},"id":"n1kk59qrciduia7","previousOperationId":"nxy5cwlortprkla"}
{"type":"log","timestamp":1704986987365,"level":"debug","message":"Page request finished: GET (document) 200 file:///C:/Users/DANIEL~1/AppData/Local/Temp/jsreport/autocleanup/64b96f85-1d69-4eb8-beb9-da7a2d44dd40-chrome-pdf.html","meta":{"rootId":"xiursn429neo9be","id":"xiursn429neo9be"},"id":"s0m5vifd35sji4s","previousOperationId":"nxy5cwlortprkla"}
{"type":"log","timestamp":1704986989897,"level":"debug","message":"Page request finished: GET (stylesheet) 200 https://cdnjs.cloudflare.com/ajax/libs/metro/4.1.5/css/metro.min.css","meta":{"rootId":"xiursn429neo9be","id":"xiursn429neo9be"},"id":"8a6kovgsvlje6sk","previousOperationId":"nxy5cwlortprkla"}
{"type":"log","timestamp":1704986989906,"level":"debug","message":"Page request finished: GET (script) 200 https://cdnjs.cloudflare.com/ajax/libs/Chart.js/2.7.2/Chart.min.js","meta":{"rootId":"xiursn429neo9be","id":"xiursn429neo9be"},"id":"i07x7w1vcuyr50m","previousOperationId":"nxy5cwlortprkla"}
{"type":"log","timestamp":1704986989963,"level":"debug","message":"Running chrome with params {\"printBackground\":true,\"marginTop\":\"4cm\",\"marginRight\":\"1.5cm\",\"marginBottom\":\"1.5cm\",\"marginLeft\":\"1.5cm\",\"waitForJS\":false,\"timeout\":57852,\"margin\":{\"top\":\"4cm\",\"right\":\"1.5cm\",\"bottom\":\"1.5cm\",\"left\":\"1.5cm\"}}","meta":{"rootId":"xiursn429neo9be","id":"xiursn429neo9be"},"id":"1qzpfiof3qs6gtc","previousOperationId":"nxy5cwlortprkla"}
{"type":"operationEnd","operationId":"nxy5cwlortprkla","timestamp":1704986990067,"id":"az1koa1r6fonuqi","previousEventId":"6pmy276wlxeqdte","previousOperationId":"nxy5cwlortprkla"}
{"type":"log","timestamp":1704986990068,"level":"info","message":"pdf-utils is starting pdf processing","meta":{"rootId":"xiursn429neo9be","id":"xiursn429neo9be"},"id":"0k7jy9id2al12gv","previousOperationId":"nxy5cwlortprkla"}
{"type":"operationStart","subtype":"pdfUtils","name":"pdf utils","timestamp":1704986990301,"id":"itvjx4ame3lenoz","previousEventId":"az1koa1r6fonuqi","operationId":"hwtj66ivbpauw8o","previousOperationId":"nxy5cwlortprkla"}
{"type":"log","timestamp":1704986990301,"level":"debug","message":"pdf-utils detected 1 pdf operation(s) to process","meta":{"rootId":"xiursn429neo9be","id":"xiursn429neo9be"},"id":"7003p1v1zp91114","previousOperationId":"hwtj66ivbpauw8o"}
{"type":"log","timestamp":1704986990533,"level":"debug","message":"pdf-utils running pdf operation merge","meta":{"rootId":"xiursn429neo9be","id":"xiursn429neo9be"},"id":"mbqz6l5whbxst2z","previousOperationId":"hwtj66ivbpauw8o"}
{"type":"operationStart","subtype":"pdfUtilsMerge","name":"pdf utils merge","previousOperationId":"hwtj66ivbpauw8o","timestamp":1704986990533,"id":"2huxvi25amolox9","previousEventId":"itvjx4ame3lenoz","operationId":"mu6wbo5qp5xlevq"}
{"type":"operationStart","subtype":"render","name":"orders-header","previousOperationId":"mu6wbo5qp5xlevq","timestamp":1704986990535,"id":"k2pjuht3eu9b9n3","previousEventId":"2huxvi25amolox9","operationId":"lp88zcvx3q6nwel"}
{"type":"log","timestamp":1704986990536,"level":"info","message":"Starting rendering (child) request","meta":{"rootId":"xiursn429neo9be","id":"njyo9ufo1arodys"},"id":"irxgt4wwxyowdvg","previousOperationId":"lp88zcvx3q6nwel"}
{"type":"log","timestamp":1704986990536,"level":"info","message":"Rendering template { name: orders-header, recipe: chrome-pdf, engine: handlebars, preview: true }","meta":{"rootId":"xiursn429neo9be","id":"njyo9ufo1arodys"},"id":"kgzj1dj8tuwha05","previousOperationId":"lp88zcvx3q6nwel"}
{"type":"log","timestamp":1704986990545,"level":"debug","message":"Inline data specified.","meta":{"rootId":"xiursn429neo9be","id":"njyo9ufo1arodys"},"id":"6gl6sfej8xxzhkv","previousOperationId":"lp88zcvx3q6nwel"}
{"type":"log","timestamp":1704986990552,"level":"debug","message":"Base url not specified, skipping its injection.","meta":{"rootId":"xiursn429neo9be","id":"njyo9ufo1arodys"},"id":"ihesq10p43factu","previousOperationId":"lp88zcvx3q6nwel"}
{"type":"operationStart","subtype":"engine","name":"handlebars","timestamp":1704986990553,"id":"qwwc4ogrxb2y1ej","previousEventId":"k2pjuht3eu9b9n3","operationId":"tsefwo202qdwcae","previousOperationId":"lp88zcvx3q6nwel"}
{"type":"log","timestamp":1704986990553,"level":"debug","message":"Rendering engine handlebars","meta":{"rootId":"xiursn429neo9be","id":"njyo9ufo1arodys"},"id":"qkk7es2aej3s4ji","previousOperationId":"tsefwo202qdwcae"}
{"type":"operationEnd","operationId":"tsefwo202qdwcae","timestamp":1704986990620,"id":"e7m6l54e6bndv4y","previousEventId":"qwwc4ogrxb2y1ej","previousOperationId":"tsefwo202qdwcae"}
{"type":"operationStart","subtype":"recipe","name":"chrome-pdf","timestamp":1704986990621,"id":"i3nwnprz30s9wxl","previousEventId":"e7m6l54e6bndv4y","operationId":"52opko5ny1gflnh","previousOperationId":"tsefwo202qdwcae"}
{"type":"log","timestamp":1704986990621,"level":"debug","message":"Executing recipe chrome-pdf","meta":{"rootId":"xiursn429neo9be","id":"njyo9ufo1arodys"},"id":"h2ns8xkawj07vzn","previousOperationId":"52opko5ny1gflnh"}
{"type":"log","timestamp":1704986990622,"level":"debug","message":"Converting with chrome HeadlessChrome/117.0.5938.149 using chrome-pool strategy","meta":{"rootId":"xiursn429neo9be","id":"njyo9ufo1arodys"},"id":"vjmx9mqty2bjj5j","previousOperationId":"52opko5ny1gflnh"}
{"type":"log","timestamp":1704986990694,"level":"debug","message":"Page request: GET (document) file:///C:/Users/DANIEL~1/AppData/Local/Temp/jsreport/autocleanup/0ae57646-79f9-4564-af25-ccd6ec3383fa-chrome-pdf.html","meta":{"rootId":"xiursn429neo9be","id":"njyo9ufo1arodys"},"id":"72s90iox8irn0mk","previousOperationId":"52opko5ny1gflnh"}
{"type":"log","timestamp":1704986990712,"level":"debug","message":"Page request: GET (stylesheet) https://cdnjs.cloudflare.com/ajax/libs/metro/4.1.5/css/metro.min.css","meta":{"rootId":"xiursn429neo9be","id":"njyo9ufo1arodys"},"id":"krd6r0n67rqdv08","previousOperationId":"52opko5ny1gflnh"}
{"type":"log","timestamp":1704986990712,"level":"debug","message":"Page request finished: GET (document) 200 file:///C:/Users/DANIEL~1/AppData/Local/Temp/jsreport/autocleanup/0ae57646-79f9-4564-af25-ccd6ec3383fa-chrome-pdf.html","meta":{"rootId":"xiursn429neo9be","id":"njyo9ufo1arodys"},"id":"6scwabp05cyvjrb","previousOperationId":"52opko5ny1gflnh"}
{"type":"log","timestamp":1704986990729,"level":"debug","message":"Page request finished: GET (stylesheet) 200 https://cdnjs.cloudflare.com/ajax/libs/metro/4.1.5/css/metro.min.css","meta":{"rootId":"xiursn429neo9be","id":"njyo9ufo1arodys"},"id":"03qiuzh8tdn9te5","previousOperationId":"52opko5ny1gflnh"}
{"type":"log","timestamp":1704986990745,"level":"debug","message":"Running chrome with params {\"printBackground\":true,\"marginTop\":\"1.5cm\",\"marginRight\":\"1.5cm\",\"marginLeft\":\"1.cm\",\"timeout\":52308,\"margin\":{\"top\":\"1.5cm\",\"right\":\"1.5cm\",\"left\":\"1.cm\"}}","meta":{"rootId":"xiursn429neo9be","id":"njyo9ufo1arodys"},"id":"11hveb2gr5t0n8g","previousOperationId":"52opko5ny1gflnh"}
{"type":"operationEnd","operationId":"52opko5ny1gflnh","timestamp":1704986990779,"id":"w0hb6n7w03z22r5","previousEventId":"i3nwnprz30s9wxl","previousOperationId":"52opko5ny1gflnh"}
{"type":"log","timestamp":1704986990780,"level":"debug","message":"Skipping storing report.","meta":{"rootId":"xiursn429neo9be","id":"njyo9ufo1arodys"},"id":"jthv6e25ljjppsh","previousOperationId":"52opko5ny1gflnh"}
{"type":"log","timestamp":1704986990780,"level":"info","message":"Rendering (child) request finished in 7850 ms","meta":{"rootId":"xiursn429neo9be","id":"njyo9ufo1arodys"},"id":"2c0jbo44889utpz","previousOperationId":"52opko5ny1gflnh"}
{"type":"operationEnd","subtype":"render","operationId":"lp88zcvx3q6nwel","timestamp":1704986990780,"id":"slcjd80gboesr9z","previousEventId":"w0hb6n7w03z22r5","previousOperationId":"52opko5ny1gflnh"}
{"type":"operationEnd","operationId":"mu6wbo5qp5xlevq","timestamp":1704986990800,"id":"9xruesxz0gbuzpp","previousEventId":"2huxvi25amolox9","previousOperationId":"mu6wbo5qp5xlevq"}
{"type":"log","timestamp":1704986990800,"level":"debug","message":"pdf-utils postproces start","meta":{"rootId":"xiursn429neo9be","id":"xiursn429neo9be"},"id":"0e6acrnnzrgdf3v","previousOperationId":"mu6wbo5qp5xlevq"}
{"type":"log","timestamp":1704986990817,"level":"debug","message":"pdf-utils postproces end","meta":{"rootId":"xiursn429neo9be","id":"xiursn429neo9be"},"id":"pqx5h1v8bmcy4my","previousOperationId":"mu6wbo5qp5xlevq"}
{"type":"operationEnd","operationId":"hwtj66ivbpauw8o","timestamp":1704986990817,"id":"0fcffyi1y154cau","previousEventId":"9xruesxz0gbuzpp","previousOperationId":"mu6wbo5qp5xlevq"}
{"type":"log","timestamp":1704986990817,"level":"info","message":"pdf-utils pdf processing was finished","meta":{"rootId":"xiursn429neo9be","id":"xiursn429neo9be"},"id":"vuikh8k2lzm2pdo","previousOperationId":"hwtj66ivbpauw8o"}
{"type":"log","timestamp":1704986990817,"level":"debug","message":"Skipping storing report.","meta":{"rootId":"xiursn429neo9be","id":"xiursn429neo9be"},"id":"mmgkhfuwc0a8xhp","previousOperationId":"hwtj66ivbpauw8o"}
{"type":"log","timestamp":1704986990817,"level":"info","message":"Rendering request 1 finished in 7887 ms","meta":{"rootId":"xiursn429neo9be","id":"xiursn429neo9be"},"id":"k4lbtf9qn5ivmha","previousOperationId":"hwtj66ivbpauw8o"}
{"type":"operationEnd","subtype":"render","operationId":"7eyazvps38jwoi3","timestamp":1704986990817,"id":"26v8ws6vh3oede4","previousEventId":"0fcffyi1y154cau","previousOperationId":"hwtj66ivbpauw8o"}
{"type":"operationEnd","doDiffs":false,"previousEventId":"mmwt8gn4vf9gx99","previousOperationId":"5xv9k2jox8m5h3i","operationId":"5xv9k2jox8m5h3i","timestamp":1704986990827,"id":"oeno254m3zvy9kg"}
