{"type":"operationStart","subtype":"profile","data":{"_id":"PvENRl8ZjGJfMZad","timestamp":"2024-01-11T19:56:54.323Z","state":"queued","mode":"standard","creationDate":"2024-01-11T19:56:54.325Z","modificationDate":"2024-01-11T19:56:54.325Z","shortid":"Sj1VBFI","$entitySet":"profiles"},"doDiffs":false,"timestamp":1705003014324,"id":"osavlgje1hjhlcq","previousOperationId":null,"operationId":"am28t7keulpfppp"}
{"type":"log","level":"info","message":"Render request 16 queued for execution and waiting for available worker","previousOperationId":"am28t7keulpfppp","timestamp":1705003014324,"id":"uh731qhw5reyh5m"}
{"type":"operationStart","subtype":"render","name":"orders-main","previousOperationId":"am28t7keulpfppp","timestamp":1705003014331,"id":"3dy9t4gf7mzqffh","previousEventId":"osavlgje1hjhlcq","operationId":"khec4p5h5fblr6b"}
{"type":"log","timestamp":1705003014331,"level":"info","message":"Starting rendering request 16","meta":{"rootId":"ycutxudxh0azgm6","id":"ycutxudxh0azgm6"},"id":"px0n0t8oiidd5ei","previousOperationId":"khec4p5h5fblr6b"}
{"type":"log","timestamp":1705003014331,"level":"info","message":"Rendering template { name: orders-main, recipe: chrome-pdf, engine: handlebars, preview: true }","meta":{"rootId":"ycutxudxh0azgm6","id":"ycutxudxh0azgm6"},"id":"j8zna0453baljw2","previousOperationId":"khec4p5h5fblr6b"}
{"type":"log","timestamp":1705003014332,"level":"debug","message":"Data item not defined for this template.","meta":{"rootId":"ycutxudxh0azgm6","id":"ycutxudxh0azgm6"},"id":"gbd6msae71e3p57","previousOperationId":"khec4p5h5fblr6b"}
{"type":"log","timestamp":1705003014334,"level":"debug","message":"Executing script orders-script (beforeRender)","meta":{"rootId":"ycutxudxh0azgm6","id":"ycutxudxh0azgm6"},"id":"mkds1t20hp1ft3f","previousOperationId":"khec4p5h5fblr6b"}
{"type":"operationStart","subtype":"scriptsBeforeRender","name":"scripts beforeRender","timestamp":1705003014355,"id":"sx0wkqyfbjxh05r","previousEventId":"3dy9t4gf7mzqffh","operationId":"gp1ogwmu6fk4rys","previousOperationId":"khec4p5h5fblr6b"}
{"type":"operationStart","subtype":"script","name":"scripts orders-script","previousOperationId":"gp1ogwmu6fk4rys","timestamp":1705003014355,"id":"20kylgxi6q578lr","previousEventId":"sx0wkqyfbjxh05r","operationId":"dpott4pzdcau6jl"}
{"type":"operationEnd","operationId":"dpott4pzdcau6jl","timestamp":1705003015754,"id":"t4kwsxzq8u047iz","previousEventId":"3dy9t4gf7mzqffh","previousOperationId":"khec4p5h5fblr6b"}
{"type":"operationEnd","operationId":"gp1ogwmu6fk4rys","timestamp":1705003015754,"id":"16xr8q0bqdqdhrz","previousEventId":"t4kwsxzq8u047iz","previousOperationId":"khec4p5h5fblr6b"}
{"type":"log","timestamp":1705003015754,"level":"debug","message":"Base url not specified, skipping its injection.","meta":{"rootId":"ycutxudxh0azgm6","id":"ycutxudxh0azgm6"},"id":"1k2nggr84b03on0","previousOperationId":"gp1ogwmu6fk4rys"}
{"type":"operationStart","subtype":"engine","name":"handlebars","timestamp":1705003015754,"id":"mtfggxt6zw2psgt","previousEventId":"16xr8q0bqdqdhrz","operationId":"uhxgq1z28j4psse","previousOperationId":"gp1ogwmu6fk4rys"}
{"type":"log","timestamp":1705003015754,"level":"debug","message":"Rendering engine handlebars","meta":{"rootId":"ycutxudxh0azgm6","id":"ycutxudxh0azgm6"},"id":"6htgskkzswh2iqx","previousOperationId":"uhxgq1z28j4psse"}
{"type":"log","timestamp":1705003015823,"level":"debug","message":"(console:log) Pdf utils adding group field, value: \"France\"","meta":{"userLevel":true,"rootId":"ycutxudxh0azgm6","id":"ycutxudxh0azgm6"},"id":"qru8k7fd4k1fy2w","previousOperationId":"uhxgq1z28j4psse"}
{"type":"log","timestamp":1705003015824,"level":"debug","message":"(console:log) Pdf utils adding group field, value: \"Germany\"","meta":{"userLevel":true,"rootId":"ycutxudxh0azgm6","id":"ycutxudxh0azgm6"},"id":"hvq4nk4abd6ldfy","previousOperationId":"uhxgq1z28j4psse"}
{"type":"operationEnd","operationId":"uhxgq1z28j4psse","timestamp":1705003015825,"id":"x4snvuj087xmvoz","previousEventId":"mtfggxt6zw2psgt","previousOperationId":"uhxgq1z28j4psse"}
{"type":"operationStart","subtype":"recipe","name":"chrome-pdf","timestamp":1705003015825,"id":"f4t5tdi1hdemjxm","previousEventId":"x4snvuj087xmvoz","operationId":"43qfs5accqkajmf","previousOperationId":"uhxgq1z28j4psse"}
{"type":"log","timestamp":1705003015825,"level":"debug","message":"Executing recipe chrome-pdf","meta":{"rootId":"ycutxudxh0azgm6","id":"ycutxudxh0azgm6"},"id":"evshf77g2n38jr8","previousOperationId":"43qfs5accqkajmf"}
{"type":"log","timestamp":1705003016741,"level":"debug","message":"Converting with chrome HeadlessChrome/117.0.5938.149 using chrome-pool strategy","meta":{"rootId":"ycutxudxh0azgm6","id":"ycutxudxh0azgm6"},"id":"owi1bup7b4vkufc","previousOperationId":"43qfs5accqkajmf"}
{"type":"log","timestamp":1705003018297,"level":"debug","message":"Page request: GET (document) file:///C:/Users/DANIEL~1/AppData/Local/Temp/jsreport/autocleanup/84ba36a2-bd81-404c-bf67-a4a3a1ae2354-chrome-pdf.html","meta":{"rootId":"ycutxudxh0azgm6","id":"ycutxudxh0azgm6"},"id":"hx9vanmvumzs5or","previousOperationId":"43qfs5accqkajmf"}
{"type":"log","timestamp":1705003018333,"level":"debug","message":"Page request: GET (stylesheet) https://cdnjs.cloudflare.com/ajax/libs/metro/4.1.5/css/metro.min.css","meta":{"rootId":"ycutxudxh0azgm6","id":"ycutxudxh0azgm6"},"id":"rlg892rbdyf945u","previousOperationId":"43qfs5accqkajmf"}
{"type":"log","timestamp":1705003018334,"level":"debug","message":"Page request: GET (script) https://cdnjs.cloudflare.com/ajax/libs/Chart.js/2.7.2/Chart.min.js","meta":{"rootId":"ycutxudxh0azgm6","id":"ycutxudxh0azgm6"},"id":"mfemfrugxomll2y","previousOperationId":"43qfs5accqkajmf"}
{"type":"log","timestamp":1705003018334,"level":"debug","message":"Page request finished: GET (document) 200 file:///C:/Users/DANIEL~1/AppData/Local/Temp/jsreport/autocleanup/84ba36a2-bd81-404c-bf67-a4a3a1ae2354-chrome-pdf.html","meta":{"rootId":"ycutxudxh0azgm6","id":"ycutxudxh0azgm6"},"id":"rq15wwgylziusxb","previousOperationId":"43qfs5accqkajmf"}
{"type":"log","timestamp":1705003020861,"level":"debug","message":"Page request finished: GET (stylesheet) 200 https://cdnjs.cloudflare.com/ajax/libs/metro/4.1.5/css/metro.min.css","meta":{"rootId":"ycutxudxh0azgm6","id":"ycutxudxh0azgm6"},"id":"535oyyjhq0ou5fq","previousOperationId":"43qfs5accqkajmf"}
{"type":"log","timestamp":1705003020864,"level":"debug","message":"Page request finished: GET (script) 200 https://cdnjs.cloudflare.com/ajax/libs/Chart.js/2.7.2/Chart.min.js","meta":{"rootId":"ycutxudxh0azgm6","id":"ycutxudxh0azgm6"},"id":"qixbs7k8ltrleze","previousOperationId":"43qfs5accqkajmf"}
{"type":"log","timestamp":1705003020918,"level":"debug","message":"Running chrome with params {\"printBackground\":true,\"marginTop\":\"4cm\",\"marginRight\":\"1.5cm\",\"marginBottom\":\"1.5cm\",\"marginLeft\":\"1.5cm\",\"waitForJS\":false,\"timeout\":58226,\"margin\":{\"top\":\"4cm\",\"right\":\"1.5cm\",\"bottom\":\"1.5cm\",\"left\":\"1.5cm\"}}","meta":{"rootId":"ycutxudxh0azgm6","id":"ycutxudxh0azgm6"},"id":"x6auybgbz5rb3qu","previousOperationId":"43qfs5accqkajmf"}
{"type":"operationEnd","operationId":"43qfs5accqkajmf","timestamp":1705003021018,"id":"ykvdqnrjr4s69qk","previousEventId":"f4t5tdi1hdemjxm","previousOperationId":"43qfs5accqkajmf"}
{"type":"log","timestamp":1705003021018,"level":"info","message":"pdf-utils is starting pdf processing","meta":{"rootId":"ycutxudxh0azgm6","id":"ycutxudxh0azgm6"},"id":"yn967t1fjfe13qn","previousOperationId":"43qfs5accqkajmf"}
{"type":"operationStart","subtype":"pdfUtils","name":"pdf utils","timestamp":1705003021208,"id":"51ez2m8d63h6xf7","previousEventId":"ykvdqnrjr4s69qk","operationId":"6th5zggg4zy98gq","previousOperationId":"43qfs5accqkajmf"}
{"type":"log","timestamp":1705003021209,"level":"debug","message":"pdf-utils detected 1 pdf operation(s) to process","meta":{"rootId":"ycutxudxh0azgm6","id":"ycutxudxh0azgm6"},"id":"30z7gpbkmbngqyq","previousOperationId":"6th5zggg4zy98gq"}
{"type":"log","timestamp":1705003021408,"level":"debug","message":"pdf-utils running pdf operation merge","meta":{"rootId":"ycutxudxh0azgm6","id":"ycutxudxh0azgm6"},"id":"hfrvxhd3xcrdgtg","previousOperationId":"6th5zggg4zy98gq"}
{"type":"operationStart","subtype":"pdfUtilsMerge","name":"pdf utils merge","previousOperationId":"6th5zggg4zy98gq","timestamp":1705003021408,"id":"iw6rezt037oilig","previousEventId":"51ez2m8d63h6xf7","operationId":"wx980hsxlla3ylv"}
{"type":"operationStart","subtype":"render","name":"orders-header","previousOperationId":"wx980hsxlla3ylv","timestamp":1705003021410,"id":"9apjkpfe8jjifgr","previousEventId":"iw6rezt037oilig","operationId":"0jvxmgkalpym4zd"}
{"type":"log","timestamp":1705003021410,"level":"info","message":"Starting rendering (child) request","meta":{"rootId":"ycutxudxh0azgm6","id":"nqtmpm6bhsewfdv"},"id":"hmluqc0x4ks1jeh","previousOperationId":"0jvxmgkalpym4zd"}
{"type":"log","timestamp":1705003021410,"level":"info","message":"Rendering template { name: orders-header, recipe: chrome-pdf, engine: handlebars, preview: true }","meta":{"rootId":"ycutxudxh0azgm6","id":"nqtmpm6bhsewfdv"},"id":"a0z0v98n36deh3e","previousOperationId":"0jvxmgkalpym4zd"}
{"type":"log","timestamp":1705003021421,"level":"debug","message":"Inline data specified.","meta":{"rootId":"ycutxudxh0azgm6","id":"nqtmpm6bhsewfdv"},"id":"ypxpipo59yupdy0","previousOperationId":"0jvxmgkalpym4zd"}
{"type":"log","timestamp":1705003021423,"level":"debug","message":"Base url not specified, skipping its injection.","meta":{"rootId":"ycutxudxh0azgm6","id":"nqtmpm6bhsewfdv"},"id":"preq3t6xfoevscy","previousOperationId":"0jvxmgkalpym4zd"}
{"type":"operationStart","subtype":"engine","name":"handlebars","timestamp":1705003021424,"id":"ydszeddbqzux4n8","previousEventId":"9apjkpfe8jjifgr","operationId":"iqscd8joxhlwgl2","previousOperationId":"0jvxmgkalpym4zd"}
{"type":"log","timestamp":1705003021424,"level":"debug","message":"Rendering engine handlebars","meta":{"rootId":"ycutxudxh0azgm6","id":"nqtmpm6bhsewfdv"},"id":"8z0ss48ro9x3d2i","previousOperationId":"iqscd8joxhlwgl2"}
{"type":"operationEnd","operationId":"iqscd8joxhlwgl2","timestamp":1705003021494,"id":"wbcewgchtxdxg4u","previousEventId":"ydszeddbqzux4n8","previousOperationId":"iqscd8joxhlwgl2"}
{"type":"operationStart","subtype":"recipe","name":"chrome-pdf","timestamp":1705003021494,"id":"pok3cy3u9eer6p4","previousEventId":"wbcewgchtxdxg4u","operationId":"cs8lmlaczbq2iop","previousOperationId":"iqscd8joxhlwgl2"}
{"type":"log","timestamp":1705003021494,"level":"debug","message":"Executing recipe chrome-pdf","meta":{"rootId":"ycutxudxh0azgm6","id":"nqtmpm6bhsewfdv"},"id":"djwk4m092fvv4w3","previousOperationId":"cs8lmlaczbq2iop"}
{"type":"log","timestamp":1705003021496,"level":"debug","message":"Converting with chrome HeadlessChrome/117.0.5938.149 using chrome-pool strategy","meta":{"rootId":"ycutxudxh0azgm6","id":"nqtmpm6bhsewfdv"},"id":"c8hjfts23wxs18k","previousOperationId":"cs8lmlaczbq2iop"}
{"type":"log","timestamp":1705003021556,"level":"debug","message":"Page request: GET (document) file:///C:/Users/DANIEL~1/AppData/Local/Temp/jsreport/autocleanup/a0103604-6f06-474d-b020-75ce5f9e9fbd-chrome-pdf.html","meta":{"rootId":"ycutxudxh0azgm6","id":"nqtmpm6bhsewfdv"},"id":"gnx2gf7njdwchf2","previousOperationId":"cs8lmlaczbq2iop"}
{"type":"log","timestamp":1705003021572,"level":"debug","message":"Page request: GET (stylesheet) https://cdnjs.cloudflare.com/ajax/libs/metro/4.1.5/css/metro.min.css","meta":{"rootId":"ycutxudxh0azgm6","id":"nqtmpm6bhsewfdv"},"id":"22k7yu4b4m4d9sr","previousOperationId":"cs8lmlaczbq2iop"}
{"type":"log","timestamp":1705003021572,"level":"debug","message":"Page request finished: GET (document) 200 file:///C:/Users/DANIEL~1/AppData/Local/Temp/jsreport/autocleanup/a0103604-6f06-474d-b020-75ce5f9e9fbd-chrome-pdf.html","meta":{"rootId":"ycutxudxh0azgm6","id":"nqtmpm6bhsewfdv"},"id":"ftk1pvupfhzhd2u","previousOperationId":"cs8lmlaczbq2iop"}
{"type":"log","timestamp":1705003021583,"level":"debug","message":"Page request finished: GET (stylesheet) 200 https://cdnjs.cloudflare.com/ajax/libs/metro/4.1.5/css/metro.min.css","meta":{"rootId":"ycutxudxh0azgm6","id":"nqtmpm6bhsewfdv"},"id":"rw2iyvxnw24rti3","previousOperationId":"cs8lmlaczbq2iop"}
{"type":"log","timestamp":1705003021596,"level":"debug","message":"Running chrome with params {\"printBackground\":true,\"marginTop\":\"1.5cm\",\"marginRight\":\"1.5cm\",\"marginLeft\":\"1.cm\",\"timeout\":52828,\"margin\":{\"top\":\"1.5cm\",\"right\":\"1.5cm\",\"left\":\"1.cm\"}}","meta":{"rootId":"ycutxudxh0azgm6","id":"nqtmpm6bhsewfdv"},"id":"6n5cgd3arlj2os0","previousOperationId":"cs8lmlaczbq2iop"}
{"type":"operationEnd","operationId":"cs8lmlaczbq2iop","timestamp":1705003021624,"id":"x13ng6a42lufkyx","previousEventId":"pok3cy3u9eer6p4","previousOperationId":"cs8lmlaczbq2iop"}
{"type":"log","timestamp":1705003021624,"level":"debug","message":"Skipping storing report.","meta":{"rootId":"ycutxudxh0azgm6","id":"nqtmpm6bhsewfdv"},"id":"eabl8wza10dc2jk","previousOperationId":"cs8lmlaczbq2iop"}
{"type":"log","timestamp":1705003021625,"level":"info","message":"Rendering (child) request finished in 7302 ms","meta":{"rootId":"ycutxudxh0azgm6","id":"nqtmpm6bhsewfdv"},"id":"ul6lh2l0jazape4","previousOperationId":"cs8lmlaczbq2iop"}
{"type":"operationEnd","subtype":"render","operationId":"0jvxmgkalpym4zd","timestamp":1705003021625,"id":"ikqvqh15ai5enel","previousEventId":"x13ng6a42lufkyx","previousOperationId":"cs8lmlaczbq2iop"}
{"type":"operationEnd","operationId":"wx980hsxlla3ylv","timestamp":1705003021646,"id":"namaa6gjhztyd6w","previousEventId":"iw6rezt037oilig","previousOperationId":"wx980hsxlla3ylv"}
{"type":"log","timestamp":1705003021646,"level":"debug","message":"pdf-utils postproces start","meta":{"rootId":"ycutxudxh0azgm6","id":"ycutxudxh0azgm6"},"id":"8s29um86orqxxdq","previousOperationId":"wx980hsxlla3ylv"}
{"type":"log","timestamp":1705003021665,"level":"debug","message":"pdf-utils postproces end","meta":{"rootId":"ycutxudxh0azgm6","id":"ycutxudxh0azgm6"},"id":"v2jygyzg5hpzxcl","previousOperationId":"wx980hsxlla3ylv"}
{"type":"operationEnd","operationId":"6th5zggg4zy98gq","timestamp":1705003021665,"id":"kpybajle5gexzfp","previousEventId":"namaa6gjhztyd6w","previousOperationId":"wx980hsxlla3ylv"}
{"type":"log","timestamp":1705003021665,"level":"info","message":"pdf-utils pdf processing was finished","meta":{"rootId":"ycutxudxh0azgm6","id":"ycutxudxh0azgm6"},"id":"u0hofzh6621gvp0","previousOperationId":"6th5zggg4zy98gq"}
{"type":"log","timestamp":1705003021665,"level":"debug","message":"Skipping storing report.","meta":{"rootId":"ycutxudxh0azgm6","id":"ycutxudxh0azgm6"},"id":"f2r7tkq63gr03ba","previousOperationId":"6th5zggg4zy98gq"}
{"type":"log","timestamp":1705003021665,"level":"info","message":"Rendering request 16 finished in 7342 ms","meta":{"rootId":"ycutxudxh0azgm6","id":"ycutxudxh0azgm6"},"id":"xliuvwx7it3y26y","previousOperationId":"6th5zggg4zy98gq"}
{"type":"operationEnd","subtype":"render","operationId":"khec4p5h5fblr6b","timestamp":1705003021665,"id":"kzg4tvvk30voxrb","previousEventId":"kpybajle5gexzfp","previousOperationId":"6th5zggg4zy98gq"}
{"type":"operationEnd","doDiffs":false,"previousEventId":"osavlgje1hjhlcq","previousOperationId":"am28t7keulpfppp","operationId":"am28t7keulpfppp","timestamp":1705003021676,"id":"puo58v3cx1rrmsv"}
