{"type":"operationStart","subtype":"profile","data":{"_id":"YYO8kkvwoTO8GYIk","timestamp":"2024-01-18T17:32:09.762Z","state":"queued","mode":"standard","creationDate":"2024-01-18T17:32:09.764Z","modificationDate":"2024-01-18T17:32:09.764Z","shortid":"_TrZDp4","$entitySet":"profiles"},"doDiffs":false,"timestamp":1705599129763,"id":"cuqth1bbavklzl8","previousOperationId":null,"operationId":"pos1tzm9d5lpddw"}
{"type":"log","level":"info","message":"Render request 10 queued for execution and waiting for available worker","previousOperationId":"pos1tzm9d5lpddw","timestamp":1705599129763,"id":"zkpajjsfbpvlid9"}
{"type":"operationStart","subtype":"render","name":"orders-main","previousOperationId":"pos1tzm9d5lpddw","timestamp":1705599129768,"id":"42o0yea6rpr303m","previousEventId":"cuqth1bbavklzl8","operationId":"lsniwwl7gjug3iw"}
{"type":"log","timestamp":1705599129768,"level":"info","message":"Starting rendering request 10","meta":{"rootId":"05xonxh520p2f86","id":"05xonxh520p2f86"},"id":"otuewjzedcjj5i7","previousOperationId":"lsniwwl7gjug3iw"}
{"type":"log","timestamp":1705599129769,"level":"info","message":"Rendering template { name: orders-main, recipe: chrome-pdf, engine: handlebars, preview: true }","meta":{"rootId":"05xonxh520p2f86","id":"05xonxh520p2f86"},"id":"g93qq3vcr382hgc","previousOperationId":"lsniwwl7gjug3iw"}
{"type":"log","timestamp":1705599129769,"level":"debug","message":"Data item not defined for this template.","meta":{"rootId":"05xonxh520p2f86","id":"05xonxh520p2f86"},"id":"na68vdg1mbil0sg","previousOperationId":"lsniwwl7gjug3iw"}
{"type":"log","timestamp":1705599129771,"level":"debug","message":"Executing script orders-script (beforeRender)","meta":{"rootId":"05xonxh520p2f86","id":"05xonxh520p2f86"},"id":"214snpz9kk0o2zt","previousOperationId":"lsniwwl7gjug3iw"}
{"type":"operationStart","subtype":"scriptsBeforeRender","name":"scripts beforeRender","timestamp":1705599129781,"id":"18z2goz8z8kxznp","previousEventId":"42o0yea6rpr303m","operationId":"9cqfguphz0q5h24","previousOperationId":"lsniwwl7gjug3iw"}
{"type":"operationStart","subtype":"script","name":"scripts orders-script","previousOperationId":"9cqfguphz0q5h24","timestamp":1705599129781,"id":"qm0s33fbz86lpzq","previousEventId":"18z2goz8z8kxznp","operationId":"u3g3n2e8fny67h1"}
{"type":"log","timestamp":1705599129790,"level":"debug","message":"(console:log) [ 'Race1', 'Race2' ]","meta":{"userLevel":true,"rootId":"05xonxh520p2f86","id":"05xonxh520p2f86"},"id":"b1653e6g6v43tnm","previousOperationId":"u3g3n2e8fny67h1"}
{"type":"log","timestamp":1705599129790,"level":"debug","message":"(console:log) [ 2, 1 ]","meta":{"userLevel":true,"rootId":"05xonxh520p2f86","id":"05xonxh520p2f86"},"id":"abtijtz3asksisq","previousOperationId":"u3g3n2e8fny67h1"}
{"type":"operationEnd","operationId":"u3g3n2e8fny67h1","timestamp":1705599129790,"id":"rqv0y9klynkqls7","previousEventId":"42o0yea6rpr303m","previousOperationId":"lsniwwl7gjug3iw"}
{"type":"operationEnd","operationId":"9cqfguphz0q5h24","timestamp":1705599129790,"id":"ilsam8z2wvmrh4s","previousEventId":"rqv0y9klynkqls7","previousOperationId":"lsniwwl7gjug3iw"}
{"type":"log","timestamp":1705599129790,"level":"debug","message":"Base url not specified, skipping its injection.","meta":{"rootId":"05xonxh520p2f86","id":"05xonxh520p2f86"},"id":"3iq54thz8yhkg9t","previousOperationId":"9cqfguphz0q5h24"}
{"type":"operationStart","subtype":"engine","name":"handlebars","timestamp":1705599129791,"id":"7ro0u4xod6vswo8","previousEventId":"ilsam8z2wvmrh4s","operationId":"bgq5n2uvym04xsw","previousOperationId":"9cqfguphz0q5h24"}
{"type":"log","timestamp":1705599129791,"level":"debug","message":"Rendering engine handlebars","meta":{"rootId":"05xonxh520p2f86","id":"05xonxh520p2f86"},"id":"km2xzhbowsdt08s","previousOperationId":"bgq5n2uvym04xsw"}
{"type":"log","timestamp":1705599129801,"level":"debug","message":"(console:log) Pdf utils adding group field, value: \"Race1\"","meta":{"userLevel":true,"rootId":"05xonxh520p2f86","id":"05xonxh520p2f86"},"id":"er0dt8nd5qfk18b","previousOperationId":"bgq5n2uvym04xsw"}
{"type":"log","timestamp":1705599129801,"level":"debug","message":"(console:log) Pdf utils adding group field, value: \"Race2\"","meta":{"userLevel":true,"rootId":"05xonxh520p2f86","id":"05xonxh520p2f86"},"id":"7bfnp6zl3yohncd","previousOperationId":"bgq5n2uvym04xsw"}
{"type":"operationEnd","operationId":"bgq5n2uvym04xsw","timestamp":1705599129801,"id":"u7fvrdl7lmmo2tp","previousEventId":"7ro0u4xod6vswo8","previousOperationId":"bgq5n2uvym04xsw"}
{"type":"operationStart","subtype":"recipe","name":"chrome-pdf","timestamp":1705599129801,"id":"bliknpvm2xrcp1q","previousEventId":"u7fvrdl7lmmo2tp","operationId":"kw8za36avg060r0","previousOperationId":"bgq5n2uvym04xsw"}
{"type":"log","timestamp":1705599129801,"level":"debug","message":"Executing recipe chrome-pdf","meta":{"rootId":"05xonxh520p2f86","id":"05xonxh520p2f86"},"id":"b6n6ol681uok0l0","previousOperationId":"kw8za36avg060r0"}
{"type":"log","timestamp":1705599129803,"level":"debug","message":"Converting with chrome HeadlessChrome/117.0.5938.149 using chrome-pool strategy","meta":{"rootId":"05xonxh520p2f86","id":"05xonxh520p2f86"},"id":"9ibs2jyuk4e685w","previousOperationId":"kw8za36avg060r0"}
{"type":"log","timestamp":1705599129878,"level":"debug","message":"Page request: GET (document) file:///C:/Users/DANIEL~1/AppData/Local/Temp/jsreport/autocleanup/2612f2aa-9142-4982-bcff-fa7ea30ec1fc-chrome-pdf.html","meta":{"rootId":"05xonxh520p2f86","id":"05xonxh520p2f86"},"id":"tmwjxi0u6m4c737","previousOperationId":"kw8za36avg060r0"}
{"type":"log","timestamp":1705599129900,"level":"debug","message":"Page request: GET (stylesheet) https://cdnjs.cloudflare.com/ajax/libs/metro/4.1.5/css/metro.min.css","meta":{"rootId":"05xonxh520p2f86","id":"05xonxh520p2f86"},"id":"a159y41zpqq64aw","previousOperationId":"kw8za36avg060r0"}
{"type":"log","timestamp":1705599129901,"level":"debug","message":"Page request: GET (script) https://cdn.jsdelivr.net/npm/chart.js","meta":{"rootId":"05xonxh520p2f86","id":"05xonxh520p2f86"},"id":"4rhpf7pzsen4eap","previousOperationId":"kw8za36avg060r0"}
{"type":"log","timestamp":1705599129901,"level":"debug","message":"Page request finished: GET (document) 200 file:///C:/Users/DANIEL~1/AppData/Local/Temp/jsreport/autocleanup/2612f2aa-9142-4982-bcff-fa7ea30ec1fc-chrome-pdf.html","meta":{"rootId":"05xonxh520p2f86","id":"05xonxh520p2f86"},"id":"dfdfj7vqnauf1t9","previousOperationId":"kw8za36avg060r0"}
{"type":"log","timestamp":1705599129906,"level":"debug","message":"Page request finished: GET (script) 200 https://cdn.jsdelivr.net/npm/chart.js","meta":{"rootId":"05xonxh520p2f86","id":"05xonxh520p2f86"},"id":"qyqtzu3dg71y3om","previousOperationId":"kw8za36avg060r0"}
{"type":"log","timestamp":1705599129916,"level":"debug","message":"Page request finished: GET (stylesheet) 200 https://cdnjs.cloudflare.com/ajax/libs/metro/4.1.5/css/metro.min.css","meta":{"rootId":"05xonxh520p2f86","id":"05xonxh520p2f86"},"id":"vo9iyobnccbdm0p","previousOperationId":"kw8za36avg060r0"}
{"type":"log","timestamp":1705599129919,"level":"warn","message":"Page error: Unexpected token ';' , stack: SyntaxError: Unexpected token ';'","meta":{"rootId":"05xonxh520p2f86","id":"05xonxh520p2f86"},"id":"zufh3bhxo1gkben","previousOperationId":"kw8za36avg060r0"}
{"type":"log","timestamp":1705599129940,"level":"debug","message":"Running chrome with params {\"printBackground\":true,\"marginTop\":\"4cm\",\"marginRight\":\"1.5cm\",\"marginBottom\":\"1.5cm\",\"marginLeft\":\"1.5cm\",\"waitForJS\":false,\"timeout\":59959,\"margin\":{\"top\":\"4cm\",\"right\":\"1.5cm\",\"bottom\":\"1.5cm\",\"left\":\"1.5cm\"}}","meta":{"rootId":"05xonxh520p2f86","id":"05xonxh520p2f86"},"id":"1ycikb1pu53vgui","previousOperationId":"kw8za36avg060r0"}
{"type":"operationEnd","operationId":"kw8za36avg060r0","timestamp":1705599129997,"id":"18qymqckwlnj7rl","previousEventId":"bliknpvm2xrcp1q","previousOperationId":"kw8za36avg060r0"}
{"type":"log","timestamp":1705599129997,"level":"info","message":"pdf-utils is starting pdf processing","meta":{"rootId":"05xonxh520p2f86","id":"05xonxh520p2f86"},"id":"q8ylc4et1vbfwje","previousOperationId":"kw8za36avg060r0"}
{"type":"operationStart","subtype":"pdfUtils","name":"pdf utils","timestamp":1705599129997,"id":"nslda76dmqho3jh","previousEventId":"18qymqckwlnj7rl","operationId":"len6zv769ozyq0p","previousOperationId":"kw8za36avg060r0"}
{"type":"log","timestamp":1705599129997,"level":"debug","message":"pdf-utils detected 1 pdf operation(s) to process","meta":{"rootId":"05xonxh520p2f86","id":"05xonxh520p2f86"},"id":"gtnu7e5tutrhxyw","previousOperationId":"len6zv769ozyq0p"}
{"type":"log","timestamp":1705599130015,"level":"debug","message":"pdf-utils running pdf operation merge","meta":{"rootId":"05xonxh520p2f86","id":"05xonxh520p2f86"},"id":"imk35qa7crnin0z","previousOperationId":"len6zv769ozyq0p"}
{"type":"operationStart","subtype":"pdfUtilsMerge","name":"pdf utils merge","previousOperationId":"len6zv769ozyq0p","timestamp":1705599130015,"id":"uz8dm5vrp5wqr97","previousEventId":"nslda76dmqho3jh","operationId":"vh4d9c6hhxkwp23"}
{"type":"operationStart","subtype":"render","name":"orders-header","previousOperationId":"vh4d9c6hhxkwp23","timestamp":1705599130016,"id":"vttf2nnn5rc30pq","previousEventId":"uz8dm5vrp5wqr97","operationId":"5xdetk8gra4hct0"}
{"type":"log","timestamp":1705599130016,"level":"info","message":"Starting rendering (child) request","meta":{"rootId":"05xonxh520p2f86","id":"p7aazhmqu5qm2bq"},"id":"mr3qiqrbkced0cv","previousOperationId":"5xdetk8gra4hct0"}
{"type":"log","timestamp":1705599130016,"level":"info","message":"Rendering template { name: orders-header, recipe: chrome-pdf, engine: handlebars, preview: true }","meta":{"rootId":"05xonxh520p2f86","id":"p7aazhmqu5qm2bq"},"id":"q2juh1crlqegeiq","previousOperationId":"5xdetk8gra4hct0"}
{"type":"log","timestamp":1705599130016,"level":"debug","message":"Inline data specified.","meta":{"rootId":"05xonxh520p2f86","id":"p7aazhmqu5qm2bq"},"id":"viq8wmrf19d42nc","previousOperationId":"5xdetk8gra4hct0"}
{"type":"log","timestamp":1705599130017,"level":"debug","message":"Base url not specified, skipping its injection.","meta":{"rootId":"05xonxh520p2f86","id":"p7aazhmqu5qm2bq"},"id":"obsjz2ex3xv2qif","previousOperationId":"5xdetk8gra4hct0"}
{"type":"operationStart","subtype":"engine","name":"handlebars","timestamp":1705599130017,"id":"rvtrzb3o1hhfdb4","previousEventId":"vttf2nnn5rc30pq","operationId":"lgwhm5d456qy63k","previousOperationId":"5xdetk8gra4hct0"}
{"type":"log","timestamp":1705599130017,"level":"debug","message":"Rendering engine handlebars","meta":{"rootId":"05xonxh520p2f86","id":"p7aazhmqu5qm2bq"},"id":"u3h8x5s5y2h1v11","previousOperationId":"lgwhm5d456qy63k"}
{"type":"operationEnd","operationId":"lgwhm5d456qy63k","timestamp":1705599130029,"id":"taq1hp9t2a9yq9m","previousEventId":"rvtrzb3o1hhfdb4","previousOperationId":"lgwhm5d456qy63k"}
{"type":"operationStart","subtype":"recipe","name":"chrome-pdf","timestamp":1705599130029,"id":"u9pead4msvb5xkf","previousEventId":"taq1hp9t2a9yq9m","operationId":"ypkj3cftupi0rtu","previousOperationId":"lgwhm5d456qy63k"}
{"type":"log","timestamp":1705599130029,"level":"debug","message":"Executing recipe chrome-pdf","meta":{"rootId":"05xonxh520p2f86","id":"p7aazhmqu5qm2bq"},"id":"rr1cquudd6lggnt","previousOperationId":"ypkj3cftupi0rtu"}
{"type":"log","timestamp":1705599130031,"level":"debug","message":"Converting with chrome HeadlessChrome/117.0.5938.149 using chrome-pool strategy","meta":{"rootId":"05xonxh520p2f86","id":"p7aazhmqu5qm2bq"},"id":"f5zdsmjk3jwoc59","previousOperationId":"ypkj3cftupi0rtu"}
{"type":"log","timestamp":1705599130106,"level":"debug","message":"Page request: GET (document) file:///C:/Users/DANIEL~1/AppData/Local/Temp/jsreport/autocleanup/c6d9af76-e5ed-4337-b313-a07bdeeb60a1-chrome-pdf.html","meta":{"rootId":"05xonxh520p2f86","id":"p7aazhmqu5qm2bq"},"id":"9cj57td1o7vzi2t","previousOperationId":"ypkj3cftupi0rtu"}
{"type":"log","timestamp":1705599130114,"level":"debug","message":"Page request: GET (stylesheet) https://cdnjs.cloudflare.com/ajax/libs/metro/4.1.5/css/metro.min.css","meta":{"rootId":"05xonxh520p2f86","id":"p7aazhmqu5qm2bq"},"id":"advhc2ahs9hkoqy","previousOperationId":"ypkj3cftupi0rtu"}
{"type":"log","timestamp":1705599130115,"level":"debug","message":"Page request finished: GET (document) 200 file:///C:/Users/DANIEL~1/AppData/Local/Temp/jsreport/autocleanup/c6d9af76-e5ed-4337-b313-a07bdeeb60a1-chrome-pdf.html","meta":{"rootId":"05xonxh520p2f86","id":"p7aazhmqu5qm2bq"},"id":"yv39cvto69ch1ab","previousOperationId":"ypkj3cftupi0rtu"}
{"type":"log","timestamp":1705599130129,"level":"debug","message":"Page request finished: GET (stylesheet) 200 https://cdnjs.cloudflare.com/ajax/libs/metro/4.1.5/css/metro.min.css","meta":{"rootId":"05xonxh520p2f86","id":"p7aazhmqu5qm2bq"},"id":"cqhs2kyhtno5goh","previousOperationId":"ypkj3cftupi0rtu"}
{"type":"log","timestamp":1705599130142,"level":"debug","message":"Running chrome with params {\"printBackground\":true,\"marginTop\":\"1.5cm\",\"marginRight\":\"1.5cm\",\"marginLeft\":\"1.cm\",\"timeout\":59731,\"margin\":{\"top\":\"1.5cm\",\"right\":\"1.5cm\",\"left\":\"1.cm\"}}","meta":{"rootId":"05xonxh520p2f86","id":"p7aazhmqu5qm2bq"},"id":"26pohg70931vnbm","previousOperationId":"ypkj3cftupi0rtu"}
{"type":"operationEnd","operationId":"ypkj3cftupi0rtu","timestamp":1705599130170,"id":"a5l79bpti3sfoj4","previousEventId":"u9pead4msvb5xkf","previousOperationId":"ypkj3cftupi0rtu"}
{"type":"log","timestamp":1705599130170,"level":"debug","message":"Skipping storing report.","meta":{"rootId":"05xonxh520p2f86","id":"p7aazhmqu5qm2bq"},"id":"qi70tympvkhg6s9","previousOperationId":"ypkj3cftupi0rtu"}
{"type":"log","timestamp":1705599130170,"level":"info","message":"Rendering (child) request finished in 409 ms","meta":{"rootId":"05xonxh520p2f86","id":"p7aazhmqu5qm2bq"},"id":"cje5sgcbmcesf7r","previousOperationId":"ypkj3cftupi0rtu"}
{"type":"operationEnd","subtype":"render","operationId":"5xdetk8gra4hct0","timestamp":1705599130170,"id":"gknv0klmt9c0nu0","previousEventId":"a5l79bpti3sfoj4","previousOperationId":"ypkj3cftupi0rtu"}
{"type":"operationEnd","operationId":"vh4d9c6hhxkwp23","timestamp":1705599130178,"id":"oabq0dzzv9hrvwk","previousEventId":"uz8dm5vrp5wqr97","previousOperationId":"vh4d9c6hhxkwp23"}
{"type":"log","timestamp":1705599130178,"level":"debug","message":"pdf-utils postproces start","meta":{"rootId":"05xonxh520p2f86","id":"05xonxh520p2f86"},"id":"f0x3cf5ft0ah9my","previousOperationId":"vh4d9c6hhxkwp23"}
{"type":"log","timestamp":1705599130186,"level":"debug","message":"pdf-utils postproces end","meta":{"rootId":"05xonxh520p2f86","id":"05xonxh520p2f86"},"id":"toiw1yllzkn1cls","previousOperationId":"vh4d9c6hhxkwp23"}
{"type":"operationEnd","operationId":"len6zv769ozyq0p","timestamp":1705599130186,"id":"8yurovtpzbzqxvk","previousEventId":"oabq0dzzv9hrvwk","previousOperationId":"vh4d9c6hhxkwp23"}
{"type":"log","timestamp":1705599130186,"level":"info","message":"pdf-utils pdf processing was finished","meta":{"rootId":"05xonxh520p2f86","id":"05xonxh520p2f86"},"id":"bpzdwpfnk3oserw","previousOperationId":"len6zv769ozyq0p"}
{"type":"log","timestamp":1705599130186,"level":"debug","message":"Skipping storing report.","meta":{"rootId":"05xonxh520p2f86","id":"05xonxh520p2f86"},"id":"97iyow2dhul451e","previousOperationId":"len6zv769ozyq0p"}
{"type":"log","timestamp":1705599130186,"level":"info","message":"Rendering request 10 finished in 425 ms","meta":{"rootId":"05xonxh520p2f86","id":"05xonxh520p2f86"},"id":"yaxr6z5wc0ppxe2","previousOperationId":"len6zv769ozyq0p"}
{"type":"operationEnd","subtype":"render","operationId":"lsniwwl7gjug3iw","timestamp":1705599130186,"id":"20lluahuzng2ui5","previousEventId":"8yurovtpzbzqxvk","previousOperationId":"len6zv769ozyq0p"}
{"type":"operationEnd","doDiffs":false,"previousEventId":"cuqth1bbavklzl8","previousOperationId":"pos1tzm9d5lpddw","operationId":"pos1tzm9d5lpddw","timestamp":1705599130196,"id":"bjleeimnscshrbq"}
