{"type":"operationStart","subtype":"profile","data":{"_id":"mVp2IEEhn1PKbg4K","timestamp":"2024-01-17T16:38:38.499Z","state":"queued","mode":"standard","creationDate":"2024-01-17T16:38:38.500Z","modificationDate":"2024-01-17T16:38:38.500Z","shortid":"CqA8RpX","$entitySet":"profiles"},"doDiffs":false,"timestamp":1705509518499,"id":"ytq79s1oscrs19b","previousOperationId":null,"operationId":"khzotf5iv46ceuv"}
{"type":"log","level":"info","message":"Render request 58 queued for execution and waiting for available worker","previousOperationId":"khzotf5iv46ceuv","timestamp":1705509518499,"id":"rh1fszx5hslkv26"}
{"type":"operationStart","subtype":"render","name":"orders-main","previousOperationId":"khzotf5iv46ceuv","timestamp":1705509518504,"id":"aejjl0g7jic4832","previousEventId":"ytq79s1oscrs19b","operationId":"yk2sitnc6z270f8"}
{"type":"log","timestamp":1705509518505,"level":"info","message":"Starting rendering request 58","meta":{"rootId":"0hwh65yi0wao42p","id":"0hwh65yi0wao42p"},"id":"atx8irhjeme1i6j","previousOperationId":"yk2sitnc6z270f8"}
{"type":"log","timestamp":1705509518505,"level":"info","message":"Rendering template { name: orders-main, recipe: chrome-pdf, engine: handlebars, preview: true }","meta":{"rootId":"0hwh65yi0wao42p","id":"0hwh65yi0wao42p"},"id":"49xqlc0fpyio5dh","previousOperationId":"yk2sitnc6z270f8"}
{"type":"log","timestamp":1705509518505,"level":"debug","message":"Data item not defined for this template.","meta":{"rootId":"0hwh65yi0wao42p","id":"0hwh65yi0wao42p"},"id":"lelljnr0imq20x2","previousOperationId":"yk2sitnc6z270f8"}
{"type":"log","timestamp":1705509518507,"level":"debug","message":"Executing script orders-script (beforeRender)","meta":{"rootId":"0hwh65yi0wao42p","id":"0hwh65yi0wao42p"},"id":"raqlit6w0eidxmc","previousOperationId":"yk2sitnc6z270f8"}
{"type":"operationStart","subtype":"scriptsBeforeRender","name":"scripts beforeRender","timestamp":1705509518520,"id":"pncs4s0415tspzz","previousEventId":"aejjl0g7jic4832","operationId":"fu1w8576782i9pb","previousOperationId":"yk2sitnc6z270f8"}
{"type":"operationStart","subtype":"script","name":"scripts orders-script","previousOperationId":"fu1w8576782i9pb","timestamp":1705509518520,"id":"qhy0qi8rm3qeg4h","previousEventId":"pncs4s0415tspzz","operationId":"xq08gdtd9k66dln"}
{"type":"operationEnd","operationId":"xq08gdtd9k66dln","timestamp":1705509518528,"id":"kfnacu85n27519t","previousEventId":"aejjl0g7jic4832","previousOperationId":"yk2sitnc6z270f8"}
{"type":"operationEnd","operationId":"fu1w8576782i9pb","timestamp":1705509518528,"id":"xs5dr53x1s8dt0i","previousEventId":"kfnacu85n27519t","previousOperationId":"yk2sitnc6z270f8"}
{"type":"log","timestamp":1705509518528,"level":"debug","message":"Base url not specified, skipping its injection.","meta":{"rootId":"0hwh65yi0wao42p","id":"0hwh65yi0wao42p"},"id":"u6xqn0vwq4s6557","previousOperationId":"fu1w8576782i9pb"}
{"type":"operationStart","subtype":"engine","name":"handlebars","timestamp":1705509518528,"id":"lj3vt3s2mf5md3c","previousEventId":"xs5dr53x1s8dt0i","operationId":"lquetfdwjhnkw6o","previousOperationId":"fu1w8576782i9pb"}
{"type":"log","timestamp":1705509518528,"level":"debug","message":"Rendering engine handlebars","meta":{"rootId":"0hwh65yi0wao42p","id":"0hwh65yi0wao42p"},"id":"tkbebmjti1wmh8r","previousOperationId":"lquetfdwjhnkw6o"}
{"type":"log","timestamp":1705509518534,"level":"debug","message":"(console:log) Pdf utils adding group field, value: \"Race1\"","meta":{"userLevel":true,"rootId":"0hwh65yi0wao42p","id":"0hwh65yi0wao42p"},"id":"eav60pw6a4at8i0","previousOperationId":"lquetfdwjhnkw6o"}
{"type":"log","timestamp":1705509518534,"level":"debug","message":"(console:log) Pdf utils adding group field, value: \"Race2\"","meta":{"userLevel":true,"rootId":"0hwh65yi0wao42p","id":"0hwh65yi0wao42p"},"id":"gzrdhso5409wss8","previousOperationId":"lquetfdwjhnkw6o"}
{"type":"operationEnd","operationId":"lquetfdwjhnkw6o","timestamp":1705509518534,"id":"b9atrkw6jemk3xl","previousEventId":"lj3vt3s2mf5md3c","previousOperationId":"lquetfdwjhnkw6o"}
{"type":"operationStart","subtype":"recipe","name":"chrome-pdf","timestamp":1705509518534,"id":"gl2djsbj58a2rcv","previousEventId":"b9atrkw6jemk3xl","operationId":"xye6quahg1lzyzf","previousOperationId":"lquetfdwjhnkw6o"}
{"type":"log","timestamp":1705509518534,"level":"debug","message":"Executing recipe chrome-pdf","meta":{"rootId":"0hwh65yi0wao42p","id":"0hwh65yi0wao42p"},"id":"tabb4567kyi29wa","previousOperationId":"xye6quahg1lzyzf"}
{"type":"log","timestamp":1705509518536,"level":"debug","message":"Converting with chrome HeadlessChrome/117.0.5938.149 using chrome-pool strategy","meta":{"rootId":"0hwh65yi0wao42p","id":"0hwh65yi0wao42p"},"id":"114hs0wz1qujpiv","previousOperationId":"xye6quahg1lzyzf"}
{"type":"log","timestamp":1705509518600,"level":"debug","message":"Page request: GET (document) file:///C:/Users/DANIEL~1/AppData/Local/Temp/jsreport/autocleanup/af8befca-349d-4dee-9bc6-489015018875-chrome-pdf.html","meta":{"rootId":"0hwh65yi0wao42p","id":"0hwh65yi0wao42p"},"id":"ptpm80rzc6vzs4s","previousOperationId":"xye6quahg1lzyzf"}
{"type":"log","timestamp":1705509518613,"level":"debug","message":"Page request: GET (stylesheet) https://cdnjs.cloudflare.com/ajax/libs/metro/4.1.5/css/metro.min.css","meta":{"rootId":"0hwh65yi0wao42p","id":"0hwh65yi0wao42p"},"id":"25cj5iu7300ui4o","previousOperationId":"xye6quahg1lzyzf"}
{"type":"log","timestamp":1705509518613,"level":"debug","message":"Page request: GET (script) https://cdnjs.cloudflare.com/ajax/libs/Chart.js/2.7.2/Chart.min.js","meta":{"rootId":"0hwh65yi0wao42p","id":"0hwh65yi0wao42p"},"id":"vege954isu1ek86","previousOperationId":"xye6quahg1lzyzf"}
{"type":"log","timestamp":1705509518614,"level":"debug","message":"Page request finished: GET (document) 200 file:///C:/Users/DANIEL~1/AppData/Local/Temp/jsreport/autocleanup/af8befca-349d-4dee-9bc6-489015018875-chrome-pdf.html","meta":{"rootId":"0hwh65yi0wao42p","id":"0hwh65yi0wao42p"},"id":"sd8wkl7o3fpn7vw","previousOperationId":"xye6quahg1lzyzf"}
{"type":"log","timestamp":1705509518617,"level":"debug","message":"Page request finished: GET (script) 200 https://cdnjs.cloudflare.com/ajax/libs/Chart.js/2.7.2/Chart.min.js","meta":{"rootId":"0hwh65yi0wao42p","id":"0hwh65yi0wao42p"},"id":"e8k3gciyb4xao1s","previousOperationId":"xye6quahg1lzyzf"}
{"type":"log","timestamp":1705509518626,"level":"debug","message":"Page request finished: GET (stylesheet) 200 https://cdnjs.cloudflare.com/ajax/libs/metro/4.1.5/css/metro.min.css","meta":{"rootId":"0hwh65yi0wao42p","id":"0hwh65yi0wao42p"},"id":"swgcm1h3gj7igth","previousOperationId":"xye6quahg1lzyzf"}
{"type":"log","timestamp":1705509518648,"level":"debug","message":"Running chrome with params {\"printBackground\":true,\"marginTop\":\"4cm\",\"marginRight\":\"1.5cm\",\"marginBottom\":\"1.5cm\",\"marginLeft\":\"1.5cm\",\"waitForJS\":false,\"timeout\":59964,\"margin\":{\"top\":\"4cm\",\"right\":\"1.5cm\",\"bottom\":\"1.5cm\",\"left\":\"1.5cm\"}}","meta":{"rootId":"0hwh65yi0wao42p","id":"0hwh65yi0wao42p"},"id":"ffj9gj8g8gtxy13","previousOperationId":"xye6quahg1lzyzf"}
{"type":"operationEnd","operationId":"xye6quahg1lzyzf","timestamp":1705509518700,"id":"9d3hkmxwaxbif8n","previousEventId":"gl2djsbj58a2rcv","previousOperationId":"xye6quahg1lzyzf"}
{"type":"log","timestamp":1705509518700,"level":"info","message":"pdf-utils is starting pdf processing","meta":{"rootId":"0hwh65yi0wao42p","id":"0hwh65yi0wao42p"},"id":"0hrmy04257z9ju3","previousOperationId":"xye6quahg1lzyzf"}
{"type":"operationStart","subtype":"pdfUtils","name":"pdf utils","timestamp":1705509518700,"id":"jzmjycbjm7iaji6","previousEventId":"9d3hkmxwaxbif8n","operationId":"2hjgb2d09ma6mkk","previousOperationId":"xye6quahg1lzyzf"}
{"type":"log","timestamp":1705509518700,"level":"debug","message":"pdf-utils detected 1 pdf operation(s) to process","meta":{"rootId":"0hwh65yi0wao42p","id":"0hwh65yi0wao42p"},"id":"aebymr6zn0cd67k","previousOperationId":"2hjgb2d09ma6mkk"}
{"type":"log","timestamp":1705509518720,"level":"debug","message":"pdf-utils running pdf operation merge","meta":{"rootId":"0hwh65yi0wao42p","id":"0hwh65yi0wao42p"},"id":"jgcqfl91vkvishn","previousOperationId":"2hjgb2d09ma6mkk"}
{"type":"operationStart","subtype":"pdfUtilsMerge","name":"pdf utils merge","previousOperationId":"2hjgb2d09ma6mkk","timestamp":1705509518720,"id":"bde6u92of1nk869","previousEventId":"jzmjycbjm7iaji6","operationId":"zx4rti4nsjf1qvj"}
{"type":"operationStart","subtype":"render","name":"orders-header","previousOperationId":"zx4rti4nsjf1qvj","timestamp":1705509518721,"id":"jstnybav2zbukjh","previousEventId":"bde6u92of1nk869","operationId":"am2jcflqnkw0ar7"}
{"type":"log","timestamp":1705509518721,"level":"info","message":"Starting rendering (child) request","meta":{"rootId":"0hwh65yi0wao42p","id":"nchq37idgt5zroq"},"id":"726wuolcqj6l2py","previousOperationId":"am2jcflqnkw0ar7"}
{"type":"log","timestamp":1705509518721,"level":"info","message":"Rendering template { name: orders-header, recipe: chrome-pdf, engine: handlebars, preview: true }","meta":{"rootId":"0hwh65yi0wao42p","id":"nchq37idgt5zroq"},"id":"tao801kxrxwdkk9","previousOperationId":"am2jcflqnkw0ar7"}
{"type":"log","timestamp":1705509518722,"level":"debug","message":"Inline data specified.","meta":{"rootId":"0hwh65yi0wao42p","id":"nchq37idgt5zroq"},"id":"n79zga61mfzthvh","previousOperationId":"am2jcflqnkw0ar7"}
{"type":"log","timestamp":1705509518724,"level":"debug","message":"Base url not specified, skipping its injection.","meta":{"rootId":"0hwh65yi0wao42p","id":"nchq37idgt5zroq"},"id":"4m6zbzxfdohen4n","previousOperationId":"am2jcflqnkw0ar7"}
{"type":"operationStart","subtype":"engine","name":"handlebars","timestamp":1705509518724,"id":"bhzb72fzas9ii14","previousEventId":"jstnybav2zbukjh","operationId":"wevroltst97qo4d","previousOperationId":"am2jcflqnkw0ar7"}
{"type":"log","timestamp":1705509518724,"level":"debug","message":"Rendering engine handlebars","meta":{"rootId":"0hwh65yi0wao42p","id":"nchq37idgt5zroq"},"id":"660qa4poi3nz8fn","previousOperationId":"wevroltst97qo4d"}
{"type":"operationEnd","operationId":"wevroltst97qo4d","timestamp":1705509518744,"id":"i1vku78qiq9q7nn","previousEventId":"bhzb72fzas9ii14","previousOperationId":"wevroltst97qo4d"}
{"type":"operationStart","subtype":"recipe","name":"chrome-pdf","timestamp":1705509518745,"id":"7lkxduvqmu6pkvo","previousEventId":"i1vku78qiq9q7nn","operationId":"fjtl52hikf5giu6","previousOperationId":"wevroltst97qo4d"}
{"type":"log","timestamp":1705509518745,"level":"debug","message":"Executing recipe chrome-pdf","meta":{"rootId":"0hwh65yi0wao42p","id":"nchq37idgt5zroq"},"id":"aa8ybmb1q8lpxif","previousOperationId":"fjtl52hikf5giu6"}
{"type":"log","timestamp":1705509518746,"level":"debug","message":"Converting with chrome HeadlessChrome/117.0.5938.149 using chrome-pool strategy","meta":{"rootId":"0hwh65yi0wao42p","id":"nchq37idgt5zroq"},"id":"yxxh1xbljer2m76","previousOperationId":"fjtl52hikf5giu6"}
{"type":"log","timestamp":1705509518826,"level":"debug","message":"Page request: GET (document) file:///C:/Users/DANIEL~1/AppData/Local/Temp/jsreport/autocleanup/3e06f7a2-4a6d-4d25-a5db-3dabdee3d48d-chrome-pdf.html","meta":{"rootId":"0hwh65yi0wao42p","id":"nchq37idgt5zroq"},"id":"le62leijjubt5uj","previousOperationId":"fjtl52hikf5giu6"}
{"type":"log","timestamp":1705509518839,"level":"debug","message":"Page request: GET (stylesheet) https://cdnjs.cloudflare.com/ajax/libs/metro/4.1.5/css/metro.min.css","meta":{"rootId":"0hwh65yi0wao42p","id":"nchq37idgt5zroq"},"id":"jw3xeiv7encatd6","previousOperationId":"fjtl52hikf5giu6"}
{"type":"log","timestamp":1705509518839,"level":"debug","message":"Page request finished: GET (document) 200 file:///C:/Users/DANIEL~1/AppData/Local/Temp/jsreport/autocleanup/3e06f7a2-4a6d-4d25-a5db-3dabdee3d48d-chrome-pdf.html","meta":{"rootId":"0hwh65yi0wao42p","id":"nchq37idgt5zroq"},"id":"gepb7mofhzohmdk","previousOperationId":"fjtl52hikf5giu6"}
{"type":"log","timestamp":1705509518850,"level":"debug","message":"Page request finished: GET (stylesheet) 200 https://cdnjs.cloudflare.com/ajax/libs/metro/4.1.5/css/metro.min.css","meta":{"rootId":"0hwh65yi0wao42p","id":"nchq37idgt5zroq"},"id":"2lkstywbcw4ouxv","previousOperationId":"fjtl52hikf5giu6"}
{"type":"log","timestamp":1705509518863,"level":"debug","message":"Running chrome with params {\"printBackground\":true,\"marginTop\":\"1.5cm\",\"marginRight\":\"1.5cm\",\"marginLeft\":\"1.cm\",\"timeout\":59753,\"margin\":{\"top\":\"1.5cm\",\"right\":\"1.5cm\",\"left\":\"1.cm\"}}","meta":{"rootId":"0hwh65yi0wao42p","id":"nchq37idgt5zroq"},"id":"upl9t88q4voue2d","previousOperationId":"fjtl52hikf5giu6"}
{"type":"operationEnd","operationId":"fjtl52hikf5giu6","timestamp":1705509518888,"id":"g5jrknl74xdqaeh","previousEventId":"7lkxduvqmu6pkvo","previousOperationId":"fjtl52hikf5giu6"}
{"type":"log","timestamp":1705509518888,"level":"debug","message":"Skipping storing report.","meta":{"rootId":"0hwh65yi0wao42p","id":"nchq37idgt5zroq"},"id":"65zzqd1l80yxn8g","previousOperationId":"fjtl52hikf5giu6"}
{"type":"log","timestamp":1705509518888,"level":"info","message":"Rendering (child) request finished in 389 ms","meta":{"rootId":"0hwh65yi0wao42p","id":"nchq37idgt5zroq"},"id":"0wv9vee3e8ik2u5","previousOperationId":"fjtl52hikf5giu6"}
{"type":"operationEnd","subtype":"render","operationId":"am2jcflqnkw0ar7","timestamp":1705509518889,"id":"8zzttu8ni6mp8ow","previousEventId":"g5jrknl74xdqaeh","previousOperationId":"fjtl52hikf5giu6"}
{"type":"operationEnd","operationId":"zx4rti4nsjf1qvj","timestamp":1705509518897,"id":"y738kdk871woiu5","previousEventId":"bde6u92of1nk869","previousOperationId":"zx4rti4nsjf1qvj"}
{"type":"log","timestamp":1705509518897,"level":"debug","message":"pdf-utils postproces start","meta":{"rootId":"0hwh65yi0wao42p","id":"0hwh65yi0wao42p"},"id":"58ayym92xuo2htt","previousOperationId":"zx4rti4nsjf1qvj"}
{"type":"log","timestamp":1705509518905,"level":"debug","message":"pdf-utils postproces end","meta":{"rootId":"0hwh65yi0wao42p","id":"0hwh65yi0wao42p"},"id":"t31o5r8le2hc1ua","previousOperationId":"zx4rti4nsjf1qvj"}
{"type":"operationEnd","operationId":"2hjgb2d09ma6mkk","timestamp":1705509518905,"id":"nte2l79getnht17","previousEventId":"y738kdk871woiu5","previousOperationId":"zx4rti4nsjf1qvj"}
{"type":"log","timestamp":1705509518905,"level":"info","message":"pdf-utils pdf processing was finished","meta":{"rootId":"0hwh65yi0wao42p","id":"0hwh65yi0wao42p"},"id":"n0ias7q4aan6dge","previousOperationId":"2hjgb2d09ma6mkk"}
{"type":"log","timestamp":1705509518905,"level":"debug","message":"Skipping storing report.","meta":{"rootId":"0hwh65yi0wao42p","id":"0hwh65yi0wao42p"},"id":"6kczmtu5cehezxd","previousOperationId":"2hjgb2d09ma6mkk"}
{"type":"log","timestamp":1705509518905,"level":"info","message":"Rendering request 58 finished in 406 ms","meta":{"rootId":"0hwh65yi0wao42p","id":"0hwh65yi0wao42p"},"id":"4hwxby76ykog2x1","previousOperationId":"2hjgb2d09ma6mkk"}
{"type":"operationEnd","subtype":"render","operationId":"yk2sitnc6z270f8","timestamp":1705509518905,"id":"ueqmj1ukxus7o9n","previousEventId":"nte2l79getnht17","previousOperationId":"2hjgb2d09ma6mkk"}
{"type":"operationEnd","doDiffs":false,"previousEventId":"ytq79s1oscrs19b","previousOperationId":"khzotf5iv46ceuv","operationId":"khzotf5iv46ceuv","timestamp":1705509518918,"id":"vwuhls40u04hm2j"}
