{"type":"operationStart","subtype":"profile","data":{"_id":"esKePXchCpSaqyW1","timestamp":"2024-01-18T15:06:17.890Z","state":"queued","mode":"standard","creationDate":"2024-01-18T15:06:17.894Z","modificationDate":"2024-01-18T15:06:17.894Z","shortid":"cLrrV1n","$entitySet":"profiles"},"doDiffs":false,"timestamp":1705590377892,"id":"npx201m7dssyvvy","previousOperationId":null,"operationId":"ji0j201uy6vt8ii"}
{"type":"log","level":"info","message":"Render request 29 queued for execution and waiting for available worker","previousOperationId":"ji0j201uy6vt8ii","timestamp":1705590377892,"id":"fg5yi9atzu9z37d"}
{"type":"operationStart","subtype":"render","name":"orders-main","previousOperationId":"ji0j201uy6vt8ii","timestamp":1705590377906,"id":"x5px86dh88g9iz1","previousEventId":"npx201m7dssyvvy","operationId":"16txs11di0bda60"}
{"type":"log","timestamp":1705590377906,"level":"info","message":"Starting rendering request 29","meta":{"rootId":"0muggv88ia7tzaa","id":"0muggv88ia7tzaa"},"id":"5vdo2zrynyrtz4v","previousOperationId":"16txs11di0bda60"}
{"type":"log","timestamp":1705590377906,"level":"info","message":"Rendering template { name: orders-main, recipe: chrome-pdf, engine: handlebars, preview: true }","meta":{"rootId":"0muggv88ia7tzaa","id":"0muggv88ia7tzaa"},"id":"42c4li7cx3eoxmo","previousOperationId":"16txs11di0bda60"}
{"type":"log","timestamp":1705590377908,"level":"debug","message":"Data item not defined for this template.","meta":{"rootId":"0muggv88ia7tzaa","id":"0muggv88ia7tzaa"},"id":"w1hf3pmhgnwvi3v","previousOperationId":"16txs11di0bda60"}
{"type":"log","timestamp":1705590377912,"level":"debug","message":"Executing script orders-script (beforeRender)","meta":{"rootId":"0muggv88ia7tzaa","id":"0muggv88ia7tzaa"},"id":"1so3ht4t79m56sq","previousOperationId":"16txs11di0bda60"}
{"type":"operationStart","subtype":"scriptsBeforeRender","name":"scripts beforeRender","timestamp":1705590377932,"id":"myrbrrkronag9av","previousEventId":"x5px86dh88g9iz1","operationId":"728o3fi1dlqdm93","previousOperationId":"16txs11di0bda60"}
{"type":"operationStart","subtype":"script","name":"scripts orders-script","previousOperationId":"728o3fi1dlqdm93","timestamp":1705590377932,"id":"kr2zn697mjje1v4","previousEventId":"myrbrrkronag9av","operationId":"y8h6qre8qjo5oi0"}
{"type":"operationEnd","operationId":"y8h6qre8qjo5oi0","timestamp":1705590377950,"id":"z7ktqm9mc7he7t3","previousEventId":"x5px86dh88g9iz1","previousOperationId":"16txs11di0bda60"}
{"type":"operationEnd","operationId":"728o3fi1dlqdm93","timestamp":1705590377950,"id":"fn5xlz59lv6n556","previousEventId":"z7ktqm9mc7he7t3","previousOperationId":"16txs11di0bda60"}
{"type":"log","timestamp":1705590377950,"level":"debug","message":"Base url not specified, skipping its injection.","meta":{"rootId":"0muggv88ia7tzaa","id":"0muggv88ia7tzaa"},"id":"z9z28qrda661aaj","previousOperationId":"728o3fi1dlqdm93"}
{"type":"operationStart","subtype":"engine","name":"handlebars","timestamp":1705590377951,"id":"cs6nbw6sowwdsvf","previousEventId":"fn5xlz59lv6n556","operationId":"0wck55ewmjq9wcu","previousOperationId":"728o3fi1dlqdm93"}
{"type":"log","timestamp":1705590377951,"level":"debug","message":"Rendering engine handlebars","meta":{"rootId":"0muggv88ia7tzaa","id":"0muggv88ia7tzaa"},"id":"o4e3kpzsv6hljhu","previousOperationId":"0wck55ewmjq9wcu"}
{"type":"log","timestamp":1705590377973,"level":"debug","message":"(console:log) Pdf utils adding group field, value: \"Race1\"","meta":{"userLevel":true,"rootId":"0muggv88ia7tzaa","id":"0muggv88ia7tzaa"},"id":"sneryvtbcp6zfn7","previousOperationId":"0wck55ewmjq9wcu"}
{"type":"log","timestamp":1705590377973,"level":"debug","message":"(console:log) Pdf utils adding group field, value: \"Race2\"","meta":{"userLevel":true,"rootId":"0muggv88ia7tzaa","id":"0muggv88ia7tzaa"},"id":"ukn05054167nu63","previousOperationId":"0wck55ewmjq9wcu"}
{"type":"operationEnd","operationId":"0wck55ewmjq9wcu","timestamp":1705590377973,"id":"rw2ts7282ur8e8g","previousEventId":"cs6nbw6sowwdsvf","previousOperationId":"0wck55ewmjq9wcu"}
{"type":"operationStart","subtype":"recipe","name":"chrome-pdf","timestamp":1705590377973,"id":"06gmui10wwiaw9t","previousEventId":"rw2ts7282ur8e8g","operationId":"4wcjaackanbq0lc","previousOperationId":"0wck55ewmjq9wcu"}
{"type":"log","timestamp":1705590377973,"level":"debug","message":"Executing recipe chrome-pdf","meta":{"rootId":"0muggv88ia7tzaa","id":"0muggv88ia7tzaa"},"id":"6868z74tb7z2cdz","previousOperationId":"4wcjaackanbq0lc"}
{"type":"log","timestamp":1705590377978,"level":"debug","message":"Converting with chrome HeadlessChrome/117.0.5938.149 using chrome-pool strategy","meta":{"rootId":"0muggv88ia7tzaa","id":"0muggv88ia7tzaa"},"id":"v8ys94fog83csws","previousOperationId":"4wcjaackanbq0lc"}
{"type":"log","timestamp":1705590378114,"level":"debug","message":"Page request: GET (document) file:///C:/Users/DANIEL~1/AppData/Local/Temp/jsreport/autocleanup/770e7480-19ba-4166-8e48-1211e744bb3a-chrome-pdf.html","meta":{"rootId":"0muggv88ia7tzaa","id":"0muggv88ia7tzaa"},"id":"fdvt25e05e1gr54","previousOperationId":"4wcjaackanbq0lc"}
{"type":"log","timestamp":1705590378147,"level":"debug","message":"Page request: GET (stylesheet) https://cdnjs.cloudflare.com/ajax/libs/metro/4.1.5/css/metro.min.css","meta":{"rootId":"0muggv88ia7tzaa","id":"0muggv88ia7tzaa"},"id":"ah333ypakldnpsa","previousOperationId":"4wcjaackanbq0lc"}
{"type":"log","timestamp":1705590378147,"level":"debug","message":"Page request finished: GET (document) 200 file:///C:/Users/DANIEL~1/AppData/Local/Temp/jsreport/autocleanup/770e7480-19ba-4166-8e48-1211e744bb3a-chrome-pdf.html","meta":{"rootId":"0muggv88ia7tzaa","id":"0muggv88ia7tzaa"},"id":"ebxw2auoxqbp8d4","previousOperationId":"4wcjaackanbq0lc"}
{"type":"log","timestamp":1705590378148,"level":"debug","message":"Page request: GET (script) https://cdnjs.cloudflare.com/ajax/libs/Chart.js/2.9.4/Chart.js","meta":{"rootId":"0muggv88ia7tzaa","id":"0muggv88ia7tzaa"},"id":"dc5mcj0jnxyjg9r","previousOperationId":"4wcjaackanbq0lc"}
{"type":"log","timestamp":1705590378173,"level":"debug","message":"Page request finished: GET (stylesheet) 200 https://cdnjs.cloudflare.com/ajax/libs/metro/4.1.5/css/metro.min.css","meta":{"rootId":"0muggv88ia7tzaa","id":"0muggv88ia7tzaa"},"id":"oo26ba7fl0f2qva","previousOperationId":"4wcjaackanbq0lc"}
{"type":"log","timestamp":1705590378176,"level":"debug","message":"Page request finished: GET (script) 200 https://cdnjs.cloudflare.com/ajax/libs/Chart.js/2.9.4/Chart.js","meta":{"rootId":"0muggv88ia7tzaa","id":"0muggv88ia7tzaa"},"id":"x63i8rugh94am9x","previousOperationId":"4wcjaackanbq0lc"}
{"type":"log","timestamp":1705590378183,"level":"warn","message":"Page error: Missing initializer in const declaration , stack: SyntaxError: Missing initializer in const declaration","meta":{"rootId":"0muggv88ia7tzaa","id":"0muggv88ia7tzaa"},"id":"1ft0hfdfvgz1a3l","previousOperationId":"4wcjaackanbq0lc"}
{"type":"log","timestamp":1705590378220,"level":"debug","message":"Running chrome with params {\"printBackground\":true,\"marginTop\":\"4cm\",\"marginRight\":\"1.5cm\",\"marginBottom\":\"1.5cm\",\"marginLeft\":\"1.5cm\",\"waitForJS\":false,\"timeout\":59914,\"margin\":{\"top\":\"4cm\",\"right\":\"1.5cm\",\"bottom\":\"1.5cm\",\"left\":\"1.5cm\"}}","meta":{"rootId":"0muggv88ia7tzaa","id":"0muggv88ia7tzaa"},"id":"amg0prz6va7kt95","previousOperationId":"4wcjaackanbq0lc"}
{"type":"operationEnd","operationId":"4wcjaackanbq0lc","timestamp":1705590378341,"id":"wemisjfhnx3ttbm","previousEventId":"06gmui10wwiaw9t","previousOperationId":"4wcjaackanbq0lc"}
{"type":"log","timestamp":1705590378341,"level":"info","message":"pdf-utils is starting pdf processing","meta":{"rootId":"0muggv88ia7tzaa","id":"0muggv88ia7tzaa"},"id":"bieoeuk4yqqal25","previousOperationId":"4wcjaackanbq0lc"}
{"type":"operationStart","subtype":"pdfUtils","name":"pdf utils","timestamp":1705590378341,"id":"0yt19qisbbvr5jh","previousEventId":"wemisjfhnx3ttbm","operationId":"68v2idv6dztpayz","previousOperationId":"4wcjaackanbq0lc"}
{"type":"log","timestamp":1705590378341,"level":"debug","message":"pdf-utils detected 1 pdf operation(s) to process","meta":{"rootId":"0muggv88ia7tzaa","id":"0muggv88ia7tzaa"},"id":"jjf7gjfgcmsr87j","previousOperationId":"68v2idv6dztpayz"}
{"type":"log","timestamp":1705590378396,"level":"debug","message":"pdf-utils running pdf operation merge","meta":{"rootId":"0muggv88ia7tzaa","id":"0muggv88ia7tzaa"},"id":"943i2madg0vm638","previousOperationId":"68v2idv6dztpayz"}
{"type":"operationStart","subtype":"pdfUtilsMerge","name":"pdf utils merge","previousOperationId":"68v2idv6dztpayz","timestamp":1705590378396,"id":"ff8pskqnecxmq37","previousEventId":"0yt19qisbbvr5jh","operationId":"20klp0ebp7p97f5"}
{"type":"operationStart","subtype":"render","name":"orders-header","previousOperationId":"20klp0ebp7p97f5","timestamp":1705590378397,"id":"6zolih85lg1kuc8","previousEventId":"ff8pskqnecxmq37","operationId":"71172pmu7zobfxp"}
{"type":"log","timestamp":1705590378397,"level":"info","message":"Starting rendering (child) request","meta":{"rootId":"0muggv88ia7tzaa","id":"21rmlycb5g1sqek"},"id":"2hy8hv70z1z266z","previousOperationId":"71172pmu7zobfxp"}
{"type":"log","timestamp":1705590378397,"level":"info","message":"Rendering template { name: orders-header, recipe: chrome-pdf, engine: handlebars, preview: true }","meta":{"rootId":"0muggv88ia7tzaa","id":"21rmlycb5g1sqek"},"id":"e3exdsp9heh3u76","previousOperationId":"71172pmu7zobfxp"}
{"type":"log","timestamp":1705590378399,"level":"debug","message":"Inline data specified.","meta":{"rootId":"0muggv88ia7tzaa","id":"21rmlycb5g1sqek"},"id":"ogplxr38hygqt1f","previousOperationId":"71172pmu7zobfxp"}
{"type":"log","timestamp":1705590378403,"level":"debug","message":"Base url not specified, skipping its injection.","meta":{"rootId":"0muggv88ia7tzaa","id":"21rmlycb5g1sqek"},"id":"tqj4b348tsxqhvd","previousOperationId":"71172pmu7zobfxp"}
{"type":"operationStart","subtype":"engine","name":"handlebars","timestamp":1705590378405,"id":"ayec2z7pdod7kfz","previousEventId":"6zolih85lg1kuc8","operationId":"imvsr6qwla13x30","previousOperationId":"71172pmu7zobfxp"}
{"type":"log","timestamp":1705590378405,"level":"debug","message":"Rendering engine handlebars","meta":{"rootId":"0muggv88ia7tzaa","id":"21rmlycb5g1sqek"},"id":"llnmyaeiznad6lf","previousOperationId":"imvsr6qwla13x30"}
{"type":"operationEnd","operationId":"imvsr6qwla13x30","timestamp":1705590378438,"id":"txvf68bxlzlp2rw","previousEventId":"ayec2z7pdod7kfz","previousOperationId":"imvsr6qwla13x30"}
{"type":"operationStart","subtype":"recipe","name":"chrome-pdf","timestamp":1705590378438,"id":"1g6vkc1ozds048g","previousEventId":"txvf68bxlzlp2rw","operationId":"thbom8njzpeqnux","previousOperationId":"imvsr6qwla13x30"}
{"type":"log","timestamp":1705590378438,"level":"debug","message":"Executing recipe chrome-pdf","meta":{"rootId":"0muggv88ia7tzaa","id":"21rmlycb5g1sqek"},"id":"jytq5cvvnjk489d","previousOperationId":"thbom8njzpeqnux"}
{"type":"log","timestamp":1705590378442,"level":"debug","message":"Converting with chrome HeadlessChrome/117.0.5938.149 using chrome-pool strategy","meta":{"rootId":"0muggv88ia7tzaa","id":"21rmlycb5g1sqek"},"id":"onobvwvcua6hz8a","previousOperationId":"thbom8njzpeqnux"}
{"type":"log","timestamp":1705590378575,"level":"debug","message":"Page request: GET (document) file:///C:/Users/DANIEL~1/AppData/Local/Temp/jsreport/autocleanup/1ceb43f6-40dc-4ed7-87c1-af6f9f1d5dcf-chrome-pdf.html","meta":{"rootId":"0muggv88ia7tzaa","id":"21rmlycb5g1sqek"},"id":"ii9iookw9cznwbd","previousOperationId":"thbom8njzpeqnux"}
{"type":"log","timestamp":1705590378589,"level":"debug","message":"Page request finished: GET (document) 200 file:///C:/Users/DANIEL~1/AppData/Local/Temp/jsreport/autocleanup/1ceb43f6-40dc-4ed7-87c1-af6f9f1d5dcf-chrome-pdf.html","meta":{"rootId":"0muggv88ia7tzaa","id":"21rmlycb5g1sqek"},"id":"8oo1zezvukn1lcm","previousOperationId":"thbom8njzpeqnux"}
{"type":"log","timestamp":1705590378589,"level":"debug","message":"Page request: GET (stylesheet) https://cdnjs.cloudflare.com/ajax/libs/metro/4.1.5/css/metro.min.css","meta":{"rootId":"0muggv88ia7tzaa","id":"21rmlycb5g1sqek"},"id":"2dv5govgqgjkweh","previousOperationId":"thbom8njzpeqnux"}
{"type":"log","timestamp":1705590378612,"level":"debug","message":"Page request finished: GET (stylesheet) 200 https://cdnjs.cloudflare.com/ajax/libs/metro/4.1.5/css/metro.min.css","meta":{"rootId":"0muggv88ia7tzaa","id":"21rmlycb5g1sqek"},"id":"k958viypktx6ya2","previousOperationId":"thbom8njzpeqnux"}
{"type":"log","timestamp":1705590378631,"level":"debug","message":"Running chrome with params {\"printBackground\":true,\"marginTop\":\"1.5cm\",\"marginRight\":\"1.5cm\",\"marginLeft\":\"1.cm\",\"timeout\":59450,\"margin\":{\"top\":\"1.5cm\",\"right\":\"1.5cm\",\"left\":\"1.cm\"}}","meta":{"rootId":"0muggv88ia7tzaa","id":"21rmlycb5g1sqek"},"id":"3lv3dhsb6yt12zb","previousOperationId":"thbom8njzpeqnux"}
{"type":"operationEnd","operationId":"thbom8njzpeqnux","timestamp":1705590378686,"id":"oorgrcex3c4zvqi","previousEventId":"1g6vkc1ozds048g","previousOperationId":"thbom8njzpeqnux"}
{"type":"log","timestamp":1705590378686,"level":"debug","message":"Skipping storing report.","meta":{"rootId":"0muggv88ia7tzaa","id":"21rmlycb5g1sqek"},"id":"e8lj31wg439tvsq","previousOperationId":"thbom8njzpeqnux"}
{"type":"log","timestamp":1705590378686,"level":"info","message":"Rendering (child) request finished in 796 ms","meta":{"rootId":"0muggv88ia7tzaa","id":"21rmlycb5g1sqek"},"id":"wwy6cw28zyj1zor","previousOperationId":"thbom8njzpeqnux"}
{"type":"operationEnd","subtype":"render","operationId":"71172pmu7zobfxp","timestamp":1705590378686,"id":"ubomip9oegrvxa1","previousEventId":"oorgrcex3c4zvqi","previousOperationId":"thbom8njzpeqnux"}
{"type":"operationEnd","operationId":"20klp0ebp7p97f5","timestamp":1705590378706,"id":"xsrzzn8m0k0ptjy","previousEventId":"ff8pskqnecxmq37","previousOperationId":"20klp0ebp7p97f5"}
{"type":"log","timestamp":1705590378706,"level":"debug","message":"pdf-utils postproces start","meta":{"rootId":"0muggv88ia7tzaa","id":"0muggv88ia7tzaa"},"id":"p79x2z754ui83xd","previousOperationId":"20klp0ebp7p97f5"}
{"type":"log","timestamp":1705590378735,"level":"debug","message":"pdf-utils postproces end","meta":{"rootId":"0muggv88ia7tzaa","id":"0muggv88ia7tzaa"},"id":"wow7epgcgd6xv5d","previousOperationId":"20klp0ebp7p97f5"}
{"type":"operationEnd","operationId":"68v2idv6dztpayz","timestamp":1705590378735,"id":"uvhzvk6spjlkh4g","previousEventId":"xsrzzn8m0k0ptjy","previousOperationId":"20klp0ebp7p97f5"}
{"type":"log","timestamp":1705590378735,"level":"info","message":"pdf-utils pdf processing was finished","meta":{"rootId":"0muggv88ia7tzaa","id":"0muggv88ia7tzaa"},"id":"eoob5fydnij4pob","previousOperationId":"68v2idv6dztpayz"}
{"type":"log","timestamp":1705590378735,"level":"debug","message":"Skipping storing report.","meta":{"rootId":"0muggv88ia7tzaa","id":"0muggv88ia7tzaa"},"id":"8kmffqa80bq91sz","previousOperationId":"68v2idv6dztpayz"}
{"type":"log","timestamp":1705590378735,"level":"info","message":"Rendering request 29 finished in 845 ms","meta":{"rootId":"0muggv88ia7tzaa","id":"0muggv88ia7tzaa"},"id":"n1cinqgf45bed8u","previousOperationId":"68v2idv6dztpayz"}
{"type":"operationEnd","subtype":"render","operationId":"16txs11di0bda60","timestamp":1705590378735,"id":"uvscwvq11hxh110","previousEventId":"uvhzvk6spjlkh4g","previousOperationId":"68v2idv6dztpayz"}
{"type":"operationEnd","doDiffs":false,"previousEventId":"npx201m7dssyvvy","previousOperationId":"ji0j201uy6vt8ii","operationId":"ji0j201uy6vt8ii","timestamp":1705590378751,"id":"ct2iov9kaqunrnp"}
