{"type":"operationStart","subtype":"profile","data":{"_id":"BuP7kyoUYVKMXWZO","timestamp":"2024-01-18T17:07:05.591Z","state":"queued","mode":"standard","creationDate":"2024-01-18T17:07:05.593Z","modificationDate":"2024-01-18T17:07:05.593Z","shortid":"2WjWZvd","$entitySet":"profiles"},"doDiffs":false,"timestamp":1705597625592,"id":"anjc0ariw5ib5sg","previousOperationId":null,"operationId":"qx5p8d6lh5cayl4"}
{"type":"log","level":"info","message":"Render request 9 queued for execution and waiting for available worker","previousOperationId":"qx5p8d6lh5cayl4","timestamp":1705597625592,"id":"438ifdm9l6oprhw"}
{"type":"operationStart","subtype":"render","name":"orders-main","previousOperationId":"qx5p8d6lh5cayl4","timestamp":1705597625599,"id":"y53d9vz4toaqno5","previousEventId":"anjc0ariw5ib5sg","operationId":"w3ojoyxy3qpv6zl"}
{"type":"log","timestamp":1705597625599,"level":"info","message":"Starting rendering request 9","meta":{"rootId":"0nv839lylolzeei","id":"0nv839lylolzeei"},"id":"qs24nfdwcd85by8","previousOperationId":"w3ojoyxy3qpv6zl"}
{"type":"log","timestamp":1705597625600,"level":"info","message":"Rendering template { name: orders-main, recipe: chrome-pdf, engine: handlebars, preview: true }","meta":{"rootId":"0nv839lylolzeei","id":"0nv839lylolzeei"},"id":"791qzrbqygzftpt","previousOperationId":"w3ojoyxy3qpv6zl"}
{"type":"log","timestamp":1705597625601,"level":"debug","message":"Data item not defined for this template.","meta":{"rootId":"0nv839lylolzeei","id":"0nv839lylolzeei"},"id":"jwcq2ejq5d4yite","previousOperationId":"w3ojoyxy3qpv6zl"}
{"type":"log","timestamp":1705597625603,"level":"debug","message":"Executing script orders-script (beforeRender)","meta":{"rootId":"0nv839lylolzeei","id":"0nv839lylolzeei"},"id":"ywnukd9uno4mxok","previousOperationId":"w3ojoyxy3qpv6zl"}
{"type":"operationStart","subtype":"scriptsBeforeRender","name":"scripts beforeRender","timestamp":1705597625791,"id":"072jmydeg5h1qw4","previousEventId":"y53d9vz4toaqno5","operationId":"e4wovmwf1f9v3wa","previousOperationId":"w3ojoyxy3qpv6zl"}
{"type":"operationStart","subtype":"script","name":"scripts orders-script","previousOperationId":"e4wovmwf1f9v3wa","timestamp":1705597625791,"id":"4ltunudffnsnud5","previousEventId":"072jmydeg5h1qw4","operationId":"3a9kb7i52ovdclw"}
{"type":"log","timestamp":1705597625819,"level":"debug","message":"(console:log) [\"Race1\",\"Race2\"]","meta":{"userLevel":true,"rootId":"0nv839lylolzeei","id":"0nv839lylolzeei"},"id":"oltv5y0f47aqm11","previousOperationId":"3a9kb7i52ovdclw"}
{"type":"log","timestamp":1705597625819,"level":"debug","message":"(console:log) [2,1]","meta":{"userLevel":true,"rootId":"0nv839lylolzeei","id":"0nv839lylolzeei"},"id":"wt439iz46hprhb5","previousOperationId":"3a9kb7i52ovdclw"}
{"type":"operationEnd","operationId":"3a9kb7i52ovdclw","timestamp":1705597625819,"id":"210ihwcle12yev3","previousEventId":"y53d9vz4toaqno5","previousOperationId":"w3ojoyxy3qpv6zl"}
{"type":"operationEnd","operationId":"e4wovmwf1f9v3wa","timestamp":1705597625819,"id":"haj1eci87tsqpna","previousEventId":"210ihwcle12yev3","previousOperationId":"w3ojoyxy3qpv6zl"}
{"type":"log","timestamp":1705597625820,"level":"debug","message":"Base url not specified, skipping its injection.","meta":{"rootId":"0nv839lylolzeei","id":"0nv839lylolzeei"},"id":"vgxbcqcwxtpr1cg","previousOperationId":"e4wovmwf1f9v3wa"}
{"type":"operationStart","subtype":"engine","name":"handlebars","timestamp":1705597625820,"id":"rnclr51ifeamzp4","previousEventId":"haj1eci87tsqpna","operationId":"wtpgqfsvjtl7vwi","previousOperationId":"e4wovmwf1f9v3wa"}
{"type":"log","timestamp":1705597625820,"level":"debug","message":"Rendering engine handlebars","meta":{"rootId":"0nv839lylolzeei","id":"0nv839lylolzeei"},"id":"gnmptzrljk7fazz","previousOperationId":"wtpgqfsvjtl7vwi"}
{"type":"log","timestamp":1705597626006,"level":"debug","message":"(console:log) Pdf utils adding group field, value: \"Race1\"","meta":{"userLevel":true,"rootId":"0nv839lylolzeei","id":"0nv839lylolzeei"},"id":"3dui9975vojqaap","previousOperationId":"wtpgqfsvjtl7vwi"}
{"type":"log","timestamp":1705597626006,"level":"debug","message":"(console:log) Pdf utils adding group field, value: \"Race2\"","meta":{"userLevel":true,"rootId":"0nv839lylolzeei","id":"0nv839lylolzeei"},"id":"rc39jn3hfpbzocf","previousOperationId":"wtpgqfsvjtl7vwi"}
{"type":"operationEnd","operationId":"wtpgqfsvjtl7vwi","timestamp":1705597626006,"id":"hsq5rbfzphdr3mq","previousEventId":"rnclr51ifeamzp4","previousOperationId":"wtpgqfsvjtl7vwi"}
{"type":"operationStart","subtype":"recipe","name":"chrome-pdf","timestamp":1705597626007,"id":"q1vvqzfrc5scc02","previousEventId":"hsq5rbfzphdr3mq","operationId":"t7dyxmwhq3mgcqd","previousOperationId":"wtpgqfsvjtl7vwi"}
{"type":"log","timestamp":1705597626007,"level":"debug","message":"Executing recipe chrome-pdf","meta":{"rootId":"0nv839lylolzeei","id":"0nv839lylolzeei"},"id":"3q8zsuatet15c4q","previousOperationId":"t7dyxmwhq3mgcqd"}
{"type":"log","timestamp":1705597626398,"level":"debug","message":"Converting with chrome HeadlessChrome/117.0.5938.149 using chrome-pool strategy","meta":{"rootId":"0nv839lylolzeei","id":"0nv839lylolzeei"},"id":"iy0oigac2fh2n2m","previousOperationId":"t7dyxmwhq3mgcqd"}
{"type":"log","timestamp":1705597627709,"level":"debug","message":"Page request: GET (document) file:///C:/Users/DANIEL~1/AppData/Local/Temp/jsreport/autocleanup/0474bad7-b0d5-4bf8-a097-414e3755da97-chrome-pdf.html","meta":{"rootId":"0nv839lylolzeei","id":"0nv839lylolzeei"},"id":"2sc26y4dkemat4e","previousOperationId":"t7dyxmwhq3mgcqd"}
{"type":"log","timestamp":1705597627734,"level":"debug","message":"Page request: GET (stylesheet) https://cdnjs.cloudflare.com/ajax/libs/metro/4.1.5/css/metro.min.css","meta":{"rootId":"0nv839lylolzeei","id":"0nv839lylolzeei"},"id":"ticjhp2bpa95pie","previousOperationId":"t7dyxmwhq3mgcqd"}
{"type":"log","timestamp":1705597627734,"level":"debug","message":"Page request: GET (script) https://cdnjs.cloudflare.com/ajax/libs/Chart.js/2.9.4/Chart.js","meta":{"rootId":"0nv839lylolzeei","id":"0nv839lylolzeei"},"id":"8dcvys77udet366","previousOperationId":"t7dyxmwhq3mgcqd"}
{"type":"log","timestamp":1705597627735,"level":"debug","message":"Page request finished: GET (document) 200 file:///C:/Users/DANIEL~1/AppData/Local/Temp/jsreport/autocleanup/0474bad7-b0d5-4bf8-a097-414e3755da97-chrome-pdf.html","meta":{"rootId":"0nv839lylolzeei","id":"0nv839lylolzeei"},"id":"giu95yywueu9186","previousOperationId":"t7dyxmwhq3mgcqd"}
{"type":"log","timestamp":1705597630242,"level":"debug","message":"Page request finished: GET (script) 200 https://cdnjs.cloudflare.com/ajax/libs/Chart.js/2.9.4/Chart.js","meta":{"rootId":"0nv839lylolzeei","id":"0nv839lylolzeei"},"id":"hwr6gjezo0lzpth","previousOperationId":"t7dyxmwhq3mgcqd"}
{"type":"log","timestamp":1705597630276,"level":"debug","message":"Page request finished: GET (stylesheet) 200 https://cdnjs.cloudflare.com/ajax/libs/metro/4.1.5/css/metro.min.css","meta":{"rootId":"0nv839lylolzeei","id":"0nv839lylolzeei"},"id":"iqexgsc4zic9iwx","previousOperationId":"t7dyxmwhq3mgcqd"}
{"type":"log","timestamp":1705597630280,"level":"warn","message":"Page error: Unexpected token '&', \"[&quot;Race\"... is not valid JSON\nJSON.parse (<anonymous>) , stack: SyntaxError: Unexpected token '&', \"[&quot;Race\"... is not valid JSON\nJSON.parse (<anonymous>)\n    at <anonymous> (file:///C:/Users/DANIEL~1/AppData/Local/Temp/jsreport/autocleanup/0474bad7-b0d5-4bf8-a097-414e3755da97-chrome-pdf.html:14:32)","meta":{"rootId":"0nv839lylolzeei","id":"0nv839lylolzeei"},"id":"9xwiufcio92a5cg","previousOperationId":"t7dyxmwhq3mgcqd"}
{"type":"log","timestamp":1705597630301,"level":"debug","message":"Running chrome with params {\"printBackground\":true,\"marginTop\":\"4cm\",\"marginRight\":\"1.5cm\",\"marginBottom\":\"1.5cm\",\"marginLeft\":\"1.5cm\",\"waitForJS\":false,\"timeout\":59317,\"margin\":{\"top\":\"4cm\",\"right\":\"1.5cm\",\"bottom\":\"1.5cm\",\"left\":\"1.5cm\"}}","meta":{"rootId":"0nv839lylolzeei","id":"0nv839lylolzeei"},"id":"3obdzuhp25lgbdj","previousOperationId":"t7dyxmwhq3mgcqd"}
{"type":"operationEnd","operationId":"t7dyxmwhq3mgcqd","timestamp":1705597630356,"id":"8xiimcu61ahritc","previousEventId":"q1vvqzfrc5scc02","previousOperationId":"t7dyxmwhq3mgcqd"}
{"type":"log","timestamp":1705597630356,"level":"info","message":"pdf-utils is starting pdf processing","meta":{"rootId":"0nv839lylolzeei","id":"0nv839lylolzeei"},"id":"qvnsqj4w7xipcwh","previousOperationId":"t7dyxmwhq3mgcqd"}
{"type":"operationStart","subtype":"pdfUtils","name":"pdf utils","timestamp":1705597630497,"id":"pcflzgm0fmk4ycy","previousEventId":"8xiimcu61ahritc","operationId":"2b7oh1l215kx48y","previousOperationId":"t7dyxmwhq3mgcqd"}
{"type":"log","timestamp":1705597630498,"level":"debug","message":"pdf-utils detected 1 pdf operation(s) to process","meta":{"rootId":"0nv839lylolzeei","id":"0nv839lylolzeei"},"id":"3yozjgefbtn9l9o","previousOperationId":"2b7oh1l215kx48y"}
{"type":"log","timestamp":1705597630664,"level":"debug","message":"pdf-utils running pdf operation merge","meta":{"rootId":"0nv839lylolzeei","id":"0nv839lylolzeei"},"id":"iaf8c77n8uzwxae","previousOperationId":"2b7oh1l215kx48y"}
{"type":"operationStart","subtype":"pdfUtilsMerge","name":"pdf utils merge","previousOperationId":"2b7oh1l215kx48y","timestamp":1705597630664,"id":"y9b4x7c4689pziz","previousEventId":"pcflzgm0fmk4ycy","operationId":"xhpe6yge02r4v6c"}
{"type":"operationStart","subtype":"render","name":"orders-header","previousOperationId":"xhpe6yge02r4v6c","timestamp":1705597630665,"id":"atizjm3yurjy3e5","previousEventId":"y9b4x7c4689pziz","operationId":"xvyblx93dn0ac5x"}
{"type":"log","timestamp":1705597630665,"level":"info","message":"Starting rendering (child) request","meta":{"rootId":"0nv839lylolzeei","id":"lc7srlckyiolbrq"},"id":"v0w81a8fbxnf32b","previousOperationId":"xvyblx93dn0ac5x"}
{"type":"log","timestamp":1705597630665,"level":"info","message":"Rendering template { name: orders-header, recipe: chrome-pdf, engine: handlebars, preview: true }","meta":{"rootId":"0nv839lylolzeei","id":"lc7srlckyiolbrq"},"id":"pwwjz5rtf15syz8","previousOperationId":"xvyblx93dn0ac5x"}
{"type":"log","timestamp":1705597630669,"level":"debug","message":"Inline data specified.","meta":{"rootId":"0nv839lylolzeei","id":"lc7srlckyiolbrq"},"id":"xn6sr5pek95dgrw","previousOperationId":"xvyblx93dn0ac5x"}
{"type":"log","timestamp":1705597630671,"level":"debug","message":"Base url not specified, skipping its injection.","meta":{"rootId":"0nv839lylolzeei","id":"lc7srlckyiolbrq"},"id":"jo47niaczkucxbj","previousOperationId":"xvyblx93dn0ac5x"}
{"type":"operationStart","subtype":"engine","name":"handlebars","timestamp":1705597630671,"id":"ibkr5t44dlcss0y","previousEventId":"atizjm3yurjy3e5","operationId":"chtpj8wnykagxp4","previousOperationId":"xvyblx93dn0ac5x"}
{"type":"log","timestamp":1705597630671,"level":"debug","message":"Rendering engine handlebars","meta":{"rootId":"0nv839lylolzeei","id":"lc7srlckyiolbrq"},"id":"w0iw6j9hzugc9bb","previousOperationId":"chtpj8wnykagxp4"}
{"type":"operationEnd","operationId":"chtpj8wnykagxp4","timestamp":1705597630686,"id":"6m84376ue3h2zit","previousEventId":"ibkr5t44dlcss0y","previousOperationId":"chtpj8wnykagxp4"}
{"type":"operationStart","subtype":"recipe","name":"chrome-pdf","timestamp":1705597630686,"id":"zrbto31689fxtkf","previousEventId":"6m84376ue3h2zit","operationId":"38bjqzo5nbr2dyf","previousOperationId":"chtpj8wnykagxp4"}
{"type":"log","timestamp":1705597630686,"level":"debug","message":"Executing recipe chrome-pdf","meta":{"rootId":"0nv839lylolzeei","id":"lc7srlckyiolbrq"},"id":"wuod77ntoguplb5","previousOperationId":"38bjqzo5nbr2dyf"}
{"type":"log","timestamp":1705597630688,"level":"debug","message":"Converting with chrome HeadlessChrome/117.0.5938.149 using chrome-pool strategy","meta":{"rootId":"0nv839lylolzeei","id":"lc7srlckyiolbrq"},"id":"p45gaqh67hwu12v","previousOperationId":"38bjqzo5nbr2dyf"}
{"type":"log","timestamp":1705597630747,"level":"debug","message":"Page request: GET (document) file:///C:/Users/DANIEL~1/AppData/Local/Temp/jsreport/autocleanup/e63e1065-1cde-4b0a-a2a5-05491b1930ac-chrome-pdf.html","meta":{"rootId":"0nv839lylolzeei","id":"lc7srlckyiolbrq"},"id":"9qdbob6d70d6a50","previousOperationId":"38bjqzo5nbr2dyf"}
{"type":"log","timestamp":1705597630753,"level":"debug","message":"Page request: GET (stylesheet) https://cdnjs.cloudflare.com/ajax/libs/metro/4.1.5/css/metro.min.css","meta":{"rootId":"0nv839lylolzeei","id":"lc7srlckyiolbrq"},"id":"joc6sfn6sbykfe5","previousOperationId":"38bjqzo5nbr2dyf"}
{"type":"log","timestamp":1705597630753,"level":"debug","message":"Page request finished: GET (document) 200 file:///C:/Users/DANIEL~1/AppData/Local/Temp/jsreport/autocleanup/e63e1065-1cde-4b0a-a2a5-05491b1930ac-chrome-pdf.html","meta":{"rootId":"0nv839lylolzeei","id":"lc7srlckyiolbrq"},"id":"ht0kr7ryggrty35","previousOperationId":"38bjqzo5nbr2dyf"}
{"type":"log","timestamp":1705597630764,"level":"debug","message":"Page request finished: GET (stylesheet) 200 https://cdnjs.cloudflare.com/ajax/libs/metro/4.1.5/css/metro.min.css","meta":{"rootId":"0nv839lylolzeei","id":"lc7srlckyiolbrq"},"id":"zd0i9nkojwgb7qt","previousOperationId":"38bjqzo5nbr2dyf"}
{"type":"log","timestamp":1705597630777,"level":"debug","message":"Running chrome with params {\"printBackground\":true,\"marginTop\":\"1.5cm\",\"marginRight\":\"1.5cm\",\"marginLeft\":\"1.cm\",\"timeout\":54904,\"margin\":{\"top\":\"1.5cm\",\"right\":\"1.5cm\",\"left\":\"1.cm\"}}","meta":{"rootId":"0nv839lylolzeei","id":"lc7srlckyiolbrq"},"id":"lxdxj26l2c09hu7","previousOperationId":"38bjqzo5nbr2dyf"}
{"type":"operationEnd","operationId":"38bjqzo5nbr2dyf","timestamp":1705597630803,"id":"nbgeoq0vv74olz8","previousEventId":"zrbto31689fxtkf","previousOperationId":"38bjqzo5nbr2dyf"}
{"type":"log","timestamp":1705597630803,"level":"debug","message":"Skipping storing report.","meta":{"rootId":"0nv839lylolzeei","id":"lc7srlckyiolbrq"},"id":"bvcfwpsr1dcqp33","previousOperationId":"38bjqzo5nbr2dyf"}
{"type":"log","timestamp":1705597630803,"level":"info","message":"Rendering (child) request finished in 5212 ms","meta":{"rootId":"0nv839lylolzeei","id":"lc7srlckyiolbrq"},"id":"09ttogqvh07ncuv","previousOperationId":"38bjqzo5nbr2dyf"}
{"type":"operationEnd","subtype":"render","operationId":"xvyblx93dn0ac5x","timestamp":1705597630804,"id":"1gryvaar6ui8flg","previousEventId":"nbgeoq0vv74olz8","previousOperationId":"38bjqzo5nbr2dyf"}
{"type":"operationEnd","operationId":"xhpe6yge02r4v6c","timestamp":1705597630819,"id":"tepn9a9qsemjctd","previousEventId":"y9b4x7c4689pziz","previousOperationId":"xhpe6yge02r4v6c"}
{"type":"log","timestamp":1705597630819,"level":"debug","message":"pdf-utils postproces start","meta":{"rootId":"0nv839lylolzeei","id":"0nv839lylolzeei"},"id":"b9csy0um1kvb5xw","previousOperationId":"xhpe6yge02r4v6c"}
{"type":"log","timestamp":1705597630830,"level":"debug","message":"pdf-utils postproces end","meta":{"rootId":"0nv839lylolzeei","id":"0nv839lylolzeei"},"id":"rlzgcp5nab31ibw","previousOperationId":"xhpe6yge02r4v6c"}
{"type":"operationEnd","operationId":"2b7oh1l215kx48y","timestamp":1705597630830,"id":"cusz0w7tv9yez7v","previousEventId":"tepn9a9qsemjctd","previousOperationId":"xhpe6yge02r4v6c"}
{"type":"log","timestamp":1705597630830,"level":"info","message":"pdf-utils pdf processing was finished","meta":{"rootId":"0nv839lylolzeei","id":"0nv839lylolzeei"},"id":"wlw82k33w9s0q0r","previousOperationId":"2b7oh1l215kx48y"}
{"type":"log","timestamp":1705597630830,"level":"debug","message":"Skipping storing report.","meta":{"rootId":"0nv839lylolzeei","id":"0nv839lylolzeei"},"id":"dm4fo5mn3rct5t3","previousOperationId":"2b7oh1l215kx48y"}
{"type":"log","timestamp":1705597630830,"level":"info","message":"Rendering request 9 finished in 5239 ms","meta":{"rootId":"0nv839lylolzeei","id":"0nv839lylolzeei"},"id":"wgtnrplgx0ehuyr","previousOperationId":"2b7oh1l215kx48y"}
{"type":"operationEnd","subtype":"render","operationId":"w3ojoyxy3qpv6zl","timestamp":1705597630830,"id":"o4powsgossmhxl7","previousEventId":"cusz0w7tv9yez7v","previousOperationId":"2b7oh1l215kx48y"}
{"type":"operationEnd","doDiffs":false,"previousEventId":"anjc0ariw5ib5sg","previousOperationId":"qx5p8d6lh5cayl4","operationId":"qx5p8d6lh5cayl4","timestamp":1705597630836,"id":"b1yythj9lizmfgb"}
