{"type":"operationStart","subtype":"profile","data":{"_id":"5Kp43rrNk5azXdBq","timestamp":"2024-01-17T14:16:03.918Z","state":"queued","mode":"standard","creationDate":"2024-01-17T14:16:03.923Z","modificationDate":"2024-01-17T14:16:03.923Z","shortid":"yVCDwOR","$entitySet":"profiles"},"doDiffs":false,"timestamp":1705500963921,"id":"3sk6wb98isg9qit","previousOperationId":null,"operationId":"qqbg2lshbmhxjli"}
{"type":"log","level":"info","message":"Render request 2 queued for execution and waiting for available worker","previousOperationId":"qqbg2lshbmhxjli","timestamp":1705500963921,"id":"q9eu615lds4k43a"}
{"type":"operationStart","subtype":"render","name":"orders-main","previousOperationId":"qqbg2lshbmhxjli","timestamp":1705500963937,"id":"6ilznr9iw849269","previousEventId":"3sk6wb98isg9qit","operationId":"9w8guyif1hfyz32"}
{"type":"log","timestamp":1705500963938,"level":"info","message":"Starting rendering request 2","meta":{"rootId":"0o0zj2q9orho52u","id":"0o0zj2q9orho52u"},"id":"j9lmh0tfy2lrl3e","previousOperationId":"9w8guyif1hfyz32"}
{"type":"log","timestamp":1705500963940,"level":"info","message":"Rendering template { name: orders-main, recipe: chrome-pdf, engine: handlebars, preview: true }","meta":{"rootId":"0o0zj2q9orho52u","id":"0o0zj2q9orho52u"},"id":"curs9kw31s1iijv","previousOperationId":"9w8guyif1hfyz32"}
{"type":"log","timestamp":1705500963943,"level":"debug","message":"Data item not defined for this template.","meta":{"rootId":"0o0zj2q9orho52u","id":"0o0zj2q9orho52u"},"id":"0mkuze6w2y7udm1","previousOperationId":"9w8guyif1hfyz32"}
{"type":"log","timestamp":1705500963948,"level":"debug","message":"Executing script orders-script (beforeRender)","meta":{"rootId":"0o0zj2q9orho52u","id":"0o0zj2q9orho52u"},"id":"qlvszkrabcnfph1","previousOperationId":"9w8guyif1hfyz32"}
{"type":"operationStart","subtype":"scriptsBeforeRender","name":"scripts beforeRender","timestamp":1705500964315,"id":"b8khoiw4hmw1jsf","previousEventId":"6ilznr9iw849269","operationId":"ll4lg9n6ll9do5b","previousOperationId":"9w8guyif1hfyz32"}
{"type":"operationStart","subtype":"script","name":"scripts orders-script","previousOperationId":"ll4lg9n6ll9do5b","timestamp":1705500964315,"id":"fi9gx286udir5k6","previousEventId":"b8khoiw4hmw1jsf","operationId":"kw7uojpsdc20615"}
{"type":"operationEnd","operationId":"kw7uojpsdc20615","timestamp":1705500964422,"id":"ryo4ehaerykrfa6","previousEventId":"6ilznr9iw849269","previousOperationId":"9w8guyif1hfyz32"}
{"type":"operationEnd","operationId":"ll4lg9n6ll9do5b","timestamp":1705500964422,"id":"29ri2691p7rbie7","previousEventId":"ryo4ehaerykrfa6","previousOperationId":"9w8guyif1hfyz32"}
{"type":"log","timestamp":1705500964422,"level":"debug","message":"Base url not specified, skipping its injection.","meta":{"rootId":"0o0zj2q9orho52u","id":"0o0zj2q9orho52u"},"id":"0jjqc6la4q95wpc","previousOperationId":"ll4lg9n6ll9do5b"}
{"type":"operationStart","subtype":"engine","name":"handlebars","timestamp":1705500964423,"id":"b85ab57yd2qbzt5","previousEventId":"29ri2691p7rbie7","operationId":"oi3y4d2uasvjra4","previousOperationId":"ll4lg9n6ll9do5b"}
{"type":"log","timestamp":1705500964423,"level":"debug","message":"Rendering engine handlebars","meta":{"rootId":"0o0zj2q9orho52u","id":"0o0zj2q9orho52u"},"id":"46zztyyt3gf6p4f","previousOperationId":"oi3y4d2uasvjra4"}
{"type":"log","timestamp":1705500964884,"level":"debug","message":"(console:log) Pdf utils adding group field, value: \"Race1\"","meta":{"userLevel":true,"rootId":"0o0zj2q9orho52u","id":"0o0zj2q9orho52u"},"id":"lfh1qy2gl9zd3ig","previousOperationId":"oi3y4d2uasvjra4"}
{"type":"log","timestamp":1705500964885,"level":"debug","message":"(console:log) Pdf utils adding group field, value: \"Race2\"","meta":{"userLevel":true,"rootId":"0o0zj2q9orho52u","id":"0o0zj2q9orho52u"},"id":"h4njqteto4kiag8","previousOperationId":"oi3y4d2uasvjra4"}
{"type":"log","timestamp":1705500964886,"level":"debug","message":"(console:log) Pdf utils adding group field, value: \"rgver\"","meta":{"userLevel":true,"rootId":"0o0zj2q9orho52u","id":"0o0zj2q9orho52u"},"id":"yh6cjvtk1bplwn9","previousOperationId":"oi3y4d2uasvjra4"}
{"type":"log","timestamp":1705500964886,"level":"debug","message":"(console:log) Pdf utils adding group field, value: \"revger\"","meta":{"userLevel":true,"rootId":"0o0zj2q9orho52u","id":"0o0zj2q9orho52u"},"id":"mjjkuc8zp6igvoh","previousOperationId":"oi3y4d2uasvjra4"}
{"type":"operationEnd","operationId":"oi3y4d2uasvjra4","timestamp":1705500964887,"id":"dj3k82ucq9etum6","previousEventId":"b85ab57yd2qbzt5","previousOperationId":"oi3y4d2uasvjra4"}
{"type":"operationStart","subtype":"recipe","name":"chrome-pdf","timestamp":1705500964888,"id":"nuk1p7ylpc5yzqr","previousEventId":"dj3k82ucq9etum6","operationId":"966gpgoyrxi6665","previousOperationId":"oi3y4d2uasvjra4"}
{"type":"log","timestamp":1705500964888,"level":"debug","message":"Executing recipe chrome-pdf","meta":{"rootId":"0o0zj2q9orho52u","id":"0o0zj2q9orho52u"},"id":"8px7gt81eku3xkl","previousOperationId":"966gpgoyrxi6665"}
{"type":"log","timestamp":1705500966460,"level":"debug","message":"Converting with chrome HeadlessChrome/117.0.5938.149 using chrome-pool strategy","meta":{"rootId":"0o0zj2q9orho52u","id":"0o0zj2q9orho52u"},"id":"a0xwjbb24w8ayqd","previousOperationId":"966gpgoyrxi6665"}
{"type":"log","timestamp":1705500966926,"level":"debug","message":"Page request: GET (document) file:///C:/Users/DANIEL~1/AppData/Local/Temp/jsreport/autocleanup/3aeb7147-2023-4724-958b-52ad9510a66f-chrome-pdf.html","meta":{"rootId":"0o0zj2q9orho52u","id":"0o0zj2q9orho52u"},"id":"81axd2xnd0bi6c2","previousOperationId":"966gpgoyrxi6665"}
{"type":"log","timestamp":1705500966981,"level":"debug","message":"Page request: GET (stylesheet) https://cdnjs.cloudflare.com/ajax/libs/metro/4.1.5/css/metro.min.css","meta":{"rootId":"0o0zj2q9orho52u","id":"0o0zj2q9orho52u"},"id":"0ofbz2w802u01nf","previousOperationId":"966gpgoyrxi6665"}
{"type":"log","timestamp":1705500966982,"level":"debug","message":"Page request finished: GET (document) 200 file:///C:/Users/DANIEL~1/AppData/Local/Temp/jsreport/autocleanup/3aeb7147-2023-4724-958b-52ad9510a66f-chrome-pdf.html","meta":{"rootId":"0o0zj2q9orho52u","id":"0o0zj2q9orho52u"},"id":"fzae0pv64chtxdo","previousOperationId":"966gpgoyrxi6665"}
{"type":"log","timestamp":1705500966982,"level":"debug","message":"Page request: GET (script) https://cdnjs.cloudflare.com/ajax/libs/Chart.js/2.7.2/Chart.min.js","meta":{"rootId":"0o0zj2q9orho52u","id":"0o0zj2q9orho52u"},"id":"5c6q1ba03jft502","previousOperationId":"966gpgoyrxi6665"}
{"type":"log","timestamp":1705500969557,"level":"debug","message":"Page request finished: GET (stylesheet) 200 https://cdnjs.cloudflare.com/ajax/libs/metro/4.1.5/css/metro.min.css","meta":{"rootId":"0o0zj2q9orho52u","id":"0o0zj2q9orho52u"},"id":"bykfgdhj4frtgzq","previousOperationId":"966gpgoyrxi6665"}
{"type":"log","timestamp":1705500969558,"level":"debug","message":"Page request finished: GET (script) 200 https://cdnjs.cloudflare.com/ajax/libs/Chart.js/2.7.2/Chart.min.js","meta":{"rootId":"0o0zj2q9orho52u","id":"0o0zj2q9orho52u"},"id":"mr7b3ua2c92s3sq","previousOperationId":"966gpgoyrxi6665"}
{"type":"log","timestamp":1705500969570,"level":"warn","message":"Page error: \"undefined\" is not valid JSON\nJSON.parse (<anonymous>) , stack: SyntaxError: \"undefined\" is not valid JSON\nJSON.parse (<anonymous>)\n    at <anonymous> (file:///C:/Users/DANIEL~1/AppData/Local/Temp/jsreport/autocleanup/3aeb7147-2023-4724-958b-52ad9510a66f-chrome-pdf.html:40:29)","meta":{"rootId":"0o0zj2q9orho52u","id":"0o0zj2q9orho52u"},"id":"mltq3gzmujob1pd","previousOperationId":"966gpgoyrxi6665"}
{"type":"log","timestamp":1705500969571,"level":"warn","message":"Page error: \"undefined\" is not valid JSON\nJSON.parse (<anonymous>) , stack: SyntaxError: \"undefined\" is not valid JSON\nJSON.parse (<anonymous>)\n    at <anonymous> (file:///C:/Users/DANIEL~1/AppData/Local/Temp/jsreport/autocleanup/3aeb7147-2023-4724-958b-52ad9510a66f-chrome-pdf.html:90:29)","meta":{"rootId":"0o0zj2q9orho52u","id":"0o0zj2q9orho52u"},"id":"3g0tnryhxi4szi4","previousOperationId":"966gpgoyrxi6665"}
{"type":"log","timestamp":1705500969571,"level":"warn","message":"Page error: \"undefined\" is not valid JSON\nJSON.parse (<anonymous>) , stack: SyntaxError: \"undefined\" is not valid JSON\nJSON.parse (<anonymous>)\n    at <anonymous> (file:///C:/Users/DANIEL~1/AppData/Local/Temp/jsreport/autocleanup/3aeb7147-2023-4724-958b-52ad9510a66f-chrome-pdf.html:140:29)","meta":{"rootId":"0o0zj2q9orho52u","id":"0o0zj2q9orho52u"},"id":"m14ydwwngdapqg0","previousOperationId":"966gpgoyrxi6665"}
{"type":"log","timestamp":1705500969572,"level":"warn","message":"Page error: \"undefined\" is not valid JSON\nJSON.parse (<anonymous>) , stack: SyntaxError: \"undefined\" is not valid JSON\nJSON.parse (<anonymous>)\n    at <anonymous> (file:///C:/Users/DANIEL~1/AppData/Local/Temp/jsreport/autocleanup/3aeb7147-2023-4724-958b-52ad9510a66f-chrome-pdf.html:190:29)","meta":{"rootId":"0o0zj2q9orho52u","id":"0o0zj2q9orho52u"},"id":"fnc39le21mttihx","previousOperationId":"966gpgoyrxi6665"}
{"type":"log","timestamp":1705500969657,"level":"debug","message":"Running chrome with params {\"printBackground\":true,\"marginTop\":\"4cm\",\"marginRight\":\"1.5cm\",\"marginBottom\":\"1.5cm\",\"marginLeft\":\"1.5cm\",\"waitForJS\":false,\"timeout\":58482,\"margin\":{\"top\":\"4cm\",\"right\":\"1.5cm\",\"bottom\":\"1.5cm\",\"left\":\"1.5cm\"}}","meta":{"rootId":"0o0zj2q9orho52u","id":"0o0zj2q9orho52u"},"id":"1pwmyz3voqkojrj","previousOperationId":"966gpgoyrxi6665"}
{"type":"operationEnd","operationId":"966gpgoyrxi6665","timestamp":1705500969747,"id":"r29km9gfxbw36j4","previousEventId":"nuk1p7ylpc5yzqr","previousOperationId":"966gpgoyrxi6665"}
{"type":"log","timestamp":1705500969748,"level":"info","message":"pdf-utils is starting pdf processing","meta":{"rootId":"0o0zj2q9orho52u","id":"0o0zj2q9orho52u"},"id":"gs1o0co9dy0o5uj","previousOperationId":"966gpgoyrxi6665"}
{"type":"operationStart","subtype":"pdfUtils","name":"pdf utils","timestamp":1705500970190,"id":"yu3tc9gy6313smz","previousEventId":"r29km9gfxbw36j4","operationId":"qpm7tta45s703qx","previousOperationId":"966gpgoyrxi6665"}
{"type":"log","timestamp":1705500970190,"level":"debug","message":"pdf-utils detected 1 pdf operation(s) to process","meta":{"rootId":"0o0zj2q9orho52u","id":"0o0zj2q9orho52u"},"id":"a8b4v45ihif6fb3","previousOperationId":"qpm7tta45s703qx"}
{"type":"log","timestamp":1705500970456,"level":"debug","message":"pdf-utils running pdf operation merge","meta":{"rootId":"0o0zj2q9orho52u","id":"0o0zj2q9orho52u"},"id":"n56misd8c0juh2n","previousOperationId":"qpm7tta45s703qx"}
{"type":"operationStart","subtype":"pdfUtilsMerge","name":"pdf utils merge","previousOperationId":"qpm7tta45s703qx","timestamp":1705500970456,"id":"7p0tknm6dn5b4js","previousEventId":"yu3tc9gy6313smz","operationId":"rz3m73t0v0jlm5f"}
{"type":"operationStart","subtype":"render","name":"orders-header","previousOperationId":"rz3m73t0v0jlm5f","timestamp":1705500970463,"id":"wyw8sfa8g4cfnba","previousEventId":"7p0tknm6dn5b4js","operationId":"2rlpqh109kqdd54"}
{"type":"log","timestamp":1705500970463,"level":"info","message":"Starting rendering (child) request","meta":{"rootId":"0o0zj2q9orho52u","id":"cmakknxnooj2iwi"},"id":"s645laozhlckzhq","previousOperationId":"2rlpqh109kqdd54"}
{"type":"log","timestamp":1705500970463,"level":"info","message":"Rendering template { name: orders-header, recipe: chrome-pdf, engine: handlebars, preview: true }","meta":{"rootId":"0o0zj2q9orho52u","id":"cmakknxnooj2iwi"},"id":"wz16rjyew0rzzzl","previousOperationId":"2rlpqh109kqdd54"}
{"type":"log","timestamp":1705500970479,"level":"debug","message":"Inline data specified.","meta":{"rootId":"0o0zj2q9orho52u","id":"cmakknxnooj2iwi"},"id":"cws4ovupbp9fkcy","previousOperationId":"2rlpqh109kqdd54"}
{"type":"log","timestamp":1705500970483,"level":"debug","message":"Base url not specified, skipping its injection.","meta":{"rootId":"0o0zj2q9orho52u","id":"cmakknxnooj2iwi"},"id":"h6fj3xaoc1sse18","previousOperationId":"2rlpqh109kqdd54"}
{"type":"operationStart","subtype":"engine","name":"handlebars","timestamp":1705500970484,"id":"a6v990h7ss6pjqj","previousEventId":"wyw8sfa8g4cfnba","operationId":"3hj70r3mtpliflt","previousOperationId":"2rlpqh109kqdd54"}
{"type":"log","timestamp":1705500970484,"level":"debug","message":"Rendering engine handlebars","meta":{"rootId":"0o0zj2q9orho52u","id":"cmakknxnooj2iwi"},"id":"oihrdlb44abe4o9","previousOperationId":"3hj70r3mtpliflt"}
{"type":"operationEnd","operationId":"3hj70r3mtpliflt","timestamp":1705500970598,"id":"ekwkck7wv70yza5","previousEventId":"a6v990h7ss6pjqj","previousOperationId":"3hj70r3mtpliflt"}
{"type":"operationStart","subtype":"recipe","name":"chrome-pdf","timestamp":1705500970598,"id":"dwyqt8mxoigokxn","previousEventId":"ekwkck7wv70yza5","operationId":"wz9z7infkh4zq2a","previousOperationId":"3hj70r3mtpliflt"}
{"type":"log","timestamp":1705500970598,"level":"debug","message":"Executing recipe chrome-pdf","meta":{"rootId":"0o0zj2q9orho52u","id":"cmakknxnooj2iwi"},"id":"rpatluhoea29i4c","previousOperationId":"wz9z7infkh4zq2a"}
{"type":"log","timestamp":1705500970602,"level":"debug","message":"Converting with chrome HeadlessChrome/117.0.5938.149 using chrome-pool strategy","meta":{"rootId":"0o0zj2q9orho52u","id":"cmakknxnooj2iwi"},"id":"6omuw5703t6rlau","previousOperationId":"wz9z7infkh4zq2a"}
{"type":"log","timestamp":1705500970705,"level":"debug","message":"Page request: GET (document) file:///C:/Users/DANIEL~1/AppData/Local/Temp/jsreport/autocleanup/3a314a2e-70c1-43f1-9d92-cdb8ef938fca-chrome-pdf.html","meta":{"rootId":"0o0zj2q9orho52u","id":"cmakknxnooj2iwi"},"id":"6pyzshobomntvec","previousOperationId":"wz9z7infkh4zq2a"}
{"type":"log","timestamp":1705500970738,"level":"debug","message":"Page request: GET (stylesheet) https://cdnjs.cloudflare.com/ajax/libs/metro/4.1.5/css/metro.min.css","meta":{"rootId":"0o0zj2q9orho52u","id":"cmakknxnooj2iwi"},"id":"badll47gsdez1rs","previousOperationId":"wz9z7infkh4zq2a"}
{"type":"log","timestamp":1705500970739,"level":"debug","message":"Page request finished: GET (document) 200 file:///C:/Users/DANIEL~1/AppData/Local/Temp/jsreport/autocleanup/3a314a2e-70c1-43f1-9d92-cdb8ef938fca-chrome-pdf.html","meta":{"rootId":"0o0zj2q9orho52u","id":"cmakknxnooj2iwi"},"id":"le3eee275lu2f8b","previousOperationId":"wz9z7infkh4zq2a"}
{"type":"log","timestamp":1705500970758,"level":"debug","message":"Page request finished: GET (stylesheet) 200 https://cdnjs.cloudflare.com/ajax/libs/metro/4.1.5/css/metro.min.css","meta":{"rootId":"0o0zj2q9orho52u","id":"cmakknxnooj2iwi"},"id":"wamg6v2jl8tsnym","previousOperationId":"wz9z7infkh4zq2a"}
{"type":"log","timestamp":1705500970778,"level":"debug","message":"Running chrome with params {\"printBackground\":true,\"marginTop\":\"1.5cm\",\"marginRight\":\"1.5cm\",\"marginLeft\":\"1.cm\",\"timeout\":53317,\"margin\":{\"top\":\"1.5cm\",\"right\":\"1.5cm\",\"left\":\"1.cm\"}}","meta":{"rootId":"0o0zj2q9orho52u","id":"cmakknxnooj2iwi"},"id":"pjidd7xl6exemvl","previousOperationId":"wz9z7infkh4zq2a"}
{"type":"operationEnd","operationId":"wz9z7infkh4zq2a","timestamp":1705500970823,"id":"7i8vifyn3oh4d0h","previousEventId":"dwyqt8mxoigokxn","previousOperationId":"wz9z7infkh4zq2a"}
{"type":"log","timestamp":1705500970824,"level":"debug","message":"Skipping storing report.","meta":{"rootId":"0o0zj2q9orho52u","id":"cmakknxnooj2iwi"},"id":"3eut62urqhgr3nm","previousOperationId":"wz9z7infkh4zq2a"}
{"type":"log","timestamp":1705500970824,"level":"info","message":"Rendering (child) request finished in 6906 ms","meta":{"rootId":"0o0zj2q9orho52u","id":"cmakknxnooj2iwi"},"id":"nibawam3uvs2uze","previousOperationId":"wz9z7infkh4zq2a"}
{"type":"operationEnd","subtype":"render","operationId":"2rlpqh109kqdd54","timestamp":1705500970825,"id":"fixpajcg8qxektx","previousEventId":"7i8vifyn3oh4d0h","previousOperationId":"wz9z7infkh4zq2a"}
{"type":"operationEnd","operationId":"rz3m73t0v0jlm5f","timestamp":1705500970855,"id":"ja1o8ikv72zqj0f","previousEventId":"7p0tknm6dn5b4js","previousOperationId":"rz3m73t0v0jlm5f"}
{"type":"log","timestamp":1705500970855,"level":"debug","message":"pdf-utils postproces start","meta":{"rootId":"0o0zj2q9orho52u","id":"0o0zj2q9orho52u"},"id":"h5zv4wubwas6jdk","previousOperationId":"rz3m73t0v0jlm5f"}
{"type":"log","timestamp":1705500970885,"level":"debug","message":"pdf-utils postproces end","meta":{"rootId":"0o0zj2q9orho52u","id":"0o0zj2q9orho52u"},"id":"pp8q9g8v9668zsg","previousOperationId":"rz3m73t0v0jlm5f"}
{"type":"operationEnd","operationId":"qpm7tta45s703qx","timestamp":1705500970885,"id":"9ensv3gkkni0sse","previousEventId":"ja1o8ikv72zqj0f","previousOperationId":"rz3m73t0v0jlm5f"}
{"type":"log","timestamp":1705500970885,"level":"info","message":"pdf-utils pdf processing was finished","meta":{"rootId":"0o0zj2q9orho52u","id":"0o0zj2q9orho52u"},"id":"tbfb7z1bo5jhwfk","previousOperationId":"qpm7tta45s703qx"}
{"type":"log","timestamp":1705500970885,"level":"debug","message":"Skipping storing report.","meta":{"rootId":"0o0zj2q9orho52u","id":"0o0zj2q9orho52u"},"id":"wlkcdv5mjb06kuh","previousOperationId":"qpm7tta45s703qx"}
{"type":"log","timestamp":1705500970885,"level":"info","message":"Rendering request 2 finished in 6967 ms","meta":{"rootId":"0o0zj2q9orho52u","id":"0o0zj2q9orho52u"},"id":"rtbn6xjwfb4vl47","previousOperationId":"qpm7tta45s703qx"}
{"type":"operationEnd","subtype":"render","operationId":"9w8guyif1hfyz32","timestamp":1705500970885,"id":"lgg5vnr3bihc7sd","previousEventId":"9ensv3gkkni0sse","previousOperationId":"qpm7tta45s703qx"}
{"type":"operationEnd","doDiffs":false,"previousEventId":"3sk6wb98isg9qit","previousOperationId":"qqbg2lshbmhxjli","operationId":"qqbg2lshbmhxjli","timestamp":1705500970906,"id":"kk4scoi6exjwec0"}
