{"type":"operationStart","subtype":"profile","data":{"_id":"e43EDLc1Y3Kd3czI","timestamp":"2024-01-18T14:50:28.958Z","state":"queued","mode":"standard","creationDate":"2024-01-18T14:50:28.962Z","modificationDate":"2024-01-18T14:50:28.962Z","shortid":"TLp-mCc","$entitySet":"profiles"},"doDiffs":false,"timestamp":1705589428960,"id":"dpbag2ghajdo94b","previousOperationId":null,"operationId":"7rmjoifceu6z378"}
{"type":"log","level":"info","message":"Render request 14 queued for execution and waiting for available worker","previousOperationId":"7rmjoifceu6z378","timestamp":1705589428960,"id":"pdq2i8xuja37jmr"}
{"type":"operationStart","subtype":"render","name":"orders-main","previousOperationId":"7rmjoifceu6z378","timestamp":1705589428976,"id":"603qyhvtcpsvy9w","previousEventId":"dpbag2ghajdo94b","operationId":"ysooic3ew701j78"}
{"type":"log","timestamp":1705589428976,"level":"info","message":"Starting rendering request 14","meta":{"rootId":"0oga7bvh9n2l345","id":"0oga7bvh9n2l345"},"id":"tgehtdrweoxvuwr","previousOperationId":"ysooic3ew701j78"}
{"type":"log","timestamp":1705589428977,"level":"info","message":"Rendering template { name: orders-main, recipe: chrome-pdf, engine: handlebars, preview: true }","meta":{"rootId":"0oga7bvh9n2l345","id":"0oga7bvh9n2l345"},"id":"1mdt40l8k3dfmww","previousOperationId":"ysooic3ew701j78"}
{"type":"log","timestamp":1705589428978,"level":"debug","message":"Data item not defined for this template.","meta":{"rootId":"0oga7bvh9n2l345","id":"0oga7bvh9n2l345"},"id":"fubkcn6wit8yuk4","previousOperationId":"ysooic3ew701j78"}
{"type":"log","timestamp":1705589428982,"level":"debug","message":"Executing script orders-script (beforeRender)","meta":{"rootId":"0oga7bvh9n2l345","id":"0oga7bvh9n2l345"},"id":"jqjvgpwv59fyj14","previousOperationId":"ysooic3ew701j78"}
{"type":"operationStart","subtype":"scriptsBeforeRender","name":"scripts beforeRender","timestamp":1705589429026,"id":"uj47qgr865jiubc","previousEventId":"603qyhvtcpsvy9w","operationId":"p3ay06xkum4fvtm","previousOperationId":"ysooic3ew701j78"}
{"type":"operationStart","subtype":"script","name":"scripts orders-script","previousOperationId":"p3ay06xkum4fvtm","timestamp":1705589429027,"id":"sy163ymnt1wsod0","previousEventId":"uj47qgr865jiubc","operationId":"9y4jx8bodvfkqlb"}
{"type":"operationEnd","operationId":"9y4jx8bodvfkqlb","timestamp":1705589429049,"id":"8dx3qkk56sh9ox8","previousEventId":"603qyhvtcpsvy9w","previousOperationId":"ysooic3ew701j78"}
{"type":"operationEnd","operationId":"p3ay06xkum4fvtm","timestamp":1705589429049,"id":"ninlyar28pb844j","previousEventId":"8dx3qkk56sh9ox8","previousOperationId":"ysooic3ew701j78"}
{"type":"log","timestamp":1705589429050,"level":"debug","message":"Base url not specified, skipping its injection.","meta":{"rootId":"0oga7bvh9n2l345","id":"0oga7bvh9n2l345"},"id":"tqqbdbph9lce8ln","previousOperationId":"p3ay06xkum4fvtm"}
{"type":"operationStart","subtype":"engine","name":"handlebars","timestamp":1705589429050,"id":"kisfkzuec2hpxvw","previousEventId":"ninlyar28pb844j","operationId":"b193ucegu1gxvbo","previousOperationId":"p3ay06xkum4fvtm"}
{"type":"log","timestamp":1705589429050,"level":"debug","message":"Rendering engine handlebars","meta":{"rootId":"0oga7bvh9n2l345","id":"0oga7bvh9n2l345"},"id":"xjn8n39e91t20sb","previousOperationId":"b193ucegu1gxvbo"}
{"type":"log","timestamp":1705589429071,"level":"debug","message":"(console:log) Pdf utils adding group field, value: \"Race1\"","meta":{"userLevel":true,"rootId":"0oga7bvh9n2l345","id":"0oga7bvh9n2l345"},"id":"m4ua0tru2gd37ss","previousOperationId":"b193ucegu1gxvbo"}
{"type":"log","timestamp":1705589429072,"level":"debug","message":"(console:log) Pdf utils adding group field, value: \"Race2\"","meta":{"userLevel":true,"rootId":"0oga7bvh9n2l345","id":"0oga7bvh9n2l345"},"id":"w7vserp1raw7gy2","previousOperationId":"b193ucegu1gxvbo"}
{"type":"operationEnd","operationId":"b193ucegu1gxvbo","timestamp":1705589429072,"id":"zcqb3lbg36fuyxk","previousEventId":"kisfkzuec2hpxvw","previousOperationId":"b193ucegu1gxvbo"}
{"type":"operationStart","subtype":"recipe","name":"chrome-pdf","timestamp":1705589429072,"id":"mdxs092jizivpen","previousEventId":"zcqb3lbg36fuyxk","operationId":"kook1dyvde8a5o7","previousOperationId":"b193ucegu1gxvbo"}
{"type":"log","timestamp":1705589429072,"level":"debug","message":"Executing recipe chrome-pdf","meta":{"rootId":"0oga7bvh9n2l345","id":"0oga7bvh9n2l345"},"id":"8zcivpdp78wb3qf","previousOperationId":"kook1dyvde8a5o7"}
{"type":"log","timestamp":1705589429077,"level":"debug","message":"Converting with chrome HeadlessChrome/117.0.5938.149 using chrome-pool strategy","meta":{"rootId":"0oga7bvh9n2l345","id":"0oga7bvh9n2l345"},"id":"t994ofulk1ql2gf","previousOperationId":"kook1dyvde8a5o7"}
{"type":"log","timestamp":1705589429206,"level":"debug","message":"Page request: GET (document) file:///C:/Users/DANIEL~1/AppData/Local/Temp/jsreport/autocleanup/b0d51d42-38e1-423d-8d3f-fb06add42dc6-chrome-pdf.html","meta":{"rootId":"0oga7bvh9n2l345","id":"0oga7bvh9n2l345"},"id":"7avg6844aj4ko97","previousOperationId":"kook1dyvde8a5o7"}
{"type":"log","timestamp":1705589429237,"level":"debug","message":"Page request: GET (stylesheet) https://cdnjs.cloudflare.com/ajax/libs/metro/4.1.5/css/metro.min.css","meta":{"rootId":"0oga7bvh9n2l345","id":"0oga7bvh9n2l345"},"id":"8e72wswz3m1p7er","previousOperationId":"kook1dyvde8a5o7"}
{"type":"log","timestamp":1705589429238,"level":"debug","message":"Page request: GET (script) https://cdnjs.cloudflare.com/ajax/libs/Chart.js/2.9.4/Chart.js","meta":{"rootId":"0oga7bvh9n2l345","id":"0oga7bvh9n2l345"},"id":"d95fktpv1flhfg2","previousOperationId":"kook1dyvde8a5o7"}
{"type":"log","timestamp":1705589429238,"level":"debug","message":"Page request finished: GET (document) 200 file:///C:/Users/DANIEL~1/AppData/Local/Temp/jsreport/autocleanup/b0d51d42-38e1-423d-8d3f-fb06add42dc6-chrome-pdf.html","meta":{"rootId":"0oga7bvh9n2l345","id":"0oga7bvh9n2l345"},"id":"qma8sxutpe2uet2","previousOperationId":"kook1dyvde8a5o7"}
{"type":"log","timestamp":1705589429248,"level":"debug","message":"Page request finished: GET (script) 200 https://cdnjs.cloudflare.com/ajax/libs/Chart.js/2.9.4/Chart.js","meta":{"rootId":"0oga7bvh9n2l345","id":"0oga7bvh9n2l345"},"id":"1b66c5o6kvy1dgu","previousOperationId":"kook1dyvde8a5o7"}
{"type":"log","timestamp":1705589429265,"level":"debug","message":"Page request finished: GET (stylesheet) 200 https://cdnjs.cloudflare.com/ajax/libs/metro/4.1.5/css/metro.min.css","meta":{"rootId":"0oga7bvh9n2l345","id":"0oga7bvh9n2l345"},"id":"b3r35xum44t4drt","previousOperationId":"kook1dyvde8a5o7"}
{"type":"log","timestamp":1705589429273,"level":"warn","message":"Page error: Unexpected token ';' , stack: SyntaxError: Unexpected token ';'","meta":{"rootId":"0oga7bvh9n2l345","id":"0oga7bvh9n2l345"},"id":"n3pzb7uhbhmwp8e","previousOperationId":"kook1dyvde8a5o7"}
{"type":"log","timestamp":1705589429305,"level":"debug","message":"Running chrome with params {\"printBackground\":true,\"marginTop\":\"4cm\",\"marginRight\":\"1.5cm\",\"marginBottom\":\"1.5cm\",\"marginLeft\":\"1.5cm\",\"waitForJS\":false,\"timeout\":59883,\"margin\":{\"top\":\"4cm\",\"right\":\"1.5cm\",\"bottom\":\"1.5cm\",\"left\":\"1.5cm\"}}","meta":{"rootId":"0oga7bvh9n2l345","id":"0oga7bvh9n2l345"},"id":"sex6d9n84hskdla","previousOperationId":"kook1dyvde8a5o7"}
{"type":"operationEnd","operationId":"kook1dyvde8a5o7","timestamp":1705589429425,"id":"8eymhnuov01aul8","previousEventId":"mdxs092jizivpen","previousOperationId":"kook1dyvde8a5o7"}
{"type":"log","timestamp":1705589429425,"level":"info","message":"pdf-utils is starting pdf processing","meta":{"rootId":"0oga7bvh9n2l345","id":"0oga7bvh9n2l345"},"id":"6a12sen7q1100pi","previousOperationId":"kook1dyvde8a5o7"}
{"type":"operationStart","subtype":"pdfUtils","name":"pdf utils","timestamp":1705589429425,"id":"3yy4izny5mtg8lb","previousEventId":"8eymhnuov01aul8","operationId":"rh12ipzr8wojdoq","previousOperationId":"kook1dyvde8a5o7"}
{"type":"log","timestamp":1705589429425,"level":"debug","message":"pdf-utils detected 1 pdf operation(s) to process","meta":{"rootId":"0oga7bvh9n2l345","id":"0oga7bvh9n2l345"},"id":"6oq4n7ogdyp3f68","previousOperationId":"rh12ipzr8wojdoq"}
{"type":"log","timestamp":1705589429465,"level":"debug","message":"pdf-utils running pdf operation merge","meta":{"rootId":"0oga7bvh9n2l345","id":"0oga7bvh9n2l345"},"id":"wziitvf1wnpbfns","previousOperationId":"rh12ipzr8wojdoq"}
{"type":"operationStart","subtype":"pdfUtilsMerge","name":"pdf utils merge","previousOperationId":"rh12ipzr8wojdoq","timestamp":1705589429466,"id":"bvf7z7v2uv1r3gd","previousEventId":"3yy4izny5mtg8lb","operationId":"ctqhujhqf0fq6ic"}
{"type":"operationStart","subtype":"render","name":"orders-header","previousOperationId":"ctqhujhqf0fq6ic","timestamp":1705589429468,"id":"s4afv5akpchpm3b","previousEventId":"bvf7z7v2uv1r3gd","operationId":"sahd9myi07vmlnk"}
{"type":"log","timestamp":1705589429469,"level":"info","message":"Starting rendering (child) request","meta":{"rootId":"0oga7bvh9n2l345","id":"cszgkoczyrgklan"},"id":"dh0b2fr0o7kzofr","previousOperationId":"sahd9myi07vmlnk"}
{"type":"log","timestamp":1705589429469,"level":"info","message":"Rendering template { name: orders-header, recipe: chrome-pdf, engine: handlebars, preview: true }","meta":{"rootId":"0oga7bvh9n2l345","id":"cszgkoczyrgklan"},"id":"dyvov2w8a0njjk2","previousOperationId":"sahd9myi07vmlnk"}
{"type":"log","timestamp":1705589429478,"level":"debug","message":"Inline data specified.","meta":{"rootId":"0oga7bvh9n2l345","id":"cszgkoczyrgklan"},"id":"8v4p8uhxx2nuwsd","previousOperationId":"sahd9myi07vmlnk"}
{"type":"log","timestamp":1705589429482,"level":"debug","message":"Base url not specified, skipping its injection.","meta":{"rootId":"0oga7bvh9n2l345","id":"cszgkoczyrgklan"},"id":"d0vp0cp7x0a8456","previousOperationId":"sahd9myi07vmlnk"}
{"type":"operationStart","subtype":"engine","name":"handlebars","timestamp":1705589429483,"id":"an9leq12x5tch4g","previousEventId":"s4afv5akpchpm3b","operationId":"304hckqqfvptpsl","previousOperationId":"sahd9myi07vmlnk"}
{"type":"log","timestamp":1705589429483,"level":"debug","message":"Rendering engine handlebars","meta":{"rootId":"0oga7bvh9n2l345","id":"cszgkoczyrgklan"},"id":"onfgdl8pp8oixqs","previousOperationId":"304hckqqfvptpsl"}
{"type":"operationEnd","operationId":"304hckqqfvptpsl","timestamp":1705589429518,"id":"kn7eb28n45ty7hm","previousEventId":"an9leq12x5tch4g","previousOperationId":"304hckqqfvptpsl"}
{"type":"operationStart","subtype":"recipe","name":"chrome-pdf","timestamp":1705589429518,"id":"q6rcrg7dyvkuwqd","previousEventId":"kn7eb28n45ty7hm","operationId":"w3c8bz2s0ds4t94","previousOperationId":"304hckqqfvptpsl"}
{"type":"log","timestamp":1705589429518,"level":"debug","message":"Executing recipe chrome-pdf","meta":{"rootId":"0oga7bvh9n2l345","id":"cszgkoczyrgklan"},"id":"oldib5h62s59x83","previousOperationId":"w3c8bz2s0ds4t94"}
{"type":"log","timestamp":1705589429526,"level":"debug","message":"Converting with chrome HeadlessChrome/117.0.5938.149 using chrome-pool strategy","meta":{"rootId":"0oga7bvh9n2l345","id":"cszgkoczyrgklan"},"id":"0pisr62i6g6zex9","previousOperationId":"w3c8bz2s0ds4t94"}
{"type":"log","timestamp":1705589429655,"level":"debug","message":"Page request: GET (document) file:///C:/Users/DANIEL~1/AppData/Local/Temp/jsreport/autocleanup/c1fc0c77-c171-47f9-b674-a58683ff1902-chrome-pdf.html","meta":{"rootId":"0oga7bvh9n2l345","id":"cszgkoczyrgklan"},"id":"4f9rsx8paoc8w3u","previousOperationId":"w3c8bz2s0ds4t94"}
{"type":"log","timestamp":1705589429668,"level":"debug","message":"Page request finished: GET (document) 200 file:///C:/Users/DANIEL~1/AppData/Local/Temp/jsreport/autocleanup/c1fc0c77-c171-47f9-b674-a58683ff1902-chrome-pdf.html","meta":{"rootId":"0oga7bvh9n2l345","id":"cszgkoczyrgklan"},"id":"vsa1izugpgjn32j","previousOperationId":"w3c8bz2s0ds4t94"}
{"type":"log","timestamp":1705589429668,"level":"debug","message":"Page request: GET (stylesheet) https://cdnjs.cloudflare.com/ajax/libs/metro/4.1.5/css/metro.min.css","meta":{"rootId":"0oga7bvh9n2l345","id":"cszgkoczyrgklan"},"id":"tv2rppz4zn3j12y","previousOperationId":"w3c8bz2s0ds4t94"}
{"type":"log","timestamp":1705589429699,"level":"debug","message":"Page request finished: GET (stylesheet) 200 https://cdnjs.cloudflare.com/ajax/libs/metro/4.1.5/css/metro.min.css","meta":{"rootId":"0oga7bvh9n2l345","id":"cszgkoczyrgklan"},"id":"nk5t5ztur92d0tc","previousOperationId":"w3c8bz2s0ds4t94"}
{"type":"log","timestamp":1705589429726,"level":"debug","message":"Running chrome with params {\"printBackground\":true,\"marginTop\":\"1.5cm\",\"marginRight\":\"1.5cm\",\"marginLeft\":\"1.cm\",\"timeout\":59435,\"margin\":{\"top\":\"1.5cm\",\"right\":\"1.5cm\",\"left\":\"1.cm\"}}","meta":{"rootId":"0oga7bvh9n2l345","id":"cszgkoczyrgklan"},"id":"abuzm3d42k273jc","previousOperationId":"w3c8bz2s0ds4t94"}
{"type":"operationEnd","operationId":"w3c8bz2s0ds4t94","timestamp":1705589429769,"id":"8s37v9zl8reeh0w","previousEventId":"q6rcrg7dyvkuwqd","previousOperationId":"w3c8bz2s0ds4t94"}
{"type":"log","timestamp":1705589429769,"level":"debug","message":"Skipping storing report.","meta":{"rootId":"0oga7bvh9n2l345","id":"cszgkoczyrgklan"},"id":"faskzfqm3oryd6x","previousOperationId":"w3c8bz2s0ds4t94"}
{"type":"log","timestamp":1705589429769,"level":"info","message":"Rendering (child) request finished in 811 ms","meta":{"rootId":"0oga7bvh9n2l345","id":"cszgkoczyrgklan"},"id":"namki56mrxe88rp","previousOperationId":"w3c8bz2s0ds4t94"}
{"type":"operationEnd","subtype":"render","operationId":"sahd9myi07vmlnk","timestamp":1705589429769,"id":"u659k58vysv6gg1","previousEventId":"8s37v9zl8reeh0w","previousOperationId":"w3c8bz2s0ds4t94"}
{"type":"operationEnd","operationId":"ctqhujhqf0fq6ic","timestamp":1705589429788,"id":"fmeyf9xvbm6jcx9","previousEventId":"bvf7z7v2uv1r3gd","previousOperationId":"ctqhujhqf0fq6ic"}
{"type":"log","timestamp":1705589429788,"level":"debug","message":"pdf-utils postproces start","meta":{"rootId":"0oga7bvh9n2l345","id":"0oga7bvh9n2l345"},"id":"bchpzh3x1t7ut6v","previousOperationId":"ctqhujhqf0fq6ic"}
{"type":"log","timestamp":1705589429807,"level":"debug","message":"pdf-utils postproces end","meta":{"rootId":"0oga7bvh9n2l345","id":"0oga7bvh9n2l345"},"id":"j3ivepuzao0p1pv","previousOperationId":"ctqhujhqf0fq6ic"}
{"type":"operationEnd","operationId":"rh12ipzr8wojdoq","timestamp":1705589429807,"id":"qabuqujzqre2mek","previousEventId":"fmeyf9xvbm6jcx9","previousOperationId":"ctqhujhqf0fq6ic"}
{"type":"log","timestamp":1705589429807,"level":"info","message":"pdf-utils pdf processing was finished","meta":{"rootId":"0oga7bvh9n2l345","id":"0oga7bvh9n2l345"},"id":"gdsc8em0yr889vo","previousOperationId":"rh12ipzr8wojdoq"}
{"type":"log","timestamp":1705589429807,"level":"debug","message":"Skipping storing report.","meta":{"rootId":"0oga7bvh9n2l345","id":"0oga7bvh9n2l345"},"id":"lxzw11157ejd6e4","previousOperationId":"rh12ipzr8wojdoq"}
{"type":"log","timestamp":1705589429807,"level":"info","message":"Rendering request 14 finished in 849 ms","meta":{"rootId":"0oga7bvh9n2l345","id":"0oga7bvh9n2l345"},"id":"4g9p8hd4endtm9d","previousOperationId":"rh12ipzr8wojdoq"}
{"type":"operationEnd","subtype":"render","operationId":"ysooic3ew701j78","timestamp":1705589429807,"id":"ayho6du6rt7m9ye","previousEventId":"qabuqujzqre2mek","previousOperationId":"rh12ipzr8wojdoq"}
{"type":"operationEnd","doDiffs":false,"previousEventId":"dpbag2ghajdo94b","previousOperationId":"7rmjoifceu6z378","operationId":"7rmjoifceu6z378","timestamp":1705589429828,"id":"e2ts04cn2et4pbq"}
