{"type":"operationStart","subtype":"profile","data":{"_id":"BsupPwI3TKLAaHVo","timestamp":"2024-01-18T17:42:24.817Z","state":"queued","mode":"standard","creationDate":"2024-01-18T17:42:24.819Z","modificationDate":"2024-01-18T17:42:24.819Z","shortid":"6i5LSTc","$entitySet":"profiles"},"doDiffs":false,"timestamp":1705599744818,"id":"omgmjylhv5g0h10","previousOperationId":null,"operationId":"qich1mxqzvqvj49"}
{"type":"log","level":"info","message":"Render request 21 queued for execution and waiting for available worker","previousOperationId":"qich1mxqzvqvj49","timestamp":1705599744818,"id":"v9odetpkd0us8wo"}
{"type":"operationStart","subtype":"render","name":"orders-main","previousOperationId":"qich1mxqzvqvj49","timestamp":1705599744824,"id":"neak5x7ypmcdt2x","previousEventId":"omgmjylhv5g0h10","operationId":"p839qqrw5lmdpb9"}
{"type":"log","timestamp":1705599744824,"level":"info","message":"Starting rendering request 21","meta":{"rootId":"10aenrx8ziryfu2","id":"10aenrx8ziryfu2"},"id":"0nlied6k9io1t1m","previousOperationId":"p839qqrw5lmdpb9"}
{"type":"log","timestamp":1705599744824,"level":"info","message":"Rendering template { name: orders-main, recipe: chrome-pdf, engine: handlebars, preview: true }","meta":{"rootId":"10aenrx8ziryfu2","id":"10aenrx8ziryfu2"},"id":"ricethng7g3hld7","previousOperationId":"p839qqrw5lmdpb9"}
{"type":"log","timestamp":1705599744825,"level":"debug","message":"Data item not defined for this template.","meta":{"rootId":"10aenrx8ziryfu2","id":"10aenrx8ziryfu2"},"id":"qm4mjlu1yx1s5br","previousOperationId":"p839qqrw5lmdpb9"}
{"type":"log","timestamp":1705599744826,"level":"debug","message":"Executing script orders-script (beforeRender)","meta":{"rootId":"10aenrx8ziryfu2","id":"10aenrx8ziryfu2"},"id":"3w88kf1a0dj6pzr","previousOperationId":"p839qqrw5lmdpb9"}
{"type":"operationStart","subtype":"scriptsBeforeRender","name":"scripts beforeRender","timestamp":1705599744835,"id":"973p63ez7ezpzbr","previousEventId":"neak5x7ypmcdt2x","operationId":"kbzz3iw3t6kyuy2","previousOperationId":"p839qqrw5lmdpb9"}
{"type":"operationStart","subtype":"script","name":"scripts orders-script","previousOperationId":"kbzz3iw3t6kyuy2","timestamp":1705599744835,"id":"zbkyfj7vbd2ha8v","previousEventId":"973p63ez7ezpzbr","operationId":"a1t55uf908c2ezo"}
{"type":"log","timestamp":1705599744844,"level":"debug","message":"(console:log) [ 'Race1', 'Race2' ]","meta":{"userLevel":true,"rootId":"10aenrx8ziryfu2","id":"10aenrx8ziryfu2"},"id":"he171ystytz6jm0","previousOperationId":"a1t55uf908c2ezo"}
{"type":"log","timestamp":1705599744844,"level":"debug","message":"(console:log) [ 2, 1 ]","meta":{"userLevel":true,"rootId":"10aenrx8ziryfu2","id":"10aenrx8ziryfu2"},"id":"l72mvrxxfkjxtum","previousOperationId":"a1t55uf908c2ezo"}
{"type":"operationEnd","operationId":"a1t55uf908c2ezo","timestamp":1705599744845,"id":"6hj9imsqf9pbdi1","previousEventId":"neak5x7ypmcdt2x","previousOperationId":"p839qqrw5lmdpb9"}
{"type":"operationEnd","operationId":"kbzz3iw3t6kyuy2","timestamp":1705599744845,"id":"m6lpsaevyfub97a","previousEventId":"6hj9imsqf9pbdi1","previousOperationId":"p839qqrw5lmdpb9"}
{"type":"log","timestamp":1705599744845,"level":"debug","message":"Base url not specified, skipping its injection.","meta":{"rootId":"10aenrx8ziryfu2","id":"10aenrx8ziryfu2"},"id":"oxn3gd7l5zpbvqa","previousOperationId":"kbzz3iw3t6kyuy2"}
{"type":"operationStart","subtype":"engine","name":"handlebars","timestamp":1705599744845,"id":"mxebok8f3sldli3","previousEventId":"m6lpsaevyfub97a","operationId":"tfberzcz112idqy","previousOperationId":"kbzz3iw3t6kyuy2"}
{"type":"log","timestamp":1705599744845,"level":"debug","message":"Rendering engine handlebars","meta":{"rootId":"10aenrx8ziryfu2","id":"10aenrx8ziryfu2"},"id":"5l32jjemdfw7sco","previousOperationId":"tfberzcz112idqy"}
{"type":"log","timestamp":1705599744857,"level":"debug","message":"(console:log) Pdf utils adding group field, value: \"Race1\"","meta":{"userLevel":true,"rootId":"10aenrx8ziryfu2","id":"10aenrx8ziryfu2"},"id":"9vypy566yl8r3eh","previousOperationId":"tfberzcz112idqy"}
{"type":"log","timestamp":1705599744858,"level":"debug","message":"(console:log) Pdf utils adding group field, value: \"Race2\"","meta":{"userLevel":true,"rootId":"10aenrx8ziryfu2","id":"10aenrx8ziryfu2"},"id":"fu9g6erqpehn8dn","previousOperationId":"tfberzcz112idqy"}
{"type":"operationEnd","operationId":"tfberzcz112idqy","timestamp":1705599744858,"id":"gix3937oz343c4i","previousEventId":"mxebok8f3sldli3","previousOperationId":"tfberzcz112idqy"}
{"type":"operationStart","subtype":"recipe","name":"chrome-pdf","timestamp":1705599744858,"id":"wofmyo5xca6qmsy","previousEventId":"gix3937oz343c4i","operationId":"j3c74n9au3bcodz","previousOperationId":"tfberzcz112idqy"}
{"type":"log","timestamp":1705599744858,"level":"debug","message":"Executing recipe chrome-pdf","meta":{"rootId":"10aenrx8ziryfu2","id":"10aenrx8ziryfu2"},"id":"ivgoc4zdb7crpc2","previousOperationId":"j3c74n9au3bcodz"}
{"type":"log","timestamp":1705599744860,"level":"debug","message":"Converting with chrome HeadlessChrome/117.0.5938.149 using chrome-pool strategy","meta":{"rootId":"10aenrx8ziryfu2","id":"10aenrx8ziryfu2"},"id":"86fc1q9nx29chxs","previousOperationId":"j3c74n9au3bcodz"}
{"type":"log","timestamp":1705599744944,"level":"debug","message":"Page request: GET (document) file:///C:/Users/DANIEL~1/AppData/Local/Temp/jsreport/autocleanup/b03897f5-3802-4b1e-9c18-f7412f487ed3-chrome-pdf.html","meta":{"rootId":"10aenrx8ziryfu2","id":"10aenrx8ziryfu2"},"id":"gi2n1n5kpjdojgq","previousOperationId":"j3c74n9au3bcodz"}
{"type":"log","timestamp":1705599744960,"level":"debug","message":"Page request: GET (stylesheet) https://cdnjs.cloudflare.com/ajax/libs/metro/4.1.5/css/metro.min.css","meta":{"rootId":"10aenrx8ziryfu2","id":"10aenrx8ziryfu2"},"id":"bt7hk563br95mjl","previousOperationId":"j3c74n9au3bcodz"}
{"type":"log","timestamp":1705599744961,"level":"debug","message":"Page request: GET (script) https://cdn.jsdelivr.net/npm/chart.js","meta":{"rootId":"10aenrx8ziryfu2","id":"10aenrx8ziryfu2"},"id":"au7q63v05ku89j1","previousOperationId":"j3c74n9au3bcodz"}
{"type":"log","timestamp":1705599744961,"level":"debug","message":"Page request finished: GET (document) 200 file:///C:/Users/DANIEL~1/AppData/Local/Temp/jsreport/autocleanup/b03897f5-3802-4b1e-9c18-f7412f487ed3-chrome-pdf.html","meta":{"rootId":"10aenrx8ziryfu2","id":"10aenrx8ziryfu2"},"id":"91ox4ngupm8lnpn","previousOperationId":"j3c74n9au3bcodz"}
{"type":"log","timestamp":1705599744964,"level":"debug","message":"Page request finished: GET (script) 200 https://cdn.jsdelivr.net/npm/chart.js","meta":{"rootId":"10aenrx8ziryfu2","id":"10aenrx8ziryfu2"},"id":"0qlnpc5h9fxqvv5","previousOperationId":"j3c74n9au3bcodz"}
{"type":"log","timestamp":1705599744974,"level":"debug","message":"Page request finished: GET (stylesheet) 200 https://cdnjs.cloudflare.com/ajax/libs/metro/4.1.5/css/metro.min.css","meta":{"rootId":"10aenrx8ziryfu2","id":"10aenrx8ziryfu2"},"id":"zhcj8jvo8v6fny9","previousOperationId":"j3c74n9au3bcodz"}
{"type":"log","timestamp":1705599744977,"level":"warn","message":"Page error: Unexpected token ';' , stack: SyntaxError: Unexpected token ';'","meta":{"rootId":"10aenrx8ziryfu2","id":"10aenrx8ziryfu2"},"id":"srvluj2cyl56y9o","previousOperationId":"j3c74n9au3bcodz"}
{"type":"log","timestamp":1705599744998,"level":"debug","message":"Running chrome with params {\"printBackground\":true,\"marginTop\":\"4cm\",\"marginRight\":\"1.5cm\",\"marginBottom\":\"1.5cm\",\"marginLeft\":\"1.5cm\",\"waitForJS\":false,\"timeout\":59958,\"margin\":{\"top\":\"4cm\",\"right\":\"1.5cm\",\"bottom\":\"1.5cm\",\"left\":\"1.5cm\"}}","meta":{"rootId":"10aenrx8ziryfu2","id":"10aenrx8ziryfu2"},"id":"kgie7xuu7r2i0m5","previousOperationId":"j3c74n9au3bcodz"}
{"type":"operationEnd","operationId":"j3c74n9au3bcodz","timestamp":1705599745055,"id":"t2p08xb1723a64d","previousEventId":"wofmyo5xca6qmsy","previousOperationId":"j3c74n9au3bcodz"}
{"type":"log","timestamp":1705599745055,"level":"info","message":"pdf-utils is starting pdf processing","meta":{"rootId":"10aenrx8ziryfu2","id":"10aenrx8ziryfu2"},"id":"haubj6e6okeuodn","previousOperationId":"j3c74n9au3bcodz"}
{"type":"operationStart","subtype":"pdfUtils","name":"pdf utils","timestamp":1705599745055,"id":"s0u0rkpr34mlao8","previousEventId":"t2p08xb1723a64d","operationId":"i918x71a8d8vred","previousOperationId":"j3c74n9au3bcodz"}
{"type":"log","timestamp":1705599745055,"level":"debug","message":"pdf-utils detected 1 pdf operation(s) to process","meta":{"rootId":"10aenrx8ziryfu2","id":"10aenrx8ziryfu2"},"id":"kswyqiwsxs9geit","previousOperationId":"i918x71a8d8vred"}
{"type":"log","timestamp":1705599745065,"level":"debug","message":"pdf-utils running pdf operation merge","meta":{"rootId":"10aenrx8ziryfu2","id":"10aenrx8ziryfu2"},"id":"1lk0hmx88b5eoth","previousOperationId":"i918x71a8d8vred"}
{"type":"operationStart","subtype":"pdfUtilsMerge","name":"pdf utils merge","previousOperationId":"i918x71a8d8vred","timestamp":1705599745065,"id":"5esyxz5dcyy0efy","previousEventId":"s0u0rkpr34mlao8","operationId":"qglfl07kpeqtmhs"}
{"type":"operationStart","subtype":"render","name":"orders-header","previousOperationId":"qglfl07kpeqtmhs","timestamp":1705599745066,"id":"s93la8nrg592c2n","previousEventId":"5esyxz5dcyy0efy","operationId":"f048u2v93h8085k"}
{"type":"log","timestamp":1705599745066,"level":"info","message":"Starting rendering (child) request","meta":{"rootId":"10aenrx8ziryfu2","id":"klzx1i9qhc9sdfh"},"id":"bfr7ojvq4oovovg","previousOperationId":"f048u2v93h8085k"}
{"type":"log","timestamp":1705599745066,"level":"info","message":"Rendering template { name: orders-header, recipe: chrome-pdf, engine: handlebars, preview: true }","meta":{"rootId":"10aenrx8ziryfu2","id":"klzx1i9qhc9sdfh"},"id":"a0nhdn67t5b67w7","previousOperationId":"f048u2v93h8085k"}
{"type":"log","timestamp":1705599745067,"level":"debug","message":"Inline data specified.","meta":{"rootId":"10aenrx8ziryfu2","id":"klzx1i9qhc9sdfh"},"id":"lzryz7dlnaojcnx","previousOperationId":"f048u2v93h8085k"}
{"type":"log","timestamp":1705599745068,"level":"debug","message":"Base url not specified, skipping its injection.","meta":{"rootId":"10aenrx8ziryfu2","id":"klzx1i9qhc9sdfh"},"id":"6zikuc2uzhloq89","previousOperationId":"f048u2v93h8085k"}
{"type":"operationStart","subtype":"engine","name":"handlebars","timestamp":1705599745069,"id":"r6lbemm6zjam1v5","previousEventId":"s93la8nrg592c2n","operationId":"l89q6lxyinpzbgo","previousOperationId":"f048u2v93h8085k"}
{"type":"log","timestamp":1705599745069,"level":"debug","message":"Rendering engine handlebars","meta":{"rootId":"10aenrx8ziryfu2","id":"klzx1i9qhc9sdfh"},"id":"t6w20grmn64jnl9","previousOperationId":"l89q6lxyinpzbgo"}
{"type":"operationEnd","operationId":"l89q6lxyinpzbgo","timestamp":1705599745078,"id":"i0yqr2bz3tq002c","previousEventId":"r6lbemm6zjam1v5","previousOperationId":"l89q6lxyinpzbgo"}
{"type":"operationStart","subtype":"recipe","name":"chrome-pdf","timestamp":1705599745078,"id":"tce9i8mrkw7lxx5","previousEventId":"i0yqr2bz3tq002c","operationId":"z6qaejgj44936xb","previousOperationId":"l89q6lxyinpzbgo"}
{"type":"log","timestamp":1705599745078,"level":"debug","message":"Executing recipe chrome-pdf","meta":{"rootId":"10aenrx8ziryfu2","id":"klzx1i9qhc9sdfh"},"id":"df5le1c1gwudgup","previousOperationId":"z6qaejgj44936xb"}
{"type":"log","timestamp":1705599745080,"level":"debug","message":"Converting with chrome HeadlessChrome/117.0.5938.149 using chrome-pool strategy","meta":{"rootId":"10aenrx8ziryfu2","id":"klzx1i9qhc9sdfh"},"id":"nyg30b2iap917od","previousOperationId":"z6qaejgj44936xb"}
{"type":"log","timestamp":1705599745144,"level":"debug","message":"Page request: GET (document) file:///C:/Users/DANIEL~1/AppData/Local/Temp/jsreport/autocleanup/24a0f8db-1a30-4212-b5cb-b232c36dc6fb-chrome-pdf.html","meta":{"rootId":"10aenrx8ziryfu2","id":"klzx1i9qhc9sdfh"},"id":"1gz9qquvzck0mzd","previousOperationId":"z6qaejgj44936xb"}
{"type":"log","timestamp":1705599745150,"level":"debug","message":"Page request: GET (stylesheet) https://cdnjs.cloudflare.com/ajax/libs/metro/4.1.5/css/metro.min.css","meta":{"rootId":"10aenrx8ziryfu2","id":"klzx1i9qhc9sdfh"},"id":"90uuq0o4mpsiz6v","previousOperationId":"z6qaejgj44936xb"}
{"type":"log","timestamp":1705599745151,"level":"debug","message":"Page request finished: GET (document) 200 file:///C:/Users/DANIEL~1/AppData/Local/Temp/jsreport/autocleanup/24a0f8db-1a30-4212-b5cb-b232c36dc6fb-chrome-pdf.html","meta":{"rootId":"10aenrx8ziryfu2","id":"klzx1i9qhc9sdfh"},"id":"e6l5eod7vpckb5i","previousOperationId":"z6qaejgj44936xb"}
{"type":"log","timestamp":1705599745163,"level":"debug","message":"Page request finished: GET (stylesheet) 200 https://cdnjs.cloudflare.com/ajax/libs/metro/4.1.5/css/metro.min.css","meta":{"rootId":"10aenrx8ziryfu2","id":"klzx1i9qhc9sdfh"},"id":"gxaa1c8xwo41qf9","previousOperationId":"z6qaejgj44936xb"}
{"type":"log","timestamp":1705599745177,"level":"debug","message":"Running chrome with params {\"printBackground\":true,\"marginTop\":\"1.5cm\",\"marginRight\":\"1.5cm\",\"marginLeft\":\"1.cm\",\"timeout\":59738,\"margin\":{\"top\":\"1.5cm\",\"right\":\"1.5cm\",\"left\":\"1.cm\"}}","meta":{"rootId":"10aenrx8ziryfu2","id":"klzx1i9qhc9sdfh"},"id":"szi2dq7555djq4r","previousOperationId":"z6qaejgj44936xb"}
{"type":"operationEnd","operationId":"z6qaejgj44936xb","timestamp":1705599745207,"id":"bovgu1rbgwdc5q4","previousEventId":"tce9i8mrkw7lxx5","previousOperationId":"z6qaejgj44936xb"}
{"type":"log","timestamp":1705599745207,"level":"debug","message":"Skipping storing report.","meta":{"rootId":"10aenrx8ziryfu2","id":"klzx1i9qhc9sdfh"},"id":"4tkqfgsy3yqodhz","previousOperationId":"z6qaejgj44936xb"}
{"type":"log","timestamp":1705599745207,"level":"info","message":"Rendering (child) request finished in 390 ms","meta":{"rootId":"10aenrx8ziryfu2","id":"klzx1i9qhc9sdfh"},"id":"um21i3dukhdf671","previousOperationId":"z6qaejgj44936xb"}
{"type":"operationEnd","subtype":"render","operationId":"f048u2v93h8085k","timestamp":1705599745207,"id":"k1821bre3c9ay71","previousEventId":"bovgu1rbgwdc5q4","previousOperationId":"z6qaejgj44936xb"}
{"type":"operationEnd","operationId":"qglfl07kpeqtmhs","timestamp":1705599745214,"id":"xyvq0nggy3qki63","previousEventId":"5esyxz5dcyy0efy","previousOperationId":"qglfl07kpeqtmhs"}
{"type":"log","timestamp":1705599745214,"level":"debug","message":"pdf-utils postproces start","meta":{"rootId":"10aenrx8ziryfu2","id":"10aenrx8ziryfu2"},"id":"n9c36skzt57n3fd","previousOperationId":"qglfl07kpeqtmhs"}
{"type":"log","timestamp":1705599745222,"level":"debug","message":"pdf-utils postproces end","meta":{"rootId":"10aenrx8ziryfu2","id":"10aenrx8ziryfu2"},"id":"bcfon3v80bwc1jg","previousOperationId":"qglfl07kpeqtmhs"}
{"type":"operationEnd","operationId":"i918x71a8d8vred","timestamp":1705599745222,"id":"dw0rif9durweb22","previousEventId":"xyvq0nggy3qki63","previousOperationId":"qglfl07kpeqtmhs"}
{"type":"log","timestamp":1705599745222,"level":"info","message":"pdf-utils pdf processing was finished","meta":{"rootId":"10aenrx8ziryfu2","id":"10aenrx8ziryfu2"},"id":"cnnomp24zdjjs50","previousOperationId":"i918x71a8d8vred"}
{"type":"log","timestamp":1705599745222,"level":"debug","message":"Skipping storing report.","meta":{"rootId":"10aenrx8ziryfu2","id":"10aenrx8ziryfu2"},"id":"qzgyrn7uram5tix","previousOperationId":"i918x71a8d8vred"}
{"type":"log","timestamp":1705599745222,"level":"info","message":"Rendering request 21 finished in 405 ms","meta":{"rootId":"10aenrx8ziryfu2","id":"10aenrx8ziryfu2"},"id":"7h65kgivg0tp7ai","previousOperationId":"i918x71a8d8vred"}
{"type":"operationEnd","subtype":"render","operationId":"p839qqrw5lmdpb9","timestamp":1705599745222,"id":"drka9yko19ih9o3","previousEventId":"dw0rif9durweb22","previousOperationId":"i918x71a8d8vred"}
{"type":"operationEnd","doDiffs":false,"previousEventId":"omgmjylhv5g0h10","previousOperationId":"qich1mxqzvqvj49","operationId":"qich1mxqzvqvj49","timestamp":1705599745231,"id":"hodrzv3pgmujo6e"}
