{"type":"operationStart","subtype":"profile","data":{"_id":"qUcXu7xDtTpsmVB7","timestamp":"2024-01-17T16:14:40.783Z","state":"queued","mode":"standard","creationDate":"2024-01-17T16:14:40.784Z","modificationDate":"2024-01-17T16:14:40.784Z","shortid":"C2IcxAK","$entitySet":"profiles"},"doDiffs":false,"timestamp":1705508080783,"id":"p9s5sxm8cx1dpsu","previousOperationId":null,"operationId":"ym5xjkkp2hrlgc9"}
{"type":"log","level":"info","message":"Render request 34 queued for execution and waiting for available worker","previousOperationId":"ym5xjkkp2hrlgc9","timestamp":1705508080783,"id":"cictg4gcin0bpw9"}
{"type":"operationStart","subtype":"render","name":"orders-main","previousOperationId":"ym5xjkkp2hrlgc9","timestamp":1705508080789,"id":"bxhmnj3woexb2dn","previousEventId":"p9s5sxm8cx1dpsu","operationId":"y0nibghynvyupvk"}
{"type":"log","timestamp":1705508080790,"level":"info","message":"Starting rendering request 34","meta":{"rootId":"1d5l85v8qirom8n","id":"1d5l85v8qirom8n"},"id":"i2pdip189hojyys","previousOperationId":"y0nibghynvyupvk"}
{"type":"log","timestamp":1705508080790,"level":"info","message":"Rendering template { name: orders-main, recipe: chrome-pdf, engine: handlebars, preview: true }","meta":{"rootId":"1d5l85v8qirom8n","id":"1d5l85v8qirom8n"},"id":"e8fqdga6xmib35f","previousOperationId":"y0nibghynvyupvk"}
{"type":"log","timestamp":1705508080791,"level":"debug","message":"Data item not defined for this template.","meta":{"rootId":"1d5l85v8qirom8n","id":"1d5l85v8qirom8n"},"id":"lzueiec8epn3sai","previousOperationId":"y0nibghynvyupvk"}
{"type":"log","timestamp":1705508080792,"level":"debug","message":"Executing script orders-script (beforeRender)","meta":{"rootId":"1d5l85v8qirom8n","id":"1d5l85v8qirom8n"},"id":"x021cl4x2n3e2qb","previousOperationId":"y0nibghynvyupvk"}
{"type":"operationStart","subtype":"scriptsBeforeRender","name":"scripts beforeRender","timestamp":1705508080803,"id":"946n058v9crr90c","previousEventId":"bxhmnj3woexb2dn","operationId":"wat7rh2cxu8wgd3","previousOperationId":"y0nibghynvyupvk"}
{"type":"operationStart","subtype":"script","name":"scripts orders-script","previousOperationId":"wat7rh2cxu8wgd3","timestamp":1705508080803,"id":"ypbab5kzhb8ipv3","previousEventId":"946n058v9crr90c","operationId":"u9cpw4zs75yc66y"}
{"type":"operationEnd","operationId":"u9cpw4zs75yc66y","timestamp":1705508080813,"id":"5o9ajvbdc3xi82j","previousEventId":"bxhmnj3woexb2dn","previousOperationId":"y0nibghynvyupvk"}
{"type":"operationEnd","operationId":"wat7rh2cxu8wgd3","timestamp":1705508080813,"id":"tfvmo9ab9hfhu7c","previousEventId":"5o9ajvbdc3xi82j","previousOperationId":"y0nibghynvyupvk"}
{"type":"log","timestamp":1705508080813,"level":"debug","message":"Base url not specified, skipping its injection.","meta":{"rootId":"1d5l85v8qirom8n","id":"1d5l85v8qirom8n"},"id":"ve2x8ruxkuvai7s","previousOperationId":"wat7rh2cxu8wgd3"}
{"type":"operationStart","subtype":"engine","name":"handlebars","timestamp":1705508080813,"id":"6n2r2o03ou9ka56","previousEventId":"tfvmo9ab9hfhu7c","operationId":"47jdq6g6xj5ezz2","previousOperationId":"wat7rh2cxu8wgd3"}
{"type":"log","timestamp":1705508080813,"level":"debug","message":"Rendering engine handlebars","meta":{"rootId":"1d5l85v8qirom8n","id":"1d5l85v8qirom8n"},"id":"cbj37t7jqx5oavx","previousOperationId":"47jdq6g6xj5ezz2"}
{"type":"log","timestamp":1705508080822,"level":"debug","message":"(console:log) Pdf utils adding group field, value: \"Race1\"","meta":{"userLevel":true,"rootId":"1d5l85v8qirom8n","id":"1d5l85v8qirom8n"},"id":"t9tyihjeoe4p3ce","previousOperationId":"47jdq6g6xj5ezz2"}
{"type":"log","timestamp":1705508080822,"level":"debug","message":"(console:log) Pdf utils adding group field, value: \"Race2\"","meta":{"userLevel":true,"rootId":"1d5l85v8qirom8n","id":"1d5l85v8qirom8n"},"id":"4k2v5vavww9pl90","previousOperationId":"47jdq6g6xj5ezz2"}
{"type":"log","timestamp":1705508080822,"level":"debug","message":"(console:log) Pdf utils adding group field, value: \"rgver\"","meta":{"userLevel":true,"rootId":"1d5l85v8qirom8n","id":"1d5l85v8qirom8n"},"id":"mmeu83qugcgpgb3","previousOperationId":"47jdq6g6xj5ezz2"}
{"type":"log","timestamp":1705508080822,"level":"debug","message":"(console:log) Pdf utils adding group field, value: \"revger\"","meta":{"userLevel":true,"rootId":"1d5l85v8qirom8n","id":"1d5l85v8qirom8n"},"id":"uddu9cka8ev69yd","previousOperationId":"47jdq6g6xj5ezz2"}
{"type":"operationEnd","operationId":"47jdq6g6xj5ezz2","timestamp":1705508080822,"id":"81fb4pap43x787k","previousEventId":"6n2r2o03ou9ka56","previousOperationId":"47jdq6g6xj5ezz2"}
{"type":"operationStart","subtype":"recipe","name":"chrome-pdf","timestamp":1705508080823,"id":"uadly860rttnw9w","previousEventId":"81fb4pap43x787k","operationId":"5et4i5ea8wrahxa","previousOperationId":"47jdq6g6xj5ezz2"}
{"type":"log","timestamp":1705508080823,"level":"debug","message":"Executing recipe chrome-pdf","meta":{"rootId":"1d5l85v8qirom8n","id":"1d5l85v8qirom8n"},"id":"fiyb2ukq38ifp3m","previousOperationId":"5et4i5ea8wrahxa"}
{"type":"log","timestamp":1705508080825,"level":"debug","message":"Converting with chrome HeadlessChrome/117.0.5938.149 using chrome-pool strategy","meta":{"rootId":"1d5l85v8qirom8n","id":"1d5l85v8qirom8n"},"id":"vncdlse9ryfmjk3","previousOperationId":"5et4i5ea8wrahxa"}
{"type":"log","timestamp":1705508080893,"level":"debug","message":"Page request: GET (document) file:///C:/Users/DANIEL~1/AppData/Local/Temp/jsreport/autocleanup/fb93e2c1-868f-43e4-bbc4-4fb6819a7a26-chrome-pdf.html","meta":{"rootId":"1d5l85v8qirom8n","id":"1d5l85v8qirom8n"},"id":"f0aq53hz4zy5s2k","previousOperationId":"5et4i5ea8wrahxa"}
{"type":"log","timestamp":1705508080907,"level":"debug","message":"Page request: GET (stylesheet) https://cdnjs.cloudflare.com/ajax/libs/metro/4.1.5/css/metro.min.css","meta":{"rootId":"1d5l85v8qirom8n","id":"1d5l85v8qirom8n"},"id":"jpws473od5xk0sb","previousOperationId":"5et4i5ea8wrahxa"}
{"type":"log","timestamp":1705508080908,"level":"debug","message":"Page request: GET (script) https://cdnjs.cloudflare.com/ajax/libs/Chart.js/2.7.2/Chart.min.js","meta":{"rootId":"1d5l85v8qirom8n","id":"1d5l85v8qirom8n"},"id":"8jdoq3u4xg9ovbq","previousOperationId":"5et4i5ea8wrahxa"}
{"type":"log","timestamp":1705508080908,"level":"debug","message":"Page request finished: GET (document) 200 file:///C:/Users/DANIEL~1/AppData/Local/Temp/jsreport/autocleanup/fb93e2c1-868f-43e4-bbc4-4fb6819a7a26-chrome-pdf.html","meta":{"rootId":"1d5l85v8qirom8n","id":"1d5l85v8qirom8n"},"id":"9458rmky2ngnyzj","previousOperationId":"5et4i5ea8wrahxa"}
{"type":"log","timestamp":1705508080912,"level":"debug","message":"Page request finished: GET (script) 200 https://cdnjs.cloudflare.com/ajax/libs/Chart.js/2.7.2/Chart.min.js","meta":{"rootId":"1d5l85v8qirom8n","id":"1d5l85v8qirom8n"},"id":"aemwuqiyeuftxii","previousOperationId":"5et4i5ea8wrahxa"}
{"type":"log","timestamp":1705508080921,"level":"debug","message":"Page request finished: GET (stylesheet) 200 https://cdnjs.cloudflare.com/ajax/libs/metro/4.1.5/css/metro.min.css","meta":{"rootId":"1d5l85v8qirom8n","id":"1d5l85v8qirom8n"},"id":"gmw5edzges7bg4j","previousOperationId":"5et4i5ea8wrahxa"}
{"type":"log","timestamp":1705508080943,"level":"debug","message":"Running chrome with params {\"printBackground\":true,\"marginTop\":\"4cm\",\"marginRight\":\"1.5cm\",\"marginBottom\":\"1.5cm\",\"marginLeft\":\"1.5cm\",\"waitForJS\":false,\"timeout\":59959,\"margin\":{\"top\":\"4cm\",\"right\":\"1.5cm\",\"bottom\":\"1.5cm\",\"left\":\"1.5cm\"}}","meta":{"rootId":"1d5l85v8qirom8n","id":"1d5l85v8qirom8n"},"id":"ot7c7d40e9dgwr7","previousOperationId":"5et4i5ea8wrahxa"}
{"type":"operationEnd","operationId":"5et4i5ea8wrahxa","timestamp":1705508080999,"id":"unoupcik6doh5h9","previousEventId":"uadly860rttnw9w","previousOperationId":"5et4i5ea8wrahxa"}
{"type":"log","timestamp":1705508080999,"level":"info","message":"pdf-utils is starting pdf processing","meta":{"rootId":"1d5l85v8qirom8n","id":"1d5l85v8qirom8n"},"id":"qlo7itzyn0r8h8i","previousOperationId":"5et4i5ea8wrahxa"}
{"type":"operationStart","subtype":"pdfUtils","name":"pdf utils","timestamp":1705508080999,"id":"4kyltx22o4doir0","previousEventId":"unoupcik6doh5h9","operationId":"sfu1ri295h1w4iw","previousOperationId":"5et4i5ea8wrahxa"}
{"type":"log","timestamp":1705508080999,"level":"debug","message":"pdf-utils detected 1 pdf operation(s) to process","meta":{"rootId":"1d5l85v8qirom8n","id":"1d5l85v8qirom8n"},"id":"xmcvw5vpmy80w6o","previousOperationId":"sfu1ri295h1w4iw"}
{"type":"log","timestamp":1705508081015,"level":"debug","message":"pdf-utils running pdf operation merge","meta":{"rootId":"1d5l85v8qirom8n","id":"1d5l85v8qirom8n"},"id":"s1tekrjfol3s831","previousOperationId":"sfu1ri295h1w4iw"}
{"type":"operationStart","subtype":"pdfUtilsMerge","name":"pdf utils merge","previousOperationId":"sfu1ri295h1w4iw","timestamp":1705508081015,"id":"35vfgntq4dgi0y7","previousEventId":"4kyltx22o4doir0","operationId":"bm1jya8v0un8yu5"}
{"type":"operationStart","subtype":"render","name":"orders-header","previousOperationId":"bm1jya8v0un8yu5","timestamp":1705508081016,"id":"fkwei07lnq0njcw","previousEventId":"35vfgntq4dgi0y7","operationId":"c5ns7733x6rnqsm"}
{"type":"log","timestamp":1705508081016,"level":"info","message":"Starting rendering (child) request","meta":{"rootId":"1d5l85v8qirom8n","id":"frs4e4l09y2kkdm"},"id":"x26kz4mw8h1jt30","previousOperationId":"c5ns7733x6rnqsm"}
{"type":"log","timestamp":1705508081016,"level":"info","message":"Rendering template { name: orders-header, recipe: chrome-pdf, engine: handlebars, preview: true }","meta":{"rootId":"1d5l85v8qirom8n","id":"frs4e4l09y2kkdm"},"id":"bcq0y3twthajiel","previousOperationId":"c5ns7733x6rnqsm"}
{"type":"log","timestamp":1705508081017,"level":"debug","message":"Inline data specified.","meta":{"rootId":"1d5l85v8qirom8n","id":"frs4e4l09y2kkdm"},"id":"kbkapjph5m7b99s","previousOperationId":"c5ns7733x6rnqsm"}
{"type":"log","timestamp":1705508081019,"level":"debug","message":"Base url not specified, skipping its injection.","meta":{"rootId":"1d5l85v8qirom8n","id":"frs4e4l09y2kkdm"},"id":"snfr77ttd81re95","previousOperationId":"c5ns7733x6rnqsm"}
{"type":"operationStart","subtype":"engine","name":"handlebars","timestamp":1705508081019,"id":"4fsg0ly3ocv7o5e","previousEventId":"fkwei07lnq0njcw","operationId":"glgrc6ox8snmdy5","previousOperationId":"c5ns7733x6rnqsm"}
{"type":"log","timestamp":1705508081019,"level":"debug","message":"Rendering engine handlebars","meta":{"rootId":"1d5l85v8qirom8n","id":"frs4e4l09y2kkdm"},"id":"aa823wniw5akh56","previousOperationId":"glgrc6ox8snmdy5"}
{"type":"operationEnd","operationId":"glgrc6ox8snmdy5","timestamp":1705508081039,"id":"2trrx1nhg4brqu6","previousEventId":"4fsg0ly3ocv7o5e","previousOperationId":"glgrc6ox8snmdy5"}
{"type":"operationStart","subtype":"recipe","name":"chrome-pdf","timestamp":1705508081039,"id":"4hvh41lemmjbueo","previousEventId":"2trrx1nhg4brqu6","operationId":"np3gj160w28ex0a","previousOperationId":"glgrc6ox8snmdy5"}
{"type":"log","timestamp":1705508081039,"level":"debug","message":"Executing recipe chrome-pdf","meta":{"rootId":"1d5l85v8qirom8n","id":"frs4e4l09y2kkdm"},"id":"6415yex91gups10","previousOperationId":"np3gj160w28ex0a"}
{"type":"log","timestamp":1705508081041,"level":"debug","message":"Converting with chrome HeadlessChrome/117.0.5938.149 using chrome-pool strategy","meta":{"rootId":"1d5l85v8qirom8n","id":"frs4e4l09y2kkdm"},"id":"bwn3podnupdp4t1","previousOperationId":"np3gj160w28ex0a"}
{"type":"log","timestamp":1705508081107,"level":"debug","message":"Page request: GET (document) file:///C:/Users/DANIEL~1/AppData/Local/Temp/jsreport/autocleanup/cfbd56bc-1384-45bf-b112-9273f7cd804e-chrome-pdf.html","meta":{"rootId":"1d5l85v8qirom8n","id":"frs4e4l09y2kkdm"},"id":"godxxty20n0uvwk","previousOperationId":"np3gj160w28ex0a"}
{"type":"log","timestamp":1705508081114,"level":"debug","message":"Page request: GET (stylesheet) https://cdnjs.cloudflare.com/ajax/libs/metro/4.1.5/css/metro.min.css","meta":{"rootId":"1d5l85v8qirom8n","id":"frs4e4l09y2kkdm"},"id":"kz9r3ve3353z12c","previousOperationId":"np3gj160w28ex0a"}
{"type":"log","timestamp":1705508081114,"level":"debug","message":"Page request finished: GET (document) 200 file:///C:/Users/DANIEL~1/AppData/Local/Temp/jsreport/autocleanup/cfbd56bc-1384-45bf-b112-9273f7cd804e-chrome-pdf.html","meta":{"rootId":"1d5l85v8qirom8n","id":"frs4e4l09y2kkdm"},"id":"8jlqxktx7cplr6z","previousOperationId":"np3gj160w28ex0a"}
{"type":"log","timestamp":1705508081127,"level":"debug","message":"Page request finished: GET (stylesheet) 200 https://cdnjs.cloudflare.com/ajax/libs/metro/4.1.5/css/metro.min.css","meta":{"rootId":"1d5l85v8qirom8n","id":"frs4e4l09y2kkdm"},"id":"uxcu0dr63vih8y4","previousOperationId":"np3gj160w28ex0a"}
{"type":"log","timestamp":1705508081139,"level":"debug","message":"Running chrome with params {\"printBackground\":true,\"marginTop\":\"1.5cm\",\"marginRight\":\"1.5cm\",\"marginLeft\":\"1.cm\",\"timeout\":59743,\"margin\":{\"top\":\"1.5cm\",\"right\":\"1.5cm\",\"left\":\"1.cm\"}}","meta":{"rootId":"1d5l85v8qirom8n","id":"frs4e4l09y2kkdm"},"id":"lpqb2w65ycbd9vu","previousOperationId":"np3gj160w28ex0a"}
{"type":"operationEnd","operationId":"np3gj160w28ex0a","timestamp":1705508081168,"id":"d83eb4zsdhfug1k","previousEventId":"4hvh41lemmjbueo","previousOperationId":"np3gj160w28ex0a"}
{"type":"log","timestamp":1705508081168,"level":"debug","message":"Skipping storing report.","meta":{"rootId":"1d5l85v8qirom8n","id":"frs4e4l09y2kkdm"},"id":"heikerkraw6yvlf","previousOperationId":"np3gj160w28ex0a"}
{"type":"log","timestamp":1705508081168,"level":"info","message":"Rendering (child) request finished in 385 ms","meta":{"rootId":"1d5l85v8qirom8n","id":"frs4e4l09y2kkdm"},"id":"cq5ivy16gqn9a3c","previousOperationId":"np3gj160w28ex0a"}
{"type":"operationEnd","subtype":"render","operationId":"c5ns7733x6rnqsm","timestamp":1705508081168,"id":"yi5wk0c5c3eprdt","previousEventId":"d83eb4zsdhfug1k","previousOperationId":"np3gj160w28ex0a"}
{"type":"operationEnd","operationId":"bm1jya8v0un8yu5","timestamp":1705508081175,"id":"wypxd9u5v2lzoh5","previousEventId":"35vfgntq4dgi0y7","previousOperationId":"bm1jya8v0un8yu5"}
{"type":"log","timestamp":1705508081175,"level":"debug","message":"pdf-utils postproces start","meta":{"rootId":"1d5l85v8qirom8n","id":"1d5l85v8qirom8n"},"id":"meanq9ey56bhey0","previousOperationId":"bm1jya8v0un8yu5"}
{"type":"log","timestamp":1705508081184,"level":"debug","message":"pdf-utils postproces end","meta":{"rootId":"1d5l85v8qirom8n","id":"1d5l85v8qirom8n"},"id":"itlt692m9ja9513","previousOperationId":"bm1jya8v0un8yu5"}
{"type":"operationEnd","operationId":"sfu1ri295h1w4iw","timestamp":1705508081184,"id":"eixu8dg96g1gc0h","previousEventId":"wypxd9u5v2lzoh5","previousOperationId":"bm1jya8v0un8yu5"}
{"type":"log","timestamp":1705508081184,"level":"info","message":"pdf-utils pdf processing was finished","meta":{"rootId":"1d5l85v8qirom8n","id":"1d5l85v8qirom8n"},"id":"yb2dj5ldd2yy7tx","previousOperationId":"sfu1ri295h1w4iw"}
{"type":"log","timestamp":1705508081184,"level":"debug","message":"Skipping storing report.","meta":{"rootId":"1d5l85v8qirom8n","id":"1d5l85v8qirom8n"},"id":"zwhd6wvo8fjabx9","previousOperationId":"sfu1ri295h1w4iw"}
{"type":"log","timestamp":1705508081184,"level":"info","message":"Rendering request 34 finished in 401 ms","meta":{"rootId":"1d5l85v8qirom8n","id":"1d5l85v8qirom8n"},"id":"1zndouwh7ue0fp5","previousOperationId":"sfu1ri295h1w4iw"}
{"type":"operationEnd","subtype":"render","operationId":"y0nibghynvyupvk","timestamp":1705508081184,"id":"zzx8b13yv7mp4da","previousEventId":"eixu8dg96g1gc0h","previousOperationId":"sfu1ri295h1w4iw"}
{"type":"operationEnd","doDiffs":false,"previousEventId":"p9s5sxm8cx1dpsu","previousOperationId":"ym5xjkkp2hrlgc9","operationId":"ym5xjkkp2hrlgc9","timestamp":1705508081195,"id":"kc9125x59pb8qt4"}
