{"type":"operationStart","subtype":"profile","data":{"_id":"KsMzJxq8CC4AEglE","timestamp":"2024-01-18T20:10:38.846Z","state":"queued","mode":"standard","creationDate":"2024-01-18T20:10:38.852Z","modificationDate":"2024-01-18T20:10:38.852Z","shortid":"k2diLDH","$entitySet":"profiles"},"doDiffs":false,"timestamp":1705608638849,"id":"ffg8da13na6p4ej","previousOperationId":null,"operationId":"n37bmlzum1a79p8"}
{"type":"log","level":"info","message":"Render request 7 queued for execution and waiting for available worker","previousOperationId":"n37bmlzum1a79p8","timestamp":1705608638849,"id":"nruu1rptc8lzckg"}
{"type":"operationStart","subtype":"render","name":"orders-main","previousOperationId":"n37bmlzum1a79p8","timestamp":1705608638870,"id":"gw0cw1dqa0gjc8e","previousEventId":"ffg8da13na6p4ej","operationId":"7w7mn5zny42dtvu"}
{"type":"log","timestamp":1705608638870,"level":"info","message":"Starting rendering request 7","meta":{"rootId":"1gajkpc8x48hbzj","id":"1gajkpc8x48hbzj"},"id":"dt7eauwdv5rnlpr","previousOperationId":"7w7mn5zny42dtvu"}
{"type":"log","timestamp":1705608638870,"level":"info","message":"Rendering template { name: orders-main, recipe: chrome-pdf, engine: handlebars, preview: true }","meta":{"rootId":"1gajkpc8x48hbzj","id":"1gajkpc8x48hbzj"},"id":"jo8groozr0722x3","previousOperationId":"7w7mn5zny42dtvu"}
{"type":"log","timestamp":1705608638871,"level":"debug","message":"Data item not defined for this template.","meta":{"rootId":"1gajkpc8x48hbzj","id":"1gajkpc8x48hbzj"},"id":"n4jqkym37s8be1a","previousOperationId":"7w7mn5zny42dtvu"}
{"type":"log","timestamp":1705608638876,"level":"debug","message":"Executing script orders-script (beforeRender)","meta":{"rootId":"1gajkpc8x48hbzj","id":"1gajkpc8x48hbzj"},"id":"fkjq7e1q8arsavs","previousOperationId":"7w7mn5zny42dtvu"}
{"type":"operationStart","subtype":"scriptsBeforeRender","name":"scripts beforeRender","timestamp":1705608638924,"id":"g4hzgurxtk3k1to","previousEventId":"gw0cw1dqa0gjc8e","operationId":"0oxmt3f0ajm1rm6","previousOperationId":"7w7mn5zny42dtvu"}
{"type":"operationStart","subtype":"script","name":"scripts orders-script","previousOperationId":"0oxmt3f0ajm1rm6","timestamp":1705608638924,"id":"h5ybyq81xkpceh8","previousEventId":"g4hzgurxtk3k1to","operationId":"k6bvc25pd3it55g"}
{"type":"log","timestamp":1705608638947,"level":"debug","message":"(console:log) [ 'Race1', 'Race2' ]","meta":{"userLevel":true,"rootId":"1gajkpc8x48hbzj","id":"1gajkpc8x48hbzj"},"id":"xizb0phb7ie5l8q","previousOperationId":"k6bvc25pd3it55g"}
{"type":"log","timestamp":1705608638947,"level":"debug","message":"(console:log) [ 2, 1 ]","meta":{"userLevel":true,"rootId":"1gajkpc8x48hbzj","id":"1gajkpc8x48hbzj"},"id":"plvnf54tozdgxtw","previousOperationId":"k6bvc25pd3it55g"}
{"type":"operationEnd","operationId":"k6bvc25pd3it55g","timestamp":1705608638948,"id":"mndvywy1t1tkjjf","previousEventId":"gw0cw1dqa0gjc8e","previousOperationId":"7w7mn5zny42dtvu"}
{"type":"operationEnd","operationId":"0oxmt3f0ajm1rm6","timestamp":1705608638948,"id":"r1chgnjhg6gf7vo","previousEventId":"mndvywy1t1tkjjf","previousOperationId":"7w7mn5zny42dtvu"}
{"type":"log","timestamp":1705608638948,"level":"debug","message":"Base url not specified, skipping its injection.","meta":{"rootId":"1gajkpc8x48hbzj","id":"1gajkpc8x48hbzj"},"id":"x4vr0su9aas3fzb","previousOperationId":"0oxmt3f0ajm1rm6"}
{"type":"operationStart","subtype":"engine","name":"handlebars","timestamp":1705608638949,"id":"5y2znf8voeryhav","previousEventId":"r1chgnjhg6gf7vo","operationId":"4ckzjoft4agtpv4","previousOperationId":"0oxmt3f0ajm1rm6"}
{"type":"log","timestamp":1705608638949,"level":"debug","message":"Rendering engine handlebars","meta":{"rootId":"1gajkpc8x48hbzj","id":"1gajkpc8x48hbzj"},"id":"6v72dveha1qywu2","previousOperationId":"4ckzjoft4agtpv4"}
{"type":"log","timestamp":1705608638987,"level":"debug","message":"(console:log) Pdf utils adding group field, value: \"Race1\"","meta":{"userLevel":true,"rootId":"1gajkpc8x48hbzj","id":"1gajkpc8x48hbzj"},"id":"mvd8v56bsjz20qi","previousOperationId":"4ckzjoft4agtpv4"}
{"type":"log","timestamp":1705608638987,"level":"debug","message":"(console:log) Pdf utils adding group field, value: \"Race2\"","meta":{"userLevel":true,"rootId":"1gajkpc8x48hbzj","id":"1gajkpc8x48hbzj"},"id":"kdu0gw0gt4cb39g","previousOperationId":"4ckzjoft4agtpv4"}
{"type":"operationEnd","operationId":"4ckzjoft4agtpv4","timestamp":1705608638988,"id":"i89jvl37hploxy4","previousEventId":"5y2znf8voeryhav","previousOperationId":"4ckzjoft4agtpv4"}
{"type":"operationStart","subtype":"recipe","name":"chrome-pdf","timestamp":1705608638988,"id":"30ys68ij6iyyry5","previousEventId":"i89jvl37hploxy4","operationId":"cauowigm0qbb45p","previousOperationId":"4ckzjoft4agtpv4"}
{"type":"log","timestamp":1705608638988,"level":"debug","message":"Executing recipe chrome-pdf","meta":{"rootId":"1gajkpc8x48hbzj","id":"1gajkpc8x48hbzj"},"id":"7fp2czvh3pmymqb","previousOperationId":"cauowigm0qbb45p"}
{"type":"log","timestamp":1705608638994,"level":"debug","message":"Converting with chrome HeadlessChrome/117.0.5938.149 using chrome-pool strategy","meta":{"rootId":"1gajkpc8x48hbzj","id":"1gajkpc8x48hbzj"},"id":"0pjhm8w8kb1vf4i","previousOperationId":"cauowigm0qbb45p"}
{"type":"log","timestamp":1705608639122,"level":"debug","message":"Page request: GET (document) file:///C:/Users/DANIEL~1/AppData/Local/Temp/jsreport/autocleanup/83ace220-d3f3-4fe1-bab5-39d4c6cd9d20-chrome-pdf.html","meta":{"rootId":"1gajkpc8x48hbzj","id":"1gajkpc8x48hbzj"},"id":"m3bn5hcst32m1qi","previousOperationId":"cauowigm0qbb45p"}
{"type":"log","timestamp":1705608639163,"level":"debug","message":"Page request: GET (stylesheet) https://cdnjs.cloudflare.com/ajax/libs/metro/4.1.5/css/metro.min.css","meta":{"rootId":"1gajkpc8x48hbzj","id":"1gajkpc8x48hbzj"},"id":"6tcfm7hzfo7bz2t","previousOperationId":"cauowigm0qbb45p"}
{"type":"log","timestamp":1705608639164,"level":"debug","message":"Page request: GET (script) https://cdn.jsdelivr.net/npm/chart.js","meta":{"rootId":"1gajkpc8x48hbzj","id":"1gajkpc8x48hbzj"},"id":"mnd59il7t9pzcy2","previousOperationId":"cauowigm0qbb45p"}
{"type":"log","timestamp":1705608639164,"level":"debug","message":"Page request finished: GET (document) 200 file:///C:/Users/DANIEL~1/AppData/Local/Temp/jsreport/autocleanup/83ace220-d3f3-4fe1-bab5-39d4c6cd9d20-chrome-pdf.html","meta":{"rootId":"1gajkpc8x48hbzj","id":"1gajkpc8x48hbzj"},"id":"326zmzy2mj0lrkw","previousOperationId":"cauowigm0qbb45p"}
{"type":"log","timestamp":1705608639175,"level":"debug","message":"Page request finished: GET (script) 200 https://cdn.jsdelivr.net/npm/chart.js","meta":{"rootId":"1gajkpc8x48hbzj","id":"1gajkpc8x48hbzj"},"id":"68269qaqf8q9p6m","previousOperationId":"cauowigm0qbb45p"}
{"type":"log","timestamp":1705608639196,"level":"debug","message":"Page request finished: GET (stylesheet) 200 https://cdnjs.cloudflare.com/ajax/libs/metro/4.1.5/css/metro.min.css","meta":{"rootId":"1gajkpc8x48hbzj","id":"1gajkpc8x48hbzj"},"id":"bvsk95phzk1k3dm","previousOperationId":"cauowigm0qbb45p"}
{"type":"log","timestamp":1705608639203,"level":"warn","message":"Page error: \"undefined\" is not valid JSON\nJSON.parse (<anonymous>) , stack: SyntaxError: \"undefined\" is not valid JSON\nJSON.parse (<anonymous>)\n    at <anonymous> (file:///C:/Users/DANIEL~1/AppData/Local/Temp/jsreport/autocleanup/83ace220-d3f3-4fe1-bab5-39d4c6cd9d20-chrome-pdf.html:16:31)","meta":{"rootId":"1gajkpc8x48hbzj","id":"1gajkpc8x48hbzj"},"id":"8dwntif3af3qcak","previousOperationId":"cauowigm0qbb45p"}
{"type":"log","timestamp":1705608639237,"level":"debug","message":"Running chrome with params {\"printBackground\":true,\"marginTop\":\"4cm\",\"marginRight\":\"1.5cm\",\"marginBottom\":\"1.5cm\",\"marginLeft\":\"1.5cm\",\"waitForJS\":false,\"timeout\":59854,\"margin\":{\"top\":\"4cm\",\"right\":\"1.5cm\",\"bottom\":\"1.5cm\",\"left\":\"1.5cm\"}}","meta":{"rootId":"1gajkpc8x48hbzj","id":"1gajkpc8x48hbzj"},"id":"29vwgq911cbm4y2","previousOperationId":"cauowigm0qbb45p"}
{"type":"operationEnd","operationId":"cauowigm0qbb45p","timestamp":1705608639327,"id":"of5k0aytr8vosex","previousEventId":"30ys68ij6iyyry5","previousOperationId":"cauowigm0qbb45p"}
{"type":"log","timestamp":1705608639327,"level":"info","message":"pdf-utils is starting pdf processing","meta":{"rootId":"1gajkpc8x48hbzj","id":"1gajkpc8x48hbzj"},"id":"wybysnxyi9iob2k","previousOperationId":"cauowigm0qbb45p"}
{"type":"operationStart","subtype":"pdfUtils","name":"pdf utils","timestamp":1705608639327,"id":"ufqm4zqkzsjqclb","previousEventId":"of5k0aytr8vosex","operationId":"z34tz9mgxb7adpw","previousOperationId":"cauowigm0qbb45p"}
{"type":"log","timestamp":1705608639327,"level":"debug","message":"pdf-utils detected 1 pdf operation(s) to process","meta":{"rootId":"1gajkpc8x48hbzj","id":"1gajkpc8x48hbzj"},"id":"n2f4cfab2ulyc6o","previousOperationId":"z34tz9mgxb7adpw"}
{"type":"log","timestamp":1705608639352,"level":"debug","message":"pdf-utils running pdf operation merge","meta":{"rootId":"1gajkpc8x48hbzj","id":"1gajkpc8x48hbzj"},"id":"xaa4trhnn0pe3fa","previousOperationId":"z34tz9mgxb7adpw"}
{"type":"operationStart","subtype":"pdfUtilsMerge","name":"pdf utils merge","previousOperationId":"z34tz9mgxb7adpw","timestamp":1705608639352,"id":"ba70hyexxrh7nwf","previousEventId":"ufqm4zqkzsjqclb","operationId":"gxt8mavf676ptvc"}
{"type":"operationStart","subtype":"render","name":"orders-header","previousOperationId":"gxt8mavf676ptvc","timestamp":1705608639354,"id":"xz03br45e6uqxhi","previousEventId":"ba70hyexxrh7nwf","operationId":"imaub6shmcojsuk"}
{"type":"log","timestamp":1705608639354,"level":"info","message":"Starting rendering (child) request","meta":{"rootId":"1gajkpc8x48hbzj","id":"zzfhxcgh7s283h9"},"id":"0ulkftfc62eti2x","previousOperationId":"imaub6shmcojsuk"}
{"type":"log","timestamp":1705608639354,"level":"info","message":"Rendering template { name: orders-header, recipe: chrome-pdf, engine: handlebars, preview: true }","meta":{"rootId":"1gajkpc8x48hbzj","id":"zzfhxcgh7s283h9"},"id":"b6zerc8u93y06vh","previousOperationId":"imaub6shmcojsuk"}
{"type":"log","timestamp":1705608639368,"level":"debug","message":"Inline data specified.","meta":{"rootId":"1gajkpc8x48hbzj","id":"zzfhxcgh7s283h9"},"id":"lv64xfi8v6a2nqs","previousOperationId":"imaub6shmcojsuk"}
{"type":"log","timestamp":1705608639374,"level":"debug","message":"Base url not specified, skipping its injection.","meta":{"rootId":"1gajkpc8x48hbzj","id":"zzfhxcgh7s283h9"},"id":"xhc4xvt7083qwd3","previousOperationId":"imaub6shmcojsuk"}
{"type":"operationStart","subtype":"engine","name":"handlebars","timestamp":1705608639376,"id":"50lqujyqqldcojc","previousEventId":"xz03br45e6uqxhi","operationId":"3twajvfurykz0ps","previousOperationId":"imaub6shmcojsuk"}
{"type":"log","timestamp":1705608639376,"level":"debug","message":"Rendering engine handlebars","meta":{"rootId":"1gajkpc8x48hbzj","id":"zzfhxcgh7s283h9"},"id":"uonymoycifhvdjq","previousOperationId":"3twajvfurykz0ps"}
{"type":"operationEnd","operationId":"3twajvfurykz0ps","timestamp":1705608639402,"id":"4ydc2kwesypz57w","previousEventId":"50lqujyqqldcojc","previousOperationId":"3twajvfurykz0ps"}
{"type":"operationStart","subtype":"recipe","name":"chrome-pdf","timestamp":1705608639403,"id":"0q1zxdzwu8g930e","previousEventId":"4ydc2kwesypz57w","operationId":"fvrd5nivt63fkz6","previousOperationId":"3twajvfurykz0ps"}
{"type":"log","timestamp":1705608639403,"level":"debug","message":"Executing recipe chrome-pdf","meta":{"rootId":"1gajkpc8x48hbzj","id":"zzfhxcgh7s283h9"},"id":"dam81snmdpntvvc","previousOperationId":"fvrd5nivt63fkz6"}
{"type":"log","timestamp":1705608639408,"level":"debug","message":"Converting with chrome HeadlessChrome/117.0.5938.149 using chrome-pool strategy","meta":{"rootId":"1gajkpc8x48hbzj","id":"zzfhxcgh7s283h9"},"id":"owf45yruochkfgm","previousOperationId":"fvrd5nivt63fkz6"}
{"type":"log","timestamp":1705608639538,"level":"debug","message":"Page request: GET (document) file:///C:/Users/DANIEL~1/AppData/Local/Temp/jsreport/autocleanup/46878bd8-d472-4783-a200-c50428c46463-chrome-pdf.html","meta":{"rootId":"1gajkpc8x48hbzj","id":"zzfhxcgh7s283h9"},"id":"xyslkbuq09cr93i","previousOperationId":"fvrd5nivt63fkz6"}
{"type":"log","timestamp":1705608639553,"level":"debug","message":"Page request: GET (stylesheet) https://cdnjs.cloudflare.com/ajax/libs/metro/4.1.5/css/metro.min.css","meta":{"rootId":"1gajkpc8x48hbzj","id":"zzfhxcgh7s283h9"},"id":"giw104wuhx43ven","previousOperationId":"fvrd5nivt63fkz6"}
{"type":"log","timestamp":1705608639554,"level":"debug","message":"Page request finished: GET (document) 200 file:///C:/Users/DANIEL~1/AppData/Local/Temp/jsreport/autocleanup/46878bd8-d472-4783-a200-c50428c46463-chrome-pdf.html","meta":{"rootId":"1gajkpc8x48hbzj","id":"zzfhxcgh7s283h9"},"id":"5uxma33hcckb21d","previousOperationId":"fvrd5nivt63fkz6"}
{"type":"log","timestamp":1705608639579,"level":"debug","message":"Page request finished: GET (stylesheet) 200 https://cdnjs.cloudflare.com/ajax/libs/metro/4.1.5/css/metro.min.css","meta":{"rootId":"1gajkpc8x48hbzj","id":"zzfhxcgh7s283h9"},"id":"jke1kkzeqvfz3i7","previousOperationId":"fvrd5nivt63fkz6"}
{"type":"log","timestamp":1705608639603,"level":"debug","message":"Running chrome with params {\"printBackground\":true,\"marginTop\":\"1.5cm\",\"marginRight\":\"1.5cm\",\"marginLeft\":\"1.cm\",\"timeout\":59440,\"margin\":{\"top\":\"1.5cm\",\"right\":\"1.5cm\",\"left\":\"1.cm\"}}","meta":{"rootId":"1gajkpc8x48hbzj","id":"zzfhxcgh7s283h9"},"id":"poweaba0iriede7","previousOperationId":"fvrd5nivt63fkz6"}
{"type":"operationEnd","operationId":"fvrd5nivt63fkz6","timestamp":1705608639652,"id":"2ggizuroav903p2","previousEventId":"0q1zxdzwu8g930e","previousOperationId":"fvrd5nivt63fkz6"}
{"type":"log","timestamp":1705608639652,"level":"debug","message":"Skipping storing report.","meta":{"rootId":"1gajkpc8x48hbzj","id":"zzfhxcgh7s283h9"},"id":"fkl517flw0pgeu6","previousOperationId":"fvrd5nivt63fkz6"}
{"type":"log","timestamp":1705608639652,"level":"info","message":"Rendering (child) request finished in 806 ms","meta":{"rootId":"1gajkpc8x48hbzj","id":"zzfhxcgh7s283h9"},"id":"lpmhvdxuajcue0s","previousOperationId":"fvrd5nivt63fkz6"}
{"type":"operationEnd","subtype":"render","operationId":"imaub6shmcojsuk","timestamp":1705608639652,"id":"9x74fbxrmnc6kw9","previousEventId":"2ggizuroav903p2","previousOperationId":"fvrd5nivt63fkz6"}
{"type":"operationEnd","operationId":"gxt8mavf676ptvc","timestamp":1705608639671,"id":"zdc7x1hgk6hpvbk","previousEventId":"ba70hyexxrh7nwf","previousOperationId":"gxt8mavf676ptvc"}
{"type":"log","timestamp":1705608639671,"level":"debug","message":"pdf-utils postproces start","meta":{"rootId":"1gajkpc8x48hbzj","id":"1gajkpc8x48hbzj"},"id":"vn5jz7ogaxs7eui","previousOperationId":"gxt8mavf676ptvc"}
{"type":"log","timestamp":1705608639688,"level":"debug","message":"pdf-utils postproces end","meta":{"rootId":"1gajkpc8x48hbzj","id":"1gajkpc8x48hbzj"},"id":"yzgaq3agcyq7u74","previousOperationId":"gxt8mavf676ptvc"}
{"type":"operationEnd","operationId":"z34tz9mgxb7adpw","timestamp":1705608639688,"id":"z5npbat74l53jht","previousEventId":"zdc7x1hgk6hpvbk","previousOperationId":"gxt8mavf676ptvc"}
{"type":"log","timestamp":1705608639688,"level":"info","message":"pdf-utils pdf processing was finished","meta":{"rootId":"1gajkpc8x48hbzj","id":"1gajkpc8x48hbzj"},"id":"7v95c6pajwj37aa","previousOperationId":"z34tz9mgxb7adpw"}
{"type":"log","timestamp":1705608639688,"level":"debug","message":"Skipping storing report.","meta":{"rootId":"1gajkpc8x48hbzj","id":"1gajkpc8x48hbzj"},"id":"tbi9mf7giahaehm","previousOperationId":"z34tz9mgxb7adpw"}
{"type":"log","timestamp":1705608639689,"level":"info","message":"Rendering request 7 finished in 843 ms","meta":{"rootId":"1gajkpc8x48hbzj","id":"1gajkpc8x48hbzj"},"id":"3tyvwrsggigtltk","previousOperationId":"z34tz9mgxb7adpw"}
{"type":"operationEnd","subtype":"render","operationId":"7w7mn5zny42dtvu","timestamp":1705608639689,"id":"vtinht0zcaalhb1","previousEventId":"z5npbat74l53jht","previousOperationId":"z34tz9mgxb7adpw"}
{"type":"operationEnd","doDiffs":false,"previousEventId":"ffg8da13na6p4ej","previousOperationId":"n37bmlzum1a79p8","operationId":"n37bmlzum1a79p8","timestamp":1705608639719,"id":"rv2c9g1j28ruxlg"}
