{"type":"operationStart","subtype":"profile","data":{"_id":"iUyivnL2o7ALAmGX","timestamp":"2024-01-18T17:01:05.799Z","state":"queued","mode":"standard","creationDate":"2024-01-18T17:01:05.801Z","modificationDate":"2024-01-18T17:01:05.801Z","shortid":"a3n86Mo","$entitySet":"profiles"},"doDiffs":false,"timestamp":1705597265800,"id":"r43plno1611z4mi","previousOperationId":null,"operationId":"sdalrh6q6n2bioj"}
{"type":"log","level":"info","message":"Render request 5 queued for execution and waiting for available worker","previousOperationId":"sdalrh6q6n2bioj","timestamp":1705597265800,"id":"i7aqrl4akr48m8o"}
{"type":"operationStart","subtype":"render","name":"orders-main","previousOperationId":"sdalrh6q6n2bioj","timestamp":1705597265807,"id":"hc1ibhqwaqh7wkm","previousEventId":"r43plno1611z4mi","operationId":"s1w93ma1htxiszu"}
{"type":"log","timestamp":1705597265807,"level":"info","message":"Starting rendering request 5","meta":{"rootId":"23g7x5buqh32yen","id":"23g7x5buqh32yen"},"id":"4xfaua7o2cdmmjk","previousOperationId":"s1w93ma1htxiszu"}
{"type":"log","timestamp":1705597265807,"level":"info","message":"Rendering template { name: orders-main, recipe: chrome-pdf, engine: handlebars, preview: true }","meta":{"rootId":"23g7x5buqh32yen","id":"23g7x5buqh32yen"},"id":"0uq1twwksu6jraq","previousOperationId":"s1w93ma1htxiszu"}
{"type":"log","timestamp":1705597265808,"level":"debug","message":"Data item not defined for this template.","meta":{"rootId":"23g7x5buqh32yen","id":"23g7x5buqh32yen"},"id":"sx3gvx8rxtlcqcf","previousOperationId":"s1w93ma1htxiszu"}
{"type":"log","timestamp":1705597265809,"level":"debug","message":"Executing script orders-script (beforeRender)","meta":{"rootId":"23g7x5buqh32yen","id":"23g7x5buqh32yen"},"id":"neo9wtc6f4nih7k","previousOperationId":"s1w93ma1htxiszu"}
{"type":"operationStart","subtype":"scriptsBeforeRender","name":"scripts beforeRender","timestamp":1705597265824,"id":"63aq6v48sm9fl35","previousEventId":"hc1ibhqwaqh7wkm","operationId":"ygpzeaiq9xvv37k","previousOperationId":"s1w93ma1htxiszu"}
{"type":"operationStart","subtype":"script","name":"scripts orders-script","previousOperationId":"ygpzeaiq9xvv37k","timestamp":1705597265824,"id":"4g7njnhuz6bjba1","previousEventId":"63aq6v48sm9fl35","operationId":"2o8dq8462ie0a7r"}
{"type":"log","timestamp":1705597265832,"level":"debug","message":"(console:log) [\"Race1\",\"Race2\"]","meta":{"userLevel":true,"rootId":"23g7x5buqh32yen","id":"23g7x5buqh32yen"},"id":"1z9nj19ev7itzc3","previousOperationId":"2o8dq8462ie0a7r"}
{"type":"log","timestamp":1705597265832,"level":"debug","message":"(console:log) [2,1]","meta":{"userLevel":true,"rootId":"23g7x5buqh32yen","id":"23g7x5buqh32yen"},"id":"x7apjytjgpgp5ji","previousOperationId":"2o8dq8462ie0a7r"}
{"type":"operationEnd","operationId":"2o8dq8462ie0a7r","timestamp":1705597265832,"id":"k4lq66hy2wcc4fo","previousEventId":"hc1ibhqwaqh7wkm","previousOperationId":"s1w93ma1htxiszu"}
{"type":"operationEnd","operationId":"ygpzeaiq9xvv37k","timestamp":1705597265832,"id":"4569vgfaf0l5q82","previousEventId":"k4lq66hy2wcc4fo","previousOperationId":"s1w93ma1htxiszu"}
{"type":"log","timestamp":1705597265832,"level":"debug","message":"Base url not specified, skipping its injection.","meta":{"rootId":"23g7x5buqh32yen","id":"23g7x5buqh32yen"},"id":"8pfpnshubzp5agn","previousOperationId":"ygpzeaiq9xvv37k"}
{"type":"operationStart","subtype":"engine","name":"handlebars","timestamp":1705597265832,"id":"sa3qx48p5ggb2gp","previousEventId":"4569vgfaf0l5q82","operationId":"95zaxee07aqyfha","previousOperationId":"ygpzeaiq9xvv37k"}
{"type":"log","timestamp":1705597265833,"level":"debug","message":"Rendering engine handlebars","meta":{"rootId":"23g7x5buqh32yen","id":"23g7x5buqh32yen"},"id":"z96cnnbojkv0agg","previousOperationId":"95zaxee07aqyfha"}
{"type":"log","timestamp":1705597265847,"level":"debug","message":"(console:log) Pdf utils adding group field, value: \"Race1\"","meta":{"userLevel":true,"rootId":"23g7x5buqh32yen","id":"23g7x5buqh32yen"},"id":"ajf8sskcbquax81","previousOperationId":"95zaxee07aqyfha"}
{"type":"log","timestamp":1705597265847,"level":"debug","message":"(console:log) Pdf utils adding group field, value: \"Race2\"","meta":{"userLevel":true,"rootId":"23g7x5buqh32yen","id":"23g7x5buqh32yen"},"id":"981rrr8onrq6c0m","previousOperationId":"95zaxee07aqyfha"}
{"type":"operationEnd","operationId":"95zaxee07aqyfha","timestamp":1705597265847,"id":"uofxsxzqnpx16nd","previousEventId":"sa3qx48p5ggb2gp","previousOperationId":"95zaxee07aqyfha"}
{"type":"operationStart","subtype":"recipe","name":"chrome-pdf","timestamp":1705597265847,"id":"njoe1hjc1f8hmib","previousEventId":"uofxsxzqnpx16nd","operationId":"xwdyne302qxjqh4","previousOperationId":"95zaxee07aqyfha"}
{"type":"log","timestamp":1705597265847,"level":"debug","message":"Executing recipe chrome-pdf","meta":{"rootId":"23g7x5buqh32yen","id":"23g7x5buqh32yen"},"id":"3f18b9c4529y9eh","previousOperationId":"xwdyne302qxjqh4"}
{"type":"log","timestamp":1705597265849,"level":"debug","message":"Converting with chrome HeadlessChrome/117.0.5938.149 using chrome-pool strategy","meta":{"rootId":"23g7x5buqh32yen","id":"23g7x5buqh32yen"},"id":"myxbimvkg5w06mm","previousOperationId":"xwdyne302qxjqh4"}
{"type":"log","timestamp":1705597265922,"level":"debug","message":"Page request: GET (document) file:///C:/Users/DANIEL~1/AppData/Local/Temp/jsreport/autocleanup/0768e94c-0bad-4300-8a1f-d5bb4358d294-chrome-pdf.html","meta":{"rootId":"23g7x5buqh32yen","id":"23g7x5buqh32yen"},"id":"t7q3qls8uh1axdu","previousOperationId":"xwdyne302qxjqh4"}
{"type":"log","timestamp":1705597265951,"level":"debug","message":"Page request: GET (stylesheet) https://cdnjs.cloudflare.com/ajax/libs/metro/4.1.5/css/metro.min.css","meta":{"rootId":"23g7x5buqh32yen","id":"23g7x5buqh32yen"},"id":"ey4bhxt22x00z28","previousOperationId":"xwdyne302qxjqh4"}
{"type":"log","timestamp":1705597265952,"level":"debug","message":"Page request: GET (script) https://cdnjs.cloudflare.com/ajax/libs/Chart.js/2.9.4/Chart.js","meta":{"rootId":"23g7x5buqh32yen","id":"23g7x5buqh32yen"},"id":"xk0ao30kq446y9x","previousOperationId":"xwdyne302qxjqh4"}
{"type":"log","timestamp":1705597265952,"level":"debug","message":"Page request finished: GET (document) 200 file:///C:/Users/DANIEL~1/AppData/Local/Temp/jsreport/autocleanup/0768e94c-0bad-4300-8a1f-d5bb4358d294-chrome-pdf.html","meta":{"rootId":"23g7x5buqh32yen","id":"23g7x5buqh32yen"},"id":"w3wr3bh9g52qm2i","previousOperationId":"xwdyne302qxjqh4"}
{"type":"log","timestamp":1705597265957,"level":"debug","message":"Page request finished: GET (script) 200 https://cdnjs.cloudflare.com/ajax/libs/Chart.js/2.9.4/Chart.js","meta":{"rootId":"23g7x5buqh32yen","id":"23g7x5buqh32yen"},"id":"dg4d4ljez02innl","previousOperationId":"xwdyne302qxjqh4"}
{"type":"log","timestamp":1705597265966,"level":"debug","message":"Page request finished: GET (stylesheet) 200 https://cdnjs.cloudflare.com/ajax/libs/metro/4.1.5/css/metro.min.css","meta":{"rootId":"23g7x5buqh32yen","id":"23g7x5buqh32yen"},"id":"ud7vgbpxrv6440p","previousOperationId":"xwdyne302qxjqh4"}
{"type":"log","timestamp":1705597265970,"level":"warn","message":"Page error: Unexpected token '&' , stack: SyntaxError: Unexpected token '&'","meta":{"rootId":"23g7x5buqh32yen","id":"23g7x5buqh32yen"},"id":"c4cio3jauqswkon","previousOperationId":"xwdyne302qxjqh4"}
{"type":"log","timestamp":1705597265991,"level":"debug","message":"Running chrome with params {\"printBackground\":true,\"marginTop\":\"4cm\",\"marginRight\":\"1.5cm\",\"marginBottom\":\"1.5cm\",\"marginLeft\":\"1.5cm\",\"waitForJS\":false,\"timeout\":59951,\"margin\":{\"top\":\"4cm\",\"right\":\"1.5cm\",\"bottom\":\"1.5cm\",\"left\":\"1.5cm\"}}","meta":{"rootId":"23g7x5buqh32yen","id":"23g7x5buqh32yen"},"id":"xwjnxgscd6hkmtj","previousOperationId":"xwdyne302qxjqh4"}
{"type":"operationEnd","operationId":"xwdyne302qxjqh4","timestamp":1705597266045,"id":"fh0pkdbxs7cvy14","previousEventId":"njoe1hjc1f8hmib","previousOperationId":"xwdyne302qxjqh4"}
{"type":"log","timestamp":1705597266045,"level":"info","message":"pdf-utils is starting pdf processing","meta":{"rootId":"23g7x5buqh32yen","id":"23g7x5buqh32yen"},"id":"k3lzr6dq412urtc","previousOperationId":"xwdyne302qxjqh4"}
{"type":"operationStart","subtype":"pdfUtils","name":"pdf utils","timestamp":1705597266045,"id":"k09zntf0mrf7mem","previousEventId":"fh0pkdbxs7cvy14","operationId":"ognsf9z0oaxnhry","previousOperationId":"xwdyne302qxjqh4"}
{"type":"log","timestamp":1705597266045,"level":"debug","message":"pdf-utils detected 1 pdf operation(s) to process","meta":{"rootId":"23g7x5buqh32yen","id":"23g7x5buqh32yen"},"id":"baetdhws8d3qs8q","previousOperationId":"ognsf9z0oaxnhry"}
{"type":"log","timestamp":1705597266056,"level":"debug","message":"pdf-utils running pdf operation merge","meta":{"rootId":"23g7x5buqh32yen","id":"23g7x5buqh32yen"},"id":"en2aesllo4negx6","previousOperationId":"ognsf9z0oaxnhry"}
{"type":"operationStart","subtype":"pdfUtilsMerge","name":"pdf utils merge","previousOperationId":"ognsf9z0oaxnhry","timestamp":1705597266056,"id":"975wibm1paephjx","previousEventId":"k09zntf0mrf7mem","operationId":"7agfsskayby70q6"}
{"type":"operationStart","subtype":"render","name":"orders-header","previousOperationId":"7agfsskayby70q6","timestamp":1705597266058,"id":"a16wj99vwbaj3np","previousEventId":"975wibm1paephjx","operationId":"e5ezlbtq517eqjv"}
{"type":"log","timestamp":1705597266058,"level":"info","message":"Starting rendering (child) request","meta":{"rootId":"23g7x5buqh32yen","id":"xd2ledmtxp97q3h"},"id":"yrin1sxis2tff9b","previousOperationId":"e5ezlbtq517eqjv"}
{"type":"log","timestamp":1705597266058,"level":"info","message":"Rendering template { name: orders-header, recipe: chrome-pdf, engine: handlebars, preview: true }","meta":{"rootId":"23g7x5buqh32yen","id":"xd2ledmtxp97q3h"},"id":"ne5kyh3xn5i6yne","previousOperationId":"e5ezlbtq517eqjv"}
{"type":"log","timestamp":1705597266058,"level":"debug","message":"Inline data specified.","meta":{"rootId":"23g7x5buqh32yen","id":"xd2ledmtxp97q3h"},"id":"1c7lxokfnw1m5fd","previousOperationId":"e5ezlbtq517eqjv"}
{"type":"log","timestamp":1705597266060,"level":"debug","message":"Base url not specified, skipping its injection.","meta":{"rootId":"23g7x5buqh32yen","id":"xd2ledmtxp97q3h"},"id":"oznzkuyskcufku2","previousOperationId":"e5ezlbtq517eqjv"}
{"type":"operationStart","subtype":"engine","name":"handlebars","timestamp":1705597266060,"id":"o1xrd9mogkb24y1","previousEventId":"a16wj99vwbaj3np","operationId":"7pngugibirx2li7","previousOperationId":"e5ezlbtq517eqjv"}
{"type":"log","timestamp":1705597266060,"level":"debug","message":"Rendering engine handlebars","meta":{"rootId":"23g7x5buqh32yen","id":"xd2ledmtxp97q3h"},"id":"7islyafk9xapzsv","previousOperationId":"7pngugibirx2li7"}
{"type":"operationEnd","operationId":"7pngugibirx2li7","timestamp":1705597266070,"id":"597qvdhts9571lz","previousEventId":"o1xrd9mogkb24y1","previousOperationId":"7pngugibirx2li7"}
{"type":"operationStart","subtype":"recipe","name":"chrome-pdf","timestamp":1705597266071,"id":"fvxqm8f3dz9b9mg","previousEventId":"597qvdhts9571lz","operationId":"sl1ujjnywm3ogei","previousOperationId":"7pngugibirx2li7"}
{"type":"log","timestamp":1705597266071,"level":"debug","message":"Executing recipe chrome-pdf","meta":{"rootId":"23g7x5buqh32yen","id":"xd2ledmtxp97q3h"},"id":"pti6noe21q4jiuj","previousOperationId":"sl1ujjnywm3ogei"}
{"type":"log","timestamp":1705597266072,"level":"debug","message":"Converting with chrome HeadlessChrome/117.0.5938.149 using chrome-pool strategy","meta":{"rootId":"23g7x5buqh32yen","id":"xd2ledmtxp97q3h"},"id":"a04kerav3xca77m","previousOperationId":"sl1ujjnywm3ogei"}
{"type":"log","timestamp":1705597266134,"level":"debug","message":"Page request: GET (document) file:///C:/Users/DANIEL~1/AppData/Local/Temp/jsreport/autocleanup/fdace079-b53d-4854-be80-8ecf77baea2d-chrome-pdf.html","meta":{"rootId":"23g7x5buqh32yen","id":"xd2ledmtxp97q3h"},"id":"i3twcbhogfyq92j","previousOperationId":"sl1ujjnywm3ogei"}
{"type":"log","timestamp":1705597266142,"level":"debug","message":"Page request: GET (stylesheet) https://cdnjs.cloudflare.com/ajax/libs/metro/4.1.5/css/metro.min.css","meta":{"rootId":"23g7x5buqh32yen","id":"xd2ledmtxp97q3h"},"id":"58k0xn7f4ehx7k9","previousOperationId":"sl1ujjnywm3ogei"}
{"type":"log","timestamp":1705597266143,"level":"debug","message":"Page request finished: GET (document) 200 file:///C:/Users/DANIEL~1/AppData/Local/Temp/jsreport/autocleanup/fdace079-b53d-4854-be80-8ecf77baea2d-chrome-pdf.html","meta":{"rootId":"23g7x5buqh32yen","id":"xd2ledmtxp97q3h"},"id":"f6d64z9ok0rhh94","previousOperationId":"sl1ujjnywm3ogei"}
{"type":"log","timestamp":1705597266154,"level":"debug","message":"Page request finished: GET (stylesheet) 200 https://cdnjs.cloudflare.com/ajax/libs/metro/4.1.5/css/metro.min.css","meta":{"rootId":"23g7x5buqh32yen","id":"xd2ledmtxp97q3h"},"id":"hz801t50j83smho","previousOperationId":"sl1ujjnywm3ogei"}
{"type":"log","timestamp":1705597266166,"level":"debug","message":"Running chrome with params {\"printBackground\":true,\"marginTop\":\"1.5cm\",\"marginRight\":\"1.5cm\",\"marginLeft\":\"1.cm\",\"timeout\":59727,\"margin\":{\"top\":\"1.5cm\",\"right\":\"1.5cm\",\"left\":\"1.cm\"}}","meta":{"rootId":"23g7x5buqh32yen","id":"xd2ledmtxp97q3h"},"id":"iu7y6vshffoibhq","previousOperationId":"sl1ujjnywm3ogei"}
{"type":"operationEnd","operationId":"sl1ujjnywm3ogei","timestamp":1705597266193,"id":"ct9jriuajsp8r1p","previousEventId":"fvxqm8f3dz9b9mg","previousOperationId":"sl1ujjnywm3ogei"}
{"type":"log","timestamp":1705597266193,"level":"debug","message":"Skipping storing report.","meta":{"rootId":"23g7x5buqh32yen","id":"xd2ledmtxp97q3h"},"id":"mep5foh9o2ndduh","previousOperationId":"sl1ujjnywm3ogei"}
{"type":"log","timestamp":1705597266193,"level":"info","message":"Rendering (child) request finished in 394 ms","meta":{"rootId":"23g7x5buqh32yen","id":"xd2ledmtxp97q3h"},"id":"ckuuyk23bxyqzns","previousOperationId":"sl1ujjnywm3ogei"}
{"type":"operationEnd","subtype":"render","operationId":"e5ezlbtq517eqjv","timestamp":1705597266193,"id":"d9qbv00wphla42z","previousEventId":"ct9jriuajsp8r1p","previousOperationId":"sl1ujjnywm3ogei"}
{"type":"operationEnd","operationId":"7agfsskayby70q6","timestamp":1705597266201,"id":"1rjmb4hwgrj59nl","previousEventId":"975wibm1paephjx","previousOperationId":"7agfsskayby70q6"}
{"type":"log","timestamp":1705597266201,"level":"debug","message":"pdf-utils postproces start","meta":{"rootId":"23g7x5buqh32yen","id":"23g7x5buqh32yen"},"id":"2qlmgpy4a4jp6g1","previousOperationId":"7agfsskayby70q6"}
{"type":"log","timestamp":1705597266209,"level":"debug","message":"pdf-utils postproces end","meta":{"rootId":"23g7x5buqh32yen","id":"23g7x5buqh32yen"},"id":"grs7mphm4f6wjaq","previousOperationId":"7agfsskayby70q6"}
{"type":"operationEnd","operationId":"ognsf9z0oaxnhry","timestamp":1705597266209,"id":"bljsorn7wezoxob","previousEventId":"1rjmb4hwgrj59nl","previousOperationId":"7agfsskayby70q6"}
{"type":"log","timestamp":1705597266209,"level":"info","message":"pdf-utils pdf processing was finished","meta":{"rootId":"23g7x5buqh32yen","id":"23g7x5buqh32yen"},"id":"392u0m81615qb3x","previousOperationId":"ognsf9z0oaxnhry"}
{"type":"log","timestamp":1705597266209,"level":"debug","message":"Skipping storing report.","meta":{"rootId":"23g7x5buqh32yen","id":"23g7x5buqh32yen"},"id":"wmubpers93kj4o8","previousOperationId":"ognsf9z0oaxnhry"}
{"type":"log","timestamp":1705597266209,"level":"info","message":"Rendering request 5 finished in 410 ms","meta":{"rootId":"23g7x5buqh32yen","id":"23g7x5buqh32yen"},"id":"0xqkzdbthk4yemm","previousOperationId":"ognsf9z0oaxnhry"}
{"type":"operationEnd","subtype":"render","operationId":"s1w93ma1htxiszu","timestamp":1705597266209,"id":"r8fc4h2qth3ssnc","previousEventId":"bljsorn7wezoxob","previousOperationId":"ognsf9z0oaxnhry"}
{"type":"operationEnd","doDiffs":false,"previousEventId":"r43plno1611z4mi","previousOperationId":"sdalrh6q6n2bioj","operationId":"sdalrh6q6n2bioj","timestamp":1705597266220,"id":"hrl710f9f5z2x0w"}
