{"type":"operationStart","subtype":"profile","data":{"_id":"Meg2H8lKACb9eX75","timestamp":"2024-02-19T16:41:38.890Z","state":"queued","mode":"standard","creationDate":"2024-02-19T16:41:38.892Z","modificationDate":"2024-02-19T16:41:38.892Z","shortid":"H7PPh2W","$entitySet":"profiles"},"doDiffs":false,"timestamp":1708360898891,"id":"whktvabzs8w8fi3","previousOperationId":null,"operationId":"sd40d8jlnlhlkud"}
{"type":"log","level":"info","message":"Render request 39 queued for execution and waiting for available worker","previousOperationId":"sd40d8jlnlhlkud","timestamp":1708360898891,"id":"ljjwiyj4qxnsfae"}
{"type":"operationStart","subtype":"render","name":"orders-main","previousOperationId":"sd40d8jlnlhlkud","timestamp":1708360898905,"id":"hl7w0pilrbkevmq","previousEventId":"whktvabzs8w8fi3","operationId":"4rwiehgdpcx79e9"}
{"type":"log","timestamp":1708360898906,"level":"info","message":"Starting rendering request 39","meta":{"rootId":"2a1ulkes9y3oftq","id":"2a1ulkes9y3oftq"},"id":"dnxz664e1ydgibi","previousOperationId":"4rwiehgdpcx79e9"}
{"type":"log","timestamp":1708360898907,"level":"info","message":"Rendering template { name: orders-main, recipe: chrome-pdf, engine: handlebars, preview: true }","meta":{"rootId":"2a1ulkes9y3oftq","id":"2a1ulkes9y3oftq"},"id":"0fw442u6pjqio3f","previousOperationId":"4rwiehgdpcx79e9"}
{"type":"log","timestamp":1708360898909,"level":"debug","message":"Data item not defined for this template.","meta":{"rootId":"2a1ulkes9y3oftq","id":"2a1ulkes9y3oftq"},"id":"092pt0arzszopao","previousOperationId":"4rwiehgdpcx79e9"}
{"type":"log","timestamp":1708360898912,"level":"debug","message":"Executing script orders-script (beforeRender)","meta":{"rootId":"2a1ulkes9y3oftq","id":"2a1ulkes9y3oftq"},"id":"sriu2ycq1wc0ol3","previousOperationId":"4rwiehgdpcx79e9"}
{"type":"operationStart","subtype":"scriptsBeforeRender","name":"scripts beforeRender","timestamp":1708360899020,"id":"g38pc3zbvgmijex","previousEventId":"hl7w0pilrbkevmq","operationId":"1spa4w3p9w5b9cg","previousOperationId":"4rwiehgdpcx79e9"}
{"type":"operationStart","subtype":"script","name":"scripts orders-script","previousOperationId":"1spa4w3p9w5b9cg","timestamp":1708360899020,"id":"bpd9f57s6sntiqc","previousEventId":"g38pc3zbvgmijex","operationId":"nv938dpm8zu29tk"}
{"type":"log","timestamp":1708360899056,"level":"debug","message":"(console:log) [ 'ola' ]","meta":{"userLevel":true,"rootId":"2a1ulkes9y3oftq","id":"2a1ulkes9y3oftq"},"id":"4miclqkgfbsmtpe","previousOperationId":"nv938dpm8zu29tk"}
{"type":"log","timestamp":1708360899056,"level":"debug","message":"(console:log) [ 1 ]","meta":{"userLevel":true,"rootId":"2a1ulkes9y3oftq","id":"2a1ulkes9y3oftq"},"id":"8h8x95twzxsdqvx","previousOperationId":"nv938dpm8zu29tk"}
{"type":"operationEnd","operationId":"nv938dpm8zu29tk","timestamp":1708360899056,"id":"4pdruhx018tg07a","previousEventId":"hl7w0pilrbkevmq","previousOperationId":"4rwiehgdpcx79e9"}
{"type":"operationEnd","operationId":"1spa4w3p9w5b9cg","timestamp":1708360899056,"id":"p5vryy83aq3441o","previousEventId":"4pdruhx018tg07a","previousOperationId":"4rwiehgdpcx79e9"}
{"type":"log","timestamp":1708360899056,"level":"debug","message":"Base url not specified, skipping its injection.","meta":{"rootId":"2a1ulkes9y3oftq","id":"2a1ulkes9y3oftq"},"id":"omq36s9k28ukjbz","previousOperationId":"1spa4w3p9w5b9cg"}
{"type":"operationStart","subtype":"engine","name":"handlebars","timestamp":1708360899057,"id":"37sv2jujlyei77y","previousEventId":"p5vryy83aq3441o","operationId":"yd54t9fkw5d7kl0","previousOperationId":"1spa4w3p9w5b9cg"}
{"type":"log","timestamp":1708360899057,"level":"debug","message":"Rendering engine handlebars","meta":{"rootId":"2a1ulkes9y3oftq","id":"2a1ulkes9y3oftq"},"id":"79lw1q9ejaxesdc","previousOperationId":"yd54t9fkw5d7kl0"}
{"type":"log","timestamp":1708360899202,"level":"debug","message":"(console:log) Pdf utils adding group field, value: \"ola\"","meta":{"userLevel":true,"rootId":"2a1ulkes9y3oftq","id":"2a1ulkes9y3oftq"},"id":"fx53k0i0duy7o7y","previousOperationId":"yd54t9fkw5d7kl0"}
{"type":"operationEnd","operationId":"yd54t9fkw5d7kl0","timestamp":1708360899202,"id":"qm14t8dpd85ieq8","previousEventId":"37sv2jujlyei77y","previousOperationId":"yd54t9fkw5d7kl0"}
{"type":"operationStart","subtype":"recipe","name":"chrome-pdf","timestamp":1708360899202,"id":"6xg2uk5zbl27pv5","previousEventId":"qm14t8dpd85ieq8","operationId":"4tultoy2quzcqkw","previousOperationId":"yd54t9fkw5d7kl0"}
{"type":"log","timestamp":1708360899202,"level":"debug","message":"Executing recipe chrome-pdf","meta":{"rootId":"2a1ulkes9y3oftq","id":"2a1ulkes9y3oftq"},"id":"ndq33kkba7imxvd","previousOperationId":"4tultoy2quzcqkw"}
{"type":"log","timestamp":1708360899658,"level":"debug","message":"Converting with chrome HeadlessChrome/117.0.5938.149 using chrome-pool strategy","meta":{"rootId":"2a1ulkes9y3oftq","id":"2a1ulkes9y3oftq"},"id":"gm5b85kwt1htgeg","previousOperationId":"4tultoy2quzcqkw"}
{"type":"log","timestamp":1708360899709,"level":"debug","message":"Page request: GET (document) file:///var/folders/tp/6hccbwhd41s4hkmxw_2wkz640000gn/T/jsreport/autocleanup/55c22366-9d9b-4a8f-a0bd-cddcc44ff9ec-chrome-pdf.html","meta":{"rootId":"2a1ulkes9y3oftq","id":"2a1ulkes9y3oftq"},"id":"5wtxqxfizj0ftfp","previousOperationId":"4tultoy2quzcqkw"}
{"type":"log","timestamp":1708360899714,"level":"debug","message":"Page request: GET (stylesheet) https://cdnjs.cloudflare.com/ajax/libs/metro/4.1.5/css/metro.min.css","meta":{"rootId":"2a1ulkes9y3oftq","id":"2a1ulkes9y3oftq"},"id":"ej29wun66auitah","previousOperationId":"4tultoy2quzcqkw"}
{"type":"log","timestamp":1708360899714,"level":"debug","message":"Page request: GET (script) https://cdn.jsdelivr.net/npm/chart.js","meta":{"rootId":"2a1ulkes9y3oftq","id":"2a1ulkes9y3oftq"},"id":"rnkwf6i9raphb2g","previousOperationId":"4tultoy2quzcqkw"}
{"type":"log","timestamp":1708360899715,"level":"debug","message":"Page request finished: GET (document) 200 file:///var/folders/tp/6hccbwhd41s4hkmxw_2wkz640000gn/T/jsreport/autocleanup/55c22366-9d9b-4a8f-a0bd-cddcc44ff9ec-chrome-pdf.html","meta":{"rootId":"2a1ulkes9y3oftq","id":"2a1ulkes9y3oftq"},"id":"cfzmjr0djvmjmn7","previousOperationId":"4tultoy2quzcqkw"}
{"type":"log","timestamp":1708360900069,"level":"debug","message":"Page request finished: GET (stylesheet) 200 https://cdnjs.cloudflare.com/ajax/libs/metro/4.1.5/css/metro.min.css","meta":{"rootId":"2a1ulkes9y3oftq","id":"2a1ulkes9y3oftq"},"id":"tg3i9inz3ckm22n","previousOperationId":"4tultoy2quzcqkw"}
{"type":"log","timestamp":1708360900270,"level":"debug","message":"Page request finished: GET (script) 200 https://cdn.jsdelivr.net/npm/chart.js","meta":{"rootId":"2a1ulkes9y3oftq","id":"2a1ulkes9y3oftq"},"id":"8b4yqjdanogqhin","previousOperationId":"4tultoy2quzcqkw"}
{"type":"log","timestamp":1708360900372,"level":"debug","message":"Running chrome with params {\"printBackground\":true,\"marginTop\":\"4cm\",\"marginRight\":\"1.5cm\",\"marginBottom\":\"1.5cm\",\"marginLeft\":\"1.5cm\",\"waitForJS\":false,\"timeout\":59499,\"margin\":{\"top\":\"4cm\",\"right\":\"1.5cm\",\"bottom\":\"1.5cm\",\"left\":\"1.5cm\"}}","meta":{"rootId":"2a1ulkes9y3oftq","id":"2a1ulkes9y3oftq"},"id":"swbynhyd6stgdpo","previousOperationId":"4tultoy2quzcqkw"}
{"type":"operationEnd","operationId":"4tultoy2quzcqkw","timestamp":1708360900412,"id":"ap06yyta2rhrn0y","previousEventId":"6xg2uk5zbl27pv5","previousOperationId":"4tultoy2quzcqkw"}
{"type":"log","timestamp":1708360900412,"level":"info","message":"pdf-utils is starting pdf processing","meta":{"rootId":"2a1ulkes9y3oftq","id":"2a1ulkes9y3oftq"},"id":"5b2857h8anoyaap","previousOperationId":"4tultoy2quzcqkw"}
{"type":"operationStart","subtype":"pdfUtils","name":"pdf utils","timestamp":1708360900508,"id":"f19p78duojedper","previousEventId":"ap06yyta2rhrn0y","operationId":"lahzt3qcg6f443a","previousOperationId":"4tultoy2quzcqkw"}
{"type":"log","timestamp":1708360900508,"level":"debug","message":"pdf-utils detected 1 pdf operation(s) to process","meta":{"rootId":"2a1ulkes9y3oftq","id":"2a1ulkes9y3oftq"},"id":"zyr2nu8s4v1c41h","previousOperationId":"lahzt3qcg6f443a"}
{"type":"log","timestamp":1708360900631,"level":"debug","message":"pdf-utils running pdf operation merge","meta":{"rootId":"2a1ulkes9y3oftq","id":"2a1ulkes9y3oftq"},"id":"33xtnoktm4dp8ka","previousOperationId":"lahzt3qcg6f443a"}
{"type":"operationStart","subtype":"pdfUtilsMerge","name":"pdf utils merge","previousOperationId":"lahzt3qcg6f443a","timestamp":1708360900631,"id":"303ar10rkvknxwa","previousEventId":"f19p78duojedper","operationId":"buidhv3zqqxmmer"}
{"type":"operationStart","subtype":"render","name":"orders-header","previousOperationId":"buidhv3zqqxmmer","timestamp":1708360900636,"id":"iye17vvs6tbvnqr","previousEventId":"303ar10rkvknxwa","operationId":"8kzgfohw4i6v5s4"}
{"type":"log","timestamp":1708360900636,"level":"info","message":"Starting rendering (child) request","meta":{"rootId":"2a1ulkes9y3oftq","id":"d9vjnori3m8qkig"},"id":"tzi93jeseucv7je","previousOperationId":"8kzgfohw4i6v5s4"}
{"type":"log","timestamp":1708360900637,"level":"info","message":"Rendering template { name: orders-header, recipe: chrome-pdf, engine: handlebars, preview: true }","meta":{"rootId":"2a1ulkes9y3oftq","id":"d9vjnori3m8qkig"},"id":"tjzw2bh26s85wub","previousOperationId":"8kzgfohw4i6v5s4"}
{"type":"log","timestamp":1708360900639,"level":"debug","message":"Inline data specified.","meta":{"rootId":"2a1ulkes9y3oftq","id":"d9vjnori3m8qkig"},"id":"bgiw741ym7udzu5","previousOperationId":"8kzgfohw4i6v5s4"}
{"type":"log","timestamp":1708360900640,"level":"debug","message":"Base url not specified, skipping its injection.","meta":{"rootId":"2a1ulkes9y3oftq","id":"d9vjnori3m8qkig"},"id":"3btq3qw0kgip59e","previousOperationId":"8kzgfohw4i6v5s4"}
{"type":"operationStart","subtype":"engine","name":"handlebars","timestamp":1708360900640,"id":"fpj00lfa4f8imok","previousEventId":"iye17vvs6tbvnqr","operationId":"ak3vat5x9766f08","previousOperationId":"8kzgfohw4i6v5s4"}
{"type":"log","timestamp":1708360900640,"level":"debug","message":"Rendering engine handlebars","meta":{"rootId":"2a1ulkes9y3oftq","id":"d9vjnori3m8qkig"},"id":"x5esvv1yrloj9no","previousOperationId":"ak3vat5x9766f08"}
{"type":"operationEnd","operationId":"ak3vat5x9766f08","timestamp":1708360900650,"id":"mwzt0vaouxh7lah","previousEventId":"fpj00lfa4f8imok","previousOperationId":"ak3vat5x9766f08"}
{"type":"operationStart","subtype":"recipe","name":"chrome-pdf","timestamp":1708360900650,"id":"emqsfzvvipbbkzs","previousEventId":"mwzt0vaouxh7lah","operationId":"na7ifayc2c2fbzu","previousOperationId":"ak3vat5x9766f08"}
{"type":"log","timestamp":1708360900650,"level":"debug","message":"Executing recipe chrome-pdf","meta":{"rootId":"2a1ulkes9y3oftq","id":"d9vjnori3m8qkig"},"id":"55o1b3qwrku7c19","previousOperationId":"na7ifayc2c2fbzu"}
{"type":"log","timestamp":1708360900652,"level":"debug","message":"Converting with chrome HeadlessChrome/117.0.5938.149 using chrome-pool strategy","meta":{"rootId":"2a1ulkes9y3oftq","id":"d9vjnori3m8qkig"},"id":"jefk8s72xxuvbiq","previousOperationId":"na7ifayc2c2fbzu"}
{"type":"log","timestamp":1708360900693,"level":"debug","message":"Page request: GET (document) file:///var/folders/tp/6hccbwhd41s4hkmxw_2wkz640000gn/T/jsreport/autocleanup/94d55dd9-91ba-424b-915f-7eb41f455eb0-chrome-pdf.html","meta":{"rootId":"2a1ulkes9y3oftq","id":"d9vjnori3m8qkig"},"id":"uj0oemn60w5zyka","previousOperationId":"na7ifayc2c2fbzu"}
{"type":"log","timestamp":1708360900699,"level":"debug","message":"Page request: GET (stylesheet) https://cdnjs.cloudflare.com/ajax/libs/metro/4.1.5/css/metro.min.css","meta":{"rootId":"2a1ulkes9y3oftq","id":"d9vjnori3m8qkig"},"id":"5o5f761vuh6vmqj","previousOperationId":"na7ifayc2c2fbzu"}
{"type":"log","timestamp":1708360900699,"level":"debug","message":"Page request finished: GET (document) 200 file:///var/folders/tp/6hccbwhd41s4hkmxw_2wkz640000gn/T/jsreport/autocleanup/94d55dd9-91ba-424b-915f-7eb41f455eb0-chrome-pdf.html","meta":{"rootId":"2a1ulkes9y3oftq","id":"d9vjnori3m8qkig"},"id":"2olil9kqzqb6vay","previousOperationId":"na7ifayc2c2fbzu"}
{"type":"log","timestamp":1708360900706,"level":"debug","message":"Page request finished: GET (stylesheet) 200 https://cdnjs.cloudflare.com/ajax/libs/metro/4.1.5/css/metro.min.css","meta":{"rootId":"2a1ulkes9y3oftq","id":"d9vjnori3m8qkig"},"id":"hm6y8rfecrmmg1u","previousOperationId":"na7ifayc2c2fbzu"}
{"type":"log","timestamp":1708360900726,"level":"debug","message":"Running chrome with params {\"printBackground\":true,\"marginTop\":\"1.5cm\",\"marginRight\":\"1.5cm\",\"marginLeft\":\"1.cm\",\"timeout\":58238,\"margin\":{\"top\":\"1.5cm\",\"right\":\"1.5cm\",\"left\":\"1.cm\"}}","meta":{"rootId":"2a1ulkes9y3oftq","id":"d9vjnori3m8qkig"},"id":"6eq6e75wyc33y7n","previousOperationId":"na7ifayc2c2fbzu"}
{"type":"operationEnd","operationId":"na7ifayc2c2fbzu","timestamp":1708360900744,"id":"ol794wlmo1ci7up","previousEventId":"emqsfzvvipbbkzs","previousOperationId":"na7ifayc2c2fbzu"}
{"type":"log","timestamp":1708360900744,"level":"debug","message":"Skipping storing report.","meta":{"rootId":"2a1ulkes9y3oftq","id":"d9vjnori3m8qkig"},"id":"byzf0vx1s0l18f4","previousOperationId":"na7ifayc2c2fbzu"}
{"type":"log","timestamp":1708360900745,"level":"info","message":"Rendering (child) request finished in 1855 ms","meta":{"rootId":"2a1ulkes9y3oftq","id":"d9vjnori3m8qkig"},"id":"vxvtemtdy0v8mmb","previousOperationId":"na7ifayc2c2fbzu"}
{"type":"operationEnd","subtype":"render","operationId":"8kzgfohw4i6v5s4","timestamp":1708360900745,"id":"s5j60on3lrruwzc","previousEventId":"ol794wlmo1ci7up","previousOperationId":"na7ifayc2c2fbzu"}
{"type":"operationEnd","operationId":"buidhv3zqqxmmer","timestamp":1708360900774,"id":"qhy8yddz37ctiot","previousEventId":"303ar10rkvknxwa","previousOperationId":"buidhv3zqqxmmer"}
{"type":"log","timestamp":1708360900774,"level":"debug","message":"pdf-utils postproces start","meta":{"rootId":"2a1ulkes9y3oftq","id":"2a1ulkes9y3oftq"},"id":"e2lsv76psnjudsw","previousOperationId":"buidhv3zqqxmmer"}
{"type":"log","timestamp":1708360900793,"level":"debug","message":"pdf-utils postproces end","meta":{"rootId":"2a1ulkes9y3oftq","id":"2a1ulkes9y3oftq"},"id":"10fnry4td8w7rrj","previousOperationId":"buidhv3zqqxmmer"}
{"type":"operationEnd","operationId":"lahzt3qcg6f443a","timestamp":1708360900793,"id":"gc917crcwwd1k16","previousEventId":"qhy8yddz37ctiot","previousOperationId":"buidhv3zqqxmmer"}
{"type":"log","timestamp":1708360900793,"level":"info","message":"pdf-utils pdf processing was finished","meta":{"rootId":"2a1ulkes9y3oftq","id":"2a1ulkes9y3oftq"},"id":"k0id1i7wwes24zz","previousOperationId":"lahzt3qcg6f443a"}
{"type":"log","timestamp":1708360900793,"level":"debug","message":"Skipping storing report.","meta":{"rootId":"2a1ulkes9y3oftq","id":"2a1ulkes9y3oftq"},"id":"vbbj19j1vdkflih","previousOperationId":"lahzt3qcg6f443a"}
{"type":"log","timestamp":1708360900793,"level":"info","message":"Rendering request 39 finished in 1903 ms","meta":{"rootId":"2a1ulkes9y3oftq","id":"2a1ulkes9y3oftq"},"id":"h9cu9nkqt6595s3","previousOperationId":"lahzt3qcg6f443a"}
{"type":"operationEnd","subtype":"render","operationId":"4rwiehgdpcx79e9","timestamp":1708360900793,"id":"8x0bdpux27geqvk","previousEventId":"gc917crcwwd1k16","previousOperationId":"lahzt3qcg6f443a"}
{"type":"operationEnd","doDiffs":false,"previousEventId":"whktvabzs8w8fi3","previousOperationId":"sd40d8jlnlhlkud","operationId":"sd40d8jlnlhlkud","timestamp":1708360900795,"id":"2pb02k89fbam91b"}
