{"type":"operationStart","subtype":"profile","data":{"_id":"5NYrpFRwBzvy7Ko6","timestamp":"2024-01-17T16:15:47.977Z","state":"queued","mode":"standard","creationDate":"2024-01-17T16:15:47.979Z","modificationDate":"2024-01-17T16:15:47.979Z","shortid":"2ZF5aLb","$entitySet":"profiles"},"doDiffs":false,"timestamp":1705508147978,"id":"0f2fxx1g3irxm0i","previousOperationId":null,"operationId":"b610gafq8gjy9ax"}
{"type":"log","level":"info","message":"Render request 35 queued for execution and waiting for available worker","previousOperationId":"b610gafq8gjy9ax","timestamp":1705508147978,"id":"difl79xmhjwyojo"}
{"type":"operationStart","subtype":"render","name":"orders-main","previousOperationId":"b610gafq8gjy9ax","timestamp":1705508147985,"id":"xqd8kg4jf4cp5wa","previousEventId":"0f2fxx1g3irxm0i","operationId":"v6xswf371u521oh"}
{"type":"log","timestamp":1705508147985,"level":"info","message":"Starting rendering request 35","meta":{"rootId":"2dmuduuqfb2jr44","id":"2dmuduuqfb2jr44"},"id":"aj3fr9g0gnvk793","previousOperationId":"v6xswf371u521oh"}
{"type":"log","timestamp":1705508147985,"level":"info","message":"Rendering template { name: orders-main, recipe: chrome-pdf, engine: handlebars, preview: true }","meta":{"rootId":"2dmuduuqfb2jr44","id":"2dmuduuqfb2jr44"},"id":"2yh7y4g1d8wkf55","previousOperationId":"v6xswf371u521oh"}
{"type":"log","timestamp":1705508147985,"level":"debug","message":"Data item not defined for this template.","meta":{"rootId":"2dmuduuqfb2jr44","id":"2dmuduuqfb2jr44"},"id":"86hkqtb38737k57","previousOperationId":"v6xswf371u521oh"}
{"type":"log","timestamp":1705508147986,"level":"debug","message":"Executing script orders-script (beforeRender)","meta":{"rootId":"2dmuduuqfb2jr44","id":"2dmuduuqfb2jr44"},"id":"twb9pb6yw6h540n","previousOperationId":"v6xswf371u521oh"}
{"type":"operationStart","subtype":"scriptsBeforeRender","name":"scripts beforeRender","timestamp":1705508147997,"id":"lh8eglp9km97gl5","previousEventId":"xqd8kg4jf4cp5wa","operationId":"aj05c4fzwtlg4rx","previousOperationId":"v6xswf371u521oh"}
{"type":"operationStart","subtype":"script","name":"scripts orders-script","previousOperationId":"aj05c4fzwtlg4rx","timestamp":1705508147997,"id":"hhrje1vif6d2rch","previousEventId":"lh8eglp9km97gl5","operationId":"b6n7bepy1ga5uyg"}
{"type":"operationEnd","operationId":"b6n7bepy1ga5uyg","timestamp":1705508148021,"id":"o5mlrt1hgs6467v","previousEventId":"xqd8kg4jf4cp5wa","previousOperationId":"v6xswf371u521oh"}
{"type":"operationEnd","operationId":"aj05c4fzwtlg4rx","timestamp":1705508148021,"id":"0v1q1pwz4aj4mkf","previousEventId":"o5mlrt1hgs6467v","previousOperationId":"v6xswf371u521oh"}
{"type":"log","timestamp":1705508148021,"level":"debug","message":"Base url not specified, skipping its injection.","meta":{"rootId":"2dmuduuqfb2jr44","id":"2dmuduuqfb2jr44"},"id":"muo1v3ujtwmh2pl","previousOperationId":"aj05c4fzwtlg4rx"}
{"type":"operationStart","subtype":"engine","name":"handlebars","timestamp":1705508148021,"id":"a19w6jv2e4qkr5n","previousEventId":"0v1q1pwz4aj4mkf","operationId":"mhdbnx2nkd8vi0f","previousOperationId":"aj05c4fzwtlg4rx"}
{"type":"log","timestamp":1705508148021,"level":"debug","message":"Rendering engine handlebars","meta":{"rootId":"2dmuduuqfb2jr44","id":"2dmuduuqfb2jr44"},"id":"5dtkbd4lcko4rl6","previousOperationId":"mhdbnx2nkd8vi0f"}
{"type":"log","timestamp":1705508148033,"level":"debug","message":"(console:log) Pdf utils adding group field, value: \"rgver\"","meta":{"userLevel":true,"rootId":"2dmuduuqfb2jr44","id":"2dmuduuqfb2jr44"},"id":"rs4ifcu2a2mhx09","previousOperationId":"mhdbnx2nkd8vi0f"}
{"type":"log","timestamp":1705508148033,"level":"debug","message":"(console:log) Pdf utils adding group field, value: \"revger\"","meta":{"userLevel":true,"rootId":"2dmuduuqfb2jr44","id":"2dmuduuqfb2jr44"},"id":"ncctw8086r5bxl6","previousOperationId":"mhdbnx2nkd8vi0f"}
{"type":"log","timestamp":1705508148033,"level":"debug","message":"(console:log) Pdf utils adding group field, value: \"Race1\"","meta":{"userLevel":true,"rootId":"2dmuduuqfb2jr44","id":"2dmuduuqfb2jr44"},"id":"ll9o13810boyzm8","previousOperationId":"mhdbnx2nkd8vi0f"}
{"type":"log","timestamp":1705508148033,"level":"debug","message":"(console:log) Pdf utils adding group field, value: \"Race2\"","meta":{"userLevel":true,"rootId":"2dmuduuqfb2jr44","id":"2dmuduuqfb2jr44"},"id":"6auhniaxsu4afzw","previousOperationId":"mhdbnx2nkd8vi0f"}
{"type":"operationEnd","operationId":"mhdbnx2nkd8vi0f","timestamp":1705508148033,"id":"r119xdpcmzxymkl","previousEventId":"a19w6jv2e4qkr5n","previousOperationId":"mhdbnx2nkd8vi0f"}
{"type":"operationStart","subtype":"recipe","name":"chrome-pdf","timestamp":1705508148033,"id":"2nmnu3u67t0g3ra","previousEventId":"r119xdpcmzxymkl","operationId":"5etgmbkmr7fn0y5","previousOperationId":"mhdbnx2nkd8vi0f"}
{"type":"log","timestamp":1705508148033,"level":"debug","message":"Executing recipe chrome-pdf","meta":{"rootId":"2dmuduuqfb2jr44","id":"2dmuduuqfb2jr44"},"id":"tucaajcrafzobzx","previousOperationId":"5etgmbkmr7fn0y5"}
{"type":"log","timestamp":1705508148035,"level":"debug","message":"Converting with chrome HeadlessChrome/117.0.5938.149 using chrome-pool strategy","meta":{"rootId":"2dmuduuqfb2jr44","id":"2dmuduuqfb2jr44"},"id":"zj5bsi92gkbu042","previousOperationId":"5etgmbkmr7fn0y5"}
{"type":"log","timestamp":1705508148117,"level":"debug","message":"Page request: GET (document) file:///C:/Users/DANIEL~1/AppData/Local/Temp/jsreport/autocleanup/8782d3f9-2181-403e-b9bb-16b8ce2673bb-chrome-pdf.html","meta":{"rootId":"2dmuduuqfb2jr44","id":"2dmuduuqfb2jr44"},"id":"yfg4bi5v9wejq1e","previousOperationId":"5etgmbkmr7fn0y5"}
{"type":"log","timestamp":1705508148131,"level":"debug","message":"Page request: GET (stylesheet) https://cdnjs.cloudflare.com/ajax/libs/metro/4.1.5/css/metro.min.css","meta":{"rootId":"2dmuduuqfb2jr44","id":"2dmuduuqfb2jr44"},"id":"tdlgo21g99stk9q","previousOperationId":"5etgmbkmr7fn0y5"}
{"type":"log","timestamp":1705508148132,"level":"debug","message":"Page request: GET (script) https://cdnjs.cloudflare.com/ajax/libs/Chart.js/2.7.2/Chart.min.js","meta":{"rootId":"2dmuduuqfb2jr44","id":"2dmuduuqfb2jr44"},"id":"bb42l5ladd4k3j6","previousOperationId":"5etgmbkmr7fn0y5"}
{"type":"log","timestamp":1705508148132,"level":"debug","message":"Page request finished: GET (document) 200 file:///C:/Users/DANIEL~1/AppData/Local/Temp/jsreport/autocleanup/8782d3f9-2181-403e-b9bb-16b8ce2673bb-chrome-pdf.html","meta":{"rootId":"2dmuduuqfb2jr44","id":"2dmuduuqfb2jr44"},"id":"qei8jcz81xewimp","previousOperationId":"5etgmbkmr7fn0y5"}
{"type":"log","timestamp":1705508148136,"level":"debug","message":"Page request finished: GET (script) 200 https://cdnjs.cloudflare.com/ajax/libs/Chart.js/2.7.2/Chart.min.js","meta":{"rootId":"2dmuduuqfb2jr44","id":"2dmuduuqfb2jr44"},"id":"80imu3od8wakw0k","previousOperationId":"5etgmbkmr7fn0y5"}
{"type":"log","timestamp":1705508148148,"level":"debug","message":"Page request finished: GET (stylesheet) 200 https://cdnjs.cloudflare.com/ajax/libs/metro/4.1.5/css/metro.min.css","meta":{"rootId":"2dmuduuqfb2jr44","id":"2dmuduuqfb2jr44"},"id":"lpeh82x2q64o5km","previousOperationId":"5etgmbkmr7fn0y5"}
{"type":"log","timestamp":1705508148179,"level":"debug","message":"Running chrome with params {\"printBackground\":true,\"marginTop\":\"4cm\",\"marginRight\":\"1.5cm\",\"marginBottom\":\"1.5cm\",\"marginLeft\":\"1.5cm\",\"waitForJS\":false,\"timeout\":59943,\"margin\":{\"top\":\"4cm\",\"right\":\"1.5cm\",\"bottom\":\"1.5cm\",\"left\":\"1.5cm\"}}","meta":{"rootId":"2dmuduuqfb2jr44","id":"2dmuduuqfb2jr44"},"id":"37bnlweff9epkfo","previousOperationId":"5etgmbkmr7fn0y5"}
{"type":"operationEnd","operationId":"5etgmbkmr7fn0y5","timestamp":1705508148254,"id":"3jkkapg3y0mx9nq","previousEventId":"2nmnu3u67t0g3ra","previousOperationId":"5etgmbkmr7fn0y5"}
{"type":"log","timestamp":1705508148254,"level":"info","message":"pdf-utils is starting pdf processing","meta":{"rootId":"2dmuduuqfb2jr44","id":"2dmuduuqfb2jr44"},"id":"6b7dzotxt49o7rt","previousOperationId":"5etgmbkmr7fn0y5"}
{"type":"operationStart","subtype":"pdfUtils","name":"pdf utils","timestamp":1705508148254,"id":"chvjh5ldy2rahxa","previousEventId":"3jkkapg3y0mx9nq","operationId":"6xkahh64efqeucz","previousOperationId":"5etgmbkmr7fn0y5"}
{"type":"log","timestamp":1705508148254,"level":"debug","message":"pdf-utils detected 1 pdf operation(s) to process","meta":{"rootId":"2dmuduuqfb2jr44","id":"2dmuduuqfb2jr44"},"id":"7pj194ue4br72ox","previousOperationId":"6xkahh64efqeucz"}
{"type":"log","timestamp":1705508148268,"level":"debug","message":"pdf-utils running pdf operation merge","meta":{"rootId":"2dmuduuqfb2jr44","id":"2dmuduuqfb2jr44"},"id":"3qc9zhkdv0klqhq","previousOperationId":"6xkahh64efqeucz"}
{"type":"operationStart","subtype":"pdfUtilsMerge","name":"pdf utils merge","previousOperationId":"6xkahh64efqeucz","timestamp":1705508148268,"id":"7o362p1b8stuqm4","previousEventId":"chvjh5ldy2rahxa","operationId":"ebbom2mu6ksy8hj"}
{"type":"operationStart","subtype":"render","name":"orders-header","previousOperationId":"ebbom2mu6ksy8hj","timestamp":1705508148269,"id":"drdpofpk6usph3f","previousEventId":"7o362p1b8stuqm4","operationId":"x7buz57yfgva90a"}
{"type":"log","timestamp":1705508148269,"level":"info","message":"Starting rendering (child) request","meta":{"rootId":"2dmuduuqfb2jr44","id":"aqvmtp7u946fxdf"},"id":"ssgmcjgzx7b8gpd","previousOperationId":"x7buz57yfgva90a"}
{"type":"log","timestamp":1705508148269,"level":"info","message":"Rendering template { name: orders-header, recipe: chrome-pdf, engine: handlebars, preview: true }","meta":{"rootId":"2dmuduuqfb2jr44","id":"aqvmtp7u946fxdf"},"id":"0mqerrdp2u8ipf7","previousOperationId":"x7buz57yfgva90a"}
{"type":"log","timestamp":1705508148276,"level":"debug","message":"Inline data specified.","meta":{"rootId":"2dmuduuqfb2jr44","id":"aqvmtp7u946fxdf"},"id":"g1nf83t3o7zgc6e","previousOperationId":"x7buz57yfgva90a"}
{"type":"log","timestamp":1705508148277,"level":"debug","message":"Base url not specified, skipping its injection.","meta":{"rootId":"2dmuduuqfb2jr44","id":"aqvmtp7u946fxdf"},"id":"a800zi2dduz4lss","previousOperationId":"x7buz57yfgva90a"}
{"type":"operationStart","subtype":"engine","name":"handlebars","timestamp":1705508148277,"id":"7iho3nqye17ege3","previousEventId":"drdpofpk6usph3f","operationId":"8ql00gcu0hnztu0","previousOperationId":"x7buz57yfgva90a"}
{"type":"log","timestamp":1705508148277,"level":"debug","message":"Rendering engine handlebars","meta":{"rootId":"2dmuduuqfb2jr44","id":"aqvmtp7u946fxdf"},"id":"2obr5w4ij7yjaf4","previousOperationId":"8ql00gcu0hnztu0"}
{"type":"operationEnd","operationId":"8ql00gcu0hnztu0","timestamp":1705508148286,"id":"81iogkk4kxn97e9","previousEventId":"7iho3nqye17ege3","previousOperationId":"8ql00gcu0hnztu0"}
{"type":"operationStart","subtype":"recipe","name":"chrome-pdf","timestamp":1705508148286,"id":"gu5mjmf75h8ytkp","previousEventId":"81iogkk4kxn97e9","operationId":"g17rbldugqjsmyb","previousOperationId":"8ql00gcu0hnztu0"}
{"type":"log","timestamp":1705508148286,"level":"debug","message":"Executing recipe chrome-pdf","meta":{"rootId":"2dmuduuqfb2jr44","id":"aqvmtp7u946fxdf"},"id":"s8963ds07ourd9d","previousOperationId":"g17rbldugqjsmyb"}
{"type":"log","timestamp":1705508148287,"level":"debug","message":"Converting with chrome HeadlessChrome/117.0.5938.149 using chrome-pool strategy","meta":{"rootId":"2dmuduuqfb2jr44","id":"aqvmtp7u946fxdf"},"id":"saynpvuuyj5ky6s","previousOperationId":"g17rbldugqjsmyb"}
{"type":"log","timestamp":1705508148349,"level":"debug","message":"Page request: GET (document) file:///C:/Users/DANIEL~1/AppData/Local/Temp/jsreport/autocleanup/9002eaea-80b3-4ac4-992d-82fede070739-chrome-pdf.html","meta":{"rootId":"2dmuduuqfb2jr44","id":"aqvmtp7u946fxdf"},"id":"2f54oy1249pqlh1","previousOperationId":"g17rbldugqjsmyb"}
{"type":"log","timestamp":1705508148361,"level":"debug","message":"Page request: GET (stylesheet) https://cdnjs.cloudflare.com/ajax/libs/metro/4.1.5/css/metro.min.css","meta":{"rootId":"2dmuduuqfb2jr44","id":"aqvmtp7u946fxdf"},"id":"wkdbofy4kmke78r","previousOperationId":"g17rbldugqjsmyb"}
{"type":"log","timestamp":1705508148361,"level":"debug","message":"Page request finished: GET (document) 200 file:///C:/Users/DANIEL~1/AppData/Local/Temp/jsreport/autocleanup/9002eaea-80b3-4ac4-992d-82fede070739-chrome-pdf.html","meta":{"rootId":"2dmuduuqfb2jr44","id":"aqvmtp7u946fxdf"},"id":"lv2xb8m9dsm1blp","previousOperationId":"g17rbldugqjsmyb"}
{"type":"log","timestamp":1705508148372,"level":"debug","message":"Page request finished: GET (stylesheet) 200 https://cdnjs.cloudflare.com/ajax/libs/metro/4.1.5/css/metro.min.css","meta":{"rootId":"2dmuduuqfb2jr44","id":"aqvmtp7u946fxdf"},"id":"yn6u60xregz6vae","previousOperationId":"g17rbldugqjsmyb"}
{"type":"log","timestamp":1705508148385,"level":"debug","message":"Running chrome with params {\"printBackground\":true,\"marginTop\":\"1.5cm\",\"marginRight\":\"1.5cm\",\"marginLeft\":\"1.cm\",\"timeout\":59690,\"margin\":{\"top\":\"1.5cm\",\"right\":\"1.5cm\",\"left\":\"1.cm\"}}","meta":{"rootId":"2dmuduuqfb2jr44","id":"aqvmtp7u946fxdf"},"id":"1qwnank49hpb91f","previousOperationId":"g17rbldugqjsmyb"}
{"type":"operationEnd","operationId":"g17rbldugqjsmyb","timestamp":1705508148416,"id":"fybi3wq6xxy6gao","previousEventId":"gu5mjmf75h8ytkp","previousOperationId":"g17rbldugqjsmyb"}
{"type":"log","timestamp":1705508148416,"level":"debug","message":"Skipping storing report.","meta":{"rootId":"2dmuduuqfb2jr44","id":"aqvmtp7u946fxdf"},"id":"jprf491v20ufjrb","previousOperationId":"g17rbldugqjsmyb"}
{"type":"log","timestamp":1705508148416,"level":"info","message":"Rendering (child) request finished in 439 ms","meta":{"rootId":"2dmuduuqfb2jr44","id":"aqvmtp7u946fxdf"},"id":"yxn4k9razfw4ide","previousOperationId":"g17rbldugqjsmyb"}
{"type":"operationEnd","subtype":"render","operationId":"x7buz57yfgva90a","timestamp":1705508148416,"id":"sv3x1yws1njqgfc","previousEventId":"fybi3wq6xxy6gao","previousOperationId":"g17rbldugqjsmyb"}
{"type":"operationEnd","operationId":"ebbom2mu6ksy8hj","timestamp":1705508148424,"id":"69ded4tfpk7a6ar","previousEventId":"7o362p1b8stuqm4","previousOperationId":"ebbom2mu6ksy8hj"}
{"type":"log","timestamp":1705508148424,"level":"debug","message":"pdf-utils postproces start","meta":{"rootId":"2dmuduuqfb2jr44","id":"2dmuduuqfb2jr44"},"id":"qpy469b6cc70jg5","previousOperationId":"ebbom2mu6ksy8hj"}
{"type":"log","timestamp":1705508148433,"level":"debug","message":"pdf-utils postproces end","meta":{"rootId":"2dmuduuqfb2jr44","id":"2dmuduuqfb2jr44"},"id":"p79jdcr8av124gi","previousOperationId":"ebbom2mu6ksy8hj"}
{"type":"operationEnd","operationId":"6xkahh64efqeucz","timestamp":1705508148433,"id":"ve7h4bv2n9oyupp","previousEventId":"69ded4tfpk7a6ar","previousOperationId":"ebbom2mu6ksy8hj"}
{"type":"log","timestamp":1705508148433,"level":"info","message":"pdf-utils pdf processing was finished","meta":{"rootId":"2dmuduuqfb2jr44","id":"2dmuduuqfb2jr44"},"id":"dz3e3igc63l5ecu","previousOperationId":"6xkahh64efqeucz"}
{"type":"log","timestamp":1705508148433,"level":"debug","message":"Skipping storing report.","meta":{"rootId":"2dmuduuqfb2jr44","id":"2dmuduuqfb2jr44"},"id":"1rmwks578kiyja3","previousOperationId":"6xkahh64efqeucz"}
{"type":"log","timestamp":1705508148433,"level":"info","message":"Rendering request 35 finished in 456 ms","meta":{"rootId":"2dmuduuqfb2jr44","id":"2dmuduuqfb2jr44"},"id":"43s4mvvjhs10e5q","previousOperationId":"6xkahh64efqeucz"}
{"type":"operationEnd","subtype":"render","operationId":"v6xswf371u521oh","timestamp":1705508148433,"id":"5aazsbx5guu4e1g","previousEventId":"ve7h4bv2n9oyupp","previousOperationId":"6xkahh64efqeucz"}
{"type":"operationEnd","doDiffs":false,"previousEventId":"0f2fxx1g3irxm0i","previousOperationId":"b610gafq8gjy9ax","operationId":"b610gafq8gjy9ax","timestamp":1705508148442,"id":"ks87bbb4wvuzp7l"}
