{"type":"operationStart","subtype":"profile","data":{"_id":"jGvPdRBkl6LMn6FE","timestamp":"2024-01-18T15:05:23.070Z","state":"queued","mode":"standard","creationDate":"2024-01-18T15:05:23.074Z","modificationDate":"2024-01-18T15:05:23.074Z","shortid":"r8Mi6wl","$entitySet":"profiles"},"doDiffs":false,"timestamp":1705590323072,"id":"9mqk95unpc31l2c","previousOperationId":null,"operationId":"vijcvjc8vs8bmsi"}
{"type":"log","level":"info","message":"Render request 27 queued for execution and waiting for available worker","previousOperationId":"vijcvjc8vs8bmsi","timestamp":1705590323072,"id":"9189dzhvz5o7tk6"}
{"type":"operationStart","subtype":"render","name":"orders-main","previousOperationId":"vijcvjc8vs8bmsi","timestamp":1705590323091,"id":"mviosszycbk44bb","previousEventId":"9mqk95unpc31l2c","operationId":"9qne5auevtbz8c3"}
{"type":"log","timestamp":1705590323092,"level":"info","message":"Starting rendering request 27","meta":{"rootId":"2ino87he5z7yijc","id":"2ino87he5z7yijc"},"id":"hrir1iqphstynpd","previousOperationId":"9qne5auevtbz8c3"}
{"type":"log","timestamp":1705590323092,"level":"info","message":"Rendering template { name: orders-main, recipe: chrome-pdf, engine: handlebars, preview: true }","meta":{"rootId":"2ino87he5z7yijc","id":"2ino87he5z7yijc"},"id":"sa0mkhvf7qa7um4","previousOperationId":"9qne5auevtbz8c3"}
{"type":"log","timestamp":1705590323101,"level":"debug","message":"Data item not defined for this template.","meta":{"rootId":"2ino87he5z7yijc","id":"2ino87he5z7yijc"},"id":"4t8rtqh2zassrr9","previousOperationId":"9qne5auevtbz8c3"}
{"type":"log","timestamp":1705590323106,"level":"debug","message":"Executing script orders-script (beforeRender)","meta":{"rootId":"2ino87he5z7yijc","id":"2ino87he5z7yijc"},"id":"ix84sn1un2qpuhv","previousOperationId":"9qne5auevtbz8c3"}
{"type":"operationStart","subtype":"scriptsBeforeRender","name":"scripts beforeRender","timestamp":1705590323143,"id":"pqb9hykamq2paym","previousEventId":"mviosszycbk44bb","operationId":"olcd3l44zk1yc4n","previousOperationId":"9qne5auevtbz8c3"}
{"type":"operationStart","subtype":"script","name":"scripts orders-script","previousOperationId":"olcd3l44zk1yc4n","timestamp":1705590323143,"id":"z1ftvhf40vqipxo","previousEventId":"pqb9hykamq2paym","operationId":"gw858xhlf1wk25n"}
{"type":"operationEnd","operationId":"gw858xhlf1wk25n","timestamp":1705590323178,"id":"9cikxhqos7qxar8","previousEventId":"mviosszycbk44bb","previousOperationId":"9qne5auevtbz8c3"}
{"type":"operationEnd","operationId":"olcd3l44zk1yc4n","timestamp":1705590323178,"id":"89v9i0hbqft3g99","previousEventId":"9cikxhqos7qxar8","previousOperationId":"9qne5auevtbz8c3"}
{"type":"log","timestamp":1705590323179,"level":"debug","message":"Base url not specified, skipping its injection.","meta":{"rootId":"2ino87he5z7yijc","id":"2ino87he5z7yijc"},"id":"6fiwh81oefbiw7a","previousOperationId":"olcd3l44zk1yc4n"}
{"type":"operationStart","subtype":"engine","name":"handlebars","timestamp":1705590323179,"id":"su73w8ax0y5rvqc","previousEventId":"89v9i0hbqft3g99","operationId":"nea38vr9nwmqcyv","previousOperationId":"olcd3l44zk1yc4n"}
{"type":"log","timestamp":1705590323179,"level":"debug","message":"Rendering engine handlebars","meta":{"rootId":"2ino87he5z7yijc","id":"2ino87he5z7yijc"},"id":"4fc18zfsfeah6zk","previousOperationId":"nea38vr9nwmqcyv"}
{"type":"operationEnd","operationId":"nea38vr9nwmqcyv","timestamp":1705590323205,"id":"zgvp3eypd4rxtcd","previousEventId":"su73w8ax0y5rvqc","previousOperationId":"nea38vr9nwmqcyv"}
{"type":"operationStart","subtype":"recipe","name":"chrome-pdf","timestamp":1705590323207,"id":"g7h79hkvtpvey31","previousEventId":"zgvp3eypd4rxtcd","operationId":"xjzdckilyhrepfv","previousOperationId":"nea38vr9nwmqcyv"}
{"type":"log","timestamp":1705590323207,"level":"debug","message":"Executing recipe chrome-pdf","meta":{"rootId":"2ino87he5z7yijc","id":"2ino87he5z7yijc"},"id":"3k9tm7d9x492501","previousOperationId":"xjzdckilyhrepfv"}
{"type":"log","timestamp":1705590323211,"level":"debug","message":"Converting with chrome HeadlessChrome/117.0.5938.149 using chrome-pool strategy","meta":{"rootId":"2ino87he5z7yijc","id":"2ino87he5z7yijc"},"id":"hdgwb8r9ls0pl0i","previousOperationId":"xjzdckilyhrepfv"}
{"type":"log","timestamp":1705590323342,"level":"debug","message":"Page request: GET (document) file:///C:/Users/DANIEL~1/AppData/Local/Temp/jsreport/autocleanup/35a44d0e-8fdb-4bda-ad49-0152befc641e-chrome-pdf.html","meta":{"rootId":"2ino87he5z7yijc","id":"2ino87he5z7yijc"},"id":"5ajzi0k1w5dnhjd","previousOperationId":"xjzdckilyhrepfv"}
{"type":"log","timestamp":1705590323359,"level":"debug","message":"Page request: GET (stylesheet) https://cdnjs.cloudflare.com/ajax/libs/metro/4.1.5/css/metro.min.css","meta":{"rootId":"2ino87he5z7yijc","id":"2ino87he5z7yijc"},"id":"a1myyjj4qzrs6q6","previousOperationId":"xjzdckilyhrepfv"}
{"type":"log","timestamp":1705590323361,"level":"debug","message":"Page request finished: GET (document) 200 file:///C:/Users/DANIEL~1/AppData/Local/Temp/jsreport/autocleanup/35a44d0e-8fdb-4bda-ad49-0152befc641e-chrome-pdf.html","meta":{"rootId":"2ino87he5z7yijc","id":"2ino87he5z7yijc"},"id":"i0b1z4kebo2epj9","previousOperationId":"xjzdckilyhrepfv"}
{"type":"log","timestamp":1705590323361,"level":"debug","message":"Page request: GET (script) https://cdnjs.cloudflare.com/ajax/libs/Chart.js/2.9.4/Chart.js","meta":{"rootId":"2ino87he5z7yijc","id":"2ino87he5z7yijc"},"id":"fyu5e1b7xofv71i","previousOperationId":"xjzdckilyhrepfv"}
{"type":"log","timestamp":1705590323386,"level":"debug","message":"Page request finished: GET (stylesheet) 200 https://cdnjs.cloudflare.com/ajax/libs/metro/4.1.5/css/metro.min.css","meta":{"rootId":"2ino87he5z7yijc","id":"2ino87he5z7yijc"},"id":"hhiv4y58gqf86u6","previousOperationId":"xjzdckilyhrepfv"}
{"type":"log","timestamp":1705590323386,"level":"debug","message":"Page request finished: GET (script) 200 https://cdnjs.cloudflare.com/ajax/libs/Chart.js/2.9.4/Chart.js","meta":{"rootId":"2ino87he5z7yijc","id":"2ino87he5z7yijc"},"id":"5xvalgankvchp4f","previousOperationId":"xjzdckilyhrepfv"}
{"type":"log","timestamp":1705590323395,"level":"warn","message":"Page error: Unexpected token ';' , stack: SyntaxError: Unexpected token ';'","meta":{"rootId":"2ino87he5z7yijc","id":"2ino87he5z7yijc"},"id":"fwj9khyxhm3brm7","previousOperationId":"xjzdckilyhrepfv"}
{"type":"log","timestamp":1705590323404,"level":"debug","message":"Running chrome with params {\"printBackground\":true,\"marginTop\":\"4cm\",\"marginRight\":\"1.5cm\",\"marginBottom\":\"1.5cm\",\"marginLeft\":\"1.5cm\",\"waitForJS\":false,\"timeout\":59860,\"margin\":{\"top\":\"4cm\",\"right\":\"1.5cm\",\"bottom\":\"1.5cm\",\"left\":\"1.5cm\"}}","meta":{"rootId":"2ino87he5z7yijc","id":"2ino87he5z7yijc"},"id":"a9z1a1mci0ub2ok","previousOperationId":"xjzdckilyhrepfv"}
{"type":"operationEnd","operationId":"xjzdckilyhrepfv","timestamp":1705590323429,"id":"zo6js5iqlku5kgb","previousEventId":"g7h79hkvtpvey31","previousOperationId":"xjzdckilyhrepfv"}
{"type":"log","timestamp":1705590323429,"level":"info","message":"pdf-utils is starting pdf processing","meta":{"rootId":"2ino87he5z7yijc","id":"2ino87he5z7yijc"},"id":"40ytqkszqqytm79","previousOperationId":"xjzdckilyhrepfv"}
{"type":"operationStart","subtype":"pdfUtils","name":"pdf utils","timestamp":1705590323429,"id":"soph2rr8bo09gw2","previousEventId":"zo6js5iqlku5kgb","operationId":"vztmvloxag0g41w","previousOperationId":"xjzdckilyhrepfv"}
{"type":"log","timestamp":1705590323430,"level":"debug","message":"pdf-utils detected 1 pdf operation(s) to process","meta":{"rootId":"2ino87he5z7yijc","id":"2ino87he5z7yijc"},"id":"v7ckkh1kpar0r1s","previousOperationId":"vztmvloxag0g41w"}
{"type":"log","timestamp":1705590323441,"level":"debug","message":"pdf-utils running pdf operation merge","meta":{"rootId":"2ino87he5z7yijc","id":"2ino87he5z7yijc"},"id":"uocsn4rca1nrfqn","previousOperationId":"vztmvloxag0g41w"}
{"type":"operationStart","subtype":"pdfUtilsMerge","name":"pdf utils merge","previousOperationId":"vztmvloxag0g41w","timestamp":1705590323441,"id":"ycw3cs3baks61qw","previousEventId":"soph2rr8bo09gw2","operationId":"gcfjhjsm9c6dmvv"}
{"type":"operationStart","subtype":"render","name":"orders-header","previousOperationId":"gcfjhjsm9c6dmvv","timestamp":1705590323444,"id":"zsdglrtxd51cste","previousEventId":"ycw3cs3baks61qw","operationId":"n2gzxderdk8j5vj"}
{"type":"log","timestamp":1705590323444,"level":"info","message":"Starting rendering (child) request","meta":{"rootId":"2ino87he5z7yijc","id":"oyqdyiepwsadao2"},"id":"uvky9fmqimtisg9","previousOperationId":"n2gzxderdk8j5vj"}
{"type":"log","timestamp":1705590323444,"level":"info","message":"Rendering template { name: orders-header, recipe: chrome-pdf, engine: handlebars, preview: true }","meta":{"rootId":"2ino87he5z7yijc","id":"oyqdyiepwsadao2"},"id":"bvy8gn042uxc5w1","previousOperationId":"n2gzxderdk8j5vj"}
{"type":"log","timestamp":1705590323446,"level":"debug","message":"Inline data specified.","meta":{"rootId":"2ino87he5z7yijc","id":"oyqdyiepwsadao2"},"id":"j7xvs9fvw2gk0eb","previousOperationId":"n2gzxderdk8j5vj"}
{"type":"log","timestamp":1705590323451,"level":"debug","message":"Base url not specified, skipping its injection.","meta":{"rootId":"2ino87he5z7yijc","id":"oyqdyiepwsadao2"},"id":"gfo65km9cu8dhd3","previousOperationId":"n2gzxderdk8j5vj"}
{"type":"operationStart","subtype":"engine","name":"handlebars","timestamp":1705590323452,"id":"1l8a1ap1f2tb8k7","previousEventId":"zsdglrtxd51cste","operationId":"fan6x8n4gcaxqcv","previousOperationId":"n2gzxderdk8j5vj"}
{"type":"log","timestamp":1705590323452,"level":"debug","message":"Rendering engine handlebars","meta":{"rootId":"2ino87he5z7yijc","id":"oyqdyiepwsadao2"},"id":"kevpfkul48jh5sn","previousOperationId":"fan6x8n4gcaxqcv"}
{"type":"operationEnd","operationId":"fan6x8n4gcaxqcv","timestamp":1705590323487,"id":"a7rfqtzg504jvu7","previousEventId":"1l8a1ap1f2tb8k7","previousOperationId":"fan6x8n4gcaxqcv"}
{"type":"operationStart","subtype":"recipe","name":"chrome-pdf","timestamp":1705590323487,"id":"kc0z3ebrp3qrvue","previousEventId":"a7rfqtzg504jvu7","operationId":"j64bc6ie5rxb2j6","previousOperationId":"fan6x8n4gcaxqcv"}
{"type":"log","timestamp":1705590323487,"level":"debug","message":"Executing recipe chrome-pdf","meta":{"rootId":"2ino87he5z7yijc","id":"oyqdyiepwsadao2"},"id":"gouaa5ojla6hag8","previousOperationId":"j64bc6ie5rxb2j6"}
{"type":"log","timestamp":1705590323491,"level":"debug","message":"Converting with chrome HeadlessChrome/117.0.5938.149 using chrome-pool strategy","meta":{"rootId":"2ino87he5z7yijc","id":"oyqdyiepwsadao2"},"id":"b67m2l8jc786tjs","previousOperationId":"j64bc6ie5rxb2j6"}
{"type":"log","timestamp":1705590323606,"level":"debug","message":"Page request: GET (document) file:///C:/Users/DANIEL~1/AppData/Local/Temp/jsreport/autocleanup/6b4513f0-cb5a-46a0-b3ae-6fe956352345-chrome-pdf.html","meta":{"rootId":"2ino87he5z7yijc","id":"oyqdyiepwsadao2"},"id":"m4kjuywpj848e4n","previousOperationId":"j64bc6ie5rxb2j6"}
{"type":"log","timestamp":1705590323623,"level":"debug","message":"Page request: GET (stylesheet) https://cdnjs.cloudflare.com/ajax/libs/metro/4.1.5/css/metro.min.css","meta":{"rootId":"2ino87he5z7yijc","id":"oyqdyiepwsadao2"},"id":"id6tsedhhlw1m76","previousOperationId":"j64bc6ie5rxb2j6"}
{"type":"log","timestamp":1705590323624,"level":"debug","message":"Page request finished: GET (document) 200 file:///C:/Users/DANIEL~1/AppData/Local/Temp/jsreport/autocleanup/6b4513f0-cb5a-46a0-b3ae-6fe956352345-chrome-pdf.html","meta":{"rootId":"2ino87he5z7yijc","id":"oyqdyiepwsadao2"},"id":"i3r7flcznbqy9s6","previousOperationId":"j64bc6ie5rxb2j6"}
{"type":"log","timestamp":1705590323657,"level":"debug","message":"Page request finished: GET (stylesheet) 200 https://cdnjs.cloudflare.com/ajax/libs/metro/4.1.5/css/metro.min.css","meta":{"rootId":"2ino87he5z7yijc","id":"oyqdyiepwsadao2"},"id":"ayznz8qvnm2p7ra","previousOperationId":"j64bc6ie5rxb2j6"}
{"type":"log","timestamp":1705590323682,"level":"debug","message":"Running chrome with params {\"printBackground\":true,\"marginTop\":\"1.5cm\",\"marginRight\":\"1.5cm\",\"marginLeft\":\"1.cm\",\"timeout\":59581,\"margin\":{\"top\":\"1.5cm\",\"right\":\"1.5cm\",\"left\":\"1.cm\"}}","meta":{"rootId":"2ino87he5z7yijc","id":"oyqdyiepwsadao2"},"id":"dasacha6jscmi9i","previousOperationId":"j64bc6ie5rxb2j6"}
{"type":"operationEnd","operationId":"j64bc6ie5rxb2j6","timestamp":1705590323739,"id":"mb67s6oanqdyzmz","previousEventId":"kc0z3ebrp3qrvue","previousOperationId":"j64bc6ie5rxb2j6"}
{"type":"log","timestamp":1705590323739,"level":"debug","message":"Skipping storing report.","meta":{"rootId":"2ino87he5z7yijc","id":"oyqdyiepwsadao2"},"id":"okm5qtsmj8o0tis","previousOperationId":"j64bc6ie5rxb2j6"}
{"type":"log","timestamp":1705590323739,"level":"info","message":"Rendering (child) request finished in 669 ms","meta":{"rootId":"2ino87he5z7yijc","id":"oyqdyiepwsadao2"},"id":"3z66p74l0k9viyb","previousOperationId":"j64bc6ie5rxb2j6"}
{"type":"operationEnd","subtype":"render","operationId":"n2gzxderdk8j5vj","timestamp":1705590323739,"id":"xdkkvswi418lmh6","previousEventId":"mb67s6oanqdyzmz","previousOperationId":"j64bc6ie5rxb2j6"}
{"type":"operationEnd","operationId":"gcfjhjsm9c6dmvv","timestamp":1705590323752,"id":"zepnnbxtv1t0hep","previousEventId":"ycw3cs3baks61qw","previousOperationId":"gcfjhjsm9c6dmvv"}
{"type":"log","timestamp":1705590323752,"level":"debug","message":"pdf-utils postproces start","meta":{"rootId":"2ino87he5z7yijc","id":"2ino87he5z7yijc"},"id":"625l4ihc1jk15y3","previousOperationId":"gcfjhjsm9c6dmvv"}
{"type":"log","timestamp":1705590323764,"level":"debug","message":"pdf-utils postproces end","meta":{"rootId":"2ino87he5z7yijc","id":"2ino87he5z7yijc"},"id":"ktb30b6ayg1wmhr","previousOperationId":"gcfjhjsm9c6dmvv"}
{"type":"operationEnd","operationId":"vztmvloxag0g41w","timestamp":1705590323764,"id":"ec1yseg8wuvxw24","previousEventId":"zepnnbxtv1t0hep","previousOperationId":"gcfjhjsm9c6dmvv"}
{"type":"log","timestamp":1705590323764,"level":"info","message":"pdf-utils pdf processing was finished","meta":{"rootId":"2ino87he5z7yijc","id":"2ino87he5z7yijc"},"id":"fvqtiem1w2bak1w","previousOperationId":"vztmvloxag0g41w"}
{"type":"log","timestamp":1705590323765,"level":"debug","message":"Skipping storing report.","meta":{"rootId":"2ino87he5z7yijc","id":"2ino87he5z7yijc"},"id":"xzfyvkc7v90tfk8","previousOperationId":"vztmvloxag0g41w"}
{"type":"log","timestamp":1705590323765,"level":"info","message":"Rendering request 27 finished in 695 ms","meta":{"rootId":"2ino87he5z7yijc","id":"2ino87he5z7yijc"},"id":"kx35prgmtwfq49a","previousOperationId":"vztmvloxag0g41w"}
{"type":"operationEnd","subtype":"render","operationId":"9qne5auevtbz8c3","timestamp":1705590323765,"id":"kkp0f66d5uan4um","previousEventId":"ec1yseg8wuvxw24","previousOperationId":"vztmvloxag0g41w"}
{"type":"operationEnd","doDiffs":false,"previousEventId":"9mqk95unpc31l2c","previousOperationId":"vijcvjc8vs8bmsi","operationId":"vijcvjc8vs8bmsi","timestamp":1705590323778,"id":"78bvajr5gqjrp4c"}
