{"type":"operationStart","subtype":"profile","data":{"_id":"EgQin76cd1MKrKEX","timestamp":"2024-02-21T19:20:03.987Z","state":"queued","mode":"standard","creationDate":"2024-02-21T19:20:03.988Z","modificationDate":"2024-02-21T19:20:03.988Z","shortid":"JeHszWJ","$entitySet":"profiles"},"doDiffs":false,"timestamp":1708543203987,"id":"edauseuurv3thtr","previousOperationId":null,"operationId":"j5x9aww5hbfkfmh"}
{"type":"log","level":"info","message":"Render request 34 queued for execution and waiting for available worker","previousOperationId":"j5x9aww5hbfkfmh","timestamp":1708543203987,"id":"8konu98umpsunkr"}
{"type":"operationStart","subtype":"render","name":"orders-main","previousOperationId":"j5x9aww5hbfkfmh","timestamp":1708543203991,"id":"pc4quqqxvv8hjq6","previousEventId":"edauseuurv3thtr","operationId":"2osjwfi6hi1yfqy"}
{"type":"log","timestamp":1708543203992,"level":"info","message":"Starting rendering request 34","meta":{"rootId":"2u4b979899mywux","id":"2u4b979899mywux"},"id":"ev0dx4knu3yjsrw","previousOperationId":"2osjwfi6hi1yfqy"}
{"type":"log","timestamp":1708543203993,"level":"info","message":"Rendering template { name: orders-main, recipe: chrome-pdf, engine: handlebars, preview: false }","meta":{"rootId":"2u4b979899mywux","id":"2u4b979899mywux"},"id":"n6tcybnscxwz568","previousOperationId":"2osjwfi6hi1yfqy"}
{"type":"log","timestamp":1708543203995,"level":"debug","message":"Data item not defined for this template.","meta":{"rootId":"2u4b979899mywux","id":"2u4b979899mywux"},"id":"9m8dek8obo37scj","previousOperationId":"2osjwfi6hi1yfqy"}
{"type":"log","timestamp":1708543203997,"level":"debug","message":"Executing script orders-script (beforeRender)","meta":{"rootId":"2u4b979899mywux","id":"2u4b979899mywux"},"id":"03n10uqrnw6wg6r","previousOperationId":"2osjwfi6hi1yfqy"}
{"type":"operationStart","subtype":"scriptsBeforeRender","name":"scripts beforeRender","timestamp":1708543204011,"id":"9lkvew7daf7nqoq","previousEventId":"pc4quqqxvv8hjq6","operationId":"msrkz3bv4v1bcnc","previousOperationId":"2osjwfi6hi1yfqy"}
{"type":"operationStart","subtype":"script","name":"scripts orders-script","previousOperationId":"msrkz3bv4v1bcnc","timestamp":1708543204011,"id":"wz6dd55ef7g3j9c","previousEventId":"9lkvew7daf7nqoq","operationId":"oiacvbtvnpm57qv"}
{"type":"log","timestamp":1708543204020,"level":"debug","message":"(console:log) [ 'ola', 'oola', 'Race1', 'Race2' ]","meta":{"userLevel":true,"rootId":"2u4b979899mywux","id":"2u4b979899mywux"},"id":"cxew71yujfpomzy","previousOperationId":"oiacvbtvnpm57qv"}
{"type":"log","timestamp":1708543204020,"level":"debug","message":"(console:log) [ 0, 0, 1, 1 ]","meta":{"userLevel":true,"rootId":"2u4b979899mywux","id":"2u4b979899mywux"},"id":"eo9yn1nzp45yt54","previousOperationId":"oiacvbtvnpm57qv"}
{"type":"operationEnd","operationId":"oiacvbtvnpm57qv","timestamp":1708543204020,"id":"jxwlo39tnfjqsqb","previousEventId":"pc4quqqxvv8hjq6","previousOperationId":"2osjwfi6hi1yfqy"}
{"type":"operationEnd","operationId":"msrkz3bv4v1bcnc","timestamp":1708543204020,"id":"2rt9hlwwc0rzj25","previousEventId":"jxwlo39tnfjqsqb","previousOperationId":"2osjwfi6hi1yfqy"}
{"type":"log","timestamp":1708543204020,"level":"debug","message":"Base url not specified, skipping its injection.","meta":{"rootId":"2u4b979899mywux","id":"2u4b979899mywux"},"id":"ioz2aoj9ufje2t6","previousOperationId":"msrkz3bv4v1bcnc"}
{"type":"operationStart","subtype":"engine","name":"handlebars","timestamp":1708543204020,"id":"wm6el79lc3t5tik","previousEventId":"2rt9hlwwc0rzj25","operationId":"7r7emc43mfg5c1z","previousOperationId":"msrkz3bv4v1bcnc"}
{"type":"log","timestamp":1708543204020,"level":"debug","message":"Rendering engine handlebars","meta":{"rootId":"2u4b979899mywux","id":"2u4b979899mywux"},"id":"gncj2jqp432f7tg","previousOperationId":"7r7emc43mfg5c1z"}
{"type":"log","timestamp":1708543204023,"level":"debug","message":"(console:log) Pdf utils adding group field, value: \"ola\"","meta":{"userLevel":true,"rootId":"2u4b979899mywux","id":"2u4b979899mywux"},"id":"4dovjabersv245x","previousOperationId":"7r7emc43mfg5c1z"}
{"type":"log","timestamp":1708543204023,"level":"debug","message":"(console:log) Pdf utils adding group field, value: \"oola\"","meta":{"userLevel":true,"rootId":"2u4b979899mywux","id":"2u4b979899mywux"},"id":"s1dwwyz7abmvfzd","previousOperationId":"7r7emc43mfg5c1z"}
{"type":"log","timestamp":1708543204023,"level":"debug","message":"(console:log) Pdf utils adding group field, value: \"Race1\"","meta":{"userLevel":true,"rootId":"2u4b979899mywux","id":"2u4b979899mywux"},"id":"1ex2wade6wrvy4g","previousOperationId":"7r7emc43mfg5c1z"}
{"type":"log","timestamp":1708543204023,"level":"debug","message":"(console:log) Pdf utils adding group field, value: \"Race2\"","meta":{"userLevel":true,"rootId":"2u4b979899mywux","id":"2u4b979899mywux"},"id":"bvlk4utirj5u72q","previousOperationId":"7r7emc43mfg5c1z"}
{"type":"operationEnd","operationId":"7r7emc43mfg5c1z","timestamp":1708543204023,"id":"yzsgcgl7vj6eb16","previousEventId":"wm6el79lc3t5tik","previousOperationId":"7r7emc43mfg5c1z"}
{"type":"operationStart","subtype":"recipe","name":"chrome-pdf","timestamp":1708543204023,"id":"3smd73mbrx19otw","previousEventId":"yzsgcgl7vj6eb16","operationId":"9oguaxz5gu1phr8","previousOperationId":"7r7emc43mfg5c1z"}
{"type":"log","timestamp":1708543204023,"level":"debug","message":"Executing recipe chrome-pdf","meta":{"rootId":"2u4b979899mywux","id":"2u4b979899mywux"},"id":"kuyu8e9pt2vmjsb","previousOperationId":"9oguaxz5gu1phr8"}
{"type":"log","timestamp":1708543204025,"level":"debug","message":"Converting with chrome HeadlessChrome/117.0.5938.149 using chrome-pool strategy","meta":{"rootId":"2u4b979899mywux","id":"2u4b979899mywux"},"id":"nrm1s7y9lmjruar","previousOperationId":"9oguaxz5gu1phr8"}
{"type":"log","timestamp":1708543204072,"level":"debug","message":"Page request: GET (document) file:///var/folders/tp/6hccbwhd41s4hkmxw_2wkz640000gn/T/jsreport/autocleanup/39a74974-1163-481b-9bc0-cdf81a0562f7-chrome-pdf.html","meta":{"rootId":"2u4b979899mywux","id":"2u4b979899mywux"},"id":"xzxph8cm48k7qmi","previousOperationId":"9oguaxz5gu1phr8"}
{"type":"log","timestamp":1708543204078,"level":"debug","message":"Page request: GET (stylesheet) https://cdnjs.cloudflare.com/ajax/libs/metro/4.1.5/css/metro.min.css","meta":{"rootId":"2u4b979899mywux","id":"2u4b979899mywux"},"id":"vyyet11bnspk122","previousOperationId":"9oguaxz5gu1phr8"}
{"type":"log","timestamp":1708543204078,"level":"debug","message":"Page request: GET (script) https://cdn.jsdelivr.net/npm/chart.js","meta":{"rootId":"2u4b979899mywux","id":"2u4b979899mywux"},"id":"x02exy55536wfmn","previousOperationId":"9oguaxz5gu1phr8"}
{"type":"log","timestamp":1708543204078,"level":"debug","message":"Page request finished: GET (document) 200 file:///var/folders/tp/6hccbwhd41s4hkmxw_2wkz640000gn/T/jsreport/autocleanup/39a74974-1163-481b-9bc0-cdf81a0562f7-chrome-pdf.html","meta":{"rootId":"2u4b979899mywux","id":"2u4b979899mywux"},"id":"esr0avkmyqipdjc","previousOperationId":"9oguaxz5gu1phr8"}
{"type":"log","timestamp":1708543204086,"level":"debug","message":"Page request finished: GET (stylesheet) 200 https://cdnjs.cloudflare.com/ajax/libs/metro/4.1.5/css/metro.min.css","meta":{"rootId":"2u4b979899mywux","id":"2u4b979899mywux"},"id":"8tjlel1j8tvyjui","previousOperationId":"9oguaxz5gu1phr8"}
{"type":"log","timestamp":1708543204086,"level":"debug","message":"Page request finished: GET (script) 200 https://cdn.jsdelivr.net/npm/chart.js","meta":{"rootId":"2u4b979899mywux","id":"2u4b979899mywux"},"id":"h9oqjc5yae1dr62","previousOperationId":"9oguaxz5gu1phr8"}
{"type":"log","timestamp":1708543204136,"level":"debug","message":"Running chrome with params {\"printBackground\":true,\"marginTop\":\"4cm\",\"marginRight\":\"1.5cm\",\"marginBottom\":\"1.5cm\",\"marginLeft\":\"1.5cm\",\"waitForJS\":false,\"timeout\":59962,\"margin\":{\"top\":\"4cm\",\"right\":\"1.5cm\",\"bottom\":\"1.5cm\",\"left\":\"1.5cm\"}}","meta":{"rootId":"2u4b979899mywux","id":"2u4b979899mywux"},"id":"204v8x7ysbv1ked","previousOperationId":"9oguaxz5gu1phr8"}
{"type":"operationEnd","operationId":"9oguaxz5gu1phr8","timestamp":1708543204173,"id":"krayvast6gdxq4a","previousEventId":"3smd73mbrx19otw","previousOperationId":"9oguaxz5gu1phr8"}
{"type":"log","timestamp":1708543204173,"level":"info","message":"pdf-utils is starting pdf processing","meta":{"rootId":"2u4b979899mywux","id":"2u4b979899mywux"},"id":"bhidxsgv2s5j96n","previousOperationId":"9oguaxz5gu1phr8"}
{"type":"operationStart","subtype":"pdfUtils","name":"pdf utils","timestamp":1708543204173,"id":"jemkbyg2xths67f","previousEventId":"krayvast6gdxq4a","operationId":"d8tnywk2aj3pxad","previousOperationId":"9oguaxz5gu1phr8"}
{"type":"log","timestamp":1708543204173,"level":"debug","message":"pdf-utils detected 1 pdf operation(s) to process","meta":{"rootId":"2u4b979899mywux","id":"2u4b979899mywux"},"id":"ar6uuxr1l97dyy2","previousOperationId":"d8tnywk2aj3pxad"}
{"type":"log","timestamp":1708543204197,"level":"debug","message":"pdf-utils running pdf operation merge","meta":{"rootId":"2u4b979899mywux","id":"2u4b979899mywux"},"id":"u3r9euhcspjdnp0","previousOperationId":"d8tnywk2aj3pxad"}
{"type":"operationStart","subtype":"pdfUtilsMerge","name":"pdf utils merge","previousOperationId":"d8tnywk2aj3pxad","timestamp":1708543204197,"id":"w7koz3b6euwu9dd","previousEventId":"jemkbyg2xths67f","operationId":"ezrg0glm8rdkwza"}
{"type":"operationStart","subtype":"render","name":"orders-header","previousOperationId":"ezrg0glm8rdkwza","timestamp":1708543204197,"id":"fybei7j78yykm0m","previousEventId":"w7koz3b6euwu9dd","operationId":"armlxwfubi3yq2n"}
{"type":"log","timestamp":1708543204197,"level":"info","message":"Starting rendering (child) request","meta":{"rootId":"2u4b979899mywux","id":"j63zikon2zq399t"},"id":"0s5rihcffmahjy8","previousOperationId":"armlxwfubi3yq2n"}
{"type":"log","timestamp":1708543204197,"level":"info","message":"Rendering template { name: orders-header, recipe: chrome-pdf, engine: handlebars, preview: false }","meta":{"rootId":"2u4b979899mywux","id":"j63zikon2zq399t"},"id":"zo9vjvpnjctjlu0","previousOperationId":"armlxwfubi3yq2n"}
{"type":"log","timestamp":1708543204198,"level":"debug","message":"Inline data specified.","meta":{"rootId":"2u4b979899mywux","id":"j63zikon2zq399t"},"id":"nws1dbj3mipkc4y","previousOperationId":"armlxwfubi3yq2n"}
{"type":"log","timestamp":1708543204198,"level":"debug","message":"Base url not specified, skipping its injection.","meta":{"rootId":"2u4b979899mywux","id":"j63zikon2zq399t"},"id":"366qdlvbs1wog0n","previousOperationId":"armlxwfubi3yq2n"}
{"type":"operationStart","subtype":"engine","name":"handlebars","timestamp":1708543204198,"id":"zmp6s07i99j4bsv","previousEventId":"fybei7j78yykm0m","operationId":"qsm9z9zbmeszxac","previousOperationId":"armlxwfubi3yq2n"}
{"type":"log","timestamp":1708543204198,"level":"debug","message":"Rendering engine handlebars","meta":{"rootId":"2u4b979899mywux","id":"j63zikon2zq399t"},"id":"ot3yh7wjtui7php","previousOperationId":"qsm9z9zbmeszxac"}
{"type":"operationEnd","operationId":"qsm9z9zbmeszxac","timestamp":1708543204201,"id":"xf9as4tgyuhd6r4","previousEventId":"zmp6s07i99j4bsv","previousOperationId":"qsm9z9zbmeszxac"}
{"type":"operationStart","subtype":"recipe","name":"chrome-pdf","timestamp":1708543204201,"id":"g2zu4katyv3za8r","previousEventId":"xf9as4tgyuhd6r4","operationId":"a3y4uvv40en15fb","previousOperationId":"qsm9z9zbmeszxac"}
{"type":"log","timestamp":1708543204201,"level":"debug","message":"Executing recipe chrome-pdf","meta":{"rootId":"2u4b979899mywux","id":"j63zikon2zq399t"},"id":"fpwsuesji22r58l","previousOperationId":"a3y4uvv40en15fb"}
{"type":"log","timestamp":1708543204204,"level":"debug","message":"Converting with chrome HeadlessChrome/117.0.5938.149 using chrome-pool strategy","meta":{"rootId":"2u4b979899mywux","id":"j63zikon2zq399t"},"id":"x4fwotjj6e93n4m","previousOperationId":"a3y4uvv40en15fb"}
{"type":"log","timestamp":1708543204241,"level":"debug","message":"Page request: GET (document) file:///var/folders/tp/6hccbwhd41s4hkmxw_2wkz640000gn/T/jsreport/autocleanup/db83564c-f8ea-40a4-82f4-a268cacfcd1a-chrome-pdf.html","meta":{"rootId":"2u4b979899mywux","id":"j63zikon2zq399t"},"id":"dlcjm3yaj7t77yp","previousOperationId":"a3y4uvv40en15fb"}
{"type":"log","timestamp":1708543204245,"level":"debug","message":"Page request: GET (stylesheet) https://cdnjs.cloudflare.com/ajax/libs/metro/4.1.5/css/metro.min.css","meta":{"rootId":"2u4b979899mywux","id":"j63zikon2zq399t"},"id":"wj5cshyjgda32eu","previousOperationId":"a3y4uvv40en15fb"}
{"type":"log","timestamp":1708543204245,"level":"debug","message":"Page request finished: GET (document) 200 file:///var/folders/tp/6hccbwhd41s4hkmxw_2wkz640000gn/T/jsreport/autocleanup/db83564c-f8ea-40a4-82f4-a268cacfcd1a-chrome-pdf.html","meta":{"rootId":"2u4b979899mywux","id":"j63zikon2zq399t"},"id":"hywkseaoayamo5u","previousOperationId":"a3y4uvv40en15fb"}
{"type":"log","timestamp":1708543204252,"level":"debug","message":"Page request finished: GET (stylesheet) 200 https://cdnjs.cloudflare.com/ajax/libs/metro/4.1.5/css/metro.min.css","meta":{"rootId":"2u4b979899mywux","id":"j63zikon2zq399t"},"id":"ky5cdjk255sr0gl","previousOperationId":"a3y4uvv40en15fb"}
{"type":"log","timestamp":1708543204271,"level":"debug","message":"Running chrome with params {\"printBackground\":true,\"marginTop\":\"1.5cm\",\"marginRight\":\"1.5cm\",\"marginLeft\":\"1.cm\",\"timeout\":59783,\"margin\":{\"top\":\"1.5cm\",\"right\":\"1.5cm\",\"left\":\"1.cm\"}}","meta":{"rootId":"2u4b979899mywux","id":"j63zikon2zq399t"},"id":"tv5w6rmq1j200xx","previousOperationId":"a3y4uvv40en15fb"}
{"type":"operationEnd","operationId":"a3y4uvv40en15fb","timestamp":1708543204311,"id":"qjdot3bsi5zozoz","previousEventId":"g2zu4katyv3za8r","previousOperationId":"a3y4uvv40en15fb"}
{"type":"log","timestamp":1708543204311,"level":"debug","message":"Skipping storing report.","meta":{"rootId":"2u4b979899mywux","id":"j63zikon2zq399t"},"id":"40mdpdrbiboh8lc","previousOperationId":"a3y4uvv40en15fb"}
{"type":"log","timestamp":1708543204311,"level":"info","message":"Rendering (child) request finished in 325 ms","meta":{"rootId":"2u4b979899mywux","id":"j63zikon2zq399t"},"id":"rj66shzf2rqh4l4","previousOperationId":"a3y4uvv40en15fb"}
{"type":"operationEnd","subtype":"render","operationId":"armlxwfubi3yq2n","timestamp":1708543204312,"id":"qkq602j3x0qp72e","previousEventId":"qjdot3bsi5zozoz","previousOperationId":"a3y4uvv40en15fb"}
{"type":"operationEnd","operationId":"ezrg0glm8rdkwza","timestamp":1708543204333,"id":"q7iojza6x55tsq9","previousEventId":"w7koz3b6euwu9dd","previousOperationId":"ezrg0glm8rdkwza"}
{"type":"log","timestamp":1708543204333,"level":"debug","message":"pdf-utils postproces start","meta":{"rootId":"2u4b979899mywux","id":"2u4b979899mywux"},"id":"4znozycyu8sfete","previousOperationId":"ezrg0glm8rdkwza"}
{"type":"log","timestamp":1708543204359,"level":"debug","message":"pdf-utils postproces end","meta":{"rootId":"2u4b979899mywux","id":"2u4b979899mywux"},"id":"m8svpg0kuvib5ah","previousOperationId":"ezrg0glm8rdkwza"}
{"type":"operationEnd","operationId":"d8tnywk2aj3pxad","timestamp":1708543204359,"id":"rmrjx68xnn89juq","previousEventId":"q7iojza6x55tsq9","previousOperationId":"ezrg0glm8rdkwza"}
{"type":"log","timestamp":1708543204359,"level":"info","message":"pdf-utils pdf processing was finished","meta":{"rootId":"2u4b979899mywux","id":"2u4b979899mywux"},"id":"g70pygbqp0r2jc1","previousOperationId":"d8tnywk2aj3pxad"}
{"type":"log","timestamp":1708543204359,"level":"debug","message":"Skipping storing report.","meta":{"rootId":"2u4b979899mywux","id":"2u4b979899mywux"},"id":"a4ekvp3k7ansk61","previousOperationId":"d8tnywk2aj3pxad"}
{"type":"log","timestamp":1708543204359,"level":"info","message":"Rendering request 34 finished in 373 ms","meta":{"rootId":"2u4b979899mywux","id":"2u4b979899mywux"},"id":"5zgrq9om5cwjl6u","previousOperationId":"d8tnywk2aj3pxad"}
{"type":"operationEnd","subtype":"render","operationId":"2osjwfi6hi1yfqy","timestamp":1708543204359,"id":"je7tkxidg7y0iwa","previousEventId":"rmrjx68xnn89juq","previousOperationId":"d8tnywk2aj3pxad"}
{"type":"operationEnd","doDiffs":false,"previousEventId":"edauseuurv3thtr","previousOperationId":"j5x9aww5hbfkfmh","operationId":"j5x9aww5hbfkfmh","timestamp":1708543204361,"id":"fp60h3r7n6qmnq6"}
