{"type":"operationStart","subtype":"profile","data":{"_id":"uoazJDXq2bGzkWaa","timestamp":"2024-01-18T15:11:25.748Z","state":"queued","mode":"standard","creationDate":"2024-01-18T15:11:25.752Z","modificationDate":"2024-01-18T15:11:25.752Z","shortid":"ILI1dnZ","$entitySet":"profiles"},"doDiffs":false,"timestamp":1705590685750,"id":"bw4ws5h3mg0tryc","previousOperationId":null,"operationId":"m55shqn7tg4ukt3"}
{"type":"log","level":"info","message":"Render request 36 queued for execution and waiting for available worker","previousOperationId":"m55shqn7tg4ukt3","timestamp":1705590685751,"id":"g61qld3wn6qgabq"}
{"type":"operationStart","subtype":"render","name":"orders-main","previousOperationId":"m55shqn7tg4ukt3","timestamp":1705590685766,"id":"4t2ltrb6qkhtc3m","previousEventId":"bw4ws5h3mg0tryc","operationId":"k7o8a77boqubdul"}
{"type":"log","timestamp":1705590685766,"level":"info","message":"Starting rendering request 36","meta":{"rootId":"2zpj6iux59955kr","id":"2zpj6iux59955kr"},"id":"2triromghxxbqux","previousOperationId":"k7o8a77boqubdul"}
{"type":"log","timestamp":1705590685767,"level":"info","message":"Rendering template { name: orders-main, recipe: chrome-pdf, engine: handlebars, preview: true }","meta":{"rootId":"2zpj6iux59955kr","id":"2zpj6iux59955kr"},"id":"f5ttz5ss4i3bnsg","previousOperationId":"k7o8a77boqubdul"}
{"type":"log","timestamp":1705590685768,"level":"debug","message":"Data item not defined for this template.","meta":{"rootId":"2zpj6iux59955kr","id":"2zpj6iux59955kr"},"id":"911ppgigxifgeeu","previousOperationId":"k7o8a77boqubdul"}
{"type":"log","timestamp":1705590685771,"level":"debug","message":"Executing script orders-script (beforeRender)","meta":{"rootId":"2zpj6iux59955kr","id":"2zpj6iux59955kr"},"id":"nfer65ta8ipa0hc","previousOperationId":"k7o8a77boqubdul"}
{"type":"operationStart","subtype":"scriptsBeforeRender","name":"scripts beforeRender","timestamp":1705590685795,"id":"rno99ohw0hi752b","previousEventId":"4t2ltrb6qkhtc3m","operationId":"9g7xheosoqwiz3f","previousOperationId":"k7o8a77boqubdul"}
{"type":"operationStart","subtype":"script","name":"scripts orders-script","previousOperationId":"9g7xheosoqwiz3f","timestamp":1705590685795,"id":"qo44nwg59r2oxo2","previousEventId":"rno99ohw0hi752b","operationId":"h3t90y8ou6m7p2j"}
{"type":"operationEnd","operationId":"h3t90y8ou6m7p2j","timestamp":1705590685817,"id":"llhf5q6yd7k2frr","previousEventId":"4t2ltrb6qkhtc3m","previousOperationId":"k7o8a77boqubdul"}
{"type":"operationEnd","operationId":"9g7xheosoqwiz3f","timestamp":1705590685818,"id":"90ws3n1q7ncphb2","previousEventId":"llhf5q6yd7k2frr","previousOperationId":"k7o8a77boqubdul"}
{"type":"log","timestamp":1705590685818,"level":"debug","message":"Base url not specified, skipping its injection.","meta":{"rootId":"2zpj6iux59955kr","id":"2zpj6iux59955kr"},"id":"mg5sy43cr7f8da2","previousOperationId":"9g7xheosoqwiz3f"}
{"type":"operationStart","subtype":"engine","name":"handlebars","timestamp":1705590685818,"id":"p6qdtmfav5tg8o1","previousEventId":"90ws3n1q7ncphb2","operationId":"mceud9r5l4x95fq","previousOperationId":"9g7xheosoqwiz3f"}
{"type":"log","timestamp":1705590685818,"level":"debug","message":"Rendering engine handlebars","meta":{"rootId":"2zpj6iux59955kr","id":"2zpj6iux59955kr"},"id":"zfocxo0wtmnwe32","previousOperationId":"mceud9r5l4x95fq"}
{"type":"log","timestamp":1705590685841,"level":"debug","message":"(console:log) Pdf utils adding group field, value: \"Race1\"","meta":{"userLevel":true,"rootId":"2zpj6iux59955kr","id":"2zpj6iux59955kr"},"id":"4fwbg1za2r50dmy","previousOperationId":"mceud9r5l4x95fq"}
{"type":"log","timestamp":1705590685841,"level":"debug","message":"(console:log) Pdf utils adding group field, value: \"Race2\"","meta":{"userLevel":true,"rootId":"2zpj6iux59955kr","id":"2zpj6iux59955kr"},"id":"0f7aae14pm03ke7","previousOperationId":"mceud9r5l4x95fq"}
{"type":"operationEnd","operationId":"mceud9r5l4x95fq","timestamp":1705590685842,"id":"3axee4a1skcocc5","previousEventId":"p6qdtmfav5tg8o1","previousOperationId":"mceud9r5l4x95fq"}
{"type":"operationStart","subtype":"recipe","name":"chrome-pdf","timestamp":1705590685842,"id":"vux5zxmvj4qq7x2","previousEventId":"3axee4a1skcocc5","operationId":"7hllkhzvfc9nhz1","previousOperationId":"mceud9r5l4x95fq"}
{"type":"log","timestamp":1705590685842,"level":"debug","message":"Executing recipe chrome-pdf","meta":{"rootId":"2zpj6iux59955kr","id":"2zpj6iux59955kr"},"id":"0ezot6fc3ogcoz8","previousOperationId":"7hllkhzvfc9nhz1"}
{"type":"log","timestamp":1705590685846,"level":"debug","message":"Converting with chrome HeadlessChrome/117.0.5938.149 using chrome-pool strategy","meta":{"rootId":"2zpj6iux59955kr","id":"2zpj6iux59955kr"},"id":"idww09c30ndx0zt","previousOperationId":"7hllkhzvfc9nhz1"}
{"type":"log","timestamp":1705590685984,"level":"debug","message":"Page request: GET (document) file:///C:/Users/DANIEL~1/AppData/Local/Temp/jsreport/autocleanup/05388172-7d84-4b9b-9808-48246abd39b0-chrome-pdf.html","meta":{"rootId":"2zpj6iux59955kr","id":"2zpj6iux59955kr"},"id":"8s8o0odkbcti0w6","previousOperationId":"7hllkhzvfc9nhz1"}
{"type":"log","timestamp":1705590686031,"level":"debug","message":"Page request finished: GET (document) 200 file:///C:/Users/DANIEL~1/AppData/Local/Temp/jsreport/autocleanup/05388172-7d84-4b9b-9808-48246abd39b0-chrome-pdf.html","meta":{"rootId":"2zpj6iux59955kr","id":"2zpj6iux59955kr"},"id":"bh8t89rx11dptxl","previousOperationId":"7hllkhzvfc9nhz1"}
{"type":"log","timestamp":1705590686032,"level":"debug","message":"Page request: GET (stylesheet) https://cdnjs.cloudflare.com/ajax/libs/metro/4.1.5/css/metro.min.css","meta":{"rootId":"2zpj6iux59955kr","id":"2zpj6iux59955kr"},"id":"edyfxerkosyy5sq","previousOperationId":"7hllkhzvfc9nhz1"}
{"type":"log","timestamp":1705590686033,"level":"debug","message":"Page request: GET (script) https://cdnjs.cloudflare.com/ajax/libs/Chart.js/2.9.4/Chart.js","meta":{"rootId":"2zpj6iux59955kr","id":"2zpj6iux59955kr"},"id":"g8ui1qbarei90iz","previousOperationId":"7hllkhzvfc9nhz1"}
{"type":"log","timestamp":1705590686064,"level":"debug","message":"Page request finished: GET (stylesheet) 200 https://cdnjs.cloudflare.com/ajax/libs/metro/4.1.5/css/metro.min.css","meta":{"rootId":"2zpj6iux59955kr","id":"2zpj6iux59955kr"},"id":"d93il68sx96ne4g","previousOperationId":"7hllkhzvfc9nhz1"}
{"type":"log","timestamp":1705590686064,"level":"debug","message":"Page request finished: GET (script) 200 https://cdnjs.cloudflare.com/ajax/libs/Chart.js/2.9.4/Chart.js","meta":{"rootId":"2zpj6iux59955kr","id":"2zpj6iux59955kr"},"id":"eyr7n5pnuovcr51","previousOperationId":"7hllkhzvfc9nhz1"}
{"type":"log","timestamp":1705590686070,"level":"warn","message":"Page error: Missing initializer in const declaration , stack: SyntaxError: Missing initializer in const declaration","meta":{"rootId":"2zpj6iux59955kr","id":"2zpj6iux59955kr"},"id":"zqbhqhzdli3qk4n","previousOperationId":"7hllkhzvfc9nhz1"}
{"type":"log","timestamp":1705590686112,"level":"debug","message":"Running chrome with params {\"printBackground\":true,\"marginTop\":\"4cm\",\"marginRight\":\"1.5cm\",\"marginBottom\":\"1.5cm\",\"marginLeft\":\"1.5cm\",\"waitForJS\":false,\"timeout\":59903,\"margin\":{\"top\":\"4cm\",\"right\":\"1.5cm\",\"bottom\":\"1.5cm\",\"left\":\"1.5cm\"}}","meta":{"rootId":"2zpj6iux59955kr","id":"2zpj6iux59955kr"},"id":"iwlgr3yglftz8wu","previousOperationId":"7hllkhzvfc9nhz1"}
{"type":"operationEnd","operationId":"7hllkhzvfc9nhz1","timestamp":1705590686236,"id":"zrsstf07yrrxqgj","previousEventId":"vux5zxmvj4qq7x2","previousOperationId":"7hllkhzvfc9nhz1"}
{"type":"log","timestamp":1705590686236,"level":"info","message":"pdf-utils is starting pdf processing","meta":{"rootId":"2zpj6iux59955kr","id":"2zpj6iux59955kr"},"id":"s9c6avl610vwlcu","previousOperationId":"7hllkhzvfc9nhz1"}
{"type":"operationStart","subtype":"pdfUtils","name":"pdf utils","timestamp":1705590686237,"id":"81hcqskzk3phfso","previousEventId":"zrsstf07yrrxqgj","operationId":"gmmd7tj1zfy5kzt","previousOperationId":"7hllkhzvfc9nhz1"}
{"type":"log","timestamp":1705590686238,"level":"debug","message":"pdf-utils detected 1 pdf operation(s) to process","meta":{"rootId":"2zpj6iux59955kr","id":"2zpj6iux59955kr"},"id":"knilxu237dcvxmq","previousOperationId":"gmmd7tj1zfy5kzt"}
{"type":"log","timestamp":1705590686277,"level":"debug","message":"pdf-utils running pdf operation merge","meta":{"rootId":"2zpj6iux59955kr","id":"2zpj6iux59955kr"},"id":"t8lqiuawek2cbg4","previousOperationId":"gmmd7tj1zfy5kzt"}
{"type":"operationStart","subtype":"pdfUtilsMerge","name":"pdf utils merge","previousOperationId":"gmmd7tj1zfy5kzt","timestamp":1705590686277,"id":"63dwtnqfm0c9llu","previousEventId":"81hcqskzk3phfso","operationId":"6o9mq0c4jqiniz9"}
{"type":"operationStart","subtype":"render","name":"orders-header","previousOperationId":"6o9mq0c4jqiniz9","timestamp":1705590686279,"id":"6v35659j7aktyg7","previousEventId":"63dwtnqfm0c9llu","operationId":"qeh50bhqvsbyvaf"}
{"type":"log","timestamp":1705590686279,"level":"info","message":"Starting rendering (child) request","meta":{"rootId":"2zpj6iux59955kr","id":"kvc8x0ngou3t6z5"},"id":"0x41fk9nr9gpbec","previousOperationId":"qeh50bhqvsbyvaf"}
{"type":"log","timestamp":1705590686280,"level":"info","message":"Rendering template { name: orders-header, recipe: chrome-pdf, engine: handlebars, preview: true }","meta":{"rootId":"2zpj6iux59955kr","id":"kvc8x0ngou3t6z5"},"id":"b2oba8n7ay699g3","previousOperationId":"qeh50bhqvsbyvaf"}
{"type":"log","timestamp":1705590686281,"level":"debug","message":"Inline data specified.","meta":{"rootId":"2zpj6iux59955kr","id":"kvc8x0ngou3t6z5"},"id":"um0q98vutgroqtt","previousOperationId":"qeh50bhqvsbyvaf"}
{"type":"log","timestamp":1705590686284,"level":"debug","message":"Base url not specified, skipping its injection.","meta":{"rootId":"2zpj6iux59955kr","id":"kvc8x0ngou3t6z5"},"id":"mesn004obus1ilr","previousOperationId":"qeh50bhqvsbyvaf"}
{"type":"operationStart","subtype":"engine","name":"handlebars","timestamp":1705590686284,"id":"81gphg88coh7728","previousEventId":"6v35659j7aktyg7","operationId":"ybhy18tvergjkp5","previousOperationId":"qeh50bhqvsbyvaf"}
{"type":"log","timestamp":1705590686284,"level":"debug","message":"Rendering engine handlebars","meta":{"rootId":"2zpj6iux59955kr","id":"kvc8x0ngou3t6z5"},"id":"00h3i2p2182glt6","previousOperationId":"ybhy18tvergjkp5"}
{"type":"operationEnd","operationId":"ybhy18tvergjkp5","timestamp":1705590686317,"id":"64q3e9rli481fj0","previousEventId":"81gphg88coh7728","previousOperationId":"ybhy18tvergjkp5"}
{"type":"operationStart","subtype":"recipe","name":"chrome-pdf","timestamp":1705590686318,"id":"bihc3olfeux9ps9","previousEventId":"64q3e9rli481fj0","operationId":"1mbv67gyfbh3fdy","previousOperationId":"ybhy18tvergjkp5"}
{"type":"log","timestamp":1705590686318,"level":"debug","message":"Executing recipe chrome-pdf","meta":{"rootId":"2zpj6iux59955kr","id":"kvc8x0ngou3t6z5"},"id":"kjvbauwb81kux7w","previousOperationId":"1mbv67gyfbh3fdy"}
{"type":"log","timestamp":1705590686321,"level":"debug","message":"Converting with chrome HeadlessChrome/117.0.5938.149 using chrome-pool strategy","meta":{"rootId":"2zpj6iux59955kr","id":"kvc8x0ngou3t6z5"},"id":"nb9war55dgsl4jz","previousOperationId":"1mbv67gyfbh3fdy"}
{"type":"log","timestamp":1705590686451,"level":"debug","message":"Page request: GET (document) file:///C:/Users/DANIEL~1/AppData/Local/Temp/jsreport/autocleanup/d37fae90-7a75-4099-ba31-12b3283157ec-chrome-pdf.html","meta":{"rootId":"2zpj6iux59955kr","id":"kvc8x0ngou3t6z5"},"id":"p47z80kizo60zht","previousOperationId":"1mbv67gyfbh3fdy"}
{"type":"log","timestamp":1705590686464,"level":"debug","message":"Page request: GET (stylesheet) https://cdnjs.cloudflare.com/ajax/libs/metro/4.1.5/css/metro.min.css","meta":{"rootId":"2zpj6iux59955kr","id":"kvc8x0ngou3t6z5"},"id":"a4axhii4nwug5hf","previousOperationId":"1mbv67gyfbh3fdy"}
{"type":"log","timestamp":1705590686465,"level":"debug","message":"Page request finished: GET (document) 200 file:///C:/Users/DANIEL~1/AppData/Local/Temp/jsreport/autocleanup/d37fae90-7a75-4099-ba31-12b3283157ec-chrome-pdf.html","meta":{"rootId":"2zpj6iux59955kr","id":"kvc8x0ngou3t6z5"},"id":"37vqn4etcn5tq8b","previousOperationId":"1mbv67gyfbh3fdy"}
{"type":"log","timestamp":1705590686490,"level":"debug","message":"Page request finished: GET (stylesheet) 200 https://cdnjs.cloudflare.com/ajax/libs/metro/4.1.5/css/metro.min.css","meta":{"rootId":"2zpj6iux59955kr","id":"kvc8x0ngou3t6z5"},"id":"xml9hddhxv5fqny","previousOperationId":"1mbv67gyfbh3fdy"}
{"type":"log","timestamp":1705590686516,"level":"debug","message":"Running chrome with params {\"printBackground\":true,\"marginTop\":\"1.5cm\",\"marginRight\":\"1.5cm\",\"marginLeft\":\"1.cm\",\"timeout\":59428,\"margin\":{\"top\":\"1.5cm\",\"right\":\"1.5cm\",\"left\":\"1.cm\"}}","meta":{"rootId":"2zpj6iux59955kr","id":"kvc8x0ngou3t6z5"},"id":"0lawfhsj3bcpkeb","previousOperationId":"1mbv67gyfbh3fdy"}
{"type":"operationEnd","operationId":"1mbv67gyfbh3fdy","timestamp":1705590686563,"id":"4y4ftexm41j4jbb","previousEventId":"bihc3olfeux9ps9","previousOperationId":"1mbv67gyfbh3fdy"}
{"type":"log","timestamp":1705590686563,"level":"debug","message":"Skipping storing report.","meta":{"rootId":"2zpj6iux59955kr","id":"kvc8x0ngou3t6z5"},"id":"6p880qqrutd1jm9","previousOperationId":"1mbv67gyfbh3fdy"}
{"type":"log","timestamp":1705590686563,"level":"info","message":"Rendering (child) request finished in 815 ms","meta":{"rootId":"2zpj6iux59955kr","id":"kvc8x0ngou3t6z5"},"id":"s7nexscur0d4p5p","previousOperationId":"1mbv67gyfbh3fdy"}
{"type":"operationEnd","subtype":"render","operationId":"qeh50bhqvsbyvaf","timestamp":1705590686564,"id":"tipta9xvgcm6z2e","previousEventId":"4y4ftexm41j4jbb","previousOperationId":"1mbv67gyfbh3fdy"}
{"type":"operationEnd","operationId":"6o9mq0c4jqiniz9","timestamp":1705590686584,"id":"jly61lbbnh8ozxf","previousEventId":"63dwtnqfm0c9llu","previousOperationId":"6o9mq0c4jqiniz9"}
{"type":"log","timestamp":1705590686584,"level":"debug","message":"pdf-utils postproces start","meta":{"rootId":"2zpj6iux59955kr","id":"2zpj6iux59955kr"},"id":"e27nglthotwlk10","previousOperationId":"6o9mq0c4jqiniz9"}
{"type":"log","timestamp":1705590686597,"level":"debug","message":"pdf-utils postproces end","meta":{"rootId":"2zpj6iux59955kr","id":"2zpj6iux59955kr"},"id":"hkedf9xfb6c7clo","previousOperationId":"6o9mq0c4jqiniz9"}
{"type":"operationEnd","operationId":"gmmd7tj1zfy5kzt","timestamp":1705590686597,"id":"crw2flyhbgz3d5z","previousEventId":"jly61lbbnh8ozxf","previousOperationId":"6o9mq0c4jqiniz9"}
{"type":"log","timestamp":1705590686597,"level":"info","message":"pdf-utils pdf processing was finished","meta":{"rootId":"2zpj6iux59955kr","id":"2zpj6iux59955kr"},"id":"io5b94ud57u7pwi","previousOperationId":"gmmd7tj1zfy5kzt"}
{"type":"log","timestamp":1705590686597,"level":"debug","message":"Skipping storing report.","meta":{"rootId":"2zpj6iux59955kr","id":"2zpj6iux59955kr"},"id":"8bx57392livweh0","previousOperationId":"gmmd7tj1zfy5kzt"}
{"type":"log","timestamp":1705590686597,"level":"info","message":"Rendering request 36 finished in 849 ms","meta":{"rootId":"2zpj6iux59955kr","id":"2zpj6iux59955kr"},"id":"jqz6r1ehv1h7vhe","previousOperationId":"gmmd7tj1zfy5kzt"}
{"type":"operationEnd","subtype":"render","operationId":"k7o8a77boqubdul","timestamp":1705590686597,"id":"6p5brso817cfwrr","previousEventId":"crw2flyhbgz3d5z","previousOperationId":"gmmd7tj1zfy5kzt"}
{"type":"operationEnd","doDiffs":false,"previousEventId":"bw4ws5h3mg0tryc","previousOperationId":"m55shqn7tg4ukt3","operationId":"m55shqn7tg4ukt3","timestamp":1705590686612,"id":"maey3l488bzo2gp"}
