{"type":"operationStart","subtype":"profile","data":{"_id":"YeJLB4kb4aLFP4fH","timestamp":"2024-02-21T19:11:33.656Z","state":"queued","mode":"standard","creationDate":"2024-02-21T19:11:33.660Z","modificationDate":"2024-02-21T19:11:33.660Z","shortid":"DyOywxk","$entitySet":"profiles"},"doDiffs":false,"timestamp":1708542693658,"id":"71dw1zxif4h8zwv","previousOperationId":null,"operationId":"sodswc9k4h5xc1k"}
{"type":"log","level":"info","message":"Render request 27 queued for execution and waiting for available worker","previousOperationId":"sodswc9k4h5xc1k","timestamp":1708542693658,"id":"w8tcy4nc58acp09"}
{"type":"operationStart","subtype":"render","name":"orders-main","previousOperationId":"sodswc9k4h5xc1k","timestamp":1708542693664,"id":"qjj62edh8at78n4","previousEventId":"71dw1zxif4h8zwv","operationId":"007ph2tpmod8jza"}
{"type":"log","timestamp":1708542693665,"level":"info","message":"Starting rendering request 27","meta":{"rootId":"30e62hsezhrkden","id":"30e62hsezhrkden"},"id":"zsuu6f3cvc03l5b","previousOperationId":"007ph2tpmod8jza"}
{"type":"log","timestamp":1708542693665,"level":"info","message":"Rendering template { name: orders-main, recipe: chrome-pdf, engine: handlebars, preview: false }","meta":{"rootId":"30e62hsezhrkden","id":"30e62hsezhrkden"},"id":"38732knvszg6p0v","previousOperationId":"007ph2tpmod8jza"}
{"type":"log","timestamp":1708542693667,"level":"debug","message":"Data item not defined for this template.","meta":{"rootId":"30e62hsezhrkden","id":"30e62hsezhrkden"},"id":"acu4i86o0vyffku","previousOperationId":"007ph2tpmod8jza"}
{"type":"log","timestamp":1708542693673,"level":"debug","message":"Executing script orders-script (beforeRender)","meta":{"rootId":"30e62hsezhrkden","id":"30e62hsezhrkden"},"id":"8rbygtnjmy3q1kw","previousOperationId":"007ph2tpmod8jza"}
{"type":"operationStart","subtype":"scriptsBeforeRender","name":"scripts beforeRender","timestamp":1708542693687,"id":"v1ivcjvp13ufub6","previousEventId":"qjj62edh8at78n4","operationId":"2o8nh61dhg6cny6","previousOperationId":"007ph2tpmod8jza"}
{"type":"operationStart","subtype":"script","name":"scripts orders-script","previousOperationId":"2o8nh61dhg6cny6","timestamp":1708542693687,"id":"5ejp4mejuynwmcg","previousEventId":"v1ivcjvp13ufub6","operationId":"46qezg87prb902t"}
{"type":"log","timestamp":1708542693786,"level":"debug","message":"(console:log) [ 'ola', 'oola', 'Race1', 'Race2' ]","meta":{"userLevel":true,"rootId":"30e62hsezhrkden","id":"30e62hsezhrkden"},"id":"5ivdjzjtgg65jr3","previousOperationId":"46qezg87prb902t"}
{"type":"log","timestamp":1708542693786,"level":"debug","message":"(console:log) [ 0, 0, 1, 1 ]","meta":{"userLevel":true,"rootId":"30e62hsezhrkden","id":"30e62hsezhrkden"},"id":"a56xr3xxfl9fovo","previousOperationId":"46qezg87prb902t"}
{"type":"operationEnd","operationId":"46qezg87prb902t","timestamp":1708542693787,"id":"3vkejzlzmqrr4r1","previousEventId":"qjj62edh8at78n4","previousOperationId":"007ph2tpmod8jza"}
{"type":"operationEnd","operationId":"2o8nh61dhg6cny6","timestamp":1708542693787,"id":"6f2hxez7ith1bo8","previousEventId":"3vkejzlzmqrr4r1","previousOperationId":"007ph2tpmod8jza"}
{"type":"log","timestamp":1708542693787,"level":"debug","message":"Base url not specified, skipping its injection.","meta":{"rootId":"30e62hsezhrkden","id":"30e62hsezhrkden"},"id":"veazakq2mkkmwvq","previousOperationId":"2o8nh61dhg6cny6"}
{"type":"operationStart","subtype":"engine","name":"handlebars","timestamp":1708542693787,"id":"dvdembd99rx5xpj","previousEventId":"6f2hxez7ith1bo8","operationId":"246uf8uf2y33hxj","previousOperationId":"2o8nh61dhg6cny6"}
{"type":"log","timestamp":1708542693787,"level":"debug","message":"Rendering engine handlebars","meta":{"rootId":"30e62hsezhrkden","id":"30e62hsezhrkden"},"id":"vb4l1doeyojeb5r","previousOperationId":"246uf8uf2y33hxj"}
{"type":"log","timestamp":1708542693790,"level":"debug","message":"(console:log) Pdf utils adding group field, value: \"ola\"","meta":{"userLevel":true,"rootId":"30e62hsezhrkden","id":"30e62hsezhrkden"},"id":"0oichkzi2yfirsx","previousOperationId":"246uf8uf2y33hxj"}
{"type":"log","timestamp":1708542693790,"level":"debug","message":"(console:log) Pdf utils adding group field, value: \"oola\"","meta":{"userLevel":true,"rootId":"30e62hsezhrkden","id":"30e62hsezhrkden"},"id":"wfbw89s5x5584ki","previousOperationId":"246uf8uf2y33hxj"}
{"type":"log","timestamp":1708542693790,"level":"debug","message":"(console:log) Pdf utils adding group field, value: \"Race1\"","meta":{"userLevel":true,"rootId":"30e62hsezhrkden","id":"30e62hsezhrkden"},"id":"6jhaz31tkvuvfx8","previousOperationId":"246uf8uf2y33hxj"}
{"type":"log","timestamp":1708542693790,"level":"debug","message":"(console:log) Pdf utils adding group field, value: \"Race2\"","meta":{"userLevel":true,"rootId":"30e62hsezhrkden","id":"30e62hsezhrkden"},"id":"twwoxg95qas2o95","previousOperationId":"246uf8uf2y33hxj"}
{"type":"operationEnd","operationId":"246uf8uf2y33hxj","timestamp":1708542693790,"id":"9bagysdh8qrbxuk","previousEventId":"dvdembd99rx5xpj","previousOperationId":"246uf8uf2y33hxj"}
{"type":"operationStart","subtype":"recipe","name":"chrome-pdf","timestamp":1708542693791,"id":"x0qmfina2s5404z","previousEventId":"9bagysdh8qrbxuk","operationId":"8o83ecu2cj28rr5","previousOperationId":"246uf8uf2y33hxj"}
{"type":"log","timestamp":1708542693791,"level":"debug","message":"Executing recipe chrome-pdf","meta":{"rootId":"30e62hsezhrkden","id":"30e62hsezhrkden"},"id":"cvqvf9hvsubryc6","previousOperationId":"8o83ecu2cj28rr5"}
{"type":"log","timestamp":1708542693792,"level":"debug","message":"Converting with chrome HeadlessChrome/117.0.5938.149 using chrome-pool strategy","meta":{"rootId":"30e62hsezhrkden","id":"30e62hsezhrkden"},"id":"rmjckll20qqls2s","previousOperationId":"8o83ecu2cj28rr5"}
{"type":"log","timestamp":1708542693841,"level":"debug","message":"Page request: GET (document) file:///var/folders/tp/6hccbwhd41s4hkmxw_2wkz640000gn/T/jsreport/autocleanup/01ebb304-c757-4142-afad-bc9410ca502d-chrome-pdf.html","meta":{"rootId":"30e62hsezhrkden","id":"30e62hsezhrkden"},"id":"bqnylg09xn5ql93","previousOperationId":"8o83ecu2cj28rr5"}
{"type":"log","timestamp":1708542693847,"level":"debug","message":"Page request: GET (stylesheet) https://cdnjs.cloudflare.com/ajax/libs/metro/4.1.5/css/metro.min.css","meta":{"rootId":"30e62hsezhrkden","id":"30e62hsezhrkden"},"id":"p7zsbkxdyc37l8t","previousOperationId":"8o83ecu2cj28rr5"}
{"type":"log","timestamp":1708542693847,"level":"debug","message":"Page request: GET (script) https://cdn.jsdelivr.net/npm/chart.js","meta":{"rootId":"30e62hsezhrkden","id":"30e62hsezhrkden"},"id":"k2b6oab3ae1ugfx","previousOperationId":"8o83ecu2cj28rr5"}
{"type":"log","timestamp":1708542693847,"level":"debug","message":"Page request finished: GET (document) 200 file:///var/folders/tp/6hccbwhd41s4hkmxw_2wkz640000gn/T/jsreport/autocleanup/01ebb304-c757-4142-afad-bc9410ca502d-chrome-pdf.html","meta":{"rootId":"30e62hsezhrkden","id":"30e62hsezhrkden"},"id":"yq8mry6j9lrpayx","previousOperationId":"8o83ecu2cj28rr5"}
{"type":"log","timestamp":1708542693855,"level":"debug","message":"Page request finished: GET (stylesheet) 200 https://cdnjs.cloudflare.com/ajax/libs/metro/4.1.5/css/metro.min.css","meta":{"rootId":"30e62hsezhrkden","id":"30e62hsezhrkden"},"id":"p6e3ibdy6jnvzi9","previousOperationId":"8o83ecu2cj28rr5"}
{"type":"log","timestamp":1708542693855,"level":"debug","message":"Page request finished: GET (script) 200 https://cdn.jsdelivr.net/npm/chart.js","meta":{"rootId":"30e62hsezhrkden","id":"30e62hsezhrkden"},"id":"trt4ddpkg7jr13k","previousOperationId":"8o83ecu2cj28rr5"}
{"type":"log","timestamp":1708542693906,"level":"debug","message":"Running chrome with params {\"printBackground\":true,\"marginTop\":\"4cm\",\"marginRight\":\"1.5cm\",\"marginBottom\":\"1.5cm\",\"marginLeft\":\"1.5cm\",\"waitForJS\":false,\"timeout\":59864,\"margin\":{\"top\":\"4cm\",\"right\":\"1.5cm\",\"bottom\":\"1.5cm\",\"left\":\"1.5cm\"}}","meta":{"rootId":"30e62hsezhrkden","id":"30e62hsezhrkden"},"id":"p9oyw7glmg8ahjh","previousOperationId":"8o83ecu2cj28rr5"}
{"type":"operationEnd","operationId":"8o83ecu2cj28rr5","timestamp":1708542693949,"id":"81itp0uefjrdzvi","previousEventId":"x0qmfina2s5404z","previousOperationId":"8o83ecu2cj28rr5"}
{"type":"log","timestamp":1708542693949,"level":"info","message":"pdf-utils is starting pdf processing","meta":{"rootId":"30e62hsezhrkden","id":"30e62hsezhrkden"},"id":"x5di19u8sgq4grc","previousOperationId":"8o83ecu2cj28rr5"}
{"type":"operationStart","subtype":"pdfUtils","name":"pdf utils","timestamp":1708542693949,"id":"39mpvpr7g3fy8gp","previousEventId":"81itp0uefjrdzvi","operationId":"0kd75rlyc56g0k3","previousOperationId":"8o83ecu2cj28rr5"}
{"type":"log","timestamp":1708542693949,"level":"debug","message":"pdf-utils detected 1 pdf operation(s) to process","meta":{"rootId":"30e62hsezhrkden","id":"30e62hsezhrkden"},"id":"h03pfssiwmg4axk","previousOperationId":"0kd75rlyc56g0k3"}
{"type":"log","timestamp":1708542693980,"level":"debug","message":"pdf-utils running pdf operation merge","meta":{"rootId":"30e62hsezhrkden","id":"30e62hsezhrkden"},"id":"es1hc4sqjofvids","previousOperationId":"0kd75rlyc56g0k3"}
{"type":"operationStart","subtype":"pdfUtilsMerge","name":"pdf utils merge","previousOperationId":"0kd75rlyc56g0k3","timestamp":1708542693980,"id":"ib2f1frq3s9uuv6","previousEventId":"39mpvpr7g3fy8gp","operationId":"h8r3c5p7b3mhwbv"}
{"type":"operationStart","subtype":"render","name":"orders-header","previousOperationId":"h8r3c5p7b3mhwbv","timestamp":1708542693980,"id":"03v3sv4g4g657oz","previousEventId":"ib2f1frq3s9uuv6","operationId":"12qw5pcd8qr7k1b"}
{"type":"log","timestamp":1708542693980,"level":"info","message":"Starting rendering (child) request","meta":{"rootId":"30e62hsezhrkden","id":"mqrj9gz2uy7u4jq"},"id":"q34h5uso4xnygri","previousOperationId":"12qw5pcd8qr7k1b"}
{"type":"log","timestamp":1708542693980,"level":"info","message":"Rendering template { name: orders-header, recipe: chrome-pdf, engine: handlebars, preview: false }","meta":{"rootId":"30e62hsezhrkden","id":"mqrj9gz2uy7u4jq"},"id":"jg25watpyiwxtgb","previousOperationId":"12qw5pcd8qr7k1b"}
{"type":"log","timestamp":1708542693981,"level":"debug","message":"Inline data specified.","meta":{"rootId":"30e62hsezhrkden","id":"mqrj9gz2uy7u4jq"},"id":"v2vevmxcpw6ql65","previousOperationId":"12qw5pcd8qr7k1b"}
{"type":"log","timestamp":1708542693982,"level":"debug","message":"Base url not specified, skipping its injection.","meta":{"rootId":"30e62hsezhrkden","id":"mqrj9gz2uy7u4jq"},"id":"iuqmdzep20kjte5","previousOperationId":"12qw5pcd8qr7k1b"}
{"type":"operationStart","subtype":"engine","name":"handlebars","timestamp":1708542693982,"id":"l1a5264erzzuzkl","previousEventId":"03v3sv4g4g657oz","operationId":"db0vqmzfc8puf5z","previousOperationId":"12qw5pcd8qr7k1b"}
{"type":"log","timestamp":1708542693982,"level":"debug","message":"Rendering engine handlebars","meta":{"rootId":"30e62hsezhrkden","id":"mqrj9gz2uy7u4jq"},"id":"x3rimm2y3zhlh9v","previousOperationId":"db0vqmzfc8puf5z"}
{"type":"operationEnd","operationId":"db0vqmzfc8puf5z","timestamp":1708542693986,"id":"2ox4hid45ox40vg","previousEventId":"l1a5264erzzuzkl","previousOperationId":"db0vqmzfc8puf5z"}
{"type":"operationStart","subtype":"recipe","name":"chrome-pdf","timestamp":1708542693986,"id":"wws5a3sa3kzozhw","previousEventId":"2ox4hid45ox40vg","operationId":"v9j393ph7250bbi","previousOperationId":"db0vqmzfc8puf5z"}
{"type":"log","timestamp":1708542693986,"level":"debug","message":"Executing recipe chrome-pdf","meta":{"rootId":"30e62hsezhrkden","id":"mqrj9gz2uy7u4jq"},"id":"9zv08psbd07g09u","previousOperationId":"v9j393ph7250bbi"}
{"type":"log","timestamp":1708542693987,"level":"debug","message":"Converting with chrome HeadlessChrome/117.0.5938.149 using chrome-pool strategy","meta":{"rootId":"30e62hsezhrkden","id":"mqrj9gz2uy7u4jq"},"id":"gm9gcoig7onbp9z","previousOperationId":"v9j393ph7250bbi"}
{"type":"log","timestamp":1708542694030,"level":"debug","message":"Page request: GET (document) file:///var/folders/tp/6hccbwhd41s4hkmxw_2wkz640000gn/T/jsreport/autocleanup/662f02b5-f8d9-4496-b171-c4dbd359a233-chrome-pdf.html","meta":{"rootId":"30e62hsezhrkden","id":"mqrj9gz2uy7u4jq"},"id":"e3pnlmsuspu3iut","previousOperationId":"v9j393ph7250bbi"}
{"type":"log","timestamp":1708542694036,"level":"debug","message":"Page request: GET (stylesheet) https://cdnjs.cloudflare.com/ajax/libs/metro/4.1.5/css/metro.min.css","meta":{"rootId":"30e62hsezhrkden","id":"mqrj9gz2uy7u4jq"},"id":"aj96t1jp5qkazys","previousOperationId":"v9j393ph7250bbi"}
{"type":"log","timestamp":1708542694036,"level":"debug","message":"Page request finished: GET (document) 200 file:///var/folders/tp/6hccbwhd41s4hkmxw_2wkz640000gn/T/jsreport/autocleanup/662f02b5-f8d9-4496-b171-c4dbd359a233-chrome-pdf.html","meta":{"rootId":"30e62hsezhrkden","id":"mqrj9gz2uy7u4jq"},"id":"nfibx7svg0g2iqj","previousOperationId":"v9j393ph7250bbi"}
{"type":"log","timestamp":1708542694043,"level":"debug","message":"Page request finished: GET (stylesheet) 200 https://cdnjs.cloudflare.com/ajax/libs/metro/4.1.5/css/metro.min.css","meta":{"rootId":"30e62hsezhrkden","id":"mqrj9gz2uy7u4jq"},"id":"me1b3dbgab3qe1k","previousOperationId":"v9j393ph7250bbi"}
{"type":"log","timestamp":1708542694068,"level":"debug","message":"Running chrome with params {\"printBackground\":true,\"marginTop\":\"1.5cm\",\"marginRight\":\"1.5cm\",\"marginLeft\":\"1.cm\",\"timeout\":59668,\"margin\":{\"top\":\"1.5cm\",\"right\":\"1.5cm\",\"left\":\"1.cm\"}}","meta":{"rootId":"30e62hsezhrkden","id":"mqrj9gz2uy7u4jq"},"id":"96o3jca1zylssr3","previousOperationId":"v9j393ph7250bbi"}
{"type":"operationEnd","operationId":"v9j393ph7250bbi","timestamp":1708542694092,"id":"c83mauc4gtllvwb","previousEventId":"wws5a3sa3kzozhw","previousOperationId":"v9j393ph7250bbi"}
{"type":"log","timestamp":1708542694092,"level":"debug","message":"Skipping storing report.","meta":{"rootId":"30e62hsezhrkden","id":"mqrj9gz2uy7u4jq"},"id":"8wibdd5oe4mka1j","previousOperationId":"v9j393ph7250bbi"}
{"type":"log","timestamp":1708542694092,"level":"info","message":"Rendering (child) request finished in 437 ms","meta":{"rootId":"30e62hsezhrkden","id":"mqrj9gz2uy7u4jq"},"id":"eiz8ytfonm3cigs","previousOperationId":"v9j393ph7250bbi"}
{"type":"operationEnd","subtype":"render","operationId":"12qw5pcd8qr7k1b","timestamp":1708542694092,"id":"h8uh3ztc5xu0qr6","previousEventId":"c83mauc4gtllvwb","previousOperationId":"v9j393ph7250bbi"}
{"type":"operationEnd","operationId":"h8r3c5p7b3mhwbv","timestamp":1708542694116,"id":"oa5u877fdxba726","previousEventId":"ib2f1frq3s9uuv6","previousOperationId":"h8r3c5p7b3mhwbv"}
{"type":"log","timestamp":1708542694116,"level":"debug","message":"pdf-utils postproces start","meta":{"rootId":"30e62hsezhrkden","id":"30e62hsezhrkden"},"id":"3uieikz2kzrms50","previousOperationId":"h8r3c5p7b3mhwbv"}
{"type":"log","timestamp":1708542694145,"level":"debug","message":"pdf-utils postproces end","meta":{"rootId":"30e62hsezhrkden","id":"30e62hsezhrkden"},"id":"9kxw8tuqu3o6pxr","previousOperationId":"h8r3c5p7b3mhwbv"}
{"type":"operationEnd","operationId":"0kd75rlyc56g0k3","timestamp":1708542694145,"id":"tvu9iadihaig4by","previousEventId":"oa5u877fdxba726","previousOperationId":"h8r3c5p7b3mhwbv"}
{"type":"log","timestamp":1708542694145,"level":"info","message":"pdf-utils pdf processing was finished","meta":{"rootId":"30e62hsezhrkden","id":"30e62hsezhrkden"},"id":"kirlra8mnp7bhbs","previousOperationId":"0kd75rlyc56g0k3"}
{"type":"log","timestamp":1708542694145,"level":"debug","message":"Skipping storing report.","meta":{"rootId":"30e62hsezhrkden","id":"30e62hsezhrkden"},"id":"3zeclml845pzfcx","previousOperationId":"0kd75rlyc56g0k3"}
{"type":"log","timestamp":1708542694145,"level":"info","message":"Rendering request 27 finished in 490 ms","meta":{"rootId":"30e62hsezhrkden","id":"30e62hsezhrkden"},"id":"i8btz8vx7ml75za","previousOperationId":"0kd75rlyc56g0k3"}
{"type":"operationEnd","subtype":"render","operationId":"007ph2tpmod8jza","timestamp":1708542694145,"id":"gqie3cmqgovxv98","previousEventId":"tvu9iadihaig4by","previousOperationId":"0kd75rlyc56g0k3"}
{"type":"operationEnd","doDiffs":false,"previousEventId":"71dw1zxif4h8zwv","previousOperationId":"sodswc9k4h5xc1k","operationId":"sodswc9k4h5xc1k","timestamp":1708542694146,"id":"jm4lbkxk2x5fq5o"}
