{"type":"operationStart","subtype":"profile","data":{"_id":"3A2RvUn4dSXFYS74","timestamp":"2024-01-19T17:07:18.873Z","state":"queued","mode":"standard","creationDate":"2024-01-19T17:07:18.876Z","modificationDate":"2024-01-19T17:07:18.876Z","shortid":"p5ANGI9","$entitySet":"profiles"},"doDiffs":false,"timestamp":1705684038875,"id":"5w5gf5he5c2omib","previousOperationId":null,"operationId":"nbsjcmrw5zm4xrl"}
{"type":"log","level":"info","message":"Render request 16 queued for execution and waiting for available worker","previousOperationId":"nbsjcmrw5zm4xrl","timestamp":1705684038875,"id":"v3l9934nzeqvjmy"}
{"type":"operationStart","subtype":"render","name":"orders-main","previousOperationId":"nbsjcmrw5zm4xrl","timestamp":1705684038881,"id":"0o5042o5ymx6ju4","previousEventId":"5w5gf5he5c2omib","operationId":"fv1wamnakspc5q5"}
{"type":"log","timestamp":1705684038881,"level":"info","message":"Starting rendering request 16","meta":{"rootId":"33z2fwg1m0mys3n","id":"33z2fwg1m0mys3n"},"id":"qxx51g5wijegcn5","previousOperationId":"fv1wamnakspc5q5"}
{"type":"log","timestamp":1705684038881,"level":"info","message":"Rendering template { name: orders-main, recipe: chrome-pdf, engine: handlebars, preview: true }","meta":{"rootId":"33z2fwg1m0mys3n","id":"33z2fwg1m0mys3n"},"id":"pv92vlnzdhl50u0","previousOperationId":"fv1wamnakspc5q5"}
{"type":"log","timestamp":1705684038881,"level":"debug","message":"Data item not defined for this template.","meta":{"rootId":"33z2fwg1m0mys3n","id":"33z2fwg1m0mys3n"},"id":"9pbrvpp9fe146kj","previousOperationId":"fv1wamnakspc5q5"}
{"type":"log","timestamp":1705684038882,"level":"debug","message":"Executing script orders-script (beforeRender)","meta":{"rootId":"33z2fwg1m0mys3n","id":"33z2fwg1m0mys3n"},"id":"gsd8h9e1l635kun","previousOperationId":"fv1wamnakspc5q5"}
{"type":"operationStart","subtype":"scriptsBeforeRender","name":"scripts beforeRender","timestamp":1705684038899,"id":"cfwzyxy7fhl08rv","previousEventId":"0o5042o5ymx6ju4","operationId":"85bb7hz576lv9yz","previousOperationId":"fv1wamnakspc5q5"}
{"type":"operationStart","subtype":"script","name":"scripts orders-script","previousOperationId":"85bb7hz576lv9yz","timestamp":1705684038899,"id":"sqfb069ornivy8d","previousEventId":"cfwzyxy7fhl08rv","operationId":"ewcyf5o14wfm0w2"}
{"type":"log","timestamp":1705684038908,"level":"debug","message":"(console:log) [ 'Race1', 'Race2' ]","meta":{"userLevel":true,"rootId":"33z2fwg1m0mys3n","id":"33z2fwg1m0mys3n"},"id":"g3rmxn91wuzdhgf","previousOperationId":"ewcyf5o14wfm0w2"}
{"type":"log","timestamp":1705684038908,"level":"debug","message":"(console:log) [ 2, 1 ]","meta":{"userLevel":true,"rootId":"33z2fwg1m0mys3n","id":"33z2fwg1m0mys3n"},"id":"n84wba27k1xlzoc","previousOperationId":"ewcyf5o14wfm0w2"}
{"type":"operationEnd","operationId":"ewcyf5o14wfm0w2","timestamp":1705684038908,"id":"t9l1zvvo8hje2nh","previousEventId":"0o5042o5ymx6ju4","previousOperationId":"fv1wamnakspc5q5"}
{"type":"operationEnd","operationId":"85bb7hz576lv9yz","timestamp":1705684038908,"id":"16g46ggkdqlyb25","previousEventId":"t9l1zvvo8hje2nh","previousOperationId":"fv1wamnakspc5q5"}
{"type":"log","timestamp":1705684038908,"level":"debug","message":"Base url not specified, skipping its injection.","meta":{"rootId":"33z2fwg1m0mys3n","id":"33z2fwg1m0mys3n"},"id":"lmg5ef98xn87rtp","previousOperationId":"85bb7hz576lv9yz"}
{"type":"operationStart","subtype":"engine","name":"handlebars","timestamp":1705684038909,"id":"ithikl07zeofa58","previousEventId":"16g46ggkdqlyb25","operationId":"jp40b5rkhndtwlq","previousOperationId":"85bb7hz576lv9yz"}
{"type":"log","timestamp":1705684038909,"level":"debug","message":"Rendering engine handlebars","meta":{"rootId":"33z2fwg1m0mys3n","id":"33z2fwg1m0mys3n"},"id":"fo5cfntzka35bt1","previousOperationId":"jp40b5rkhndtwlq"}
{"type":"log","timestamp":1705684038921,"level":"debug","message":"(console:log) Pdf utils adding group field, value: \"Race1\"","meta":{"userLevel":true,"rootId":"33z2fwg1m0mys3n","id":"33z2fwg1m0mys3n"},"id":"y8f9syyag74m6u2","previousOperationId":"jp40b5rkhndtwlq"}
{"type":"log","timestamp":1705684038921,"level":"debug","message":"(console:log) Pdf utils adding group field, value: \"Race2\"","meta":{"userLevel":true,"rootId":"33z2fwg1m0mys3n","id":"33z2fwg1m0mys3n"},"id":"5ibm1dsu6dvlgx5","previousOperationId":"jp40b5rkhndtwlq"}
{"type":"operationEnd","operationId":"jp40b5rkhndtwlq","timestamp":1705684038921,"id":"gxzn15tccqwljq5","previousEventId":"ithikl07zeofa58","previousOperationId":"jp40b5rkhndtwlq"}
{"type":"operationStart","subtype":"recipe","name":"chrome-pdf","timestamp":1705684038921,"id":"0563m43ze9camba","previousEventId":"gxzn15tccqwljq5","operationId":"7gpsutesznvxavl","previousOperationId":"jp40b5rkhndtwlq"}
{"type":"log","timestamp":1705684038921,"level":"debug","message":"Executing recipe chrome-pdf","meta":{"rootId":"33z2fwg1m0mys3n","id":"33z2fwg1m0mys3n"},"id":"5sx65wx24al9ft3","previousOperationId":"7gpsutesznvxavl"}
{"type":"log","timestamp":1705684038923,"level":"debug","message":"Converting with chrome HeadlessChrome/117.0.5938.149 using chrome-pool strategy","meta":{"rootId":"33z2fwg1m0mys3n","id":"33z2fwg1m0mys3n"},"id":"7kf4m8lsh8ljnhi","previousOperationId":"7gpsutesznvxavl"}
{"type":"log","timestamp":1705684038985,"level":"debug","message":"Page request: GET (document) file:///C:/Users/DANIEL~1/AppData/Local/Temp/jsreport/autocleanup/9c46ee73-bd3b-4b04-b108-bf46f41bd83b-chrome-pdf.html","meta":{"rootId":"33z2fwg1m0mys3n","id":"33z2fwg1m0mys3n"},"id":"xnaabk9henhy2cg","previousOperationId":"7gpsutesznvxavl"}
{"type":"log","timestamp":1705684039006,"level":"debug","message":"Page request: GET (stylesheet) https://cdnjs.cloudflare.com/ajax/libs/metro/4.1.5/css/metro.min.css","meta":{"rootId":"33z2fwg1m0mys3n","id":"33z2fwg1m0mys3n"},"id":"ngix1xp742uudx4","previousOperationId":"7gpsutesznvxavl"}
{"type":"log","timestamp":1705684039006,"level":"debug","message":"Page request: GET (script) https://cdn.jsdelivr.net/npm/chart.js","meta":{"rootId":"33z2fwg1m0mys3n","id":"33z2fwg1m0mys3n"},"id":"8sqb0nezhg3w8rk","previousOperationId":"7gpsutesznvxavl"}
{"type":"log","timestamp":1705684039007,"level":"debug","message":"Page request finished: GET (document) 200 file:///C:/Users/DANIEL~1/AppData/Local/Temp/jsreport/autocleanup/9c46ee73-bd3b-4b04-b108-bf46f41bd83b-chrome-pdf.html","meta":{"rootId":"33z2fwg1m0mys3n","id":"33z2fwg1m0mys3n"},"id":"qdrnq3chj8fi6nq","previousOperationId":"7gpsutesznvxavl"}
{"type":"log","timestamp":1705684039011,"level":"debug","message":"Page request finished: GET (script) 200 https://cdn.jsdelivr.net/npm/chart.js","meta":{"rootId":"33z2fwg1m0mys3n","id":"33z2fwg1m0mys3n"},"id":"39tuz4ouo3f0kpo","previousOperationId":"7gpsutesznvxavl"}
{"type":"log","timestamp":1705684039019,"level":"debug","message":"Page request finished: GET (stylesheet) 200 https://cdnjs.cloudflare.com/ajax/libs/metro/4.1.5/css/metro.min.css","meta":{"rootId":"33z2fwg1m0mys3n","id":"33z2fwg1m0mys3n"},"id":"voyivdzs5dyzuo1","previousOperationId":"7gpsutesznvxavl"}
{"type":"log","timestamp":1705684039074,"level":"debug","message":"Running chrome with params {\"printBackground\":true,\"marginTop\":\"4cm\",\"marginRight\":\"1.5cm\",\"marginBottom\":\"1.5cm\",\"marginLeft\":\"1.5cm\",\"waitForJS\":false,\"timeout\":59951,\"margin\":{\"top\":\"4cm\",\"right\":\"1.5cm\",\"bottom\":\"1.5cm\",\"left\":\"1.5cm\"}}","meta":{"rootId":"33z2fwg1m0mys3n","id":"33z2fwg1m0mys3n"},"id":"kvnrh8l8bbesioc","previousOperationId":"7gpsutesznvxavl"}
{"type":"operationEnd","operationId":"7gpsutesznvxavl","timestamp":1705684039138,"id":"m6ju5s0jbz96cxo","previousEventId":"0563m43ze9camba","previousOperationId":"7gpsutesznvxavl"}
{"type":"log","timestamp":1705684039138,"level":"info","message":"pdf-utils is starting pdf processing","meta":{"rootId":"33z2fwg1m0mys3n","id":"33z2fwg1m0mys3n"},"id":"mlqmzo39kkvaif2","previousOperationId":"7gpsutesznvxavl"}
{"type":"operationStart","subtype":"pdfUtils","name":"pdf utils","timestamp":1705684039138,"id":"nir8lwpizs0es0c","previousEventId":"m6ju5s0jbz96cxo","operationId":"1rwbszpuvuri9vm","previousOperationId":"7gpsutesznvxavl"}
{"type":"log","timestamp":1705684039138,"level":"debug","message":"pdf-utils detected 1 pdf operation(s) to process","meta":{"rootId":"33z2fwg1m0mys3n","id":"33z2fwg1m0mys3n"},"id":"8hg7pvshrk4spig","previousOperationId":"1rwbszpuvuri9vm"}
{"type":"log","timestamp":1705684039152,"level":"debug","message":"pdf-utils running pdf operation merge","meta":{"rootId":"33z2fwg1m0mys3n","id":"33z2fwg1m0mys3n"},"id":"bu8wcyut1fc5tw3","previousOperationId":"1rwbszpuvuri9vm"}
{"type":"operationStart","subtype":"pdfUtilsMerge","name":"pdf utils merge","previousOperationId":"1rwbszpuvuri9vm","timestamp":1705684039152,"id":"2fur6p0qpyqg45m","previousEventId":"nir8lwpizs0es0c","operationId":"d2c1qpppew3wo2j"}
{"type":"operationStart","subtype":"render","name":"orders-header","previousOperationId":"d2c1qpppew3wo2j","timestamp":1705684039153,"id":"cr2b5vwuzobikyb","previousEventId":"2fur6p0qpyqg45m","operationId":"r1mcwk7f94ksama"}
{"type":"log","timestamp":1705684039153,"level":"info","message":"Starting rendering (child) request","meta":{"rootId":"33z2fwg1m0mys3n","id":"tyhkj4il1okv6s2"},"id":"hywvvv7txjulhnu","previousOperationId":"r1mcwk7f94ksama"}
{"type":"log","timestamp":1705684039153,"level":"info","message":"Rendering template { name: orders-header, recipe: chrome-pdf, engine: handlebars, preview: true }","meta":{"rootId":"33z2fwg1m0mys3n","id":"tyhkj4il1okv6s2"},"id":"8eyzp5uw3tf4oau","previousOperationId":"r1mcwk7f94ksama"}
{"type":"log","timestamp":1705684039154,"level":"debug","message":"Inline data specified.","meta":{"rootId":"33z2fwg1m0mys3n","id":"tyhkj4il1okv6s2"},"id":"uahbl954k71zcl7","previousOperationId":"r1mcwk7f94ksama"}
{"type":"log","timestamp":1705684039155,"level":"debug","message":"Base url not specified, skipping its injection.","meta":{"rootId":"33z2fwg1m0mys3n","id":"tyhkj4il1okv6s2"},"id":"6sw13p67osshvbv","previousOperationId":"r1mcwk7f94ksama"}
{"type":"operationStart","subtype":"engine","name":"handlebars","timestamp":1705684039155,"id":"u7hjrtczqjku0oo","previousEventId":"cr2b5vwuzobikyb","operationId":"y189f4x74skexy5","previousOperationId":"r1mcwk7f94ksama"}
{"type":"log","timestamp":1705684039155,"level":"debug","message":"Rendering engine handlebars","meta":{"rootId":"33z2fwg1m0mys3n","id":"tyhkj4il1okv6s2"},"id":"ue7o5kzizvuwlsc","previousOperationId":"y189f4x74skexy5"}
{"type":"operationEnd","operationId":"y189f4x74skexy5","timestamp":1705684039164,"id":"7odyg5mk8kp8y2w","previousEventId":"u7hjrtczqjku0oo","previousOperationId":"y189f4x74skexy5"}
{"type":"operationStart","subtype":"recipe","name":"chrome-pdf","timestamp":1705684039164,"id":"5nxk56q74hfkxlq","previousEventId":"7odyg5mk8kp8y2w","operationId":"of3vgbj89obhyxf","previousOperationId":"y189f4x74skexy5"}
{"type":"log","timestamp":1705684039164,"level":"debug","message":"Executing recipe chrome-pdf","meta":{"rootId":"33z2fwg1m0mys3n","id":"tyhkj4il1okv6s2"},"id":"oy8stcmrenjgkit","previousOperationId":"of3vgbj89obhyxf"}
{"type":"log","timestamp":1705684039166,"level":"debug","message":"Converting with chrome HeadlessChrome/117.0.5938.149 using chrome-pool strategy","meta":{"rootId":"33z2fwg1m0mys3n","id":"tyhkj4il1okv6s2"},"id":"zunckyvpw4ui0nc","previousOperationId":"of3vgbj89obhyxf"}
{"type":"log","timestamp":1705684039232,"level":"debug","message":"Page request: GET (document) file:///C:/Users/DANIEL~1/AppData/Local/Temp/jsreport/autocleanup/ab8095f9-5847-4e98-a85e-b08af9352c9a-chrome-pdf.html","meta":{"rootId":"33z2fwg1m0mys3n","id":"tyhkj4il1okv6s2"},"id":"wowvbqrb8v3b021","previousOperationId":"of3vgbj89obhyxf"}
{"type":"log","timestamp":1705684039240,"level":"debug","message":"Page request: GET (stylesheet) https://cdnjs.cloudflare.com/ajax/libs/metro/4.1.5/css/metro.min.css","meta":{"rootId":"33z2fwg1m0mys3n","id":"tyhkj4il1okv6s2"},"id":"ynbqim0jd6cq0ya","previousOperationId":"of3vgbj89obhyxf"}
{"type":"log","timestamp":1705684039240,"level":"debug","message":"Page request finished: GET (document) 200 file:///C:/Users/DANIEL~1/AppData/Local/Temp/jsreport/autocleanup/ab8095f9-5847-4e98-a85e-b08af9352c9a-chrome-pdf.html","meta":{"rootId":"33z2fwg1m0mys3n","id":"tyhkj4il1okv6s2"},"id":"gdy6qxy14h3rjvl","previousOperationId":"of3vgbj89obhyxf"}
{"type":"log","timestamp":1705684039251,"level":"debug","message":"Page request finished: GET (stylesheet) 200 https://cdnjs.cloudflare.com/ajax/libs/metro/4.1.5/css/metro.min.css","meta":{"rootId":"33z2fwg1m0mys3n","id":"tyhkj4il1okv6s2"},"id":"6w7sdi22zhyjz9w","previousOperationId":"of3vgbj89obhyxf"}
{"type":"log","timestamp":1705684039262,"level":"debug","message":"Running chrome with params {\"printBackground\":true,\"marginTop\":\"1.5cm\",\"marginRight\":\"1.5cm\",\"marginLeft\":\"1.cm\",\"timeout\":59708,\"margin\":{\"top\":\"1.5cm\",\"right\":\"1.5cm\",\"left\":\"1.cm\"}}","meta":{"rootId":"33z2fwg1m0mys3n","id":"tyhkj4il1okv6s2"},"id":"1ac7ptsngldyw48","previousOperationId":"of3vgbj89obhyxf"}
{"type":"operationEnd","operationId":"of3vgbj89obhyxf","timestamp":1705684039287,"id":"8dsspasw7wndqjc","previousEventId":"5nxk56q74hfkxlq","previousOperationId":"of3vgbj89obhyxf"}
{"type":"log","timestamp":1705684039287,"level":"debug","message":"Skipping storing report.","meta":{"rootId":"33z2fwg1m0mys3n","id":"tyhkj4il1okv6s2"},"id":"sa61k67lj1993fw","previousOperationId":"of3vgbj89obhyxf"}
{"type":"log","timestamp":1705684039287,"level":"info","message":"Rendering (child) request finished in 414 ms","meta":{"rootId":"33z2fwg1m0mys3n","id":"tyhkj4il1okv6s2"},"id":"ufps4bypdjxbfrl","previousOperationId":"of3vgbj89obhyxf"}
{"type":"operationEnd","subtype":"render","operationId":"r1mcwk7f94ksama","timestamp":1705684039288,"id":"yi8utisjyyvmi44","previousEventId":"8dsspasw7wndqjc","previousOperationId":"of3vgbj89obhyxf"}
{"type":"operationEnd","operationId":"d2c1qpppew3wo2j","timestamp":1705684039296,"id":"6i932ouz2mn3n4b","previousEventId":"2fur6p0qpyqg45m","previousOperationId":"d2c1qpppew3wo2j"}
{"type":"log","timestamp":1705684039296,"level":"debug","message":"pdf-utils postproces start","meta":{"rootId":"33z2fwg1m0mys3n","id":"33z2fwg1m0mys3n"},"id":"jtklryvaq49ltfp","previousOperationId":"d2c1qpppew3wo2j"}
{"type":"log","timestamp":1705684039303,"level":"debug","message":"pdf-utils postproces end","meta":{"rootId":"33z2fwg1m0mys3n","id":"33z2fwg1m0mys3n"},"id":"r649im96pbz27c8","previousOperationId":"d2c1qpppew3wo2j"}
{"type":"operationEnd","operationId":"1rwbszpuvuri9vm","timestamp":1705684039303,"id":"2tospkm5ttjz53u","previousEventId":"6i932ouz2mn3n4b","previousOperationId":"d2c1qpppew3wo2j"}
{"type":"log","timestamp":1705684039303,"level":"info","message":"pdf-utils pdf processing was finished","meta":{"rootId":"33z2fwg1m0mys3n","id":"33z2fwg1m0mys3n"},"id":"nqu82uc3txc8tfx","previousOperationId":"1rwbszpuvuri9vm"}
{"type":"log","timestamp":1705684039303,"level":"debug","message":"Skipping storing report.","meta":{"rootId":"33z2fwg1m0mys3n","id":"33z2fwg1m0mys3n"},"id":"lhlb44s4jkij7pz","previousOperationId":"1rwbszpuvuri9vm"}
{"type":"log","timestamp":1705684039303,"level":"info","message":"Rendering request 16 finished in 430 ms","meta":{"rootId":"33z2fwg1m0mys3n","id":"33z2fwg1m0mys3n"},"id":"q29ahdrl8zkne9m","previousOperationId":"1rwbszpuvuri9vm"}
{"type":"operationEnd","subtype":"render","operationId":"fv1wamnakspc5q5","timestamp":1705684039303,"id":"9xoplb8u34795oh","previousEventId":"2tospkm5ttjz53u","previousOperationId":"1rwbszpuvuri9vm"}
{"type":"operationEnd","doDiffs":false,"previousEventId":"5w5gf5he5c2omib","previousOperationId":"nbsjcmrw5zm4xrl","operationId":"nbsjcmrw5zm4xrl","timestamp":1705684039311,"id":"lzi5bv90wkydy2c"}
