{"type":"operationStart","subtype":"profile","data":{"_id":"3yu34poZHvccIUJe","timestamp":"2024-01-18T20:09:16.514Z","state":"queued","mode":"standard","creationDate":"2024-01-18T20:09:16.519Z","modificationDate":"2024-01-18T20:09:16.519Z","shortid":"Axq-bf3","$entitySet":"profiles"},"doDiffs":false,"timestamp":1705608556516,"id":"xo80lktu7jwd5cp","previousOperationId":null,"operationId":"xwd0iwhcanu9u5m"}
{"type":"log","level":"info","message":"Render request 5 queued for execution and waiting for available worker","previousOperationId":"xwd0iwhcanu9u5m","timestamp":1705608556517,"id":"i5bzmnj2v5f59mq"}
{"type":"operationStart","subtype":"render","name":"orders-main","previousOperationId":"xwd0iwhcanu9u5m","timestamp":1705608556535,"id":"g7w6bi6yerynarz","previousEventId":"xo80lktu7jwd5cp","operationId":"0cqp35x9pd3r71h"}
{"type":"log","timestamp":1705608556535,"level":"info","message":"Starting rendering request 5","meta":{"rootId":"38hoyrp4a1xyb1s","id":"38hoyrp4a1xyb1s"},"id":"cozkj4nypf09wks","previousOperationId":"0cqp35x9pd3r71h"}
{"type":"log","timestamp":1705608556535,"level":"info","message":"Rendering template { name: orders-main, recipe: chrome-pdf, engine: handlebars, preview: true }","meta":{"rootId":"38hoyrp4a1xyb1s","id":"38hoyrp4a1xyb1s"},"id":"62a2x81rci5x11s","previousOperationId":"0cqp35x9pd3r71h"}
{"type":"log","timestamp":1705608556537,"level":"debug","message":"Data item not defined for this template.","meta":{"rootId":"38hoyrp4a1xyb1s","id":"38hoyrp4a1xyb1s"},"id":"glycsgej1j3h38v","previousOperationId":"0cqp35x9pd3r71h"}
{"type":"log","timestamp":1705608556543,"level":"debug","message":"Executing script orders-script (beforeRender)","meta":{"rootId":"38hoyrp4a1xyb1s","id":"38hoyrp4a1xyb1s"},"id":"b85knqbm0qqmuwd","previousOperationId":"0cqp35x9pd3r71h"}
{"type":"operationStart","subtype":"scriptsBeforeRender","name":"scripts beforeRender","timestamp":1705608556636,"id":"euce0bpu3q9xfuy","previousEventId":"g7w6bi6yerynarz","operationId":"goob7dkzeugwe3r","previousOperationId":"0cqp35x9pd3r71h"}
{"type":"operationStart","subtype":"script","name":"scripts orders-script","previousOperationId":"goob7dkzeugwe3r","timestamp":1705608556636,"id":"bfo8iqh2iur0781","previousEventId":"euce0bpu3q9xfuy","operationId":"xkhxo815kr8b8ir"}
{"type":"log","timestamp":1705608556662,"level":"debug","message":"(console:log) [ 'Race1', 'Race2' ]","meta":{"userLevel":true,"rootId":"38hoyrp4a1xyb1s","id":"38hoyrp4a1xyb1s"},"id":"tlw05ph5pwipfgy","previousOperationId":"xkhxo815kr8b8ir"}
{"type":"log","timestamp":1705608556662,"level":"debug","message":"(console:log) [ 2, 1 ]","meta":{"userLevel":true,"rootId":"38hoyrp4a1xyb1s","id":"38hoyrp4a1xyb1s"},"id":"5k2h4ottox2ukqx","previousOperationId":"xkhxo815kr8b8ir"}
{"type":"operationEnd","operationId":"xkhxo815kr8b8ir","timestamp":1705608556662,"id":"3opvyt4qimxegpz","previousEventId":"g7w6bi6yerynarz","previousOperationId":"0cqp35x9pd3r71h"}
{"type":"operationEnd","operationId":"goob7dkzeugwe3r","timestamp":1705608556663,"id":"yel4re6nv0gp5t2","previousEventId":"3opvyt4qimxegpz","previousOperationId":"0cqp35x9pd3r71h"}
{"type":"log","timestamp":1705608556663,"level":"debug","message":"Base url not specified, skipping its injection.","meta":{"rootId":"38hoyrp4a1xyb1s","id":"38hoyrp4a1xyb1s"},"id":"qsrku3fa6z8rn7a","previousOperationId":"goob7dkzeugwe3r"}
{"type":"operationStart","subtype":"engine","name":"handlebars","timestamp":1705608556663,"id":"v1b0v34zd669eww","previousEventId":"yel4re6nv0gp5t2","operationId":"dvbkfuqmcrk9bbt","previousOperationId":"goob7dkzeugwe3r"}
{"type":"log","timestamp":1705608556663,"level":"debug","message":"Rendering engine handlebars","meta":{"rootId":"38hoyrp4a1xyb1s","id":"38hoyrp4a1xyb1s"},"id":"68l4ysg8fxpd2i6","previousOperationId":"dvbkfuqmcrk9bbt"}
{"type":"log","timestamp":1705608556705,"level":"debug","message":"(console:log) Pdf utils adding group field, value: \"Race1\"","meta":{"userLevel":true,"rootId":"38hoyrp4a1xyb1s","id":"38hoyrp4a1xyb1s"},"id":"iqaot0jl694linu","previousOperationId":"dvbkfuqmcrk9bbt"}
{"type":"log","timestamp":1705608556706,"level":"debug","message":"(console:log) Pdf utils adding group field, value: \"Race2\"","meta":{"userLevel":true,"rootId":"38hoyrp4a1xyb1s","id":"38hoyrp4a1xyb1s"},"id":"nsbuelx167e7bc6","previousOperationId":"dvbkfuqmcrk9bbt"}
{"type":"operationEnd","operationId":"dvbkfuqmcrk9bbt","timestamp":1705608556707,"id":"alcp8pjmhyd56bn","previousEventId":"v1b0v34zd669eww","previousOperationId":"dvbkfuqmcrk9bbt"}
{"type":"operationStart","subtype":"recipe","name":"chrome-pdf","timestamp":1705608556708,"id":"fo2j6hsjznb0teu","previousEventId":"alcp8pjmhyd56bn","operationId":"84y936qgmsuge0j","previousOperationId":"dvbkfuqmcrk9bbt"}
{"type":"log","timestamp":1705608556708,"level":"debug","message":"Executing recipe chrome-pdf","meta":{"rootId":"38hoyrp4a1xyb1s","id":"38hoyrp4a1xyb1s"},"id":"dz5y5fq4yit2t1y","previousOperationId":"84y936qgmsuge0j"}
{"type":"log","timestamp":1705608556713,"level":"debug","message":"Converting with chrome HeadlessChrome/117.0.5938.149 using chrome-pool strategy","meta":{"rootId":"38hoyrp4a1xyb1s","id":"38hoyrp4a1xyb1s"},"id":"q8299ymzkqx9hgr","previousOperationId":"84y936qgmsuge0j"}
{"type":"log","timestamp":1705608556847,"level":"debug","message":"Page request: GET (document) file:///C:/Users/DANIEL~1/AppData/Local/Temp/jsreport/autocleanup/20bc6fce-e47b-40f3-8cff-5c3635a0a5b1-chrome-pdf.html","meta":{"rootId":"38hoyrp4a1xyb1s","id":"38hoyrp4a1xyb1s"},"id":"g8ftyork4olcgcg","previousOperationId":"84y936qgmsuge0j"}
{"type":"log","timestamp":1705608556878,"level":"debug","message":"Page request finished: GET (document) 200 file:///C:/Users/DANIEL~1/AppData/Local/Temp/jsreport/autocleanup/20bc6fce-e47b-40f3-8cff-5c3635a0a5b1-chrome-pdf.html","meta":{"rootId":"38hoyrp4a1xyb1s","id":"38hoyrp4a1xyb1s"},"id":"5rxbykkaf3773yp","previousOperationId":"84y936qgmsuge0j"}
{"type":"log","timestamp":1705608556878,"level":"debug","message":"Page request: GET (stylesheet) https://cdnjs.cloudflare.com/ajax/libs/metro/4.1.5/css/metro.min.css","meta":{"rootId":"38hoyrp4a1xyb1s","id":"38hoyrp4a1xyb1s"},"id":"1z8lknxs85f3oho","previousOperationId":"84y936qgmsuge0j"}
{"type":"log","timestamp":1705608556880,"level":"debug","message":"Page request: GET (script) https://cdn.jsdelivr.net/npm/chart.js","meta":{"rootId":"38hoyrp4a1xyb1s","id":"38hoyrp4a1xyb1s"},"id":"qpca6u0rbnch0z7","previousOperationId":"84y936qgmsuge0j"}
{"type":"log","timestamp":1705608556912,"level":"debug","message":"Page request finished: GET (stylesheet) 200 https://cdnjs.cloudflare.com/ajax/libs/metro/4.1.5/css/metro.min.css","meta":{"rootId":"38hoyrp4a1xyb1s","id":"38hoyrp4a1xyb1s"},"id":"rn9ah0t1nkn3ly1","previousOperationId":"84y936qgmsuge0j"}
{"type":"log","timestamp":1705608556912,"level":"debug","message":"Page request finished: GET (script) 200 https://cdn.jsdelivr.net/npm/chart.js","meta":{"rootId":"38hoyrp4a1xyb1s","id":"38hoyrp4a1xyb1s"},"id":"a1w4oi9sww5ttgs","previousOperationId":"84y936qgmsuge0j"}
{"type":"log","timestamp":1705608556921,"level":"warn","message":"Page error: \"undefined\" is not valid JSON\nJSON.parse (<anonymous>) , stack: SyntaxError: \"undefined\" is not valid JSON\nJSON.parse (<anonymous>)\n    at <anonymous> (file:///C:/Users/DANIEL~1/AppData/Local/Temp/jsreport/autocleanup/20bc6fce-e47b-40f3-8cff-5c3635a0a5b1-chrome-pdf.html:15:28)","meta":{"rootId":"38hoyrp4a1xyb1s","id":"38hoyrp4a1xyb1s"},"id":"95i11r3c49ard4t","previousOperationId":"84y936qgmsuge0j"}
{"type":"log","timestamp":1705608556959,"level":"debug","message":"Running chrome with params {\"printBackground\":true,\"marginTop\":\"4cm\",\"marginRight\":\"1.5cm\",\"marginBottom\":\"1.5cm\",\"marginLeft\":\"1.5cm\",\"waitForJS\":false,\"timeout\":59803,\"margin\":{\"top\":\"4cm\",\"right\":\"1.5cm\",\"bottom\":\"1.5cm\",\"left\":\"1.5cm\"}}","meta":{"rootId":"38hoyrp4a1xyb1s","id":"38hoyrp4a1xyb1s"},"id":"1hfnhr1ee3w3xwj","previousOperationId":"84y936qgmsuge0j"}
{"type":"operationEnd","operationId":"84y936qgmsuge0j","timestamp":1705608557061,"id":"sldk8rzng887b01","previousEventId":"fo2j6hsjznb0teu","previousOperationId":"84y936qgmsuge0j"}
{"type":"log","timestamp":1705608557061,"level":"info","message":"pdf-utils is starting pdf processing","meta":{"rootId":"38hoyrp4a1xyb1s","id":"38hoyrp4a1xyb1s"},"id":"3i125pdfcyk3cp3","previousOperationId":"84y936qgmsuge0j"}
{"type":"operationStart","subtype":"pdfUtils","name":"pdf utils","timestamp":1705608557061,"id":"jsuseoaaupfsl6s","previousEventId":"sldk8rzng887b01","operationId":"fez2kmybd8f7538","previousOperationId":"84y936qgmsuge0j"}
{"type":"log","timestamp":1705608557062,"level":"debug","message":"pdf-utils detected 1 pdf operation(s) to process","meta":{"rootId":"38hoyrp4a1xyb1s","id":"38hoyrp4a1xyb1s"},"id":"biqbib9aekd9d3i","previousOperationId":"fez2kmybd8f7538"}
{"type":"log","timestamp":1705608557121,"level":"debug","message":"pdf-utils running pdf operation merge","meta":{"rootId":"38hoyrp4a1xyb1s","id":"38hoyrp4a1xyb1s"},"id":"siyvfgkis11xozr","previousOperationId":"fez2kmybd8f7538"}
{"type":"operationStart","subtype":"pdfUtilsMerge","name":"pdf utils merge","previousOperationId":"fez2kmybd8f7538","timestamp":1705608557121,"id":"alxqpl5v24poyug","previousEventId":"jsuseoaaupfsl6s","operationId":"fb093gl43fz2d18"}
{"type":"operationStart","subtype":"render","name":"orders-header","previousOperationId":"fb093gl43fz2d18","timestamp":1705608557124,"id":"gyep6c614pzyqyv","previousEventId":"alxqpl5v24poyug","operationId":"z19pfbqmoqxpywm"}
{"type":"log","timestamp":1705608557124,"level":"info","message":"Starting rendering (child) request","meta":{"rootId":"38hoyrp4a1xyb1s","id":"qmionilp7pf6qai"},"id":"jhcrzlbbidxi021","previousOperationId":"z19pfbqmoqxpywm"}
{"type":"log","timestamp":1705608557124,"level":"info","message":"Rendering template { name: orders-header, recipe: chrome-pdf, engine: handlebars, preview: true }","meta":{"rootId":"38hoyrp4a1xyb1s","id":"qmionilp7pf6qai"},"id":"hwtddz8ip2z3ty0","previousOperationId":"z19pfbqmoqxpywm"}
{"type":"log","timestamp":1705608557135,"level":"debug","message":"Inline data specified.","meta":{"rootId":"38hoyrp4a1xyb1s","id":"qmionilp7pf6qai"},"id":"ijhmxo07jhftbvj","previousOperationId":"z19pfbqmoqxpywm"}
{"type":"log","timestamp":1705608557141,"level":"debug","message":"Base url not specified, skipping its injection.","meta":{"rootId":"38hoyrp4a1xyb1s","id":"qmionilp7pf6qai"},"id":"fuomv2a3gp7vtyn","previousOperationId":"z19pfbqmoqxpywm"}
{"type":"operationStart","subtype":"engine","name":"handlebars","timestamp":1705608557141,"id":"31g1r81kb9audux","previousEventId":"gyep6c614pzyqyv","operationId":"8gxdifjuevtcgh7","previousOperationId":"z19pfbqmoqxpywm"}
{"type":"log","timestamp":1705608557141,"level":"debug","message":"Rendering engine handlebars","meta":{"rootId":"38hoyrp4a1xyb1s","id":"qmionilp7pf6qai"},"id":"kcssi6a58gzkkjd","previousOperationId":"8gxdifjuevtcgh7"}
{"type":"operationEnd","operationId":"8gxdifjuevtcgh7","timestamp":1705608557176,"id":"nz35c70qwa5ubcs","previousEventId":"31g1r81kb9audux","previousOperationId":"8gxdifjuevtcgh7"}
{"type":"operationStart","subtype":"recipe","name":"chrome-pdf","timestamp":1705608557176,"id":"4maotshx9unnbqn","previousEventId":"nz35c70qwa5ubcs","operationId":"56iib4nrkhtcbwj","previousOperationId":"8gxdifjuevtcgh7"}
{"type":"log","timestamp":1705608557177,"level":"debug","message":"Executing recipe chrome-pdf","meta":{"rootId":"38hoyrp4a1xyb1s","id":"qmionilp7pf6qai"},"id":"bnhfhvwu1ke1y43","previousOperationId":"56iib4nrkhtcbwj"}
{"type":"log","timestamp":1705608557180,"level":"debug","message":"Converting with chrome HeadlessChrome/117.0.5938.149 using chrome-pool strategy","meta":{"rootId":"38hoyrp4a1xyb1s","id":"qmionilp7pf6qai"},"id":"bqe7wxznrakzj2o","previousOperationId":"56iib4nrkhtcbwj"}
{"type":"log","timestamp":1705608557293,"level":"debug","message":"Page request: GET (document) file:///C:/Users/DANIEL~1/AppData/Local/Temp/jsreport/autocleanup/7904f069-f640-43aa-9c6d-0e5cf9829ce7-chrome-pdf.html","meta":{"rootId":"38hoyrp4a1xyb1s","id":"qmionilp7pf6qai"},"id":"clb7q1k28gbbwg6","previousOperationId":"56iib4nrkhtcbwj"}
{"type":"log","timestamp":1705608557307,"level":"debug","message":"Page request finished: GET (document) 200 file:///C:/Users/DANIEL~1/AppData/Local/Temp/jsreport/autocleanup/7904f069-f640-43aa-9c6d-0e5cf9829ce7-chrome-pdf.html","meta":{"rootId":"38hoyrp4a1xyb1s","id":"qmionilp7pf6qai"},"id":"o8186fri7zhgv6c","previousOperationId":"56iib4nrkhtcbwj"}
{"type":"log","timestamp":1705608557307,"level":"debug","message":"Page request: GET (stylesheet) https://cdnjs.cloudflare.com/ajax/libs/metro/4.1.5/css/metro.min.css","meta":{"rootId":"38hoyrp4a1xyb1s","id":"qmionilp7pf6qai"},"id":"ffghxatcxyiibgm","previousOperationId":"56iib4nrkhtcbwj"}
{"type":"log","timestamp":1705608557325,"level":"debug","message":"Page request finished: GET (stylesheet) 200 https://cdnjs.cloudflare.com/ajax/libs/metro/4.1.5/css/metro.min.css","meta":{"rootId":"38hoyrp4a1xyb1s","id":"qmionilp7pf6qai"},"id":"mdddikzf6nz8bfs","previousOperationId":"56iib4nrkhtcbwj"}
{"type":"log","timestamp":1705608557343,"level":"debug","message":"Running chrome with params {\"printBackground\":true,\"marginTop\":\"1.5cm\",\"marginRight\":\"1.5cm\",\"marginLeft\":\"1.cm\",\"timeout\":59335,\"margin\":{\"top\":\"1.5cm\",\"right\":\"1.5cm\",\"left\":\"1.cm\"}}","meta":{"rootId":"38hoyrp4a1xyb1s","id":"qmionilp7pf6qai"},"id":"ajfb36kgep874pp","previousOperationId":"56iib4nrkhtcbwj"}
{"type":"operationEnd","operationId":"56iib4nrkhtcbwj","timestamp":1705608557388,"id":"mbkvzosnngfbilb","previousEventId":"4maotshx9unnbqn","previousOperationId":"56iib4nrkhtcbwj"}
{"type":"log","timestamp":1705608557389,"level":"debug","message":"Skipping storing report.","meta":{"rootId":"38hoyrp4a1xyb1s","id":"qmionilp7pf6qai"},"id":"l7tq4ilgz0cpy1f","previousOperationId":"56iib4nrkhtcbwj"}
{"type":"log","timestamp":1705608557389,"level":"info","message":"Rendering (child) request finished in 875 ms","meta":{"rootId":"38hoyrp4a1xyb1s","id":"qmionilp7pf6qai"},"id":"n2vlzdg96mn7knv","previousOperationId":"56iib4nrkhtcbwj"}
{"type":"operationEnd","subtype":"render","operationId":"z19pfbqmoqxpywm","timestamp":1705608557389,"id":"c5ifl65xkopteez","previousEventId":"mbkvzosnngfbilb","previousOperationId":"56iib4nrkhtcbwj"}
{"type":"operationEnd","operationId":"fb093gl43fz2d18","timestamp":1705608557425,"id":"6ypab6gonqawujr","previousEventId":"alxqpl5v24poyug","previousOperationId":"fb093gl43fz2d18"}
{"type":"log","timestamp":1705608557425,"level":"debug","message":"pdf-utils postproces start","meta":{"rootId":"38hoyrp4a1xyb1s","id":"38hoyrp4a1xyb1s"},"id":"sgwe9f3p6kgi9js","previousOperationId":"fb093gl43fz2d18"}
{"type":"log","timestamp":1705608557452,"level":"debug","message":"pdf-utils postproces end","meta":{"rootId":"38hoyrp4a1xyb1s","id":"38hoyrp4a1xyb1s"},"id":"b77h50a16ebz6lk","previousOperationId":"fb093gl43fz2d18"}
{"type":"operationEnd","operationId":"fez2kmybd8f7538","timestamp":1705608557452,"id":"3viw1sfir9jxanz","previousEventId":"6ypab6gonqawujr","previousOperationId":"fb093gl43fz2d18"}
{"type":"log","timestamp":1705608557452,"level":"info","message":"pdf-utils pdf processing was finished","meta":{"rootId":"38hoyrp4a1xyb1s","id":"38hoyrp4a1xyb1s"},"id":"wloz2c5rtstbbrv","previousOperationId":"fez2kmybd8f7538"}
{"type":"log","timestamp":1705608557452,"level":"debug","message":"Skipping storing report.","meta":{"rootId":"38hoyrp4a1xyb1s","id":"38hoyrp4a1xyb1s"},"id":"n5qtley4jl1vrn5","previousOperationId":"fez2kmybd8f7538"}
{"type":"log","timestamp":1705608557452,"level":"info","message":"Rendering request 5 finished in 938 ms","meta":{"rootId":"38hoyrp4a1xyb1s","id":"38hoyrp4a1xyb1s"},"id":"iakkdzoei6jn7kh","previousOperationId":"fez2kmybd8f7538"}
{"type":"operationEnd","subtype":"render","operationId":"0cqp35x9pd3r71h","timestamp":1705608557452,"id":"2upncgqqbz15bv1","previousEventId":"3viw1sfir9jxanz","previousOperationId":"fez2kmybd8f7538"}
{"type":"operationEnd","doDiffs":false,"previousEventId":"xo80lktu7jwd5cp","previousOperationId":"xwd0iwhcanu9u5m","operationId":"xwd0iwhcanu9u5m","timestamp":1705608557473,"id":"hvvf096ipedgo87"}
