{"type":"operationStart","subtype":"profile","data":{"_id":"Nf1xmasHZYIQnBzW","timestamp":"2024-01-18T16:59:24.732Z","state":"queued","mode":"standard","creationDate":"2024-01-18T16:59:24.734Z","modificationDate":"2024-01-18T16:59:24.734Z","shortid":"q6c4oth","$entitySet":"profiles"},"doDiffs":false,"timestamp":1705597164733,"id":"oii3enhs11fc7iw","previousOperationId":null,"operationId":"hroam5yjvodp1gl"}
{"type":"log","level":"info","message":"Render request 3 queued for execution and waiting for available worker","previousOperationId":"hroam5yjvodp1gl","timestamp":1705597164733,"id":"9w89nnnlso8j8kw"}
{"type":"operationStart","subtype":"render","name":"orders-main","previousOperationId":"hroam5yjvodp1gl","timestamp":1705597164740,"id":"mvyfqr8yzm2e1xm","previousEventId":"oii3enhs11fc7iw","operationId":"5ls4vl9mbyoc07z"}
{"type":"log","timestamp":1705597164740,"level":"info","message":"Starting rendering request 3","meta":{"rootId":"3fv35hlc3ta70se","id":"3fv35hlc3ta70se"},"id":"mqdeikn5fq1hq1h","previousOperationId":"5ls4vl9mbyoc07z"}
{"type":"log","timestamp":1705597164740,"level":"info","message":"Rendering template { name: orders-main, recipe: chrome-pdf, engine: handlebars, preview: true }","meta":{"rootId":"3fv35hlc3ta70se","id":"3fv35hlc3ta70se"},"id":"5etcqsv1houghz3","previousOperationId":"5ls4vl9mbyoc07z"}
{"type":"log","timestamp":1705597164741,"level":"debug","message":"Data item not defined for this template.","meta":{"rootId":"3fv35hlc3ta70se","id":"3fv35hlc3ta70se"},"id":"gy0h194gxp1lcif","previousOperationId":"5ls4vl9mbyoc07z"}
{"type":"log","timestamp":1705597164742,"level":"debug","message":"Executing script orders-script (beforeRender)","meta":{"rootId":"3fv35hlc3ta70se","id":"3fv35hlc3ta70se"},"id":"vj6pazkrru82qnb","previousOperationId":"5ls4vl9mbyoc07z"}
{"type":"operationStart","subtype":"scriptsBeforeRender","name":"scripts beforeRender","timestamp":1705597164767,"id":"50bb6seb3z9i9p3","previousEventId":"mvyfqr8yzm2e1xm","operationId":"5ureaz77c4uv6k6","previousOperationId":"5ls4vl9mbyoc07z"}
{"type":"operationStart","subtype":"script","name":"scripts orders-script","previousOperationId":"5ureaz77c4uv6k6","timestamp":1705597164767,"id":"xnfgd9z1ibkhqhy","previousEventId":"50bb6seb3z9i9p3","operationId":"gkocdf12msa4xq5"}
{"type":"log","timestamp":1705597164787,"level":"debug","message":"(console:log) [\"Race1\",\"Race2\"]","meta":{"userLevel":true,"rootId":"3fv35hlc3ta70se","id":"3fv35hlc3ta70se"},"id":"8th8r7a1fdh7lif","previousOperationId":"gkocdf12msa4xq5"}
{"type":"log","timestamp":1705597164787,"level":"debug","message":"(console:log) [2,1]","meta":{"userLevel":true,"rootId":"3fv35hlc3ta70se","id":"3fv35hlc3ta70se"},"id":"iytffwywma2ebgy","previousOperationId":"gkocdf12msa4xq5"}
{"type":"operationEnd","operationId":"gkocdf12msa4xq5","timestamp":1705597164788,"id":"ks5g9443utu959m","previousEventId":"mvyfqr8yzm2e1xm","previousOperationId":"5ls4vl9mbyoc07z"}
{"type":"operationEnd","operationId":"5ureaz77c4uv6k6","timestamp":1705597164788,"id":"cp551nmud0z77or","previousEventId":"ks5g9443utu959m","previousOperationId":"5ls4vl9mbyoc07z"}
{"type":"log","timestamp":1705597164788,"level":"debug","message":"Base url not specified, skipping its injection.","meta":{"rootId":"3fv35hlc3ta70se","id":"3fv35hlc3ta70se"},"id":"0muzkshzm14abc1","previousOperationId":"5ureaz77c4uv6k6"}
{"type":"operationStart","subtype":"engine","name":"handlebars","timestamp":1705597164789,"id":"2naswdo1uydmb5g","previousEventId":"cp551nmud0z77or","operationId":"3zkmh3zi2dpjkh3","previousOperationId":"5ureaz77c4uv6k6"}
{"type":"log","timestamp":1705597164789,"level":"debug","message":"Rendering engine handlebars","meta":{"rootId":"3fv35hlc3ta70se","id":"3fv35hlc3ta70se"},"id":"psmk7kyvdwdtwmd","previousOperationId":"3zkmh3zi2dpjkh3"}
{"type":"log","timestamp":1705597164803,"level":"debug","message":"(console:log) Pdf utils adding group field, value: \"Race1\"","meta":{"userLevel":true,"rootId":"3fv35hlc3ta70se","id":"3fv35hlc3ta70se"},"id":"n1i7ikx4lglpf6p","previousOperationId":"3zkmh3zi2dpjkh3"}
{"type":"log","timestamp":1705597164803,"level":"debug","message":"(console:log) Pdf utils adding group field, value: \"Race2\"","meta":{"userLevel":true,"rootId":"3fv35hlc3ta70se","id":"3fv35hlc3ta70se"},"id":"3qf72nnsbpqvpik","previousOperationId":"3zkmh3zi2dpjkh3"}
{"type":"operationEnd","operationId":"3zkmh3zi2dpjkh3","timestamp":1705597164803,"id":"weev50cdqs1rphm","previousEventId":"2naswdo1uydmb5g","previousOperationId":"3zkmh3zi2dpjkh3"}
{"type":"operationStart","subtype":"recipe","name":"chrome-pdf","timestamp":1705597164803,"id":"9grcvfn0v5z4yc1","previousEventId":"weev50cdqs1rphm","operationId":"qwcrqkhiu5ilspo","previousOperationId":"3zkmh3zi2dpjkh3"}
{"type":"log","timestamp":1705597164803,"level":"debug","message":"Executing recipe chrome-pdf","meta":{"rootId":"3fv35hlc3ta70se","id":"3fv35hlc3ta70se"},"id":"tlegzajipc4fns4","previousOperationId":"qwcrqkhiu5ilspo"}
{"type":"log","timestamp":1705597164806,"level":"debug","message":"Converting with chrome HeadlessChrome/117.0.5938.149 using chrome-pool strategy","meta":{"rootId":"3fv35hlc3ta70se","id":"3fv35hlc3ta70se"},"id":"sahbqv37s37etfj","previousOperationId":"qwcrqkhiu5ilspo"}
{"type":"log","timestamp":1705597164871,"level":"debug","message":"Page request: GET (document) file:///C:/Users/DANIEL~1/AppData/Local/Temp/jsreport/autocleanup/31dcbb13-9c10-46ef-8eba-832712004c11-chrome-pdf.html","meta":{"rootId":"3fv35hlc3ta70se","id":"3fv35hlc3ta70se"},"id":"osm77r725qgsjqd","previousOperationId":"qwcrqkhiu5ilspo"}
{"type":"log","timestamp":1705597164889,"level":"debug","message":"Page request: GET (stylesheet) https://cdnjs.cloudflare.com/ajax/libs/metro/4.1.5/css/metro.min.css","meta":{"rootId":"3fv35hlc3ta70se","id":"3fv35hlc3ta70se"},"id":"755712h303iawv4","previousOperationId":"qwcrqkhiu5ilspo"}
{"type":"log","timestamp":1705597164889,"level":"debug","message":"Page request: GET (script) https://cdnjs.cloudflare.com/ajax/libs/Chart.js/2.9.4/Chart.js","meta":{"rootId":"3fv35hlc3ta70se","id":"3fv35hlc3ta70se"},"id":"6ivly94sx8lot0l","previousOperationId":"qwcrqkhiu5ilspo"}
{"type":"log","timestamp":1705597164889,"level":"debug","message":"Page request finished: GET (document) 200 file:///C:/Users/DANIEL~1/AppData/Local/Temp/jsreport/autocleanup/31dcbb13-9c10-46ef-8eba-832712004c11-chrome-pdf.html","meta":{"rootId":"3fv35hlc3ta70se","id":"3fv35hlc3ta70se"},"id":"bmsogo5m08orb6u","previousOperationId":"qwcrqkhiu5ilspo"}
{"type":"log","timestamp":1705597164904,"level":"debug","message":"Page request finished: GET (stylesheet) 200 https://cdnjs.cloudflare.com/ajax/libs/metro/4.1.5/css/metro.min.css","meta":{"rootId":"3fv35hlc3ta70se","id":"3fv35hlc3ta70se"},"id":"xqkcioszi73olnb","previousOperationId":"qwcrqkhiu5ilspo"}
{"type":"log","timestamp":1705597164904,"level":"debug","message":"Page request finished: GET (script) 200 https://cdnjs.cloudflare.com/ajax/libs/Chart.js/2.9.4/Chart.js","meta":{"rootId":"3fv35hlc3ta70se","id":"3fv35hlc3ta70se"},"id":"7nlwtyr6e7q5en9","previousOperationId":"qwcrqkhiu5ilspo"}
{"type":"log","timestamp":1705597164911,"level":"warn","message":"Page error: Unexpected token '&' , stack: SyntaxError: Unexpected token '&'","meta":{"rootId":"3fv35hlc3ta70se","id":"3fv35hlc3ta70se"},"id":"tznplg17lkbhbzo","previousOperationId":"qwcrqkhiu5ilspo"}
{"type":"log","timestamp":1705597164934,"level":"debug","message":"Running chrome with params {\"printBackground\":true,\"marginTop\":\"4cm\",\"marginRight\":\"1.5cm\",\"marginBottom\":\"1.5cm\",\"marginLeft\":\"1.5cm\",\"waitForJS\":false,\"timeout\":59927,\"margin\":{\"top\":\"4cm\",\"right\":\"1.5cm\",\"bottom\":\"1.5cm\",\"left\":\"1.5cm\"}}","meta":{"rootId":"3fv35hlc3ta70se","id":"3fv35hlc3ta70se"},"id":"gv34hnq6i13i703","previousOperationId":"qwcrqkhiu5ilspo"}
{"type":"operationEnd","operationId":"qwcrqkhiu5ilspo","timestamp":1705597164989,"id":"nnluh9iml0qrx1t","previousEventId":"9grcvfn0v5z4yc1","previousOperationId":"qwcrqkhiu5ilspo"}
{"type":"log","timestamp":1705597164989,"level":"info","message":"pdf-utils is starting pdf processing","meta":{"rootId":"3fv35hlc3ta70se","id":"3fv35hlc3ta70se"},"id":"kb8id16tcrlb743","previousOperationId":"qwcrqkhiu5ilspo"}
{"type":"operationStart","subtype":"pdfUtils","name":"pdf utils","timestamp":1705597164989,"id":"ey83r5ykehlil75","previousEventId":"nnluh9iml0qrx1t","operationId":"ap4tkcplxzjireb","previousOperationId":"qwcrqkhiu5ilspo"}
{"type":"log","timestamp":1705597164989,"level":"debug","message":"pdf-utils detected 1 pdf operation(s) to process","meta":{"rootId":"3fv35hlc3ta70se","id":"3fv35hlc3ta70se"},"id":"d7ggesnocnltiux","previousOperationId":"ap4tkcplxzjireb"}
{"type":"log","timestamp":1705597165014,"level":"debug","message":"pdf-utils running pdf operation merge","meta":{"rootId":"3fv35hlc3ta70se","id":"3fv35hlc3ta70se"},"id":"3gsbolmbc6rxx4f","previousOperationId":"ap4tkcplxzjireb"}
{"type":"operationStart","subtype":"pdfUtilsMerge","name":"pdf utils merge","previousOperationId":"ap4tkcplxzjireb","timestamp":1705597165014,"id":"hej17snl6uixi03","previousEventId":"ey83r5ykehlil75","operationId":"7qo7diolu264ygq"}
{"type":"operationStart","subtype":"render","name":"orders-header","previousOperationId":"7qo7diolu264ygq","timestamp":1705597165015,"id":"isyik6w0pxp2u88","previousEventId":"hej17snl6uixi03","operationId":"bnmv4rgpvcio6ni"}
{"type":"log","timestamp":1705597165015,"level":"info","message":"Starting rendering (child) request","meta":{"rootId":"3fv35hlc3ta70se","id":"4e47vpgk2iz5ww5"},"id":"ij19c19vqkww4lx","previousOperationId":"bnmv4rgpvcio6ni"}
{"type":"log","timestamp":1705597165015,"level":"info","message":"Rendering template { name: orders-header, recipe: chrome-pdf, engine: handlebars, preview: true }","meta":{"rootId":"3fv35hlc3ta70se","id":"4e47vpgk2iz5ww5"},"id":"o3awz3d98002h6u","previousOperationId":"bnmv4rgpvcio6ni"}
{"type":"log","timestamp":1705597165022,"level":"debug","message":"Inline data specified.","meta":{"rootId":"3fv35hlc3ta70se","id":"4e47vpgk2iz5ww5"},"id":"ab1xghnnv3uyrap","previousOperationId":"bnmv4rgpvcio6ni"}
{"type":"log","timestamp":1705597165024,"level":"debug","message":"Base url not specified, skipping its injection.","meta":{"rootId":"3fv35hlc3ta70se","id":"4e47vpgk2iz5ww5"},"id":"nqbtinttobiz4mj","previousOperationId":"bnmv4rgpvcio6ni"}
{"type":"operationStart","subtype":"engine","name":"handlebars","timestamp":1705597165024,"id":"04ss2zjjvcaoxoa","previousEventId":"isyik6w0pxp2u88","operationId":"vj0unttnqc9ls8e","previousOperationId":"bnmv4rgpvcio6ni"}
{"type":"log","timestamp":1705597165024,"level":"debug","message":"Rendering engine handlebars","meta":{"rootId":"3fv35hlc3ta70se","id":"4e47vpgk2iz5ww5"},"id":"aqnoruqumop2ree","previousOperationId":"vj0unttnqc9ls8e"}
{"type":"operationEnd","operationId":"vj0unttnqc9ls8e","timestamp":1705597165035,"id":"ebrd9lgs86v5jpa","previousEventId":"04ss2zjjvcaoxoa","previousOperationId":"vj0unttnqc9ls8e"}
{"type":"operationStart","subtype":"recipe","name":"chrome-pdf","timestamp":1705597165035,"id":"tlnsu672is406ii","previousEventId":"ebrd9lgs86v5jpa","operationId":"vzc83on7a1ib9qi","previousOperationId":"vj0unttnqc9ls8e"}
{"type":"log","timestamp":1705597165035,"level":"debug","message":"Executing recipe chrome-pdf","meta":{"rootId":"3fv35hlc3ta70se","id":"4e47vpgk2iz5ww5"},"id":"td8eyfnnr29bmjz","previousOperationId":"vzc83on7a1ib9qi"}
{"type":"log","timestamp":1705597165037,"level":"debug","message":"Converting with chrome HeadlessChrome/117.0.5938.149 using chrome-pool strategy","meta":{"rootId":"3fv35hlc3ta70se","id":"4e47vpgk2iz5ww5"},"id":"sb7lm4flcickdz8","previousOperationId":"vzc83on7a1ib9qi"}
{"type":"log","timestamp":1705597165107,"level":"debug","message":"Page request: GET (document) file:///C:/Users/DANIEL~1/AppData/Local/Temp/jsreport/autocleanup/83ca66bd-679f-4b53-a83b-d9f0183a9ae6-chrome-pdf.html","meta":{"rootId":"3fv35hlc3ta70se","id":"4e47vpgk2iz5ww5"},"id":"pvzwxmtymvtvyi7","previousOperationId":"vzc83on7a1ib9qi"}
{"type":"log","timestamp":1705597165115,"level":"debug","message":"Page request: GET (stylesheet) https://cdnjs.cloudflare.com/ajax/libs/metro/4.1.5/css/metro.min.css","meta":{"rootId":"3fv35hlc3ta70se","id":"4e47vpgk2iz5ww5"},"id":"6sgftbu0khft7kc","previousOperationId":"vzc83on7a1ib9qi"}
{"type":"log","timestamp":1705597165116,"level":"debug","message":"Page request finished: GET (document) 200 file:///C:/Users/DANIEL~1/AppData/Local/Temp/jsreport/autocleanup/83ca66bd-679f-4b53-a83b-d9f0183a9ae6-chrome-pdf.html","meta":{"rootId":"3fv35hlc3ta70se","id":"4e47vpgk2iz5ww5"},"id":"np7rawpn6ohfdds","previousOperationId":"vzc83on7a1ib9qi"}
{"type":"log","timestamp":1705597165131,"level":"debug","message":"Page request finished: GET (stylesheet) 200 https://cdnjs.cloudflare.com/ajax/libs/metro/4.1.5/css/metro.min.css","meta":{"rootId":"3fv35hlc3ta70se","id":"4e47vpgk2iz5ww5"},"id":"ikvptle75dnh50e","previousOperationId":"vzc83on7a1ib9qi"}
{"type":"log","timestamp":1705597165148,"level":"debug","message":"Running chrome with params {\"printBackground\":true,\"marginTop\":\"1.5cm\",\"marginRight\":\"1.5cm\",\"marginLeft\":\"1.cm\",\"timeout\":59696,\"margin\":{\"top\":\"1.5cm\",\"right\":\"1.5cm\",\"left\":\"1.cm\"}}","meta":{"rootId":"3fv35hlc3ta70se","id":"4e47vpgk2iz5ww5"},"id":"o0rywwvcgs15oxt","previousOperationId":"vzc83on7a1ib9qi"}
{"type":"operationEnd","operationId":"vzc83on7a1ib9qi","timestamp":1705597165175,"id":"3icszu6uhyehbea","previousEventId":"tlnsu672is406ii","previousOperationId":"vzc83on7a1ib9qi"}
{"type":"log","timestamp":1705597165175,"level":"debug","message":"Skipping storing report.","meta":{"rootId":"3fv35hlc3ta70se","id":"4e47vpgk2iz5ww5"},"id":"gfbc42ruv6hc1i9","previousOperationId":"vzc83on7a1ib9qi"}
{"type":"log","timestamp":1705597165175,"level":"info","message":"Rendering (child) request finished in 443 ms","meta":{"rootId":"3fv35hlc3ta70se","id":"4e47vpgk2iz5ww5"},"id":"bhwvqy7p0vi5bik","previousOperationId":"vzc83on7a1ib9qi"}
{"type":"operationEnd","subtype":"render","operationId":"bnmv4rgpvcio6ni","timestamp":1705597165175,"id":"g0kmms4z06r8vlr","previousEventId":"3icszu6uhyehbea","previousOperationId":"vzc83on7a1ib9qi"}
{"type":"operationEnd","operationId":"7qo7diolu264ygq","timestamp":1705597165185,"id":"0xs5lx6a9zroy8n","previousEventId":"hej17snl6uixi03","previousOperationId":"7qo7diolu264ygq"}
{"type":"log","timestamp":1705597165185,"level":"debug","message":"pdf-utils postproces start","meta":{"rootId":"3fv35hlc3ta70se","id":"3fv35hlc3ta70se"},"id":"5zkcoqn6xoagclv","previousOperationId":"7qo7diolu264ygq"}
{"type":"log","timestamp":1705597165195,"level":"debug","message":"pdf-utils postproces end","meta":{"rootId":"3fv35hlc3ta70se","id":"3fv35hlc3ta70se"},"id":"72v51ua68omq2qn","previousOperationId":"7qo7diolu264ygq"}
{"type":"operationEnd","operationId":"ap4tkcplxzjireb","timestamp":1705597165195,"id":"o5hm33xjm41itp1","previousEventId":"0xs5lx6a9zroy8n","previousOperationId":"7qo7diolu264ygq"}
{"type":"log","timestamp":1705597165195,"level":"info","message":"pdf-utils pdf processing was finished","meta":{"rootId":"3fv35hlc3ta70se","id":"3fv35hlc3ta70se"},"id":"sv6n70ta3wi4l71","previousOperationId":"ap4tkcplxzjireb"}
{"type":"log","timestamp":1705597165195,"level":"debug","message":"Skipping storing report.","meta":{"rootId":"3fv35hlc3ta70se","id":"3fv35hlc3ta70se"},"id":"kcqy28nxx7o14yi","previousOperationId":"ap4tkcplxzjireb"}
{"type":"log","timestamp":1705597165195,"level":"info","message":"Rendering request 3 finished in 463 ms","meta":{"rootId":"3fv35hlc3ta70se","id":"3fv35hlc3ta70se"},"id":"2g2u63fe17ax1bq","previousOperationId":"ap4tkcplxzjireb"}
{"type":"operationEnd","subtype":"render","operationId":"5ls4vl9mbyoc07z","timestamp":1705597165195,"id":"3xga8sx99n20qqj","previousEventId":"o5hm33xjm41itp1","previousOperationId":"ap4tkcplxzjireb"}
{"type":"operationEnd","doDiffs":false,"previousEventId":"oii3enhs11fc7iw","previousOperationId":"hroam5yjvodp1gl","operationId":"hroam5yjvodp1gl","timestamp":1705597165202,"id":"2n9cm9wi4nw2gz8"}
