{"type":"operationStart","subtype":"profile","data":{"_id":"nOc5p10i4SoQEAuN","timestamp":"2024-01-17T16:46:07.128Z","state":"queued","mode":"standard","creationDate":"2024-01-17T16:46:07.130Z","modificationDate":"2024-01-17T16:46:07.130Z","shortid":"5AznyfW","$entitySet":"profiles"},"doDiffs":false,"timestamp":1705509967129,"id":"y1nk1wbwm6di853","previousOperationId":null,"operationId":"jep09fenry6skzb"}
{"type":"log","level":"info","message":"Render request 63 queued for execution and waiting for available worker","previousOperationId":"jep09fenry6skzb","timestamp":1705509967129,"id":"r84klu0td6zwfhd"}
{"type":"operationStart","subtype":"render","name":"orders-main","previousOperationId":"jep09fenry6skzb","timestamp":1705509967134,"id":"a54mt2xmibz45on","previousEventId":"y1nk1wbwm6di853","operationId":"n06xpssyopsva2i"}
{"type":"log","timestamp":1705509967134,"level":"info","message":"Starting rendering request 63","meta":{"rootId":"3kkpg5kv53dkxk3","id":"3kkpg5kv53dkxk3"},"id":"3nt6ptcc83gl1we","previousOperationId":"n06xpssyopsva2i"}
{"type":"log","timestamp":1705509967134,"level":"info","message":"Rendering template { name: orders-main, recipe: chrome-pdf, engine: handlebars, preview: true }","meta":{"rootId":"3kkpg5kv53dkxk3","id":"3kkpg5kv53dkxk3"},"id":"1x2q1qme71b82nb","previousOperationId":"n06xpssyopsva2i"}
{"type":"log","timestamp":1705509967135,"level":"debug","message":"Data item not defined for this template.","meta":{"rootId":"3kkpg5kv53dkxk3","id":"3kkpg5kv53dkxk3"},"id":"sgzkyla8fqyyla5","previousOperationId":"n06xpssyopsva2i"}
{"type":"log","timestamp":1705509967137,"level":"debug","message":"Executing script orders-script (beforeRender)","meta":{"rootId":"3kkpg5kv53dkxk3","id":"3kkpg5kv53dkxk3"},"id":"hnnawx9wo7io384","previousOperationId":"n06xpssyopsva2i"}
{"type":"operationStart","subtype":"scriptsBeforeRender","name":"scripts beforeRender","timestamp":1705509967148,"id":"zyquvu5dseky1u2","previousEventId":"a54mt2xmibz45on","operationId":"whkdpqe3jdno28w","previousOperationId":"n06xpssyopsva2i"}
{"type":"operationStart","subtype":"script","name":"scripts orders-script","previousOperationId":"whkdpqe3jdno28w","timestamp":1705509967148,"id":"dzn5tc2mwiosbrz","previousEventId":"zyquvu5dseky1u2","operationId":"7t822j0k6afefq8"}
{"type":"operationEnd","operationId":"7t822j0k6afefq8","timestamp":1705509967159,"id":"r2yoelw3q7ccshy","previousEventId":"a54mt2xmibz45on","previousOperationId":"n06xpssyopsva2i"}
{"type":"operationEnd","operationId":"whkdpqe3jdno28w","timestamp":1705509967159,"id":"my8dxratlx5z3u7","previousEventId":"r2yoelw3q7ccshy","previousOperationId":"n06xpssyopsva2i"}
{"type":"log","timestamp":1705509967159,"level":"debug","message":"Base url not specified, skipping its injection.","meta":{"rootId":"3kkpg5kv53dkxk3","id":"3kkpg5kv53dkxk3"},"id":"9m5avyy6hleiyit","previousOperationId":"whkdpqe3jdno28w"}
{"type":"operationStart","subtype":"engine","name":"handlebars","timestamp":1705509967159,"id":"7ek66ilxv0xabvy","previousEventId":"my8dxratlx5z3u7","operationId":"0pm7b0wscsbe2lv","previousOperationId":"whkdpqe3jdno28w"}
{"type":"log","timestamp":1705509967159,"level":"debug","message":"Rendering engine handlebars","meta":{"rootId":"3kkpg5kv53dkxk3","id":"3kkpg5kv53dkxk3"},"id":"4d9zdfe6ujy4me8","previousOperationId":"0pm7b0wscsbe2lv"}
{"type":"log","timestamp":1705509967164,"level":"debug","message":"(console:log) Pdf utils adding group field, value: \"Race1\"","meta":{"userLevel":true,"rootId":"3kkpg5kv53dkxk3","id":"3kkpg5kv53dkxk3"},"id":"3rve51ab5ahmelt","previousOperationId":"0pm7b0wscsbe2lv"}
{"type":"log","timestamp":1705509967164,"level":"debug","message":"(console:log) Pdf utils adding group field, value: \"Race2\"","meta":{"userLevel":true,"rootId":"3kkpg5kv53dkxk3","id":"3kkpg5kv53dkxk3"},"id":"eqoklw1zz274nkj","previousOperationId":"0pm7b0wscsbe2lv"}
{"type":"operationEnd","operationId":"0pm7b0wscsbe2lv","timestamp":1705509967164,"id":"uf1wnd8xo1s7s3a","previousEventId":"7ek66ilxv0xabvy","previousOperationId":"0pm7b0wscsbe2lv"}
{"type":"operationStart","subtype":"recipe","name":"chrome-pdf","timestamp":1705509967164,"id":"t7xyq75mfdquxif","previousEventId":"uf1wnd8xo1s7s3a","operationId":"2k435vo93u3269n","previousOperationId":"0pm7b0wscsbe2lv"}
{"type":"log","timestamp":1705509967164,"level":"debug","message":"Executing recipe chrome-pdf","meta":{"rootId":"3kkpg5kv53dkxk3","id":"3kkpg5kv53dkxk3"},"id":"nvvhstu6c858oai","previousOperationId":"2k435vo93u3269n"}
{"type":"log","timestamp":1705509967166,"level":"debug","message":"Converting with chrome HeadlessChrome/117.0.5938.149 using chrome-pool strategy","meta":{"rootId":"3kkpg5kv53dkxk3","id":"3kkpg5kv53dkxk3"},"id":"lbh4x049iw6ctcd","previousOperationId":"2k435vo93u3269n"}
{"type":"log","timestamp":1705509967229,"level":"debug","message":"Page request: GET (document) file:///C:/Users/DANIEL~1/AppData/Local/Temp/jsreport/autocleanup/30abe7ab-8335-4a33-8867-93c6046df640-chrome-pdf.html","meta":{"rootId":"3kkpg5kv53dkxk3","id":"3kkpg5kv53dkxk3"},"id":"glur83oh7u9zj6k","previousOperationId":"2k435vo93u3269n"}
{"type":"log","timestamp":1705509967243,"level":"debug","message":"Page request: GET (stylesheet) https://cdnjs.cloudflare.com/ajax/libs/metro/4.1.5/css/metro.min.css","meta":{"rootId":"3kkpg5kv53dkxk3","id":"3kkpg5kv53dkxk3"},"id":"zm9t1we6pnntxzl","previousOperationId":"2k435vo93u3269n"}
{"type":"log","timestamp":1705509967243,"level":"debug","message":"Page request: GET (script) https://cdnjs.cloudflare.com/ajax/libs/Chart.js/2.7.2/Chart.min.js","meta":{"rootId":"3kkpg5kv53dkxk3","id":"3kkpg5kv53dkxk3"},"id":"gntguf83ff24lf5","previousOperationId":"2k435vo93u3269n"}
{"type":"log","timestamp":1705509967243,"level":"debug","message":"Page request finished: GET (document) 200 file:///C:/Users/DANIEL~1/AppData/Local/Temp/jsreport/autocleanup/30abe7ab-8335-4a33-8867-93c6046df640-chrome-pdf.html","meta":{"rootId":"3kkpg5kv53dkxk3","id":"3kkpg5kv53dkxk3"},"id":"4r1do72iybjau0t","previousOperationId":"2k435vo93u3269n"}
{"type":"log","timestamp":1705509967247,"level":"debug","message":"Page request finished: GET (script) 200 https://cdnjs.cloudflare.com/ajax/libs/Chart.js/2.7.2/Chart.min.js","meta":{"rootId":"3kkpg5kv53dkxk3","id":"3kkpg5kv53dkxk3"},"id":"n6cp4h9k7ycj9mt","previousOperationId":"2k435vo93u3269n"}
{"type":"log","timestamp":1705509967257,"level":"debug","message":"Page request finished: GET (stylesheet) 200 https://cdnjs.cloudflare.com/ajax/libs/metro/4.1.5/css/metro.min.css","meta":{"rootId":"3kkpg5kv53dkxk3","id":"3kkpg5kv53dkxk3"},"id":"kcsn5y4pth70csk","previousOperationId":"2k435vo93u3269n"}
{"type":"log","timestamp":1705509967279,"level":"debug","message":"Running chrome with params {\"printBackground\":true,\"marginTop\":\"4cm\",\"marginRight\":\"1.5cm\",\"marginBottom\":\"1.5cm\",\"marginLeft\":\"1.5cm\",\"waitForJS\":false,\"timeout\":59963,\"margin\":{\"top\":\"4cm\",\"right\":\"1.5cm\",\"bottom\":\"1.5cm\",\"left\":\"1.5cm\"}}","meta":{"rootId":"3kkpg5kv53dkxk3","id":"3kkpg5kv53dkxk3"},"id":"c04w27ml06rkfnt","previousOperationId":"2k435vo93u3269n"}
{"type":"operationEnd","operationId":"2k435vo93u3269n","timestamp":1705509967335,"id":"8y6xxl55fhh524r","previousEventId":"t7xyq75mfdquxif","previousOperationId":"2k435vo93u3269n"}
{"type":"log","timestamp":1705509967335,"level":"info","message":"pdf-utils is starting pdf processing","meta":{"rootId":"3kkpg5kv53dkxk3","id":"3kkpg5kv53dkxk3"},"id":"704q9wq7p6vvn8c","previousOperationId":"2k435vo93u3269n"}
{"type":"operationStart","subtype":"pdfUtils","name":"pdf utils","timestamp":1705509967335,"id":"yfcsa1b8c88l6c4","previousEventId":"8y6xxl55fhh524r","operationId":"7qktd8ntv1n34aj","previousOperationId":"2k435vo93u3269n"}
{"type":"log","timestamp":1705509967335,"level":"debug","message":"pdf-utils detected 1 pdf operation(s) to process","meta":{"rootId":"3kkpg5kv53dkxk3","id":"3kkpg5kv53dkxk3"},"id":"c427l9npkyuft8e","previousOperationId":"7qktd8ntv1n34aj"}
{"type":"log","timestamp":1705509967347,"level":"debug","message":"pdf-utils running pdf operation merge","meta":{"rootId":"3kkpg5kv53dkxk3","id":"3kkpg5kv53dkxk3"},"id":"nehhsn7h1thpu6z","previousOperationId":"7qktd8ntv1n34aj"}
{"type":"operationStart","subtype":"pdfUtilsMerge","name":"pdf utils merge","previousOperationId":"7qktd8ntv1n34aj","timestamp":1705509967347,"id":"xr3wq0zjvaineab","previousEventId":"yfcsa1b8c88l6c4","operationId":"m18l6xtxzg44ahz"}
{"type":"operationStart","subtype":"render","name":"orders-header","previousOperationId":"m18l6xtxzg44ahz","timestamp":1705509967348,"id":"tfl51ws0x90g5cz","previousEventId":"xr3wq0zjvaineab","operationId":"o8a26dz6dml24or"}
{"type":"log","timestamp":1705509967348,"level":"info","message":"Starting rendering (child) request","meta":{"rootId":"3kkpg5kv53dkxk3","id":"fdqzizczsddstj2"},"id":"ctmui4y9zx06mr1","previousOperationId":"o8a26dz6dml24or"}
{"type":"log","timestamp":1705509967348,"level":"info","message":"Rendering template { name: orders-header, recipe: chrome-pdf, engine: handlebars, preview: true }","meta":{"rootId":"3kkpg5kv53dkxk3","id":"fdqzizczsddstj2"},"id":"s8fg90nu9bb2wnu","previousOperationId":"o8a26dz6dml24or"}
{"type":"log","timestamp":1705509967348,"level":"debug","message":"Inline data specified.","meta":{"rootId":"3kkpg5kv53dkxk3","id":"fdqzizczsddstj2"},"id":"d7hc1i1974uu9jm","previousOperationId":"o8a26dz6dml24or"}
{"type":"log","timestamp":1705509967350,"level":"debug","message":"Base url not specified, skipping its injection.","meta":{"rootId":"3kkpg5kv53dkxk3","id":"fdqzizczsddstj2"},"id":"40x77pmayc3oue7","previousOperationId":"o8a26dz6dml24or"}
{"type":"operationStart","subtype":"engine","name":"handlebars","timestamp":1705509967350,"id":"ta9p7klukfslhjr","previousEventId":"tfl51ws0x90g5cz","operationId":"00hpaj4v1v7o9yw","previousOperationId":"o8a26dz6dml24or"}
{"type":"log","timestamp":1705509967350,"level":"debug","message":"Rendering engine handlebars","meta":{"rootId":"3kkpg5kv53dkxk3","id":"fdqzizczsddstj2"},"id":"8zz0gery5ko6e3b","previousOperationId":"00hpaj4v1v7o9yw"}
{"type":"operationEnd","operationId":"00hpaj4v1v7o9yw","timestamp":1705509967359,"id":"2bhh9nw7gw4t7ij","previousEventId":"ta9p7klukfslhjr","previousOperationId":"00hpaj4v1v7o9yw"}
{"type":"operationStart","subtype":"recipe","name":"chrome-pdf","timestamp":1705509967360,"id":"335xfhlf90dvuly","previousEventId":"2bhh9nw7gw4t7ij","operationId":"8jwyluy4q6jmm9o","previousOperationId":"00hpaj4v1v7o9yw"}
{"type":"log","timestamp":1705509967360,"level":"debug","message":"Executing recipe chrome-pdf","meta":{"rootId":"3kkpg5kv53dkxk3","id":"fdqzizczsddstj2"},"id":"gilu0u9j4dry62j","previousOperationId":"8jwyluy4q6jmm9o"}
{"type":"log","timestamp":1705509967361,"level":"debug","message":"Converting with chrome HeadlessChrome/117.0.5938.149 using chrome-pool strategy","meta":{"rootId":"3kkpg5kv53dkxk3","id":"fdqzizczsddstj2"},"id":"3red0cij4uau8p8","previousOperationId":"8jwyluy4q6jmm9o"}
{"type":"log","timestamp":1705509967420,"level":"debug","message":"Page request: GET (document) file:///C:/Users/DANIEL~1/AppData/Local/Temp/jsreport/autocleanup/060aa9bf-4192-44cb-b912-3bae8e168a25-chrome-pdf.html","meta":{"rootId":"3kkpg5kv53dkxk3","id":"fdqzizczsddstj2"},"id":"44mdpr8prysn2jm","previousOperationId":"8jwyluy4q6jmm9o"}
{"type":"log","timestamp":1705509967426,"level":"debug","message":"Page request: GET (stylesheet) https://cdnjs.cloudflare.com/ajax/libs/metro/4.1.5/css/metro.min.css","meta":{"rootId":"3kkpg5kv53dkxk3","id":"fdqzizczsddstj2"},"id":"sd979htf2c6nhvq","previousOperationId":"8jwyluy4q6jmm9o"}
{"type":"log","timestamp":1705509967427,"level":"debug","message":"Page request finished: GET (document) 200 file:///C:/Users/DANIEL~1/AppData/Local/Temp/jsreport/autocleanup/060aa9bf-4192-44cb-b912-3bae8e168a25-chrome-pdf.html","meta":{"rootId":"3kkpg5kv53dkxk3","id":"fdqzizczsddstj2"},"id":"m2gf3pbhnpfolbe","previousOperationId":"8jwyluy4q6jmm9o"}
{"type":"log","timestamp":1705509967437,"level":"debug","message":"Page request finished: GET (stylesheet) 200 https://cdnjs.cloudflare.com/ajax/libs/metro/4.1.5/css/metro.min.css","meta":{"rootId":"3kkpg5kv53dkxk3","id":"fdqzizczsddstj2"},"id":"y8q0hr3ym7pde5t","previousOperationId":"8jwyluy4q6jmm9o"}
{"type":"log","timestamp":1705509967450,"level":"debug","message":"Running chrome with params {\"printBackground\":true,\"marginTop\":\"1.5cm\",\"marginRight\":\"1.5cm\",\"marginLeft\":\"1.cm\",\"timeout\":59768,\"margin\":{\"top\":\"1.5cm\",\"right\":\"1.5cm\",\"left\":\"1.cm\"}}","meta":{"rootId":"3kkpg5kv53dkxk3","id":"fdqzizczsddstj2"},"id":"dqa3kgonl15pcgv","previousOperationId":"8jwyluy4q6jmm9o"}
{"type":"operationEnd","operationId":"8jwyluy4q6jmm9o","timestamp":1705509967476,"id":"35tba8i4ukgc1fu","previousEventId":"335xfhlf90dvuly","previousOperationId":"8jwyluy4q6jmm9o"}
{"type":"log","timestamp":1705509967476,"level":"debug","message":"Skipping storing report.","meta":{"rootId":"3kkpg5kv53dkxk3","id":"fdqzizczsddstj2"},"id":"gbifq3jncf49d1p","previousOperationId":"8jwyluy4q6jmm9o"}
{"type":"log","timestamp":1705509967476,"level":"info","message":"Rendering (child) request finished in 348 ms","meta":{"rootId":"3kkpg5kv53dkxk3","id":"fdqzizczsddstj2"},"id":"33fazx0j0e1mh53","previousOperationId":"8jwyluy4q6jmm9o"}
{"type":"operationEnd","subtype":"render","operationId":"o8a26dz6dml24or","timestamp":1705509967476,"id":"afvxe70fj38n8zi","previousEventId":"35tba8i4ukgc1fu","previousOperationId":"8jwyluy4q6jmm9o"}
{"type":"operationEnd","operationId":"m18l6xtxzg44ahz","timestamp":1705509967483,"id":"d6ipkveahsz0zam","previousEventId":"xr3wq0zjvaineab","previousOperationId":"m18l6xtxzg44ahz"}
{"type":"log","timestamp":1705509967483,"level":"debug","message":"pdf-utils postproces start","meta":{"rootId":"3kkpg5kv53dkxk3","id":"3kkpg5kv53dkxk3"},"id":"skns8nbmtyffdn7","previousOperationId":"m18l6xtxzg44ahz"}
{"type":"log","timestamp":1705509967490,"level":"debug","message":"pdf-utils postproces end","meta":{"rootId":"3kkpg5kv53dkxk3","id":"3kkpg5kv53dkxk3"},"id":"hqbkqf4jops0b2m","previousOperationId":"m18l6xtxzg44ahz"}
{"type":"operationEnd","operationId":"7qktd8ntv1n34aj","timestamp":1705509967490,"id":"l3yb9v3pn0yt9iq","previousEventId":"d6ipkveahsz0zam","previousOperationId":"m18l6xtxzg44ahz"}
{"type":"log","timestamp":1705509967490,"level":"info","message":"pdf-utils pdf processing was finished","meta":{"rootId":"3kkpg5kv53dkxk3","id":"3kkpg5kv53dkxk3"},"id":"afgom0neo3ir0j2","previousOperationId":"7qktd8ntv1n34aj"}
{"type":"log","timestamp":1705509967490,"level":"debug","message":"Skipping storing report.","meta":{"rootId":"3kkpg5kv53dkxk3","id":"3kkpg5kv53dkxk3"},"id":"oaevzlfzqqffhx5","previousOperationId":"7qktd8ntv1n34aj"}
{"type":"log","timestamp":1705509967490,"level":"info","message":"Rendering request 63 finished in 362 ms","meta":{"rootId":"3kkpg5kv53dkxk3","id":"3kkpg5kv53dkxk3"},"id":"l3wcr95ecsb5y2v","previousOperationId":"7qktd8ntv1n34aj"}
{"type":"operationEnd","subtype":"render","operationId":"n06xpssyopsva2i","timestamp":1705509967490,"id":"hm6mrw94a26eri7","previousEventId":"l3yb9v3pn0yt9iq","previousOperationId":"7qktd8ntv1n34aj"}
{"type":"operationEnd","doDiffs":false,"previousEventId":"y1nk1wbwm6di853","previousOperationId":"jep09fenry6skzb","operationId":"jep09fenry6skzb","timestamp":1705509967500,"id":"zjv5dvbzs65s02w"}
