{"type":"operationStart","subtype":"profile","data":{"_id":"9Yuc6HqidkmM20xx","timestamp":"2024-01-18T15:26:50.095Z","state":"queued","mode":"standard","creationDate":"2024-01-18T15:26:50.097Z","modificationDate":"2024-01-18T15:26:50.097Z","shortid":"NDzsedX","$entitySet":"profiles"},"doDiffs":false,"timestamp":1705591610096,"id":"39zz3e2o8dwvtpe","previousOperationId":null,"operationId":"lklk7vo4wih80ex"}
{"type":"log","level":"info","message":"Render request 47 queued for execution and waiting for available worker","previousOperationId":"lklk7vo4wih80ex","timestamp":1705591610096,"id":"kmpg12r8d0q1cn9"}
{"type":"operationStart","subtype":"render","name":"orders-main","previousOperationId":"lklk7vo4wih80ex","timestamp":1705591610102,"id":"zrogxzgidvtm6a6","previousEventId":"39zz3e2o8dwvtpe","operationId":"wbwh82cofkps7xe"}
{"type":"log","timestamp":1705591610102,"level":"info","message":"Starting rendering request 47","meta":{"rootId":"3sc8srsv5xb6797","id":"3sc8srsv5xb6797"},"id":"f649yfd4ho2jlz8","previousOperationId":"wbwh82cofkps7xe"}
{"type":"log","timestamp":1705591610102,"level":"info","message":"Rendering template { name: orders-main, recipe: chrome-pdf, engine: handlebars, preview: true }","meta":{"rootId":"3sc8srsv5xb6797","id":"3sc8srsv5xb6797"},"id":"fqfgna720q5kavk","previousOperationId":"wbwh82cofkps7xe"}
{"type":"log","timestamp":1705591610102,"level":"debug","message":"Data item not defined for this template.","meta":{"rootId":"3sc8srsv5xb6797","id":"3sc8srsv5xb6797"},"id":"nb6m9tkzx8ftmg5","previousOperationId":"wbwh82cofkps7xe"}
{"type":"log","timestamp":1705591610103,"level":"debug","message":"Executing script orders-script (beforeRender)","meta":{"rootId":"3sc8srsv5xb6797","id":"3sc8srsv5xb6797"},"id":"n4sagimase1mbm7","previousOperationId":"wbwh82cofkps7xe"}
{"type":"operationStart","subtype":"scriptsBeforeRender","name":"scripts beforeRender","timestamp":1705591610118,"id":"bxyi0fdai1ic0uj","previousEventId":"zrogxzgidvtm6a6","operationId":"tw9kwhuns5x5lqq","previousOperationId":"wbwh82cofkps7xe"}
{"type":"operationStart","subtype":"script","name":"scripts orders-script","previousOperationId":"tw9kwhuns5x5lqq","timestamp":1705591610118,"id":"90dugen70ausu30","previousEventId":"bxyi0fdai1ic0uj","operationId":"g08jr549miqhg26"}
{"type":"log","timestamp":1705591610129,"level":"debug","message":"(console:log) [ 'Race1', 'Race2' ]","meta":{"userLevel":true,"rootId":"3sc8srsv5xb6797","id":"3sc8srsv5xb6797"},"id":"bilorv4mlio0v8k","previousOperationId":"g08jr549miqhg26"}
{"type":"operationEnd","operationId":"g08jr549miqhg26","timestamp":1705591610129,"id":"u0hd61ijscbigtf","previousEventId":"zrogxzgidvtm6a6","previousOperationId":"wbwh82cofkps7xe"}
{"type":"operationEnd","operationId":"tw9kwhuns5x5lqq","timestamp":1705591610129,"id":"4a8plbpykqzzjbe","previousEventId":"u0hd61ijscbigtf","previousOperationId":"wbwh82cofkps7xe"}
{"type":"log","timestamp":1705591610129,"level":"debug","message":"Base url not specified, skipping its injection.","meta":{"rootId":"3sc8srsv5xb6797","id":"3sc8srsv5xb6797"},"id":"hap2tf7nw9sjl8n","previousOperationId":"tw9kwhuns5x5lqq"}
{"type":"operationStart","subtype":"engine","name":"handlebars","timestamp":1705591610129,"id":"mx58dczvbnwtp56","previousEventId":"4a8plbpykqzzjbe","operationId":"j019evpd3ibqvte","previousOperationId":"tw9kwhuns5x5lqq"}
{"type":"log","timestamp":1705591610129,"level":"debug","message":"Rendering engine handlebars","meta":{"rootId":"3sc8srsv5xb6797","id":"3sc8srsv5xb6797"},"id":"pn8firm6gg41ypu","previousOperationId":"j019evpd3ibqvte"}
{"type":"log","timestamp":1705591610139,"level":"debug","message":"(console:log) Pdf utils adding group field, value: \"Race1\"","meta":{"userLevel":true,"rootId":"3sc8srsv5xb6797","id":"3sc8srsv5xb6797"},"id":"k5757mgtgrsnk2d","previousOperationId":"j019evpd3ibqvte"}
{"type":"log","timestamp":1705591610139,"level":"debug","message":"(console:log) Pdf utils adding group field, value: \"Race2\"","meta":{"userLevel":true,"rootId":"3sc8srsv5xb6797","id":"3sc8srsv5xb6797"},"id":"4oca7c102a9d1vr","previousOperationId":"j019evpd3ibqvte"}
{"type":"operationEnd","operationId":"j019evpd3ibqvte","timestamp":1705591610139,"id":"6madufcm8amyl9n","previousEventId":"mx58dczvbnwtp56","previousOperationId":"j019evpd3ibqvte"}
{"type":"operationStart","subtype":"recipe","name":"chrome-pdf","timestamp":1705591610140,"id":"ttnaxsr5ygvcylh","previousEventId":"6madufcm8amyl9n","operationId":"gzq3n252djdfocu","previousOperationId":"j019evpd3ibqvte"}
{"type":"log","timestamp":1705591610140,"level":"debug","message":"Executing recipe chrome-pdf","meta":{"rootId":"3sc8srsv5xb6797","id":"3sc8srsv5xb6797"},"id":"5988tb7ltd0z9ix","previousOperationId":"gzq3n252djdfocu"}
{"type":"log","timestamp":1705591610141,"level":"debug","message":"Converting with chrome HeadlessChrome/117.0.5938.149 using chrome-pool strategy","meta":{"rootId":"3sc8srsv5xb6797","id":"3sc8srsv5xb6797"},"id":"fy2kiijsstzpunw","previousOperationId":"gzq3n252djdfocu"}
{"type":"log","timestamp":1705591610209,"level":"debug","message":"Page request: GET (document) file:///C:/Users/DANIEL~1/AppData/Local/Temp/jsreport/autocleanup/523c57f3-3e08-4da9-8220-094d25fced22-chrome-pdf.html","meta":{"rootId":"3sc8srsv5xb6797","id":"3sc8srsv5xb6797"},"id":"08lxgjbopjts2xf","previousOperationId":"gzq3n252djdfocu"}
{"type":"log","timestamp":1705591610228,"level":"debug","message":"Page request: GET (stylesheet) https://cdnjs.cloudflare.com/ajax/libs/metro/4.1.5/css/metro.min.css","meta":{"rootId":"3sc8srsv5xb6797","id":"3sc8srsv5xb6797"},"id":"sjn1y4ouoe0vnwv","previousOperationId":"gzq3n252djdfocu"}
{"type":"log","timestamp":1705591610228,"level":"debug","message":"Page request: GET (script) https://cdnjs.cloudflare.com/ajax/libs/Chart.js/2.9.4/Chart.js","meta":{"rootId":"3sc8srsv5xb6797","id":"3sc8srsv5xb6797"},"id":"nvyn564taxtoit0","previousOperationId":"gzq3n252djdfocu"}
{"type":"log","timestamp":1705591610228,"level":"debug","message":"Page request finished: GET (document) 200 file:///C:/Users/DANIEL~1/AppData/Local/Temp/jsreport/autocleanup/523c57f3-3e08-4da9-8220-094d25fced22-chrome-pdf.html","meta":{"rootId":"3sc8srsv5xb6797","id":"3sc8srsv5xb6797"},"id":"cb8egbobtl5miv3","previousOperationId":"gzq3n252djdfocu"}
{"type":"log","timestamp":1705591610242,"level":"debug","message":"Page request finished: GET (stylesheet) 200 https://cdnjs.cloudflare.com/ajax/libs/metro/4.1.5/css/metro.min.css","meta":{"rootId":"3sc8srsv5xb6797","id":"3sc8srsv5xb6797"},"id":"oogfwfazklc4d7y","previousOperationId":"gzq3n252djdfocu"}
{"type":"log","timestamp":1705591610242,"level":"debug","message":"Page request finished: GET (script) 200 https://cdnjs.cloudflare.com/ajax/libs/Chart.js/2.9.4/Chart.js","meta":{"rootId":"3sc8srsv5xb6797","id":"3sc8srsv5xb6797"},"id":"xzh5rek6q02belf","previousOperationId":"gzq3n252djdfocu"}
{"type":"log","timestamp":1705591610286,"level":"debug","message":"Running chrome with params {\"printBackground\":true,\"marginTop\":\"4cm\",\"marginRight\":\"1.5cm\",\"marginBottom\":\"1.5cm\",\"marginLeft\":\"1.5cm\",\"waitForJS\":false,\"timeout\":59954,\"margin\":{\"top\":\"4cm\",\"right\":\"1.5cm\",\"bottom\":\"1.5cm\",\"left\":\"1.5cm\"}}","meta":{"rootId":"3sc8srsv5xb6797","id":"3sc8srsv5xb6797"},"id":"4wfmmuf4vwhau1f","previousOperationId":"gzq3n252djdfocu"}
{"type":"operationEnd","operationId":"gzq3n252djdfocu","timestamp":1705591610345,"id":"3ric2rgd60fhhct","previousEventId":"ttnaxsr5ygvcylh","previousOperationId":"gzq3n252djdfocu"}
{"type":"log","timestamp":1705591610345,"level":"info","message":"pdf-utils is starting pdf processing","meta":{"rootId":"3sc8srsv5xb6797","id":"3sc8srsv5xb6797"},"id":"f0ijwzz2g35h6pl","previousOperationId":"gzq3n252djdfocu"}
{"type":"operationStart","subtype":"pdfUtils","name":"pdf utils","timestamp":1705591610345,"id":"p6s8tk8jdk994r2","previousEventId":"3ric2rgd60fhhct","operationId":"6t5e3gddug2gr7a","previousOperationId":"gzq3n252djdfocu"}
{"type":"log","timestamp":1705591610345,"level":"debug","message":"pdf-utils detected 1 pdf operation(s) to process","meta":{"rootId":"3sc8srsv5xb6797","id":"3sc8srsv5xb6797"},"id":"i000dq4mzh2jomu","previousOperationId":"6t5e3gddug2gr7a"}
{"type":"log","timestamp":1705591610354,"level":"debug","message":"pdf-utils running pdf operation merge","meta":{"rootId":"3sc8srsv5xb6797","id":"3sc8srsv5xb6797"},"id":"h8p0r94o9tv8611","previousOperationId":"6t5e3gddug2gr7a"}
{"type":"operationStart","subtype":"pdfUtilsMerge","name":"pdf utils merge","previousOperationId":"6t5e3gddug2gr7a","timestamp":1705591610354,"id":"gvtcnd8hysb6jh8","previousEventId":"p6s8tk8jdk994r2","operationId":"o4agojy30u2hi4y"}
{"type":"operationStart","subtype":"render","name":"orders-header","previousOperationId":"o4agojy30u2hi4y","timestamp":1705591610354,"id":"9bwi7k5c4ubrvdh","previousEventId":"gvtcnd8hysb6jh8","operationId":"yyw4jhdwpw22aqk"}
{"type":"log","timestamp":1705591610354,"level":"info","message":"Starting rendering (child) request","meta":{"rootId":"3sc8srsv5xb6797","id":"jrtz53mqa0j147b"},"id":"62xpe2sm0sjvtn5","previousOperationId":"yyw4jhdwpw22aqk"}
{"type":"log","timestamp":1705591610354,"level":"info","message":"Rendering template { name: orders-header, recipe: chrome-pdf, engine: handlebars, preview: true }","meta":{"rootId":"3sc8srsv5xb6797","id":"jrtz53mqa0j147b"},"id":"d9aaph3627d1dlu","previousOperationId":"yyw4jhdwpw22aqk"}
{"type":"log","timestamp":1705591610355,"level":"debug","message":"Inline data specified.","meta":{"rootId":"3sc8srsv5xb6797","id":"jrtz53mqa0j147b"},"id":"d2ajjm4x5pl2piu","previousOperationId":"yyw4jhdwpw22aqk"}
{"type":"log","timestamp":1705591610356,"level":"debug","message":"Base url not specified, skipping its injection.","meta":{"rootId":"3sc8srsv5xb6797","id":"jrtz53mqa0j147b"},"id":"ef2as1e5yb9qivt","previousOperationId":"yyw4jhdwpw22aqk"}
{"type":"operationStart","subtype":"engine","name":"handlebars","timestamp":1705591610356,"id":"q9znixnpvyhiga1","previousEventId":"9bwi7k5c4ubrvdh","operationId":"elq96cc71wqp45i","previousOperationId":"yyw4jhdwpw22aqk"}
{"type":"log","timestamp":1705591610356,"level":"debug","message":"Rendering engine handlebars","meta":{"rootId":"3sc8srsv5xb6797","id":"jrtz53mqa0j147b"},"id":"r5vw4qs0v8f7d6i","previousOperationId":"elq96cc71wqp45i"}
{"type":"operationEnd","operationId":"elq96cc71wqp45i","timestamp":1705591610363,"id":"u81c7nh4f9au3pi","previousEventId":"q9znixnpvyhiga1","previousOperationId":"elq96cc71wqp45i"}
{"type":"operationStart","subtype":"recipe","name":"chrome-pdf","timestamp":1705591610363,"id":"6bbmgmoaa36j27v","previousEventId":"u81c7nh4f9au3pi","operationId":"277kpdnqb8l1iga","previousOperationId":"elq96cc71wqp45i"}
{"type":"log","timestamp":1705591610364,"level":"debug","message":"Executing recipe chrome-pdf","meta":{"rootId":"3sc8srsv5xb6797","id":"jrtz53mqa0j147b"},"id":"0idxvhh02hqfryk","previousOperationId":"277kpdnqb8l1iga"}
{"type":"log","timestamp":1705591610365,"level":"debug","message":"Converting with chrome HeadlessChrome/117.0.5938.149 using chrome-pool strategy","meta":{"rootId":"3sc8srsv5xb6797","id":"jrtz53mqa0j147b"},"id":"ysvgdyhddstx815","previousOperationId":"277kpdnqb8l1iga"}
{"type":"log","timestamp":1705591610429,"level":"debug","message":"Page request: GET (document) file:///C:/Users/DANIEL~1/AppData/Local/Temp/jsreport/autocleanup/3f8cecf7-661d-4ef9-8530-e29644215d25-chrome-pdf.html","meta":{"rootId":"3sc8srsv5xb6797","id":"jrtz53mqa0j147b"},"id":"73jp90u8fnbokv8","previousOperationId":"277kpdnqb8l1iga"}
{"type":"log","timestamp":1705591610436,"level":"debug","message":"Page request: GET (stylesheet) https://cdnjs.cloudflare.com/ajax/libs/metro/4.1.5/css/metro.min.css","meta":{"rootId":"3sc8srsv5xb6797","id":"jrtz53mqa0j147b"},"id":"o0mbs1kpaieag2u","previousOperationId":"277kpdnqb8l1iga"}
{"type":"log","timestamp":1705591610436,"level":"debug","message":"Page request finished: GET (document) 200 file:///C:/Users/DANIEL~1/AppData/Local/Temp/jsreport/autocleanup/3f8cecf7-661d-4ef9-8530-e29644215d25-chrome-pdf.html","meta":{"rootId":"3sc8srsv5xb6797","id":"jrtz53mqa0j147b"},"id":"xqxu8tkxz1y63mo","previousOperationId":"277kpdnqb8l1iga"}
{"type":"log","timestamp":1705591610448,"level":"debug","message":"Page request finished: GET (stylesheet) 200 https://cdnjs.cloudflare.com/ajax/libs/metro/4.1.5/css/metro.min.css","meta":{"rootId":"3sc8srsv5xb6797","id":"jrtz53mqa0j147b"},"id":"pczudm6ms7tp186","previousOperationId":"277kpdnqb8l1iga"}
{"type":"log","timestamp":1705591610460,"level":"debug","message":"Running chrome with params {\"printBackground\":true,\"marginTop\":\"1.5cm\",\"marginRight\":\"1.5cm\",\"marginLeft\":\"1.cm\",\"timeout\":59730,\"margin\":{\"top\":\"1.5cm\",\"right\":\"1.5cm\",\"left\":\"1.cm\"}}","meta":{"rootId":"3sc8srsv5xb6797","id":"jrtz53mqa0j147b"},"id":"j1pzpqzk818pmz6","previousOperationId":"277kpdnqb8l1iga"}
{"type":"operationEnd","operationId":"277kpdnqb8l1iga","timestamp":1705591610485,"id":"befwjnko2vavwas","previousEventId":"6bbmgmoaa36j27v","previousOperationId":"277kpdnqb8l1iga"}
{"type":"log","timestamp":1705591610485,"level":"debug","message":"Skipping storing report.","meta":{"rootId":"3sc8srsv5xb6797","id":"jrtz53mqa0j147b"},"id":"1bo5n75sw842d6v","previousOperationId":"277kpdnqb8l1iga"}
{"type":"log","timestamp":1705591610485,"level":"info","message":"Rendering (child) request finished in 390 ms","meta":{"rootId":"3sc8srsv5xb6797","id":"jrtz53mqa0j147b"},"id":"s3m7otumlcmzssn","previousOperationId":"277kpdnqb8l1iga"}
{"type":"operationEnd","subtype":"render","operationId":"yyw4jhdwpw22aqk","timestamp":1705591610485,"id":"0n78h50y24sp5av","previousEventId":"befwjnko2vavwas","previousOperationId":"277kpdnqb8l1iga"}
{"type":"operationEnd","operationId":"o4agojy30u2hi4y","timestamp":1705591610491,"id":"yic3ub9sk7n3q7d","previousEventId":"gvtcnd8hysb6jh8","previousOperationId":"o4agojy30u2hi4y"}
{"type":"log","timestamp":1705591610491,"level":"debug","message":"pdf-utils postproces start","meta":{"rootId":"3sc8srsv5xb6797","id":"3sc8srsv5xb6797"},"id":"c5ncuqwypex75ld","previousOperationId":"o4agojy30u2hi4y"}
{"type":"log","timestamp":1705591610497,"level":"debug","message":"pdf-utils postproces end","meta":{"rootId":"3sc8srsv5xb6797","id":"3sc8srsv5xb6797"},"id":"rb5vvu8c52m80hm","previousOperationId":"o4agojy30u2hi4y"}
{"type":"operationEnd","operationId":"6t5e3gddug2gr7a","timestamp":1705591610497,"id":"0qyrydeilds0u4g","previousEventId":"yic3ub9sk7n3q7d","previousOperationId":"o4agojy30u2hi4y"}
{"type":"log","timestamp":1705591610497,"level":"info","message":"pdf-utils pdf processing was finished","meta":{"rootId":"3sc8srsv5xb6797","id":"3sc8srsv5xb6797"},"id":"rms5km6t2xnof1i","previousOperationId":"6t5e3gddug2gr7a"}
{"type":"log","timestamp":1705591610497,"level":"debug","message":"Skipping storing report.","meta":{"rootId":"3sc8srsv5xb6797","id":"3sc8srsv5xb6797"},"id":"w4t1h4qs4mq505o","previousOperationId":"6t5e3gddug2gr7a"}
{"type":"log","timestamp":1705591610497,"level":"info","message":"Rendering request 47 finished in 402 ms","meta":{"rootId":"3sc8srsv5xb6797","id":"3sc8srsv5xb6797"},"id":"eqrva6a1xk1q9qv","previousOperationId":"6t5e3gddug2gr7a"}
{"type":"operationEnd","subtype":"render","operationId":"wbwh82cofkps7xe","timestamp":1705591610497,"id":"a2wx68x9gvresae","previousEventId":"0qyrydeilds0u4g","previousOperationId":"6t5e3gddug2gr7a"}
{"type":"operationEnd","doDiffs":false,"previousEventId":"39zz3e2o8dwvtpe","previousOperationId":"lklk7vo4wih80ex","operationId":"lklk7vo4wih80ex","timestamp":1705591610505,"id":"i3k5mnc5be0sstd"}
