{"type":"operationStart","subtype":"profile","data":{"_id":"pcBttHdwh1zjs4bO","timestamp":"2024-01-18T14:46:43.485Z","state":"queued","mode":"standard","creationDate":"2024-01-18T14:46:43.490Z","modificationDate":"2024-01-18T14:46:43.490Z","shortid":"xE40hlk","$entitySet":"profiles"},"doDiffs":false,"timestamp":1705589203488,"id":"gl0pfb9mkomor7l","previousOperationId":null,"operationId":"jw8204r58ccnnk3"}
{"type":"log","level":"info","message":"Render request 12 queued for execution and waiting for available worker","previousOperationId":"jw8204r58ccnnk3","timestamp":1705589203488,"id":"ztbxe4b9qe85seg"}
{"type":"operationStart","subtype":"render","name":"orders-main","previousOperationId":"jw8204r58ccnnk3","timestamp":1705589203505,"id":"nz3lor1eb4pbgds","previousEventId":"gl0pfb9mkomor7l","operationId":"hjzpxa5z9v3vklj"}
{"type":"log","timestamp":1705589203505,"level":"info","message":"Starting rendering request 12","meta":{"rootId":"49fnrxspv3jyszx","id":"49fnrxspv3jyszx"},"id":"7ze1juugbpku63y","previousOperationId":"hjzpxa5z9v3vklj"}
{"type":"log","timestamp":1705589203506,"level":"info","message":"Rendering template { name: orders-main, recipe: chrome-pdf, engine: handlebars, preview: true }","meta":{"rootId":"49fnrxspv3jyszx","id":"49fnrxspv3jyszx"},"id":"thlk8fl3c17y0o1","previousOperationId":"hjzpxa5z9v3vklj"}
{"type":"log","timestamp":1705589203508,"level":"debug","message":"Data item not defined for this template.","meta":{"rootId":"49fnrxspv3jyszx","id":"49fnrxspv3jyszx"},"id":"68ynmjubc2ts6mr","previousOperationId":"hjzpxa5z9v3vklj"}
{"type":"log","timestamp":1705589203514,"level":"debug","message":"Executing script orders-script (beforeRender)","meta":{"rootId":"49fnrxspv3jyszx","id":"49fnrxspv3jyszx"},"id":"0xwovo6fuzgmzbl","previousOperationId":"hjzpxa5z9v3vklj"}
{"type":"operationStart","subtype":"scriptsBeforeRender","name":"scripts beforeRender","timestamp":1705589203559,"id":"tcgnnf0i7vo9hhh","previousEventId":"nz3lor1eb4pbgds","operationId":"rgx8qc4fxkkwl8f","previousOperationId":"hjzpxa5z9v3vklj"}
{"type":"operationStart","subtype":"script","name":"scripts orders-script","previousOperationId":"rgx8qc4fxkkwl8f","timestamp":1705589203559,"id":"p11fc550no43cs0","previousEventId":"tcgnnf0i7vo9hhh","operationId":"dvqndhzixzu18hy"}
{"type":"operationEnd","operationId":"dvqndhzixzu18hy","timestamp":1705589203578,"id":"qfrfg64c5w1neaq","previousEventId":"nz3lor1eb4pbgds","previousOperationId":"hjzpxa5z9v3vklj"}
{"type":"operationEnd","operationId":"rgx8qc4fxkkwl8f","timestamp":1705589203578,"id":"0samnvvcol0p4re","previousEventId":"qfrfg64c5w1neaq","previousOperationId":"hjzpxa5z9v3vklj"}
{"type":"log","timestamp":1705589203578,"level":"debug","message":"Base url not specified, skipping its injection.","meta":{"rootId":"49fnrxspv3jyszx","id":"49fnrxspv3jyszx"},"id":"ow0zrw8k1028ok5","previousOperationId":"rgx8qc4fxkkwl8f"}
{"type":"operationStart","subtype":"engine","name":"handlebars","timestamp":1705589203579,"id":"mjlg0yem96ur2u3","previousEventId":"0samnvvcol0p4re","operationId":"zxjpnxlvwkhiam7","previousOperationId":"rgx8qc4fxkkwl8f"}
{"type":"log","timestamp":1705589203579,"level":"debug","message":"Rendering engine handlebars","meta":{"rootId":"49fnrxspv3jyszx","id":"49fnrxspv3jyszx"},"id":"ehnpr6toyrbs149","previousOperationId":"zxjpnxlvwkhiam7"}
{"type":"log","timestamp":1705589203605,"level":"debug","message":"(console:log) Pdf utils adding group field, value: \"Race1\"","meta":{"userLevel":true,"rootId":"49fnrxspv3jyszx","id":"49fnrxspv3jyszx"},"id":"u343g2efntvfd0i","previousOperationId":"zxjpnxlvwkhiam7"}
{"type":"log","timestamp":1705589203605,"level":"debug","message":"(console:log) Pdf utils adding group field, value: \"Race2\"","meta":{"userLevel":true,"rootId":"49fnrxspv3jyszx","id":"49fnrxspv3jyszx"},"id":"rb686ja3d037t5z","previousOperationId":"zxjpnxlvwkhiam7"}
{"type":"operationEnd","operationId":"zxjpnxlvwkhiam7","timestamp":1705589203606,"id":"88mn0m2tt0r179f","previousEventId":"mjlg0yem96ur2u3","previousOperationId":"zxjpnxlvwkhiam7"}
{"type":"operationStart","subtype":"recipe","name":"chrome-pdf","timestamp":1705589203607,"id":"z9ua2n6mrao7mog","previousEventId":"88mn0m2tt0r179f","operationId":"vz89krtsm4u91dh","previousOperationId":"zxjpnxlvwkhiam7"}
{"type":"log","timestamp":1705589203607,"level":"debug","message":"Executing recipe chrome-pdf","meta":{"rootId":"49fnrxspv3jyszx","id":"49fnrxspv3jyszx"},"id":"w5wlm4hblypg0vg","previousOperationId":"vz89krtsm4u91dh"}
{"type":"log","timestamp":1705589203613,"level":"debug","message":"Converting with chrome HeadlessChrome/117.0.5938.149 using chrome-pool strategy","meta":{"rootId":"49fnrxspv3jyszx","id":"49fnrxspv3jyszx"},"id":"zl1xn0th4xjrd6j","previousOperationId":"vz89krtsm4u91dh"}
{"type":"log","timestamp":1705589203734,"level":"debug","message":"Page request: GET (document) file:///C:/Users/DANIEL~1/AppData/Local/Temp/jsreport/autocleanup/725c0c0d-fce3-47e6-8f70-178d1aa5862c-chrome-pdf.html","meta":{"rootId":"49fnrxspv3jyszx","id":"49fnrxspv3jyszx"},"id":"ro3e8eukhokhf8f","previousOperationId":"vz89krtsm4u91dh"}
{"type":"log","timestamp":1705589203775,"level":"debug","message":"Page request: GET (stylesheet) https://cdnjs.cloudflare.com/ajax/libs/metro/4.1.5/css/metro.min.css","meta":{"rootId":"49fnrxspv3jyszx","id":"49fnrxspv3jyszx"},"id":"99e7h4603mz5n9e","previousOperationId":"vz89krtsm4u91dh"}
{"type":"log","timestamp":1705589203776,"level":"debug","message":"Page request: GET (script) https://cdnjs.cloudflare.com/ajax/libs/Chart.js/2.9.4/Chart.js","meta":{"rootId":"49fnrxspv3jyszx","id":"49fnrxspv3jyszx"},"id":"cn7ghpofrlaoua6","previousOperationId":"vz89krtsm4u91dh"}
{"type":"log","timestamp":1705589203777,"level":"debug","message":"Page request finished: GET (document) 200 file:///C:/Users/DANIEL~1/AppData/Local/Temp/jsreport/autocleanup/725c0c0d-fce3-47e6-8f70-178d1aa5862c-chrome-pdf.html","meta":{"rootId":"49fnrxspv3jyszx","id":"49fnrxspv3jyszx"},"id":"92c39fh4veask98","previousOperationId":"vz89krtsm4u91dh"}
{"type":"log","timestamp":1705589203804,"level":"debug","message":"Page request finished: GET (stylesheet) 200 https://cdnjs.cloudflare.com/ajax/libs/metro/4.1.5/css/metro.min.css","meta":{"rootId":"49fnrxspv3jyszx","id":"49fnrxspv3jyszx"},"id":"ajmfzv3sthh1li2","previousOperationId":"vz89krtsm4u91dh"}
{"type":"log","timestamp":1705589203805,"level":"debug","message":"Page request finished: GET (script) 200 https://cdnjs.cloudflare.com/ajax/libs/Chart.js/2.9.4/Chart.js","meta":{"rootId":"49fnrxspv3jyszx","id":"49fnrxspv3jyszx"},"id":"dji8dqvwfqbgant","previousOperationId":"vz89krtsm4u91dh"}
{"type":"log","timestamp":1705589203813,"level":"warn","message":"Page error: raceNames is not defined , stack: ReferenceError: raceNames is not defined\n    at <anonymous> (file:///C:/Users/DANIEL~1/AppData/Local/Temp/jsreport/autocleanup/725c0c0d-fce3-47e6-8f70-178d1aa5862c-chrome-pdf.html:104:17)","meta":{"rootId":"49fnrxspv3jyszx","id":"49fnrxspv3jyszx"},"id":"l64ocg35et22msp","previousOperationId":"vz89krtsm4u91dh"}
{"type":"log","timestamp":1705589203843,"level":"debug","message":"Running chrome with params {\"printBackground\":true,\"marginTop\":\"4cm\",\"marginRight\":\"1.5cm\",\"marginBottom\":\"1.5cm\",\"marginLeft\":\"1.5cm\",\"waitForJS\":false,\"timeout\":59875,\"margin\":{\"top\":\"4cm\",\"right\":\"1.5cm\",\"bottom\":\"1.5cm\",\"left\":\"1.5cm\"}}","meta":{"rootId":"49fnrxspv3jyszx","id":"49fnrxspv3jyszx"},"id":"6zd5uhlbwjwfl9v","previousOperationId":"vz89krtsm4u91dh"}
{"type":"operationEnd","operationId":"vz89krtsm4u91dh","timestamp":1705589203945,"id":"2wegmtvh9nexft6","previousEventId":"z9ua2n6mrao7mog","previousOperationId":"vz89krtsm4u91dh"}
{"type":"log","timestamp":1705589203945,"level":"info","message":"pdf-utils is starting pdf processing","meta":{"rootId":"49fnrxspv3jyszx","id":"49fnrxspv3jyszx"},"id":"i0z8xdu2wgkg21n","previousOperationId":"vz89krtsm4u91dh"}
{"type":"operationStart","subtype":"pdfUtils","name":"pdf utils","timestamp":1705589203945,"id":"kwkzcxaydp693c4","previousEventId":"2wegmtvh9nexft6","operationId":"lzxk8si2j3tn9ng","previousOperationId":"vz89krtsm4u91dh"}
{"type":"log","timestamp":1705589203946,"level":"debug","message":"pdf-utils detected 1 pdf operation(s) to process","meta":{"rootId":"49fnrxspv3jyszx","id":"49fnrxspv3jyszx"},"id":"i8rzf169nxpw254","previousOperationId":"lzxk8si2j3tn9ng"}
{"type":"log","timestamp":1705589204000,"level":"debug","message":"pdf-utils running pdf operation merge","meta":{"rootId":"49fnrxspv3jyszx","id":"49fnrxspv3jyszx"},"id":"7mr5rfkvuj0wa9x","previousOperationId":"lzxk8si2j3tn9ng"}
{"type":"operationStart","subtype":"pdfUtilsMerge","name":"pdf utils merge","previousOperationId":"lzxk8si2j3tn9ng","timestamp":1705589204001,"id":"xjbrw1ui3yx3d9w","previousEventId":"kwkzcxaydp693c4","operationId":"z9yj6oinpnet4oy"}
{"type":"operationStart","subtype":"render","name":"orders-header","previousOperationId":"z9yj6oinpnet4oy","timestamp":1705589204003,"id":"qa1rhqonveucitr","previousEventId":"xjbrw1ui3yx3d9w","operationId":"7cqtlfeqnnn8ktw"}
{"type":"log","timestamp":1705589204003,"level":"info","message":"Starting rendering (child) request","meta":{"rootId":"49fnrxspv3jyszx","id":"lzqr5xu8p9g7tas"},"id":"rb1j94i7s1pltkx","previousOperationId":"7cqtlfeqnnn8ktw"}
{"type":"log","timestamp":1705589204004,"level":"info","message":"Rendering template { name: orders-header, recipe: chrome-pdf, engine: handlebars, preview: true }","meta":{"rootId":"49fnrxspv3jyszx","id":"lzqr5xu8p9g7tas"},"id":"vrahmrh1uuv6zgb","previousOperationId":"7cqtlfeqnnn8ktw"}
{"type":"log","timestamp":1705589204013,"level":"debug","message":"Inline data specified.","meta":{"rootId":"49fnrxspv3jyszx","id":"lzqr5xu8p9g7tas"},"id":"umuqxaii7eilvnl","previousOperationId":"7cqtlfeqnnn8ktw"}
{"type":"log","timestamp":1705589204017,"level":"debug","message":"Base url not specified, skipping its injection.","meta":{"rootId":"49fnrxspv3jyszx","id":"lzqr5xu8p9g7tas"},"id":"127hkwrl927cav6","previousOperationId":"7cqtlfeqnnn8ktw"}
{"type":"operationStart","subtype":"engine","name":"handlebars","timestamp":1705589204017,"id":"4zru4brzz8oqo1r","previousEventId":"qa1rhqonveucitr","operationId":"cc9r4fj71m7jbra","previousOperationId":"7cqtlfeqnnn8ktw"}
{"type":"log","timestamp":1705589204017,"level":"debug","message":"Rendering engine handlebars","meta":{"rootId":"49fnrxspv3jyszx","id":"lzqr5xu8p9g7tas"},"id":"703dvhlzhwy3h2j","previousOperationId":"cc9r4fj71m7jbra"}
{"type":"operationEnd","operationId":"cc9r4fj71m7jbra","timestamp":1705589204046,"id":"ryu5juz6ysge5wz","previousEventId":"4zru4brzz8oqo1r","previousOperationId":"cc9r4fj71m7jbra"}
{"type":"operationStart","subtype":"recipe","name":"chrome-pdf","timestamp":1705589204046,"id":"tihckrh0hy8ihss","previousEventId":"ryu5juz6ysge5wz","operationId":"pg7uck1tdfq9v4b","previousOperationId":"cc9r4fj71m7jbra"}
{"type":"log","timestamp":1705589204046,"level":"debug","message":"Executing recipe chrome-pdf","meta":{"rootId":"49fnrxspv3jyszx","id":"lzqr5xu8p9g7tas"},"id":"2l1ib1fiz87reo8","previousOperationId":"pg7uck1tdfq9v4b"}
{"type":"log","timestamp":1705589204051,"level":"debug","message":"Converting with chrome HeadlessChrome/117.0.5938.149 using chrome-pool strategy","meta":{"rootId":"49fnrxspv3jyszx","id":"lzqr5xu8p9g7tas"},"id":"d4qv3gjmjx93oz1","previousOperationId":"pg7uck1tdfq9v4b"}
{"type":"log","timestamp":1705589204189,"level":"debug","message":"Page request: GET (document) file:///C:/Users/DANIEL~1/AppData/Local/Temp/jsreport/autocleanup/e0688f8a-2aa5-43e7-a458-6f67eb686727-chrome-pdf.html","meta":{"rootId":"49fnrxspv3jyszx","id":"lzqr5xu8p9g7tas"},"id":"uqtie0vtfnp79pt","previousOperationId":"pg7uck1tdfq9v4b"}
{"type":"log","timestamp":1705589204208,"level":"debug","message":"Page request finished: GET (document) 200 file:///C:/Users/DANIEL~1/AppData/Local/Temp/jsreport/autocleanup/e0688f8a-2aa5-43e7-a458-6f67eb686727-chrome-pdf.html","meta":{"rootId":"49fnrxspv3jyszx","id":"lzqr5xu8p9g7tas"},"id":"h1opb8b4tczav9c","previousOperationId":"pg7uck1tdfq9v4b"}
{"type":"log","timestamp":1705589204208,"level":"debug","message":"Page request: GET (stylesheet) https://cdnjs.cloudflare.com/ajax/libs/metro/4.1.5/css/metro.min.css","meta":{"rootId":"49fnrxspv3jyszx","id":"lzqr5xu8p9g7tas"},"id":"1flzw3witcj52h0","previousOperationId":"pg7uck1tdfq9v4b"}
{"type":"log","timestamp":1705589204239,"level":"debug","message":"Page request finished: GET (stylesheet) 200 https://cdnjs.cloudflare.com/ajax/libs/metro/4.1.5/css/metro.min.css","meta":{"rootId":"49fnrxspv3jyszx","id":"lzqr5xu8p9g7tas"},"id":"qf687wubknusx1b","previousOperationId":"pg7uck1tdfq9v4b"}
{"type":"log","timestamp":1705589204264,"level":"debug","message":"Running chrome with params {\"printBackground\":true,\"marginTop\":\"1.5cm\",\"marginRight\":\"1.5cm\",\"marginLeft\":\"1.cm\",\"timeout\":59436,\"margin\":{\"top\":\"1.5cm\",\"right\":\"1.5cm\",\"left\":\"1.cm\"}}","meta":{"rootId":"49fnrxspv3jyszx","id":"lzqr5xu8p9g7tas"},"id":"7q5toezzdg0ijgx","previousOperationId":"pg7uck1tdfq9v4b"}
{"type":"operationEnd","operationId":"pg7uck1tdfq9v4b","timestamp":1705589204324,"id":"tqsnyzylbu2m1u9","previousEventId":"tihckrh0hy8ihss","previousOperationId":"pg7uck1tdfq9v4b"}
{"type":"log","timestamp":1705589204324,"level":"debug","message":"Skipping storing report.","meta":{"rootId":"49fnrxspv3jyszx","id":"lzqr5xu8p9g7tas"},"id":"yddq11sfrrqjyw6","previousOperationId":"pg7uck1tdfq9v4b"}
{"type":"log","timestamp":1705589204324,"level":"info","message":"Rendering (child) request finished in 839 ms","meta":{"rootId":"49fnrxspv3jyszx","id":"lzqr5xu8p9g7tas"},"id":"b63h4rnbse5mh32","previousOperationId":"pg7uck1tdfq9v4b"}
{"type":"operationEnd","subtype":"render","operationId":"7cqtlfeqnnn8ktw","timestamp":1705589204324,"id":"x9e2ldwd2hzojwe","previousEventId":"tqsnyzylbu2m1u9","previousOperationId":"pg7uck1tdfq9v4b"}
{"type":"operationEnd","operationId":"z9yj6oinpnet4oy","timestamp":1705589204348,"id":"8xi8ep0tfqqdnpj","previousEventId":"xjbrw1ui3yx3d9w","previousOperationId":"z9yj6oinpnet4oy"}
{"type":"log","timestamp":1705589204348,"level":"debug","message":"pdf-utils postproces start","meta":{"rootId":"49fnrxspv3jyszx","id":"49fnrxspv3jyszx"},"id":"un7wciya2qpsauh","previousOperationId":"z9yj6oinpnet4oy"}
{"type":"log","timestamp":1705589204372,"level":"debug","message":"pdf-utils postproces end","meta":{"rootId":"49fnrxspv3jyszx","id":"49fnrxspv3jyszx"},"id":"nfwcqkd1r37pd57","previousOperationId":"z9yj6oinpnet4oy"}
{"type":"operationEnd","operationId":"lzxk8si2j3tn9ng","timestamp":1705589204372,"id":"nfbjwuizta96rft","previousEventId":"8xi8ep0tfqqdnpj","previousOperationId":"z9yj6oinpnet4oy"}
{"type":"log","timestamp":1705589204372,"level":"info","message":"pdf-utils pdf processing was finished","meta":{"rootId":"49fnrxspv3jyszx","id":"49fnrxspv3jyszx"},"id":"xgphg7fzdknm2rt","previousOperationId":"lzxk8si2j3tn9ng"}
{"type":"log","timestamp":1705589204372,"level":"debug","message":"Skipping storing report.","meta":{"rootId":"49fnrxspv3jyszx","id":"49fnrxspv3jyszx"},"id":"acmgwvev1kxhc21","previousOperationId":"lzxk8si2j3tn9ng"}
{"type":"log","timestamp":1705589204372,"level":"info","message":"Rendering request 12 finished in 887 ms","meta":{"rootId":"49fnrxspv3jyszx","id":"49fnrxspv3jyszx"},"id":"4qongwts8xebuul","previousOperationId":"lzxk8si2j3tn9ng"}
{"type":"operationEnd","subtype":"render","operationId":"hjzpxa5z9v3vklj","timestamp":1705589204372,"id":"752qly9swpvmeoc","previousEventId":"nfbjwuizta96rft","previousOperationId":"lzxk8si2j3tn9ng"}
{"type":"operationEnd","doDiffs":false,"previousEventId":"gl0pfb9mkomor7l","previousOperationId":"jw8204r58ccnnk3","operationId":"jw8204r58ccnnk3","timestamp":1705589204387,"id":"hbv1ju9ffgab9kw"}
