{"type":"operationStart","subtype":"profile","data":{"_id":"h3TZtwgkdtxkmkcs","timestamp":"2024-01-18T14:44:13.839Z","state":"queued","mode":"standard","creationDate":"2024-01-18T14:44:13.846Z","modificationDate":"2024-01-18T14:44:13.846Z","shortid":"f3n0VRP","$entitySet":"profiles"},"doDiffs":false,"timestamp":1705589053844,"id":"vnxidinbosnk8mn","previousOperationId":null,"operationId":"fitoyh7rpngltq2"}
{"type":"log","level":"info","message":"Render request 11 queued for execution and waiting for available worker","previousOperationId":"fitoyh7rpngltq2","timestamp":1705589053844,"id":"5yq6iwvqm5goma2"}
{"type":"operationStart","subtype":"render","name":"orders-main","previousOperationId":"fitoyh7rpngltq2","timestamp":1705589053862,"id":"4jexz5yvcj204fm","previousEventId":"vnxidinbosnk8mn","operationId":"hx60nsdp59d3j9m"}
{"type":"log","timestamp":1705589053862,"level":"info","message":"Starting rendering request 11","meta":{"rootId":"4abhs7hrlp8qyyc","id":"4abhs7hrlp8qyyc"},"id":"cmf6hpx6adz67h3","previousOperationId":"hx60nsdp59d3j9m"}
{"type":"log","timestamp":1705589053862,"level":"info","message":"Rendering template { name: orders-main, recipe: chrome-pdf, engine: handlebars, preview: true }","meta":{"rootId":"4abhs7hrlp8qyyc","id":"4abhs7hrlp8qyyc"},"id":"aw9cx9csfd5936a","previousOperationId":"hx60nsdp59d3j9m"}
{"type":"log","timestamp":1705589053865,"level":"debug","message":"Data item not defined for this template.","meta":{"rootId":"4abhs7hrlp8qyyc","id":"4abhs7hrlp8qyyc"},"id":"saig5wgvoywqg54","previousOperationId":"hx60nsdp59d3j9m"}
{"type":"log","timestamp":1705589053869,"level":"debug","message":"Executing script orders-script (beforeRender)","meta":{"rootId":"4abhs7hrlp8qyyc","id":"4abhs7hrlp8qyyc"},"id":"wmmjxijhnp0ysm2","previousOperationId":"hx60nsdp59d3j9m"}
{"type":"operationStart","subtype":"scriptsBeforeRender","name":"scripts beforeRender","timestamp":1705589053906,"id":"tmzfevu29a0f6fe","previousEventId":"4jexz5yvcj204fm","operationId":"4jg6137accpiy0c","previousOperationId":"hx60nsdp59d3j9m"}
{"type":"operationStart","subtype":"script","name":"scripts orders-script","previousOperationId":"4jg6137accpiy0c","timestamp":1705589053906,"id":"q6i39dliji4x2ns","previousEventId":"tmzfevu29a0f6fe","operationId":"hw2438zvqukufvc"}
{"type":"operationEnd","operationId":"hw2438zvqukufvc","timestamp":1705589053930,"id":"7x9tj2y5ftmkyqm","previousEventId":"4jexz5yvcj204fm","previousOperationId":"hx60nsdp59d3j9m"}
{"type":"operationEnd","operationId":"4jg6137accpiy0c","timestamp":1705589053930,"id":"khqr4l6wah61e3u","previousEventId":"7x9tj2y5ftmkyqm","previousOperationId":"hx60nsdp59d3j9m"}
{"type":"log","timestamp":1705589053930,"level":"debug","message":"Base url not specified, skipping its injection.","meta":{"rootId":"4abhs7hrlp8qyyc","id":"4abhs7hrlp8qyyc"},"id":"xhten6i6z95ckyx","previousOperationId":"4jg6137accpiy0c"}
{"type":"operationStart","subtype":"engine","name":"handlebars","timestamp":1705589053930,"id":"5szlq2c5rvj14rq","previousEventId":"khqr4l6wah61e3u","operationId":"9kheghcha37ymnf","previousOperationId":"4jg6137accpiy0c"}
{"type":"log","timestamp":1705589053930,"level":"debug","message":"Rendering engine handlebars","meta":{"rootId":"4abhs7hrlp8qyyc","id":"4abhs7hrlp8qyyc"},"id":"wqbneh6nawlrphm","previousOperationId":"9kheghcha37ymnf"}
{"type":"log","timestamp":1705589053961,"level":"debug","message":"(console:log) Pdf utils adding group field, value: \"Race1\"","meta":{"userLevel":true,"rootId":"4abhs7hrlp8qyyc","id":"4abhs7hrlp8qyyc"},"id":"ejisjqepemx4tp2","previousOperationId":"9kheghcha37ymnf"}
{"type":"log","timestamp":1705589053962,"level":"debug","message":"(console:log) Pdf utils adding group field, value: \"Race2\"","meta":{"userLevel":true,"rootId":"4abhs7hrlp8qyyc","id":"4abhs7hrlp8qyyc"},"id":"6so8qtrte3tps6l","previousOperationId":"9kheghcha37ymnf"}
{"type":"operationEnd","operationId":"9kheghcha37ymnf","timestamp":1705589053962,"id":"w0zs15irwcrcqs9","previousEventId":"5szlq2c5rvj14rq","previousOperationId":"9kheghcha37ymnf"}
{"type":"operationStart","subtype":"recipe","name":"chrome-pdf","timestamp":1705589053963,"id":"wfhtjx2vwbeg70b","previousEventId":"w0zs15irwcrcqs9","operationId":"gp72xegwx5mv1o5","previousOperationId":"9kheghcha37ymnf"}
{"type":"log","timestamp":1705589053963,"level":"debug","message":"Executing recipe chrome-pdf","meta":{"rootId":"4abhs7hrlp8qyyc","id":"4abhs7hrlp8qyyc"},"id":"z7qxiinyjblos4u","previousOperationId":"gp72xegwx5mv1o5"}
{"type":"log","timestamp":1705589053967,"level":"debug","message":"Converting with chrome HeadlessChrome/117.0.5938.149 using chrome-pool strategy","meta":{"rootId":"4abhs7hrlp8qyyc","id":"4abhs7hrlp8qyyc"},"id":"gy18zjkme5816oz","previousOperationId":"gp72xegwx5mv1o5"}
{"type":"log","timestamp":1705589054085,"level":"debug","message":"Page request: GET (document) file:///C:/Users/DANIEL~1/AppData/Local/Temp/jsreport/autocleanup/81125afa-fcfa-4275-bcb5-267b6f878794-chrome-pdf.html","meta":{"rootId":"4abhs7hrlp8qyyc","id":"4abhs7hrlp8qyyc"},"id":"8ilf3mdb8h7g9vr","previousOperationId":"gp72xegwx5mv1o5"}
{"type":"log","timestamp":1705589054117,"level":"debug","message":"Page request: GET (stylesheet) https://cdnjs.cloudflare.com/ajax/libs/metro/4.1.5/css/metro.min.css","meta":{"rootId":"4abhs7hrlp8qyyc","id":"4abhs7hrlp8qyyc"},"id":"tdbilxbqdq2aqwb","previousOperationId":"gp72xegwx5mv1o5"}
{"type":"log","timestamp":1705589054117,"level":"debug","message":"Page request: GET (script) https://cdnjs.cloudflare.com/ajax/libs/Chart.js/2.9.4/Chart.js","meta":{"rootId":"4abhs7hrlp8qyyc","id":"4abhs7hrlp8qyyc"},"id":"j6orlwnf0m1y838","previousOperationId":"gp72xegwx5mv1o5"}
{"type":"log","timestamp":1705589054117,"level":"debug","message":"Page request finished: GET (document) 200 file:///C:/Users/DANIEL~1/AppData/Local/Temp/jsreport/autocleanup/81125afa-fcfa-4275-bcb5-267b6f878794-chrome-pdf.html","meta":{"rootId":"4abhs7hrlp8qyyc","id":"4abhs7hrlp8qyyc"},"id":"2w17w2ri64qg9dx","previousOperationId":"gp72xegwx5mv1o5"}
{"type":"log","timestamp":1705589054147,"level":"debug","message":"Page request finished: GET (stylesheet) 200 https://cdnjs.cloudflare.com/ajax/libs/metro/4.1.5/css/metro.min.css","meta":{"rootId":"4abhs7hrlp8qyyc","id":"4abhs7hrlp8qyyc"},"id":"mz0jekj543bpi5b","previousOperationId":"gp72xegwx5mv1o5"}
{"type":"log","timestamp":1705589054148,"level":"debug","message":"Page request finished: GET (script) 200 https://cdnjs.cloudflare.com/ajax/libs/Chart.js/2.9.4/Chart.js","meta":{"rootId":"4abhs7hrlp8qyyc","id":"4abhs7hrlp8qyyc"},"id":"k58hgdh4q7st08y","previousOperationId":"gp72xegwx5mv1o5"}
{"type":"log","timestamp":1705589054155,"level":"warn","message":"Page error: raceNames is not defined , stack: ReferenceError: raceNames is not defined\n    at <anonymous> (file:///C:/Users/DANIEL~1/AppData/Local/Temp/jsreport/autocleanup/81125afa-fcfa-4275-bcb5-267b6f878794-chrome-pdf.html:104:17)","meta":{"rootId":"4abhs7hrlp8qyyc","id":"4abhs7hrlp8qyyc"},"id":"cvep6qwo3ojqdr1","previousOperationId":"gp72xegwx5mv1o5"}
{"type":"log","timestamp":1705589054194,"level":"debug","message":"Running chrome with params {\"printBackground\":true,\"marginTop\":\"4cm\",\"marginRight\":\"1.5cm\",\"marginBottom\":\"1.5cm\",\"marginLeft\":\"1.5cm\",\"waitForJS\":false,\"timeout\":59874,\"margin\":{\"top\":\"4cm\",\"right\":\"1.5cm\",\"bottom\":\"1.5cm\",\"left\":\"1.5cm\"}}","meta":{"rootId":"4abhs7hrlp8qyyc","id":"4abhs7hrlp8qyyc"},"id":"wcaic7glmcv1ead","previousOperationId":"gp72xegwx5mv1o5"}
{"type":"operationEnd","operationId":"gp72xegwx5mv1o5","timestamp":1705589054290,"id":"x6tnan1rqm25fei","previousEventId":"wfhtjx2vwbeg70b","previousOperationId":"gp72xegwx5mv1o5"}
{"type":"log","timestamp":1705589054290,"level":"info","message":"pdf-utils is starting pdf processing","meta":{"rootId":"4abhs7hrlp8qyyc","id":"4abhs7hrlp8qyyc"},"id":"3z0o4fulfihm5pm","previousOperationId":"gp72xegwx5mv1o5"}
{"type":"operationStart","subtype":"pdfUtils","name":"pdf utils","timestamp":1705589054291,"id":"2hvgbpt8aqstv1l","previousEventId":"x6tnan1rqm25fei","operationId":"ntnt5npbp1mf91v","previousOperationId":"gp72xegwx5mv1o5"}
{"type":"log","timestamp":1705589054291,"level":"debug","message":"pdf-utils detected 1 pdf operation(s) to process","meta":{"rootId":"4abhs7hrlp8qyyc","id":"4abhs7hrlp8qyyc"},"id":"zgx8dei07iu4f35","previousOperationId":"ntnt5npbp1mf91v"}
{"type":"log","timestamp":1705589054324,"level":"debug","message":"pdf-utils running pdf operation merge","meta":{"rootId":"4abhs7hrlp8qyyc","id":"4abhs7hrlp8qyyc"},"id":"zfpaw89ncbp7u8t","previousOperationId":"ntnt5npbp1mf91v"}
{"type":"operationStart","subtype":"pdfUtilsMerge","name":"pdf utils merge","previousOperationId":"ntnt5npbp1mf91v","timestamp":1705589054324,"id":"0b56jk68ej0nysl","previousEventId":"2hvgbpt8aqstv1l","operationId":"x45yr60471mhoft"}
{"type":"operationStart","subtype":"render","name":"orders-header","previousOperationId":"x45yr60471mhoft","timestamp":1705589054325,"id":"ybhrlrnflmrnxif","previousEventId":"0b56jk68ej0nysl","operationId":"9l5i5m0lpxhi6a2"}
{"type":"log","timestamp":1705589054325,"level":"info","message":"Starting rendering (child) request","meta":{"rootId":"4abhs7hrlp8qyyc","id":"j07z0iilugvtrfq"},"id":"2mhfp32oddxvlep","previousOperationId":"9l5i5m0lpxhi6a2"}
{"type":"log","timestamp":1705589054325,"level":"info","message":"Rendering template { name: orders-header, recipe: chrome-pdf, engine: handlebars, preview: true }","meta":{"rootId":"4abhs7hrlp8qyyc","id":"j07z0iilugvtrfq"},"id":"uohdegz6ducedr5","previousOperationId":"9l5i5m0lpxhi6a2"}
{"type":"log","timestamp":1705589054327,"level":"debug","message":"Inline data specified.","meta":{"rootId":"4abhs7hrlp8qyyc","id":"j07z0iilugvtrfq"},"id":"tc27myguziexcxe","previousOperationId":"9l5i5m0lpxhi6a2"}
{"type":"log","timestamp":1705589054345,"level":"debug","message":"Base url not specified, skipping its injection.","meta":{"rootId":"4abhs7hrlp8qyyc","id":"j07z0iilugvtrfq"},"id":"carca1rdarez5sp","previousOperationId":"9l5i5m0lpxhi6a2"}
{"type":"operationStart","subtype":"engine","name":"handlebars","timestamp":1705589054345,"id":"vyijf6oz2kawui6","previousEventId":"ybhrlrnflmrnxif","operationId":"0iaead1lqaxlfwn","previousOperationId":"9l5i5m0lpxhi6a2"}
{"type":"log","timestamp":1705589054345,"level":"debug","message":"Rendering engine handlebars","meta":{"rootId":"4abhs7hrlp8qyyc","id":"j07z0iilugvtrfq"},"id":"ztjx1lzdboedity","previousOperationId":"0iaead1lqaxlfwn"}
{"type":"operationEnd","operationId":"0iaead1lqaxlfwn","timestamp":1705589054367,"id":"jwovdue98g0xn0h","previousEventId":"vyijf6oz2kawui6","previousOperationId":"0iaead1lqaxlfwn"}
{"type":"operationStart","subtype":"recipe","name":"chrome-pdf","timestamp":1705589054367,"id":"x3jka30ay94k53x","previousEventId":"jwovdue98g0xn0h","operationId":"yq6ltsziu346xaf","previousOperationId":"0iaead1lqaxlfwn"}
{"type":"log","timestamp":1705589054367,"level":"debug","message":"Executing recipe chrome-pdf","meta":{"rootId":"4abhs7hrlp8qyyc","id":"j07z0iilugvtrfq"},"id":"ijru5trm8mc6vj3","previousOperationId":"yq6ltsziu346xaf"}
{"type":"log","timestamp":1705589054372,"level":"debug","message":"Converting with chrome HeadlessChrome/117.0.5938.149 using chrome-pool strategy","meta":{"rootId":"4abhs7hrlp8qyyc","id":"j07z0iilugvtrfq"},"id":"z928kd8nw6p9gd5","previousOperationId":"yq6ltsziu346xaf"}
{"type":"log","timestamp":1705589054497,"level":"debug","message":"Page request: GET (document) file:///C:/Users/DANIEL~1/AppData/Local/Temp/jsreport/autocleanup/e66320ec-1e5f-475f-a374-05be29c12c52-chrome-pdf.html","meta":{"rootId":"4abhs7hrlp8qyyc","id":"j07z0iilugvtrfq"},"id":"nvy6jvfpf9tbp0g","previousOperationId":"yq6ltsziu346xaf"}
{"type":"log","timestamp":1705589054512,"level":"debug","message":"Page request: GET (stylesheet) https://cdnjs.cloudflare.com/ajax/libs/metro/4.1.5/css/metro.min.css","meta":{"rootId":"4abhs7hrlp8qyyc","id":"j07z0iilugvtrfq"},"id":"lsoe6r4i4w3r9mq","previousOperationId":"yq6ltsziu346xaf"}
{"type":"log","timestamp":1705589054513,"level":"debug","message":"Page request finished: GET (document) 200 file:///C:/Users/DANIEL~1/AppData/Local/Temp/jsreport/autocleanup/e66320ec-1e5f-475f-a374-05be29c12c52-chrome-pdf.html","meta":{"rootId":"4abhs7hrlp8qyyc","id":"j07z0iilugvtrfq"},"id":"3lujx7seftwbnde","previousOperationId":"yq6ltsziu346xaf"}
{"type":"log","timestamp":1705589054538,"level":"debug","message":"Page request finished: GET (stylesheet) 200 https://cdnjs.cloudflare.com/ajax/libs/metro/4.1.5/css/metro.min.css","meta":{"rootId":"4abhs7hrlp8qyyc","id":"j07z0iilugvtrfq"},"id":"cxiz45iybm7e4ad","previousOperationId":"yq6ltsziu346xaf"}
{"type":"log","timestamp":1705589054562,"level":"debug","message":"Running chrome with params {\"printBackground\":true,\"marginTop\":\"1.5cm\",\"marginRight\":\"1.5cm\",\"marginLeft\":\"1.cm\",\"timeout\":59469,\"margin\":{\"top\":\"1.5cm\",\"right\":\"1.5cm\",\"left\":\"1.cm\"}}","meta":{"rootId":"4abhs7hrlp8qyyc","id":"j07z0iilugvtrfq"},"id":"fmppn351ofn924i","previousOperationId":"yq6ltsziu346xaf"}
{"type":"operationEnd","operationId":"yq6ltsziu346xaf","timestamp":1705589054614,"id":"bf3qgpe242b1oil","previousEventId":"x3jka30ay94k53x","previousOperationId":"yq6ltsziu346xaf"}
{"type":"log","timestamp":1705589054614,"level":"debug","message":"Skipping storing report.","meta":{"rootId":"4abhs7hrlp8qyyc","id":"j07z0iilugvtrfq"},"id":"fmhz4fttafaph5w","previousOperationId":"yq6ltsziu346xaf"}
{"type":"log","timestamp":1705589054615,"level":"info","message":"Rendering (child) request finished in 775 ms","meta":{"rootId":"4abhs7hrlp8qyyc","id":"j07z0iilugvtrfq"},"id":"ow0rhg3m7b8p0be","previousOperationId":"yq6ltsziu346xaf"}
{"type":"operationEnd","subtype":"render","operationId":"9l5i5m0lpxhi6a2","timestamp":1705589054615,"id":"a8ah0u2e1e1rhm7","previousEventId":"bf3qgpe242b1oil","previousOperationId":"yq6ltsziu346xaf"}
{"type":"operationEnd","operationId":"x45yr60471mhoft","timestamp":1705589054628,"id":"eqt9s4jz1ai9rqx","previousEventId":"0b56jk68ej0nysl","previousOperationId":"x45yr60471mhoft"}
{"type":"log","timestamp":1705589054628,"level":"debug","message":"pdf-utils postproces start","meta":{"rootId":"4abhs7hrlp8qyyc","id":"4abhs7hrlp8qyyc"},"id":"uaaht1wcfvzmdus","previousOperationId":"x45yr60471mhoft"}
{"type":"log","timestamp":1705589054653,"level":"debug","message":"pdf-utils postproces end","meta":{"rootId":"4abhs7hrlp8qyyc","id":"4abhs7hrlp8qyyc"},"id":"vpe6mw8i4288ixp","previousOperationId":"x45yr60471mhoft"}
{"type":"operationEnd","operationId":"ntnt5npbp1mf91v","timestamp":1705589054653,"id":"j5zr4jy4mse888k","previousEventId":"eqt9s4jz1ai9rqx","previousOperationId":"x45yr60471mhoft"}
{"type":"log","timestamp":1705589054653,"level":"info","message":"pdf-utils pdf processing was finished","meta":{"rootId":"4abhs7hrlp8qyyc","id":"4abhs7hrlp8qyyc"},"id":"8xv5mgn2xv2yb8c","previousOperationId":"ntnt5npbp1mf91v"}
{"type":"log","timestamp":1705589054653,"level":"debug","message":"Skipping storing report.","meta":{"rootId":"4abhs7hrlp8qyyc","id":"4abhs7hrlp8qyyc"},"id":"wly7g6x81ksqt43","previousOperationId":"ntnt5npbp1mf91v"}
{"type":"log","timestamp":1705589054654,"level":"info","message":"Rendering request 11 finished in 814 ms","meta":{"rootId":"4abhs7hrlp8qyyc","id":"4abhs7hrlp8qyyc"},"id":"p3mg1p4h7gmf46k","previousOperationId":"ntnt5npbp1mf91v"}
{"type":"operationEnd","subtype":"render","operationId":"hx60nsdp59d3j9m","timestamp":1705589054654,"id":"0ov47y2q3n7ln58","previousEventId":"j5zr4jy4mse888k","previousOperationId":"ntnt5npbp1mf91v"}
{"type":"operationEnd","doDiffs":false,"previousEventId":"vnxidinbosnk8mn","previousOperationId":"fitoyh7rpngltq2","operationId":"fitoyh7rpngltq2","timestamp":1705589054677,"id":"d83mv33pn652odt"}
