{"type":"operationStart","subtype":"profile","data":{"_id":"7qsyd2JJ0raCvSxL","timestamp":"2024-01-17T16:24:38.464Z","state":"queued","mode":"standard","creationDate":"2024-01-17T16:24:38.465Z","modificationDate":"2024-01-17T16:24:38.465Z","shortid":"l6kXURW","$entitySet":"profiles"},"doDiffs":false,"timestamp":1705508678465,"id":"d5mb9uvmy1vxf84","previousOperationId":null,"operationId":"c0cv7pkw2rzhs4m"}
{"type":"log","level":"info","message":"Render request 37 queued for execution and waiting for available worker","previousOperationId":"c0cv7pkw2rzhs4m","timestamp":1705508678465,"id":"uxc3sd02ypg68nt"}
{"type":"operationStart","subtype":"render","name":"orders-main","previousOperationId":"c0cv7pkw2rzhs4m","timestamp":1705508678470,"id":"dtpyyqhymo8ka9u","previousEventId":"d5mb9uvmy1vxf84","operationId":"h7129fvftme81ta"}
{"type":"log","timestamp":1705508678470,"level":"info","message":"Starting rendering request 37","meta":{"rootId":"4c9o2g4p5mq9hob","id":"4c9o2g4p5mq9hob"},"id":"jv8sytg8lqslrye","previousOperationId":"h7129fvftme81ta"}
{"type":"log","timestamp":1705508678470,"level":"info","message":"Rendering template { name: orders-main, recipe: chrome-pdf, engine: handlebars, preview: true }","meta":{"rootId":"4c9o2g4p5mq9hob","id":"4c9o2g4p5mq9hob"},"id":"r19fopsuenil1pp","previousOperationId":"h7129fvftme81ta"}
{"type":"log","timestamp":1705508678471,"level":"debug","message":"Data item not defined for this template.","meta":{"rootId":"4c9o2g4p5mq9hob","id":"4c9o2g4p5mq9hob"},"id":"rmqfa1uivm01pd2","previousOperationId":"h7129fvftme81ta"}
{"type":"log","timestamp":1705508678472,"level":"debug","message":"Executing script orders-script (beforeRender)","meta":{"rootId":"4c9o2g4p5mq9hob","id":"4c9o2g4p5mq9hob"},"id":"xx1c5pa3isuqmb9","previousOperationId":"h7129fvftme81ta"}
{"type":"operationStart","subtype":"scriptsBeforeRender","name":"scripts beforeRender","timestamp":1705508678481,"id":"a80z1zhtzts9c7p","previousEventId":"dtpyyqhymo8ka9u","operationId":"qk1kl340bzy0j1b","previousOperationId":"h7129fvftme81ta"}
{"type":"operationStart","subtype":"script","name":"scripts orders-script","previousOperationId":"qk1kl340bzy0j1b","timestamp":1705508678481,"id":"1x4vk0c3shnqaha","previousEventId":"a80z1zhtzts9c7p","operationId":"r6vtbaulpjhyzms"}
{"type":"operationEnd","operationId":"r6vtbaulpjhyzms","timestamp":1705508678490,"id":"v3d9hxce27gmq0g","previousEventId":"dtpyyqhymo8ka9u","previousOperationId":"h7129fvftme81ta"}
{"type":"operationEnd","operationId":"qk1kl340bzy0j1b","timestamp":1705508678490,"id":"c2s0k39kt6hdmf7","previousEventId":"v3d9hxce27gmq0g","previousOperationId":"h7129fvftme81ta"}
{"type":"log","timestamp":1705508678490,"level":"debug","message":"Base url not specified, skipping its injection.","meta":{"rootId":"4c9o2g4p5mq9hob","id":"4c9o2g4p5mq9hob"},"id":"zgero5e9krqjrxr","previousOperationId":"qk1kl340bzy0j1b"}
{"type":"operationStart","subtype":"engine","name":"handlebars","timestamp":1705508678490,"id":"8ycv3ps1qrds976","previousEventId":"c2s0k39kt6hdmf7","operationId":"b89x8vpr96tah4l","previousOperationId":"qk1kl340bzy0j1b"}
{"type":"log","timestamp":1705508678490,"level":"debug","message":"Rendering engine handlebars","meta":{"rootId":"4c9o2g4p5mq9hob","id":"4c9o2g4p5mq9hob"},"id":"3vy9crhywdyzfyp","previousOperationId":"b89x8vpr96tah4l"}
{"type":"log","timestamp":1705508678499,"level":"debug","message":"(console:log) Pdf utils adding group field, value: \"Race1\"","meta":{"userLevel":true,"rootId":"4c9o2g4p5mq9hob","id":"4c9o2g4p5mq9hob"},"id":"hgs42zx24x6jye6","previousOperationId":"b89x8vpr96tah4l"}
{"type":"log","timestamp":1705508678499,"level":"debug","message":"(console:log) Pdf utils adding group field, value: \"Race2\"","meta":{"userLevel":true,"rootId":"4c9o2g4p5mq9hob","id":"4c9o2g4p5mq9hob"},"id":"qvy6cte2ky8tcmy","previousOperationId":"b89x8vpr96tah4l"}
{"type":"operationEnd","operationId":"b89x8vpr96tah4l","timestamp":1705508678499,"id":"9m39839ekbp7sh7","previousEventId":"8ycv3ps1qrds976","previousOperationId":"b89x8vpr96tah4l"}
{"type":"operationStart","subtype":"recipe","name":"chrome-pdf","timestamp":1705508678499,"id":"g3o9vzrbxmleq6l","previousEventId":"9m39839ekbp7sh7","operationId":"24t3m6hpiom635u","previousOperationId":"b89x8vpr96tah4l"}
{"type":"log","timestamp":1705508678499,"level":"debug","message":"Executing recipe chrome-pdf","meta":{"rootId":"4c9o2g4p5mq9hob","id":"4c9o2g4p5mq9hob"},"id":"9h0itqtrdrcqv49","previousOperationId":"24t3m6hpiom635u"}
{"type":"log","timestamp":1705508678501,"level":"debug","message":"Converting with chrome HeadlessChrome/117.0.5938.149 using chrome-pool strategy","meta":{"rootId":"4c9o2g4p5mq9hob","id":"4c9o2g4p5mq9hob"},"id":"fxd1nqdnm0q96wx","previousOperationId":"24t3m6hpiom635u"}
{"type":"log","timestamp":1705508678570,"level":"debug","message":"Page request: GET (document) file:///C:/Users/DANIEL~1/AppData/Local/Temp/jsreport/autocleanup/920abdb6-1840-4394-adcb-28bdd72620dc-chrome-pdf.html","meta":{"rootId":"4c9o2g4p5mq9hob","id":"4c9o2g4p5mq9hob"},"id":"j8qzbsxn5gzjlv7","previousOperationId":"24t3m6hpiom635u"}
{"type":"log","timestamp":1705508678583,"level":"debug","message":"Page request: GET (stylesheet) https://cdnjs.cloudflare.com/ajax/libs/metro/4.1.5/css/metro.min.css","meta":{"rootId":"4c9o2g4p5mq9hob","id":"4c9o2g4p5mq9hob"},"id":"gm4zjowkloxo5vp","previousOperationId":"24t3m6hpiom635u"}
{"type":"log","timestamp":1705508678583,"level":"debug","message":"Page request: GET (script) https://cdnjs.cloudflare.com/ajax/libs/Chart.js/2.7.2/Chart.min.js","meta":{"rootId":"4c9o2g4p5mq9hob","id":"4c9o2g4p5mq9hob"},"id":"pa892r1zrs496aq","previousOperationId":"24t3m6hpiom635u"}
{"type":"log","timestamp":1705508678583,"level":"debug","message":"Page request finished: GET (document) 200 file:///C:/Users/DANIEL~1/AppData/Local/Temp/jsreport/autocleanup/920abdb6-1840-4394-adcb-28bdd72620dc-chrome-pdf.html","meta":{"rootId":"4c9o2g4p5mq9hob","id":"4c9o2g4p5mq9hob"},"id":"8mayg2u2dzbk2yy","previousOperationId":"24t3m6hpiom635u"}
{"type":"log","timestamp":1705508678596,"level":"debug","message":"Page request finished: GET (stylesheet) 200 https://cdnjs.cloudflare.com/ajax/libs/metro/4.1.5/css/metro.min.css","meta":{"rootId":"4c9o2g4p5mq9hob","id":"4c9o2g4p5mq9hob"},"id":"f5silo00o4ostui","previousOperationId":"24t3m6hpiom635u"}
{"type":"log","timestamp":1705508678596,"level":"debug","message":"Page request finished: GET (script) 200 https://cdnjs.cloudflare.com/ajax/libs/Chart.js/2.7.2/Chart.min.js","meta":{"rootId":"4c9o2g4p5mq9hob","id":"4c9o2g4p5mq9hob"},"id":"j3q2zjbaxguuc3e","previousOperationId":"24t3m6hpiom635u"}
{"type":"log","timestamp":1705508678616,"level":"debug","message":"Running chrome with params {\"printBackground\":true,\"marginTop\":\"4cm\",\"marginRight\":\"1.5cm\",\"marginBottom\":\"1.5cm\",\"marginLeft\":\"1.5cm\",\"waitForJS\":false,\"timeout\":59964,\"margin\":{\"top\":\"4cm\",\"right\":\"1.5cm\",\"bottom\":\"1.5cm\",\"left\":\"1.5cm\"}}","meta":{"rootId":"4c9o2g4p5mq9hob","id":"4c9o2g4p5mq9hob"},"id":"j8tllylgg5mfph9","previousOperationId":"24t3m6hpiom635u"}
{"type":"operationEnd","operationId":"24t3m6hpiom635u","timestamp":1705508678666,"id":"sys8vnw88os17m4","previousEventId":"g3o9vzrbxmleq6l","previousOperationId":"24t3m6hpiom635u"}
{"type":"log","timestamp":1705508678666,"level":"info","message":"pdf-utils is starting pdf processing","meta":{"rootId":"4c9o2g4p5mq9hob","id":"4c9o2g4p5mq9hob"},"id":"7vvkm1k7rcti0j0","previousOperationId":"24t3m6hpiom635u"}
{"type":"operationStart","subtype":"pdfUtils","name":"pdf utils","timestamp":1705508678666,"id":"2ma6hye5xjxenr9","previousEventId":"sys8vnw88os17m4","operationId":"s1fled4cz4ohky3","previousOperationId":"24t3m6hpiom635u"}
{"type":"log","timestamp":1705508678666,"level":"debug","message":"pdf-utils detected 1 pdf operation(s) to process","meta":{"rootId":"4c9o2g4p5mq9hob","id":"4c9o2g4p5mq9hob"},"id":"togex97c47fil35","previousOperationId":"s1fled4cz4ohky3"}
{"type":"log","timestamp":1705508678677,"level":"debug","message":"pdf-utils running pdf operation merge","meta":{"rootId":"4c9o2g4p5mq9hob","id":"4c9o2g4p5mq9hob"},"id":"jdrhc211tdajspc","previousOperationId":"s1fled4cz4ohky3"}
{"type":"operationStart","subtype":"pdfUtilsMerge","name":"pdf utils merge","previousOperationId":"s1fled4cz4ohky3","timestamp":1705508678677,"id":"kpa3vvu2gg7rpty","previousEventId":"2ma6hye5xjxenr9","operationId":"9479l651c3tshnb"}
{"type":"operationStart","subtype":"render","name":"orders-header","previousOperationId":"9479l651c3tshnb","timestamp":1705508678678,"id":"33j4n3kdns0h9dk","previousEventId":"kpa3vvu2gg7rpty","operationId":"jktq07exk0ady8q"}
{"type":"log","timestamp":1705508678678,"level":"info","message":"Starting rendering (child) request","meta":{"rootId":"4c9o2g4p5mq9hob","id":"fxjnu41qa7xiiyq"},"id":"h3ft2o9nkmw43ad","previousOperationId":"jktq07exk0ady8q"}
{"type":"log","timestamp":1705508678678,"level":"info","message":"Rendering template { name: orders-header, recipe: chrome-pdf, engine: handlebars, preview: true }","meta":{"rootId":"4c9o2g4p5mq9hob","id":"fxjnu41qa7xiiyq"},"id":"9m6dv3eebbxz0s1","previousOperationId":"jktq07exk0ady8q"}
{"type":"log","timestamp":1705508678678,"level":"debug","message":"Inline data specified.","meta":{"rootId":"4c9o2g4p5mq9hob","id":"fxjnu41qa7xiiyq"},"id":"o0i5tdvfmfuffqi","previousOperationId":"jktq07exk0ady8q"}
{"type":"log","timestamp":1705508678680,"level":"debug","message":"Base url not specified, skipping its injection.","meta":{"rootId":"4c9o2g4p5mq9hob","id":"fxjnu41qa7xiiyq"},"id":"fgiclfjg4se4mnc","previousOperationId":"jktq07exk0ady8q"}
{"type":"operationStart","subtype":"engine","name":"handlebars","timestamp":1705508678680,"id":"6ijwtyrdqcfnzu5","previousEventId":"33j4n3kdns0h9dk","operationId":"wlpam68q5a793b8","previousOperationId":"jktq07exk0ady8q"}
{"type":"log","timestamp":1705508678680,"level":"debug","message":"Rendering engine handlebars","meta":{"rootId":"4c9o2g4p5mq9hob","id":"fxjnu41qa7xiiyq"},"id":"9x1rkqc6x3tecev","previousOperationId":"wlpam68q5a793b8"}
{"type":"operationEnd","operationId":"wlpam68q5a793b8","timestamp":1705508678690,"id":"n225ucvvjtwuh4m","previousEventId":"6ijwtyrdqcfnzu5","previousOperationId":"wlpam68q5a793b8"}
{"type":"operationStart","subtype":"recipe","name":"chrome-pdf","timestamp":1705508678690,"id":"qk33jfjyc86e26v","previousEventId":"n225ucvvjtwuh4m","operationId":"uwnrdqyyr3ka6qw","previousOperationId":"wlpam68q5a793b8"}
{"type":"log","timestamp":1705508678690,"level":"debug","message":"Executing recipe chrome-pdf","meta":{"rootId":"4c9o2g4p5mq9hob","id":"fxjnu41qa7xiiyq"},"id":"lel6wumfaqgge74","previousOperationId":"uwnrdqyyr3ka6qw"}
{"type":"log","timestamp":1705508678692,"level":"debug","message":"Converting with chrome HeadlessChrome/117.0.5938.149 using chrome-pool strategy","meta":{"rootId":"4c9o2g4p5mq9hob","id":"fxjnu41qa7xiiyq"},"id":"uiu8yyvb9s88gzm","previousOperationId":"uwnrdqyyr3ka6qw"}
{"type":"log","timestamp":1705508678753,"level":"debug","message":"Page request: GET (document) file:///C:/Users/DANIEL~1/AppData/Local/Temp/jsreport/autocleanup/46425d73-5b13-4d2e-a0ab-452c1c734b4b-chrome-pdf.html","meta":{"rootId":"4c9o2g4p5mq9hob","id":"fxjnu41qa7xiiyq"},"id":"5ekhrrla5hqmsj0","previousOperationId":"uwnrdqyyr3ka6qw"}
{"type":"log","timestamp":1705508678760,"level":"debug","message":"Page request: GET (stylesheet) https://cdnjs.cloudflare.com/ajax/libs/metro/4.1.5/css/metro.min.css","meta":{"rootId":"4c9o2g4p5mq9hob","id":"fxjnu41qa7xiiyq"},"id":"im8c7dmpjuxvdfd","previousOperationId":"uwnrdqyyr3ka6qw"}
{"type":"log","timestamp":1705508678760,"level":"debug","message":"Page request finished: GET (document) 200 file:///C:/Users/DANIEL~1/AppData/Local/Temp/jsreport/autocleanup/46425d73-5b13-4d2e-a0ab-452c1c734b4b-chrome-pdf.html","meta":{"rootId":"4c9o2g4p5mq9hob","id":"fxjnu41qa7xiiyq"},"id":"w3nzj04ll9ziwx1","previousOperationId":"uwnrdqyyr3ka6qw"}
{"type":"log","timestamp":1705508678771,"level":"debug","message":"Page request finished: GET (stylesheet) 200 https://cdnjs.cloudflare.com/ajax/libs/metro/4.1.5/css/metro.min.css","meta":{"rootId":"4c9o2g4p5mq9hob","id":"fxjnu41qa7xiiyq"},"id":"9he13s6499lwqs4","previousOperationId":"uwnrdqyyr3ka6qw"}
{"type":"log","timestamp":1705508678784,"level":"debug","message":"Running chrome with params {\"printBackground\":true,\"marginTop\":\"1.5cm\",\"marginRight\":\"1.5cm\",\"marginLeft\":\"1.cm\",\"timeout\":59773,\"margin\":{\"top\":\"1.5cm\",\"right\":\"1.5cm\",\"left\":\"1.cm\"}}","meta":{"rootId":"4c9o2g4p5mq9hob","id":"fxjnu41qa7xiiyq"},"id":"t0ezjq0v89yjgf8","previousOperationId":"uwnrdqyyr3ka6qw"}
{"type":"operationEnd","operationId":"uwnrdqyyr3ka6qw","timestamp":1705508678810,"id":"5wfiupu0cz0qgos","previousEventId":"qk33jfjyc86e26v","previousOperationId":"uwnrdqyyr3ka6qw"}
{"type":"log","timestamp":1705508678810,"level":"debug","message":"Skipping storing report.","meta":{"rootId":"4c9o2g4p5mq9hob","id":"fxjnu41qa7xiiyq"},"id":"r8uyz0peeex90qo","previousOperationId":"uwnrdqyyr3ka6qw"}
{"type":"log","timestamp":1705508678810,"level":"info","message":"Rendering (child) request finished in 346 ms","meta":{"rootId":"4c9o2g4p5mq9hob","id":"fxjnu41qa7xiiyq"},"id":"zigw8kfsv26urt9","previousOperationId":"uwnrdqyyr3ka6qw"}
{"type":"operationEnd","subtype":"render","operationId":"jktq07exk0ady8q","timestamp":1705508678810,"id":"h2ai0bon7ilc2qi","previousEventId":"5wfiupu0cz0qgos","previousOperationId":"uwnrdqyyr3ka6qw"}
{"type":"operationEnd","operationId":"9479l651c3tshnb","timestamp":1705508678816,"id":"u3g457dlhzxped8","previousEventId":"kpa3vvu2gg7rpty","previousOperationId":"9479l651c3tshnb"}
{"type":"log","timestamp":1705508678816,"level":"debug","message":"pdf-utils postproces start","meta":{"rootId":"4c9o2g4p5mq9hob","id":"4c9o2g4p5mq9hob"},"id":"x9prnphn60t4fay","previousOperationId":"9479l651c3tshnb"}
{"type":"log","timestamp":1705508678824,"level":"debug","message":"pdf-utils postproces end","meta":{"rootId":"4c9o2g4p5mq9hob","id":"4c9o2g4p5mq9hob"},"id":"gqz2roj0y8e3wea","previousOperationId":"9479l651c3tshnb"}
{"type":"operationEnd","operationId":"s1fled4cz4ohky3","timestamp":1705508678824,"id":"77k60t039ussq1g","previousEventId":"u3g457dlhzxped8","previousOperationId":"9479l651c3tshnb"}
{"type":"log","timestamp":1705508678824,"level":"info","message":"pdf-utils pdf processing was finished","meta":{"rootId":"4c9o2g4p5mq9hob","id":"4c9o2g4p5mq9hob"},"id":"hcynu9ajqnfb1te","previousOperationId":"s1fled4cz4ohky3"}
{"type":"log","timestamp":1705508678824,"level":"debug","message":"Skipping storing report.","meta":{"rootId":"4c9o2g4p5mq9hob","id":"4c9o2g4p5mq9hob"},"id":"wuadli68ynjio2y","previousOperationId":"s1fled4cz4ohky3"}
{"type":"log","timestamp":1705508678824,"level":"info","message":"Rendering request 37 finished in 360 ms","meta":{"rootId":"4c9o2g4p5mq9hob","id":"4c9o2g4p5mq9hob"},"id":"kxn73qwz4yhj1ht","previousOperationId":"s1fled4cz4ohky3"}
{"type":"operationEnd","subtype":"render","operationId":"h7129fvftme81ta","timestamp":1705508678824,"id":"g99pmjw5ez8bek3","previousEventId":"77k60t039ussq1g","previousOperationId":"s1fled4cz4ohky3"}
{"type":"operationEnd","doDiffs":false,"previousEventId":"d5mb9uvmy1vxf84","previousOperationId":"c0cv7pkw2rzhs4m","operationId":"c0cv7pkw2rzhs4m","timestamp":1705508678833,"id":"4f98nwwreox03y7"}
