{"type":"operationStart","subtype":"profile","data":{"_id":"go3qgtXrRoOtktuY","timestamp":"2024-01-18T15:36:25.216Z","state":"queued","mode":"standard","creationDate":"2024-01-18T15:36:25.217Z","modificationDate":"2024-01-18T15:36:25.217Z","shortid":"0e7Azpf","$entitySet":"profiles"},"doDiffs":false,"timestamp":1705592185217,"id":"bw2f0qth9n5gyj5","previousOperationId":null,"operationId":"svsrhypcn6m5kra"}
{"type":"log","level":"info","message":"Render request 57 queued for execution and waiting for available worker","previousOperationId":"svsrhypcn6m5kra","timestamp":1705592185217,"id":"i79fj8geh08qcs9"}
{"type":"operationStart","subtype":"render","name":"orders-main","previousOperationId":"svsrhypcn6m5kra","timestamp":1705592185222,"id":"kn704ew99dt4tnp","previousEventId":"bw2f0qth9n5gyj5","operationId":"t88nmc3ush5hl2f"}
{"type":"log","timestamp":1705592185222,"level":"info","message":"Starting rendering request 57","meta":{"rootId":"4dzi02ddlh0z01c","id":"4dzi02ddlh0z01c"},"id":"l6ryel3zybpql2d","previousOperationId":"t88nmc3ush5hl2f"}
{"type":"log","timestamp":1705592185222,"level":"info","message":"Rendering template { name: orders-main, recipe: chrome-pdf, engine: handlebars, preview: true }","meta":{"rootId":"4dzi02ddlh0z01c","id":"4dzi02ddlh0z01c"},"id":"01sxcxiv4szx6km","previousOperationId":"t88nmc3ush5hl2f"}
{"type":"log","timestamp":1705592185223,"level":"debug","message":"Data item not defined for this template.","meta":{"rootId":"4dzi02ddlh0z01c","id":"4dzi02ddlh0z01c"},"id":"6mj79h6hrpk82sc","previousOperationId":"t88nmc3ush5hl2f"}
{"type":"log","timestamp":1705592185224,"level":"debug","message":"Executing script orders-script (beforeRender)","meta":{"rootId":"4dzi02ddlh0z01c","id":"4dzi02ddlh0z01c"},"id":"ixbeadc64hjcjts","previousOperationId":"t88nmc3ush5hl2f"}
{"type":"operationStart","subtype":"scriptsBeforeRender","name":"scripts beforeRender","timestamp":1705592185234,"id":"52qrvq3tis7r7ok","previousEventId":"kn704ew99dt4tnp","operationId":"w91vnjel4zna1ct","previousOperationId":"t88nmc3ush5hl2f"}
{"type":"operationStart","subtype":"script","name":"scripts orders-script","previousOperationId":"w91vnjel4zna1ct","timestamp":1705592185234,"id":"k70a2ye3b0e0llc","previousEventId":"52qrvq3tis7r7ok","operationId":"j154qe0rswewij5"}
{"type":"log","timestamp":1705592185242,"level":"debug","message":"(console:log) [ 'Race1', 'Race2' ]","meta":{"userLevel":true,"rootId":"4dzi02ddlh0z01c","id":"4dzi02ddlh0z01c"},"id":"rk10nqdnz1y33c1","previousOperationId":"j154qe0rswewij5"}
{"type":"log","timestamp":1705592185242,"level":"debug","message":"(console:log) [ 2, 1 ]","meta":{"userLevel":true,"rootId":"4dzi02ddlh0z01c","id":"4dzi02ddlh0z01c"},"id":"yqr6sgcpqui0ezo","previousOperationId":"j154qe0rswewij5"}
{"type":"operationEnd","operationId":"j154qe0rswewij5","timestamp":1705592185243,"id":"7j6x8pbohrp2595","previousEventId":"kn704ew99dt4tnp","previousOperationId":"t88nmc3ush5hl2f"}
{"type":"operationEnd","operationId":"w91vnjel4zna1ct","timestamp":1705592185243,"id":"45esbp0y2m924vc","previousEventId":"7j6x8pbohrp2595","previousOperationId":"t88nmc3ush5hl2f"}
{"type":"log","timestamp":1705592185243,"level":"debug","message":"Base url not specified, skipping its injection.","meta":{"rootId":"4dzi02ddlh0z01c","id":"4dzi02ddlh0z01c"},"id":"ie564i09ero7zg0","previousOperationId":"w91vnjel4zna1ct"}
{"type":"operationStart","subtype":"engine","name":"handlebars","timestamp":1705592185243,"id":"gpxjhkjiwvew6oy","previousEventId":"45esbp0y2m924vc","operationId":"9i97fmlvewr22ok","previousOperationId":"w91vnjel4zna1ct"}
{"type":"log","timestamp":1705592185243,"level":"debug","message":"Rendering engine handlebars","meta":{"rootId":"4dzi02ddlh0z01c","id":"4dzi02ddlh0z01c"},"id":"wrtqizlgyg3jx8t","previousOperationId":"9i97fmlvewr22ok"}
{"type":"log","timestamp":1705592185261,"level":"debug","message":"(console:log) Pdf utils adding group field, value: \"Race1\"","meta":{"userLevel":true,"rootId":"4dzi02ddlh0z01c","id":"4dzi02ddlh0z01c"},"id":"m5mlc3jaouivn1r","previousOperationId":"9i97fmlvewr22ok"}
{"type":"log","timestamp":1705592185262,"level":"debug","message":"(console:log) Pdf utils adding group field, value: \"Race2\"","meta":{"userLevel":true,"rootId":"4dzi02ddlh0z01c","id":"4dzi02ddlh0z01c"},"id":"chvft36ck4qwcly","previousOperationId":"9i97fmlvewr22ok"}
{"type":"operationEnd","operationId":"9i97fmlvewr22ok","timestamp":1705592185262,"id":"ne70m4mimxjzhxx","previousEventId":"gpxjhkjiwvew6oy","previousOperationId":"9i97fmlvewr22ok"}
{"type":"operationStart","subtype":"recipe","name":"chrome-pdf","timestamp":1705592185262,"id":"kn4wtcnkhg8fjjc","previousEventId":"ne70m4mimxjzhxx","operationId":"b1ylyq6p0susxr2","previousOperationId":"9i97fmlvewr22ok"}
{"type":"log","timestamp":1705592185262,"level":"debug","message":"Executing recipe chrome-pdf","meta":{"rootId":"4dzi02ddlh0z01c","id":"4dzi02ddlh0z01c"},"id":"gm2vj39y4fdc0yi","previousOperationId":"b1ylyq6p0susxr2"}
{"type":"log","timestamp":1705592185265,"level":"debug","message":"Converting with chrome HeadlessChrome/117.0.5938.149 using chrome-pool strategy","meta":{"rootId":"4dzi02ddlh0z01c","id":"4dzi02ddlh0z01c"},"id":"r09mdt7ncibmrf4","previousOperationId":"b1ylyq6p0susxr2"}
{"type":"log","timestamp":1705592185336,"level":"debug","message":"Page request: GET (document) file:///C:/Users/DANIEL~1/AppData/Local/Temp/jsreport/autocleanup/76b5c0e1-59a4-48e4-95b5-dda51fe90f32-chrome-pdf.html","meta":{"rootId":"4dzi02ddlh0z01c","id":"4dzi02ddlh0z01c"},"id":"ry6abf2g8l4o0p6","previousOperationId":"b1ylyq6p0susxr2"}
{"type":"log","timestamp":1705592185355,"level":"debug","message":"Page request: GET (stylesheet) https://cdnjs.cloudflare.com/ajax/libs/metro/4.1.5/css/metro.min.css","meta":{"rootId":"4dzi02ddlh0z01c","id":"4dzi02ddlh0z01c"},"id":"30kyvwfs43eh84e","previousOperationId":"b1ylyq6p0susxr2"}
{"type":"log","timestamp":1705592185355,"level":"debug","message":"Page request: GET (script) https://cdnjs.cloudflare.com/ajax/libs/Chart.js/2.9.4/Chart.js","meta":{"rootId":"4dzi02ddlh0z01c","id":"4dzi02ddlh0z01c"},"id":"cv81yzok2l8h55r","previousOperationId":"b1ylyq6p0susxr2"}
{"type":"log","timestamp":1705592185356,"level":"debug","message":"Page request finished: GET (document) 200 file:///C:/Users/DANIEL~1/AppData/Local/Temp/jsreport/autocleanup/76b5c0e1-59a4-48e4-95b5-dda51fe90f32-chrome-pdf.html","meta":{"rootId":"4dzi02ddlh0z01c","id":"4dzi02ddlh0z01c"},"id":"c4sdqm1cvoisdhl","previousOperationId":"b1ylyq6p0susxr2"}
{"type":"log","timestamp":1705592185369,"level":"debug","message":"Page request finished: GET (stylesheet) 200 https://cdnjs.cloudflare.com/ajax/libs/metro/4.1.5/css/metro.min.css","meta":{"rootId":"4dzi02ddlh0z01c","id":"4dzi02ddlh0z01c"},"id":"kbftl38qh6x5js7","previousOperationId":"b1ylyq6p0susxr2"}
{"type":"log","timestamp":1705592185370,"level":"debug","message":"Page request finished: GET (script) 200 https://cdnjs.cloudflare.com/ajax/libs/Chart.js/2.9.4/Chart.js","meta":{"rootId":"4dzi02ddlh0z01c","id":"4dzi02ddlh0z01c"},"id":"o4um7vm4blpr6o5","previousOperationId":"b1ylyq6p0susxr2"}
{"type":"log","timestamp":1705592185373,"level":"warn","message":"Page error: orders is not defined , stack: ReferenceError: orders is not defined\n    at <anonymous> (file:///C:/Users/DANIEL~1/AppData/Local/Temp/jsreport/autocleanup/76b5c0e1-59a4-48e4-95b5-dda51fe90f32-chrome-pdf.html:14:27)","meta":{"rootId":"4dzi02ddlh0z01c","id":"4dzi02ddlh0z01c"},"id":"0jkvdblm66xnnjo","previousOperationId":"b1ylyq6p0susxr2"}
{"type":"log","timestamp":1705592185393,"level":"debug","message":"Running chrome with params {\"printBackground\":true,\"marginTop\":\"4cm\",\"marginRight\":\"1.5cm\",\"marginBottom\":\"1.5cm\",\"marginLeft\":\"1.5cm\",\"waitForJS\":false,\"timeout\":59952,\"margin\":{\"top\":\"4cm\",\"right\":\"1.5cm\",\"bottom\":\"1.5cm\",\"left\":\"1.5cm\"}}","meta":{"rootId":"4dzi02ddlh0z01c","id":"4dzi02ddlh0z01c"},"id":"964r6yapg8bojrv","previousOperationId":"b1ylyq6p0susxr2"}
{"type":"operationEnd","operationId":"b1ylyq6p0susxr2","timestamp":1705592185451,"id":"155vswu6d3tquqy","previousEventId":"kn4wtcnkhg8fjjc","previousOperationId":"b1ylyq6p0susxr2"}
{"type":"log","timestamp":1705592185451,"level":"info","message":"pdf-utils is starting pdf processing","meta":{"rootId":"4dzi02ddlh0z01c","id":"4dzi02ddlh0z01c"},"id":"xm5tgj7f3cxb1di","previousOperationId":"b1ylyq6p0susxr2"}
{"type":"operationStart","subtype":"pdfUtils","name":"pdf utils","timestamp":1705592185451,"id":"uw33rubp4m12j4r","previousEventId":"155vswu6d3tquqy","operationId":"wonfmb7gzf9zq41","previousOperationId":"b1ylyq6p0susxr2"}
{"type":"log","timestamp":1705592185451,"level":"debug","message":"pdf-utils detected 1 pdf operation(s) to process","meta":{"rootId":"4dzi02ddlh0z01c","id":"4dzi02ddlh0z01c"},"id":"uy930yksvwlzi3i","previousOperationId":"wonfmb7gzf9zq41"}
{"type":"log","timestamp":1705592185461,"level":"debug","message":"pdf-utils running pdf operation merge","meta":{"rootId":"4dzi02ddlh0z01c","id":"4dzi02ddlh0z01c"},"id":"5amh70yevyiiqti","previousOperationId":"wonfmb7gzf9zq41"}
{"type":"operationStart","subtype":"pdfUtilsMerge","name":"pdf utils merge","previousOperationId":"wonfmb7gzf9zq41","timestamp":1705592185461,"id":"4oe55xbgyzcl6ev","previousEventId":"uw33rubp4m12j4r","operationId":"4cw98fltztxn8b1"}
{"type":"operationStart","subtype":"render","name":"orders-header","previousOperationId":"4cw98fltztxn8b1","timestamp":1705592185462,"id":"hwb4cf74no9fi0t","previousEventId":"4oe55xbgyzcl6ev","operationId":"q0e6f77v52bnjkq"}
{"type":"log","timestamp":1705592185462,"level":"info","message":"Starting rendering (child) request","meta":{"rootId":"4dzi02ddlh0z01c","id":"kogrw4234xx0opy"},"id":"q48h5fel1tsdj4y","previousOperationId":"q0e6f77v52bnjkq"}
{"type":"log","timestamp":1705592185462,"level":"info","message":"Rendering template { name: orders-header, recipe: chrome-pdf, engine: handlebars, preview: true }","meta":{"rootId":"4dzi02ddlh0z01c","id":"kogrw4234xx0opy"},"id":"f6fefnclysrlxoc","previousOperationId":"q0e6f77v52bnjkq"}
{"type":"log","timestamp":1705592185462,"level":"debug","message":"Inline data specified.","meta":{"rootId":"4dzi02ddlh0z01c","id":"kogrw4234xx0opy"},"id":"qz0blawjy4migug","previousOperationId":"q0e6f77v52bnjkq"}
{"type":"log","timestamp":1705592185464,"level":"debug","message":"Base url not specified, skipping its injection.","meta":{"rootId":"4dzi02ddlh0z01c","id":"kogrw4234xx0opy"},"id":"o2gtzo8jg6tekos","previousOperationId":"q0e6f77v52bnjkq"}
{"type":"operationStart","subtype":"engine","name":"handlebars","timestamp":1705592185464,"id":"zvk8alcnu8ealyu","previousEventId":"hwb4cf74no9fi0t","operationId":"fpq1nva2b9mtqkv","previousOperationId":"q0e6f77v52bnjkq"}
{"type":"log","timestamp":1705592185464,"level":"debug","message":"Rendering engine handlebars","meta":{"rootId":"4dzi02ddlh0z01c","id":"kogrw4234xx0opy"},"id":"7oar6nxgbp4bhj1","previousOperationId":"fpq1nva2b9mtqkv"}
{"type":"operationEnd","operationId":"fpq1nva2b9mtqkv","timestamp":1705592185472,"id":"wu9xlllryflvetv","previousEventId":"zvk8alcnu8ealyu","previousOperationId":"fpq1nva2b9mtqkv"}
{"type":"operationStart","subtype":"recipe","name":"chrome-pdf","timestamp":1705592185472,"id":"1ck9uuymhjio9c5","previousEventId":"wu9xlllryflvetv","operationId":"sevw3hrews1knz4","previousOperationId":"fpq1nva2b9mtqkv"}
{"type":"log","timestamp":1705592185472,"level":"debug","message":"Executing recipe chrome-pdf","meta":{"rootId":"4dzi02ddlh0z01c","id":"kogrw4234xx0opy"},"id":"7dk4fe40mqc5xx0","previousOperationId":"sevw3hrews1knz4"}
{"type":"log","timestamp":1705592185474,"level":"debug","message":"Converting with chrome HeadlessChrome/117.0.5938.149 using chrome-pool strategy","meta":{"rootId":"4dzi02ddlh0z01c","id":"kogrw4234xx0opy"},"id":"zz9ocwz9fqpl6h5","previousOperationId":"sevw3hrews1knz4"}
{"type":"log","timestamp":1705592185535,"level":"debug","message":"Page request: GET (document) file:///C:/Users/DANIEL~1/AppData/Local/Temp/jsreport/autocleanup/9185c5a4-5c6f-4845-8b9a-52e1d3fbba9d-chrome-pdf.html","meta":{"rootId":"4dzi02ddlh0z01c","id":"kogrw4234xx0opy"},"id":"zs9z0i2z8105f96","previousOperationId":"sevw3hrews1knz4"}
{"type":"log","timestamp":1705592185542,"level":"debug","message":"Page request: GET (stylesheet) https://cdnjs.cloudflare.com/ajax/libs/metro/4.1.5/css/metro.min.css","meta":{"rootId":"4dzi02ddlh0z01c","id":"kogrw4234xx0opy"},"id":"d1ef4soq9o99zxp","previousOperationId":"sevw3hrews1knz4"}
{"type":"log","timestamp":1705592185543,"level":"debug","message":"Page request finished: GET (document) 200 file:///C:/Users/DANIEL~1/AppData/Local/Temp/jsreport/autocleanup/9185c5a4-5c6f-4845-8b9a-52e1d3fbba9d-chrome-pdf.html","meta":{"rootId":"4dzi02ddlh0z01c","id":"kogrw4234xx0opy"},"id":"27bv0h7109a74th","previousOperationId":"sevw3hrews1knz4"}
{"type":"log","timestamp":1705592185555,"level":"debug","message":"Page request finished: GET (stylesheet) 200 https://cdnjs.cloudflare.com/ajax/libs/metro/4.1.5/css/metro.min.css","meta":{"rootId":"4dzi02ddlh0z01c","id":"kogrw4234xx0opy"},"id":"kyfoz9al094ml81","previousOperationId":"sevw3hrews1knz4"}
{"type":"log","timestamp":1705592185568,"level":"debug","message":"Running chrome with params {\"printBackground\":true,\"marginTop\":\"1.5cm\",\"marginRight\":\"1.5cm\",\"marginLeft\":\"1.cm\",\"timeout\":59743,\"margin\":{\"top\":\"1.5cm\",\"right\":\"1.5cm\",\"left\":\"1.cm\"}}","meta":{"rootId":"4dzi02ddlh0z01c","id":"kogrw4234xx0opy"},"id":"tlfz3i25phe4zr7","previousOperationId":"sevw3hrews1knz4"}
{"type":"operationEnd","operationId":"sevw3hrews1knz4","timestamp":1705592185594,"id":"f3wdot01yl85x1r","previousEventId":"1ck9uuymhjio9c5","previousOperationId":"sevw3hrews1knz4"}
{"type":"log","timestamp":1705592185594,"level":"debug","message":"Skipping storing report.","meta":{"rootId":"4dzi02ddlh0z01c","id":"kogrw4234xx0opy"},"id":"d0ga7yx9bgh5kc4","previousOperationId":"sevw3hrews1knz4"}
{"type":"log","timestamp":1705592185594,"level":"info","message":"Rendering (child) request finished in 378 ms","meta":{"rootId":"4dzi02ddlh0z01c","id":"kogrw4234xx0opy"},"id":"eexrfobzxvmfstt","previousOperationId":"sevw3hrews1knz4"}
{"type":"operationEnd","subtype":"render","operationId":"q0e6f77v52bnjkq","timestamp":1705592185594,"id":"wgzon8sq1hgsfbd","previousEventId":"f3wdot01yl85x1r","previousOperationId":"sevw3hrews1knz4"}
{"type":"operationEnd","operationId":"4cw98fltztxn8b1","timestamp":1705592185600,"id":"bexgyv8tm2ufabk","previousEventId":"4oe55xbgyzcl6ev","previousOperationId":"4cw98fltztxn8b1"}
{"type":"log","timestamp":1705592185600,"level":"debug","message":"pdf-utils postproces start","meta":{"rootId":"4dzi02ddlh0z01c","id":"4dzi02ddlh0z01c"},"id":"tcyxpbogkwljh0f","previousOperationId":"4cw98fltztxn8b1"}
{"type":"log","timestamp":1705592185607,"level":"debug","message":"pdf-utils postproces end","meta":{"rootId":"4dzi02ddlh0z01c","id":"4dzi02ddlh0z01c"},"id":"qupj5ruy938bjmj","previousOperationId":"4cw98fltztxn8b1"}
{"type":"operationEnd","operationId":"wonfmb7gzf9zq41","timestamp":1705592185607,"id":"j1vgguybv63jsrz","previousEventId":"bexgyv8tm2ufabk","previousOperationId":"4cw98fltztxn8b1"}
{"type":"log","timestamp":1705592185607,"level":"info","message":"pdf-utils pdf processing was finished","meta":{"rootId":"4dzi02ddlh0z01c","id":"4dzi02ddlh0z01c"},"id":"0py06xhx50qi5qi","previousOperationId":"wonfmb7gzf9zq41"}
{"type":"log","timestamp":1705592185607,"level":"debug","message":"Skipping storing report.","meta":{"rootId":"4dzi02ddlh0z01c","id":"4dzi02ddlh0z01c"},"id":"ogkxwjtr55p7dm7","previousOperationId":"wonfmb7gzf9zq41"}
{"type":"log","timestamp":1705592185607,"level":"info","message":"Rendering request 57 finished in 391 ms","meta":{"rootId":"4dzi02ddlh0z01c","id":"4dzi02ddlh0z01c"},"id":"cnlh64tqk3b8szp","previousOperationId":"wonfmb7gzf9zq41"}
{"type":"operationEnd","subtype":"render","operationId":"t88nmc3ush5hl2f","timestamp":1705592185607,"id":"2kbz40k13q1slk6","previousEventId":"j1vgguybv63jsrz","previousOperationId":"wonfmb7gzf9zq41"}
{"type":"operationEnd","doDiffs":false,"previousEventId":"bw2f0qth9n5gyj5","previousOperationId":"svsrhypcn6m5kra","operationId":"svsrhypcn6m5kra","timestamp":1705592185616,"id":"8ksml8mnozutdnm"}
