{"type":"operationStart","subtype":"profile","data":{"_id":"vDRKkiNxYYziHnBa","timestamp":"2024-01-18T15:42:28.451Z","state":"queued","mode":"standard","creationDate":"2024-01-18T15:42:28.452Z","modificationDate":"2024-01-18T15:42:28.452Z","shortid":"77uxlW0","$entitySet":"profiles"},"doDiffs":false,"timestamp":1705592548452,"id":"yg9tp3jqpica8p0","previousOperationId":null,"operationId":"xk4ud24js3fl0qm"}
{"type":"log","level":"info","message":"Render request 60 queued for execution and waiting for available worker","previousOperationId":"xk4ud24js3fl0qm","timestamp":1705592548452,"id":"1gs3ga1kuh16z8j"}
{"type":"operationStart","subtype":"render","name":"orders-main","previousOperationId":"xk4ud24js3fl0qm","timestamp":1705592548458,"id":"zqx16kwon7c26fb","previousEventId":"yg9tp3jqpica8p0","operationId":"4463izg3lh3qant"}
{"type":"log","timestamp":1705592548458,"level":"info","message":"Starting rendering request 60","meta":{"rootId":"4s12pwei58qn9fh","id":"4s12pwei58qn9fh"},"id":"1bdfu26ryvog90v","previousOperationId":"4463izg3lh3qant"}
{"type":"log","timestamp":1705592548458,"level":"info","message":"Rendering template { name: orders-main, recipe: chrome-pdf, engine: handlebars, preview: true }","meta":{"rootId":"4s12pwei58qn9fh","id":"4s12pwei58qn9fh"},"id":"soj6wwlh731zcky","previousOperationId":"4463izg3lh3qant"}
{"type":"log","timestamp":1705592548458,"level":"debug","message":"Data item not defined for this template.","meta":{"rootId":"4s12pwei58qn9fh","id":"4s12pwei58qn9fh"},"id":"e20nfi0sa8ep3ic","previousOperationId":"4463izg3lh3qant"}
{"type":"log","timestamp":1705592548459,"level":"debug","message":"Executing script orders-script (beforeRender)","meta":{"rootId":"4s12pwei58qn9fh","id":"4s12pwei58qn9fh"},"id":"97on96qlnf894no","previousOperationId":"4463izg3lh3qant"}
{"type":"operationStart","subtype":"scriptsBeforeRender","name":"scripts beforeRender","timestamp":1705592548469,"id":"x6sas63e3nfiwr1","previousEventId":"zqx16kwon7c26fb","operationId":"j3o44swvb3r3xv4","previousOperationId":"4463izg3lh3qant"}
{"type":"operationStart","subtype":"script","name":"scripts orders-script","previousOperationId":"j3o44swvb3r3xv4","timestamp":1705592548469,"id":"d3luhtnrj32mho6","previousEventId":"x6sas63e3nfiwr1","operationId":"dldim8h8fqbtx43"}
{"type":"log","timestamp":1705592548479,"level":"debug","message":"(console:log) [ 'Race1', 'Race2' ]","meta":{"userLevel":true,"rootId":"4s12pwei58qn9fh","id":"4s12pwei58qn9fh"},"id":"z4pku5r2sfvq4z2","previousOperationId":"dldim8h8fqbtx43"}
{"type":"log","timestamp":1705592548479,"level":"debug","message":"(console:log) [ 2, 1 ]","meta":{"userLevel":true,"rootId":"4s12pwei58qn9fh","id":"4s12pwei58qn9fh"},"id":"hk6ymfzm8go6oh3","previousOperationId":"dldim8h8fqbtx43"}
{"type":"operationEnd","operationId":"dldim8h8fqbtx43","timestamp":1705592548479,"id":"g8o7wwcmwr3d55j","previousEventId":"zqx16kwon7c26fb","previousOperationId":"4463izg3lh3qant"}
{"type":"operationEnd","operationId":"j3o44swvb3r3xv4","timestamp":1705592548479,"id":"q5941aiqn0gaa9d","previousEventId":"g8o7wwcmwr3d55j","previousOperationId":"4463izg3lh3qant"}
{"type":"log","timestamp":1705592548479,"level":"debug","message":"Base url not specified, skipping its injection.","meta":{"rootId":"4s12pwei58qn9fh","id":"4s12pwei58qn9fh"},"id":"3pc9jav9cxr41k7","previousOperationId":"j3o44swvb3r3xv4"}
{"type":"operationStart","subtype":"engine","name":"handlebars","timestamp":1705592548479,"id":"6gbwyfe2u4908hz","previousEventId":"q5941aiqn0gaa9d","operationId":"d9kx1gs938tru2w","previousOperationId":"j3o44swvb3r3xv4"}
{"type":"log","timestamp":1705592548479,"level":"debug","message":"Rendering engine handlebars","meta":{"rootId":"4s12pwei58qn9fh","id":"4s12pwei58qn9fh"},"id":"qpv2akqbd00126n","previousOperationId":"d9kx1gs938tru2w"}
{"type":"log","timestamp":1705592548489,"level":"debug","message":"(console:log) Pdf utils adding group field, value: \"Race1\"","meta":{"userLevel":true,"rootId":"4s12pwei58qn9fh","id":"4s12pwei58qn9fh"},"id":"arnnk9qd9xgo9ld","previousOperationId":"d9kx1gs938tru2w"}
{"type":"log","timestamp":1705592548489,"level":"debug","message":"(console:log) Pdf utils adding group field, value: \"Race2\"","meta":{"userLevel":true,"rootId":"4s12pwei58qn9fh","id":"4s12pwei58qn9fh"},"id":"5mkdkhvwv1tvxbz","previousOperationId":"d9kx1gs938tru2w"}
{"type":"operationEnd","operationId":"d9kx1gs938tru2w","timestamp":1705592548489,"id":"qbdho0qrxadvwlb","previousEventId":"6gbwyfe2u4908hz","previousOperationId":"d9kx1gs938tru2w"}
{"type":"operationStart","subtype":"recipe","name":"chrome-pdf","timestamp":1705592548489,"id":"7ahj5riauuok31d","previousEventId":"qbdho0qrxadvwlb","operationId":"x5j4wqm0c14lqhk","previousOperationId":"d9kx1gs938tru2w"}
{"type":"log","timestamp":1705592548489,"level":"debug","message":"Executing recipe chrome-pdf","meta":{"rootId":"4s12pwei58qn9fh","id":"4s12pwei58qn9fh"},"id":"myj8gevftb2cb04","previousOperationId":"x5j4wqm0c14lqhk"}
{"type":"log","timestamp":1705592548491,"level":"debug","message":"Converting with chrome HeadlessChrome/117.0.5938.149 using chrome-pool strategy","meta":{"rootId":"4s12pwei58qn9fh","id":"4s12pwei58qn9fh"},"id":"7ofk7bsc2ks1r47","previousOperationId":"x5j4wqm0c14lqhk"}
{"type":"log","timestamp":1705592548556,"level":"debug","message":"Page request: GET (document) file:///C:/Users/DANIEL~1/AppData/Local/Temp/jsreport/autocleanup/962296de-68a9-4d8c-b3e0-94641d396811-chrome-pdf.html","meta":{"rootId":"4s12pwei58qn9fh","id":"4s12pwei58qn9fh"},"id":"y37ux9irwryoqu8","previousOperationId":"x5j4wqm0c14lqhk"}
{"type":"log","timestamp":1705592548576,"level":"debug","message":"Page request finished: GET (document) 200 file:///C:/Users/DANIEL~1/AppData/Local/Temp/jsreport/autocleanup/962296de-68a9-4d8c-b3e0-94641d396811-chrome-pdf.html","meta":{"rootId":"4s12pwei58qn9fh","id":"4s12pwei58qn9fh"},"id":"3yujc2ulmwr9o4h","previousOperationId":"x5j4wqm0c14lqhk"}
{"type":"log","timestamp":1705592548576,"level":"debug","message":"Page request: GET (stylesheet) https://cdnjs.cloudflare.com/ajax/libs/metro/4.1.5/css/metro.min.css","meta":{"rootId":"4s12pwei58qn9fh","id":"4s12pwei58qn9fh"},"id":"d6t62zqdfik6jkp","previousOperationId":"x5j4wqm0c14lqhk"}
{"type":"log","timestamp":1705592548577,"level":"debug","message":"Page request: GET (script) https://cdnjs.cloudflare.com/ajax/libs/Chart.js/2.9.4/Chart.js","meta":{"rootId":"4s12pwei58qn9fh","id":"4s12pwei58qn9fh"},"id":"xg8s3tez5s6wr4r","previousOperationId":"x5j4wqm0c14lqhk"}
{"type":"log","timestamp":1705592548583,"level":"debug","message":"Page request finished: GET (script) 200 https://cdnjs.cloudflare.com/ajax/libs/Chart.js/2.9.4/Chart.js","meta":{"rootId":"4s12pwei58qn9fh","id":"4s12pwei58qn9fh"},"id":"l56azw5hzu5jobr","previousOperationId":"x5j4wqm0c14lqhk"}
{"type":"log","timestamp":1705592548592,"level":"debug","message":"Page request finished: GET (stylesheet) 200 https://cdnjs.cloudflare.com/ajax/libs/metro/4.1.5/css/metro.min.css","meta":{"rootId":"4s12pwei58qn9fh","id":"4s12pwei58qn9fh"},"id":"a13fssb01yu0vff","previousOperationId":"x5j4wqm0c14lqhk"}
{"type":"log","timestamp":1705592548637,"level":"debug","message":"Running chrome with params {\"printBackground\":true,\"marginTop\":\"4cm\",\"marginRight\":\"1.5cm\",\"marginBottom\":\"1.5cm\",\"marginLeft\":\"1.5cm\",\"waitForJS\":false,\"timeout\":59961,\"margin\":{\"top\":\"4cm\",\"right\":\"1.5cm\",\"bottom\":\"1.5cm\",\"left\":\"1.5cm\"}}","meta":{"rootId":"4s12pwei58qn9fh","id":"4s12pwei58qn9fh"},"id":"ls9fj9e4fc59rx6","previousOperationId":"x5j4wqm0c14lqhk"}
{"type":"operationEnd","operationId":"x5j4wqm0c14lqhk","timestamp":1705592548705,"id":"ja24er70uynijxr","previousEventId":"7ahj5riauuok31d","previousOperationId":"x5j4wqm0c14lqhk"}
{"type":"log","timestamp":1705592548705,"level":"info","message":"pdf-utils is starting pdf processing","meta":{"rootId":"4s12pwei58qn9fh","id":"4s12pwei58qn9fh"},"id":"oej4chiz7fil9bf","previousOperationId":"x5j4wqm0c14lqhk"}
{"type":"operationStart","subtype":"pdfUtils","name":"pdf utils","timestamp":1705592548705,"id":"q04bzmuqodly1jr","previousEventId":"ja24er70uynijxr","operationId":"zoh58xjbvqli25g","previousOperationId":"x5j4wqm0c14lqhk"}
{"type":"log","timestamp":1705592548705,"level":"debug","message":"pdf-utils detected 1 pdf operation(s) to process","meta":{"rootId":"4s12pwei58qn9fh","id":"4s12pwei58qn9fh"},"id":"40josol9x40aymz","previousOperationId":"zoh58xjbvqli25g"}
{"type":"log","timestamp":1705592548720,"level":"debug","message":"pdf-utils running pdf operation merge","meta":{"rootId":"4s12pwei58qn9fh","id":"4s12pwei58qn9fh"},"id":"mflczcbyywsg9m4","previousOperationId":"zoh58xjbvqli25g"}
{"type":"operationStart","subtype":"pdfUtilsMerge","name":"pdf utils merge","previousOperationId":"zoh58xjbvqli25g","timestamp":1705592548720,"id":"eylwk2dyol3fxyt","previousEventId":"q04bzmuqodly1jr","operationId":"z6jubood9458n71"}
{"type":"operationStart","subtype":"render","name":"orders-header","previousOperationId":"z6jubood9458n71","timestamp":1705592548721,"id":"e6qternxi8f1w5o","previousEventId":"eylwk2dyol3fxyt","operationId":"fgdqcwjqsb21r9y"}
{"type":"log","timestamp":1705592548721,"level":"info","message":"Starting rendering (child) request","meta":{"rootId":"4s12pwei58qn9fh","id":"uwzihv17773t1lh"},"id":"bdvxhp881unp0yy","previousOperationId":"fgdqcwjqsb21r9y"}
{"type":"log","timestamp":1705592548721,"level":"info","message":"Rendering template { name: orders-header, recipe: chrome-pdf, engine: handlebars, preview: true }","meta":{"rootId":"4s12pwei58qn9fh","id":"uwzihv17773t1lh"},"id":"c888ojgo611gayc","previousOperationId":"fgdqcwjqsb21r9y"}
{"type":"log","timestamp":1705592548721,"level":"debug","message":"Inline data specified.","meta":{"rootId":"4s12pwei58qn9fh","id":"uwzihv17773t1lh"},"id":"a1prc9y1w1d56u6","previousOperationId":"fgdqcwjqsb21r9y"}
{"type":"log","timestamp":1705592548723,"level":"debug","message":"Base url not specified, skipping its injection.","meta":{"rootId":"4s12pwei58qn9fh","id":"uwzihv17773t1lh"},"id":"2sv5fb46qm09fmi","previousOperationId":"fgdqcwjqsb21r9y"}
{"type":"operationStart","subtype":"engine","name":"handlebars","timestamp":1705592548723,"id":"18a8zyobl37mlh1","previousEventId":"e6qternxi8f1w5o","operationId":"tdads1eaxib0z2n","previousOperationId":"fgdqcwjqsb21r9y"}
{"type":"log","timestamp":1705592548723,"level":"debug","message":"Rendering engine handlebars","meta":{"rootId":"4s12pwei58qn9fh","id":"uwzihv17773t1lh"},"id":"nv9gsv9k0qt3pr5","previousOperationId":"tdads1eaxib0z2n"}
{"type":"operationEnd","operationId":"tdads1eaxib0z2n","timestamp":1705592548732,"id":"fex6r426b1aplut","previousEventId":"18a8zyobl37mlh1","previousOperationId":"tdads1eaxib0z2n"}
{"type":"operationStart","subtype":"recipe","name":"chrome-pdf","timestamp":1705592548732,"id":"jwfa9rhoodxdbl8","previousEventId":"fex6r426b1aplut","operationId":"s9c1ih2netr66sx","previousOperationId":"tdads1eaxib0z2n"}
{"type":"log","timestamp":1705592548732,"level":"debug","message":"Executing recipe chrome-pdf","meta":{"rootId":"4s12pwei58qn9fh","id":"uwzihv17773t1lh"},"id":"jscbt3vkronivc1","previousOperationId":"s9c1ih2netr66sx"}
{"type":"log","timestamp":1705592548734,"level":"debug","message":"Converting with chrome HeadlessChrome/117.0.5938.149 using chrome-pool strategy","meta":{"rootId":"4s12pwei58qn9fh","id":"uwzihv17773t1lh"},"id":"078mapu48x7jnzv","previousOperationId":"s9c1ih2netr66sx"}
{"type":"log","timestamp":1705592548805,"level":"debug","message":"Page request: GET (document) file:///C:/Users/DANIEL~1/AppData/Local/Temp/jsreport/autocleanup/a325e54f-ecc7-4534-b647-f85e600ada47-chrome-pdf.html","meta":{"rootId":"4s12pwei58qn9fh","id":"uwzihv17773t1lh"},"id":"uqc3lvv2he2x46y","previousOperationId":"s9c1ih2netr66sx"}
{"type":"log","timestamp":1705592548813,"level":"debug","message":"Page request: GET (stylesheet) https://cdnjs.cloudflare.com/ajax/libs/metro/4.1.5/css/metro.min.css","meta":{"rootId":"4s12pwei58qn9fh","id":"uwzihv17773t1lh"},"id":"22ktxx04tw40bik","previousOperationId":"s9c1ih2netr66sx"}
{"type":"log","timestamp":1705592548813,"level":"debug","message":"Page request finished: GET (document) 200 file:///C:/Users/DANIEL~1/AppData/Local/Temp/jsreport/autocleanup/a325e54f-ecc7-4534-b647-f85e600ada47-chrome-pdf.html","meta":{"rootId":"4s12pwei58qn9fh","id":"uwzihv17773t1lh"},"id":"f7wlx8z6xoo7jos","previousOperationId":"s9c1ih2netr66sx"}
{"type":"log","timestamp":1705592548825,"level":"debug","message":"Page request finished: GET (stylesheet) 200 https://cdnjs.cloudflare.com/ajax/libs/metro/4.1.5/css/metro.min.css","meta":{"rootId":"4s12pwei58qn9fh","id":"uwzihv17773t1lh"},"id":"p49cttfldeutasi","previousOperationId":"s9c1ih2netr66sx"}
{"type":"log","timestamp":1705592548838,"level":"debug","message":"Running chrome with params {\"printBackground\":true,\"marginTop\":\"1.5cm\",\"marginRight\":\"1.5cm\",\"marginLeft\":\"1.cm\",\"timeout\":59718,\"margin\":{\"top\":\"1.5cm\",\"right\":\"1.5cm\",\"left\":\"1.cm\"}}","meta":{"rootId":"4s12pwei58qn9fh","id":"uwzihv17773t1lh"},"id":"5swn83xn04kx3l4","previousOperationId":"s9c1ih2netr66sx"}
{"type":"operationEnd","operationId":"s9c1ih2netr66sx","timestamp":1705592548864,"id":"ph5rvd6s0giz0y2","previousEventId":"jwfa9rhoodxdbl8","previousOperationId":"s9c1ih2netr66sx"}
{"type":"log","timestamp":1705592548864,"level":"debug","message":"Skipping storing report.","meta":{"rootId":"4s12pwei58qn9fh","id":"uwzihv17773t1lh"},"id":"zo9f3ybea6o10dl","previousOperationId":"s9c1ih2netr66sx"}
{"type":"log","timestamp":1705592548864,"level":"info","message":"Rendering (child) request finished in 413 ms","meta":{"rootId":"4s12pwei58qn9fh","id":"uwzihv17773t1lh"},"id":"3v0loodiuk6dhq7","previousOperationId":"s9c1ih2netr66sx"}
{"type":"operationEnd","subtype":"render","operationId":"fgdqcwjqsb21r9y","timestamp":1705592548864,"id":"rgpqdyc1u5417xc","previousEventId":"ph5rvd6s0giz0y2","previousOperationId":"s9c1ih2netr66sx"}
{"type":"operationEnd","operationId":"z6jubood9458n71","timestamp":1705592548872,"id":"l4isxkovr3dnuke","previousEventId":"eylwk2dyol3fxyt","previousOperationId":"z6jubood9458n71"}
{"type":"log","timestamp":1705592548872,"level":"debug","message":"pdf-utils postproces start","meta":{"rootId":"4s12pwei58qn9fh","id":"4s12pwei58qn9fh"},"id":"jwa8b38zwivjw7o","previousOperationId":"z6jubood9458n71"}
{"type":"log","timestamp":1705592548881,"level":"debug","message":"pdf-utils postproces end","meta":{"rootId":"4s12pwei58qn9fh","id":"4s12pwei58qn9fh"},"id":"0n05jtlb1qiyibh","previousOperationId":"z6jubood9458n71"}
{"type":"operationEnd","operationId":"zoh58xjbvqli25g","timestamp":1705592548881,"id":"qvbn5q63kbwxkka","previousEventId":"l4isxkovr3dnuke","previousOperationId":"z6jubood9458n71"}
{"type":"log","timestamp":1705592548881,"level":"info","message":"pdf-utils pdf processing was finished","meta":{"rootId":"4s12pwei58qn9fh","id":"4s12pwei58qn9fh"},"id":"1o8qb0uu4zzth5j","previousOperationId":"zoh58xjbvqli25g"}
{"type":"log","timestamp":1705592548881,"level":"debug","message":"Skipping storing report.","meta":{"rootId":"4s12pwei58qn9fh","id":"4s12pwei58qn9fh"},"id":"h7hexps58688mnw","previousOperationId":"zoh58xjbvqli25g"}
{"type":"log","timestamp":1705592548881,"level":"info","message":"Rendering request 60 finished in 430 ms","meta":{"rootId":"4s12pwei58qn9fh","id":"4s12pwei58qn9fh"},"id":"jnkklg014mda11g","previousOperationId":"zoh58xjbvqli25g"}
{"type":"operationEnd","subtype":"render","operationId":"4463izg3lh3qant","timestamp":1705592548881,"id":"cewu2qo4o6ii8uq","previousEventId":"qvbn5q63kbwxkka","previousOperationId":"zoh58xjbvqli25g"}
{"type":"operationEnd","doDiffs":false,"previousEventId":"yg9tp3jqpica8p0","previousOperationId":"xk4ud24js3fl0qm","operationId":"xk4ud24js3fl0qm","timestamp":1705592548893,"id":"jt5k59lkir0z3mv"}
