{"type":"operationStart","subtype":"profile","data":{"_id":"RQpG9Wq25vl5PWsH","timestamp":"2024-01-18T15:45:37.323Z","state":"queued","mode":"standard","creationDate":"2024-01-18T15:45:37.324Z","modificationDate":"2024-01-18T15:45:37.324Z","shortid":"QLVabGg","$entitySet":"profiles"},"doDiffs":false,"timestamp":1705592737324,"id":"nfq2icx7ydkb2wo","previousOperationId":null,"operationId":"67mys29i4yhdef6"}
{"type":"log","level":"info","message":"Render request 63 queued for execution and waiting for available worker","previousOperationId":"67mys29i4yhdef6","timestamp":1705592737324,"id":"8xm0w2bvd2esgl1"}
{"type":"operationStart","subtype":"render","name":"orders-main","previousOperationId":"67mys29i4yhdef6","timestamp":1705592737328,"id":"g9jcxu9jz0r72dg","previousEventId":"nfq2icx7ydkb2wo","operationId":"h5jew3bfg9nw2zy"}
{"type":"log","timestamp":1705592737328,"level":"info","message":"Starting rendering request 63","meta":{"rootId":"4xvad86iu6t1hsy","id":"4xvad86iu6t1hsy"},"id":"b9yhzyrj3bfh9uv","previousOperationId":"h5jew3bfg9nw2zy"}
{"type":"log","timestamp":1705592737329,"level":"info","message":"Rendering template { name: orders-main, recipe: chrome-pdf, engine: handlebars, preview: true }","meta":{"rootId":"4xvad86iu6t1hsy","id":"4xvad86iu6t1hsy"},"id":"loerifcm3poftsy","previousOperationId":"h5jew3bfg9nw2zy"}
{"type":"log","timestamp":1705592737330,"level":"debug","message":"Data item not defined for this template.","meta":{"rootId":"4xvad86iu6t1hsy","id":"4xvad86iu6t1hsy"},"id":"f31wq7sajohw2ic","previousOperationId":"h5jew3bfg9nw2zy"}
{"type":"log","timestamp":1705592737331,"level":"debug","message":"Executing script orders-script (beforeRender)","meta":{"rootId":"4xvad86iu6t1hsy","id":"4xvad86iu6t1hsy"},"id":"dnlmxgnicx1m2gn","previousOperationId":"h5jew3bfg9nw2zy"}
{"type":"operationStart","subtype":"scriptsBeforeRender","name":"scripts beforeRender","timestamp":1705592737348,"id":"n12vqico4kixpkg","previousEventId":"g9jcxu9jz0r72dg","operationId":"7c8tx227lniz09d","previousOperationId":"h5jew3bfg9nw2zy"}
{"type":"operationStart","subtype":"script","name":"scripts orders-script","previousOperationId":"7c8tx227lniz09d","timestamp":1705592737348,"id":"1lhl0blmq8rrgg8","previousEventId":"n12vqico4kixpkg","operationId":"z62qva1e6mvcznt"}
{"type":"log","timestamp":1705592737357,"level":"debug","message":"(console:log) [2,1]","meta":{"userLevel":true,"rootId":"4xvad86iu6t1hsy","id":"4xvad86iu6t1hsy"},"id":"uawvcfr3gnupqpy","previousOperationId":"z62qva1e6mvcznt"}
{"type":"log","timestamp":1705592737357,"level":"debug","message":"(console:log) [\"Race1\",\"Race2\"]","meta":{"userLevel":true,"rootId":"4xvad86iu6t1hsy","id":"4xvad86iu6t1hsy"},"id":"6txltuddrkrmcpz","previousOperationId":"z62qva1e6mvcznt"}
{"type":"operationEnd","operationId":"z62qva1e6mvcznt","timestamp":1705592737358,"id":"0tezftw6xkvypkw","previousEventId":"g9jcxu9jz0r72dg","previousOperationId":"h5jew3bfg9nw2zy"}
{"type":"operationEnd","operationId":"7c8tx227lniz09d","timestamp":1705592737358,"id":"fqatroey6m93e6g","previousEventId":"0tezftw6xkvypkw","previousOperationId":"h5jew3bfg9nw2zy"}
{"type":"log","timestamp":1705592737358,"level":"debug","message":"Base url not specified, skipping its injection.","meta":{"rootId":"4xvad86iu6t1hsy","id":"4xvad86iu6t1hsy"},"id":"exjsvqwcofvwfmk","previousOperationId":"7c8tx227lniz09d"}
{"type":"operationStart","subtype":"engine","name":"handlebars","timestamp":1705592737358,"id":"toedozekjxpml8d","previousEventId":"fqatroey6m93e6g","operationId":"jy6jijucm3y2qsz","previousOperationId":"7c8tx227lniz09d"}
{"type":"log","timestamp":1705592737358,"level":"debug","message":"Rendering engine handlebars","meta":{"rootId":"4xvad86iu6t1hsy","id":"4xvad86iu6t1hsy"},"id":"lrokb3oqya0hjnm","previousOperationId":"jy6jijucm3y2qsz"}
{"type":"log","timestamp":1705592737368,"level":"debug","message":"(console:log) Pdf utils adding group field, value: \"Race1\"","meta":{"userLevel":true,"rootId":"4xvad86iu6t1hsy","id":"4xvad86iu6t1hsy"},"id":"djfcc76wzz11psu","previousOperationId":"jy6jijucm3y2qsz"}
{"type":"log","timestamp":1705592737368,"level":"debug","message":"(console:log) Pdf utils adding group field, value: \"Race2\"","meta":{"userLevel":true,"rootId":"4xvad86iu6t1hsy","id":"4xvad86iu6t1hsy"},"id":"q1h0dsm96jt4nzg","previousOperationId":"jy6jijucm3y2qsz"}
{"type":"operationEnd","operationId":"jy6jijucm3y2qsz","timestamp":1705592737368,"id":"qzpffjpyql127kh","previousEventId":"toedozekjxpml8d","previousOperationId":"jy6jijucm3y2qsz"}
{"type":"operationStart","subtype":"recipe","name":"chrome-pdf","timestamp":1705592737368,"id":"3q9lcfa1ip8748q","previousEventId":"qzpffjpyql127kh","operationId":"v3kffk0lff376i5","previousOperationId":"jy6jijucm3y2qsz"}
{"type":"log","timestamp":1705592737368,"level":"debug","message":"Executing recipe chrome-pdf","meta":{"rootId":"4xvad86iu6t1hsy","id":"4xvad86iu6t1hsy"},"id":"cbpeauh91ebjgiu","previousOperationId":"v3kffk0lff376i5"}
{"type":"log","timestamp":1705592737370,"level":"debug","message":"Converting with chrome HeadlessChrome/117.0.5938.149 using chrome-pool strategy","meta":{"rootId":"4xvad86iu6t1hsy","id":"4xvad86iu6t1hsy"},"id":"fmqp1kfplseeaqy","previousOperationId":"v3kffk0lff376i5"}
{"type":"log","timestamp":1705592737437,"level":"debug","message":"Page request: GET (document) file:///C:/Users/DANIEL~1/AppData/Local/Temp/jsreport/autocleanup/fecac9b9-c6b9-4cb6-a587-5139fcec850b-chrome-pdf.html","meta":{"rootId":"4xvad86iu6t1hsy","id":"4xvad86iu6t1hsy"},"id":"o41we1y0uplfsw3","previousOperationId":"v3kffk0lff376i5"}
{"type":"log","timestamp":1705592737457,"level":"debug","message":"Page request: GET (stylesheet) https://cdnjs.cloudflare.com/ajax/libs/metro/4.1.5/css/metro.min.css","meta":{"rootId":"4xvad86iu6t1hsy","id":"4xvad86iu6t1hsy"},"id":"6l726hdnplii8im","previousOperationId":"v3kffk0lff376i5"}
{"type":"log","timestamp":1705592737458,"level":"debug","message":"Page request: GET (script) https://cdnjs.cloudflare.com/ajax/libs/Chart.js/2.9.4/Chart.js","meta":{"rootId":"4xvad86iu6t1hsy","id":"4xvad86iu6t1hsy"},"id":"bjg9w44071zbd5i","previousOperationId":"v3kffk0lff376i5"}
{"type":"log","timestamp":1705592737458,"level":"debug","message":"Page request finished: GET (document) 200 file:///C:/Users/DANIEL~1/AppData/Local/Temp/jsreport/autocleanup/fecac9b9-c6b9-4cb6-a587-5139fcec850b-chrome-pdf.html","meta":{"rootId":"4xvad86iu6t1hsy","id":"4xvad86iu6t1hsy"},"id":"d7l1zzv1saxd81y","previousOperationId":"v3kffk0lff376i5"}
{"type":"log","timestamp":1705592737471,"level":"debug","message":"Page request finished: GET (stylesheet) 200 https://cdnjs.cloudflare.com/ajax/libs/metro/4.1.5/css/metro.min.css","meta":{"rootId":"4xvad86iu6t1hsy","id":"4xvad86iu6t1hsy"},"id":"4pn6ps0q3hpfzx4","previousOperationId":"v3kffk0lff376i5"}
{"type":"log","timestamp":1705592737471,"level":"debug","message":"Page request finished: GET (script) 200 https://cdnjs.cloudflare.com/ajax/libs/Chart.js/2.9.4/Chart.js","meta":{"rootId":"4xvad86iu6t1hsy","id":"4xvad86iu6t1hsy"},"id":"ov7thutxsfu9oia","previousOperationId":"v3kffk0lff376i5"}
{"type":"log","timestamp":1705592737476,"level":"warn","message":"Page error: Unexpected token '&' , stack: SyntaxError: Unexpected token '&'","meta":{"rootId":"4xvad86iu6t1hsy","id":"4xvad86iu6t1hsy"},"id":"ya1mqzn9djwu2tq","previousOperationId":"v3kffk0lff376i5"}
{"type":"log","timestamp":1705592737495,"level":"debug","message":"Running chrome with params {\"printBackground\":true,\"marginTop\":\"4cm\",\"marginRight\":\"1.5cm\",\"marginBottom\":\"1.5cm\",\"marginLeft\":\"1.5cm\",\"waitForJS\":false,\"timeout\":59954,\"margin\":{\"top\":\"4cm\",\"right\":\"1.5cm\",\"bottom\":\"1.5cm\",\"left\":\"1.5cm\"}}","meta":{"rootId":"4xvad86iu6t1hsy","id":"4xvad86iu6t1hsy"},"id":"9ediwh7o0827ydo","previousOperationId":"v3kffk0lff376i5"}
{"type":"operationEnd","operationId":"v3kffk0lff376i5","timestamp":1705592737551,"id":"vzdrmrc431ue6hg","previousEventId":"3q9lcfa1ip8748q","previousOperationId":"v3kffk0lff376i5"}
{"type":"log","timestamp":1705592737551,"level":"info","message":"pdf-utils is starting pdf processing","meta":{"rootId":"4xvad86iu6t1hsy","id":"4xvad86iu6t1hsy"},"id":"ooh2d384aq7nga0","previousOperationId":"v3kffk0lff376i5"}
{"type":"operationStart","subtype":"pdfUtils","name":"pdf utils","timestamp":1705592737551,"id":"nn56fb89ggkijrs","previousEventId":"vzdrmrc431ue6hg","operationId":"710bn19jwc7awpu","previousOperationId":"v3kffk0lff376i5"}
{"type":"log","timestamp":1705592737551,"level":"debug","message":"pdf-utils detected 1 pdf operation(s) to process","meta":{"rootId":"4xvad86iu6t1hsy","id":"4xvad86iu6t1hsy"},"id":"fjjqlw6cyru77t9","previousOperationId":"710bn19jwc7awpu"}
{"type":"log","timestamp":1705592737561,"level":"debug","message":"pdf-utils running pdf operation merge","meta":{"rootId":"4xvad86iu6t1hsy","id":"4xvad86iu6t1hsy"},"id":"3slqujyfncb0am6","previousOperationId":"710bn19jwc7awpu"}
{"type":"operationStart","subtype":"pdfUtilsMerge","name":"pdf utils merge","previousOperationId":"710bn19jwc7awpu","timestamp":1705592737561,"id":"kfzeim9o3r1jx1e","previousEventId":"nn56fb89ggkijrs","operationId":"qqu8fg98uathhxo"}
{"type":"operationStart","subtype":"render","name":"orders-header","previousOperationId":"qqu8fg98uathhxo","timestamp":1705592737562,"id":"no0hj0fsex49mdx","previousEventId":"kfzeim9o3r1jx1e","operationId":"ul1lm4ax7pfsgun"}
{"type":"log","timestamp":1705592737562,"level":"info","message":"Starting rendering (child) request","meta":{"rootId":"4xvad86iu6t1hsy","id":"y6a96zhru9ria6t"},"id":"13yl8uklr76uasu","previousOperationId":"ul1lm4ax7pfsgun"}
{"type":"log","timestamp":1705592737562,"level":"info","message":"Rendering template { name: orders-header, recipe: chrome-pdf, engine: handlebars, preview: true }","meta":{"rootId":"4xvad86iu6t1hsy","id":"y6a96zhru9ria6t"},"id":"tynh8fh6kmau59h","previousOperationId":"ul1lm4ax7pfsgun"}
{"type":"log","timestamp":1705592737563,"level":"debug","message":"Inline data specified.","meta":{"rootId":"4xvad86iu6t1hsy","id":"y6a96zhru9ria6t"},"id":"v7o87ei4ougapcw","previousOperationId":"ul1lm4ax7pfsgun"}
{"type":"log","timestamp":1705592737567,"level":"debug","message":"Base url not specified, skipping its injection.","meta":{"rootId":"4xvad86iu6t1hsy","id":"y6a96zhru9ria6t"},"id":"b5wdmib4a4wztzs","previousOperationId":"ul1lm4ax7pfsgun"}
{"type":"operationStart","subtype":"engine","name":"handlebars","timestamp":1705592737567,"id":"qd82focarzgpcxn","previousEventId":"no0hj0fsex49mdx","operationId":"fbr13g0bruvmlaz","previousOperationId":"ul1lm4ax7pfsgun"}
{"type":"log","timestamp":1705592737568,"level":"debug","message":"Rendering engine handlebars","meta":{"rootId":"4xvad86iu6t1hsy","id":"y6a96zhru9ria6t"},"id":"l3x6w27keulkzdj","previousOperationId":"fbr13g0bruvmlaz"}
{"type":"operationEnd","operationId":"fbr13g0bruvmlaz","timestamp":1705592737585,"id":"cquz813jggfzpgj","previousEventId":"qd82focarzgpcxn","previousOperationId":"fbr13g0bruvmlaz"}
{"type":"operationStart","subtype":"recipe","name":"chrome-pdf","timestamp":1705592737585,"id":"5idhry3ojnj947r","previousEventId":"cquz813jggfzpgj","operationId":"jrlbicyjnshq99n","previousOperationId":"fbr13g0bruvmlaz"}
{"type":"log","timestamp":1705592737585,"level":"debug","message":"Executing recipe chrome-pdf","meta":{"rootId":"4xvad86iu6t1hsy","id":"y6a96zhru9ria6t"},"id":"bhgajev4vtk2obi","previousOperationId":"jrlbicyjnshq99n"}
{"type":"log","timestamp":1705592737587,"level":"debug","message":"Converting with chrome HeadlessChrome/117.0.5938.149 using chrome-pool strategy","meta":{"rootId":"4xvad86iu6t1hsy","id":"y6a96zhru9ria6t"},"id":"9rcx4vpmfip18c8","previousOperationId":"jrlbicyjnshq99n"}
{"type":"log","timestamp":1705592737652,"level":"debug","message":"Page request: GET (document) file:///C:/Users/DANIEL~1/AppData/Local/Temp/jsreport/autocleanup/4f680244-9323-42f9-b31e-63f62ae4170c-chrome-pdf.html","meta":{"rootId":"4xvad86iu6t1hsy","id":"y6a96zhru9ria6t"},"id":"r3qtj0tk5k400f3","previousOperationId":"jrlbicyjnshq99n"}
{"type":"log","timestamp":1705592737659,"level":"debug","message":"Page request: GET (stylesheet) https://cdnjs.cloudflare.com/ajax/libs/metro/4.1.5/css/metro.min.css","meta":{"rootId":"4xvad86iu6t1hsy","id":"y6a96zhru9ria6t"},"id":"jqt1gdrjvcwm37w","previousOperationId":"jrlbicyjnshq99n"}
{"type":"log","timestamp":1705592737659,"level":"debug","message":"Page request finished: GET (document) 200 file:///C:/Users/DANIEL~1/AppData/Local/Temp/jsreport/autocleanup/4f680244-9323-42f9-b31e-63f62ae4170c-chrome-pdf.html","meta":{"rootId":"4xvad86iu6t1hsy","id":"y6a96zhru9ria6t"},"id":"l9hmrihaukdaeca","previousOperationId":"jrlbicyjnshq99n"}
{"type":"log","timestamp":1705592737672,"level":"debug","message":"Page request finished: GET (stylesheet) 200 https://cdnjs.cloudflare.com/ajax/libs/metro/4.1.5/css/metro.min.css","meta":{"rootId":"4xvad86iu6t1hsy","id":"y6a96zhru9ria6t"},"id":"leivfvkktosf53m","previousOperationId":"jrlbicyjnshq99n"}
{"type":"log","timestamp":1705592737686,"level":"debug","message":"Running chrome with params {\"printBackground\":true,\"marginTop\":\"1.5cm\",\"marginRight\":\"1.5cm\",\"marginLeft\":\"1.cm\",\"timeout\":59737,\"margin\":{\"top\":\"1.5cm\",\"right\":\"1.5cm\",\"left\":\"1.cm\"}}","meta":{"rootId":"4xvad86iu6t1hsy","id":"y6a96zhru9ria6t"},"id":"bapdq3s6trnog8l","previousOperationId":"jrlbicyjnshq99n"}
{"type":"operationEnd","operationId":"jrlbicyjnshq99n","timestamp":1705592737712,"id":"ipwaax0n2qc1niu","previousEventId":"5idhry3ojnj947r","previousOperationId":"jrlbicyjnshq99n"}
{"type":"log","timestamp":1705592737712,"level":"debug","message":"Skipping storing report.","meta":{"rootId":"4xvad86iu6t1hsy","id":"y6a96zhru9ria6t"},"id":"5tplthwg4m9qzv3","previousOperationId":"jrlbicyjnshq99n"}
{"type":"log","timestamp":1705592737712,"level":"info","message":"Rendering (child) request finished in 389 ms","meta":{"rootId":"4xvad86iu6t1hsy","id":"y6a96zhru9ria6t"},"id":"d7hwu30ee9zd65d","previousOperationId":"jrlbicyjnshq99n"}
{"type":"operationEnd","subtype":"render","operationId":"ul1lm4ax7pfsgun","timestamp":1705592737712,"id":"fvb8yoqugwkgo4u","previousEventId":"ipwaax0n2qc1niu","previousOperationId":"jrlbicyjnshq99n"}
{"type":"operationEnd","operationId":"qqu8fg98uathhxo","timestamp":1705592737719,"id":"g9jppdmf2vyiz5e","previousEventId":"kfzeim9o3r1jx1e","previousOperationId":"qqu8fg98uathhxo"}
{"type":"log","timestamp":1705592737719,"level":"debug","message":"pdf-utils postproces start","meta":{"rootId":"4xvad86iu6t1hsy","id":"4xvad86iu6t1hsy"},"id":"c9japjqff4t820g","previousOperationId":"qqu8fg98uathhxo"}
{"type":"log","timestamp":1705592737726,"level":"debug","message":"pdf-utils postproces end","meta":{"rootId":"4xvad86iu6t1hsy","id":"4xvad86iu6t1hsy"},"id":"3ceaaim2ku4jnkm","previousOperationId":"qqu8fg98uathhxo"}
{"type":"operationEnd","operationId":"710bn19jwc7awpu","timestamp":1705592737726,"id":"o8xrojbvlzxf9s6","previousEventId":"g9jppdmf2vyiz5e","previousOperationId":"qqu8fg98uathhxo"}
{"type":"log","timestamp":1705592737726,"level":"info","message":"pdf-utils pdf processing was finished","meta":{"rootId":"4xvad86iu6t1hsy","id":"4xvad86iu6t1hsy"},"id":"yepg1ecz6hni278","previousOperationId":"710bn19jwc7awpu"}
{"type":"log","timestamp":1705592737726,"level":"debug","message":"Skipping storing report.","meta":{"rootId":"4xvad86iu6t1hsy","id":"4xvad86iu6t1hsy"},"id":"hstur375bdv4csp","previousOperationId":"710bn19jwc7awpu"}
{"type":"log","timestamp":1705592737726,"level":"info","message":"Rendering request 63 finished in 403 ms","meta":{"rootId":"4xvad86iu6t1hsy","id":"4xvad86iu6t1hsy"},"id":"kzp40bkseyxoopo","previousOperationId":"710bn19jwc7awpu"}
{"type":"operationEnd","subtype":"render","operationId":"h5jew3bfg9nw2zy","timestamp":1705592737726,"id":"hg87t6v6r3efza3","previousEventId":"o8xrojbvlzxf9s6","previousOperationId":"710bn19jwc7awpu"}
{"type":"operationEnd","doDiffs":false,"previousEventId":"nfq2icx7ydkb2wo","previousOperationId":"67mys29i4yhdef6","operationId":"67mys29i4yhdef6","timestamp":1705592737732,"id":"o2xj57ffzxwljjp"}
