{"type":"operationStart","subtype":"profile","data":{"_id":"sB3GumHZfxluvihn","timestamp":"2024-02-21T19:13:44.340Z","state":"queued","mode":"standard","creationDate":"2024-02-21T19:13:44.343Z","modificationDate":"2024-02-21T19:13:44.343Z","shortid":"nWdg7q8","$entitySet":"profiles"},"doDiffs":false,"timestamp":1708542824341,"id":"f2lun06kuq4rriv","previousOperationId":null,"operationId":"7pkxuatkp83dmk3"}
{"type":"log","level":"info","message":"Render request 29 queued for execution and waiting for available worker","previousOperationId":"7pkxuatkp83dmk3","timestamp":1708542824342,"id":"l0zombrs6d8c9hp"}
{"type":"operationStart","subtype":"render","name":"orders-main","previousOperationId":"7pkxuatkp83dmk3","timestamp":1708542824349,"id":"8gtgrdpwmjtuutq","previousEventId":"f2lun06kuq4rriv","operationId":"aq0rpih3xq57b6u"}
{"type":"log","timestamp":1708542824349,"level":"info","message":"Starting rendering request 29","meta":{"rootId":"55oyu57nv85g2v9","id":"55oyu57nv85g2v9"},"id":"o2coyrygs1ns4ot","previousOperationId":"aq0rpih3xq57b6u"}
{"type":"log","timestamp":1708542824349,"level":"info","message":"Rendering template { name: orders-main, recipe: chrome-pdf, engine: handlebars, preview: false }","meta":{"rootId":"55oyu57nv85g2v9","id":"55oyu57nv85g2v9"},"id":"45zp7e6ayenjhgv","previousOperationId":"aq0rpih3xq57b6u"}
{"type":"log","timestamp":1708542824352,"level":"debug","message":"Data item not defined for this template.","meta":{"rootId":"55oyu57nv85g2v9","id":"55oyu57nv85g2v9"},"id":"mctff4jwyyuhp5u","previousOperationId":"aq0rpih3xq57b6u"}
{"type":"log","timestamp":1708542824355,"level":"debug","message":"Executing script orders-script (beforeRender)","meta":{"rootId":"55oyu57nv85g2v9","id":"55oyu57nv85g2v9"},"id":"w0g0zzfjin3d1zc","previousOperationId":"aq0rpih3xq57b6u"}
{"type":"operationStart","subtype":"scriptsBeforeRender","name":"scripts beforeRender","timestamp":1708542824366,"id":"aqicpjdc3dzfp9t","previousEventId":"8gtgrdpwmjtuutq","operationId":"4xmxdouh3zpv9wa","previousOperationId":"aq0rpih3xq57b6u"}
{"type":"operationStart","subtype":"script","name":"scripts orders-script","previousOperationId":"4xmxdouh3zpv9wa","timestamp":1708542824366,"id":"joqjtlwp3zxncj8","previousEventId":"aqicpjdc3dzfp9t","operationId":"165p5kihx2dwd2q"}
{"type":"log","timestamp":1708542824377,"level":"debug","message":"(console:log) [ 'ola', 'oola', 'Race1', 'Race2' ]","meta":{"userLevel":true,"rootId":"55oyu57nv85g2v9","id":"55oyu57nv85g2v9"},"id":"v7n2ne2j2wlso88","previousOperationId":"165p5kihx2dwd2q"}
{"type":"log","timestamp":1708542824377,"level":"debug","message":"(console:log) [ 0, 0, 1, 1 ]","meta":{"userLevel":true,"rootId":"55oyu57nv85g2v9","id":"55oyu57nv85g2v9"},"id":"8vkkkpn15f82238","previousOperationId":"165p5kihx2dwd2q"}
{"type":"operationEnd","operationId":"165p5kihx2dwd2q","timestamp":1708542824378,"id":"35d3drom01fvv0f","previousEventId":"8gtgrdpwmjtuutq","previousOperationId":"aq0rpih3xq57b6u"}
{"type":"operationEnd","operationId":"4xmxdouh3zpv9wa","timestamp":1708542824378,"id":"eyzp274fdjklq4z","previousEventId":"35d3drom01fvv0f","previousOperationId":"aq0rpih3xq57b6u"}
{"type":"log","timestamp":1708542824378,"level":"debug","message":"Base url not specified, skipping its injection.","meta":{"rootId":"55oyu57nv85g2v9","id":"55oyu57nv85g2v9"},"id":"wnnemrbf6tznrht","previousOperationId":"4xmxdouh3zpv9wa"}
{"type":"operationStart","subtype":"engine","name":"handlebars","timestamp":1708542824378,"id":"hx5hlr33yw48jsz","previousEventId":"eyzp274fdjklq4z","operationId":"5wjxg1y1ksff1fk","previousOperationId":"4xmxdouh3zpv9wa"}
{"type":"log","timestamp":1708542824378,"level":"debug","message":"Rendering engine handlebars","meta":{"rootId":"55oyu57nv85g2v9","id":"55oyu57nv85g2v9"},"id":"xdosadn501g5fvf","previousOperationId":"5wjxg1y1ksff1fk"}
{"type":"log","timestamp":1708542824381,"level":"debug","message":"(console:log) Pdf utils adding group field, value: \"ola\"","meta":{"userLevel":true,"rootId":"55oyu57nv85g2v9","id":"55oyu57nv85g2v9"},"id":"wzsu4n37sh9ez6j","previousOperationId":"5wjxg1y1ksff1fk"}
{"type":"log","timestamp":1708542824381,"level":"debug","message":"(console:log) Pdf utils adding group field, value: \"oola\"","meta":{"userLevel":true,"rootId":"55oyu57nv85g2v9","id":"55oyu57nv85g2v9"},"id":"r6165l8zyazmnfo","previousOperationId":"5wjxg1y1ksff1fk"}
{"type":"log","timestamp":1708542824381,"level":"debug","message":"(console:log) Pdf utils adding group field, value: \"Race1\"","meta":{"userLevel":true,"rootId":"55oyu57nv85g2v9","id":"55oyu57nv85g2v9"},"id":"kg2wg7ym7zjji2s","previousOperationId":"5wjxg1y1ksff1fk"}
{"type":"log","timestamp":1708542824381,"level":"debug","message":"(console:log) Pdf utils adding group field, value: \"Race2\"","meta":{"userLevel":true,"rootId":"55oyu57nv85g2v9","id":"55oyu57nv85g2v9"},"id":"q4sbuuz4cyph2am","previousOperationId":"5wjxg1y1ksff1fk"}
{"type":"operationEnd","operationId":"5wjxg1y1ksff1fk","timestamp":1708542824381,"id":"74hwpsytanaiv4v","previousEventId":"hx5hlr33yw48jsz","previousOperationId":"5wjxg1y1ksff1fk"}
{"type":"operationStart","subtype":"recipe","name":"chrome-pdf","timestamp":1708542824381,"id":"rna67k4n4b6v5zb","previousEventId":"74hwpsytanaiv4v","operationId":"arglxemnows10c3","previousOperationId":"5wjxg1y1ksff1fk"}
{"type":"log","timestamp":1708542824381,"level":"debug","message":"Executing recipe chrome-pdf","meta":{"rootId":"55oyu57nv85g2v9","id":"55oyu57nv85g2v9"},"id":"fm517ncbmxvr0pc","previousOperationId":"arglxemnows10c3"}
{"type":"log","timestamp":1708542824393,"level":"debug","message":"Converting with chrome HeadlessChrome/117.0.5938.149 using chrome-pool strategy","meta":{"rootId":"55oyu57nv85g2v9","id":"55oyu57nv85g2v9"},"id":"4mim54usl726rvz","previousOperationId":"arglxemnows10c3"}
{"type":"log","timestamp":1708542824662,"level":"debug","message":"Page request: GET (document) file:///var/folders/tp/6hccbwhd41s4hkmxw_2wkz640000gn/T/jsreport/autocleanup/7f8181d1-f87c-4d31-a185-f98fa2b380da-chrome-pdf.html","meta":{"rootId":"55oyu57nv85g2v9","id":"55oyu57nv85g2v9"},"id":"hv97nvl21q18abr","previousOperationId":"arglxemnows10c3"}
{"type":"log","timestamp":1708542824674,"level":"debug","message":"Page request finished: GET (document) 200 file:///var/folders/tp/6hccbwhd41s4hkmxw_2wkz640000gn/T/jsreport/autocleanup/7f8181d1-f87c-4d31-a185-f98fa2b380da-chrome-pdf.html","meta":{"rootId":"55oyu57nv85g2v9","id":"55oyu57nv85g2v9"},"id":"d1y3bsh9hdjyj5n","previousOperationId":"arglxemnows10c3"}
{"type":"log","timestamp":1708542824675,"level":"debug","message":"Page request: GET (stylesheet) https://cdnjs.cloudflare.com/ajax/libs/metro/4.1.5/css/metro.min.css","meta":{"rootId":"55oyu57nv85g2v9","id":"55oyu57nv85g2v9"},"id":"vl7bwlovuxxi96r","previousOperationId":"arglxemnows10c3"}
{"type":"log","timestamp":1708542824675,"level":"debug","message":"Page request: GET (script) https://cdn.jsdelivr.net/npm/chart.js","meta":{"rootId":"55oyu57nv85g2v9","id":"55oyu57nv85g2v9"},"id":"7sb7akb9fw0glbw","previousOperationId":"arglxemnows10c3"}
{"type":"log","timestamp":1708542824687,"level":"debug","message":"Page request finished: GET (stylesheet) 200 https://cdnjs.cloudflare.com/ajax/libs/metro/4.1.5/css/metro.min.css","meta":{"rootId":"55oyu57nv85g2v9","id":"55oyu57nv85g2v9"},"id":"cr5wcno800tnqoo","previousOperationId":"arglxemnows10c3"}
{"type":"log","timestamp":1708542824688,"level":"debug","message":"Page request finished: GET (script) 200 https://cdn.jsdelivr.net/npm/chart.js","meta":{"rootId":"55oyu57nv85g2v9","id":"55oyu57nv85g2v9"},"id":"reba4bcp4r091oh","previousOperationId":"arglxemnows10c3"}
{"type":"log","timestamp":1708542824802,"level":"debug","message":"Running chrome with params {\"printBackground\":true,\"marginTop\":\"4cm\",\"marginRight\":\"1.5cm\",\"marginBottom\":\"1.5cm\",\"marginLeft\":\"1.5cm\",\"waitForJS\":false,\"timeout\":59957,\"margin\":{\"top\":\"4cm\",\"right\":\"1.5cm\",\"bottom\":\"1.5cm\",\"left\":\"1.5cm\"}}","meta":{"rootId":"55oyu57nv85g2v9","id":"55oyu57nv85g2v9"},"id":"2ued076p6ykmq1x","previousOperationId":"arglxemnows10c3"}
{"type":"operationEnd","operationId":"arglxemnows10c3","timestamp":1708542824860,"id":"5scq6qqk26ak6ix","previousEventId":"rna67k4n4b6v5zb","previousOperationId":"arglxemnows10c3"}
{"type":"log","timestamp":1708542824860,"level":"info","message":"pdf-utils is starting pdf processing","meta":{"rootId":"55oyu57nv85g2v9","id":"55oyu57nv85g2v9"},"id":"8r6mqzkqpkqivi8","previousOperationId":"arglxemnows10c3"}
{"type":"operationStart","subtype":"pdfUtils","name":"pdf utils","timestamp":1708542824861,"id":"qki0rbimjm494ep","previousEventId":"5scq6qqk26ak6ix","operationId":"3oz536i3xzezf4k","previousOperationId":"arglxemnows10c3"}
{"type":"log","timestamp":1708542824861,"level":"debug","message":"pdf-utils detected 1 pdf operation(s) to process","meta":{"rootId":"55oyu57nv85g2v9","id":"55oyu57nv85g2v9"},"id":"dgo5wmb71ovhh66","previousOperationId":"3oz536i3xzezf4k"}
{"type":"log","timestamp":1708542824882,"level":"debug","message":"pdf-utils running pdf operation merge","meta":{"rootId":"55oyu57nv85g2v9","id":"55oyu57nv85g2v9"},"id":"z40z3a7udnoayv2","previousOperationId":"3oz536i3xzezf4k"}
{"type":"operationStart","subtype":"pdfUtilsMerge","name":"pdf utils merge","previousOperationId":"3oz536i3xzezf4k","timestamp":1708542824882,"id":"z06b7sph5q8a9wp","previousEventId":"qki0rbimjm494ep","operationId":"ra3fe2bgg9cxgj8"}
{"type":"operationStart","subtype":"render","name":"orders-header","previousOperationId":"ra3fe2bgg9cxgj8","timestamp":1708542824883,"id":"119wgojc8x39sbr","previousEventId":"z06b7sph5q8a9wp","operationId":"essn2b30rhjx18p"}
{"type":"log","timestamp":1708542824883,"level":"info","message":"Starting rendering (child) request","meta":{"rootId":"55oyu57nv85g2v9","id":"bjpt3mg6bn9gqxn"},"id":"puywtmzfp2bn5hq","previousOperationId":"essn2b30rhjx18p"}
{"type":"log","timestamp":1708542824883,"level":"info","message":"Rendering template { name: orders-header, recipe: chrome-pdf, engine: handlebars, preview: false }","meta":{"rootId":"55oyu57nv85g2v9","id":"bjpt3mg6bn9gqxn"},"id":"cu9qrygbe5jao3z","previousOperationId":"essn2b30rhjx18p"}
{"type":"log","timestamp":1708542824883,"level":"debug","message":"Inline data specified.","meta":{"rootId":"55oyu57nv85g2v9","id":"bjpt3mg6bn9gqxn"},"id":"g4ke5d7op7pfqvy","previousOperationId":"essn2b30rhjx18p"}
{"type":"log","timestamp":1708542824884,"level":"debug","message":"Base url not specified, skipping its injection.","meta":{"rootId":"55oyu57nv85g2v9","id":"bjpt3mg6bn9gqxn"},"id":"3nz3tc7iu2v62ke","previousOperationId":"essn2b30rhjx18p"}
{"type":"operationStart","subtype":"engine","name":"handlebars","timestamp":1708542824884,"id":"p8ishcwvvn8x1eg","previousEventId":"119wgojc8x39sbr","operationId":"m57zszbsytzcfqt","previousOperationId":"essn2b30rhjx18p"}
{"type":"log","timestamp":1708542824884,"level":"debug","message":"Rendering engine handlebars","meta":{"rootId":"55oyu57nv85g2v9","id":"bjpt3mg6bn9gqxn"},"id":"nivxuksruzic91v","previousOperationId":"m57zszbsytzcfqt"}
{"type":"operationEnd","operationId":"m57zszbsytzcfqt","timestamp":1708542824888,"id":"2mz8q7t0dwdvegd","previousEventId":"p8ishcwvvn8x1eg","previousOperationId":"m57zszbsytzcfqt"}
{"type":"operationStart","subtype":"recipe","name":"chrome-pdf","timestamp":1708542824888,"id":"xbouqw2mmsdknx5","previousEventId":"2mz8q7t0dwdvegd","operationId":"6sgtomaathdzoej","previousOperationId":"m57zszbsytzcfqt"}
{"type":"log","timestamp":1708542824888,"level":"debug","message":"Executing recipe chrome-pdf","meta":{"rootId":"55oyu57nv85g2v9","id":"bjpt3mg6bn9gqxn"},"id":"oychspcge6qw1ej","previousOperationId":"6sgtomaathdzoej"}
{"type":"log","timestamp":1708542824889,"level":"debug","message":"Converting with chrome HeadlessChrome/117.0.5938.149 using chrome-pool strategy","meta":{"rootId":"55oyu57nv85g2v9","id":"bjpt3mg6bn9gqxn"},"id":"80pu7klor8wj094","previousOperationId":"6sgtomaathdzoej"}
{"type":"log","timestamp":1708542824927,"level":"debug","message":"Page request: GET (document) file:///var/folders/tp/6hccbwhd41s4hkmxw_2wkz640000gn/T/jsreport/autocleanup/4c0a4756-291b-43cd-a24b-374de78c3919-chrome-pdf.html","meta":{"rootId":"55oyu57nv85g2v9","id":"bjpt3mg6bn9gqxn"},"id":"bkqo2uvg4z3gjid","previousOperationId":"6sgtomaathdzoej"}
{"type":"log","timestamp":1708542824933,"level":"debug","message":"Page request: GET (stylesheet) https://cdnjs.cloudflare.com/ajax/libs/metro/4.1.5/css/metro.min.css","meta":{"rootId":"55oyu57nv85g2v9","id":"bjpt3mg6bn9gqxn"},"id":"kzp1fjr3ibwejdi","previousOperationId":"6sgtomaathdzoej"}
{"type":"log","timestamp":1708542824933,"level":"debug","message":"Page request finished: GET (document) 200 file:///var/folders/tp/6hccbwhd41s4hkmxw_2wkz640000gn/T/jsreport/autocleanup/4c0a4756-291b-43cd-a24b-374de78c3919-chrome-pdf.html","meta":{"rootId":"55oyu57nv85g2v9","id":"bjpt3mg6bn9gqxn"},"id":"f18pvxpm7crykym","previousOperationId":"6sgtomaathdzoej"}
{"type":"log","timestamp":1708542824940,"level":"debug","message":"Page request finished: GET (stylesheet) 200 https://cdnjs.cloudflare.com/ajax/libs/metro/4.1.5/css/metro.min.css","meta":{"rootId":"55oyu57nv85g2v9","id":"bjpt3mg6bn9gqxn"},"id":"olchggtrnqare2r","previousOperationId":"6sgtomaathdzoej"}
{"type":"log","timestamp":1708542824960,"level":"debug","message":"Running chrome with params {\"printBackground\":true,\"marginTop\":\"1.5cm\",\"marginRight\":\"1.5cm\",\"marginLeft\":\"1.cm\",\"timeout\":59451,\"margin\":{\"top\":\"1.5cm\",\"right\":\"1.5cm\",\"left\":\"1.cm\"}}","meta":{"rootId":"55oyu57nv85g2v9","id":"bjpt3mg6bn9gqxn"},"id":"qcw5xoa64vdyd61","previousOperationId":"6sgtomaathdzoej"}
{"type":"operationEnd","operationId":"6sgtomaathdzoej","timestamp":1708542824979,"id":"g7ykrtpk2wwyvjn","previousEventId":"xbouqw2mmsdknx5","previousOperationId":"6sgtomaathdzoej"}
{"type":"log","timestamp":1708542824979,"level":"debug","message":"Skipping storing report.","meta":{"rootId":"55oyu57nv85g2v9","id":"bjpt3mg6bn9gqxn"},"id":"5604v6cmory1apj","previousOperationId":"6sgtomaathdzoej"}
{"type":"log","timestamp":1708542824979,"level":"info","message":"Rendering (child) request finished in 640 ms","meta":{"rootId":"55oyu57nv85g2v9","id":"bjpt3mg6bn9gqxn"},"id":"8gt5z15qeb8hlq8","previousOperationId":"6sgtomaathdzoej"}
{"type":"operationEnd","subtype":"render","operationId":"essn2b30rhjx18p","timestamp":1708542824979,"id":"fnxljzlho26k11e","previousEventId":"g7ykrtpk2wwyvjn","previousOperationId":"6sgtomaathdzoej"}
{"type":"operationEnd","operationId":"ra3fe2bgg9cxgj8","timestamp":1708542824996,"id":"28rk2gme2bzaba1","previousEventId":"z06b7sph5q8a9wp","previousOperationId":"ra3fe2bgg9cxgj8"}
{"type":"log","timestamp":1708542824996,"level":"debug","message":"pdf-utils postproces start","meta":{"rootId":"55oyu57nv85g2v9","id":"55oyu57nv85g2v9"},"id":"rslnls21fn0232l","previousOperationId":"ra3fe2bgg9cxgj8"}
{"type":"log","timestamp":1708542825015,"level":"debug","message":"pdf-utils postproces end","meta":{"rootId":"55oyu57nv85g2v9","id":"55oyu57nv85g2v9"},"id":"wnyp2ydg64hf7mk","previousOperationId":"ra3fe2bgg9cxgj8"}
{"type":"operationEnd","operationId":"3oz536i3xzezf4k","timestamp":1708542825016,"id":"3hozggj5a0xq0yc","previousEventId":"28rk2gme2bzaba1","previousOperationId":"ra3fe2bgg9cxgj8"}
{"type":"log","timestamp":1708542825016,"level":"info","message":"pdf-utils pdf processing was finished","meta":{"rootId":"55oyu57nv85g2v9","id":"55oyu57nv85g2v9"},"id":"ofgf0ojxvltbwnt","previousOperationId":"3oz536i3xzezf4k"}
{"type":"log","timestamp":1708542825016,"level":"debug","message":"Skipping storing report.","meta":{"rootId":"55oyu57nv85g2v9","id":"55oyu57nv85g2v9"},"id":"43ka6u46til2wva","previousOperationId":"3oz536i3xzezf4k"}
{"type":"log","timestamp":1708542825016,"level":"info","message":"Rendering request 29 finished in 677 ms","meta":{"rootId":"55oyu57nv85g2v9","id":"55oyu57nv85g2v9"},"id":"ga9yjhjfzva0yn9","previousOperationId":"3oz536i3xzezf4k"}
{"type":"operationEnd","subtype":"render","operationId":"aq0rpih3xq57b6u","timestamp":1708542825016,"id":"0q4okn448sai8t3","previousEventId":"3hozggj5a0xq0yc","previousOperationId":"3oz536i3xzezf4k"}
{"type":"operationEnd","doDiffs":false,"previousEventId":"f2lun06kuq4rriv","previousOperationId":"7pkxuatkp83dmk3","operationId":"7pkxuatkp83dmk3","timestamp":1708542825017,"id":"8bandoyftkfn8gs"}
