{"type":"operationStart","subtype":"profile","data":{"_id":"Ox7oH8OdOuORYy2T","timestamp":"2024-01-17T16:14:35.522Z","state":"queued","mode":"standard","creationDate":"2024-01-17T16:14:35.523Z","modificationDate":"2024-01-17T16:14:35.523Z","shortid":"1a8iRtt","$entitySet":"profiles"},"doDiffs":false,"timestamp":1705508075523,"id":"lf169znfbjse503","previousOperationId":null,"operationId":"lntcvv3du3khugu"}
{"type":"log","level":"info","message":"Render request 33 queued for execution and waiting for available worker","previousOperationId":"lntcvv3du3khugu","timestamp":1705508075523,"id":"d7n4jqpm07nvoha"}
{"type":"operationStart","subtype":"render","name":"orders-main","previousOperationId":"lntcvv3du3khugu","timestamp":1705508075528,"id":"b7yfpe75g51b0du","previousEventId":"lf169znfbjse503","operationId":"8rpdtljda4fky1w"}
{"type":"log","timestamp":1705508075528,"level":"info","message":"Starting rendering request 33","meta":{"rootId":"5657n9t6hy9ci76","id":"5657n9t6hy9ci76"},"id":"8xt9oq2ohvi4w7l","previousOperationId":"8rpdtljda4fky1w"}
{"type":"log","timestamp":1705508075528,"level":"info","message":"Rendering template { name: orders-main, recipe: chrome-pdf, engine: handlebars, preview: true }","meta":{"rootId":"5657n9t6hy9ci76","id":"5657n9t6hy9ci76"},"id":"2pnol4kcnmx9vdo","previousOperationId":"8rpdtljda4fky1w"}
{"type":"log","timestamp":1705508075529,"level":"debug","message":"Data item not defined for this template.","meta":{"rootId":"5657n9t6hy9ci76","id":"5657n9t6hy9ci76"},"id":"eiw0m6cxtnkf585","previousOperationId":"8rpdtljda4fky1w"}
{"type":"log","timestamp":1705508075531,"level":"debug","message":"Executing script orders-script (beforeRender)","meta":{"rootId":"5657n9t6hy9ci76","id":"5657n9t6hy9ci76"},"id":"g9qogazsveuhdsd","previousOperationId":"8rpdtljda4fky1w"}
{"type":"operationStart","subtype":"scriptsBeforeRender","name":"scripts beforeRender","timestamp":1705508075540,"id":"vt99i72havmqbwm","previousEventId":"b7yfpe75g51b0du","operationId":"z8ah20etxvx6hxp","previousOperationId":"8rpdtljda4fky1w"}
{"type":"operationStart","subtype":"script","name":"scripts orders-script","previousOperationId":"z8ah20etxvx6hxp","timestamp":1705508075540,"id":"3vqm6bp9tsko0p6","previousEventId":"vt99i72havmqbwm","operationId":"djdo6x9bpl9vvzu"}
{"type":"operationEnd","operationId":"djdo6x9bpl9vvzu","timestamp":1705508075550,"id":"yzbdff9ggbmflko","previousEventId":"b7yfpe75g51b0du","previousOperationId":"8rpdtljda4fky1w"}
{"type":"operationEnd","operationId":"z8ah20etxvx6hxp","timestamp":1705508075550,"id":"bkkzadtfuitvoct","previousEventId":"yzbdff9ggbmflko","previousOperationId":"8rpdtljda4fky1w"}
{"type":"log","timestamp":1705508075550,"level":"debug","message":"Base url not specified, skipping its injection.","meta":{"rootId":"5657n9t6hy9ci76","id":"5657n9t6hy9ci76"},"id":"y9wj0h7jqeoy6x4","previousOperationId":"z8ah20etxvx6hxp"}
{"type":"operationStart","subtype":"engine","name":"handlebars","timestamp":1705508075550,"id":"rqqtx8gu3dabzl4","previousEventId":"bkkzadtfuitvoct","operationId":"e6d9kfak6d5nwhu","previousOperationId":"z8ah20etxvx6hxp"}
{"type":"log","timestamp":1705508075550,"level":"debug","message":"Rendering engine handlebars","meta":{"rootId":"5657n9t6hy9ci76","id":"5657n9t6hy9ci76"},"id":"w4ab3k6cegubql2","previousOperationId":"e6d9kfak6d5nwhu"}
{"type":"log","timestamp":1705508075559,"level":"debug","message":"(console:log) Pdf utils adding group field, value: \"Race1\"","meta":{"userLevel":true,"rootId":"5657n9t6hy9ci76","id":"5657n9t6hy9ci76"},"id":"rukm8h3eur2pe18","previousOperationId":"e6d9kfak6d5nwhu"}
{"type":"log","timestamp":1705508075559,"level":"debug","message":"(console:log) Pdf utils adding group field, value: \"Race2\"","meta":{"userLevel":true,"rootId":"5657n9t6hy9ci76","id":"5657n9t6hy9ci76"},"id":"haa3zhjngqd3txy","previousOperationId":"e6d9kfak6d5nwhu"}
{"type":"log","timestamp":1705508075559,"level":"debug","message":"(console:log) Pdf utils adding group field, value: \"rgver\"","meta":{"userLevel":true,"rootId":"5657n9t6hy9ci76","id":"5657n9t6hy9ci76"},"id":"hna56biq93charc","previousOperationId":"e6d9kfak6d5nwhu"}
{"type":"log","timestamp":1705508075559,"level":"debug","message":"(console:log) Pdf utils adding group field, value: \"revger\"","meta":{"userLevel":true,"rootId":"5657n9t6hy9ci76","id":"5657n9t6hy9ci76"},"id":"ei4wjfqp6hegnav","previousOperationId":"e6d9kfak6d5nwhu"}
{"type":"operationEnd","operationId":"e6d9kfak6d5nwhu","timestamp":1705508075559,"id":"h6ftv1wp5a4305h","previousEventId":"rqqtx8gu3dabzl4","previousOperationId":"e6d9kfak6d5nwhu"}
{"type":"operationStart","subtype":"recipe","name":"chrome-pdf","timestamp":1705508075559,"id":"9jb3ajcw3l4fox7","previousEventId":"h6ftv1wp5a4305h","operationId":"bt56pd5qtu2llty","previousOperationId":"e6d9kfak6d5nwhu"}
{"type":"log","timestamp":1705508075559,"level":"debug","message":"Executing recipe chrome-pdf","meta":{"rootId":"5657n9t6hy9ci76","id":"5657n9t6hy9ci76"},"id":"ezt238sqmpny9c3","previousOperationId":"bt56pd5qtu2llty"}
{"type":"log","timestamp":1705508075562,"level":"debug","message":"Converting with chrome HeadlessChrome/117.0.5938.149 using chrome-pool strategy","meta":{"rootId":"5657n9t6hy9ci76","id":"5657n9t6hy9ci76"},"id":"jr6lxkzybckv4rr","previousOperationId":"bt56pd5qtu2llty"}
{"type":"log","timestamp":1705508075631,"level":"debug","message":"Page request: GET (document) file:///C:/Users/DANIEL~1/AppData/Local/Temp/jsreport/autocleanup/115c4c07-8d7f-4fd0-adbd-317a1f9e0faa-chrome-pdf.html","meta":{"rootId":"5657n9t6hy9ci76","id":"5657n9t6hy9ci76"},"id":"zhwilkj43izfgyp","previousOperationId":"bt56pd5qtu2llty"}
{"type":"log","timestamp":1705508075643,"level":"debug","message":"Page request: GET (stylesheet) https://cdnjs.cloudflare.com/ajax/libs/metro/4.1.5/css/metro.min.css","meta":{"rootId":"5657n9t6hy9ci76","id":"5657n9t6hy9ci76"},"id":"2stnywqg7uxng12","previousOperationId":"bt56pd5qtu2llty"}
{"type":"log","timestamp":1705508075644,"level":"debug","message":"Page request: GET (script) https://cdnjs.cloudflare.com/ajax/libs/Chart.js/2.7.2/Chart.min.js","meta":{"rootId":"5657n9t6hy9ci76","id":"5657n9t6hy9ci76"},"id":"4j3hi90r1ysuzf3","previousOperationId":"bt56pd5qtu2llty"}
{"type":"log","timestamp":1705508075644,"level":"debug","message":"Page request finished: GET (document) 200 file:///C:/Users/DANIEL~1/AppData/Local/Temp/jsreport/autocleanup/115c4c07-8d7f-4fd0-adbd-317a1f9e0faa-chrome-pdf.html","meta":{"rootId":"5657n9t6hy9ci76","id":"5657n9t6hy9ci76"},"id":"z81ln6ismx1uikn","previousOperationId":"bt56pd5qtu2llty"}
{"type":"log","timestamp":1705508075659,"level":"debug","message":"Page request finished: GET (stylesheet) 200 https://cdnjs.cloudflare.com/ajax/libs/metro/4.1.5/css/metro.min.css","meta":{"rootId":"5657n9t6hy9ci76","id":"5657n9t6hy9ci76"},"id":"p9ozzm7an7j8nmr","previousOperationId":"bt56pd5qtu2llty"}
{"type":"log","timestamp":1705508075659,"level":"debug","message":"Page request finished: GET (script) 200 https://cdnjs.cloudflare.com/ajax/libs/Chart.js/2.7.2/Chart.min.js","meta":{"rootId":"5657n9t6hy9ci76","id":"5657n9t6hy9ci76"},"id":"ru8qtixmksk07fw","previousOperationId":"bt56pd5qtu2llty"}
{"type":"log","timestamp":1705508075691,"level":"debug","message":"Running chrome with params {\"printBackground\":true,\"marginTop\":\"4cm\",\"marginRight\":\"1.5cm\",\"marginBottom\":\"1.5cm\",\"marginLeft\":\"1.5cm\",\"waitForJS\":false,\"timeout\":59962,\"margin\":{\"top\":\"4cm\",\"right\":\"1.5cm\",\"bottom\":\"1.5cm\",\"left\":\"1.5cm\"}}","meta":{"rootId":"5657n9t6hy9ci76","id":"5657n9t6hy9ci76"},"id":"11ixmcoxl2n9vtj","previousOperationId":"bt56pd5qtu2llty"}
{"type":"operationEnd","operationId":"bt56pd5qtu2llty","timestamp":1705508075747,"id":"klvfghp2ca3xmog","previousEventId":"9jb3ajcw3l4fox7","previousOperationId":"bt56pd5qtu2llty"}
{"type":"log","timestamp":1705508075747,"level":"info","message":"pdf-utils is starting pdf processing","meta":{"rootId":"5657n9t6hy9ci76","id":"5657n9t6hy9ci76"},"id":"7rfk8khgnaybq8y","previousOperationId":"bt56pd5qtu2llty"}
{"type":"operationStart","subtype":"pdfUtils","name":"pdf utils","timestamp":1705508075747,"id":"noabc9aadqtf3b5","previousEventId":"klvfghp2ca3xmog","operationId":"eazaij2jsr2jkyo","previousOperationId":"bt56pd5qtu2llty"}
{"type":"log","timestamp":1705508075747,"level":"debug","message":"pdf-utils detected 1 pdf operation(s) to process","meta":{"rootId":"5657n9t6hy9ci76","id":"5657n9t6hy9ci76"},"id":"krhqa4nnel5xd4u","previousOperationId":"eazaij2jsr2jkyo"}
{"type":"log","timestamp":1705508075764,"level":"debug","message":"pdf-utils running pdf operation merge","meta":{"rootId":"5657n9t6hy9ci76","id":"5657n9t6hy9ci76"},"id":"io58ioridpc3ljw","previousOperationId":"eazaij2jsr2jkyo"}
{"type":"operationStart","subtype":"pdfUtilsMerge","name":"pdf utils merge","previousOperationId":"eazaij2jsr2jkyo","timestamp":1705508075765,"id":"m9is432twpoxpan","previousEventId":"noabc9aadqtf3b5","operationId":"8h596v6lqb30a0y"}
{"type":"operationStart","subtype":"render","name":"orders-header","previousOperationId":"8h596v6lqb30a0y","timestamp":1705508075767,"id":"nmgszaqr0phdkxy","previousEventId":"m9is432twpoxpan","operationId":"5322g87b2ywbr0k"}
{"type":"log","timestamp":1705508075767,"level":"info","message":"Starting rendering (child) request","meta":{"rootId":"5657n9t6hy9ci76","id":"q0r5e889s53yin5"},"id":"g6i3tczprlad9ws","previousOperationId":"5322g87b2ywbr0k"}
{"type":"log","timestamp":1705508075767,"level":"info","message":"Rendering template { name: orders-header, recipe: chrome-pdf, engine: handlebars, preview: true }","meta":{"rootId":"5657n9t6hy9ci76","id":"q0r5e889s53yin5"},"id":"4stzcuhff451cww","previousOperationId":"5322g87b2ywbr0k"}
{"type":"log","timestamp":1705508075768,"level":"debug","message":"Inline data specified.","meta":{"rootId":"5657n9t6hy9ci76","id":"q0r5e889s53yin5"},"id":"3bs42wdliyh3eu3","previousOperationId":"5322g87b2ywbr0k"}
{"type":"log","timestamp":1705508075770,"level":"debug","message":"Base url not specified, skipping its injection.","meta":{"rootId":"5657n9t6hy9ci76","id":"q0r5e889s53yin5"},"id":"rs4lr0lvlyykr5c","previousOperationId":"5322g87b2ywbr0k"}
{"type":"operationStart","subtype":"engine","name":"handlebars","timestamp":1705508075770,"id":"s80qtutgir2u02l","previousEventId":"nmgszaqr0phdkxy","operationId":"wuniv6eoivbzhsy","previousOperationId":"5322g87b2ywbr0k"}
{"type":"log","timestamp":1705508075770,"level":"debug","message":"Rendering engine handlebars","meta":{"rootId":"5657n9t6hy9ci76","id":"q0r5e889s53yin5"},"id":"icjrzaqxzyrl43o","previousOperationId":"wuniv6eoivbzhsy"}
{"type":"operationEnd","operationId":"wuniv6eoivbzhsy","timestamp":1705508075793,"id":"rwrqa09upohen77","previousEventId":"s80qtutgir2u02l","previousOperationId":"wuniv6eoivbzhsy"}
{"type":"operationStart","subtype":"recipe","name":"chrome-pdf","timestamp":1705508075793,"id":"dc3v2zddx39xdn9","previousEventId":"rwrqa09upohen77","operationId":"5ffvh83dt7qig87","previousOperationId":"wuniv6eoivbzhsy"}
{"type":"log","timestamp":1705508075793,"level":"debug","message":"Executing recipe chrome-pdf","meta":{"rootId":"5657n9t6hy9ci76","id":"q0r5e889s53yin5"},"id":"h7omb9lu935dpxi","previousOperationId":"5ffvh83dt7qig87"}
{"type":"log","timestamp":1705508075795,"level":"debug","message":"Converting with chrome HeadlessChrome/117.0.5938.149 using chrome-pool strategy","meta":{"rootId":"5657n9t6hy9ci76","id":"q0r5e889s53yin5"},"id":"zo8cifwu0y7jbh4","previousOperationId":"5ffvh83dt7qig87"}
{"type":"log","timestamp":1705508075862,"level":"debug","message":"Page request: GET (document) file:///C:/Users/DANIEL~1/AppData/Local/Temp/jsreport/autocleanup/b06323a8-3836-4e92-8aaa-0caa45397338-chrome-pdf.html","meta":{"rootId":"5657n9t6hy9ci76","id":"q0r5e889s53yin5"},"id":"au9hmyhhrabm8wl","previousOperationId":"5ffvh83dt7qig87"}
{"type":"log","timestamp":1705508075871,"level":"debug","message":"Page request: GET (stylesheet) https://cdnjs.cloudflare.com/ajax/libs/metro/4.1.5/css/metro.min.css","meta":{"rootId":"5657n9t6hy9ci76","id":"q0r5e889s53yin5"},"id":"sywbn6dqhgs0zg3","previousOperationId":"5ffvh83dt7qig87"}
{"type":"log","timestamp":1705508075871,"level":"debug","message":"Page request finished: GET (document) 200 file:///C:/Users/DANIEL~1/AppData/Local/Temp/jsreport/autocleanup/b06323a8-3836-4e92-8aaa-0caa45397338-chrome-pdf.html","meta":{"rootId":"5657n9t6hy9ci76","id":"q0r5e889s53yin5"},"id":"8mczjv50dj231a7","previousOperationId":"5ffvh83dt7qig87"}
{"type":"log","timestamp":1705508075883,"level":"debug","message":"Page request finished: GET (stylesheet) 200 https://cdnjs.cloudflare.com/ajax/libs/metro/4.1.5/css/metro.min.css","meta":{"rootId":"5657n9t6hy9ci76","id":"q0r5e889s53yin5"},"id":"sxjojpgyy1eaukh","previousOperationId":"5ffvh83dt7qig87"}
{"type":"log","timestamp":1705508075895,"level":"debug","message":"Running chrome with params {\"printBackground\":true,\"marginTop\":\"1.5cm\",\"marginRight\":\"1.5cm\",\"marginLeft\":\"1.cm\",\"timeout\":59728,\"margin\":{\"top\":\"1.5cm\",\"right\":\"1.5cm\",\"left\":\"1.cm\"}}","meta":{"rootId":"5657n9t6hy9ci76","id":"q0r5e889s53yin5"},"id":"u2l10uhgyrdituo","previousOperationId":"5ffvh83dt7qig87"}
{"type":"operationEnd","operationId":"5ffvh83dt7qig87","timestamp":1705508075924,"id":"j1w26s85mwmkgv3","previousEventId":"dc3v2zddx39xdn9","previousOperationId":"5ffvh83dt7qig87"}
{"type":"log","timestamp":1705508075924,"level":"debug","message":"Skipping storing report.","meta":{"rootId":"5657n9t6hy9ci76","id":"q0r5e889s53yin5"},"id":"nzb51tm642876ej","previousOperationId":"5ffvh83dt7qig87"}
{"type":"log","timestamp":1705508075924,"level":"info","message":"Rendering (child) request finished in 402 ms","meta":{"rootId":"5657n9t6hy9ci76","id":"q0r5e889s53yin5"},"id":"t3rss3ticuibf9l","previousOperationId":"5ffvh83dt7qig87"}
{"type":"operationEnd","subtype":"render","operationId":"5322g87b2ywbr0k","timestamp":1705508075925,"id":"kud5qi98a170qfw","previousEventId":"j1w26s85mwmkgv3","previousOperationId":"5ffvh83dt7qig87"}
{"type":"operationEnd","operationId":"8h596v6lqb30a0y","timestamp":1705508075933,"id":"ltzrqypzii9w625","previousEventId":"m9is432twpoxpan","previousOperationId":"8h596v6lqb30a0y"}
{"type":"log","timestamp":1705508075934,"level":"debug","message":"pdf-utils postproces start","meta":{"rootId":"5657n9t6hy9ci76","id":"5657n9t6hy9ci76"},"id":"8sef5gddkbsl7pd","previousOperationId":"8h596v6lqb30a0y"}
{"type":"log","timestamp":1705508075943,"level":"debug","message":"pdf-utils postproces end","meta":{"rootId":"5657n9t6hy9ci76","id":"5657n9t6hy9ci76"},"id":"l219k6ilcsc0z9i","previousOperationId":"8h596v6lqb30a0y"}
{"type":"operationEnd","operationId":"eazaij2jsr2jkyo","timestamp":1705508075943,"id":"pup1yxw4poovir5","previousEventId":"ltzrqypzii9w625","previousOperationId":"8h596v6lqb30a0y"}
{"type":"log","timestamp":1705508075943,"level":"info","message":"pdf-utils pdf processing was finished","meta":{"rootId":"5657n9t6hy9ci76","id":"5657n9t6hy9ci76"},"id":"w2w0tol6f2vam2d","previousOperationId":"eazaij2jsr2jkyo"}
{"type":"log","timestamp":1705508075943,"level":"debug","message":"Skipping storing report.","meta":{"rootId":"5657n9t6hy9ci76","id":"5657n9t6hy9ci76"},"id":"v5p4kkfcwvfff68","previousOperationId":"eazaij2jsr2jkyo"}
{"type":"log","timestamp":1705508075943,"level":"info","message":"Rendering request 33 finished in 421 ms","meta":{"rootId":"5657n9t6hy9ci76","id":"5657n9t6hy9ci76"},"id":"fwesqpfh6jwsyc6","previousOperationId":"eazaij2jsr2jkyo"}
{"type":"operationEnd","subtype":"render","operationId":"8rpdtljda4fky1w","timestamp":1705508075943,"id":"peg1m10gj9uffvk","previousEventId":"pup1yxw4poovir5","previousOperationId":"eazaij2jsr2jkyo"}
{"type":"operationEnd","doDiffs":false,"previousEventId":"lf169znfbjse503","previousOperationId":"lntcvv3du3khugu","operationId":"lntcvv3du3khugu","timestamp":1705508075954,"id":"3gaihpwn2emkgox"}
