{"type":"operationStart","subtype":"profile","data":{"_id":"iv0emnGsinSeIeSa","timestamp":"2024-01-18T18:04:37.961Z","state":"queued","mode":"standard","creationDate":"2024-01-18T18:04:37.964Z","modificationDate":"2024-01-18T18:04:37.964Z","shortid":"yZ7W9Kt","$entitySet":"profiles"},"doDiffs":false,"timestamp":1705601077963,"id":"4mbmteeu40ezk6o","previousOperationId":null,"operationId":"czoj21essjrdefu"}
{"type":"log","level":"info","message":"Render request 22 queued for execution and waiting for available worker","previousOperationId":"czoj21essjrdefu","timestamp":1705601077963,"id":"mbrpxs9rghjf1ou"}
{"type":"operationStart","subtype":"render","name":"orders-main","previousOperationId":"czoj21essjrdefu","timestamp":1705601077970,"id":"4kbeaiiquc7bu52","previousEventId":"4mbmteeu40ezk6o","operationId":"eif4d5h98j9df1y"}
{"type":"log","timestamp":1705601077970,"level":"info","message":"Starting rendering request 22","meta":{"rootId":"5f9ztuoewo2gen3","id":"5f9ztuoewo2gen3"},"id":"qpfhqdgii66yuvo","previousOperationId":"eif4d5h98j9df1y"}
{"type":"log","timestamp":1705601077970,"level":"info","message":"Rendering template { name: orders-main, recipe: chrome-pdf, engine: handlebars, preview: true }","meta":{"rootId":"5f9ztuoewo2gen3","id":"5f9ztuoewo2gen3"},"id":"f1flblqvjbqsoys","previousOperationId":"eif4d5h98j9df1y"}
{"type":"log","timestamp":1705601077970,"level":"debug","message":"Data item not defined for this template.","meta":{"rootId":"5f9ztuoewo2gen3","id":"5f9ztuoewo2gen3"},"id":"8e4zty4q0i75wit","previousOperationId":"eif4d5h98j9df1y"}
{"type":"log","timestamp":1705601077972,"level":"debug","message":"Executing script orders-script (beforeRender)","meta":{"rootId":"5f9ztuoewo2gen3","id":"5f9ztuoewo2gen3"},"id":"yf6jxo1op0z9f8y","previousOperationId":"eif4d5h98j9df1y"}
{"type":"operationStart","subtype":"scriptsBeforeRender","name":"scripts beforeRender","timestamp":1705601077981,"id":"77ugz7bceidhqoc","previousEventId":"4kbeaiiquc7bu52","operationId":"8a3j6qyegamrore","previousOperationId":"eif4d5h98j9df1y"}
{"type":"operationStart","subtype":"script","name":"scripts orders-script","previousOperationId":"8a3j6qyegamrore","timestamp":1705601077981,"id":"u2o50efxz2p5a2m","previousEventId":"77ugz7bceidhqoc","operationId":"fjeh4fb38nqs76k"}
{"type":"log","timestamp":1705601077990,"level":"debug","message":"(console:log) [ 'Race1', 'Race2' ]","meta":{"userLevel":true,"rootId":"5f9ztuoewo2gen3","id":"5f9ztuoewo2gen3"},"id":"fk4xdj674qpewo6","previousOperationId":"fjeh4fb38nqs76k"}
{"type":"log","timestamp":1705601077991,"level":"debug","message":"(console:log) [ 2, 1 ]","meta":{"userLevel":true,"rootId":"5f9ztuoewo2gen3","id":"5f9ztuoewo2gen3"},"id":"71636d9jxusfly5","previousOperationId":"fjeh4fb38nqs76k"}
{"type":"operationEnd","operationId":"fjeh4fb38nqs76k","timestamp":1705601077991,"id":"0q9e2woihzdsvr3","previousEventId":"4kbeaiiquc7bu52","previousOperationId":"eif4d5h98j9df1y"}
{"type":"operationEnd","operationId":"8a3j6qyegamrore","timestamp":1705601077991,"id":"s0lt8e6vfzyssy2","previousEventId":"0q9e2woihzdsvr3","previousOperationId":"eif4d5h98j9df1y"}
{"type":"log","timestamp":1705601077991,"level":"debug","message":"Base url not specified, skipping its injection.","meta":{"rootId":"5f9ztuoewo2gen3","id":"5f9ztuoewo2gen3"},"id":"jqs36h3b4sk6rya","previousOperationId":"8a3j6qyegamrore"}
{"type":"operationStart","subtype":"engine","name":"handlebars","timestamp":1705601077991,"id":"5k6ncfshxk23q18","previousEventId":"s0lt8e6vfzyssy2","operationId":"b94i1sx8hcfe7lp","previousOperationId":"8a3j6qyegamrore"}
{"type":"log","timestamp":1705601077991,"level":"debug","message":"Rendering engine handlebars","meta":{"rootId":"5f9ztuoewo2gen3","id":"5f9ztuoewo2gen3"},"id":"3gu050a7kuphz1u","previousOperationId":"b94i1sx8hcfe7lp"}
{"type":"log","timestamp":1705601078003,"level":"debug","message":"(console:log) Pdf utils adding group field, value: \"Race1\"","meta":{"userLevel":true,"rootId":"5f9ztuoewo2gen3","id":"5f9ztuoewo2gen3"},"id":"9n32tadwdh74sn6","previousOperationId":"b94i1sx8hcfe7lp"}
{"type":"log","timestamp":1705601078003,"level":"debug","message":"(console:log) Pdf utils adding group field, value: \"Race2\"","meta":{"userLevel":true,"rootId":"5f9ztuoewo2gen3","id":"5f9ztuoewo2gen3"},"id":"x0ywjs6j839vwsa","previousOperationId":"b94i1sx8hcfe7lp"}
{"type":"operationEnd","operationId":"b94i1sx8hcfe7lp","timestamp":1705601078003,"id":"fq7ywt54ist6v2a","previousEventId":"5k6ncfshxk23q18","previousOperationId":"b94i1sx8hcfe7lp"}
{"type":"operationStart","subtype":"recipe","name":"chrome-pdf","timestamp":1705601078003,"id":"8x4gyc29kt46yof","previousEventId":"fq7ywt54ist6v2a","operationId":"stsknwyi6sprltu","previousOperationId":"b94i1sx8hcfe7lp"}
{"type":"log","timestamp":1705601078003,"level":"debug","message":"Executing recipe chrome-pdf","meta":{"rootId":"5f9ztuoewo2gen3","id":"5f9ztuoewo2gen3"},"id":"pdzjk9sz3xt6klx","previousOperationId":"stsknwyi6sprltu"}
{"type":"log","timestamp":1705601078005,"level":"debug","message":"Converting with chrome HeadlessChrome/117.0.5938.149 using chrome-pool strategy","meta":{"rootId":"5f9ztuoewo2gen3","id":"5f9ztuoewo2gen3"},"id":"zq8y4y8aq4vkdq0","previousOperationId":"stsknwyi6sprltu"}
{"type":"log","timestamp":1705601078447,"level":"debug","message":"Page request: GET (document) file:///C:/Users/DANIEL~1/AppData/Local/Temp/jsreport/autocleanup/048b0396-d1b1-4d96-a55d-c517d2cab6e0-chrome-pdf.html","meta":{"rootId":"5f9ztuoewo2gen3","id":"5f9ztuoewo2gen3"},"id":"sqqbp9hibo91fw4","previousOperationId":"stsknwyi6sprltu"}
{"type":"log","timestamp":1705601078469,"level":"debug","message":"Page request: GET (stylesheet) https://cdnjs.cloudflare.com/ajax/libs/metro/4.1.5/css/metro.min.css","meta":{"rootId":"5f9ztuoewo2gen3","id":"5f9ztuoewo2gen3"},"id":"1wbekg0f1sobm8b","previousOperationId":"stsknwyi6sprltu"}
{"type":"log","timestamp":1705601078469,"level":"debug","message":"Page request: GET (script) https://cdn.jsdelivr.net/npm/chart.js","meta":{"rootId":"5f9ztuoewo2gen3","id":"5f9ztuoewo2gen3"},"id":"ywb88jxxs6pg7cu","previousOperationId":"stsknwyi6sprltu"}
{"type":"log","timestamp":1705601078469,"level":"debug","message":"Page request finished: GET (document) 200 file:///C:/Users/DANIEL~1/AppData/Local/Temp/jsreport/autocleanup/048b0396-d1b1-4d96-a55d-c517d2cab6e0-chrome-pdf.html","meta":{"rootId":"5f9ztuoewo2gen3","id":"5f9ztuoewo2gen3"},"id":"5uba91b5yjni9y3","previousOperationId":"stsknwyi6sprltu"}
{"type":"log","timestamp":1705601078496,"level":"debug","message":"Page request finished: GET (stylesheet) 200 https://cdnjs.cloudflare.com/ajax/libs/metro/4.1.5/css/metro.min.css","meta":{"rootId":"5f9ztuoewo2gen3","id":"5f9ztuoewo2gen3"},"id":"0fhuw24c88vvplq","previousOperationId":"stsknwyi6sprltu"}
{"type":"log","timestamp":1705601078496,"level":"debug","message":"Page request finished: GET (script) 200 https://cdn.jsdelivr.net/npm/chart.js","meta":{"rootId":"5f9ztuoewo2gen3","id":"5f9ztuoewo2gen3"},"id":"3zz0tifkq1qed34","previousOperationId":"stsknwyi6sprltu"}
{"type":"log","timestamp":1705601078499,"level":"warn","message":"Page error: Unexpected token ';' , stack: SyntaxError: Unexpected token ';'","meta":{"rootId":"5f9ztuoewo2gen3","id":"5f9ztuoewo2gen3"},"id":"odwy78muoj320lm","previousOperationId":"stsknwyi6sprltu"}
{"type":"log","timestamp":1705601078555,"level":"debug","message":"Running chrome with params {\"printBackground\":true,\"marginTop\":\"4cm\",\"marginRight\":\"1.5cm\",\"marginBottom\":\"1.5cm\",\"marginLeft\":\"1.5cm\",\"waitForJS\":false,\"timeout\":59957,\"margin\":{\"top\":\"4cm\",\"right\":\"1.5cm\",\"bottom\":\"1.5cm\",\"left\":\"1.5cm\"}}","meta":{"rootId":"5f9ztuoewo2gen3","id":"5f9ztuoewo2gen3"},"id":"9b2a5uzm0khyqat","previousOperationId":"stsknwyi6sprltu"}
{"type":"operationEnd","operationId":"stsknwyi6sprltu","timestamp":1705601078610,"id":"kiqolk770fpmgcn","previousEventId":"8x4gyc29kt46yof","previousOperationId":"stsknwyi6sprltu"}
{"type":"log","timestamp":1705601078610,"level":"info","message":"pdf-utils is starting pdf processing","meta":{"rootId":"5f9ztuoewo2gen3","id":"5f9ztuoewo2gen3"},"id":"1lfbaw91335bb65","previousOperationId":"stsknwyi6sprltu"}
{"type":"operationStart","subtype":"pdfUtils","name":"pdf utils","timestamp":1705601078610,"id":"zsi2kt31bkqntk2","previousEventId":"kiqolk770fpmgcn","operationId":"caqug7hnofuyfgz","previousOperationId":"stsknwyi6sprltu"}
{"type":"log","timestamp":1705601078611,"level":"debug","message":"pdf-utils detected 1 pdf operation(s) to process","meta":{"rootId":"5f9ztuoewo2gen3","id":"5f9ztuoewo2gen3"},"id":"jq51bd8udumhs26","previousOperationId":"caqug7hnofuyfgz"}
{"type":"log","timestamp":1705601078624,"level":"debug","message":"pdf-utils running pdf operation merge","meta":{"rootId":"5f9ztuoewo2gen3","id":"5f9ztuoewo2gen3"},"id":"vqva4btcb7wl1rm","previousOperationId":"caqug7hnofuyfgz"}
{"type":"operationStart","subtype":"pdfUtilsMerge","name":"pdf utils merge","previousOperationId":"caqug7hnofuyfgz","timestamp":1705601078624,"id":"4jicwhcp2h3k0tz","previousEventId":"zsi2kt31bkqntk2","operationId":"qvegdzmuxcrrmdx"}
{"type":"operationStart","subtype":"render","name":"orders-header","previousOperationId":"qvegdzmuxcrrmdx","timestamp":1705601078626,"id":"hl1bb0no90grax7","previousEventId":"4jicwhcp2h3k0tz","operationId":"6v1w9qx2638vi6b"}
{"type":"log","timestamp":1705601078626,"level":"info","message":"Starting rendering (child) request","meta":{"rootId":"5f9ztuoewo2gen3","id":"l395z7zmmmquotd"},"id":"6c3eh6j1uiyinvb","previousOperationId":"6v1w9qx2638vi6b"}
{"type":"log","timestamp":1705601078626,"level":"info","message":"Rendering template { name: orders-header, recipe: chrome-pdf, engine: handlebars, preview: true }","meta":{"rootId":"5f9ztuoewo2gen3","id":"l395z7zmmmquotd"},"id":"gspfb7kam9dfo07","previousOperationId":"6v1w9qx2638vi6b"}
{"type":"log","timestamp":1705601078627,"level":"debug","message":"Inline data specified.","meta":{"rootId":"5f9ztuoewo2gen3","id":"l395z7zmmmquotd"},"id":"lylb550duap2cgp","previousOperationId":"6v1w9qx2638vi6b"}
{"type":"log","timestamp":1705601078628,"level":"debug","message":"Base url not specified, skipping its injection.","meta":{"rootId":"5f9ztuoewo2gen3","id":"l395z7zmmmquotd"},"id":"r6caaibd0zh18fe","previousOperationId":"6v1w9qx2638vi6b"}
{"type":"operationStart","subtype":"engine","name":"handlebars","timestamp":1705601078628,"id":"iy9ux5yghjdstiu","previousEventId":"hl1bb0no90grax7","operationId":"cgztpo7s9ecabfx","previousOperationId":"6v1w9qx2638vi6b"}
{"type":"log","timestamp":1705601078628,"level":"debug","message":"Rendering engine handlebars","meta":{"rootId":"5f9ztuoewo2gen3","id":"l395z7zmmmquotd"},"id":"ybq68tahh7dnps8","previousOperationId":"cgztpo7s9ecabfx"}
{"type":"operationEnd","operationId":"cgztpo7s9ecabfx","timestamp":1705601078642,"id":"5v6h3iisge1kuoo","previousEventId":"iy9ux5yghjdstiu","previousOperationId":"cgztpo7s9ecabfx"}
{"type":"operationStart","subtype":"recipe","name":"chrome-pdf","timestamp":1705601078642,"id":"ef43qxjjpqpsqix","previousEventId":"5v6h3iisge1kuoo","operationId":"e5k7d3lw0vx30yw","previousOperationId":"cgztpo7s9ecabfx"}
{"type":"log","timestamp":1705601078642,"level":"debug","message":"Executing recipe chrome-pdf","meta":{"rootId":"5f9ztuoewo2gen3","id":"l395z7zmmmquotd"},"id":"nzmmhc6h7iur4gh","previousOperationId":"e5k7d3lw0vx30yw"}
{"type":"log","timestamp":1705601078644,"level":"debug","message":"Converting with chrome HeadlessChrome/117.0.5938.149 using chrome-pool strategy","meta":{"rootId":"5f9ztuoewo2gen3","id":"l395z7zmmmquotd"},"id":"298ogrdyozhq7vk","previousOperationId":"e5k7d3lw0vx30yw"}
{"type":"log","timestamp":1705601078712,"level":"debug","message":"Page request: GET (document) file:///C:/Users/DANIEL~1/AppData/Local/Temp/jsreport/autocleanup/00704893-7bdf-4917-8037-c7fdf9504695-chrome-pdf.html","meta":{"rootId":"5f9ztuoewo2gen3","id":"l395z7zmmmquotd"},"id":"p7xkc9az065sint","previousOperationId":"e5k7d3lw0vx30yw"}
{"type":"log","timestamp":1705601078726,"level":"debug","message":"Page request: GET (stylesheet) https://cdnjs.cloudflare.com/ajax/libs/metro/4.1.5/css/metro.min.css","meta":{"rootId":"5f9ztuoewo2gen3","id":"l395z7zmmmquotd"},"id":"xa8zweuvp3hix65","previousOperationId":"e5k7d3lw0vx30yw"}
{"type":"log","timestamp":1705601078726,"level":"debug","message":"Page request finished: GET (document) 200 file:///C:/Users/DANIEL~1/AppData/Local/Temp/jsreport/autocleanup/00704893-7bdf-4917-8037-c7fdf9504695-chrome-pdf.html","meta":{"rootId":"5f9ztuoewo2gen3","id":"l395z7zmmmquotd"},"id":"6mjsivtrs78wa3q","previousOperationId":"e5k7d3lw0vx30yw"}
{"type":"log","timestamp":1705601078738,"level":"debug","message":"Page request finished: GET (stylesheet) 200 https://cdnjs.cloudflare.com/ajax/libs/metro/4.1.5/css/metro.min.css","meta":{"rootId":"5f9ztuoewo2gen3","id":"l395z7zmmmquotd"},"id":"1tq4nrx86dx80r0","previousOperationId":"e5k7d3lw0vx30yw"}
{"type":"log","timestamp":1705601078752,"level":"debug","message":"Running chrome with params {\"printBackground\":true,\"marginTop\":\"1.5cm\",\"marginRight\":\"1.5cm\",\"marginLeft\":\"1.cm\",\"timeout\":59317,\"margin\":{\"top\":\"1.5cm\",\"right\":\"1.5cm\",\"left\":\"1.cm\"}}","meta":{"rootId":"5f9ztuoewo2gen3","id":"l395z7zmmmquotd"},"id":"3remo0v41s3l5bd","previousOperationId":"e5k7d3lw0vx30yw"}
{"type":"operationEnd","operationId":"e5k7d3lw0vx30yw","timestamp":1705601078779,"id":"zj4gzhnxmir4db2","previousEventId":"ef43qxjjpqpsqix","previousOperationId":"e5k7d3lw0vx30yw"}
{"type":"log","timestamp":1705601078779,"level":"debug","message":"Skipping storing report.","meta":{"rootId":"5f9ztuoewo2gen3","id":"l395z7zmmmquotd"},"id":"v7w3ccmezm9z83y","previousOperationId":"e5k7d3lw0vx30yw"}
{"type":"log","timestamp":1705601078779,"level":"info","message":"Rendering (child) request finished in 818 ms","meta":{"rootId":"5f9ztuoewo2gen3","id":"l395z7zmmmquotd"},"id":"sg067t3akgwqxex","previousOperationId":"e5k7d3lw0vx30yw"}
{"type":"operationEnd","subtype":"render","operationId":"6v1w9qx2638vi6b","timestamp":1705601078779,"id":"1a9l8ly5vfkq5lr","previousEventId":"zj4gzhnxmir4db2","previousOperationId":"e5k7d3lw0vx30yw"}
{"type":"operationEnd","operationId":"qvegdzmuxcrrmdx","timestamp":1705601078785,"id":"3ahlu48h4vfd7pp","previousEventId":"4jicwhcp2h3k0tz","previousOperationId":"qvegdzmuxcrrmdx"}
{"type":"log","timestamp":1705601078785,"level":"debug","message":"pdf-utils postproces start","meta":{"rootId":"5f9ztuoewo2gen3","id":"5f9ztuoewo2gen3"},"id":"6ttewu6rwxk74pb","previousOperationId":"qvegdzmuxcrrmdx"}
{"type":"log","timestamp":1705601078792,"level":"debug","message":"pdf-utils postproces end","meta":{"rootId":"5f9ztuoewo2gen3","id":"5f9ztuoewo2gen3"},"id":"r4c1bwxodcb0inq","previousOperationId":"qvegdzmuxcrrmdx"}
{"type":"operationEnd","operationId":"caqug7hnofuyfgz","timestamp":1705601078792,"id":"3higa50cz3tivux","previousEventId":"3ahlu48h4vfd7pp","previousOperationId":"qvegdzmuxcrrmdx"}
{"type":"log","timestamp":1705601078792,"level":"info","message":"pdf-utils pdf processing was finished","meta":{"rootId":"5f9ztuoewo2gen3","id":"5f9ztuoewo2gen3"},"id":"mmnshgjhbh8xkal","previousOperationId":"caqug7hnofuyfgz"}
{"type":"log","timestamp":1705601078792,"level":"debug","message":"Skipping storing report.","meta":{"rootId":"5f9ztuoewo2gen3","id":"5f9ztuoewo2gen3"},"id":"e85124btg2bijno","previousOperationId":"caqug7hnofuyfgz"}
{"type":"log","timestamp":1705601078792,"level":"info","message":"Rendering request 22 finished in 831 ms","meta":{"rootId":"5f9ztuoewo2gen3","id":"5f9ztuoewo2gen3"},"id":"e0vfsffdbj039ee","previousOperationId":"caqug7hnofuyfgz"}
{"type":"operationEnd","subtype":"render","operationId":"eif4d5h98j9df1y","timestamp":1705601078792,"id":"k69q4dzojv73jrx","previousEventId":"3higa50cz3tivux","previousOperationId":"caqug7hnofuyfgz"}
{"type":"operationEnd","doDiffs":false,"previousEventId":"4mbmteeu40ezk6o","previousOperationId":"czoj21essjrdefu","operationId":"czoj21essjrdefu","timestamp":1705601078798,"id":"ggvflrzw4z3z9t5"}
