{"type":"operationStart","subtype":"profile","data":{"_id":"wOaujPVpny5uppJ2","timestamp":"2024-02-19T15:39:51.193Z","state":"queued","mode":"standard","creationDate":"2024-02-19T15:39:51.196Z","modificationDate":"2024-02-19T15:39:51.196Z","shortid":"HW6Eyfa","$entitySet":"profiles"},"doDiffs":false,"timestamp":1708357191194,"id":"in0pkvapxksdukg","previousOperationId":null,"operationId":"1xepgy1dkgxp0uh"}
{"type":"log","level":"info","message":"Render request 1 queued for execution and waiting for available worker","previousOperationId":"1xepgy1dkgxp0uh","timestamp":1708357191195,"id":"0zqmlz0uccd7m36"}
{"type":"operationStart","subtype":"render","name":"orders-main","previousOperationId":"1xepgy1dkgxp0uh","timestamp":1708357191212,"id":"ur18qaqdwe9826m","previousEventId":"in0pkvapxksdukg","operationId":"js7ebg9oftlfi4u"}
{"type":"log","timestamp":1708357191212,"level":"info","message":"Starting rendering request 1","meta":{"rootId":"60gzwm4ate3rk48","id":"60gzwm4ate3rk48"},"id":"0p4e9ze60j2nwe7","previousOperationId":"js7ebg9oftlfi4u"}
{"type":"log","timestamp":1708357191212,"level":"info","message":"Rendering template { name: orders-main, recipe: chrome-pdf, engine: handlebars, preview: false }","meta":{"rootId":"60gzwm4ate3rk48","id":"60gzwm4ate3rk48"},"id":"peqimgl3k1y6iku","previousOperationId":"js7ebg9oftlfi4u"}
{"type":"log","timestamp":1708357191213,"level":"debug","message":"Data item not defined for this template.","meta":{"rootId":"60gzwm4ate3rk48","id":"60gzwm4ate3rk48"},"id":"cwx1bso71ecyeg2","previousOperationId":"js7ebg9oftlfi4u"}
{"type":"log","timestamp":1708357191215,"level":"debug","message":"Executing script orders-script (beforeRender)","meta":{"rootId":"60gzwm4ate3rk48","id":"60gzwm4ate3rk48"},"id":"flhodgem23valys","previousOperationId":"js7ebg9oftlfi4u"}
{"type":"operationStart","subtype":"scriptsBeforeRender","name":"scripts beforeRender","timestamp":1708357191358,"id":"u2bcwx6x5o1tws3","previousEventId":"ur18qaqdwe9826m","operationId":"5dvzjphmjt49wcy","previousOperationId":"js7ebg9oftlfi4u"}
{"type":"operationStart","subtype":"script","name":"scripts orders-script","previousOperationId":"5dvzjphmjt49wcy","timestamp":1708357191358,"id":"1m9ofi9nwag0had","previousEventId":"u2bcwx6x5o1tws3","operationId":"3ath6ihwpfas8x5"}
{"type":"log","timestamp":1708357191380,"level":"debug","message":"(console:log) [ 'ola' ]","meta":{"userLevel":true,"rootId":"60gzwm4ate3rk48","id":"60gzwm4ate3rk48"},"id":"othul3bx9bxnxhp","previousOperationId":"3ath6ihwpfas8x5"}
{"type":"log","timestamp":1708357191381,"level":"debug","message":"(console:log) [ 1 ]","meta":{"userLevel":true,"rootId":"60gzwm4ate3rk48","id":"60gzwm4ate3rk48"},"id":"0zesvg497oxg8vp","previousOperationId":"3ath6ihwpfas8x5"}
{"type":"operationEnd","operationId":"3ath6ihwpfas8x5","timestamp":1708357191381,"id":"sc0ljs6fei1fh8w","previousEventId":"ur18qaqdwe9826m","previousOperationId":"js7ebg9oftlfi4u"}
{"type":"operationEnd","operationId":"5dvzjphmjt49wcy","timestamp":1708357191382,"id":"47lwlmbsr8hd44o","previousEventId":"sc0ljs6fei1fh8w","previousOperationId":"js7ebg9oftlfi4u"}
{"type":"log","timestamp":1708357191382,"level":"debug","message":"Base url not specified, skipping its injection.","meta":{"rootId":"60gzwm4ate3rk48","id":"60gzwm4ate3rk48"},"id":"md4bne4c647d2sw","previousOperationId":"5dvzjphmjt49wcy"}
{"type":"operationStart","subtype":"engine","name":"handlebars","timestamp":1708357191382,"id":"bagxqf2bxj9ja8r","previousEventId":"47lwlmbsr8hd44o","operationId":"0mvlejnwsl57nn3","previousOperationId":"5dvzjphmjt49wcy"}
{"type":"log","timestamp":1708357191382,"level":"debug","message":"Rendering engine handlebars","meta":{"rootId":"60gzwm4ate3rk48","id":"60gzwm4ate3rk48"},"id":"dhlc8i5eh1acxto","previousOperationId":"0mvlejnwsl57nn3"}
{"type":"log","timestamp":1708357191554,"level":"debug","message":"(console:log) Pdf utils adding group field, value: \"ola\"","meta":{"userLevel":true,"rootId":"60gzwm4ate3rk48","id":"60gzwm4ate3rk48"},"id":"br6zwc0014g9ufc","previousOperationId":"0mvlejnwsl57nn3"}
{"type":"operationEnd","operationId":"0mvlejnwsl57nn3","timestamp":1708357191554,"id":"sdwpiqcko91bp3s","previousEventId":"bagxqf2bxj9ja8r","previousOperationId":"0mvlejnwsl57nn3"}
{"type":"operationStart","subtype":"recipe","name":"chrome-pdf","timestamp":1708357191555,"id":"bzzv2prithajthh","previousEventId":"sdwpiqcko91bp3s","operationId":"4leam4e8rvy262p","previousOperationId":"0mvlejnwsl57nn3"}
{"type":"log","timestamp":1708357191555,"level":"debug","message":"Executing recipe chrome-pdf","meta":{"rootId":"60gzwm4ate3rk48","id":"60gzwm4ate3rk48"},"id":"hm5051w3ga89zh7","previousOperationId":"4leam4e8rvy262p"}
{"type":"log","timestamp":1708357194644,"level":"debug","message":"Converting with chrome HeadlessChrome/117.0.5938.149 using chrome-pool strategy","meta":{"rootId":"60gzwm4ate3rk48","id":"60gzwm4ate3rk48"},"id":"isduqopoora3qiw","previousOperationId":"4leam4e8rvy262p"}
{"type":"log","timestamp":1708357194975,"level":"debug","message":"Page request: GET (document) file:///var/folders/tp/6hccbwhd41s4hkmxw_2wkz640000gn/T/jsreport/autocleanup/d70f5770-279e-4802-bd1f-da3efd673e2a-chrome-pdf.html","meta":{"rootId":"60gzwm4ate3rk48","id":"60gzwm4ate3rk48"},"id":"rlju4ghtwfpcpvp","previousOperationId":"4leam4e8rvy262p"}
{"type":"log","timestamp":1708357194980,"level":"debug","message":"Page request: GET (stylesheet) https://cdnjs.cloudflare.com/ajax/libs/metro/4.1.5/css/metro.min.css","meta":{"rootId":"60gzwm4ate3rk48","id":"60gzwm4ate3rk48"},"id":"3vvopfs4nbgx14l","previousOperationId":"4leam4e8rvy262p"}
{"type":"log","timestamp":1708357194980,"level":"debug","message":"Page request: GET (script) https://cdn.jsdelivr.net/npm/chart.js","meta":{"rootId":"60gzwm4ate3rk48","id":"60gzwm4ate3rk48"},"id":"8px5l1i49zm0znt","previousOperationId":"4leam4e8rvy262p"}
{"type":"log","timestamp":1708357194980,"level":"debug","message":"Page request finished: GET (document) 200 file:///var/folders/tp/6hccbwhd41s4hkmxw_2wkz640000gn/T/jsreport/autocleanup/d70f5770-279e-4802-bd1f-da3efd673e2a-chrome-pdf.html","meta":{"rootId":"60gzwm4ate3rk48","id":"60gzwm4ate3rk48"},"id":"so6il2v295c25cp","previousOperationId":"4leam4e8rvy262p"}
{"type":"log","timestamp":1708357195508,"level":"debug","message":"Page request finished: GET (stylesheet) 200 https://cdnjs.cloudflare.com/ajax/libs/metro/4.1.5/css/metro.min.css","meta":{"rootId":"60gzwm4ate3rk48","id":"60gzwm4ate3rk48"},"id":"nkpc4lpshebx9kx","previousOperationId":"4leam4e8rvy262p"}
{"type":"log","timestamp":1708357195592,"level":"debug","message":"Page request finished: GET (script) 200 https://cdn.jsdelivr.net/npm/chart.js","meta":{"rootId":"60gzwm4ate3rk48","id":"60gzwm4ate3rk48"},"id":"pz2ulas05xe1lje","previousOperationId":"4leam4e8rvy262p"}
{"type":"log","timestamp":1708357195668,"level":"debug","message":"Running chrome with params {\"printBackground\":true,\"marginTop\":\"4cm\",\"marginRight\":\"1.5cm\",\"marginBottom\":\"1.5cm\",\"marginLeft\":\"1.5cm\",\"waitForJS\":false,\"timeout\":59462,\"margin\":{\"top\":\"4cm\",\"right\":\"1.5cm\",\"bottom\":\"1.5cm\",\"left\":\"1.5cm\"}}","meta":{"rootId":"60gzwm4ate3rk48","id":"60gzwm4ate3rk48"},"id":"4m1rly0cakrxgp9","previousOperationId":"4leam4e8rvy262p"}
{"type":"operationEnd","operationId":"4leam4e8rvy262p","timestamp":1708357195704,"id":"9t2ntkauzeme2do","previousEventId":"bzzv2prithajthh","previousOperationId":"4leam4e8rvy262p"}
{"type":"log","timestamp":1708357195704,"level":"info","message":"pdf-utils is starting pdf processing","meta":{"rootId":"60gzwm4ate3rk48","id":"60gzwm4ate3rk48"},"id":"u4mdddj5enm7p0m","previousOperationId":"4leam4e8rvy262p"}
{"type":"operationStart","subtype":"pdfUtils","name":"pdf utils","timestamp":1708357195823,"id":"69v6z4tnl2xw956","previousEventId":"9t2ntkauzeme2do","operationId":"bbh7bctanjbzjp4","previousOperationId":"4leam4e8rvy262p"}
{"type":"log","timestamp":1708357195823,"level":"debug","message":"pdf-utils detected 1 pdf operation(s) to process","meta":{"rootId":"60gzwm4ate3rk48","id":"60gzwm4ate3rk48"},"id":"kmeh5nyf38wodaw","previousOperationId":"bbh7bctanjbzjp4"}
{"type":"log","timestamp":1708357195942,"level":"debug","message":"pdf-utils running pdf operation merge","meta":{"rootId":"60gzwm4ate3rk48","id":"60gzwm4ate3rk48"},"id":"iuok6qdxcx1l4yl","previousOperationId":"bbh7bctanjbzjp4"}
{"type":"operationStart","subtype":"pdfUtilsMerge","name":"pdf utils merge","previousOperationId":"bbh7bctanjbzjp4","timestamp":1708357195942,"id":"h51at9nlzq9nth4","previousEventId":"69v6z4tnl2xw956","operationId":"fsd98r4bbyqt14x"}
{"type":"operationStart","subtype":"render","name":"orders-header","previousOperationId":"fsd98r4bbyqt14x","timestamp":1708357195943,"id":"2raxsea5fqd90lp","previousEventId":"h51at9nlzq9nth4","operationId":"u3hb2s6sje69pmh"}
{"type":"log","timestamp":1708357195943,"level":"info","message":"Starting rendering (child) request","meta":{"rootId":"60gzwm4ate3rk48","id":"b8ouw36w907rvxh"},"id":"65r9fpcf62o6ygn","previousOperationId":"u3hb2s6sje69pmh"}
{"type":"log","timestamp":1708357195943,"level":"info","message":"Rendering template { name: orders-header, recipe: chrome-pdf, engine: handlebars, preview: false }","meta":{"rootId":"60gzwm4ate3rk48","id":"b8ouw36w907rvxh"},"id":"6brpsuh3nv3tglg","previousOperationId":"u3hb2s6sje69pmh"}
{"type":"log","timestamp":1708357195943,"level":"debug","message":"Inline data specified.","meta":{"rootId":"60gzwm4ate3rk48","id":"b8ouw36w907rvxh"},"id":"xfsn15k6amnaoqo","previousOperationId":"u3hb2s6sje69pmh"}
{"type":"log","timestamp":1708357195944,"level":"debug","message":"Base url not specified, skipping its injection.","meta":{"rootId":"60gzwm4ate3rk48","id":"b8ouw36w907rvxh"},"id":"qpgj0st56000i88","previousOperationId":"u3hb2s6sje69pmh"}
{"type":"operationStart","subtype":"engine","name":"handlebars","timestamp":1708357195944,"id":"egcfm986bh50pe3","previousEventId":"2raxsea5fqd90lp","operationId":"6z5onv3g6be628j","previousOperationId":"u3hb2s6sje69pmh"}
{"type":"log","timestamp":1708357195944,"level":"debug","message":"Rendering engine handlebars","meta":{"rootId":"60gzwm4ate3rk48","id":"b8ouw36w907rvxh"},"id":"sewhhm5nvu2uwxz","previousOperationId":"6z5onv3g6be628j"}
{"type":"operationEnd","operationId":"6z5onv3g6be628j","timestamp":1708357195975,"id":"nxjg6ynhbylm1ua","previousEventId":"egcfm986bh50pe3","previousOperationId":"6z5onv3g6be628j"}
{"type":"operationStart","subtype":"recipe","name":"chrome-pdf","timestamp":1708357195976,"id":"9qzfrb4tbok0ew6","previousEventId":"nxjg6ynhbylm1ua","operationId":"216792r0ujwmnx5","previousOperationId":"6z5onv3g6be628j"}
{"type":"log","timestamp":1708357195976,"level":"debug","message":"Executing recipe chrome-pdf","meta":{"rootId":"60gzwm4ate3rk48","id":"b8ouw36w907rvxh"},"id":"vsamfxhyvr2xyq7","previousOperationId":"216792r0ujwmnx5"}
{"type":"log","timestamp":1708357195976,"level":"debug","message":"Converting with chrome HeadlessChrome/117.0.5938.149 using chrome-pool strategy","meta":{"rootId":"60gzwm4ate3rk48","id":"b8ouw36w907rvxh"},"id":"iet5iaayt8t6xrp","previousOperationId":"216792r0ujwmnx5"}
{"type":"log","timestamp":1708357196025,"level":"debug","message":"Page request: GET (document) file:///var/folders/tp/6hccbwhd41s4hkmxw_2wkz640000gn/T/jsreport/autocleanup/5cb26b6a-b476-4d0e-b29d-ecb41e14c200-chrome-pdf.html","meta":{"rootId":"60gzwm4ate3rk48","id":"b8ouw36w907rvxh"},"id":"p9pt8b21e6bi8lh","previousOperationId":"216792r0ujwmnx5"}
{"type":"log","timestamp":1708357196031,"level":"debug","message":"Page request: GET (stylesheet) https://cdnjs.cloudflare.com/ajax/libs/metro/4.1.5/css/metro.min.css","meta":{"rootId":"60gzwm4ate3rk48","id":"b8ouw36w907rvxh"},"id":"6m0a4hgy7q3udik","previousOperationId":"216792r0ujwmnx5"}
{"type":"log","timestamp":1708357196031,"level":"debug","message":"Page request finished: GET (document) 200 file:///var/folders/tp/6hccbwhd41s4hkmxw_2wkz640000gn/T/jsreport/autocleanup/5cb26b6a-b476-4d0e-b29d-ecb41e14c200-chrome-pdf.html","meta":{"rootId":"60gzwm4ate3rk48","id":"b8ouw36w907rvxh"},"id":"qzglmtiywcyppep","previousOperationId":"216792r0ujwmnx5"}
{"type":"log","timestamp":1708357196038,"level":"debug","message":"Page request finished: GET (stylesheet) 200 https://cdnjs.cloudflare.com/ajax/libs/metro/4.1.5/css/metro.min.css","meta":{"rootId":"60gzwm4ate3rk48","id":"b8ouw36w907rvxh"},"id":"jjyuz550y7iga0b","previousOperationId":"216792r0ujwmnx5"}
{"type":"log","timestamp":1708357196056,"level":"debug","message":"Running chrome with params {\"printBackground\":true,\"marginTop\":\"1.5cm\",\"marginRight\":\"1.5cm\",\"marginLeft\":\"1.cm\",\"timeout\":55215,\"margin\":{\"top\":\"1.5cm\",\"right\":\"1.5cm\",\"left\":\"1.cm\"}}","meta":{"rootId":"60gzwm4ate3rk48","id":"b8ouw36w907rvxh"},"id":"8cdhlfpzt2ss5v7","previousOperationId":"216792r0ujwmnx5"}
{"type":"operationEnd","operationId":"216792r0ujwmnx5","timestamp":1708357196073,"id":"ok5lwel31vkpq7t","previousEventId":"9qzfrb4tbok0ew6","previousOperationId":"216792r0ujwmnx5"}
{"type":"log","timestamp":1708357196074,"level":"debug","message":"Skipping storing report.","meta":{"rootId":"60gzwm4ate3rk48","id":"b8ouw36w907rvxh"},"id":"bm4wsud5so4u25i","previousOperationId":"216792r0ujwmnx5"}
{"type":"log","timestamp":1708357196074,"level":"info","message":"Rendering (child) request finished in 4883 ms","meta":{"rootId":"60gzwm4ate3rk48","id":"b8ouw36w907rvxh"},"id":"s9zcyjd5166we1q","previousOperationId":"216792r0ujwmnx5"}
{"type":"operationEnd","subtype":"render","operationId":"u3hb2s6sje69pmh","timestamp":1708357196074,"id":"ka3yt9pobjsshe8","previousEventId":"ok5lwel31vkpq7t","previousOperationId":"216792r0ujwmnx5"}
{"type":"operationEnd","operationId":"fsd98r4bbyqt14x","timestamp":1708357196102,"id":"6k30nf7unwydyx6","previousEventId":"h51at9nlzq9nth4","previousOperationId":"fsd98r4bbyqt14x"}
{"type":"log","timestamp":1708357196102,"level":"debug","message":"pdf-utils postproces start","meta":{"rootId":"60gzwm4ate3rk48","id":"60gzwm4ate3rk48"},"id":"wl0m7nz46a5er4f","previousOperationId":"fsd98r4bbyqt14x"}
{"type":"log","timestamp":1708357196122,"level":"debug","message":"pdf-utils postproces end","meta":{"rootId":"60gzwm4ate3rk48","id":"60gzwm4ate3rk48"},"id":"6pmqk76xrq8pcte","previousOperationId":"fsd98r4bbyqt14x"}
{"type":"operationEnd","operationId":"bbh7bctanjbzjp4","timestamp":1708357196122,"id":"a9gt5ucz4qq1jcw","previousEventId":"6k30nf7unwydyx6","previousOperationId":"fsd98r4bbyqt14x"}
{"type":"log","timestamp":1708357196122,"level":"info","message":"pdf-utils pdf processing was finished","meta":{"rootId":"60gzwm4ate3rk48","id":"60gzwm4ate3rk48"},"id":"xz36c775ry2y5xv","previousOperationId":"bbh7bctanjbzjp4"}
{"type":"log","timestamp":1708357196122,"level":"debug","message":"Skipping storing report.","meta":{"rootId":"60gzwm4ate3rk48","id":"60gzwm4ate3rk48"},"id":"zgcl2g124qzldaf","previousOperationId":"bbh7bctanjbzjp4"}
{"type":"log","timestamp":1708357196122,"level":"info","message":"Rendering request 1 finished in 4931 ms","meta":{"rootId":"60gzwm4ate3rk48","id":"60gzwm4ate3rk48"},"id":"1wress5jc7cw3rs","previousOperationId":"bbh7bctanjbzjp4"}
{"type":"operationEnd","subtype":"render","operationId":"js7ebg9oftlfi4u","timestamp":1708357196122,"id":"zz0fjpbggz5hi9j","previousEventId":"a9gt5ucz4qq1jcw","previousOperationId":"bbh7bctanjbzjp4"}
{"type":"operationEnd","doDiffs":false,"previousEventId":"in0pkvapxksdukg","previousOperationId":"1xepgy1dkgxp0uh","operationId":"1xepgy1dkgxp0uh","timestamp":1708357196124,"id":"whm2iawgbj8lntg"}
