{"type":"operationStart","subtype":"profile","data":{"_id":"Yad2k4kTO1AuyVbT","timestamp":"2024-02-21T18:20:16.517Z","state":"queued","mode":"standard","creationDate":"2024-02-21T18:20:16.520Z","modificationDate":"2024-02-21T18:20:16.520Z","shortid":"45MJ9kA","$entitySet":"profiles"},"doDiffs":false,"timestamp":1708539616519,"id":"qaynj2sc0d2241p","previousOperationId":null,"operationId":"g3gm5glb8m377mj"}
{"type":"log","level":"info","message":"Render request 1 queued for execution and waiting for available worker","previousOperationId":"g3gm5glb8m377mj","timestamp":1708539616519,"id":"4in38n8olj5doxa"}
{"type":"operationStart","subtype":"render","name":"orders-main","previousOperationId":"g3gm5glb8m377mj","timestamp":1708539616535,"id":"21yiie69kfnbmnm","previousEventId":"qaynj2sc0d2241p","operationId":"20g416c26h6wf8q"}
{"type":"log","timestamp":1708539616535,"level":"info","message":"Starting rendering request 1","meta":{"rootId":"6vrr9jvr26po79e","id":"6vrr9jvr26po79e"},"id":"7didlkqr4hc3g68","previousOperationId":"20g416c26h6wf8q"}
{"type":"log","timestamp":1708539616536,"level":"info","message":"Rendering template { name: orders-main, recipe: chrome-pdf, engine: handlebars, preview: false }","meta":{"rootId":"6vrr9jvr26po79e","id":"6vrr9jvr26po79e"},"id":"8mawxuepg97czkp","previousOperationId":"20g416c26h6wf8q"}
{"type":"log","timestamp":1708539616537,"level":"debug","message":"Data item not defined for this template.","meta":{"rootId":"6vrr9jvr26po79e","id":"6vrr9jvr26po79e"},"id":"xpibng3s2crpy23","previousOperationId":"20g416c26h6wf8q"}
{"type":"log","timestamp":1708539616540,"level":"debug","message":"Executing script orders-script (beforeRender)","meta":{"rootId":"6vrr9jvr26po79e","id":"6vrr9jvr26po79e"},"id":"0f2wi13m18j6ghv","previousOperationId":"20g416c26h6wf8q"}
{"type":"operationStart","subtype":"scriptsBeforeRender","name":"scripts beforeRender","timestamp":1708539616692,"id":"x3li1hbfl7uadox","previousEventId":"21yiie69kfnbmnm","operationId":"2h4e2s0av2v7q57","previousOperationId":"20g416c26h6wf8q"}
{"type":"operationStart","subtype":"script","name":"scripts orders-script","previousOperationId":"2h4e2s0av2v7q57","timestamp":1708539616692,"id":"ilghk8ie09u4n6n","previousEventId":"x3li1hbfl7uadox","operationId":"20cg4r3pm993yc9"}
{"type":"log","timestamp":1708539617804,"level":"debug","message":"(console:log) [ 'ola', 'oola', 'Race1', 'Race2' ]","meta":{"userLevel":true,"rootId":"6vrr9jvr26po79e","id":"6vrr9jvr26po79e"},"id":"88k2igd5xrxes2w","previousOperationId":"20cg4r3pm993yc9"}
{"type":"log","timestamp":1708539617805,"level":"debug","message":"(console:log) [ 0, 0, 1, 1 ]","meta":{"userLevel":true,"rootId":"6vrr9jvr26po79e","id":"6vrr9jvr26po79e"},"id":"vgw9t4wk0gsi22k","previousOperationId":"20cg4r3pm993yc9"}
{"type":"operationEnd","operationId":"20cg4r3pm993yc9","timestamp":1708539617805,"id":"1o8yo6urd3sfi2g","previousEventId":"21yiie69kfnbmnm","previousOperationId":"20g416c26h6wf8q"}
{"type":"operationEnd","operationId":"2h4e2s0av2v7q57","timestamp":1708539617805,"id":"dmbsq50huenzzsu","previousEventId":"1o8yo6urd3sfi2g","previousOperationId":"20g416c26h6wf8q"}
{"type":"log","timestamp":1708539617805,"level":"debug","message":"Base url not specified, skipping its injection.","meta":{"rootId":"6vrr9jvr26po79e","id":"6vrr9jvr26po79e"},"id":"vuoqp446pzcu6tw","previousOperationId":"2h4e2s0av2v7q57"}
{"type":"operationStart","subtype":"engine","name":"handlebars","timestamp":1708539617806,"id":"b0zaahxsgrs0upi","previousEventId":"dmbsq50huenzzsu","operationId":"1kyb27ixq6xa6ny","previousOperationId":"2h4e2s0av2v7q57"}
{"type":"log","timestamp":1708539617806,"level":"debug","message":"Rendering engine handlebars","meta":{"rootId":"6vrr9jvr26po79e","id":"6vrr9jvr26po79e"},"id":"ipgdbj1freskfcs","previousOperationId":"1kyb27ixq6xa6ny"}
{"type":"log","timestamp":1708539617939,"level":"debug","message":"(console:log) Pdf utils adding group field, value: \"ola\"","meta":{"userLevel":true,"rootId":"6vrr9jvr26po79e","id":"6vrr9jvr26po79e"},"id":"p94ewaii76b4lq7","previousOperationId":"1kyb27ixq6xa6ny"}
{"type":"log","timestamp":1708539617939,"level":"debug","message":"(console:log) Pdf utils adding group field, value: \"oola\"","meta":{"userLevel":true,"rootId":"6vrr9jvr26po79e","id":"6vrr9jvr26po79e"},"id":"nl2955xne8sya43","previousOperationId":"1kyb27ixq6xa6ny"}
{"type":"log","timestamp":1708539617939,"level":"debug","message":"(console:log) Pdf utils adding group field, value: \"Race1\"","meta":{"userLevel":true,"rootId":"6vrr9jvr26po79e","id":"6vrr9jvr26po79e"},"id":"033f9q98wzx3tmw","previousOperationId":"1kyb27ixq6xa6ny"}
{"type":"log","timestamp":1708539617939,"level":"debug","message":"(console:log) Pdf utils adding group field, value: \"Race2\"","meta":{"userLevel":true,"rootId":"6vrr9jvr26po79e","id":"6vrr9jvr26po79e"},"id":"drp4puqb6q98vxd","previousOperationId":"1kyb27ixq6xa6ny"}
{"type":"operationEnd","operationId":"1kyb27ixq6xa6ny","timestamp":1708539617939,"id":"qgo8kcxyq9ujk0m","previousEventId":"b0zaahxsgrs0upi","previousOperationId":"1kyb27ixq6xa6ny"}
{"type":"operationStart","subtype":"recipe","name":"chrome-pdf","timestamp":1708539617939,"id":"q63qm5ywvjnhhj7","previousEventId":"qgo8kcxyq9ujk0m","operationId":"13le90g5u0ghwzp","previousOperationId":"1kyb27ixq6xa6ny"}
{"type":"log","timestamp":1708539617939,"level":"debug","message":"Executing recipe chrome-pdf","meta":{"rootId":"6vrr9jvr26po79e","id":"6vrr9jvr26po79e"},"id":"791tsx88q13l3eo","previousOperationId":"13le90g5u0ghwzp"}
{"type":"log","timestamp":1708539618920,"level":"debug","message":"Converting with chrome HeadlessChrome/117.0.5938.149 using chrome-pool strategy","meta":{"rootId":"6vrr9jvr26po79e","id":"6vrr9jvr26po79e"},"id":"zuscf081pquju8f","previousOperationId":"13le90g5u0ghwzp"}
{"type":"log","timestamp":1708539619009,"level":"debug","message":"Page request: GET (document) file:///var/folders/tp/6hccbwhd41s4hkmxw_2wkz640000gn/T/jsreport/autocleanup/9bb36888-2040-4437-a792-f8b8a008c386-chrome-pdf.html","meta":{"rootId":"6vrr9jvr26po79e","id":"6vrr9jvr26po79e"},"id":"0gjlaei1dyqok6o","previousOperationId":"13le90g5u0ghwzp"}
{"type":"log","timestamp":1708539619024,"level":"debug","message":"Page request: GET (stylesheet) https://cdnjs.cloudflare.com/ajax/libs/metro/4.1.5/css/metro.min.css","meta":{"rootId":"6vrr9jvr26po79e","id":"6vrr9jvr26po79e"},"id":"voyog672ockccvs","previousOperationId":"13le90g5u0ghwzp"}
{"type":"log","timestamp":1708539619024,"level":"debug","message":"Page request: GET (script) https://cdn.jsdelivr.net/npm/chart.js","meta":{"rootId":"6vrr9jvr26po79e","id":"6vrr9jvr26po79e"},"id":"w9jsjm6b10eele5","previousOperationId":"13le90g5u0ghwzp"}
{"type":"log","timestamp":1708539619024,"level":"debug","message":"Page request finished: GET (document) 200 file:///var/folders/tp/6hccbwhd41s4hkmxw_2wkz640000gn/T/jsreport/autocleanup/9bb36888-2040-4437-a792-f8b8a008c386-chrome-pdf.html","meta":{"rootId":"6vrr9jvr26po79e","id":"6vrr9jvr26po79e"},"id":"8rz6295kgpnl4qi","previousOperationId":"13le90g5u0ghwzp"}
{"type":"log","timestamp":1708539619402,"level":"debug","message":"Page request finished: GET (stylesheet) 200 https://cdnjs.cloudflare.com/ajax/libs/metro/4.1.5/css/metro.min.css","meta":{"rootId":"6vrr9jvr26po79e","id":"6vrr9jvr26po79e"},"id":"xgoothl5dv3ptu5","previousOperationId":"13le90g5u0ghwzp"}
{"type":"log","timestamp":1708539619444,"level":"debug","message":"Page request finished: GET (script) 200 https://cdn.jsdelivr.net/npm/chart.js","meta":{"rootId":"6vrr9jvr26po79e","id":"6vrr9jvr26po79e"},"id":"ram8zjbgjwpv164","previousOperationId":"13le90g5u0ghwzp"}
{"type":"log","timestamp":1708539619578,"level":"debug","message":"Running chrome with params {\"printBackground\":true,\"marginTop\":\"4cm\",\"marginRight\":\"1.5cm\",\"marginBottom\":\"1.5cm\",\"marginLeft\":\"1.5cm\",\"waitForJS\":false,\"timeout\":58476,\"margin\":{\"top\":\"4cm\",\"right\":\"1.5cm\",\"bottom\":\"1.5cm\",\"left\":\"1.5cm\"}}","meta":{"rootId":"6vrr9jvr26po79e","id":"6vrr9jvr26po79e"},"id":"t83r5v0bdgzsle1","previousOperationId":"13le90g5u0ghwzp"}
{"type":"operationEnd","operationId":"13le90g5u0ghwzp","timestamp":1708539619642,"id":"ychdmmiuupdpl28","previousEventId":"q63qm5ywvjnhhj7","previousOperationId":"13le90g5u0ghwzp"}
{"type":"log","timestamp":1708539619643,"level":"info","message":"pdf-utils is starting pdf processing","meta":{"rootId":"6vrr9jvr26po79e","id":"6vrr9jvr26po79e"},"id":"r6c9w1octvcff66","previousOperationId":"13le90g5u0ghwzp"}
{"type":"operationStart","subtype":"pdfUtils","name":"pdf utils","timestamp":1708539619777,"id":"lf4ep80meww7h85","previousEventId":"ychdmmiuupdpl28","operationId":"7vv25018a1qrv7p","previousOperationId":"13le90g5u0ghwzp"}
{"type":"log","timestamp":1708539619778,"level":"debug","message":"pdf-utils detected 1 pdf operation(s) to process","meta":{"rootId":"6vrr9jvr26po79e","id":"6vrr9jvr26po79e"},"id":"ymgc2t0m3yhbhvs","previousOperationId":"7vv25018a1qrv7p"}
{"type":"log","timestamp":1708539619897,"level":"debug","message":"pdf-utils running pdf operation merge","meta":{"rootId":"6vrr9jvr26po79e","id":"6vrr9jvr26po79e"},"id":"vffef78gvma0jys","previousOperationId":"7vv25018a1qrv7p"}
{"type":"operationStart","subtype":"pdfUtilsMerge","name":"pdf utils merge","previousOperationId":"7vv25018a1qrv7p","timestamp":1708539619897,"id":"c67mlacqmgvvybl","previousEventId":"lf4ep80meww7h85","operationId":"mpeibyc17x4uifq"}
{"type":"operationStart","subtype":"render","name":"orders-header","previousOperationId":"mpeibyc17x4uifq","timestamp":1708539619898,"id":"m35wzzrdxj5ztw0","previousEventId":"c67mlacqmgvvybl","operationId":"ire0qnv4i3i7xdz"}
{"type":"log","timestamp":1708539619898,"level":"info","message":"Starting rendering (child) request","meta":{"rootId":"6vrr9jvr26po79e","id":"919hcdyxyvr4x2y"},"id":"x5laocbqato2vde","previousOperationId":"ire0qnv4i3i7xdz"}
{"type":"log","timestamp":1708539619898,"level":"info","message":"Rendering template { name: orders-header, recipe: chrome-pdf, engine: handlebars, preview: false }","meta":{"rootId":"6vrr9jvr26po79e","id":"919hcdyxyvr4x2y"},"id":"bnizoxcj4thmn3b","previousOperationId":"ire0qnv4i3i7xdz"}
{"type":"log","timestamp":1708539619899,"level":"debug","message":"Inline data specified.","meta":{"rootId":"6vrr9jvr26po79e","id":"919hcdyxyvr4x2y"},"id":"3x7yms78h49xk06","previousOperationId":"ire0qnv4i3i7xdz"}
{"type":"log","timestamp":1708539619899,"level":"debug","message":"Base url not specified, skipping its injection.","meta":{"rootId":"6vrr9jvr26po79e","id":"919hcdyxyvr4x2y"},"id":"4pg4luby95vtasa","previousOperationId":"ire0qnv4i3i7xdz"}
{"type":"operationStart","subtype":"engine","name":"handlebars","timestamp":1708539619899,"id":"5rvhihx2kgh5sn9","previousEventId":"m35wzzrdxj5ztw0","operationId":"45tnk8fc0zkkfp4","previousOperationId":"ire0qnv4i3i7xdz"}
{"type":"log","timestamp":1708539619899,"level":"debug","message":"Rendering engine handlebars","meta":{"rootId":"6vrr9jvr26po79e","id":"919hcdyxyvr4x2y"},"id":"xbu28z6d8jgcycf","previousOperationId":"45tnk8fc0zkkfp4"}
{"type":"operationEnd","operationId":"45tnk8fc0zkkfp4","timestamp":1708539619939,"id":"u9krxyr512jb206","previousEventId":"5rvhihx2kgh5sn9","previousOperationId":"45tnk8fc0zkkfp4"}
{"type":"operationStart","subtype":"recipe","name":"chrome-pdf","timestamp":1708539619939,"id":"uhh5jduo3hp4lvx","previousEventId":"u9krxyr512jb206","operationId":"i13fcmrq8bkezi8","previousOperationId":"45tnk8fc0zkkfp4"}
{"type":"log","timestamp":1708539619939,"level":"debug","message":"Executing recipe chrome-pdf","meta":{"rootId":"6vrr9jvr26po79e","id":"919hcdyxyvr4x2y"},"id":"vrkgkhej1xlb3ip","previousOperationId":"i13fcmrq8bkezi8"}
{"type":"log","timestamp":1708539619940,"level":"debug","message":"Converting with chrome HeadlessChrome/117.0.5938.149 using chrome-pool strategy","meta":{"rootId":"6vrr9jvr26po79e","id":"919hcdyxyvr4x2y"},"id":"82746vxb2j77uq3","previousOperationId":"i13fcmrq8bkezi8"}
{"type":"log","timestamp":1708539619981,"level":"debug","message":"Page request: GET (document) file:///var/folders/tp/6hccbwhd41s4hkmxw_2wkz640000gn/T/jsreport/autocleanup/48ca05a2-92f7-40e7-965a-6d1066dedd0f-chrome-pdf.html","meta":{"rootId":"6vrr9jvr26po79e","id":"919hcdyxyvr4x2y"},"id":"tzyf2ydxgwdhd8y","previousOperationId":"i13fcmrq8bkezi8"}
{"type":"log","timestamp":1708539619987,"level":"debug","message":"Page request: GET (stylesheet) https://cdnjs.cloudflare.com/ajax/libs/metro/4.1.5/css/metro.min.css","meta":{"rootId":"6vrr9jvr26po79e","id":"919hcdyxyvr4x2y"},"id":"eu6do0jn0qlgyj1","previousOperationId":"i13fcmrq8bkezi8"}
{"type":"log","timestamp":1708539619987,"level":"debug","message":"Page request finished: GET (document) 200 file:///var/folders/tp/6hccbwhd41s4hkmxw_2wkz640000gn/T/jsreport/autocleanup/48ca05a2-92f7-40e7-965a-6d1066dedd0f-chrome-pdf.html","meta":{"rootId":"6vrr9jvr26po79e","id":"919hcdyxyvr4x2y"},"id":"03hw4a5syn7qe1t","previousOperationId":"i13fcmrq8bkezi8"}
{"type":"log","timestamp":1708539619995,"level":"debug","message":"Page request finished: GET (stylesheet) 200 https://cdnjs.cloudflare.com/ajax/libs/metro/4.1.5/css/metro.min.css","meta":{"rootId":"6vrr9jvr26po79e","id":"919hcdyxyvr4x2y"},"id":"asmkhopit3gxay4","previousOperationId":"i13fcmrq8bkezi8"}
{"type":"log","timestamp":1708539620014,"level":"debug","message":"Running chrome with params {\"printBackground\":true,\"marginTop\":\"1.5cm\",\"marginRight\":\"1.5cm\",\"marginLeft\":\"1.cm\",\"timeout\":56575,\"margin\":{\"top\":\"1.5cm\",\"right\":\"1.5cm\",\"left\":\"1.cm\"}}","meta":{"rootId":"6vrr9jvr26po79e","id":"919hcdyxyvr4x2y"},"id":"iy0iqkx5wlf2sej","previousOperationId":"i13fcmrq8bkezi8"}
{"type":"operationEnd","operationId":"i13fcmrq8bkezi8","timestamp":1708539620035,"id":"q78clt7gr4o9ls0","previousEventId":"uhh5jduo3hp4lvx","previousOperationId":"i13fcmrq8bkezi8"}
{"type":"log","timestamp":1708539620036,"level":"debug","message":"Skipping storing report.","meta":{"rootId":"6vrr9jvr26po79e","id":"919hcdyxyvr4x2y"},"id":"i2ndjgjwtx32jpo","previousOperationId":"i13fcmrq8bkezi8"}
{"type":"log","timestamp":1708539620036,"level":"info","message":"Rendering (child) request finished in 3521 ms","meta":{"rootId":"6vrr9jvr26po79e","id":"919hcdyxyvr4x2y"},"id":"ktc85yjlc0magsh","previousOperationId":"i13fcmrq8bkezi8"}
{"type":"operationEnd","subtype":"render","operationId":"ire0qnv4i3i7xdz","timestamp":1708539620036,"id":"f2q2yg1571hueag","previousEventId":"q78clt7gr4o9ls0","previousOperationId":"i13fcmrq8bkezi8"}
{"type":"operationEnd","operationId":"mpeibyc17x4uifq","timestamp":1708539620063,"id":"yuoz1cw2lapp9x9","previousEventId":"c67mlacqmgvvybl","previousOperationId":"mpeibyc17x4uifq"}
{"type":"log","timestamp":1708539620063,"level":"debug","message":"pdf-utils postproces start","meta":{"rootId":"6vrr9jvr26po79e","id":"6vrr9jvr26po79e"},"id":"ftt3ue64bqt4brs","previousOperationId":"mpeibyc17x4uifq"}
{"type":"log","timestamp":1708539620086,"level":"debug","message":"pdf-utils postproces end","meta":{"rootId":"6vrr9jvr26po79e","id":"6vrr9jvr26po79e"},"id":"mkttkrse9dvqvfv","previousOperationId":"mpeibyc17x4uifq"}
{"type":"operationEnd","operationId":"7vv25018a1qrv7p","timestamp":1708539620086,"id":"cg4kfa080o5llk8","previousEventId":"yuoz1cw2lapp9x9","previousOperationId":"mpeibyc17x4uifq"}
{"type":"log","timestamp":1708539620086,"level":"info","message":"pdf-utils pdf processing was finished","meta":{"rootId":"6vrr9jvr26po79e","id":"6vrr9jvr26po79e"},"id":"57poaknq2acoipe","previousOperationId":"7vv25018a1qrv7p"}
{"type":"log","timestamp":1708539620087,"level":"debug","message":"Skipping storing report.","meta":{"rootId":"6vrr9jvr26po79e","id":"6vrr9jvr26po79e"},"id":"n75lkhp8a9d93xv","previousOperationId":"7vv25018a1qrv7p"}
{"type":"log","timestamp":1708539620087,"level":"info","message":"Rendering request 1 finished in 3572 ms","meta":{"rootId":"6vrr9jvr26po79e","id":"6vrr9jvr26po79e"},"id":"x0dl35iclrpg2tj","previousOperationId":"7vv25018a1qrv7p"}
{"type":"operationEnd","subtype":"render","operationId":"20g416c26h6wf8q","timestamp":1708539620087,"id":"uuzxffsth5l0ynp","previousEventId":"cg4kfa080o5llk8","previousOperationId":"7vv25018a1qrv7p"}
{"type":"operationEnd","doDiffs":false,"previousEventId":"qaynj2sc0d2241p","previousOperationId":"g3gm5glb8m377mj","operationId":"g3gm5glb8m377mj","timestamp":1708539620089,"id":"sxu8x045e4klrfs"}
