{"type":"operationStart","subtype":"profile","data":{"_id":"Jik8EZcL4QrrVX2x","timestamp":"2024-01-18T17:00:42.279Z","state":"queued","mode":"standard","creationDate":"2024-01-18T17:00:42.281Z","modificationDate":"2024-01-18T17:00:42.281Z","shortid":"aXx-1jf","$entitySet":"profiles"},"doDiffs":false,"timestamp":1705597242279,"id":"sa573hgq7158lj4","previousOperationId":null,"operationId":"oc6pyesvli0l1ho"}
{"type":"log","level":"info","message":"Render request 4 queued for execution and waiting for available worker","previousOperationId":"oc6pyesvli0l1ho","timestamp":1705597242279,"id":"t0y7bxro5r5sial"}
{"type":"operationStart","subtype":"render","name":"orders-main","previousOperationId":"oc6pyesvli0l1ho","timestamp":1705597242287,"id":"ydav9engyl4fc6t","previousEventId":"sa573hgq7158lj4","operationId":"70530c5kxcjdjlt"}
{"type":"log","timestamp":1705597242287,"level":"info","message":"Starting rendering request 4","meta":{"rootId":"71psw8kdz5au22a","id":"71psw8kdz5au22a"},"id":"5evbgvlmlsa2ycp","previousOperationId":"70530c5kxcjdjlt"}
{"type":"log","timestamp":1705597242287,"level":"info","message":"Rendering template { name: orders-main, recipe: chrome-pdf, engine: handlebars, preview: true }","meta":{"rootId":"71psw8kdz5au22a","id":"71psw8kdz5au22a"},"id":"0xumt5enjb7apmt","previousOperationId":"70530c5kxcjdjlt"}
{"type":"log","timestamp":1705597242288,"level":"debug","message":"Data item not defined for this template.","meta":{"rootId":"71psw8kdz5au22a","id":"71psw8kdz5au22a"},"id":"h74yhmqym5ui2o2","previousOperationId":"70530c5kxcjdjlt"}
{"type":"log","timestamp":1705597242289,"level":"debug","message":"Executing script orders-script (beforeRender)","meta":{"rootId":"71psw8kdz5au22a","id":"71psw8kdz5au22a"},"id":"kgdf2epju4w1ow0","previousOperationId":"70530c5kxcjdjlt"}
{"type":"operationStart","subtype":"scriptsBeforeRender","name":"scripts beforeRender","timestamp":1705597242312,"id":"loyo59ks4wimxdw","previousEventId":"ydav9engyl4fc6t","operationId":"3myu527merii1wl","previousOperationId":"70530c5kxcjdjlt"}
{"type":"operationStart","subtype":"script","name":"scripts orders-script","previousOperationId":"3myu527merii1wl","timestamp":1705597242312,"id":"0zg2q8keauyffh8","previousEventId":"loyo59ks4wimxdw","operationId":"3z9x2qig77r0wb2"}
{"type":"log","timestamp":1705597242329,"level":"debug","message":"(console:log) [\"Race1\",\"Race2\"]","meta":{"userLevel":true,"rootId":"71psw8kdz5au22a","id":"71psw8kdz5au22a"},"id":"fn4gqocoxzxt0xe","previousOperationId":"3z9x2qig77r0wb2"}
{"type":"log","timestamp":1705597242329,"level":"debug","message":"(console:log) [2,1]","meta":{"userLevel":true,"rootId":"71psw8kdz5au22a","id":"71psw8kdz5au22a"},"id":"lhmkwk5pn77nev0","previousOperationId":"3z9x2qig77r0wb2"}
{"type":"operationEnd","operationId":"3z9x2qig77r0wb2","timestamp":1705597242329,"id":"fl6uvys7fxqod39","previousEventId":"ydav9engyl4fc6t","previousOperationId":"70530c5kxcjdjlt"}
{"type":"operationEnd","operationId":"3myu527merii1wl","timestamp":1705597242330,"id":"hyeffvu67lgmkw5","previousEventId":"fl6uvys7fxqod39","previousOperationId":"70530c5kxcjdjlt"}
{"type":"log","timestamp":1705597242330,"level":"debug","message":"Base url not specified, skipping its injection.","meta":{"rootId":"71psw8kdz5au22a","id":"71psw8kdz5au22a"},"id":"xa4po5ofga38re1","previousOperationId":"3myu527merii1wl"}
{"type":"operationStart","subtype":"engine","name":"handlebars","timestamp":1705597242330,"id":"jn0txk201u5klbl","previousEventId":"hyeffvu67lgmkw5","operationId":"30cv6uf621ulrzd","previousOperationId":"3myu527merii1wl"}
{"type":"log","timestamp":1705597242330,"level":"debug","message":"Rendering engine handlebars","meta":{"rootId":"71psw8kdz5au22a","id":"71psw8kdz5au22a"},"id":"5lgb13wuhjlec3s","previousOperationId":"30cv6uf621ulrzd"}
{"type":"log","timestamp":1705597242340,"level":"debug","message":"(console:log) Pdf utils adding group field, value: \"Race1\"","meta":{"userLevel":true,"rootId":"71psw8kdz5au22a","id":"71psw8kdz5au22a"},"id":"b3550viga7w8wbs","previousOperationId":"30cv6uf621ulrzd"}
{"type":"log","timestamp":1705597242340,"level":"debug","message":"(console:log) Pdf utils adding group field, value: \"Race2\"","meta":{"userLevel":true,"rootId":"71psw8kdz5au22a","id":"71psw8kdz5au22a"},"id":"zlg9g1b2n8iespp","previousOperationId":"30cv6uf621ulrzd"}
{"type":"operationEnd","operationId":"30cv6uf621ulrzd","timestamp":1705597242340,"id":"010wsum8shrxuhc","previousEventId":"jn0txk201u5klbl","previousOperationId":"30cv6uf621ulrzd"}
{"type":"operationStart","subtype":"recipe","name":"chrome-pdf","timestamp":1705597242340,"id":"ppf1eeqwrmpu3jv","previousEventId":"010wsum8shrxuhc","operationId":"r2b2f8jtcisvdl7","previousOperationId":"30cv6uf621ulrzd"}
{"type":"log","timestamp":1705597242340,"level":"debug","message":"Executing recipe chrome-pdf","meta":{"rootId":"71psw8kdz5au22a","id":"71psw8kdz5au22a"},"id":"lcbia785pqb4fgr","previousOperationId":"r2b2f8jtcisvdl7"}
{"type":"log","timestamp":1705597242342,"level":"debug","message":"Converting with chrome HeadlessChrome/117.0.5938.149 using chrome-pool strategy","meta":{"rootId":"71psw8kdz5au22a","id":"71psw8kdz5au22a"},"id":"43qghh2ad9dl13i","previousOperationId":"r2b2f8jtcisvdl7"}
{"type":"log","timestamp":1705597242409,"level":"debug","message":"Page request: GET (document) file:///C:/Users/DANIEL~1/AppData/Local/Temp/jsreport/autocleanup/12fcb191-5b4f-4f2d-81ca-6313eb45e6d0-chrome-pdf.html","meta":{"rootId":"71psw8kdz5au22a","id":"71psw8kdz5au22a"},"id":"xddgqnqvxyjxbw5","previousOperationId":"r2b2f8jtcisvdl7"}
{"type":"log","timestamp":1705597242428,"level":"debug","message":"Page request: GET (stylesheet) https://cdnjs.cloudflare.com/ajax/libs/metro/4.1.5/css/metro.min.css","meta":{"rootId":"71psw8kdz5au22a","id":"71psw8kdz5au22a"},"id":"fr7efsy7e6buuef","previousOperationId":"r2b2f8jtcisvdl7"}
{"type":"log","timestamp":1705597242428,"level":"debug","message":"Page request: GET (script) https://cdnjs.cloudflare.com/ajax/libs/Chart.js/2.9.4/Chart.js","meta":{"rootId":"71psw8kdz5au22a","id":"71psw8kdz5au22a"},"id":"w82i579v5omto0a","previousOperationId":"r2b2f8jtcisvdl7"}
{"type":"log","timestamp":1705597242428,"level":"debug","message":"Page request finished: GET (document) 200 file:///C:/Users/DANIEL~1/AppData/Local/Temp/jsreport/autocleanup/12fcb191-5b4f-4f2d-81ca-6313eb45e6d0-chrome-pdf.html","meta":{"rootId":"71psw8kdz5au22a","id":"71psw8kdz5au22a"},"id":"f2mg5whl1fok4os","previousOperationId":"r2b2f8jtcisvdl7"}
{"type":"log","timestamp":1705597242442,"level":"debug","message":"Page request finished: GET (stylesheet) 200 https://cdnjs.cloudflare.com/ajax/libs/metro/4.1.5/css/metro.min.css","meta":{"rootId":"71psw8kdz5au22a","id":"71psw8kdz5au22a"},"id":"7t9n2hrjvxvx9g5","previousOperationId":"r2b2f8jtcisvdl7"}
{"type":"log","timestamp":1705597242443,"level":"debug","message":"Page request finished: GET (script) 200 https://cdnjs.cloudflare.com/ajax/libs/Chart.js/2.9.4/Chart.js","meta":{"rootId":"71psw8kdz5au22a","id":"71psw8kdz5au22a"},"id":"f8bwwb95h43bz0o","previousOperationId":"r2b2f8jtcisvdl7"}
{"type":"log","timestamp":1705597242450,"level":"warn","message":"Page error: Unexpected token '&' , stack: SyntaxError: Unexpected token '&'","meta":{"rootId":"71psw8kdz5au22a","id":"71psw8kdz5au22a"},"id":"5eiixxrvpeeu0u7","previousOperationId":"r2b2f8jtcisvdl7"}
{"type":"log","timestamp":1705597242472,"level":"debug","message":"Running chrome with params {\"printBackground\":true,\"marginTop\":\"4cm\",\"marginRight\":\"1.5cm\",\"marginBottom\":\"1.5cm\",\"marginLeft\":\"1.5cm\",\"waitForJS\":false,\"timeout\":59937,\"margin\":{\"top\":\"4cm\",\"right\":\"1.5cm\",\"bottom\":\"1.5cm\",\"left\":\"1.5cm\"}}","meta":{"rootId":"71psw8kdz5au22a","id":"71psw8kdz5au22a"},"id":"iumi8ia1q85mvam","previousOperationId":"r2b2f8jtcisvdl7"}
{"type":"operationEnd","operationId":"r2b2f8jtcisvdl7","timestamp":1705597242533,"id":"1yxbxc5jpubt9sf","previousEventId":"ppf1eeqwrmpu3jv","previousOperationId":"r2b2f8jtcisvdl7"}
{"type":"log","timestamp":1705597242533,"level":"info","message":"pdf-utils is starting pdf processing","meta":{"rootId":"71psw8kdz5au22a","id":"71psw8kdz5au22a"},"id":"6g21gcprntx49zk","previousOperationId":"r2b2f8jtcisvdl7"}
{"type":"operationStart","subtype":"pdfUtils","name":"pdf utils","timestamp":1705597242533,"id":"2siarahmgerh76l","previousEventId":"1yxbxc5jpubt9sf","operationId":"1js55mjlv443co0","previousOperationId":"r2b2f8jtcisvdl7"}
{"type":"log","timestamp":1705597242533,"level":"debug","message":"pdf-utils detected 1 pdf operation(s) to process","meta":{"rootId":"71psw8kdz5au22a","id":"71psw8kdz5au22a"},"id":"uzfssxhmo5r8c12","previousOperationId":"1js55mjlv443co0"}
{"type":"log","timestamp":1705597242561,"level":"debug","message":"pdf-utils running pdf operation merge","meta":{"rootId":"71psw8kdz5au22a","id":"71psw8kdz5au22a"},"id":"z99pw3piq4tgn74","previousOperationId":"1js55mjlv443co0"}
{"type":"operationStart","subtype":"pdfUtilsMerge","name":"pdf utils merge","previousOperationId":"1js55mjlv443co0","timestamp":1705597242561,"id":"zw20rjn1d9mb32c","previousEventId":"2siarahmgerh76l","operationId":"je84w3tjrwoorxj"}
{"type":"operationStart","subtype":"render","name":"orders-header","previousOperationId":"je84w3tjrwoorxj","timestamp":1705597242562,"id":"ttkr90y04okhoar","previousEventId":"zw20rjn1d9mb32c","operationId":"lt10q6i22qkbzwf"}
{"type":"log","timestamp":1705597242562,"level":"info","message":"Starting rendering (child) request","meta":{"rootId":"71psw8kdz5au22a","id":"u68bcy073k3gzk2"},"id":"lcndubgu6yrgzyg","previousOperationId":"lt10q6i22qkbzwf"}
{"type":"log","timestamp":1705597242562,"level":"info","message":"Rendering template { name: orders-header, recipe: chrome-pdf, engine: handlebars, preview: true }","meta":{"rootId":"71psw8kdz5au22a","id":"u68bcy073k3gzk2"},"id":"qobdmgilmw1k03q","previousOperationId":"lt10q6i22qkbzwf"}
{"type":"log","timestamp":1705597242563,"level":"debug","message":"Inline data specified.","meta":{"rootId":"71psw8kdz5au22a","id":"u68bcy073k3gzk2"},"id":"12ri86snpnjn3yf","previousOperationId":"lt10q6i22qkbzwf"}
{"type":"log","timestamp":1705597242564,"level":"debug","message":"Base url not specified, skipping its injection.","meta":{"rootId":"71psw8kdz5au22a","id":"u68bcy073k3gzk2"},"id":"dubi4nnqxtvdd6t","previousOperationId":"lt10q6i22qkbzwf"}
{"type":"operationStart","subtype":"engine","name":"handlebars","timestamp":1705597242565,"id":"d5vmwdg6noficsw","previousEventId":"ttkr90y04okhoar","operationId":"lupefq2nvfvwton","previousOperationId":"lt10q6i22qkbzwf"}
{"type":"log","timestamp":1705597242565,"level":"debug","message":"Rendering engine handlebars","meta":{"rootId":"71psw8kdz5au22a","id":"u68bcy073k3gzk2"},"id":"l6ejgq7rjg4rocr","previousOperationId":"lupefq2nvfvwton"}
{"type":"operationEnd","operationId":"lupefq2nvfvwton","timestamp":1705597242579,"id":"x2bgxpcmnlnujue","previousEventId":"d5vmwdg6noficsw","previousOperationId":"lupefq2nvfvwton"}
{"type":"operationStart","subtype":"recipe","name":"chrome-pdf","timestamp":1705597242580,"id":"ltswmzquulhhqtn","previousEventId":"x2bgxpcmnlnujue","operationId":"lred7t5huhdd6vh","previousOperationId":"lupefq2nvfvwton"}
{"type":"log","timestamp":1705597242580,"level":"debug","message":"Executing recipe chrome-pdf","meta":{"rootId":"71psw8kdz5au22a","id":"u68bcy073k3gzk2"},"id":"b7cbk3zuntu2ls9","previousOperationId":"lred7t5huhdd6vh"}
{"type":"log","timestamp":1705597242582,"level":"debug","message":"Converting with chrome HeadlessChrome/117.0.5938.149 using chrome-pool strategy","meta":{"rootId":"71psw8kdz5au22a","id":"u68bcy073k3gzk2"},"id":"mqru92aknzgmy06","previousOperationId":"lred7t5huhdd6vh"}
{"type":"log","timestamp":1705597242648,"level":"debug","message":"Page request: GET (document) file:///C:/Users/DANIEL~1/AppData/Local/Temp/jsreport/autocleanup/fbe0d225-b307-4bfd-bf18-d0b53524829c-chrome-pdf.html","meta":{"rootId":"71psw8kdz5au22a","id":"u68bcy073k3gzk2"},"id":"pldx70h0akywyh1","previousOperationId":"lred7t5huhdd6vh"}
{"type":"log","timestamp":1705597242656,"level":"debug","message":"Page request: GET (stylesheet) https://cdnjs.cloudflare.com/ajax/libs/metro/4.1.5/css/metro.min.css","meta":{"rootId":"71psw8kdz5au22a","id":"u68bcy073k3gzk2"},"id":"o7korcwxn2ztuyl","previousOperationId":"lred7t5huhdd6vh"}
{"type":"log","timestamp":1705597242657,"level":"debug","message":"Page request finished: GET (document) 200 file:///C:/Users/DANIEL~1/AppData/Local/Temp/jsreport/autocleanup/fbe0d225-b307-4bfd-bf18-d0b53524829c-chrome-pdf.html","meta":{"rootId":"71psw8kdz5au22a","id":"u68bcy073k3gzk2"},"id":"35xnmebt7xare9q","previousOperationId":"lred7t5huhdd6vh"}
{"type":"log","timestamp":1705597242669,"level":"debug","message":"Page request finished: GET (stylesheet) 200 https://cdnjs.cloudflare.com/ajax/libs/metro/4.1.5/css/metro.min.css","meta":{"rootId":"71psw8kdz5au22a","id":"u68bcy073k3gzk2"},"id":"q61rw398ds9zr3j","previousOperationId":"lred7t5huhdd6vh"}
{"type":"log","timestamp":1705597242688,"level":"debug","message":"Running chrome with params {\"printBackground\":true,\"marginTop\":\"1.5cm\",\"marginRight\":\"1.5cm\",\"marginLeft\":\"1.cm\",\"timeout\":59697,\"margin\":{\"top\":\"1.5cm\",\"right\":\"1.5cm\",\"left\":\"1.cm\"}}","meta":{"rootId":"71psw8kdz5au22a","id":"u68bcy073k3gzk2"},"id":"m2cjb7zqe8ie4vq","previousOperationId":"lred7t5huhdd6vh"}
{"type":"operationEnd","operationId":"lred7t5huhdd6vh","timestamp":1705597242718,"id":"8hy6vovdpvmew8w","previousEventId":"ltswmzquulhhqtn","previousOperationId":"lred7t5huhdd6vh"}
{"type":"log","timestamp":1705597242719,"level":"debug","message":"Skipping storing report.","meta":{"rootId":"71psw8kdz5au22a","id":"u68bcy073k3gzk2"},"id":"sxonr2igbremb1v","previousOperationId":"lred7t5huhdd6vh"}
{"type":"log","timestamp":1705597242719,"level":"info","message":"Rendering (child) request finished in 441 ms","meta":{"rootId":"71psw8kdz5au22a","id":"u68bcy073k3gzk2"},"id":"0wzko70uuk6kvly","previousOperationId":"lred7t5huhdd6vh"}
{"type":"operationEnd","subtype":"render","operationId":"lt10q6i22qkbzwf","timestamp":1705597242719,"id":"votn4drbdii6qa1","previousEventId":"8hy6vovdpvmew8w","previousOperationId":"lred7t5huhdd6vh"}
{"type":"operationEnd","operationId":"je84w3tjrwoorxj","timestamp":1705597242729,"id":"67haqwlxf25nlv8","previousEventId":"zw20rjn1d9mb32c","previousOperationId":"je84w3tjrwoorxj"}
{"type":"log","timestamp":1705597242729,"level":"debug","message":"pdf-utils postproces start","meta":{"rootId":"71psw8kdz5au22a","id":"71psw8kdz5au22a"},"id":"5e3tjuril5pa2mz","previousOperationId":"je84w3tjrwoorxj"}
{"type":"log","timestamp":1705597242739,"level":"debug","message":"pdf-utils postproces end","meta":{"rootId":"71psw8kdz5au22a","id":"71psw8kdz5au22a"},"id":"rwu1cnf2tnrc0ib","previousOperationId":"je84w3tjrwoorxj"}
{"type":"operationEnd","operationId":"1js55mjlv443co0","timestamp":1705597242739,"id":"w4ugejzcdw7g01k","previousEventId":"67haqwlxf25nlv8","previousOperationId":"je84w3tjrwoorxj"}
{"type":"log","timestamp":1705597242739,"level":"info","message":"pdf-utils pdf processing was finished","meta":{"rootId":"71psw8kdz5au22a","id":"71psw8kdz5au22a"},"id":"e5fy9ynxwx0eloz","previousOperationId":"1js55mjlv443co0"}
{"type":"log","timestamp":1705597242739,"level":"debug","message":"Skipping storing report.","meta":{"rootId":"71psw8kdz5au22a","id":"71psw8kdz5au22a"},"id":"fv5e4laclfefpei","previousOperationId":"1js55mjlv443co0"}
{"type":"log","timestamp":1705597242739,"level":"info","message":"Rendering request 4 finished in 461 ms","meta":{"rootId":"71psw8kdz5au22a","id":"71psw8kdz5au22a"},"id":"ibb78pdid1wffhk","previousOperationId":"1js55mjlv443co0"}
{"type":"operationEnd","subtype":"render","operationId":"70530c5kxcjdjlt","timestamp":1705597242739,"id":"8olj2k6pzpwxpxa","previousEventId":"w4ugejzcdw7g01k","previousOperationId":"1js55mjlv443co0"}
{"type":"operationEnd","doDiffs":false,"previousEventId":"sa573hgq7158lj4","previousOperationId":"oc6pyesvli0l1ho","operationId":"oc6pyesvli0l1ho","timestamp":1705597242747,"id":"q67brsx4i5t2lbg"}
