{"type":"operationStart","subtype":"profile","data":{"_id":"8bPq3URS8UAifiOI","timestamp":"2024-01-18T18:15:49.518Z","state":"queued","mode":"standard","creationDate":"2024-01-18T18:15:49.520Z","modificationDate":"2024-01-18T18:15:49.520Z","shortid":"pmv5xoH","$entitySet":"profiles"},"doDiffs":false,"timestamp":1705601749519,"id":"nphttpjjn1g9qdo","previousOperationId":null,"operationId":"5cx665fab30q3o4"}
{"type":"log","level":"info","message":"Render request 27 queued for execution and waiting for available worker","previousOperationId":"5cx665fab30q3o4","timestamp":1705601749519,"id":"iujz0l6tyakevp3"}
{"type":"operationStart","subtype":"render","name":"orders-main","previousOperationId":"5cx665fab30q3o4","timestamp":1705601749526,"id":"log7yci1sutrt8p","previousEventId":"nphttpjjn1g9qdo","operationId":"zwvksedrg12lhlr"}
{"type":"log","timestamp":1705601749526,"level":"info","message":"Starting rendering request 27","meta":{"rootId":"75jnwa1g58882gy","id":"75jnwa1g58882gy"},"id":"ps90ub3mlf61n1k","previousOperationId":"zwvksedrg12lhlr"}
{"type":"log","timestamp":1705601749526,"level":"info","message":"Rendering template { name: orders-main, recipe: chrome-pdf, engine: handlebars, preview: true }","meta":{"rootId":"75jnwa1g58882gy","id":"75jnwa1g58882gy"},"id":"cfc6ynz6052537m","previousOperationId":"zwvksedrg12lhlr"}
{"type":"log","timestamp":1705601749526,"level":"debug","message":"Data item not defined for this template.","meta":{"rootId":"75jnwa1g58882gy","id":"75jnwa1g58882gy"},"id":"do31cf4ue23iz0g","previousOperationId":"zwvksedrg12lhlr"}
{"type":"log","timestamp":1705601749528,"level":"debug","message":"Executing script orders-script (beforeRender)","meta":{"rootId":"75jnwa1g58882gy","id":"75jnwa1g58882gy"},"id":"0w27qs40qcgombr","previousOperationId":"zwvksedrg12lhlr"}
{"type":"operationStart","subtype":"scriptsBeforeRender","name":"scripts beforeRender","timestamp":1705601749538,"id":"jpqbbv0rphj4c38","previousEventId":"log7yci1sutrt8p","operationId":"v6vk3ke6t5z2awg","previousOperationId":"zwvksedrg12lhlr"}
{"type":"operationStart","subtype":"script","name":"scripts orders-script","previousOperationId":"v6vk3ke6t5z2awg","timestamp":1705601749538,"id":"9i4wbkryh8mprgv","previousEventId":"jpqbbv0rphj4c38","operationId":"wldg00n5wl9maz6"}
{"type":"log","timestamp":1705601749548,"level":"debug","message":"(console:log) [ 'Race1', 'Race2' ]","meta":{"userLevel":true,"rootId":"75jnwa1g58882gy","id":"75jnwa1g58882gy"},"id":"4t2m6s0flndhssl","previousOperationId":"wldg00n5wl9maz6"}
{"type":"log","timestamp":1705601749548,"level":"debug","message":"(console:log) [ 2, 1 ]","meta":{"userLevel":true,"rootId":"75jnwa1g58882gy","id":"75jnwa1g58882gy"},"id":"vtdnk8sk2dqfyzk","previousOperationId":"wldg00n5wl9maz6"}
{"type":"operationEnd","operationId":"wldg00n5wl9maz6","timestamp":1705601749549,"id":"xy3cb5oksgncxub","previousEventId":"log7yci1sutrt8p","previousOperationId":"zwvksedrg12lhlr"}
{"type":"operationEnd","operationId":"v6vk3ke6t5z2awg","timestamp":1705601749549,"id":"xfkqtv4sd7fyo0c","previousEventId":"xy3cb5oksgncxub","previousOperationId":"zwvksedrg12lhlr"}
{"type":"log","timestamp":1705601749549,"level":"debug","message":"Base url not specified, skipping its injection.","meta":{"rootId":"75jnwa1g58882gy","id":"75jnwa1g58882gy"},"id":"gwssqkkrzvycakl","previousOperationId":"v6vk3ke6t5z2awg"}
{"type":"operationStart","subtype":"engine","name":"handlebars","timestamp":1705601749549,"id":"mkks4md285531bw","previousEventId":"xfkqtv4sd7fyo0c","operationId":"w040eqkh405rirt","previousOperationId":"v6vk3ke6t5z2awg"}
{"type":"log","timestamp":1705601749549,"level":"debug","message":"Rendering engine handlebars","meta":{"rootId":"75jnwa1g58882gy","id":"75jnwa1g58882gy"},"id":"mdhid18hggm7bcn","previousOperationId":"w040eqkh405rirt"}
{"type":"log","timestamp":1705601749559,"level":"debug","message":"(console:log) Pdf utils adding group field, value: \"Race1\"","meta":{"userLevel":true,"rootId":"75jnwa1g58882gy","id":"75jnwa1g58882gy"},"id":"u2knrnvlwtwg6zs","previousOperationId":"w040eqkh405rirt"}
{"type":"log","timestamp":1705601749559,"level":"debug","message":"(console:log) Pdf utils adding group field, value: \"Race2\"","meta":{"userLevel":true,"rootId":"75jnwa1g58882gy","id":"75jnwa1g58882gy"},"id":"v4223yske213wk4","previousOperationId":"w040eqkh405rirt"}
{"type":"operationEnd","operationId":"w040eqkh405rirt","timestamp":1705601749559,"id":"57dotb9h4s8cy1r","previousEventId":"mkks4md285531bw","previousOperationId":"w040eqkh405rirt"}
{"type":"operationStart","subtype":"recipe","name":"chrome-pdf","timestamp":1705601749560,"id":"9jnl9sxl7d1nozi","previousEventId":"57dotb9h4s8cy1r","operationId":"38kcou255gafcep","previousOperationId":"w040eqkh405rirt"}
{"type":"log","timestamp":1705601749560,"level":"debug","message":"Executing recipe chrome-pdf","meta":{"rootId":"75jnwa1g58882gy","id":"75jnwa1g58882gy"},"id":"1c53mx2g7jpcf4c","previousOperationId":"38kcou255gafcep"}
{"type":"log","timestamp":1705601749562,"level":"debug","message":"Converting with chrome HeadlessChrome/117.0.5938.149 using chrome-pool strategy","meta":{"rootId":"75jnwa1g58882gy","id":"75jnwa1g58882gy"},"id":"9yqmr3pr0bowcb2","previousOperationId":"38kcou255gafcep"}
{"type":"log","timestamp":1705601749632,"level":"debug","message":"Page request: GET (document) file:///C:/Users/DANIEL~1/AppData/Local/Temp/jsreport/autocleanup/edde0796-78e1-4345-89dd-6529549039b2-chrome-pdf.html","meta":{"rootId":"75jnwa1g58882gy","id":"75jnwa1g58882gy"},"id":"vzousxre64x6qfc","previousOperationId":"38kcou255gafcep"}
{"type":"log","timestamp":1705601749651,"level":"debug","message":"Page request: GET (stylesheet) https://cdnjs.cloudflare.com/ajax/libs/metro/4.1.5/css/metro.min.css","meta":{"rootId":"75jnwa1g58882gy","id":"75jnwa1g58882gy"},"id":"i1jj7oll2ltz07l","previousOperationId":"38kcou255gafcep"}
{"type":"log","timestamp":1705601749651,"level":"debug","message":"Page request: GET (script) https://cdn.jsdelivr.net/npm/chart.js","meta":{"rootId":"75jnwa1g58882gy","id":"75jnwa1g58882gy"},"id":"zaxua44asy5ai2d","previousOperationId":"38kcou255gafcep"}
{"type":"log","timestamp":1705601749651,"level":"debug","message":"Page request finished: GET (document) 200 file:///C:/Users/DANIEL~1/AppData/Local/Temp/jsreport/autocleanup/edde0796-78e1-4345-89dd-6529549039b2-chrome-pdf.html","meta":{"rootId":"75jnwa1g58882gy","id":"75jnwa1g58882gy"},"id":"fgbroc6be828wxv","previousOperationId":"38kcou255gafcep"}
{"type":"log","timestamp":1705601749657,"level":"debug","message":"Page request finished: GET (script) 200 https://cdn.jsdelivr.net/npm/chart.js","meta":{"rootId":"75jnwa1g58882gy","id":"75jnwa1g58882gy"},"id":"ycsnb1dbt455ghk","previousOperationId":"38kcou255gafcep"}
{"type":"log","timestamp":1705601749668,"level":"debug","message":"Page request finished: GET (stylesheet) 200 https://cdnjs.cloudflare.com/ajax/libs/metro/4.1.5/css/metro.min.css","meta":{"rootId":"75jnwa1g58882gy","id":"75jnwa1g58882gy"},"id":"4wbp8ymwy39tkqp","previousOperationId":"38kcou255gafcep"}
{"type":"log","timestamp":1705601749671,"level":"warn","message":"Page error: Unexpected identifier 'Object' , stack: SyntaxError: Unexpected identifier 'Object'","meta":{"rootId":"75jnwa1g58882gy","id":"75jnwa1g58882gy"},"id":"q8e7ox7k0ih9h81","previousOperationId":"38kcou255gafcep"}
{"type":"log","timestamp":1705601749696,"level":"debug","message":"Running chrome with params {\"printBackground\":true,\"marginTop\":\"4cm\",\"marginRight\":\"1.5cm\",\"marginBottom\":\"1.5cm\",\"marginLeft\":\"1.5cm\",\"waitForJS\":false,\"timeout\":59957,\"margin\":{\"top\":\"4cm\",\"right\":\"1.5cm\",\"bottom\":\"1.5cm\",\"left\":\"1.5cm\"}}","meta":{"rootId":"75jnwa1g58882gy","id":"75jnwa1g58882gy"},"id":"zgytrlke3q0atym","previousOperationId":"38kcou255gafcep"}
{"type":"operationEnd","operationId":"38kcou255gafcep","timestamp":1705601749758,"id":"9rqe331x7drso48","previousEventId":"9jnl9sxl7d1nozi","previousOperationId":"38kcou255gafcep"}
{"type":"log","timestamp":1705601749758,"level":"info","message":"pdf-utils is starting pdf processing","meta":{"rootId":"75jnwa1g58882gy","id":"75jnwa1g58882gy"},"id":"i8mhh6kuo5esaww","previousOperationId":"38kcou255gafcep"}
{"type":"operationStart","subtype":"pdfUtils","name":"pdf utils","timestamp":1705601749758,"id":"xymsz4njmzjyh7t","previousEventId":"9rqe331x7drso48","operationId":"avw5iwzleotuzw7","previousOperationId":"38kcou255gafcep"}
{"type":"log","timestamp":1705601749758,"level":"debug","message":"pdf-utils detected 1 pdf operation(s) to process","meta":{"rootId":"75jnwa1g58882gy","id":"75jnwa1g58882gy"},"id":"lwxyradwziohjw6","previousOperationId":"avw5iwzleotuzw7"}
{"type":"log","timestamp":1705601749777,"level":"debug","message":"pdf-utils running pdf operation merge","meta":{"rootId":"75jnwa1g58882gy","id":"75jnwa1g58882gy"},"id":"cgcwv82zselfmqw","previousOperationId":"avw5iwzleotuzw7"}
{"type":"operationStart","subtype":"pdfUtilsMerge","name":"pdf utils merge","previousOperationId":"avw5iwzleotuzw7","timestamp":1705601749777,"id":"ialbwx6u6ch27bi","previousEventId":"xymsz4njmzjyh7t","operationId":"ynshuiwxihh88o1"}
{"type":"operationStart","subtype":"render","name":"orders-header","previousOperationId":"ynshuiwxihh88o1","timestamp":1705601749787,"id":"rvoi86pjfozfj3d","previousEventId":"ialbwx6u6ch27bi","operationId":"l7zpqfmbatmpw1a"}
{"type":"log","timestamp":1705601749787,"level":"info","message":"Starting rendering (child) request","meta":{"rootId":"75jnwa1g58882gy","id":"uzzevtaoa01auo6"},"id":"4h1nbxfonaykttp","previousOperationId":"l7zpqfmbatmpw1a"}
{"type":"log","timestamp":1705601749787,"level":"info","message":"Rendering template { name: orders-header, recipe: chrome-pdf, engine: handlebars, preview: true }","meta":{"rootId":"75jnwa1g58882gy","id":"uzzevtaoa01auo6"},"id":"mzk78cyjni42fra","previousOperationId":"l7zpqfmbatmpw1a"}
{"type":"log","timestamp":1705601749789,"level":"debug","message":"Inline data specified.","meta":{"rootId":"75jnwa1g58882gy","id":"uzzevtaoa01auo6"},"id":"wnyc9owd48w55ug","previousOperationId":"l7zpqfmbatmpw1a"}
{"type":"log","timestamp":1705601749791,"level":"debug","message":"Base url not specified, skipping its injection.","meta":{"rootId":"75jnwa1g58882gy","id":"uzzevtaoa01auo6"},"id":"czpgw1x3zwxy708","previousOperationId":"l7zpqfmbatmpw1a"}
{"type":"operationStart","subtype":"engine","name":"handlebars","timestamp":1705601749791,"id":"2oouxytq1gcwgj9","previousEventId":"rvoi86pjfozfj3d","operationId":"7gnnp4tbsadz1ue","previousOperationId":"l7zpqfmbatmpw1a"}
{"type":"log","timestamp":1705601749791,"level":"debug","message":"Rendering engine handlebars","meta":{"rootId":"75jnwa1g58882gy","id":"uzzevtaoa01auo6"},"id":"p1jqt9ffrfhjbb5","previousOperationId":"7gnnp4tbsadz1ue"}
{"type":"operationEnd","operationId":"7gnnp4tbsadz1ue","timestamp":1705601749803,"id":"f4uleyar7fj2pat","previousEventId":"2oouxytq1gcwgj9","previousOperationId":"7gnnp4tbsadz1ue"}
{"type":"operationStart","subtype":"recipe","name":"chrome-pdf","timestamp":1705601749803,"id":"ir099g1vlzk8ebe","previousEventId":"f4uleyar7fj2pat","operationId":"o7btsaaf7f6hk1k","previousOperationId":"7gnnp4tbsadz1ue"}
{"type":"log","timestamp":1705601749803,"level":"debug","message":"Executing recipe chrome-pdf","meta":{"rootId":"75jnwa1g58882gy","id":"uzzevtaoa01auo6"},"id":"zk90daayvprfk2u","previousOperationId":"o7btsaaf7f6hk1k"}
{"type":"log","timestamp":1705601749805,"level":"debug","message":"Converting with chrome HeadlessChrome/117.0.5938.149 using chrome-pool strategy","meta":{"rootId":"75jnwa1g58882gy","id":"uzzevtaoa01auo6"},"id":"i51kdohakxbpme1","previousOperationId":"o7btsaaf7f6hk1k"}
{"type":"log","timestamp":1705601749872,"level":"debug","message":"Page request: GET (document) file:///C:/Users/DANIEL~1/AppData/Local/Temp/jsreport/autocleanup/0202f442-461e-4e74-b71d-454acc4e3bd1-chrome-pdf.html","meta":{"rootId":"75jnwa1g58882gy","id":"uzzevtaoa01auo6"},"id":"qlq1eqfuuqx8e1n","previousOperationId":"o7btsaaf7f6hk1k"}
{"type":"log","timestamp":1705601749881,"level":"debug","message":"Page request: GET (stylesheet) https://cdnjs.cloudflare.com/ajax/libs/metro/4.1.5/css/metro.min.css","meta":{"rootId":"75jnwa1g58882gy","id":"uzzevtaoa01auo6"},"id":"9jl8allwv5d7ipp","previousOperationId":"o7btsaaf7f6hk1k"}
{"type":"log","timestamp":1705601749882,"level":"debug","message":"Page request finished: GET (document) 200 file:///C:/Users/DANIEL~1/AppData/Local/Temp/jsreport/autocleanup/0202f442-461e-4e74-b71d-454acc4e3bd1-chrome-pdf.html","meta":{"rootId":"75jnwa1g58882gy","id":"uzzevtaoa01auo6"},"id":"1f84t239vw7ud23","previousOperationId":"o7btsaaf7f6hk1k"}
{"type":"log","timestamp":1705601749893,"level":"debug","message":"Page request finished: GET (stylesheet) 200 https://cdnjs.cloudflare.com/ajax/libs/metro/4.1.5/css/metro.min.css","meta":{"rootId":"75jnwa1g58882gy","id":"uzzevtaoa01auo6"},"id":"3f8pq8l2jjjrn48","previousOperationId":"o7btsaaf7f6hk1k"}
{"type":"log","timestamp":1705601749907,"level":"debug","message":"Running chrome with params {\"printBackground\":true,\"marginTop\":\"1.5cm\",\"marginRight\":\"1.5cm\",\"marginLeft\":\"1.cm\",\"timeout\":59714,\"margin\":{\"top\":\"1.5cm\",\"right\":\"1.5cm\",\"left\":\"1.cm\"}}","meta":{"rootId":"75jnwa1g58882gy","id":"uzzevtaoa01auo6"},"id":"a2h9sq4ljerv5ns","previousOperationId":"o7btsaaf7f6hk1k"}
{"type":"operationEnd","operationId":"o7btsaaf7f6hk1k","timestamp":1705601749933,"id":"bm8aj32c4tup18l","previousEventId":"ir099g1vlzk8ebe","previousOperationId":"o7btsaaf7f6hk1k"}
{"type":"log","timestamp":1705601749933,"level":"debug","message":"Skipping storing report.","meta":{"rootId":"75jnwa1g58882gy","id":"uzzevtaoa01auo6"},"id":"h5cep24m27malbg","previousOperationId":"o7btsaaf7f6hk1k"}
{"type":"log","timestamp":1705601749933,"level":"info","message":"Rendering (child) request finished in 415 ms","meta":{"rootId":"75jnwa1g58882gy","id":"uzzevtaoa01auo6"},"id":"claegaz0zjfl0yd","previousOperationId":"o7btsaaf7f6hk1k"}
{"type":"operationEnd","subtype":"render","operationId":"l7zpqfmbatmpw1a","timestamp":1705601749933,"id":"2soo8lgq7wspi1k","previousEventId":"bm8aj32c4tup18l","previousOperationId":"o7btsaaf7f6hk1k"}
{"type":"operationEnd","operationId":"ynshuiwxihh88o1","timestamp":1705601749941,"id":"b6l9lxu4hnbpcw7","previousEventId":"ialbwx6u6ch27bi","previousOperationId":"ynshuiwxihh88o1"}
{"type":"log","timestamp":1705601749941,"level":"debug","message":"pdf-utils postproces start","meta":{"rootId":"75jnwa1g58882gy","id":"75jnwa1g58882gy"},"id":"g0bhswuvni5wnp4","previousOperationId":"ynshuiwxihh88o1"}
{"type":"log","timestamp":1705601749948,"level":"debug","message":"pdf-utils postproces end","meta":{"rootId":"75jnwa1g58882gy","id":"75jnwa1g58882gy"},"id":"temwysigab491e0","previousOperationId":"ynshuiwxihh88o1"}
{"type":"operationEnd","operationId":"avw5iwzleotuzw7","timestamp":1705601749948,"id":"2qnxp76ri89tsnb","previousEventId":"b6l9lxu4hnbpcw7","previousOperationId":"ynshuiwxihh88o1"}
{"type":"log","timestamp":1705601749948,"level":"info","message":"pdf-utils pdf processing was finished","meta":{"rootId":"75jnwa1g58882gy","id":"75jnwa1g58882gy"},"id":"kv2dz258u6sjkv4","previousOperationId":"avw5iwzleotuzw7"}
{"type":"log","timestamp":1705601749948,"level":"debug","message":"Skipping storing report.","meta":{"rootId":"75jnwa1g58882gy","id":"75jnwa1g58882gy"},"id":"hfgmqz36tncridk","previousOperationId":"avw5iwzleotuzw7"}
{"type":"log","timestamp":1705601749948,"level":"info","message":"Rendering request 27 finished in 430 ms","meta":{"rootId":"75jnwa1g58882gy","id":"75jnwa1g58882gy"},"id":"v2wgh3p9dnbwxvm","previousOperationId":"avw5iwzleotuzw7"}
{"type":"operationEnd","subtype":"render","operationId":"zwvksedrg12lhlr","timestamp":1705601749948,"id":"8he8nqkvyitwdvg","previousEventId":"2qnxp76ri89tsnb","previousOperationId":"avw5iwzleotuzw7"}
{"type":"operationEnd","doDiffs":false,"previousEventId":"nphttpjjn1g9qdo","previousOperationId":"5cx665fab30q3o4","operationId":"5cx665fab30q3o4","timestamp":1705601749955,"id":"4f80oxzqq2mfehi"}
