{"type":"operationStart","subtype":"profile","data":{"_id":"fYDtD3ZUCAh640q2","timestamp":"2024-02-21T19:11:12.309Z","state":"queued","mode":"standard","creationDate":"2024-02-21T19:11:12.311Z","modificationDate":"2024-02-21T19:11:12.311Z","shortid":"xFD5RW3","$entitySet":"profiles"},"doDiffs":false,"timestamp":1708542672310,"id":"tlh691ddnwfrnmc","previousOperationId":null,"operationId":"72ss2gk0cosi1u1"}
{"type":"log","level":"info","message":"Render request 25 queued for execution and waiting for available worker","previousOperationId":"72ss2gk0cosi1u1","timestamp":1708542672310,"id":"61mk984rinen0z2"}
{"type":"operationStart","subtype":"render","name":"orders-main","previousOperationId":"72ss2gk0cosi1u1","timestamp":1708542672315,"id":"umxczqliqcmvrde","previousEventId":"tlh691ddnwfrnmc","operationId":"ejszhr8hxp431p8"}
{"type":"log","timestamp":1708542672316,"level":"info","message":"Starting rendering request 25","meta":{"rootId":"796nam3v1pefb5k","id":"796nam3v1pefb5k"},"id":"9g8odmfkjbx2z89","previousOperationId":"ejszhr8hxp431p8"}
{"type":"log","timestamp":1708542672316,"level":"info","message":"Rendering template { name: orders-main, recipe: chrome-pdf, engine: handlebars, preview: false }","meta":{"rootId":"796nam3v1pefb5k","id":"796nam3v1pefb5k"},"id":"ibfmgar72ctgqs4","previousOperationId":"ejszhr8hxp431p8"}
{"type":"log","timestamp":1708542672317,"level":"debug","message":"Data item not defined for this template.","meta":{"rootId":"796nam3v1pefb5k","id":"796nam3v1pefb5k"},"id":"wmb69ot2r99q3q2","previousOperationId":"ejszhr8hxp431p8"}
{"type":"log","timestamp":1708542672319,"level":"debug","message":"Executing script orders-script (beforeRender)","meta":{"rootId":"796nam3v1pefb5k","id":"796nam3v1pefb5k"},"id":"92vctay7d2pacj2","previousOperationId":"ejszhr8hxp431p8"}
{"type":"operationStart","subtype":"scriptsBeforeRender","name":"scripts beforeRender","timestamp":1708542672335,"id":"wkmij218ujyjmjx","previousEventId":"umxczqliqcmvrde","operationId":"dte32r4j82kfd73","previousOperationId":"ejszhr8hxp431p8"}
{"type":"operationStart","subtype":"script","name":"scripts orders-script","previousOperationId":"dte32r4j82kfd73","timestamp":1708542672335,"id":"qja5e2brc0lflx4","previousEventId":"wkmij218ujyjmjx","operationId":"thu53ynon812h4f"}
{"type":"log","timestamp":1708542672347,"level":"debug","message":"(console:log) [ 'ola', 'oola', 'Race1', 'Race2' ]","meta":{"userLevel":true,"rootId":"796nam3v1pefb5k","id":"796nam3v1pefb5k"},"id":"v5m8j01b4astb4k","previousOperationId":"thu53ynon812h4f"}
{"type":"log","timestamp":1708542672347,"level":"debug","message":"(console:log) [ 0, 0, 1, 1 ]","meta":{"userLevel":true,"rootId":"796nam3v1pefb5k","id":"796nam3v1pefb5k"},"id":"17lybog09ft8gmr","previousOperationId":"thu53ynon812h4f"}
{"type":"operationEnd","operationId":"thu53ynon812h4f","timestamp":1708542672347,"id":"g3j9vd4id0kc603","previousEventId":"umxczqliqcmvrde","previousOperationId":"ejszhr8hxp431p8"}
{"type":"operationEnd","operationId":"dte32r4j82kfd73","timestamp":1708542672347,"id":"gyyi3i3fx03d0es","previousEventId":"g3j9vd4id0kc603","previousOperationId":"ejszhr8hxp431p8"}
{"type":"log","timestamp":1708542672347,"level":"debug","message":"Base url not specified, skipping its injection.","meta":{"rootId":"796nam3v1pefb5k","id":"796nam3v1pefb5k"},"id":"pim3u59scrvhftl","previousOperationId":"dte32r4j82kfd73"}
{"type":"operationStart","subtype":"engine","name":"handlebars","timestamp":1708542672347,"id":"a4a6smii8kld2wf","previousEventId":"gyyi3i3fx03d0es","operationId":"fox40yirgyrj7cr","previousOperationId":"dte32r4j82kfd73"}
{"type":"log","timestamp":1708542672347,"level":"debug","message":"Rendering engine handlebars","meta":{"rootId":"796nam3v1pefb5k","id":"796nam3v1pefb5k"},"id":"h2vltmerxtfcc9h","previousOperationId":"fox40yirgyrj7cr"}
{"type":"log","timestamp":1708542672351,"level":"debug","message":"(console:log) Pdf utils adding group field, value: \"ola\"","meta":{"userLevel":true,"rootId":"796nam3v1pefb5k","id":"796nam3v1pefb5k"},"id":"afnaehxhqhhq4yf","previousOperationId":"fox40yirgyrj7cr"}
{"type":"log","timestamp":1708542672351,"level":"debug","message":"(console:log) Pdf utils adding group field, value: \"oola\"","meta":{"userLevel":true,"rootId":"796nam3v1pefb5k","id":"796nam3v1pefb5k"},"id":"9j7wdpoimvemtgp","previousOperationId":"fox40yirgyrj7cr"}
{"type":"log","timestamp":1708542672351,"level":"debug","message":"(console:log) Pdf utils adding group field, value: \"Race1\"","meta":{"userLevel":true,"rootId":"796nam3v1pefb5k","id":"796nam3v1pefb5k"},"id":"msvfxd5nmo04rl7","previousOperationId":"fox40yirgyrj7cr"}
{"type":"log","timestamp":1708542672351,"level":"debug","message":"(console:log) Pdf utils adding group field, value: \"Race2\"","meta":{"userLevel":true,"rootId":"796nam3v1pefb5k","id":"796nam3v1pefb5k"},"id":"kipcatkkj5sky1o","previousOperationId":"fox40yirgyrj7cr"}
{"type":"operationEnd","operationId":"fox40yirgyrj7cr","timestamp":1708542672351,"id":"574ttlg6btx63z1","previousEventId":"a4a6smii8kld2wf","previousOperationId":"fox40yirgyrj7cr"}
{"type":"operationStart","subtype":"recipe","name":"chrome-pdf","timestamp":1708542672351,"id":"8716fa7pmz0lck6","previousEventId":"574ttlg6btx63z1","operationId":"2ixlv3wqy4tlthv","previousOperationId":"fox40yirgyrj7cr"}
{"type":"log","timestamp":1708542672351,"level":"debug","message":"Executing recipe chrome-pdf","meta":{"rootId":"796nam3v1pefb5k","id":"796nam3v1pefb5k"},"id":"uo3zcrmnbpit75q","previousOperationId":"2ixlv3wqy4tlthv"}
{"type":"log","timestamp":1708542672355,"level":"debug","message":"Converting with chrome HeadlessChrome/117.0.5938.149 using chrome-pool strategy","meta":{"rootId":"796nam3v1pefb5k","id":"796nam3v1pefb5k"},"id":"4qqf8aea21xqrgo","previousOperationId":"2ixlv3wqy4tlthv"}
{"type":"log","timestamp":1708542672606,"level":"debug","message":"Page request: GET (document) file:///var/folders/tp/6hccbwhd41s4hkmxw_2wkz640000gn/T/jsreport/autocleanup/f9e32920-f188-46e9-8902-6e189ebeffc8-chrome-pdf.html","meta":{"rootId":"796nam3v1pefb5k","id":"796nam3v1pefb5k"},"id":"gdqeoygufu8z5o1","previousOperationId":"2ixlv3wqy4tlthv"}
{"type":"log","timestamp":1708542672614,"level":"debug","message":"Page request: GET (stylesheet) https://cdnjs.cloudflare.com/ajax/libs/metro/4.1.5/css/metro.min.css","meta":{"rootId":"796nam3v1pefb5k","id":"796nam3v1pefb5k"},"id":"r5z068w5rjmqcgv","previousOperationId":"2ixlv3wqy4tlthv"}
{"type":"log","timestamp":1708542672614,"level":"debug","message":"Page request: GET (script) https://cdn.jsdelivr.net/npm/chart.js","meta":{"rootId":"796nam3v1pefb5k","id":"796nam3v1pefb5k"},"id":"i1o2rfd5adt0uvj","previousOperationId":"2ixlv3wqy4tlthv"}
{"type":"log","timestamp":1708542672614,"level":"debug","message":"Page request finished: GET (document) 200 file:///var/folders/tp/6hccbwhd41s4hkmxw_2wkz640000gn/T/jsreport/autocleanup/f9e32920-f188-46e9-8902-6e189ebeffc8-chrome-pdf.html","meta":{"rootId":"796nam3v1pefb5k","id":"796nam3v1pefb5k"},"id":"j346sdljxidzvl3","previousOperationId":"2ixlv3wqy4tlthv"}
{"type":"log","timestamp":1708542672623,"level":"debug","message":"Page request finished: GET (stylesheet) 200 https://cdnjs.cloudflare.com/ajax/libs/metro/4.1.5/css/metro.min.css","meta":{"rootId":"796nam3v1pefb5k","id":"796nam3v1pefb5k"},"id":"16aoo6jt54a5b2o","previousOperationId":"2ixlv3wqy4tlthv"}
{"type":"log","timestamp":1708542672623,"level":"debug","message":"Page request finished: GET (script) 200 https://cdn.jsdelivr.net/npm/chart.js","meta":{"rootId":"796nam3v1pefb5k","id":"796nam3v1pefb5k"},"id":"d23d7yk3kq07p7m","previousOperationId":"2ixlv3wqy4tlthv"}
{"type":"log","timestamp":1708542672671,"level":"debug","message":"Running chrome with params {\"printBackground\":true,\"marginTop\":\"4cm\",\"marginRight\":\"1.5cm\",\"marginBottom\":\"1.5cm\",\"marginLeft\":\"1.5cm\",\"waitForJS\":false,\"timeout\":59956,\"margin\":{\"top\":\"4cm\",\"right\":\"1.5cm\",\"bottom\":\"1.5cm\",\"left\":\"1.5cm\"}}","meta":{"rootId":"796nam3v1pefb5k","id":"796nam3v1pefb5k"},"id":"msqhmwx4t46ruu9","previousOperationId":"2ixlv3wqy4tlthv"}
{"type":"operationEnd","operationId":"2ixlv3wqy4tlthv","timestamp":1708542672707,"id":"y97kw50ayawwss2","previousEventId":"8716fa7pmz0lck6","previousOperationId":"2ixlv3wqy4tlthv"}
{"type":"log","timestamp":1708542672707,"level":"info","message":"pdf-utils is starting pdf processing","meta":{"rootId":"796nam3v1pefb5k","id":"796nam3v1pefb5k"},"id":"sjncc284dhu2rzx","previousOperationId":"2ixlv3wqy4tlthv"}
{"type":"operationStart","subtype":"pdfUtils","name":"pdf utils","timestamp":1708542672707,"id":"b1ypbker403xrek","previousEventId":"y97kw50ayawwss2","operationId":"h2p7sljv9czcpoi","previousOperationId":"2ixlv3wqy4tlthv"}
{"type":"log","timestamp":1708542672707,"level":"debug","message":"pdf-utils detected 1 pdf operation(s) to process","meta":{"rootId":"796nam3v1pefb5k","id":"796nam3v1pefb5k"},"id":"3fjagmxk3avv35k","previousOperationId":"h2p7sljv9czcpoi"}
{"type":"log","timestamp":1708542672731,"level":"debug","message":"pdf-utils running pdf operation merge","meta":{"rootId":"796nam3v1pefb5k","id":"796nam3v1pefb5k"},"id":"7pkrrlc5z9x131l","previousOperationId":"h2p7sljv9czcpoi"}
{"type":"operationStart","subtype":"pdfUtilsMerge","name":"pdf utils merge","previousOperationId":"h2p7sljv9czcpoi","timestamp":1708542672731,"id":"akf1rj7j3wcqej6","previousEventId":"b1ypbker403xrek","operationId":"7chlzh2rdozjtg3"}
{"type":"operationStart","subtype":"render","name":"orders-header","previousOperationId":"7chlzh2rdozjtg3","timestamp":1708542672732,"id":"wyvsza7nou0hbxs","previousEventId":"akf1rj7j3wcqej6","operationId":"4kw0lv03ez8bt0l"}
{"type":"log","timestamp":1708542672732,"level":"info","message":"Starting rendering (child) request","meta":{"rootId":"796nam3v1pefb5k","id":"mkpg5guhno94oej"},"id":"7tscc2ch6yp1mt2","previousOperationId":"4kw0lv03ez8bt0l"}
{"type":"log","timestamp":1708542672732,"level":"info","message":"Rendering template { name: orders-header, recipe: chrome-pdf, engine: handlebars, preview: false }","meta":{"rootId":"796nam3v1pefb5k","id":"mkpg5guhno94oej"},"id":"52e35fyn9pa4v8v","previousOperationId":"4kw0lv03ez8bt0l"}
{"type":"log","timestamp":1708542672732,"level":"debug","message":"Inline data specified.","meta":{"rootId":"796nam3v1pefb5k","id":"mkpg5guhno94oej"},"id":"5xmht7u2eyzhryv","previousOperationId":"4kw0lv03ez8bt0l"}
{"type":"log","timestamp":1708542672733,"level":"debug","message":"Base url not specified, skipping its injection.","meta":{"rootId":"796nam3v1pefb5k","id":"mkpg5guhno94oej"},"id":"vpgnraa0bywenoa","previousOperationId":"4kw0lv03ez8bt0l"}
{"type":"operationStart","subtype":"engine","name":"handlebars","timestamp":1708542672733,"id":"pvg0oyhi3rqu8n0","previousEventId":"wyvsza7nou0hbxs","operationId":"ijnplu4gcgwbb3r","previousOperationId":"4kw0lv03ez8bt0l"}
{"type":"log","timestamp":1708542672733,"level":"debug","message":"Rendering engine handlebars","meta":{"rootId":"796nam3v1pefb5k","id":"mkpg5guhno94oej"},"id":"qycxlkv69tjrx0a","previousOperationId":"ijnplu4gcgwbb3r"}
{"type":"operationEnd","operationId":"ijnplu4gcgwbb3r","timestamp":1708542672736,"id":"t3k8tsv04szhh92","previousEventId":"pvg0oyhi3rqu8n0","previousOperationId":"ijnplu4gcgwbb3r"}
{"type":"operationStart","subtype":"recipe","name":"chrome-pdf","timestamp":1708542672736,"id":"fuzkqtfnklaj5v9","previousEventId":"t3k8tsv04szhh92","operationId":"sqgwwqnbb5sn227","previousOperationId":"ijnplu4gcgwbb3r"}
{"type":"log","timestamp":1708542672736,"level":"debug","message":"Executing recipe chrome-pdf","meta":{"rootId":"796nam3v1pefb5k","id":"mkpg5guhno94oej"},"id":"q5zf6z8c24kt222","previousOperationId":"sqgwwqnbb5sn227"}
{"type":"log","timestamp":1708542672737,"level":"debug","message":"Converting with chrome HeadlessChrome/117.0.5938.149 using chrome-pool strategy","meta":{"rootId":"796nam3v1pefb5k","id":"mkpg5guhno94oej"},"id":"20pvfhksb5l2dyg","previousOperationId":"sqgwwqnbb5sn227"}
{"type":"log","timestamp":1708542672776,"level":"debug","message":"Page request: GET (document) file:///var/folders/tp/6hccbwhd41s4hkmxw_2wkz640000gn/T/jsreport/autocleanup/5096787b-082e-4b60-ab18-af6f74681190-chrome-pdf.html","meta":{"rootId":"796nam3v1pefb5k","id":"mkpg5guhno94oej"},"id":"jaaei7mnyr4743d","previousOperationId":"sqgwwqnbb5sn227"}
{"type":"log","timestamp":1708542672781,"level":"debug","message":"Page request: GET (stylesheet) https://cdnjs.cloudflare.com/ajax/libs/metro/4.1.5/css/metro.min.css","meta":{"rootId":"796nam3v1pefb5k","id":"mkpg5guhno94oej"},"id":"3ssgtjhqsgdz2r2","previousOperationId":"sqgwwqnbb5sn227"}
{"type":"log","timestamp":1708542672782,"level":"debug","message":"Page request finished: GET (document) 200 file:///var/folders/tp/6hccbwhd41s4hkmxw_2wkz640000gn/T/jsreport/autocleanup/5096787b-082e-4b60-ab18-af6f74681190-chrome-pdf.html","meta":{"rootId":"796nam3v1pefb5k","id":"mkpg5guhno94oej"},"id":"9eem8kgkece4nec","previousOperationId":"sqgwwqnbb5sn227"}
{"type":"log","timestamp":1708542672788,"level":"debug","message":"Page request finished: GET (stylesheet) 200 https://cdnjs.cloudflare.com/ajax/libs/metro/4.1.5/css/metro.min.css","meta":{"rootId":"796nam3v1pefb5k","id":"mkpg5guhno94oej"},"id":"qe3jvab0rfsucc9","previousOperationId":"sqgwwqnbb5sn227"}
{"type":"log","timestamp":1708542672805,"level":"debug","message":"Running chrome with params {\"printBackground\":true,\"marginTop\":\"1.5cm\",\"marginRight\":\"1.5cm\",\"marginLeft\":\"1.cm\",\"timeout\":59572,\"margin\":{\"top\":\"1.5cm\",\"right\":\"1.5cm\",\"left\":\"1.cm\"}}","meta":{"rootId":"796nam3v1pefb5k","id":"mkpg5guhno94oej"},"id":"njj8jjjsqahqhw5","previousOperationId":"sqgwwqnbb5sn227"}
{"type":"operationEnd","operationId":"sqgwwqnbb5sn227","timestamp":1708542672823,"id":"8gptik3n820zz5m","previousEventId":"fuzkqtfnklaj5v9","previousOperationId":"sqgwwqnbb5sn227"}
{"type":"log","timestamp":1708542672823,"level":"debug","message":"Skipping storing report.","meta":{"rootId":"796nam3v1pefb5k","id":"mkpg5guhno94oej"},"id":"3l8ohzr87mxloy2","previousOperationId":"sqgwwqnbb5sn227"}
{"type":"log","timestamp":1708542672823,"level":"info","message":"Rendering (child) request finished in 515 ms","meta":{"rootId":"796nam3v1pefb5k","id":"mkpg5guhno94oej"},"id":"6akef04xoksn8dz","previousOperationId":"sqgwwqnbb5sn227"}
{"type":"operationEnd","subtype":"render","operationId":"4kw0lv03ez8bt0l","timestamp":1708542672823,"id":"3tj18m3ehp77wp8","previousEventId":"8gptik3n820zz5m","previousOperationId":"sqgwwqnbb5sn227"}
{"type":"operationEnd","operationId":"7chlzh2rdozjtg3","timestamp":1708542672841,"id":"xf6wquoy9shzm2x","previousEventId":"akf1rj7j3wcqej6","previousOperationId":"7chlzh2rdozjtg3"}
{"type":"log","timestamp":1708542672841,"level":"debug","message":"pdf-utils postproces start","meta":{"rootId":"796nam3v1pefb5k","id":"796nam3v1pefb5k"},"id":"2ex99h2i20iyem2","previousOperationId":"7chlzh2rdozjtg3"}
{"type":"log","timestamp":1708542672861,"level":"debug","message":"pdf-utils postproces end","meta":{"rootId":"796nam3v1pefb5k","id":"796nam3v1pefb5k"},"id":"0iy6b4mud1sqkxr","previousOperationId":"7chlzh2rdozjtg3"}
{"type":"operationEnd","operationId":"h2p7sljv9czcpoi","timestamp":1708542672861,"id":"i8vxv73g1obfds6","previousEventId":"xf6wquoy9shzm2x","previousOperationId":"7chlzh2rdozjtg3"}
{"type":"log","timestamp":1708542672861,"level":"info","message":"pdf-utils pdf processing was finished","meta":{"rootId":"796nam3v1pefb5k","id":"796nam3v1pefb5k"},"id":"brfvunt10edytth","previousOperationId":"h2p7sljv9czcpoi"}
{"type":"log","timestamp":1708542672861,"level":"debug","message":"Skipping storing report.","meta":{"rootId":"796nam3v1pefb5k","id":"796nam3v1pefb5k"},"id":"vym7ljpxxzwwr3l","previousOperationId":"h2p7sljv9czcpoi"}
{"type":"log","timestamp":1708542672861,"level":"info","message":"Rendering request 25 finished in 553 ms","meta":{"rootId":"796nam3v1pefb5k","id":"796nam3v1pefb5k"},"id":"020xys6xczsy9nw","previousOperationId":"h2p7sljv9czcpoi"}
{"type":"operationEnd","subtype":"render","operationId":"ejszhr8hxp431p8","timestamp":1708542672861,"id":"6760idnrmly909z","previousEventId":"i8vxv73g1obfds6","previousOperationId":"h2p7sljv9czcpoi"}
{"type":"operationEnd","doDiffs":false,"previousEventId":"tlh691ddnwfrnmc","previousOperationId":"72ss2gk0cosi1u1","operationId":"72ss2gk0cosi1u1","timestamp":1708542672862,"id":"lemopdwps77xduq"}
