{"type":"operationStart","subtype":"profile","data":{"_id":"wOeaDT52B8i8ozFJ","timestamp":"2024-01-18T20:01:54.427Z","state":"queued","mode":"standard","creationDate":"2024-01-18T20:01:54.435Z","modificationDate":"2024-01-18T20:01:54.435Z","shortid":"4avqSWE","$entitySet":"profiles"},"doDiffs":false,"timestamp":1705608114431,"id":"usja5xjr54m2sq6","previousOperationId":null,"operationId":"dqs5vrggrsdv6ed"}
{"type":"log","level":"info","message":"Render request 1 queued for execution and waiting for available worker","previousOperationId":"dqs5vrggrsdv6ed","timestamp":1705608114432,"id":"wi2gvrng8idd9jl"}
{"type":"operationStart","subtype":"render","name":"orders-main","previousOperationId":"dqs5vrggrsdv6ed","timestamp":1705608114480,"id":"dnnyzqpy9noxapt","previousEventId":"usja5xjr54m2sq6","operationId":"kus87m8jpj98pgw"}
{"type":"log","timestamp":1705608114481,"level":"info","message":"Starting rendering request 1","meta":{"rootId":"7b3p1ndu133mrwd","id":"7b3p1ndu133mrwd"},"id":"wsyxpy2l4zgepki","previousOperationId":"kus87m8jpj98pgw"}
{"type":"log","timestamp":1705608114485,"level":"info","message":"Rendering template { name: orders-main, recipe: chrome-pdf, engine: handlebars, preview: true }","meta":{"rootId":"7b3p1ndu133mrwd","id":"7b3p1ndu133mrwd"},"id":"7vrawjagpsjq3x7","previousOperationId":"kus87m8jpj98pgw"}
{"type":"log","timestamp":1705608114491,"level":"debug","message":"Data item not defined for this template.","meta":{"rootId":"7b3p1ndu133mrwd","id":"7b3p1ndu133mrwd"},"id":"k8gyaiiyz0v0yhn","previousOperationId":"kus87m8jpj98pgw"}
{"type":"log","timestamp":1705608114498,"level":"debug","message":"Executing script orders-script (beforeRender)","meta":{"rootId":"7b3p1ndu133mrwd","id":"7b3p1ndu133mrwd"},"id":"ka5hslv220jz8i3","previousOperationId":"kus87m8jpj98pgw"}
{"type":"operationStart","subtype":"scriptsBeforeRender","name":"scripts beforeRender","timestamp":1705608115116,"id":"03yrd2reslno134","previousEventId":"dnnyzqpy9noxapt","operationId":"widtyz55jv2ekh3","previousOperationId":"kus87m8jpj98pgw"}
{"type":"operationStart","subtype":"script","name":"scripts orders-script","previousOperationId":"widtyz55jv2ekh3","timestamp":1705608115116,"id":"7xnxxtg9fz2i6e5","previousEventId":"03yrd2reslno134","operationId":"qn37yz5uhcbu9ma"}
{"type":"log","timestamp":1705608115212,"level":"debug","message":"(console:log) [ 'Race1', 'Race2' ]","meta":{"userLevel":true,"rootId":"7b3p1ndu133mrwd","id":"7b3p1ndu133mrwd"},"id":"ey2m48188zzc2ui","previousOperationId":"qn37yz5uhcbu9ma"}
{"type":"log","timestamp":1705608115212,"level":"debug","message":"(console:log) [ 2, 1 ]","meta":{"userLevel":true,"rootId":"7b3p1ndu133mrwd","id":"7b3p1ndu133mrwd"},"id":"wnf1taybrvtf3qe","previousOperationId":"qn37yz5uhcbu9ma"}
{"type":"operationEnd","operationId":"qn37yz5uhcbu9ma","timestamp":1705608115225,"id":"omlqf7ell0hgo4c","previousEventId":"dnnyzqpy9noxapt","previousOperationId":"kus87m8jpj98pgw"}
{"type":"operationEnd","operationId":"widtyz55jv2ekh3","timestamp":1705608115225,"id":"wnxjwyl1ok1vnjm","previousEventId":"omlqf7ell0hgo4c","previousOperationId":"kus87m8jpj98pgw"}
{"type":"log","timestamp":1705608115225,"level":"debug","message":"Base url not specified, skipping its injection.","meta":{"rootId":"7b3p1ndu133mrwd","id":"7b3p1ndu133mrwd"},"id":"bu8u7u4rd4c2tr7","previousOperationId":"widtyz55jv2ekh3"}
{"type":"operationStart","subtype":"engine","name":"handlebars","timestamp":1705608115228,"id":"grrwvmuqxtc3koo","previousEventId":"wnxjwyl1ok1vnjm","operationId":"sxekgynmn94wo8j","previousOperationId":"widtyz55jv2ekh3"}
{"type":"log","timestamp":1705608115228,"level":"debug","message":"Rendering engine handlebars","meta":{"rootId":"7b3p1ndu133mrwd","id":"7b3p1ndu133mrwd"},"id":"qlzhh1sda9y7sa8","previousOperationId":"sxekgynmn94wo8j"}
{"type":"log","timestamp":1705608115864,"level":"debug","message":"(console:log) Pdf utils adding group field, value: \"Race1\"","meta":{"userLevel":true,"rootId":"7b3p1ndu133mrwd","id":"7b3p1ndu133mrwd"},"id":"ha86eh9er14ktyb","previousOperationId":"sxekgynmn94wo8j"}
{"type":"log","timestamp":1705608115865,"level":"debug","message":"(console:log) Pdf utils adding group field, value: \"Race2\"","meta":{"userLevel":true,"rootId":"7b3p1ndu133mrwd","id":"7b3p1ndu133mrwd"},"id":"a2pju2exuyxtolb","previousOperationId":"sxekgynmn94wo8j"}
{"type":"operationEnd","operationId":"sxekgynmn94wo8j","timestamp":1705608115865,"id":"hovao5chys4drb6","previousEventId":"grrwvmuqxtc3koo","previousOperationId":"sxekgynmn94wo8j"}
{"type":"operationStart","subtype":"recipe","name":"chrome-pdf","timestamp":1705608115866,"id":"2qdptei78j2vi0r","previousEventId":"hovao5chys4drb6","operationId":"lno465qo9bzzldm","previousOperationId":"sxekgynmn94wo8j"}
{"type":"log","timestamp":1705608115866,"level":"debug","message":"Executing recipe chrome-pdf","meta":{"rootId":"7b3p1ndu133mrwd","id":"7b3p1ndu133mrwd"},"id":"g38gm7b6jvnft8f","previousOperationId":"lno465qo9bzzldm"}
{"type":"log","timestamp":1705608116797,"level":"debug","message":"Converting with chrome HeadlessChrome/117.0.5938.149 using chrome-pool strategy","meta":{"rootId":"7b3p1ndu133mrwd","id":"7b3p1ndu133mrwd"},"id":"sv7bxm1z3dgp97z","previousOperationId":"lno465qo9bzzldm"}
{"type":"log","timestamp":1705608118604,"level":"debug","message":"Page request: GET (document) file:///C:/Users/DANIEL~1/AppData/Local/Temp/jsreport/autocleanup/15633264-41b2-465a-9fd3-638c163a6bd1-chrome-pdf.html","meta":{"rootId":"7b3p1ndu133mrwd","id":"7b3p1ndu133mrwd"},"id":"emxypppufgaj4yy","previousOperationId":"lno465qo9bzzldm"}
{"type":"log","timestamp":1705608118683,"level":"debug","message":"Page request: GET (stylesheet) https://cdnjs.cloudflare.com/ajax/libs/metro/4.1.5/css/metro.min.css","meta":{"rootId":"7b3p1ndu133mrwd","id":"7b3p1ndu133mrwd"},"id":"wxap0ujgcvmvnma","previousOperationId":"lno465qo9bzzldm"}
{"type":"log","timestamp":1705608118685,"level":"debug","message":"Page request: GET (script) https://cdn.jsdelivr.net/npm/chart.js","meta":{"rootId":"7b3p1ndu133mrwd","id":"7b3p1ndu133mrwd"},"id":"u1k8zptqvxnj930","previousOperationId":"lno465qo9bzzldm"}
{"type":"log","timestamp":1705608118687,"level":"debug","message":"Page request finished: GET (document) 200 file:///C:/Users/DANIEL~1/AppData/Local/Temp/jsreport/autocleanup/15633264-41b2-465a-9fd3-638c163a6bd1-chrome-pdf.html","meta":{"rootId":"7b3p1ndu133mrwd","id":"7b3p1ndu133mrwd"},"id":"5hbktjtt0l1czso","previousOperationId":"lno465qo9bzzldm"}
{"type":"log","timestamp":1705608121371,"level":"debug","message":"(console:error) Error enviando el correo electrónico: Error: Invalid login: 535-5.7.8 Username and Password not accepted. For more information, go to\n535 5.7.8  https://support.google.com/mail/?p=BadCredentials ez11-20020a05622a4c8b00b0042a18565f97sm846158qtb.78 - gsmtp\n    at SMTPConnection._formatError (C:\\Users\\Daniel Mesa\\Desktop\\proyecto\\mitca\\jsreportapp\\node_modules\\nodemailer\\lib\\smtp-connection\\index.js:790:19)\n    at SMTPConnection._actionAUTHComplete (C:\\Users\\Daniel Mesa\\Desktop\\proyecto\\mitca\\jsreportapp\\node_modules\\nodemailer\\lib\\smtp-connection\\index.js:1564:34)\n    at SMTPConnection.<anonymous> (C:\\Users\\Daniel Mesa\\Desktop\\proyecto\\mitca\\jsreportapp\\node_modules\\nodemailer\\lib\\smtp-connection\\index.js:546:26)\n    at SMTPConnection._processResponse (C:\\Users\\Daniel Mesa\\Desktop\\proyecto\\mitca\\jsreportapp\\node_modules\\nodemailer\\lib\\smtp-connection\\index.js:969:20)\n    at SMTPConnection._onData (C:\\Users\\Daniel Mesa\\Desktop\\proyecto\\mitca\\jsreportapp\\node_modules\\nodemailer\\lib\\smtp-connection\\index.js:755:14)\n    at SMTPConnection._onSocketData (C:\\Users\\Daniel Mesa\\Desktop\\proyecto\\mitca\\jsreportapp\\node_modules\\nodemailer\\lib\\smtp-connection\\index.js:193:44)\n    at TLSSocket.emit (node:events:514:28)\n    at addChunk (node:internal/streams/readable:324:12)\n    at readableAddChunk (node:internal/streams/readable:297:9)\n    at Readable.push (node:internal/streams/readable:234:10) {\n  code: 'EAUTH',\n  response: '535-5.7.8 Username and Password not accepted. For more information, go to\\n' +\n    '535 5.7.8  https://support.google.com/mail/?p=BadCredentials ez11-20020a05622a4c8b00b0042a18565f97sm846158qtb.78 - gsmtp',\n  responseCode: 535,\n  command: 'AUTH PLAIN'\n}","meta":{"userLevel":true,"rootId":"7b3p1ndu133mrwd","id":"7b3p1ndu133mrwd"},"id":"a5z22qd0jmn06iy","previousOperationId":"lno465qo9bzzldm"}
{"type":"log","timestamp":1705608121438,"level":"debug","message":"Page request finished: GET (stylesheet) 200 https://cdnjs.cloudflare.com/ajax/libs/metro/4.1.5/css/metro.min.css","meta":{"rootId":"7b3p1ndu133mrwd","id":"7b3p1ndu133mrwd"},"id":"su2dsaqxyc4n69j","previousOperationId":"lno465qo9bzzldm"}
{"type":"log","timestamp":1705608122722,"level":"debug","message":"Page request finished: GET (script) 200 https://cdn.jsdelivr.net/npm/chart.js","meta":{"rootId":"7b3p1ndu133mrwd","id":"7b3p1ndu133mrwd"},"id":"psoxp0a01vi4h7p","previousOperationId":"lno465qo9bzzldm"}
{"type":"log","timestamp":1705608122740,"level":"warn","message":"Page error: Unexpected token ';' , stack: SyntaxError: Unexpected token ';'","meta":{"rootId":"7b3p1ndu133mrwd","id":"7b3p1ndu133mrwd"},"id":"p9kjo7uiccxb6kf","previousOperationId":"lno465qo9bzzldm"}
{"type":"log","timestamp":1705608122855,"level":"debug","message":"Running chrome with params {\"printBackground\":true,\"marginTop\":\"4cm\",\"marginRight\":\"1.5cm\",\"marginBottom\":\"1.5cm\",\"marginLeft\":\"1.5cm\",\"waitForJS\":false,\"timeout\":57913,\"margin\":{\"top\":\"4cm\",\"right\":\"1.5cm\",\"bottom\":\"1.5cm\",\"left\":\"1.5cm\"}}","meta":{"rootId":"7b3p1ndu133mrwd","id":"7b3p1ndu133mrwd"},"id":"zd52xk1e8flrww0","previousOperationId":"lno465qo9bzzldm"}
{"type":"operationEnd","operationId":"lno465qo9bzzldm","timestamp":1705608123136,"id":"fvqw6an3ycv8u9i","previousEventId":"2qdptei78j2vi0r","previousOperationId":"lno465qo9bzzldm"}
{"type":"log","timestamp":1705608123138,"level":"info","message":"pdf-utils is starting pdf processing","meta":{"rootId":"7b3p1ndu133mrwd","id":"7b3p1ndu133mrwd"},"id":"tfd3wlj8qfd9y5h","previousOperationId":"lno465qo9bzzldm"}
{"type":"operationStart","subtype":"pdfUtils","name":"pdf utils","timestamp":1705608123933,"id":"i9uqup5a6fsyboe","previousEventId":"fvqw6an3ycv8u9i","operationId":"bx3d818tro740j5","previousOperationId":"lno465qo9bzzldm"}
{"type":"log","timestamp":1705608123935,"level":"debug","message":"pdf-utils detected 1 pdf operation(s) to process","meta":{"rootId":"7b3p1ndu133mrwd","id":"7b3p1ndu133mrwd"},"id":"ziul5f7qpuzixn8","previousOperationId":"bx3d818tro740j5"}
{"type":"log","timestamp":1705608124366,"level":"debug","message":"pdf-utils running pdf operation merge","meta":{"rootId":"7b3p1ndu133mrwd","id":"7b3p1ndu133mrwd"},"id":"446g8epwuqq034h","previousOperationId":"bx3d818tro740j5"}
{"type":"operationStart","subtype":"pdfUtilsMerge","name":"pdf utils merge","previousOperationId":"bx3d818tro740j5","timestamp":1705608124366,"id":"6m0s10o1riqomdr","previousEventId":"i9uqup5a6fsyboe","operationId":"nrb5nijwjicq5p8"}
{"type":"operationStart","subtype":"render","name":"orders-header","previousOperationId":"nrb5nijwjicq5p8","timestamp":1705608124372,"id":"zf3p4w7lmwu7h5q","previousEventId":"6m0s10o1riqomdr","operationId":"c0heqe5o7klmml4"}
{"type":"log","timestamp":1705608124372,"level":"info","message":"Starting rendering (child) request","meta":{"rootId":"7b3p1ndu133mrwd","id":"tsb8xf6jbqvbtaj"},"id":"uw17h4enffnosbb","previousOperationId":"c0heqe5o7klmml4"}
{"type":"log","timestamp":1705608124372,"level":"info","message":"Rendering template { name: orders-header, recipe: chrome-pdf, engine: handlebars, preview: true }","meta":{"rootId":"7b3p1ndu133mrwd","id":"tsb8xf6jbqvbtaj"},"id":"1kyud0i3ytoperu","previousOperationId":"c0heqe5o7klmml4"}
{"type":"log","timestamp":1705608124382,"level":"debug","message":"Inline data specified.","meta":{"rootId":"7b3p1ndu133mrwd","id":"tsb8xf6jbqvbtaj"},"id":"kytnyze4l91pims","previousOperationId":"c0heqe5o7klmml4"}
{"type":"log","timestamp":1705608124387,"level":"debug","message":"Base url not specified, skipping its injection.","meta":{"rootId":"7b3p1ndu133mrwd","id":"tsb8xf6jbqvbtaj"},"id":"c6ao2hlf9lnchv7","previousOperationId":"c0heqe5o7klmml4"}
{"type":"operationStart","subtype":"engine","name":"handlebars","timestamp":1705608124387,"id":"4dvm5ihazfrhu9p","previousEventId":"zf3p4w7lmwu7h5q","operationId":"9vkgn29059fbuoa","previousOperationId":"c0heqe5o7klmml4"}
{"type":"log","timestamp":1705608124387,"level":"debug","message":"Rendering engine handlebars","meta":{"rootId":"7b3p1ndu133mrwd","id":"tsb8xf6jbqvbtaj"},"id":"a35fuyyajqqitt7","previousOperationId":"9vkgn29059fbuoa"}
{"type":"operationEnd","operationId":"9vkgn29059fbuoa","timestamp":1705608124481,"id":"0wzru59zqdyfare","previousEventId":"4dvm5ihazfrhu9p","previousOperationId":"9vkgn29059fbuoa"}
{"type":"operationStart","subtype":"recipe","name":"chrome-pdf","timestamp":1705608124481,"id":"ybpi6fvreuu58y5","previousEventId":"0wzru59zqdyfare","operationId":"hsj5s1nm5u4srim","previousOperationId":"9vkgn29059fbuoa"}
{"type":"log","timestamp":1705608124481,"level":"debug","message":"Executing recipe chrome-pdf","meta":{"rootId":"7b3p1ndu133mrwd","id":"tsb8xf6jbqvbtaj"},"id":"ftj9ldwq59s0lsh","previousOperationId":"hsj5s1nm5u4srim"}
{"type":"log","timestamp":1705608124486,"level":"debug","message":"Converting with chrome HeadlessChrome/117.0.5938.149 using chrome-pool strategy","meta":{"rootId":"7b3p1ndu133mrwd","id":"tsb8xf6jbqvbtaj"},"id":"k62drth8sz94wva","previousOperationId":"hsj5s1nm5u4srim"}
{"type":"log","timestamp":1705608124597,"level":"debug","message":"Page request: GET (document) file:///C:/Users/DANIEL~1/AppData/Local/Temp/jsreport/autocleanup/1ee312e1-672e-450c-9144-2d10a4d4d1e1-chrome-pdf.html","meta":{"rootId":"7b3p1ndu133mrwd","id":"tsb8xf6jbqvbtaj"},"id":"kbj2mujfwnqhh0v","previousOperationId":"hsj5s1nm5u4srim"}
{"type":"log","timestamp":1705608124625,"level":"debug","message":"Page request: GET (stylesheet) https://cdnjs.cloudflare.com/ajax/libs/metro/4.1.5/css/metro.min.css","meta":{"rootId":"7b3p1ndu133mrwd","id":"tsb8xf6jbqvbtaj"},"id":"m8qr3y0edhbwcdg","previousOperationId":"hsj5s1nm5u4srim"}
{"type":"log","timestamp":1705608124626,"level":"debug","message":"Page request finished: GET (document) 200 file:///C:/Users/DANIEL~1/AppData/Local/Temp/jsreport/autocleanup/1ee312e1-672e-450c-9144-2d10a4d4d1e1-chrome-pdf.html","meta":{"rootId":"7b3p1ndu133mrwd","id":"tsb8xf6jbqvbtaj"},"id":"81l0twwn9zrqq6u","previousOperationId":"hsj5s1nm5u4srim"}
{"type":"log","timestamp":1705608124645,"level":"debug","message":"Page request finished: GET (stylesheet) 200 https://cdnjs.cloudflare.com/ajax/libs/metro/4.1.5/css/metro.min.css","meta":{"rootId":"7b3p1ndu133mrwd","id":"tsb8xf6jbqvbtaj"},"id":"0vzufvk97g11uh0","previousOperationId":"hsj5s1nm5u4srim"}
{"type":"log","timestamp":1705608124668,"level":"debug","message":"Running chrome with params {\"printBackground\":true,\"marginTop\":\"1.5cm\",\"marginRight\":\"1.5cm\",\"marginLeft\":\"1.cm\",\"timeout\":49943,\"margin\":{\"top\":\"1.5cm\",\"right\":\"1.5cm\",\"left\":\"1.cm\"}}","meta":{"rootId":"7b3p1ndu133mrwd","id":"tsb8xf6jbqvbtaj"},"id":"s6hfz5ztxuqrfy2","previousOperationId":"hsj5s1nm5u4srim"}
{"type":"operationEnd","operationId":"hsj5s1nm5u4srim","timestamp":1705608124719,"id":"8z8l6epv4a8b0uc","previousEventId":"ybpi6fvreuu58y5","previousOperationId":"hsj5s1nm5u4srim"}
{"type":"log","timestamp":1705608124720,"level":"debug","message":"Skipping storing report.","meta":{"rootId":"7b3p1ndu133mrwd","id":"tsb8xf6jbqvbtaj"},"id":"zcsian867lvvm9a","previousOperationId":"hsj5s1nm5u4srim"}
{"type":"log","timestamp":1705608124720,"level":"info","message":"Rendering (child) request finished in 10293 ms","meta":{"rootId":"7b3p1ndu133mrwd","id":"tsb8xf6jbqvbtaj"},"id":"ku8e7ty8cytxnq6","previousOperationId":"hsj5s1nm5u4srim"}
{"type":"operationEnd","subtype":"render","operationId":"c0heqe5o7klmml4","timestamp":1705608124721,"id":"9qjx3ul9lxt5p43","previousEventId":"8z8l6epv4a8b0uc","previousOperationId":"hsj5s1nm5u4srim"}
{"type":"operationEnd","operationId":"nrb5nijwjicq5p8","timestamp":1705608124757,"id":"wpv8sxld3oajsjw","previousEventId":"6m0s10o1riqomdr","previousOperationId":"nrb5nijwjicq5p8"}
{"type":"log","timestamp":1705608124757,"level":"debug","message":"pdf-utils postproces start","meta":{"rootId":"7b3p1ndu133mrwd","id":"7b3p1ndu133mrwd"},"id":"70sim304cyzso97","previousOperationId":"nrb5nijwjicq5p8"}
{"type":"log","timestamp":1705608124780,"level":"debug","message":"pdf-utils postproces end","meta":{"rootId":"7b3p1ndu133mrwd","id":"7b3p1ndu133mrwd"},"id":"gvkgn8fy0tl0h94","previousOperationId":"nrb5nijwjicq5p8"}
{"type":"operationEnd","operationId":"bx3d818tro740j5","timestamp":1705608124780,"id":"f77nfsy771fiuyh","previousEventId":"wpv8sxld3oajsjw","previousOperationId":"nrb5nijwjicq5p8"}
{"type":"log","timestamp":1705608124780,"level":"info","message":"pdf-utils pdf processing was finished","meta":{"rootId":"7b3p1ndu133mrwd","id":"7b3p1ndu133mrwd"},"id":"2en3we2108a4ysw","previousOperationId":"bx3d818tro740j5"}
{"type":"log","timestamp":1705608124780,"level":"debug","message":"Skipping storing report.","meta":{"rootId":"7b3p1ndu133mrwd","id":"7b3p1ndu133mrwd"},"id":"cz8250emhg8kzvs","previousOperationId":"bx3d818tro740j5"}
{"type":"log","timestamp":1705608124780,"level":"info","message":"Rendering request 1 finished in 10353 ms","meta":{"rootId":"7b3p1ndu133mrwd","id":"7b3p1ndu133mrwd"},"id":"aapbnk90uoxpnz7","previousOperationId":"bx3d818tro740j5"}
{"type":"operationEnd","subtype":"render","operationId":"kus87m8jpj98pgw","timestamp":1705608124780,"id":"i5phvbvdvusq5o6","previousEventId":"f77nfsy771fiuyh","previousOperationId":"bx3d818tro740j5"}
{"type":"operationEnd","doDiffs":false,"previousEventId":"usja5xjr54m2sq6","previousOperationId":"dqs5vrggrsdv6ed","operationId":"dqs5vrggrsdv6ed","timestamp":1705608124804,"id":"8yj2racn21w37sn"}
