{"type":"operationStart","subtype":"profile","data":{"_id":"AF3CjHhCYwdDrM1W","timestamp":"2024-01-17T14:34:52.736Z","state":"queued","mode":"standard","creationDate":"2024-01-17T14:34:52.740Z","modificationDate":"2024-01-17T14:34:52.740Z","shortid":"7NI_qI4","$entitySet":"profiles"},"doDiffs":false,"timestamp":1705502092738,"id":"4a4gr8ngclln6rh","previousOperationId":null,"operationId":"5yjsz6i2p1q6rgh"}
{"type":"log","level":"info","message":"Render request 12 queued for execution and waiting for available worker","previousOperationId":"5yjsz6i2p1q6rgh","timestamp":1705502092738,"id":"p9e6dyx1ptiudzm"}
{"type":"operationStart","subtype":"render","name":"orders-main","previousOperationId":"5yjsz6i2p1q6rgh","timestamp":1705502092757,"id":"5zqz04rlo1tb967","previousEventId":"4a4gr8ngclln6rh","operationId":"p4d2fvpidoj7vzd"}
{"type":"log","timestamp":1705502092757,"level":"info","message":"Starting rendering request 12","meta":{"rootId":"7csdubtjbtfdnkb","id":"7csdubtjbtfdnkb"},"id":"hkcn24m43gkgfg8","previousOperationId":"p4d2fvpidoj7vzd"}
{"type":"log","timestamp":1705502092758,"level":"info","message":"Rendering template { name: orders-main, recipe: chrome-pdf, engine: handlebars, preview: true }","meta":{"rootId":"7csdubtjbtfdnkb","id":"7csdubtjbtfdnkb"},"id":"3jj7fqu7i5cfmf9","previousOperationId":"p4d2fvpidoj7vzd"}
{"type":"log","timestamp":1705502092762,"level":"debug","message":"Data item not defined for this template.","meta":{"rootId":"7csdubtjbtfdnkb","id":"7csdubtjbtfdnkb"},"id":"pj53mdqhusinade","previousOperationId":"p4d2fvpidoj7vzd"}
{"type":"log","timestamp":1705502092769,"level":"debug","message":"Executing script orders-script (beforeRender)","meta":{"rootId":"7csdubtjbtfdnkb","id":"7csdubtjbtfdnkb"},"id":"qcshfzfbhbw310m","previousOperationId":"p4d2fvpidoj7vzd"}
{"type":"operationStart","subtype":"scriptsBeforeRender","name":"scripts beforeRender","timestamp":1705502093162,"id":"ny2i6yqd2xodc8t","previousEventId":"5zqz04rlo1tb967","operationId":"ussaxtle6yej8ik","previousOperationId":"p4d2fvpidoj7vzd"}
{"type":"operationStart","subtype":"script","name":"scripts orders-script","previousOperationId":"ussaxtle6yej8ik","timestamp":1705502093163,"id":"m96ohrzoudtywdu","previousEventId":"ny2i6yqd2xodc8t","operationId":"zrx3a1ybyr2aprv"}
{"type":"operationEnd","operationId":"zrx3a1ybyr2aprv","timestamp":1705502093219,"id":"wca93zkr5kj63y0","previousEventId":"5zqz04rlo1tb967","previousOperationId":"p4d2fvpidoj7vzd"}
{"type":"operationEnd","operationId":"ussaxtle6yej8ik","timestamp":1705502093219,"id":"t4ipa10dsm6b7sh","previousEventId":"wca93zkr5kj63y0","previousOperationId":"p4d2fvpidoj7vzd"}
{"type":"log","timestamp":1705502093219,"level":"debug","message":"Base url not specified, skipping its injection.","meta":{"rootId":"7csdubtjbtfdnkb","id":"7csdubtjbtfdnkb"},"id":"klv1ud9mhbkk4y2","previousOperationId":"ussaxtle6yej8ik"}
{"type":"operationStart","subtype":"engine","name":"handlebars","timestamp":1705502093220,"id":"s16bh91goibbyxg","previousEventId":"t4ipa10dsm6b7sh","operationId":"ekce8wjh3heub8k","previousOperationId":"ussaxtle6yej8ik"}
{"type":"log","timestamp":1705502093220,"level":"debug","message":"Rendering engine handlebars","meta":{"rootId":"7csdubtjbtfdnkb","id":"7csdubtjbtfdnkb"},"id":"u2n9ah0kc939uvi","previousOperationId":"ekce8wjh3heub8k"}
{"type":"log","timestamp":1705502093570,"level":"debug","message":"(console:log) Pdf utils adding group field, value: \"Race1\"","meta":{"userLevel":true,"rootId":"7csdubtjbtfdnkb","id":"7csdubtjbtfdnkb"},"id":"0tnqn91x6rbtbfr","previousOperationId":"ekce8wjh3heub8k"}
{"type":"log","timestamp":1705502093570,"level":"debug","message":"(console:log) Pdf utils adding group field, value: \"Race2\"","meta":{"userLevel":true,"rootId":"7csdubtjbtfdnkb","id":"7csdubtjbtfdnkb"},"id":"l95kd4wi5um7zim","previousOperationId":"ekce8wjh3heub8k"}
{"type":"log","timestamp":1705502093570,"level":"debug","message":"(console:log) Pdf utils adding group field, value: \"rgver\"","meta":{"userLevel":true,"rootId":"7csdubtjbtfdnkb","id":"7csdubtjbtfdnkb"},"id":"9djw030o6ovel9y","previousOperationId":"ekce8wjh3heub8k"}
{"type":"log","timestamp":1705502093570,"level":"debug","message":"(console:log) Pdf utils adding group field, value: \"revger\"","meta":{"userLevel":true,"rootId":"7csdubtjbtfdnkb","id":"7csdubtjbtfdnkb"},"id":"eqlm6lylszau2ft","previousOperationId":"ekce8wjh3heub8k"}
{"type":"operationEnd","operationId":"ekce8wjh3heub8k","timestamp":1705502093571,"id":"vd66n5jgkxccaph","previousEventId":"s16bh91goibbyxg","previousOperationId":"ekce8wjh3heub8k"}
{"type":"operationStart","subtype":"recipe","name":"chrome-pdf","timestamp":1705502093571,"id":"317ec8gvg1isr4s","previousEventId":"vd66n5jgkxccaph","operationId":"3fffhgju7cxr6kx","previousOperationId":"ekce8wjh3heub8k"}
{"type":"log","timestamp":1705502093571,"level":"debug","message":"Executing recipe chrome-pdf","meta":{"rootId":"7csdubtjbtfdnkb","id":"7csdubtjbtfdnkb"},"id":"isl9ferzlxpceuf","previousOperationId":"3fffhgju7cxr6kx"}
{"type":"log","timestamp":1705502094233,"level":"debug","message":"Converting with chrome HeadlessChrome/117.0.5938.149 using chrome-pool strategy","meta":{"rootId":"7csdubtjbtfdnkb","id":"7csdubtjbtfdnkb"},"id":"plloguvfjhixfr2","previousOperationId":"3fffhgju7cxr6kx"}
{"type":"log","timestamp":1705502094379,"level":"debug","message":"Page request: GET (document) file:///C:/Users/DANIEL~1/AppData/Local/Temp/jsreport/autocleanup/df1dd20a-a8a6-4274-a352-dd033d68a2b0-chrome-pdf.html","meta":{"rootId":"7csdubtjbtfdnkb","id":"7csdubtjbtfdnkb"},"id":"itjly40qe1w6dkx","previousOperationId":"3fffhgju7cxr6kx"}
{"type":"log","timestamp":1705502094457,"level":"debug","message":"Page request: GET (stylesheet) https://cdnjs.cloudflare.com/ajax/libs/metro/4.1.5/css/metro.min.css","meta":{"rootId":"7csdubtjbtfdnkb","id":"7csdubtjbtfdnkb"},"id":"ecy60kteixze7zy","previousOperationId":"3fffhgju7cxr6kx"}
{"type":"log","timestamp":1705502094458,"level":"debug","message":"Page request: GET (script) https://cdnjs.cloudflare.com/ajax/libs/Chart.js/2.7.2/Chart.min.js","meta":{"rootId":"7csdubtjbtfdnkb","id":"7csdubtjbtfdnkb"},"id":"9fxuqvnk5lxbb2z","previousOperationId":"3fffhgju7cxr6kx"}
{"type":"log","timestamp":1705502094459,"level":"debug","message":"Page request finished: GET (document) 200 file:///C:/Users/DANIEL~1/AppData/Local/Temp/jsreport/autocleanup/df1dd20a-a8a6-4274-a352-dd033d68a2b0-chrome-pdf.html","meta":{"rootId":"7csdubtjbtfdnkb","id":"7csdubtjbtfdnkb"},"id":"j5pmo0xfw1if0aw","previousOperationId":"3fffhgju7cxr6kx"}
{"type":"log","timestamp":1705502094662,"level":"debug","message":"Page request finished: GET (script) 200 https://cdnjs.cloudflare.com/ajax/libs/Chart.js/2.7.2/Chart.min.js","meta":{"rootId":"7csdubtjbtfdnkb","id":"7csdubtjbtfdnkb"},"id":"fk9zwfj21o36hx8","previousOperationId":"3fffhgju7cxr6kx"}
{"type":"log","timestamp":1705502094757,"level":"debug","message":"Page request finished: GET (stylesheet) 200 https://cdnjs.cloudflare.com/ajax/libs/metro/4.1.5/css/metro.min.css","meta":{"rootId":"7csdubtjbtfdnkb","id":"7csdubtjbtfdnkb"},"id":"2gv92kxwo5w1p5i","previousOperationId":"3fffhgju7cxr6kx"}
{"type":"log","timestamp":1705502094770,"level":"warn","message":"Page error: \"undefined\" is not valid JSON\nJSON.parse (<anonymous>) , stack: SyntaxError: \"undefined\" is not valid JSON\nJSON.parse (<anonymous>)\n    at <anonymous> (file:///C:/Users/DANIEL~1/AppData/Local/Temp/jsreport/autocleanup/df1dd20a-a8a6-4274-a352-dd033d68a2b0-chrome-pdf.html:40:29)","meta":{"rootId":"7csdubtjbtfdnkb","id":"7csdubtjbtfdnkb"},"id":"oc8z4twg9ltlku3","previousOperationId":"3fffhgju7cxr6kx"}
{"type":"log","timestamp":1705502094772,"level":"warn","message":"Page error: \"undefined\" is not valid JSON\nJSON.parse (<anonymous>) , stack: SyntaxError: \"undefined\" is not valid JSON\nJSON.parse (<anonymous>)\n    at <anonymous> (file:///C:/Users/DANIEL~1/AppData/Local/Temp/jsreport/autocleanup/df1dd20a-a8a6-4274-a352-dd033d68a2b0-chrome-pdf.html:90:29)","meta":{"rootId":"7csdubtjbtfdnkb","id":"7csdubtjbtfdnkb"},"id":"flk38hjbumze26e","previousOperationId":"3fffhgju7cxr6kx"}
{"type":"log","timestamp":1705502094773,"level":"warn","message":"Page error: \"undefined\" is not valid JSON\nJSON.parse (<anonymous>) , stack: SyntaxError: \"undefined\" is not valid JSON\nJSON.parse (<anonymous>)\n    at <anonymous> (file:///C:/Users/DANIEL~1/AppData/Local/Temp/jsreport/autocleanup/df1dd20a-a8a6-4274-a352-dd033d68a2b0-chrome-pdf.html:140:29)","meta":{"rootId":"7csdubtjbtfdnkb","id":"7csdubtjbtfdnkb"},"id":"nslv2lmomj4j1y6","previousOperationId":"3fffhgju7cxr6kx"}
{"type":"log","timestamp":1705502094773,"level":"warn","message":"Page error: \"undefined\" is not valid JSON\nJSON.parse (<anonymous>) , stack: SyntaxError: \"undefined\" is not valid JSON\nJSON.parse (<anonymous>)\n    at <anonymous> (file:///C:/Users/DANIEL~1/AppData/Local/Temp/jsreport/autocleanup/df1dd20a-a8a6-4274-a352-dd033d68a2b0-chrome-pdf.html:190:29)","meta":{"rootId":"7csdubtjbtfdnkb","id":"7csdubtjbtfdnkb"},"id":"2jt1hhweduarqt8","previousOperationId":"3fffhgju7cxr6kx"}
{"type":"log","timestamp":1705502094806,"level":"debug","message":"Running chrome with params {\"printBackground\":true,\"marginTop\":\"4cm\",\"marginRight\":\"1.5cm\",\"marginBottom\":\"1.5cm\",\"marginLeft\":\"1.5cm\",\"waitForJS\":false,\"timeout\":58707,\"margin\":{\"top\":\"4cm\",\"right\":\"1.5cm\",\"bottom\":\"1.5cm\",\"left\":\"1.5cm\"}}","meta":{"rootId":"7csdubtjbtfdnkb","id":"7csdubtjbtfdnkb"},"id":"6zwui89047qkqzv","previousOperationId":"3fffhgju7cxr6kx"}
{"type":"operationEnd","operationId":"3fffhgju7cxr6kx","timestamp":1705502094873,"id":"1m4nh7fetw8pjuc","previousEventId":"317ec8gvg1isr4s","previousOperationId":"3fffhgju7cxr6kx"}
{"type":"log","timestamp":1705502094874,"level":"info","message":"pdf-utils is starting pdf processing","meta":{"rootId":"7csdubtjbtfdnkb","id":"7csdubtjbtfdnkb"},"id":"i17la1bw4farhr0","previousOperationId":"3fffhgju7cxr6kx"}
{"type":"operationStart","subtype":"pdfUtils","name":"pdf utils","timestamp":1705502095083,"id":"6ch4v6db0ynukxm","previousEventId":"1m4nh7fetw8pjuc","operationId":"xd7xwl7uwzgv613","previousOperationId":"3fffhgju7cxr6kx"}
{"type":"log","timestamp":1705502095084,"level":"debug","message":"pdf-utils detected 1 pdf operation(s) to process","meta":{"rootId":"7csdubtjbtfdnkb","id":"7csdubtjbtfdnkb"},"id":"dnrgpo1vmzimlrt","previousOperationId":"xd7xwl7uwzgv613"}
{"type":"log","timestamp":1705502095324,"level":"debug","message":"pdf-utils running pdf operation merge","meta":{"rootId":"7csdubtjbtfdnkb","id":"7csdubtjbtfdnkb"},"id":"bmh5roklykmhfz8","previousOperationId":"xd7xwl7uwzgv613"}
{"type":"operationStart","subtype":"pdfUtilsMerge","name":"pdf utils merge","previousOperationId":"xd7xwl7uwzgv613","timestamp":1705502095324,"id":"r91ag3g7gvm8vvc","previousEventId":"6ch4v6db0ynukxm","operationId":"5p6ptbf9mbem5z9"}
{"type":"operationStart","subtype":"render","name":"orders-header","previousOperationId":"5p6ptbf9mbem5z9","timestamp":1705502095329,"id":"n1vkccb4thclkpc","previousEventId":"r91ag3g7gvm8vvc","operationId":"u8tilz65gqf61dl"}
{"type":"log","timestamp":1705502095329,"level":"info","message":"Starting rendering (child) request","meta":{"rootId":"7csdubtjbtfdnkb","id":"nt6yk6n3bqrmi1k"},"id":"28yer4odb3z0xz5","previousOperationId":"u8tilz65gqf61dl"}
{"type":"log","timestamp":1705502095329,"level":"info","message":"Rendering template { name: orders-header, recipe: chrome-pdf, engine: handlebars, preview: true }","meta":{"rootId":"7csdubtjbtfdnkb","id":"nt6yk6n3bqrmi1k"},"id":"j9qbvjpyaeeg7ie","previousOperationId":"u8tilz65gqf61dl"}
{"type":"log","timestamp":1705502095338,"level":"debug","message":"Inline data specified.","meta":{"rootId":"7csdubtjbtfdnkb","id":"nt6yk6n3bqrmi1k"},"id":"6c7ammg2idlth4u","previousOperationId":"u8tilz65gqf61dl"}
{"type":"log","timestamp":1705502095342,"level":"debug","message":"Base url not specified, skipping its injection.","meta":{"rootId":"7csdubtjbtfdnkb","id":"nt6yk6n3bqrmi1k"},"id":"hczyl8k6f4nhyja","previousOperationId":"u8tilz65gqf61dl"}
{"type":"operationStart","subtype":"engine","name":"handlebars","timestamp":1705502095342,"id":"wulp4vhdgjicdrx","previousEventId":"n1vkccb4thclkpc","operationId":"7t79oblt5pvvqye","previousOperationId":"u8tilz65gqf61dl"}
{"type":"log","timestamp":1705502095342,"level":"debug","message":"Rendering engine handlebars","meta":{"rootId":"7csdubtjbtfdnkb","id":"nt6yk6n3bqrmi1k"},"id":"fd09fkxsx82f5br","previousOperationId":"7t79oblt5pvvqye"}
{"type":"operationEnd","operationId":"7t79oblt5pvvqye","timestamp":1705502095376,"id":"fbtxnc325a6ijr4","previousEventId":"wulp4vhdgjicdrx","previousOperationId":"7t79oblt5pvvqye"}
{"type":"operationStart","subtype":"recipe","name":"chrome-pdf","timestamp":1705502095376,"id":"c20vr6js1bxjzce","previousEventId":"fbtxnc325a6ijr4","operationId":"jikyl7p8g8hml8h","previousOperationId":"7t79oblt5pvvqye"}
{"type":"log","timestamp":1705502095376,"level":"debug","message":"Executing recipe chrome-pdf","meta":{"rootId":"7csdubtjbtfdnkb","id":"nt6yk6n3bqrmi1k"},"id":"tjgt8rl47dmhk08","previousOperationId":"jikyl7p8g8hml8h"}
{"type":"log","timestamp":1705502095381,"level":"debug","message":"Converting with chrome HeadlessChrome/117.0.5938.149 using chrome-pool strategy","meta":{"rootId":"7csdubtjbtfdnkb","id":"nt6yk6n3bqrmi1k"},"id":"m7hg3db3f8u1hpj","previousOperationId":"jikyl7p8g8hml8h"}
{"type":"log","timestamp":1705502095499,"level":"debug","message":"Page request: GET (document) file:///C:/Users/DANIEL~1/AppData/Local/Temp/jsreport/autocleanup/ad3d4ee1-e1c4-4a32-aee7-ef46846d695e-chrome-pdf.html","meta":{"rootId":"7csdubtjbtfdnkb","id":"nt6yk6n3bqrmi1k"},"id":"cn0ln23tk5ad8vn","previousOperationId":"jikyl7p8g8hml8h"}
{"type":"log","timestamp":1705502095513,"level":"debug","message":"Page request: GET (stylesheet) https://cdnjs.cloudflare.com/ajax/libs/metro/4.1.5/css/metro.min.css","meta":{"rootId":"7csdubtjbtfdnkb","id":"nt6yk6n3bqrmi1k"},"id":"xllkef3xlhupzb2","previousOperationId":"jikyl7p8g8hml8h"}
{"type":"log","timestamp":1705502095514,"level":"debug","message":"Page request finished: GET (document) 200 file:///C:/Users/DANIEL~1/AppData/Local/Temp/jsreport/autocleanup/ad3d4ee1-e1c4-4a32-aee7-ef46846d695e-chrome-pdf.html","meta":{"rootId":"7csdubtjbtfdnkb","id":"nt6yk6n3bqrmi1k"},"id":"czox44hio42xxtf","previousOperationId":"jikyl7p8g8hml8h"}
{"type":"log","timestamp":1705502095533,"level":"debug","message":"Page request finished: GET (stylesheet) 200 https://cdnjs.cloudflare.com/ajax/libs/metro/4.1.5/css/metro.min.css","meta":{"rootId":"7csdubtjbtfdnkb","id":"nt6yk6n3bqrmi1k"},"id":"4xp1iberuse9h48","previousOperationId":"jikyl7p8g8hml8h"}
{"type":"log","timestamp":1705502095556,"level":"debug","message":"Running chrome with params {\"printBackground\":true,\"marginTop\":\"1.5cm\",\"marginRight\":\"1.5cm\",\"marginLeft\":\"1.cm\",\"timeout\":57357,\"margin\":{\"top\":\"1.5cm\",\"right\":\"1.5cm\",\"left\":\"1.cm\"}}","meta":{"rootId":"7csdubtjbtfdnkb","id":"nt6yk6n3bqrmi1k"},"id":"d60bxdsh9iv42vi","previousOperationId":"jikyl7p8g8hml8h"}
{"type":"operationEnd","operationId":"jikyl7p8g8hml8h","timestamp":1705502095604,"id":"r37wdvbv7jtml6t","previousEventId":"c20vr6js1bxjzce","previousOperationId":"jikyl7p8g8hml8h"}
{"type":"log","timestamp":1705502095606,"level":"debug","message":"Skipping storing report.","meta":{"rootId":"7csdubtjbtfdnkb","id":"nt6yk6n3bqrmi1k"},"id":"9wedhmt3svwim5m","previousOperationId":"jikyl7p8g8hml8h"}
{"type":"log","timestamp":1705502095606,"level":"info","message":"Rendering (child) request finished in 2870 ms","meta":{"rootId":"7csdubtjbtfdnkb","id":"nt6yk6n3bqrmi1k"},"id":"x555esjcgm1007s","previousOperationId":"jikyl7p8g8hml8h"}
{"type":"operationEnd","subtype":"render","operationId":"u8tilz65gqf61dl","timestamp":1705502095606,"id":"6zoln0d8iv6mkus","previousEventId":"r37wdvbv7jtml6t","previousOperationId":"jikyl7p8g8hml8h"}
{"type":"operationEnd","operationId":"5p6ptbf9mbem5z9","timestamp":1705502095633,"id":"vqq0ep8pn2ikkpk","previousEventId":"r91ag3g7gvm8vvc","previousOperationId":"5p6ptbf9mbem5z9"}
{"type":"log","timestamp":1705502095633,"level":"debug","message":"pdf-utils postproces start","meta":{"rootId":"7csdubtjbtfdnkb","id":"7csdubtjbtfdnkb"},"id":"qyaqz6nbxk87ud6","previousOperationId":"5p6ptbf9mbem5z9"}
{"type":"log","timestamp":1705502095651,"level":"debug","message":"pdf-utils postproces end","meta":{"rootId":"7csdubtjbtfdnkb","id":"7csdubtjbtfdnkb"},"id":"e0aq77xkjbjfzih","previousOperationId":"5p6ptbf9mbem5z9"}
{"type":"operationEnd","operationId":"xd7xwl7uwzgv613","timestamp":1705502095652,"id":"9e35ro0l0jwg38r","previousEventId":"vqq0ep8pn2ikkpk","previousOperationId":"5p6ptbf9mbem5z9"}
{"type":"log","timestamp":1705502095652,"level":"info","message":"pdf-utils pdf processing was finished","meta":{"rootId":"7csdubtjbtfdnkb","id":"7csdubtjbtfdnkb"},"id":"k697l3t59wfj62f","previousOperationId":"xd7xwl7uwzgv613"}
{"type":"log","timestamp":1705502095652,"level":"debug","message":"Skipping storing report.","meta":{"rootId":"7csdubtjbtfdnkb","id":"7csdubtjbtfdnkb"},"id":"70mk5nx4kjflib0","previousOperationId":"xd7xwl7uwzgv613"}
{"type":"log","timestamp":1705502095652,"level":"info","message":"Rendering request 12 finished in 2916 ms","meta":{"rootId":"7csdubtjbtfdnkb","id":"7csdubtjbtfdnkb"},"id":"1mggy0ztyi32ge2","previousOperationId":"xd7xwl7uwzgv613"}
{"type":"operationEnd","subtype":"render","operationId":"p4d2fvpidoj7vzd","timestamp":1705502095652,"id":"sbz9lnnfh1lv6af","previousEventId":"9e35ro0l0jwg38r","previousOperationId":"xd7xwl7uwzgv613"}
{"type":"operationEnd","doDiffs":false,"previousEventId":"4a4gr8ngclln6rh","previousOperationId":"5yjsz6i2p1q6rgh","operationId":"5yjsz6i2p1q6rgh","timestamp":1705502095674,"id":"wanopj8ab5mofhy"}
