{"type":"operationStart","subtype":"profile","data":{"_id":"fE8fOiW0sZNHA05N","timestamp":"2024-01-18T15:08:04.020Z","state":"queued","mode":"standard","creationDate":"2024-01-18T15:08:04.024Z","modificationDate":"2024-01-18T15:08:04.024Z","shortid":"Jv0SpDu","$entitySet":"profiles"},"doDiffs":false,"timestamp":1705590484022,"id":"ixx5igcy2kbj6sh","previousOperationId":null,"operationId":"j6ifjq328xnveic"}
{"type":"log","level":"info","message":"Render request 33 queued for execution and waiting for available worker","previousOperationId":"j6ifjq328xnveic","timestamp":1705590484022,"id":"62ynv0bsf5msyrr"}
{"type":"operationStart","subtype":"render","name":"orders-main","previousOperationId":"j6ifjq328xnveic","timestamp":1705590484039,"id":"hy9wcv9afgymwa9","previousEventId":"ixx5igcy2kbj6sh","operationId":"1hcflw06ukarqc0"}
{"type":"log","timestamp":1705590484040,"level":"info","message":"Starting rendering request 33","meta":{"rootId":"7znnuig7qic6jjb","id":"7znnuig7qic6jjb"},"id":"p4stejb8loh06ri","previousOperationId":"1hcflw06ukarqc0"}
{"type":"log","timestamp":1705590484040,"level":"info","message":"Rendering template { name: orders-main, recipe: chrome-pdf, engine: handlebars, preview: true }","meta":{"rootId":"7znnuig7qic6jjb","id":"7znnuig7qic6jjb"},"id":"d5g790licgkov8q","previousOperationId":"1hcflw06ukarqc0"}
{"type":"log","timestamp":1705590484042,"level":"debug","message":"Data item not defined for this template.","meta":{"rootId":"7znnuig7qic6jjb","id":"7znnuig7qic6jjb"},"id":"r1seupowgpydps0","previousOperationId":"1hcflw06ukarqc0"}
{"type":"log","timestamp":1705590484047,"level":"debug","message":"Executing script orders-script (beforeRender)","meta":{"rootId":"7znnuig7qic6jjb","id":"7znnuig7qic6jjb"},"id":"iso97lq44k5bd0v","previousOperationId":"1hcflw06ukarqc0"}
{"type":"operationStart","subtype":"scriptsBeforeRender","name":"scripts beforeRender","timestamp":1705590484076,"id":"7tpj9glcx5jhzzy","previousEventId":"hy9wcv9afgymwa9","operationId":"wcz1ugz4bodvj0g","previousOperationId":"1hcflw06ukarqc0"}
{"type":"operationStart","subtype":"script","name":"scripts orders-script","previousOperationId":"wcz1ugz4bodvj0g","timestamp":1705590484076,"id":"8l9rpldibxtyva8","previousEventId":"7tpj9glcx5jhzzy","operationId":"07vwgd33pp4d2f7"}
{"type":"operationEnd","operationId":"07vwgd33pp4d2f7","timestamp":1705590484103,"id":"xidhk7ckfby75cd","previousEventId":"hy9wcv9afgymwa9","previousOperationId":"1hcflw06ukarqc0"}
{"type":"operationEnd","operationId":"wcz1ugz4bodvj0g","timestamp":1705590484103,"id":"h9qevubpaiwziqg","previousEventId":"xidhk7ckfby75cd","previousOperationId":"1hcflw06ukarqc0"}
{"type":"log","timestamp":1705590484103,"level":"debug","message":"Base url not specified, skipping its injection.","meta":{"rootId":"7znnuig7qic6jjb","id":"7znnuig7qic6jjb"},"id":"ppwp5amsgl1msqj","previousOperationId":"wcz1ugz4bodvj0g"}
{"type":"operationStart","subtype":"engine","name":"handlebars","timestamp":1705590484103,"id":"wfluv6m0ozz6hu4","previousEventId":"h9qevubpaiwziqg","operationId":"vby4ib28vjt7zuv","previousOperationId":"wcz1ugz4bodvj0g"}
{"type":"log","timestamp":1705590484105,"level":"debug","message":"Rendering engine handlebars","meta":{"rootId":"7znnuig7qic6jjb","id":"7znnuig7qic6jjb"},"id":"dfsz8mx5c5rjnmq","previousOperationId":"vby4ib28vjt7zuv"}
{"type":"log","timestamp":1705590484123,"level":"debug","message":"(console:log) Pdf utils adding group field, value: \"Race1\"","meta":{"userLevel":true,"rootId":"7znnuig7qic6jjb","id":"7znnuig7qic6jjb"},"id":"yjzgrnej4xhx056","previousOperationId":"vby4ib28vjt7zuv"}
{"type":"log","timestamp":1705590484124,"level":"debug","message":"(console:log) Pdf utils adding group field, value: \"Race2\"","meta":{"userLevel":true,"rootId":"7znnuig7qic6jjb","id":"7znnuig7qic6jjb"},"id":"qm55r52lsr6thyx","previousOperationId":"vby4ib28vjt7zuv"}
{"type":"operationEnd","operationId":"vby4ib28vjt7zuv","timestamp":1705590484124,"id":"w5b3jii7mjvv1lf","previousEventId":"wfluv6m0ozz6hu4","previousOperationId":"vby4ib28vjt7zuv"}
{"type":"operationStart","subtype":"recipe","name":"chrome-pdf","timestamp":1705590484124,"id":"jgzqilrqlvsxtga","previousEventId":"w5b3jii7mjvv1lf","operationId":"5dqtndnblp5m38s","previousOperationId":"vby4ib28vjt7zuv"}
{"type":"log","timestamp":1705590484124,"level":"debug","message":"Executing recipe chrome-pdf","meta":{"rootId":"7znnuig7qic6jjb","id":"7znnuig7qic6jjb"},"id":"fcsvx5nxng97ha1","previousOperationId":"5dqtndnblp5m38s"}
{"type":"log","timestamp":1705590484128,"level":"debug","message":"Converting with chrome HeadlessChrome/117.0.5938.149 using chrome-pool strategy","meta":{"rootId":"7znnuig7qic6jjb","id":"7znnuig7qic6jjb"},"id":"bjkbtphhwxpjygz","previousOperationId":"5dqtndnblp5m38s"}
{"type":"log","timestamp":1705590484246,"level":"debug","message":"Page request: GET (document) file:///C:/Users/DANIEL~1/AppData/Local/Temp/jsreport/autocleanup/1dd6b744-e11d-452f-8a2e-7fd853b4fb57-chrome-pdf.html","meta":{"rootId":"7znnuig7qic6jjb","id":"7znnuig7qic6jjb"},"id":"w04b2smly55abqt","previousOperationId":"5dqtndnblp5m38s"}
{"type":"log","timestamp":1705590484280,"level":"debug","message":"Page request: GET (stylesheet) https://cdnjs.cloudflare.com/ajax/libs/metro/4.1.5/css/metro.min.css","meta":{"rootId":"7znnuig7qic6jjb","id":"7znnuig7qic6jjb"},"id":"65o85emnajf13de","previousOperationId":"5dqtndnblp5m38s"}
{"type":"log","timestamp":1705590484280,"level":"debug","message":"Page request: GET (script) https://cdnjs.cloudflare.com/ajax/libs/Chart.js/2.9.4/Chart.js","meta":{"rootId":"7znnuig7qic6jjb","id":"7znnuig7qic6jjb"},"id":"z3mgq2cur9oorll","previousOperationId":"5dqtndnblp5m38s"}
{"type":"log","timestamp":1705590484281,"level":"debug","message":"Page request finished: GET (document) 200 file:///C:/Users/DANIEL~1/AppData/Local/Temp/jsreport/autocleanup/1dd6b744-e11d-452f-8a2e-7fd853b4fb57-chrome-pdf.html","meta":{"rootId":"7znnuig7qic6jjb","id":"7znnuig7qic6jjb"},"id":"0npd6syyplqr0uo","previousOperationId":"5dqtndnblp5m38s"}
{"type":"log","timestamp":1705590484291,"level":"debug","message":"Page request finished: GET (script) 200 https://cdnjs.cloudflare.com/ajax/libs/Chart.js/2.9.4/Chart.js","meta":{"rootId":"7znnuig7qic6jjb","id":"7znnuig7qic6jjb"},"id":"jobbdoc2m7cw3x5","previousOperationId":"5dqtndnblp5m38s"}
{"type":"log","timestamp":1705590484309,"level":"debug","message":"Page request finished: GET (stylesheet) 200 https://cdnjs.cloudflare.com/ajax/libs/metro/4.1.5/css/metro.min.css","meta":{"rootId":"7znnuig7qic6jjb","id":"7znnuig7qic6jjb"},"id":"5sxcljbm6p75orb","previousOperationId":"5dqtndnblp5m38s"}
{"type":"log","timestamp":1705590484319,"level":"warn","message":"Page error: Unexpected token ';' , stack: SyntaxError: Unexpected token ';'","meta":{"rootId":"7znnuig7qic6jjb","id":"7znnuig7qic6jjb"},"id":"94foy08y9dq0iqq","previousOperationId":"5dqtndnblp5m38s"}
{"type":"log","timestamp":1705590484359,"level":"debug","message":"Running chrome with params {\"printBackground\":true,\"marginTop\":\"4cm\",\"marginRight\":\"1.5cm\",\"marginBottom\":\"1.5cm\",\"marginLeft\":\"1.5cm\",\"waitForJS\":false,\"timeout\":59893,\"margin\":{\"top\":\"4cm\",\"right\":\"1.5cm\",\"bottom\":\"1.5cm\",\"left\":\"1.5cm\"}}","meta":{"rootId":"7znnuig7qic6jjb","id":"7znnuig7qic6jjb"},"id":"w54hgkfk9px6yul","previousOperationId":"5dqtndnblp5m38s"}
{"type":"operationEnd","operationId":"5dqtndnblp5m38s","timestamp":1705590484456,"id":"34nufe2dnrogowy","previousEventId":"jgzqilrqlvsxtga","previousOperationId":"5dqtndnblp5m38s"}
{"type":"log","timestamp":1705590484456,"level":"info","message":"pdf-utils is starting pdf processing","meta":{"rootId":"7znnuig7qic6jjb","id":"7znnuig7qic6jjb"},"id":"4djx16h5kug5c56","previousOperationId":"5dqtndnblp5m38s"}
{"type":"operationStart","subtype":"pdfUtils","name":"pdf utils","timestamp":1705590484456,"id":"scwn3fmmbnuzy6o","previousEventId":"34nufe2dnrogowy","operationId":"towrcpq2muy4lir","previousOperationId":"5dqtndnblp5m38s"}
{"type":"log","timestamp":1705590484456,"level":"debug","message":"pdf-utils detected 1 pdf operation(s) to process","meta":{"rootId":"7znnuig7qic6jjb","id":"7znnuig7qic6jjb"},"id":"5mrr9fk8xfc2onu","previousOperationId":"towrcpq2muy4lir"}
{"type":"log","timestamp":1705590484487,"level":"debug","message":"pdf-utils running pdf operation merge","meta":{"rootId":"7znnuig7qic6jjb","id":"7znnuig7qic6jjb"},"id":"8fsntzs3tsfbe12","previousOperationId":"towrcpq2muy4lir"}
{"type":"operationStart","subtype":"pdfUtilsMerge","name":"pdf utils merge","previousOperationId":"towrcpq2muy4lir","timestamp":1705590484487,"id":"7dnnzecyblbzz0x","previousEventId":"scwn3fmmbnuzy6o","operationId":"flrt8dd6lkcdalh"}
{"type":"operationStart","subtype":"render","name":"orders-header","previousOperationId":"flrt8dd6lkcdalh","timestamp":1705590484488,"id":"0pvhyouibco2xj3","previousEventId":"7dnnzecyblbzz0x","operationId":"xb4o0rcczr1agno"}
{"type":"log","timestamp":1705590484488,"level":"info","message":"Starting rendering (child) request","meta":{"rootId":"7znnuig7qic6jjb","id":"g12rwdjcklbkwds"},"id":"1c3juux965ltftf","previousOperationId":"xb4o0rcczr1agno"}
{"type":"log","timestamp":1705590484489,"level":"info","message":"Rendering template { name: orders-header, recipe: chrome-pdf, engine: handlebars, preview: true }","meta":{"rootId":"7znnuig7qic6jjb","id":"g12rwdjcklbkwds"},"id":"fkcw23il338kpjs","previousOperationId":"xb4o0rcczr1agno"}
{"type":"log","timestamp":1705590484491,"level":"debug","message":"Inline data specified.","meta":{"rootId":"7znnuig7qic6jjb","id":"g12rwdjcklbkwds"},"id":"hqc80j17cr56w3t","previousOperationId":"xb4o0rcczr1agno"}
{"type":"log","timestamp":1705590484493,"level":"debug","message":"Base url not specified, skipping its injection.","meta":{"rootId":"7znnuig7qic6jjb","id":"g12rwdjcklbkwds"},"id":"69lsu5c82fxztcq","previousOperationId":"xb4o0rcczr1agno"}
{"type":"operationStart","subtype":"engine","name":"handlebars","timestamp":1705590484493,"id":"kw7ph8rt08w316b","previousEventId":"0pvhyouibco2xj3","operationId":"atgif455736i0xn","previousOperationId":"xb4o0rcczr1agno"}
{"type":"log","timestamp":1705590484493,"level":"debug","message":"Rendering engine handlebars","meta":{"rootId":"7znnuig7qic6jjb","id":"g12rwdjcklbkwds"},"id":"yvvdazurqyb7o15","previousOperationId":"atgif455736i0xn"}
{"type":"operationEnd","operationId":"atgif455736i0xn","timestamp":1705590484524,"id":"f7u9131kouolp4s","previousEventId":"kw7ph8rt08w316b","previousOperationId":"atgif455736i0xn"}
{"type":"operationStart","subtype":"recipe","name":"chrome-pdf","timestamp":1705590484525,"id":"2fihgczab0e4n3s","previousEventId":"f7u9131kouolp4s","operationId":"5e7rkc3mtjqfhwe","previousOperationId":"atgif455736i0xn"}
{"type":"log","timestamp":1705590484525,"level":"debug","message":"Executing recipe chrome-pdf","meta":{"rootId":"7znnuig7qic6jjb","id":"g12rwdjcklbkwds"},"id":"9tg9qs7yh7c40ot","previousOperationId":"5e7rkc3mtjqfhwe"}
{"type":"log","timestamp":1705590484529,"level":"debug","message":"Converting with chrome HeadlessChrome/117.0.5938.149 using chrome-pool strategy","meta":{"rootId":"7znnuig7qic6jjb","id":"g12rwdjcklbkwds"},"id":"xijmfkb02z9kvtx","previousOperationId":"5e7rkc3mtjqfhwe"}
{"type":"log","timestamp":1705590484650,"level":"debug","message":"Page request: GET (document) file:///C:/Users/DANIEL~1/AppData/Local/Temp/jsreport/autocleanup/257f3486-eefe-4196-b79f-e389d31f1bb9-chrome-pdf.html","meta":{"rootId":"7znnuig7qic6jjb","id":"g12rwdjcklbkwds"},"id":"h3qx96ycthl677g","previousOperationId":"5e7rkc3mtjqfhwe"}
{"type":"log","timestamp":1705590484667,"level":"debug","message":"Page request finished: GET (document) 200 file:///C:/Users/DANIEL~1/AppData/Local/Temp/jsreport/autocleanup/257f3486-eefe-4196-b79f-e389d31f1bb9-chrome-pdf.html","meta":{"rootId":"7znnuig7qic6jjb","id":"g12rwdjcklbkwds"},"id":"9wcw4xn86a791hf","previousOperationId":"5e7rkc3mtjqfhwe"}
{"type":"log","timestamp":1705590484667,"level":"debug","message":"Page request: GET (stylesheet) https://cdnjs.cloudflare.com/ajax/libs/metro/4.1.5/css/metro.min.css","meta":{"rootId":"7znnuig7qic6jjb","id":"g12rwdjcklbkwds"},"id":"telbh6mjcib2nbw","previousOperationId":"5e7rkc3mtjqfhwe"}
{"type":"log","timestamp":1705590484692,"level":"debug","message":"Page request finished: GET (stylesheet) 200 https://cdnjs.cloudflare.com/ajax/libs/metro/4.1.5/css/metro.min.css","meta":{"rootId":"7znnuig7qic6jjb","id":"g12rwdjcklbkwds"},"id":"ywy92ji4tz2lj5u","previousOperationId":"5e7rkc3mtjqfhwe"}
{"type":"log","timestamp":1705590484712,"level":"debug","message":"Running chrome with params {\"printBackground\":true,\"marginTop\":\"1.5cm\",\"marginRight\":\"1.5cm\",\"marginLeft\":\"1.cm\",\"timeout\":59492,\"margin\":{\"top\":\"1.5cm\",\"right\":\"1.5cm\",\"left\":\"1.cm\"}}","meta":{"rootId":"7znnuig7qic6jjb","id":"g12rwdjcklbkwds"},"id":"xiutcxg69vfluen","previousOperationId":"5e7rkc3mtjqfhwe"}
{"type":"operationEnd","operationId":"5e7rkc3mtjqfhwe","timestamp":1705590484774,"id":"ut1d85kznql7ka4","previousEventId":"2fihgczab0e4n3s","previousOperationId":"5e7rkc3mtjqfhwe"}
{"type":"log","timestamp":1705590484775,"level":"debug","message":"Skipping storing report.","meta":{"rootId":"7znnuig7qic6jjb","id":"g12rwdjcklbkwds"},"id":"q91gwod0rhtbtfr","previousOperationId":"5e7rkc3mtjqfhwe"}
{"type":"log","timestamp":1705590484775,"level":"info","message":"Rendering (child) request finished in 755 ms","meta":{"rootId":"7znnuig7qic6jjb","id":"g12rwdjcklbkwds"},"id":"v4wtqpye4o8zuak","previousOperationId":"5e7rkc3mtjqfhwe"}
{"type":"operationEnd","subtype":"render","operationId":"xb4o0rcczr1agno","timestamp":1705590484775,"id":"ki710qg3exsfs8h","previousEventId":"ut1d85kznql7ka4","previousOperationId":"5e7rkc3mtjqfhwe"}
{"type":"operationEnd","operationId":"flrt8dd6lkcdalh","timestamp":1705590484792,"id":"xb3zfbpq01ze5ar","previousEventId":"7dnnzecyblbzz0x","previousOperationId":"flrt8dd6lkcdalh"}
{"type":"log","timestamp":1705590484792,"level":"debug","message":"pdf-utils postproces start","meta":{"rootId":"7znnuig7qic6jjb","id":"7znnuig7qic6jjb"},"id":"ux43rwvthqbktew","previousOperationId":"flrt8dd6lkcdalh"}
{"type":"log","timestamp":1705590484818,"level":"debug","message":"pdf-utils postproces end","meta":{"rootId":"7znnuig7qic6jjb","id":"7znnuig7qic6jjb"},"id":"2o95cf1pxd4jbww","previousOperationId":"flrt8dd6lkcdalh"}
{"type":"operationEnd","operationId":"towrcpq2muy4lir","timestamp":1705590484819,"id":"t3c7xu8yll6i3kf","previousEventId":"xb3zfbpq01ze5ar","previousOperationId":"flrt8dd6lkcdalh"}
{"type":"log","timestamp":1705590484819,"level":"info","message":"pdf-utils pdf processing was finished","meta":{"rootId":"7znnuig7qic6jjb","id":"7znnuig7qic6jjb"},"id":"n1hpvpm3qzz5v6p","previousOperationId":"towrcpq2muy4lir"}
{"type":"log","timestamp":1705590484819,"level":"debug","message":"Skipping storing report.","meta":{"rootId":"7znnuig7qic6jjb","id":"7znnuig7qic6jjb"},"id":"qb9gj1je7b9v037","previousOperationId":"towrcpq2muy4lir"}
{"type":"log","timestamp":1705590484819,"level":"info","message":"Rendering request 33 finished in 799 ms","meta":{"rootId":"7znnuig7qic6jjb","id":"7znnuig7qic6jjb"},"id":"u4qwgkr80e4l1hv","previousOperationId":"towrcpq2muy4lir"}
{"type":"operationEnd","subtype":"render","operationId":"1hcflw06ukarqc0","timestamp":1705590484819,"id":"7r17xeo1igzy52b","previousEventId":"t3c7xu8yll6i3kf","previousOperationId":"towrcpq2muy4lir"}
{"type":"operationEnd","doDiffs":false,"previousEventId":"ixx5igcy2kbj6sh","previousOperationId":"j6ifjq328xnveic","operationId":"j6ifjq328xnveic","timestamp":1705590484832,"id":"7iq7j5pn0lljpaz"}
