{"type":"operationStart","subtype":"profile","data":{"_id":"l6gNIEZIgaPLZ4bC","timestamp":"2024-01-19T17:04:43.445Z","state":"queued","mode":"standard","creationDate":"2024-01-19T17:04:43.447Z","modificationDate":"2024-01-19T17:04:43.447Z","shortid":"KfLmdtN","$entitySet":"profiles"},"doDiffs":false,"timestamp":1705683883447,"id":"uayyf3147pgcc4b","previousOperationId":null,"operationId":"mgyrzzkf26dsw5r"}
{"type":"log","level":"info","message":"Render request 12 queued for execution and waiting for available worker","previousOperationId":"mgyrzzkf26dsw5r","timestamp":1705683883447,"id":"kr22dibb8t3liru"}
{"type":"operationStart","subtype":"render","name":"orders-main","previousOperationId":"mgyrzzkf26dsw5r","timestamp":1705683883452,"id":"09v7qiokfiyn7ho","previousEventId":"uayyf3147pgcc4b","operationId":"1oryzgjuah3grgd"}
{"type":"log","timestamp":1705683883452,"level":"info","message":"Starting rendering request 12","meta":{"rootId":"849cpk2vgmmuea8","id":"849cpk2vgmmuea8"},"id":"xx1k6n3ixnh8xiz","previousOperationId":"1oryzgjuah3grgd"}
{"type":"log","timestamp":1705683883452,"level":"info","message":"Rendering template { name: orders-main, recipe: chrome-pdf, engine: handlebars, preview: true }","meta":{"rootId":"849cpk2vgmmuea8","id":"849cpk2vgmmuea8"},"id":"iwkgwjkua28me4x","previousOperationId":"1oryzgjuah3grgd"}
{"type":"log","timestamp":1705683883455,"level":"debug","message":"Data item not defined for this template.","meta":{"rootId":"849cpk2vgmmuea8","id":"849cpk2vgmmuea8"},"id":"h3hwo0h9wh3v7s3","previousOperationId":"1oryzgjuah3grgd"}
{"type":"log","timestamp":1705683883457,"level":"debug","message":"Executing script orders-script (beforeRender)","meta":{"rootId":"849cpk2vgmmuea8","id":"849cpk2vgmmuea8"},"id":"bqbzsqrrycwpek0","previousOperationId":"1oryzgjuah3grgd"}
{"type":"operationStart","subtype":"scriptsBeforeRender","name":"scripts beforeRender","timestamp":1705683883479,"id":"15kumkek7ry9t61","previousEventId":"09v7qiokfiyn7ho","operationId":"pbrd8efyzerhyem","previousOperationId":"1oryzgjuah3grgd"}
{"type":"operationStart","subtype":"script","name":"scripts orders-script","previousOperationId":"pbrd8efyzerhyem","timestamp":1705683883479,"id":"z6tvawlj9yicart","previousEventId":"15kumkek7ry9t61","operationId":"sgfs3728sjpi9oa"}
{"type":"log","timestamp":1705683883492,"level":"debug","message":"(console:log) [ 'Race1', 'Race2' ]","meta":{"userLevel":true,"rootId":"849cpk2vgmmuea8","id":"849cpk2vgmmuea8"},"id":"gxavpueyhcvl273","previousOperationId":"sgfs3728sjpi9oa"}
{"type":"log","timestamp":1705683883492,"level":"debug","message":"(console:log) [ 2, 1 ]","meta":{"userLevel":true,"rootId":"849cpk2vgmmuea8","id":"849cpk2vgmmuea8"},"id":"xwagzsgvjl32tbv","previousOperationId":"sgfs3728sjpi9oa"}
{"type":"operationEnd","operationId":"sgfs3728sjpi9oa","timestamp":1705683883492,"id":"a4ddxu76rb7xi0n","previousEventId":"09v7qiokfiyn7ho","previousOperationId":"1oryzgjuah3grgd"}
{"type":"operationEnd","operationId":"pbrd8efyzerhyem","timestamp":1705683883492,"id":"bu3abklvuj5i9or","previousEventId":"a4ddxu76rb7xi0n","previousOperationId":"1oryzgjuah3grgd"}
{"type":"log","timestamp":1705683883492,"level":"debug","message":"Base url not specified, skipping its injection.","meta":{"rootId":"849cpk2vgmmuea8","id":"849cpk2vgmmuea8"},"id":"mq8evor0a3vk8nx","previousOperationId":"pbrd8efyzerhyem"}
{"type":"operationStart","subtype":"engine","name":"handlebars","timestamp":1705683883492,"id":"3ciqth5plnrqi3i","previousEventId":"bu3abklvuj5i9or","operationId":"48iht77wyovvlye","previousOperationId":"pbrd8efyzerhyem"}
{"type":"log","timestamp":1705683883492,"level":"debug","message":"Rendering engine handlebars","meta":{"rootId":"849cpk2vgmmuea8","id":"849cpk2vgmmuea8"},"id":"k1f219akupnhj3c","previousOperationId":"48iht77wyovvlye"}
{"type":"log","timestamp":1705683883503,"level":"debug","message":"(console:log) Pdf utils adding group field, value: \"Race1\"","meta":{"userLevel":true,"rootId":"849cpk2vgmmuea8","id":"849cpk2vgmmuea8"},"id":"89knim08s8lkl5j","previousOperationId":"48iht77wyovvlye"}
{"type":"log","timestamp":1705683883504,"level":"debug","message":"(console:log) Pdf utils adding group field, value: \"Race2\"","meta":{"userLevel":true,"rootId":"849cpk2vgmmuea8","id":"849cpk2vgmmuea8"},"id":"82t09mdgxnu7p0m","previousOperationId":"48iht77wyovvlye"}
{"type":"operationEnd","operationId":"48iht77wyovvlye","timestamp":1705683883504,"id":"ef356pozblq9rd3","previousEventId":"3ciqth5plnrqi3i","previousOperationId":"48iht77wyovvlye"}
{"type":"operationStart","subtype":"recipe","name":"chrome-pdf","timestamp":1705683883505,"id":"t8nqcb7oinpg73b","previousEventId":"ef356pozblq9rd3","operationId":"oc0cjwn370rsqje","previousOperationId":"48iht77wyovvlye"}
{"type":"log","timestamp":1705683883505,"level":"debug","message":"Executing recipe chrome-pdf","meta":{"rootId":"849cpk2vgmmuea8","id":"849cpk2vgmmuea8"},"id":"wkje55jixy7sob9","previousOperationId":"oc0cjwn370rsqje"}
{"type":"log","timestamp":1705683883507,"level":"debug","message":"Converting with chrome HeadlessChrome/117.0.5938.149 using chrome-pool strategy","meta":{"rootId":"849cpk2vgmmuea8","id":"849cpk2vgmmuea8"},"id":"lsu4ncu8d7bzlhe","previousOperationId":"oc0cjwn370rsqje"}
{"type":"log","timestamp":1705683883571,"level":"debug","message":"Page request: GET (document) file:///C:/Users/DANIEL~1/AppData/Local/Temp/jsreport/autocleanup/c6c6451d-285a-478f-8e04-20047f7de27a-chrome-pdf.html","meta":{"rootId":"849cpk2vgmmuea8","id":"849cpk2vgmmuea8"},"id":"b8i6wibwymt83n8","previousOperationId":"oc0cjwn370rsqje"}
{"type":"log","timestamp":1705683883593,"level":"debug","message":"Page request: GET (stylesheet) https://cdnjs.cloudflare.com/ajax/libs/metro/4.1.5/css/metro.min.css","meta":{"rootId":"849cpk2vgmmuea8","id":"849cpk2vgmmuea8"},"id":"b61gx0p6jiawfqt","previousOperationId":"oc0cjwn370rsqje"}
{"type":"log","timestamp":1705683883593,"level":"debug","message":"Page request: GET (script) https://cdn.jsdelivr.net/npm/chart.js","meta":{"rootId":"849cpk2vgmmuea8","id":"849cpk2vgmmuea8"},"id":"s7tc15kaa626wz3","previousOperationId":"oc0cjwn370rsqje"}
{"type":"log","timestamp":1705683883594,"level":"debug","message":"Page request finished: GET (document) 200 file:///C:/Users/DANIEL~1/AppData/Local/Temp/jsreport/autocleanup/c6c6451d-285a-478f-8e04-20047f7de27a-chrome-pdf.html","meta":{"rootId":"849cpk2vgmmuea8","id":"849cpk2vgmmuea8"},"id":"vlvdmfqdsc1yc3f","previousOperationId":"oc0cjwn370rsqje"}
{"type":"log","timestamp":1705683883607,"level":"debug","message":"Page request finished: GET (stylesheet) 200 https://cdnjs.cloudflare.com/ajax/libs/metro/4.1.5/css/metro.min.css","meta":{"rootId":"849cpk2vgmmuea8","id":"849cpk2vgmmuea8"},"id":"8bhvnr3wyi6uhrh","previousOperationId":"oc0cjwn370rsqje"}
{"type":"log","timestamp":1705683883608,"level":"debug","message":"Page request finished: GET (script) 200 https://cdn.jsdelivr.net/npm/chart.js","meta":{"rootId":"849cpk2vgmmuea8","id":"849cpk2vgmmuea8"},"id":"uzmmknpyvgm8cx8","previousOperationId":"oc0cjwn370rsqje"}
{"type":"log","timestamp":1705683883672,"level":"debug","message":"Running chrome with params {\"printBackground\":true,\"marginTop\":\"4cm\",\"marginRight\":\"1.5cm\",\"marginBottom\":\"1.5cm\",\"marginLeft\":\"1.5cm\",\"waitForJS\":false,\"timeout\":59939,\"margin\":{\"top\":\"4cm\",\"right\":\"1.5cm\",\"bottom\":\"1.5cm\",\"left\":\"1.5cm\"}}","meta":{"rootId":"849cpk2vgmmuea8","id":"849cpk2vgmmuea8"},"id":"fmjbb7712o55thz","previousOperationId":"oc0cjwn370rsqje"}
{"type":"operationEnd","operationId":"oc0cjwn370rsqje","timestamp":1705683883738,"id":"aa8bd3mi4uz255i","previousEventId":"t8nqcb7oinpg73b","previousOperationId":"oc0cjwn370rsqje"}
{"type":"log","timestamp":1705683883738,"level":"info","message":"pdf-utils is starting pdf processing","meta":{"rootId":"849cpk2vgmmuea8","id":"849cpk2vgmmuea8"},"id":"buyc7zt8pewhchs","previousOperationId":"oc0cjwn370rsqje"}
{"type":"operationStart","subtype":"pdfUtils","name":"pdf utils","timestamp":1705683883738,"id":"oq2dltpz314a8m6","previousEventId":"aa8bd3mi4uz255i","operationId":"co83286qk36ea6w","previousOperationId":"oc0cjwn370rsqje"}
{"type":"log","timestamp":1705683883738,"level":"debug","message":"pdf-utils detected 1 pdf operation(s) to process","meta":{"rootId":"849cpk2vgmmuea8","id":"849cpk2vgmmuea8"},"id":"ppyl81feopzxmlv","previousOperationId":"co83286qk36ea6w"}
{"type":"log","timestamp":1705683883751,"level":"debug","message":"pdf-utils running pdf operation merge","meta":{"rootId":"849cpk2vgmmuea8","id":"849cpk2vgmmuea8"},"id":"69ux6mmkuf2qxgk","previousOperationId":"co83286qk36ea6w"}
{"type":"operationStart","subtype":"pdfUtilsMerge","name":"pdf utils merge","previousOperationId":"co83286qk36ea6w","timestamp":1705683883751,"id":"vspp61vmzj8htfn","previousEventId":"oq2dltpz314a8m6","operationId":"kbuo1763itcuuaq"}
{"type":"operationStart","subtype":"render","name":"orders-header","previousOperationId":"kbuo1763itcuuaq","timestamp":1705683883752,"id":"nahrwt2jwtvw3hz","previousEventId":"vspp61vmzj8htfn","operationId":"rqnzpw3qbu1vssk"}
{"type":"log","timestamp":1705683883752,"level":"info","message":"Starting rendering (child) request","meta":{"rootId":"849cpk2vgmmuea8","id":"sz428kok072p63m"},"id":"q40v6a21qd8rgk6","previousOperationId":"rqnzpw3qbu1vssk"}
{"type":"log","timestamp":1705683883752,"level":"info","message":"Rendering template { name: orders-header, recipe: chrome-pdf, engine: handlebars, preview: true }","meta":{"rootId":"849cpk2vgmmuea8","id":"sz428kok072p63m"},"id":"yufyk6gxsmeiqbd","previousOperationId":"rqnzpw3qbu1vssk"}
{"type":"log","timestamp":1705683883752,"level":"debug","message":"Inline data specified.","meta":{"rootId":"849cpk2vgmmuea8","id":"sz428kok072p63m"},"id":"5u0xgy7x0ysqkci","previousOperationId":"rqnzpw3qbu1vssk"}
{"type":"log","timestamp":1705683883754,"level":"debug","message":"Base url not specified, skipping its injection.","meta":{"rootId":"849cpk2vgmmuea8","id":"sz428kok072p63m"},"id":"muhcjvhf02abkls","previousOperationId":"rqnzpw3qbu1vssk"}
{"type":"operationStart","subtype":"engine","name":"handlebars","timestamp":1705683883754,"id":"1kdaxzn4leb0zrc","previousEventId":"nahrwt2jwtvw3hz","operationId":"0vfd17yhcb9d4zh","previousOperationId":"rqnzpw3qbu1vssk"}
{"type":"log","timestamp":1705683883754,"level":"debug","message":"Rendering engine handlebars","meta":{"rootId":"849cpk2vgmmuea8","id":"sz428kok072p63m"},"id":"1d3w2v7bafs3eyc","previousOperationId":"0vfd17yhcb9d4zh"}
{"type":"operationEnd","operationId":"0vfd17yhcb9d4zh","timestamp":1705683883766,"id":"fq06lijnc31rlbt","previousEventId":"1kdaxzn4leb0zrc","previousOperationId":"0vfd17yhcb9d4zh"}
{"type":"operationStart","subtype":"recipe","name":"chrome-pdf","timestamp":1705683883766,"id":"hz4tkm6brgyfkl6","previousEventId":"fq06lijnc31rlbt","operationId":"88irti2ok1158k2","previousOperationId":"0vfd17yhcb9d4zh"}
{"type":"log","timestamp":1705683883766,"level":"debug","message":"Executing recipe chrome-pdf","meta":{"rootId":"849cpk2vgmmuea8","id":"sz428kok072p63m"},"id":"yjws4lmyzudoex0","previousOperationId":"88irti2ok1158k2"}
{"type":"log","timestamp":1705683883768,"level":"debug","message":"Converting with chrome HeadlessChrome/117.0.5938.149 using chrome-pool strategy","meta":{"rootId":"849cpk2vgmmuea8","id":"sz428kok072p63m"},"id":"fcgwkmp1okabsql","previousOperationId":"88irti2ok1158k2"}
{"type":"log","timestamp":1705683883835,"level":"debug","message":"Page request: GET (document) file:///C:/Users/DANIEL~1/AppData/Local/Temp/jsreport/autocleanup/8d900ae1-7415-451f-b830-a25445a3b092-chrome-pdf.html","meta":{"rootId":"849cpk2vgmmuea8","id":"sz428kok072p63m"},"id":"h2gw8nrmztiw8kf","previousOperationId":"88irti2ok1158k2"}
{"type":"log","timestamp":1705683883843,"level":"debug","message":"Page request: GET (stylesheet) https://cdnjs.cloudflare.com/ajax/libs/metro/4.1.5/css/metro.min.css","meta":{"rootId":"849cpk2vgmmuea8","id":"sz428kok072p63m"},"id":"lyrl8use6kl00y2","previousOperationId":"88irti2ok1158k2"}
{"type":"log","timestamp":1705683883843,"level":"debug","message":"Page request finished: GET (document) 200 file:///C:/Users/DANIEL~1/AppData/Local/Temp/jsreport/autocleanup/8d900ae1-7415-451f-b830-a25445a3b092-chrome-pdf.html","meta":{"rootId":"849cpk2vgmmuea8","id":"sz428kok072p63m"},"id":"7abob8c489u8mn7","previousOperationId":"88irti2ok1158k2"}
{"type":"log","timestamp":1705683883855,"level":"debug","message":"Page request finished: GET (stylesheet) 200 https://cdnjs.cloudflare.com/ajax/libs/metro/4.1.5/css/metro.min.css","meta":{"rootId":"849cpk2vgmmuea8","id":"sz428kok072p63m"},"id":"hj3qvpik4hh5q9t","previousOperationId":"88irti2ok1158k2"}
{"type":"log","timestamp":1705683883867,"level":"debug","message":"Running chrome with params {\"printBackground\":true,\"marginTop\":\"1.5cm\",\"marginRight\":\"1.5cm\",\"marginLeft\":\"1.cm\",\"timeout\":59678,\"margin\":{\"top\":\"1.5cm\",\"right\":\"1.5cm\",\"left\":\"1.cm\"}}","meta":{"rootId":"849cpk2vgmmuea8","id":"sz428kok072p63m"},"id":"vg2hy22vs5zu18a","previousOperationId":"88irti2ok1158k2"}
{"type":"operationEnd","operationId":"88irti2ok1158k2","timestamp":1705683883895,"id":"crax9i9kvc7ygx2","previousEventId":"hz4tkm6brgyfkl6","previousOperationId":"88irti2ok1158k2"}
{"type":"log","timestamp":1705683883895,"level":"debug","message":"Skipping storing report.","meta":{"rootId":"849cpk2vgmmuea8","id":"sz428kok072p63m"},"id":"ybt5utxttrwxvfh","previousOperationId":"88irti2ok1158k2"}
{"type":"log","timestamp":1705683883895,"level":"info","message":"Rendering (child) request finished in 450 ms","meta":{"rootId":"849cpk2vgmmuea8","id":"sz428kok072p63m"},"id":"j0ydgjrx2rfnm4r","previousOperationId":"88irti2ok1158k2"}
{"type":"operationEnd","subtype":"render","operationId":"rqnzpw3qbu1vssk","timestamp":1705683883895,"id":"ak1cavrjefpw5q4","previousEventId":"crax9i9kvc7ygx2","previousOperationId":"88irti2ok1158k2"}
{"type":"operationEnd","operationId":"kbuo1763itcuuaq","timestamp":1705683883905,"id":"ny7kme0v8gc1l54","previousEventId":"vspp61vmzj8htfn","previousOperationId":"kbuo1763itcuuaq"}
{"type":"log","timestamp":1705683883905,"level":"debug","message":"pdf-utils postproces start","meta":{"rootId":"849cpk2vgmmuea8","id":"849cpk2vgmmuea8"},"id":"0cdi5gcvbdxxdtw","previousOperationId":"kbuo1763itcuuaq"}
{"type":"log","timestamp":1705683883913,"level":"debug","message":"pdf-utils postproces end","meta":{"rootId":"849cpk2vgmmuea8","id":"849cpk2vgmmuea8"},"id":"x67dhsufg5we0qs","previousOperationId":"kbuo1763itcuuaq"}
{"type":"operationEnd","operationId":"co83286qk36ea6w","timestamp":1705683883913,"id":"07m04dam8v6092y","previousEventId":"ny7kme0v8gc1l54","previousOperationId":"kbuo1763itcuuaq"}
{"type":"log","timestamp":1705683883913,"level":"info","message":"pdf-utils pdf processing was finished","meta":{"rootId":"849cpk2vgmmuea8","id":"849cpk2vgmmuea8"},"id":"o7pyjx6z09vvaot","previousOperationId":"co83286qk36ea6w"}
{"type":"log","timestamp":1705683883913,"level":"debug","message":"Skipping storing report.","meta":{"rootId":"849cpk2vgmmuea8","id":"849cpk2vgmmuea8"},"id":"zsg37ttyko98fhu","previousOperationId":"co83286qk36ea6w"}
{"type":"log","timestamp":1705683883913,"level":"info","message":"Rendering request 12 finished in 468 ms","meta":{"rootId":"849cpk2vgmmuea8","id":"849cpk2vgmmuea8"},"id":"zg5nf0tar3navsa","previousOperationId":"co83286qk36ea6w"}
{"type":"operationEnd","subtype":"render","operationId":"1oryzgjuah3grgd","timestamp":1705683883913,"id":"089h32csh9kb3gl","previousEventId":"07m04dam8v6092y","previousOperationId":"co83286qk36ea6w"}
{"type":"operationEnd","doDiffs":false,"previousEventId":"uayyf3147pgcc4b","previousOperationId":"mgyrzzkf26dsw5r","operationId":"mgyrzzkf26dsw5r","timestamp":1705683883918,"id":"i11qva2m1bjfi53"}
