{"type":"operationStart","subtype":"profile","data":{"_id":"bf95OMDCT0hHIeCF","timestamp":"2024-01-19T17:05:17.176Z","state":"queued","mode":"standard","creationDate":"2024-01-19T17:05:17.178Z","modificationDate":"2024-01-19T17:05:17.178Z","shortid":"MoroRck","$entitySet":"profiles"},"doDiffs":false,"timestamp":1705683917177,"id":"4navathszqbp03h","previousOperationId":null,"operationId":"uej7gozu6h38ykv"}
{"type":"log","level":"info","message":"Render request 13 queued for execution and waiting for available worker","previousOperationId":"uej7gozu6h38ykv","timestamp":1705683917177,"id":"agp6dx02fqheanw"}
{"type":"operationStart","subtype":"render","name":"orders-main","previousOperationId":"uej7gozu6h38ykv","timestamp":1705683917183,"id":"sqxvl7dbrexurpn","previousEventId":"4navathszqbp03h","operationId":"ys88y0q2n3xz56g"}
{"type":"log","timestamp":1705683917183,"level":"info","message":"Starting rendering request 13","meta":{"rootId":"8dwy70v01q7pa8f","id":"8dwy70v01q7pa8f"},"id":"dlz0lk8ovlkrlhf","previousOperationId":"ys88y0q2n3xz56g"}
{"type":"log","timestamp":1705683917183,"level":"info","message":"Rendering template { name: orders-main, recipe: chrome-pdf, engine: handlebars, preview: true }","meta":{"rootId":"8dwy70v01q7pa8f","id":"8dwy70v01q7pa8f"},"id":"3fdn2pfb5fmolbk","previousOperationId":"ys88y0q2n3xz56g"}
{"type":"log","timestamp":1705683917185,"level":"debug","message":"Data item not defined for this template.","meta":{"rootId":"8dwy70v01q7pa8f","id":"8dwy70v01q7pa8f"},"id":"cww5aqe3ls99sxt","previousOperationId":"ys88y0q2n3xz56g"}
{"type":"log","timestamp":1705683917187,"level":"debug","message":"Executing script orders-script (beforeRender)","meta":{"rootId":"8dwy70v01q7pa8f","id":"8dwy70v01q7pa8f"},"id":"hvs2oypoiw4h7m0","previousOperationId":"ys88y0q2n3xz56g"}
{"type":"operationStart","subtype":"scriptsBeforeRender","name":"scripts beforeRender","timestamp":1705683917205,"id":"dmv187u1wht48a9","previousEventId":"sqxvl7dbrexurpn","operationId":"zuquondtle52y49","previousOperationId":"ys88y0q2n3xz56g"}
{"type":"operationStart","subtype":"script","name":"scripts orders-script","previousOperationId":"zuquondtle52y49","timestamp":1705683917205,"id":"h14i23zar9r0xoe","previousEventId":"dmv187u1wht48a9","operationId":"cgfedolcx8ju2f0"}
{"type":"log","timestamp":1705683917214,"level":"debug","message":"(console:log) [ 'Race1', 'Race2' ]","meta":{"userLevel":true,"rootId":"8dwy70v01q7pa8f","id":"8dwy70v01q7pa8f"},"id":"x88dkd1jgrhvi4l","previousOperationId":"cgfedolcx8ju2f0"}
{"type":"log","timestamp":1705683917214,"level":"debug","message":"(console:log) [ 2, 1 ]","meta":{"userLevel":true,"rootId":"8dwy70v01q7pa8f","id":"8dwy70v01q7pa8f"},"id":"lteii20chwadhs0","previousOperationId":"cgfedolcx8ju2f0"}
{"type":"operationEnd","operationId":"cgfedolcx8ju2f0","timestamp":1705683917215,"id":"7fvztthbszzvz2q","previousEventId":"sqxvl7dbrexurpn","previousOperationId":"ys88y0q2n3xz56g"}
{"type":"operationEnd","operationId":"zuquondtle52y49","timestamp":1705683917215,"id":"hk43zfdc4ehn5ur","previousEventId":"7fvztthbszzvz2q","previousOperationId":"ys88y0q2n3xz56g"}
{"type":"log","timestamp":1705683917215,"level":"debug","message":"Base url not specified, skipping its injection.","meta":{"rootId":"8dwy70v01q7pa8f","id":"8dwy70v01q7pa8f"},"id":"a19l7qacdpryerq","previousOperationId":"zuquondtle52y49"}
{"type":"operationStart","subtype":"engine","name":"handlebars","timestamp":1705683917215,"id":"h2m8ddovdzpyph2","previousEventId":"hk43zfdc4ehn5ur","operationId":"dna5w2oeh5xhs0b","previousOperationId":"zuquondtle52y49"}
{"type":"log","timestamp":1705683917215,"level":"debug","message":"Rendering engine handlebars","meta":{"rootId":"8dwy70v01q7pa8f","id":"8dwy70v01q7pa8f"},"id":"o62k9jjlf49qui6","previousOperationId":"dna5w2oeh5xhs0b"}
{"type":"log","timestamp":1705683917231,"level":"debug","message":"(console:log) Pdf utils adding group field, value: \"Race1\"","meta":{"userLevel":true,"rootId":"8dwy70v01q7pa8f","id":"8dwy70v01q7pa8f"},"id":"397a4fj0ls40tg3","previousOperationId":"dna5w2oeh5xhs0b"}
{"type":"log","timestamp":1705683917231,"level":"debug","message":"(console:log) Pdf utils adding group field, value: \"Race2\"","meta":{"userLevel":true,"rootId":"8dwy70v01q7pa8f","id":"8dwy70v01q7pa8f"},"id":"4aycllstuaeazqq","previousOperationId":"dna5w2oeh5xhs0b"}
{"type":"operationEnd","operationId":"dna5w2oeh5xhs0b","timestamp":1705683917232,"id":"l7v6xdy75elopx4","previousEventId":"h2m8ddovdzpyph2","previousOperationId":"dna5w2oeh5xhs0b"}
{"type":"operationStart","subtype":"recipe","name":"chrome-pdf","timestamp":1705683917232,"id":"m90jw7tpg6xqq0t","previousEventId":"l7v6xdy75elopx4","operationId":"3er0davhx1kb1do","previousOperationId":"dna5w2oeh5xhs0b"}
{"type":"log","timestamp":1705683917232,"level":"debug","message":"Executing recipe chrome-pdf","meta":{"rootId":"8dwy70v01q7pa8f","id":"8dwy70v01q7pa8f"},"id":"us5jkl5w9ijyx6b","previousOperationId":"3er0davhx1kb1do"}
{"type":"log","timestamp":1705683917240,"level":"debug","message":"Converting with chrome HeadlessChrome/117.0.5938.149 using chrome-pool strategy","meta":{"rootId":"8dwy70v01q7pa8f","id":"8dwy70v01q7pa8f"},"id":"vbv4aw8l5bx0b6c","previousOperationId":"3er0davhx1kb1do"}
{"type":"log","timestamp":1705683917309,"level":"debug","message":"Page request: GET (document) file:///C:/Users/DANIEL~1/AppData/Local/Temp/jsreport/autocleanup/7a1fb1f7-e2c8-4cd7-985d-b763b3c2d50c-chrome-pdf.html","meta":{"rootId":"8dwy70v01q7pa8f","id":"8dwy70v01q7pa8f"},"id":"atmxgd6s0r4ueef","previousOperationId":"3er0davhx1kb1do"}
{"type":"log","timestamp":1705683917331,"level":"debug","message":"Page request: GET (stylesheet) https://cdnjs.cloudflare.com/ajax/libs/metro/4.1.5/css/metro.min.css","meta":{"rootId":"8dwy70v01q7pa8f","id":"8dwy70v01q7pa8f"},"id":"sij9jvpyewz25uy","previousOperationId":"3er0davhx1kb1do"}
{"type":"log","timestamp":1705683917331,"level":"debug","message":"Page request: GET (script) https://cdn.jsdelivr.net/npm/chart.js","meta":{"rootId":"8dwy70v01q7pa8f","id":"8dwy70v01q7pa8f"},"id":"097t7yee1cufok3","previousOperationId":"3er0davhx1kb1do"}
{"type":"log","timestamp":1705683917332,"level":"debug","message":"Page request finished: GET (document) 200 file:///C:/Users/DANIEL~1/AppData/Local/Temp/jsreport/autocleanup/7a1fb1f7-e2c8-4cd7-985d-b763b3c2d50c-chrome-pdf.html","meta":{"rootId":"8dwy70v01q7pa8f","id":"8dwy70v01q7pa8f"},"id":"1cx4e7zh97wkba8","previousOperationId":"3er0davhx1kb1do"}
{"type":"log","timestamp":1705683917346,"level":"debug","message":"Page request finished: GET (stylesheet) 200 https://cdnjs.cloudflare.com/ajax/libs/metro/4.1.5/css/metro.min.css","meta":{"rootId":"8dwy70v01q7pa8f","id":"8dwy70v01q7pa8f"},"id":"l3sy4xl5nhnq5ab","previousOperationId":"3er0davhx1kb1do"}
{"type":"log","timestamp":1705683917346,"level":"debug","message":"Page request finished: GET (script) 200 https://cdn.jsdelivr.net/npm/chart.js","meta":{"rootId":"8dwy70v01q7pa8f","id":"8dwy70v01q7pa8f"},"id":"68eesamfwg6y1zr","previousOperationId":"3er0davhx1kb1do"}
{"type":"log","timestamp":1705683917406,"level":"debug","message":"Running chrome with params {\"printBackground\":true,\"marginTop\":\"4cm\",\"marginRight\":\"1.5cm\",\"marginBottom\":\"1.5cm\",\"marginLeft\":\"1.5cm\",\"waitForJS\":false,\"timeout\":59943,\"margin\":{\"top\":\"4cm\",\"right\":\"1.5cm\",\"bottom\":\"1.5cm\",\"left\":\"1.5cm\"}}","meta":{"rootId":"8dwy70v01q7pa8f","id":"8dwy70v01q7pa8f"},"id":"8yx6we4alp8cbpq","previousOperationId":"3er0davhx1kb1do"}
{"type":"operationEnd","operationId":"3er0davhx1kb1do","timestamp":1705683917471,"id":"55607s7k5uyvl9y","previousEventId":"m90jw7tpg6xqq0t","previousOperationId":"3er0davhx1kb1do"}
{"type":"log","timestamp":1705683917471,"level":"info","message":"pdf-utils is starting pdf processing","meta":{"rootId":"8dwy70v01q7pa8f","id":"8dwy70v01q7pa8f"},"id":"vwzs09yfntm81a6","previousOperationId":"3er0davhx1kb1do"}
{"type":"operationStart","subtype":"pdfUtils","name":"pdf utils","timestamp":1705683917471,"id":"tzd1nc4xnf1ip0r","previousEventId":"55607s7k5uyvl9y","operationId":"t3w0tdptjw67qd6","previousOperationId":"3er0davhx1kb1do"}
{"type":"log","timestamp":1705683917471,"level":"debug","message":"pdf-utils detected 1 pdf operation(s) to process","meta":{"rootId":"8dwy70v01q7pa8f","id":"8dwy70v01q7pa8f"},"id":"f8r1zqzmpn8zq43","previousOperationId":"t3w0tdptjw67qd6"}
{"type":"log","timestamp":1705683917486,"level":"debug","message":"pdf-utils running pdf operation merge","meta":{"rootId":"8dwy70v01q7pa8f","id":"8dwy70v01q7pa8f"},"id":"ls6f9sz9hv7bkbv","previousOperationId":"t3w0tdptjw67qd6"}
{"type":"operationStart","subtype":"pdfUtilsMerge","name":"pdf utils merge","previousOperationId":"t3w0tdptjw67qd6","timestamp":1705683917486,"id":"1b3fo53lz5kcm50","previousEventId":"tzd1nc4xnf1ip0r","operationId":"hm5g28b7kf4nquq"}
{"type":"operationStart","subtype":"render","name":"orders-header","previousOperationId":"hm5g28b7kf4nquq","timestamp":1705683917487,"id":"lie8n1fa93a0egn","previousEventId":"1b3fo53lz5kcm50","operationId":"njgj8bdqp8lqw3z"}
{"type":"log","timestamp":1705683917487,"level":"info","message":"Starting rendering (child) request","meta":{"rootId":"8dwy70v01q7pa8f","id":"219zte3og2ynkd2"},"id":"odfl3ol1jsngn4f","previousOperationId":"njgj8bdqp8lqw3z"}
{"type":"log","timestamp":1705683917487,"level":"info","message":"Rendering template { name: orders-header, recipe: chrome-pdf, engine: handlebars, preview: true }","meta":{"rootId":"8dwy70v01q7pa8f","id":"219zte3og2ynkd2"},"id":"e34hkdzkn5razy5","previousOperationId":"njgj8bdqp8lqw3z"}
{"type":"log","timestamp":1705683917488,"level":"debug","message":"Inline data specified.","meta":{"rootId":"8dwy70v01q7pa8f","id":"219zte3og2ynkd2"},"id":"e1xoe393jhdey40","previousOperationId":"njgj8bdqp8lqw3z"}
{"type":"log","timestamp":1705683917489,"level":"debug","message":"Base url not specified, skipping its injection.","meta":{"rootId":"8dwy70v01q7pa8f","id":"219zte3og2ynkd2"},"id":"t3qmlsnbz5cs6f4","previousOperationId":"njgj8bdqp8lqw3z"}
{"type":"operationStart","subtype":"engine","name":"handlebars","timestamp":1705683917489,"id":"bfj8rmiyhjmcym5","previousEventId":"lie8n1fa93a0egn","operationId":"p5d8xbjom1pqxlh","previousOperationId":"njgj8bdqp8lqw3z"}
{"type":"log","timestamp":1705683917489,"level":"debug","message":"Rendering engine handlebars","meta":{"rootId":"8dwy70v01q7pa8f","id":"219zte3og2ynkd2"},"id":"se6kpht2fq9ca0g","previousOperationId":"p5d8xbjom1pqxlh"}
{"type":"operationEnd","operationId":"p5d8xbjom1pqxlh","timestamp":1705683917502,"id":"0f2u7saj76n0izx","previousEventId":"bfj8rmiyhjmcym5","previousOperationId":"p5d8xbjom1pqxlh"}
{"type":"operationStart","subtype":"recipe","name":"chrome-pdf","timestamp":1705683917502,"id":"t4kt0kqsphcpqsp","previousEventId":"0f2u7saj76n0izx","operationId":"mpkwyfe7iawgb3c","previousOperationId":"p5d8xbjom1pqxlh"}
{"type":"log","timestamp":1705683917502,"level":"debug","message":"Executing recipe chrome-pdf","meta":{"rootId":"8dwy70v01q7pa8f","id":"219zte3og2ynkd2"},"id":"v71k7uphp88k6xd","previousOperationId":"mpkwyfe7iawgb3c"}
{"type":"log","timestamp":1705683917503,"level":"debug","message":"Converting with chrome HeadlessChrome/117.0.5938.149 using chrome-pool strategy","meta":{"rootId":"8dwy70v01q7pa8f","id":"219zte3og2ynkd2"},"id":"3phv4wdj1zgp5ye","previousOperationId":"mpkwyfe7iawgb3c"}
{"type":"log","timestamp":1705683917587,"level":"debug","message":"Page request: GET (document) file:///C:/Users/DANIEL~1/AppData/Local/Temp/jsreport/autocleanup/a850166d-aa9c-4916-a3ea-0d140619bbfe-chrome-pdf.html","meta":{"rootId":"8dwy70v01q7pa8f","id":"219zte3og2ynkd2"},"id":"5yv7a7z41hxrl4a","previousOperationId":"mpkwyfe7iawgb3c"}
{"type":"log","timestamp":1705683917594,"level":"debug","message":"Page request: GET (stylesheet) https://cdnjs.cloudflare.com/ajax/libs/metro/4.1.5/css/metro.min.css","meta":{"rootId":"8dwy70v01q7pa8f","id":"219zte3og2ynkd2"},"id":"otx80qg9fh6lhur","previousOperationId":"mpkwyfe7iawgb3c"}
{"type":"log","timestamp":1705683917594,"level":"debug","message":"Page request finished: GET (document) 200 file:///C:/Users/DANIEL~1/AppData/Local/Temp/jsreport/autocleanup/a850166d-aa9c-4916-a3ea-0d140619bbfe-chrome-pdf.html","meta":{"rootId":"8dwy70v01q7pa8f","id":"219zte3og2ynkd2"},"id":"fdco963psixzx8c","previousOperationId":"mpkwyfe7iawgb3c"}
{"type":"log","timestamp":1705683917605,"level":"debug","message":"Page request finished: GET (stylesheet) 200 https://cdnjs.cloudflare.com/ajax/libs/metro/4.1.5/css/metro.min.css","meta":{"rootId":"8dwy70v01q7pa8f","id":"219zte3og2ynkd2"},"id":"5vm22ktt5u5nnvw","previousOperationId":"mpkwyfe7iawgb3c"}
{"type":"log","timestamp":1705683917618,"level":"debug","message":"Running chrome with params {\"printBackground\":true,\"marginTop\":\"1.5cm\",\"marginRight\":\"1.5cm\",\"marginLeft\":\"1.cm\",\"timeout\":59673,\"margin\":{\"top\":\"1.5cm\",\"right\":\"1.5cm\",\"left\":\"1.cm\"}}","meta":{"rootId":"8dwy70v01q7pa8f","id":"219zte3og2ynkd2"},"id":"ns53qtzm5sgz7xu","previousOperationId":"mpkwyfe7iawgb3c"}
{"type":"operationEnd","operationId":"mpkwyfe7iawgb3c","timestamp":1705683917648,"id":"8b4as2rbykr6y0p","previousEventId":"t4kt0kqsphcpqsp","previousOperationId":"mpkwyfe7iawgb3c"}
{"type":"log","timestamp":1705683917648,"level":"debug","message":"Skipping storing report.","meta":{"rootId":"8dwy70v01q7pa8f","id":"219zte3og2ynkd2"},"id":"d9pm5knm2abiulz","previousOperationId":"mpkwyfe7iawgb3c"}
{"type":"log","timestamp":1705683917648,"level":"info","message":"Rendering (child) request finished in 472 ms","meta":{"rootId":"8dwy70v01q7pa8f","id":"219zte3og2ynkd2"},"id":"kigar1yningtp4v","previousOperationId":"mpkwyfe7iawgb3c"}
{"type":"operationEnd","subtype":"render","operationId":"njgj8bdqp8lqw3z","timestamp":1705683917648,"id":"8jn1jcg78q99580","previousEventId":"8b4as2rbykr6y0p","previousOperationId":"mpkwyfe7iawgb3c"}
{"type":"operationEnd","operationId":"hm5g28b7kf4nquq","timestamp":1705683917656,"id":"9eoq6di9931qvpb","previousEventId":"1b3fo53lz5kcm50","previousOperationId":"hm5g28b7kf4nquq"}
{"type":"log","timestamp":1705683917656,"level":"debug","message":"pdf-utils postproces start","meta":{"rootId":"8dwy70v01q7pa8f","id":"8dwy70v01q7pa8f"},"id":"lyu5zukbnd7txva","previousOperationId":"hm5g28b7kf4nquq"}
{"type":"log","timestamp":1705683917664,"level":"debug","message":"pdf-utils postproces end","meta":{"rootId":"8dwy70v01q7pa8f","id":"8dwy70v01q7pa8f"},"id":"x9jejmc1nkzwpgw","previousOperationId":"hm5g28b7kf4nquq"}
{"type":"operationEnd","operationId":"t3w0tdptjw67qd6","timestamp":1705683917664,"id":"3nhv85yvqumluve","previousEventId":"9eoq6di9931qvpb","previousOperationId":"hm5g28b7kf4nquq"}
{"type":"log","timestamp":1705683917664,"level":"info","message":"pdf-utils pdf processing was finished","meta":{"rootId":"8dwy70v01q7pa8f","id":"8dwy70v01q7pa8f"},"id":"tpub7zoq1l92sex","previousOperationId":"t3w0tdptjw67qd6"}
{"type":"log","timestamp":1705683917664,"level":"debug","message":"Skipping storing report.","meta":{"rootId":"8dwy70v01q7pa8f","id":"8dwy70v01q7pa8f"},"id":"9bjgeianck9bw12","previousOperationId":"t3w0tdptjw67qd6"}
{"type":"log","timestamp":1705683917664,"level":"info","message":"Rendering request 13 finished in 488 ms","meta":{"rootId":"8dwy70v01q7pa8f","id":"8dwy70v01q7pa8f"},"id":"8h6wzz8l79k4x7d","previousOperationId":"t3w0tdptjw67qd6"}
{"type":"operationEnd","subtype":"render","operationId":"ys88y0q2n3xz56g","timestamp":1705683917664,"id":"51f80k1vmheixec","previousEventId":"3nhv85yvqumluve","previousOperationId":"t3w0tdptjw67qd6"}
{"type":"operationEnd","doDiffs":false,"previousEventId":"4navathszqbp03h","previousOperationId":"uej7gozu6h38ykv","operationId":"uej7gozu6h38ykv","timestamp":1705683917669,"id":"zzhn3rfj5svm033"}
