{"type":"operationStart","subtype":"profile","data":{"_id":"1HAKpBsJkCbZ9Fq0","timestamp":"2024-01-18T16:49:28.404Z","state":"queued","mode":"standard","creationDate":"2024-01-18T16:49:28.406Z","modificationDate":"2024-01-18T16:49:28.406Z","shortid":"Dp1sB-B","$entitySet":"profiles"},"doDiffs":false,"timestamp":1705596568404,"id":"9rbkusg7rewyeaf","previousOperationId":null,"operationId":"y6h91akiojj84xf"}
{"type":"log","level":"info","message":"Render request 69 queued for execution and waiting for available worker","previousOperationId":"y6h91akiojj84xf","timestamp":1705596568405,"id":"1teylo35kefxl08"}
{"type":"operationStart","subtype":"render","name":"orders-main","previousOperationId":"y6h91akiojj84xf","timestamp":1705596568413,"id":"36g33pyqxjms2is","previousEventId":"9rbkusg7rewyeaf","operationId":"hgeoa4arlkmsxur"}
{"type":"log","timestamp":1705596568413,"level":"info","message":"Starting rendering request 69","meta":{"rootId":"8jbu9gehx8kp62q","id":"8jbu9gehx8kp62q"},"id":"s78s55ms3daze2k","previousOperationId":"hgeoa4arlkmsxur"}
{"type":"log","timestamp":1705596568413,"level":"info","message":"Rendering template { name: orders-main, recipe: chrome-pdf, engine: handlebars, preview: true }","meta":{"rootId":"8jbu9gehx8kp62q","id":"8jbu9gehx8kp62q"},"id":"6aim986pziuqnz0","previousOperationId":"hgeoa4arlkmsxur"}
{"type":"log","timestamp":1705596568415,"level":"debug","message":"Data item not defined for this template.","meta":{"rootId":"8jbu9gehx8kp62q","id":"8jbu9gehx8kp62q"},"id":"afxn55bf4upd7z0","previousOperationId":"hgeoa4arlkmsxur"}
{"type":"log","timestamp":1705596568416,"level":"debug","message":"Executing script orders-script (beforeRender)","meta":{"rootId":"8jbu9gehx8kp62q","id":"8jbu9gehx8kp62q"},"id":"jl54d42pwjo25yx","previousOperationId":"hgeoa4arlkmsxur"}
{"type":"operationStart","subtype":"scriptsBeforeRender","name":"scripts beforeRender","timestamp":1705596568437,"id":"a9cn5kr6rljm066","previousEventId":"36g33pyqxjms2is","operationId":"22unxti1qwp1z6o","previousOperationId":"hgeoa4arlkmsxur"}
{"type":"operationStart","subtype":"script","name":"scripts orders-script","previousOperationId":"22unxti1qwp1z6o","timestamp":1705596568437,"id":"p7kjo6yvpb106j4","previousEventId":"a9cn5kr6rljm066","operationId":"mghfeilolcbszcj"}
{"type":"log","timestamp":1705596568448,"level":"debug","message":"(console:log) [2,1]","meta":{"userLevel":true,"rootId":"8jbu9gehx8kp62q","id":"8jbu9gehx8kp62q"},"id":"yw0dgmvwk1r7knw","previousOperationId":"mghfeilolcbszcj"}
{"type":"log","timestamp":1705596568448,"level":"debug","message":"(console:log) [\"Race1\",\"Race2\"]","meta":{"userLevel":true,"rootId":"8jbu9gehx8kp62q","id":"8jbu9gehx8kp62q"},"id":"ib0lhkyxon29gd7","previousOperationId":"mghfeilolcbszcj"}
{"type":"operationEnd","operationId":"mghfeilolcbszcj","timestamp":1705596568449,"id":"euxx55nlirk1em6","previousEventId":"36g33pyqxjms2is","previousOperationId":"hgeoa4arlkmsxur"}
{"type":"operationEnd","operationId":"22unxti1qwp1z6o","timestamp":1705596568449,"id":"o33tpt1c2f5173j","previousEventId":"euxx55nlirk1em6","previousOperationId":"hgeoa4arlkmsxur"}
{"type":"log","timestamp":1705596568449,"level":"debug","message":"Base url not specified, skipping its injection.","meta":{"rootId":"8jbu9gehx8kp62q","id":"8jbu9gehx8kp62q"},"id":"vk1at4mjd2sidsj","previousOperationId":"22unxti1qwp1z6o"}
{"type":"operationStart","subtype":"engine","name":"handlebars","timestamp":1705596568449,"id":"81bkux31b7q691j","previousEventId":"o33tpt1c2f5173j","operationId":"4gpu17o6va68te0","previousOperationId":"22unxti1qwp1z6o"}
{"type":"log","timestamp":1705596568449,"level":"debug","message":"Rendering engine handlebars","meta":{"rootId":"8jbu9gehx8kp62q","id":"8jbu9gehx8kp62q"},"id":"gorp4kc3t4iazwt","previousOperationId":"4gpu17o6va68te0"}
{"type":"log","timestamp":1705596568456,"level":"debug","message":"(console:log) Pdf utils adding group field, value: \"Race1\"","meta":{"userLevel":true,"rootId":"8jbu9gehx8kp62q","id":"8jbu9gehx8kp62q"},"id":"0o0t74ii38bh4ve","previousOperationId":"4gpu17o6va68te0"}
{"type":"log","timestamp":1705596568456,"level":"debug","message":"(console:log) Pdf utils adding group field, value: \"Race2\"","meta":{"userLevel":true,"rootId":"8jbu9gehx8kp62q","id":"8jbu9gehx8kp62q"},"id":"2tkklq7bvmbdemv","previousOperationId":"4gpu17o6va68te0"}
{"type":"operationEnd","operationId":"4gpu17o6va68te0","timestamp":1705596568456,"id":"1ewta5e9nxwe25h","previousEventId":"81bkux31b7q691j","previousOperationId":"4gpu17o6va68te0"}
{"type":"operationStart","subtype":"recipe","name":"chrome-pdf","timestamp":1705596568457,"id":"9demcgc90bh2wvq","previousEventId":"1ewta5e9nxwe25h","operationId":"hzvpj9zcd9s3xv1","previousOperationId":"4gpu17o6va68te0"}
{"type":"log","timestamp":1705596568457,"level":"debug","message":"Executing recipe chrome-pdf","meta":{"rootId":"8jbu9gehx8kp62q","id":"8jbu9gehx8kp62q"},"id":"979qtnwc8rhmogq","previousOperationId":"hzvpj9zcd9s3xv1"}
{"type":"log","timestamp":1705596568458,"level":"debug","message":"Converting with chrome HeadlessChrome/117.0.5938.149 using chrome-pool strategy","meta":{"rootId":"8jbu9gehx8kp62q","id":"8jbu9gehx8kp62q"},"id":"fu2kt82uvjzp62n","previousOperationId":"hzvpj9zcd9s3xv1"}
{"type":"log","timestamp":1705596568528,"level":"debug","message":"Page request: GET (document) file:///C:/Users/DANIEL~1/AppData/Local/Temp/jsreport/autocleanup/991a7f0d-b506-4b0d-96d3-46f2b5d9a494-chrome-pdf.html","meta":{"rootId":"8jbu9gehx8kp62q","id":"8jbu9gehx8kp62q"},"id":"1zyh96yh943t9b5","previousOperationId":"hzvpj9zcd9s3xv1"}
{"type":"log","timestamp":1705596568547,"level":"debug","message":"Page request: GET (stylesheet) https://cdnjs.cloudflare.com/ajax/libs/metro/4.1.5/css/metro.min.css","meta":{"rootId":"8jbu9gehx8kp62q","id":"8jbu9gehx8kp62q"},"id":"1jeueo7s3bnm0mh","previousOperationId":"hzvpj9zcd9s3xv1"}
{"type":"log","timestamp":1705596568547,"level":"debug","message":"Page request: GET (script) https://cdnjs.cloudflare.com/ajax/libs/Chart.js/2.9.4/Chart.js","meta":{"rootId":"8jbu9gehx8kp62q","id":"8jbu9gehx8kp62q"},"id":"z5pg54r90qd6gz1","previousOperationId":"hzvpj9zcd9s3xv1"}
{"type":"log","timestamp":1705596568548,"level":"debug","message":"Page request finished: GET (document) 200 file:///C:/Users/DANIEL~1/AppData/Local/Temp/jsreport/autocleanup/991a7f0d-b506-4b0d-96d3-46f2b5d9a494-chrome-pdf.html","meta":{"rootId":"8jbu9gehx8kp62q","id":"8jbu9gehx8kp62q"},"id":"8q8k1b2f2ou7ndc","previousOperationId":"hzvpj9zcd9s3xv1"}
{"type":"log","timestamp":1705596568564,"level":"debug","message":"Page request finished: GET (stylesheet) 200 https://cdnjs.cloudflare.com/ajax/libs/metro/4.1.5/css/metro.min.css","meta":{"rootId":"8jbu9gehx8kp62q","id":"8jbu9gehx8kp62q"},"id":"nvfm99uw2vd96jz","previousOperationId":"hzvpj9zcd9s3xv1"}
{"type":"log","timestamp":1705596568565,"level":"debug","message":"Page request finished: GET (script) 200 https://cdnjs.cloudflare.com/ajax/libs/Chart.js/2.9.4/Chart.js","meta":{"rootId":"8jbu9gehx8kp62q","id":"8jbu9gehx8kp62q"},"id":"trr95gfs68zmn9x","previousOperationId":"hzvpj9zcd9s3xv1"}
{"type":"log","timestamp":1705596568571,"level":"warn","message":"Page error: Unexpected token '&' , stack: SyntaxError: Unexpected token '&'","meta":{"rootId":"8jbu9gehx8kp62q","id":"8jbu9gehx8kp62q"},"id":"4pulupzsn5uu601","previousOperationId":"hzvpj9zcd9s3xv1"}
{"type":"log","timestamp":1705596568594,"level":"debug","message":"Running chrome with params {\"printBackground\":true,\"marginTop\":\"4cm\",\"marginRight\":\"1.5cm\",\"marginBottom\":\"1.5cm\",\"marginLeft\":\"1.5cm\",\"waitForJS\":false,\"timeout\":59945,\"margin\":{\"top\":\"4cm\",\"right\":\"1.5cm\",\"bottom\":\"1.5cm\",\"left\":\"1.5cm\"}}","meta":{"rootId":"8jbu9gehx8kp62q","id":"8jbu9gehx8kp62q"},"id":"1jt2mzioyk0o33p","previousOperationId":"hzvpj9zcd9s3xv1"}
{"type":"operationEnd","operationId":"hzvpj9zcd9s3xv1","timestamp":1705596568659,"id":"wb569o44tvadrot","previousEventId":"9demcgc90bh2wvq","previousOperationId":"hzvpj9zcd9s3xv1"}
{"type":"log","timestamp":1705596568659,"level":"info","message":"pdf-utils is starting pdf processing","meta":{"rootId":"8jbu9gehx8kp62q","id":"8jbu9gehx8kp62q"},"id":"geor9dxvo0cqpt6","previousOperationId":"hzvpj9zcd9s3xv1"}
{"type":"operationStart","subtype":"pdfUtils","name":"pdf utils","timestamp":1705596568659,"id":"dildbn6jb6l8gk9","previousEventId":"wb569o44tvadrot","operationId":"hwct4n963ekau0z","previousOperationId":"hzvpj9zcd9s3xv1"}
{"type":"log","timestamp":1705596568659,"level":"debug","message":"pdf-utils detected 1 pdf operation(s) to process","meta":{"rootId":"8jbu9gehx8kp62q","id":"8jbu9gehx8kp62q"},"id":"9bgin54co93zu0u","previousOperationId":"hwct4n963ekau0z"}
{"type":"log","timestamp":1705596568675,"level":"debug","message":"pdf-utils running pdf operation merge","meta":{"rootId":"8jbu9gehx8kp62q","id":"8jbu9gehx8kp62q"},"id":"lazoho9nvb6jd3h","previousOperationId":"hwct4n963ekau0z"}
{"type":"operationStart","subtype":"pdfUtilsMerge","name":"pdf utils merge","previousOperationId":"hwct4n963ekau0z","timestamp":1705596568675,"id":"unmelv3e0a9ushi","previousEventId":"dildbn6jb6l8gk9","operationId":"fdskhfmorfy8jkz"}
{"type":"operationStart","subtype":"render","name":"orders-header","previousOperationId":"fdskhfmorfy8jkz","timestamp":1705596568677,"id":"f6j5bcv1gpz2k3u","previousEventId":"unmelv3e0a9ushi","operationId":"9aismxp9gpel68j"}
{"type":"log","timestamp":1705596568677,"level":"info","message":"Starting rendering (child) request","meta":{"rootId":"8jbu9gehx8kp62q","id":"pbqzhky4mg1zf0b"},"id":"x7kjr10gfxi1pj2","previousOperationId":"9aismxp9gpel68j"}
{"type":"log","timestamp":1705596568677,"level":"info","message":"Rendering template { name: orders-header, recipe: chrome-pdf, engine: handlebars, preview: true }","meta":{"rootId":"8jbu9gehx8kp62q","id":"pbqzhky4mg1zf0b"},"id":"nlk0ygxerad5jer","previousOperationId":"9aismxp9gpel68j"}
{"type":"log","timestamp":1705596568678,"level":"debug","message":"Inline data specified.","meta":{"rootId":"8jbu9gehx8kp62q","id":"pbqzhky4mg1zf0b"},"id":"gapjpp874kyhslg","previousOperationId":"9aismxp9gpel68j"}
{"type":"log","timestamp":1705596568679,"level":"debug","message":"Base url not specified, skipping its injection.","meta":{"rootId":"8jbu9gehx8kp62q","id":"pbqzhky4mg1zf0b"},"id":"dot4xitdn12tvly","previousOperationId":"9aismxp9gpel68j"}
{"type":"operationStart","subtype":"engine","name":"handlebars","timestamp":1705596568679,"id":"bhtzvr87d0lyith","previousEventId":"f6j5bcv1gpz2k3u","operationId":"muexvxqgk5fc32r","previousOperationId":"9aismxp9gpel68j"}
{"type":"log","timestamp":1705596568679,"level":"debug","message":"Rendering engine handlebars","meta":{"rootId":"8jbu9gehx8kp62q","id":"pbqzhky4mg1zf0b"},"id":"7gf9mp6wywjxyd5","previousOperationId":"muexvxqgk5fc32r"}
{"type":"operationEnd","operationId":"muexvxqgk5fc32r","timestamp":1705596568691,"id":"hfrfrcfxevdbkpl","previousEventId":"bhtzvr87d0lyith","previousOperationId":"muexvxqgk5fc32r"}
{"type":"operationStart","subtype":"recipe","name":"chrome-pdf","timestamp":1705596568691,"id":"hewcu1ips3wyvis","previousEventId":"hfrfrcfxevdbkpl","operationId":"ce0z9gk5uizcaax","previousOperationId":"muexvxqgk5fc32r"}
{"type":"log","timestamp":1705596568691,"level":"debug","message":"Executing recipe chrome-pdf","meta":{"rootId":"8jbu9gehx8kp62q","id":"pbqzhky4mg1zf0b"},"id":"eejjw2y7m94nn7e","previousOperationId":"ce0z9gk5uizcaax"}
{"type":"log","timestamp":1705596568693,"level":"debug","message":"Converting with chrome HeadlessChrome/117.0.5938.149 using chrome-pool strategy","meta":{"rootId":"8jbu9gehx8kp62q","id":"pbqzhky4mg1zf0b"},"id":"w134r5x5j2g7yxx","previousOperationId":"ce0z9gk5uizcaax"}
{"type":"log","timestamp":1705596568775,"level":"debug","message":"Page request: GET (document) file:///C:/Users/DANIEL~1/AppData/Local/Temp/jsreport/autocleanup/33655d33-8645-433a-bc1d-9d8164117e0d-chrome-pdf.html","meta":{"rootId":"8jbu9gehx8kp62q","id":"pbqzhky4mg1zf0b"},"id":"fjydg8yf9qncicg","previousOperationId":"ce0z9gk5uizcaax"}
{"type":"log","timestamp":1705596568784,"level":"debug","message":"Page request: GET (stylesheet) https://cdnjs.cloudflare.com/ajax/libs/metro/4.1.5/css/metro.min.css","meta":{"rootId":"8jbu9gehx8kp62q","id":"pbqzhky4mg1zf0b"},"id":"npse3zr4urvxqy3","previousOperationId":"ce0z9gk5uizcaax"}
{"type":"log","timestamp":1705596568785,"level":"debug","message":"Page request finished: GET (document) 200 file:///C:/Users/DANIEL~1/AppData/Local/Temp/jsreport/autocleanup/33655d33-8645-433a-bc1d-9d8164117e0d-chrome-pdf.html","meta":{"rootId":"8jbu9gehx8kp62q","id":"pbqzhky4mg1zf0b"},"id":"skau13xa9c2v9b9","previousOperationId":"ce0z9gk5uizcaax"}
{"type":"log","timestamp":1705596568800,"level":"debug","message":"Page request finished: GET (stylesheet) 200 https://cdnjs.cloudflare.com/ajax/libs/metro/4.1.5/css/metro.min.css","meta":{"rootId":"8jbu9gehx8kp62q","id":"pbqzhky4mg1zf0b"},"id":"ckum4ugotynwdsp","previousOperationId":"ce0z9gk5uizcaax"}
{"type":"log","timestamp":1705596568813,"level":"debug","message":"Running chrome with params {\"printBackground\":true,\"marginTop\":\"1.5cm\",\"marginRight\":\"1.5cm\",\"marginLeft\":\"1.cm\",\"timeout\":59711,\"margin\":{\"top\":\"1.5cm\",\"right\":\"1.5cm\",\"left\":\"1.cm\"}}","meta":{"rootId":"8jbu9gehx8kp62q","id":"pbqzhky4mg1zf0b"},"id":"2odruzdcfha0b86","previousOperationId":"ce0z9gk5uizcaax"}
{"type":"operationEnd","operationId":"ce0z9gk5uizcaax","timestamp":1705596568842,"id":"hohbfbjf2gwpear","previousEventId":"hewcu1ips3wyvis","previousOperationId":"ce0z9gk5uizcaax"}
{"type":"log","timestamp":1705596568842,"level":"debug","message":"Skipping storing report.","meta":{"rootId":"8jbu9gehx8kp62q","id":"pbqzhky4mg1zf0b"},"id":"nfv1dtcx8e2e7z0","previousOperationId":"ce0z9gk5uizcaax"}
{"type":"log","timestamp":1705596568842,"level":"info","message":"Rendering (child) request finished in 439 ms","meta":{"rootId":"8jbu9gehx8kp62q","id":"pbqzhky4mg1zf0b"},"id":"egzx4u4gwsurijy","previousOperationId":"ce0z9gk5uizcaax"}
{"type":"operationEnd","subtype":"render","operationId":"9aismxp9gpel68j","timestamp":1705596568842,"id":"44ui0f47zyi7183","previousEventId":"hohbfbjf2gwpear","previousOperationId":"ce0z9gk5uizcaax"}
{"type":"operationEnd","operationId":"fdskhfmorfy8jkz","timestamp":1705596568852,"id":"ni5aiiy50pkort4","previousEventId":"unmelv3e0a9ushi","previousOperationId":"fdskhfmorfy8jkz"}
{"type":"log","timestamp":1705596568852,"level":"debug","message":"pdf-utils postproces start","meta":{"rootId":"8jbu9gehx8kp62q","id":"8jbu9gehx8kp62q"},"id":"87sy6jcz7hu4mmv","previousOperationId":"fdskhfmorfy8jkz"}
{"type":"log","timestamp":1705596568861,"level":"debug","message":"pdf-utils postproces end","meta":{"rootId":"8jbu9gehx8kp62q","id":"8jbu9gehx8kp62q"},"id":"bujpe28thvzp05w","previousOperationId":"fdskhfmorfy8jkz"}
{"type":"operationEnd","operationId":"hwct4n963ekau0z","timestamp":1705596568862,"id":"xm3h4xnsvlzwyo2","previousEventId":"ni5aiiy50pkort4","previousOperationId":"fdskhfmorfy8jkz"}
{"type":"log","timestamp":1705596568862,"level":"info","message":"pdf-utils pdf processing was finished","meta":{"rootId":"8jbu9gehx8kp62q","id":"8jbu9gehx8kp62q"},"id":"hullgf9rlzxqvvq","previousOperationId":"hwct4n963ekau0z"}
{"type":"log","timestamp":1705596568862,"level":"debug","message":"Skipping storing report.","meta":{"rootId":"8jbu9gehx8kp62q","id":"8jbu9gehx8kp62q"},"id":"53yvmcf8zonphdn","previousOperationId":"hwct4n963ekau0z"}
{"type":"log","timestamp":1705596568862,"level":"info","message":"Rendering request 69 finished in 459 ms","meta":{"rootId":"8jbu9gehx8kp62q","id":"8jbu9gehx8kp62q"},"id":"1en81vl710v7jor","previousOperationId":"hwct4n963ekau0z"}
{"type":"operationEnd","subtype":"render","operationId":"hgeoa4arlkmsxur","timestamp":1705596568862,"id":"za57x81pna1i1np","previousEventId":"xm3h4xnsvlzwyo2","previousOperationId":"hwct4n963ekau0z"}
{"type":"operationEnd","doDiffs":false,"previousEventId":"9rbkusg7rewyeaf","previousOperationId":"y6h91akiojj84xf","operationId":"y6h91akiojj84xf","timestamp":1705596568868,"id":"ub37hbcoetimgd8"}
