{"type":"operationStart","subtype":"profile","data":{"_id":"TbXbt5H7ioEYxcPy","timestamp":"2024-01-17T16:40:22.911Z","state":"queued","mode":"standard","creationDate":"2024-01-17T16:40:22.912Z","modificationDate":"2024-01-17T16:40:22.912Z","shortid":"aM2tvZP","$entitySet":"profiles"},"doDiffs":false,"timestamp":1705509622911,"id":"vr3f98jijx80nep","previousOperationId":null,"operationId":"9kywyzq1it3e5at"}
{"type":"log","level":"info","message":"Render request 60 queued for execution and waiting for available worker","previousOperationId":"9kywyzq1it3e5at","timestamp":1705509622912,"id":"n0x2u5los13hp0l"}
{"type":"operationStart","subtype":"render","name":"orders-main","previousOperationId":"9kywyzq1it3e5at","timestamp":1705509622917,"id":"0sn955rffpkt8t1","previousEventId":"vr3f98jijx80nep","operationId":"to1u3p5pp3nmmu9"}
{"type":"log","timestamp":1705509622917,"level":"info","message":"Starting rendering request 60","meta":{"rootId":"8nrrmgnf77phtz3","id":"8nrrmgnf77phtz3"},"id":"amcjael0151zo6z","previousOperationId":"to1u3p5pp3nmmu9"}
{"type":"log","timestamp":1705509622917,"level":"info","message":"Rendering template { name: orders-main, recipe: chrome-pdf, engine: handlebars, preview: true }","meta":{"rootId":"8nrrmgnf77phtz3","id":"8nrrmgnf77phtz3"},"id":"66dp5d44w02l8ak","previousOperationId":"to1u3p5pp3nmmu9"}
{"type":"log","timestamp":1705509622918,"level":"debug","message":"Data item not defined for this template.","meta":{"rootId":"8nrrmgnf77phtz3","id":"8nrrmgnf77phtz3"},"id":"rex2figmy1hqpwl","previousOperationId":"to1u3p5pp3nmmu9"}
{"type":"log","timestamp":1705509622919,"level":"debug","message":"Executing script orders-script (beforeRender)","meta":{"rootId":"8nrrmgnf77phtz3","id":"8nrrmgnf77phtz3"},"id":"tpy65jzybqnd6mr","previousOperationId":"to1u3p5pp3nmmu9"}
{"type":"operationStart","subtype":"scriptsBeforeRender","name":"scripts beforeRender","timestamp":1705509622934,"id":"et4hoecbjqjwgz4","previousEventId":"0sn955rffpkt8t1","operationId":"irmm358wons75jd","previousOperationId":"to1u3p5pp3nmmu9"}
{"type":"operationStart","subtype":"script","name":"scripts orders-script","previousOperationId":"irmm358wons75jd","timestamp":1705509622934,"id":"gfr83lo8rscyyjh","previousEventId":"et4hoecbjqjwgz4","operationId":"ejzz9oalhsqw38y"}
{"type":"operationEnd","operationId":"ejzz9oalhsqw38y","timestamp":1705509622944,"id":"b5vsikbe5gbysvj","previousEventId":"0sn955rffpkt8t1","previousOperationId":"to1u3p5pp3nmmu9"}
{"type":"operationEnd","operationId":"irmm358wons75jd","timestamp":1705509622944,"id":"89t5j8xsxf14atb","previousEventId":"b5vsikbe5gbysvj","previousOperationId":"to1u3p5pp3nmmu9"}
{"type":"log","timestamp":1705509622944,"level":"debug","message":"Base url not specified, skipping its injection.","meta":{"rootId":"8nrrmgnf77phtz3","id":"8nrrmgnf77phtz3"},"id":"iic3z70zsrycnb8","previousOperationId":"irmm358wons75jd"}
{"type":"operationStart","subtype":"engine","name":"handlebars","timestamp":1705509622944,"id":"dp4m1sri1bgtc4p","previousEventId":"89t5j8xsxf14atb","operationId":"03l454gnhtsh9t4","previousOperationId":"irmm358wons75jd"}
{"type":"log","timestamp":1705509622944,"level":"debug","message":"Rendering engine handlebars","meta":{"rootId":"8nrrmgnf77phtz3","id":"8nrrmgnf77phtz3"},"id":"ojcgdy123fmceee","previousOperationId":"03l454gnhtsh9t4"}
{"type":"log","timestamp":1705509622950,"level":"debug","message":"(console:log) Pdf utils adding group field, value: \"Race1\"","meta":{"userLevel":true,"rootId":"8nrrmgnf77phtz3","id":"8nrrmgnf77phtz3"},"id":"3lj72v0kxmzmpp6","previousOperationId":"03l454gnhtsh9t4"}
{"type":"log","timestamp":1705509622950,"level":"debug","message":"(console:log) Pdf utils adding group field, value: \"Race2\"","meta":{"userLevel":true,"rootId":"8nrrmgnf77phtz3","id":"8nrrmgnf77phtz3"},"id":"t55js6s6l6sh1ch","previousOperationId":"03l454gnhtsh9t4"}
{"type":"operationEnd","operationId":"03l454gnhtsh9t4","timestamp":1705509622950,"id":"wlbfnzw2oq9tf0s","previousEventId":"dp4m1sri1bgtc4p","previousOperationId":"03l454gnhtsh9t4"}
{"type":"operationStart","subtype":"recipe","name":"chrome-pdf","timestamp":1705509622950,"id":"t8qztt2p2an3dxo","previousEventId":"wlbfnzw2oq9tf0s","operationId":"zeigk5e7nzargtd","previousOperationId":"03l454gnhtsh9t4"}
{"type":"log","timestamp":1705509622950,"level":"debug","message":"Executing recipe chrome-pdf","meta":{"rootId":"8nrrmgnf77phtz3","id":"8nrrmgnf77phtz3"},"id":"chgx4xbl8wxa113","previousOperationId":"zeigk5e7nzargtd"}
{"type":"log","timestamp":1705509622951,"level":"debug","message":"Converting with chrome HeadlessChrome/117.0.5938.149 using chrome-pool strategy","meta":{"rootId":"8nrrmgnf77phtz3","id":"8nrrmgnf77phtz3"},"id":"n8j6nxyratqvdt8","previousOperationId":"zeigk5e7nzargtd"}
{"type":"log","timestamp":1705509623012,"level":"debug","message":"Page request: GET (document) file:///C:/Users/DANIEL~1/AppData/Local/Temp/jsreport/autocleanup/c87955af-482b-4032-8438-ea923efc6250-chrome-pdf.html","meta":{"rootId":"8nrrmgnf77phtz3","id":"8nrrmgnf77phtz3"},"id":"9pu0nhsukmv7z3g","previousOperationId":"zeigk5e7nzargtd"}
{"type":"log","timestamp":1705509623024,"level":"debug","message":"Page request: GET (stylesheet) https://cdnjs.cloudflare.com/ajax/libs/metro/4.1.5/css/metro.min.css","meta":{"rootId":"8nrrmgnf77phtz3","id":"8nrrmgnf77phtz3"},"id":"udef4dvauf0hagz","previousOperationId":"zeigk5e7nzargtd"}
{"type":"log","timestamp":1705509623025,"level":"debug","message":"Page request: GET (script) https://cdnjs.cloudflare.com/ajax/libs/Chart.js/2.7.2/Chart.min.js","meta":{"rootId":"8nrrmgnf77phtz3","id":"8nrrmgnf77phtz3"},"id":"x4lpnz99sz56txx","previousOperationId":"zeigk5e7nzargtd"}
{"type":"log","timestamp":1705509623025,"level":"debug","message":"Page request finished: GET (document) 200 file:///C:/Users/DANIEL~1/AppData/Local/Temp/jsreport/autocleanup/c87955af-482b-4032-8438-ea923efc6250-chrome-pdf.html","meta":{"rootId":"8nrrmgnf77phtz3","id":"8nrrmgnf77phtz3"},"id":"1gsy7rsr3zlcmf4","previousOperationId":"zeigk5e7nzargtd"}
{"type":"log","timestamp":1705509623028,"level":"debug","message":"Page request finished: GET (script) 200 https://cdnjs.cloudflare.com/ajax/libs/Chart.js/2.7.2/Chart.min.js","meta":{"rootId":"8nrrmgnf77phtz3","id":"8nrrmgnf77phtz3"},"id":"vnf4h6evu1e7yky","previousOperationId":"zeigk5e7nzargtd"}
{"type":"log","timestamp":1705509623037,"level":"debug","message":"Page request finished: GET (stylesheet) 200 https://cdnjs.cloudflare.com/ajax/libs/metro/4.1.5/css/metro.min.css","meta":{"rootId":"8nrrmgnf77phtz3","id":"8nrrmgnf77phtz3"},"id":"seuiutwqsxfbrgd","previousOperationId":"zeigk5e7nzargtd"}
{"type":"log","timestamp":1705509623059,"level":"debug","message":"Running chrome with params {\"printBackground\":true,\"marginTop\":\"4cm\",\"marginRight\":\"1.5cm\",\"marginBottom\":\"1.5cm\",\"marginLeft\":\"1.5cm\",\"waitForJS\":false,\"timeout\":59960,\"margin\":{\"top\":\"4cm\",\"right\":\"1.5cm\",\"bottom\":\"1.5cm\",\"left\":\"1.5cm\"}}","meta":{"rootId":"8nrrmgnf77phtz3","id":"8nrrmgnf77phtz3"},"id":"p5l79g3qm7bsdzl","previousOperationId":"zeigk5e7nzargtd"}
{"type":"operationEnd","operationId":"zeigk5e7nzargtd","timestamp":1705509623114,"id":"aaw0v12urwe8pef","previousEventId":"t8qztt2p2an3dxo","previousOperationId":"zeigk5e7nzargtd"}
{"type":"log","timestamp":1705509623114,"level":"info","message":"pdf-utils is starting pdf processing","meta":{"rootId":"8nrrmgnf77phtz3","id":"8nrrmgnf77phtz3"},"id":"5rm2a2of24a2ldh","previousOperationId":"zeigk5e7nzargtd"}
{"type":"operationStart","subtype":"pdfUtils","name":"pdf utils","timestamp":1705509623114,"id":"tp6cfv1je8zmjl7","previousEventId":"aaw0v12urwe8pef","operationId":"kg1027m60hmcxau","previousOperationId":"zeigk5e7nzargtd"}
{"type":"log","timestamp":1705509623114,"level":"debug","message":"pdf-utils detected 1 pdf operation(s) to process","meta":{"rootId":"8nrrmgnf77phtz3","id":"8nrrmgnf77phtz3"},"id":"tyq7fst3sb5f4is","previousOperationId":"kg1027m60hmcxau"}
{"type":"log","timestamp":1705509623127,"level":"debug","message":"pdf-utils running pdf operation merge","meta":{"rootId":"8nrrmgnf77phtz3","id":"8nrrmgnf77phtz3"},"id":"tgxk6qtevli3ajq","previousOperationId":"kg1027m60hmcxau"}
{"type":"operationStart","subtype":"pdfUtilsMerge","name":"pdf utils merge","previousOperationId":"kg1027m60hmcxau","timestamp":1705509623127,"id":"qjnxfpe9tvmp7k9","previousEventId":"tp6cfv1je8zmjl7","operationId":"u1oyvu3xjdtt96w"}
{"type":"operationStart","subtype":"render","name":"orders-header","previousOperationId":"u1oyvu3xjdtt96w","timestamp":1705509623128,"id":"8wp5lgycwjl7sea","previousEventId":"qjnxfpe9tvmp7k9","operationId":"g0t6if96ewg24wm"}
{"type":"log","timestamp":1705509623128,"level":"info","message":"Starting rendering (child) request","meta":{"rootId":"8nrrmgnf77phtz3","id":"qgvi3tkin96fpby"},"id":"0trjsem79ielfm0","previousOperationId":"g0t6if96ewg24wm"}
{"type":"log","timestamp":1705509623128,"level":"info","message":"Rendering template { name: orders-header, recipe: chrome-pdf, engine: handlebars, preview: true }","meta":{"rootId":"8nrrmgnf77phtz3","id":"qgvi3tkin96fpby"},"id":"pmetqm12c0rsmhp","previousOperationId":"g0t6if96ewg24wm"}
{"type":"log","timestamp":1705509623129,"level":"debug","message":"Inline data specified.","meta":{"rootId":"8nrrmgnf77phtz3","id":"qgvi3tkin96fpby"},"id":"i7tifcbhsqdbo6p","previousOperationId":"g0t6if96ewg24wm"}
{"type":"log","timestamp":1705509623130,"level":"debug","message":"Base url not specified, skipping its injection.","meta":{"rootId":"8nrrmgnf77phtz3","id":"qgvi3tkin96fpby"},"id":"r4tif1hwg8as43d","previousOperationId":"g0t6if96ewg24wm"}
{"type":"operationStart","subtype":"engine","name":"handlebars","timestamp":1705509623130,"id":"rnp2rkflv18l0lf","previousEventId":"8wp5lgycwjl7sea","operationId":"wb1nrihssf0tx8f","previousOperationId":"g0t6if96ewg24wm"}
{"type":"log","timestamp":1705509623130,"level":"debug","message":"Rendering engine handlebars","meta":{"rootId":"8nrrmgnf77phtz3","id":"qgvi3tkin96fpby"},"id":"hch4ojmcs3wlemd","previousOperationId":"wb1nrihssf0tx8f"}
{"type":"operationEnd","operationId":"wb1nrihssf0tx8f","timestamp":1705509623143,"id":"mhsvc0ucw0tpt4a","previousEventId":"rnp2rkflv18l0lf","previousOperationId":"wb1nrihssf0tx8f"}
{"type":"operationStart","subtype":"recipe","name":"chrome-pdf","timestamp":1705509623143,"id":"feuw9hqgjwz9ndn","previousEventId":"mhsvc0ucw0tpt4a","operationId":"yp3ve5idz9nmhw8","previousOperationId":"wb1nrihssf0tx8f"}
{"type":"log","timestamp":1705509623143,"level":"debug","message":"Executing recipe chrome-pdf","meta":{"rootId":"8nrrmgnf77phtz3","id":"qgvi3tkin96fpby"},"id":"zh90winrdyo3g7c","previousOperationId":"yp3ve5idz9nmhw8"}
{"type":"log","timestamp":1705509623144,"level":"debug","message":"Converting with chrome HeadlessChrome/117.0.5938.149 using chrome-pool strategy","meta":{"rootId":"8nrrmgnf77phtz3","id":"qgvi3tkin96fpby"},"id":"qwb1gy80yyxg7yn","previousOperationId":"yp3ve5idz9nmhw8"}
{"type":"log","timestamp":1705509623203,"level":"debug","message":"Page request: GET (document) file:///C:/Users/DANIEL~1/AppData/Local/Temp/jsreport/autocleanup/ff03eb9d-c568-4540-ba6b-3293fadd858a-chrome-pdf.html","meta":{"rootId":"8nrrmgnf77phtz3","id":"qgvi3tkin96fpby"},"id":"byw7jnzsigxob5a","previousOperationId":"yp3ve5idz9nmhw8"}
{"type":"log","timestamp":1705509623209,"level":"debug","message":"Page request: GET (stylesheet) https://cdnjs.cloudflare.com/ajax/libs/metro/4.1.5/css/metro.min.css","meta":{"rootId":"8nrrmgnf77phtz3","id":"qgvi3tkin96fpby"},"id":"u9al53kvdf3ieku","previousOperationId":"yp3ve5idz9nmhw8"}
{"type":"log","timestamp":1705509623210,"level":"debug","message":"Page request finished: GET (document) 200 file:///C:/Users/DANIEL~1/AppData/Local/Temp/jsreport/autocleanup/ff03eb9d-c568-4540-ba6b-3293fadd858a-chrome-pdf.html","meta":{"rootId":"8nrrmgnf77phtz3","id":"qgvi3tkin96fpby"},"id":"gwyopf0hqke3wcg","previousOperationId":"yp3ve5idz9nmhw8"}
{"type":"log","timestamp":1705509623220,"level":"debug","message":"Page request finished: GET (stylesheet) 200 https://cdnjs.cloudflare.com/ajax/libs/metro/4.1.5/css/metro.min.css","meta":{"rootId":"8nrrmgnf77phtz3","id":"qgvi3tkin96fpby"},"id":"vryswt23c70d6gj","previousOperationId":"yp3ve5idz9nmhw8"}
{"type":"log","timestamp":1705509623232,"level":"debug","message":"Running chrome with params {\"printBackground\":true,\"marginTop\":\"1.5cm\",\"marginRight\":\"1.5cm\",\"marginLeft\":\"1.cm\",\"timeout\":59767,\"margin\":{\"top\":\"1.5cm\",\"right\":\"1.5cm\",\"left\":\"1.cm\"}}","meta":{"rootId":"8nrrmgnf77phtz3","id":"qgvi3tkin96fpby"},"id":"nt6npouklktamef","previousOperationId":"yp3ve5idz9nmhw8"}
{"type":"operationEnd","operationId":"yp3ve5idz9nmhw8","timestamp":1705509623258,"id":"9rnsuy0chh56e4f","previousEventId":"feuw9hqgjwz9ndn","previousOperationId":"yp3ve5idz9nmhw8"}
{"type":"log","timestamp":1705509623258,"level":"debug","message":"Skipping storing report.","meta":{"rootId":"8nrrmgnf77phtz3","id":"qgvi3tkin96fpby"},"id":"tplphkch1ago4zs","previousOperationId":"yp3ve5idz9nmhw8"}
{"type":"log","timestamp":1705509623258,"level":"info","message":"Rendering (child) request finished in 347 ms","meta":{"rootId":"8nrrmgnf77phtz3","id":"qgvi3tkin96fpby"},"id":"esqfranh8o7l50f","previousOperationId":"yp3ve5idz9nmhw8"}
{"type":"operationEnd","subtype":"render","operationId":"g0t6if96ewg24wm","timestamp":1705509623258,"id":"7yubzjtvdmbr485","previousEventId":"9rnsuy0chh56e4f","previousOperationId":"yp3ve5idz9nmhw8"}
{"type":"operationEnd","operationId":"u1oyvu3xjdtt96w","timestamp":1705509623264,"id":"897a1f42g6fah8j","previousEventId":"qjnxfpe9tvmp7k9","previousOperationId":"u1oyvu3xjdtt96w"}
{"type":"log","timestamp":1705509623264,"level":"debug","message":"pdf-utils postproces start","meta":{"rootId":"8nrrmgnf77phtz3","id":"8nrrmgnf77phtz3"},"id":"r3izcf3mghlsxm8","previousOperationId":"u1oyvu3xjdtt96w"}
{"type":"log","timestamp":1705509623272,"level":"debug","message":"pdf-utils postproces end","meta":{"rootId":"8nrrmgnf77phtz3","id":"8nrrmgnf77phtz3"},"id":"1yrf3qyq3ixv1do","previousOperationId":"u1oyvu3xjdtt96w"}
{"type":"operationEnd","operationId":"kg1027m60hmcxau","timestamp":1705509623272,"id":"mx1o7osthftp2ru","previousEventId":"897a1f42g6fah8j","previousOperationId":"u1oyvu3xjdtt96w"}
{"type":"log","timestamp":1705509623272,"level":"info","message":"pdf-utils pdf processing was finished","meta":{"rootId":"8nrrmgnf77phtz3","id":"8nrrmgnf77phtz3"},"id":"2917amcgpkft2ii","previousOperationId":"kg1027m60hmcxau"}
{"type":"log","timestamp":1705509623272,"level":"debug","message":"Skipping storing report.","meta":{"rootId":"8nrrmgnf77phtz3","id":"8nrrmgnf77phtz3"},"id":"4kzky27dymi3wkg","previousOperationId":"kg1027m60hmcxau"}
{"type":"log","timestamp":1705509623272,"level":"info","message":"Rendering request 60 finished in 361 ms","meta":{"rootId":"8nrrmgnf77phtz3","id":"8nrrmgnf77phtz3"},"id":"893szgqtw525b3a","previousOperationId":"kg1027m60hmcxau"}
{"type":"operationEnd","subtype":"render","operationId":"to1u3p5pp3nmmu9","timestamp":1705509623272,"id":"zdp1l3kdomfhb44","previousEventId":"mx1o7osthftp2ru","previousOperationId":"kg1027m60hmcxau"}
{"type":"operationEnd","doDiffs":false,"previousEventId":"vr3f98jijx80nep","previousOperationId":"9kywyzq1it3e5at","operationId":"9kywyzq1it3e5at","timestamp":1705509623278,"id":"tmzme8u8fspmlfb"}
