{"type":"operationStart","subtype":"profile","data":{"_id":"hf09xZVWimjKm4ll","timestamp":"2024-01-18T17:17:49.035Z","state":"queued","mode":"standard","creationDate":"2024-01-18T17:17:49.037Z","modificationDate":"2024-01-18T17:17:49.037Z","shortid":"KBAe1eQ","$entitySet":"profiles"},"doDiffs":false,"timestamp":1705598269036,"id":"jox4k1awsh2tpt0","previousOperationId":null,"operationId":"bo6kmtgttmilai0"}
{"type":"log","level":"info","message":"Render request 14 queued for execution and waiting for available worker","previousOperationId":"bo6kmtgttmilai0","timestamp":1705598269036,"id":"q4ybmnu1y7ktjdk"}
{"type":"operationStart","subtype":"render","name":"orders-main","previousOperationId":"bo6kmtgttmilai0","timestamp":1705598269042,"id":"7p8f59h2c313knt","previousEventId":"jox4k1awsh2tpt0","operationId":"h6xv0xv32q4zq1n"}
{"type":"log","timestamp":1705598269042,"level":"info","message":"Starting rendering request 14","meta":{"rootId":"8ztn07vohxfv3iz","id":"8ztn07vohxfv3iz"},"id":"lsc6suw28vp82a7","previousOperationId":"h6xv0xv32q4zq1n"}
{"type":"log","timestamp":1705598269042,"level":"info","message":"Rendering template { name: orders-main, recipe: chrome-pdf, engine: handlebars, preview: true }","meta":{"rootId":"8ztn07vohxfv3iz","id":"8ztn07vohxfv3iz"},"id":"kzhydw3t5km2zpb","previousOperationId":"h6xv0xv32q4zq1n"}
{"type":"log","timestamp":1705598269042,"level":"debug","message":"Data item not defined for this template.","meta":{"rootId":"8ztn07vohxfv3iz","id":"8ztn07vohxfv3iz"},"id":"sfi5iakk7bvov0r","previousOperationId":"h6xv0xv32q4zq1n"}
{"type":"log","timestamp":1705598269044,"level":"debug","message":"Executing script orders-script (beforeRender)","meta":{"rootId":"8ztn07vohxfv3iz","id":"8ztn07vohxfv3iz"},"id":"6f5spe8y30znz0c","previousOperationId":"h6xv0xv32q4zq1n"}
{"type":"operationStart","subtype":"scriptsBeforeRender","name":"scripts beforeRender","timestamp":1705598269053,"id":"fd6nvwoe23910k3","previousEventId":"7p8f59h2c313knt","operationId":"m1brthh4rd86ldy","previousOperationId":"h6xv0xv32q4zq1n"}
{"type":"operationStart","subtype":"script","name":"scripts orders-script","previousOperationId":"m1brthh4rd86ldy","timestamp":1705598269053,"id":"5uy1euy9rq6jr0g","previousEventId":"fd6nvwoe23910k3","operationId":"wg7gfbtr85nzqdx"}
{"type":"log","timestamp":1705598269063,"level":"debug","message":"(console:log) [ 'Race1', 'Race2' ]","meta":{"userLevel":true,"rootId":"8ztn07vohxfv3iz","id":"8ztn07vohxfv3iz"},"id":"dd1edojzr89o8lr","previousOperationId":"wg7gfbtr85nzqdx"}
{"type":"log","timestamp":1705598269063,"level":"debug","message":"(console:log) [ 2, 1 ]","meta":{"userLevel":true,"rootId":"8ztn07vohxfv3iz","id":"8ztn07vohxfv3iz"},"id":"jtlo9z1hvj7vkfg","previousOperationId":"wg7gfbtr85nzqdx"}
{"type":"operationEnd","operationId":"wg7gfbtr85nzqdx","timestamp":1705598269064,"id":"je582j06w45hjmr","previousEventId":"7p8f59h2c313knt","previousOperationId":"h6xv0xv32q4zq1n"}
{"type":"operationEnd","operationId":"m1brthh4rd86ldy","timestamp":1705598269064,"id":"qbq2dzced5186rj","previousEventId":"je582j06w45hjmr","previousOperationId":"h6xv0xv32q4zq1n"}
{"type":"log","timestamp":1705598269064,"level":"debug","message":"Base url not specified, skipping its injection.","meta":{"rootId":"8ztn07vohxfv3iz","id":"8ztn07vohxfv3iz"},"id":"2itzr4msoz6j7ac","previousOperationId":"m1brthh4rd86ldy"}
{"type":"operationStart","subtype":"engine","name":"handlebars","timestamp":1705598269064,"id":"mtm08htzf0diicf","previousEventId":"qbq2dzced5186rj","operationId":"xgqgperg00p0enx","previousOperationId":"m1brthh4rd86ldy"}
{"type":"log","timestamp":1705598269064,"level":"debug","message":"Rendering engine handlebars","meta":{"rootId":"8ztn07vohxfv3iz","id":"8ztn07vohxfv3iz"},"id":"22vo97nj4ctnyfa","previousOperationId":"xgqgperg00p0enx"}
{"type":"log","timestamp":1705598269077,"level":"debug","message":"(console:log) Pdf utils adding group field, value: \"Race1\"","meta":{"userLevel":true,"rootId":"8ztn07vohxfv3iz","id":"8ztn07vohxfv3iz"},"id":"r5yrbkhlhq9mphh","previousOperationId":"xgqgperg00p0enx"}
{"type":"log","timestamp":1705598269077,"level":"debug","message":"(console:log) Pdf utils adding group field, value: \"Race2\"","meta":{"userLevel":true,"rootId":"8ztn07vohxfv3iz","id":"8ztn07vohxfv3iz"},"id":"fuhk0u80xfklpv4","previousOperationId":"xgqgperg00p0enx"}
{"type":"operationEnd","operationId":"xgqgperg00p0enx","timestamp":1705598269077,"id":"3zb21ssvc85xhdi","previousEventId":"mtm08htzf0diicf","previousOperationId":"xgqgperg00p0enx"}
{"type":"operationStart","subtype":"recipe","name":"chrome-pdf","timestamp":1705598269078,"id":"qx44u1p2ob9m26q","previousEventId":"3zb21ssvc85xhdi","operationId":"6a3mb5fio102k1z","previousOperationId":"xgqgperg00p0enx"}
{"type":"log","timestamp":1705598269078,"level":"debug","message":"Executing recipe chrome-pdf","meta":{"rootId":"8ztn07vohxfv3iz","id":"8ztn07vohxfv3iz"},"id":"5lodlshgw921qf0","previousOperationId":"6a3mb5fio102k1z"}
{"type":"log","timestamp":1705598269080,"level":"debug","message":"Converting with chrome HeadlessChrome/117.0.5938.149 using chrome-pool strategy","meta":{"rootId":"8ztn07vohxfv3iz","id":"8ztn07vohxfv3iz"},"id":"f9g757w5bb3deib","previousOperationId":"6a3mb5fio102k1z"}
{"type":"log","timestamp":1705598269156,"level":"debug","message":"Page request: GET (document) file:///C:/Users/DANIEL~1/AppData/Local/Temp/jsreport/autocleanup/57956f49-62a9-4009-8bd3-a13438ca2eee-chrome-pdf.html","meta":{"rootId":"8ztn07vohxfv3iz","id":"8ztn07vohxfv3iz"},"id":"p25nhrbdwjij90e","previousOperationId":"6a3mb5fio102k1z"}
{"type":"log","timestamp":1705598269173,"level":"debug","message":"Page request: GET (stylesheet) https://cdnjs.cloudflare.com/ajax/libs/metro/4.1.5/css/metro.min.css","meta":{"rootId":"8ztn07vohxfv3iz","id":"8ztn07vohxfv3iz"},"id":"wttxf8h8o6o4sl8","previousOperationId":"6a3mb5fio102k1z"}
{"type":"log","timestamp":1705598269174,"level":"debug","message":"Page request: GET (script) https://cdn.jsdelivr.net/npm/chart.js","meta":{"rootId":"8ztn07vohxfv3iz","id":"8ztn07vohxfv3iz"},"id":"6i7g9g9ngutaai6","previousOperationId":"6a3mb5fio102k1z"}
{"type":"log","timestamp":1705598269174,"level":"debug","message":"Page request finished: GET (document) 200 file:///C:/Users/DANIEL~1/AppData/Local/Temp/jsreport/autocleanup/57956f49-62a9-4009-8bd3-a13438ca2eee-chrome-pdf.html","meta":{"rootId":"8ztn07vohxfv3iz","id":"8ztn07vohxfv3iz"},"id":"1k10hjcnlr6hzme","previousOperationId":"6a3mb5fio102k1z"}
{"type":"log","timestamp":1705598269185,"level":"debug","message":"Page request finished: GET (stylesheet) 200 https://cdnjs.cloudflare.com/ajax/libs/metro/4.1.5/css/metro.min.css","meta":{"rootId":"8ztn07vohxfv3iz","id":"8ztn07vohxfv3iz"},"id":"xry5vyd685n91vw","previousOperationId":"6a3mb5fio102k1z"}
{"type":"log","timestamp":1705598271982,"level":"debug","message":"Page request finished: GET (script) 200 https://cdn.jsdelivr.net/npm/chart.js","meta":{"rootId":"8ztn07vohxfv3iz","id":"8ztn07vohxfv3iz"},"id":"0m76k76pqurnwe9","previousOperationId":"6a3mb5fio102k1z"}
{"type":"log","timestamp":1705598271986,"level":"warn","message":"Page error: Unexpected token '<' , stack: SyntaxError: Unexpected token '<'","meta":{"rootId":"8ztn07vohxfv3iz","id":"8ztn07vohxfv3iz"},"id":"uj5bra427qmnjpy","previousOperationId":"6a3mb5fio102k1z"}
{"type":"log","timestamp":1705598272008,"level":"debug","message":"Running chrome with params {\"printBackground\":true,\"marginTop\":\"4cm\",\"marginRight\":\"1.5cm\",\"marginBottom\":\"1.5cm\",\"marginLeft\":\"1.5cm\",\"waitForJS\":false,\"timeout\":59956,\"margin\":{\"top\":\"4cm\",\"right\":\"1.5cm\",\"bottom\":\"1.5cm\",\"left\":\"1.5cm\"}}","meta":{"rootId":"8ztn07vohxfv3iz","id":"8ztn07vohxfv3iz"},"id":"qyh35sdeh43et0x","previousOperationId":"6a3mb5fio102k1z"}
{"type":"operationEnd","operationId":"6a3mb5fio102k1z","timestamp":1705598272064,"id":"w2337y2zth24weq","previousEventId":"qx44u1p2ob9m26q","previousOperationId":"6a3mb5fio102k1z"}
{"type":"log","timestamp":1705598272064,"level":"info","message":"pdf-utils is starting pdf processing","meta":{"rootId":"8ztn07vohxfv3iz","id":"8ztn07vohxfv3iz"},"id":"j014zdl4wtfdjom","previousOperationId":"6a3mb5fio102k1z"}
{"type":"operationStart","subtype":"pdfUtils","name":"pdf utils","timestamp":1705598272064,"id":"06twaip3s8xjnfj","previousEventId":"w2337y2zth24weq","operationId":"9m7kvp5pb47mtec","previousOperationId":"6a3mb5fio102k1z"}
{"type":"log","timestamp":1705598272064,"level":"debug","message":"pdf-utils detected 1 pdf operation(s) to process","meta":{"rootId":"8ztn07vohxfv3iz","id":"8ztn07vohxfv3iz"},"id":"q244wezegfxmk3i","previousOperationId":"9m7kvp5pb47mtec"}
{"type":"log","timestamp":1705598272077,"level":"debug","message":"pdf-utils running pdf operation merge","meta":{"rootId":"8ztn07vohxfv3iz","id":"8ztn07vohxfv3iz"},"id":"3pdh0s370pcxlxq","previousOperationId":"9m7kvp5pb47mtec"}
{"type":"operationStart","subtype":"pdfUtilsMerge","name":"pdf utils merge","previousOperationId":"9m7kvp5pb47mtec","timestamp":1705598272077,"id":"ujo26npe45nlsuw","previousEventId":"06twaip3s8xjnfj","operationId":"jgfqgdp0p5konyq"}
{"type":"operationStart","subtype":"render","name":"orders-header","previousOperationId":"jgfqgdp0p5konyq","timestamp":1705598272078,"id":"reuk2akb4lozfv3","previousEventId":"ujo26npe45nlsuw","operationId":"0qrgwi4tphgxcg5"}
{"type":"log","timestamp":1705598272078,"level":"info","message":"Starting rendering (child) request","meta":{"rootId":"8ztn07vohxfv3iz","id":"hgeoyw1d44o3fwk"},"id":"344d08zodw6q4v4","previousOperationId":"0qrgwi4tphgxcg5"}
{"type":"log","timestamp":1705598272078,"level":"info","message":"Rendering template { name: orders-header, recipe: chrome-pdf, engine: handlebars, preview: true }","meta":{"rootId":"8ztn07vohxfv3iz","id":"hgeoyw1d44o3fwk"},"id":"px6tx48w5xzb273","previousOperationId":"0qrgwi4tphgxcg5"}
{"type":"log","timestamp":1705598272079,"level":"debug","message":"Inline data specified.","meta":{"rootId":"8ztn07vohxfv3iz","id":"hgeoyw1d44o3fwk"},"id":"l9qhtdcd5vkesqc","previousOperationId":"0qrgwi4tphgxcg5"}
{"type":"log","timestamp":1705598272081,"level":"debug","message":"Base url not specified, skipping its injection.","meta":{"rootId":"8ztn07vohxfv3iz","id":"hgeoyw1d44o3fwk"},"id":"nolw1ongs4fh7j9","previousOperationId":"0qrgwi4tphgxcg5"}
{"type":"operationStart","subtype":"engine","name":"handlebars","timestamp":1705598272081,"id":"ji27aj85pchgho9","previousEventId":"reuk2akb4lozfv3","operationId":"bnevkig15af5zge","previousOperationId":"0qrgwi4tphgxcg5"}
{"type":"log","timestamp":1705598272081,"level":"debug","message":"Rendering engine handlebars","meta":{"rootId":"8ztn07vohxfv3iz","id":"hgeoyw1d44o3fwk"},"id":"re3hl5wknwxoc5p","previousOperationId":"bnevkig15af5zge"}
{"type":"operationEnd","operationId":"bnevkig15af5zge","timestamp":1705598272091,"id":"teo1457b3t4si4e","previousEventId":"ji27aj85pchgho9","previousOperationId":"bnevkig15af5zge"}
{"type":"operationStart","subtype":"recipe","name":"chrome-pdf","timestamp":1705598272091,"id":"fccxm1jihqdwrp1","previousEventId":"teo1457b3t4si4e","operationId":"94n0sjgpp6yw23u","previousOperationId":"bnevkig15af5zge"}
{"type":"log","timestamp":1705598272091,"level":"debug","message":"Executing recipe chrome-pdf","meta":{"rootId":"8ztn07vohxfv3iz","id":"hgeoyw1d44o3fwk"},"id":"bx1qqp951osjae0","previousOperationId":"94n0sjgpp6yw23u"}
{"type":"log","timestamp":1705598272093,"level":"debug","message":"Converting with chrome HeadlessChrome/117.0.5938.149 using chrome-pool strategy","meta":{"rootId":"8ztn07vohxfv3iz","id":"hgeoyw1d44o3fwk"},"id":"vsqzop6k55gzifh","previousOperationId":"94n0sjgpp6yw23u"}
{"type":"log","timestamp":1705598272157,"level":"debug","message":"Page request: GET (document) file:///C:/Users/DANIEL~1/AppData/Local/Temp/jsreport/autocleanup/ff7a9650-07e5-46d9-bbe5-e96f7b6ce879-chrome-pdf.html","meta":{"rootId":"8ztn07vohxfv3iz","id":"hgeoyw1d44o3fwk"},"id":"iym96e1qkxgahm4","previousOperationId":"94n0sjgpp6yw23u"}
{"type":"log","timestamp":1705598272164,"level":"debug","message":"Page request: GET (stylesheet) https://cdnjs.cloudflare.com/ajax/libs/metro/4.1.5/css/metro.min.css","meta":{"rootId":"8ztn07vohxfv3iz","id":"hgeoyw1d44o3fwk"},"id":"7u9ldx6xtopuo73","previousOperationId":"94n0sjgpp6yw23u"}
{"type":"log","timestamp":1705598272164,"level":"debug","message":"Page request finished: GET (document) 200 file:///C:/Users/DANIEL~1/AppData/Local/Temp/jsreport/autocleanup/ff7a9650-07e5-46d9-bbe5-e96f7b6ce879-chrome-pdf.html","meta":{"rootId":"8ztn07vohxfv3iz","id":"hgeoyw1d44o3fwk"},"id":"3zlmzz3qn0x3o22","previousOperationId":"94n0sjgpp6yw23u"}
{"type":"log","timestamp":1705598272177,"level":"debug","message":"Page request finished: GET (stylesheet) 200 https://cdnjs.cloudflare.com/ajax/libs/metro/4.1.5/css/metro.min.css","meta":{"rootId":"8ztn07vohxfv3iz","id":"hgeoyw1d44o3fwk"},"id":"397f36wrd396fdn","previousOperationId":"94n0sjgpp6yw23u"}
{"type":"log","timestamp":1705598272189,"level":"debug","message":"Running chrome with params {\"printBackground\":true,\"marginTop\":\"1.5cm\",\"marginRight\":\"1.5cm\",\"marginLeft\":\"1.cm\",\"timeout\":56943,\"margin\":{\"top\":\"1.5cm\",\"right\":\"1.5cm\",\"left\":\"1.cm\"}}","meta":{"rootId":"8ztn07vohxfv3iz","id":"hgeoyw1d44o3fwk"},"id":"rq20bzclphofuy0","previousOperationId":"94n0sjgpp6yw23u"}
{"type":"operationEnd","operationId":"94n0sjgpp6yw23u","timestamp":1705598272214,"id":"w7ymkbmehoamq5t","previousEventId":"fccxm1jihqdwrp1","previousOperationId":"94n0sjgpp6yw23u"}
{"type":"log","timestamp":1705598272214,"level":"debug","message":"Skipping storing report.","meta":{"rootId":"8ztn07vohxfv3iz","id":"hgeoyw1d44o3fwk"},"id":"ghzt86qleynchcv","previousOperationId":"94n0sjgpp6yw23u"}
{"type":"log","timestamp":1705598272214,"level":"info","message":"Rendering (child) request finished in 3179 ms","meta":{"rootId":"8ztn07vohxfv3iz","id":"hgeoyw1d44o3fwk"},"id":"isbk0u09nwwtuv4","previousOperationId":"94n0sjgpp6yw23u"}
{"type":"operationEnd","subtype":"render","operationId":"0qrgwi4tphgxcg5","timestamp":1705598272214,"id":"2jf3711hsfc5n54","previousEventId":"w7ymkbmehoamq5t","previousOperationId":"94n0sjgpp6yw23u"}
{"type":"operationEnd","operationId":"jgfqgdp0p5konyq","timestamp":1705598272221,"id":"x5yem4xlxng8e9e","previousEventId":"ujo26npe45nlsuw","previousOperationId":"jgfqgdp0p5konyq"}
{"type":"log","timestamp":1705598272221,"level":"debug","message":"pdf-utils postproces start","meta":{"rootId":"8ztn07vohxfv3iz","id":"8ztn07vohxfv3iz"},"id":"peunfi5nfhk6o0u","previousOperationId":"jgfqgdp0p5konyq"}
{"type":"log","timestamp":1705598272229,"level":"debug","message":"pdf-utils postproces end","meta":{"rootId":"8ztn07vohxfv3iz","id":"8ztn07vohxfv3iz"},"id":"skbm17ahqqxzrit","previousOperationId":"jgfqgdp0p5konyq"}
{"type":"operationEnd","operationId":"9m7kvp5pb47mtec","timestamp":1705598272229,"id":"1h794nkqpj0tiup","previousEventId":"x5yem4xlxng8e9e","previousOperationId":"jgfqgdp0p5konyq"}
{"type":"log","timestamp":1705598272229,"level":"info","message":"pdf-utils pdf processing was finished","meta":{"rootId":"8ztn07vohxfv3iz","id":"8ztn07vohxfv3iz"},"id":"lx1afu71t8n57cw","previousOperationId":"9m7kvp5pb47mtec"}
{"type":"log","timestamp":1705598272229,"level":"debug","message":"Skipping storing report.","meta":{"rootId":"8ztn07vohxfv3iz","id":"8ztn07vohxfv3iz"},"id":"qvnmy6zv2u6eu6z","previousOperationId":"9m7kvp5pb47mtec"}
{"type":"log","timestamp":1705598272229,"level":"info","message":"Rendering request 14 finished in 3194 ms","meta":{"rootId":"8ztn07vohxfv3iz","id":"8ztn07vohxfv3iz"},"id":"kl3x4olaqkht43c","previousOperationId":"9m7kvp5pb47mtec"}
{"type":"operationEnd","subtype":"render","operationId":"h6xv0xv32q4zq1n","timestamp":1705598272229,"id":"8zmf1u3m5hp1yd3","previousEventId":"1h794nkqpj0tiup","previousOperationId":"9m7kvp5pb47mtec"}
{"type":"operationEnd","doDiffs":false,"previousEventId":"jox4k1awsh2tpt0","previousOperationId":"bo6kmtgttmilai0","operationId":"bo6kmtgttmilai0","timestamp":1705598272237,"id":"ri2rvcl2iuuuu0v"}
