{"type":"operationStart","subtype":"profile","data":{"_id":"XQ8R25Zj3L5dh6Lv","timestamp":"2024-01-18T15:43:38.153Z","state":"queued","mode":"standard","creationDate":"2024-01-18T15:43:38.154Z","modificationDate":"2024-01-18T15:43:38.154Z","shortid":"cVbqRkZ","$entitySet":"profiles"},"doDiffs":false,"timestamp":1705592618153,"id":"bzmrk6yh2om98o5","previousOperationId":null,"operationId":"3k02iznek6c2v3w"}
{"type":"log","level":"info","message":"Render request 62 queued for execution and waiting for available worker","previousOperationId":"3k02iznek6c2v3w","timestamp":1705592618153,"id":"ehn1k8mpqoprad6"}
{"type":"operationStart","subtype":"render","name":"orders-main","previousOperationId":"3k02iznek6c2v3w","timestamp":1705592618160,"id":"3baq6i51hudy0jx","previousEventId":"bzmrk6yh2om98o5","operationId":"eutdj98ypy7r775"}
{"type":"log","timestamp":1705592618160,"level":"info","message":"Starting rendering request 62","meta":{"rootId":"946qjp98y4yn9p5","id":"946qjp98y4yn9p5"},"id":"0eb2mhskz11ldew","previousOperationId":"eutdj98ypy7r775"}
{"type":"log","timestamp":1705592618160,"level":"info","message":"Rendering template { name: orders-main, recipe: chrome-pdf, engine: handlebars, preview: true }","meta":{"rootId":"946qjp98y4yn9p5","id":"946qjp98y4yn9p5"},"id":"ciihecmtjupgoqe","previousOperationId":"eutdj98ypy7r775"}
{"type":"log","timestamp":1705592618160,"level":"debug","message":"Data item not defined for this template.","meta":{"rootId":"946qjp98y4yn9p5","id":"946qjp98y4yn9p5"},"id":"rht1zxgo6qt5113","previousOperationId":"eutdj98ypy7r775"}
{"type":"log","timestamp":1705592618162,"level":"debug","message":"Executing script orders-script (beforeRender)","meta":{"rootId":"946qjp98y4yn9p5","id":"946qjp98y4yn9p5"},"id":"e5lo9tvh2qv69la","previousOperationId":"eutdj98ypy7r775"}
{"type":"operationStart","subtype":"scriptsBeforeRender","name":"scripts beforeRender","timestamp":1705592618171,"id":"j6hbdpukukr1rwa","previousEventId":"3baq6i51hudy0jx","operationId":"qj265l4qb8nml85","previousOperationId":"eutdj98ypy7r775"}
{"type":"operationStart","subtype":"script","name":"scripts orders-script","previousOperationId":"qj265l4qb8nml85","timestamp":1705592618171,"id":"yv9idfbuts9vaa0","previousEventId":"j6hbdpukukr1rwa","operationId":"24w3kvq0hv60mpg"}
{"type":"log","timestamp":1705592618181,"level":"debug","message":"(console:log) [ 'Race1', 'Race2' ]","meta":{"userLevel":true,"rootId":"946qjp98y4yn9p5","id":"946qjp98y4yn9p5"},"id":"jn00laifhk00pka","previousOperationId":"24w3kvq0hv60mpg"}
{"type":"log","timestamp":1705592618181,"level":"debug","message":"(console:log) [ 2, 1 ]","meta":{"userLevel":true,"rootId":"946qjp98y4yn9p5","id":"946qjp98y4yn9p5"},"id":"o898zoe0n7w0zc3","previousOperationId":"24w3kvq0hv60mpg"}
{"type":"operationEnd","operationId":"24w3kvq0hv60mpg","timestamp":1705592618182,"id":"ss8cjrg1wlz2z99","previousEventId":"3baq6i51hudy0jx","previousOperationId":"eutdj98ypy7r775"}
{"type":"operationEnd","operationId":"qj265l4qb8nml85","timestamp":1705592618182,"id":"w3vju3qiatpnu9b","previousEventId":"ss8cjrg1wlz2z99","previousOperationId":"eutdj98ypy7r775"}
{"type":"log","timestamp":1705592618182,"level":"debug","message":"Base url not specified, skipping its injection.","meta":{"rootId":"946qjp98y4yn9p5","id":"946qjp98y4yn9p5"},"id":"ak9yxb5q75mlalw","previousOperationId":"qj265l4qb8nml85"}
{"type":"operationStart","subtype":"engine","name":"handlebars","timestamp":1705592618182,"id":"rsm8cqh77lftne2","previousEventId":"w3vju3qiatpnu9b","operationId":"4lhu1ekl76626lh","previousOperationId":"qj265l4qb8nml85"}
{"type":"log","timestamp":1705592618182,"level":"debug","message":"Rendering engine handlebars","meta":{"rootId":"946qjp98y4yn9p5","id":"946qjp98y4yn9p5"},"id":"ib7ssl4o684y2gp","previousOperationId":"4lhu1ekl76626lh"}
{"type":"log","timestamp":1705592618195,"level":"debug","message":"(console:log) Pdf utils adding group field, value: \"Race1\"","meta":{"userLevel":true,"rootId":"946qjp98y4yn9p5","id":"946qjp98y4yn9p5"},"id":"n42qgoi514wzmq4","previousOperationId":"4lhu1ekl76626lh"}
{"type":"log","timestamp":1705592618195,"level":"debug","message":"(console:log) Pdf utils adding group field, value: \"Race2\"","meta":{"userLevel":true,"rootId":"946qjp98y4yn9p5","id":"946qjp98y4yn9p5"},"id":"83m6o2eiiso17fj","previousOperationId":"4lhu1ekl76626lh"}
{"type":"operationEnd","operationId":"4lhu1ekl76626lh","timestamp":1705592618195,"id":"7mts95b0jnh0nop","previousEventId":"rsm8cqh77lftne2","previousOperationId":"4lhu1ekl76626lh"}
{"type":"operationStart","subtype":"recipe","name":"chrome-pdf","timestamp":1705592618196,"id":"k0j44ck4ylyjiov","previousEventId":"7mts95b0jnh0nop","operationId":"fjmy4fujftl3wv0","previousOperationId":"4lhu1ekl76626lh"}
{"type":"log","timestamp":1705592618196,"level":"debug","message":"Executing recipe chrome-pdf","meta":{"rootId":"946qjp98y4yn9p5","id":"946qjp98y4yn9p5"},"id":"a59igbpv60pqcgj","previousOperationId":"fjmy4fujftl3wv0"}
{"type":"log","timestamp":1705592618200,"level":"debug","message":"Converting with chrome HeadlessChrome/117.0.5938.149 using chrome-pool strategy","meta":{"rootId":"946qjp98y4yn9p5","id":"946qjp98y4yn9p5"},"id":"oqu3h6kc5u9gk24","previousOperationId":"fjmy4fujftl3wv0"}
{"type":"log","timestamp":1705592618268,"level":"debug","message":"Page request: GET (document) file:///C:/Users/DANIEL~1/AppData/Local/Temp/jsreport/autocleanup/a361431e-e97e-44c5-8eb2-1608f3ef25f9-chrome-pdf.html","meta":{"rootId":"946qjp98y4yn9p5","id":"946qjp98y4yn9p5"},"id":"h2jw63lpluwdk4m","previousOperationId":"fjmy4fujftl3wv0"}
{"type":"log","timestamp":1705592618285,"level":"debug","message":"Page request: GET (stylesheet) https://cdnjs.cloudflare.com/ajax/libs/metro/4.1.5/css/metro.min.css","meta":{"rootId":"946qjp98y4yn9p5","id":"946qjp98y4yn9p5"},"id":"z0qfns5exwgzfuv","previousOperationId":"fjmy4fujftl3wv0"}
{"type":"log","timestamp":1705592618286,"level":"debug","message":"Page request: GET (script) https://cdnjs.cloudflare.com/ajax/libs/Chart.js/2.9.4/Chart.js","meta":{"rootId":"946qjp98y4yn9p5","id":"946qjp98y4yn9p5"},"id":"fr4n36fkl4ysssp","previousOperationId":"fjmy4fujftl3wv0"}
{"type":"log","timestamp":1705592618286,"level":"debug","message":"Page request finished: GET (document) 200 file:///C:/Users/DANIEL~1/AppData/Local/Temp/jsreport/autocleanup/a361431e-e97e-44c5-8eb2-1608f3ef25f9-chrome-pdf.html","meta":{"rootId":"946qjp98y4yn9p5","id":"946qjp98y4yn9p5"},"id":"6zblvml8f8djvab","previousOperationId":"fjmy4fujftl3wv0"}
{"type":"log","timestamp":1705592618299,"level":"debug","message":"Page request finished: GET (stylesheet) 200 https://cdnjs.cloudflare.com/ajax/libs/metro/4.1.5/css/metro.min.css","meta":{"rootId":"946qjp98y4yn9p5","id":"946qjp98y4yn9p5"},"id":"ur2lhsh77v857iu","previousOperationId":"fjmy4fujftl3wv0"}
{"type":"log","timestamp":1705592618299,"level":"debug","message":"Page request finished: GET (script) 200 https://cdnjs.cloudflare.com/ajax/libs/Chart.js/2.9.4/Chart.js","meta":{"rootId":"946qjp98y4yn9p5","id":"946qjp98y4yn9p5"},"id":"2dr87ucddc2bbwb","previousOperationId":"fjmy4fujftl3wv0"}
{"type":"log","timestamp":1705592618303,"level":"warn","message":"Page error: Missing initializer in const declaration , stack: SyntaxError: Missing initializer in const declaration","meta":{"rootId":"946qjp98y4yn9p5","id":"946qjp98y4yn9p5"},"id":"35hxq7pqv9mynnj","previousOperationId":"fjmy4fujftl3wv0"}
{"type":"log","timestamp":1705592618325,"level":"debug","message":"Running chrome with params {\"printBackground\":true,\"marginTop\":\"4cm\",\"marginRight\":\"1.5cm\",\"marginBottom\":\"1.5cm\",\"marginLeft\":\"1.5cm\",\"waitForJS\":false,\"timeout\":59954,\"margin\":{\"top\":\"4cm\",\"right\":\"1.5cm\",\"bottom\":\"1.5cm\",\"left\":\"1.5cm\"}}","meta":{"rootId":"946qjp98y4yn9p5","id":"946qjp98y4yn9p5"},"id":"bwtuqdw108tmjru","previousOperationId":"fjmy4fujftl3wv0"}
{"type":"operationEnd","operationId":"fjmy4fujftl3wv0","timestamp":1705592618380,"id":"gomsoawh9oiqofq","previousEventId":"k0j44ck4ylyjiov","previousOperationId":"fjmy4fujftl3wv0"}
{"type":"log","timestamp":1705592618380,"level":"info","message":"pdf-utils is starting pdf processing","meta":{"rootId":"946qjp98y4yn9p5","id":"946qjp98y4yn9p5"},"id":"8b8rjk2qzrvw1hu","previousOperationId":"fjmy4fujftl3wv0"}
{"type":"operationStart","subtype":"pdfUtils","name":"pdf utils","timestamp":1705592618380,"id":"54qalylupv9l10n","previousEventId":"gomsoawh9oiqofq","operationId":"k7q5rpx0v4tphmh","previousOperationId":"fjmy4fujftl3wv0"}
{"type":"log","timestamp":1705592618380,"level":"debug","message":"pdf-utils detected 1 pdf operation(s) to process","meta":{"rootId":"946qjp98y4yn9p5","id":"946qjp98y4yn9p5"},"id":"dhhi17pq9xx18qh","previousOperationId":"k7q5rpx0v4tphmh"}
{"type":"log","timestamp":1705592618393,"level":"debug","message":"pdf-utils running pdf operation merge","meta":{"rootId":"946qjp98y4yn9p5","id":"946qjp98y4yn9p5"},"id":"7iueb45l8pnvslp","previousOperationId":"k7q5rpx0v4tphmh"}
{"type":"operationStart","subtype":"pdfUtilsMerge","name":"pdf utils merge","previousOperationId":"k7q5rpx0v4tphmh","timestamp":1705592618394,"id":"bfp3l6cvdnvxqgl","previousEventId":"54qalylupv9l10n","operationId":"67ltqveaetm38qo"}
{"type":"operationStart","subtype":"render","name":"orders-header","previousOperationId":"67ltqveaetm38qo","timestamp":1705592618394,"id":"7ae0u4ez3r53nog","previousEventId":"bfp3l6cvdnvxqgl","operationId":"izmlk8qddjngr84"}
{"type":"log","timestamp":1705592618395,"level":"info","message":"Starting rendering (child) request","meta":{"rootId":"946qjp98y4yn9p5","id":"g57ctrzpklonl79"},"id":"1kpszim1e6udega","previousOperationId":"izmlk8qddjngr84"}
{"type":"log","timestamp":1705592618395,"level":"info","message":"Rendering template { name: orders-header, recipe: chrome-pdf, engine: handlebars, preview: true }","meta":{"rootId":"946qjp98y4yn9p5","id":"g57ctrzpklonl79"},"id":"ixetlh6qu3l3h5n","previousOperationId":"izmlk8qddjngr84"}
{"type":"log","timestamp":1705592618400,"level":"debug","message":"Inline data specified.","meta":{"rootId":"946qjp98y4yn9p5","id":"g57ctrzpklonl79"},"id":"rvijavy5i9tq2m2","previousOperationId":"izmlk8qddjngr84"}
{"type":"log","timestamp":1705592618401,"level":"debug","message":"Base url not specified, skipping its injection.","meta":{"rootId":"946qjp98y4yn9p5","id":"g57ctrzpklonl79"},"id":"vho5ezaqgkqqz5v","previousOperationId":"izmlk8qddjngr84"}
{"type":"operationStart","subtype":"engine","name":"handlebars","timestamp":1705592618402,"id":"74j0q9cfshbiyl4","previousEventId":"7ae0u4ez3r53nog","operationId":"owif27fmsmfxziy","previousOperationId":"izmlk8qddjngr84"}
{"type":"log","timestamp":1705592618402,"level":"debug","message":"Rendering engine handlebars","meta":{"rootId":"946qjp98y4yn9p5","id":"g57ctrzpklonl79"},"id":"va45j4rujgh4g9d","previousOperationId":"owif27fmsmfxziy"}
{"type":"operationEnd","operationId":"owif27fmsmfxziy","timestamp":1705592618412,"id":"h3c2qzr9ymazgpb","previousEventId":"74j0q9cfshbiyl4","previousOperationId":"owif27fmsmfxziy"}
{"type":"operationStart","subtype":"recipe","name":"chrome-pdf","timestamp":1705592618413,"id":"1pc1mq2jzffhxfc","previousEventId":"h3c2qzr9ymazgpb","operationId":"hpfd24yca86m6rr","previousOperationId":"owif27fmsmfxziy"}
{"type":"log","timestamp":1705592618413,"level":"debug","message":"Executing recipe chrome-pdf","meta":{"rootId":"946qjp98y4yn9p5","id":"g57ctrzpklonl79"},"id":"49l91cllf88m9xr","previousOperationId":"hpfd24yca86m6rr"}
{"type":"log","timestamp":1705592618415,"level":"debug","message":"Converting with chrome HeadlessChrome/117.0.5938.149 using chrome-pool strategy","meta":{"rootId":"946qjp98y4yn9p5","id":"g57ctrzpklonl79"},"id":"uikst6k4hsyvisw","previousOperationId":"hpfd24yca86m6rr"}
{"type":"log","timestamp":1705592618479,"level":"debug","message":"Page request: GET (document) file:///C:/Users/DANIEL~1/AppData/Local/Temp/jsreport/autocleanup/2a5b1d06-0694-4cba-a768-272ab4ca3020-chrome-pdf.html","meta":{"rootId":"946qjp98y4yn9p5","id":"g57ctrzpklonl79"},"id":"wmqneayu95wghpq","previousOperationId":"hpfd24yca86m6rr"}
{"type":"log","timestamp":1705592618486,"level":"debug","message":"Page request: GET (stylesheet) https://cdnjs.cloudflare.com/ajax/libs/metro/4.1.5/css/metro.min.css","meta":{"rootId":"946qjp98y4yn9p5","id":"g57ctrzpklonl79"},"id":"dzibrkrml4c2dce","previousOperationId":"hpfd24yca86m6rr"}
{"type":"log","timestamp":1705592618486,"level":"debug","message":"Page request finished: GET (document) 200 file:///C:/Users/DANIEL~1/AppData/Local/Temp/jsreport/autocleanup/2a5b1d06-0694-4cba-a768-272ab4ca3020-chrome-pdf.html","meta":{"rootId":"946qjp98y4yn9p5","id":"g57ctrzpklonl79"},"id":"88lvo6dl1oglr7m","previousOperationId":"hpfd24yca86m6rr"}
{"type":"log","timestamp":1705592618497,"level":"debug","message":"Page request finished: GET (stylesheet) 200 https://cdnjs.cloudflare.com/ajax/libs/metro/4.1.5/css/metro.min.css","meta":{"rootId":"946qjp98y4yn9p5","id":"g57ctrzpklonl79"},"id":"4uysc559pfrxrln","previousOperationId":"hpfd24yca86m6rr"}
{"type":"log","timestamp":1705592618510,"level":"debug","message":"Running chrome with params {\"printBackground\":true,\"marginTop\":\"1.5cm\",\"marginRight\":\"1.5cm\",\"marginLeft\":\"1.cm\",\"timeout\":59739,\"margin\":{\"top\":\"1.5cm\",\"right\":\"1.5cm\",\"left\":\"1.cm\"}}","meta":{"rootId":"946qjp98y4yn9p5","id":"g57ctrzpklonl79"},"id":"h2d6wgcxg8tezjc","previousOperationId":"hpfd24yca86m6rr"}
{"type":"operationEnd","operationId":"hpfd24yca86m6rr","timestamp":1705592618539,"id":"k9wf6gkxyp2y9rd","previousEventId":"1pc1mq2jzffhxfc","previousOperationId":"hpfd24yca86m6rr"}
{"type":"log","timestamp":1705592618539,"level":"debug","message":"Skipping storing report.","meta":{"rootId":"946qjp98y4yn9p5","id":"g57ctrzpklonl79"},"id":"xfuwn3c98powbcf","previousOperationId":"hpfd24yca86m6rr"}
{"type":"log","timestamp":1705592618539,"level":"info","message":"Rendering (child) request finished in 386 ms","meta":{"rootId":"946qjp98y4yn9p5","id":"g57ctrzpklonl79"},"id":"6jzayq1y2xxe56f","previousOperationId":"hpfd24yca86m6rr"}
{"type":"operationEnd","subtype":"render","operationId":"izmlk8qddjngr84","timestamp":1705592618539,"id":"3c7iq51k3p09lve","previousEventId":"k9wf6gkxyp2y9rd","previousOperationId":"hpfd24yca86m6rr"}
{"type":"operationEnd","operationId":"67ltqveaetm38qo","timestamp":1705592618546,"id":"bfo6pn9dqmfwp7y","previousEventId":"bfp3l6cvdnvxqgl","previousOperationId":"67ltqveaetm38qo"}
{"type":"log","timestamp":1705592618546,"level":"debug","message":"pdf-utils postproces start","meta":{"rootId":"946qjp98y4yn9p5","id":"946qjp98y4yn9p5"},"id":"370mivah3lkh9eb","previousOperationId":"67ltqveaetm38qo"}
{"type":"log","timestamp":1705592618555,"level":"debug","message":"pdf-utils postproces end","meta":{"rootId":"946qjp98y4yn9p5","id":"946qjp98y4yn9p5"},"id":"k1p0r7urgm8vyvy","previousOperationId":"67ltqveaetm38qo"}
{"type":"operationEnd","operationId":"k7q5rpx0v4tphmh","timestamp":1705592618555,"id":"14a7dcuba4gko3z","previousEventId":"bfo6pn9dqmfwp7y","previousOperationId":"67ltqveaetm38qo"}
{"type":"log","timestamp":1705592618555,"level":"info","message":"pdf-utils pdf processing was finished","meta":{"rootId":"946qjp98y4yn9p5","id":"946qjp98y4yn9p5"},"id":"ahhnwazn6cf9zzs","previousOperationId":"k7q5rpx0v4tphmh"}
{"type":"log","timestamp":1705592618555,"level":"debug","message":"Skipping storing report.","meta":{"rootId":"946qjp98y4yn9p5","id":"946qjp98y4yn9p5"},"id":"5vckq68k9t9cvev","previousOperationId":"k7q5rpx0v4tphmh"}
{"type":"log","timestamp":1705592618555,"level":"info","message":"Rendering request 62 finished in 402 ms","meta":{"rootId":"946qjp98y4yn9p5","id":"946qjp98y4yn9p5"},"id":"xd36ezkhahs1aqo","previousOperationId":"k7q5rpx0v4tphmh"}
{"type":"operationEnd","subtype":"render","operationId":"eutdj98ypy7r775","timestamp":1705592618555,"id":"pl9p0i9dzi8ifj9","previousEventId":"14a7dcuba4gko3z","previousOperationId":"k7q5rpx0v4tphmh"}
{"type":"operationEnd","doDiffs":false,"previousEventId":"bzmrk6yh2om98o5","previousOperationId":"3k02iznek6c2v3w","operationId":"3k02iznek6c2v3w","timestamp":1705592618561,"id":"fdeahvlsco3atnt"}
