{"type":"operationStart","subtype":"profile","data":{"_id":"HV3tUabc4hVZP2dd","timestamp":"2024-01-17T14:37:21.025Z","state":"queued","mode":"standard","creationDate":"2024-01-17T14:37:21.029Z","modificationDate":"2024-01-17T14:37:21.029Z","shortid":"QJz8T-8","$entitySet":"profiles"},"doDiffs":false,"timestamp":1705502241028,"id":"5sznlp30yl1yhiz","previousOperationId":null,"operationId":"m9l99v39ama6sc9"}
{"type":"log","level":"info","message":"Render request 14 queued for execution and waiting for available worker","previousOperationId":"m9l99v39ama6sc9","timestamp":1705502241028,"id":"ua39ouyu5jgt9iy"}
{"type":"operationStart","subtype":"render","name":"orders-main","previousOperationId":"m9l99v39ama6sc9","timestamp":1705502241048,"id":"7j7gpceg664lbtt","previousEventId":"5sznlp30yl1yhiz","operationId":"ro56hylnjxpxol2"}
{"type":"log","timestamp":1705502241049,"level":"info","message":"Starting rendering request 14","meta":{"rootId":"96bz2oqnpty1myq","id":"96bz2oqnpty1myq"},"id":"ouv1st7kggak2na","previousOperationId":"ro56hylnjxpxol2"}
{"type":"log","timestamp":1705502241051,"level":"info","message":"Rendering template { name: orders-main, recipe: chrome-pdf, engine: handlebars, preview: true }","meta":{"rootId":"96bz2oqnpty1myq","id":"96bz2oqnpty1myq"},"id":"3353hoiv1du49k2","previousOperationId":"ro56hylnjxpxol2"}
{"type":"log","timestamp":1705502241054,"level":"debug","message":"Data item not defined for this template.","meta":{"rootId":"96bz2oqnpty1myq","id":"96bz2oqnpty1myq"},"id":"9lk7gqbv5hp41ez","previousOperationId":"ro56hylnjxpxol2"}
{"type":"log","timestamp":1705502241062,"level":"debug","message":"Executing script orders-script (beforeRender)","meta":{"rootId":"96bz2oqnpty1myq","id":"96bz2oqnpty1myq"},"id":"25h5ud4iqkor0yz","previousOperationId":"ro56hylnjxpxol2"}
{"type":"operationStart","subtype":"scriptsBeforeRender","name":"scripts beforeRender","timestamp":1705502241413,"id":"q8bjn16pu4wxdcp","previousEventId":"7j7gpceg664lbtt","operationId":"4yq5y3dihh7q8aq","previousOperationId":"ro56hylnjxpxol2"}
{"type":"operationStart","subtype":"script","name":"scripts orders-script","previousOperationId":"4yq5y3dihh7q8aq","timestamp":1705502241414,"id":"liqiw3tduu1r89y","previousEventId":"q8bjn16pu4wxdcp","operationId":"zn2eorvl6735u1u"}
{"type":"operationEnd","operationId":"zn2eorvl6735u1u","timestamp":1705502241460,"id":"2bliu662osr26bx","previousEventId":"7j7gpceg664lbtt","previousOperationId":"ro56hylnjxpxol2"}
{"type":"operationEnd","operationId":"4yq5y3dihh7q8aq","timestamp":1705502241461,"id":"5fvlsl3zygwnsrp","previousEventId":"2bliu662osr26bx","previousOperationId":"ro56hylnjxpxol2"}
{"type":"log","timestamp":1705502241461,"level":"debug","message":"Base url not specified, skipping its injection.","meta":{"rootId":"96bz2oqnpty1myq","id":"96bz2oqnpty1myq"},"id":"n48qqebby7qmcim","previousOperationId":"4yq5y3dihh7q8aq"}
{"type":"operationStart","subtype":"engine","name":"handlebars","timestamp":1705502241461,"id":"t0z8xz02fjgxay5","previousEventId":"5fvlsl3zygwnsrp","operationId":"86yaei72emb77r3","previousOperationId":"4yq5y3dihh7q8aq"}
{"type":"log","timestamp":1705502241461,"level":"debug","message":"Rendering engine handlebars","meta":{"rootId":"96bz2oqnpty1myq","id":"96bz2oqnpty1myq"},"id":"7n836ahq12oyqbb","previousOperationId":"86yaei72emb77r3"}
{"type":"log","timestamp":1705502241786,"level":"debug","message":"(console:log) Pdf utils adding group field, value: \"Race1\"","meta":{"userLevel":true,"rootId":"96bz2oqnpty1myq","id":"96bz2oqnpty1myq"},"id":"o6kdpch6pdwm4th","previousOperationId":"86yaei72emb77r3"}
{"type":"log","timestamp":1705502241786,"level":"debug","message":"(console:log) Pdf utils adding group field, value: \"Race2\"","meta":{"userLevel":true,"rootId":"96bz2oqnpty1myq","id":"96bz2oqnpty1myq"},"id":"sa75d6cntsalx1a","previousOperationId":"86yaei72emb77r3"}
{"type":"log","timestamp":1705502241786,"level":"debug","message":"(console:log) Pdf utils adding group field, value: \"rgver\"","meta":{"userLevel":true,"rootId":"96bz2oqnpty1myq","id":"96bz2oqnpty1myq"},"id":"mqi2mh5h54wqx39","previousOperationId":"86yaei72emb77r3"}
{"type":"log","timestamp":1705502241787,"level":"debug","message":"(console:log) Pdf utils adding group field, value: \"revger\"","meta":{"userLevel":true,"rootId":"96bz2oqnpty1myq","id":"96bz2oqnpty1myq"},"id":"x8seint8xk543sb","previousOperationId":"86yaei72emb77r3"}
{"type":"operationEnd","operationId":"86yaei72emb77r3","timestamp":1705502241787,"id":"xr2lajgau4u14m0","previousEventId":"t0z8xz02fjgxay5","previousOperationId":"86yaei72emb77r3"}
{"type":"operationStart","subtype":"recipe","name":"chrome-pdf","timestamp":1705502241788,"id":"eflmx7ztyac62v9","previousEventId":"xr2lajgau4u14m0","operationId":"3pd285i3tyy9pms","previousOperationId":"86yaei72emb77r3"}
{"type":"log","timestamp":1705502241788,"level":"debug","message":"Executing recipe chrome-pdf","meta":{"rootId":"96bz2oqnpty1myq","id":"96bz2oqnpty1myq"},"id":"2j60tiblsrhzdc3","previousOperationId":"3pd285i3tyy9pms"}
{"type":"log","timestamp":1705502242408,"level":"debug","message":"Converting with chrome HeadlessChrome/117.0.5938.149 using chrome-pool strategy","meta":{"rootId":"96bz2oqnpty1myq","id":"96bz2oqnpty1myq"},"id":"93xk5uqig4e0har","previousOperationId":"3pd285i3tyy9pms"}
{"type":"log","timestamp":1705502242563,"level":"debug","message":"Page request: GET (document) file:///C:/Users/DANIEL~1/AppData/Local/Temp/jsreport/autocleanup/dfaa945b-4e36-4dce-815f-dea1598484be-chrome-pdf.html","meta":{"rootId":"96bz2oqnpty1myq","id":"96bz2oqnpty1myq"},"id":"yuo2bsyzgdp23j3","previousOperationId":"3pd285i3tyy9pms"}
{"type":"log","timestamp":1705502242642,"level":"debug","message":"Page request: GET (stylesheet) https://cdnjs.cloudflare.com/ajax/libs/metro/4.1.5/css/metro.min.css","meta":{"rootId":"96bz2oqnpty1myq","id":"96bz2oqnpty1myq"},"id":"mmvl9e3usggg2mn","previousOperationId":"3pd285i3tyy9pms"}
{"type":"log","timestamp":1705502242642,"level":"debug","message":"Page request: GET (script) https://cdnjs.cloudflare.com/ajax/libs/Chart.js/2.7.2/Chart.min.js","meta":{"rootId":"96bz2oqnpty1myq","id":"96bz2oqnpty1myq"},"id":"ci92kbqz9czxqvt","previousOperationId":"3pd285i3tyy9pms"}
{"type":"log","timestamp":1705502242643,"level":"debug","message":"Page request finished: GET (document) 200 file:///C:/Users/DANIEL~1/AppData/Local/Temp/jsreport/autocleanup/dfaa945b-4e36-4dce-815f-dea1598484be-chrome-pdf.html","meta":{"rootId":"96bz2oqnpty1myq","id":"96bz2oqnpty1myq"},"id":"ugrf6ijj8ylwuc2","previousOperationId":"3pd285i3tyy9pms"}
{"type":"log","timestamp":1705502242876,"level":"debug","message":"Page request finished: GET (stylesheet) 200 https://cdnjs.cloudflare.com/ajax/libs/metro/4.1.5/css/metro.min.css","meta":{"rootId":"96bz2oqnpty1myq","id":"96bz2oqnpty1myq"},"id":"j6pumpyr2pjketx","previousOperationId":"3pd285i3tyy9pms"}
{"type":"log","timestamp":1705502242876,"level":"debug","message":"Page request finished: GET (script) 200 https://cdnjs.cloudflare.com/ajax/libs/Chart.js/2.7.2/Chart.min.js","meta":{"rootId":"96bz2oqnpty1myq","id":"96bz2oqnpty1myq"},"id":"9g9ooa8pvdu5bo2","previousOperationId":"3pd285i3tyy9pms"}
{"type":"log","timestamp":1705502242889,"level":"warn","message":"Page error: \"undefined\" is not valid JSON\nJSON.parse (<anonymous>) , stack: SyntaxError: \"undefined\" is not valid JSON\nJSON.parse (<anonymous>)\n    at <anonymous> (file:///C:/Users/DANIEL~1/AppData/Local/Temp/jsreport/autocleanup/dfaa945b-4e36-4dce-815f-dea1598484be-chrome-pdf.html:40:29)","meta":{"rootId":"96bz2oqnpty1myq","id":"96bz2oqnpty1myq"},"id":"skiak81qm32bfi6","previousOperationId":"3pd285i3tyy9pms"}
{"type":"log","timestamp":1705502242890,"level":"warn","message":"Page error: \"undefined\" is not valid JSON\nJSON.parse (<anonymous>) , stack: SyntaxError: \"undefined\" is not valid JSON\nJSON.parse (<anonymous>)\n    at <anonymous> (file:///C:/Users/DANIEL~1/AppData/Local/Temp/jsreport/autocleanup/dfaa945b-4e36-4dce-815f-dea1598484be-chrome-pdf.html:90:29)","meta":{"rootId":"96bz2oqnpty1myq","id":"96bz2oqnpty1myq"},"id":"wm2uo3tu9zjego4","previousOperationId":"3pd285i3tyy9pms"}
{"type":"log","timestamp":1705502242890,"level":"warn","message":"Page error: \"undefined\" is not valid JSON\nJSON.parse (<anonymous>) , stack: SyntaxError: \"undefined\" is not valid JSON\nJSON.parse (<anonymous>)\n    at <anonymous> (file:///C:/Users/DANIEL~1/AppData/Local/Temp/jsreport/autocleanup/dfaa945b-4e36-4dce-815f-dea1598484be-chrome-pdf.html:140:29)","meta":{"rootId":"96bz2oqnpty1myq","id":"96bz2oqnpty1myq"},"id":"56pu0m19b11h049","previousOperationId":"3pd285i3tyy9pms"}
{"type":"log","timestamp":1705502242891,"level":"warn","message":"Page error: \"undefined\" is not valid JSON\nJSON.parse (<anonymous>) , stack: SyntaxError: \"undefined\" is not valid JSON\nJSON.parse (<anonymous>)\n    at <anonymous> (file:///C:/Users/DANIEL~1/AppData/Local/Temp/jsreport/autocleanup/dfaa945b-4e36-4dce-815f-dea1598484be-chrome-pdf.html:190:29)","meta":{"rootId":"96bz2oqnpty1myq","id":"96bz2oqnpty1myq"},"id":"e04yrnbzq1pdwxh","previousOperationId":"3pd285i3tyy9pms"}
{"type":"log","timestamp":1705502242922,"level":"debug","message":"Running chrome with params {\"printBackground\":true,\"marginTop\":\"4cm\",\"marginRight\":\"1.5cm\",\"marginBottom\":\"1.5cm\",\"marginLeft\":\"1.5cm\",\"waitForJS\":false,\"timeout\":58850,\"margin\":{\"top\":\"4cm\",\"right\":\"1.5cm\",\"bottom\":\"1.5cm\",\"left\":\"1.5cm\"}}","meta":{"rootId":"96bz2oqnpty1myq","id":"96bz2oqnpty1myq"},"id":"oaccj5gqjz0yhse","previousOperationId":"3pd285i3tyy9pms"}
{"type":"operationEnd","operationId":"3pd285i3tyy9pms","timestamp":1705502243014,"id":"jlxllu9ecbfiel5","previousEventId":"eflmx7ztyac62v9","previousOperationId":"3pd285i3tyy9pms"}
{"type":"log","timestamp":1705502243015,"level":"info","message":"pdf-utils is starting pdf processing","meta":{"rootId":"96bz2oqnpty1myq","id":"96bz2oqnpty1myq"},"id":"l1clfw7jiv0aiwk","previousOperationId":"3pd285i3tyy9pms"}
{"type":"operationStart","subtype":"pdfUtils","name":"pdf utils","timestamp":1705502243252,"id":"oyhv12wrm9ovuuu","previousEventId":"jlxllu9ecbfiel5","operationId":"dj3csgp099px63c","previousOperationId":"3pd285i3tyy9pms"}
{"type":"log","timestamp":1705502243253,"level":"debug","message":"pdf-utils detected 1 pdf operation(s) to process","meta":{"rootId":"96bz2oqnpty1myq","id":"96bz2oqnpty1myq"},"id":"r7m1czf1xf9uxye","previousOperationId":"dj3csgp099px63c"}
{"type":"log","timestamp":1705502243510,"level":"debug","message":"pdf-utils running pdf operation merge","meta":{"rootId":"96bz2oqnpty1myq","id":"96bz2oqnpty1myq"},"id":"ukjs8oiqazxa08y","previousOperationId":"dj3csgp099px63c"}
{"type":"operationStart","subtype":"pdfUtilsMerge","name":"pdf utils merge","previousOperationId":"dj3csgp099px63c","timestamp":1705502243510,"id":"awzfv6j22kgalzm","previousEventId":"oyhv12wrm9ovuuu","operationId":"kktp6pd3xsusd2g"}
{"type":"operationStart","subtype":"render","name":"orders-header","previousOperationId":"kktp6pd3xsusd2g","timestamp":1705502243517,"id":"iw0ejhh6dmc30ri","previousEventId":"awzfv6j22kgalzm","operationId":"g11mq88je6v2lqh"}
{"type":"log","timestamp":1705502243517,"level":"info","message":"Starting rendering (child) request","meta":{"rootId":"96bz2oqnpty1myq","id":"oej0efu3os9411f"},"id":"6nq5giarsd64f00","previousOperationId":"g11mq88je6v2lqh"}
{"type":"log","timestamp":1705502243517,"level":"info","message":"Rendering template { name: orders-header, recipe: chrome-pdf, engine: handlebars, preview: true }","meta":{"rootId":"96bz2oqnpty1myq","id":"oej0efu3os9411f"},"id":"k97vh63f616cf8b","previousOperationId":"g11mq88je6v2lqh"}
{"type":"log","timestamp":1705502243533,"level":"debug","message":"Inline data specified.","meta":{"rootId":"96bz2oqnpty1myq","id":"oej0efu3os9411f"},"id":"4au8hdylqbijita","previousOperationId":"g11mq88je6v2lqh"}
{"type":"log","timestamp":1705502243537,"level":"debug","message":"Base url not specified, skipping its injection.","meta":{"rootId":"96bz2oqnpty1myq","id":"oej0efu3os9411f"},"id":"sj65l4a80unsn33","previousOperationId":"g11mq88je6v2lqh"}
{"type":"operationStart","subtype":"engine","name":"handlebars","timestamp":1705502243538,"id":"g6vkamn1jos7cys","previousEventId":"iw0ejhh6dmc30ri","operationId":"aa0p4asdbdj9724","previousOperationId":"g11mq88je6v2lqh"}
{"type":"log","timestamp":1705502243538,"level":"debug","message":"Rendering engine handlebars","meta":{"rootId":"96bz2oqnpty1myq","id":"oej0efu3os9411f"},"id":"afl1efc2v0zahzt","previousOperationId":"aa0p4asdbdj9724"}
{"type":"operationEnd","operationId":"aa0p4asdbdj9724","timestamp":1705502243581,"id":"nqpqnp90l1kt35y","previousEventId":"g6vkamn1jos7cys","previousOperationId":"aa0p4asdbdj9724"}
{"type":"operationStart","subtype":"recipe","name":"chrome-pdf","timestamp":1705502243581,"id":"zfg7zlpigeikq3r","previousEventId":"nqpqnp90l1kt35y","operationId":"kjbao1oc7z20crh","previousOperationId":"aa0p4asdbdj9724"}
{"type":"log","timestamp":1705502243581,"level":"debug","message":"Executing recipe chrome-pdf","meta":{"rootId":"96bz2oqnpty1myq","id":"oej0efu3os9411f"},"id":"1240oezbpeo8lw8","previousOperationId":"kjbao1oc7z20crh"}
{"type":"log","timestamp":1705502243587,"level":"debug","message":"Converting with chrome HeadlessChrome/117.0.5938.149 using chrome-pool strategy","meta":{"rootId":"96bz2oqnpty1myq","id":"oej0efu3os9411f"},"id":"l469sswbs1uyua3","previousOperationId":"kjbao1oc7z20crh"}
{"type":"log","timestamp":1705502243723,"level":"debug","message":"Page request: GET (document) file:///C:/Users/DANIEL~1/AppData/Local/Temp/jsreport/autocleanup/23f3d292-a26b-408d-83c8-7ae95b4c035a-chrome-pdf.html","meta":{"rootId":"96bz2oqnpty1myq","id":"oej0efu3os9411f"},"id":"ar5ot03wcpab486","previousOperationId":"kjbao1oc7z20crh"}
{"type":"log","timestamp":1705502243739,"level":"debug","message":"Page request finished: GET (document) 200 file:///C:/Users/DANIEL~1/AppData/Local/Temp/jsreport/autocleanup/23f3d292-a26b-408d-83c8-7ae95b4c035a-chrome-pdf.html","meta":{"rootId":"96bz2oqnpty1myq","id":"oej0efu3os9411f"},"id":"or15tltl676owc2","previousOperationId":"kjbao1oc7z20crh"}
{"type":"log","timestamp":1705502243740,"level":"debug","message":"Page request: GET (stylesheet) https://cdnjs.cloudflare.com/ajax/libs/metro/4.1.5/css/metro.min.css","meta":{"rootId":"96bz2oqnpty1myq","id":"oej0efu3os9411f"},"id":"2vceeq12hjedw3h","previousOperationId":"kjbao1oc7z20crh"}
{"type":"log","timestamp":1705502243763,"level":"debug","message":"Page request finished: GET (stylesheet) 200 https://cdnjs.cloudflare.com/ajax/libs/metro/4.1.5/css/metro.min.css","meta":{"rootId":"96bz2oqnpty1myq","id":"oej0efu3os9411f"},"id":"nmz9p3tpqdz75ie","previousOperationId":"kjbao1oc7z20crh"}
{"type":"log","timestamp":1705502243789,"level":"debug","message":"Running chrome with params {\"printBackground\":true,\"marginTop\":\"1.5cm\",\"marginRight\":\"1.5cm\",\"marginLeft\":\"1.cm\",\"timeout\":57441,\"margin\":{\"top\":\"1.5cm\",\"right\":\"1.5cm\",\"left\":\"1.cm\"}}","meta":{"rootId":"96bz2oqnpty1myq","id":"oej0efu3os9411f"},"id":"miheam16wd64eub","previousOperationId":"kjbao1oc7z20crh"}
{"type":"operationEnd","operationId":"kjbao1oc7z20crh","timestamp":1705502243851,"id":"r6765noxd5rxv9l","previousEventId":"zfg7zlpigeikq3r","previousOperationId":"kjbao1oc7z20crh"}
{"type":"log","timestamp":1705502243852,"level":"debug","message":"Skipping storing report.","meta":{"rootId":"96bz2oqnpty1myq","id":"oej0efu3os9411f"},"id":"xjqxdg20s1xwcee","previousOperationId":"kjbao1oc7z20crh"}
{"type":"log","timestamp":1705502243853,"level":"info","message":"Rendering (child) request finished in 2828 ms","meta":{"rootId":"96bz2oqnpty1myq","id":"oej0efu3os9411f"},"id":"dpeh0tequo7j65m","previousOperationId":"kjbao1oc7z20crh"}
{"type":"operationEnd","subtype":"render","operationId":"g11mq88je6v2lqh","timestamp":1705502243853,"id":"kpejaincp4pbtkh","previousEventId":"r6765noxd5rxv9l","previousOperationId":"kjbao1oc7z20crh"}
{"type":"operationEnd","operationId":"kktp6pd3xsusd2g","timestamp":1705502243891,"id":"093xu5n2kciuryq","previousEventId":"awzfv6j22kgalzm","previousOperationId":"kktp6pd3xsusd2g"}
{"type":"log","timestamp":1705502243891,"level":"debug","message":"pdf-utils postproces start","meta":{"rootId":"96bz2oqnpty1myq","id":"96bz2oqnpty1myq"},"id":"yz8lp63905ua1rc","previousOperationId":"kktp6pd3xsusd2g"}
{"type":"log","timestamp":1705502243915,"level":"debug","message":"pdf-utils postproces end","meta":{"rootId":"96bz2oqnpty1myq","id":"96bz2oqnpty1myq"},"id":"p1mo4xnk76zzxc9","previousOperationId":"kktp6pd3xsusd2g"}
{"type":"operationEnd","operationId":"dj3csgp099px63c","timestamp":1705502243915,"id":"36wu6e4bg6sz9l3","previousEventId":"093xu5n2kciuryq","previousOperationId":"kktp6pd3xsusd2g"}
{"type":"log","timestamp":1705502243915,"level":"info","message":"pdf-utils pdf processing was finished","meta":{"rootId":"96bz2oqnpty1myq","id":"96bz2oqnpty1myq"},"id":"r2lyoaagc847l8r","previousOperationId":"dj3csgp099px63c"}
{"type":"log","timestamp":1705502243916,"level":"debug","message":"Skipping storing report.","meta":{"rootId":"96bz2oqnpty1myq","id":"96bz2oqnpty1myq"},"id":"nxm6id4k8lmlarn","previousOperationId":"dj3csgp099px63c"}
{"type":"log","timestamp":1705502243916,"level":"info","message":"Rendering request 14 finished in 2891 ms","meta":{"rootId":"96bz2oqnpty1myq","id":"96bz2oqnpty1myq"},"id":"qezne0roifdn2u3","previousOperationId":"dj3csgp099px63c"}
{"type":"operationEnd","subtype":"render","operationId":"ro56hylnjxpxol2","timestamp":1705502243916,"id":"yb90zj07o3fvj0c","previousEventId":"36wu6e4bg6sz9l3","previousOperationId":"dj3csgp099px63c"}
{"type":"operationEnd","doDiffs":false,"previousEventId":"5sznlp30yl1yhiz","previousOperationId":"m9l99v39ama6sc9","operationId":"m9l99v39ama6sc9","timestamp":1705502243945,"id":"2s33ppthsm7089o"}
