{"type":"operationStart","subtype":"profile","data":{"_id":"c4j7l16Dx3XOX0rj","timestamp":"2024-01-18T15:46:47.735Z","state":"queued","mode":"standard","creationDate":"2024-01-18T15:46:47.737Z","modificationDate":"2024-01-18T15:46:47.737Z","shortid":"l7dWxkV","$entitySet":"profiles"},"doDiffs":false,"timestamp":1705592807736,"id":"hznccjucu89801w","previousOperationId":null,"operationId":"bvs9haki0ta7cnn"}
{"type":"log","level":"info","message":"Render request 65 queued for execution and waiting for available worker","previousOperationId":"bvs9haki0ta7cnn","timestamp":1705592807736,"id":"itaqg2uc9jcgslz"}
{"type":"operationStart","subtype":"render","name":"orders-main","previousOperationId":"bvs9haki0ta7cnn","timestamp":1705592807743,"id":"x9dk3t8uxl64muh","previousEventId":"hznccjucu89801w","operationId":"s2bva2f1tjbpz1d"}
{"type":"log","timestamp":1705592807743,"level":"info","message":"Starting rendering request 65","meta":{"rootId":"96qncgh6fyeo4tl","id":"96qncgh6fyeo4tl"},"id":"x5vvsptxhqxr071","previousOperationId":"s2bva2f1tjbpz1d"}
{"type":"log","timestamp":1705592807744,"level":"info","message":"Rendering template { name: orders-main, recipe: chrome-pdf, engine: handlebars, preview: true }","meta":{"rootId":"96qncgh6fyeo4tl","id":"96qncgh6fyeo4tl"},"id":"gbyefk6usqspy92","previousOperationId":"s2bva2f1tjbpz1d"}
{"type":"log","timestamp":1705592807745,"level":"debug","message":"Data item not defined for this template.","meta":{"rootId":"96qncgh6fyeo4tl","id":"96qncgh6fyeo4tl"},"id":"27zkp7ofd8pzab6","previousOperationId":"s2bva2f1tjbpz1d"}
{"type":"log","timestamp":1705592807747,"level":"debug","message":"Executing script orders-script (beforeRender)","meta":{"rootId":"96qncgh6fyeo4tl","id":"96qncgh6fyeo4tl"},"id":"3iwarxi1jyduv10","previousOperationId":"s2bva2f1tjbpz1d"}
{"type":"operationStart","subtype":"scriptsBeforeRender","name":"scripts beforeRender","timestamp":1705592807951,"id":"0iqiixqxsnic0y9","previousEventId":"x9dk3t8uxl64muh","operationId":"gnj8ivu5rnelqlz","previousOperationId":"s2bva2f1tjbpz1d"}
{"type":"operationStart","subtype":"script","name":"scripts orders-script","previousOperationId":"gnj8ivu5rnelqlz","timestamp":1705592807951,"id":"3t064q3mawxqfp4","previousEventId":"0iqiixqxsnic0y9","operationId":"hypjgxwq14cpa76"}
{"type":"log","timestamp":1705592807980,"level":"debug","message":"(console:log) [2,1]","meta":{"userLevel":true,"rootId":"96qncgh6fyeo4tl","id":"96qncgh6fyeo4tl"},"id":"dg7xqlfkthsf0ul","previousOperationId":"hypjgxwq14cpa76"}
{"type":"log","timestamp":1705592807980,"level":"debug","message":"(console:log) [\"Race1\",\"Race2\"]","meta":{"userLevel":true,"rootId":"96qncgh6fyeo4tl","id":"96qncgh6fyeo4tl"},"id":"9wddu50zj7n0jdr","previousOperationId":"hypjgxwq14cpa76"}
{"type":"operationEnd","operationId":"hypjgxwq14cpa76","timestamp":1705592807981,"id":"l0ammxz4ul6foq3","previousEventId":"x9dk3t8uxl64muh","previousOperationId":"s2bva2f1tjbpz1d"}
{"type":"operationEnd","operationId":"gnj8ivu5rnelqlz","timestamp":1705592807981,"id":"5cytmp1cucz0qwk","previousEventId":"l0ammxz4ul6foq3","previousOperationId":"s2bva2f1tjbpz1d"}
{"type":"log","timestamp":1705592807981,"level":"debug","message":"Base url not specified, skipping its injection.","meta":{"rootId":"96qncgh6fyeo4tl","id":"96qncgh6fyeo4tl"},"id":"wqf3bebss4qajp3","previousOperationId":"gnj8ivu5rnelqlz"}
{"type":"operationStart","subtype":"engine","name":"handlebars","timestamp":1705592807982,"id":"rfe37e9o8qrbtz0","previousEventId":"5cytmp1cucz0qwk","operationId":"pbe5356kz343dru","previousOperationId":"gnj8ivu5rnelqlz"}
{"type":"log","timestamp":1705592807982,"level":"debug","message":"Rendering engine handlebars","meta":{"rootId":"96qncgh6fyeo4tl","id":"96qncgh6fyeo4tl"},"id":"okdnwg1eojxhe71","previousOperationId":"pbe5356kz343dru"}
{"type":"log","timestamp":1705592808191,"level":"debug","message":"(console:log) Pdf utils adding group field, value: \"Race1\"","meta":{"userLevel":true,"rootId":"96qncgh6fyeo4tl","id":"96qncgh6fyeo4tl"},"id":"cigydes77bjrw3i","previousOperationId":"pbe5356kz343dru"}
{"type":"log","timestamp":1705592808191,"level":"debug","message":"(console:log) Pdf utils adding group field, value: \"Race2\"","meta":{"userLevel":true,"rootId":"96qncgh6fyeo4tl","id":"96qncgh6fyeo4tl"},"id":"nqhkviq0kluhrd9","previousOperationId":"pbe5356kz343dru"}
{"type":"operationEnd","operationId":"pbe5356kz343dru","timestamp":1705592808191,"id":"2729ddxm0pcbggp","previousEventId":"rfe37e9o8qrbtz0","previousOperationId":"pbe5356kz343dru"}
{"type":"operationStart","subtype":"recipe","name":"chrome-pdf","timestamp":1705592808192,"id":"wf0h5izr585pvxy","previousEventId":"2729ddxm0pcbggp","operationId":"9fpok655hzg99i2","previousOperationId":"pbe5356kz343dru"}
{"type":"log","timestamp":1705592808192,"level":"debug","message":"Executing recipe chrome-pdf","meta":{"rootId":"96qncgh6fyeo4tl","id":"96qncgh6fyeo4tl"},"id":"hmr8c249at9fhd4","previousOperationId":"9fpok655hzg99i2"}
{"type":"log","timestamp":1705592808574,"level":"debug","message":"Converting with chrome HeadlessChrome/117.0.5938.149 using chrome-pool strategy","meta":{"rootId":"96qncgh6fyeo4tl","id":"96qncgh6fyeo4tl"},"id":"ux0b991b6fbf5r8","previousOperationId":"9fpok655hzg99i2"}
{"type":"log","timestamp":1705592809880,"level":"debug","message":"Page request: GET (document) file:///C:/Users/DANIEL~1/AppData/Local/Temp/jsreport/autocleanup/86d5a6a7-50f4-4a9e-ad52-4a9ff3619f2a-chrome-pdf.html","meta":{"rootId":"96qncgh6fyeo4tl","id":"96qncgh6fyeo4tl"},"id":"y40927z2jtx9kfh","previousOperationId":"9fpok655hzg99i2"}
{"type":"log","timestamp":1705592809898,"level":"debug","message":"Page request: GET (stylesheet) https://cdnjs.cloudflare.com/ajax/libs/metro/4.1.5/css/metro.min.css","meta":{"rootId":"96qncgh6fyeo4tl","id":"96qncgh6fyeo4tl"},"id":"h4il8enqiofvgtc","previousOperationId":"9fpok655hzg99i2"}
{"type":"log","timestamp":1705592809898,"level":"debug","message":"Page request: GET (script) https://cdnjs.cloudflare.com/ajax/libs/Chart.js/2.9.4/Chart.js","meta":{"rootId":"96qncgh6fyeo4tl","id":"96qncgh6fyeo4tl"},"id":"tksocdk668bq672","previousOperationId":"9fpok655hzg99i2"}
{"type":"log","timestamp":1705592809899,"level":"debug","message":"Page request finished: GET (document) 200 file:///C:/Users/DANIEL~1/AppData/Local/Temp/jsreport/autocleanup/86d5a6a7-50f4-4a9e-ad52-4a9ff3619f2a-chrome-pdf.html","meta":{"rootId":"96qncgh6fyeo4tl","id":"96qncgh6fyeo4tl"},"id":"gib3pywwirf5zth","previousOperationId":"9fpok655hzg99i2"}
{"type":"log","timestamp":1705592812394,"level":"debug","message":"Page request finished: GET (stylesheet) 200 https://cdnjs.cloudflare.com/ajax/libs/metro/4.1.5/css/metro.min.css","meta":{"rootId":"96qncgh6fyeo4tl","id":"96qncgh6fyeo4tl"},"id":"yn5fps2aulrruhv","previousOperationId":"9fpok655hzg99i2"}
{"type":"log","timestamp":1705592812420,"level":"debug","message":"Page request finished: GET (script) 200 https://cdnjs.cloudflare.com/ajax/libs/Chart.js/2.9.4/Chart.js","meta":{"rootId":"96qncgh6fyeo4tl","id":"96qncgh6fyeo4tl"},"id":"ec6b83x2ite5wtz","previousOperationId":"9fpok655hzg99i2"}
{"type":"log","timestamp":1705592812424,"level":"warn","message":"Page error: Unexpected token '&' , stack: SyntaxError: Unexpected token '&'","meta":{"rootId":"96qncgh6fyeo4tl","id":"96qncgh6fyeo4tl"},"id":"xdqlvafio1pvm54","previousOperationId":"9fpok655hzg99i2"}
{"type":"log","timestamp":1705592812444,"level":"debug","message":"Running chrome with params {\"printBackground\":true,\"marginTop\":\"4cm\",\"marginRight\":\"1.5cm\",\"marginBottom\":\"1.5cm\",\"marginLeft\":\"1.5cm\",\"waitForJS\":false,\"timeout\":59268,\"margin\":{\"top\":\"4cm\",\"right\":\"1.5cm\",\"bottom\":\"1.5cm\",\"left\":\"1.5cm\"}}","meta":{"rootId":"96qncgh6fyeo4tl","id":"96qncgh6fyeo4tl"},"id":"uzkzox28chja37x","previousOperationId":"9fpok655hzg99i2"}
{"type":"operationEnd","operationId":"9fpok655hzg99i2","timestamp":1705592812498,"id":"1jz4cs3a9o66z7o","previousEventId":"wf0h5izr585pvxy","previousOperationId":"9fpok655hzg99i2"}
{"type":"log","timestamp":1705592812498,"level":"info","message":"pdf-utils is starting pdf processing","meta":{"rootId":"96qncgh6fyeo4tl","id":"96qncgh6fyeo4tl"},"id":"ixyk723ejinc2az","previousOperationId":"9fpok655hzg99i2"}
{"type":"operationStart","subtype":"pdfUtils","name":"pdf utils","timestamp":1705592812633,"id":"lrbxgqwp8n4sg3v","previousEventId":"1jz4cs3a9o66z7o","operationId":"g6d2focon9juexj","previousOperationId":"9fpok655hzg99i2"}
{"type":"log","timestamp":1705592812633,"level":"debug","message":"pdf-utils detected 1 pdf operation(s) to process","meta":{"rootId":"96qncgh6fyeo4tl","id":"96qncgh6fyeo4tl"},"id":"3a57jccm9zhcqho","previousOperationId":"g6d2focon9juexj"}
{"type":"log","timestamp":1705592812810,"level":"debug","message":"pdf-utils running pdf operation merge","meta":{"rootId":"96qncgh6fyeo4tl","id":"96qncgh6fyeo4tl"},"id":"rhcfo4omu0byvzk","previousOperationId":"g6d2focon9juexj"}
{"type":"operationStart","subtype":"pdfUtilsMerge","name":"pdf utils merge","previousOperationId":"g6d2focon9juexj","timestamp":1705592812810,"id":"jmji1z7wkz9wzhv","previousEventId":"lrbxgqwp8n4sg3v","operationId":"vmtm5ys9m8u7av2"}
{"type":"operationStart","subtype":"render","name":"orders-header","previousOperationId":"vmtm5ys9m8u7av2","timestamp":1705592812811,"id":"5aup1lfbocx8fbv","previousEventId":"jmji1z7wkz9wzhv","operationId":"mcnufd8llvhlfo2"}
{"type":"log","timestamp":1705592812811,"level":"info","message":"Starting rendering (child) request","meta":{"rootId":"96qncgh6fyeo4tl","id":"c989at85habr0ns"},"id":"tqc4jrhrtqgjcog","previousOperationId":"mcnufd8llvhlfo2"}
{"type":"log","timestamp":1705592812811,"level":"info","message":"Rendering template { name: orders-header, recipe: chrome-pdf, engine: handlebars, preview: true }","meta":{"rootId":"96qncgh6fyeo4tl","id":"c989at85habr0ns"},"id":"p1qqwjqqz68qibi","previousOperationId":"mcnufd8llvhlfo2"}
{"type":"log","timestamp":1705592812816,"level":"debug","message":"Inline data specified.","meta":{"rootId":"96qncgh6fyeo4tl","id":"c989at85habr0ns"},"id":"tvfbzp3xjzhbkkz","previousOperationId":"mcnufd8llvhlfo2"}
{"type":"log","timestamp":1705592812818,"level":"debug","message":"Base url not specified, skipping its injection.","meta":{"rootId":"96qncgh6fyeo4tl","id":"c989at85habr0ns"},"id":"0ce3to67qbz4ci8","previousOperationId":"mcnufd8llvhlfo2"}
{"type":"operationStart","subtype":"engine","name":"handlebars","timestamp":1705592812818,"id":"r25e9dcwue7wapi","previousEventId":"5aup1lfbocx8fbv","operationId":"h2en22arbck8rsc","previousOperationId":"mcnufd8llvhlfo2"}
{"type":"log","timestamp":1705592812818,"level":"debug","message":"Rendering engine handlebars","meta":{"rootId":"96qncgh6fyeo4tl","id":"c989at85habr0ns"},"id":"qybt915k0th0s40","previousOperationId":"h2en22arbck8rsc"}
{"type":"operationEnd","operationId":"h2en22arbck8rsc","timestamp":1705592812836,"id":"rruuhhnmr3szyhy","previousEventId":"r25e9dcwue7wapi","previousOperationId":"h2en22arbck8rsc"}
{"type":"operationStart","subtype":"recipe","name":"chrome-pdf","timestamp":1705592812836,"id":"y48m2w3jejihs9r","previousEventId":"rruuhhnmr3szyhy","operationId":"uhx332dtbtdqxcs","previousOperationId":"h2en22arbck8rsc"}
{"type":"log","timestamp":1705592812836,"level":"debug","message":"Executing recipe chrome-pdf","meta":{"rootId":"96qncgh6fyeo4tl","id":"c989at85habr0ns"},"id":"dqfenbkxhbivtns","previousOperationId":"uhx332dtbtdqxcs"}
{"type":"log","timestamp":1705592812838,"level":"debug","message":"Converting with chrome HeadlessChrome/117.0.5938.149 using chrome-pool strategy","meta":{"rootId":"96qncgh6fyeo4tl","id":"c989at85habr0ns"},"id":"fg3g49e15ww7rwr","previousOperationId":"uhx332dtbtdqxcs"}
{"type":"log","timestamp":1705592812908,"level":"debug","message":"Page request: GET (document) file:///C:/Users/DANIEL~1/AppData/Local/Temp/jsreport/autocleanup/3b45b784-f3bc-4128-882b-9c26ed88b0e9-chrome-pdf.html","meta":{"rootId":"96qncgh6fyeo4tl","id":"c989at85habr0ns"},"id":"u6qb53znunq4m8x","previousOperationId":"uhx332dtbtdqxcs"}
{"type":"log","timestamp":1705592812915,"level":"debug","message":"Page request: GET (stylesheet) https://cdnjs.cloudflare.com/ajax/libs/metro/4.1.5/css/metro.min.css","meta":{"rootId":"96qncgh6fyeo4tl","id":"c989at85habr0ns"},"id":"ttnjz7pkseueyxj","previousOperationId":"uhx332dtbtdqxcs"}
{"type":"log","timestamp":1705592812915,"level":"debug","message":"Page request finished: GET (document) 200 file:///C:/Users/DANIEL~1/AppData/Local/Temp/jsreport/autocleanup/3b45b784-f3bc-4128-882b-9c26ed88b0e9-chrome-pdf.html","meta":{"rootId":"96qncgh6fyeo4tl","id":"c989at85habr0ns"},"id":"hun936xqpxfq5qr","previousOperationId":"uhx332dtbtdqxcs"}
{"type":"log","timestamp":1705592812928,"level":"debug","message":"Page request finished: GET (stylesheet) 200 https://cdnjs.cloudflare.com/ajax/libs/metro/4.1.5/css/metro.min.css","meta":{"rootId":"96qncgh6fyeo4tl","id":"c989at85habr0ns"},"id":"krxn963pfbdpeoe","previousOperationId":"uhx332dtbtdqxcs"}
{"type":"log","timestamp":1705592812941,"level":"debug","message":"Running chrome with params {\"printBackground\":true,\"marginTop\":\"1.5cm\",\"marginRight\":\"1.5cm\",\"marginLeft\":\"1.cm\",\"timeout\":54897,\"margin\":{\"top\":\"1.5cm\",\"right\":\"1.5cm\",\"left\":\"1.cm\"}}","meta":{"rootId":"96qncgh6fyeo4tl","id":"c989at85habr0ns"},"id":"tqnnsuhzcc41ddo","previousOperationId":"uhx332dtbtdqxcs"}
{"type":"operationEnd","operationId":"uhx332dtbtdqxcs","timestamp":1705592812968,"id":"3d8smj9susyim7w","previousEventId":"y48m2w3jejihs9r","previousOperationId":"uhx332dtbtdqxcs"}
{"type":"log","timestamp":1705592812969,"level":"debug","message":"Skipping storing report.","meta":{"rootId":"96qncgh6fyeo4tl","id":"c989at85habr0ns"},"id":"mfco8h8v8a3tu76","previousOperationId":"uhx332dtbtdqxcs"}
{"type":"log","timestamp":1705592812969,"level":"info","message":"Rendering (child) request finished in 5234 ms","meta":{"rootId":"96qncgh6fyeo4tl","id":"c989at85habr0ns"},"id":"k7n7ld6g9f6rurx","previousOperationId":"uhx332dtbtdqxcs"}
{"type":"operationEnd","subtype":"render","operationId":"mcnufd8llvhlfo2","timestamp":1705592812969,"id":"pznk48sezfm46ej","previousEventId":"3d8smj9susyim7w","previousOperationId":"uhx332dtbtdqxcs"}
{"type":"operationEnd","operationId":"vmtm5ys9m8u7av2","timestamp":1705592812987,"id":"5mgl2vd85vwd6uh","previousEventId":"jmji1z7wkz9wzhv","previousOperationId":"vmtm5ys9m8u7av2"}
{"type":"log","timestamp":1705592812987,"level":"debug","message":"pdf-utils postproces start","meta":{"rootId":"96qncgh6fyeo4tl","id":"96qncgh6fyeo4tl"},"id":"zpx8in6bpec34js","previousOperationId":"vmtm5ys9m8u7av2"}
{"type":"log","timestamp":1705592812998,"level":"debug","message":"pdf-utils postproces end","meta":{"rootId":"96qncgh6fyeo4tl","id":"96qncgh6fyeo4tl"},"id":"x4nbi7xt76i2jyc","previousOperationId":"vmtm5ys9m8u7av2"}
{"type":"operationEnd","operationId":"g6d2focon9juexj","timestamp":1705592812998,"id":"yhpznsxgzp4f1ym","previousEventId":"5mgl2vd85vwd6uh","previousOperationId":"vmtm5ys9m8u7av2"}
{"type":"log","timestamp":1705592812998,"level":"info","message":"pdf-utils pdf processing was finished","meta":{"rootId":"96qncgh6fyeo4tl","id":"96qncgh6fyeo4tl"},"id":"ydpp0omshbez2tg","previousOperationId":"g6d2focon9juexj"}
{"type":"log","timestamp":1705592812998,"level":"debug","message":"Skipping storing report.","meta":{"rootId":"96qncgh6fyeo4tl","id":"96qncgh6fyeo4tl"},"id":"uj0x3qbtrzxzz19","previousOperationId":"g6d2focon9juexj"}
{"type":"log","timestamp":1705592812998,"level":"info","message":"Rendering request 65 finished in 5263 ms","meta":{"rootId":"96qncgh6fyeo4tl","id":"96qncgh6fyeo4tl"},"id":"hbilivwztel44fv","previousOperationId":"g6d2focon9juexj"}
{"type":"operationEnd","subtype":"render","operationId":"s2bva2f1tjbpz1d","timestamp":1705592812998,"id":"8whry3wiu6yxhkz","previousEventId":"yhpznsxgzp4f1ym","previousOperationId":"g6d2focon9juexj"}
{"type":"operationEnd","doDiffs":false,"previousEventId":"hznccjucu89801w","previousOperationId":"bvs9haki0ta7cnn","operationId":"bvs9haki0ta7cnn","timestamp":1705592813006,"id":"n1s6ntw0nj5qrdz"}
