{"type":"operationStart","subtype":"profile","data":{"_id":"s8RfK4vb40kcQ9wb","timestamp":"2024-02-21T19:55:19.887Z","state":"queued","mode":"standard","creationDate":"2024-02-21T19:55:19.891Z","modificationDate":"2024-02-21T19:55:19.891Z","shortid":"jeY0sNz","$entitySet":"profiles"},"doDiffs":false,"timestamp":1708545319889,"id":"98ep8tl17k4j4w8","previousOperationId":null,"operationId":"qi4ho6btlwzdyuw"}
{"type":"log","level":"info","message":"Render request 2 queued for execution and waiting for available worker","previousOperationId":"qi4ho6btlwzdyuw","timestamp":1708545319889,"id":"vsbpvk9e58hc244"}
{"type":"operationStart","subtype":"render","name":"orders-main","previousOperationId":"qi4ho6btlwzdyuw","timestamp":1708545319897,"id":"7txw6mid0u7dyp6","previousEventId":"98ep8tl17k4j4w8","operationId":"wvtnwq1uwynk344"}
{"type":"log","timestamp":1708545319898,"level":"info","message":"Starting rendering request 2","meta":{"rootId":"987up7wy3ne791f","id":"987up7wy3ne791f"},"id":"gfv4nyib0259cvh","previousOperationId":"wvtnwq1uwynk344"}
{"type":"log","timestamp":1708545319900,"level":"info","message":"Rendering template { name: orders-main, recipe: chrome-pdf, engine: handlebars, preview: false }","meta":{"rootId":"987up7wy3ne791f","id":"987up7wy3ne791f"},"id":"ijgzxlzsvfhzczp","previousOperationId":"wvtnwq1uwynk344"}
{"type":"log","timestamp":1708545319902,"level":"debug","message":"Data item not defined for this template.","meta":{"rootId":"987up7wy3ne791f","id":"987up7wy3ne791f"},"id":"vv144xsdu89h6c4","previousOperationId":"wvtnwq1uwynk344"}
{"type":"log","timestamp":1708545319907,"level":"debug","message":"Executing script orders-script (beforeRender)","meta":{"rootId":"987up7wy3ne791f","id":"987up7wy3ne791f"},"id":"h3i7fi13d8jywq9","previousOperationId":"wvtnwq1uwynk344"}
{"type":"operationStart","subtype":"scriptsBeforeRender","name":"scripts beforeRender","timestamp":1708545320039,"id":"p1jcs4h909szbf2","previousEventId":"7txw6mid0u7dyp6","operationId":"j7k0zhp4hdbhyww","previousOperationId":"wvtnwq1uwynk344"}
{"type":"operationStart","subtype":"script","name":"scripts orders-script","previousOperationId":"j7k0zhp4hdbhyww","timestamp":1708545320039,"id":"63gpqi0yfmtxp8w","previousEventId":"p1jcs4h909szbf2","operationId":"vqtk6roe5didtqt"}
{"type":"log","timestamp":1708545320153,"level":"debug","message":"(console:log) [ 'ola', 'oola', 'Race1', 'Race2' ]","meta":{"userLevel":true,"rootId":"987up7wy3ne791f","id":"987up7wy3ne791f"},"id":"bxg4rpuerasmp6o","previousOperationId":"vqtk6roe5didtqt"}
{"type":"log","timestamp":1708545320153,"level":"debug","message":"(console:log) [ 0, 0, 1, 1 ]","meta":{"userLevel":true,"rootId":"987up7wy3ne791f","id":"987up7wy3ne791f"},"id":"qke0afkf35m078t","previousOperationId":"vqtk6roe5didtqt"}
{"type":"operationEnd","operationId":"vqtk6roe5didtqt","timestamp":1708545320154,"id":"j36sh5rsio7tksm","previousEventId":"7txw6mid0u7dyp6","previousOperationId":"wvtnwq1uwynk344"}
{"type":"operationEnd","operationId":"j7k0zhp4hdbhyww","timestamp":1708545320154,"id":"v0el94wn9gxs856","previousEventId":"j36sh5rsio7tksm","previousOperationId":"wvtnwq1uwynk344"}
{"type":"log","timestamp":1708545320154,"level":"debug","message":"Base url not specified, skipping its injection.","meta":{"rootId":"987up7wy3ne791f","id":"987up7wy3ne791f"},"id":"u1kcada59j3mpsm","previousOperationId":"j7k0zhp4hdbhyww"}
{"type":"operationStart","subtype":"engine","name":"handlebars","timestamp":1708545320154,"id":"qxgjobgbguuu5tk","previousEventId":"v0el94wn9gxs856","operationId":"fovw8i7chlg400e","previousOperationId":"j7k0zhp4hdbhyww"}
{"type":"log","timestamp":1708545320154,"level":"debug","message":"Rendering engine handlebars","meta":{"rootId":"987up7wy3ne791f","id":"987up7wy3ne791f"},"id":"2jq2hyagbe8x4ht","previousOperationId":"fovw8i7chlg400e"}
{"type":"log","timestamp":1708545320282,"level":"debug","message":"(console:log) Pdf utils adding group field, value: \"ola\"","meta":{"userLevel":true,"rootId":"987up7wy3ne791f","id":"987up7wy3ne791f"},"id":"nqgqnqi8gy4h03x","previousOperationId":"fovw8i7chlg400e"}
{"type":"log","timestamp":1708545320282,"level":"debug","message":"(console:log) Pdf utils adding group field, value: \"oola\"","meta":{"userLevel":true,"rootId":"987up7wy3ne791f","id":"987up7wy3ne791f"},"id":"g3wan2i41azkqe0","previousOperationId":"fovw8i7chlg400e"}
{"type":"log","timestamp":1708545320282,"level":"debug","message":"(console:log) Pdf utils adding group field, value: \"Race1\"","meta":{"userLevel":true,"rootId":"987up7wy3ne791f","id":"987up7wy3ne791f"},"id":"xeoihg3dr8xq7jk","previousOperationId":"fovw8i7chlg400e"}
{"type":"log","timestamp":1708545320282,"level":"debug","message":"(console:log) Pdf utils adding group field, value: \"Race2\"","meta":{"userLevel":true,"rootId":"987up7wy3ne791f","id":"987up7wy3ne791f"},"id":"6c0by474v33br5c","previousOperationId":"fovw8i7chlg400e"}
{"type":"operationEnd","operationId":"fovw8i7chlg400e","timestamp":1708545320282,"id":"97o402prix8vcg5","previousEventId":"qxgjobgbguuu5tk","previousOperationId":"fovw8i7chlg400e"}
{"type":"operationStart","subtype":"recipe","name":"chrome-pdf","timestamp":1708545320283,"id":"hgnmg0q3ybexetj","previousEventId":"97o402prix8vcg5","operationId":"5dvc448hekztdhv","previousOperationId":"fovw8i7chlg400e"}
{"type":"log","timestamp":1708545320283,"level":"debug","message":"Executing recipe chrome-pdf","meta":{"rootId":"987up7wy3ne791f","id":"987up7wy3ne791f"},"id":"02we9oro0amy565","previousOperationId":"5dvc448hekztdhv"}
{"type":"log","timestamp":1708545320703,"level":"debug","message":"Converting with chrome HeadlessChrome/117.0.5938.149 using chrome-pool strategy","meta":{"rootId":"987up7wy3ne791f","id":"987up7wy3ne791f"},"id":"7kzm5dc0tjxwu5v","previousOperationId":"5dvc448hekztdhv"}
{"type":"log","timestamp":1708545320751,"level":"debug","message":"Page request: GET (document) file:///var/folders/tp/6hccbwhd41s4hkmxw_2wkz640000gn/T/jsreport/autocleanup/a146fe6b-ba21-492d-bc02-497e458547b7-chrome-pdf.html","meta":{"rootId":"987up7wy3ne791f","id":"987up7wy3ne791f"},"id":"6jb2z7zbiy5urju","previousOperationId":"5dvc448hekztdhv"}
{"type":"log","timestamp":1708545320757,"level":"debug","message":"Page request: GET (stylesheet) https://cdnjs.cloudflare.com/ajax/libs/metro/4.1.5/css/metro.min.css","meta":{"rootId":"987up7wy3ne791f","id":"987up7wy3ne791f"},"id":"fl2r1ekt9dnbqdz","previousOperationId":"5dvc448hekztdhv"}
{"type":"log","timestamp":1708545320757,"level":"debug","message":"Page request: GET (script) https://cdn.jsdelivr.net/npm/chart.js","meta":{"rootId":"987up7wy3ne791f","id":"987up7wy3ne791f"},"id":"nf7dipd4l4pl08c","previousOperationId":"5dvc448hekztdhv"}
{"type":"log","timestamp":1708545320757,"level":"debug","message":"Page request finished: GET (document) 200 file:///var/folders/tp/6hccbwhd41s4hkmxw_2wkz640000gn/T/jsreport/autocleanup/a146fe6b-ba21-492d-bc02-497e458547b7-chrome-pdf.html","meta":{"rootId":"987up7wy3ne791f","id":"987up7wy3ne791f"},"id":"ufg0oe7lky4mwp9","previousOperationId":"5dvc448hekztdhv"}
{"type":"log","timestamp":1708545321050,"level":"debug","message":"Page request finished: GET (stylesheet) 200 https://cdnjs.cloudflare.com/ajax/libs/metro/4.1.5/css/metro.min.css","meta":{"rootId":"987up7wy3ne791f","id":"987up7wy3ne791f"},"id":"knmwgdp8ttiv7fz","previousOperationId":"5dvc448hekztdhv"}
{"type":"log","timestamp":1708545321196,"level":"debug","message":"Page request finished: GET (script) 200 https://cdn.jsdelivr.net/npm/chart.js","meta":{"rootId":"987up7wy3ne791f","id":"987up7wy3ne791f"},"id":"bfz77reyf4jcbzq","previousOperationId":"5dvc448hekztdhv"}
{"type":"log","timestamp":1708545321261,"level":"debug","message":"Running chrome with params {\"printBackground\":true,\"marginTop\":\"4cm\",\"marginRight\":\"1.5cm\",\"marginBottom\":\"1.5cm\",\"marginLeft\":\"1.5cm\",\"waitForJS\":false,\"timeout\":59434,\"margin\":{\"top\":\"4cm\",\"right\":\"1.5cm\",\"bottom\":\"1.5cm\",\"left\":\"1.5cm\"}}","meta":{"rootId":"987up7wy3ne791f","id":"987up7wy3ne791f"},"id":"jdwrk6exse7umo6","previousOperationId":"5dvc448hekztdhv"}
{"type":"operationEnd","operationId":"5dvc448hekztdhv","timestamp":1708545321303,"id":"3ve9zyb6e2zrmvh","previousEventId":"hgnmg0q3ybexetj","previousOperationId":"5dvc448hekztdhv"}
{"type":"log","timestamp":1708545321303,"level":"info","message":"pdf-utils is starting pdf processing","meta":{"rootId":"987up7wy3ne791f","id":"987up7wy3ne791f"},"id":"q3amucx12a770x9","previousOperationId":"5dvc448hekztdhv"}
{"type":"operationStart","subtype":"pdfUtils","name":"pdf utils","timestamp":1708545321398,"id":"str5yj9rruvu3rr","previousEventId":"3ve9zyb6e2zrmvh","operationId":"bvhz7wd7fvbziij","previousOperationId":"5dvc448hekztdhv"}
{"type":"log","timestamp":1708545321398,"level":"debug","message":"pdf-utils detected 1 pdf operation(s) to process","meta":{"rootId":"987up7wy3ne791f","id":"987up7wy3ne791f"},"id":"smoy2mhmn3f8p8f","previousOperationId":"bvhz7wd7fvbziij"}
{"type":"log","timestamp":1708545321517,"level":"debug","message":"pdf-utils running pdf operation merge","meta":{"rootId":"987up7wy3ne791f","id":"987up7wy3ne791f"},"id":"m03e6krj9ku1l57","previousOperationId":"bvhz7wd7fvbziij"}
{"type":"operationStart","subtype":"pdfUtilsMerge","name":"pdf utils merge","previousOperationId":"bvhz7wd7fvbziij","timestamp":1708545321517,"id":"l8q0t4oxzkhsmow","previousEventId":"str5yj9rruvu3rr","operationId":"usc8a8f31ev0a44"}
{"type":"operationStart","subtype":"render","name":"orders-header","previousOperationId":"usc8a8f31ev0a44","timestamp":1708545321519,"id":"3192sozvdpdmpvl","previousEventId":"l8q0t4oxzkhsmow","operationId":"m2rc4hh6labvsyi"}
{"type":"log","timestamp":1708545321519,"level":"info","message":"Starting rendering (child) request","meta":{"rootId":"987up7wy3ne791f","id":"xujx67gl245bq19"},"id":"bakq1h3qw0ufbs1","previousOperationId":"m2rc4hh6labvsyi"}
{"type":"log","timestamp":1708545321519,"level":"info","message":"Rendering template { name: orders-header, recipe: chrome-pdf, engine: handlebars, preview: false }","meta":{"rootId":"987up7wy3ne791f","id":"xujx67gl245bq19"},"id":"hbtmn8e91rn608t","previousOperationId":"m2rc4hh6labvsyi"}
{"type":"log","timestamp":1708545321519,"level":"debug","message":"Inline data specified.","meta":{"rootId":"987up7wy3ne791f","id":"xujx67gl245bq19"},"id":"j4op820iovuzj8x","previousOperationId":"m2rc4hh6labvsyi"}
{"type":"log","timestamp":1708545321520,"level":"debug","message":"Base url not specified, skipping its injection.","meta":{"rootId":"987up7wy3ne791f","id":"xujx67gl245bq19"},"id":"jvsbuv7lm1pll63","previousOperationId":"m2rc4hh6labvsyi"}
{"type":"operationStart","subtype":"engine","name":"handlebars","timestamp":1708545321520,"id":"268gh8p8agwv2qe","previousEventId":"3192sozvdpdmpvl","operationId":"8bkz3x2x8ttr2iu","previousOperationId":"m2rc4hh6labvsyi"}
{"type":"log","timestamp":1708545321520,"level":"debug","message":"Rendering engine handlebars","meta":{"rootId":"987up7wy3ne791f","id":"xujx67gl245bq19"},"id":"w0iv7ojhw711pwv","previousOperationId":"8bkz3x2x8ttr2iu"}
{"type":"operationEnd","operationId":"8bkz3x2x8ttr2iu","timestamp":1708545321528,"id":"x781clzmlo2yyx3","previousEventId":"268gh8p8agwv2qe","previousOperationId":"8bkz3x2x8ttr2iu"}
{"type":"operationStart","subtype":"recipe","name":"chrome-pdf","timestamp":1708545321528,"id":"0f130qk2ip4cxfy","previousEventId":"x781clzmlo2yyx3","operationId":"8i632xfsdw4txsm","previousOperationId":"8bkz3x2x8ttr2iu"}
{"type":"log","timestamp":1708545321528,"level":"debug","message":"Executing recipe chrome-pdf","meta":{"rootId":"987up7wy3ne791f","id":"xujx67gl245bq19"},"id":"0q6jt7d5ykm5aug","previousOperationId":"8i632xfsdw4txsm"}
{"type":"log","timestamp":1708545321528,"level":"debug","message":"Converting with chrome HeadlessChrome/117.0.5938.149 using chrome-pool strategy","meta":{"rootId":"987up7wy3ne791f","id":"xujx67gl245bq19"},"id":"eqhh6vted15y6bn","previousOperationId":"8i632xfsdw4txsm"}
{"type":"log","timestamp":1708545321566,"level":"debug","message":"Page request: GET (document) file:///var/folders/tp/6hccbwhd41s4hkmxw_2wkz640000gn/T/jsreport/autocleanup/797cb861-e77a-4900-8b3a-bc6a8b7f4e10-chrome-pdf.html","meta":{"rootId":"987up7wy3ne791f","id":"xujx67gl245bq19"},"id":"e43sbtws8ul3tmb","previousOperationId":"8i632xfsdw4txsm"}
{"type":"log","timestamp":1708545321571,"level":"debug","message":"Page request: GET (stylesheet) https://cdnjs.cloudflare.com/ajax/libs/metro/4.1.5/css/metro.min.css","meta":{"rootId":"987up7wy3ne791f","id":"xujx67gl245bq19"},"id":"cpycfqf8f9gay14","previousOperationId":"8i632xfsdw4txsm"}
{"type":"log","timestamp":1708545321571,"level":"debug","message":"Page request finished: GET (document) 200 file:///var/folders/tp/6hccbwhd41s4hkmxw_2wkz640000gn/T/jsreport/autocleanup/797cb861-e77a-4900-8b3a-bc6a8b7f4e10-chrome-pdf.html","meta":{"rootId":"987up7wy3ne791f","id":"xujx67gl245bq19"},"id":"6myelo4ql3gprat","previousOperationId":"8i632xfsdw4txsm"}
{"type":"log","timestamp":1708545321578,"level":"debug","message":"Page request finished: GET (stylesheet) 200 https://cdnjs.cloudflare.com/ajax/libs/metro/4.1.5/css/metro.min.css","meta":{"rootId":"987up7wy3ne791f","id":"xujx67gl245bq19"},"id":"gqhqaigbltbg8zk","previousOperationId":"8i632xfsdw4txsm"}
{"type":"log","timestamp":1708545321597,"level":"debug","message":"Running chrome with params {\"printBackground\":true,\"marginTop\":\"1.5cm\",\"marginRight\":\"1.5cm\",\"marginLeft\":\"1.cm\",\"timeout\":58358,\"margin\":{\"top\":\"1.5cm\",\"right\":\"1.5cm\",\"left\":\"1.cm\"}}","meta":{"rootId":"987up7wy3ne791f","id":"xujx67gl245bq19"},"id":"h99wg08znvpe95d","previousOperationId":"8i632xfsdw4txsm"}
{"type":"operationEnd","operationId":"8i632xfsdw4txsm","timestamp":1708545321615,"id":"qonwlg0rfsm4vxd","previousEventId":"0f130qk2ip4cxfy","previousOperationId":"8i632xfsdw4txsm"}
{"type":"log","timestamp":1708545321616,"level":"debug","message":"Skipping storing report.","meta":{"rootId":"987up7wy3ne791f","id":"xujx67gl245bq19"},"id":"bjgqfz6tlte9axs","previousOperationId":"8i632xfsdw4txsm"}
{"type":"log","timestamp":1708545321616,"level":"info","message":"Rendering (child) request finished in 1730 ms","meta":{"rootId":"987up7wy3ne791f","id":"xujx67gl245bq19"},"id":"3d7d4d28midzeq5","previousOperationId":"8i632xfsdw4txsm"}
{"type":"operationEnd","subtype":"render","operationId":"m2rc4hh6labvsyi","timestamp":1708545321616,"id":"q23eekx3f9r15h3","previousEventId":"qonwlg0rfsm4vxd","previousOperationId":"8i632xfsdw4txsm"}
{"type":"operationEnd","operationId":"usc8a8f31ev0a44","timestamp":1708545321640,"id":"lkhgccrm37ji9x0","previousEventId":"l8q0t4oxzkhsmow","previousOperationId":"usc8a8f31ev0a44"}
{"type":"log","timestamp":1708545321640,"level":"debug","message":"pdf-utils postproces start","meta":{"rootId":"987up7wy3ne791f","id":"987up7wy3ne791f"},"id":"xk0o1pr5rn5rrs4","previousOperationId":"usc8a8f31ev0a44"}
{"type":"log","timestamp":1708545321664,"level":"debug","message":"pdf-utils postproces end","meta":{"rootId":"987up7wy3ne791f","id":"987up7wy3ne791f"},"id":"pcoj2wnq1nx2e3i","previousOperationId":"usc8a8f31ev0a44"}
{"type":"operationEnd","operationId":"bvhz7wd7fvbziij","timestamp":1708545321664,"id":"6whde1mcc1p3j4y","previousEventId":"lkhgccrm37ji9x0","previousOperationId":"usc8a8f31ev0a44"}
{"type":"log","timestamp":1708545321664,"level":"info","message":"pdf-utils pdf processing was finished","meta":{"rootId":"987up7wy3ne791f","id":"987up7wy3ne791f"},"id":"7exyfwx7jcjj1jc","previousOperationId":"bvhz7wd7fvbziij"}
{"type":"log","timestamp":1708545321664,"level":"debug","message":"Skipping storing report.","meta":{"rootId":"987up7wy3ne791f","id":"987up7wy3ne791f"},"id":"xnln6y5l7s43b0h","previousOperationId":"bvhz7wd7fvbziij"}
{"type":"log","timestamp":1708545321664,"level":"info","message":"Rendering request 2 finished in 1778 ms","meta":{"rootId":"987up7wy3ne791f","id":"987up7wy3ne791f"},"id":"3z10jx434etfukr","previousOperationId":"bvhz7wd7fvbziij"}
{"type":"operationEnd","subtype":"render","operationId":"wvtnwq1uwynk344","timestamp":1708545321664,"id":"htk9mil321a4a4w","previousEventId":"6whde1mcc1p3j4y","previousOperationId":"bvhz7wd7fvbziij"}
{"type":"operationEnd","doDiffs":false,"previousEventId":"98ep8tl17k4j4w8","previousOperationId":"qi4ho6btlwzdyuw","operationId":"qi4ho6btlwzdyuw","timestamp":1708545321665,"id":"9grvgrjvci8z1ul"}
