{"type":"operationStart","subtype":"profile","data":{"_id":"Pn7Jj3CLzEvg9JRw","timestamp":"2024-01-17T16:14:28.928Z","state":"queued","mode":"standard","creationDate":"2024-01-17T16:14:28.930Z","modificationDate":"2024-01-17T16:14:28.930Z","shortid":"JogRNEF","$entitySet":"profiles"},"doDiffs":false,"timestamp":1705508068929,"id":"4rgjnpf1j5krbn5","previousOperationId":null,"operationId":"otll8dwe60l3mpf"}
{"type":"log","level":"info","message":"Render request 32 queued for execution and waiting for available worker","previousOperationId":"otll8dwe60l3mpf","timestamp":1705508068929,"id":"ohrp6f4iyn8osog"}
{"type":"operationStart","subtype":"render","name":"orders-main","previousOperationId":"otll8dwe60l3mpf","timestamp":1705508068934,"id":"ho2n01pjgsg6vem","previousEventId":"4rgjnpf1j5krbn5","operationId":"ezczelq41qgzfy4"}
{"type":"log","timestamp":1705508068934,"level":"info","message":"Starting rendering request 32","meta":{"rootId":"9nu0835z9yigj6q","id":"9nu0835z9yigj6q"},"id":"2w01jvf6itvfqn9","previousOperationId":"ezczelq41qgzfy4"}
{"type":"log","timestamp":1705508068934,"level":"info","message":"Rendering template { name: orders-main, recipe: chrome-pdf, engine: handlebars, preview: true }","meta":{"rootId":"9nu0835z9yigj6q","id":"9nu0835z9yigj6q"},"id":"fcg623g62lpiad6","previousOperationId":"ezczelq41qgzfy4"}
{"type":"log","timestamp":1705508068935,"level":"debug","message":"Data item not defined for this template.","meta":{"rootId":"9nu0835z9yigj6q","id":"9nu0835z9yigj6q"},"id":"zaymmf2jk9ru9jk","previousOperationId":"ezczelq41qgzfy4"}
{"type":"log","timestamp":1705508068937,"level":"debug","message":"Executing script orders-script (beforeRender)","meta":{"rootId":"9nu0835z9yigj6q","id":"9nu0835z9yigj6q"},"id":"obxi4q4sze4gzxe","previousOperationId":"ezczelq41qgzfy4"}
{"type":"operationStart","subtype":"scriptsBeforeRender","name":"scripts beforeRender","timestamp":1705508068945,"id":"656a6gr11faw48f","previousEventId":"ho2n01pjgsg6vem","operationId":"cdve0q73kzpp2b6","previousOperationId":"ezczelq41qgzfy4"}
{"type":"operationStart","subtype":"script","name":"scripts orders-script","previousOperationId":"cdve0q73kzpp2b6","timestamp":1705508068945,"id":"5u0pe7fuxkecjct","previousEventId":"656a6gr11faw48f","operationId":"0x66gq459oew4xe"}
{"type":"operationEnd","operationId":"0x66gq459oew4xe","timestamp":1705508068956,"id":"tohl15wanrfjxl1","previousEventId":"ho2n01pjgsg6vem","previousOperationId":"ezczelq41qgzfy4"}
{"type":"operationEnd","operationId":"cdve0q73kzpp2b6","timestamp":1705508068956,"id":"3n0nclcdpz92thr","previousEventId":"tohl15wanrfjxl1","previousOperationId":"ezczelq41qgzfy4"}
{"type":"log","timestamp":1705508068956,"level":"debug","message":"Base url not specified, skipping its injection.","meta":{"rootId":"9nu0835z9yigj6q","id":"9nu0835z9yigj6q"},"id":"r5y2aidmup01cdk","previousOperationId":"cdve0q73kzpp2b6"}
{"type":"operationStart","subtype":"engine","name":"handlebars","timestamp":1705508068957,"id":"u2ldb082fg4ouzg","previousEventId":"3n0nclcdpz92thr","operationId":"hc0lxx8dtjx9in4","previousOperationId":"cdve0q73kzpp2b6"}
{"type":"log","timestamp":1705508068957,"level":"debug","message":"Rendering engine handlebars","meta":{"rootId":"9nu0835z9yigj6q","id":"9nu0835z9yigj6q"},"id":"cqzhzyhoh3scy68","previousOperationId":"hc0lxx8dtjx9in4"}
{"type":"log","timestamp":1705508068968,"level":"debug","message":"(console:log) Pdf utils adding group field, value: \"Race1\"","meta":{"userLevel":true,"rootId":"9nu0835z9yigj6q","id":"9nu0835z9yigj6q"},"id":"7ijxbqgsg91goyy","previousOperationId":"hc0lxx8dtjx9in4"}
{"type":"log","timestamp":1705508068968,"level":"debug","message":"(console:log) Pdf utils adding group field, value: \"Race2\"","meta":{"userLevel":true,"rootId":"9nu0835z9yigj6q","id":"9nu0835z9yigj6q"},"id":"miz6n0l2d8juky2","previousOperationId":"hc0lxx8dtjx9in4"}
{"type":"log","timestamp":1705508068968,"level":"debug","message":"(console:log) Pdf utils adding group field, value: \"rgver\"","meta":{"userLevel":true,"rootId":"9nu0835z9yigj6q","id":"9nu0835z9yigj6q"},"id":"y2x6b02yz4vaoes","previousOperationId":"hc0lxx8dtjx9in4"}
{"type":"log","timestamp":1705508068968,"level":"debug","message":"(console:log) Pdf utils adding group field, value: \"revger\"","meta":{"userLevel":true,"rootId":"9nu0835z9yigj6q","id":"9nu0835z9yigj6q"},"id":"7g0fq9908bd0qbc","previousOperationId":"hc0lxx8dtjx9in4"}
{"type":"operationEnd","operationId":"hc0lxx8dtjx9in4","timestamp":1705508068968,"id":"hg4627tevqxlrai","previousEventId":"u2ldb082fg4ouzg","previousOperationId":"hc0lxx8dtjx9in4"}
{"type":"operationStart","subtype":"recipe","name":"chrome-pdf","timestamp":1705508068968,"id":"w8qzxldbiff03b4","previousEventId":"hg4627tevqxlrai","operationId":"qzkk3fb50cvsux0","previousOperationId":"hc0lxx8dtjx9in4"}
{"type":"log","timestamp":1705508068968,"level":"debug","message":"Executing recipe chrome-pdf","meta":{"rootId":"9nu0835z9yigj6q","id":"9nu0835z9yigj6q"},"id":"6kdzai8kema5sy1","previousOperationId":"qzkk3fb50cvsux0"}
{"type":"log","timestamp":1705508068970,"level":"debug","message":"Converting with chrome HeadlessChrome/117.0.5938.149 using chrome-pool strategy","meta":{"rootId":"9nu0835z9yigj6q","id":"9nu0835z9yigj6q"},"id":"bd1hrx0s8quk32l","previousOperationId":"qzkk3fb50cvsux0"}
{"type":"log","timestamp":1705508069039,"level":"debug","message":"Page request: GET (document) file:///C:/Users/DANIEL~1/AppData/Local/Temp/jsreport/autocleanup/e791244e-56e6-427e-aaa5-510bc5699290-chrome-pdf.html","meta":{"rootId":"9nu0835z9yigj6q","id":"9nu0835z9yigj6q"},"id":"v0qmll493wifi56","previousOperationId":"qzkk3fb50cvsux0"}
{"type":"log","timestamp":1705508069057,"level":"debug","message":"Page request: GET (stylesheet) https://cdnjs.cloudflare.com/ajax/libs/metro/4.1.5/css/metro.min.css","meta":{"rootId":"9nu0835z9yigj6q","id":"9nu0835z9yigj6q"},"id":"88sx5wwuqd1w99s","previousOperationId":"qzkk3fb50cvsux0"}
{"type":"log","timestamp":1705508069057,"level":"debug","message":"Page request: GET (script) https://cdnjs.cloudflare.com/ajax/libs/Chart.js/2.7.2/Chart.min.js","meta":{"rootId":"9nu0835z9yigj6q","id":"9nu0835z9yigj6q"},"id":"u06cp4zholp0q1u","previousOperationId":"qzkk3fb50cvsux0"}
{"type":"log","timestamp":1705508069058,"level":"debug","message":"Page request finished: GET (document) 200 file:///C:/Users/DANIEL~1/AppData/Local/Temp/jsreport/autocleanup/e791244e-56e6-427e-aaa5-510bc5699290-chrome-pdf.html","meta":{"rootId":"9nu0835z9yigj6q","id":"9nu0835z9yigj6q"},"id":"f5dsdxrr6np4u7b","previousOperationId":"qzkk3fb50cvsux0"}
{"type":"log","timestamp":1705508069072,"level":"debug","message":"Page request finished: GET (stylesheet) 200 https://cdnjs.cloudflare.com/ajax/libs/metro/4.1.5/css/metro.min.css","meta":{"rootId":"9nu0835z9yigj6q","id":"9nu0835z9yigj6q"},"id":"q7z59593iyftmjb","previousOperationId":"qzkk3fb50cvsux0"}
{"type":"log","timestamp":1705508069072,"level":"debug","message":"Page request finished: GET (script) 200 https://cdnjs.cloudflare.com/ajax/libs/Chart.js/2.7.2/Chart.min.js","meta":{"rootId":"9nu0835z9yigj6q","id":"9nu0835z9yigj6q"},"id":"sbrpzh8vnbo1pi2","previousOperationId":"qzkk3fb50cvsux0"}
{"type":"log","timestamp":1705508069100,"level":"debug","message":"Running chrome with params {\"printBackground\":true,\"marginTop\":\"4cm\",\"marginRight\":\"1.5cm\",\"marginBottom\":\"1.5cm\",\"marginLeft\":\"1.5cm\",\"waitForJS\":false,\"timeout\":59959,\"margin\":{\"top\":\"4cm\",\"right\":\"1.5cm\",\"bottom\":\"1.5cm\",\"left\":\"1.5cm\"}}","meta":{"rootId":"9nu0835z9yigj6q","id":"9nu0835z9yigj6q"},"id":"ixd1xrnr6lkzorx","previousOperationId":"qzkk3fb50cvsux0"}
{"type":"operationEnd","operationId":"qzkk3fb50cvsux0","timestamp":1705508069157,"id":"0hq681oaoj5p58g","previousEventId":"w8qzxldbiff03b4","previousOperationId":"qzkk3fb50cvsux0"}
{"type":"log","timestamp":1705508069157,"level":"info","message":"pdf-utils is starting pdf processing","meta":{"rootId":"9nu0835z9yigj6q","id":"9nu0835z9yigj6q"},"id":"evtyfscuzr7vh59","previousOperationId":"qzkk3fb50cvsux0"}
{"type":"operationStart","subtype":"pdfUtils","name":"pdf utils","timestamp":1705508069157,"id":"bgbf9h63dxhrmxp","previousEventId":"0hq681oaoj5p58g","operationId":"6wb2m8gi7caab0t","previousOperationId":"qzkk3fb50cvsux0"}
{"type":"log","timestamp":1705508069157,"level":"debug","message":"pdf-utils detected 1 pdf operation(s) to process","meta":{"rootId":"9nu0835z9yigj6q","id":"9nu0835z9yigj6q"},"id":"5u0i3juazel586d","previousOperationId":"6wb2m8gi7caab0t"}
{"type":"log","timestamp":1705508069172,"level":"debug","message":"pdf-utils running pdf operation merge","meta":{"rootId":"9nu0835z9yigj6q","id":"9nu0835z9yigj6q"},"id":"saqqqjvci0lytnl","previousOperationId":"6wb2m8gi7caab0t"}
{"type":"operationStart","subtype":"pdfUtilsMerge","name":"pdf utils merge","previousOperationId":"6wb2m8gi7caab0t","timestamp":1705508069172,"id":"rj41y7ibss2zg54","previousEventId":"bgbf9h63dxhrmxp","operationId":"ywda10hl8iqnnh4"}
{"type":"operationStart","subtype":"render","name":"orders-header","previousOperationId":"ywda10hl8iqnnh4","timestamp":1705508069173,"id":"53n1q3jswgfriqy","previousEventId":"rj41y7ibss2zg54","operationId":"982e2j0x48gl6n0"}
{"type":"log","timestamp":1705508069173,"level":"info","message":"Starting rendering (child) request","meta":{"rootId":"9nu0835z9yigj6q","id":"noa8w09ye5k9viy"},"id":"90qg2esvokrdr9d","previousOperationId":"982e2j0x48gl6n0"}
{"type":"log","timestamp":1705508069173,"level":"info","message":"Rendering template { name: orders-header, recipe: chrome-pdf, engine: handlebars, preview: true }","meta":{"rootId":"9nu0835z9yigj6q","id":"noa8w09ye5k9viy"},"id":"ri1esn3sxsd4njm","previousOperationId":"982e2j0x48gl6n0"}
{"type":"log","timestamp":1705508069174,"level":"debug","message":"Inline data specified.","meta":{"rootId":"9nu0835z9yigj6q","id":"noa8w09ye5k9viy"},"id":"q1i03e5aq65t2bm","previousOperationId":"982e2j0x48gl6n0"}
{"type":"log","timestamp":1705508069175,"level":"debug","message":"Base url not specified, skipping its injection.","meta":{"rootId":"9nu0835z9yigj6q","id":"noa8w09ye5k9viy"},"id":"827f05ypvr3lbwu","previousOperationId":"982e2j0x48gl6n0"}
{"type":"operationStart","subtype":"engine","name":"handlebars","timestamp":1705508069175,"id":"u269pclnf2yv21m","previousEventId":"53n1q3jswgfriqy","operationId":"1n8hw8wb3m11w92","previousOperationId":"982e2j0x48gl6n0"}
{"type":"log","timestamp":1705508069175,"level":"debug","message":"Rendering engine handlebars","meta":{"rootId":"9nu0835z9yigj6q","id":"noa8w09ye5k9viy"},"id":"auhbcnza2rii3ay","previousOperationId":"1n8hw8wb3m11w92"}
{"type":"operationEnd","operationId":"1n8hw8wb3m11w92","timestamp":1705508069193,"id":"0nqa5ah5gqwsl2o","previousEventId":"u269pclnf2yv21m","previousOperationId":"1n8hw8wb3m11w92"}
{"type":"operationStart","subtype":"recipe","name":"chrome-pdf","timestamp":1705508069193,"id":"28u1hrhvuzu1zcf","previousEventId":"0nqa5ah5gqwsl2o","operationId":"dz65hkf0h1qihob","previousOperationId":"1n8hw8wb3m11w92"}
{"type":"log","timestamp":1705508069193,"level":"debug","message":"Executing recipe chrome-pdf","meta":{"rootId":"9nu0835z9yigj6q","id":"noa8w09ye5k9viy"},"id":"cccr2mt31bn3swt","previousOperationId":"dz65hkf0h1qihob"}
{"type":"log","timestamp":1705508069195,"level":"debug","message":"Converting with chrome HeadlessChrome/117.0.5938.149 using chrome-pool strategy","meta":{"rootId":"9nu0835z9yigj6q","id":"noa8w09ye5k9viy"},"id":"duxpoowu4fhquuj","previousOperationId":"dz65hkf0h1qihob"}
{"type":"log","timestamp":1705508069263,"level":"debug","message":"Page request: GET (document) file:///C:/Users/DANIEL~1/AppData/Local/Temp/jsreport/autocleanup/38b56d72-a7ae-414d-8c6e-b14f79be295a-chrome-pdf.html","meta":{"rootId":"9nu0835z9yigj6q","id":"noa8w09ye5k9viy"},"id":"dg4q30b3t9lvos9","previousOperationId":"dz65hkf0h1qihob"}
{"type":"log","timestamp":1705508069270,"level":"debug","message":"Page request: GET (stylesheet) https://cdnjs.cloudflare.com/ajax/libs/metro/4.1.5/css/metro.min.css","meta":{"rootId":"9nu0835z9yigj6q","id":"noa8w09ye5k9viy"},"id":"fvlf79h4lj8som1","previousOperationId":"dz65hkf0h1qihob"}
{"type":"log","timestamp":1705508069270,"level":"debug","message":"Page request finished: GET (document) 200 file:///C:/Users/DANIEL~1/AppData/Local/Temp/jsreport/autocleanup/38b56d72-a7ae-414d-8c6e-b14f79be295a-chrome-pdf.html","meta":{"rootId":"9nu0835z9yigj6q","id":"noa8w09ye5k9viy"},"id":"tnbsw7nwbc9qe1h","previousOperationId":"dz65hkf0h1qihob"}
{"type":"log","timestamp":1705508069282,"level":"debug","message":"Page request finished: GET (stylesheet) 200 https://cdnjs.cloudflare.com/ajax/libs/metro/4.1.5/css/metro.min.css","meta":{"rootId":"9nu0835z9yigj6q","id":"noa8w09ye5k9viy"},"id":"rem3jv8pegr4ema","previousOperationId":"dz65hkf0h1qihob"}
{"type":"log","timestamp":1705508069296,"level":"debug","message":"Running chrome with params {\"printBackground\":true,\"marginTop\":\"1.5cm\",\"marginRight\":\"1.5cm\",\"marginLeft\":\"1.cm\",\"timeout\":59734,\"margin\":{\"top\":\"1.5cm\",\"right\":\"1.5cm\",\"left\":\"1.cm\"}}","meta":{"rootId":"9nu0835z9yigj6q","id":"noa8w09ye5k9viy"},"id":"odtdbhcninobszh","previousOperationId":"dz65hkf0h1qihob"}
{"type":"operationEnd","operationId":"dz65hkf0h1qihob","timestamp":1705508069325,"id":"c6p3j1zaplxfd47","previousEventId":"28u1hrhvuzu1zcf","previousOperationId":"dz65hkf0h1qihob"}
{"type":"log","timestamp":1705508069325,"level":"debug","message":"Skipping storing report.","meta":{"rootId":"9nu0835z9yigj6q","id":"noa8w09ye5k9viy"},"id":"s6ukv9ij1pf5tcf","previousOperationId":"dz65hkf0h1qihob"}
{"type":"log","timestamp":1705508069325,"level":"info","message":"Rendering (child) request finished in 397 ms","meta":{"rootId":"9nu0835z9yigj6q","id":"noa8w09ye5k9viy"},"id":"s9byugbacuos3u4","previousOperationId":"dz65hkf0h1qihob"}
{"type":"operationEnd","subtype":"render","operationId":"982e2j0x48gl6n0","timestamp":1705508069325,"id":"wis5s47ljpdhhj5","previousEventId":"c6p3j1zaplxfd47","previousOperationId":"dz65hkf0h1qihob"}
{"type":"operationEnd","operationId":"ywda10hl8iqnnh4","timestamp":1705508069333,"id":"xbi9rm6p51f54pz","previousEventId":"rj41y7ibss2zg54","previousOperationId":"ywda10hl8iqnnh4"}
{"type":"log","timestamp":1705508069333,"level":"debug","message":"pdf-utils postproces start","meta":{"rootId":"9nu0835z9yigj6q","id":"9nu0835z9yigj6q"},"id":"q04q1ytgy03qpt5","previousOperationId":"ywda10hl8iqnnh4"}
{"type":"log","timestamp":1705508069342,"level":"debug","message":"pdf-utils postproces end","meta":{"rootId":"9nu0835z9yigj6q","id":"9nu0835z9yigj6q"},"id":"qpu4pkj0btps7ji","previousOperationId":"ywda10hl8iqnnh4"}
{"type":"operationEnd","operationId":"6wb2m8gi7caab0t","timestamp":1705508069342,"id":"tgfecseba4odqql","previousEventId":"xbi9rm6p51f54pz","previousOperationId":"ywda10hl8iqnnh4"}
{"type":"log","timestamp":1705508069342,"level":"info","message":"pdf-utils pdf processing was finished","meta":{"rootId":"9nu0835z9yigj6q","id":"9nu0835z9yigj6q"},"id":"mv55zw9po8ynh5l","previousOperationId":"6wb2m8gi7caab0t"}
{"type":"log","timestamp":1705508069342,"level":"debug","message":"Skipping storing report.","meta":{"rootId":"9nu0835z9yigj6q","id":"9nu0835z9yigj6q"},"id":"tsozefo37n7xca5","previousOperationId":"6wb2m8gi7caab0t"}
{"type":"log","timestamp":1705508069342,"level":"info","message":"Rendering request 32 finished in 414 ms","meta":{"rootId":"9nu0835z9yigj6q","id":"9nu0835z9yigj6q"},"id":"30faicgxylf23bf","previousOperationId":"6wb2m8gi7caab0t"}
{"type":"operationEnd","subtype":"render","operationId":"ezczelq41qgzfy4","timestamp":1705508069342,"id":"m8n92cksh21s9nx","previousEventId":"tgfecseba4odqql","previousOperationId":"6wb2m8gi7caab0t"}
{"type":"operationEnd","doDiffs":false,"previousEventId":"4rgjnpf1j5krbn5","previousOperationId":"otll8dwe60l3mpf","operationId":"otll8dwe60l3mpf","timestamp":1705508069353,"id":"s4dpjmxdk40tpxk"}
