{"type":"operationStart","subtype":"profile","data":{"_id":"RC2skqGn597B5Aq9","timestamp":"2024-01-18T17:37:01.651Z","state":"queued","mode":"standard","creationDate":"2024-01-18T17:37:01.653Z","modificationDate":"2024-01-18T17:37:01.653Z","shortid":"TtGD0Jj","$entitySet":"profiles"},"doDiffs":false,"timestamp":1705599421652,"id":"j0m3a52uc6uuerr","previousOperationId":null,"operationId":"n376gotrgq63ny7"}
{"type":"log","level":"info","message":"Render request 18 queued for execution and waiting for available worker","previousOperationId":"n376gotrgq63ny7","timestamp":1705599421652,"id":"rbpat7wm2emvs14"}
{"type":"operationStart","subtype":"render","name":"orders-main","previousOperationId":"n376gotrgq63ny7","timestamp":1705599421657,"id":"qstfffc1fhkxgrk","previousEventId":"j0m3a52uc6uuerr","operationId":"mg89o3904pcnekw"}
{"type":"log","timestamp":1705599421657,"level":"info","message":"Starting rendering request 18","meta":{"rootId":"a422tge323bj3wd","id":"a422tge323bj3wd"},"id":"okwyqp2khctuyva","previousOperationId":"mg89o3904pcnekw"}
{"type":"log","timestamp":1705599421657,"level":"info","message":"Rendering template { name: orders-main, recipe: chrome-pdf, engine: handlebars, preview: true }","meta":{"rootId":"a422tge323bj3wd","id":"a422tge323bj3wd"},"id":"ae218tgt6ibsvnp","previousOperationId":"mg89o3904pcnekw"}
{"type":"log","timestamp":1705599421659,"level":"debug","message":"Data item not defined for this template.","meta":{"rootId":"a422tge323bj3wd","id":"a422tge323bj3wd"},"id":"r6x6hnr29e7blp6","previousOperationId":"mg89o3904pcnekw"}
{"type":"log","timestamp":1705599421660,"level":"debug","message":"Executing script orders-script (beforeRender)","meta":{"rootId":"a422tge323bj3wd","id":"a422tge323bj3wd"},"id":"6q20ra06ree8mrx","previousOperationId":"mg89o3904pcnekw"}
{"type":"operationStart","subtype":"scriptsBeforeRender","name":"scripts beforeRender","timestamp":1705599421668,"id":"7qq4g5duzmsasz4","previousEventId":"qstfffc1fhkxgrk","operationId":"6rxgv0t9glkosue","previousOperationId":"mg89o3904pcnekw"}
{"type":"operationStart","subtype":"script","name":"scripts orders-script","previousOperationId":"6rxgv0t9glkosue","timestamp":1705599421668,"id":"a98wp8skkbn2ovs","previousEventId":"7qq4g5duzmsasz4","operationId":"6zlj0hkcuh0ze97"}
{"type":"log","timestamp":1705599421677,"level":"debug","message":"(console:log) [ 'Race1', 'Race2' ]","meta":{"userLevel":true,"rootId":"a422tge323bj3wd","id":"a422tge323bj3wd"},"id":"pf4rs6igosz2prp","previousOperationId":"6zlj0hkcuh0ze97"}
{"type":"log","timestamp":1705599421677,"level":"debug","message":"(console:log) [ 2, 1 ]","meta":{"userLevel":true,"rootId":"a422tge323bj3wd","id":"a422tge323bj3wd"},"id":"brcly5cb5vqrtkw","previousOperationId":"6zlj0hkcuh0ze97"}
{"type":"operationEnd","operationId":"6zlj0hkcuh0ze97","timestamp":1705599421677,"id":"kxldnho2t3smygw","previousEventId":"qstfffc1fhkxgrk","previousOperationId":"mg89o3904pcnekw"}
{"type":"operationEnd","operationId":"6rxgv0t9glkosue","timestamp":1705599421677,"id":"aoccavoe4iyejjl","previousEventId":"kxldnho2t3smygw","previousOperationId":"mg89o3904pcnekw"}
{"type":"log","timestamp":1705599421677,"level":"debug","message":"Base url not specified, skipping its injection.","meta":{"rootId":"a422tge323bj3wd","id":"a422tge323bj3wd"},"id":"ncr3r65cn25clxv","previousOperationId":"6rxgv0t9glkosue"}
{"type":"operationStart","subtype":"engine","name":"handlebars","timestamp":1705599421677,"id":"lg3t51yf5xv4bb2","previousEventId":"aoccavoe4iyejjl","operationId":"3og8ia5m2zit6vz","previousOperationId":"6rxgv0t9glkosue"}
{"type":"log","timestamp":1705599421677,"level":"debug","message":"Rendering engine handlebars","meta":{"rootId":"a422tge323bj3wd","id":"a422tge323bj3wd"},"id":"o4zs1mn4kl4gmu9","previousOperationId":"3og8ia5m2zit6vz"}
{"type":"log","timestamp":1705599421691,"level":"debug","message":"(console:log) Pdf utils adding group field, value: \"Race1\"","meta":{"userLevel":true,"rootId":"a422tge323bj3wd","id":"a422tge323bj3wd"},"id":"nj4xojfjwaopmns","previousOperationId":"3og8ia5m2zit6vz"}
{"type":"log","timestamp":1705599421691,"level":"debug","message":"(console:log) Pdf utils adding group field, value: \"Race2\"","meta":{"userLevel":true,"rootId":"a422tge323bj3wd","id":"a422tge323bj3wd"},"id":"2t4kr60h95bg9zu","previousOperationId":"3og8ia5m2zit6vz"}
{"type":"operationEnd","operationId":"3og8ia5m2zit6vz","timestamp":1705599421691,"id":"5mdqsxawydrhg3k","previousEventId":"lg3t51yf5xv4bb2","previousOperationId":"3og8ia5m2zit6vz"}
{"type":"operationStart","subtype":"recipe","name":"chrome-pdf","timestamp":1705599421692,"id":"haxs9lsy5be753i","previousEventId":"5mdqsxawydrhg3k","operationId":"vdq29ckhal6ejo7","previousOperationId":"3og8ia5m2zit6vz"}
{"type":"log","timestamp":1705599421692,"level":"debug","message":"Executing recipe chrome-pdf","meta":{"rootId":"a422tge323bj3wd","id":"a422tge323bj3wd"},"id":"6vndot259wbue8e","previousOperationId":"vdq29ckhal6ejo7"}
{"type":"log","timestamp":1705599421695,"level":"debug","message":"Converting with chrome HeadlessChrome/117.0.5938.149 using chrome-pool strategy","meta":{"rootId":"a422tge323bj3wd","id":"a422tge323bj3wd"},"id":"a58byahwb0m7c69","previousOperationId":"vdq29ckhal6ejo7"}
{"type":"log","timestamp":1705599421761,"level":"debug","message":"Page request: GET (document) file:///C:/Users/DANIEL~1/AppData/Local/Temp/jsreport/autocleanup/e71b82c2-8969-48af-97b0-a96226357b4d-chrome-pdf.html","meta":{"rootId":"a422tge323bj3wd","id":"a422tge323bj3wd"},"id":"ed2y5109u9qs7wj","previousOperationId":"vdq29ckhal6ejo7"}
{"type":"log","timestamp":1705599421778,"level":"debug","message":"Page request: GET (stylesheet) https://cdnjs.cloudflare.com/ajax/libs/metro/4.1.5/css/metro.min.css","meta":{"rootId":"a422tge323bj3wd","id":"a422tge323bj3wd"},"id":"fyjckyd2a1c0oie","previousOperationId":"vdq29ckhal6ejo7"}
{"type":"log","timestamp":1705599421779,"level":"debug","message":"Page request: GET (script) https://cdn.jsdelivr.net/npm/chart.js","meta":{"rootId":"a422tge323bj3wd","id":"a422tge323bj3wd"},"id":"ggfi2v70z0bup8j","previousOperationId":"vdq29ckhal6ejo7"}
{"type":"log","timestamp":1705599421779,"level":"debug","message":"Page request finished: GET (document) 200 file:///C:/Users/DANIEL~1/AppData/Local/Temp/jsreport/autocleanup/e71b82c2-8969-48af-97b0-a96226357b4d-chrome-pdf.html","meta":{"rootId":"a422tge323bj3wd","id":"a422tge323bj3wd"},"id":"h37rx7yg1c6i1uw","previousOperationId":"vdq29ckhal6ejo7"}
{"type":"log","timestamp":1705599421783,"level":"debug","message":"Page request finished: GET (script) 200 https://cdn.jsdelivr.net/npm/chart.js","meta":{"rootId":"a422tge323bj3wd","id":"a422tge323bj3wd"},"id":"3u8gvw2iarbazb5","previousOperationId":"vdq29ckhal6ejo7"}
{"type":"log","timestamp":1705599421792,"level":"debug","message":"Page request finished: GET (stylesheet) 200 https://cdnjs.cloudflare.com/ajax/libs/metro/4.1.5/css/metro.min.css","meta":{"rootId":"a422tge323bj3wd","id":"a422tge323bj3wd"},"id":"hwdeflk1gu4tagb","previousOperationId":"vdq29ckhal6ejo7"}
{"type":"log","timestamp":1705599421794,"level":"warn","message":"Page error: Unexpected token ';' , stack: SyntaxError: Unexpected token ';'","meta":{"rootId":"a422tge323bj3wd","id":"a422tge323bj3wd"},"id":"6ykqk58ntsoag4h","previousOperationId":"vdq29ckhal6ejo7"}
{"type":"log","timestamp":1705599421816,"level":"debug","message":"Running chrome with params {\"printBackground\":true,\"marginTop\":\"4cm\",\"marginRight\":\"1.5cm\",\"marginBottom\":\"1.5cm\",\"marginLeft\":\"1.5cm\",\"waitForJS\":false,\"timeout\":59957,\"margin\":{\"top\":\"4cm\",\"right\":\"1.5cm\",\"bottom\":\"1.5cm\",\"left\":\"1.5cm\"}}","meta":{"rootId":"a422tge323bj3wd","id":"a422tge323bj3wd"},"id":"x44lw8cpsphinf8","previousOperationId":"vdq29ckhal6ejo7"}
{"type":"operationEnd","operationId":"vdq29ckhal6ejo7","timestamp":1705599421871,"id":"yvw3209fwktk31p","previousEventId":"haxs9lsy5be753i","previousOperationId":"vdq29ckhal6ejo7"}
{"type":"log","timestamp":1705599421871,"level":"info","message":"pdf-utils is starting pdf processing","meta":{"rootId":"a422tge323bj3wd","id":"a422tge323bj3wd"},"id":"j4ae04ra81x1z4f","previousOperationId":"vdq29ckhal6ejo7"}
{"type":"operationStart","subtype":"pdfUtils","name":"pdf utils","timestamp":1705599421871,"id":"ftlsr8jnursldfj","previousEventId":"yvw3209fwktk31p","operationId":"0m34yap45hwfmur","previousOperationId":"vdq29ckhal6ejo7"}
{"type":"log","timestamp":1705599421871,"level":"debug","message":"pdf-utils detected 1 pdf operation(s) to process","meta":{"rootId":"a422tge323bj3wd","id":"a422tge323bj3wd"},"id":"0qe4jwahzaijai8","previousOperationId":"0m34yap45hwfmur"}
{"type":"log","timestamp":1705599421881,"level":"debug","message":"pdf-utils running pdf operation merge","meta":{"rootId":"a422tge323bj3wd","id":"a422tge323bj3wd"},"id":"196osue89v18cyp","previousOperationId":"0m34yap45hwfmur"}
{"type":"operationStart","subtype":"pdfUtilsMerge","name":"pdf utils merge","previousOperationId":"0m34yap45hwfmur","timestamp":1705599421881,"id":"pt6v36yy9l5r7nf","previousEventId":"ftlsr8jnursldfj","operationId":"6je6gww7w9wmmk8"}
{"type":"operationStart","subtype":"render","name":"orders-header","previousOperationId":"6je6gww7w9wmmk8","timestamp":1705599421882,"id":"1m8kxu652a40c6o","previousEventId":"pt6v36yy9l5r7nf","operationId":"0we7nusoddn2f46"}
{"type":"log","timestamp":1705599421882,"level":"info","message":"Starting rendering (child) request","meta":{"rootId":"a422tge323bj3wd","id":"p5dk4qk60wsudns"},"id":"ij8iy2u8bl3q41i","previousOperationId":"0we7nusoddn2f46"}
{"type":"log","timestamp":1705599421882,"level":"info","message":"Rendering template { name: orders-header, recipe: chrome-pdf, engine: handlebars, preview: true }","meta":{"rootId":"a422tge323bj3wd","id":"p5dk4qk60wsudns"},"id":"2z3o1bteb6sm5kd","previousOperationId":"0we7nusoddn2f46"}
{"type":"log","timestamp":1705599421886,"level":"debug","message":"Inline data specified.","meta":{"rootId":"a422tge323bj3wd","id":"p5dk4qk60wsudns"},"id":"ivea7v5kngt7lm1","previousOperationId":"0we7nusoddn2f46"}
{"type":"log","timestamp":1705599421887,"level":"debug","message":"Base url not specified, skipping its injection.","meta":{"rootId":"a422tge323bj3wd","id":"p5dk4qk60wsudns"},"id":"cs1xh320pyey4dn","previousOperationId":"0we7nusoddn2f46"}
{"type":"operationStart","subtype":"engine","name":"handlebars","timestamp":1705599421887,"id":"2029jusl49werz2","previousEventId":"1m8kxu652a40c6o","operationId":"le2uubgx9mp89pg","previousOperationId":"0we7nusoddn2f46"}
{"type":"log","timestamp":1705599421888,"level":"debug","message":"Rendering engine handlebars","meta":{"rootId":"a422tge323bj3wd","id":"p5dk4qk60wsudns"},"id":"jgaxfcblm6ckzbb","previousOperationId":"le2uubgx9mp89pg"}
{"type":"operationEnd","operationId":"le2uubgx9mp89pg","timestamp":1705599421897,"id":"w5yh8negc71xpwy","previousEventId":"2029jusl49werz2","previousOperationId":"le2uubgx9mp89pg"}
{"type":"operationStart","subtype":"recipe","name":"chrome-pdf","timestamp":1705599421897,"id":"4tuodfir5djcaa4","previousEventId":"w5yh8negc71xpwy","operationId":"zo9zdolo2a3rwtd","previousOperationId":"le2uubgx9mp89pg"}
{"type":"log","timestamp":1705599421897,"level":"debug","message":"Executing recipe chrome-pdf","meta":{"rootId":"a422tge323bj3wd","id":"p5dk4qk60wsudns"},"id":"t7yi77tyz9popi7","previousOperationId":"zo9zdolo2a3rwtd"}
{"type":"log","timestamp":1705599421899,"level":"debug","message":"Converting with chrome HeadlessChrome/117.0.5938.149 using chrome-pool strategy","meta":{"rootId":"a422tge323bj3wd","id":"p5dk4qk60wsudns"},"id":"cxdjvazfa8uqvuc","previousOperationId":"zo9zdolo2a3rwtd"}
{"type":"log","timestamp":1705599421961,"level":"debug","message":"Page request: GET (document) file:///C:/Users/DANIEL~1/AppData/Local/Temp/jsreport/autocleanup/980b100a-0834-4243-a048-6d37a93a3304-chrome-pdf.html","meta":{"rootId":"a422tge323bj3wd","id":"p5dk4qk60wsudns"},"id":"cbsp8ztf72t4qsx","previousOperationId":"zo9zdolo2a3rwtd"}
{"type":"log","timestamp":1705599421968,"level":"debug","message":"Page request: GET (stylesheet) https://cdnjs.cloudflare.com/ajax/libs/metro/4.1.5/css/metro.min.css","meta":{"rootId":"a422tge323bj3wd","id":"p5dk4qk60wsudns"},"id":"7jxajspv802wc6b","previousOperationId":"zo9zdolo2a3rwtd"}
{"type":"log","timestamp":1705599421968,"level":"debug","message":"Page request finished: GET (document) 200 file:///C:/Users/DANIEL~1/AppData/Local/Temp/jsreport/autocleanup/980b100a-0834-4243-a048-6d37a93a3304-chrome-pdf.html","meta":{"rootId":"a422tge323bj3wd","id":"p5dk4qk60wsudns"},"id":"9yi9y1eruo3nqwl","previousOperationId":"zo9zdolo2a3rwtd"}
{"type":"log","timestamp":1705599421979,"level":"debug","message":"Page request finished: GET (stylesheet) 200 https://cdnjs.cloudflare.com/ajax/libs/metro/4.1.5/css/metro.min.css","meta":{"rootId":"a422tge323bj3wd","id":"p5dk4qk60wsudns"},"id":"j640map9k3srcc7","previousOperationId":"zo9zdolo2a3rwtd"}
{"type":"log","timestamp":1705599421991,"level":"debug","message":"Running chrome with params {\"printBackground\":true,\"marginTop\":\"1.5cm\",\"marginRight\":\"1.5cm\",\"marginLeft\":\"1.cm\",\"timeout\":59753,\"margin\":{\"top\":\"1.5cm\",\"right\":\"1.5cm\",\"left\":\"1.cm\"}}","meta":{"rootId":"a422tge323bj3wd","id":"p5dk4qk60wsudns"},"id":"7a3ewtdtf6fq923","previousOperationId":"zo9zdolo2a3rwtd"}
{"type":"operationEnd","operationId":"zo9zdolo2a3rwtd","timestamp":1705599422017,"id":"6f29736mbg2lvum","previousEventId":"4tuodfir5djcaa4","previousOperationId":"zo9zdolo2a3rwtd"}
{"type":"log","timestamp":1705599422017,"level":"debug","message":"Skipping storing report.","meta":{"rootId":"a422tge323bj3wd","id":"p5dk4qk60wsudns"},"id":"0220cdd2awms6fi","previousOperationId":"zo9zdolo2a3rwtd"}
{"type":"log","timestamp":1705599422017,"level":"info","message":"Rendering (child) request finished in 366 ms","meta":{"rootId":"a422tge323bj3wd","id":"p5dk4qk60wsudns"},"id":"vfxyiz3tqvcsg8f","previousOperationId":"zo9zdolo2a3rwtd"}
{"type":"operationEnd","subtype":"render","operationId":"0we7nusoddn2f46","timestamp":1705599422017,"id":"o6cesw4izbjhem7","previousEventId":"6f29736mbg2lvum","previousOperationId":"zo9zdolo2a3rwtd"}
{"type":"operationEnd","operationId":"6je6gww7w9wmmk8","timestamp":1705599422024,"id":"sm63eszucymsf70","previousEventId":"pt6v36yy9l5r7nf","previousOperationId":"6je6gww7w9wmmk8"}
{"type":"log","timestamp":1705599422024,"level":"debug","message":"pdf-utils postproces start","meta":{"rootId":"a422tge323bj3wd","id":"a422tge323bj3wd"},"id":"f5uqt38d6ecb0lt","previousOperationId":"6je6gww7w9wmmk8"}
{"type":"log","timestamp":1705599422031,"level":"debug","message":"pdf-utils postproces end","meta":{"rootId":"a422tge323bj3wd","id":"a422tge323bj3wd"},"id":"fhaxnzy0n27rtno","previousOperationId":"6je6gww7w9wmmk8"}
{"type":"operationEnd","operationId":"0m34yap45hwfmur","timestamp":1705599422031,"id":"9gd34242cqnby6n","previousEventId":"sm63eszucymsf70","previousOperationId":"6je6gww7w9wmmk8"}
{"type":"log","timestamp":1705599422031,"level":"info","message":"pdf-utils pdf processing was finished","meta":{"rootId":"a422tge323bj3wd","id":"a422tge323bj3wd"},"id":"0qjdfia652bsu70","previousOperationId":"0m34yap45hwfmur"}
{"type":"log","timestamp":1705599422032,"level":"debug","message":"Skipping storing report.","meta":{"rootId":"a422tge323bj3wd","id":"a422tge323bj3wd"},"id":"snqhaf0iht99bsi","previousOperationId":"0m34yap45hwfmur"}
{"type":"log","timestamp":1705599422032,"level":"info","message":"Rendering request 18 finished in 381 ms","meta":{"rootId":"a422tge323bj3wd","id":"a422tge323bj3wd"},"id":"qdl445tij1wxnku","previousOperationId":"0m34yap45hwfmur"}
{"type":"operationEnd","subtype":"render","operationId":"mg89o3904pcnekw","timestamp":1705599422032,"id":"p8vc6sc93etja56","previousEventId":"9gd34242cqnby6n","previousOperationId":"0m34yap45hwfmur"}
{"type":"operationEnd","doDiffs":false,"previousEventId":"j0m3a52uc6uuerr","previousOperationId":"n376gotrgq63ny7","operationId":"n376gotrgq63ny7","timestamp":1705599422037,"id":"2ksf5kbrchsfpkh"}
