{"type":"operationStart","subtype":"profile","data":{"_id":"vByOTEngYSgF0ceE","timestamp":"2024-01-17T14:48:53.032Z","state":"queued","mode":"standard","creationDate":"2024-01-17T14:48:53.036Z","modificationDate":"2024-01-17T14:48:53.036Z","shortid":"NDB4I_l","$entitySet":"profiles"},"doDiffs":false,"timestamp":1705502933034,"id":"jibyj5y9k3mwbbi","previousOperationId":null,"operationId":"e6b0wcncjiwazbn"}
{"type":"log","level":"info","message":"Render request 24 queued for execution and waiting for available worker","previousOperationId":"e6b0wcncjiwazbn","timestamp":1705502933035,"id":"4ziz7jmiifn3y9l"}
{"type":"operationStart","subtype":"render","name":"orders-main","previousOperationId":"e6b0wcncjiwazbn","timestamp":1705502933051,"id":"t21ijxrvze69rpi","previousEventId":"jibyj5y9k3mwbbi","operationId":"qtj1ktp2k0vipmz"}
{"type":"log","timestamp":1705502933051,"level":"info","message":"Starting rendering request 24","meta":{"rootId":"a7467gm5k2rfwj3","id":"a7467gm5k2rfwj3"},"id":"onyjmpt91ip2ba7","previousOperationId":"qtj1ktp2k0vipmz"}
{"type":"log","timestamp":1705502933051,"level":"info","message":"Rendering template { name: orders-main, recipe: chrome-pdf, engine: handlebars, preview: true }","meta":{"rootId":"a7467gm5k2rfwj3","id":"a7467gm5k2rfwj3"},"id":"hjlfost1mrfg1tu","previousOperationId":"qtj1ktp2k0vipmz"}
{"type":"log","timestamp":1705502933052,"level":"debug","message":"Data item not defined for this template.","meta":{"rootId":"a7467gm5k2rfwj3","id":"a7467gm5k2rfwj3"},"id":"93l4ygpwyegudb9","previousOperationId":"qtj1ktp2k0vipmz"}
{"type":"log","timestamp":1705502933057,"level":"debug","message":"Executing script orders-script (beforeRender)","meta":{"rootId":"a7467gm5k2rfwj3","id":"a7467gm5k2rfwj3"},"id":"696szwc4oq2u1eu","previousOperationId":"qtj1ktp2k0vipmz"}
{"type":"operationStart","subtype":"scriptsBeforeRender","name":"scripts beforeRender","timestamp":1705502933090,"id":"y8jusr10v5nacar","previousEventId":"t21ijxrvze69rpi","operationId":"s062zq4e4qio4px","previousOperationId":"qtj1ktp2k0vipmz"}
{"type":"operationStart","subtype":"script","name":"scripts orders-script","previousOperationId":"s062zq4e4qio4px","timestamp":1705502933090,"id":"hd7avdtoltv98ba","previousEventId":"y8jusr10v5nacar","operationId":"vhslrz2k5jlnikb"}
{"type":"operationEnd","operationId":"vhslrz2k5jlnikb","timestamp":1705502933113,"id":"m6yhr9ht102mcdf","previousEventId":"t21ijxrvze69rpi","previousOperationId":"qtj1ktp2k0vipmz"}
{"type":"operationEnd","operationId":"s062zq4e4qio4px","timestamp":1705502933113,"id":"d9w2emv5husr0c0","previousEventId":"m6yhr9ht102mcdf","previousOperationId":"qtj1ktp2k0vipmz"}
{"type":"log","timestamp":1705502933113,"level":"debug","message":"Base url not specified, skipping its injection.","meta":{"rootId":"a7467gm5k2rfwj3","id":"a7467gm5k2rfwj3"},"id":"rhhejhble0gv5tk","previousOperationId":"s062zq4e4qio4px"}
{"type":"operationStart","subtype":"engine","name":"handlebars","timestamp":1705502933113,"id":"7fwiqt3xh7kwb1s","previousEventId":"d9w2emv5husr0c0","operationId":"1yz4hndwp2a0bef","previousOperationId":"s062zq4e4qio4px"}
{"type":"log","timestamp":1705502933113,"level":"debug","message":"Rendering engine handlebars","meta":{"rootId":"a7467gm5k2rfwj3","id":"a7467gm5k2rfwj3"},"id":"2zi7q9jwdr1hvel","previousOperationId":"1yz4hndwp2a0bef"}
{"type":"log","timestamp":1705502933139,"level":"debug","message":"(console:log) Pdf utils adding group field, value: \"Race1\"","meta":{"userLevel":true,"rootId":"a7467gm5k2rfwj3","id":"a7467gm5k2rfwj3"},"id":"ibn9ycj1zi1xt5l","previousOperationId":"1yz4hndwp2a0bef"}
{"type":"log","timestamp":1705502933139,"level":"debug","message":"(console:log) Pdf utils adding group field, value: \"Race2\"","meta":{"userLevel":true,"rootId":"a7467gm5k2rfwj3","id":"a7467gm5k2rfwj3"},"id":"roxhft3e6ge98og","previousOperationId":"1yz4hndwp2a0bef"}
{"type":"log","timestamp":1705502933139,"level":"debug","message":"(console:log) Pdf utils adding group field, value: \"rgver\"","meta":{"userLevel":true,"rootId":"a7467gm5k2rfwj3","id":"a7467gm5k2rfwj3"},"id":"7q0xdm3o0qjp39w","previousOperationId":"1yz4hndwp2a0bef"}
{"type":"log","timestamp":1705502933139,"level":"debug","message":"(console:log) Pdf utils adding group field, value: \"revger\"","meta":{"userLevel":true,"rootId":"a7467gm5k2rfwj3","id":"a7467gm5k2rfwj3"},"id":"iqeb1ndv6eoy6mo","previousOperationId":"1yz4hndwp2a0bef"}
{"type":"operationEnd","operationId":"1yz4hndwp2a0bef","timestamp":1705502933139,"id":"0nu80nytts82sdh","previousEventId":"7fwiqt3xh7kwb1s","previousOperationId":"1yz4hndwp2a0bef"}
{"type":"operationStart","subtype":"recipe","name":"chrome-pdf","timestamp":1705502933140,"id":"h7j7uv374zmsxwl","previousEventId":"0nu80nytts82sdh","operationId":"za8ctww1r5p2g3e","previousOperationId":"1yz4hndwp2a0bef"}
{"type":"log","timestamp":1705502933140,"level":"debug","message":"Executing recipe chrome-pdf","meta":{"rootId":"a7467gm5k2rfwj3","id":"a7467gm5k2rfwj3"},"id":"978fod4a0css8ia","previousOperationId":"za8ctww1r5p2g3e"}
{"type":"log","timestamp":1705502933144,"level":"debug","message":"Converting with chrome HeadlessChrome/117.0.5938.149 using chrome-pool strategy","meta":{"rootId":"a7467gm5k2rfwj3","id":"a7467gm5k2rfwj3"},"id":"xsqlejn0xnze5sr","previousOperationId":"za8ctww1r5p2g3e"}
{"type":"log","timestamp":1705502933267,"level":"debug","message":"Page request: GET (document) file:///C:/Users/DANIEL~1/AppData/Local/Temp/jsreport/autocleanup/f02bcdbf-f1da-4d43-9e72-39d8191bc7de-chrome-pdf.html","meta":{"rootId":"a7467gm5k2rfwj3","id":"a7467gm5k2rfwj3"},"id":"h5nflvv7dj6a8pw","previousOperationId":"za8ctww1r5p2g3e"}
{"type":"log","timestamp":1705502933297,"level":"debug","message":"Page request finished: GET (document) 200 file:///C:/Users/DANIEL~1/AppData/Local/Temp/jsreport/autocleanup/f02bcdbf-f1da-4d43-9e72-39d8191bc7de-chrome-pdf.html","meta":{"rootId":"a7467gm5k2rfwj3","id":"a7467gm5k2rfwj3"},"id":"16dyrayzhxfqbbt","previousOperationId":"za8ctww1r5p2g3e"}
{"type":"log","timestamp":1705502933297,"level":"debug","message":"Page request: GET (stylesheet) https://cdnjs.cloudflare.com/ajax/libs/metro/4.1.5/css/metro.min.css","meta":{"rootId":"a7467gm5k2rfwj3","id":"a7467gm5k2rfwj3"},"id":"722w5rxqou2kh3s","previousOperationId":"za8ctww1r5p2g3e"}
{"type":"log","timestamp":1705502933297,"level":"debug","message":"Page request: GET (script) https://cdnjs.cloudflare.com/ajax/libs/Chart.js/2.7.2/Chart.min.js","meta":{"rootId":"a7467gm5k2rfwj3","id":"a7467gm5k2rfwj3"},"id":"nkwp82zofl320tj","previousOperationId":"za8ctww1r5p2g3e"}
{"type":"log","timestamp":1705502933325,"level":"debug","message":"Page request finished: GET (stylesheet) 200 https://cdnjs.cloudflare.com/ajax/libs/metro/4.1.5/css/metro.min.css","meta":{"rootId":"a7467gm5k2rfwj3","id":"a7467gm5k2rfwj3"},"id":"heqi2svngyurnre","previousOperationId":"za8ctww1r5p2g3e"}
{"type":"log","timestamp":1705502933325,"level":"debug","message":"Page request finished: GET (script) 200 https://cdnjs.cloudflare.com/ajax/libs/Chart.js/2.7.2/Chart.min.js","meta":{"rootId":"a7467gm5k2rfwj3","id":"a7467gm5k2rfwj3"},"id":"ghqjbou8afha9pf","previousOperationId":"za8ctww1r5p2g3e"}
{"type":"log","timestamp":1705502933371,"level":"debug","message":"Running chrome with params {\"printBackground\":true,\"marginTop\":\"4cm\",\"marginRight\":\"1.5cm\",\"marginBottom\":\"1.5cm\",\"marginLeft\":\"1.5cm\",\"waitForJS\":false,\"timeout\":59890,\"margin\":{\"top\":\"4cm\",\"right\":\"1.5cm\",\"bottom\":\"1.5cm\",\"left\":\"1.5cm\"}}","meta":{"rootId":"a7467gm5k2rfwj3","id":"a7467gm5k2rfwj3"},"id":"w67h3k11bchl8u8","previousOperationId":"za8ctww1r5p2g3e"}
{"type":"operationEnd","operationId":"za8ctww1r5p2g3e","timestamp":1705502933452,"id":"wxn1n8wsih2kt21","previousEventId":"h7j7uv374zmsxwl","previousOperationId":"za8ctww1r5p2g3e"}
{"type":"log","timestamp":1705502933452,"level":"info","message":"pdf-utils is starting pdf processing","meta":{"rootId":"a7467gm5k2rfwj3","id":"a7467gm5k2rfwj3"},"id":"qm04ipjzdwufwxs","previousOperationId":"za8ctww1r5p2g3e"}
{"type":"operationStart","subtype":"pdfUtils","name":"pdf utils","timestamp":1705502933452,"id":"do3uv484hnp4g1e","previousEventId":"wxn1n8wsih2kt21","operationId":"bal5rdvgyr2hnt4","previousOperationId":"za8ctww1r5p2g3e"}
{"type":"log","timestamp":1705502933452,"level":"debug","message":"pdf-utils detected 1 pdf operation(s) to process","meta":{"rootId":"a7467gm5k2rfwj3","id":"a7467gm5k2rfwj3"},"id":"vqw30ihaehs06qj","previousOperationId":"bal5rdvgyr2hnt4"}
{"type":"log","timestamp":1705502933471,"level":"debug","message":"pdf-utils running pdf operation merge","meta":{"rootId":"a7467gm5k2rfwj3","id":"a7467gm5k2rfwj3"},"id":"t95ukgjmubp076e","previousOperationId":"bal5rdvgyr2hnt4"}
{"type":"operationStart","subtype":"pdfUtilsMerge","name":"pdf utils merge","previousOperationId":"bal5rdvgyr2hnt4","timestamp":1705502933471,"id":"zk0ihg23mkh68xl","previousEventId":"do3uv484hnp4g1e","operationId":"5jhtppigb6vkp2l"}
{"type":"operationStart","subtype":"render","name":"orders-header","previousOperationId":"5jhtppigb6vkp2l","timestamp":1705502933473,"id":"svhgq689o263f9y","previousEventId":"zk0ihg23mkh68xl","operationId":"bngahezkbmxn8dp"}
{"type":"log","timestamp":1705502933473,"level":"info","message":"Starting rendering (child) request","meta":{"rootId":"a7467gm5k2rfwj3","id":"qhayzmu7f3os8x1"},"id":"ivnbtxm1oqkzsd3","previousOperationId":"bngahezkbmxn8dp"}
{"type":"log","timestamp":1705502933473,"level":"info","message":"Rendering template { name: orders-header, recipe: chrome-pdf, engine: handlebars, preview: true }","meta":{"rootId":"a7467gm5k2rfwj3","id":"qhayzmu7f3os8x1"},"id":"f0cx1uazaohalv7","previousOperationId":"bngahezkbmxn8dp"}
{"type":"log","timestamp":1705502933474,"level":"debug","message":"Inline data specified.","meta":{"rootId":"a7467gm5k2rfwj3","id":"qhayzmu7f3os8x1"},"id":"zv353m9xzvh3scv","previousOperationId":"bngahezkbmxn8dp"}
{"type":"log","timestamp":1705502933479,"level":"debug","message":"Base url not specified, skipping its injection.","meta":{"rootId":"a7467gm5k2rfwj3","id":"qhayzmu7f3os8x1"},"id":"ed16bvbdyzobned","previousOperationId":"bngahezkbmxn8dp"}
{"type":"operationStart","subtype":"engine","name":"handlebars","timestamp":1705502933480,"id":"a8w3utaaabirrh4","previousEventId":"svhgq689o263f9y","operationId":"jyxynco9ubg9jon","previousOperationId":"bngahezkbmxn8dp"}
{"type":"log","timestamp":1705502933480,"level":"debug","message":"Rendering engine handlebars","meta":{"rootId":"a7467gm5k2rfwj3","id":"qhayzmu7f3os8x1"},"id":"5mc0795gcccf7ey","previousOperationId":"jyxynco9ubg9jon"}
{"type":"operationEnd","operationId":"jyxynco9ubg9jon","timestamp":1705502933521,"id":"pf40gpdmdwvgttf","previousEventId":"a8w3utaaabirrh4","previousOperationId":"jyxynco9ubg9jon"}
{"type":"operationStart","subtype":"recipe","name":"chrome-pdf","timestamp":1705502933522,"id":"cqkrekru1qhbpds","previousEventId":"pf40gpdmdwvgttf","operationId":"q73ci4p5z65iu8t","previousOperationId":"jyxynco9ubg9jon"}
{"type":"log","timestamp":1705502933522,"level":"debug","message":"Executing recipe chrome-pdf","meta":{"rootId":"a7467gm5k2rfwj3","id":"qhayzmu7f3os8x1"},"id":"oleno2hvxx4k4o0","previousOperationId":"q73ci4p5z65iu8t"}
{"type":"log","timestamp":1705502933527,"level":"debug","message":"Converting with chrome HeadlessChrome/117.0.5938.149 using chrome-pool strategy","meta":{"rootId":"a7467gm5k2rfwj3","id":"qhayzmu7f3os8x1"},"id":"kjl73i7q3mcbxzp","previousOperationId":"q73ci4p5z65iu8t"}
{"type":"log","timestamp":1705502933643,"level":"debug","message":"Page request: GET (document) file:///C:/Users/DANIEL~1/AppData/Local/Temp/jsreport/autocleanup/bc8e5d30-f9ae-4f59-a294-d74bac786ef0-chrome-pdf.html","meta":{"rootId":"a7467gm5k2rfwj3","id":"qhayzmu7f3os8x1"},"id":"12pvkkkjt7wrbqx","previousOperationId":"q73ci4p5z65iu8t"}
{"type":"log","timestamp":1705502933658,"level":"debug","message":"Page request finished: GET (document) 200 file:///C:/Users/DANIEL~1/AppData/Local/Temp/jsreport/autocleanup/bc8e5d30-f9ae-4f59-a294-d74bac786ef0-chrome-pdf.html","meta":{"rootId":"a7467gm5k2rfwj3","id":"qhayzmu7f3os8x1"},"id":"ssx7v3ugy29zo3x","previousOperationId":"q73ci4p5z65iu8t"}
{"type":"log","timestamp":1705502933660,"level":"debug","message":"Page request: GET (stylesheet) https://cdnjs.cloudflare.com/ajax/libs/metro/4.1.5/css/metro.min.css","meta":{"rootId":"a7467gm5k2rfwj3","id":"qhayzmu7f3os8x1"},"id":"l122v9kn7dc9mra","previousOperationId":"q73ci4p5z65iu8t"}
{"type":"log","timestamp":1705502933680,"level":"debug","message":"Page request finished: GET (stylesheet) 200 https://cdnjs.cloudflare.com/ajax/libs/metro/4.1.5/css/metro.min.css","meta":{"rootId":"a7467gm5k2rfwj3","id":"qhayzmu7f3os8x1"},"id":"k1r79mql2k5ndai","previousOperationId":"q73ci4p5z65iu8t"}
{"type":"log","timestamp":1705502933701,"level":"debug","message":"Running chrome with params {\"printBackground\":true,\"marginTop\":\"1.5cm\",\"marginRight\":\"1.5cm\",\"marginLeft\":\"1.cm\",\"timeout\":59508,\"margin\":{\"top\":\"1.5cm\",\"right\":\"1.5cm\",\"left\":\"1.cm\"}}","meta":{"rootId":"a7467gm5k2rfwj3","id":"qhayzmu7f3os8x1"},"id":"z0neauzksl74udf","previousOperationId":"q73ci4p5z65iu8t"}
{"type":"operationEnd","operationId":"q73ci4p5z65iu8t","timestamp":1705502933751,"id":"z4u3dbls5zwuold","previousEventId":"cqkrekru1qhbpds","previousOperationId":"q73ci4p5z65iu8t"}
{"type":"log","timestamp":1705502933751,"level":"debug","message":"Skipping storing report.","meta":{"rootId":"a7467gm5k2rfwj3","id":"qhayzmu7f3os8x1"},"id":"r4j155n0z4zdmyr","previousOperationId":"q73ci4p5z65iu8t"}
{"type":"log","timestamp":1705502933751,"level":"info","message":"Rendering (child) request finished in 719 ms","meta":{"rootId":"a7467gm5k2rfwj3","id":"qhayzmu7f3os8x1"},"id":"1ajm8t5mgen6had","previousOperationId":"q73ci4p5z65iu8t"}
{"type":"operationEnd","subtype":"render","operationId":"bngahezkbmxn8dp","timestamp":1705502933751,"id":"fgnnbdyffiogcmd","previousEventId":"z4u3dbls5zwuold","previousOperationId":"q73ci4p5z65iu8t"}
{"type":"operationEnd","operationId":"5jhtppigb6vkp2l","timestamp":1705502933768,"id":"pfskoo6w583kpv4","previousEventId":"zk0ihg23mkh68xl","previousOperationId":"5jhtppigb6vkp2l"}
{"type":"log","timestamp":1705502933768,"level":"debug","message":"pdf-utils postproces start","meta":{"rootId":"a7467gm5k2rfwj3","id":"a7467gm5k2rfwj3"},"id":"j873hkot054zb75","previousOperationId":"5jhtppigb6vkp2l"}
{"type":"log","timestamp":1705502933789,"level":"debug","message":"pdf-utils postproces end","meta":{"rootId":"a7467gm5k2rfwj3","id":"a7467gm5k2rfwj3"},"id":"gqjhdu9i6a55k8s","previousOperationId":"5jhtppigb6vkp2l"}
{"type":"operationEnd","operationId":"bal5rdvgyr2hnt4","timestamp":1705502933789,"id":"egz7daa9vfzwlxx","previousEventId":"pfskoo6w583kpv4","previousOperationId":"5jhtppigb6vkp2l"}
{"type":"log","timestamp":1705502933789,"level":"info","message":"pdf-utils pdf processing was finished","meta":{"rootId":"a7467gm5k2rfwj3","id":"a7467gm5k2rfwj3"},"id":"yj6eiyosvtc0n94","previousOperationId":"bal5rdvgyr2hnt4"}
{"type":"log","timestamp":1705502933789,"level":"debug","message":"Skipping storing report.","meta":{"rootId":"a7467gm5k2rfwj3","id":"a7467gm5k2rfwj3"},"id":"u6eph7p8g1a7661","previousOperationId":"bal5rdvgyr2hnt4"}
{"type":"log","timestamp":1705502933789,"level":"info","message":"Rendering request 24 finished in 757 ms","meta":{"rootId":"a7467gm5k2rfwj3","id":"a7467gm5k2rfwj3"},"id":"s46ols9b684q7vh","previousOperationId":"bal5rdvgyr2hnt4"}
{"type":"operationEnd","subtype":"render","operationId":"qtj1ktp2k0vipmz","timestamp":1705502933789,"id":"bdije84tjgui6e1","previousEventId":"egz7daa9vfzwlxx","previousOperationId":"bal5rdvgyr2hnt4"}
{"type":"operationEnd","doDiffs":false,"previousEventId":"jibyj5y9k3mwbbi","previousOperationId":"e6b0wcncjiwazbn","operationId":"e6b0wcncjiwazbn","timestamp":1705502933823,"id":"7f6ieownz8442p6"}
