{"type":"operationStart","subtype":"profile","data":{"_id":"bSxvVI69qfiLNBsY","timestamp":"2024-01-17T16:11:17.274Z","state":"queued","mode":"standard","creationDate":"2024-01-17T16:11:17.276Z","modificationDate":"2024-01-17T16:11:17.276Z","shortid":"AeirErr","$entitySet":"profiles"},"doDiffs":false,"timestamp":1705507877275,"id":"i8spybjpu9jexqi","previousOperationId":null,"operationId":"5icmqxhvsovf9jm"}
{"type":"log","level":"info","message":"Render request 30 queued for execution and waiting for available worker","previousOperationId":"5icmqxhvsovf9jm","timestamp":1705507877275,"id":"wzonck9ik9p23lm"}
{"type":"operationStart","subtype":"render","name":"orders-main","previousOperationId":"5icmqxhvsovf9jm","timestamp":1705507877281,"id":"3l574ry2vjrllcv","previousEventId":"i8spybjpu9jexqi","operationId":"ijumd6de7wanfex"}
{"type":"log","timestamp":1705507877281,"level":"info","message":"Starting rendering request 30","meta":{"rootId":"af22trpl78i49oa","id":"af22trpl78i49oa"},"id":"70k4thrlem7ilbb","previousOperationId":"ijumd6de7wanfex"}
{"type":"log","timestamp":1705507877282,"level":"info","message":"Rendering template { name: orders-main, recipe: chrome-pdf, engine: handlebars, preview: true }","meta":{"rootId":"af22trpl78i49oa","id":"af22trpl78i49oa"},"id":"n29i7ver9a20etw","previousOperationId":"ijumd6de7wanfex"}
{"type":"log","timestamp":1705507877282,"level":"debug","message":"Data item not defined for this template.","meta":{"rootId":"af22trpl78i49oa","id":"af22trpl78i49oa"},"id":"asg5uc68jmjp0zv","previousOperationId":"ijumd6de7wanfex"}
{"type":"log","timestamp":1705507877283,"level":"debug","message":"Executing script orders-script (beforeRender)","meta":{"rootId":"af22trpl78i49oa","id":"af22trpl78i49oa"},"id":"tmoo9kbomedmc6k","previousOperationId":"ijumd6de7wanfex"}
{"type":"operationStart","subtype":"scriptsBeforeRender","name":"scripts beforeRender","timestamp":1705507877298,"id":"20eycoh7ppghgqe","previousEventId":"3l574ry2vjrllcv","operationId":"vn7efyk18z8s5n9","previousOperationId":"ijumd6de7wanfex"}
{"type":"operationStart","subtype":"script","name":"scripts orders-script","previousOperationId":"vn7efyk18z8s5n9","timestamp":1705507877298,"id":"yj9305ylw717dne","previousEventId":"20eycoh7ppghgqe","operationId":"jt320e6nawkeaiy"}
{"type":"operationEnd","operationId":"jt320e6nawkeaiy","timestamp":1705507877311,"id":"j4kdmalns0w03rw","previousEventId":"3l574ry2vjrllcv","previousOperationId":"ijumd6de7wanfex"}
{"type":"operationEnd","operationId":"vn7efyk18z8s5n9","timestamp":1705507877311,"id":"5i1kah4c3bn8uqe","previousEventId":"j4kdmalns0w03rw","previousOperationId":"ijumd6de7wanfex"}
{"type":"log","timestamp":1705507877311,"level":"debug","message":"Base url not specified, skipping its injection.","meta":{"rootId":"af22trpl78i49oa","id":"af22trpl78i49oa"},"id":"8q8bwvb4k6mk38x","previousOperationId":"vn7efyk18z8s5n9"}
{"type":"operationStart","subtype":"engine","name":"handlebars","timestamp":1705507877311,"id":"kokqhluove7hxb0","previousEventId":"5i1kah4c3bn8uqe","operationId":"l7l33kwk5xa85iw","previousOperationId":"vn7efyk18z8s5n9"}
{"type":"log","timestamp":1705507877311,"level":"debug","message":"Rendering engine handlebars","meta":{"rootId":"af22trpl78i49oa","id":"af22trpl78i49oa"},"id":"hv3bjvc9kl69b7e","previousOperationId":"l7l33kwk5xa85iw"}
{"type":"log","timestamp":1705507877321,"level":"debug","message":"(console:log) Pdf utils adding group field, value: \"Race1\"","meta":{"userLevel":true,"rootId":"af22trpl78i49oa","id":"af22trpl78i49oa"},"id":"4bs5c3sd326jpq1","previousOperationId":"l7l33kwk5xa85iw"}
{"type":"log","timestamp":1705507877322,"level":"debug","message":"(console:log) Pdf utils adding group field, value: \"Race2\"","meta":{"userLevel":true,"rootId":"af22trpl78i49oa","id":"af22trpl78i49oa"},"id":"j4aldbu0jhh36cz","previousOperationId":"l7l33kwk5xa85iw"}
{"type":"log","timestamp":1705507877322,"level":"debug","message":"(console:log) Pdf utils adding group field, value: \"rgver\"","meta":{"userLevel":true,"rootId":"af22trpl78i49oa","id":"af22trpl78i49oa"},"id":"t5v8c7f3pn8clu4","previousOperationId":"l7l33kwk5xa85iw"}
{"type":"log","timestamp":1705507877322,"level":"debug","message":"(console:log) Pdf utils adding group field, value: \"revger\"","meta":{"userLevel":true,"rootId":"af22trpl78i49oa","id":"af22trpl78i49oa"},"id":"5ndc1j8xv4g95p4","previousOperationId":"l7l33kwk5xa85iw"}
{"type":"operationEnd","operationId":"l7l33kwk5xa85iw","timestamp":1705507877322,"id":"0slq0cp5lq8b6rj","previousEventId":"kokqhluove7hxb0","previousOperationId":"l7l33kwk5xa85iw"}
{"type":"operationStart","subtype":"recipe","name":"chrome-pdf","timestamp":1705507877322,"id":"5jwt417ffgte4hi","previousEventId":"0slq0cp5lq8b6rj","operationId":"i8tphachyr4icg3","previousOperationId":"l7l33kwk5xa85iw"}
{"type":"log","timestamp":1705507877322,"level":"debug","message":"Executing recipe chrome-pdf","meta":{"rootId":"af22trpl78i49oa","id":"af22trpl78i49oa"},"id":"l4xcu6k0dsx8hcb","previousOperationId":"i8tphachyr4icg3"}
{"type":"log","timestamp":1705507877573,"level":"debug","message":"Converting with chrome HeadlessChrome/117.0.5938.149 using chrome-pool strategy","meta":{"rootId":"af22trpl78i49oa","id":"af22trpl78i49oa"},"id":"5a8rizcownw7748","previousOperationId":"i8tphachyr4icg3"}
{"type":"log","timestamp":1705507878904,"level":"debug","message":"Page request: GET (document) file:///C:/Users/DANIEL~1/AppData/Local/Temp/jsreport/autocleanup/04dc462d-4021-4203-a5d1-3be1493737c5-chrome-pdf.html","meta":{"rootId":"af22trpl78i49oa","id":"af22trpl78i49oa"},"id":"cr2e7y4c1ahv2o3","previousOperationId":"i8tphachyr4icg3"}
{"type":"log","timestamp":1705507878918,"level":"debug","message":"Page request: GET (stylesheet) https://cdnjs.cloudflare.com/ajax/libs/metro/4.1.5/css/metro.min.css","meta":{"rootId":"af22trpl78i49oa","id":"af22trpl78i49oa"},"id":"htiop2alqrt52n9","previousOperationId":"i8tphachyr4icg3"}
{"type":"log","timestamp":1705507878919,"level":"debug","message":"Page request: GET (script) https://cdnjs.cloudflare.com/ajax/libs/Chart.js/2.7.2/Chart.min.js","meta":{"rootId":"af22trpl78i49oa","id":"af22trpl78i49oa"},"id":"uoaheal541bl562","previousOperationId":"i8tphachyr4icg3"}
{"type":"log","timestamp":1705507878919,"level":"debug","message":"Page request finished: GET (document) 200 file:///C:/Users/DANIEL~1/AppData/Local/Temp/jsreport/autocleanup/04dc462d-4021-4203-a5d1-3be1493737c5-chrome-pdf.html","meta":{"rootId":"af22trpl78i49oa","id":"af22trpl78i49oa"},"id":"494r69nw8ifjkct","previousOperationId":"i8tphachyr4icg3"}
{"type":"log","timestamp":1705507881438,"level":"debug","message":"Page request finished: GET (stylesheet) 200 https://cdnjs.cloudflare.com/ajax/libs/metro/4.1.5/css/metro.min.css","meta":{"rootId":"af22trpl78i49oa","id":"af22trpl78i49oa"},"id":"upmrnyt1fo0gnie","previousOperationId":"i8tphachyr4icg3"}
{"type":"log","timestamp":1705507881443,"level":"debug","message":"Page request finished: GET (script) 200 https://cdnjs.cloudflare.com/ajax/libs/Chart.js/2.7.2/Chart.min.js","meta":{"rootId":"af22trpl78i49oa","id":"af22trpl78i49oa"},"id":"4okian5khgnyuza","previousOperationId":"i8tphachyr4icg3"}
{"type":"log","timestamp":1705507881473,"level":"debug","message":"Running chrome with params {\"printBackground\":true,\"marginTop\":\"4cm\",\"marginRight\":\"1.5cm\",\"marginBottom\":\"1.5cm\",\"marginLeft\":\"1.5cm\",\"waitForJS\":false,\"timeout\":59951,\"margin\":{\"top\":\"4cm\",\"right\":\"1.5cm\",\"bottom\":\"1.5cm\",\"left\":\"1.5cm\"}}","meta":{"rootId":"af22trpl78i49oa","id":"af22trpl78i49oa"},"id":"ed2ovknjlv4bh31","previousOperationId":"i8tphachyr4icg3"}
{"type":"operationEnd","operationId":"i8tphachyr4icg3","timestamp":1705507881531,"id":"uh6kl7swac7xvau","previousEventId":"5jwt417ffgte4hi","previousOperationId":"i8tphachyr4icg3"}
{"type":"log","timestamp":1705507881531,"level":"info","message":"pdf-utils is starting pdf processing","meta":{"rootId":"af22trpl78i49oa","id":"af22trpl78i49oa"},"id":"go3q6ecpga654v5","previousOperationId":"i8tphachyr4icg3"}
{"type":"operationStart","subtype":"pdfUtils","name":"pdf utils","timestamp":1705507881531,"id":"fpvi2c7a426lw4o","previousEventId":"uh6kl7swac7xvau","operationId":"zg98ju8d7mcj39z","previousOperationId":"i8tphachyr4icg3"}
{"type":"log","timestamp":1705507881531,"level":"debug","message":"pdf-utils detected 1 pdf operation(s) to process","meta":{"rootId":"af22trpl78i49oa","id":"af22trpl78i49oa"},"id":"8ebkimrqov12cey","previousOperationId":"zg98ju8d7mcj39z"}
{"type":"log","timestamp":1705507881551,"level":"debug","message":"pdf-utils running pdf operation merge","meta":{"rootId":"af22trpl78i49oa","id":"af22trpl78i49oa"},"id":"atnq6yb143st8kg","previousOperationId":"zg98ju8d7mcj39z"}
{"type":"operationStart","subtype":"pdfUtilsMerge","name":"pdf utils merge","previousOperationId":"zg98ju8d7mcj39z","timestamp":1705507881552,"id":"muly0bdh2bm6hd3","previousEventId":"fpvi2c7a426lw4o","operationId":"4e0pq0is34ausyc"}
{"type":"operationStart","subtype":"render","name":"orders-header","previousOperationId":"4e0pq0is34ausyc","timestamp":1705507881552,"id":"lsuo5tae3ra69kq","previousEventId":"muly0bdh2bm6hd3","operationId":"wz23gqvns9nclkg"}
{"type":"log","timestamp":1705507881553,"level":"info","message":"Starting rendering (child) request","meta":{"rootId":"af22trpl78i49oa","id":"jjll6wycwpbvr13"},"id":"gjhtd3y2ctnjg2r","previousOperationId":"wz23gqvns9nclkg"}
{"type":"log","timestamp":1705507881553,"level":"info","message":"Rendering template { name: orders-header, recipe: chrome-pdf, engine: handlebars, preview: true }","meta":{"rootId":"af22trpl78i49oa","id":"jjll6wycwpbvr13"},"id":"rybh2yp43fwemly","previousOperationId":"wz23gqvns9nclkg"}
{"type":"log","timestamp":1705507881561,"level":"debug","message":"Inline data specified.","meta":{"rootId":"af22trpl78i49oa","id":"jjll6wycwpbvr13"},"id":"8w1hlu5cyfcnswu","previousOperationId":"wz23gqvns9nclkg"}
{"type":"log","timestamp":1705507881562,"level":"debug","message":"Base url not specified, skipping its injection.","meta":{"rootId":"af22trpl78i49oa","id":"jjll6wycwpbvr13"},"id":"r07ibxm2n7ilejs","previousOperationId":"wz23gqvns9nclkg"}
{"type":"operationStart","subtype":"engine","name":"handlebars","timestamp":1705507881562,"id":"ta6x6s0oj2wp85p","previousEventId":"lsuo5tae3ra69kq","operationId":"r1t35v7n4gpox1j","previousOperationId":"wz23gqvns9nclkg"}
{"type":"log","timestamp":1705507881562,"level":"debug","message":"Rendering engine handlebars","meta":{"rootId":"af22trpl78i49oa","id":"jjll6wycwpbvr13"},"id":"7u6uyk6ju54mqio","previousOperationId":"r1t35v7n4gpox1j"}
{"type":"operationEnd","operationId":"r1t35v7n4gpox1j","timestamp":1705507881571,"id":"imgix2bf5d6l01d","previousEventId":"ta6x6s0oj2wp85p","previousOperationId":"r1t35v7n4gpox1j"}
{"type":"operationStart","subtype":"recipe","name":"chrome-pdf","timestamp":1705507881571,"id":"3lk61y2fgfkajs9","previousEventId":"imgix2bf5d6l01d","operationId":"cev3ngfmq3z79z5","previousOperationId":"r1t35v7n4gpox1j"}
{"type":"log","timestamp":1705507881571,"level":"debug","message":"Executing recipe chrome-pdf","meta":{"rootId":"af22trpl78i49oa","id":"jjll6wycwpbvr13"},"id":"e9r6is9shs2dkig","previousOperationId":"cev3ngfmq3z79z5"}
{"type":"log","timestamp":1705507881573,"level":"debug","message":"Converting with chrome HeadlessChrome/117.0.5938.149 using chrome-pool strategy","meta":{"rootId":"af22trpl78i49oa","id":"jjll6wycwpbvr13"},"id":"vtykfue5oim7l87","previousOperationId":"cev3ngfmq3z79z5"}
{"type":"log","timestamp":1705507881637,"level":"debug","message":"Page request: GET (document) file:///C:/Users/DANIEL~1/AppData/Local/Temp/jsreport/autocleanup/fe717ade-9a66-4c88-b39f-8ba9ba763b39-chrome-pdf.html","meta":{"rootId":"af22trpl78i49oa","id":"jjll6wycwpbvr13"},"id":"8dooo6zrei1co49","previousOperationId":"cev3ngfmq3z79z5"}
{"type":"log","timestamp":1705507881647,"level":"debug","message":"Page request: GET (stylesheet) https://cdnjs.cloudflare.com/ajax/libs/metro/4.1.5/css/metro.min.css","meta":{"rootId":"af22trpl78i49oa","id":"jjll6wycwpbvr13"},"id":"15bf89iqx78krz3","previousOperationId":"cev3ngfmq3z79z5"}
{"type":"log","timestamp":1705507881647,"level":"debug","message":"Page request finished: GET (document) 200 file:///C:/Users/DANIEL~1/AppData/Local/Temp/jsreport/autocleanup/fe717ade-9a66-4c88-b39f-8ba9ba763b39-chrome-pdf.html","meta":{"rootId":"af22trpl78i49oa","id":"jjll6wycwpbvr13"},"id":"ffyhsb2gf20kud2","previousOperationId":"cev3ngfmq3z79z5"}
{"type":"log","timestamp":1705507881658,"level":"debug","message":"Page request finished: GET (stylesheet) 200 https://cdnjs.cloudflare.com/ajax/libs/metro/4.1.5/css/metro.min.css","meta":{"rootId":"af22trpl78i49oa","id":"jjll6wycwpbvr13"},"id":"5r8gqeqz1cwhvlf","previousOperationId":"cev3ngfmq3z79z5"}
{"type":"log","timestamp":1705507881672,"level":"debug","message":"Running chrome with params {\"printBackground\":true,\"marginTop\":\"1.5cm\",\"marginRight\":\"1.5cm\",\"marginLeft\":\"1.cm\",\"timeout\":55702,\"margin\":{\"top\":\"1.5cm\",\"right\":\"1.5cm\",\"left\":\"1.cm\"}}","meta":{"rootId":"af22trpl78i49oa","id":"jjll6wycwpbvr13"},"id":"knraq4p9ab9bjvz","previousOperationId":"cev3ngfmq3z79z5"}
{"type":"operationEnd","operationId":"cev3ngfmq3z79z5","timestamp":1705507881701,"id":"5ftx4rdrv3anhok","previousEventId":"3lk61y2fgfkajs9","previousOperationId":"cev3ngfmq3z79z5"}
{"type":"log","timestamp":1705507881701,"level":"debug","message":"Skipping storing report.","meta":{"rootId":"af22trpl78i49oa","id":"jjll6wycwpbvr13"},"id":"mge6nrnnlxq3cyf","previousOperationId":"cev3ngfmq3z79z5"}
{"type":"log","timestamp":1705507881701,"level":"info","message":"Rendering (child) request finished in 4427 ms","meta":{"rootId":"af22trpl78i49oa","id":"jjll6wycwpbvr13"},"id":"3jf5y6z602cq2ui","previousOperationId":"cev3ngfmq3z79z5"}
{"type":"operationEnd","subtype":"render","operationId":"wz23gqvns9nclkg","timestamp":1705507881701,"id":"liftdfwp0kqecvl","previousEventId":"5ftx4rdrv3anhok","previousOperationId":"cev3ngfmq3z79z5"}
{"type":"operationEnd","operationId":"4e0pq0is34ausyc","timestamp":1705507881709,"id":"vgqrl9g42nnokum","previousEventId":"muly0bdh2bm6hd3","previousOperationId":"4e0pq0is34ausyc"}
{"type":"log","timestamp":1705507881709,"level":"debug","message":"pdf-utils postproces start","meta":{"rootId":"af22trpl78i49oa","id":"af22trpl78i49oa"},"id":"tauqpf0vc90ne9r","previousOperationId":"4e0pq0is34ausyc"}
{"type":"log","timestamp":1705507881718,"level":"debug","message":"pdf-utils postproces end","meta":{"rootId":"af22trpl78i49oa","id":"af22trpl78i49oa"},"id":"1u8hl9saf2ixw7s","previousOperationId":"4e0pq0is34ausyc"}
{"type":"operationEnd","operationId":"zg98ju8d7mcj39z","timestamp":1705507881718,"id":"txoih8anuz21yt7","previousEventId":"vgqrl9g42nnokum","previousOperationId":"4e0pq0is34ausyc"}
{"type":"log","timestamp":1705507881718,"level":"info","message":"pdf-utils pdf processing was finished","meta":{"rootId":"af22trpl78i49oa","id":"af22trpl78i49oa"},"id":"bysmu697cnaatc8","previousOperationId":"zg98ju8d7mcj39z"}
{"type":"log","timestamp":1705507881718,"level":"debug","message":"Skipping storing report.","meta":{"rootId":"af22trpl78i49oa","id":"af22trpl78i49oa"},"id":"mgk4tr228fr1mf5","previousOperationId":"zg98ju8d7mcj39z"}
{"type":"log","timestamp":1705507881718,"level":"info","message":"Rendering request 30 finished in 4444 ms","meta":{"rootId":"af22trpl78i49oa","id":"af22trpl78i49oa"},"id":"hfxutmccmkwx5jk","previousOperationId":"zg98ju8d7mcj39z"}
{"type":"operationEnd","subtype":"render","operationId":"ijumd6de7wanfex","timestamp":1705507881718,"id":"918gpy0py2rgnpg","previousEventId":"txoih8anuz21yt7","previousOperationId":"zg98ju8d7mcj39z"}
{"type":"operationEnd","doDiffs":false,"previousEventId":"i8spybjpu9jexqi","previousOperationId":"5icmqxhvsovf9jm","operationId":"5icmqxhvsovf9jm","timestamp":1705507881727,"id":"7susg3f8xjwauvc"}
