{"type":"operationStart","subtype":"profile","data":{"_id":"AiyKtpdNE12ALHoM","timestamp":"2024-02-21T19:07:54.069Z","state":"queued","mode":"standard","creationDate":"2024-02-21T19:07:54.071Z","modificationDate":"2024-02-21T19:07:54.071Z","shortid":"3hdhs5U","$entitySet":"profiles"},"doDiffs":false,"timestamp":1708542474070,"id":"3wd8bbxiq5ugdeg","previousOperationId":null,"operationId":"qwrzw2yp53s0gaw"}
{"type":"log","level":"info","message":"Render request 24 queued for execution and waiting for available worker","previousOperationId":"qwrzw2yp53s0gaw","timestamp":1708542474070,"id":"u6cszs3t6znc6dq"}
{"type":"operationStart","subtype":"render","name":"orders-main","previousOperationId":"qwrzw2yp53s0gaw","timestamp":1708542474077,"id":"emk7p0czhbbgxjt","previousEventId":"3wd8bbxiq5ugdeg","operationId":"j03sg73hnvk1qhk"}
{"type":"log","timestamp":1708542474078,"level":"info","message":"Starting rendering request 24","meta":{"rootId":"aie0crov65yaghg","id":"aie0crov65yaghg"},"id":"4ixugcezt0354sk","previousOperationId":"j03sg73hnvk1qhk"}
{"type":"log","timestamp":1708542474079,"level":"info","message":"Rendering template { name: orders-main, recipe: chrome-pdf, engine: handlebars, preview: false }","meta":{"rootId":"aie0crov65yaghg","id":"aie0crov65yaghg"},"id":"nwkei00y1o9sken","previousOperationId":"j03sg73hnvk1qhk"}
{"type":"log","timestamp":1708542474080,"level":"debug","message":"Data item not defined for this template.","meta":{"rootId":"aie0crov65yaghg","id":"aie0crov65yaghg"},"id":"h1jsnqsqoowgqwu","previousOperationId":"j03sg73hnvk1qhk"}
{"type":"log","timestamp":1708542474082,"level":"debug","message":"Executing script orders-script (beforeRender)","meta":{"rootId":"aie0crov65yaghg","id":"aie0crov65yaghg"},"id":"4nde1unapbehfn2","previousOperationId":"j03sg73hnvk1qhk"}
{"type":"operationStart","subtype":"scriptsBeforeRender","name":"scripts beforeRender","timestamp":1708542474098,"id":"8a1ftrrixv3dfj4","previousEventId":"emk7p0czhbbgxjt","operationId":"1tsyutqgf9skq6g","previousOperationId":"j03sg73hnvk1qhk"}
{"type":"operationStart","subtype":"script","name":"scripts orders-script","previousOperationId":"1tsyutqgf9skq6g","timestamp":1708542474098,"id":"phtmo1l860ax7wy","previousEventId":"8a1ftrrixv3dfj4","operationId":"ps9l7uiuusx1h2l"}
{"type":"log","timestamp":1708542474108,"level":"debug","message":"(console:log) [ 'ola', 'oola', 'Race1', 'Race2' ]","meta":{"userLevel":true,"rootId":"aie0crov65yaghg","id":"aie0crov65yaghg"},"id":"o52haizju8csicm","previousOperationId":"ps9l7uiuusx1h2l"}
{"type":"log","timestamp":1708542474108,"level":"debug","message":"(console:log) [ 0, 0, 1, 1 ]","meta":{"userLevel":true,"rootId":"aie0crov65yaghg","id":"aie0crov65yaghg"},"id":"y2ow4osbmhhpwxf","previousOperationId":"ps9l7uiuusx1h2l"}
{"type":"operationEnd","operationId":"ps9l7uiuusx1h2l","timestamp":1708542474108,"id":"gpoydoux3ix89ef","previousEventId":"emk7p0czhbbgxjt","previousOperationId":"j03sg73hnvk1qhk"}
{"type":"operationEnd","operationId":"1tsyutqgf9skq6g","timestamp":1708542474108,"id":"01d5ytt49xdwxn7","previousEventId":"gpoydoux3ix89ef","previousOperationId":"j03sg73hnvk1qhk"}
{"type":"log","timestamp":1708542474108,"level":"debug","message":"Base url not specified, skipping its injection.","meta":{"rootId":"aie0crov65yaghg","id":"aie0crov65yaghg"},"id":"38zfxmm4q2tcpjq","previousOperationId":"1tsyutqgf9skq6g"}
{"type":"operationStart","subtype":"engine","name":"handlebars","timestamp":1708542474108,"id":"0demi0znkg03ak6","previousEventId":"01d5ytt49xdwxn7","operationId":"8eo1y9ecn4l5j9o","previousOperationId":"1tsyutqgf9skq6g"}
{"type":"log","timestamp":1708542474108,"level":"debug","message":"Rendering engine handlebars","meta":{"rootId":"aie0crov65yaghg","id":"aie0crov65yaghg"},"id":"mx0b45gujkxzut7","previousOperationId":"8eo1y9ecn4l5j9o"}
{"type":"log","timestamp":1708542474112,"level":"debug","message":"(console:log) Pdf utils adding group field, value: \"ola\"","meta":{"userLevel":true,"rootId":"aie0crov65yaghg","id":"aie0crov65yaghg"},"id":"1ejkmdfbks749ne","previousOperationId":"8eo1y9ecn4l5j9o"}
{"type":"log","timestamp":1708542474112,"level":"debug","message":"(console:log) Pdf utils adding group field, value: \"oola\"","meta":{"userLevel":true,"rootId":"aie0crov65yaghg","id":"aie0crov65yaghg"},"id":"5bgqlr06b9zwakc","previousOperationId":"8eo1y9ecn4l5j9o"}
{"type":"log","timestamp":1708542474113,"level":"debug","message":"(console:log) Pdf utils adding group field, value: \"Race1\"","meta":{"userLevel":true,"rootId":"aie0crov65yaghg","id":"aie0crov65yaghg"},"id":"mu9hu8x2i87loly","previousOperationId":"8eo1y9ecn4l5j9o"}
{"type":"log","timestamp":1708542474113,"level":"debug","message":"(console:log) Pdf utils adding group field, value: \"Race2\"","meta":{"userLevel":true,"rootId":"aie0crov65yaghg","id":"aie0crov65yaghg"},"id":"s1r0pc3473uzgif","previousOperationId":"8eo1y9ecn4l5j9o"}
{"type":"operationEnd","operationId":"8eo1y9ecn4l5j9o","timestamp":1708542474113,"id":"eei119e5us7e97n","previousEventId":"0demi0znkg03ak6","previousOperationId":"8eo1y9ecn4l5j9o"}
{"type":"operationStart","subtype":"recipe","name":"chrome-pdf","timestamp":1708542474113,"id":"adp55o2df1gyl4a","previousEventId":"eei119e5us7e97n","operationId":"215j4lbxo5kkwsk","previousOperationId":"8eo1y9ecn4l5j9o"}
{"type":"log","timestamp":1708542474113,"level":"debug","message":"Executing recipe chrome-pdf","meta":{"rootId":"aie0crov65yaghg","id":"aie0crov65yaghg"},"id":"jgjftthj4l2itbf","previousOperationId":"215j4lbxo5kkwsk"}
{"type":"log","timestamp":1708542474115,"level":"debug","message":"Converting with chrome HeadlessChrome/117.0.5938.149 using chrome-pool strategy","meta":{"rootId":"aie0crov65yaghg","id":"aie0crov65yaghg"},"id":"k0br67zr6l6drhc","previousOperationId":"215j4lbxo5kkwsk"}
{"type":"log","timestamp":1708542474162,"level":"debug","message":"Page request: GET (document) file:///var/folders/tp/6hccbwhd41s4hkmxw_2wkz640000gn/T/jsreport/autocleanup/309e6bbd-3a5d-48e8-9d87-4abf8eab1396-chrome-pdf.html","meta":{"rootId":"aie0crov65yaghg","id":"aie0crov65yaghg"},"id":"zblnzgy02fkcz8z","previousOperationId":"215j4lbxo5kkwsk"}
{"type":"log","timestamp":1708542474167,"level":"debug","message":"Page request: GET (stylesheet) https://cdnjs.cloudflare.com/ajax/libs/metro/4.1.5/css/metro.min.css","meta":{"rootId":"aie0crov65yaghg","id":"aie0crov65yaghg"},"id":"0fwq0ydm800v38h","previousOperationId":"215j4lbxo5kkwsk"}
{"type":"log","timestamp":1708542474168,"level":"debug","message":"Page request: GET (script) https://cdn.jsdelivr.net/npm/chart.js","meta":{"rootId":"aie0crov65yaghg","id":"aie0crov65yaghg"},"id":"jo33i3k5l63geh7","previousOperationId":"215j4lbxo5kkwsk"}
{"type":"log","timestamp":1708542474168,"level":"debug","message":"Page request finished: GET (document) 200 file:///var/folders/tp/6hccbwhd41s4hkmxw_2wkz640000gn/T/jsreport/autocleanup/309e6bbd-3a5d-48e8-9d87-4abf8eab1396-chrome-pdf.html","meta":{"rootId":"aie0crov65yaghg","id":"aie0crov65yaghg"},"id":"4vcstzg8jtcjskg","previousOperationId":"215j4lbxo5kkwsk"}
{"type":"log","timestamp":1708542474176,"level":"debug","message":"Page request finished: GET (stylesheet) 200 https://cdnjs.cloudflare.com/ajax/libs/metro/4.1.5/css/metro.min.css","meta":{"rootId":"aie0crov65yaghg","id":"aie0crov65yaghg"},"id":"mb2bykbtqgzqblf","previousOperationId":"215j4lbxo5kkwsk"}
{"type":"log","timestamp":1708542474176,"level":"debug","message":"Page request finished: GET (script) 200 https://cdn.jsdelivr.net/npm/chart.js","meta":{"rootId":"aie0crov65yaghg","id":"aie0crov65yaghg"},"id":"hwo3kjcvvt0fxbk","previousOperationId":"215j4lbxo5kkwsk"}
{"type":"log","timestamp":1708542474224,"level":"debug","message":"Running chrome with params {\"printBackground\":true,\"marginTop\":\"4cm\",\"marginRight\":\"1.5cm\",\"marginBottom\":\"1.5cm\",\"marginLeft\":\"1.5cm\",\"waitForJS\":false,\"timeout\":59955,\"margin\":{\"top\":\"4cm\",\"right\":\"1.5cm\",\"bottom\":\"1.5cm\",\"left\":\"1.5cm\"}}","meta":{"rootId":"aie0crov65yaghg","id":"aie0crov65yaghg"},"id":"9i7zb6s47udbq8d","previousOperationId":"215j4lbxo5kkwsk"}
{"type":"operationEnd","operationId":"215j4lbxo5kkwsk","timestamp":1708542474258,"id":"mwsolmnttf3nsrn","previousEventId":"adp55o2df1gyl4a","previousOperationId":"215j4lbxo5kkwsk"}
{"type":"log","timestamp":1708542474258,"level":"info","message":"pdf-utils is starting pdf processing","meta":{"rootId":"aie0crov65yaghg","id":"aie0crov65yaghg"},"id":"xykjuq1243mhkk6","previousOperationId":"215j4lbxo5kkwsk"}
{"type":"operationStart","subtype":"pdfUtils","name":"pdf utils","timestamp":1708542474258,"id":"gd61ajzyrljp8tg","previousEventId":"mwsolmnttf3nsrn","operationId":"8zwugcocrfty02b","previousOperationId":"215j4lbxo5kkwsk"}
{"type":"log","timestamp":1708542474258,"level":"debug","message":"pdf-utils detected 1 pdf operation(s) to process","meta":{"rootId":"aie0crov65yaghg","id":"aie0crov65yaghg"},"id":"87mmnbgkw4qiixp","previousOperationId":"8zwugcocrfty02b"}
{"type":"log","timestamp":1708542474297,"level":"debug","message":"pdf-utils running pdf operation merge","meta":{"rootId":"aie0crov65yaghg","id":"aie0crov65yaghg"},"id":"4a40ob0pnoe5me7","previousOperationId":"8zwugcocrfty02b"}
{"type":"operationStart","subtype":"pdfUtilsMerge","name":"pdf utils merge","previousOperationId":"8zwugcocrfty02b","timestamp":1708542474297,"id":"hqumctlatyqni28","previousEventId":"gd61ajzyrljp8tg","operationId":"31bjcxasswal3yf"}
{"type":"operationStart","subtype":"render","name":"orders-header","previousOperationId":"31bjcxasswal3yf","timestamp":1708542474298,"id":"74zcwix6k6swzsr","previousEventId":"hqumctlatyqni28","operationId":"4ofo7pkl6k9flo7"}
{"type":"log","timestamp":1708542474298,"level":"info","message":"Starting rendering (child) request","meta":{"rootId":"aie0crov65yaghg","id":"uszm32npy4tt9ja"},"id":"wgsr6s608moqa7n","previousOperationId":"4ofo7pkl6k9flo7"}
{"type":"log","timestamp":1708542474298,"level":"info","message":"Rendering template { name: orders-header, recipe: chrome-pdf, engine: handlebars, preview: false }","meta":{"rootId":"aie0crov65yaghg","id":"uszm32npy4tt9ja"},"id":"jpi3gn7jy4zf32b","previousOperationId":"4ofo7pkl6k9flo7"}
{"type":"log","timestamp":1708542474298,"level":"debug","message":"Inline data specified.","meta":{"rootId":"aie0crov65yaghg","id":"uszm32npy4tt9ja"},"id":"b7o08v87gkwflmx","previousOperationId":"4ofo7pkl6k9flo7"}
{"type":"log","timestamp":1708542474298,"level":"debug","message":"Base url not specified, skipping its injection.","meta":{"rootId":"aie0crov65yaghg","id":"uszm32npy4tt9ja"},"id":"udmj1f3kz1iww75","previousOperationId":"4ofo7pkl6k9flo7"}
{"type":"operationStart","subtype":"engine","name":"handlebars","timestamp":1708542474298,"id":"g06fu99ch9lro8y","previousEventId":"74zcwix6k6swzsr","operationId":"48a07brb8d9y2za","previousOperationId":"4ofo7pkl6k9flo7"}
{"type":"log","timestamp":1708542474298,"level":"debug","message":"Rendering engine handlebars","meta":{"rootId":"aie0crov65yaghg","id":"uszm32npy4tt9ja"},"id":"88939oopxovcydn","previousOperationId":"48a07brb8d9y2za"}
{"type":"operationEnd","operationId":"48a07brb8d9y2za","timestamp":1708542474301,"id":"y99qec1hiien7z2","previousEventId":"g06fu99ch9lro8y","previousOperationId":"48a07brb8d9y2za"}
{"type":"operationStart","subtype":"recipe","name":"chrome-pdf","timestamp":1708542474301,"id":"hb9wj7ehimvp5nx","previousEventId":"y99qec1hiien7z2","operationId":"z6sxuzbtv6bkwrx","previousOperationId":"48a07brb8d9y2za"}
{"type":"log","timestamp":1708542474301,"level":"debug","message":"Executing recipe chrome-pdf","meta":{"rootId":"aie0crov65yaghg","id":"uszm32npy4tt9ja"},"id":"p8x0zetzihwy943","previousOperationId":"z6sxuzbtv6bkwrx"}
{"type":"log","timestamp":1708542474302,"level":"debug","message":"Converting with chrome HeadlessChrome/117.0.5938.149 using chrome-pool strategy","meta":{"rootId":"aie0crov65yaghg","id":"uszm32npy4tt9ja"},"id":"e1t7dwnkf926t7k","previousOperationId":"z6sxuzbtv6bkwrx"}
{"type":"log","timestamp":1708542474339,"level":"debug","message":"Page request: GET (document) file:///var/folders/tp/6hccbwhd41s4hkmxw_2wkz640000gn/T/jsreport/autocleanup/31ea3b6c-933a-46a9-b724-04663df34e1f-chrome-pdf.html","meta":{"rootId":"aie0crov65yaghg","id":"uszm32npy4tt9ja"},"id":"cebrzcoxr52spwk","previousOperationId":"z6sxuzbtv6bkwrx"}
{"type":"log","timestamp":1708542474344,"level":"debug","message":"Page request: GET (stylesheet) https://cdnjs.cloudflare.com/ajax/libs/metro/4.1.5/css/metro.min.css","meta":{"rootId":"aie0crov65yaghg","id":"uszm32npy4tt9ja"},"id":"15ptr5vtzkoia7w","previousOperationId":"z6sxuzbtv6bkwrx"}
{"type":"log","timestamp":1708542474344,"level":"debug","message":"Page request finished: GET (document) 200 file:///var/folders/tp/6hccbwhd41s4hkmxw_2wkz640000gn/T/jsreport/autocleanup/31ea3b6c-933a-46a9-b724-04663df34e1f-chrome-pdf.html","meta":{"rootId":"aie0crov65yaghg","id":"uszm32npy4tt9ja"},"id":"he5aa82rjimdu2q","previousOperationId":"z6sxuzbtv6bkwrx"}
{"type":"log","timestamp":1708542474351,"level":"debug","message":"Page request finished: GET (stylesheet) 200 https://cdnjs.cloudflare.com/ajax/libs/metro/4.1.5/css/metro.min.css","meta":{"rootId":"aie0crov65yaghg","id":"uszm32npy4tt9ja"},"id":"spgl6bd9x3cqpzm","previousOperationId":"z6sxuzbtv6bkwrx"}
{"type":"log","timestamp":1708542474368,"level":"debug","message":"Running chrome with params {\"printBackground\":true,\"marginTop\":\"1.5cm\",\"marginRight\":\"1.5cm\",\"marginLeft\":\"1.cm\",\"timeout\":59767,\"margin\":{\"top\":\"1.5cm\",\"right\":\"1.5cm\",\"left\":\"1.cm\"}}","meta":{"rootId":"aie0crov65yaghg","id":"uszm32npy4tt9ja"},"id":"aa8cbosfgr3v2cz","previousOperationId":"z6sxuzbtv6bkwrx"}
{"type":"operationEnd","operationId":"z6sxuzbtv6bkwrx","timestamp":1708542474386,"id":"h64iknuqmm89b2h","previousEventId":"hb9wj7ehimvp5nx","previousOperationId":"z6sxuzbtv6bkwrx"}
{"type":"log","timestamp":1708542474386,"level":"debug","message":"Skipping storing report.","meta":{"rootId":"aie0crov65yaghg","id":"uszm32npy4tt9ja"},"id":"bhcbs91xq1vl2t5","previousOperationId":"z6sxuzbtv6bkwrx"}
{"type":"log","timestamp":1708542474386,"level":"info","message":"Rendering (child) request finished in 317 ms","meta":{"rootId":"aie0crov65yaghg","id":"uszm32npy4tt9ja"},"id":"xsc7hsekf7rt4qb","previousOperationId":"z6sxuzbtv6bkwrx"}
{"type":"operationEnd","subtype":"render","operationId":"4ofo7pkl6k9flo7","timestamp":1708542474386,"id":"oqcbjlbyvors2pu","previousEventId":"h64iknuqmm89b2h","previousOperationId":"z6sxuzbtv6bkwrx"}
{"type":"operationEnd","operationId":"31bjcxasswal3yf","timestamp":1708542474410,"id":"1i0kpei29vbs6u5","previousEventId":"hqumctlatyqni28","previousOperationId":"31bjcxasswal3yf"}
{"type":"log","timestamp":1708542474410,"level":"debug","message":"pdf-utils postproces start","meta":{"rootId":"aie0crov65yaghg","id":"aie0crov65yaghg"},"id":"009l0kz4jq9apc3","previousOperationId":"31bjcxasswal3yf"}
{"type":"log","timestamp":1708542474436,"level":"debug","message":"pdf-utils postproces end","meta":{"rootId":"aie0crov65yaghg","id":"aie0crov65yaghg"},"id":"3s3kfb5n5p2g8ik","previousOperationId":"31bjcxasswal3yf"}
{"type":"operationEnd","operationId":"8zwugcocrfty02b","timestamp":1708542474436,"id":"zn9fuagkiu61dwd","previousEventId":"1i0kpei29vbs6u5","previousOperationId":"31bjcxasswal3yf"}
{"type":"log","timestamp":1708542474436,"level":"info","message":"pdf-utils pdf processing was finished","meta":{"rootId":"aie0crov65yaghg","id":"aie0crov65yaghg"},"id":"71pipqggk5on87l","previousOperationId":"8zwugcocrfty02b"}
{"type":"log","timestamp":1708542474436,"level":"debug","message":"Skipping storing report.","meta":{"rootId":"aie0crov65yaghg","id":"aie0crov65yaghg"},"id":"6ethqhwd8qqrfhu","previousOperationId":"8zwugcocrfty02b"}
{"type":"log","timestamp":1708542474436,"level":"info","message":"Rendering request 24 finished in 367 ms","meta":{"rootId":"aie0crov65yaghg","id":"aie0crov65yaghg"},"id":"jqshks7carqvicu","previousOperationId":"8zwugcocrfty02b"}
{"type":"operationEnd","subtype":"render","operationId":"j03sg73hnvk1qhk","timestamp":1708542474436,"id":"ubrv141j69qrba4","previousEventId":"zn9fuagkiu61dwd","previousOperationId":"8zwugcocrfty02b"}
{"type":"operationEnd","doDiffs":false,"previousEventId":"3wd8bbxiq5ugdeg","previousOperationId":"qwrzw2yp53s0gaw","operationId":"qwrzw2yp53s0gaw","timestamp":1708542474437,"id":"tt2vwpgwilgzsqb"}
