{"type":"operationStart","subtype":"profile","data":{"_id":"U8E1ayZuXPcJbG3b","timestamp":"2024-01-18T20:02:24.628Z","state":"queued","mode":"standard","creationDate":"2024-01-18T20:02:24.633Z","modificationDate":"2024-01-18T20:02:24.633Z","shortid":"F0DjsGU","$entitySet":"profiles"},"doDiffs":false,"timestamp":1705608144629,"id":"azno4mvc90h68rz","previousOperationId":null,"operationId":"xh9pkn2gkzrabqh"}
{"type":"log","level":"info","message":"Render request 2 queued for execution and waiting for available worker","previousOperationId":"xh9pkn2gkzrabqh","timestamp":1705608144630,"id":"vjcpp0qm6pwuxa2"}
{"type":"operationStart","subtype":"render","name":"orders-main","previousOperationId":"xh9pkn2gkzrabqh","timestamp":1705608144651,"id":"0maormb9d3do4ds","previousEventId":"azno4mvc90h68rz","operationId":"nj1kzhji1a2lgai"}
{"type":"log","timestamp":1705608144653,"level":"info","message":"Starting rendering request 2","meta":{"rootId":"as7iddsytc8nn5w","id":"as7iddsytc8nn5w"},"id":"8j98khhpe04cjsp","previousOperationId":"nj1kzhji1a2lgai"}
{"type":"log","timestamp":1705608144655,"level":"info","message":"Rendering template { name: orders-main, recipe: chrome-pdf, engine: handlebars, preview: true }","meta":{"rootId":"as7iddsytc8nn5w","id":"as7iddsytc8nn5w"},"id":"0yf31ujprpfxbpe","previousOperationId":"nj1kzhji1a2lgai"}
{"type":"log","timestamp":1705608144660,"level":"debug","message":"Data item not defined for this template.","meta":{"rootId":"as7iddsytc8nn5w","id":"as7iddsytc8nn5w"},"id":"fkexjkkm21no5gg","previousOperationId":"nj1kzhji1a2lgai"}
{"type":"log","timestamp":1705608144668,"level":"debug","message":"Executing script orders-script (beforeRender)","meta":{"rootId":"as7iddsytc8nn5w","id":"as7iddsytc8nn5w"},"id":"jkodcglohdxd47z","previousOperationId":"nj1kzhji1a2lgai"}
{"type":"operationStart","subtype":"scriptsBeforeRender","name":"scripts beforeRender","timestamp":1705608145264,"id":"iwjbjwspo0pbsit","previousEventId":"0maormb9d3do4ds","operationId":"dogpo1utw72s7ha","previousOperationId":"nj1kzhji1a2lgai"}
{"type":"operationStart","subtype":"script","name":"scripts orders-script","previousOperationId":"dogpo1utw72s7ha","timestamp":1705608145264,"id":"g67boqcnzpdsczv","previousEventId":"iwjbjwspo0pbsit","operationId":"zk66roc2rgnyn4h"}
{"type":"log","timestamp":1705608145309,"level":"debug","message":"(console:log) [ 'Race1', 'Race2' ]","meta":{"userLevel":true,"rootId":"as7iddsytc8nn5w","id":"as7iddsytc8nn5w"},"id":"v167jf897uvs40r","previousOperationId":"zk66roc2rgnyn4h"}
{"type":"log","timestamp":1705608145310,"level":"debug","message":"(console:log) [ 2, 1 ]","meta":{"userLevel":true,"rootId":"as7iddsytc8nn5w","id":"as7iddsytc8nn5w"},"id":"edt5su8ma86bi4c","previousOperationId":"zk66roc2rgnyn4h"}
{"type":"operationEnd","operationId":"zk66roc2rgnyn4h","timestamp":1705608145319,"id":"wwkgx7gj78t1j4m","previousEventId":"0maormb9d3do4ds","previousOperationId":"nj1kzhji1a2lgai"}
{"type":"operationEnd","operationId":"dogpo1utw72s7ha","timestamp":1705608145320,"id":"nbrfe8mcz13rlfy","previousEventId":"wwkgx7gj78t1j4m","previousOperationId":"nj1kzhji1a2lgai"}
{"type":"log","timestamp":1705608145320,"level":"debug","message":"Base url not specified, skipping its injection.","meta":{"rootId":"as7iddsytc8nn5w","id":"as7iddsytc8nn5w"},"id":"9lvacku5ig6m6f0","previousOperationId":"dogpo1utw72s7ha"}
{"type":"operationStart","subtype":"engine","name":"handlebars","timestamp":1705608145320,"id":"j2ouger3vkt0jiw","previousEventId":"nbrfe8mcz13rlfy","operationId":"kxzigiin3pf1o25","previousOperationId":"dogpo1utw72s7ha"}
{"type":"log","timestamp":1705608145320,"level":"debug","message":"Rendering engine handlebars","meta":{"rootId":"as7iddsytc8nn5w","id":"as7iddsytc8nn5w"},"id":"oe5hetsbort90dw","previousOperationId":"kxzigiin3pf1o25"}
{"type":"log","timestamp":1705608145851,"level":"debug","message":"(console:log) Pdf utils adding group field, value: \"Race1\"","meta":{"userLevel":true,"rootId":"as7iddsytc8nn5w","id":"as7iddsytc8nn5w"},"id":"g0crei0fui2223l","previousOperationId":"kxzigiin3pf1o25"}
{"type":"log","timestamp":1705608145851,"level":"debug","message":"(console:log) Pdf utils adding group field, value: \"Race2\"","meta":{"userLevel":true,"rootId":"as7iddsytc8nn5w","id":"as7iddsytc8nn5w"},"id":"s6dy02yens3xogt","previousOperationId":"kxzigiin3pf1o25"}
{"type":"operationEnd","operationId":"kxzigiin3pf1o25","timestamp":1705608145852,"id":"4obznmy0pdoqgdd","previousEventId":"j2ouger3vkt0jiw","previousOperationId":"kxzigiin3pf1o25"}
{"type":"operationStart","subtype":"recipe","name":"chrome-pdf","timestamp":1705608145854,"id":"ra64vfhulvgdchs","previousEventId":"4obznmy0pdoqgdd","operationId":"18u27sz9ld5zpz6","previousOperationId":"kxzigiin3pf1o25"}
{"type":"log","timestamp":1705608145854,"level":"debug","message":"Executing recipe chrome-pdf","meta":{"rootId":"as7iddsytc8nn5w","id":"as7iddsytc8nn5w"},"id":"8deq3tphd3q1c7i","previousOperationId":"18u27sz9ld5zpz6"}
{"type":"log","timestamp":1705608146617,"level":"debug","message":"Converting with chrome HeadlessChrome/117.0.5938.149 using chrome-pool strategy","meta":{"rootId":"as7iddsytc8nn5w","id":"as7iddsytc8nn5w"},"id":"nj13jlddkx3b7no","previousOperationId":"18u27sz9ld5zpz6"}
{"type":"log","timestamp":1705608147272,"level":"debug","message":"(console:error) Error enviando el correo electrónico: Error: Invalid login: 535-5.7.8 Username and Password not accepted. For more information, go to\n535 5.7.8  https://support.google.com/mail/?p=BadCredentials f3-20020a1709062c4300b00a2af287c6b8sm9600142ejh.16 - gsmtp\n    at SMTPConnection._formatError (C:\\Users\\Daniel Mesa\\Desktop\\proyecto\\mitca\\jsreportapp\\node_modules\\nodemailer\\lib\\smtp-connection\\index.js:790:19)\n    at SMTPConnection._actionAUTHComplete (C:\\Users\\Daniel Mesa\\Desktop\\proyecto\\mitca\\jsreportapp\\node_modules\\nodemailer\\lib\\smtp-connection\\index.js:1564:34)\n    at SMTPConnection.<anonymous> (C:\\Users\\Daniel Mesa\\Desktop\\proyecto\\mitca\\jsreportapp\\node_modules\\nodemailer\\lib\\smtp-connection\\index.js:546:26)\n    at SMTPConnection._processResponse (C:\\Users\\Daniel Mesa\\Desktop\\proyecto\\mitca\\jsreportapp\\node_modules\\nodemailer\\lib\\smtp-connection\\index.js:969:20)\n    at SMTPConnection._onData (C:\\Users\\Daniel Mesa\\Desktop\\proyecto\\mitca\\jsreportapp\\node_modules\\nodemailer\\lib\\smtp-connection\\index.js:755:14)\n    at SMTPConnection._onSocketData (C:\\Users\\Daniel Mesa\\Desktop\\proyecto\\mitca\\jsreportapp\\node_modules\\nodemailer\\lib\\smtp-connection\\index.js:193:44)\n    at TLSSocket.emit (node:events:514:28)\n    at addChunk (node:internal/streams/readable:324:12)\n    at readableAddChunk (node:internal/streams/readable:297:9)\n    at Readable.push (node:internal/streams/readable:234:10) {\n  code: 'EAUTH',\n  response: '535-5.7.8 Username and Password not accepted. For more information, go to\\n' +\n    '535 5.7.8  https://support.google.com/mail/?p=BadCredentials f3-20020a1709062c4300b00a2af287c6b8sm9600142ejh.16 - gsmtp',\n  responseCode: 535,\n  command: 'AUTH PLAIN'\n}","meta":{"userLevel":true,"rootId":"as7iddsytc8nn5w","id":"as7iddsytc8nn5w"},"id":"1oozns8a3vbzip9","previousOperationId":"18u27sz9ld5zpz6"}
{"type":"log","timestamp":1705608148323,"level":"debug","message":"Page request: GET (document) file:///C:/Users/DANIEL~1/AppData/Local/Temp/jsreport/autocleanup/14cb9d7a-0a97-4c16-850a-5994158150af-chrome-pdf.html","meta":{"rootId":"as7iddsytc8nn5w","id":"as7iddsytc8nn5w"},"id":"zn1t4ybfujw29s9","previousOperationId":"18u27sz9ld5zpz6"}
{"type":"log","timestamp":1705608148399,"level":"debug","message":"Page request: GET (stylesheet) https://cdnjs.cloudflare.com/ajax/libs/metro/4.1.5/css/metro.min.css","meta":{"rootId":"as7iddsytc8nn5w","id":"as7iddsytc8nn5w"},"id":"yty3siutkdeuiky","previousOperationId":"18u27sz9ld5zpz6"}
{"type":"log","timestamp":1705608148402,"level":"debug","message":"Page request finished: GET (document) 200 file:///C:/Users/DANIEL~1/AppData/Local/Temp/jsreport/autocleanup/14cb9d7a-0a97-4c16-850a-5994158150af-chrome-pdf.html","meta":{"rootId":"as7iddsytc8nn5w","id":"as7iddsytc8nn5w"},"id":"8lxrcstgqx5zxbo","previousOperationId":"18u27sz9ld5zpz6"}
{"type":"log","timestamp":1705608148402,"level":"debug","message":"Page request: GET (script) https://cdn.jsdelivr.net/npm/chart.js","meta":{"rootId":"as7iddsytc8nn5w","id":"as7iddsytc8nn5w"},"id":"0plaohlph88l1j9","previousOperationId":"18u27sz9ld5zpz6"}
{"type":"log","timestamp":1705608148781,"level":"debug","message":"Page request finished: GET (stylesheet) 200 https://cdnjs.cloudflare.com/ajax/libs/metro/4.1.5/css/metro.min.css","meta":{"rootId":"as7iddsytc8nn5w","id":"as7iddsytc8nn5w"},"id":"yqkcr6wt81yjqby","previousOperationId":"18u27sz9ld5zpz6"}
{"type":"log","timestamp":1705608148863,"level":"debug","message":"Page request finished: GET (script) 200 https://cdn.jsdelivr.net/npm/chart.js","meta":{"rootId":"as7iddsytc8nn5w","id":"as7iddsytc8nn5w"},"id":"qg9pgbdq9xuzwl9","previousOperationId":"18u27sz9ld5zpz6"}
{"type":"log","timestamp":1705608148879,"level":"warn","message":"Page error: Unexpected token ';' , stack: SyntaxError: Unexpected token ';'","meta":{"rootId":"as7iddsytc8nn5w","id":"as7iddsytc8nn5w"},"id":"yk4xpv3z7bm0mil","previousOperationId":"18u27sz9ld5zpz6"}
{"type":"log","timestamp":1705608148966,"level":"debug","message":"Running chrome with params {\"printBackground\":true,\"marginTop\":\"4cm\",\"marginRight\":\"1.5cm\",\"marginBottom\":\"1.5cm\",\"marginLeft\":\"1.5cm\",\"waitForJS\":false,\"timeout\":58240,\"margin\":{\"top\":\"4cm\",\"right\":\"1.5cm\",\"bottom\":\"1.5cm\",\"left\":\"1.5cm\"}}","meta":{"rootId":"as7iddsytc8nn5w","id":"as7iddsytc8nn5w"},"id":"tsbdn3nn896t5af","previousOperationId":"18u27sz9ld5zpz6"}
{"type":"operationEnd","operationId":"18u27sz9ld5zpz6","timestamp":1705608149212,"id":"915g0ivgz4b6vtt","previousEventId":"ra64vfhulvgdchs","previousOperationId":"18u27sz9ld5zpz6"}
{"type":"log","timestamp":1705608149213,"level":"info","message":"pdf-utils is starting pdf processing","meta":{"rootId":"as7iddsytc8nn5w","id":"as7iddsytc8nn5w"},"id":"umnil0sfu7rg8q7","previousOperationId":"18u27sz9ld5zpz6"}
{"type":"operationStart","subtype":"pdfUtils","name":"pdf utils","timestamp":1705608149938,"id":"w7dhrj1i4e52f5a","previousEventId":"915g0ivgz4b6vtt","operationId":"rj9n7f4jxyjh0z2","previousOperationId":"18u27sz9ld5zpz6"}
{"type":"log","timestamp":1705608149939,"level":"debug","message":"pdf-utils detected 1 pdf operation(s) to process","meta":{"rootId":"as7iddsytc8nn5w","id":"as7iddsytc8nn5w"},"id":"v9o2g9b6i3liw7y","previousOperationId":"rj9n7f4jxyjh0z2"}
{"type":"log","timestamp":1705608150818,"level":"debug","message":"pdf-utils running pdf operation merge","meta":{"rootId":"as7iddsytc8nn5w","id":"as7iddsytc8nn5w"},"id":"hbr40zmi2g8ynjf","previousOperationId":"rj9n7f4jxyjh0z2"}
{"type":"operationStart","subtype":"pdfUtilsMerge","name":"pdf utils merge","previousOperationId":"rj9n7f4jxyjh0z2","timestamp":1705608150818,"id":"ckevl40ag2l24pc","previousEventId":"w7dhrj1i4e52f5a","operationId":"9okkydbt23idr0s"}
{"type":"operationStart","subtype":"render","name":"orders-header","previousOperationId":"9okkydbt23idr0s","timestamp":1705608150823,"id":"gh5k5cnwu3kylu2","previousEventId":"ckevl40ag2l24pc","operationId":"pdxzrkvoar53105"}
{"type":"log","timestamp":1705608150823,"level":"info","message":"Starting rendering (child) request","meta":{"rootId":"as7iddsytc8nn5w","id":"vcm9lp54174kqcp"},"id":"ttvfyqg55mvjkwq","previousOperationId":"pdxzrkvoar53105"}
{"type":"log","timestamp":1705608150824,"level":"info","message":"Rendering template { name: orders-header, recipe: chrome-pdf, engine: handlebars, preview: true }","meta":{"rootId":"as7iddsytc8nn5w","id":"vcm9lp54174kqcp"},"id":"tbpxlouwsaj8c7y","previousOperationId":"pdxzrkvoar53105"}
{"type":"log","timestamp":1705608150838,"level":"debug","message":"Inline data specified.","meta":{"rootId":"as7iddsytc8nn5w","id":"vcm9lp54174kqcp"},"id":"1nzwu0zzprxpta8","previousOperationId":"pdxzrkvoar53105"}
{"type":"log","timestamp":1705608150845,"level":"debug","message":"Base url not specified, skipping its injection.","meta":{"rootId":"as7iddsytc8nn5w","id":"vcm9lp54174kqcp"},"id":"zn89vno3j7k4g3q","previousOperationId":"pdxzrkvoar53105"}
{"type":"operationStart","subtype":"engine","name":"handlebars","timestamp":1705608150846,"id":"d19r9feuhr67usb","previousEventId":"gh5k5cnwu3kylu2","operationId":"lnlel4g3fgvvic1","previousOperationId":"pdxzrkvoar53105"}
{"type":"log","timestamp":1705608150846,"level":"debug","message":"Rendering engine handlebars","meta":{"rootId":"as7iddsytc8nn5w","id":"vcm9lp54174kqcp"},"id":"i8cskhcr291q80c","previousOperationId":"lnlel4g3fgvvic1"}
{"type":"operationEnd","operationId":"lnlel4g3fgvvic1","timestamp":1705608150937,"id":"8xjt8mvw1xk1zjl","previousEventId":"d19r9feuhr67usb","previousOperationId":"lnlel4g3fgvvic1"}
{"type":"operationStart","subtype":"recipe","name":"chrome-pdf","timestamp":1705608150937,"id":"rc9ciystex54ddt","previousEventId":"8xjt8mvw1xk1zjl","operationId":"fuvdx6b64yf5sgm","previousOperationId":"lnlel4g3fgvvic1"}
{"type":"log","timestamp":1705608150938,"level":"debug","message":"Executing recipe chrome-pdf","meta":{"rootId":"as7iddsytc8nn5w","id":"vcm9lp54174kqcp"},"id":"xjle4zzyntley26","previousOperationId":"fuvdx6b64yf5sgm"}
{"type":"log","timestamp":1705608150943,"level":"debug","message":"Converting with chrome HeadlessChrome/117.0.5938.149 using chrome-pool strategy","meta":{"rootId":"as7iddsytc8nn5w","id":"vcm9lp54174kqcp"},"id":"ph9uofv5m6nznv6","previousOperationId":"fuvdx6b64yf5sgm"}
{"type":"log","timestamp":1705608151187,"level":"debug","message":"Page request: GET (document) file:///C:/Users/DANIEL~1/AppData/Local/Temp/jsreport/autocleanup/cdd5981e-dadd-49b6-96ae-ce71d6592829-chrome-pdf.html","meta":{"rootId":"as7iddsytc8nn5w","id":"vcm9lp54174kqcp"},"id":"639t7xlxvcl7icz","previousOperationId":"fuvdx6b64yf5sgm"}
{"type":"log","timestamp":1705608151215,"level":"debug","message":"Page request finished: GET (document) 200 file:///C:/Users/DANIEL~1/AppData/Local/Temp/jsreport/autocleanup/cdd5981e-dadd-49b6-96ae-ce71d6592829-chrome-pdf.html","meta":{"rootId":"as7iddsytc8nn5w","id":"vcm9lp54174kqcp"},"id":"f9iz4fhihlfbzxi","previousOperationId":"fuvdx6b64yf5sgm"}
{"type":"log","timestamp":1705608151216,"level":"debug","message":"Page request: GET (stylesheet) https://cdnjs.cloudflare.com/ajax/libs/metro/4.1.5/css/metro.min.css","meta":{"rootId":"as7iddsytc8nn5w","id":"vcm9lp54174kqcp"},"id":"octpmzdpx8alf6l","previousOperationId":"fuvdx6b64yf5sgm"}
{"type":"log","timestamp":1705608151271,"level":"debug","message":"Page request finished: GET (stylesheet) 200 https://cdnjs.cloudflare.com/ajax/libs/metro/4.1.5/css/metro.min.css","meta":{"rootId":"as7iddsytc8nn5w","id":"vcm9lp54174kqcp"},"id":"xp8df7kiaxpgrl1","previousOperationId":"fuvdx6b64yf5sgm"}
{"type":"log","timestamp":1705608151333,"level":"debug","message":"Running chrome with params {\"printBackground\":true,\"marginTop\":\"1.5cm\",\"marginRight\":\"1.5cm\",\"marginLeft\":\"1.cm\",\"timeout\":53686,\"margin\":{\"top\":\"1.5cm\",\"right\":\"1.5cm\",\"left\":\"1.cm\"}}","meta":{"rootId":"as7iddsytc8nn5w","id":"vcm9lp54174kqcp"},"id":"p98x61bd86fm2gm","previousOperationId":"fuvdx6b64yf5sgm"}
{"type":"operationEnd","operationId":"fuvdx6b64yf5sgm","timestamp":1705608151452,"id":"dpa6rfsxgh7mq5y","previousEventId":"rc9ciystex54ddt","previousOperationId":"fuvdx6b64yf5sgm"}
{"type":"log","timestamp":1705608151455,"level":"debug","message":"Skipping storing report.","meta":{"rootId":"as7iddsytc8nn5w","id":"vcm9lp54174kqcp"},"id":"dq2t7gtaanivmst","previousOperationId":"fuvdx6b64yf5sgm"}
{"type":"log","timestamp":1705608151455,"level":"info","message":"Rendering (child) request finished in 6828 ms","meta":{"rootId":"as7iddsytc8nn5w","id":"vcm9lp54174kqcp"},"id":"sfuyel0apm5i55o","previousOperationId":"fuvdx6b64yf5sgm"}
{"type":"operationEnd","subtype":"render","operationId":"pdxzrkvoar53105","timestamp":1705608151456,"id":"suvjkziom1cmu27","previousEventId":"dpa6rfsxgh7mq5y","previousOperationId":"fuvdx6b64yf5sgm"}
{"type":"operationEnd","operationId":"9okkydbt23idr0s","timestamp":1705608151545,"id":"e4zkf1ggk024uns","previousEventId":"ckevl40ag2l24pc","previousOperationId":"9okkydbt23idr0s"}
{"type":"log","timestamp":1705608151546,"level":"debug","message":"pdf-utils postproces start","meta":{"rootId":"as7iddsytc8nn5w","id":"as7iddsytc8nn5w"},"id":"0f5a1jfcgcch8i1","previousOperationId":"9okkydbt23idr0s"}
{"type":"log","timestamp":1705608151609,"level":"debug","message":"pdf-utils postproces end","meta":{"rootId":"as7iddsytc8nn5w","id":"as7iddsytc8nn5w"},"id":"rd5xvo2lcgihl94","previousOperationId":"9okkydbt23idr0s"}
{"type":"operationEnd","operationId":"rj9n7f4jxyjh0z2","timestamp":1705608151610,"id":"mjbpu2slo1d9w34","previousEventId":"e4zkf1ggk024uns","previousOperationId":"9okkydbt23idr0s"}
{"type":"log","timestamp":1705608151610,"level":"info","message":"pdf-utils pdf processing was finished","meta":{"rootId":"as7iddsytc8nn5w","id":"as7iddsytc8nn5w"},"id":"7fxnesa92vy391w","previousOperationId":"rj9n7f4jxyjh0z2"}
{"type":"log","timestamp":1705608151610,"level":"debug","message":"Skipping storing report.","meta":{"rootId":"as7iddsytc8nn5w","id":"as7iddsytc8nn5w"},"id":"b1ft84p4zhbm4vx","previousOperationId":"rj9n7f4jxyjh0z2"}
{"type":"log","timestamp":1705608151610,"level":"info","message":"Rendering request 2 finished in 6983 ms","meta":{"rootId":"as7iddsytc8nn5w","id":"as7iddsytc8nn5w"},"id":"oukzmf8xkmq41df","previousOperationId":"rj9n7f4jxyjh0z2"}
{"type":"operationEnd","subtype":"render","operationId":"nj1kzhji1a2lgai","timestamp":1705608151610,"id":"stedy4mc1z7rrq8","previousEventId":"mjbpu2slo1d9w34","previousOperationId":"rj9n7f4jxyjh0z2"}
{"type":"operationEnd","doDiffs":false,"previousEventId":"azno4mvc90h68rz","previousOperationId":"xh9pkn2gkzrabqh","operationId":"xh9pkn2gkzrabqh","timestamp":1705608151647,"id":"d7sya6gtnqb34p5"}
