{"type":"operationStart","subtype":"profile","data":{"_id":"6r1v5g4U2w8GQIDG","timestamp":"2024-01-18T15:07:14.460Z","state":"queued","mode":"standard","creationDate":"2024-01-18T15:07:14.464Z","modificationDate":"2024-01-18T15:07:14.464Z","shortid":"Ti_gILh","$entitySet":"profiles"},"doDiffs":false,"timestamp":1705590434462,"id":"yzxn7kvccptp9lo","previousOperationId":null,"operationId":"5huby38u4mbdyj5"}
{"type":"log","level":"info","message":"Render request 31 queued for execution and waiting for available worker","previousOperationId":"5huby38u4mbdyj5","timestamp":1705590434462,"id":"xiobef36v1htxzg"}
{"type":"operationStart","subtype":"render","name":"orders-main","previousOperationId":"5huby38u4mbdyj5","timestamp":1705590434479,"id":"6uvzr8tif4xjsl4","previousEventId":"yzxn7kvccptp9lo","operationId":"hha8hl20e0oinmk"}
{"type":"log","timestamp":1705590434479,"level":"info","message":"Starting rendering request 31","meta":{"rootId":"b1lrhwe6f4n9dx7","id":"b1lrhwe6f4n9dx7"},"id":"tt6cet3vxeytqe8","previousOperationId":"hha8hl20e0oinmk"}
{"type":"log","timestamp":1705590434480,"level":"info","message":"Rendering template { name: orders-main, recipe: chrome-pdf, engine: handlebars, preview: true }","meta":{"rootId":"b1lrhwe6f4n9dx7","id":"b1lrhwe6f4n9dx7"},"id":"5ovu0f0jmyuxq9k","previousOperationId":"hha8hl20e0oinmk"}
{"type":"log","timestamp":1705590434481,"level":"debug","message":"Data item not defined for this template.","meta":{"rootId":"b1lrhwe6f4n9dx7","id":"b1lrhwe6f4n9dx7"},"id":"horjhyr0zz36evy","previousOperationId":"hha8hl20e0oinmk"}
{"type":"log","timestamp":1705590434485,"level":"debug","message":"Executing script orders-script (beforeRender)","meta":{"rootId":"b1lrhwe6f4n9dx7","id":"b1lrhwe6f4n9dx7"},"id":"qr6bzktyukm8y9j","previousOperationId":"hha8hl20e0oinmk"}
{"type":"operationStart","subtype":"scriptsBeforeRender","name":"scripts beforeRender","timestamp":1705590434508,"id":"qruuafsu1co7icn","previousEventId":"6uvzr8tif4xjsl4","operationId":"fplg1a2n3e4gxh1","previousOperationId":"hha8hl20e0oinmk"}
{"type":"operationStart","subtype":"script","name":"scripts orders-script","previousOperationId":"fplg1a2n3e4gxh1","timestamp":1705590434508,"id":"0j2evr4042u92ao","previousEventId":"qruuafsu1co7icn","operationId":"kffalav61q20yjd"}
{"type":"operationEnd","operationId":"kffalav61q20yjd","timestamp":1705590434526,"id":"53n3i0d19oopb2w","previousEventId":"6uvzr8tif4xjsl4","previousOperationId":"hha8hl20e0oinmk"}
{"type":"operationEnd","operationId":"fplg1a2n3e4gxh1","timestamp":1705590434526,"id":"6cy66qmrjcwkluk","previousEventId":"53n3i0d19oopb2w","previousOperationId":"hha8hl20e0oinmk"}
{"type":"log","timestamp":1705590434526,"level":"debug","message":"Base url not specified, skipping its injection.","meta":{"rootId":"b1lrhwe6f4n9dx7","id":"b1lrhwe6f4n9dx7"},"id":"wb1rvpyitjrw670","previousOperationId":"fplg1a2n3e4gxh1"}
{"type":"operationStart","subtype":"engine","name":"handlebars","timestamp":1705590434526,"id":"5ghtbq1eebt3uyg","previousEventId":"6cy66qmrjcwkluk","operationId":"clbzmzz14r2wnbl","previousOperationId":"fplg1a2n3e4gxh1"}
{"type":"log","timestamp":1705590434526,"level":"debug","message":"Rendering engine handlebars","meta":{"rootId":"b1lrhwe6f4n9dx7","id":"b1lrhwe6f4n9dx7"},"id":"l6ttwpevyln567r","previousOperationId":"clbzmzz14r2wnbl"}
{"type":"log","timestamp":1705590434554,"level":"debug","message":"(console:log) Pdf utils adding group field, value: \"Race1\"","meta":{"userLevel":true,"rootId":"b1lrhwe6f4n9dx7","id":"b1lrhwe6f4n9dx7"},"id":"8id1k1go7q5tn4x","previousOperationId":"clbzmzz14r2wnbl"}
{"type":"log","timestamp":1705590434555,"level":"debug","message":"(console:log) Pdf utils adding group field, value: \"Race2\"","meta":{"userLevel":true,"rootId":"b1lrhwe6f4n9dx7","id":"b1lrhwe6f4n9dx7"},"id":"yd06ovtekbn374v","previousOperationId":"clbzmzz14r2wnbl"}
{"type":"operationEnd","operationId":"clbzmzz14r2wnbl","timestamp":1705590434555,"id":"rbqf6oeqa74jdi9","previousEventId":"5ghtbq1eebt3uyg","previousOperationId":"clbzmzz14r2wnbl"}
{"type":"operationStart","subtype":"recipe","name":"chrome-pdf","timestamp":1705590434556,"id":"gsrspts33s8jyil","previousEventId":"rbqf6oeqa74jdi9","operationId":"eqksjm85cncy74k","previousOperationId":"clbzmzz14r2wnbl"}
{"type":"log","timestamp":1705590434556,"level":"debug","message":"Executing recipe chrome-pdf","meta":{"rootId":"b1lrhwe6f4n9dx7","id":"b1lrhwe6f4n9dx7"},"id":"1e5xqge8nc6s4vj","previousOperationId":"eqksjm85cncy74k"}
{"type":"log","timestamp":1705590434561,"level":"debug","message":"Converting with chrome HeadlessChrome/117.0.5938.149 using chrome-pool strategy","meta":{"rootId":"b1lrhwe6f4n9dx7","id":"b1lrhwe6f4n9dx7"},"id":"uhewjayah01bci5","previousOperationId":"eqksjm85cncy74k"}
{"type":"log","timestamp":1705590434686,"level":"debug","message":"Page request: GET (document) file:///C:/Users/DANIEL~1/AppData/Local/Temp/jsreport/autocleanup/e4fba055-0744-46ec-a069-8ac40d592377-chrome-pdf.html","meta":{"rootId":"b1lrhwe6f4n9dx7","id":"b1lrhwe6f4n9dx7"},"id":"f0vi6drczvvrvty","previousOperationId":"eqksjm85cncy74k"}
{"type":"log","timestamp":1705590434723,"level":"debug","message":"Page request: GET (stylesheet) https://cdnjs.cloudflare.com/ajax/libs/metro/4.1.5/css/metro.min.css","meta":{"rootId":"b1lrhwe6f4n9dx7","id":"b1lrhwe6f4n9dx7"},"id":"ntmntuk5p86wlti","previousOperationId":"eqksjm85cncy74k"}
{"type":"log","timestamp":1705590434724,"level":"debug","message":"Page request finished: GET (document) 200 file:///C:/Users/DANIEL~1/AppData/Local/Temp/jsreport/autocleanup/e4fba055-0744-46ec-a069-8ac40d592377-chrome-pdf.html","meta":{"rootId":"b1lrhwe6f4n9dx7","id":"b1lrhwe6f4n9dx7"},"id":"suwvv81ilj2bc8c","previousOperationId":"eqksjm85cncy74k"}
{"type":"log","timestamp":1705590434724,"level":"debug","message":"Page request: GET (script) https://cdnjs.cloudflare.com/ajax/libs/Chart.js/2.9.4/Chart.js","meta":{"rootId":"b1lrhwe6f4n9dx7","id":"b1lrhwe6f4n9dx7"},"id":"nvo95ngzxf6rmzh","previousOperationId":"eqksjm85cncy74k"}
{"type":"log","timestamp":1705590434759,"level":"debug","message":"Page request finished: GET (stylesheet) 200 https://cdnjs.cloudflare.com/ajax/libs/metro/4.1.5/css/metro.min.css","meta":{"rootId":"b1lrhwe6f4n9dx7","id":"b1lrhwe6f4n9dx7"},"id":"h1fsdzqi91haeuo","previousOperationId":"eqksjm85cncy74k"}
{"type":"log","timestamp":1705590434759,"level":"debug","message":"Page request finished: GET (script) 200 https://cdnjs.cloudflare.com/ajax/libs/Chart.js/2.9.4/Chart.js","meta":{"rootId":"b1lrhwe6f4n9dx7","id":"b1lrhwe6f4n9dx7"},"id":"9w56o1mj8f7dbli","previousOperationId":"eqksjm85cncy74k"}
{"type":"log","timestamp":1705590434767,"level":"warn","message":"Page error: Unexpected token ';' , stack: SyntaxError: Unexpected token ';'","meta":{"rootId":"b1lrhwe6f4n9dx7","id":"b1lrhwe6f4n9dx7"},"id":"rcagd0st3rxgy0d","previousOperationId":"eqksjm85cncy74k"}
{"type":"log","timestamp":1705590434807,"level":"debug","message":"Running chrome with params {\"printBackground\":true,\"marginTop\":\"4cm\",\"marginRight\":\"1.5cm\",\"marginBottom\":\"1.5cm\",\"marginLeft\":\"1.5cm\",\"waitForJS\":false,\"timeout\":59902,\"margin\":{\"top\":\"4cm\",\"right\":\"1.5cm\",\"bottom\":\"1.5cm\",\"left\":\"1.5cm\"}}","meta":{"rootId":"b1lrhwe6f4n9dx7","id":"b1lrhwe6f4n9dx7"},"id":"9qd7oyh158wxr8i","previousOperationId":"eqksjm85cncy74k"}
{"type":"operationEnd","operationId":"eqksjm85cncy74k","timestamp":1705590434915,"id":"frh9sxdf9bsxp69","previousEventId":"gsrspts33s8jyil","previousOperationId":"eqksjm85cncy74k"}
{"type":"log","timestamp":1705590434915,"level":"info","message":"pdf-utils is starting pdf processing","meta":{"rootId":"b1lrhwe6f4n9dx7","id":"b1lrhwe6f4n9dx7"},"id":"84poi7s5p00n1d2","previousOperationId":"eqksjm85cncy74k"}
{"type":"operationStart","subtype":"pdfUtils","name":"pdf utils","timestamp":1705590434915,"id":"qzzvt6dh60x6zgt","previousEventId":"frh9sxdf9bsxp69","operationId":"0kxqz308api1681","previousOperationId":"eqksjm85cncy74k"}
{"type":"log","timestamp":1705590434915,"level":"debug","message":"pdf-utils detected 1 pdf operation(s) to process","meta":{"rootId":"b1lrhwe6f4n9dx7","id":"b1lrhwe6f4n9dx7"},"id":"lxkir9i8fwq1r4t","previousOperationId":"0kxqz308api1681"}
{"type":"log","timestamp":1705590434957,"level":"debug","message":"pdf-utils running pdf operation merge","meta":{"rootId":"b1lrhwe6f4n9dx7","id":"b1lrhwe6f4n9dx7"},"id":"ibn58bi64bfgo6j","previousOperationId":"0kxqz308api1681"}
{"type":"operationStart","subtype":"pdfUtilsMerge","name":"pdf utils merge","previousOperationId":"0kxqz308api1681","timestamp":1705590434957,"id":"baryq7lwpsc5w2y","previousEventId":"qzzvt6dh60x6zgt","operationId":"mi5ctly13x269gx"}
{"type":"operationStart","subtype":"render","name":"orders-header","previousOperationId":"mi5ctly13x269gx","timestamp":1705590434959,"id":"r03f7qovs6xi1vx","previousEventId":"baryq7lwpsc5w2y","operationId":"dnhmef8816f585h"}
{"type":"log","timestamp":1705590434959,"level":"info","message":"Starting rendering (child) request","meta":{"rootId":"b1lrhwe6f4n9dx7","id":"q39sgq3nyz2bjnl"},"id":"m2o87jcxzbz568y","previousOperationId":"dnhmef8816f585h"}
{"type":"log","timestamp":1705590434959,"level":"info","message":"Rendering template { name: orders-header, recipe: chrome-pdf, engine: handlebars, preview: true }","meta":{"rootId":"b1lrhwe6f4n9dx7","id":"q39sgq3nyz2bjnl"},"id":"q6kg5ttg40y1tws","previousOperationId":"dnhmef8816f585h"}
{"type":"log","timestamp":1705590434973,"level":"debug","message":"Inline data specified.","meta":{"rootId":"b1lrhwe6f4n9dx7","id":"q39sgq3nyz2bjnl"},"id":"ylq5j52qx5rkemr","previousOperationId":"dnhmef8816f585h"}
{"type":"log","timestamp":1705590434978,"level":"debug","message":"Base url not specified, skipping its injection.","meta":{"rootId":"b1lrhwe6f4n9dx7","id":"q39sgq3nyz2bjnl"},"id":"jk81gbidfqe9jxa","previousOperationId":"dnhmef8816f585h"}
{"type":"operationStart","subtype":"engine","name":"handlebars","timestamp":1705590434978,"id":"9i9k67pg09ygppr","previousEventId":"r03f7qovs6xi1vx","operationId":"wxfkl8i1ph2i6az","previousOperationId":"dnhmef8816f585h"}
{"type":"log","timestamp":1705590434978,"level":"debug","message":"Rendering engine handlebars","meta":{"rootId":"b1lrhwe6f4n9dx7","id":"q39sgq3nyz2bjnl"},"id":"fwzv2q76xv172a7","previousOperationId":"wxfkl8i1ph2i6az"}
{"type":"operationEnd","operationId":"wxfkl8i1ph2i6az","timestamp":1705590435003,"id":"vjpb2eyk13lhj2n","previousEventId":"9i9k67pg09ygppr","previousOperationId":"wxfkl8i1ph2i6az"}
{"type":"operationStart","subtype":"recipe","name":"chrome-pdf","timestamp":1705590435003,"id":"xugmkozwhdlll0n","previousEventId":"vjpb2eyk13lhj2n","operationId":"b6kkvw9xjb3qc08","previousOperationId":"wxfkl8i1ph2i6az"}
{"type":"log","timestamp":1705590435003,"level":"debug","message":"Executing recipe chrome-pdf","meta":{"rootId":"b1lrhwe6f4n9dx7","id":"q39sgq3nyz2bjnl"},"id":"o8fsz11qc8jflk6","previousOperationId":"b6kkvw9xjb3qc08"}
{"type":"log","timestamp":1705590435008,"level":"debug","message":"Converting with chrome HeadlessChrome/117.0.5938.149 using chrome-pool strategy","meta":{"rootId":"b1lrhwe6f4n9dx7","id":"q39sgq3nyz2bjnl"},"id":"opcm3gasdoys0jr","previousOperationId":"b6kkvw9xjb3qc08"}
{"type":"log","timestamp":1705590435128,"level":"debug","message":"Page request: GET (document) file:///C:/Users/DANIEL~1/AppData/Local/Temp/jsreport/autocleanup/d7a9608e-01b9-4b24-a264-f599b457d3c6-chrome-pdf.html","meta":{"rootId":"b1lrhwe6f4n9dx7","id":"q39sgq3nyz2bjnl"},"id":"54pz3z0leopfyka","previousOperationId":"b6kkvw9xjb3qc08"}
{"type":"log","timestamp":1705590435146,"level":"debug","message":"Page request: GET (stylesheet) https://cdnjs.cloudflare.com/ajax/libs/metro/4.1.5/css/metro.min.css","meta":{"rootId":"b1lrhwe6f4n9dx7","id":"q39sgq3nyz2bjnl"},"id":"sfwdel512uvaal1","previousOperationId":"b6kkvw9xjb3qc08"}
{"type":"log","timestamp":1705590435147,"level":"debug","message":"Page request finished: GET (document) 200 file:///C:/Users/DANIEL~1/AppData/Local/Temp/jsreport/autocleanup/d7a9608e-01b9-4b24-a264-f599b457d3c6-chrome-pdf.html","meta":{"rootId":"b1lrhwe6f4n9dx7","id":"q39sgq3nyz2bjnl"},"id":"kcnhd0oywhngkfk","previousOperationId":"b6kkvw9xjb3qc08"}
{"type":"log","timestamp":1705590435170,"level":"debug","message":"Page request finished: GET (stylesheet) 200 https://cdnjs.cloudflare.com/ajax/libs/metro/4.1.5/css/metro.min.css","meta":{"rootId":"b1lrhwe6f4n9dx7","id":"q39sgq3nyz2bjnl"},"id":"gqb9srta231kuif","previousOperationId":"b6kkvw9xjb3qc08"}
{"type":"log","timestamp":1705590435202,"level":"debug","message":"Running chrome with params {\"printBackground\":true,\"marginTop\":\"1.5cm\",\"marginRight\":\"1.5cm\",\"marginLeft\":\"1.cm\",\"timeout\":59454,\"margin\":{\"top\":\"1.5cm\",\"right\":\"1.5cm\",\"left\":\"1.cm\"}}","meta":{"rootId":"b1lrhwe6f4n9dx7","id":"q39sgq3nyz2bjnl"},"id":"sj5i36ybwekwczg","previousOperationId":"b6kkvw9xjb3qc08"}
{"type":"operationEnd","operationId":"b6kkvw9xjb3qc08","timestamp":1705590435254,"id":"wy9prqdfjyu00d4","previousEventId":"xugmkozwhdlll0n","previousOperationId":"b6kkvw9xjb3qc08"}
{"type":"log","timestamp":1705590435254,"level":"debug","message":"Skipping storing report.","meta":{"rootId":"b1lrhwe6f4n9dx7","id":"q39sgq3nyz2bjnl"},"id":"ts3mwwjg7ovfyzx","previousOperationId":"b6kkvw9xjb3qc08"}
{"type":"log","timestamp":1705590435254,"level":"info","message":"Rendering (child) request finished in 794 ms","meta":{"rootId":"b1lrhwe6f4n9dx7","id":"q39sgq3nyz2bjnl"},"id":"y0exlaf4oonafzx","previousOperationId":"b6kkvw9xjb3qc08"}
{"type":"operationEnd","subtype":"render","operationId":"dnhmef8816f585h","timestamp":1705590435254,"id":"a5qkx74fkaruc5d","previousEventId":"wy9prqdfjyu00d4","previousOperationId":"b6kkvw9xjb3qc08"}
{"type":"operationEnd","operationId":"mi5ctly13x269gx","timestamp":1705590435281,"id":"11qvzxwj67kgbeq","previousEventId":"baryq7lwpsc5w2y","previousOperationId":"mi5ctly13x269gx"}
{"type":"log","timestamp":1705590435281,"level":"debug","message":"pdf-utils postproces start","meta":{"rootId":"b1lrhwe6f4n9dx7","id":"b1lrhwe6f4n9dx7"},"id":"gq0dq4regexld4q","previousOperationId":"mi5ctly13x269gx"}
{"type":"log","timestamp":1705590435295,"level":"debug","message":"pdf-utils postproces end","meta":{"rootId":"b1lrhwe6f4n9dx7","id":"b1lrhwe6f4n9dx7"},"id":"tuefx4vdtel4ubc","previousOperationId":"mi5ctly13x269gx"}
{"type":"operationEnd","operationId":"0kxqz308api1681","timestamp":1705590435295,"id":"5ifey8erce5me0v","previousEventId":"11qvzxwj67kgbeq","previousOperationId":"mi5ctly13x269gx"}
{"type":"log","timestamp":1705590435295,"level":"info","message":"pdf-utils pdf processing was finished","meta":{"rootId":"b1lrhwe6f4n9dx7","id":"b1lrhwe6f4n9dx7"},"id":"7z85543rii5145c","previousOperationId":"0kxqz308api1681"}
{"type":"log","timestamp":1705590435295,"level":"debug","message":"Skipping storing report.","meta":{"rootId":"b1lrhwe6f4n9dx7","id":"b1lrhwe6f4n9dx7"},"id":"qs4owujl098cswb","previousOperationId":"0kxqz308api1681"}
{"type":"log","timestamp":1705590435295,"level":"info","message":"Rendering request 31 finished in 835 ms","meta":{"rootId":"b1lrhwe6f4n9dx7","id":"b1lrhwe6f4n9dx7"},"id":"0xw1h7bbq87ysx4","previousOperationId":"0kxqz308api1681"}
{"type":"operationEnd","subtype":"render","operationId":"hha8hl20e0oinmk","timestamp":1705590435295,"id":"uk2t62h4s8xnel5","previousEventId":"5ifey8erce5me0v","previousOperationId":"0kxqz308api1681"}
{"type":"operationEnd","doDiffs":false,"previousEventId":"yzxn7kvccptp9lo","previousOperationId":"5huby38u4mbdyj5","operationId":"5huby38u4mbdyj5","timestamp":1705590435310,"id":"dfs6ljedhqq6xct"}
