{"type":"operationStart","subtype":"profile","data":{"_id":"LLSSRtUZoIK4hpyh","timestamp":"2024-01-18T17:36:57.216Z","state":"queued","mode":"standard","creationDate":"2024-01-18T17:36:57.217Z","modificationDate":"2024-01-18T17:36:57.217Z","shortid":"d4XImrR","$entitySet":"profiles"},"doDiffs":false,"timestamp":1705599417217,"id":"cu7b3hrwut4uwn2","previousOperationId":null,"operationId":"ez137asd4wx3u1k"}
{"type":"log","level":"info","message":"Render request 17 queued for execution and waiting for available worker","previousOperationId":"ez137asd4wx3u1k","timestamp":1705599417217,"id":"palnj8tmjumzjtu"}
{"type":"operationStart","subtype":"render","name":"orders-main","previousOperationId":"ez137asd4wx3u1k","timestamp":1705599417222,"id":"6pad5swwvzp0dvn","previousEventId":"cu7b3hrwut4uwn2","operationId":"8u6d0iqxj2svicc"}
{"type":"log","timestamp":1705599417222,"level":"info","message":"Starting rendering request 17","meta":{"rootId":"b4z49skvjlbbh78","id":"b4z49skvjlbbh78"},"id":"phqc5sclxhh7mor","previousOperationId":"8u6d0iqxj2svicc"}
{"type":"log","timestamp":1705599417222,"level":"info","message":"Rendering template { name: orders-main, recipe: chrome-pdf, engine: handlebars, preview: true }","meta":{"rootId":"b4z49skvjlbbh78","id":"b4z49skvjlbbh78"},"id":"j0fbeewe75af5sk","previousOperationId":"8u6d0iqxj2svicc"}
{"type":"log","timestamp":1705599417223,"level":"debug","message":"Data item not defined for this template.","meta":{"rootId":"b4z49skvjlbbh78","id":"b4z49skvjlbbh78"},"id":"hhvab1tx0fjehpz","previousOperationId":"8u6d0iqxj2svicc"}
{"type":"log","timestamp":1705599417224,"level":"debug","message":"Executing script orders-script (beforeRender)","meta":{"rootId":"b4z49skvjlbbh78","id":"b4z49skvjlbbh78"},"id":"orrqa1jzymh8b34","previousOperationId":"8u6d0iqxj2svicc"}
{"type":"operationStart","subtype":"scriptsBeforeRender","name":"scripts beforeRender","timestamp":1705599417233,"id":"xuk3h614jr3ho1w","previousEventId":"6pad5swwvzp0dvn","operationId":"836ijzf1cfm46ab","previousOperationId":"8u6d0iqxj2svicc"}
{"type":"operationStart","subtype":"script","name":"scripts orders-script","previousOperationId":"836ijzf1cfm46ab","timestamp":1705599417233,"id":"kef4r1hq3axem37","previousEventId":"xuk3h614jr3ho1w","operationId":"bepowwawl7albjj"}
{"type":"log","timestamp":1705599417243,"level":"debug","message":"(console:log) [ 'Race1', 'Race2' ]","meta":{"userLevel":true,"rootId":"b4z49skvjlbbh78","id":"b4z49skvjlbbh78"},"id":"risfdqq448e8co9","previousOperationId":"bepowwawl7albjj"}
{"type":"log","timestamp":1705599417243,"level":"debug","message":"(console:log) [ 2, 1 ]","meta":{"userLevel":true,"rootId":"b4z49skvjlbbh78","id":"b4z49skvjlbbh78"},"id":"59rwgcgagzzt6r1","previousOperationId":"bepowwawl7albjj"}
{"type":"operationEnd","operationId":"bepowwawl7albjj","timestamp":1705599417243,"id":"mn9txt0b36dix3g","previousEventId":"6pad5swwvzp0dvn","previousOperationId":"8u6d0iqxj2svicc"}
{"type":"operationEnd","operationId":"836ijzf1cfm46ab","timestamp":1705599417243,"id":"w8ie89j6iphk820","previousEventId":"mn9txt0b36dix3g","previousOperationId":"8u6d0iqxj2svicc"}
{"type":"log","timestamp":1705599417243,"level":"debug","message":"Base url not specified, skipping its injection.","meta":{"rootId":"b4z49skvjlbbh78","id":"b4z49skvjlbbh78"},"id":"ow1efg97dgng2hj","previousOperationId":"836ijzf1cfm46ab"}
{"type":"operationStart","subtype":"engine","name":"handlebars","timestamp":1705599417243,"id":"y237r9p8orxu0fr","previousEventId":"w8ie89j6iphk820","operationId":"qvzpugvqyhfqzp5","previousOperationId":"836ijzf1cfm46ab"}
{"type":"log","timestamp":1705599417243,"level":"debug","message":"Rendering engine handlebars","meta":{"rootId":"b4z49skvjlbbh78","id":"b4z49skvjlbbh78"},"id":"z0rkeqbqxq2qxum","previousOperationId":"qvzpugvqyhfqzp5"}
{"type":"log","timestamp":1705599417261,"level":"debug","message":"(console:log) Pdf utils adding group field, value: \"Race1\"","meta":{"userLevel":true,"rootId":"b4z49skvjlbbh78","id":"b4z49skvjlbbh78"},"id":"gxzv39drw4cvfpr","previousOperationId":"qvzpugvqyhfqzp5"}
{"type":"log","timestamp":1705599417262,"level":"debug","message":"(console:log) Pdf utils adding group field, value: \"Race2\"","meta":{"userLevel":true,"rootId":"b4z49skvjlbbh78","id":"b4z49skvjlbbh78"},"id":"kozr9fxgs8br3iz","previousOperationId":"qvzpugvqyhfqzp5"}
{"type":"operationEnd","operationId":"qvzpugvqyhfqzp5","timestamp":1705599417262,"id":"mi37vtuzrt6h8a9","previousEventId":"y237r9p8orxu0fr","previousOperationId":"qvzpugvqyhfqzp5"}
{"type":"operationStart","subtype":"recipe","name":"chrome-pdf","timestamp":1705599417262,"id":"wu4rejlw5e9ug5t","previousEventId":"mi37vtuzrt6h8a9","operationId":"tvy9gi1db150dod","previousOperationId":"qvzpugvqyhfqzp5"}
{"type":"log","timestamp":1705599417262,"level":"debug","message":"Executing recipe chrome-pdf","meta":{"rootId":"b4z49skvjlbbh78","id":"b4z49skvjlbbh78"},"id":"rncoevk1vbww58d","previousOperationId":"tvy9gi1db150dod"}
{"type":"log","timestamp":1705599417265,"level":"debug","message":"Converting with chrome HeadlessChrome/117.0.5938.149 using chrome-pool strategy","meta":{"rootId":"b4z49skvjlbbh78","id":"b4z49skvjlbbh78"},"id":"9hwr0ktoodaf1xa","previousOperationId":"tvy9gi1db150dod"}
{"type":"log","timestamp":1705599417331,"level":"debug","message":"Page request: GET (document) file:///C:/Users/DANIEL~1/AppData/Local/Temp/jsreport/autocleanup/412efa9f-1bd4-40a2-9d47-4a9b5661e73c-chrome-pdf.html","meta":{"rootId":"b4z49skvjlbbh78","id":"b4z49skvjlbbh78"},"id":"7mh5w8mty6xyk89","previousOperationId":"tvy9gi1db150dod"}
{"type":"log","timestamp":1705599417348,"level":"debug","message":"Page request: GET (stylesheet) https://cdnjs.cloudflare.com/ajax/libs/metro/4.1.5/css/metro.min.css","meta":{"rootId":"b4z49skvjlbbh78","id":"b4z49skvjlbbh78"},"id":"oa5hfvlu815velu","previousOperationId":"tvy9gi1db150dod"}
{"type":"log","timestamp":1705599417348,"level":"debug","message":"Page request: GET (script) https://cdn.jsdelivr.net/npm/chart.js","meta":{"rootId":"b4z49skvjlbbh78","id":"b4z49skvjlbbh78"},"id":"q2wc3w0qbbut9aa","previousOperationId":"tvy9gi1db150dod"}
{"type":"log","timestamp":1705599417348,"level":"debug","message":"Page request finished: GET (document) 200 file:///C:/Users/DANIEL~1/AppData/Local/Temp/jsreport/autocleanup/412efa9f-1bd4-40a2-9d47-4a9b5661e73c-chrome-pdf.html","meta":{"rootId":"b4z49skvjlbbh78","id":"b4z49skvjlbbh78"},"id":"q5tbvbe4z6jeq2h","previousOperationId":"tvy9gi1db150dod"}
{"type":"log","timestamp":1705599417352,"level":"debug","message":"Page request finished: GET (script) 200 https://cdn.jsdelivr.net/npm/chart.js","meta":{"rootId":"b4z49skvjlbbh78","id":"b4z49skvjlbbh78"},"id":"i0z9ksu0ptfjrwn","previousOperationId":"tvy9gi1db150dod"}
{"type":"log","timestamp":1705599417361,"level":"debug","message":"Page request finished: GET (stylesheet) 200 https://cdnjs.cloudflare.com/ajax/libs/metro/4.1.5/css/metro.min.css","meta":{"rootId":"b4z49skvjlbbh78","id":"b4z49skvjlbbh78"},"id":"6gojgia9yhy8dkn","previousOperationId":"tvy9gi1db150dod"}
{"type":"log","timestamp":1705599417363,"level":"warn","message":"Page error: Unexpected token ';' , stack: SyntaxError: Unexpected token ';'","meta":{"rootId":"b4z49skvjlbbh78","id":"b4z49skvjlbbh78"},"id":"zdaln92t5494ow4","previousOperationId":"tvy9gi1db150dod"}
{"type":"log","timestamp":1705599417384,"level":"debug","message":"Running chrome with params {\"printBackground\":true,\"marginTop\":\"4cm\",\"marginRight\":\"1.5cm\",\"marginBottom\":\"1.5cm\",\"marginLeft\":\"1.5cm\",\"waitForJS\":false,\"timeout\":59952,\"margin\":{\"top\":\"4cm\",\"right\":\"1.5cm\",\"bottom\":\"1.5cm\",\"left\":\"1.5cm\"}}","meta":{"rootId":"b4z49skvjlbbh78","id":"b4z49skvjlbbh78"},"id":"e2pzvlizopxo2ud","previousOperationId":"tvy9gi1db150dod"}
{"type":"operationEnd","operationId":"tvy9gi1db150dod","timestamp":1705599417440,"id":"0e0isa2dy17j70l","previousEventId":"wu4rejlw5e9ug5t","previousOperationId":"tvy9gi1db150dod"}
{"type":"log","timestamp":1705599417440,"level":"info","message":"pdf-utils is starting pdf processing","meta":{"rootId":"b4z49skvjlbbh78","id":"b4z49skvjlbbh78"},"id":"wsb4s7gcmpzcehz","previousOperationId":"tvy9gi1db150dod"}
{"type":"operationStart","subtype":"pdfUtils","name":"pdf utils","timestamp":1705599417440,"id":"u0ywmmonkdos8sp","previousEventId":"0e0isa2dy17j70l","operationId":"7719qdipyn6vn9z","previousOperationId":"tvy9gi1db150dod"}
{"type":"log","timestamp":1705599417441,"level":"debug","message":"pdf-utils detected 1 pdf operation(s) to process","meta":{"rootId":"b4z49skvjlbbh78","id":"b4z49skvjlbbh78"},"id":"0742oopqs0kcg6l","previousOperationId":"7719qdipyn6vn9z"}
{"type":"log","timestamp":1705599417452,"level":"debug","message":"pdf-utils running pdf operation merge","meta":{"rootId":"b4z49skvjlbbh78","id":"b4z49skvjlbbh78"},"id":"wo18rqo0f99gize","previousOperationId":"7719qdipyn6vn9z"}
{"type":"operationStart","subtype":"pdfUtilsMerge","name":"pdf utils merge","previousOperationId":"7719qdipyn6vn9z","timestamp":1705599417452,"id":"eevek8xik5i4i0e","previousEventId":"u0ywmmonkdos8sp","operationId":"7lvfh2qsqzdl54y"}
{"type":"operationStart","subtype":"render","name":"orders-header","previousOperationId":"7lvfh2qsqzdl54y","timestamp":1705599417453,"id":"m1ot237ihl6z3m4","previousEventId":"eevek8xik5i4i0e","operationId":"65lzqkbszdbhhn3"}
{"type":"log","timestamp":1705599417453,"level":"info","message":"Starting rendering (child) request","meta":{"rootId":"b4z49skvjlbbh78","id":"bhlgtfcda3qqc8o"},"id":"c2a2ullrr5uec3c","previousOperationId":"65lzqkbszdbhhn3"}
{"type":"log","timestamp":1705599417453,"level":"info","message":"Rendering template { name: orders-header, recipe: chrome-pdf, engine: handlebars, preview: true }","meta":{"rootId":"b4z49skvjlbbh78","id":"bhlgtfcda3qqc8o"},"id":"sdkit05cdtd6e8c","previousOperationId":"65lzqkbszdbhhn3"}
{"type":"log","timestamp":1705599417453,"level":"debug","message":"Inline data specified.","meta":{"rootId":"b4z49skvjlbbh78","id":"bhlgtfcda3qqc8o"},"id":"pu2ymdae7sh48mq","previousOperationId":"65lzqkbszdbhhn3"}
{"type":"log","timestamp":1705599417454,"level":"debug","message":"Base url not specified, skipping its injection.","meta":{"rootId":"b4z49skvjlbbh78","id":"bhlgtfcda3qqc8o"},"id":"u7bc1tduy82dw6q","previousOperationId":"65lzqkbszdbhhn3"}
{"type":"operationStart","subtype":"engine","name":"handlebars","timestamp":1705599417455,"id":"s9bi71d78s25phn","previousEventId":"m1ot237ihl6z3m4","operationId":"bufbobt6yy6whw3","previousOperationId":"65lzqkbszdbhhn3"}
{"type":"log","timestamp":1705599417455,"level":"debug","message":"Rendering engine handlebars","meta":{"rootId":"b4z49skvjlbbh78","id":"bhlgtfcda3qqc8o"},"id":"1i8p0j3de65k3z2","previousOperationId":"bufbobt6yy6whw3"}
{"type":"operationEnd","operationId":"bufbobt6yy6whw3","timestamp":1705599417466,"id":"ldrv9qvb7ej7c8u","previousEventId":"s9bi71d78s25phn","previousOperationId":"bufbobt6yy6whw3"}
{"type":"operationStart","subtype":"recipe","name":"chrome-pdf","timestamp":1705599417466,"id":"gly21k0jg16scwd","previousEventId":"ldrv9qvb7ej7c8u","operationId":"rc9ezvbtc3rnyco","previousOperationId":"bufbobt6yy6whw3"}
{"type":"log","timestamp":1705599417466,"level":"debug","message":"Executing recipe chrome-pdf","meta":{"rootId":"b4z49skvjlbbh78","id":"bhlgtfcda3qqc8o"},"id":"zlg9b65s4xzx9wu","previousOperationId":"rc9ezvbtc3rnyco"}
{"type":"log","timestamp":1705599417468,"level":"debug","message":"Converting with chrome HeadlessChrome/117.0.5938.149 using chrome-pool strategy","meta":{"rootId":"b4z49skvjlbbh78","id":"bhlgtfcda3qqc8o"},"id":"5kd5tcpbn3jzejy","previousOperationId":"rc9ezvbtc3rnyco"}
{"type":"log","timestamp":1705599417539,"level":"debug","message":"Page request: GET (document) file:///C:/Users/DANIEL~1/AppData/Local/Temp/jsreport/autocleanup/4daf3b9e-1508-4c5d-ba25-71d69f03c11f-chrome-pdf.html","meta":{"rootId":"b4z49skvjlbbh78","id":"bhlgtfcda3qqc8o"},"id":"cogo6bz69u0sw1y","previousOperationId":"rc9ezvbtc3rnyco"}
{"type":"log","timestamp":1705599417547,"level":"debug","message":"Page request: GET (stylesheet) https://cdnjs.cloudflare.com/ajax/libs/metro/4.1.5/css/metro.min.css","meta":{"rootId":"b4z49skvjlbbh78","id":"bhlgtfcda3qqc8o"},"id":"tlsaw8ficakx844","previousOperationId":"rc9ezvbtc3rnyco"}
{"type":"log","timestamp":1705599417548,"level":"debug","message":"Page request finished: GET (document) 200 file:///C:/Users/DANIEL~1/AppData/Local/Temp/jsreport/autocleanup/4daf3b9e-1508-4c5d-ba25-71d69f03c11f-chrome-pdf.html","meta":{"rootId":"b4z49skvjlbbh78","id":"bhlgtfcda3qqc8o"},"id":"5x4zk29j691u8uj","previousOperationId":"rc9ezvbtc3rnyco"}
{"type":"log","timestamp":1705599417561,"level":"debug","message":"Page request finished: GET (stylesheet) 200 https://cdnjs.cloudflare.com/ajax/libs/metro/4.1.5/css/metro.min.css","meta":{"rootId":"b4z49skvjlbbh78","id":"bhlgtfcda3qqc8o"},"id":"wjbben4jlzznfgn","previousOperationId":"rc9ezvbtc3rnyco"}
{"type":"log","timestamp":1705599417577,"level":"debug","message":"Running chrome with params {\"printBackground\":true,\"marginTop\":\"1.5cm\",\"marginRight\":\"1.5cm\",\"marginLeft\":\"1.cm\",\"timeout\":59749,\"margin\":{\"top\":\"1.5cm\",\"right\":\"1.5cm\",\"left\":\"1.cm\"}}","meta":{"rootId":"b4z49skvjlbbh78","id":"bhlgtfcda3qqc8o"},"id":"8nccl0852up1ody","previousOperationId":"rc9ezvbtc3rnyco"}
{"type":"operationEnd","operationId":"rc9ezvbtc3rnyco","timestamp":1705599417605,"id":"dvkweu9vp0nnrk6","previousEventId":"gly21k0jg16scwd","previousOperationId":"rc9ezvbtc3rnyco"}
{"type":"log","timestamp":1705599417605,"level":"debug","message":"Skipping storing report.","meta":{"rootId":"b4z49skvjlbbh78","id":"bhlgtfcda3qqc8o"},"id":"8880dvgoy8j7rwj","previousOperationId":"rc9ezvbtc3rnyco"}
{"type":"log","timestamp":1705599417605,"level":"info","message":"Rendering (child) request finished in 389 ms","meta":{"rootId":"b4z49skvjlbbh78","id":"bhlgtfcda3qqc8o"},"id":"y8soa0gcmpszt64","previousOperationId":"rc9ezvbtc3rnyco"}
{"type":"operationEnd","subtype":"render","operationId":"65lzqkbszdbhhn3","timestamp":1705599417605,"id":"mgg75quidyb86q9","previousEventId":"dvkweu9vp0nnrk6","previousOperationId":"rc9ezvbtc3rnyco"}
{"type":"operationEnd","operationId":"7lvfh2qsqzdl54y","timestamp":1705599417613,"id":"ihcylyjjehywjqn","previousEventId":"eevek8xik5i4i0e","previousOperationId":"7lvfh2qsqzdl54y"}
{"type":"log","timestamp":1705599417613,"level":"debug","message":"pdf-utils postproces start","meta":{"rootId":"b4z49skvjlbbh78","id":"b4z49skvjlbbh78"},"id":"viyfwfm3slmlgzj","previousOperationId":"7lvfh2qsqzdl54y"}
{"type":"log","timestamp":1705599417621,"level":"debug","message":"pdf-utils postproces end","meta":{"rootId":"b4z49skvjlbbh78","id":"b4z49skvjlbbh78"},"id":"iqf1oxlqw4z52if","previousOperationId":"7lvfh2qsqzdl54y"}
{"type":"operationEnd","operationId":"7719qdipyn6vn9z","timestamp":1705599417621,"id":"ngg88e7qh84ymzv","previousEventId":"ihcylyjjehywjqn","previousOperationId":"7lvfh2qsqzdl54y"}
{"type":"log","timestamp":1705599417621,"level":"info","message":"pdf-utils pdf processing was finished","meta":{"rootId":"b4z49skvjlbbh78","id":"b4z49skvjlbbh78"},"id":"xg31cv3o9l87x4r","previousOperationId":"7719qdipyn6vn9z"}
{"type":"log","timestamp":1705599417621,"level":"debug","message":"Skipping storing report.","meta":{"rootId":"b4z49skvjlbbh78","id":"b4z49skvjlbbh78"},"id":"89thkfa9lzv9bnw","previousOperationId":"7719qdipyn6vn9z"}
{"type":"log","timestamp":1705599417621,"level":"info","message":"Rendering request 17 finished in 405 ms","meta":{"rootId":"b4z49skvjlbbh78","id":"b4z49skvjlbbh78"},"id":"lmmm1yen6cqi5g8","previousOperationId":"7719qdipyn6vn9z"}
{"type":"operationEnd","subtype":"render","operationId":"8u6d0iqxj2svicc","timestamp":1705599417621,"id":"fzpyd00xqz4xci2","previousEventId":"ngg88e7qh84ymzv","previousOperationId":"7719qdipyn6vn9z"}
{"type":"operationEnd","doDiffs":false,"previousEventId":"cu7b3hrwut4uwn2","previousOperationId":"ez137asd4wx3u1k","operationId":"ez137asd4wx3u1k","timestamp":1705599417628,"id":"x8bq1tvvkh4ooq5"}
