{"type":"operationStart","subtype":"profile","data":{"_id":"NpTjmP3wnKdQYrhc","timestamp":"2024-01-18T18:23:24.353Z","state":"queued","mode":"standard","creationDate":"2024-01-18T18:23:24.354Z","modificationDate":"2024-01-18T18:23:24.354Z","shortid":"bxttBGI","$entitySet":"profiles"},"doDiffs":false,"timestamp":1705602204354,"id":"qim1cir5smvca01","previousOperationId":null,"operationId":"bc14gmy5t05sdw3"}
{"type":"log","level":"info","message":"Render request 33 queued for execution and waiting for available worker","previousOperationId":"bc14gmy5t05sdw3","timestamp":1705602204354,"id":"lmvidijcqo41bvp"}
{"type":"operationStart","subtype":"render","name":"orders-main","previousOperationId":"bc14gmy5t05sdw3","timestamp":1705602204360,"id":"usj51lmghel1suw","previousEventId":"qim1cir5smvca01","operationId":"00elmxass1jjef6"}
{"type":"log","timestamp":1705602204360,"level":"info","message":"Starting rendering request 33","meta":{"rootId":"bjytrmjy89uqf9h","id":"bjytrmjy89uqf9h"},"id":"thaq77j4un8kpn9","previousOperationId":"00elmxass1jjef6"}
{"type":"log","timestamp":1705602204360,"level":"info","message":"Rendering template { name: orders-main, recipe: chrome-pdf, engine: handlebars, preview: true }","meta":{"rootId":"bjytrmjy89uqf9h","id":"bjytrmjy89uqf9h"},"id":"kx8hd6rdhzfw62x","previousOperationId":"00elmxass1jjef6"}
{"type":"log","timestamp":1705602204361,"level":"debug","message":"Data item not defined for this template.","meta":{"rootId":"bjytrmjy89uqf9h","id":"bjytrmjy89uqf9h"},"id":"cnb0bfl01fevo3c","previousOperationId":"00elmxass1jjef6"}
{"type":"log","timestamp":1705602204362,"level":"debug","message":"Executing script orders-script (beforeRender)","meta":{"rootId":"bjytrmjy89uqf9h","id":"bjytrmjy89uqf9h"},"id":"4hnqocz9qa8re7c","previousOperationId":"00elmxass1jjef6"}
{"type":"operationStart","subtype":"scriptsBeforeRender","name":"scripts beforeRender","timestamp":1705602204378,"id":"n7a4wva0eo2lxod","previousEventId":"usj51lmghel1suw","operationId":"vplkpm2ctgfy9g0","previousOperationId":"00elmxass1jjef6"}
{"type":"operationStart","subtype":"script","name":"scripts orders-script","previousOperationId":"vplkpm2ctgfy9g0","timestamp":1705602204378,"id":"etcog42g86xmuwj","previousEventId":"n7a4wva0eo2lxod","operationId":"j50em6vomxmlfm4"}
{"type":"log","timestamp":1705602204389,"level":"debug","message":"(console:log) [ 'Race1', 'Race2' ]","meta":{"userLevel":true,"rootId":"bjytrmjy89uqf9h","id":"bjytrmjy89uqf9h"},"id":"epwe7bglweiyj86","previousOperationId":"j50em6vomxmlfm4"}
{"type":"log","timestamp":1705602204389,"level":"debug","message":"(console:log) [ 2, 1 ]","meta":{"userLevel":true,"rootId":"bjytrmjy89uqf9h","id":"bjytrmjy89uqf9h"},"id":"nz687jod3soeoba","previousOperationId":"j50em6vomxmlfm4"}
{"type":"operationEnd","operationId":"j50em6vomxmlfm4","timestamp":1705602204389,"id":"wuiq7fjjd0hzg72","previousEventId":"usj51lmghel1suw","previousOperationId":"00elmxass1jjef6"}
{"type":"operationEnd","operationId":"vplkpm2ctgfy9g0","timestamp":1705602204389,"id":"sbx2k4bnx54v6tf","previousEventId":"wuiq7fjjd0hzg72","previousOperationId":"00elmxass1jjef6"}
{"type":"log","timestamp":1705602204389,"level":"debug","message":"Base url not specified, skipping its injection.","meta":{"rootId":"bjytrmjy89uqf9h","id":"bjytrmjy89uqf9h"},"id":"owvdjxnpj498eyt","previousOperationId":"vplkpm2ctgfy9g0"}
{"type":"operationStart","subtype":"engine","name":"handlebars","timestamp":1705602204389,"id":"7tzsdcw0817ruk9","previousEventId":"sbx2k4bnx54v6tf","operationId":"vj3iv4lpdqat0m3","previousOperationId":"vplkpm2ctgfy9g0"}
{"type":"log","timestamp":1705602204389,"level":"debug","message":"Rendering engine handlebars","meta":{"rootId":"bjytrmjy89uqf9h","id":"bjytrmjy89uqf9h"},"id":"vbrk61380hidvpp","previousOperationId":"vj3iv4lpdqat0m3"}
{"type":"log","timestamp":1705602204400,"level":"debug","message":"(console:log) Pdf utils adding group field, value: \"Race1\"","meta":{"userLevel":true,"rootId":"bjytrmjy89uqf9h","id":"bjytrmjy89uqf9h"},"id":"6l4dsvx6k5h3mwm","previousOperationId":"vj3iv4lpdqat0m3"}
{"type":"log","timestamp":1705602204401,"level":"debug","message":"(console:log) Pdf utils adding group field, value: \"Race2\"","meta":{"userLevel":true,"rootId":"bjytrmjy89uqf9h","id":"bjytrmjy89uqf9h"},"id":"oji9x1b202g23ko","previousOperationId":"vj3iv4lpdqat0m3"}
{"type":"operationEnd","operationId":"vj3iv4lpdqat0m3","timestamp":1705602204401,"id":"pknu6zl71xx1qmm","previousEventId":"7tzsdcw0817ruk9","previousOperationId":"vj3iv4lpdqat0m3"}
{"type":"operationStart","subtype":"recipe","name":"chrome-pdf","timestamp":1705602204401,"id":"850d34b9er8lcou","previousEventId":"pknu6zl71xx1qmm","operationId":"qsgis5iq0x7q86y","previousOperationId":"vj3iv4lpdqat0m3"}
{"type":"log","timestamp":1705602204401,"level":"debug","message":"Executing recipe chrome-pdf","meta":{"rootId":"bjytrmjy89uqf9h","id":"bjytrmjy89uqf9h"},"id":"9cvomx3uyw339d3","previousOperationId":"qsgis5iq0x7q86y"}
{"type":"log","timestamp":1705602204403,"level":"debug","message":"Converting with chrome HeadlessChrome/117.0.5938.149 using chrome-pool strategy","meta":{"rootId":"bjytrmjy89uqf9h","id":"bjytrmjy89uqf9h"},"id":"64li1s87h7cfkk8","previousOperationId":"qsgis5iq0x7q86y"}
{"type":"log","timestamp":1705602204484,"level":"debug","message":"Page request: GET (document) file:///C:/Users/DANIEL~1/AppData/Local/Temp/jsreport/autocleanup/cf79ef45-32e6-4079-ad07-9d78749b9262-chrome-pdf.html","meta":{"rootId":"bjytrmjy89uqf9h","id":"bjytrmjy89uqf9h"},"id":"7f6zbzfl7i05eos","previousOperationId":"qsgis5iq0x7q86y"}
{"type":"log","timestamp":1705602204505,"level":"debug","message":"Page request: GET (stylesheet) https://cdnjs.cloudflare.com/ajax/libs/metro/4.1.5/css/metro.min.css","meta":{"rootId":"bjytrmjy89uqf9h","id":"bjytrmjy89uqf9h"},"id":"iu2xy3llfvqkmvy","previousOperationId":"qsgis5iq0x7q86y"}
{"type":"log","timestamp":1705602204506,"level":"debug","message":"Page request: GET (script) https://cdn.jsdelivr.net/npm/chart.js","meta":{"rootId":"bjytrmjy89uqf9h","id":"bjytrmjy89uqf9h"},"id":"5jzk7wen1thci6q","previousOperationId":"qsgis5iq0x7q86y"}
{"type":"log","timestamp":1705602204506,"level":"debug","message":"Page request finished: GET (document) 200 file:///C:/Users/DANIEL~1/AppData/Local/Temp/jsreport/autocleanup/cf79ef45-32e6-4079-ad07-9d78749b9262-chrome-pdf.html","meta":{"rootId":"bjytrmjy89uqf9h","id":"bjytrmjy89uqf9h"},"id":"2repdschfqiqao3","previousOperationId":"qsgis5iq0x7q86y"}
{"type":"log","timestamp":1705602204511,"level":"debug","message":"Page request finished: GET (script) 200 https://cdn.jsdelivr.net/npm/chart.js","meta":{"rootId":"bjytrmjy89uqf9h","id":"bjytrmjy89uqf9h"},"id":"fy2erni8unhf2mp","previousOperationId":"qsgis5iq0x7q86y"}
{"type":"log","timestamp":1705602204520,"level":"debug","message":"Page request finished: GET (stylesheet) 200 https://cdnjs.cloudflare.com/ajax/libs/metro/4.1.5/css/metro.min.css","meta":{"rootId":"bjytrmjy89uqf9h","id":"bjytrmjy89uqf9h"},"id":"zycn9lrmrkqv6bg","previousOperationId":"qsgis5iq0x7q86y"}
{"type":"log","timestamp":1705602204524,"level":"warn","message":"Page error: Unexpected token ';' , stack: SyntaxError: Unexpected token ';'","meta":{"rootId":"bjytrmjy89uqf9h","id":"bjytrmjy89uqf9h"},"id":"ufrhmhvn7c9b1q4","previousOperationId":"qsgis5iq0x7q86y"}
{"type":"log","timestamp":1705602204544,"level":"debug","message":"Running chrome with params {\"printBackground\":true,\"marginTop\":\"4cm\",\"marginRight\":\"1.5cm\",\"marginBottom\":\"1.5cm\",\"marginLeft\":\"1.5cm\",\"waitForJS\":false,\"timeout\":59951,\"margin\":{\"top\":\"4cm\",\"right\":\"1.5cm\",\"bottom\":\"1.5cm\",\"left\":\"1.5cm\"}}","meta":{"rootId":"bjytrmjy89uqf9h","id":"bjytrmjy89uqf9h"},"id":"3nx6kwzermpi6ix","previousOperationId":"qsgis5iq0x7q86y"}
{"type":"operationEnd","operationId":"qsgis5iq0x7q86y","timestamp":1705602204601,"id":"9b54a7f14vtcfez","previousEventId":"850d34b9er8lcou","previousOperationId":"qsgis5iq0x7q86y"}
{"type":"log","timestamp":1705602204601,"level":"info","message":"pdf-utils is starting pdf processing","meta":{"rootId":"bjytrmjy89uqf9h","id":"bjytrmjy89uqf9h"},"id":"2sjjfc5v7n2exgu","previousOperationId":"qsgis5iq0x7q86y"}
{"type":"operationStart","subtype":"pdfUtils","name":"pdf utils","timestamp":1705602204601,"id":"vo6r8g2zmgd4dc8","previousEventId":"9b54a7f14vtcfez","operationId":"bl73jw13aisu19x","previousOperationId":"qsgis5iq0x7q86y"}
{"type":"log","timestamp":1705602204601,"level":"debug","message":"pdf-utils detected 1 pdf operation(s) to process","meta":{"rootId":"bjytrmjy89uqf9h","id":"bjytrmjy89uqf9h"},"id":"pzsxf9rol7voaxp","previousOperationId":"bl73jw13aisu19x"}
{"type":"log","timestamp":1705602204616,"level":"debug","message":"pdf-utils running pdf operation merge","meta":{"rootId":"bjytrmjy89uqf9h","id":"bjytrmjy89uqf9h"},"id":"oh0wuyhy7hyehx9","previousOperationId":"bl73jw13aisu19x"}
{"type":"operationStart","subtype":"pdfUtilsMerge","name":"pdf utils merge","previousOperationId":"bl73jw13aisu19x","timestamp":1705602204617,"id":"o4jwxprw8r04i3h","previousEventId":"vo6r8g2zmgd4dc8","operationId":"2mubxp1obey3ta3"}
{"type":"operationStart","subtype":"render","name":"orders-header","previousOperationId":"2mubxp1obey3ta3","timestamp":1705602204618,"id":"2166x45kzak3d7b","previousEventId":"o4jwxprw8r04i3h","operationId":"bvc2a8xh5dank8o"}
{"type":"log","timestamp":1705602204618,"level":"info","message":"Starting rendering (child) request","meta":{"rootId":"bjytrmjy89uqf9h","id":"ymv33wiai595lah"},"id":"j3byty2f3los60q","previousOperationId":"bvc2a8xh5dank8o"}
{"type":"log","timestamp":1705602204618,"level":"info","message":"Rendering template { name: orders-header, recipe: chrome-pdf, engine: handlebars, preview: true }","meta":{"rootId":"bjytrmjy89uqf9h","id":"ymv33wiai595lah"},"id":"itj8zubgru08k6a","previousOperationId":"bvc2a8xh5dank8o"}
{"type":"log","timestamp":1705602204618,"level":"debug","message":"Inline data specified.","meta":{"rootId":"bjytrmjy89uqf9h","id":"ymv33wiai595lah"},"id":"za8etytn5q6o534","previousOperationId":"bvc2a8xh5dank8o"}
{"type":"log","timestamp":1705602204620,"level":"debug","message":"Base url not specified, skipping its injection.","meta":{"rootId":"bjytrmjy89uqf9h","id":"ymv33wiai595lah"},"id":"i99vqxur41ta0yx","previousOperationId":"bvc2a8xh5dank8o"}
{"type":"operationStart","subtype":"engine","name":"handlebars","timestamp":1705602204620,"id":"gvlj9autz174ri0","previousEventId":"2166x45kzak3d7b","operationId":"7zg78przmar3xqg","previousOperationId":"bvc2a8xh5dank8o"}
{"type":"log","timestamp":1705602204620,"level":"debug","message":"Rendering engine handlebars","meta":{"rootId":"bjytrmjy89uqf9h","id":"ymv33wiai595lah"},"id":"iopn02x8ytuhbnx","previousOperationId":"7zg78przmar3xqg"}
{"type":"operationEnd","operationId":"7zg78przmar3xqg","timestamp":1705602204633,"id":"r0movcf4i6h6tw4","previousEventId":"gvlj9autz174ri0","previousOperationId":"7zg78przmar3xqg"}
{"type":"operationStart","subtype":"recipe","name":"chrome-pdf","timestamp":1705602204633,"id":"87af0l8dpeqw7bl","previousEventId":"r0movcf4i6h6tw4","operationId":"otghoxitoz7vz6b","previousOperationId":"7zg78przmar3xqg"}
{"type":"log","timestamp":1705602204633,"level":"debug","message":"Executing recipe chrome-pdf","meta":{"rootId":"bjytrmjy89uqf9h","id":"ymv33wiai595lah"},"id":"lnik5zz9e8dul6t","previousOperationId":"otghoxitoz7vz6b"}
{"type":"log","timestamp":1705602204635,"level":"debug","message":"Converting with chrome HeadlessChrome/117.0.5938.149 using chrome-pool strategy","meta":{"rootId":"bjytrmjy89uqf9h","id":"ymv33wiai595lah"},"id":"r42evgdlgyyolow","previousOperationId":"otghoxitoz7vz6b"}
{"type":"log","timestamp":1705602204705,"level":"debug","message":"Page request: GET (document) file:///C:/Users/DANIEL~1/AppData/Local/Temp/jsreport/autocleanup/d24b145e-9eb2-4547-95f9-01bc19a3c27a-chrome-pdf.html","meta":{"rootId":"bjytrmjy89uqf9h","id":"ymv33wiai595lah"},"id":"35za9moteu2e6bs","previousOperationId":"otghoxitoz7vz6b"}
{"type":"log","timestamp":1705602204713,"level":"debug","message":"Page request: GET (stylesheet) https://cdnjs.cloudflare.com/ajax/libs/metro/4.1.5/css/metro.min.css","meta":{"rootId":"bjytrmjy89uqf9h","id":"ymv33wiai595lah"},"id":"i8sq0fdbxn4a4fi","previousOperationId":"otghoxitoz7vz6b"}
{"type":"log","timestamp":1705602204713,"level":"debug","message":"Page request finished: GET (document) 200 file:///C:/Users/DANIEL~1/AppData/Local/Temp/jsreport/autocleanup/d24b145e-9eb2-4547-95f9-01bc19a3c27a-chrome-pdf.html","meta":{"rootId":"bjytrmjy89uqf9h","id":"ymv33wiai595lah"},"id":"1qx8o6atimyna81","previousOperationId":"otghoxitoz7vz6b"}
{"type":"log","timestamp":1705602204725,"level":"debug","message":"Page request finished: GET (stylesheet) 200 https://cdnjs.cloudflare.com/ajax/libs/metro/4.1.5/css/metro.min.css","meta":{"rootId":"bjytrmjy89uqf9h","id":"ymv33wiai595lah"},"id":"zpq7paqsati1n2r","previousOperationId":"otghoxitoz7vz6b"}
{"type":"log","timestamp":1705602204738,"level":"debug","message":"Running chrome with params {\"printBackground\":true,\"marginTop\":\"1.5cm\",\"marginRight\":\"1.5cm\",\"marginLeft\":\"1.cm\",\"timeout\":59719,\"margin\":{\"top\":\"1.5cm\",\"right\":\"1.5cm\",\"left\":\"1.cm\"}}","meta":{"rootId":"bjytrmjy89uqf9h","id":"ymv33wiai595lah"},"id":"xpzvb13yl566mpd","previousOperationId":"otghoxitoz7vz6b"}
{"type":"operationEnd","operationId":"otghoxitoz7vz6b","timestamp":1705602204765,"id":"2i2infdm402tf27","previousEventId":"87af0l8dpeqw7bl","previousOperationId":"otghoxitoz7vz6b"}
{"type":"log","timestamp":1705602204765,"level":"debug","message":"Skipping storing report.","meta":{"rootId":"bjytrmjy89uqf9h","id":"ymv33wiai595lah"},"id":"0081qy36ree9jfc","previousOperationId":"otghoxitoz7vz6b"}
{"type":"log","timestamp":1705602204765,"level":"info","message":"Rendering (child) request finished in 412 ms","meta":{"rootId":"bjytrmjy89uqf9h","id":"ymv33wiai595lah"},"id":"tq96xyv87rfwszd","previousOperationId":"otghoxitoz7vz6b"}
{"type":"operationEnd","subtype":"render","operationId":"bvc2a8xh5dank8o","timestamp":1705602204765,"id":"u3xqztsixgm55hm","previousEventId":"2i2infdm402tf27","previousOperationId":"otghoxitoz7vz6b"}
{"type":"operationEnd","operationId":"2mubxp1obey3ta3","timestamp":1705602204774,"id":"sasc47ukv7qenjw","previousEventId":"o4jwxprw8r04i3h","previousOperationId":"2mubxp1obey3ta3"}
{"type":"log","timestamp":1705602204774,"level":"debug","message":"pdf-utils postproces start","meta":{"rootId":"bjytrmjy89uqf9h","id":"bjytrmjy89uqf9h"},"id":"d4h18nnoca0h8ah","previousOperationId":"2mubxp1obey3ta3"}
{"type":"log","timestamp":1705602204782,"level":"debug","message":"pdf-utils postproces end","meta":{"rootId":"bjytrmjy89uqf9h","id":"bjytrmjy89uqf9h"},"id":"qdbibypjbvhpm7b","previousOperationId":"2mubxp1obey3ta3"}
{"type":"operationEnd","operationId":"bl73jw13aisu19x","timestamp":1705602204782,"id":"14ko2hnvs7vwgai","previousEventId":"sasc47ukv7qenjw","previousOperationId":"2mubxp1obey3ta3"}
{"type":"log","timestamp":1705602204782,"level":"info","message":"pdf-utils pdf processing was finished","meta":{"rootId":"bjytrmjy89uqf9h","id":"bjytrmjy89uqf9h"},"id":"1pev3qtykbds8lo","previousOperationId":"bl73jw13aisu19x"}
{"type":"log","timestamp":1705602204782,"level":"debug","message":"Skipping storing report.","meta":{"rootId":"bjytrmjy89uqf9h","id":"bjytrmjy89uqf9h"},"id":"vx1v9zgo6ywop1z","previousOperationId":"bl73jw13aisu19x"}
{"type":"log","timestamp":1705602204782,"level":"info","message":"Rendering request 33 finished in 429 ms","meta":{"rootId":"bjytrmjy89uqf9h","id":"bjytrmjy89uqf9h"},"id":"z78o2pqj4w5do30","previousOperationId":"bl73jw13aisu19x"}
{"type":"operationEnd","subtype":"render","operationId":"00elmxass1jjef6","timestamp":1705602204782,"id":"e01zi0t2zzp2xcd","previousEventId":"14ko2hnvs7vwgai","previousOperationId":"bl73jw13aisu19x"}
{"type":"operationEnd","doDiffs":false,"previousEventId":"qim1cir5smvca01","previousOperationId":"bc14gmy5t05sdw3","operationId":"bc14gmy5t05sdw3","timestamp":1705602204789,"id":"7075wz8czdbq7u5"}
