{"type":"operationStart","subtype":"profile","data":{"_id":"ny9jDt67Xful3YJc","timestamp":"2024-01-18T17:28:01.871Z","state":"queued","mode":"standard","creationDate":"2024-01-18T17:28:01.872Z","modificationDate":"2024-01-18T17:28:01.872Z","shortid":"ZjZMNmC","$entitySet":"profiles"},"doDiffs":false,"timestamp":1705598881871,"id":"nbw90xnqe6uqq3i","previousOperationId":null,"operationId":"j74kc63382sd2j3"}
{"type":"log","level":"info","message":"Render request 6 queued for execution and waiting for available worker","previousOperationId":"j74kc63382sd2j3","timestamp":1705598881871,"id":"awava4nysyztokr"}
{"type":"operationStart","subtype":"render","name":"orders-main","previousOperationId":"j74kc63382sd2j3","timestamp":1705598881878,"id":"yz6odvrw7jgh0lc","previousEventId":"nbw90xnqe6uqq3i","operationId":"w9cy8pv11cwcnlv"}
{"type":"log","timestamp":1705598881878,"level":"info","message":"Starting rendering request 6","meta":{"rootId":"bmcufc8dyspsp7o","id":"bmcufc8dyspsp7o"},"id":"tytccdvyuzclz52","previousOperationId":"w9cy8pv11cwcnlv"}
{"type":"log","timestamp":1705598881878,"level":"info","message":"Rendering template { name: orders-main, recipe: chrome-pdf, engine: handlebars, preview: true }","meta":{"rootId":"bmcufc8dyspsp7o","id":"bmcufc8dyspsp7o"},"id":"bai06j95qfezfdl","previousOperationId":"w9cy8pv11cwcnlv"}
{"type":"log","timestamp":1705598881881,"level":"debug","message":"Data item not defined for this template.","meta":{"rootId":"bmcufc8dyspsp7o","id":"bmcufc8dyspsp7o"},"id":"y8lb4shz1vjtmqb","previousOperationId":"w9cy8pv11cwcnlv"}
{"type":"log","timestamp":1705598881882,"level":"debug","message":"Executing script orders-script (beforeRender)","meta":{"rootId":"bmcufc8dyspsp7o","id":"bmcufc8dyspsp7o"},"id":"odp4r4jzdfmslyy","previousOperationId":"w9cy8pv11cwcnlv"}
{"type":"operationStart","subtype":"scriptsBeforeRender","name":"scripts beforeRender","timestamp":1705598881899,"id":"6gsgvgobmr70iag","previousEventId":"yz6odvrw7jgh0lc","operationId":"alqdcxg9wt51i5e","previousOperationId":"w9cy8pv11cwcnlv"}
{"type":"operationStart","subtype":"script","name":"scripts orders-script","previousOperationId":"alqdcxg9wt51i5e","timestamp":1705598881899,"id":"sfmg37mh8uz75a6","previousEventId":"6gsgvgobmr70iag","operationId":"d2j9xc2nyb76q59"}
{"type":"log","timestamp":1705598881909,"level":"debug","message":"(console:log) [ 'Race1', 'Race2' ]","meta":{"userLevel":true,"rootId":"bmcufc8dyspsp7o","id":"bmcufc8dyspsp7o"},"id":"naaojegjuwided2","previousOperationId":"d2j9xc2nyb76q59"}
{"type":"log","timestamp":1705598881910,"level":"debug","message":"(console:log) [ 2, 1 ]","meta":{"userLevel":true,"rootId":"bmcufc8dyspsp7o","id":"bmcufc8dyspsp7o"},"id":"in8qfthtlpz4m1g","previousOperationId":"d2j9xc2nyb76q59"}
{"type":"operationEnd","operationId":"d2j9xc2nyb76q59","timestamp":1705598881910,"id":"0q7jj4z1ey3bhmx","previousEventId":"yz6odvrw7jgh0lc","previousOperationId":"w9cy8pv11cwcnlv"}
{"type":"operationEnd","operationId":"alqdcxg9wt51i5e","timestamp":1705598881910,"id":"0rb8m2l1ke2gfcj","previousEventId":"0q7jj4z1ey3bhmx","previousOperationId":"w9cy8pv11cwcnlv"}
{"type":"log","timestamp":1705598881910,"level":"debug","message":"Base url not specified, skipping its injection.","meta":{"rootId":"bmcufc8dyspsp7o","id":"bmcufc8dyspsp7o"},"id":"drb4z58y40ge3un","previousOperationId":"alqdcxg9wt51i5e"}
{"type":"operationStart","subtype":"engine","name":"handlebars","timestamp":1705598881910,"id":"edu9xifv7u1tgss","previousEventId":"0rb8m2l1ke2gfcj","operationId":"vadt47dd9rp6dpm","previousOperationId":"alqdcxg9wt51i5e"}
{"type":"log","timestamp":1705598881910,"level":"debug","message":"Rendering engine handlebars","meta":{"rootId":"bmcufc8dyspsp7o","id":"bmcufc8dyspsp7o"},"id":"1pqdiznj8eh50v0","previousOperationId":"vadt47dd9rp6dpm"}
{"type":"operationEnd","operationId":"vadt47dd9rp6dpm","timestamp":1705598881919,"id":"fb13r4i1gfi7a2y","previousEventId":"edu9xifv7u1tgss","previousOperationId":"vadt47dd9rp6dpm"}
{"type":"operationStart","subtype":"recipe","name":"chrome-pdf","timestamp":1705598881919,"id":"rf9b1hsd9z2v62d","previousEventId":"fb13r4i1gfi7a2y","operationId":"sgmkjhldac8zr6a","previousOperationId":"vadt47dd9rp6dpm"}
{"type":"log","timestamp":1705598881919,"level":"debug","message":"Executing recipe chrome-pdf","meta":{"rootId":"bmcufc8dyspsp7o","id":"bmcufc8dyspsp7o"},"id":"tmmo49svtmdbaee","previousOperationId":"sgmkjhldac8zr6a"}
{"type":"log","timestamp":1705598881921,"level":"debug","message":"Converting with chrome HeadlessChrome/117.0.5938.149 using chrome-pool strategy","meta":{"rootId":"bmcufc8dyspsp7o","id":"bmcufc8dyspsp7o"},"id":"qc1bciil8qd3807","previousOperationId":"sgmkjhldac8zr6a"}
{"type":"log","timestamp":1705598881991,"level":"debug","message":"Page request: GET (document) file:///C:/Users/DANIEL~1/AppData/Local/Temp/jsreport/autocleanup/dc2df0ce-e589-4c8d-a592-e940fd738392-chrome-pdf.html","meta":{"rootId":"bmcufc8dyspsp7o","id":"bmcufc8dyspsp7o"},"id":"sihxi2z7wbz4c6p","previousOperationId":"sgmkjhldac8zr6a"}
{"type":"log","timestamp":1705598882013,"level":"debug","message":"Page request: GET (stylesheet) https://cdnjs.cloudflare.com/ajax/libs/metro/4.1.5/css/metro.min.css","meta":{"rootId":"bmcufc8dyspsp7o","id":"bmcufc8dyspsp7o"},"id":"5bfsjgq5go78giq","previousOperationId":"sgmkjhldac8zr6a"}
{"type":"log","timestamp":1705598882014,"level":"debug","message":"Page request: GET (script) https://cdn.jsdelivr.net/npm/chart.js","meta":{"rootId":"bmcufc8dyspsp7o","id":"bmcufc8dyspsp7o"},"id":"f106yf2vq44jtlh","previousOperationId":"sgmkjhldac8zr6a"}
{"type":"log","timestamp":1705598882014,"level":"debug","message":"Page request finished: GET (document) 200 file:///C:/Users/DANIEL~1/AppData/Local/Temp/jsreport/autocleanup/dc2df0ce-e589-4c8d-a592-e940fd738392-chrome-pdf.html","meta":{"rootId":"bmcufc8dyspsp7o","id":"bmcufc8dyspsp7o"},"id":"s46jcoff62w2cb0","previousOperationId":"sgmkjhldac8zr6a"}
{"type":"log","timestamp":1705598882019,"level":"debug","message":"Page request finished: GET (script) 200 https://cdn.jsdelivr.net/npm/chart.js","meta":{"rootId":"bmcufc8dyspsp7o","id":"bmcufc8dyspsp7o"},"id":"zwff83cgcubs5ta","previousOperationId":"sgmkjhldac8zr6a"}
{"type":"log","timestamp":1705598882029,"level":"debug","message":"Page request finished: GET (stylesheet) 200 https://cdnjs.cloudflare.com/ajax/libs/metro/4.1.5/css/metro.min.css","meta":{"rootId":"bmcufc8dyspsp7o","id":"bmcufc8dyspsp7o"},"id":"67y1llyh6qzgbpe","previousOperationId":"sgmkjhldac8zr6a"}
{"type":"log","timestamp":1705598882033,"level":"warn","message":"Page error: Unexpected token ';' , stack: SyntaxError: Unexpected token ';'","meta":{"rootId":"bmcufc8dyspsp7o","id":"bmcufc8dyspsp7o"},"id":"gkpua2riku4awk5","previousOperationId":"sgmkjhldac8zr6a"}
{"type":"log","timestamp":1705598882037,"level":"debug","message":"Running chrome with params {\"printBackground\":true,\"marginTop\":\"4cm\",\"marginRight\":\"1.5cm\",\"marginBottom\":\"1.5cm\",\"marginLeft\":\"1.5cm\",\"waitForJS\":false,\"timeout\":59951,\"margin\":{\"top\":\"4cm\",\"right\":\"1.5cm\",\"bottom\":\"1.5cm\",\"left\":\"1.5cm\"}}","meta":{"rootId":"bmcufc8dyspsp7o","id":"bmcufc8dyspsp7o"},"id":"d0259ixnqyh1cgn","previousOperationId":"sgmkjhldac8zr6a"}
{"type":"operationEnd","operationId":"sgmkjhldac8zr6a","timestamp":1705598882051,"id":"sotxrklltt5f2is","previousEventId":"rf9b1hsd9z2v62d","previousOperationId":"sgmkjhldac8zr6a"}
{"type":"log","timestamp":1705598882051,"level":"info","message":"pdf-utils is starting pdf processing","meta":{"rootId":"bmcufc8dyspsp7o","id":"bmcufc8dyspsp7o"},"id":"3lozryailqpdqws","previousOperationId":"sgmkjhldac8zr6a"}
{"type":"operationStart","subtype":"pdfUtils","name":"pdf utils","timestamp":1705598882052,"id":"tmzngbc1n0j2mvy","previousEventId":"sotxrklltt5f2is","operationId":"aok3rjoeylw4361","previousOperationId":"sgmkjhldac8zr6a"}
{"type":"log","timestamp":1705598882052,"level":"debug","message":"pdf-utils detected 1 pdf operation(s) to process","meta":{"rootId":"bmcufc8dyspsp7o","id":"bmcufc8dyspsp7o"},"id":"e3f2r1ghgaujngk","previousOperationId":"aok3rjoeylw4361"}
{"type":"log","timestamp":1705598882054,"level":"debug","message":"pdf-utils running pdf operation merge","meta":{"rootId":"bmcufc8dyspsp7o","id":"bmcufc8dyspsp7o"},"id":"rcrptmpgnxv42s6","previousOperationId":"aok3rjoeylw4361"}
{"type":"operationStart","subtype":"pdfUtilsMerge","name":"pdf utils merge","previousOperationId":"aok3rjoeylw4361","timestamp":1705598882054,"id":"ca9zobvedwuun8b","previousEventId":"tmzngbc1n0j2mvy","operationId":"udbprx8rwzksper"}
{"type":"operationStart","subtype":"render","name":"orders-header","previousOperationId":"udbprx8rwzksper","timestamp":1705598882055,"id":"scsip0ihjqovxqs","previousEventId":"ca9zobvedwuun8b","operationId":"ha5stc7f8z3pav3"}
{"type":"log","timestamp":1705598882055,"level":"info","message":"Starting rendering (child) request","meta":{"rootId":"bmcufc8dyspsp7o","id":"07obpybrwy1p6mq"},"id":"2hwsr1xbvxzh1i0","previousOperationId":"ha5stc7f8z3pav3"}
{"type":"log","timestamp":1705598882055,"level":"info","message":"Rendering template { name: orders-header, recipe: chrome-pdf, engine: handlebars, preview: true }","meta":{"rootId":"bmcufc8dyspsp7o","id":"07obpybrwy1p6mq"},"id":"9xsyw4lskbiwuif","previousOperationId":"ha5stc7f8z3pav3"}
{"type":"log","timestamp":1705598882057,"level":"debug","message":"Inline data specified.","meta":{"rootId":"bmcufc8dyspsp7o","id":"07obpybrwy1p6mq"},"id":"lfxc14ozyt2l8es","previousOperationId":"ha5stc7f8z3pav3"}
{"type":"log","timestamp":1705598882058,"level":"debug","message":"Base url not specified, skipping its injection.","meta":{"rootId":"bmcufc8dyspsp7o","id":"07obpybrwy1p6mq"},"id":"wqhi477axi86ksi","previousOperationId":"ha5stc7f8z3pav3"}
{"type":"operationStart","subtype":"engine","name":"handlebars","timestamp":1705598882058,"id":"9ga6uq7khvxejuu","previousEventId":"scsip0ihjqovxqs","operationId":"k2fbx3uio57jv3r","previousOperationId":"ha5stc7f8z3pav3"}
{"type":"log","timestamp":1705598882058,"level":"debug","message":"Rendering engine handlebars","meta":{"rootId":"bmcufc8dyspsp7o","id":"07obpybrwy1p6mq"},"id":"jzki4hi9cb5gs2j","previousOperationId":"k2fbx3uio57jv3r"}
{"type":"operationEnd","operationId":"k2fbx3uio57jv3r","timestamp":1705598882083,"id":"ygme5lz5pa9rqo3","previousEventId":"9ga6uq7khvxejuu","previousOperationId":"k2fbx3uio57jv3r"}
{"type":"operationStart","subtype":"recipe","name":"chrome-pdf","timestamp":1705598882083,"id":"k0pfze1k4m0w8k2","previousEventId":"ygme5lz5pa9rqo3","operationId":"wcczaieg10apy56","previousOperationId":"k2fbx3uio57jv3r"}
{"type":"log","timestamp":1705598882083,"level":"debug","message":"Executing recipe chrome-pdf","meta":{"rootId":"bmcufc8dyspsp7o","id":"07obpybrwy1p6mq"},"id":"pjrd65b5jt3adtk","previousOperationId":"wcczaieg10apy56"}
{"type":"log","timestamp":1705598882086,"level":"debug","message":"Converting with chrome HeadlessChrome/117.0.5938.149 using chrome-pool strategy","meta":{"rootId":"bmcufc8dyspsp7o","id":"07obpybrwy1p6mq"},"id":"aut017w7wxmv3tr","previousOperationId":"wcczaieg10apy56"}
{"type":"log","timestamp":1705598882159,"level":"debug","message":"Page request: GET (document) file:///C:/Users/DANIEL~1/AppData/Local/Temp/jsreport/autocleanup/82d0a5a6-da62-4115-a360-b5aee1e8c154-chrome-pdf.html","meta":{"rootId":"bmcufc8dyspsp7o","id":"07obpybrwy1p6mq"},"id":"vqs78yi7x6382ld","previousOperationId":"wcczaieg10apy56"}
{"type":"log","timestamp":1705598882171,"level":"debug","message":"Page request: GET (stylesheet) https://cdnjs.cloudflare.com/ajax/libs/metro/4.1.5/css/metro.min.css","meta":{"rootId":"bmcufc8dyspsp7o","id":"07obpybrwy1p6mq"},"id":"l08d8vu9n2evx51","previousOperationId":"wcczaieg10apy56"}
{"type":"log","timestamp":1705598882171,"level":"debug","message":"Page request finished: GET (document) 200 file:///C:/Users/DANIEL~1/AppData/Local/Temp/jsreport/autocleanup/82d0a5a6-da62-4115-a360-b5aee1e8c154-chrome-pdf.html","meta":{"rootId":"bmcufc8dyspsp7o","id":"07obpybrwy1p6mq"},"id":"hhju27sac3eo5zg","previousOperationId":"wcczaieg10apy56"}
{"type":"log","timestamp":1705598882183,"level":"debug","message":"Page request finished: GET (stylesheet) 200 https://cdnjs.cloudflare.com/ajax/libs/metro/4.1.5/css/metro.min.css","meta":{"rootId":"bmcufc8dyspsp7o","id":"07obpybrwy1p6mq"},"id":"98h32yad8og49vs","previousOperationId":"wcczaieg10apy56"}
{"type":"log","timestamp":1705598882195,"level":"debug","message":"Running chrome with params {\"printBackground\":true,\"marginTop\":\"1.5cm\",\"marginRight\":\"1.5cm\",\"marginLeft\":\"1.cm\",\"timeout\":59786,\"margin\":{\"top\":\"1.5cm\",\"right\":\"1.5cm\",\"left\":\"1.cm\"}}","meta":{"rootId":"bmcufc8dyspsp7o","id":"07obpybrwy1p6mq"},"id":"3th50xqqxt8ywab","previousOperationId":"wcczaieg10apy56"}
{"type":"operationEnd","operationId":"wcczaieg10apy56","timestamp":1705598882226,"id":"xejpey00azcz570","previousEventId":"k0pfze1k4m0w8k2","previousOperationId":"wcczaieg10apy56"}
{"type":"log","timestamp":1705598882226,"level":"debug","message":"Skipping storing report.","meta":{"rootId":"bmcufc8dyspsp7o","id":"07obpybrwy1p6mq"},"id":"mpgwpjtsx3qjypa","previousOperationId":"wcczaieg10apy56"}
{"type":"log","timestamp":1705598882226,"level":"info","message":"Rendering (child) request finished in 355 ms","meta":{"rootId":"bmcufc8dyspsp7o","id":"07obpybrwy1p6mq"},"id":"reo5xpte22u4elw","previousOperationId":"wcczaieg10apy56"}
{"type":"operationEnd","subtype":"render","operationId":"ha5stc7f8z3pav3","timestamp":1705598882226,"id":"lus3pf5egddx1u5","previousEventId":"xejpey00azcz570","previousOperationId":"wcczaieg10apy56"}
{"type":"operationEnd","operationId":"udbprx8rwzksper","timestamp":1705598882230,"id":"lonejzzhasmddsd","previousEventId":"ca9zobvedwuun8b","previousOperationId":"udbprx8rwzksper"}
{"type":"log","timestamp":1705598882230,"level":"debug","message":"pdf-utils postproces start","meta":{"rootId":"bmcufc8dyspsp7o","id":"bmcufc8dyspsp7o"},"id":"hkqfagqnf7t7qa3","previousOperationId":"udbprx8rwzksper"}
{"type":"log","timestamp":1705598882233,"level":"debug","message":"pdf-utils postproces end","meta":{"rootId":"bmcufc8dyspsp7o","id":"bmcufc8dyspsp7o"},"id":"rbwe0duhbreudrr","previousOperationId":"udbprx8rwzksper"}
{"type":"operationEnd","operationId":"aok3rjoeylw4361","timestamp":1705598882233,"id":"lelczh0a4ysrnl6","previousEventId":"lonejzzhasmddsd","previousOperationId":"udbprx8rwzksper"}
{"type":"log","timestamp":1705598882233,"level":"info","message":"pdf-utils pdf processing was finished","meta":{"rootId":"bmcufc8dyspsp7o","id":"bmcufc8dyspsp7o"},"id":"wewyvdd52x27cqy","previousOperationId":"aok3rjoeylw4361"}
{"type":"log","timestamp":1705598882233,"level":"debug","message":"Skipping storing report.","meta":{"rootId":"bmcufc8dyspsp7o","id":"bmcufc8dyspsp7o"},"id":"17dwdq5e8rot0ji","previousOperationId":"aok3rjoeylw4361"}
{"type":"log","timestamp":1705598882233,"level":"info","message":"Rendering request 6 finished in 362 ms","meta":{"rootId":"bmcufc8dyspsp7o","id":"bmcufc8dyspsp7o"},"id":"lvw08xbc9gneyw5","previousOperationId":"aok3rjoeylw4361"}
{"type":"operationEnd","subtype":"render","operationId":"w9cy8pv11cwcnlv","timestamp":1705598882234,"id":"h0p1jafmb0j9gfm","previousEventId":"lelczh0a4ysrnl6","previousOperationId":"aok3rjoeylw4361"}
{"type":"operationEnd","doDiffs":false,"previousEventId":"nbw90xnqe6uqq3i","previousOperationId":"j74kc63382sd2j3","operationId":"j74kc63382sd2j3","timestamp":1705598882240,"id":"kevk2vn8gt0jsua"}
