{"type":"operationStart","subtype":"profile","data":{"_id":"aXEP2kWgwieuuCZS","timestamp":"2024-01-18T15:40:17.997Z","state":"queued","mode":"standard","creationDate":"2024-01-18T15:40:17.998Z","modificationDate":"2024-01-18T15:40:17.998Z","shortid":"CQe6je0","$entitySet":"profiles"},"doDiffs":false,"timestamp":1705592417997,"id":"scnz6cnaf8m35o3","previousOperationId":null,"operationId":"i3oo1eyyi3a4ioo"}
{"type":"log","level":"info","message":"Render request 59 queued for execution and waiting for available worker","previousOperationId":"i3oo1eyyi3a4ioo","timestamp":1705592417997,"id":"rkae572mcesuthk"}
{"type":"operationStart","subtype":"render","name":"orders-main","previousOperationId":"i3oo1eyyi3a4ioo","timestamp":1705592418003,"id":"8wfafczekw8utim","previousEventId":"scnz6cnaf8m35o3","operationId":"1bruzj6pr3tjy2c"}
{"type":"log","timestamp":1705592418003,"level":"info","message":"Starting rendering request 59","meta":{"rootId":"bmny22q2jn8krvw","id":"bmny22q2jn8krvw"},"id":"j95ens7lvhewat9","previousOperationId":"1bruzj6pr3tjy2c"}
{"type":"log","timestamp":1705592418003,"level":"info","message":"Rendering template { name: orders-main, recipe: chrome-pdf, engine: handlebars, preview: true }","meta":{"rootId":"bmny22q2jn8krvw","id":"bmny22q2jn8krvw"},"id":"wkwltcbywh6knx3","previousOperationId":"1bruzj6pr3tjy2c"}
{"type":"log","timestamp":1705592418004,"level":"debug","message":"Data item not defined for this template.","meta":{"rootId":"bmny22q2jn8krvw","id":"bmny22q2jn8krvw"},"id":"i8si5339zv2bfqy","previousOperationId":"1bruzj6pr3tjy2c"}
{"type":"log","timestamp":1705592418005,"level":"debug","message":"Executing script orders-script (beforeRender)","meta":{"rootId":"bmny22q2jn8krvw","id":"bmny22q2jn8krvw"},"id":"g4vz1fggadll973","previousOperationId":"1bruzj6pr3tjy2c"}
{"type":"operationStart","subtype":"scriptsBeforeRender","name":"scripts beforeRender","timestamp":1705592418015,"id":"nwzh8knl18p64y8","previousEventId":"8wfafczekw8utim","operationId":"kyfw81d4rm8j74b","previousOperationId":"1bruzj6pr3tjy2c"}
{"type":"operationStart","subtype":"script","name":"scripts orders-script","previousOperationId":"kyfw81d4rm8j74b","timestamp":1705592418015,"id":"0su5ksppyjt412d","previousEventId":"nwzh8knl18p64y8","operationId":"gw7tf53oonfga81"}
{"type":"log","timestamp":1705592418026,"level":"debug","message":"(console:log) [ 'Race1', 'Race2' ]","meta":{"userLevel":true,"rootId":"bmny22q2jn8krvw","id":"bmny22q2jn8krvw"},"id":"6wrcg8crysj9p3i","previousOperationId":"gw7tf53oonfga81"}
{"type":"log","timestamp":1705592418026,"level":"debug","message":"(console:log) [ 2, 1 ]","meta":{"userLevel":true,"rootId":"bmny22q2jn8krvw","id":"bmny22q2jn8krvw"},"id":"00oukovul5mcgbd","previousOperationId":"gw7tf53oonfga81"}
{"type":"operationEnd","operationId":"gw7tf53oonfga81","timestamp":1705592418026,"id":"zp8n9200umkb1md","previousEventId":"8wfafczekw8utim","previousOperationId":"1bruzj6pr3tjy2c"}
{"type":"operationEnd","operationId":"kyfw81d4rm8j74b","timestamp":1705592418026,"id":"4lzat9ey139qqnt","previousEventId":"zp8n9200umkb1md","previousOperationId":"1bruzj6pr3tjy2c"}
{"type":"log","timestamp":1705592418026,"level":"debug","message":"Base url not specified, skipping its injection.","meta":{"rootId":"bmny22q2jn8krvw","id":"bmny22q2jn8krvw"},"id":"7w2iaz7g1mm3kx6","previousOperationId":"kyfw81d4rm8j74b"}
{"type":"operationStart","subtype":"engine","name":"handlebars","timestamp":1705592418027,"id":"wyurpim0rnjr591","previousEventId":"4lzat9ey139qqnt","operationId":"y61xlkx7e8wmg24","previousOperationId":"kyfw81d4rm8j74b"}
{"type":"log","timestamp":1705592418027,"level":"debug","message":"Rendering engine handlebars","meta":{"rootId":"bmny22q2jn8krvw","id":"bmny22q2jn8krvw"},"id":"6f32wm2tyej406p","previousOperationId":"y61xlkx7e8wmg24"}
{"type":"log","timestamp":1705592418039,"level":"debug","message":"(console:log) Pdf utils adding group field, value: \"Race1\"","meta":{"userLevel":true,"rootId":"bmny22q2jn8krvw","id":"bmny22q2jn8krvw"},"id":"57guujqe6lbbm9x","previousOperationId":"y61xlkx7e8wmg24"}
{"type":"log","timestamp":1705592418039,"level":"debug","message":"(console:log) Pdf utils adding group field, value: \"Race2\"","meta":{"userLevel":true,"rootId":"bmny22q2jn8krvw","id":"bmny22q2jn8krvw"},"id":"k3xftqnf7fs5zs4","previousOperationId":"y61xlkx7e8wmg24"}
{"type":"operationEnd","operationId":"y61xlkx7e8wmg24","timestamp":1705592418039,"id":"c683xfrjoq9t73v","previousEventId":"wyurpim0rnjr591","previousOperationId":"y61xlkx7e8wmg24"}
{"type":"operationStart","subtype":"recipe","name":"chrome-pdf","timestamp":1705592418039,"id":"13b1kab44e054nn","previousEventId":"c683xfrjoq9t73v","operationId":"pme7ey0kywzxfjz","previousOperationId":"y61xlkx7e8wmg24"}
{"type":"log","timestamp":1705592418039,"level":"debug","message":"Executing recipe chrome-pdf","meta":{"rootId":"bmny22q2jn8krvw","id":"bmny22q2jn8krvw"},"id":"c9f24lzf8v0wtq5","previousOperationId":"pme7ey0kywzxfjz"}
{"type":"log","timestamp":1705592418041,"level":"debug","message":"Converting with chrome HeadlessChrome/117.0.5938.149 using chrome-pool strategy","meta":{"rootId":"bmny22q2jn8krvw","id":"bmny22q2jn8krvw"},"id":"4vng47dtkorxey3","previousOperationId":"pme7ey0kywzxfjz"}
{"type":"log","timestamp":1705592418105,"level":"debug","message":"Page request: GET (document) file:///C:/Users/DANIEL~1/AppData/Local/Temp/jsreport/autocleanup/f4715f57-713f-403b-be41-1435ebcd974c-chrome-pdf.html","meta":{"rootId":"bmny22q2jn8krvw","id":"bmny22q2jn8krvw"},"id":"1ob32b1yge9eaer","previousOperationId":"pme7ey0kywzxfjz"}
{"type":"log","timestamp":1705592418123,"level":"debug","message":"Page request: GET (stylesheet) https://cdnjs.cloudflare.com/ajax/libs/metro/4.1.5/css/metro.min.css","meta":{"rootId":"bmny22q2jn8krvw","id":"bmny22q2jn8krvw"},"id":"ukmkzvoj0jynn72","previousOperationId":"pme7ey0kywzxfjz"}
{"type":"log","timestamp":1705592418123,"level":"debug","message":"Page request: GET (script) https://cdnjs.cloudflare.com/ajax/libs/Chart.js/2.9.4/Chart.js","meta":{"rootId":"bmny22q2jn8krvw","id":"bmny22q2jn8krvw"},"id":"dpigxvz9ioq7ptd","previousOperationId":"pme7ey0kywzxfjz"}
{"type":"log","timestamp":1705592418123,"level":"debug","message":"Page request finished: GET (document) 200 file:///C:/Users/DANIEL~1/AppData/Local/Temp/jsreport/autocleanup/f4715f57-713f-403b-be41-1435ebcd974c-chrome-pdf.html","meta":{"rootId":"bmny22q2jn8krvw","id":"bmny22q2jn8krvw"},"id":"bs5d4n9wr1u3xe0","previousOperationId":"pme7ey0kywzxfjz"}
{"type":"log","timestamp":1705592418139,"level":"debug","message":"Page request finished: GET (stylesheet) 200 https://cdnjs.cloudflare.com/ajax/libs/metro/4.1.5/css/metro.min.css","meta":{"rootId":"bmny22q2jn8krvw","id":"bmny22q2jn8krvw"},"id":"tz43mco4fkgkobc","previousOperationId":"pme7ey0kywzxfjz"}
{"type":"log","timestamp":1705592418139,"level":"debug","message":"Page request finished: GET (script) 200 https://cdnjs.cloudflare.com/ajax/libs/Chart.js/2.9.4/Chart.js","meta":{"rootId":"bmny22q2jn8krvw","id":"bmny22q2jn8krvw"},"id":"epnrpmv6ewmht61","previousOperationId":"pme7ey0kywzxfjz"}
{"type":"log","timestamp":1705592418145,"level":"warn","message":"Page error: Missing initializer in const declaration , stack: SyntaxError: Missing initializer in const declaration","meta":{"rootId":"bmny22q2jn8krvw","id":"bmny22q2jn8krvw"},"id":"duwgrehbslf2gm4","previousOperationId":"pme7ey0kywzxfjz"}
{"type":"log","timestamp":1705592418168,"level":"debug","message":"Running chrome with params {\"printBackground\":true,\"marginTop\":\"4cm\",\"marginRight\":\"1.5cm\",\"marginBottom\":\"1.5cm\",\"marginLeft\":\"1.5cm\",\"waitForJS\":false,\"timeout\":59956,\"margin\":{\"top\":\"4cm\",\"right\":\"1.5cm\",\"bottom\":\"1.5cm\",\"left\":\"1.5cm\"}}","meta":{"rootId":"bmny22q2jn8krvw","id":"bmny22q2jn8krvw"},"id":"kyqqgoa95e8stho","previousOperationId":"pme7ey0kywzxfjz"}
{"type":"operationEnd","operationId":"pme7ey0kywzxfjz","timestamp":1705592418224,"id":"o2w5r3lr0ja3bb8","previousEventId":"13b1kab44e054nn","previousOperationId":"pme7ey0kywzxfjz"}
{"type":"log","timestamp":1705592418224,"level":"info","message":"pdf-utils is starting pdf processing","meta":{"rootId":"bmny22q2jn8krvw","id":"bmny22q2jn8krvw"},"id":"v8ae4npet9duwa9","previousOperationId":"pme7ey0kywzxfjz"}
{"type":"operationStart","subtype":"pdfUtils","name":"pdf utils","timestamp":1705592418224,"id":"ebsr5p60l2hmp8k","previousEventId":"o2w5r3lr0ja3bb8","operationId":"bdbi72baz26465h","previousOperationId":"pme7ey0kywzxfjz"}
{"type":"log","timestamp":1705592418224,"level":"debug","message":"pdf-utils detected 1 pdf operation(s) to process","meta":{"rootId":"bmny22q2jn8krvw","id":"bmny22q2jn8krvw"},"id":"a20e7q10c2ki09u","previousOperationId":"bdbi72baz26465h"}
{"type":"log","timestamp":1705592418237,"level":"debug","message":"pdf-utils running pdf operation merge","meta":{"rootId":"bmny22q2jn8krvw","id":"bmny22q2jn8krvw"},"id":"sxbsezt50b2if2x","previousOperationId":"bdbi72baz26465h"}
{"type":"operationStart","subtype":"pdfUtilsMerge","name":"pdf utils merge","previousOperationId":"bdbi72baz26465h","timestamp":1705592418237,"id":"qxgk7gursmn9ymh","previousEventId":"ebsr5p60l2hmp8k","operationId":"im3g79l39s2zga3"}
{"type":"operationStart","subtype":"render","name":"orders-header","previousOperationId":"im3g79l39s2zga3","timestamp":1705592418237,"id":"zcakc4hp6384gum","previousEventId":"qxgk7gursmn9ymh","operationId":"l3302xmto2rl1k4"}
{"type":"log","timestamp":1705592418237,"level":"info","message":"Starting rendering (child) request","meta":{"rootId":"bmny22q2jn8krvw","id":"mdt64kkxfk74fyb"},"id":"q986750sxr12w2g","previousOperationId":"l3302xmto2rl1k4"}
{"type":"log","timestamp":1705592418238,"level":"info","message":"Rendering template { name: orders-header, recipe: chrome-pdf, engine: handlebars, preview: true }","meta":{"rootId":"bmny22q2jn8krvw","id":"mdt64kkxfk74fyb"},"id":"hax89ixoirt27pr","previousOperationId":"l3302xmto2rl1k4"}
{"type":"log","timestamp":1705592418238,"level":"debug","message":"Inline data specified.","meta":{"rootId":"bmny22q2jn8krvw","id":"mdt64kkxfk74fyb"},"id":"g23q77rf8y9a2d4","previousOperationId":"l3302xmto2rl1k4"}
{"type":"log","timestamp":1705592418240,"level":"debug","message":"Base url not specified, skipping its injection.","meta":{"rootId":"bmny22q2jn8krvw","id":"mdt64kkxfk74fyb"},"id":"yh565zagt4y8vit","previousOperationId":"l3302xmto2rl1k4"}
{"type":"operationStart","subtype":"engine","name":"handlebars","timestamp":1705592418240,"id":"xtj8j2c0nmltt97","previousEventId":"zcakc4hp6384gum","operationId":"xjih0lmzoxfk7u0","previousOperationId":"l3302xmto2rl1k4"}
{"type":"log","timestamp":1705592418240,"level":"debug","message":"Rendering engine handlebars","meta":{"rootId":"bmny22q2jn8krvw","id":"mdt64kkxfk74fyb"},"id":"ne1l4ecxsih0gs2","previousOperationId":"xjih0lmzoxfk7u0"}
{"type":"operationEnd","operationId":"xjih0lmzoxfk7u0","timestamp":1705592418251,"id":"fap4njrlor2eemq","previousEventId":"xtj8j2c0nmltt97","previousOperationId":"xjih0lmzoxfk7u0"}
{"type":"operationStart","subtype":"recipe","name":"chrome-pdf","timestamp":1705592418251,"id":"7ffxl80qakzc603","previousEventId":"fap4njrlor2eemq","operationId":"kwr2lyaviu3cob6","previousOperationId":"xjih0lmzoxfk7u0"}
{"type":"log","timestamp":1705592418251,"level":"debug","message":"Executing recipe chrome-pdf","meta":{"rootId":"bmny22q2jn8krvw","id":"mdt64kkxfk74fyb"},"id":"qxafyhcjeee4sq5","previousOperationId":"kwr2lyaviu3cob6"}
{"type":"log","timestamp":1705592418253,"level":"debug","message":"Converting with chrome HeadlessChrome/117.0.5938.149 using chrome-pool strategy","meta":{"rootId":"bmny22q2jn8krvw","id":"mdt64kkxfk74fyb"},"id":"feztzw76kpu2qq9","previousOperationId":"kwr2lyaviu3cob6"}
{"type":"log","timestamp":1705592418318,"level":"debug","message":"Page request: GET (document) file:///C:/Users/DANIEL~1/AppData/Local/Temp/jsreport/autocleanup/dd9ea390-dd17-4b61-b90c-9e978b23b353-chrome-pdf.html","meta":{"rootId":"bmny22q2jn8krvw","id":"mdt64kkxfk74fyb"},"id":"14lw81bwpffy3jd","previousOperationId":"kwr2lyaviu3cob6"}
{"type":"log","timestamp":1705592418327,"level":"debug","message":"Page request: GET (stylesheet) https://cdnjs.cloudflare.com/ajax/libs/metro/4.1.5/css/metro.min.css","meta":{"rootId":"bmny22q2jn8krvw","id":"mdt64kkxfk74fyb"},"id":"co5xt4stblzjauh","previousOperationId":"kwr2lyaviu3cob6"}
{"type":"log","timestamp":1705592418327,"level":"debug","message":"Page request finished: GET (document) 200 file:///C:/Users/DANIEL~1/AppData/Local/Temp/jsreport/autocleanup/dd9ea390-dd17-4b61-b90c-9e978b23b353-chrome-pdf.html","meta":{"rootId":"bmny22q2jn8krvw","id":"mdt64kkxfk74fyb"},"id":"v8duqpzp44f5ryc","previousOperationId":"kwr2lyaviu3cob6"}
{"type":"log","timestamp":1705592418338,"level":"debug","message":"Page request finished: GET (stylesheet) 200 https://cdnjs.cloudflare.com/ajax/libs/metro/4.1.5/css/metro.min.css","meta":{"rootId":"bmny22q2jn8krvw","id":"mdt64kkxfk74fyb"},"id":"8ux72h60l5z4kz2","previousOperationId":"kwr2lyaviu3cob6"}
{"type":"log","timestamp":1705592418351,"level":"debug","message":"Running chrome with params {\"printBackground\":true,\"marginTop\":\"1.5cm\",\"marginRight\":\"1.5cm\",\"marginLeft\":\"1.cm\",\"timeout\":59744,\"margin\":{\"top\":\"1.5cm\",\"right\":\"1.5cm\",\"left\":\"1.cm\"}}","meta":{"rootId":"bmny22q2jn8krvw","id":"mdt64kkxfk74fyb"},"id":"u1ci1xzoto24igw","previousOperationId":"kwr2lyaviu3cob6"}
{"type":"operationEnd","operationId":"kwr2lyaviu3cob6","timestamp":1705592418378,"id":"pvw6bwg4diuvw1e","previousEventId":"7ffxl80qakzc603","previousOperationId":"kwr2lyaviu3cob6"}
{"type":"log","timestamp":1705592418379,"level":"debug","message":"Skipping storing report.","meta":{"rootId":"bmny22q2jn8krvw","id":"mdt64kkxfk74fyb"},"id":"tht9zbogb1xjvvg","previousOperationId":"kwr2lyaviu3cob6"}
{"type":"log","timestamp":1705592418379,"level":"info","message":"Rendering (child) request finished in 383 ms","meta":{"rootId":"bmny22q2jn8krvw","id":"mdt64kkxfk74fyb"},"id":"d3dployjuvpra5d","previousOperationId":"kwr2lyaviu3cob6"}
{"type":"operationEnd","subtype":"render","operationId":"l3302xmto2rl1k4","timestamp":1705592418379,"id":"c3h0kx7mcp5ezz0","previousEventId":"pvw6bwg4diuvw1e","previousOperationId":"kwr2lyaviu3cob6"}
{"type":"operationEnd","operationId":"im3g79l39s2zga3","timestamp":1705592418385,"id":"cdzrqgj2zamlbo7","previousEventId":"qxgk7gursmn9ymh","previousOperationId":"im3g79l39s2zga3"}
{"type":"log","timestamp":1705592418385,"level":"debug","message":"pdf-utils postproces start","meta":{"rootId":"bmny22q2jn8krvw","id":"bmny22q2jn8krvw"},"id":"bgerwo6ec68qj4c","previousOperationId":"im3g79l39s2zga3"}
{"type":"log","timestamp":1705592418392,"level":"debug","message":"pdf-utils postproces end","meta":{"rootId":"bmny22q2jn8krvw","id":"bmny22q2jn8krvw"},"id":"xxdylzmx3b1jyup","previousOperationId":"im3g79l39s2zga3"}
{"type":"operationEnd","operationId":"bdbi72baz26465h","timestamp":1705592418392,"id":"f9cn75i8gf0p2jn","previousEventId":"cdzrqgj2zamlbo7","previousOperationId":"im3g79l39s2zga3"}
{"type":"log","timestamp":1705592418392,"level":"info","message":"pdf-utils pdf processing was finished","meta":{"rootId":"bmny22q2jn8krvw","id":"bmny22q2jn8krvw"},"id":"lgo6ucjlnpymz8t","previousOperationId":"bdbi72baz26465h"}
{"type":"log","timestamp":1705592418392,"level":"debug","message":"Skipping storing report.","meta":{"rootId":"bmny22q2jn8krvw","id":"bmny22q2jn8krvw"},"id":"rf98fwyk1rxv5ey","previousOperationId":"bdbi72baz26465h"}
{"type":"log","timestamp":1705592418392,"level":"info","message":"Rendering request 59 finished in 396 ms","meta":{"rootId":"bmny22q2jn8krvw","id":"bmny22q2jn8krvw"},"id":"lm9ztocd8nble16","previousOperationId":"bdbi72baz26465h"}
{"type":"operationEnd","subtype":"render","operationId":"1bruzj6pr3tjy2c","timestamp":1705592418392,"id":"x4x0yzcicji629v","previousEventId":"f9cn75i8gf0p2jn","previousOperationId":"bdbi72baz26465h"}
{"type":"operationEnd","doDiffs":false,"previousEventId":"scnz6cnaf8m35o3","previousOperationId":"i3oo1eyyi3a4ioo","operationId":"i3oo1eyyi3a4ioo","timestamp":1705592418397,"id":"es1j0ojgsdyz2q4"}
