{"type":"operationStart","subtype":"profile","data":{"_id":"JQJ3ZdnSMUVsKe6z","timestamp":"2024-01-18T17:35:57.581Z","state":"queued","mode":"standard","creationDate":"2024-01-18T17:35:57.582Z","modificationDate":"2024-01-18T17:35:57.582Z","shortid":"E7dyGXF","$entitySet":"profiles"},"doDiffs":false,"timestamp":1705599357582,"id":"mn9lpmxo73dh6qs","previousOperationId":null,"operationId":"ulo6wm11lx8enfu"}
{"type":"log","level":"info","message":"Render request 14 queued for execution and waiting for available worker","previousOperationId":"ulo6wm11lx8enfu","timestamp":1705599357582,"id":"ddmzef1nucdzyih"}
{"type":"operationStart","subtype":"render","name":"orders-main","previousOperationId":"ulo6wm11lx8enfu","timestamp":1705599357587,"id":"dzfkl75qha3b57p","previousEventId":"mn9lpmxo73dh6qs","operationId":"h4msy3h0katnm48"}
{"type":"log","timestamp":1705599357587,"level":"info","message":"Starting rendering request 14","meta":{"rootId":"bocbka7u41jre56","id":"bocbka7u41jre56"},"id":"uur74h5xcsxabpp","previousOperationId":"h4msy3h0katnm48"}
{"type":"log","timestamp":1705599357587,"level":"info","message":"Rendering template { name: orders-main, recipe: chrome-pdf, engine: handlebars, preview: true }","meta":{"rootId":"bocbka7u41jre56","id":"bocbka7u41jre56"},"id":"4778mnzg82oy2wl","previousOperationId":"h4msy3h0katnm48"}
{"type":"log","timestamp":1705599357588,"level":"debug","message":"Data item not defined for this template.","meta":{"rootId":"bocbka7u41jre56","id":"bocbka7u41jre56"},"id":"mqqkolt1xr9pzv0","previousOperationId":"h4msy3h0katnm48"}
{"type":"log","timestamp":1705599357590,"level":"debug","message":"Executing script orders-script (beforeRender)","meta":{"rootId":"bocbka7u41jre56","id":"bocbka7u41jre56"},"id":"zc8btu7mwqxo16d","previousOperationId":"h4msy3h0katnm48"}
{"type":"operationStart","subtype":"scriptsBeforeRender","name":"scripts beforeRender","timestamp":1705599357603,"id":"7lhqg0v2xw2khu7","previousEventId":"dzfkl75qha3b57p","operationId":"jwi2hxq8ws04ej7","previousOperationId":"h4msy3h0katnm48"}
{"type":"operationStart","subtype":"script","name":"scripts orders-script","previousOperationId":"jwi2hxq8ws04ej7","timestamp":1705599357603,"id":"y9gr0b1a0b1rs1b","previousEventId":"7lhqg0v2xw2khu7","operationId":"35un2yd5mdyqxvl"}
{"type":"log","timestamp":1705599357615,"level":"debug","message":"(console:log) [ 'Race1', 'Race2' ]","meta":{"userLevel":true,"rootId":"bocbka7u41jre56","id":"bocbka7u41jre56"},"id":"x4tk4uq5s4um52k","previousOperationId":"35un2yd5mdyqxvl"}
{"type":"log","timestamp":1705599357615,"level":"debug","message":"(console:log) [ 2, 1 ]","meta":{"userLevel":true,"rootId":"bocbka7u41jre56","id":"bocbka7u41jre56"},"id":"xzi1ah8m89h5q8l","previousOperationId":"35un2yd5mdyqxvl"}
{"type":"operationEnd","operationId":"35un2yd5mdyqxvl","timestamp":1705599357616,"id":"rn97khic47wv131","previousEventId":"dzfkl75qha3b57p","previousOperationId":"h4msy3h0katnm48"}
{"type":"operationEnd","operationId":"jwi2hxq8ws04ej7","timestamp":1705599357616,"id":"cywwkktp47tpa1j","previousEventId":"rn97khic47wv131","previousOperationId":"h4msy3h0katnm48"}
{"type":"log","timestamp":1705599357616,"level":"debug","message":"Base url not specified, skipping its injection.","meta":{"rootId":"bocbka7u41jre56","id":"bocbka7u41jre56"},"id":"cehny61pqty0hfl","previousOperationId":"jwi2hxq8ws04ej7"}
{"type":"operationStart","subtype":"engine","name":"handlebars","timestamp":1705599357616,"id":"13sg8dsvb02fy2d","previousEventId":"cywwkktp47tpa1j","operationId":"5nkjqdnjo6md4k9","previousOperationId":"jwi2hxq8ws04ej7"}
{"type":"log","timestamp":1705599357616,"level":"debug","message":"Rendering engine handlebars","meta":{"rootId":"bocbka7u41jre56","id":"bocbka7u41jre56"},"id":"xajkqt3f2xecll8","previousOperationId":"5nkjqdnjo6md4k9"}
{"type":"log","timestamp":1705599357634,"level":"debug","message":"(console:log) Pdf utils adding group field, value: \"Race1\"","meta":{"userLevel":true,"rootId":"bocbka7u41jre56","id":"bocbka7u41jre56"},"id":"y4pzedbmmr9q507","previousOperationId":"5nkjqdnjo6md4k9"}
{"type":"log","timestamp":1705599357634,"level":"debug","message":"(console:log) Pdf utils adding group field, value: \"Race2\"","meta":{"userLevel":true,"rootId":"bocbka7u41jre56","id":"bocbka7u41jre56"},"id":"3e9clxcrlrywbl8","previousOperationId":"5nkjqdnjo6md4k9"}
{"type":"operationEnd","operationId":"5nkjqdnjo6md4k9","timestamp":1705599357634,"id":"cz3iu968nd4kcyg","previousEventId":"13sg8dsvb02fy2d","previousOperationId":"5nkjqdnjo6md4k9"}
{"type":"operationStart","subtype":"recipe","name":"chrome-pdf","timestamp":1705599357634,"id":"ldjuveut40znb3s","previousEventId":"cz3iu968nd4kcyg","operationId":"yz34hkungbadtgz","previousOperationId":"5nkjqdnjo6md4k9"}
{"type":"log","timestamp":1705599357634,"level":"debug","message":"Executing recipe chrome-pdf","meta":{"rootId":"bocbka7u41jre56","id":"bocbka7u41jre56"},"id":"w629pvf8v59ngmg","previousOperationId":"yz34hkungbadtgz"}
{"type":"log","timestamp":1705599357637,"level":"debug","message":"Converting with chrome HeadlessChrome/117.0.5938.149 using chrome-pool strategy","meta":{"rootId":"bocbka7u41jre56","id":"bocbka7u41jre56"},"id":"4alz8vfgsijz48w","previousOperationId":"yz34hkungbadtgz"}
{"type":"log","timestamp":1705599357703,"level":"debug","message":"Page request: GET (document) file:///C:/Users/DANIEL~1/AppData/Local/Temp/jsreport/autocleanup/71fb6769-0cc7-4880-8ddd-84e875e93f9e-chrome-pdf.html","meta":{"rootId":"bocbka7u41jre56","id":"bocbka7u41jre56"},"id":"mjkh7uelxcqlhvc","previousOperationId":"yz34hkungbadtgz"}
{"type":"log","timestamp":1705599357722,"level":"debug","message":"Page request: GET (stylesheet) https://cdnjs.cloudflare.com/ajax/libs/metro/4.1.5/css/metro.min.css","meta":{"rootId":"bocbka7u41jre56","id":"bocbka7u41jre56"},"id":"h6puksbkj595iy0","previousOperationId":"yz34hkungbadtgz"}
{"type":"log","timestamp":1705599357723,"level":"debug","message":"Page request: GET (script) https://cdn.jsdelivr.net/npm/chart.js","meta":{"rootId":"bocbka7u41jre56","id":"bocbka7u41jre56"},"id":"q86t6ilimcjc9dh","previousOperationId":"yz34hkungbadtgz"}
{"type":"log","timestamp":1705599357723,"level":"debug","message":"Page request finished: GET (document) 200 file:///C:/Users/DANIEL~1/AppData/Local/Temp/jsreport/autocleanup/71fb6769-0cc7-4880-8ddd-84e875e93f9e-chrome-pdf.html","meta":{"rootId":"bocbka7u41jre56","id":"bocbka7u41jre56"},"id":"k8rmhixbhf1hgrn","previousOperationId":"yz34hkungbadtgz"}
{"type":"log","timestamp":1705599357726,"level":"debug","message":"Page request finished: GET (script) 200 https://cdn.jsdelivr.net/npm/chart.js","meta":{"rootId":"bocbka7u41jre56","id":"bocbka7u41jre56"},"id":"7m0p0kr3as5re4r","previousOperationId":"yz34hkungbadtgz"}
{"type":"log","timestamp":1705599357735,"level":"debug","message":"Page request finished: GET (stylesheet) 200 https://cdnjs.cloudflare.com/ajax/libs/metro/4.1.5/css/metro.min.css","meta":{"rootId":"bocbka7u41jre56","id":"bocbka7u41jre56"},"id":"ya0brh6so0ccocs","previousOperationId":"yz34hkungbadtgz"}
{"type":"log","timestamp":1705599357738,"level":"warn","message":"Page error: Unexpected token ';' , stack: SyntaxError: Unexpected token ';'","meta":{"rootId":"bocbka7u41jre56","id":"bocbka7u41jre56"},"id":"hrbjqpfegwkedvq","previousOperationId":"yz34hkungbadtgz"}
{"type":"log","timestamp":1705599357758,"level":"debug","message":"Running chrome with params {\"printBackground\":true,\"marginTop\":\"4cm\",\"marginRight\":\"1.5cm\",\"marginBottom\":\"1.5cm\",\"marginLeft\":\"1.5cm\",\"waitForJS\":false,\"timeout\":59945,\"margin\":{\"top\":\"4cm\",\"right\":\"1.5cm\",\"bottom\":\"1.5cm\",\"left\":\"1.5cm\"}}","meta":{"rootId":"bocbka7u41jre56","id":"bocbka7u41jre56"},"id":"ygknddbntv3ruo9","previousOperationId":"yz34hkungbadtgz"}
{"type":"operationEnd","operationId":"yz34hkungbadtgz","timestamp":1705599357816,"id":"4aen1cdtgsw4n8b","previousEventId":"ldjuveut40znb3s","previousOperationId":"yz34hkungbadtgz"}
{"type":"log","timestamp":1705599357816,"level":"info","message":"pdf-utils is starting pdf processing","meta":{"rootId":"bocbka7u41jre56","id":"bocbka7u41jre56"},"id":"ili4avrojtn3i0u","previousOperationId":"yz34hkungbadtgz"}
{"type":"operationStart","subtype":"pdfUtils","name":"pdf utils","timestamp":1705599357816,"id":"oprvwakk6rf5ctb","previousEventId":"4aen1cdtgsw4n8b","operationId":"gl613zo6075t211","previousOperationId":"yz34hkungbadtgz"}
{"type":"log","timestamp":1705599357816,"level":"debug","message":"pdf-utils detected 1 pdf operation(s) to process","meta":{"rootId":"bocbka7u41jre56","id":"bocbka7u41jre56"},"id":"uj7fq4o3ss4p20x","previousOperationId":"gl613zo6075t211"}
{"type":"log","timestamp":1705599357829,"level":"debug","message":"pdf-utils running pdf operation merge","meta":{"rootId":"bocbka7u41jre56","id":"bocbka7u41jre56"},"id":"107iyo3b4hs3roy","previousOperationId":"gl613zo6075t211"}
{"type":"operationStart","subtype":"pdfUtilsMerge","name":"pdf utils merge","previousOperationId":"gl613zo6075t211","timestamp":1705599357829,"id":"w96gw4athltz0g4","previousEventId":"oprvwakk6rf5ctb","operationId":"2to2waahq90lq30"}
{"type":"operationStart","subtype":"render","name":"orders-header","previousOperationId":"2to2waahq90lq30","timestamp":1705599357830,"id":"jug0r6bam662fts","previousEventId":"w96gw4athltz0g4","operationId":"5fbnijtv8cj4kt5"}
{"type":"log","timestamp":1705599357830,"level":"info","message":"Starting rendering (child) request","meta":{"rootId":"bocbka7u41jre56","id":"vuhhfxsn7tsev2e"},"id":"ar5t9myg0paly5v","previousOperationId":"5fbnijtv8cj4kt5"}
{"type":"log","timestamp":1705599357830,"level":"info","message":"Rendering template { name: orders-header, recipe: chrome-pdf, engine: handlebars, preview: true }","meta":{"rootId":"bocbka7u41jre56","id":"vuhhfxsn7tsev2e"},"id":"5idv9ktb0vp4n6j","previousOperationId":"5fbnijtv8cj4kt5"}
{"type":"log","timestamp":1705599357830,"level":"debug","message":"Inline data specified.","meta":{"rootId":"bocbka7u41jre56","id":"vuhhfxsn7tsev2e"},"id":"41rjlls5w487owf","previousOperationId":"5fbnijtv8cj4kt5"}
{"type":"log","timestamp":1705599357832,"level":"debug","message":"Base url not specified, skipping its injection.","meta":{"rootId":"bocbka7u41jre56","id":"vuhhfxsn7tsev2e"},"id":"3kf8q7dkr1bf9ey","previousOperationId":"5fbnijtv8cj4kt5"}
{"type":"operationStart","subtype":"engine","name":"handlebars","timestamp":1705599357832,"id":"bulkeuq4i5zvbm5","previousEventId":"jug0r6bam662fts","operationId":"2sj27erpxrv9mt8","previousOperationId":"5fbnijtv8cj4kt5"}
{"type":"log","timestamp":1705599357832,"level":"debug","message":"Rendering engine handlebars","meta":{"rootId":"bocbka7u41jre56","id":"vuhhfxsn7tsev2e"},"id":"ixq6daeyfm8t5mu","previousOperationId":"2sj27erpxrv9mt8"}
{"type":"operationEnd","operationId":"2sj27erpxrv9mt8","timestamp":1705599357845,"id":"gleset4zfdslymp","previousEventId":"bulkeuq4i5zvbm5","previousOperationId":"2sj27erpxrv9mt8"}
{"type":"operationStart","subtype":"recipe","name":"chrome-pdf","timestamp":1705599357845,"id":"x08o8ux5mst53ii","previousEventId":"gleset4zfdslymp","operationId":"5l99olm9dr5x4s3","previousOperationId":"2sj27erpxrv9mt8"}
{"type":"log","timestamp":1705599357845,"level":"debug","message":"Executing recipe chrome-pdf","meta":{"rootId":"bocbka7u41jre56","id":"vuhhfxsn7tsev2e"},"id":"x1msr433hbowc0c","previousOperationId":"5l99olm9dr5x4s3"}
{"type":"log","timestamp":1705599357847,"level":"debug","message":"Converting with chrome HeadlessChrome/117.0.5938.149 using chrome-pool strategy","meta":{"rootId":"bocbka7u41jre56","id":"vuhhfxsn7tsev2e"},"id":"nq4zvdjejbb3wq6","previousOperationId":"5l99olm9dr5x4s3"}
{"type":"log","timestamp":1705599357921,"level":"debug","message":"Page request: GET (document) file:///C:/Users/DANIEL~1/AppData/Local/Temp/jsreport/autocleanup/850a769f-3879-4586-b882-4d067b2b0df3-chrome-pdf.html","meta":{"rootId":"bocbka7u41jre56","id":"vuhhfxsn7tsev2e"},"id":"i1z2zo7giu2i9xg","previousOperationId":"5l99olm9dr5x4s3"}
{"type":"log","timestamp":1705599357930,"level":"debug","message":"Page request: GET (stylesheet) https://cdnjs.cloudflare.com/ajax/libs/metro/4.1.5/css/metro.min.css","meta":{"rootId":"bocbka7u41jre56","id":"vuhhfxsn7tsev2e"},"id":"acb3tpnrap09d1i","previousOperationId":"5l99olm9dr5x4s3"}
{"type":"log","timestamp":1705599357930,"level":"debug","message":"Page request finished: GET (document) 200 file:///C:/Users/DANIEL~1/AppData/Local/Temp/jsreport/autocleanup/850a769f-3879-4586-b882-4d067b2b0df3-chrome-pdf.html","meta":{"rootId":"bocbka7u41jre56","id":"vuhhfxsn7tsev2e"},"id":"sqqhxgq0l38dk8p","previousOperationId":"5l99olm9dr5x4s3"}
{"type":"log","timestamp":1705599357942,"level":"debug","message":"Page request finished: GET (stylesheet) 200 https://cdnjs.cloudflare.com/ajax/libs/metro/4.1.5/css/metro.min.css","meta":{"rootId":"bocbka7u41jre56","id":"vuhhfxsn7tsev2e"},"id":"ar4d18zh48vmugf","previousOperationId":"5l99olm9dr5x4s3"}
{"type":"log","timestamp":1705599357955,"level":"debug","message":"Running chrome with params {\"printBackground\":true,\"marginTop\":\"1.5cm\",\"marginRight\":\"1.5cm\",\"marginLeft\":\"1.cm\",\"timeout\":59735,\"margin\":{\"top\":\"1.5cm\",\"right\":\"1.5cm\",\"left\":\"1.cm\"}}","meta":{"rootId":"bocbka7u41jre56","id":"vuhhfxsn7tsev2e"},"id":"bex0wniptxrgy9s","previousOperationId":"5l99olm9dr5x4s3"}
{"type":"operationEnd","operationId":"5l99olm9dr5x4s3","timestamp":1705599357982,"id":"j43d702k9nqy9tu","previousEventId":"x08o8ux5mst53ii","previousOperationId":"5l99olm9dr5x4s3"}
{"type":"log","timestamp":1705599357982,"level":"debug","message":"Skipping storing report.","meta":{"rootId":"bocbka7u41jre56","id":"vuhhfxsn7tsev2e"},"id":"mg6m38absqfc8bm","previousOperationId":"5l99olm9dr5x4s3"}
{"type":"log","timestamp":1705599357982,"level":"info","message":"Rendering (child) request finished in 401 ms","meta":{"rootId":"bocbka7u41jre56","id":"vuhhfxsn7tsev2e"},"id":"ra8v75s0wg1e375","previousOperationId":"5l99olm9dr5x4s3"}
{"type":"operationEnd","subtype":"render","operationId":"5fbnijtv8cj4kt5","timestamp":1705599357982,"id":"yx3lgb0hwml4idi","previousEventId":"j43d702k9nqy9tu","previousOperationId":"5l99olm9dr5x4s3"}
{"type":"operationEnd","operationId":"2to2waahq90lq30","timestamp":1705599357989,"id":"2h5qnauixts4n85","previousEventId":"w96gw4athltz0g4","previousOperationId":"2to2waahq90lq30"}
{"type":"log","timestamp":1705599357989,"level":"debug","message":"pdf-utils postproces start","meta":{"rootId":"bocbka7u41jre56","id":"bocbka7u41jre56"},"id":"xg91zx4jlkmu86v","previousOperationId":"2to2waahq90lq30"}
{"type":"log","timestamp":1705599357996,"level":"debug","message":"pdf-utils postproces end","meta":{"rootId":"bocbka7u41jre56","id":"bocbka7u41jre56"},"id":"c3yiwnsrizam4lq","previousOperationId":"2to2waahq90lq30"}
{"type":"operationEnd","operationId":"gl613zo6075t211","timestamp":1705599357997,"id":"5f1i0du516ij5g2","previousEventId":"2h5qnauixts4n85","previousOperationId":"2to2waahq90lq30"}
{"type":"log","timestamp":1705599357997,"level":"info","message":"pdf-utils pdf processing was finished","meta":{"rootId":"bocbka7u41jre56","id":"bocbka7u41jre56"},"id":"uu2zkftqwtd3zyh","previousOperationId":"gl613zo6075t211"}
{"type":"log","timestamp":1705599357997,"level":"debug","message":"Skipping storing report.","meta":{"rootId":"bocbka7u41jre56","id":"bocbka7u41jre56"},"id":"zjco1crqatj4dgc","previousOperationId":"gl613zo6075t211"}
{"type":"log","timestamp":1705599357997,"level":"info","message":"Rendering request 14 finished in 416 ms","meta":{"rootId":"bocbka7u41jre56","id":"bocbka7u41jre56"},"id":"ya04udj454wyglu","previousOperationId":"gl613zo6075t211"}
{"type":"operationEnd","subtype":"render","operationId":"h4msy3h0katnm48","timestamp":1705599357997,"id":"n6b02exenrj79t2","previousEventId":"5f1i0du516ij5g2","previousOperationId":"gl613zo6075t211"}
{"type":"operationEnd","doDiffs":false,"previousEventId":"mn9lpmxo73dh6qs","previousOperationId":"ulo6wm11lx8enfu","operationId":"ulo6wm11lx8enfu","timestamp":1705599358004,"id":"gxr1t6iako0pueh"}
