{"type":"operationStart","subtype":"profile","data":{"_id":"dq7fzIhROavIoUkf","timestamp":"2024-01-18T17:36:17.115Z","state":"queued","mode":"standard","creationDate":"2024-01-18T17:36:17.116Z","modificationDate":"2024-01-18T17:36:17.116Z","shortid":"t9i60ph","$entitySet":"profiles"},"doDiffs":false,"timestamp":1705599377116,"id":"a5ikvxsro33y2xy","previousOperationId":null,"operationId":"um9645y1xm8ul93"}
{"type":"log","level":"info","message":"Render request 16 queued for execution and waiting for available worker","previousOperationId":"um9645y1xm8ul93","timestamp":1705599377116,"id":"vcc3rupa9c4c233"}
{"type":"operationStart","subtype":"render","name":"orders-main","previousOperationId":"um9645y1xm8ul93","timestamp":1705599377121,"id":"imgbelrfxrhw7be","previousEventId":"a5ikvxsro33y2xy","operationId":"cymqjeqku4dc1r5"}
{"type":"log","timestamp":1705599377121,"level":"info","message":"Starting rendering request 16","meta":{"rootId":"brpuxia2dgpfqap","id":"brpuxia2dgpfqap"},"id":"oo9ztk8d0e876ic","previousOperationId":"cymqjeqku4dc1r5"}
{"type":"log","timestamp":1705599377121,"level":"info","message":"Rendering template { name: orders-main, recipe: chrome-pdf, engine: handlebars, preview: true }","meta":{"rootId":"brpuxia2dgpfqap","id":"brpuxia2dgpfqap"},"id":"7a48ezzqrn9oj26","previousOperationId":"cymqjeqku4dc1r5"}
{"type":"log","timestamp":1705599377122,"level":"debug","message":"Data item not defined for this template.","meta":{"rootId":"brpuxia2dgpfqap","id":"brpuxia2dgpfqap"},"id":"4zy689ktcjjkphb","previousOperationId":"cymqjeqku4dc1r5"}
{"type":"log","timestamp":1705599377123,"level":"debug","message":"Executing script orders-script (beforeRender)","meta":{"rootId":"brpuxia2dgpfqap","id":"brpuxia2dgpfqap"},"id":"1mir06h7k15c3pz","previousOperationId":"cymqjeqku4dc1r5"}
{"type":"operationStart","subtype":"scriptsBeforeRender","name":"scripts beforeRender","timestamp":1705599377131,"id":"crwai08z7jkimh5","previousEventId":"imgbelrfxrhw7be","operationId":"qr15touru2b0sy8","previousOperationId":"cymqjeqku4dc1r5"}
{"type":"operationStart","subtype":"script","name":"scripts orders-script","previousOperationId":"qr15touru2b0sy8","timestamp":1705599377131,"id":"a60bq11ycom5iic","previousEventId":"crwai08z7jkimh5","operationId":"hsi0me909g0tlfb"}
{"type":"log","timestamp":1705599377141,"level":"debug","message":"(console:log) [ 'Race1', 'Race2' ]","meta":{"userLevel":true,"rootId":"brpuxia2dgpfqap","id":"brpuxia2dgpfqap"},"id":"ip55lnu4kzm339y","previousOperationId":"hsi0me909g0tlfb"}
{"type":"log","timestamp":1705599377141,"level":"debug","message":"(console:log) [ 2, 1 ]","meta":{"userLevel":true,"rootId":"brpuxia2dgpfqap","id":"brpuxia2dgpfqap"},"id":"nlguyarxblb0guq","previousOperationId":"hsi0me909g0tlfb"}
{"type":"operationEnd","operationId":"hsi0me909g0tlfb","timestamp":1705599377141,"id":"c7v4fa5demsjvpl","previousEventId":"imgbelrfxrhw7be","previousOperationId":"cymqjeqku4dc1r5"}
{"type":"operationEnd","operationId":"qr15touru2b0sy8","timestamp":1705599377141,"id":"zlqy9jv1gburkn3","previousEventId":"c7v4fa5demsjvpl","previousOperationId":"cymqjeqku4dc1r5"}
{"type":"log","timestamp":1705599377141,"level":"debug","message":"Base url not specified, skipping its injection.","meta":{"rootId":"brpuxia2dgpfqap","id":"brpuxia2dgpfqap"},"id":"a2m5ba10x1judv5","previousOperationId":"qr15touru2b0sy8"}
{"type":"operationStart","subtype":"engine","name":"handlebars","timestamp":1705599377141,"id":"cx2wv12497ihpe1","previousEventId":"zlqy9jv1gburkn3","operationId":"xpcgs8rgq8ke5vl","previousOperationId":"qr15touru2b0sy8"}
{"type":"log","timestamp":1705599377141,"level":"debug","message":"Rendering engine handlebars","meta":{"rootId":"brpuxia2dgpfqap","id":"brpuxia2dgpfqap"},"id":"btgw0q1d1gbkz15","previousOperationId":"xpcgs8rgq8ke5vl"}
{"type":"log","timestamp":1705599377152,"level":"debug","message":"(console:log) Pdf utils adding group field, value: \"Race1\"","meta":{"userLevel":true,"rootId":"brpuxia2dgpfqap","id":"brpuxia2dgpfqap"},"id":"rd5jgjltxv7af28","previousOperationId":"xpcgs8rgq8ke5vl"}
{"type":"log","timestamp":1705599377153,"level":"debug","message":"(console:log) Pdf utils adding group field, value: \"Race2\"","meta":{"userLevel":true,"rootId":"brpuxia2dgpfqap","id":"brpuxia2dgpfqap"},"id":"d42undexr22igc9","previousOperationId":"xpcgs8rgq8ke5vl"}
{"type":"operationEnd","operationId":"xpcgs8rgq8ke5vl","timestamp":1705599377153,"id":"rfsjfvvf46ts832","previousEventId":"cx2wv12497ihpe1","previousOperationId":"xpcgs8rgq8ke5vl"}
{"type":"operationStart","subtype":"recipe","name":"chrome-pdf","timestamp":1705599377153,"id":"ovy4xdftzfrs4o9","previousEventId":"rfsjfvvf46ts832","operationId":"g3i3slaelkinrw1","previousOperationId":"xpcgs8rgq8ke5vl"}
{"type":"log","timestamp":1705599377153,"level":"debug","message":"Executing recipe chrome-pdf","meta":{"rootId":"brpuxia2dgpfqap","id":"brpuxia2dgpfqap"},"id":"oh5e2tr3z7dz1xd","previousOperationId":"g3i3slaelkinrw1"}
{"type":"log","timestamp":1705599377154,"level":"debug","message":"Converting with chrome HeadlessChrome/117.0.5938.149 using chrome-pool strategy","meta":{"rootId":"brpuxia2dgpfqap","id":"brpuxia2dgpfqap"},"id":"yb3tcghfj79wzm7","previousOperationId":"g3i3slaelkinrw1"}
{"type":"log","timestamp":1705599377223,"level":"debug","message":"Page request: GET (document) file:///C:/Users/DANIEL~1/AppData/Local/Temp/jsreport/autocleanup/e74a1130-16aa-4cd3-abdd-d58eef4516f3-chrome-pdf.html","meta":{"rootId":"brpuxia2dgpfqap","id":"brpuxia2dgpfqap"},"id":"sro7xrpbtwuwpnb","previousOperationId":"g3i3slaelkinrw1"}
{"type":"log","timestamp":1705599377239,"level":"debug","message":"Page request: GET (stylesheet) https://cdnjs.cloudflare.com/ajax/libs/metro/4.1.5/css/metro.min.css","meta":{"rootId":"brpuxia2dgpfqap","id":"brpuxia2dgpfqap"},"id":"om3mb5vsy2hvp7f","previousOperationId":"g3i3slaelkinrw1"}
{"type":"log","timestamp":1705599377240,"level":"debug","message":"Page request: GET (script) https://cdn.jsdelivr.net/npm/chart.js","meta":{"rootId":"brpuxia2dgpfqap","id":"brpuxia2dgpfqap"},"id":"mwc4p4bxuq6596h","previousOperationId":"g3i3slaelkinrw1"}
{"type":"log","timestamp":1705599377240,"level":"debug","message":"Page request finished: GET (document) 200 file:///C:/Users/DANIEL~1/AppData/Local/Temp/jsreport/autocleanup/e74a1130-16aa-4cd3-abdd-d58eef4516f3-chrome-pdf.html","meta":{"rootId":"brpuxia2dgpfqap","id":"brpuxia2dgpfqap"},"id":"2o93e747tm3enbd","previousOperationId":"g3i3slaelkinrw1"}
{"type":"log","timestamp":1705599377243,"level":"debug","message":"Page request finished: GET (script) 200 https://cdn.jsdelivr.net/npm/chart.js","meta":{"rootId":"brpuxia2dgpfqap","id":"brpuxia2dgpfqap"},"id":"b9d0fo4ym8su943","previousOperationId":"g3i3slaelkinrw1"}
{"type":"log","timestamp":1705599377252,"level":"debug","message":"Page request finished: GET (stylesheet) 200 https://cdnjs.cloudflare.com/ajax/libs/metro/4.1.5/css/metro.min.css","meta":{"rootId":"brpuxia2dgpfqap","id":"brpuxia2dgpfqap"},"id":"zhxskrtx1rtrhia","previousOperationId":"g3i3slaelkinrw1"}
{"type":"log","timestamp":1705599377254,"level":"warn","message":"Page error: Unexpected token ';' , stack: SyntaxError: Unexpected token ';'","meta":{"rootId":"brpuxia2dgpfqap","id":"brpuxia2dgpfqap"},"id":"10rco56qvui3jr5","previousOperationId":"g3i3slaelkinrw1"}
{"type":"log","timestamp":1705599377273,"level":"debug","message":"Running chrome with params {\"printBackground\":true,\"marginTop\":\"4cm\",\"marginRight\":\"1.5cm\",\"marginBottom\":\"1.5cm\",\"marginLeft\":\"1.5cm\",\"waitForJS\":false,\"timeout\":59961,\"margin\":{\"top\":\"4cm\",\"right\":\"1.5cm\",\"bottom\":\"1.5cm\",\"left\":\"1.5cm\"}}","meta":{"rootId":"brpuxia2dgpfqap","id":"brpuxia2dgpfqap"},"id":"3ll6822kl5q5nmf","previousOperationId":"g3i3slaelkinrw1"}
{"type":"operationEnd","operationId":"g3i3slaelkinrw1","timestamp":1705599377329,"id":"y1148cpijcsrz5f","previousEventId":"ovy4xdftzfrs4o9","previousOperationId":"g3i3slaelkinrw1"}
{"type":"log","timestamp":1705599377329,"level":"info","message":"pdf-utils is starting pdf processing","meta":{"rootId":"brpuxia2dgpfqap","id":"brpuxia2dgpfqap"},"id":"650yseo7de20fdu","previousOperationId":"g3i3slaelkinrw1"}
{"type":"operationStart","subtype":"pdfUtils","name":"pdf utils","timestamp":1705599377330,"id":"ioflqw37m6py6y6","previousEventId":"y1148cpijcsrz5f","operationId":"p0d3ffd84dfeakf","previousOperationId":"g3i3slaelkinrw1"}
{"type":"log","timestamp":1705599377330,"level":"debug","message":"pdf-utils detected 1 pdf operation(s) to process","meta":{"rootId":"brpuxia2dgpfqap","id":"brpuxia2dgpfqap"},"id":"8j3skrtdznir1km","previousOperationId":"p0d3ffd84dfeakf"}
{"type":"log","timestamp":1705599377340,"level":"debug","message":"pdf-utils running pdf operation merge","meta":{"rootId":"brpuxia2dgpfqap","id":"brpuxia2dgpfqap"},"id":"i5bvz5s2wuepqcd","previousOperationId":"p0d3ffd84dfeakf"}
{"type":"operationStart","subtype":"pdfUtilsMerge","name":"pdf utils merge","previousOperationId":"p0d3ffd84dfeakf","timestamp":1705599377340,"id":"spxjh12m3i7hy2w","previousEventId":"ioflqw37m6py6y6","operationId":"qqfc66y4n0yawe6"}
{"type":"operationStart","subtype":"render","name":"orders-header","previousOperationId":"qqfc66y4n0yawe6","timestamp":1705599377341,"id":"i0frdjl3evpccsr","previousEventId":"spxjh12m3i7hy2w","operationId":"8l9pmijrrl3ndmh"}
{"type":"log","timestamp":1705599377341,"level":"info","message":"Starting rendering (child) request","meta":{"rootId":"brpuxia2dgpfqap","id":"5d2q0mby4dkkgwj"},"id":"inimzsgjanfto3v","previousOperationId":"8l9pmijrrl3ndmh"}
{"type":"log","timestamp":1705599377341,"level":"info","message":"Rendering template { name: orders-header, recipe: chrome-pdf, engine: handlebars, preview: true }","meta":{"rootId":"brpuxia2dgpfqap","id":"5d2q0mby4dkkgwj"},"id":"rf6urcs3faiidjl","previousOperationId":"8l9pmijrrl3ndmh"}
{"type":"log","timestamp":1705599377341,"level":"debug","message":"Inline data specified.","meta":{"rootId":"brpuxia2dgpfqap","id":"5d2q0mby4dkkgwj"},"id":"l9l1zg34438d7p8","previousOperationId":"8l9pmijrrl3ndmh"}
{"type":"log","timestamp":1705599377342,"level":"debug","message":"Base url not specified, skipping its injection.","meta":{"rootId":"brpuxia2dgpfqap","id":"5d2q0mby4dkkgwj"},"id":"cddomhyjsssibp2","previousOperationId":"8l9pmijrrl3ndmh"}
{"type":"operationStart","subtype":"engine","name":"handlebars","timestamp":1705599377342,"id":"dw4nr6rden7bzps","previousEventId":"i0frdjl3evpccsr","operationId":"azlrxcfg235zhyo","previousOperationId":"8l9pmijrrl3ndmh"}
{"type":"log","timestamp":1705599377342,"level":"debug","message":"Rendering engine handlebars","meta":{"rootId":"brpuxia2dgpfqap","id":"5d2q0mby4dkkgwj"},"id":"nc80mkdm2m8ok25","previousOperationId":"azlrxcfg235zhyo"}
{"type":"operationEnd","operationId":"azlrxcfg235zhyo","timestamp":1705599377351,"id":"siniwnvxobc7n6h","previousEventId":"dw4nr6rden7bzps","previousOperationId":"azlrxcfg235zhyo"}
{"type":"operationStart","subtype":"recipe","name":"chrome-pdf","timestamp":1705599377351,"id":"xnv6t1h30liu3yo","previousEventId":"siniwnvxobc7n6h","operationId":"cbo3nybro97j7vg","previousOperationId":"azlrxcfg235zhyo"}
{"type":"log","timestamp":1705599377351,"level":"debug","message":"Executing recipe chrome-pdf","meta":{"rootId":"brpuxia2dgpfqap","id":"5d2q0mby4dkkgwj"},"id":"zo1wmwgrw0x540p","previousOperationId":"cbo3nybro97j7vg"}
{"type":"log","timestamp":1705599377353,"level":"debug","message":"Converting with chrome HeadlessChrome/117.0.5938.149 using chrome-pool strategy","meta":{"rootId":"brpuxia2dgpfqap","id":"5d2q0mby4dkkgwj"},"id":"wb48nauiucn69wm","previousOperationId":"cbo3nybro97j7vg"}
{"type":"log","timestamp":1705599377423,"level":"debug","message":"Page request: GET (document) file:///C:/Users/DANIEL~1/AppData/Local/Temp/jsreport/autocleanup/fe6d2bed-f34d-4954-b9e5-99bd787d7003-chrome-pdf.html","meta":{"rootId":"brpuxia2dgpfqap","id":"5d2q0mby4dkkgwj"},"id":"xoizblnpe9ehes3","previousOperationId":"cbo3nybro97j7vg"}
{"type":"log","timestamp":1705599377431,"level":"debug","message":"Page request: GET (stylesheet) https://cdnjs.cloudflare.com/ajax/libs/metro/4.1.5/css/metro.min.css","meta":{"rootId":"brpuxia2dgpfqap","id":"5d2q0mby4dkkgwj"},"id":"vmcp1ac25l9no7k","previousOperationId":"cbo3nybro97j7vg"}
{"type":"log","timestamp":1705599377431,"level":"debug","message":"Page request finished: GET (document) 200 file:///C:/Users/DANIEL~1/AppData/Local/Temp/jsreport/autocleanup/fe6d2bed-f34d-4954-b9e5-99bd787d7003-chrome-pdf.html","meta":{"rootId":"brpuxia2dgpfqap","id":"5d2q0mby4dkkgwj"},"id":"3e6rrml9ce67vrg","previousOperationId":"cbo3nybro97j7vg"}
{"type":"log","timestamp":1705599377451,"level":"debug","message":"Page request finished: GET (stylesheet) 200 https://cdnjs.cloudflare.com/ajax/libs/metro/4.1.5/css/metro.min.css","meta":{"rootId":"brpuxia2dgpfqap","id":"5d2q0mby4dkkgwj"},"id":"ps9or11wmw4i637","previousOperationId":"cbo3nybro97j7vg"}
{"type":"log","timestamp":1705599377463,"level":"debug","message":"Running chrome with params {\"printBackground\":true,\"marginTop\":\"1.5cm\",\"marginRight\":\"1.5cm\",\"marginLeft\":\"1.cm\",\"timeout\":59763,\"margin\":{\"top\":\"1.5cm\",\"right\":\"1.5cm\",\"left\":\"1.cm\"}}","meta":{"rootId":"brpuxia2dgpfqap","id":"5d2q0mby4dkkgwj"},"id":"z19konfqgwufhgd","previousOperationId":"cbo3nybro97j7vg"}
{"type":"operationEnd","operationId":"cbo3nybro97j7vg","timestamp":1705599377488,"id":"aoo0vse76u1634o","previousEventId":"xnv6t1h30liu3yo","previousOperationId":"cbo3nybro97j7vg"}
{"type":"log","timestamp":1705599377488,"level":"debug","message":"Skipping storing report.","meta":{"rootId":"brpuxia2dgpfqap","id":"5d2q0mby4dkkgwj"},"id":"qfzkg5skk2ubkc6","previousOperationId":"cbo3nybro97j7vg"}
{"type":"log","timestamp":1705599377488,"level":"info","message":"Rendering (child) request finished in 373 ms","meta":{"rootId":"brpuxia2dgpfqap","id":"5d2q0mby4dkkgwj"},"id":"uc5uw0zqez508on","previousOperationId":"cbo3nybro97j7vg"}
{"type":"operationEnd","subtype":"render","operationId":"8l9pmijrrl3ndmh","timestamp":1705599377488,"id":"k2b1nu5lnz7ng8o","previousEventId":"aoo0vse76u1634o","previousOperationId":"cbo3nybro97j7vg"}
{"type":"operationEnd","operationId":"qqfc66y4n0yawe6","timestamp":1705599377495,"id":"3mipnrk61cw29ya","previousEventId":"spxjh12m3i7hy2w","previousOperationId":"qqfc66y4n0yawe6"}
{"type":"log","timestamp":1705599377495,"level":"debug","message":"pdf-utils postproces start","meta":{"rootId":"brpuxia2dgpfqap","id":"brpuxia2dgpfqap"},"id":"uuz3ybklkg43grc","previousOperationId":"qqfc66y4n0yawe6"}
{"type":"log","timestamp":1705599377502,"level":"debug","message":"pdf-utils postproces end","meta":{"rootId":"brpuxia2dgpfqap","id":"brpuxia2dgpfqap"},"id":"8pq75b40a8u6gcf","previousOperationId":"qqfc66y4n0yawe6"}
{"type":"operationEnd","operationId":"p0d3ffd84dfeakf","timestamp":1705599377502,"id":"41rnltqvguhvfbi","previousEventId":"3mipnrk61cw29ya","previousOperationId":"qqfc66y4n0yawe6"}
{"type":"log","timestamp":1705599377502,"level":"info","message":"pdf-utils pdf processing was finished","meta":{"rootId":"brpuxia2dgpfqap","id":"brpuxia2dgpfqap"},"id":"43f7htr8fdvtgpw","previousOperationId":"p0d3ffd84dfeakf"}
{"type":"log","timestamp":1705599377502,"level":"debug","message":"Skipping storing report.","meta":{"rootId":"brpuxia2dgpfqap","id":"brpuxia2dgpfqap"},"id":"sp1o2tmqe5psjyx","previousOperationId":"p0d3ffd84dfeakf"}
{"type":"log","timestamp":1705599377502,"level":"info","message":"Rendering request 16 finished in 387 ms","meta":{"rootId":"brpuxia2dgpfqap","id":"brpuxia2dgpfqap"},"id":"v7cy31opzn4jeyj","previousOperationId":"p0d3ffd84dfeakf"}
{"type":"operationEnd","subtype":"render","operationId":"cymqjeqku4dc1r5","timestamp":1705599377502,"id":"8afxuima7uuggwn","previousEventId":"41rnltqvguhvfbi","previousOperationId":"p0d3ffd84dfeakf"}
{"type":"operationEnd","doDiffs":false,"previousEventId":"a5ikvxsro33y2xy","previousOperationId":"um9645y1xm8ul93","operationId":"um9645y1xm8ul93","timestamp":1705599377509,"id":"q8fn08rz6w2io75"}
