{"type":"operationStart","subtype":"profile","data":{"_id":"mfWk6s9Wx3nq2kyq","timestamp":"2024-01-17T14:51:47.988Z","state":"queued","mode":"standard","creationDate":"2024-01-17T14:51:47.993Z","modificationDate":"2024-01-17T14:51:47.993Z","shortid":"Ykm0E7T","$entitySet":"profiles"},"doDiffs":false,"timestamp":1705503107990,"id":"qzlqwiy67brdleu","previousOperationId":null,"operationId":"id6lo1f7zmxfvdd"}
{"type":"log","level":"info","message":"Render request 26 queued for execution and waiting for available worker","previousOperationId":"id6lo1f7zmxfvdd","timestamp":1705503107991,"id":"wwdz9oexdmsi5ci"}
{"type":"operationStart","subtype":"render","name":"orders-main","previousOperationId":"id6lo1f7zmxfvdd","timestamp":1705503108010,"id":"fv5o38uu9msovl1","previousEventId":"qzlqwiy67brdleu","operationId":"d516qga2bkbnpzl"}
{"type":"log","timestamp":1705503108011,"level":"info","message":"Starting rendering request 26","meta":{"rootId":"bsbj2k5npytfeyv","id":"bsbj2k5npytfeyv"},"id":"6sjad9qcaccv83z","previousOperationId":"d516qga2bkbnpzl"}
{"type":"log","timestamp":1705503108011,"level":"info","message":"Rendering template { name: orders-main, recipe: chrome-pdf, engine: handlebars, preview: true }","meta":{"rootId":"bsbj2k5npytfeyv","id":"bsbj2k5npytfeyv"},"id":"au3e8die8j4nlh5","previousOperationId":"d516qga2bkbnpzl"}
{"type":"log","timestamp":1705503108013,"level":"debug","message":"Data item not defined for this template.","meta":{"rootId":"bsbj2k5npytfeyv","id":"bsbj2k5npytfeyv"},"id":"lypryk2cje9zrba","previousOperationId":"d516qga2bkbnpzl"}
{"type":"log","timestamp":1705503108015,"level":"debug","message":"Executing script orders-script (beforeRender)","meta":{"rootId":"bsbj2k5npytfeyv","id":"bsbj2k5npytfeyv"},"id":"ugrlb19a0ma0pxj","previousOperationId":"d516qga2bkbnpzl"}
{"type":"operationStart","subtype":"scriptsBeforeRender","name":"scripts beforeRender","timestamp":1705503108049,"id":"eobmfvgruk806qa","previousEventId":"fv5o38uu9msovl1","operationId":"bsu0bb4ks2nvbgy","previousOperationId":"d516qga2bkbnpzl"}
{"type":"operationStart","subtype":"script","name":"scripts orders-script","previousOperationId":"bsu0bb4ks2nvbgy","timestamp":1705503108049,"id":"274c2incokwpiyy","previousEventId":"eobmfvgruk806qa","operationId":"6422exsd16432tg"}
{"type":"operationEnd","operationId":"6422exsd16432tg","timestamp":1705503108071,"id":"zu3b49rtm06mc15","previousEventId":"fv5o38uu9msovl1","previousOperationId":"d516qga2bkbnpzl"}
{"type":"operationEnd","operationId":"bsu0bb4ks2nvbgy","timestamp":1705503108071,"id":"rye1hllwg1ggutc","previousEventId":"zu3b49rtm06mc15","previousOperationId":"d516qga2bkbnpzl"}
{"type":"log","timestamp":1705503108071,"level":"debug","message":"Base url not specified, skipping its injection.","meta":{"rootId":"bsbj2k5npytfeyv","id":"bsbj2k5npytfeyv"},"id":"x5vxrews5wtiust","previousOperationId":"bsu0bb4ks2nvbgy"}
{"type":"operationStart","subtype":"engine","name":"handlebars","timestamp":1705503108071,"id":"zbh0iht2gaopjhw","previousEventId":"rye1hllwg1ggutc","operationId":"xy9k6ll41wcawxb","previousOperationId":"bsu0bb4ks2nvbgy"}
{"type":"log","timestamp":1705503108071,"level":"debug","message":"Rendering engine handlebars","meta":{"rootId":"bsbj2k5npytfeyv","id":"bsbj2k5npytfeyv"},"id":"1pmryge7rpir7oe","previousOperationId":"xy9k6ll41wcawxb"}
{"type":"log","timestamp":1705503108091,"level":"debug","message":"(console:log) Pdf utils adding group field, value: \"Race1\"","meta":{"userLevel":true,"rootId":"bsbj2k5npytfeyv","id":"bsbj2k5npytfeyv"},"id":"etisaactzdn459x","previousOperationId":"xy9k6ll41wcawxb"}
{"type":"log","timestamp":1705503108091,"level":"debug","message":"(console:log) Pdf utils adding group field, value: \"Race2\"","meta":{"userLevel":true,"rootId":"bsbj2k5npytfeyv","id":"bsbj2k5npytfeyv"},"id":"dahjjakivyjjln2","previousOperationId":"xy9k6ll41wcawxb"}
{"type":"log","timestamp":1705503108091,"level":"debug","message":"(console:log) Pdf utils adding group field, value: \"rgver\"","meta":{"userLevel":true,"rootId":"bsbj2k5npytfeyv","id":"bsbj2k5npytfeyv"},"id":"zks52aep3xxt62m","previousOperationId":"xy9k6ll41wcawxb"}
{"type":"log","timestamp":1705503108091,"level":"debug","message":"(console:log) Pdf utils adding group field, value: \"revger\"","meta":{"userLevel":true,"rootId":"bsbj2k5npytfeyv","id":"bsbj2k5npytfeyv"},"id":"wmio1bx9k0cjmvd","previousOperationId":"xy9k6ll41wcawxb"}
{"type":"operationEnd","operationId":"xy9k6ll41wcawxb","timestamp":1705503108091,"id":"w7wrukbb9iqhx8j","previousEventId":"zbh0iht2gaopjhw","previousOperationId":"xy9k6ll41wcawxb"}
{"type":"operationStart","subtype":"recipe","name":"chrome-pdf","timestamp":1705503108091,"id":"g1le70o9313mf2x","previousEventId":"w7wrukbb9iqhx8j","operationId":"7ukt11q8g492a49","previousOperationId":"xy9k6ll41wcawxb"}
{"type":"log","timestamp":1705503108091,"level":"debug","message":"Executing recipe chrome-pdf","meta":{"rootId":"bsbj2k5npytfeyv","id":"bsbj2k5npytfeyv"},"id":"2etdzc9cu1nny9z","previousOperationId":"7ukt11q8g492a49"}
{"type":"log","timestamp":1705503108096,"level":"debug","message":"Converting with chrome HeadlessChrome/117.0.5938.149 using chrome-pool strategy","meta":{"rootId":"bsbj2k5npytfeyv","id":"bsbj2k5npytfeyv"},"id":"lksnq2ufppjltly","previousOperationId":"7ukt11q8g492a49"}
{"type":"log","timestamp":1705503108217,"level":"debug","message":"Page request: GET (document) file:///C:/Users/DANIEL~1/AppData/Local/Temp/jsreport/autocleanup/0708f207-006b-4d10-90e4-240803bed454-chrome-pdf.html","meta":{"rootId":"bsbj2k5npytfeyv","id":"bsbj2k5npytfeyv"},"id":"3i149nqmi8gm0bi","previousOperationId":"7ukt11q8g492a49"}
{"type":"log","timestamp":1705503108241,"level":"debug","message":"Page request: GET (stylesheet) https://cdnjs.cloudflare.com/ajax/libs/metro/4.1.5/css/metro.min.css","meta":{"rootId":"bsbj2k5npytfeyv","id":"bsbj2k5npytfeyv"},"id":"buvn25k1ru3v10p","previousOperationId":"7ukt11q8g492a49"}
{"type":"log","timestamp":1705503108242,"level":"debug","message":"Page request: GET (script) https://cdnjs.cloudflare.com/ajax/libs/Chart.js/2.7.2/Chart.min.js","meta":{"rootId":"bsbj2k5npytfeyv","id":"bsbj2k5npytfeyv"},"id":"rvlj2jajuf0uxok","previousOperationId":"7ukt11q8g492a49"}
{"type":"log","timestamp":1705503108242,"level":"debug","message":"Page request finished: GET (document) 200 file:///C:/Users/DANIEL~1/AppData/Local/Temp/jsreport/autocleanup/0708f207-006b-4d10-90e4-240803bed454-chrome-pdf.html","meta":{"rootId":"bsbj2k5npytfeyv","id":"bsbj2k5npytfeyv"},"id":"mdpiyjctjmb54wa","previousOperationId":"7ukt11q8g492a49"}
{"type":"log","timestamp":1705503108250,"level":"debug","message":"Page request finished: GET (script) 200 https://cdnjs.cloudflare.com/ajax/libs/Chart.js/2.7.2/Chart.min.js","meta":{"rootId":"bsbj2k5npytfeyv","id":"bsbj2k5npytfeyv"},"id":"yv8ef7u5kucajxr","previousOperationId":"7ukt11q8g492a49"}
{"type":"log","timestamp":1705503108264,"level":"debug","message":"Page request finished: GET (stylesheet) 200 https://cdnjs.cloudflare.com/ajax/libs/metro/4.1.5/css/metro.min.css","meta":{"rootId":"bsbj2k5npytfeyv","id":"bsbj2k5npytfeyv"},"id":"u4yg7lwjpipsuho","previousOperationId":"7ukt11q8g492a49"}
{"type":"log","timestamp":1705503108302,"level":"debug","message":"Running chrome with params {\"printBackground\":true,\"marginTop\":\"4cm\",\"marginRight\":\"1.5cm\",\"marginBottom\":\"1.5cm\",\"marginLeft\":\"1.5cm\",\"waitForJS\":false,\"timeout\":59893,\"margin\":{\"top\":\"4cm\",\"right\":\"1.5cm\",\"bottom\":\"1.5cm\",\"left\":\"1.5cm\"}}","meta":{"rootId":"bsbj2k5npytfeyv","id":"bsbj2k5npytfeyv"},"id":"1hfrpmgabng4595","previousOperationId":"7ukt11q8g492a49"}
{"type":"operationEnd","operationId":"7ukt11q8g492a49","timestamp":1705503108394,"id":"2scn3yimik54d6s","previousEventId":"g1le70o9313mf2x","previousOperationId":"7ukt11q8g492a49"}
{"type":"log","timestamp":1705503108394,"level":"info","message":"pdf-utils is starting pdf processing","meta":{"rootId":"bsbj2k5npytfeyv","id":"bsbj2k5npytfeyv"},"id":"58bqzjkopb41hcx","previousOperationId":"7ukt11q8g492a49"}
{"type":"operationStart","subtype":"pdfUtils","name":"pdf utils","timestamp":1705503108394,"id":"1k0bhuyy2qeii1z","previousEventId":"2scn3yimik54d6s","operationId":"3gvqijzi0391on1","previousOperationId":"7ukt11q8g492a49"}
{"type":"log","timestamp":1705503108394,"level":"debug","message":"pdf-utils detected 1 pdf operation(s) to process","meta":{"rootId":"bsbj2k5npytfeyv","id":"bsbj2k5npytfeyv"},"id":"pds2m1i617uwkdk","previousOperationId":"3gvqijzi0391on1"}
{"type":"log","timestamp":1705503108423,"level":"debug","message":"pdf-utils running pdf operation merge","meta":{"rootId":"bsbj2k5npytfeyv","id":"bsbj2k5npytfeyv"},"id":"uq0yh9bg7bid6fl","previousOperationId":"3gvqijzi0391on1"}
{"type":"operationStart","subtype":"pdfUtilsMerge","name":"pdf utils merge","previousOperationId":"3gvqijzi0391on1","timestamp":1705503108423,"id":"3qi2mtylpunozhf","previousEventId":"1k0bhuyy2qeii1z","operationId":"l05b6pzgncaolna"}
{"type":"operationStart","subtype":"render","name":"orders-header","previousOperationId":"l05b6pzgncaolna","timestamp":1705503108425,"id":"fd9dmarnh1zk93q","previousEventId":"3qi2mtylpunozhf","operationId":"pa6axbp019p3xi3"}
{"type":"log","timestamp":1705503108425,"level":"info","message":"Starting rendering (child) request","meta":{"rootId":"bsbj2k5npytfeyv","id":"evo0ie21vqtxzhl"},"id":"mf5m24q4850d8j7","previousOperationId":"pa6axbp019p3xi3"}
{"type":"log","timestamp":1705503108425,"level":"info","message":"Rendering template { name: orders-header, recipe: chrome-pdf, engine: handlebars, preview: true }","meta":{"rootId":"bsbj2k5npytfeyv","id":"evo0ie21vqtxzhl"},"id":"b60v7d1l7bwzie2","previousOperationId":"pa6axbp019p3xi3"}
{"type":"log","timestamp":1705503108427,"level":"debug","message":"Inline data specified.","meta":{"rootId":"bsbj2k5npytfeyv","id":"evo0ie21vqtxzhl"},"id":"f94bo8gd3wsyfnr","previousOperationId":"pa6axbp019p3xi3"}
{"type":"log","timestamp":1705503108433,"level":"debug","message":"Base url not specified, skipping its injection.","meta":{"rootId":"bsbj2k5npytfeyv","id":"evo0ie21vqtxzhl"},"id":"rg0k909hb78bsqe","previousOperationId":"pa6axbp019p3xi3"}
{"type":"operationStart","subtype":"engine","name":"handlebars","timestamp":1705503108433,"id":"icfrj7imonvvo9r","previousEventId":"fd9dmarnh1zk93q","operationId":"y4rn5nhkgvtj5fp","previousOperationId":"pa6axbp019p3xi3"}
{"type":"log","timestamp":1705503108433,"level":"debug","message":"Rendering engine handlebars","meta":{"rootId":"bsbj2k5npytfeyv","id":"evo0ie21vqtxzhl"},"id":"u7sv4ijzvh7856p","previousOperationId":"y4rn5nhkgvtj5fp"}
{"type":"operationEnd","operationId":"y4rn5nhkgvtj5fp","timestamp":1705503108474,"id":"ku2meu05mx1g4un","previousEventId":"icfrj7imonvvo9r","previousOperationId":"y4rn5nhkgvtj5fp"}
{"type":"operationStart","subtype":"recipe","name":"chrome-pdf","timestamp":1705503108474,"id":"6edg2ahmdrl28nr","previousEventId":"ku2meu05mx1g4un","operationId":"ucovz5xys721ws9","previousOperationId":"y4rn5nhkgvtj5fp"}
{"type":"log","timestamp":1705503108474,"level":"debug","message":"Executing recipe chrome-pdf","meta":{"rootId":"bsbj2k5npytfeyv","id":"evo0ie21vqtxzhl"},"id":"1t1i71o149nh8wm","previousOperationId":"ucovz5xys721ws9"}
{"type":"log","timestamp":1705503108479,"level":"debug","message":"Converting with chrome HeadlessChrome/117.0.5938.149 using chrome-pool strategy","meta":{"rootId":"bsbj2k5npytfeyv","id":"evo0ie21vqtxzhl"},"id":"7sgqlxnglkjncsc","previousOperationId":"ucovz5xys721ws9"}
{"type":"log","timestamp":1705503108602,"level":"debug","message":"Page request: GET (document) file:///C:/Users/DANIEL~1/AppData/Local/Temp/jsreport/autocleanup/0fce2660-4b60-46ec-be90-bc5473475dc5-chrome-pdf.html","meta":{"rootId":"bsbj2k5npytfeyv","id":"evo0ie21vqtxzhl"},"id":"kgqo5wrlehysu06","previousOperationId":"ucovz5xys721ws9"}
{"type":"log","timestamp":1705503108617,"level":"debug","message":"Page request: GET (stylesheet) https://cdnjs.cloudflare.com/ajax/libs/metro/4.1.5/css/metro.min.css","meta":{"rootId":"bsbj2k5npytfeyv","id":"evo0ie21vqtxzhl"},"id":"u80u33tpo222k28","previousOperationId":"ucovz5xys721ws9"}
{"type":"log","timestamp":1705503108618,"level":"debug","message":"Page request finished: GET (document) 200 file:///C:/Users/DANIEL~1/AppData/Local/Temp/jsreport/autocleanup/0fce2660-4b60-46ec-be90-bc5473475dc5-chrome-pdf.html","meta":{"rootId":"bsbj2k5npytfeyv","id":"evo0ie21vqtxzhl"},"id":"z58vlksxh2kjv3d","previousOperationId":"ucovz5xys721ws9"}
{"type":"log","timestamp":1705503108649,"level":"debug","message":"Page request finished: GET (stylesheet) 200 https://cdnjs.cloudflare.com/ajax/libs/metro/4.1.5/css/metro.min.css","meta":{"rootId":"bsbj2k5npytfeyv","id":"evo0ie21vqtxzhl"},"id":"7cpxpko0jh8lfic","previousOperationId":"ucovz5xys721ws9"}
{"type":"log","timestamp":1705503108671,"level":"debug","message":"Running chrome with params {\"printBackground\":true,\"marginTop\":\"1.5cm\",\"marginRight\":\"1.5cm\",\"marginLeft\":\"1.cm\",\"timeout\":59511,\"margin\":{\"top\":\"1.5cm\",\"right\":\"1.5cm\",\"left\":\"1.cm\"}}","meta":{"rootId":"bsbj2k5npytfeyv","id":"evo0ie21vqtxzhl"},"id":"i3kudgmfzh9wwfk","previousOperationId":"ucovz5xys721ws9"}
{"type":"operationEnd","operationId":"ucovz5xys721ws9","timestamp":1705503108728,"id":"x184enhf89zraa9","previousEventId":"6edg2ahmdrl28nr","previousOperationId":"ucovz5xys721ws9"}
{"type":"log","timestamp":1705503108728,"level":"debug","message":"Skipping storing report.","meta":{"rootId":"bsbj2k5npytfeyv","id":"evo0ie21vqtxzhl"},"id":"vidy4p4qidswhse","previousOperationId":"ucovz5xys721ws9"}
{"type":"log","timestamp":1705503108728,"level":"info","message":"Rendering (child) request finished in 740 ms","meta":{"rootId":"bsbj2k5npytfeyv","id":"evo0ie21vqtxzhl"},"id":"cyq1z9yn2b84jpk","previousOperationId":"ucovz5xys721ws9"}
{"type":"operationEnd","subtype":"render","operationId":"pa6axbp019p3xi3","timestamp":1705503108728,"id":"tnvjjrnj7piv3nd","previousEventId":"x184enhf89zraa9","previousOperationId":"ucovz5xys721ws9"}
{"type":"operationEnd","operationId":"l05b6pzgncaolna","timestamp":1705503108744,"id":"clhgao2wlhjzszt","previousEventId":"3qi2mtylpunozhf","previousOperationId":"l05b6pzgncaolna"}
{"type":"log","timestamp":1705503108745,"level":"debug","message":"pdf-utils postproces start","meta":{"rootId":"bsbj2k5npytfeyv","id":"bsbj2k5npytfeyv"},"id":"eemowbzizaaae3v","previousOperationId":"l05b6pzgncaolna"}
{"type":"log","timestamp":1705503108759,"level":"debug","message":"pdf-utils postproces end","meta":{"rootId":"bsbj2k5npytfeyv","id":"bsbj2k5npytfeyv"},"id":"lmhl3jhbfka4rau","previousOperationId":"l05b6pzgncaolna"}
{"type":"operationEnd","operationId":"3gvqijzi0391on1","timestamp":1705503108759,"id":"tblmti3obnecbzr","previousEventId":"clhgao2wlhjzszt","previousOperationId":"l05b6pzgncaolna"}
{"type":"log","timestamp":1705503108759,"level":"info","message":"pdf-utils pdf processing was finished","meta":{"rootId":"bsbj2k5npytfeyv","id":"bsbj2k5npytfeyv"},"id":"bl8d293jjvq91be","previousOperationId":"3gvqijzi0391on1"}
{"type":"log","timestamp":1705503108760,"level":"debug","message":"Skipping storing report.","meta":{"rootId":"bsbj2k5npytfeyv","id":"bsbj2k5npytfeyv"},"id":"4xjhtm1zx3f96r0","previousOperationId":"3gvqijzi0391on1"}
{"type":"log","timestamp":1705503108760,"level":"info","message":"Rendering request 26 finished in 772 ms","meta":{"rootId":"bsbj2k5npytfeyv","id":"bsbj2k5npytfeyv"},"id":"8u1r4pteve11thr","previousOperationId":"3gvqijzi0391on1"}
{"type":"operationEnd","subtype":"render","operationId":"d516qga2bkbnpzl","timestamp":1705503108760,"id":"69f3r41m9h6b33j","previousEventId":"tblmti3obnecbzr","previousOperationId":"3gvqijzi0391on1"}
{"type":"operationEnd","doDiffs":false,"previousEventId":"qzlqwiy67brdleu","previousOperationId":"id6lo1f7zmxfvdd","operationId":"id6lo1f7zmxfvdd","timestamp":1705503108778,"id":"4y6cysuj4l1ibp6"}
