{"type":"operationStart","subtype":"profile","data":{"_id":"jIgURfeOVe4OLKMM","timestamp":"2024-01-17T16:39:25.451Z","state":"queued","mode":"standard","creationDate":"2024-01-17T16:39:25.452Z","modificationDate":"2024-01-17T16:39:25.452Z","shortid":"nSCpw8A","$entitySet":"profiles"},"doDiffs":false,"timestamp":1705509565452,"id":"5y7b7nieqafmgv1","previousOperationId":null,"operationId":"r4i3yh7tgbfu1gj"}
{"type":"log","level":"info","message":"Render request 59 queued for execution and waiting for available worker","previousOperationId":"r4i3yh7tgbfu1gj","timestamp":1705509565452,"id":"jxxoxfz8umyedgs"}
{"type":"operationStart","subtype":"render","name":"orders-main","previousOperationId":"r4i3yh7tgbfu1gj","timestamp":1705509565457,"id":"k4sksu8nx8r33um","previousEventId":"5y7b7nieqafmgv1","operationId":"0t5qcl4causfbfp"}
{"type":"log","timestamp":1705509565457,"level":"info","message":"Starting rendering request 59","meta":{"rootId":"c64l3a24pqvs730","id":"c64l3a24pqvs730"},"id":"oa9ul665rasewbq","previousOperationId":"0t5qcl4causfbfp"}
{"type":"log","timestamp":1705509565457,"level":"info","message":"Rendering template { name: orders-main, recipe: chrome-pdf, engine: handlebars, preview: true }","meta":{"rootId":"c64l3a24pqvs730","id":"c64l3a24pqvs730"},"id":"nj3fkzwlws58xt1","previousOperationId":"0t5qcl4causfbfp"}
{"type":"log","timestamp":1705509565458,"level":"debug","message":"Data item not defined for this template.","meta":{"rootId":"c64l3a24pqvs730","id":"c64l3a24pqvs730"},"id":"ezajqnoiw1uhsdj","previousOperationId":"0t5qcl4causfbfp"}
{"type":"log","timestamp":1705509565459,"level":"debug","message":"Executing script orders-script (beforeRender)","meta":{"rootId":"c64l3a24pqvs730","id":"c64l3a24pqvs730"},"id":"97nmo69a1u89wxj","previousOperationId":"0t5qcl4causfbfp"}
{"type":"operationStart","subtype":"scriptsBeforeRender","name":"scripts beforeRender","timestamp":1705509565472,"id":"ca2u7d97ovn336n","previousEventId":"k4sksu8nx8r33um","operationId":"1p42sfdwaobum05","previousOperationId":"0t5qcl4causfbfp"}
{"type":"operationStart","subtype":"script","name":"scripts orders-script","previousOperationId":"1p42sfdwaobum05","timestamp":1705509565472,"id":"sz0pxisiu26kdtt","previousEventId":"ca2u7d97ovn336n","operationId":"7oeflnbkoig4yfd"}
{"type":"operationEnd","operationId":"7oeflnbkoig4yfd","timestamp":1705509565482,"id":"26dtzpnwydebl4z","previousEventId":"k4sksu8nx8r33um","previousOperationId":"0t5qcl4causfbfp"}
{"type":"operationEnd","operationId":"1p42sfdwaobum05","timestamp":1705509565482,"id":"s3pdk3vda2fqmkk","previousEventId":"26dtzpnwydebl4z","previousOperationId":"0t5qcl4causfbfp"}
{"type":"log","timestamp":1705509565482,"level":"debug","message":"Base url not specified, skipping its injection.","meta":{"rootId":"c64l3a24pqvs730","id":"c64l3a24pqvs730"},"id":"d682sc14exp6dta","previousOperationId":"1p42sfdwaobum05"}
{"type":"operationStart","subtype":"engine","name":"handlebars","timestamp":1705509565482,"id":"xw1mkewlbd5rzd5","previousEventId":"s3pdk3vda2fqmkk","operationId":"2r0886f3649as7a","previousOperationId":"1p42sfdwaobum05"}
{"type":"log","timestamp":1705509565482,"level":"debug","message":"Rendering engine handlebars","meta":{"rootId":"c64l3a24pqvs730","id":"c64l3a24pqvs730"},"id":"60pyukrlyu2v5yx","previousOperationId":"2r0886f3649as7a"}
{"type":"log","timestamp":1705509565488,"level":"debug","message":"(console:log) Pdf utils adding group field, value: \"Race1\"","meta":{"userLevel":true,"rootId":"c64l3a24pqvs730","id":"c64l3a24pqvs730"},"id":"c7pqh4cmptxqcdm","previousOperationId":"2r0886f3649as7a"}
{"type":"log","timestamp":1705509565488,"level":"debug","message":"(console:log) Pdf utils adding group field, value: \"Race2\"","meta":{"userLevel":true,"rootId":"c64l3a24pqvs730","id":"c64l3a24pqvs730"},"id":"40b6poz1dvp8mli","previousOperationId":"2r0886f3649as7a"}
{"type":"operationEnd","operationId":"2r0886f3649as7a","timestamp":1705509565488,"id":"x1nqxildbzd077p","previousEventId":"xw1mkewlbd5rzd5","previousOperationId":"2r0886f3649as7a"}
{"type":"operationStart","subtype":"recipe","name":"chrome-pdf","timestamp":1705509565489,"id":"vax2lqstkeyztvq","previousEventId":"x1nqxildbzd077p","operationId":"f87h4jfhqq4x7tm","previousOperationId":"2r0886f3649as7a"}
{"type":"log","timestamp":1705509565489,"level":"debug","message":"Executing recipe chrome-pdf","meta":{"rootId":"c64l3a24pqvs730","id":"c64l3a24pqvs730"},"id":"9wr0zin3oz3kxix","previousOperationId":"f87h4jfhqq4x7tm"}
{"type":"log","timestamp":1705509565491,"level":"debug","message":"Converting with chrome HeadlessChrome/117.0.5938.149 using chrome-pool strategy","meta":{"rootId":"c64l3a24pqvs730","id":"c64l3a24pqvs730"},"id":"ybs3y85tjyhon30","previousOperationId":"f87h4jfhqq4x7tm"}
{"type":"log","timestamp":1705509565554,"level":"debug","message":"Page request: GET (document) file:///C:/Users/DANIEL~1/AppData/Local/Temp/jsreport/autocleanup/ce54b80e-b918-4ace-add8-89c4f02acc17-chrome-pdf.html","meta":{"rootId":"c64l3a24pqvs730","id":"c64l3a24pqvs730"},"id":"qapkc01re62r2ws","previousOperationId":"f87h4jfhqq4x7tm"}
{"type":"log","timestamp":1705509565567,"level":"debug","message":"Page request: GET (stylesheet) https://cdnjs.cloudflare.com/ajax/libs/metro/4.1.5/css/metro.min.css","meta":{"rootId":"c64l3a24pqvs730","id":"c64l3a24pqvs730"},"id":"4up1iepzvi1t7kg","previousOperationId":"f87h4jfhqq4x7tm"}
{"type":"log","timestamp":1705509565567,"level":"debug","message":"Page request: GET (script) https://cdnjs.cloudflare.com/ajax/libs/Chart.js/2.7.2/Chart.min.js","meta":{"rootId":"c64l3a24pqvs730","id":"c64l3a24pqvs730"},"id":"hvgj7c3nbv9gwk9","previousOperationId":"f87h4jfhqq4x7tm"}
{"type":"log","timestamp":1705509565567,"level":"debug","message":"Page request finished: GET (document) 200 file:///C:/Users/DANIEL~1/AppData/Local/Temp/jsreport/autocleanup/ce54b80e-b918-4ace-add8-89c4f02acc17-chrome-pdf.html","meta":{"rootId":"c64l3a24pqvs730","id":"c64l3a24pqvs730"},"id":"1vavp44b2dsmf98","previousOperationId":"f87h4jfhqq4x7tm"}
{"type":"log","timestamp":1705509565570,"level":"debug","message":"Page request finished: GET (script) 200 https://cdnjs.cloudflare.com/ajax/libs/Chart.js/2.7.2/Chart.min.js","meta":{"rootId":"c64l3a24pqvs730","id":"c64l3a24pqvs730"},"id":"4qmc7wmikjjxofp","previousOperationId":"f87h4jfhqq4x7tm"}
{"type":"log","timestamp":1705509565579,"level":"debug","message":"Page request finished: GET (stylesheet) 200 https://cdnjs.cloudflare.com/ajax/libs/metro/4.1.5/css/metro.min.css","meta":{"rootId":"c64l3a24pqvs730","id":"c64l3a24pqvs730"},"id":"9n5i8kdipyzzk1w","previousOperationId":"f87h4jfhqq4x7tm"}
{"type":"log","timestamp":1705509565600,"level":"debug","message":"Running chrome with params {\"printBackground\":true,\"marginTop\":\"4cm\",\"marginRight\":\"1.5cm\",\"marginBottom\":\"1.5cm\",\"marginLeft\":\"1.5cm\",\"waitForJS\":false,\"timeout\":59961,\"margin\":{\"top\":\"4cm\",\"right\":\"1.5cm\",\"bottom\":\"1.5cm\",\"left\":\"1.5cm\"}}","meta":{"rootId":"c64l3a24pqvs730","id":"c64l3a24pqvs730"},"id":"8xefcs1qmx4e56m","previousOperationId":"f87h4jfhqq4x7tm"}
{"type":"operationEnd","operationId":"f87h4jfhqq4x7tm","timestamp":1705509565652,"id":"zwsdeqlp8s78j3c","previousEventId":"vax2lqstkeyztvq","previousOperationId":"f87h4jfhqq4x7tm"}
{"type":"log","timestamp":1705509565653,"level":"info","message":"pdf-utils is starting pdf processing","meta":{"rootId":"c64l3a24pqvs730","id":"c64l3a24pqvs730"},"id":"ap21lfsugvnte41","previousOperationId":"f87h4jfhqq4x7tm"}
{"type":"operationStart","subtype":"pdfUtils","name":"pdf utils","timestamp":1705509565653,"id":"5bb2fgguao992wq","previousEventId":"zwsdeqlp8s78j3c","operationId":"jpkgs2990g4bop5","previousOperationId":"f87h4jfhqq4x7tm"}
{"type":"log","timestamp":1705509565653,"level":"debug","message":"pdf-utils detected 1 pdf operation(s) to process","meta":{"rootId":"c64l3a24pqvs730","id":"c64l3a24pqvs730"},"id":"5rcaost2amdcafl","previousOperationId":"jpkgs2990g4bop5"}
{"type":"log","timestamp":1705509565663,"level":"debug","message":"pdf-utils running pdf operation merge","meta":{"rootId":"c64l3a24pqvs730","id":"c64l3a24pqvs730"},"id":"dlcw9v0sjks4s3w","previousOperationId":"jpkgs2990g4bop5"}
{"type":"operationStart","subtype":"pdfUtilsMerge","name":"pdf utils merge","previousOperationId":"jpkgs2990g4bop5","timestamp":1705509565663,"id":"y1mj110p7ogwu9q","previousEventId":"5bb2fgguao992wq","operationId":"n850gw8salqr4oa"}
{"type":"operationStart","subtype":"render","name":"orders-header","previousOperationId":"n850gw8salqr4oa","timestamp":1705509565663,"id":"t52ipyml5r8njq9","previousEventId":"y1mj110p7ogwu9q","operationId":"7nm36rrt9nbqz4r"}
{"type":"log","timestamp":1705509565663,"level":"info","message":"Starting rendering (child) request","meta":{"rootId":"c64l3a24pqvs730","id":"b5y0r3p34x1qjc8"},"id":"r463wzye3x05v8x","previousOperationId":"7nm36rrt9nbqz4r"}
{"type":"log","timestamp":1705509565664,"level":"info","message":"Rendering template { name: orders-header, recipe: chrome-pdf, engine: handlebars, preview: true }","meta":{"rootId":"c64l3a24pqvs730","id":"b5y0r3p34x1qjc8"},"id":"5emgeq8asb6gicz","previousOperationId":"7nm36rrt9nbqz4r"}
{"type":"log","timestamp":1705509565664,"level":"debug","message":"Inline data specified.","meta":{"rootId":"c64l3a24pqvs730","id":"b5y0r3p34x1qjc8"},"id":"jddwyayqdbhutqf","previousOperationId":"7nm36rrt9nbqz4r"}
{"type":"log","timestamp":1705509565665,"level":"debug","message":"Base url not specified, skipping its injection.","meta":{"rootId":"c64l3a24pqvs730","id":"b5y0r3p34x1qjc8"},"id":"ngyqyee267yrr73","previousOperationId":"7nm36rrt9nbqz4r"}
{"type":"operationStart","subtype":"engine","name":"handlebars","timestamp":1705509565665,"id":"c5e9ne9z3qr81sa","previousEventId":"t52ipyml5r8njq9","operationId":"jmuvvacm3n406rp","previousOperationId":"7nm36rrt9nbqz4r"}
{"type":"log","timestamp":1705509565665,"level":"debug","message":"Rendering engine handlebars","meta":{"rootId":"c64l3a24pqvs730","id":"b5y0r3p34x1qjc8"},"id":"kohi21suqtvnnwp","previousOperationId":"jmuvvacm3n406rp"}
{"type":"operationEnd","operationId":"jmuvvacm3n406rp","timestamp":1705509565679,"id":"fbxjb67ez60v50e","previousEventId":"c5e9ne9z3qr81sa","previousOperationId":"jmuvvacm3n406rp"}
{"type":"operationStart","subtype":"recipe","name":"chrome-pdf","timestamp":1705509565679,"id":"qhupmpd6ihiq38v","previousEventId":"fbxjb67ez60v50e","operationId":"6cba68td6n14tla","previousOperationId":"jmuvvacm3n406rp"}
{"type":"log","timestamp":1705509565679,"level":"debug","message":"Executing recipe chrome-pdf","meta":{"rootId":"c64l3a24pqvs730","id":"b5y0r3p34x1qjc8"},"id":"ob3cc17a3zva5dr","previousOperationId":"6cba68td6n14tla"}
{"type":"log","timestamp":1705509565680,"level":"debug","message":"Converting with chrome HeadlessChrome/117.0.5938.149 using chrome-pool strategy","meta":{"rootId":"c64l3a24pqvs730","id":"b5y0r3p34x1qjc8"},"id":"xrqqypbwmomr9g2","previousOperationId":"6cba68td6n14tla"}
{"type":"log","timestamp":1705509565743,"level":"debug","message":"Page request: GET (document) file:///C:/Users/DANIEL~1/AppData/Local/Temp/jsreport/autocleanup/8f69eb82-5771-4349-85fa-7e4356c7ca08-chrome-pdf.html","meta":{"rootId":"c64l3a24pqvs730","id":"b5y0r3p34x1qjc8"},"id":"kme8p8rdf97x5wm","previousOperationId":"6cba68td6n14tla"}
{"type":"log","timestamp":1705509565749,"level":"debug","message":"Page request: GET (stylesheet) https://cdnjs.cloudflare.com/ajax/libs/metro/4.1.5/css/metro.min.css","meta":{"rootId":"c64l3a24pqvs730","id":"b5y0r3p34x1qjc8"},"id":"1xwiuofolx3ubvz","previousOperationId":"6cba68td6n14tla"}
{"type":"log","timestamp":1705509565750,"level":"debug","message":"Page request finished: GET (document) 200 file:///C:/Users/DANIEL~1/AppData/Local/Temp/jsreport/autocleanup/8f69eb82-5771-4349-85fa-7e4356c7ca08-chrome-pdf.html","meta":{"rootId":"c64l3a24pqvs730","id":"b5y0r3p34x1qjc8"},"id":"1s22ziqfzuzmdz0","previousOperationId":"6cba68td6n14tla"}
{"type":"log","timestamp":1705509565760,"level":"debug","message":"Page request finished: GET (stylesheet) 200 https://cdnjs.cloudflare.com/ajax/libs/metro/4.1.5/css/metro.min.css","meta":{"rootId":"c64l3a24pqvs730","id":"b5y0r3p34x1qjc8"},"id":"r85mn3dt8mqpx8a","previousOperationId":"6cba68td6n14tla"}
{"type":"log","timestamp":1705509565772,"level":"debug","message":"Running chrome with params {\"printBackground\":true,\"marginTop\":\"1.5cm\",\"marginRight\":\"1.5cm\",\"marginLeft\":\"1.cm\",\"timeout\":59771,\"margin\":{\"top\":\"1.5cm\",\"right\":\"1.5cm\",\"left\":\"1.cm\"}}","meta":{"rootId":"c64l3a24pqvs730","id":"b5y0r3p34x1qjc8"},"id":"m4in9ulf1zqp5gl","previousOperationId":"6cba68td6n14tla"}
{"type":"operationEnd","operationId":"6cba68td6n14tla","timestamp":1705509565799,"id":"8mn2s2kiol5zs8o","previousEventId":"qhupmpd6ihiq38v","previousOperationId":"6cba68td6n14tla"}
{"type":"log","timestamp":1705509565799,"level":"debug","message":"Skipping storing report.","meta":{"rootId":"c64l3a24pqvs730","id":"b5y0r3p34x1qjc8"},"id":"su69mmlpi2ybpq4","previousOperationId":"6cba68td6n14tla"}
{"type":"log","timestamp":1705509565799,"level":"info","message":"Rendering (child) request finished in 348 ms","meta":{"rootId":"c64l3a24pqvs730","id":"b5y0r3p34x1qjc8"},"id":"wowwxrgeqyhjp7f","previousOperationId":"6cba68td6n14tla"}
{"type":"operationEnd","subtype":"render","operationId":"7nm36rrt9nbqz4r","timestamp":1705509565799,"id":"u75394ia5oa6h7b","previousEventId":"8mn2s2kiol5zs8o","previousOperationId":"6cba68td6n14tla"}
{"type":"operationEnd","operationId":"n850gw8salqr4oa","timestamp":1705509565806,"id":"nnauuahvtrvhzi3","previousEventId":"y1mj110p7ogwu9q","previousOperationId":"n850gw8salqr4oa"}
{"type":"log","timestamp":1705509565806,"level":"debug","message":"pdf-utils postproces start","meta":{"rootId":"c64l3a24pqvs730","id":"c64l3a24pqvs730"},"id":"0v3nkbg179ykmut","previousOperationId":"n850gw8salqr4oa"}
{"type":"log","timestamp":1705509565812,"level":"debug","message":"pdf-utils postproces end","meta":{"rootId":"c64l3a24pqvs730","id":"c64l3a24pqvs730"},"id":"uo6ymn63ct92aas","previousOperationId":"n850gw8salqr4oa"}
{"type":"operationEnd","operationId":"jpkgs2990g4bop5","timestamp":1705509565812,"id":"27m9gyk0c7pp5ww","previousEventId":"nnauuahvtrvhzi3","previousOperationId":"n850gw8salqr4oa"}
{"type":"log","timestamp":1705509565812,"level":"info","message":"pdf-utils pdf processing was finished","meta":{"rootId":"c64l3a24pqvs730","id":"c64l3a24pqvs730"},"id":"ip0m1i1cpvszju1","previousOperationId":"jpkgs2990g4bop5"}
{"type":"log","timestamp":1705509565812,"level":"debug","message":"Skipping storing report.","meta":{"rootId":"c64l3a24pqvs730","id":"c64l3a24pqvs730"},"id":"5tnqvxskr8jfnf6","previousOperationId":"jpkgs2990g4bop5"}
{"type":"log","timestamp":1705509565812,"level":"info","message":"Rendering request 59 finished in 361 ms","meta":{"rootId":"c64l3a24pqvs730","id":"c64l3a24pqvs730"},"id":"v1ruluf6448kxnk","previousOperationId":"jpkgs2990g4bop5"}
{"type":"operationEnd","subtype":"render","operationId":"0t5qcl4causfbfp","timestamp":1705509565812,"id":"mfrkyr4j9snc5ua","previousEventId":"27m9gyk0c7pp5ww","previousOperationId":"jpkgs2990g4bop5"}
{"type":"operationEnd","doDiffs":false,"previousEventId":"5y7b7nieqafmgv1","previousOperationId":"r4i3yh7tgbfu1gj","operationId":"r4i3yh7tgbfu1gj","timestamp":1705509565817,"id":"tr1ylmwjyhzpr3n"}
