{"type":"operationStart","subtype":"profile","data":{"_id":"xqU4fpDBEHS8etxg","timestamp":"2024-01-18T14:40:50.763Z","state":"queued","mode":"standard","creationDate":"2024-01-18T14:40:50.768Z","modificationDate":"2024-01-18T14:40:50.768Z","shortid":"yYAqj1Y","$entitySet":"profiles"},"doDiffs":false,"timestamp":1705588850766,"id":"r140h1pdasp0ubf","previousOperationId":null,"operationId":"1ddglkcuwbv19n2"}
{"type":"log","level":"info","message":"Render request 9 queued for execution and waiting for available worker","previousOperationId":"1ddglkcuwbv19n2","timestamp":1705588850766,"id":"axfs8o5kzvwvqv6"}
{"type":"operationStart","subtype":"render","name":"orders-main","previousOperationId":"1ddglkcuwbv19n2","timestamp":1705588850785,"id":"2h9583w43evj5xk","previousEventId":"r140h1pdasp0ubf","operationId":"y3swuy4gye118yt"}
{"type":"log","timestamp":1705588850785,"level":"info","message":"Starting rendering request 9","meta":{"rootId":"c7ovb1szxr89zhq","id":"c7ovb1szxr89zhq"},"id":"me7bt7eq0hlr04b","previousOperationId":"y3swuy4gye118yt"}
{"type":"log","timestamp":1705588850786,"level":"info","message":"Rendering template { name: orders-main, recipe: chrome-pdf, engine: handlebars, preview: true }","meta":{"rootId":"c7ovb1szxr89zhq","id":"c7ovb1szxr89zhq"},"id":"zkos9omqlwo9xkk","previousOperationId":"y3swuy4gye118yt"}
{"type":"log","timestamp":1705588850788,"level":"debug","message":"Data item not defined for this template.","meta":{"rootId":"c7ovb1szxr89zhq","id":"c7ovb1szxr89zhq"},"id":"12eav1z4yrsklgh","previousOperationId":"y3swuy4gye118yt"}
{"type":"log","timestamp":1705588850795,"level":"debug","message":"Executing script orders-script (beforeRender)","meta":{"rootId":"c7ovb1szxr89zhq","id":"c7ovb1szxr89zhq"},"id":"39bjt5ess2eemc7","previousOperationId":"y3swuy4gye118yt"}
{"type":"operationStart","subtype":"scriptsBeforeRender","name":"scripts beforeRender","timestamp":1705588850827,"id":"9sou7lzlvr9esk3","previousEventId":"2h9583w43evj5xk","operationId":"6idlpk5h9cpu3hp","previousOperationId":"y3swuy4gye118yt"}
{"type":"operationStart","subtype":"script","name":"scripts orders-script","previousOperationId":"6idlpk5h9cpu3hp","timestamp":1705588850827,"id":"70epzof1mvrbxou","previousEventId":"9sou7lzlvr9esk3","operationId":"2kyr50vvzkfontb"}
{"type":"operationEnd","operationId":"2kyr50vvzkfontb","timestamp":1705588850855,"id":"xowyx0e6j6zr9w8","previousEventId":"2h9583w43evj5xk","previousOperationId":"y3swuy4gye118yt"}
{"type":"operationEnd","operationId":"6idlpk5h9cpu3hp","timestamp":1705588850855,"id":"s9nyzriekudpe25","previousEventId":"xowyx0e6j6zr9w8","previousOperationId":"y3swuy4gye118yt"}
{"type":"log","timestamp":1705588850855,"level":"debug","message":"Base url not specified, skipping its injection.","meta":{"rootId":"c7ovb1szxr89zhq","id":"c7ovb1szxr89zhq"},"id":"vxdvcd3kcprxso9","previousOperationId":"6idlpk5h9cpu3hp"}
{"type":"operationStart","subtype":"engine","name":"handlebars","timestamp":1705588850856,"id":"3jqa1ib4jr1aznw","previousEventId":"s9nyzriekudpe25","operationId":"d4ny0saph908ttj","previousOperationId":"6idlpk5h9cpu3hp"}
{"type":"log","timestamp":1705588850856,"level":"debug","message":"Rendering engine handlebars","meta":{"rootId":"c7ovb1szxr89zhq","id":"c7ovb1szxr89zhq"},"id":"d78omwpoewizxpb","previousOperationId":"d4ny0saph908ttj"}
{"type":"log","timestamp":1705588850889,"level":"debug","message":"(console:log) Pdf utils adding group field, value: \"Race1\"","meta":{"userLevel":true,"rootId":"c7ovb1szxr89zhq","id":"c7ovb1szxr89zhq"},"id":"idym8b3a0wu8jcd","previousOperationId":"d4ny0saph908ttj"}
{"type":"log","timestamp":1705588850891,"level":"debug","message":"(console:log) Pdf utils adding group field, value: \"Race2\"","meta":{"userLevel":true,"rootId":"c7ovb1szxr89zhq","id":"c7ovb1szxr89zhq"},"id":"f7e3vmagzs1fb4k","previousOperationId":"d4ny0saph908ttj"}
{"type":"operationEnd","operationId":"d4ny0saph908ttj","timestamp":1705588850892,"id":"xg5moymfaestove","previousEventId":"3jqa1ib4jr1aznw","previousOperationId":"d4ny0saph908ttj"}
{"type":"operationStart","subtype":"recipe","name":"chrome-pdf","timestamp":1705588850893,"id":"gqblfa4vv6q8cnd","previousEventId":"xg5moymfaestove","operationId":"3qwtgpwmyeqh6df","previousOperationId":"d4ny0saph908ttj"}
{"type":"log","timestamp":1705588850893,"level":"debug","message":"Executing recipe chrome-pdf","meta":{"rootId":"c7ovb1szxr89zhq","id":"c7ovb1szxr89zhq"},"id":"xg8orfriv6u7xy8","previousOperationId":"3qwtgpwmyeqh6df"}
{"type":"log","timestamp":1705588850898,"level":"debug","message":"Converting with chrome HeadlessChrome/117.0.5938.149 using chrome-pool strategy","meta":{"rootId":"c7ovb1szxr89zhq","id":"c7ovb1szxr89zhq"},"id":"4a8oi9wnddfv40u","previousOperationId":"3qwtgpwmyeqh6df"}
{"type":"log","timestamp":1705588851036,"level":"debug","message":"Page request: GET (document) file:///C:/Users/DANIEL~1/AppData/Local/Temp/jsreport/autocleanup/0c3cd040-cc14-473e-aa67-33af817e8ffc-chrome-pdf.html","meta":{"rootId":"c7ovb1szxr89zhq","id":"c7ovb1szxr89zhq"},"id":"duycqqtiwtd5n3u","previousOperationId":"3qwtgpwmyeqh6df"}
{"type":"log","timestamp":1705588851070,"level":"debug","message":"Page request finished: GET (document) 200 file:///C:/Users/DANIEL~1/AppData/Local/Temp/jsreport/autocleanup/0c3cd040-cc14-473e-aa67-33af817e8ffc-chrome-pdf.html","meta":{"rootId":"c7ovb1szxr89zhq","id":"c7ovb1szxr89zhq"},"id":"9tq395vlgyr69zx","previousOperationId":"3qwtgpwmyeqh6df"}
{"type":"log","timestamp":1705588851070,"level":"debug","message":"Page request: GET (stylesheet) https://cdnjs.cloudflare.com/ajax/libs/metro/4.1.5/css/metro.min.css","meta":{"rootId":"c7ovb1szxr89zhq","id":"c7ovb1szxr89zhq"},"id":"zz1efw0auwe0l9j","previousOperationId":"3qwtgpwmyeqh6df"}
{"type":"log","timestamp":1705588851071,"level":"debug","message":"Page request: GET (script) https://cdnjs.cloudflare.com/ajax/libs/Chart.js/2.9.4/Chart.js","meta":{"rootId":"c7ovb1szxr89zhq","id":"c7ovb1szxr89zhq"},"id":"ismv5ymoviktwmj","previousOperationId":"3qwtgpwmyeqh6df"}
{"type":"log","timestamp":1705588851082,"level":"debug","message":"Page request finished: GET (script) 200 https://cdnjs.cloudflare.com/ajax/libs/Chart.js/2.9.4/Chart.js","meta":{"rootId":"c7ovb1szxr89zhq","id":"c7ovb1szxr89zhq"},"id":"pmykdwuf8ikxdp5","previousOperationId":"3qwtgpwmyeqh6df"}
{"type":"log","timestamp":1705588851099,"level":"debug","message":"Page request finished: GET (stylesheet) 200 https://cdnjs.cloudflare.com/ajax/libs/metro/4.1.5/css/metro.min.css","meta":{"rootId":"c7ovb1szxr89zhq","id":"c7ovb1szxr89zhq"},"id":"ghh0ws95domim8a","previousOperationId":"3qwtgpwmyeqh6df"}
{"type":"log","timestamp":1705588851106,"level":"warn","message":"Page error: transformedData is not defined , stack: ReferenceError: transformedData is not defined\n    at <anonymous> (file:///C:/Users/DANIEL~1/AppData/Local/Temp/jsreport/autocleanup/0c3cd040-cc14-473e-aa67-33af817e8ffc-chrome-pdf.html:104:17)","meta":{"rootId":"c7ovb1szxr89zhq","id":"c7ovb1szxr89zhq"},"id":"47zt767lod5ljsx","previousOperationId":"3qwtgpwmyeqh6df"}
{"type":"log","timestamp":1705588851143,"level":"debug","message":"Running chrome with params {\"printBackground\":true,\"marginTop\":\"4cm\",\"marginRight\":\"1.5cm\",\"marginBottom\":\"1.5cm\",\"marginLeft\":\"1.5cm\",\"waitForJS\":false,\"timeout\":59867,\"margin\":{\"top\":\"4cm\",\"right\":\"1.5cm\",\"bottom\":\"1.5cm\",\"left\":\"1.5cm\"}}","meta":{"rootId":"c7ovb1szxr89zhq","id":"c7ovb1szxr89zhq"},"id":"3a84nkvndv95puo","previousOperationId":"3qwtgpwmyeqh6df"}
{"type":"operationEnd","operationId":"3qwtgpwmyeqh6df","timestamp":1705588851267,"id":"utpc8mre8yn3ing","previousEventId":"gqblfa4vv6q8cnd","previousOperationId":"3qwtgpwmyeqh6df"}
{"type":"log","timestamp":1705588851267,"level":"info","message":"pdf-utils is starting pdf processing","meta":{"rootId":"c7ovb1szxr89zhq","id":"c7ovb1szxr89zhq"},"id":"o7ofpd9855yh5es","previousOperationId":"3qwtgpwmyeqh6df"}
{"type":"operationStart","subtype":"pdfUtils","name":"pdf utils","timestamp":1705588851267,"id":"pjr1oj3rvlds5a5","previousEventId":"utpc8mre8yn3ing","operationId":"ew66rj2kdpmkr4t","previousOperationId":"3qwtgpwmyeqh6df"}
{"type":"log","timestamp":1705588851267,"level":"debug","message":"pdf-utils detected 1 pdf operation(s) to process","meta":{"rootId":"c7ovb1szxr89zhq","id":"c7ovb1szxr89zhq"},"id":"tv2xafurk6x9njy","previousOperationId":"ew66rj2kdpmkr4t"}
{"type":"log","timestamp":1705588851317,"level":"debug","message":"pdf-utils running pdf operation merge","meta":{"rootId":"c7ovb1szxr89zhq","id":"c7ovb1szxr89zhq"},"id":"7m3lea2vh3rpb0f","previousOperationId":"ew66rj2kdpmkr4t"}
{"type":"operationStart","subtype":"pdfUtilsMerge","name":"pdf utils merge","previousOperationId":"ew66rj2kdpmkr4t","timestamp":1705588851317,"id":"dbi48rcglshyw9u","previousEventId":"pjr1oj3rvlds5a5","operationId":"fdpxkyj0zrupzvh"}
{"type":"operationStart","subtype":"render","name":"orders-header","previousOperationId":"fdpxkyj0zrupzvh","timestamp":1705588851318,"id":"bqaghntbrdllizb","previousEventId":"dbi48rcglshyw9u","operationId":"e1a4rle1ycgqvzp"}
{"type":"log","timestamp":1705588851318,"level":"info","message":"Starting rendering (child) request","meta":{"rootId":"c7ovb1szxr89zhq","id":"6we5lerxv65npcj"},"id":"0mn9fuqtok8bety","previousOperationId":"e1a4rle1ycgqvzp"}
{"type":"log","timestamp":1705588851319,"level":"info","message":"Rendering template { name: orders-header, recipe: chrome-pdf, engine: handlebars, preview: true }","meta":{"rootId":"c7ovb1szxr89zhq","id":"6we5lerxv65npcj"},"id":"dpiqwmh6hxxsqw5","previousOperationId":"e1a4rle1ycgqvzp"}
{"type":"log","timestamp":1705588851321,"level":"debug","message":"Inline data specified.","meta":{"rootId":"c7ovb1szxr89zhq","id":"6we5lerxv65npcj"},"id":"ukn7b7f0zm0vwpf","previousOperationId":"e1a4rle1ycgqvzp"}
{"type":"log","timestamp":1705588851324,"level":"debug","message":"Base url not specified, skipping its injection.","meta":{"rootId":"c7ovb1szxr89zhq","id":"6we5lerxv65npcj"},"id":"rmi8dw1hefv0t55","previousOperationId":"e1a4rle1ycgqvzp"}
{"type":"operationStart","subtype":"engine","name":"handlebars","timestamp":1705588851324,"id":"eu1hao2uke9hau1","previousEventId":"bqaghntbrdllizb","operationId":"uqpas62gtn94uf9","previousOperationId":"e1a4rle1ycgqvzp"}
{"type":"log","timestamp":1705588851324,"level":"debug","message":"Rendering engine handlebars","meta":{"rootId":"c7ovb1szxr89zhq","id":"6we5lerxv65npcj"},"id":"nf9vlaw5b40f4h8","previousOperationId":"uqpas62gtn94uf9"}
{"type":"operationEnd","operationId":"uqpas62gtn94uf9","timestamp":1705588851359,"id":"enwirerwswlearu","previousEventId":"eu1hao2uke9hau1","previousOperationId":"uqpas62gtn94uf9"}
{"type":"operationStart","subtype":"recipe","name":"chrome-pdf","timestamp":1705588851359,"id":"pk7t6zzve8xcf0f","previousEventId":"enwirerwswlearu","operationId":"4br0zezv70l0aos","previousOperationId":"uqpas62gtn94uf9"}
{"type":"log","timestamp":1705588851359,"level":"debug","message":"Executing recipe chrome-pdf","meta":{"rootId":"c7ovb1szxr89zhq","id":"6we5lerxv65npcj"},"id":"qoq8f8qikd5ch1q","previousOperationId":"4br0zezv70l0aos"}
{"type":"log","timestamp":1705588851363,"level":"debug","message":"Converting with chrome HeadlessChrome/117.0.5938.149 using chrome-pool strategy","meta":{"rootId":"c7ovb1szxr89zhq","id":"6we5lerxv65npcj"},"id":"x6whirf8kyl7uu7","previousOperationId":"4br0zezv70l0aos"}
{"type":"log","timestamp":1705588851494,"level":"debug","message":"Page request: GET (document) file:///C:/Users/DANIEL~1/AppData/Local/Temp/jsreport/autocleanup/5b438bfd-95dd-496e-a42c-c99fd0b386a2-chrome-pdf.html","meta":{"rootId":"c7ovb1szxr89zhq","id":"6we5lerxv65npcj"},"id":"t2b1bks0qfzurt2","previousOperationId":"4br0zezv70l0aos"}
{"type":"log","timestamp":1705588851511,"level":"debug","message":"Page request: GET (stylesheet) https://cdnjs.cloudflare.com/ajax/libs/metro/4.1.5/css/metro.min.css","meta":{"rootId":"c7ovb1szxr89zhq","id":"6we5lerxv65npcj"},"id":"n5bcwnq9rlspqf6","previousOperationId":"4br0zezv70l0aos"}
{"type":"log","timestamp":1705588851511,"level":"debug","message":"Page request finished: GET (document) 200 file:///C:/Users/DANIEL~1/AppData/Local/Temp/jsreport/autocleanup/5b438bfd-95dd-496e-a42c-c99fd0b386a2-chrome-pdf.html","meta":{"rootId":"c7ovb1szxr89zhq","id":"6we5lerxv65npcj"},"id":"59i7uuele69gc9l","previousOperationId":"4br0zezv70l0aos"}
{"type":"log","timestamp":1705588851535,"level":"debug","message":"Page request finished: GET (stylesheet) 200 https://cdnjs.cloudflare.com/ajax/libs/metro/4.1.5/css/metro.min.css","meta":{"rootId":"c7ovb1szxr89zhq","id":"6we5lerxv65npcj"},"id":"cwqsaxv5ds449dm","previousOperationId":"4br0zezv70l0aos"}
{"type":"log","timestamp":1705588851557,"level":"debug","message":"Running chrome with params {\"printBackground\":true,\"marginTop\":\"1.5cm\",\"marginRight\":\"1.5cm\",\"marginLeft\":\"1.cm\",\"timeout\":59401,\"margin\":{\"top\":\"1.5cm\",\"right\":\"1.5cm\",\"left\":\"1.cm\"}}","meta":{"rootId":"c7ovb1szxr89zhq","id":"6we5lerxv65npcj"},"id":"0cp1pusvlf3gnmt","previousOperationId":"4br0zezv70l0aos"}
{"type":"operationEnd","operationId":"4br0zezv70l0aos","timestamp":1705588851604,"id":"y8lcd7yjnzglt10","previousEventId":"pk7t6zzve8xcf0f","previousOperationId":"4br0zezv70l0aos"}
{"type":"log","timestamp":1705588851605,"level":"debug","message":"Skipping storing report.","meta":{"rootId":"c7ovb1szxr89zhq","id":"6we5lerxv65npcj"},"id":"cxytlieex41qn2k","previousOperationId":"4br0zezv70l0aos"}
{"type":"log","timestamp":1705588851605,"level":"info","message":"Rendering (child) request finished in 842 ms","meta":{"rootId":"c7ovb1szxr89zhq","id":"6we5lerxv65npcj"},"id":"wrtwvly3ypsdcuz","previousOperationId":"4br0zezv70l0aos"}
{"type":"operationEnd","subtype":"render","operationId":"e1a4rle1ycgqvzp","timestamp":1705588851605,"id":"esml3y7jueb0jan","previousEventId":"y8lcd7yjnzglt10","previousOperationId":"4br0zezv70l0aos"}
{"type":"operationEnd","operationId":"fdpxkyj0zrupzvh","timestamp":1705588851628,"id":"oi4pjbd9zy0ht6x","previousEventId":"dbi48rcglshyw9u","previousOperationId":"fdpxkyj0zrupzvh"}
{"type":"log","timestamp":1705588851628,"level":"debug","message":"pdf-utils postproces start","meta":{"rootId":"c7ovb1szxr89zhq","id":"c7ovb1szxr89zhq"},"id":"oqnhd5669muw3j8","previousOperationId":"fdpxkyj0zrupzvh"}
{"type":"log","timestamp":1705588851656,"level":"debug","message":"pdf-utils postproces end","meta":{"rootId":"c7ovb1szxr89zhq","id":"c7ovb1szxr89zhq"},"id":"m3bqvxz5z9ekpti","previousOperationId":"fdpxkyj0zrupzvh"}
{"type":"operationEnd","operationId":"ew66rj2kdpmkr4t","timestamp":1705588851656,"id":"jvruo1ttg0iko85","previousEventId":"oi4pjbd9zy0ht6x","previousOperationId":"fdpxkyj0zrupzvh"}
{"type":"log","timestamp":1705588851656,"level":"info","message":"pdf-utils pdf processing was finished","meta":{"rootId":"c7ovb1szxr89zhq","id":"c7ovb1szxr89zhq"},"id":"dxwoq72vvb89dyd","previousOperationId":"ew66rj2kdpmkr4t"}
{"type":"log","timestamp":1705588851656,"level":"debug","message":"Skipping storing report.","meta":{"rootId":"c7ovb1szxr89zhq","id":"c7ovb1szxr89zhq"},"id":"r4jikkshoetaxi0","previousOperationId":"ew66rj2kdpmkr4t"}
{"type":"log","timestamp":1705588851656,"level":"info","message":"Rendering request 9 finished in 893 ms","meta":{"rootId":"c7ovb1szxr89zhq","id":"c7ovb1szxr89zhq"},"id":"vh4yzb45d5k95z3","previousOperationId":"ew66rj2kdpmkr4t"}
{"type":"operationEnd","subtype":"render","operationId":"y3swuy4gye118yt","timestamp":1705588851657,"id":"enkl9w09gh66clc","previousEventId":"jvruo1ttg0iko85","previousOperationId":"ew66rj2kdpmkr4t"}
{"type":"operationEnd","doDiffs":false,"previousEventId":"r140h1pdasp0ubf","previousOperationId":"1ddglkcuwbv19n2","operationId":"1ddglkcuwbv19n2","timestamp":1705588851671,"id":"cfgrvtaczy5pyk6"}
