{"type":"operationStart","subtype":"profile","data":{"_id":"2yJ2gPY4qvr3AW0K","timestamp":"2024-01-18T17:35:39.008Z","state":"queued","mode":"standard","creationDate":"2024-01-18T17:35:39.010Z","modificationDate":"2024-01-18T17:35:39.010Z","shortid":"doQkYA3","$entitySet":"profiles"},"doDiffs":false,"timestamp":1705599339009,"id":"9c8a3o4uwjqdusy","previousOperationId":null,"operationId":"mlecza2qx6bcwdj"}
{"type":"log","level":"info","message":"Render request 13 queued for execution and waiting for available worker","previousOperationId":"mlecza2qx6bcwdj","timestamp":1705599339009,"id":"hfg9kafb5gfvu04"}
{"type":"operationStart","subtype":"render","name":"orders-main","previousOperationId":"mlecza2qx6bcwdj","timestamp":1705599339015,"id":"cq9dxbn10ays1rq","previousEventId":"9c8a3o4uwjqdusy","operationId":"bnh7kv2g2pihsy2"}
{"type":"log","timestamp":1705599339015,"level":"info","message":"Starting rendering request 13","meta":{"rootId":"cb3vxqttqr51s78","id":"cb3vxqttqr51s78"},"id":"t26x76ukitk5xxq","previousOperationId":"bnh7kv2g2pihsy2"}
{"type":"log","timestamp":1705599339015,"level":"info","message":"Rendering template { name: orders-main, recipe: chrome-pdf, engine: handlebars, preview: true }","meta":{"rootId":"cb3vxqttqr51s78","id":"cb3vxqttqr51s78"},"id":"d4h4wfqky14vbwo","previousOperationId":"bnh7kv2g2pihsy2"}
{"type":"log","timestamp":1705599339016,"level":"debug","message":"Data item not defined for this template.","meta":{"rootId":"cb3vxqttqr51s78","id":"cb3vxqttqr51s78"},"id":"35ghhc2zq4uk3hx","previousOperationId":"bnh7kv2g2pihsy2"}
{"type":"log","timestamp":1705599339017,"level":"debug","message":"Executing script orders-script (beforeRender)","meta":{"rootId":"cb3vxqttqr51s78","id":"cb3vxqttqr51s78"},"id":"m25av6gg4a2tw73","previousOperationId":"bnh7kv2g2pihsy2"}
{"type":"operationStart","subtype":"scriptsBeforeRender","name":"scripts beforeRender","timestamp":1705599339032,"id":"nx7thixgi1bc19l","previousEventId":"cq9dxbn10ays1rq","operationId":"t4btdkbquzm36t4","previousOperationId":"bnh7kv2g2pihsy2"}
{"type":"operationStart","subtype":"script","name":"scripts orders-script","previousOperationId":"t4btdkbquzm36t4","timestamp":1705599339032,"id":"f3oouwhmxok3sel","previousEventId":"nx7thixgi1bc19l","operationId":"tfzqmikcfn9orpv"}
{"type":"log","timestamp":1705599339043,"level":"debug","message":"(console:log) [ 'Race1', 'Race2' ]","meta":{"userLevel":true,"rootId":"cb3vxqttqr51s78","id":"cb3vxqttqr51s78"},"id":"ll4nt7ls79c8kgp","previousOperationId":"tfzqmikcfn9orpv"}
{"type":"log","timestamp":1705599339043,"level":"debug","message":"(console:log) [ 2, 1 ]","meta":{"userLevel":true,"rootId":"cb3vxqttqr51s78","id":"cb3vxqttqr51s78"},"id":"twshkmyjoman6s3","previousOperationId":"tfzqmikcfn9orpv"}
{"type":"operationEnd","operationId":"tfzqmikcfn9orpv","timestamp":1705599339043,"id":"qynkunjlbiwpgno","previousEventId":"cq9dxbn10ays1rq","previousOperationId":"bnh7kv2g2pihsy2"}
{"type":"operationEnd","operationId":"t4btdkbquzm36t4","timestamp":1705599339043,"id":"uwtyf6nv8smja89","previousEventId":"qynkunjlbiwpgno","previousOperationId":"bnh7kv2g2pihsy2"}
{"type":"log","timestamp":1705599339043,"level":"debug","message":"Base url not specified, skipping its injection.","meta":{"rootId":"cb3vxqttqr51s78","id":"cb3vxqttqr51s78"},"id":"7me20z9jh6e58mg","previousOperationId":"t4btdkbquzm36t4"}
{"type":"operationStart","subtype":"engine","name":"handlebars","timestamp":1705599339043,"id":"mxlp7y8izbvev6b","previousEventId":"uwtyf6nv8smja89","operationId":"dl7bq0z5bpdsxyv","previousOperationId":"t4btdkbquzm36t4"}
{"type":"log","timestamp":1705599339043,"level":"debug","message":"Rendering engine handlebars","meta":{"rootId":"cb3vxqttqr51s78","id":"cb3vxqttqr51s78"},"id":"cxstnwu1dib7ja4","previousOperationId":"dl7bq0z5bpdsxyv"}
{"type":"log","timestamp":1705599339050,"level":"debug","message":"(console:log) Pdf utils adding group field, value: \"Race1\"","meta":{"userLevel":true,"rootId":"cb3vxqttqr51s78","id":"cb3vxqttqr51s78"},"id":"7tb491ucqxuut6a","previousOperationId":"dl7bq0z5bpdsxyv"}
{"type":"log","timestamp":1705599339050,"level":"debug","message":"(console:log) Pdf utils adding group field, value: \"Race2\"","meta":{"userLevel":true,"rootId":"cb3vxqttqr51s78","id":"cb3vxqttqr51s78"},"id":"iqhpfbj73xbom6t","previousOperationId":"dl7bq0z5bpdsxyv"}
{"type":"operationEnd","operationId":"dl7bq0z5bpdsxyv","timestamp":1705599339050,"id":"k8ue1fobwusmrzf","previousEventId":"mxlp7y8izbvev6b","previousOperationId":"dl7bq0z5bpdsxyv"}
{"type":"operationStart","subtype":"recipe","name":"chrome-pdf","timestamp":1705599339051,"id":"4w3g9ua2rrd3630","previousEventId":"k8ue1fobwusmrzf","operationId":"s15cj6d5bsb266u","previousOperationId":"dl7bq0z5bpdsxyv"}
{"type":"log","timestamp":1705599339051,"level":"debug","message":"Executing recipe chrome-pdf","meta":{"rootId":"cb3vxqttqr51s78","id":"cb3vxqttqr51s78"},"id":"rxyhon5uwu7xekh","previousOperationId":"s15cj6d5bsb266u"}
{"type":"log","timestamp":1705599339053,"level":"debug","message":"Converting with chrome HeadlessChrome/117.0.5938.149 using chrome-pool strategy","meta":{"rootId":"cb3vxqttqr51s78","id":"cb3vxqttqr51s78"},"id":"nhbkzn87bvyxogz","previousOperationId":"s15cj6d5bsb266u"}
{"type":"log","timestamp":1705599339120,"level":"debug","message":"Page request: GET (document) file:///C:/Users/DANIEL~1/AppData/Local/Temp/jsreport/autocleanup/d43a04ec-9067-4ee0-af45-d0f8f51a69fb-chrome-pdf.html","meta":{"rootId":"cb3vxqttqr51s78","id":"cb3vxqttqr51s78"},"id":"domkxcj7md8z73x","previousOperationId":"s15cj6d5bsb266u"}
{"type":"log","timestamp":1705599339141,"level":"debug","message":"Page request: GET (stylesheet) https://cdnjs.cloudflare.com/ajax/libs/metro/4.1.5/css/metro.min.css","meta":{"rootId":"cb3vxqttqr51s78","id":"cb3vxqttqr51s78"},"id":"crvkiv3f5po64g5","previousOperationId":"s15cj6d5bsb266u"}
{"type":"log","timestamp":1705599339141,"level":"debug","message":"Page request: GET (script) https://cdn.jsdelivr.net/npm/chart.js","meta":{"rootId":"cb3vxqttqr51s78","id":"cb3vxqttqr51s78"},"id":"pkcjevwog873g2x","previousOperationId":"s15cj6d5bsb266u"}
{"type":"log","timestamp":1705599339142,"level":"debug","message":"Page request finished: GET (document) 200 file:///C:/Users/DANIEL~1/AppData/Local/Temp/jsreport/autocleanup/d43a04ec-9067-4ee0-af45-d0f8f51a69fb-chrome-pdf.html","meta":{"rootId":"cb3vxqttqr51s78","id":"cb3vxqttqr51s78"},"id":"mcdw3jvtxw4q2v9","previousOperationId":"s15cj6d5bsb266u"}
{"type":"log","timestamp":1705599339145,"level":"debug","message":"Page request finished: GET (script) 200 https://cdn.jsdelivr.net/npm/chart.js","meta":{"rootId":"cb3vxqttqr51s78","id":"cb3vxqttqr51s78"},"id":"0zwwhnrwv9qxvxe","previousOperationId":"s15cj6d5bsb266u"}
{"type":"log","timestamp":1705599339154,"level":"debug","message":"Page request finished: GET (stylesheet) 200 https://cdnjs.cloudflare.com/ajax/libs/metro/4.1.5/css/metro.min.css","meta":{"rootId":"cb3vxqttqr51s78","id":"cb3vxqttqr51s78"},"id":"bmd6nhyxv8i84vp","previousOperationId":"s15cj6d5bsb266u"}
{"type":"log","timestamp":1705599339157,"level":"warn","message":"Page error: Unexpected token ';' , stack: SyntaxError: Unexpected token ';'","meta":{"rootId":"cb3vxqttqr51s78","id":"cb3vxqttqr51s78"},"id":"4acgykp04f7beog","previousOperationId":"s15cj6d5bsb266u"}
{"type":"log","timestamp":1705599339177,"level":"debug","message":"Running chrome with params {\"printBackground\":true,\"marginTop\":\"4cm\",\"marginRight\":\"1.5cm\",\"marginBottom\":\"1.5cm\",\"marginLeft\":\"1.5cm\",\"waitForJS\":false,\"timeout\":59956,\"margin\":{\"top\":\"4cm\",\"right\":\"1.5cm\",\"bottom\":\"1.5cm\",\"left\":\"1.5cm\"}}","meta":{"rootId":"cb3vxqttqr51s78","id":"cb3vxqttqr51s78"},"id":"5gvot2s38ksjdhm","previousOperationId":"s15cj6d5bsb266u"}
{"type":"operationEnd","operationId":"s15cj6d5bsb266u","timestamp":1705599339234,"id":"zupxmgqh5tnxboe","previousEventId":"4w3g9ua2rrd3630","previousOperationId":"s15cj6d5bsb266u"}
{"type":"log","timestamp":1705599339234,"level":"info","message":"pdf-utils is starting pdf processing","meta":{"rootId":"cb3vxqttqr51s78","id":"cb3vxqttqr51s78"},"id":"j588dhku33e3bmz","previousOperationId":"s15cj6d5bsb266u"}
{"type":"operationStart","subtype":"pdfUtils","name":"pdf utils","timestamp":1705599339234,"id":"zu8twy9rs7xnooi","previousEventId":"zupxmgqh5tnxboe","operationId":"cqfl2wbn125md59","previousOperationId":"s15cj6d5bsb266u"}
{"type":"log","timestamp":1705599339234,"level":"debug","message":"pdf-utils detected 1 pdf operation(s) to process","meta":{"rootId":"cb3vxqttqr51s78","id":"cb3vxqttqr51s78"},"id":"obrkfe9di1ng5z2","previousOperationId":"cqfl2wbn125md59"}
{"type":"log","timestamp":1705599339247,"level":"debug","message":"pdf-utils running pdf operation merge","meta":{"rootId":"cb3vxqttqr51s78","id":"cb3vxqttqr51s78"},"id":"dx8vs6xzini8b53","previousOperationId":"cqfl2wbn125md59"}
{"type":"operationStart","subtype":"pdfUtilsMerge","name":"pdf utils merge","previousOperationId":"cqfl2wbn125md59","timestamp":1705599339247,"id":"7233cf93fsmyedm","previousEventId":"zu8twy9rs7xnooi","operationId":"rwsrks30ntvuyy5"}
{"type":"operationStart","subtype":"render","name":"orders-header","previousOperationId":"rwsrks30ntvuyy5","timestamp":1705599339248,"id":"5ltxorcbgcdlhdc","previousEventId":"7233cf93fsmyedm","operationId":"optspp0k3vdiac2"}
{"type":"log","timestamp":1705599339248,"level":"info","message":"Starting rendering (child) request","meta":{"rootId":"cb3vxqttqr51s78","id":"nb6nrw62yos7jhh"},"id":"8ww0htq2z0f6a4o","previousOperationId":"optspp0k3vdiac2"}
{"type":"log","timestamp":1705599339248,"level":"info","message":"Rendering template { name: orders-header, recipe: chrome-pdf, engine: handlebars, preview: true }","meta":{"rootId":"cb3vxqttqr51s78","id":"nb6nrw62yos7jhh"},"id":"3s74xwmz80d5j0d","previousOperationId":"optspp0k3vdiac2"}
{"type":"log","timestamp":1705599339249,"level":"debug","message":"Inline data specified.","meta":{"rootId":"cb3vxqttqr51s78","id":"nb6nrw62yos7jhh"},"id":"7ypg5roeehj5w98","previousOperationId":"optspp0k3vdiac2"}
{"type":"log","timestamp":1705599339250,"level":"debug","message":"Base url not specified, skipping its injection.","meta":{"rootId":"cb3vxqttqr51s78","id":"nb6nrw62yos7jhh"},"id":"jcb7cl33misy17y","previousOperationId":"optspp0k3vdiac2"}
{"type":"operationStart","subtype":"engine","name":"handlebars","timestamp":1705599339250,"id":"te7ctn8l4s2c7kb","previousEventId":"5ltxorcbgcdlhdc","operationId":"ujtyi1azh3r19d5","previousOperationId":"optspp0k3vdiac2"}
{"type":"log","timestamp":1705599339250,"level":"debug","message":"Rendering engine handlebars","meta":{"rootId":"cb3vxqttqr51s78","id":"nb6nrw62yos7jhh"},"id":"r3ilnwb1fej04qp","previousOperationId":"ujtyi1azh3r19d5"}
{"type":"operationEnd","operationId":"ujtyi1azh3r19d5","timestamp":1705599339260,"id":"7yifq2m9a5llt11","previousEventId":"te7ctn8l4s2c7kb","previousOperationId":"ujtyi1azh3r19d5"}
{"type":"operationStart","subtype":"recipe","name":"chrome-pdf","timestamp":1705599339260,"id":"2wh2r6foft9a2jg","previousEventId":"7yifq2m9a5llt11","operationId":"6qvuuaiqroxzmw5","previousOperationId":"ujtyi1azh3r19d5"}
{"type":"log","timestamp":1705599339260,"level":"debug","message":"Executing recipe chrome-pdf","meta":{"rootId":"cb3vxqttqr51s78","id":"nb6nrw62yos7jhh"},"id":"jr2q1pzj58hhzf3","previousOperationId":"6qvuuaiqroxzmw5"}
{"type":"log","timestamp":1705599339262,"level":"debug","message":"Converting with chrome HeadlessChrome/117.0.5938.149 using chrome-pool strategy","meta":{"rootId":"cb3vxqttqr51s78","id":"nb6nrw62yos7jhh"},"id":"buef31vpikm5or8","previousOperationId":"6qvuuaiqroxzmw5"}
{"type":"log","timestamp":1705599339326,"level":"debug","message":"Page request: GET (document) file:///C:/Users/DANIEL~1/AppData/Local/Temp/jsreport/autocleanup/8a00b1dc-7a52-421e-a577-ed17367c6d6d-chrome-pdf.html","meta":{"rootId":"cb3vxqttqr51s78","id":"nb6nrw62yos7jhh"},"id":"d0teykrmpa7wm91","previousOperationId":"6qvuuaiqroxzmw5"}
{"type":"log","timestamp":1705599339333,"level":"debug","message":"Page request: GET (stylesheet) https://cdnjs.cloudflare.com/ajax/libs/metro/4.1.5/css/metro.min.css","meta":{"rootId":"cb3vxqttqr51s78","id":"nb6nrw62yos7jhh"},"id":"gxl3jlhuvcila7v","previousOperationId":"6qvuuaiqroxzmw5"}
{"type":"log","timestamp":1705599339333,"level":"debug","message":"Page request finished: GET (document) 200 file:///C:/Users/DANIEL~1/AppData/Local/Temp/jsreport/autocleanup/8a00b1dc-7a52-421e-a577-ed17367c6d6d-chrome-pdf.html","meta":{"rootId":"cb3vxqttqr51s78","id":"nb6nrw62yos7jhh"},"id":"otswbzv09el732r","previousOperationId":"6qvuuaiqroxzmw5"}
{"type":"log","timestamp":1705599339348,"level":"debug","message":"Page request finished: GET (stylesheet) 200 https://cdnjs.cloudflare.com/ajax/libs/metro/4.1.5/css/metro.min.css","meta":{"rootId":"cb3vxqttqr51s78","id":"nb6nrw62yos7jhh"},"id":"hhc0m09ngsncs2m","previousOperationId":"6qvuuaiqroxzmw5"}
{"type":"log","timestamp":1705599339362,"level":"debug","message":"Running chrome with params {\"printBackground\":true,\"marginTop\":\"1.5cm\",\"marginRight\":\"1.5cm\",\"marginLeft\":\"1.cm\",\"timeout\":59747,\"margin\":{\"top\":\"1.5cm\",\"right\":\"1.5cm\",\"left\":\"1.cm\"}}","meta":{"rootId":"cb3vxqttqr51s78","id":"nb6nrw62yos7jhh"},"id":"6yk5sij6w9g8fkt","previousOperationId":"6qvuuaiqroxzmw5"}
{"type":"operationEnd","operationId":"6qvuuaiqroxzmw5","timestamp":1705599339389,"id":"x8xct02nerla8mx","previousEventId":"2wh2r6foft9a2jg","previousOperationId":"6qvuuaiqroxzmw5"}
{"type":"log","timestamp":1705599339389,"level":"debug","message":"Skipping storing report.","meta":{"rootId":"cb3vxqttqr51s78","id":"nb6nrw62yos7jhh"},"id":"ifmeiqmdmta34t7","previousOperationId":"6qvuuaiqroxzmw5"}
{"type":"log","timestamp":1705599339389,"level":"info","message":"Rendering (child) request finished in 381 ms","meta":{"rootId":"cb3vxqttqr51s78","id":"nb6nrw62yos7jhh"},"id":"yuhbbx5sfm5pwdn","previousOperationId":"6qvuuaiqroxzmw5"}
{"type":"operationEnd","subtype":"render","operationId":"optspp0k3vdiac2","timestamp":1705599339389,"id":"c7k81gzcuzunq4s","previousEventId":"x8xct02nerla8mx","previousOperationId":"6qvuuaiqroxzmw5"}
{"type":"operationEnd","operationId":"rwsrks30ntvuyy5","timestamp":1705599339396,"id":"o9abh1qq8glssib","previousEventId":"7233cf93fsmyedm","previousOperationId":"rwsrks30ntvuyy5"}
{"type":"log","timestamp":1705599339396,"level":"debug","message":"pdf-utils postproces start","meta":{"rootId":"cb3vxqttqr51s78","id":"cb3vxqttqr51s78"},"id":"16z1at7skw7utx2","previousOperationId":"rwsrks30ntvuyy5"}
{"type":"log","timestamp":1705599339403,"level":"debug","message":"pdf-utils postproces end","meta":{"rootId":"cb3vxqttqr51s78","id":"cb3vxqttqr51s78"},"id":"q1i9vzess3wtc29","previousOperationId":"rwsrks30ntvuyy5"}
{"type":"operationEnd","operationId":"cqfl2wbn125md59","timestamp":1705599339404,"id":"xvcutmt986lf757","previousEventId":"o9abh1qq8glssib","previousOperationId":"rwsrks30ntvuyy5"}
{"type":"log","timestamp":1705599339404,"level":"info","message":"pdf-utils pdf processing was finished","meta":{"rootId":"cb3vxqttqr51s78","id":"cb3vxqttqr51s78"},"id":"27bpr8sfhnapz2x","previousOperationId":"cqfl2wbn125md59"}
{"type":"log","timestamp":1705599339404,"level":"debug","message":"Skipping storing report.","meta":{"rootId":"cb3vxqttqr51s78","id":"cb3vxqttqr51s78"},"id":"e1qvntybq8iuvr0","previousOperationId":"cqfl2wbn125md59"}
{"type":"log","timestamp":1705599339404,"level":"info","message":"Rendering request 13 finished in 396 ms","meta":{"rootId":"cb3vxqttqr51s78","id":"cb3vxqttqr51s78"},"id":"cl1fxzi13n1royx","previousOperationId":"cqfl2wbn125md59"}
{"type":"operationEnd","subtype":"render","operationId":"bnh7kv2g2pihsy2","timestamp":1705599339404,"id":"x68j0zp5d434m7g","previousEventId":"xvcutmt986lf757","previousOperationId":"cqfl2wbn125md59"}
{"type":"operationEnd","doDiffs":false,"previousEventId":"9c8a3o4uwjqdusy","previousOperationId":"mlecza2qx6bcwdj","operationId":"mlecza2qx6bcwdj","timestamp":1705599339412,"id":"1bjqklbbkb3rdzp"}
