{"type":"operationStart","subtype":"profile","data":{"_id":"OYPqeaiiLkZFrEZw","timestamp":"2024-02-21T19:07:29.791Z","state":"queued","mode":"standard","creationDate":"2024-02-21T19:07:29.794Z","modificationDate":"2024-02-21T19:07:29.794Z","shortid":"TtWpKCV","$entitySet":"profiles"},"doDiffs":false,"timestamp":1708542449792,"id":"9k83wt55asqgen8","previousOperationId":null,"operationId":"yhzdfe2mlt5jiz4"}
{"type":"log","level":"info","message":"Render request 23 queued for execution and waiting for available worker","previousOperationId":"yhzdfe2mlt5jiz4","timestamp":1708542449792,"id":"m3edj5uequiusa2"}
{"type":"operationStart","subtype":"render","name":"orders-main","previousOperationId":"yhzdfe2mlt5jiz4","timestamp":1708542449799,"id":"t3w769u6d0xwxz0","previousEventId":"9k83wt55asqgen8","operationId":"elybaynq3ncfakl"}
{"type":"log","timestamp":1708542449800,"level":"info","message":"Starting rendering request 23","meta":{"rootId":"cnh1s8twztc2nrx","id":"cnh1s8twztc2nrx"},"id":"88j1f83ltieiplx","previousOperationId":"elybaynq3ncfakl"}
{"type":"log","timestamp":1708542449800,"level":"info","message":"Rendering template { name: orders-main, recipe: chrome-pdf, engine: handlebars, preview: false }","meta":{"rootId":"cnh1s8twztc2nrx","id":"cnh1s8twztc2nrx"},"id":"9pneleutmiuwnsv","previousOperationId":"elybaynq3ncfakl"}
{"type":"log","timestamp":1708542449802,"level":"debug","message":"Data item not defined for this template.","meta":{"rootId":"cnh1s8twztc2nrx","id":"cnh1s8twztc2nrx"},"id":"aeegpbaghlbrkia","previousOperationId":"elybaynq3ncfakl"}
{"type":"log","timestamp":1708542449804,"level":"debug","message":"Executing script orders-script (beforeRender)","meta":{"rootId":"cnh1s8twztc2nrx","id":"cnh1s8twztc2nrx"},"id":"vtzy1l7xjn3zf8c","previousOperationId":"elybaynq3ncfakl"}
{"type":"operationStart","subtype":"scriptsBeforeRender","name":"scripts beforeRender","timestamp":1708542449819,"id":"ki54yi313fpl8lv","previousEventId":"t3w769u6d0xwxz0","operationId":"5nisybpx0k07bw0","previousOperationId":"elybaynq3ncfakl"}
{"type":"operationStart","subtype":"script","name":"scripts orders-script","previousOperationId":"5nisybpx0k07bw0","timestamp":1708542449819,"id":"6fr0f0e0j725uv2","previousEventId":"ki54yi313fpl8lv","operationId":"na084h62f433whe"}
{"type":"log","timestamp":1708542449830,"level":"debug","message":"(console:log) [ 'ola', 'oola', 'Race1', 'Race2' ]","meta":{"userLevel":true,"rootId":"cnh1s8twztc2nrx","id":"cnh1s8twztc2nrx"},"id":"vgpevt7x0bxnlwz","previousOperationId":"na084h62f433whe"}
{"type":"log","timestamp":1708542449830,"level":"debug","message":"(console:log) [ 0, 0, 1, 1 ]","meta":{"userLevel":true,"rootId":"cnh1s8twztc2nrx","id":"cnh1s8twztc2nrx"},"id":"z36r31qfk0tdwnr","previousOperationId":"na084h62f433whe"}
{"type":"operationEnd","operationId":"na084h62f433whe","timestamp":1708542449830,"id":"wwsq5sxvsmkgi0r","previousEventId":"t3w769u6d0xwxz0","previousOperationId":"elybaynq3ncfakl"}
{"type":"operationEnd","operationId":"5nisybpx0k07bw0","timestamp":1708542449830,"id":"kf1sdm6d0xw01wp","previousEventId":"wwsq5sxvsmkgi0r","previousOperationId":"elybaynq3ncfakl"}
{"type":"log","timestamp":1708542449830,"level":"debug","message":"Base url not specified, skipping its injection.","meta":{"rootId":"cnh1s8twztc2nrx","id":"cnh1s8twztc2nrx"},"id":"h41cuae0sl7cezq","previousOperationId":"5nisybpx0k07bw0"}
{"type":"operationStart","subtype":"engine","name":"handlebars","timestamp":1708542449831,"id":"m6klavj81s72fww","previousEventId":"kf1sdm6d0xw01wp","operationId":"bs0cqwosmfwt8qy","previousOperationId":"5nisybpx0k07bw0"}
{"type":"log","timestamp":1708542449831,"level":"debug","message":"Rendering engine handlebars","meta":{"rootId":"cnh1s8twztc2nrx","id":"cnh1s8twztc2nrx"},"id":"5r5nqbvwbpymv3l","previousOperationId":"bs0cqwosmfwt8qy"}
{"type":"log","timestamp":1708542449833,"level":"debug","message":"(console:log) Pdf utils adding group field, value: \"ola\"","meta":{"userLevel":true,"rootId":"cnh1s8twztc2nrx","id":"cnh1s8twztc2nrx"},"id":"kkvei0xo8mevtd8","previousOperationId":"bs0cqwosmfwt8qy"}
{"type":"log","timestamp":1708542449834,"level":"debug","message":"(console:log) Pdf utils adding group field, value: \"oola\"","meta":{"userLevel":true,"rootId":"cnh1s8twztc2nrx","id":"cnh1s8twztc2nrx"},"id":"5vnvws77svi3gcv","previousOperationId":"bs0cqwosmfwt8qy"}
{"type":"log","timestamp":1708542449834,"level":"debug","message":"(console:log) Pdf utils adding group field, value: \"Race1\"","meta":{"userLevel":true,"rootId":"cnh1s8twztc2nrx","id":"cnh1s8twztc2nrx"},"id":"13cjjcxl76sqz9c","previousOperationId":"bs0cqwosmfwt8qy"}
{"type":"log","timestamp":1708542449834,"level":"debug","message":"(console:log) Pdf utils adding group field, value: \"Race2\"","meta":{"userLevel":true,"rootId":"cnh1s8twztc2nrx","id":"cnh1s8twztc2nrx"},"id":"59dohv66za93586","previousOperationId":"bs0cqwosmfwt8qy"}
{"type":"operationEnd","operationId":"bs0cqwosmfwt8qy","timestamp":1708542449834,"id":"lap4vx45dmumqyv","previousEventId":"m6klavj81s72fww","previousOperationId":"bs0cqwosmfwt8qy"}
{"type":"operationStart","subtype":"recipe","name":"chrome-pdf","timestamp":1708542449834,"id":"mhwrlo3tlgc40nf","previousEventId":"lap4vx45dmumqyv","operationId":"tuquhtkx9ymkj40","previousOperationId":"bs0cqwosmfwt8qy"}
{"type":"log","timestamp":1708542449834,"level":"debug","message":"Executing recipe chrome-pdf","meta":{"rootId":"cnh1s8twztc2nrx","id":"cnh1s8twztc2nrx"},"id":"jo17k7habqipla6","previousOperationId":"tuquhtkx9ymkj40"}
{"type":"log","timestamp":1708542449837,"level":"debug","message":"Converting with chrome HeadlessChrome/117.0.5938.149 using chrome-pool strategy","meta":{"rootId":"cnh1s8twztc2nrx","id":"cnh1s8twztc2nrx"},"id":"5ihepuyerkcc17b","previousOperationId":"tuquhtkx9ymkj40"}
{"type":"log","timestamp":1708542450152,"level":"debug","message":"Page request: GET (document) file:///var/folders/tp/6hccbwhd41s4hkmxw_2wkz640000gn/T/jsreport/autocleanup/41d255db-78ba-48d7-b736-3e6ad11f8947-chrome-pdf.html","meta":{"rootId":"cnh1s8twztc2nrx","id":"cnh1s8twztc2nrx"},"id":"nuqtcif0em1u5yo","previousOperationId":"tuquhtkx9ymkj40"}
{"type":"log","timestamp":1708542450158,"level":"debug","message":"Page request: GET (stylesheet) https://cdnjs.cloudflare.com/ajax/libs/metro/4.1.5/css/metro.min.css","meta":{"rootId":"cnh1s8twztc2nrx","id":"cnh1s8twztc2nrx"},"id":"uq3342luc8zfdvx","previousOperationId":"tuquhtkx9ymkj40"}
{"type":"log","timestamp":1708542450158,"level":"debug","message":"Page request: GET (script) https://cdn.jsdelivr.net/npm/chart.js","meta":{"rootId":"cnh1s8twztc2nrx","id":"cnh1s8twztc2nrx"},"id":"dntpjin1ve6vd03","previousOperationId":"tuquhtkx9ymkj40"}
{"type":"log","timestamp":1708542450158,"level":"debug","message":"Page request finished: GET (document) 200 file:///var/folders/tp/6hccbwhd41s4hkmxw_2wkz640000gn/T/jsreport/autocleanup/41d255db-78ba-48d7-b736-3e6ad11f8947-chrome-pdf.html","meta":{"rootId":"cnh1s8twztc2nrx","id":"cnh1s8twztc2nrx"},"id":"fx3tcoosb680ldc","previousOperationId":"tuquhtkx9ymkj40"}
{"type":"log","timestamp":1708542450167,"level":"debug","message":"Page request finished: GET (stylesheet) 200 https://cdnjs.cloudflare.com/ajax/libs/metro/4.1.5/css/metro.min.css","meta":{"rootId":"cnh1s8twztc2nrx","id":"cnh1s8twztc2nrx"},"id":"uyi44pd4ido1dsj","previousOperationId":"tuquhtkx9ymkj40"}
{"type":"log","timestamp":1708542450167,"level":"debug","message":"Page request finished: GET (script) 200 https://cdn.jsdelivr.net/npm/chart.js","meta":{"rootId":"cnh1s8twztc2nrx","id":"cnh1s8twztc2nrx"},"id":"kx5nfs7nw9bbwqb","previousOperationId":"tuquhtkx9ymkj40"}
{"type":"log","timestamp":1708542450220,"level":"debug","message":"Running chrome with params {\"printBackground\":true,\"marginTop\":\"4cm\",\"marginRight\":\"1.5cm\",\"marginBottom\":\"1.5cm\",\"marginLeft\":\"1.5cm\",\"waitForJS\":false,\"timeout\":59955,\"margin\":{\"top\":\"4cm\",\"right\":\"1.5cm\",\"bottom\":\"1.5cm\",\"left\":\"1.5cm\"}}","meta":{"rootId":"cnh1s8twztc2nrx","id":"cnh1s8twztc2nrx"},"id":"t47ba24bm3r44pl","previousOperationId":"tuquhtkx9ymkj40"}
{"type":"operationEnd","operationId":"tuquhtkx9ymkj40","timestamp":1708542450253,"id":"ym1npor4h9ytsy8","previousEventId":"mhwrlo3tlgc40nf","previousOperationId":"tuquhtkx9ymkj40"}
{"type":"log","timestamp":1708542450253,"level":"info","message":"pdf-utils is starting pdf processing","meta":{"rootId":"cnh1s8twztc2nrx","id":"cnh1s8twztc2nrx"},"id":"fmj1sxcfx9ismz9","previousOperationId":"tuquhtkx9ymkj40"}
{"type":"operationStart","subtype":"pdfUtils","name":"pdf utils","timestamp":1708542450254,"id":"6cirfltjcdhytck","previousEventId":"ym1npor4h9ytsy8","operationId":"xej00zcy5kfedvu","previousOperationId":"tuquhtkx9ymkj40"}
{"type":"log","timestamp":1708542450254,"level":"debug","message":"pdf-utils detected 1 pdf operation(s) to process","meta":{"rootId":"cnh1s8twztc2nrx","id":"cnh1s8twztc2nrx"},"id":"d3bcwo9l8m0gcoz","previousOperationId":"xej00zcy5kfedvu"}
{"type":"log","timestamp":1708542450294,"level":"debug","message":"pdf-utils running pdf operation merge","meta":{"rootId":"cnh1s8twztc2nrx","id":"cnh1s8twztc2nrx"},"id":"8k1f8tlyljt4lb1","previousOperationId":"xej00zcy5kfedvu"}
{"type":"operationStart","subtype":"pdfUtilsMerge","name":"pdf utils merge","previousOperationId":"xej00zcy5kfedvu","timestamp":1708542450294,"id":"rd0y11tfwv0vnk3","previousEventId":"6cirfltjcdhytck","operationId":"kwln886some9fgg"}
{"type":"operationStart","subtype":"render","name":"orders-header","previousOperationId":"kwln886some9fgg","timestamp":1708542450294,"id":"vntud0bi7afk2ht","previousEventId":"rd0y11tfwv0vnk3","operationId":"im0p0o34c4pw46h"}
{"type":"log","timestamp":1708542450294,"level":"info","message":"Starting rendering (child) request","meta":{"rootId":"cnh1s8twztc2nrx","id":"0ck9oh58vzr9v40"},"id":"beze6mryujy60ui","previousOperationId":"im0p0o34c4pw46h"}
{"type":"log","timestamp":1708542450294,"level":"info","message":"Rendering template { name: orders-header, recipe: chrome-pdf, engine: handlebars, preview: false }","meta":{"rootId":"cnh1s8twztc2nrx","id":"0ck9oh58vzr9v40"},"id":"8hs19kzzickyk5t","previousOperationId":"im0p0o34c4pw46h"}
{"type":"log","timestamp":1708542450295,"level":"debug","message":"Inline data specified.","meta":{"rootId":"cnh1s8twztc2nrx","id":"0ck9oh58vzr9v40"},"id":"1aw878e0kljj323","previousOperationId":"im0p0o34c4pw46h"}
{"type":"log","timestamp":1708542450295,"level":"debug","message":"Base url not specified, skipping its injection.","meta":{"rootId":"cnh1s8twztc2nrx","id":"0ck9oh58vzr9v40"},"id":"dida4eqwugkqrcl","previousOperationId":"im0p0o34c4pw46h"}
{"type":"operationStart","subtype":"engine","name":"handlebars","timestamp":1708542450295,"id":"2h94nuagkp5sb8p","previousEventId":"vntud0bi7afk2ht","operationId":"1v6z50k0x4h16gt","previousOperationId":"im0p0o34c4pw46h"}
{"type":"log","timestamp":1708542450295,"level":"debug","message":"Rendering engine handlebars","meta":{"rootId":"cnh1s8twztc2nrx","id":"0ck9oh58vzr9v40"},"id":"k6coypi4ulrzilt","previousOperationId":"1v6z50k0x4h16gt"}
{"type":"operationEnd","operationId":"1v6z50k0x4h16gt","timestamp":1708542450298,"id":"usn2vpctzs02tly","previousEventId":"2h94nuagkp5sb8p","previousOperationId":"1v6z50k0x4h16gt"}
{"type":"operationStart","subtype":"recipe","name":"chrome-pdf","timestamp":1708542450298,"id":"kyk0m171dov3vp0","previousEventId":"usn2vpctzs02tly","operationId":"atvhph8k2gtwcm2","previousOperationId":"1v6z50k0x4h16gt"}
{"type":"log","timestamp":1708542450298,"level":"debug","message":"Executing recipe chrome-pdf","meta":{"rootId":"cnh1s8twztc2nrx","id":"0ck9oh58vzr9v40"},"id":"j59ghbq64h8f9t1","previousOperationId":"atvhph8k2gtwcm2"}
{"type":"log","timestamp":1708542450299,"level":"debug","message":"Converting with chrome HeadlessChrome/117.0.5938.149 using chrome-pool strategy","meta":{"rootId":"cnh1s8twztc2nrx","id":"0ck9oh58vzr9v40"},"id":"vzkni7wkzpei6j1","previousOperationId":"atvhph8k2gtwcm2"}
{"type":"log","timestamp":1708542450335,"level":"debug","message":"Page request: GET (document) file:///var/folders/tp/6hccbwhd41s4hkmxw_2wkz640000gn/T/jsreport/autocleanup/9850641b-dd39-436c-8286-9c1022e65bbc-chrome-pdf.html","meta":{"rootId":"cnh1s8twztc2nrx","id":"0ck9oh58vzr9v40"},"id":"qclgagamj5vd4g7","previousOperationId":"atvhph8k2gtwcm2"}
{"type":"log","timestamp":1708542450341,"level":"debug","message":"Page request: GET (stylesheet) https://cdnjs.cloudflare.com/ajax/libs/metro/4.1.5/css/metro.min.css","meta":{"rootId":"cnh1s8twztc2nrx","id":"0ck9oh58vzr9v40"},"id":"cdc4ub6emuftxxy","previousOperationId":"atvhph8k2gtwcm2"}
{"type":"log","timestamp":1708542450341,"level":"debug","message":"Page request finished: GET (document) 200 file:///var/folders/tp/6hccbwhd41s4hkmxw_2wkz640000gn/T/jsreport/autocleanup/9850641b-dd39-436c-8286-9c1022e65bbc-chrome-pdf.html","meta":{"rootId":"cnh1s8twztc2nrx","id":"0ck9oh58vzr9v40"},"id":"jb6pk4hupa6sliw","previousOperationId":"atvhph8k2gtwcm2"}
{"type":"log","timestamp":1708542450348,"level":"debug","message":"Page request finished: GET (stylesheet) 200 https://cdnjs.cloudflare.com/ajax/libs/metro/4.1.5/css/metro.min.css","meta":{"rootId":"cnh1s8twztc2nrx","id":"0ck9oh58vzr9v40"},"id":"89scheyuop652l4","previousOperationId":"atvhph8k2gtwcm2"}
{"type":"log","timestamp":1708542450366,"level":"debug","message":"Running chrome with params {\"printBackground\":true,\"marginTop\":\"1.5cm\",\"marginRight\":\"1.5cm\",\"marginLeft\":\"1.cm\",\"timeout\":59491,\"margin\":{\"top\":\"1.5cm\",\"right\":\"1.5cm\",\"left\":\"1.cm\"}}","meta":{"rootId":"cnh1s8twztc2nrx","id":"0ck9oh58vzr9v40"},"id":"j9towhw5uk28pu6","previousOperationId":"atvhph8k2gtwcm2"}
{"type":"operationEnd","operationId":"atvhph8k2gtwcm2","timestamp":1708542450384,"id":"o9myv1cqf4vj657","previousEventId":"kyk0m171dov3vp0","previousOperationId":"atvhph8k2gtwcm2"}
{"type":"log","timestamp":1708542450384,"level":"debug","message":"Skipping storing report.","meta":{"rootId":"cnh1s8twztc2nrx","id":"0ck9oh58vzr9v40"},"id":"7zifwhye7gg8tei","previousOperationId":"atvhph8k2gtwcm2"}
{"type":"log","timestamp":1708542450384,"level":"info","message":"Rendering (child) request finished in 594 ms","meta":{"rootId":"cnh1s8twztc2nrx","id":"0ck9oh58vzr9v40"},"id":"ukyng1pzlkzrkn7","previousOperationId":"atvhph8k2gtwcm2"}
{"type":"operationEnd","subtype":"render","operationId":"im0p0o34c4pw46h","timestamp":1708542450384,"id":"o2x10zf9o45a2tq","previousEventId":"o9myv1cqf4vj657","previousOperationId":"atvhph8k2gtwcm2"}
{"type":"operationEnd","operationId":"kwln886some9fgg","timestamp":1708542450409,"id":"pbrlyaiztyhu3p3","previousEventId":"rd0y11tfwv0vnk3","previousOperationId":"kwln886some9fgg"}
{"type":"log","timestamp":1708542450409,"level":"debug","message":"pdf-utils postproces start","meta":{"rootId":"cnh1s8twztc2nrx","id":"cnh1s8twztc2nrx"},"id":"l3m9okgqy7wuhrq","previousOperationId":"kwln886some9fgg"}
{"type":"log","timestamp":1708542450433,"level":"debug","message":"pdf-utils postproces end","meta":{"rootId":"cnh1s8twztc2nrx","id":"cnh1s8twztc2nrx"},"id":"s0ys5hd7x75u80w","previousOperationId":"kwln886some9fgg"}
{"type":"operationEnd","operationId":"xej00zcy5kfedvu","timestamp":1708542450433,"id":"zsrbl37vf3bv801","previousEventId":"pbrlyaiztyhu3p3","previousOperationId":"kwln886some9fgg"}
{"type":"log","timestamp":1708542450433,"level":"info","message":"pdf-utils pdf processing was finished","meta":{"rootId":"cnh1s8twztc2nrx","id":"cnh1s8twztc2nrx"},"id":"c68n1sqkrgieji6","previousOperationId":"xej00zcy5kfedvu"}
{"type":"log","timestamp":1708542450433,"level":"debug","message":"Skipping storing report.","meta":{"rootId":"cnh1s8twztc2nrx","id":"cnh1s8twztc2nrx"},"id":"eiv9mlwnpwck1dy","previousOperationId":"xej00zcy5kfedvu"}
{"type":"log","timestamp":1708542450433,"level":"info","message":"Rendering request 23 finished in 643 ms","meta":{"rootId":"cnh1s8twztc2nrx","id":"cnh1s8twztc2nrx"},"id":"njnl1h9odxyo2iv","previousOperationId":"xej00zcy5kfedvu"}
{"type":"operationEnd","subtype":"render","operationId":"elybaynq3ncfakl","timestamp":1708542450433,"id":"q8tw30s2tdjm6g0","previousEventId":"zsrbl37vf3bv801","previousOperationId":"xej00zcy5kfedvu"}
{"type":"operationEnd","doDiffs":false,"previousEventId":"9k83wt55asqgen8","previousOperationId":"yhzdfe2mlt5jiz4","operationId":"yhzdfe2mlt5jiz4","timestamp":1708542450435,"id":"2co9902smie8tke"}
