{"type":"operationStart","subtype":"profile","data":{"_id":"1fyYV1hLt26Or00e","timestamp":"2024-01-18T14:37:43.968Z","state":"queued","mode":"standard","creationDate":"2024-01-18T14:37:43.973Z","modificationDate":"2024-01-18T14:37:43.973Z","shortid":"sWAR3bv","$entitySet":"profiles"},"doDiffs":false,"timestamp":1705588663970,"id":"oq4alafbgzbszui","previousOperationId":null,"operationId":"3tluys6h8i8eg5z"}
{"type":"log","level":"info","message":"Render request 6 queued for execution and waiting for available worker","previousOperationId":"3tluys6h8i8eg5z","timestamp":1705588663971,"id":"2n6xigueykr8nro"}
{"type":"operationStart","subtype":"render","name":"orders-main","previousOperationId":"3tluys6h8i8eg5z","timestamp":1705588663989,"id":"r6wpn2lb0smp1ru","previousEventId":"oq4alafbgzbszui","operationId":"m4scqbzoy99jb5q"}
{"type":"log","timestamp":1705588663989,"level":"info","message":"Starting rendering request 6","meta":{"rootId":"cz37m8coyrlk2gt","id":"cz37m8coyrlk2gt"},"id":"6x5282a4sgmx2oc","previousOperationId":"m4scqbzoy99jb5q"}
{"type":"log","timestamp":1705588663990,"level":"info","message":"Rendering template { name: orders-main, recipe: chrome-pdf, engine: handlebars, preview: true }","meta":{"rootId":"cz37m8coyrlk2gt","id":"cz37m8coyrlk2gt"},"id":"gc6hctm1uraxeve","previousOperationId":"m4scqbzoy99jb5q"}
{"type":"log","timestamp":1705588663991,"level":"debug","message":"Data item not defined for this template.","meta":{"rootId":"cz37m8coyrlk2gt","id":"cz37m8coyrlk2gt"},"id":"ipjhmyzaopva499","previousOperationId":"m4scqbzoy99jb5q"}
{"type":"log","timestamp":1705588663996,"level":"debug","message":"Executing script orders-script (beforeRender)","meta":{"rootId":"cz37m8coyrlk2gt","id":"cz37m8coyrlk2gt"},"id":"p6zmdx570us180a","previousOperationId":"m4scqbzoy99jb5q"}
{"type":"operationStart","subtype":"scriptsBeforeRender","name":"scripts beforeRender","timestamp":1705588664036,"id":"t6yk95m5m9uegtd","previousEventId":"r6wpn2lb0smp1ru","operationId":"shgu6vdhjjxhqyp","previousOperationId":"m4scqbzoy99jb5q"}
{"type":"operationStart","subtype":"script","name":"scripts orders-script","previousOperationId":"shgu6vdhjjxhqyp","timestamp":1705588664036,"id":"vjp5tz88ki6q5l5","previousEventId":"t6yk95m5m9uegtd","operationId":"f6xidkk2sowy2rl"}
{"type":"operationEnd","operationId":"f6xidkk2sowy2rl","timestamp":1705588664094,"id":"z2cccc6imtkrfad","previousEventId":"r6wpn2lb0smp1ru","previousOperationId":"m4scqbzoy99jb5q"}
{"type":"operationEnd","operationId":"shgu6vdhjjxhqyp","timestamp":1705588664094,"id":"432v56g76sazog3","previousEventId":"z2cccc6imtkrfad","previousOperationId":"m4scqbzoy99jb5q"}
{"type":"log","timestamp":1705588664094,"level":"debug","message":"Base url not specified, skipping its injection.","meta":{"rootId":"cz37m8coyrlk2gt","id":"cz37m8coyrlk2gt"},"id":"9yvvkjlf5v7pdjp","previousOperationId":"shgu6vdhjjxhqyp"}
{"type":"operationStart","subtype":"engine","name":"handlebars","timestamp":1705588664095,"id":"bel4hgk039bru0t","previousEventId":"432v56g76sazog3","operationId":"mvo5uiiug6qrmqz","previousOperationId":"shgu6vdhjjxhqyp"}
{"type":"log","timestamp":1705588664095,"level":"debug","message":"Rendering engine handlebars","meta":{"rootId":"cz37m8coyrlk2gt","id":"cz37m8coyrlk2gt"},"id":"qdmjp8m7il38v96","previousOperationId":"mvo5uiiug6qrmqz"}
{"type":"log","timestamp":1705588664574,"level":"debug","message":"(console:log) Pdf utils adding group field, value: \"Race1\"","meta":{"userLevel":true,"rootId":"cz37m8coyrlk2gt","id":"cz37m8coyrlk2gt"},"id":"noxapwla7c3i6f1","previousOperationId":"mvo5uiiug6qrmqz"}
{"type":"log","timestamp":1705588664575,"level":"debug","message":"(console:log) Pdf utils adding group field, value: \"Race2\"","meta":{"userLevel":true,"rootId":"cz37m8coyrlk2gt","id":"cz37m8coyrlk2gt"},"id":"lcor3gzd1haveqm","previousOperationId":"mvo5uiiug6qrmqz"}
{"type":"operationEnd","operationId":"mvo5uiiug6qrmqz","timestamp":1705588664575,"id":"xvpgpm8cw5fa1bg","previousEventId":"bel4hgk039bru0t","previousOperationId":"mvo5uiiug6qrmqz"}
{"type":"operationStart","subtype":"recipe","name":"chrome-pdf","timestamp":1705588664576,"id":"f2923vjd1yjrn9t","previousEventId":"xvpgpm8cw5fa1bg","operationId":"9m7ni4tcn6u2whf","previousOperationId":"mvo5uiiug6qrmqz"}
{"type":"log","timestamp":1705588664576,"level":"debug","message":"Executing recipe chrome-pdf","meta":{"rootId":"cz37m8coyrlk2gt","id":"cz37m8coyrlk2gt"},"id":"h4ermpwhxwbipvq","previousOperationId":"9m7ni4tcn6u2whf"}
{"type":"log","timestamp":1705588665384,"level":"debug","message":"Converting with chrome HeadlessChrome/117.0.5938.149 using chrome-pool strategy","meta":{"rootId":"cz37m8coyrlk2gt","id":"cz37m8coyrlk2gt"},"id":"47glbozvch1jbx6","previousOperationId":"9m7ni4tcn6u2whf"}
{"type":"log","timestamp":1705588665555,"level":"debug","message":"Page request: GET (document) file:///C:/Users/DANIEL~1/AppData/Local/Temp/jsreport/autocleanup/dcde6040-aeed-44d5-96ce-4210386eef64-chrome-pdf.html","meta":{"rootId":"cz37m8coyrlk2gt","id":"cz37m8coyrlk2gt"},"id":"mpqzjwdwz4ljvgy","previousOperationId":"9m7ni4tcn6u2whf"}
{"type":"log","timestamp":1705588665589,"level":"debug","message":"Page request: GET (stylesheet) https://cdnjs.cloudflare.com/ajax/libs/metro/4.1.5/css/metro.min.css","meta":{"rootId":"cz37m8coyrlk2gt","id":"cz37m8coyrlk2gt"},"id":"sa2xvpw8sts7ghl","previousOperationId":"9m7ni4tcn6u2whf"}
{"type":"log","timestamp":1705588665590,"level":"debug","message":"Page request: GET (script) https://cdnjs.cloudflare.com/ajax/libs/Chart.js/2.9.4/Chart.js","meta":{"rootId":"cz37m8coyrlk2gt","id":"cz37m8coyrlk2gt"},"id":"10xoywrbkk8scoa","previousOperationId":"9m7ni4tcn6u2whf"}
{"type":"log","timestamp":1705588665591,"level":"debug","message":"Page request finished: GET (document) 200 file:///C:/Users/DANIEL~1/AppData/Local/Temp/jsreport/autocleanup/dcde6040-aeed-44d5-96ce-4210386eef64-chrome-pdf.html","meta":{"rootId":"cz37m8coyrlk2gt","id":"cz37m8coyrlk2gt"},"id":"3shv6fiu4xxcr9q","previousOperationId":"9m7ni4tcn6u2whf"}
{"type":"log","timestamp":1705588665835,"level":"debug","message":"Page request finished: GET (script) 200 https://cdnjs.cloudflare.com/ajax/libs/Chart.js/2.9.4/Chart.js","meta":{"rootId":"cz37m8coyrlk2gt","id":"cz37m8coyrlk2gt"},"id":"u94scmkez6023mg","previousOperationId":"9m7ni4tcn6u2whf"}
{"type":"log","timestamp":1705588665971,"level":"debug","message":"Page request finished: GET (stylesheet) 200 https://cdnjs.cloudflare.com/ajax/libs/metro/4.1.5/css/metro.min.css","meta":{"rootId":"cz37m8coyrlk2gt","id":"cz37m8coyrlk2gt"},"id":"c4vfsnpjx7l2nly","previousOperationId":"9m7ni4tcn6u2whf"}
{"type":"log","timestamp":1705588665980,"level":"debug","message":"(console:error) Failed to create chart: can't acquire context from the given item","meta":{"userLevel":true,"rootId":"cz37m8coyrlk2gt","id":"cz37m8coyrlk2gt"},"id":"2zwsh7uq1jp4783","previousOperationId":"9m7ni4tcn6u2whf"}
{"type":"log","timestamp":1705588666012,"level":"debug","message":"Running chrome with params {\"printBackground\":true,\"marginTop\":\"4cm\",\"marginRight\":\"1.5cm\",\"marginBottom\":\"1.5cm\",\"marginLeft\":\"1.5cm\",\"waitForJS\":false,\"timeout\":58808,\"margin\":{\"top\":\"4cm\",\"right\":\"1.5cm\",\"bottom\":\"1.5cm\",\"left\":\"1.5cm\"}}","meta":{"rootId":"cz37m8coyrlk2gt","id":"cz37m8coyrlk2gt"},"id":"aubi2448lmcvbs1","previousOperationId":"9m7ni4tcn6u2whf"}
{"type":"operationEnd","operationId":"9m7ni4tcn6u2whf","timestamp":1705588666120,"id":"3y6uyeqzj5mupmb","previousEventId":"f2923vjd1yjrn9t","previousOperationId":"9m7ni4tcn6u2whf"}
{"type":"log","timestamp":1705588666121,"level":"info","message":"pdf-utils is starting pdf processing","meta":{"rootId":"cz37m8coyrlk2gt","id":"cz37m8coyrlk2gt"},"id":"m575k422v8a774f","previousOperationId":"9m7ni4tcn6u2whf"}
{"type":"operationStart","subtype":"pdfUtils","name":"pdf utils","timestamp":1705588666406,"id":"tvjchmsz6p5s73a","previousEventId":"3y6uyeqzj5mupmb","operationId":"zqydjimpnd0vzb6","previousOperationId":"9m7ni4tcn6u2whf"}
{"type":"log","timestamp":1705588666407,"level":"debug","message":"pdf-utils detected 1 pdf operation(s) to process","meta":{"rootId":"cz37m8coyrlk2gt","id":"cz37m8coyrlk2gt"},"id":"qvhz0r99f8c25lf","previousOperationId":"zqydjimpnd0vzb6"}
{"type":"log","timestamp":1705588666722,"level":"debug","message":"pdf-utils running pdf operation merge","meta":{"rootId":"cz37m8coyrlk2gt","id":"cz37m8coyrlk2gt"},"id":"lczz5gqfu7cbnap","previousOperationId":"zqydjimpnd0vzb6"}
{"type":"operationStart","subtype":"pdfUtilsMerge","name":"pdf utils merge","previousOperationId":"zqydjimpnd0vzb6","timestamp":1705588666722,"id":"kz6lt2qcg3wcz6g","previousEventId":"tvjchmsz6p5s73a","operationId":"kwc5lhgdf954r6x"}
{"type":"operationStart","subtype":"render","name":"orders-header","previousOperationId":"kwc5lhgdf954r6x","timestamp":1705588666727,"id":"v55g13f6twhetm7","previousEventId":"kz6lt2qcg3wcz6g","operationId":"wsnfjhvv1bmiddy"}
{"type":"log","timestamp":1705588666727,"level":"info","message":"Starting rendering (child) request","meta":{"rootId":"cz37m8coyrlk2gt","id":"1k83fpb8r2n1s9t"},"id":"u569kh9mveqdtca","previousOperationId":"wsnfjhvv1bmiddy"}
{"type":"log","timestamp":1705588666727,"level":"info","message":"Rendering template { name: orders-header, recipe: chrome-pdf, engine: handlebars, preview: true }","meta":{"rootId":"cz37m8coyrlk2gt","id":"1k83fpb8r2n1s9t"},"id":"587y5xqogewom9m","previousOperationId":"wsnfjhvv1bmiddy"}
{"type":"log","timestamp":1705588666736,"level":"debug","message":"Inline data specified.","meta":{"rootId":"cz37m8coyrlk2gt","id":"1k83fpb8r2n1s9t"},"id":"fncnhg7tjct8cui","previousOperationId":"wsnfjhvv1bmiddy"}
{"type":"log","timestamp":1705588666743,"level":"debug","message":"Base url not specified, skipping its injection.","meta":{"rootId":"cz37m8coyrlk2gt","id":"1k83fpb8r2n1s9t"},"id":"skvimiv1gt82ngw","previousOperationId":"wsnfjhvv1bmiddy"}
{"type":"operationStart","subtype":"engine","name":"handlebars","timestamp":1705588666743,"id":"agaeser6bl66y2p","previousEventId":"v55g13f6twhetm7","operationId":"vdbgiqnvcfxx1if","previousOperationId":"wsnfjhvv1bmiddy"}
{"type":"log","timestamp":1705588666743,"level":"debug","message":"Rendering engine handlebars","meta":{"rootId":"cz37m8coyrlk2gt","id":"1k83fpb8r2n1s9t"},"id":"8oanrzma5s0ulp7","previousOperationId":"vdbgiqnvcfxx1if"}
{"type":"operationEnd","operationId":"vdbgiqnvcfxx1if","timestamp":1705588666794,"id":"hv682dcc5tiuirg","previousEventId":"agaeser6bl66y2p","previousOperationId":"vdbgiqnvcfxx1if"}
{"type":"operationStart","subtype":"recipe","name":"chrome-pdf","timestamp":1705588666795,"id":"r5wvcx3ad6jt25s","previousEventId":"hv682dcc5tiuirg","operationId":"liokpgeihb1ljdg","previousOperationId":"vdbgiqnvcfxx1if"}
{"type":"log","timestamp":1705588666795,"level":"debug","message":"Executing recipe chrome-pdf","meta":{"rootId":"cz37m8coyrlk2gt","id":"1k83fpb8r2n1s9t"},"id":"fyd2jscac52i9ne","previousOperationId":"liokpgeihb1ljdg"}
{"type":"log","timestamp":1705588666799,"level":"debug","message":"Converting with chrome HeadlessChrome/117.0.5938.149 using chrome-pool strategy","meta":{"rootId":"cz37m8coyrlk2gt","id":"1k83fpb8r2n1s9t"},"id":"9kuhkel2qlknsqd","previousOperationId":"liokpgeihb1ljdg"}
{"type":"log","timestamp":1705588666923,"level":"debug","message":"Page request: GET (document) file:///C:/Users/DANIEL~1/AppData/Local/Temp/jsreport/autocleanup/05352020-c4ac-43a8-aa6f-c40736ae7e89-chrome-pdf.html","meta":{"rootId":"cz37m8coyrlk2gt","id":"1k83fpb8r2n1s9t"},"id":"v0s6qxdtz49uz51","previousOperationId":"liokpgeihb1ljdg"}
{"type":"log","timestamp":1705588666952,"level":"debug","message":"Page request finished: GET (document) 200 file:///C:/Users/DANIEL~1/AppData/Local/Temp/jsreport/autocleanup/05352020-c4ac-43a8-aa6f-c40736ae7e89-chrome-pdf.html","meta":{"rootId":"cz37m8coyrlk2gt","id":"1k83fpb8r2n1s9t"},"id":"0mevla5oiyhdee8","previousOperationId":"liokpgeihb1ljdg"}
{"type":"log","timestamp":1705588666952,"level":"debug","message":"Page request: GET (stylesheet) https://cdnjs.cloudflare.com/ajax/libs/metro/4.1.5/css/metro.min.css","meta":{"rootId":"cz37m8coyrlk2gt","id":"1k83fpb8r2n1s9t"},"id":"6rbkmm4ti07l3r2","previousOperationId":"liokpgeihb1ljdg"}
{"type":"log","timestamp":1705588666977,"level":"debug","message":"Page request finished: GET (stylesheet) 200 https://cdnjs.cloudflare.com/ajax/libs/metro/4.1.5/css/metro.min.css","meta":{"rootId":"cz37m8coyrlk2gt","id":"1k83fpb8r2n1s9t"},"id":"sjddif9f6yc6uxr","previousOperationId":"liokpgeihb1ljdg"}
{"type":"log","timestamp":1705588666996,"level":"debug","message":"Running chrome with params {\"printBackground\":true,\"marginTop\":\"1.5cm\",\"marginRight\":\"1.5cm\",\"marginLeft\":\"1.cm\",\"timeout\":57170,\"margin\":{\"top\":\"1.5cm\",\"right\":\"1.5cm\",\"left\":\"1.cm\"}}","meta":{"rootId":"cz37m8coyrlk2gt","id":"1k83fpb8r2n1s9t"},"id":"i4x9k70i2u91l6n","previousOperationId":"liokpgeihb1ljdg"}
{"type":"operationEnd","operationId":"liokpgeihb1ljdg","timestamp":1705588667038,"id":"3jmzgp5p5lyhw2y","previousEventId":"r5wvcx3ad6jt25s","previousOperationId":"liokpgeihb1ljdg"}
{"type":"log","timestamp":1705588667040,"level":"debug","message":"Skipping storing report.","meta":{"rootId":"cz37m8coyrlk2gt","id":"1k83fpb8r2n1s9t"},"id":"nqyey32e8jk2xga","previousOperationId":"liokpgeihb1ljdg"}
{"type":"log","timestamp":1705588667040,"level":"info","message":"Rendering (child) request finished in 3072 ms","meta":{"rootId":"cz37m8coyrlk2gt","id":"1k83fpb8r2n1s9t"},"id":"15h090ijao8tnl7","previousOperationId":"liokpgeihb1ljdg"}
{"type":"operationEnd","subtype":"render","operationId":"wsnfjhvv1bmiddy","timestamp":1705588667041,"id":"soi8w00n8qqaj3a","previousEventId":"3jmzgp5p5lyhw2y","previousOperationId":"liokpgeihb1ljdg"}
{"type":"operationEnd","operationId":"kwc5lhgdf954r6x","timestamp":1705588667076,"id":"2c1rm9zfh1vwkru","previousEventId":"kz6lt2qcg3wcz6g","previousOperationId":"kwc5lhgdf954r6x"}
{"type":"log","timestamp":1705588667076,"level":"debug","message":"pdf-utils postproces start","meta":{"rootId":"cz37m8coyrlk2gt","id":"cz37m8coyrlk2gt"},"id":"odagzt6qhnqm75n","previousOperationId":"kwc5lhgdf954r6x"}
{"type":"log","timestamp":1705588667110,"level":"debug","message":"pdf-utils postproces end","meta":{"rootId":"cz37m8coyrlk2gt","id":"cz37m8coyrlk2gt"},"id":"yw8kw2azs657dmm","previousOperationId":"kwc5lhgdf954r6x"}
{"type":"operationEnd","operationId":"zqydjimpnd0vzb6","timestamp":1705588667110,"id":"qdhgk3a5kzp2g0b","previousEventId":"2c1rm9zfh1vwkru","previousOperationId":"kwc5lhgdf954r6x"}
{"type":"log","timestamp":1705588667110,"level":"info","message":"pdf-utils pdf processing was finished","meta":{"rootId":"cz37m8coyrlk2gt","id":"cz37m8coyrlk2gt"},"id":"e1n15uyujza4rnu","previousOperationId":"zqydjimpnd0vzb6"}
{"type":"log","timestamp":1705588667110,"level":"debug","message":"Skipping storing report.","meta":{"rootId":"cz37m8coyrlk2gt","id":"cz37m8coyrlk2gt"},"id":"81m6bpgmm6q4k42","previousOperationId":"zqydjimpnd0vzb6"}
{"type":"log","timestamp":1705588667110,"level":"info","message":"Rendering request 6 finished in 3142 ms","meta":{"rootId":"cz37m8coyrlk2gt","id":"cz37m8coyrlk2gt"},"id":"wsn28k4kjwlh6oc","previousOperationId":"zqydjimpnd0vzb6"}
{"type":"operationEnd","subtype":"render","operationId":"m4scqbzoy99jb5q","timestamp":1705588667110,"id":"2bgrp4f8vx0eidf","previousEventId":"qdhgk3a5kzp2g0b","previousOperationId":"zqydjimpnd0vzb6"}
{"type":"operationEnd","doDiffs":false,"previousEventId":"oq4alafbgzbszui","previousOperationId":"3tluys6h8i8eg5z","operationId":"3tluys6h8i8eg5z","timestamp":1705588667135,"id":"1z8bguvgdipy1xb"}
