{"type":"operationStart","subtype":"profile","data":{"_id":"JReFUUYPmmdp4kwk","timestamp":"2024-01-18T15:03:02.123Z","state":"queued","mode":"standard","creationDate":"2024-01-18T15:03:02.127Z","modificationDate":"2024-01-18T15:03:02.127Z","shortid":"VEq4_ex","$entitySet":"profiles"},"doDiffs":false,"timestamp":1705590182125,"id":"2ch95y9zjk4a8bt","previousOperationId":null,"operationId":"z1fc9wicmdj2gtk"}
{"type":"log","level":"info","message":"Render request 22 queued for execution and waiting for available worker","previousOperationId":"z1fc9wicmdj2gtk","timestamp":1705590182125,"id":"yrisnf2e6bwvsso"}
{"type":"operationStart","subtype":"render","name":"orders-main","previousOperationId":"z1fc9wicmdj2gtk","timestamp":1705590182141,"id":"loigr4vy7z1zvu3","previousEventId":"2ch95y9zjk4a8bt","operationId":"q2fez7wujm4ic84"}
{"type":"log","timestamp":1705590182141,"level":"info","message":"Starting rendering request 22","meta":{"rootId":"d0otc1vw980u0y0","id":"d0otc1vw980u0y0"},"id":"aw5jqxm6j3e8ezj","previousOperationId":"q2fez7wujm4ic84"}
{"type":"log","timestamp":1705590182141,"level":"info","message":"Rendering template { name: orders-main, recipe: chrome-pdf, engine: handlebars, preview: true }","meta":{"rootId":"d0otc1vw980u0y0","id":"d0otc1vw980u0y0"},"id":"uy3n6433bi1dmdw","previousOperationId":"q2fez7wujm4ic84"}
{"type":"log","timestamp":1705590182143,"level":"debug","message":"Data item not defined for this template.","meta":{"rootId":"d0otc1vw980u0y0","id":"d0otc1vw980u0y0"},"id":"4gzk0452qufo4sk","previousOperationId":"q2fez7wujm4ic84"}
{"type":"log","timestamp":1705590182147,"level":"debug","message":"Executing script orders-script (beforeRender)","meta":{"rootId":"d0otc1vw980u0y0","id":"d0otc1vw980u0y0"},"id":"jdazv31s4z6lrqu","previousOperationId":"q2fez7wujm4ic84"}
{"type":"operationStart","subtype":"scriptsBeforeRender","name":"scripts beforeRender","timestamp":1705590182193,"id":"8bbm7fhzmlmifrv","previousEventId":"loigr4vy7z1zvu3","operationId":"yd4wrkcg2kyh81h","previousOperationId":"q2fez7wujm4ic84"}
{"type":"operationStart","subtype":"script","name":"scripts orders-script","previousOperationId":"yd4wrkcg2kyh81h","timestamp":1705590182193,"id":"1f6dribtm5el8lf","previousEventId":"8bbm7fhzmlmifrv","operationId":"tohddlpsvb8wjbj"}
{"type":"operationEnd","operationId":"tohddlpsvb8wjbj","timestamp":1705590182215,"id":"b7mdtz3rtnedl8l","previousEventId":"loigr4vy7z1zvu3","previousOperationId":"q2fez7wujm4ic84"}
{"type":"operationEnd","operationId":"yd4wrkcg2kyh81h","timestamp":1705590182215,"id":"5bfy9gl8r1zhwx0","previousEventId":"b7mdtz3rtnedl8l","previousOperationId":"q2fez7wujm4ic84"}
{"type":"log","timestamp":1705590182215,"level":"debug","message":"Base url not specified, skipping its injection.","meta":{"rootId":"d0otc1vw980u0y0","id":"d0otc1vw980u0y0"},"id":"zjgvriujcl0j5v9","previousOperationId":"yd4wrkcg2kyh81h"}
{"type":"operationStart","subtype":"engine","name":"handlebars","timestamp":1705590182216,"id":"16pvknbeqwku15d","previousEventId":"5bfy9gl8r1zhwx0","operationId":"96n36viqaiw6u8a","previousOperationId":"yd4wrkcg2kyh81h"}
{"type":"log","timestamp":1705590182216,"level":"debug","message":"Rendering engine handlebars","meta":{"rootId":"d0otc1vw980u0y0","id":"d0otc1vw980u0y0"},"id":"wkk8ezf5prd0s2y","previousOperationId":"96n36viqaiw6u8a"}
{"type":"operationEnd","operationId":"96n36viqaiw6u8a","timestamp":1705590182243,"id":"pjs9obnk9tp68z3","previousEventId":"16pvknbeqwku15d","previousOperationId":"96n36viqaiw6u8a"}
{"type":"operationStart","subtype":"recipe","name":"chrome-pdf","timestamp":1705590182243,"id":"10p5vmj54ho3mz7","previousEventId":"pjs9obnk9tp68z3","operationId":"5gh3q333xxi9u2v","previousOperationId":"96n36viqaiw6u8a"}
{"type":"log","timestamp":1705590182243,"level":"debug","message":"Executing recipe chrome-pdf","meta":{"rootId":"d0otc1vw980u0y0","id":"d0otc1vw980u0y0"},"id":"7rdsgh12vnglus7","previousOperationId":"5gh3q333xxi9u2v"}
{"type":"log","timestamp":1705590182247,"level":"debug","message":"Converting with chrome HeadlessChrome/117.0.5938.149 using chrome-pool strategy","meta":{"rootId":"d0otc1vw980u0y0","id":"d0otc1vw980u0y0"},"id":"f2nvd13sqpl189v","previousOperationId":"5gh3q333xxi9u2v"}
{"type":"log","timestamp":1705590182371,"level":"debug","message":"Page request: GET (document) file:///C:/Users/DANIEL~1/AppData/Local/Temp/jsreport/autocleanup/637b4b54-53e3-4413-ba77-a0a188bd2bae-chrome-pdf.html","meta":{"rootId":"d0otc1vw980u0y0","id":"d0otc1vw980u0y0"},"id":"2v1e2mornjlbwu7","previousOperationId":"5gh3q333xxi9u2v"}
{"type":"log","timestamp":1705590182404,"level":"debug","message":"Page request: GET (stylesheet) https://cdnjs.cloudflare.com/ajax/libs/metro/4.1.5/css/metro.min.css","meta":{"rootId":"d0otc1vw980u0y0","id":"d0otc1vw980u0y0"},"id":"9ijr26wq64cw9va","previousOperationId":"5gh3q333xxi9u2v"}
{"type":"log","timestamp":1705590182405,"level":"debug","message":"Page request: GET (script) https://cdnjs.cloudflare.com/ajax/libs/Chart.js/2.9.4/Chart.js","meta":{"rootId":"d0otc1vw980u0y0","id":"d0otc1vw980u0y0"},"id":"hsq7it12xal1x76","previousOperationId":"5gh3q333xxi9u2v"}
{"type":"log","timestamp":1705590182405,"level":"debug","message":"Page request finished: GET (document) 200 file:///C:/Users/DANIEL~1/AppData/Local/Temp/jsreport/autocleanup/637b4b54-53e3-4413-ba77-a0a188bd2bae-chrome-pdf.html","meta":{"rootId":"d0otc1vw980u0y0","id":"d0otc1vw980u0y0"},"id":"o2y3vp123buobzm","previousOperationId":"5gh3q333xxi9u2v"}
{"type":"log","timestamp":1705590182419,"level":"debug","message":"Page request finished: GET (script) 200 https://cdnjs.cloudflare.com/ajax/libs/Chart.js/2.9.4/Chart.js","meta":{"rootId":"d0otc1vw980u0y0","id":"d0otc1vw980u0y0"},"id":"jf397ncy3wzcek2","previousOperationId":"5gh3q333xxi9u2v"}
{"type":"log","timestamp":1705590182439,"level":"debug","message":"Page request finished: GET (stylesheet) 200 https://cdnjs.cloudflare.com/ajax/libs/metro/4.1.5/css/metro.min.css","meta":{"rootId":"d0otc1vw980u0y0","id":"d0otc1vw980u0y0"},"id":"8jm0rtmkp1v43o3","previousOperationId":"5gh3q333xxi9u2v"}
{"type":"log","timestamp":1705590182446,"level":"warn","message":"Page error: Unexpected token ';' , stack: SyntaxError: Unexpected token ';'","meta":{"rootId":"d0otc1vw980u0y0","id":"d0otc1vw980u0y0"},"id":"piyh1slnv66pmw4","previousOperationId":"5gh3q333xxi9u2v"}
{"type":"log","timestamp":1705590182454,"level":"debug","message":"Running chrome with params {\"printBackground\":true,\"marginTop\":\"4cm\",\"marginRight\":\"1.5cm\",\"marginBottom\":\"1.5cm\",\"marginLeft\":\"1.5cm\",\"waitForJS\":false,\"timeout\":59877,\"margin\":{\"top\":\"4cm\",\"right\":\"1.5cm\",\"bottom\":\"1.5cm\",\"left\":\"1.5cm\"}}","meta":{"rootId":"d0otc1vw980u0y0","id":"d0otc1vw980u0y0"},"id":"df27wda4b7rf3d0","previousOperationId":"5gh3q333xxi9u2v"}
{"type":"operationEnd","operationId":"5gh3q333xxi9u2v","timestamp":1705590182486,"id":"9vlj8182b2trk1p","previousEventId":"10p5vmj54ho3mz7","previousOperationId":"5gh3q333xxi9u2v"}
{"type":"log","timestamp":1705590182486,"level":"info","message":"pdf-utils is starting pdf processing","meta":{"rootId":"d0otc1vw980u0y0","id":"d0otc1vw980u0y0"},"id":"5hyyiaowj9wwrai","previousOperationId":"5gh3q333xxi9u2v"}
{"type":"operationStart","subtype":"pdfUtils","name":"pdf utils","timestamp":1705590182486,"id":"rwtw6067nxikt94","previousEventId":"9vlj8182b2trk1p","operationId":"d7cdx1daamwfswl","previousOperationId":"5gh3q333xxi9u2v"}
{"type":"log","timestamp":1705590182487,"level":"debug","message":"pdf-utils detected 1 pdf operation(s) to process","meta":{"rootId":"d0otc1vw980u0y0","id":"d0otc1vw980u0y0"},"id":"moiyh258c2kkhjo","previousOperationId":"d7cdx1daamwfswl"}
{"type":"log","timestamp":1705590182493,"level":"debug","message":"pdf-utils running pdf operation merge","meta":{"rootId":"d0otc1vw980u0y0","id":"d0otc1vw980u0y0"},"id":"9pmbt8a8dsw42xb","previousOperationId":"d7cdx1daamwfswl"}
{"type":"operationStart","subtype":"pdfUtilsMerge","name":"pdf utils merge","previousOperationId":"d7cdx1daamwfswl","timestamp":1705590182493,"id":"07wpbala4g7fagv","previousEventId":"rwtw6067nxikt94","operationId":"jsd2hglfsr6kvap"}
{"type":"operationStart","subtype":"render","name":"orders-header","previousOperationId":"jsd2hglfsr6kvap","timestamp":1705590182495,"id":"grdzxr85f4ypxy8","previousEventId":"07wpbala4g7fagv","operationId":"1nsnfcc39aue7zf"}
{"type":"log","timestamp":1705590182495,"level":"info","message":"Starting rendering (child) request","meta":{"rootId":"d0otc1vw980u0y0","id":"gfl154q6xklivr5"},"id":"dk6bmgtl5z8c1mh","previousOperationId":"1nsnfcc39aue7zf"}
{"type":"log","timestamp":1705590182495,"level":"info","message":"Rendering template { name: orders-header, recipe: chrome-pdf, engine: handlebars, preview: true }","meta":{"rootId":"d0otc1vw980u0y0","id":"gfl154q6xklivr5"},"id":"saigae76pt6brjv","previousOperationId":"1nsnfcc39aue7zf"}
{"type":"log","timestamp":1705590182498,"level":"debug","message":"Inline data specified.","meta":{"rootId":"d0otc1vw980u0y0","id":"gfl154q6xklivr5"},"id":"k20a6hvvtmefbtl","previousOperationId":"1nsnfcc39aue7zf"}
{"type":"log","timestamp":1705590182501,"level":"debug","message":"Base url not specified, skipping its injection.","meta":{"rootId":"d0otc1vw980u0y0","id":"gfl154q6xklivr5"},"id":"1y4xigz3xkrv3yd","previousOperationId":"1nsnfcc39aue7zf"}
{"type":"operationStart","subtype":"engine","name":"handlebars","timestamp":1705590182501,"id":"te7n4hvdz4ti5g9","previousEventId":"grdzxr85f4ypxy8","operationId":"nufpzbed2wxbt83","previousOperationId":"1nsnfcc39aue7zf"}
{"type":"log","timestamp":1705590182501,"level":"debug","message":"Rendering engine handlebars","meta":{"rootId":"d0otc1vw980u0y0","id":"gfl154q6xklivr5"},"id":"slww4l9dua9snvz","previousOperationId":"nufpzbed2wxbt83"}
{"type":"operationEnd","operationId":"nufpzbed2wxbt83","timestamp":1705590182534,"id":"suj6bv29zd317fq","previousEventId":"te7n4hvdz4ti5g9","previousOperationId":"nufpzbed2wxbt83"}
{"type":"operationStart","subtype":"recipe","name":"chrome-pdf","timestamp":1705590182534,"id":"9dnihhz1enth7qf","previousEventId":"suj6bv29zd317fq","operationId":"lrykaw1lxsruvbr","previousOperationId":"nufpzbed2wxbt83"}
{"type":"log","timestamp":1705590182534,"level":"debug","message":"Executing recipe chrome-pdf","meta":{"rootId":"d0otc1vw980u0y0","id":"gfl154q6xklivr5"},"id":"y391rvfbbhmaect","previousOperationId":"lrykaw1lxsruvbr"}
{"type":"log","timestamp":1705590182537,"level":"debug","message":"Converting with chrome HeadlessChrome/117.0.5938.149 using chrome-pool strategy","meta":{"rootId":"d0otc1vw980u0y0","id":"gfl154q6xklivr5"},"id":"nq2lm3fj8vwaa9j","previousOperationId":"lrykaw1lxsruvbr"}
{"type":"log","timestamp":1705590182653,"level":"debug","message":"Page request: GET (document) file:///C:/Users/DANIEL~1/AppData/Local/Temp/jsreport/autocleanup/b0cc55ec-01b5-4e1a-b5cf-e32a9d9bb00d-chrome-pdf.html","meta":{"rootId":"d0otc1vw980u0y0","id":"gfl154q6xklivr5"},"id":"u80hyh3lxd7wpwq","previousOperationId":"lrykaw1lxsruvbr"}
{"type":"log","timestamp":1705590182686,"level":"debug","message":"Page request: GET (stylesheet) https://cdnjs.cloudflare.com/ajax/libs/metro/4.1.5/css/metro.min.css","meta":{"rootId":"d0otc1vw980u0y0","id":"gfl154q6xklivr5"},"id":"3dgme1o9dgpxlya","previousOperationId":"lrykaw1lxsruvbr"}
{"type":"log","timestamp":1705590182686,"level":"debug","message":"Page request finished: GET (document) 200 file:///C:/Users/DANIEL~1/AppData/Local/Temp/jsreport/autocleanup/b0cc55ec-01b5-4e1a-b5cf-e32a9d9bb00d-chrome-pdf.html","meta":{"rootId":"d0otc1vw980u0y0","id":"gfl154q6xklivr5"},"id":"e5krs99yxwxkicg","previousOperationId":"lrykaw1lxsruvbr"}
{"type":"log","timestamp":1705590182711,"level":"debug","message":"Page request finished: GET (stylesheet) 200 https://cdnjs.cloudflare.com/ajax/libs/metro/4.1.5/css/metro.min.css","meta":{"rootId":"d0otc1vw980u0y0","id":"gfl154q6xklivr5"},"id":"6qiqccpczvar38y","previousOperationId":"lrykaw1lxsruvbr"}
{"type":"log","timestamp":1705590182731,"level":"debug","message":"Running chrome with params {\"printBackground\":true,\"marginTop\":\"1.5cm\",\"marginRight\":\"1.5cm\",\"marginLeft\":\"1.cm\",\"timeout\":59587,\"margin\":{\"top\":\"1.5cm\",\"right\":\"1.5cm\",\"left\":\"1.cm\"}}","meta":{"rootId":"d0otc1vw980u0y0","id":"gfl154q6xklivr5"},"id":"b0eqf416upgssii","previousOperationId":"lrykaw1lxsruvbr"}
{"type":"operationEnd","operationId":"lrykaw1lxsruvbr","timestamp":1705590182783,"id":"4itjzxco1raf7r7","previousEventId":"9dnihhz1enth7qf","previousOperationId":"lrykaw1lxsruvbr"}
{"type":"log","timestamp":1705590182783,"level":"debug","message":"Skipping storing report.","meta":{"rootId":"d0otc1vw980u0y0","id":"gfl154q6xklivr5"},"id":"8ai4u2girz45ofq","previousOperationId":"lrykaw1lxsruvbr"}
{"type":"log","timestamp":1705590182784,"level":"info","message":"Rendering (child) request finished in 660 ms","meta":{"rootId":"d0otc1vw980u0y0","id":"gfl154q6xklivr5"},"id":"y09m7wrw3z62e0x","previousOperationId":"lrykaw1lxsruvbr"}
{"type":"operationEnd","subtype":"render","operationId":"1nsnfcc39aue7zf","timestamp":1705590182784,"id":"rbm6ekam7f6hm0q","previousEventId":"4itjzxco1raf7r7","previousOperationId":"lrykaw1lxsruvbr"}
{"type":"operationEnd","operationId":"jsd2hglfsr6kvap","timestamp":1705590182791,"id":"gp66pt8kabjqm3r","previousEventId":"07wpbala4g7fagv","previousOperationId":"jsd2hglfsr6kvap"}
{"type":"log","timestamp":1705590182791,"level":"debug","message":"pdf-utils postproces start","meta":{"rootId":"d0otc1vw980u0y0","id":"d0otc1vw980u0y0"},"id":"83ub5sqpfuqrw2p","previousOperationId":"jsd2hglfsr6kvap"}
{"type":"log","timestamp":1705590182797,"level":"debug","message":"pdf-utils postproces end","meta":{"rootId":"d0otc1vw980u0y0","id":"d0otc1vw980u0y0"},"id":"59sv9zex7fsd1ft","previousOperationId":"jsd2hglfsr6kvap"}
{"type":"operationEnd","operationId":"d7cdx1daamwfswl","timestamp":1705590182798,"id":"g83viyhk82d689r","previousEventId":"gp66pt8kabjqm3r","previousOperationId":"jsd2hglfsr6kvap"}
{"type":"log","timestamp":1705590182798,"level":"info","message":"pdf-utils pdf processing was finished","meta":{"rootId":"d0otc1vw980u0y0","id":"d0otc1vw980u0y0"},"id":"mba5tbkdo074alc","previousOperationId":"d7cdx1daamwfswl"}
{"type":"log","timestamp":1705590182798,"level":"debug","message":"Skipping storing report.","meta":{"rootId":"d0otc1vw980u0y0","id":"d0otc1vw980u0y0"},"id":"h5kj3j5h7s6ev7b","previousOperationId":"d7cdx1daamwfswl"}
{"type":"log","timestamp":1705590182798,"level":"info","message":"Rendering request 22 finished in 675 ms","meta":{"rootId":"d0otc1vw980u0y0","id":"d0otc1vw980u0y0"},"id":"6e27kgt149hzpww","previousOperationId":"d7cdx1daamwfswl"}
{"type":"operationEnd","subtype":"render","operationId":"q2fez7wujm4ic84","timestamp":1705590182798,"id":"cootsf3m28gwkg4","previousEventId":"g83viyhk82d689r","previousOperationId":"d7cdx1daamwfswl"}
{"type":"operationEnd","doDiffs":false,"previousEventId":"2ch95y9zjk4a8bt","previousOperationId":"z1fc9wicmdj2gtk","operationId":"z1fc9wicmdj2gtk","timestamp":1705590182812,"id":"ow3pgnw9shmeerl"}
