{"type":"operationStart","subtype":"profile","data":{"_id":"1b5hbqI5qqc3nSSo","timestamp":"2024-01-17T16:29:14.117Z","state":"queued","mode":"standard","creationDate":"2024-01-17T16:29:14.119Z","modificationDate":"2024-01-17T16:29:14.119Z","shortid":"X3Sja-b","$entitySet":"profiles"},"doDiffs":false,"timestamp":1705508954118,"id":"6qdt6vk8clck7c0","previousOperationId":null,"operationId":"ymfmukrp1t7qqxe"}
{"type":"log","level":"info","message":"Render request 40 queued for execution and waiting for available worker","previousOperationId":"ymfmukrp1t7qqxe","timestamp":1705508954118,"id":"57l114lx1o8jnra"}
{"type":"operationStart","subtype":"render","name":"orders-main","previousOperationId":"ymfmukrp1t7qqxe","timestamp":1705508954123,"id":"vwsmpgkkyg1zkht","previousEventId":"6qdt6vk8clck7c0","operationId":"s64lgb6dj2oa101"}
{"type":"log","timestamp":1705508954123,"level":"info","message":"Starting rendering request 40","meta":{"rootId":"d0vnhjan87ppfyt","id":"d0vnhjan87ppfyt"},"id":"kp4w0kux3f2ewmj","previousOperationId":"s64lgb6dj2oa101"}
{"type":"log","timestamp":1705508954123,"level":"info","message":"Rendering template { name: orders-main, recipe: chrome-pdf, engine: handlebars, preview: true }","meta":{"rootId":"d0vnhjan87ppfyt","id":"d0vnhjan87ppfyt"},"id":"1bwsj5mgopxjzot","previousOperationId":"s64lgb6dj2oa101"}
{"type":"log","timestamp":1705508954124,"level":"debug","message":"Data item not defined for this template.","meta":{"rootId":"d0vnhjan87ppfyt","id":"d0vnhjan87ppfyt"},"id":"bzveabheey0slio","previousOperationId":"s64lgb6dj2oa101"}
{"type":"log","timestamp":1705508954125,"level":"debug","message":"Executing script orders-script (beforeRender)","meta":{"rootId":"d0vnhjan87ppfyt","id":"d0vnhjan87ppfyt"},"id":"ytp6e3h75s7yepq","previousOperationId":"s64lgb6dj2oa101"}
{"type":"operationStart","subtype":"scriptsBeforeRender","name":"scripts beforeRender","timestamp":1705508954141,"id":"7jrq89ehpbdkpxo","previousEventId":"vwsmpgkkyg1zkht","operationId":"bnizk82bobav2g5","previousOperationId":"s64lgb6dj2oa101"}
{"type":"operationStart","subtype":"script","name":"scripts orders-script","previousOperationId":"bnizk82bobav2g5","timestamp":1705508954141,"id":"ej2slyhpvo4zmnn","previousEventId":"7jrq89ehpbdkpxo","operationId":"8sab20onubez1jn"}
{"type":"operationEnd","operationId":"8sab20onubez1jn","timestamp":1705508954151,"id":"gz3m5dl7u3bfmeu","previousEventId":"vwsmpgkkyg1zkht","previousOperationId":"s64lgb6dj2oa101"}
{"type":"operationEnd","operationId":"bnizk82bobav2g5","timestamp":1705508954151,"id":"3uu0qutbeelemqp","previousEventId":"gz3m5dl7u3bfmeu","previousOperationId":"s64lgb6dj2oa101"}
{"type":"log","timestamp":1705508954151,"level":"debug","message":"Base url not specified, skipping its injection.","meta":{"rootId":"d0vnhjan87ppfyt","id":"d0vnhjan87ppfyt"},"id":"mf41da08fl5cels","previousOperationId":"bnizk82bobav2g5"}
{"type":"operationStart","subtype":"engine","name":"handlebars","timestamp":1705508954151,"id":"npqgvoadqofz2ym","previousEventId":"3uu0qutbeelemqp","operationId":"2gjqhdphhs21cvc","previousOperationId":"bnizk82bobav2g5"}
{"type":"log","timestamp":1705508954151,"level":"debug","message":"Rendering engine handlebars","meta":{"rootId":"d0vnhjan87ppfyt","id":"d0vnhjan87ppfyt"},"id":"2xgbrrg14irsidc","previousOperationId":"2gjqhdphhs21cvc"}
{"type":"log","timestamp":1705508954161,"level":"debug","message":"(console:log) Pdf utils adding group field, value: \"Race1\"","meta":{"userLevel":true,"rootId":"d0vnhjan87ppfyt","id":"d0vnhjan87ppfyt"},"id":"66ptbayswb7h6a4","previousOperationId":"2gjqhdphhs21cvc"}
{"type":"log","timestamp":1705508954161,"level":"debug","message":"(console:log) Pdf utils adding group field, value: \"Race2\"","meta":{"userLevel":true,"rootId":"d0vnhjan87ppfyt","id":"d0vnhjan87ppfyt"},"id":"5ko7z86t545t0by","previousOperationId":"2gjqhdphhs21cvc"}
{"type":"operationEnd","operationId":"2gjqhdphhs21cvc","timestamp":1705508954161,"id":"q1alxmrjntdbu7q","previousEventId":"npqgvoadqofz2ym","previousOperationId":"2gjqhdphhs21cvc"}
{"type":"operationStart","subtype":"recipe","name":"chrome-pdf","timestamp":1705508954161,"id":"hztokozgnwqm56f","previousEventId":"q1alxmrjntdbu7q","operationId":"m21rjpvwpgcgz1v","previousOperationId":"2gjqhdphhs21cvc"}
{"type":"log","timestamp":1705508954161,"level":"debug","message":"Executing recipe chrome-pdf","meta":{"rootId":"d0vnhjan87ppfyt","id":"d0vnhjan87ppfyt"},"id":"zgviaa78n610bh0","previousOperationId":"m21rjpvwpgcgz1v"}
{"type":"log","timestamp":1705508954163,"level":"debug","message":"Converting with chrome HeadlessChrome/117.0.5938.149 using chrome-pool strategy","meta":{"rootId":"d0vnhjan87ppfyt","id":"d0vnhjan87ppfyt"},"id":"4xvbasyg2tdy5g4","previousOperationId":"m21rjpvwpgcgz1v"}
{"type":"log","timestamp":1705508954243,"level":"debug","message":"Page request: GET (document) file:///C:/Users/DANIEL~1/AppData/Local/Temp/jsreport/autocleanup/abcfc5c2-769d-4da4-b87a-ed25ec21ece9-chrome-pdf.html","meta":{"rootId":"d0vnhjan87ppfyt","id":"d0vnhjan87ppfyt"},"id":"s7qvg7lcj52gcei","previousOperationId":"m21rjpvwpgcgz1v"}
{"type":"log","timestamp":1705508954257,"level":"debug","message":"Page request: GET (stylesheet) https://cdnjs.cloudflare.com/ajax/libs/metro/4.1.5/css/metro.min.css","meta":{"rootId":"d0vnhjan87ppfyt","id":"d0vnhjan87ppfyt"},"id":"07qx5673nsu9df8","previousOperationId":"m21rjpvwpgcgz1v"}
{"type":"log","timestamp":1705508954258,"level":"debug","message":"Page request: GET (script) https://cdnjs.cloudflare.com/ajax/libs/Chart.js/2.7.2/Chart.min.js","meta":{"rootId":"d0vnhjan87ppfyt","id":"d0vnhjan87ppfyt"},"id":"rv8ejovkmswuli7","previousOperationId":"m21rjpvwpgcgz1v"}
{"type":"log","timestamp":1705508954258,"level":"debug","message":"Page request finished: GET (document) 200 file:///C:/Users/DANIEL~1/AppData/Local/Temp/jsreport/autocleanup/abcfc5c2-769d-4da4-b87a-ed25ec21ece9-chrome-pdf.html","meta":{"rootId":"d0vnhjan87ppfyt","id":"d0vnhjan87ppfyt"},"id":"jm3on5dch6v2en2","previousOperationId":"m21rjpvwpgcgz1v"}
{"type":"log","timestamp":1705508954261,"level":"debug","message":"Page request finished: GET (script) 200 https://cdnjs.cloudflare.com/ajax/libs/Chart.js/2.7.2/Chart.min.js","meta":{"rootId":"d0vnhjan87ppfyt","id":"d0vnhjan87ppfyt"},"id":"onswc0ztinyy9j3","previousOperationId":"m21rjpvwpgcgz1v"}
{"type":"log","timestamp":1705508954270,"level":"debug","message":"Page request finished: GET (stylesheet) 200 https://cdnjs.cloudflare.com/ajax/libs/metro/4.1.5/css/metro.min.css","meta":{"rootId":"d0vnhjan87ppfyt","id":"d0vnhjan87ppfyt"},"id":"htnyavd2pg8w2cp","previousOperationId":"m21rjpvwpgcgz1v"}
{"type":"log","timestamp":1705508954293,"level":"debug","message":"Running chrome with params {\"printBackground\":true,\"marginTop\":\"4cm\",\"marginRight\":\"1.5cm\",\"marginBottom\":\"1.5cm\",\"marginLeft\":\"1.5cm\",\"waitForJS\":false,\"timeout\":59955,\"margin\":{\"top\":\"4cm\",\"right\":\"1.5cm\",\"bottom\":\"1.5cm\",\"left\":\"1.5cm\"}}","meta":{"rootId":"d0vnhjan87ppfyt","id":"d0vnhjan87ppfyt"},"id":"2kgxovmb4v4v29u","previousOperationId":"m21rjpvwpgcgz1v"}
{"type":"operationEnd","operationId":"m21rjpvwpgcgz1v","timestamp":1705508954347,"id":"dhmcl3z34qh9oq2","previousEventId":"hztokozgnwqm56f","previousOperationId":"m21rjpvwpgcgz1v"}
{"type":"log","timestamp":1705508954347,"level":"info","message":"pdf-utils is starting pdf processing","meta":{"rootId":"d0vnhjan87ppfyt","id":"d0vnhjan87ppfyt"},"id":"amtwm7hbrhikrdm","previousOperationId":"m21rjpvwpgcgz1v"}
{"type":"operationStart","subtype":"pdfUtils","name":"pdf utils","timestamp":1705508954347,"id":"luu3u5hnlqojbl6","previousEventId":"dhmcl3z34qh9oq2","operationId":"wj7askj12ld9hq5","previousOperationId":"m21rjpvwpgcgz1v"}
{"type":"log","timestamp":1705508954347,"level":"debug","message":"pdf-utils detected 1 pdf operation(s) to process","meta":{"rootId":"d0vnhjan87ppfyt","id":"d0vnhjan87ppfyt"},"id":"g6tiq01bkfrqz58","previousOperationId":"wj7askj12ld9hq5"}
{"type":"log","timestamp":1705508954358,"level":"debug","message":"pdf-utils running pdf operation merge","meta":{"rootId":"d0vnhjan87ppfyt","id":"d0vnhjan87ppfyt"},"id":"2vqznqmgzixizxe","previousOperationId":"wj7askj12ld9hq5"}
{"type":"operationStart","subtype":"pdfUtilsMerge","name":"pdf utils merge","previousOperationId":"wj7askj12ld9hq5","timestamp":1705508954358,"id":"1g3g801jkm0d4zd","previousEventId":"luu3u5hnlqojbl6","operationId":"bw1owbboxpupoe5"}
{"type":"operationStart","subtype":"render","name":"orders-header","previousOperationId":"bw1owbboxpupoe5","timestamp":1705508954359,"id":"2la33l0mbq4x28u","previousEventId":"1g3g801jkm0d4zd","operationId":"bpglrminske0y2i"}
{"type":"log","timestamp":1705508954359,"level":"info","message":"Starting rendering (child) request","meta":{"rootId":"d0vnhjan87ppfyt","id":"0yfpspe3cje4ox8"},"id":"wllcieyauxg5wtz","previousOperationId":"bpglrminske0y2i"}
{"type":"log","timestamp":1705508954359,"level":"info","message":"Rendering template { name: orders-header, recipe: chrome-pdf, engine: handlebars, preview: true }","meta":{"rootId":"d0vnhjan87ppfyt","id":"0yfpspe3cje4ox8"},"id":"h51xf4y0h34u57f","previousOperationId":"bpglrminske0y2i"}
{"type":"log","timestamp":1705508954360,"level":"debug","message":"Inline data specified.","meta":{"rootId":"d0vnhjan87ppfyt","id":"0yfpspe3cje4ox8"},"id":"hanfgpqj5rcbkuk","previousOperationId":"bpglrminske0y2i"}
{"type":"log","timestamp":1705508954361,"level":"debug","message":"Base url not specified, skipping its injection.","meta":{"rootId":"d0vnhjan87ppfyt","id":"0yfpspe3cje4ox8"},"id":"xbma9xqcrrlmnrx","previousOperationId":"bpglrminske0y2i"}
{"type":"operationStart","subtype":"engine","name":"handlebars","timestamp":1705508954361,"id":"wbxe5b30l310cgf","previousEventId":"2la33l0mbq4x28u","operationId":"sr9c0czmdbc5grs","previousOperationId":"bpglrminske0y2i"}
{"type":"log","timestamp":1705508954361,"level":"debug","message":"Rendering engine handlebars","meta":{"rootId":"d0vnhjan87ppfyt","id":"0yfpspe3cje4ox8"},"id":"csojdgg5q3pdq1j","previousOperationId":"sr9c0czmdbc5grs"}
{"type":"operationEnd","operationId":"sr9c0czmdbc5grs","timestamp":1705508954376,"id":"8uewo60witjc5io","previousEventId":"wbxe5b30l310cgf","previousOperationId":"sr9c0czmdbc5grs"}
{"type":"operationStart","subtype":"recipe","name":"chrome-pdf","timestamp":1705508954376,"id":"j2ponduoyo86aak","previousEventId":"8uewo60witjc5io","operationId":"dsdlmobwhs7kf9c","previousOperationId":"sr9c0czmdbc5grs"}
{"type":"log","timestamp":1705508954376,"level":"debug","message":"Executing recipe chrome-pdf","meta":{"rootId":"d0vnhjan87ppfyt","id":"0yfpspe3cje4ox8"},"id":"fbk7ladvnoyjyfw","previousOperationId":"dsdlmobwhs7kf9c"}
{"type":"log","timestamp":1705508954378,"level":"debug","message":"Converting with chrome HeadlessChrome/117.0.5938.149 using chrome-pool strategy","meta":{"rootId":"d0vnhjan87ppfyt","id":"0yfpspe3cje4ox8"},"id":"wbxtbi7ur0c1pkw","previousOperationId":"dsdlmobwhs7kf9c"}
{"type":"log","timestamp":1705508954444,"level":"debug","message":"Page request: GET (document) file:///C:/Users/DANIEL~1/AppData/Local/Temp/jsreport/autocleanup/06075aed-cc53-4283-9a39-60c7029882d4-chrome-pdf.html","meta":{"rootId":"d0vnhjan87ppfyt","id":"0yfpspe3cje4ox8"},"id":"5nkbhptcqfpsn8b","previousOperationId":"dsdlmobwhs7kf9c"}
{"type":"log","timestamp":1705508954451,"level":"debug","message":"Page request: GET (stylesheet) https://cdnjs.cloudflare.com/ajax/libs/metro/4.1.5/css/metro.min.css","meta":{"rootId":"d0vnhjan87ppfyt","id":"0yfpspe3cje4ox8"},"id":"6bpiqxs9rxgz00r","previousOperationId":"dsdlmobwhs7kf9c"}
{"type":"log","timestamp":1705508954451,"level":"debug","message":"Page request finished: GET (document) 200 file:///C:/Users/DANIEL~1/AppData/Local/Temp/jsreport/autocleanup/06075aed-cc53-4283-9a39-60c7029882d4-chrome-pdf.html","meta":{"rootId":"d0vnhjan87ppfyt","id":"0yfpspe3cje4ox8"},"id":"o3tysglf10gpwas","previousOperationId":"dsdlmobwhs7kf9c"}
{"type":"log","timestamp":1705508954462,"level":"debug","message":"Page request finished: GET (stylesheet) 200 https://cdnjs.cloudflare.com/ajax/libs/metro/4.1.5/css/metro.min.css","meta":{"rootId":"d0vnhjan87ppfyt","id":"0yfpspe3cje4ox8"},"id":"efcqcvmh3bvafga","previousOperationId":"dsdlmobwhs7kf9c"}
{"type":"log","timestamp":1705508954474,"level":"debug","message":"Running chrome with params {\"printBackground\":true,\"marginTop\":\"1.5cm\",\"marginRight\":\"1.5cm\",\"marginLeft\":\"1.cm\",\"timeout\":59740,\"margin\":{\"top\":\"1.5cm\",\"right\":\"1.5cm\",\"left\":\"1.cm\"}}","meta":{"rootId":"d0vnhjan87ppfyt","id":"0yfpspe3cje4ox8"},"id":"w9mxk4c9uvgocbg","previousOperationId":"dsdlmobwhs7kf9c"}
{"type":"operationEnd","operationId":"dsdlmobwhs7kf9c","timestamp":1705508954500,"id":"phw93x5p0umtsza","previousEventId":"j2ponduoyo86aak","previousOperationId":"dsdlmobwhs7kf9c"}
{"type":"log","timestamp":1705508954500,"level":"debug","message":"Skipping storing report.","meta":{"rootId":"d0vnhjan87ppfyt","id":"0yfpspe3cje4ox8"},"id":"7e46ej3jwf8t407","previousOperationId":"dsdlmobwhs7kf9c"}
{"type":"log","timestamp":1705508954500,"level":"info","message":"Rendering (child) request finished in 383 ms","meta":{"rootId":"d0vnhjan87ppfyt","id":"0yfpspe3cje4ox8"},"id":"xc3570cg2619dtm","previousOperationId":"dsdlmobwhs7kf9c"}
{"type":"operationEnd","subtype":"render","operationId":"bpglrminske0y2i","timestamp":1705508954500,"id":"upth6fjh6zzhrs4","previousEventId":"phw93x5p0umtsza","previousOperationId":"dsdlmobwhs7kf9c"}
{"type":"operationEnd","operationId":"bw1owbboxpupoe5","timestamp":1705508954506,"id":"1cbjp0ritnuwa1z","previousEventId":"1g3g801jkm0d4zd","previousOperationId":"bw1owbboxpupoe5"}
{"type":"log","timestamp":1705508954506,"level":"debug","message":"pdf-utils postproces start","meta":{"rootId":"d0vnhjan87ppfyt","id":"d0vnhjan87ppfyt"},"id":"d13wvrlgitudox1","previousOperationId":"bw1owbboxpupoe5"}
{"type":"log","timestamp":1705508954513,"level":"debug","message":"pdf-utils postproces end","meta":{"rootId":"d0vnhjan87ppfyt","id":"d0vnhjan87ppfyt"},"id":"8jt3lw2ptcs89hk","previousOperationId":"bw1owbboxpupoe5"}
{"type":"operationEnd","operationId":"wj7askj12ld9hq5","timestamp":1705508954513,"id":"qsx4jqvoy3t4nfs","previousEventId":"1cbjp0ritnuwa1z","previousOperationId":"bw1owbboxpupoe5"}
{"type":"log","timestamp":1705508954513,"level":"info","message":"pdf-utils pdf processing was finished","meta":{"rootId":"d0vnhjan87ppfyt","id":"d0vnhjan87ppfyt"},"id":"e90wz5obazb41nq","previousOperationId":"wj7askj12ld9hq5"}
{"type":"log","timestamp":1705508954513,"level":"debug","message":"Skipping storing report.","meta":{"rootId":"d0vnhjan87ppfyt","id":"d0vnhjan87ppfyt"},"id":"s849kdasr7mejl0","previousOperationId":"wj7askj12ld9hq5"}
{"type":"log","timestamp":1705508954513,"level":"info","message":"Rendering request 40 finished in 396 ms","meta":{"rootId":"d0vnhjan87ppfyt","id":"d0vnhjan87ppfyt"},"id":"sbqy7ynfk3cb361","previousOperationId":"wj7askj12ld9hq5"}
{"type":"operationEnd","subtype":"render","operationId":"s64lgb6dj2oa101","timestamp":1705508954513,"id":"a34sxlr0h2o8lp8","previousEventId":"qsx4jqvoy3t4nfs","previousOperationId":"wj7askj12ld9hq5"}
{"type":"operationEnd","doDiffs":false,"previousEventId":"6qdt6vk8clck7c0","previousOperationId":"ymfmukrp1t7qqxe","operationId":"ymfmukrp1t7qqxe","timestamp":1705508954521,"id":"6ir0cyl2wezyqud"}
