{"type":"operationStart","subtype":"profile","data":{"_id":"FWcxRDugs6Ic28vc","timestamp":"2024-01-18T18:26:43.920Z","state":"queued","mode":"standard","creationDate":"2024-01-18T18:26:43.923Z","modificationDate":"2024-01-18T18:26:43.923Z","shortid":"pQ-Nv4p","$entitySet":"profiles"},"doDiffs":false,"timestamp":1705602403921,"id":"4z1jas083fgwjl6","previousOperationId":null,"operationId":"tc96oshrm2bacoe"}
{"type":"log","level":"info","message":"Render request 1 queued for execution and waiting for available worker","previousOperationId":"tc96oshrm2bacoe","timestamp":1705602403922,"id":"4wxqx13ebtlf91m"}
{"type":"operationStart","subtype":"render","name":"orders-main","previousOperationId":"tc96oshrm2bacoe","timestamp":1705602403932,"id":"oqz5xtfsv6lfa56","previousEventId":"4z1jas083fgwjl6","operationId":"t6qza1dzyifjs7d"}
{"type":"log","timestamp":1705602403932,"level":"info","message":"Starting rendering request 1","meta":{"rootId":"d6ehb3k3vh13t8s","id":"d6ehb3k3vh13t8s"},"id":"rpjn4qfk2q541kf","previousOperationId":"t6qza1dzyifjs7d"}
{"type":"log","timestamp":1705602403933,"level":"info","message":"Rendering template { name: orders-main, recipe: chrome-pdf, engine: handlebars, preview: true }","meta":{"rootId":"d6ehb3k3vh13t8s","id":"d6ehb3k3vh13t8s"},"id":"6flbbrv1g3hxhr4","previousOperationId":"t6qza1dzyifjs7d"}
{"type":"log","timestamp":1705602403934,"level":"debug","message":"Data item not defined for this template.","meta":{"rootId":"d6ehb3k3vh13t8s","id":"d6ehb3k3vh13t8s"},"id":"izhz4ug6i1ndaod","previousOperationId":"t6qza1dzyifjs7d"}
{"type":"log","timestamp":1705602403937,"level":"debug","message":"Executing script orders-script (beforeRender)","meta":{"rootId":"d6ehb3k3vh13t8s","id":"d6ehb3k3vh13t8s"},"id":"rwub55ghdgcm22a","previousOperationId":"t6qza1dzyifjs7d"}
{"type":"operationStart","subtype":"scriptsBeforeRender","name":"scripts beforeRender","timestamp":1705602404195,"id":"lldqafxq6ctjfc7","previousEventId":"oqz5xtfsv6lfa56","operationId":"ur5xidxm101cxtb","previousOperationId":"t6qza1dzyifjs7d"}
{"type":"operationStart","subtype":"script","name":"scripts orders-script","previousOperationId":"ur5xidxm101cxtb","timestamp":1705602404195,"id":"254sipxo9noijpz","previousEventId":"lldqafxq6ctjfc7","operationId":"gbvvo4ddyh04hti"}
{"type":"log","timestamp":1705602404219,"level":"debug","message":"(console:log) [ 'Race1', 'Race2' ]","meta":{"userLevel":true,"rootId":"d6ehb3k3vh13t8s","id":"d6ehb3k3vh13t8s"},"id":"sj2pda59sn1f6v5","previousOperationId":"gbvvo4ddyh04hti"}
{"type":"log","timestamp":1705602404219,"level":"debug","message":"(console:log) [ 2, 1 ]","meta":{"userLevel":true,"rootId":"d6ehb3k3vh13t8s","id":"d6ehb3k3vh13t8s"},"id":"dxlvl3z3baqsmcp","previousOperationId":"gbvvo4ddyh04hti"}
{"type":"operationEnd","operationId":"gbvvo4ddyh04hti","timestamp":1705602404225,"id":"5syn3r6d19mnaax","previousEventId":"oqz5xtfsv6lfa56","previousOperationId":"t6qza1dzyifjs7d"}
{"type":"operationEnd","operationId":"ur5xidxm101cxtb","timestamp":1705602404225,"id":"1wa5xfqynlpaa9g","previousEventId":"5syn3r6d19mnaax","previousOperationId":"t6qza1dzyifjs7d"}
{"type":"log","timestamp":1705602404225,"level":"debug","message":"Base url not specified, skipping its injection.","meta":{"rootId":"d6ehb3k3vh13t8s","id":"d6ehb3k3vh13t8s"},"id":"ygce8393wl4yq9n","previousOperationId":"ur5xidxm101cxtb"}
{"type":"operationStart","subtype":"engine","name":"handlebars","timestamp":1705602404226,"id":"r5qp60ptrtew185","previousEventId":"1wa5xfqynlpaa9g","operationId":"1eoue2ac2l1nbz5","previousOperationId":"ur5xidxm101cxtb"}
{"type":"log","timestamp":1705602404226,"level":"debug","message":"Rendering engine handlebars","meta":{"rootId":"d6ehb3k3vh13t8s","id":"d6ehb3k3vh13t8s"},"id":"9zojpvplmd9thp3","previousOperationId":"1eoue2ac2l1nbz5"}
{"type":"log","timestamp":1705602404465,"level":"debug","message":"(console:log) Pdf utils adding group field, value: \"Race1\"","meta":{"userLevel":true,"rootId":"d6ehb3k3vh13t8s","id":"d6ehb3k3vh13t8s"},"id":"yrk2u3om95rd2c0","previousOperationId":"1eoue2ac2l1nbz5"}
{"type":"log","timestamp":1705602404465,"level":"debug","message":"(console:log) Pdf utils adding group field, value: \"Race2\"","meta":{"userLevel":true,"rootId":"d6ehb3k3vh13t8s","id":"d6ehb3k3vh13t8s"},"id":"rebr6ekp9m0tx0m","previousOperationId":"1eoue2ac2l1nbz5"}
{"type":"operationEnd","operationId":"1eoue2ac2l1nbz5","timestamp":1705602404465,"id":"8kwq1ezmltkblrm","previousEventId":"r5qp60ptrtew185","previousOperationId":"1eoue2ac2l1nbz5"}
{"type":"operationStart","subtype":"recipe","name":"chrome-pdf","timestamp":1705602404466,"id":"ue336qncop016jr","previousEventId":"8kwq1ezmltkblrm","operationId":"30saa4ye6qptjwg","previousOperationId":"1eoue2ac2l1nbz5"}
{"type":"log","timestamp":1705602404466,"level":"debug","message":"Executing recipe chrome-pdf","meta":{"rootId":"d6ehb3k3vh13t8s","id":"d6ehb3k3vh13t8s"},"id":"13tfhxyfnf4jz9m","previousOperationId":"30saa4ye6qptjwg"}
{"type":"log","timestamp":1705602404888,"level":"debug","message":"Converting with chrome HeadlessChrome/117.0.5938.149 using chrome-pool strategy","meta":{"rootId":"d6ehb3k3vh13t8s","id":"d6ehb3k3vh13t8s"},"id":"mnzuoui7zhk54n2","previousOperationId":"30saa4ye6qptjwg"}
{"type":"log","timestamp":1705602405156,"level":"debug","message":"(console:error) Error enviando el correo electrónico: Error: Invalid login: 535-5.7.8 Username and Password not accepted. For more information, go to\n535 5.7.8  https://support.google.com/mail/?p=BadCredentials l26-20020a056000023a00b0033775980d26sm4650512wrz.2 - gsmtp\n    at SMTPConnection._formatError (C:\\Users\\Daniel Mesa\\Desktop\\proyecto\\mitca\\jsreportapp\\node_modules\\nodemailer\\lib\\smtp-connection\\index.js:790:19)\n    at SMTPConnection._actionAUTHComplete (C:\\Users\\Daniel Mesa\\Desktop\\proyecto\\mitca\\jsreportapp\\node_modules\\nodemailer\\lib\\smtp-connection\\index.js:1564:34)\n    at SMTPConnection.<anonymous> (C:\\Users\\Daniel Mesa\\Desktop\\proyecto\\mitca\\jsreportapp\\node_modules\\nodemailer\\lib\\smtp-connection\\index.js:546:26)\n    at SMTPConnection._processResponse (C:\\Users\\Daniel Mesa\\Desktop\\proyecto\\mitca\\jsreportapp\\node_modules\\nodemailer\\lib\\smtp-connection\\index.js:969:20)\n    at SMTPConnection._onData (C:\\Users\\Daniel Mesa\\Desktop\\proyecto\\mitca\\jsreportapp\\node_modules\\nodemailer\\lib\\smtp-connection\\index.js:755:14)\n    at SMTPConnection._onSocketData (C:\\Users\\Daniel Mesa\\Desktop\\proyecto\\mitca\\jsreportapp\\node_modules\\nodemailer\\lib\\smtp-connection\\index.js:193:44)\n    at TLSSocket.emit (node:events:514:28)\n    at addChunk (node:internal/streams/readable:324:12)\n    at readableAddChunk (node:internal/streams/readable:297:9)\n    at Readable.push (node:internal/streams/readable:234:10) {\n  code: 'EAUTH',\n  response: '535-5.7.8 Username and Password not accepted. For more information, go to\\n' +\n    '535 5.7.8  https://support.google.com/mail/?p=BadCredentials l26-20020a056000023a00b0033775980d26sm4650512wrz.2 - gsmtp',\n  responseCode: 535,\n  command: 'AUTH PLAIN'\n}","meta":{"userLevel":true,"rootId":"d6ehb3k3vh13t8s","id":"d6ehb3k3vh13t8s"},"id":"c9j4o59vfsaddrd","previousOperationId":"30saa4ye6qptjwg"}
{"type":"log","timestamp":1705602406433,"level":"debug","message":"Page request: GET (document) file:///C:/Users/DANIEL~1/AppData/Local/Temp/jsreport/autocleanup/f929843b-695a-4d6b-aae1-a0416d49f10e-chrome-pdf.html","meta":{"rootId":"d6ehb3k3vh13t8s","id":"d6ehb3k3vh13t8s"},"id":"ddiilk9ulpi1u7o","previousOperationId":"30saa4ye6qptjwg"}
{"type":"log","timestamp":1705602406453,"level":"debug","message":"Page request: GET (stylesheet) https://cdnjs.cloudflare.com/ajax/libs/metro/4.1.5/css/metro.min.css","meta":{"rootId":"d6ehb3k3vh13t8s","id":"d6ehb3k3vh13t8s"},"id":"kkahiyztbrj1w9g","previousOperationId":"30saa4ye6qptjwg"}
{"type":"log","timestamp":1705602406453,"level":"debug","message":"Page request: GET (script) https://cdn.jsdelivr.net/npm/chart.js","meta":{"rootId":"d6ehb3k3vh13t8s","id":"d6ehb3k3vh13t8s"},"id":"m77if3psifscv7f","previousOperationId":"30saa4ye6qptjwg"}
{"type":"log","timestamp":1705602406454,"level":"debug","message":"Page request finished: GET (document) 200 file:///C:/Users/DANIEL~1/AppData/Local/Temp/jsreport/autocleanup/f929843b-695a-4d6b-aae1-a0416d49f10e-chrome-pdf.html","meta":{"rootId":"d6ehb3k3vh13t8s","id":"d6ehb3k3vh13t8s"},"id":"izmactddjf8rz08","previousOperationId":"30saa4ye6qptjwg"}
{"type":"log","timestamp":1705602408977,"level":"debug","message":"Page request finished: GET (stylesheet) 200 https://cdnjs.cloudflare.com/ajax/libs/metro/4.1.5/css/metro.min.css","meta":{"rootId":"d6ehb3k3vh13t8s","id":"d6ehb3k3vh13t8s"},"id":"an4msq98j43fc4h","previousOperationId":"30saa4ye6qptjwg"}
{"type":"log","timestamp":1705602409029,"level":"debug","message":"Page request finished: GET (script) 200 https://cdn.jsdelivr.net/npm/chart.js","meta":{"rootId":"d6ehb3k3vh13t8s","id":"d6ehb3k3vh13t8s"},"id":"ilsizt91c1kdf4b","previousOperationId":"30saa4ye6qptjwg"}
{"type":"log","timestamp":1705602409033,"level":"warn","message":"Page error: Unexpected token ';' , stack: SyntaxError: Unexpected token ';'","meta":{"rootId":"d6ehb3k3vh13t8s","id":"d6ehb3k3vh13t8s"},"id":"bvax104hyxb80yq","previousOperationId":"30saa4ye6qptjwg"}
{"type":"log","timestamp":1705602409058,"level":"debug","message":"Running chrome with params {\"printBackground\":true,\"marginTop\":\"4cm\",\"marginRight\":\"1.5cm\",\"marginBottom\":\"1.5cm\",\"marginLeft\":\"1.5cm\",\"waitForJS\":false,\"timeout\":59159,\"margin\":{\"top\":\"4cm\",\"right\":\"1.5cm\",\"bottom\":\"1.5cm\",\"left\":\"1.5cm\"}}","meta":{"rootId":"d6ehb3k3vh13t8s","id":"d6ehb3k3vh13t8s"},"id":"veednl9tfuobna8","previousOperationId":"30saa4ye6qptjwg"}
{"type":"operationEnd","operationId":"30saa4ye6qptjwg","timestamp":1705602409119,"id":"boz6fucghzqfs5z","previousEventId":"ue336qncop016jr","previousOperationId":"30saa4ye6qptjwg"}
{"type":"log","timestamp":1705602409120,"level":"info","message":"pdf-utils is starting pdf processing","meta":{"rootId":"d6ehb3k3vh13t8s","id":"d6ehb3k3vh13t8s"},"id":"novpzdbzskt6xvz","previousOperationId":"30saa4ye6qptjwg"}
{"type":"operationStart","subtype":"pdfUtils","name":"pdf utils","timestamp":1705602409268,"id":"r8bo7e1esowvnnb","previousEventId":"boz6fucghzqfs5z","operationId":"ekwqx4uy1rn8ooo","previousOperationId":"30saa4ye6qptjwg"}
{"type":"log","timestamp":1705602409268,"level":"debug","message":"pdf-utils detected 1 pdf operation(s) to process","meta":{"rootId":"d6ehb3k3vh13t8s","id":"d6ehb3k3vh13t8s"},"id":"rcknrh3qnsbv8vs","previousOperationId":"ekwqx4uy1rn8ooo"}
{"type":"log","timestamp":1705602409443,"level":"debug","message":"pdf-utils running pdf operation merge","meta":{"rootId":"d6ehb3k3vh13t8s","id":"d6ehb3k3vh13t8s"},"id":"q1v1nssm52hbj60","previousOperationId":"ekwqx4uy1rn8ooo"}
{"type":"operationStart","subtype":"pdfUtilsMerge","name":"pdf utils merge","previousOperationId":"ekwqx4uy1rn8ooo","timestamp":1705602409443,"id":"dznnr1vf37btpgm","previousEventId":"r8bo7e1esowvnnb","operationId":"b6cqfgem37u1jv0"}
{"type":"operationStart","subtype":"render","name":"orders-header","previousOperationId":"b6cqfgem37u1jv0","timestamp":1705602409444,"id":"zf1lnn6kf3d7478","previousEventId":"dznnr1vf37btpgm","operationId":"ntz8n5kr9ov51pz"}
{"type":"log","timestamp":1705602409444,"level":"info","message":"Starting rendering (child) request","meta":{"rootId":"d6ehb3k3vh13t8s","id":"2te09f4gz2ihvkp"},"id":"4hzydlh405yuvlu","previousOperationId":"ntz8n5kr9ov51pz"}
{"type":"log","timestamp":1705602409444,"level":"info","message":"Rendering template { name: orders-header, recipe: chrome-pdf, engine: handlebars, preview: true }","meta":{"rootId":"d6ehb3k3vh13t8s","id":"2te09f4gz2ihvkp"},"id":"nkzurlwpi1i6u91","previousOperationId":"ntz8n5kr9ov51pz"}
{"type":"log","timestamp":1705602409450,"level":"debug","message":"Inline data specified.","meta":{"rootId":"d6ehb3k3vh13t8s","id":"2te09f4gz2ihvkp"},"id":"iisuae00t5l8irx","previousOperationId":"ntz8n5kr9ov51pz"}
{"type":"log","timestamp":1705602409451,"level":"debug","message":"Base url not specified, skipping its injection.","meta":{"rootId":"d6ehb3k3vh13t8s","id":"2te09f4gz2ihvkp"},"id":"kf2cny9mxf9il7b","previousOperationId":"ntz8n5kr9ov51pz"}
{"type":"operationStart","subtype":"engine","name":"handlebars","timestamp":1705602409452,"id":"1ptxvcs5u2kp8jp","previousEventId":"zf1lnn6kf3d7478","operationId":"esf9rj1vn6ekps0","previousOperationId":"ntz8n5kr9ov51pz"}
{"type":"log","timestamp":1705602409452,"level":"debug","message":"Rendering engine handlebars","meta":{"rootId":"d6ehb3k3vh13t8s","id":"2te09f4gz2ihvkp"},"id":"vrmic36sr896mmp","previousOperationId":"esf9rj1vn6ekps0"}
{"type":"operationEnd","operationId":"esf9rj1vn6ekps0","timestamp":1705602409504,"id":"ybjxwgfy1zx38ri","previousEventId":"1ptxvcs5u2kp8jp","previousOperationId":"esf9rj1vn6ekps0"}
{"type":"operationStart","subtype":"recipe","name":"chrome-pdf","timestamp":1705602409504,"id":"sn2qdpi1noe3x8x","previousEventId":"ybjxwgfy1zx38ri","operationId":"ocymr975kgtbec7","previousOperationId":"esf9rj1vn6ekps0"}
{"type":"log","timestamp":1705602409504,"level":"debug","message":"Executing recipe chrome-pdf","meta":{"rootId":"d6ehb3k3vh13t8s","id":"2te09f4gz2ihvkp"},"id":"24eo8jda2yoh5bi","previousOperationId":"ocymr975kgtbec7"}
{"type":"log","timestamp":1705602409507,"level":"debug","message":"Converting with chrome HeadlessChrome/117.0.5938.149 using chrome-pool strategy","meta":{"rootId":"d6ehb3k3vh13t8s","id":"2te09f4gz2ihvkp"},"id":"s3h88glz6qfg75o","previousOperationId":"ocymr975kgtbec7"}
{"type":"log","timestamp":1705602409575,"level":"debug","message":"Page request: GET (document) file:///C:/Users/DANIEL~1/AppData/Local/Temp/jsreport/autocleanup/4022d01a-5d90-4631-971a-5de2511dc6bf-chrome-pdf.html","meta":{"rootId":"d6ehb3k3vh13t8s","id":"2te09f4gz2ihvkp"},"id":"xbg8gn3k18oq2vz","previousOperationId":"ocymr975kgtbec7"}
{"type":"log","timestamp":1705602409584,"level":"debug","message":"Page request: GET (stylesheet) https://cdnjs.cloudflare.com/ajax/libs/metro/4.1.5/css/metro.min.css","meta":{"rootId":"d6ehb3k3vh13t8s","id":"2te09f4gz2ihvkp"},"id":"j91no4x9l8rrvau","previousOperationId":"ocymr975kgtbec7"}
{"type":"log","timestamp":1705602409585,"level":"debug","message":"Page request finished: GET (document) 200 file:///C:/Users/DANIEL~1/AppData/Local/Temp/jsreport/autocleanup/4022d01a-5d90-4631-971a-5de2511dc6bf-chrome-pdf.html","meta":{"rootId":"d6ehb3k3vh13t8s","id":"2te09f4gz2ihvkp"},"id":"reao6w7zwn18y1v","previousOperationId":"ocymr975kgtbec7"}
{"type":"log","timestamp":1705602409597,"level":"debug","message":"Page request finished: GET (stylesheet) 200 https://cdnjs.cloudflare.com/ajax/libs/metro/4.1.5/css/metro.min.css","meta":{"rootId":"d6ehb3k3vh13t8s","id":"2te09f4gz2ihvkp"},"id":"g0xujl20yy8i9jx","previousOperationId":"ocymr975kgtbec7"}
{"type":"log","timestamp":1705602409608,"level":"debug","message":"Running chrome with params {\"printBackground\":true,\"marginTop\":\"1.5cm\",\"marginRight\":\"1.5cm\",\"marginLeft\":\"1.cm\",\"timeout\":54414,\"margin\":{\"top\":\"1.5cm\",\"right\":\"1.5cm\",\"left\":\"1.cm\"}}","meta":{"rootId":"d6ehb3k3vh13t8s","id":"2te09f4gz2ihvkp"},"id":"4ergg9t4r14mkfi","previousOperationId":"ocymr975kgtbec7"}
{"type":"operationEnd","operationId":"ocymr975kgtbec7","timestamp":1705602409635,"id":"zbpgdje619f9fbv","previousEventId":"sn2qdpi1noe3x8x","previousOperationId":"ocymr975kgtbec7"}
{"type":"log","timestamp":1705602409635,"level":"debug","message":"Skipping storing report.","meta":{"rootId":"d6ehb3k3vh13t8s","id":"2te09f4gz2ihvkp"},"id":"attsk24wmvfntix","previousOperationId":"ocymr975kgtbec7"}
{"type":"log","timestamp":1705602409635,"level":"info","message":"Rendering (child) request finished in 5715 ms","meta":{"rootId":"d6ehb3k3vh13t8s","id":"2te09f4gz2ihvkp"},"id":"j5j3qwgdjodvow3","previousOperationId":"ocymr975kgtbec7"}
{"type":"operationEnd","subtype":"render","operationId":"ntz8n5kr9ov51pz","timestamp":1705602409635,"id":"wq1ks0qwvesji0h","previousEventId":"zbpgdje619f9fbv","previousOperationId":"ocymr975kgtbec7"}
{"type":"operationEnd","operationId":"b6cqfgem37u1jv0","timestamp":1705602409651,"id":"2j68use9d0jmemu","previousEventId":"dznnr1vf37btpgm","previousOperationId":"b6cqfgem37u1jv0"}
{"type":"log","timestamp":1705602409651,"level":"debug","message":"pdf-utils postproces start","meta":{"rootId":"d6ehb3k3vh13t8s","id":"d6ehb3k3vh13t8s"},"id":"9i24nz5sem85jym","previousOperationId":"b6cqfgem37u1jv0"}
{"type":"log","timestamp":1705602409667,"level":"debug","message":"pdf-utils postproces end","meta":{"rootId":"d6ehb3k3vh13t8s","id":"d6ehb3k3vh13t8s"},"id":"vb6oqk2d2ds5icf","previousOperationId":"b6cqfgem37u1jv0"}
{"type":"operationEnd","operationId":"ekwqx4uy1rn8ooo","timestamp":1705602409667,"id":"9sd777gora9ztse","previousEventId":"2j68use9d0jmemu","previousOperationId":"b6cqfgem37u1jv0"}
{"type":"log","timestamp":1705602409667,"level":"info","message":"pdf-utils pdf processing was finished","meta":{"rootId":"d6ehb3k3vh13t8s","id":"d6ehb3k3vh13t8s"},"id":"jh7mtr7bp9hfsvn","previousOperationId":"ekwqx4uy1rn8ooo"}
{"type":"log","timestamp":1705602409667,"level":"debug","message":"Skipping storing report.","meta":{"rootId":"d6ehb3k3vh13t8s","id":"d6ehb3k3vh13t8s"},"id":"87v98lbqlf40mkv","previousOperationId":"ekwqx4uy1rn8ooo"}
{"type":"log","timestamp":1705602409668,"level":"info","message":"Rendering request 1 finished in 5748 ms","meta":{"rootId":"d6ehb3k3vh13t8s","id":"d6ehb3k3vh13t8s"},"id":"tr8orbyn04uegm5","previousOperationId":"ekwqx4uy1rn8ooo"}
{"type":"operationEnd","subtype":"render","operationId":"t6qza1dzyifjs7d","timestamp":1705602409668,"id":"fos53fzbwbav3sl","previousEventId":"9sd777gora9ztse","previousOperationId":"ekwqx4uy1rn8ooo"}
{"type":"operationEnd","doDiffs":false,"previousEventId":"4z1jas083fgwjl6","previousOperationId":"tc96oshrm2bacoe","operationId":"tc96oshrm2bacoe","timestamp":1705602409676,"id":"484in1a30tnywke"}
