{"type":"operationStart","subtype":"profile","data":{"_id":"GA4SnG65Ywb42pvS","timestamp":"2024-01-18T15:08:54.782Z","state":"queued","mode":"standard","creationDate":"2024-01-18T15:08:54.785Z","modificationDate":"2024-01-18T15:08:54.785Z","shortid":"2sEOoEj","$entitySet":"profiles"},"doDiffs":false,"timestamp":1705590534783,"id":"v3ouqj9pxxj8kay","previousOperationId":null,"operationId":"morsnhn9eaa2mte"}
{"type":"log","level":"info","message":"Render request 34 queued for execution and waiting for available worker","previousOperationId":"morsnhn9eaa2mte","timestamp":1705590534783,"id":"450epbvpupa6bep"}
{"type":"operationStart","subtype":"render","name":"orders-main","previousOperationId":"morsnhn9eaa2mte","timestamp":1705590534797,"id":"6dd6md7a8w9oyg6","previousEventId":"v3ouqj9pxxj8kay","operationId":"yk6uyvswuyhdpcw"}
{"type":"log","timestamp":1705590534797,"level":"info","message":"Starting rendering request 34","meta":{"rootId":"d70apqp1krk34og","id":"d70apqp1krk34og"},"id":"btgzh8xaw7r62qf","previousOperationId":"yk6uyvswuyhdpcw"}
{"type":"log","timestamp":1705590534797,"level":"info","message":"Rendering template { name: orders-main, recipe: chrome-pdf, engine: handlebars, preview: true }","meta":{"rootId":"d70apqp1krk34og","id":"d70apqp1krk34og"},"id":"d3cdrwuwrtg2rsj","previousOperationId":"yk6uyvswuyhdpcw"}
{"type":"log","timestamp":1705590534799,"level":"debug","message":"Data item not defined for this template.","meta":{"rootId":"d70apqp1krk34og","id":"d70apqp1krk34og"},"id":"gw6tnn9qcbvob8b","previousOperationId":"yk6uyvswuyhdpcw"}
{"type":"log","timestamp":1705590534803,"level":"debug","message":"Executing script orders-script (beforeRender)","meta":{"rootId":"d70apqp1krk34og","id":"d70apqp1krk34og"},"id":"710wxupg14k1wzw","previousOperationId":"yk6uyvswuyhdpcw"}
{"type":"operationStart","subtype":"scriptsBeforeRender","name":"scripts beforeRender","timestamp":1705590534829,"id":"9muzce54a480d4t","previousEventId":"6dd6md7a8w9oyg6","operationId":"qavg4sgcv0t2vss","previousOperationId":"yk6uyvswuyhdpcw"}
{"type":"operationStart","subtype":"script","name":"scripts orders-script","previousOperationId":"qavg4sgcv0t2vss","timestamp":1705590534829,"id":"2kyiy417spbt2ql","previousEventId":"9muzce54a480d4t","operationId":"uddoij6ji3pj189"}
{"type":"operationEnd","operationId":"uddoij6ji3pj189","timestamp":1705590534855,"id":"h4cvkmcxzdibv2t","previousEventId":"6dd6md7a8w9oyg6","previousOperationId":"yk6uyvswuyhdpcw"}
{"type":"operationEnd","operationId":"qavg4sgcv0t2vss","timestamp":1705590534858,"id":"688ey018xgboosn","previousEventId":"h4cvkmcxzdibv2t","previousOperationId":"yk6uyvswuyhdpcw"}
{"type":"log","timestamp":1705590534858,"level":"debug","message":"Base url not specified, skipping its injection.","meta":{"rootId":"d70apqp1krk34og","id":"d70apqp1krk34og"},"id":"t8072jpkxnnrbvb","previousOperationId":"qavg4sgcv0t2vss"}
{"type":"operationStart","subtype":"engine","name":"handlebars","timestamp":1705590534858,"id":"oixo89mslywir54","previousEventId":"688ey018xgboosn","operationId":"8yfshhjzg0o48pw","previousOperationId":"qavg4sgcv0t2vss"}
{"type":"log","timestamp":1705590534858,"level":"debug","message":"Rendering engine handlebars","meta":{"rootId":"d70apqp1krk34og","id":"d70apqp1krk34og"},"id":"jtc91kbmekc0w8k","previousOperationId":"8yfshhjzg0o48pw"}
{"type":"log","timestamp":1705590534885,"level":"debug","message":"(console:log) Pdf utils adding group field, value: \"Race1\"","meta":{"userLevel":true,"rootId":"d70apqp1krk34og","id":"d70apqp1krk34og"},"id":"u0vy1nll4d0v1ci","previousOperationId":"8yfshhjzg0o48pw"}
{"type":"log","timestamp":1705590534887,"level":"debug","message":"(console:log) Pdf utils adding group field, value: \"Race2\"","meta":{"userLevel":true,"rootId":"d70apqp1krk34og","id":"d70apqp1krk34og"},"id":"hf2kkzna6lldhdy","previousOperationId":"8yfshhjzg0o48pw"}
{"type":"operationEnd","operationId":"8yfshhjzg0o48pw","timestamp":1705590534887,"id":"a1kbymak01uvria","previousEventId":"oixo89mslywir54","previousOperationId":"8yfshhjzg0o48pw"}
{"type":"operationStart","subtype":"recipe","name":"chrome-pdf","timestamp":1705590534887,"id":"586c4e16gb0nvs7","previousEventId":"a1kbymak01uvria","operationId":"ufvcuywg9zj4ewp","previousOperationId":"8yfshhjzg0o48pw"}
{"type":"log","timestamp":1705590534887,"level":"debug","message":"Executing recipe chrome-pdf","meta":{"rootId":"d70apqp1krk34og","id":"d70apqp1krk34og"},"id":"wzss20rb7o506vk","previousOperationId":"ufvcuywg9zj4ewp"}
{"type":"log","timestamp":1705590534890,"level":"debug","message":"Converting with chrome HeadlessChrome/117.0.5938.149 using chrome-pool strategy","meta":{"rootId":"d70apqp1krk34og","id":"d70apqp1krk34og"},"id":"pc83s56v3n5xkvg","previousOperationId":"ufvcuywg9zj4ewp"}
{"type":"log","timestamp":1705590535022,"level":"debug","message":"Page request: GET (document) file:///C:/Users/DANIEL~1/AppData/Local/Temp/jsreport/autocleanup/7c8830fb-2095-4bf1-85d1-88d7186bd156-chrome-pdf.html","meta":{"rootId":"d70apqp1krk34og","id":"d70apqp1krk34og"},"id":"rsa2om76iw3ct22","previousOperationId":"ufvcuywg9zj4ewp"}
{"type":"log","timestamp":1705590535059,"level":"debug","message":"Page request: GET (stylesheet) https://cdnjs.cloudflare.com/ajax/libs/metro/4.1.5/css/metro.min.css","meta":{"rootId":"d70apqp1krk34og","id":"d70apqp1krk34og"},"id":"ide9n5x678r2tsx","previousOperationId":"ufvcuywg9zj4ewp"}
{"type":"log","timestamp":1705590535059,"level":"debug","message":"Page request: GET (script) https://cdnjs.cloudflare.com/ajax/libs/Chart.js/2.9.4/Chart.js","meta":{"rootId":"d70apqp1krk34og","id":"d70apqp1krk34og"},"id":"wbd0aw0i8czq6bd","previousOperationId":"ufvcuywg9zj4ewp"}
{"type":"log","timestamp":1705590535060,"level":"debug","message":"Page request finished: GET (document) 200 file:///C:/Users/DANIEL~1/AppData/Local/Temp/jsreport/autocleanup/7c8830fb-2095-4bf1-85d1-88d7186bd156-chrome-pdf.html","meta":{"rootId":"d70apqp1krk34og","id":"d70apqp1krk34og"},"id":"9vsj5r9o1sven5q","previousOperationId":"ufvcuywg9zj4ewp"}
{"type":"log","timestamp":1705590535086,"level":"debug","message":"Page request finished: GET (stylesheet) 200 https://cdnjs.cloudflare.com/ajax/libs/metro/4.1.5/css/metro.min.css","meta":{"rootId":"d70apqp1krk34og","id":"d70apqp1krk34og"},"id":"3busssvvznze5cw","previousOperationId":"ufvcuywg9zj4ewp"}
{"type":"log","timestamp":1705590535087,"level":"debug","message":"Page request finished: GET (script) 200 https://cdnjs.cloudflare.com/ajax/libs/Chart.js/2.9.4/Chart.js","meta":{"rootId":"d70apqp1krk34og","id":"d70apqp1krk34og"},"id":"6ynrwgj2jwx6669","previousOperationId":"ufvcuywg9zj4ewp"}
{"type":"log","timestamp":1705590535093,"level":"warn","message":"Page error: Unexpected token ';' , stack: SyntaxError: Unexpected token ';'","meta":{"rootId":"d70apqp1krk34og","id":"d70apqp1krk34og"},"id":"8jpxgrl47ndmsne","previousOperationId":"ufvcuywg9zj4ewp"}
{"type":"log","timestamp":1705590535130,"level":"debug","message":"Running chrome with params {\"printBackground\":true,\"marginTop\":\"4cm\",\"marginRight\":\"1.5cm\",\"marginBottom\":\"1.5cm\",\"marginLeft\":\"1.5cm\",\"waitForJS\":false,\"timeout\":59893,\"margin\":{\"top\":\"4cm\",\"right\":\"1.5cm\",\"bottom\":\"1.5cm\",\"left\":\"1.5cm\"}}","meta":{"rootId":"d70apqp1krk34og","id":"d70apqp1krk34og"},"id":"1ni3uxg2xcdn3ql","previousOperationId":"ufvcuywg9zj4ewp"}
{"type":"operationEnd","operationId":"ufvcuywg9zj4ewp","timestamp":1705590535241,"id":"hkbjfzx63h2l88b","previousEventId":"586c4e16gb0nvs7","previousOperationId":"ufvcuywg9zj4ewp"}
{"type":"log","timestamp":1705590535241,"level":"info","message":"pdf-utils is starting pdf processing","meta":{"rootId":"d70apqp1krk34og","id":"d70apqp1krk34og"},"id":"7w3z3v6vwy4hgik","previousOperationId":"ufvcuywg9zj4ewp"}
{"type":"operationStart","subtype":"pdfUtils","name":"pdf utils","timestamp":1705590535241,"id":"irbrgkblxlu3rfa","previousEventId":"hkbjfzx63h2l88b","operationId":"h9z8jfckda6d2me","previousOperationId":"ufvcuywg9zj4ewp"}
{"type":"log","timestamp":1705590535241,"level":"debug","message":"pdf-utils detected 1 pdf operation(s) to process","meta":{"rootId":"d70apqp1krk34og","id":"d70apqp1krk34og"},"id":"2qocy4ofwxhpez9","previousOperationId":"h9z8jfckda6d2me"}
{"type":"log","timestamp":1705590535268,"level":"debug","message":"pdf-utils running pdf operation merge","meta":{"rootId":"d70apqp1krk34og","id":"d70apqp1krk34og"},"id":"hg1h34nzdbe9oop","previousOperationId":"h9z8jfckda6d2me"}
{"type":"operationStart","subtype":"pdfUtilsMerge","name":"pdf utils merge","previousOperationId":"h9z8jfckda6d2me","timestamp":1705590535268,"id":"365l1cx7y07up4q","previousEventId":"irbrgkblxlu3rfa","operationId":"l93ywnfu8c6x0dd"}
{"type":"operationStart","subtype":"render","name":"orders-header","previousOperationId":"l93ywnfu8c6x0dd","timestamp":1705590535269,"id":"rkaz1p88n6n7nml","previousEventId":"365l1cx7y07up4q","operationId":"xomis7m4kspqs4s"}
{"type":"log","timestamp":1705590535269,"level":"info","message":"Starting rendering (child) request","meta":{"rootId":"d70apqp1krk34og","id":"6laphf6sli9ue2v"},"id":"feji5j1cp5bbsjj","previousOperationId":"xomis7m4kspqs4s"}
{"type":"log","timestamp":1705590535270,"level":"info","message":"Rendering template { name: orders-header, recipe: chrome-pdf, engine: handlebars, preview: true }","meta":{"rootId":"d70apqp1krk34og","id":"6laphf6sli9ue2v"},"id":"k0d5epmjgsl8h8e","previousOperationId":"xomis7m4kspqs4s"}
{"type":"log","timestamp":1705590535276,"level":"debug","message":"Inline data specified.","meta":{"rootId":"d70apqp1krk34og","id":"6laphf6sli9ue2v"},"id":"9s9zdo647mdd7rl","previousOperationId":"xomis7m4kspqs4s"}
{"type":"log","timestamp":1705590535279,"level":"debug","message":"Base url not specified, skipping its injection.","meta":{"rootId":"d70apqp1krk34og","id":"6laphf6sli9ue2v"},"id":"zyajb6c6prpkd9j","previousOperationId":"xomis7m4kspqs4s"}
{"type":"operationStart","subtype":"engine","name":"handlebars","timestamp":1705590535279,"id":"ypdfwlld8w6tvxw","previousEventId":"rkaz1p88n6n7nml","operationId":"lq994d89mrw860q","previousOperationId":"xomis7m4kspqs4s"}
{"type":"log","timestamp":1705590535279,"level":"debug","message":"Rendering engine handlebars","meta":{"rootId":"d70apqp1krk34og","id":"6laphf6sli9ue2v"},"id":"fxhu9cs524ti7ru","previousOperationId":"lq994d89mrw860q"}
{"type":"operationEnd","operationId":"lq994d89mrw860q","timestamp":1705590535299,"id":"55qzbgxtihkzy7k","previousEventId":"ypdfwlld8w6tvxw","previousOperationId":"lq994d89mrw860q"}
{"type":"operationStart","subtype":"recipe","name":"chrome-pdf","timestamp":1705590535299,"id":"pav2tdy9jl2njxf","previousEventId":"55qzbgxtihkzy7k","operationId":"ciz9iv1my4io6em","previousOperationId":"lq994d89mrw860q"}
{"type":"log","timestamp":1705590535299,"level":"debug","message":"Executing recipe chrome-pdf","meta":{"rootId":"d70apqp1krk34og","id":"6laphf6sli9ue2v"},"id":"gxkli2om07reb4i","previousOperationId":"ciz9iv1my4io6em"}
{"type":"log","timestamp":1705590535303,"level":"debug","message":"Converting with chrome HeadlessChrome/117.0.5938.149 using chrome-pool strategy","meta":{"rootId":"d70apqp1krk34og","id":"6laphf6sli9ue2v"},"id":"fkk57rnravu4zzn","previousOperationId":"ciz9iv1my4io6em"}
{"type":"log","timestamp":1705590535435,"level":"debug","message":"Page request: GET (document) file:///C:/Users/DANIEL~1/AppData/Local/Temp/jsreport/autocleanup/490aaa3f-dee1-4e83-850c-2f239d26e81e-chrome-pdf.html","meta":{"rootId":"d70apqp1krk34og","id":"6laphf6sli9ue2v"},"id":"zmukum1bsmhbvpa","previousOperationId":"ciz9iv1my4io6em"}
{"type":"log","timestamp":1705590535448,"level":"debug","message":"Page request: GET (stylesheet) https://cdnjs.cloudflare.com/ajax/libs/metro/4.1.5/css/metro.min.css","meta":{"rootId":"d70apqp1krk34og","id":"6laphf6sli9ue2v"},"id":"nspjgkir1xaapnl","previousOperationId":"ciz9iv1my4io6em"}
{"type":"log","timestamp":1705590535449,"level":"debug","message":"Page request finished: GET (document) 200 file:///C:/Users/DANIEL~1/AppData/Local/Temp/jsreport/autocleanup/490aaa3f-dee1-4e83-850c-2f239d26e81e-chrome-pdf.html","meta":{"rootId":"d70apqp1krk34og","id":"6laphf6sli9ue2v"},"id":"qis6f9nx5mci463","previousOperationId":"ciz9iv1my4io6em"}
{"type":"log","timestamp":1705590535473,"level":"debug","message":"Page request finished: GET (stylesheet) 200 https://cdnjs.cloudflare.com/ajax/libs/metro/4.1.5/css/metro.min.css","meta":{"rootId":"d70apqp1krk34og","id":"6laphf6sli9ue2v"},"id":"835jzgrtmwh0vnc","previousOperationId":"ciz9iv1my4io6em"}
{"type":"log","timestamp":1705590535496,"level":"debug","message":"Running chrome with params {\"printBackground\":true,\"marginTop\":\"1.5cm\",\"marginRight\":\"1.5cm\",\"marginLeft\":\"1.cm\",\"timeout\":59480,\"margin\":{\"top\":\"1.5cm\",\"right\":\"1.5cm\",\"left\":\"1.cm\"}}","meta":{"rootId":"d70apqp1krk34og","id":"6laphf6sli9ue2v"},"id":"t18hcwk5mnbwzzb","previousOperationId":"ciz9iv1my4io6em"}
{"type":"operationEnd","operationId":"ciz9iv1my4io6em","timestamp":1705590535556,"id":"p5m449c6u5whmxu","previousEventId":"pav2tdy9jl2njxf","previousOperationId":"ciz9iv1my4io6em"}
{"type":"log","timestamp":1705590535556,"level":"debug","message":"Skipping storing report.","meta":{"rootId":"d70apqp1krk34og","id":"6laphf6sli9ue2v"},"id":"tva7sfitohuslow","previousOperationId":"ciz9iv1my4io6em"}
{"type":"log","timestamp":1705590535556,"level":"info","message":"Rendering (child) request finished in 774 ms","meta":{"rootId":"d70apqp1krk34og","id":"6laphf6sli9ue2v"},"id":"p1klq1wo2chotvk","previousOperationId":"ciz9iv1my4io6em"}
{"type":"operationEnd","subtype":"render","operationId":"xomis7m4kspqs4s","timestamp":1705590535556,"id":"unh2gjwap29wg3z","previousEventId":"p5m449c6u5whmxu","previousOperationId":"ciz9iv1my4io6em"}
{"type":"operationEnd","operationId":"l93ywnfu8c6x0dd","timestamp":1705590535575,"id":"tm6dfzo68g8fg54","previousEventId":"365l1cx7y07up4q","previousOperationId":"l93ywnfu8c6x0dd"}
{"type":"log","timestamp":1705590535575,"level":"debug","message":"pdf-utils postproces start","meta":{"rootId":"d70apqp1krk34og","id":"d70apqp1krk34og"},"id":"tanf64knwgsp6kc","previousOperationId":"l93ywnfu8c6x0dd"}
{"type":"log","timestamp":1705590535609,"level":"debug","message":"pdf-utils postproces end","meta":{"rootId":"d70apqp1krk34og","id":"d70apqp1krk34og"},"id":"kl11w979my3zitf","previousOperationId":"l93ywnfu8c6x0dd"}
{"type":"operationEnd","operationId":"h9z8jfckda6d2me","timestamp":1705590535609,"id":"g0psxzmze5oynf3","previousEventId":"tm6dfzo68g8fg54","previousOperationId":"l93ywnfu8c6x0dd"}
{"type":"log","timestamp":1705590535609,"level":"info","message":"pdf-utils pdf processing was finished","meta":{"rootId":"d70apqp1krk34og","id":"d70apqp1krk34og"},"id":"xnyn9nro751brr1","previousOperationId":"h9z8jfckda6d2me"}
{"type":"log","timestamp":1705590535610,"level":"debug","message":"Skipping storing report.","meta":{"rootId":"d70apqp1krk34og","id":"d70apqp1krk34og"},"id":"o82046xt2ynsiip","previousOperationId":"h9z8jfckda6d2me"}
{"type":"log","timestamp":1705590535610,"level":"info","message":"Rendering request 34 finished in 828 ms","meta":{"rootId":"d70apqp1krk34og","id":"d70apqp1krk34og"},"id":"sdn2qlqclfbyh8w","previousOperationId":"h9z8jfckda6d2me"}
{"type":"operationEnd","subtype":"render","operationId":"yk6uyvswuyhdpcw","timestamp":1705590535610,"id":"c4plctx2pqoduu9","previousEventId":"g0psxzmze5oynf3","previousOperationId":"h9z8jfckda6d2me"}
{"type":"operationEnd","doDiffs":false,"previousEventId":"v3ouqj9pxxj8kay","previousOperationId":"morsnhn9eaa2mte","operationId":"morsnhn9eaa2mte","timestamp":1705590535623,"id":"uelqratwc5y3vel"}
