{"type":"operationStart","subtype":"profile","data":{"_id":"tO58icFkClc7Bqh3","timestamp":"2024-01-18T17:36:04.791Z","state":"queued","mode":"standard","creationDate":"2024-01-18T17:36:04.793Z","modificationDate":"2024-01-18T17:36:04.793Z","shortid":"s0UXgX0","$entitySet":"profiles"},"doDiffs":false,"timestamp":1705599364792,"id":"utav84s1pn7r7zz","previousOperationId":null,"operationId":"0mcgcysubgpytmh"}
{"type":"log","level":"info","message":"Render request 15 queued for execution and waiting for available worker","previousOperationId":"0mcgcysubgpytmh","timestamp":1705599364792,"id":"ge6tnjdv0wtyscc"}
{"type":"operationStart","subtype":"render","name":"orders-main","previousOperationId":"0mcgcysubgpytmh","timestamp":1705599364797,"id":"btceavkec9vf2t5","previousEventId":"utav84s1pn7r7zz","operationId":"gnkqhqqpe73x70o"}
{"type":"log","timestamp":1705599364797,"level":"info","message":"Starting rendering request 15","meta":{"rootId":"dg1s7q21dlojazs","id":"dg1s7q21dlojazs"},"id":"2pg49bqpfutp050","previousOperationId":"gnkqhqqpe73x70o"}
{"type":"log","timestamp":1705599364797,"level":"info","message":"Rendering template { name: orders-main, recipe: chrome-pdf, engine: handlebars, preview: true }","meta":{"rootId":"dg1s7q21dlojazs","id":"dg1s7q21dlojazs"},"id":"itsz4gbqeqnr0cw","previousOperationId":"gnkqhqqpe73x70o"}
{"type":"log","timestamp":1705599364798,"level":"debug","message":"Data item not defined for this template.","meta":{"rootId":"dg1s7q21dlojazs","id":"dg1s7q21dlojazs"},"id":"8rgnosoq5yp9o7v","previousOperationId":"gnkqhqqpe73x70o"}
{"type":"log","timestamp":1705599364799,"level":"debug","message":"Executing script orders-script (beforeRender)","meta":{"rootId":"dg1s7q21dlojazs","id":"dg1s7q21dlojazs"},"id":"73yd7ye9ufszsxw","previousOperationId":"gnkqhqqpe73x70o"}
{"type":"operationStart","subtype":"scriptsBeforeRender","name":"scripts beforeRender","timestamp":1705599364808,"id":"jldvsutu9admxgc","previousEventId":"btceavkec9vf2t5","operationId":"hoks5zzur4r9mqk","previousOperationId":"gnkqhqqpe73x70o"}
{"type":"operationStart","subtype":"script","name":"scripts orders-script","previousOperationId":"hoks5zzur4r9mqk","timestamp":1705599364808,"id":"7vug7j2hayexcoj","previousEventId":"jldvsutu9admxgc","operationId":"rsq4z59s9cysi10"}
{"type":"log","timestamp":1705599364816,"level":"debug","message":"(console:log) [ 'Race1', 'Race2' ]","meta":{"userLevel":true,"rootId":"dg1s7q21dlojazs","id":"dg1s7q21dlojazs"},"id":"zkvhvgh3p8nguo2","previousOperationId":"rsq4z59s9cysi10"}
{"type":"log","timestamp":1705599364816,"level":"debug","message":"(console:log) [ 2, 1 ]","meta":{"userLevel":true,"rootId":"dg1s7q21dlojazs","id":"dg1s7q21dlojazs"},"id":"1n547xic87yh76n","previousOperationId":"rsq4z59s9cysi10"}
{"type":"operationEnd","operationId":"rsq4z59s9cysi10","timestamp":1705599364817,"id":"rct5cls3zckcfk2","previousEventId":"btceavkec9vf2t5","previousOperationId":"gnkqhqqpe73x70o"}
{"type":"operationEnd","operationId":"hoks5zzur4r9mqk","timestamp":1705599364817,"id":"t28nbr9bl57f1j2","previousEventId":"rct5cls3zckcfk2","previousOperationId":"gnkqhqqpe73x70o"}
{"type":"log","timestamp":1705599364817,"level":"debug","message":"Base url not specified, skipping its injection.","meta":{"rootId":"dg1s7q21dlojazs","id":"dg1s7q21dlojazs"},"id":"gq6enn0yloaffwh","previousOperationId":"hoks5zzur4r9mqk"}
{"type":"operationStart","subtype":"engine","name":"handlebars","timestamp":1705599364817,"id":"cg66lydh8g7ae8u","previousEventId":"t28nbr9bl57f1j2","operationId":"908y73ab57hxghf","previousOperationId":"hoks5zzur4r9mqk"}
{"type":"log","timestamp":1705599364817,"level":"debug","message":"Rendering engine handlebars","meta":{"rootId":"dg1s7q21dlojazs","id":"dg1s7q21dlojazs"},"id":"ozjec8zupxxt6gk","previousOperationId":"908y73ab57hxghf"}
{"type":"log","timestamp":1705599364829,"level":"debug","message":"(console:log) Pdf utils adding group field, value: \"Race1\"","meta":{"userLevel":true,"rootId":"dg1s7q21dlojazs","id":"dg1s7q21dlojazs"},"id":"mirs1kktf97zbj7","previousOperationId":"908y73ab57hxghf"}
{"type":"log","timestamp":1705599364830,"level":"debug","message":"(console:log) Pdf utils adding group field, value: \"Race2\"","meta":{"userLevel":true,"rootId":"dg1s7q21dlojazs","id":"dg1s7q21dlojazs"},"id":"lx4fnpb8l72sf4s","previousOperationId":"908y73ab57hxghf"}
{"type":"operationEnd","operationId":"908y73ab57hxghf","timestamp":1705599364830,"id":"xuhkeugeg124nhm","previousEventId":"cg66lydh8g7ae8u","previousOperationId":"908y73ab57hxghf"}
{"type":"operationStart","subtype":"recipe","name":"chrome-pdf","timestamp":1705599364830,"id":"i8zs4xayrmh6byj","previousEventId":"xuhkeugeg124nhm","operationId":"lynourbgbp5s6ta","previousOperationId":"908y73ab57hxghf"}
{"type":"log","timestamp":1705599364830,"level":"debug","message":"Executing recipe chrome-pdf","meta":{"rootId":"dg1s7q21dlojazs","id":"dg1s7q21dlojazs"},"id":"ma5maur2f0f2qdn","previousOperationId":"lynourbgbp5s6ta"}
{"type":"log","timestamp":1705599364831,"level":"debug","message":"Converting with chrome HeadlessChrome/117.0.5938.149 using chrome-pool strategy","meta":{"rootId":"dg1s7q21dlojazs","id":"dg1s7q21dlojazs"},"id":"3gon12ukcek8loj","previousOperationId":"lynourbgbp5s6ta"}
{"type":"log","timestamp":1705599364896,"level":"debug","message":"Page request: GET (document) file:///C:/Users/DANIEL~1/AppData/Local/Temp/jsreport/autocleanup/81afcfa6-70c8-44ea-b9c2-c4ae5525eab2-chrome-pdf.html","meta":{"rootId":"dg1s7q21dlojazs","id":"dg1s7q21dlojazs"},"id":"hyw8aszdwed2c88","previousOperationId":"lynourbgbp5s6ta"}
{"type":"log","timestamp":1705599364913,"level":"debug","message":"Page request: GET (stylesheet) https://cdnjs.cloudflare.com/ajax/libs/metro/4.1.5/css/metro.min.css","meta":{"rootId":"dg1s7q21dlojazs","id":"dg1s7q21dlojazs"},"id":"1belq6qg0hz7x79","previousOperationId":"lynourbgbp5s6ta"}
{"type":"log","timestamp":1705599364913,"level":"debug","message":"Page request: GET (script) https://cdn.jsdelivr.net/npm/chart.js","meta":{"rootId":"dg1s7q21dlojazs","id":"dg1s7q21dlojazs"},"id":"nvnic83rdpjs8yc","previousOperationId":"lynourbgbp5s6ta"}
{"type":"log","timestamp":1705599364913,"level":"debug","message":"Page request finished: GET (document) 200 file:///C:/Users/DANIEL~1/AppData/Local/Temp/jsreport/autocleanup/81afcfa6-70c8-44ea-b9c2-c4ae5525eab2-chrome-pdf.html","meta":{"rootId":"dg1s7q21dlojazs","id":"dg1s7q21dlojazs"},"id":"ktox6l93z3hmnfx","previousOperationId":"lynourbgbp5s6ta"}
{"type":"log","timestamp":1705599364916,"level":"debug","message":"Page request finished: GET (script) 200 https://cdn.jsdelivr.net/npm/chart.js","meta":{"rootId":"dg1s7q21dlojazs","id":"dg1s7q21dlojazs"},"id":"fgmqvahakzdrhre","previousOperationId":"lynourbgbp5s6ta"}
{"type":"log","timestamp":1705599364925,"level":"debug","message":"Page request finished: GET (stylesheet) 200 https://cdnjs.cloudflare.com/ajax/libs/metro/4.1.5/css/metro.min.css","meta":{"rootId":"dg1s7q21dlojazs","id":"dg1s7q21dlojazs"},"id":"4tn3jp4jmdimi2u","previousOperationId":"lynourbgbp5s6ta"}
{"type":"log","timestamp":1705599364928,"level":"warn","message":"Page error: Unexpected token ';' , stack: SyntaxError: Unexpected token ';'","meta":{"rootId":"dg1s7q21dlojazs","id":"dg1s7q21dlojazs"},"id":"ex6gbqff3zg0x4l","previousOperationId":"lynourbgbp5s6ta"}
{"type":"log","timestamp":1705599364949,"level":"debug","message":"Running chrome with params {\"printBackground\":true,\"marginTop\":\"4cm\",\"marginRight\":\"1.5cm\",\"marginBottom\":\"1.5cm\",\"marginLeft\":\"1.5cm\",\"waitForJS\":false,\"timeout\":59960,\"margin\":{\"top\":\"4cm\",\"right\":\"1.5cm\",\"bottom\":\"1.5cm\",\"left\":\"1.5cm\"}}","meta":{"rootId":"dg1s7q21dlojazs","id":"dg1s7q21dlojazs"},"id":"rjr7w5mny7ywif1","previousOperationId":"lynourbgbp5s6ta"}
{"type":"operationEnd","operationId":"lynourbgbp5s6ta","timestamp":1705599365003,"id":"iopar86dvh9ud3e","previousEventId":"i8zs4xayrmh6byj","previousOperationId":"lynourbgbp5s6ta"}
{"type":"log","timestamp":1705599365004,"level":"info","message":"pdf-utils is starting pdf processing","meta":{"rootId":"dg1s7q21dlojazs","id":"dg1s7q21dlojazs"},"id":"hp27gfd8y8nw2ck","previousOperationId":"lynourbgbp5s6ta"}
{"type":"operationStart","subtype":"pdfUtils","name":"pdf utils","timestamp":1705599365004,"id":"bu3z016ygw9fu6d","previousEventId":"iopar86dvh9ud3e","operationId":"9msbca2bw5cocjd","previousOperationId":"lynourbgbp5s6ta"}
{"type":"log","timestamp":1705599365004,"level":"debug","message":"pdf-utils detected 1 pdf operation(s) to process","meta":{"rootId":"dg1s7q21dlojazs","id":"dg1s7q21dlojazs"},"id":"pe8xb4zhr7wjhyx","previousOperationId":"9msbca2bw5cocjd"}
{"type":"log","timestamp":1705599365013,"level":"debug","message":"pdf-utils running pdf operation merge","meta":{"rootId":"dg1s7q21dlojazs","id":"dg1s7q21dlojazs"},"id":"u3t1sabblt7u6ev","previousOperationId":"9msbca2bw5cocjd"}
{"type":"operationStart","subtype":"pdfUtilsMerge","name":"pdf utils merge","previousOperationId":"9msbca2bw5cocjd","timestamp":1705599365013,"id":"8ywsgmkb44mwvaq","previousEventId":"bu3z016ygw9fu6d","operationId":"7cc26iduap6d80r"}
{"type":"operationStart","subtype":"render","name":"orders-header","previousOperationId":"7cc26iduap6d80r","timestamp":1705599365014,"id":"o7c5dgz9ngl7rbh","previousEventId":"8ywsgmkb44mwvaq","operationId":"idsc48dg6kymxd0"}
{"type":"log","timestamp":1705599365014,"level":"info","message":"Starting rendering (child) request","meta":{"rootId":"dg1s7q21dlojazs","id":"4sz0jgg582cb85b"},"id":"y42za5qd37cuqbh","previousOperationId":"idsc48dg6kymxd0"}
{"type":"log","timestamp":1705599365014,"level":"info","message":"Rendering template { name: orders-header, recipe: chrome-pdf, engine: handlebars, preview: true }","meta":{"rootId":"dg1s7q21dlojazs","id":"4sz0jgg582cb85b"},"id":"wvseb3ik0emc4xe","previousOperationId":"idsc48dg6kymxd0"}
{"type":"log","timestamp":1705599365015,"level":"debug","message":"Inline data specified.","meta":{"rootId":"dg1s7q21dlojazs","id":"4sz0jgg582cb85b"},"id":"tzwzw3gd6ln9kfr","previousOperationId":"idsc48dg6kymxd0"}
{"type":"log","timestamp":1705599365016,"level":"debug","message":"Base url not specified, skipping its injection.","meta":{"rootId":"dg1s7q21dlojazs","id":"4sz0jgg582cb85b"},"id":"92dq2v489z17z9a","previousOperationId":"idsc48dg6kymxd0"}
{"type":"operationStart","subtype":"engine","name":"handlebars","timestamp":1705599365016,"id":"gn83n195piv45en","previousEventId":"o7c5dgz9ngl7rbh","operationId":"hhiw5hyxaz0omay","previousOperationId":"idsc48dg6kymxd0"}
{"type":"log","timestamp":1705599365016,"level":"debug","message":"Rendering engine handlebars","meta":{"rootId":"dg1s7q21dlojazs","id":"4sz0jgg582cb85b"},"id":"ruyz908p5er42pr","previousOperationId":"hhiw5hyxaz0omay"}
{"type":"operationEnd","operationId":"hhiw5hyxaz0omay","timestamp":1705599365026,"id":"30ff78i5bklh5rx","previousEventId":"gn83n195piv45en","previousOperationId":"hhiw5hyxaz0omay"}
{"type":"operationStart","subtype":"recipe","name":"chrome-pdf","timestamp":1705599365026,"id":"j2lalf8hpfub4ja","previousEventId":"30ff78i5bklh5rx","operationId":"4b50zdoxwk3n24l","previousOperationId":"hhiw5hyxaz0omay"}
{"type":"log","timestamp":1705599365026,"level":"debug","message":"Executing recipe chrome-pdf","meta":{"rootId":"dg1s7q21dlojazs","id":"4sz0jgg582cb85b"},"id":"sgh8b5v7jlk0dyq","previousOperationId":"4b50zdoxwk3n24l"}
{"type":"log","timestamp":1705599365028,"level":"debug","message":"Converting with chrome HeadlessChrome/117.0.5938.149 using chrome-pool strategy","meta":{"rootId":"dg1s7q21dlojazs","id":"4sz0jgg582cb85b"},"id":"j9bluvnwwsp2kom","previousOperationId":"4b50zdoxwk3n24l"}
{"type":"log","timestamp":1705599365090,"level":"debug","message":"Page request: GET (document) file:///C:/Users/DANIEL~1/AppData/Local/Temp/jsreport/autocleanup/f9ae3d62-d2f2-40c4-8215-3d9a0171d5df-chrome-pdf.html","meta":{"rootId":"dg1s7q21dlojazs","id":"4sz0jgg582cb85b"},"id":"0rukvcfkb3fqyct","previousOperationId":"4b50zdoxwk3n24l"}
{"type":"log","timestamp":1705599365096,"level":"debug","message":"Page request: GET (stylesheet) https://cdnjs.cloudflare.com/ajax/libs/metro/4.1.5/css/metro.min.css","meta":{"rootId":"dg1s7q21dlojazs","id":"4sz0jgg582cb85b"},"id":"ffc4anpufpq1lkx","previousOperationId":"4b50zdoxwk3n24l"}
{"type":"log","timestamp":1705599365097,"level":"debug","message":"Page request finished: GET (document) 200 file:///C:/Users/DANIEL~1/AppData/Local/Temp/jsreport/autocleanup/f9ae3d62-d2f2-40c4-8215-3d9a0171d5df-chrome-pdf.html","meta":{"rootId":"dg1s7q21dlojazs","id":"4sz0jgg582cb85b"},"id":"rbks5e7i3rd4j24","previousOperationId":"4b50zdoxwk3n24l"}
{"type":"log","timestamp":1705599365108,"level":"debug","message":"Page request finished: GET (stylesheet) 200 https://cdnjs.cloudflare.com/ajax/libs/metro/4.1.5/css/metro.min.css","meta":{"rootId":"dg1s7q21dlojazs","id":"4sz0jgg582cb85b"},"id":"vjl721l63jxvpwn","previousOperationId":"4b50zdoxwk3n24l"}
{"type":"log","timestamp":1705599365120,"level":"debug","message":"Running chrome with params {\"printBackground\":true,\"marginTop\":\"1.5cm\",\"marginRight\":\"1.5cm\",\"marginLeft\":\"1.cm\",\"timeout\":59763,\"margin\":{\"top\":\"1.5cm\",\"right\":\"1.5cm\",\"left\":\"1.cm\"}}","meta":{"rootId":"dg1s7q21dlojazs","id":"4sz0jgg582cb85b"},"id":"6klf9peh0q1ghtl","previousOperationId":"4b50zdoxwk3n24l"}
{"type":"operationEnd","operationId":"4b50zdoxwk3n24l","timestamp":1705599365147,"id":"qpqn7v4mg4400bi","previousEventId":"j2lalf8hpfub4ja","previousOperationId":"4b50zdoxwk3n24l"}
{"type":"log","timestamp":1705599365147,"level":"debug","message":"Skipping storing report.","meta":{"rootId":"dg1s7q21dlojazs","id":"4sz0jgg582cb85b"},"id":"q45s4iir1jpq63i","previousOperationId":"4b50zdoxwk3n24l"}
{"type":"log","timestamp":1705599365147,"level":"info","message":"Rendering (child) request finished in 356 ms","meta":{"rootId":"dg1s7q21dlojazs","id":"4sz0jgg582cb85b"},"id":"frakgow3elo8upj","previousOperationId":"4b50zdoxwk3n24l"}
{"type":"operationEnd","subtype":"render","operationId":"idsc48dg6kymxd0","timestamp":1705599365147,"id":"22zmfm2rhtnmqgm","previousEventId":"qpqn7v4mg4400bi","previousOperationId":"4b50zdoxwk3n24l"}
{"type":"operationEnd","operationId":"7cc26iduap6d80r","timestamp":1705599365154,"id":"cldkgsuw23qzgzw","previousEventId":"8ywsgmkb44mwvaq","previousOperationId":"7cc26iduap6d80r"}
{"type":"log","timestamp":1705599365155,"level":"debug","message":"pdf-utils postproces start","meta":{"rootId":"dg1s7q21dlojazs","id":"dg1s7q21dlojazs"},"id":"0rnnd5s1lqogkt7","previousOperationId":"7cc26iduap6d80r"}
{"type":"log","timestamp":1705599365161,"level":"debug","message":"pdf-utils postproces end","meta":{"rootId":"dg1s7q21dlojazs","id":"dg1s7q21dlojazs"},"id":"0e4wzjg7ihpcqx2","previousOperationId":"7cc26iduap6d80r"}
{"type":"operationEnd","operationId":"9msbca2bw5cocjd","timestamp":1705599365161,"id":"wsqw7s3wwcq4479","previousEventId":"cldkgsuw23qzgzw","previousOperationId":"7cc26iduap6d80r"}
{"type":"log","timestamp":1705599365161,"level":"info","message":"pdf-utils pdf processing was finished","meta":{"rootId":"dg1s7q21dlojazs","id":"dg1s7q21dlojazs"},"id":"fda3qfvynvaano7","previousOperationId":"9msbca2bw5cocjd"}
{"type":"log","timestamp":1705599365161,"level":"debug","message":"Skipping storing report.","meta":{"rootId":"dg1s7q21dlojazs","id":"dg1s7q21dlojazs"},"id":"bcfgk2hade7cqkc","previousOperationId":"9msbca2bw5cocjd"}
{"type":"log","timestamp":1705599365162,"level":"info","message":"Rendering request 15 finished in 371 ms","meta":{"rootId":"dg1s7q21dlojazs","id":"dg1s7q21dlojazs"},"id":"6zifn187vuo79ln","previousOperationId":"9msbca2bw5cocjd"}
{"type":"operationEnd","subtype":"render","operationId":"gnkqhqqpe73x70o","timestamp":1705599365162,"id":"ihz8xeg4eguklwc","previousEventId":"wsqw7s3wwcq4479","previousOperationId":"9msbca2bw5cocjd"}
{"type":"operationEnd","doDiffs":false,"previousEventId":"utav84s1pn7r7zz","previousOperationId":"0mcgcysubgpytmh","operationId":"0mcgcysubgpytmh","timestamp":1705599365167,"id":"qgkszkwauj6s3zd"}
