{"type":"operationStart","subtype":"profile","data":{"_id":"XbmWYIqXBSH5X9Ob","timestamp":"2024-01-18T14:56:29.068Z","state":"queued","mode":"standard","creationDate":"2024-01-18T14:56:29.072Z","modificationDate":"2024-01-18T14:56:29.072Z","shortid":"qu2prHv","$entitySet":"profiles"},"doDiffs":false,"timestamp":1705589789070,"id":"f9eo9aqcpgsu6kw","previousOperationId":null,"operationId":"hdzcm998w5ssvvu"}
{"type":"log","level":"info","message":"Render request 17 queued for execution and waiting for available worker","previousOperationId":"hdzcm998w5ssvvu","timestamp":1705589789070,"id":"i25om3utwo0ftxk"}
{"type":"operationStart","subtype":"render","name":"orders-main","previousOperationId":"hdzcm998w5ssvvu","timestamp":1705589789085,"id":"3rnt1y2mwvojbkq","previousEventId":"f9eo9aqcpgsu6kw","operationId":"7t4o2uphcjx8x1y"}
{"type":"log","timestamp":1705589789086,"level":"info","message":"Starting rendering request 17","meta":{"rootId":"dob3t9eid3fdk6x","id":"dob3t9eid3fdk6x"},"id":"bd29jwp4ncyfmur","previousOperationId":"7t4o2uphcjx8x1y"}
{"type":"log","timestamp":1705589789086,"level":"info","message":"Rendering template { name: orders-main, recipe: chrome-pdf, engine: handlebars, preview: true }","meta":{"rootId":"dob3t9eid3fdk6x","id":"dob3t9eid3fdk6x"},"id":"s3yho0qeq1uy8vr","previousOperationId":"7t4o2uphcjx8x1y"}
{"type":"log","timestamp":1705589789089,"level":"debug","message":"Data item not defined for this template.","meta":{"rootId":"dob3t9eid3fdk6x","id":"dob3t9eid3fdk6x"},"id":"bxux9s996bpm1gj","previousOperationId":"7t4o2uphcjx8x1y"}
{"type":"log","timestamp":1705589789094,"level":"debug","message":"Executing script orders-script (beforeRender)","meta":{"rootId":"dob3t9eid3fdk6x","id":"dob3t9eid3fdk6x"},"id":"lpqoh97cpgcpcnw","previousOperationId":"7t4o2uphcjx8x1y"}
{"type":"operationStart","subtype":"scriptsBeforeRender","name":"scripts beforeRender","timestamp":1705589789117,"id":"gc3v147k2lyhugb","previousEventId":"3rnt1y2mwvojbkq","operationId":"8djeno1ru7eopr0","previousOperationId":"7t4o2uphcjx8x1y"}
{"type":"operationStart","subtype":"script","name":"scripts orders-script","previousOperationId":"8djeno1ru7eopr0","timestamp":1705589789117,"id":"lsp6oroj43htmz0","previousEventId":"gc3v147k2lyhugb","operationId":"3h3fmj67bdjiykr"}
{"type":"operationEnd","operationId":"3h3fmj67bdjiykr","timestamp":1705589789144,"id":"yc4vp35szugwqqw","previousEventId":"3rnt1y2mwvojbkq","previousOperationId":"7t4o2uphcjx8x1y"}
{"type":"operationEnd","operationId":"8djeno1ru7eopr0","timestamp":1705589789144,"id":"meuz7gh2f1yo0cw","previousEventId":"yc4vp35szugwqqw","previousOperationId":"7t4o2uphcjx8x1y"}
{"type":"log","timestamp":1705589789144,"level":"debug","message":"Base url not specified, skipping its injection.","meta":{"rootId":"dob3t9eid3fdk6x","id":"dob3t9eid3fdk6x"},"id":"c5t69oqd6md0w15","previousOperationId":"8djeno1ru7eopr0"}
{"type":"operationStart","subtype":"engine","name":"handlebars","timestamp":1705589789145,"id":"qsoundhbipsa09b","previousEventId":"meuz7gh2f1yo0cw","operationId":"7danvj4hfhqcbyw","previousOperationId":"8djeno1ru7eopr0"}
{"type":"log","timestamp":1705589789145,"level":"debug","message":"Rendering engine handlebars","meta":{"rootId":"dob3t9eid3fdk6x","id":"dob3t9eid3fdk6x"},"id":"y51lxda7ko24mq9","previousOperationId":"7danvj4hfhqcbyw"}
{"type":"log","timestamp":1705589789177,"level":"debug","message":"(console:log) Pdf utils adding group field, value: \"Race1\"","meta":{"userLevel":true,"rootId":"dob3t9eid3fdk6x","id":"dob3t9eid3fdk6x"},"id":"dql41ny2xyzcl3l","previousOperationId":"7danvj4hfhqcbyw"}
{"type":"log","timestamp":1705589789177,"level":"debug","message":"(console:log) Pdf utils adding group field, value: \"Race2\"","meta":{"userLevel":true,"rootId":"dob3t9eid3fdk6x","id":"dob3t9eid3fdk6x"},"id":"a1hms4g9fh8jek6","previousOperationId":"7danvj4hfhqcbyw"}
{"type":"operationEnd","operationId":"7danvj4hfhqcbyw","timestamp":1705589789177,"id":"17eczcltyl1vl1o","previousEventId":"qsoundhbipsa09b","previousOperationId":"7danvj4hfhqcbyw"}
{"type":"operationStart","subtype":"recipe","name":"chrome-pdf","timestamp":1705589789178,"id":"241gt9xn3cb7cgj","previousEventId":"17eczcltyl1vl1o","operationId":"8xhyqbb2mhjp5r0","previousOperationId":"7danvj4hfhqcbyw"}
{"type":"log","timestamp":1705589789178,"level":"debug","message":"Executing recipe chrome-pdf","meta":{"rootId":"dob3t9eid3fdk6x","id":"dob3t9eid3fdk6x"},"id":"vgi52njwr6mv5we","previousOperationId":"8xhyqbb2mhjp5r0"}
{"type":"log","timestamp":1705589789182,"level":"debug","message":"Converting with chrome HeadlessChrome/117.0.5938.149 using chrome-pool strategy","meta":{"rootId":"dob3t9eid3fdk6x","id":"dob3t9eid3fdk6x"},"id":"pifkmjapu36a8ja","previousOperationId":"8xhyqbb2mhjp5r0"}
{"type":"log","timestamp":1705589789326,"level":"debug","message":"Page request: GET (document) file:///C:/Users/DANIEL~1/AppData/Local/Temp/jsreport/autocleanup/34d54602-ba09-45d9-9e87-d66b3010733f-chrome-pdf.html","meta":{"rootId":"dob3t9eid3fdk6x","id":"dob3t9eid3fdk6x"},"id":"zz2yxpozlnp74ul","previousOperationId":"8xhyqbb2mhjp5r0"}
{"type":"log","timestamp":1705589789358,"level":"debug","message":"Page request: GET (stylesheet) https://cdnjs.cloudflare.com/ajax/libs/metro/4.1.5/css/metro.min.css","meta":{"rootId":"dob3t9eid3fdk6x","id":"dob3t9eid3fdk6x"},"id":"6u1nmzvlxi52tc1","previousOperationId":"8xhyqbb2mhjp5r0"}
{"type":"log","timestamp":1705589789358,"level":"debug","message":"Page request finished: GET (document) 200 file:///C:/Users/DANIEL~1/AppData/Local/Temp/jsreport/autocleanup/34d54602-ba09-45d9-9e87-d66b3010733f-chrome-pdf.html","meta":{"rootId":"dob3t9eid3fdk6x","id":"dob3t9eid3fdk6x"},"id":"2lybyvvlw1m3v78","previousOperationId":"8xhyqbb2mhjp5r0"}
{"type":"log","timestamp":1705589789358,"level":"debug","message":"Page request: GET (script) https://cdnjs.cloudflare.com/ajax/libs/Chart.js/2.9.4/Chart.js","meta":{"rootId":"dob3t9eid3fdk6x","id":"dob3t9eid3fdk6x"},"id":"5x5yehpedp3gv8z","previousOperationId":"8xhyqbb2mhjp5r0"}
{"type":"log","timestamp":1705589789384,"level":"debug","message":"Page request finished: GET (stylesheet) 200 https://cdnjs.cloudflare.com/ajax/libs/metro/4.1.5/css/metro.min.css","meta":{"rootId":"dob3t9eid3fdk6x","id":"dob3t9eid3fdk6x"},"id":"fhy6ml5pvuoe470","previousOperationId":"8xhyqbb2mhjp5r0"}
{"type":"log","timestamp":1705589789384,"level":"debug","message":"Page request finished: GET (script) 200 https://cdnjs.cloudflare.com/ajax/libs/Chart.js/2.9.4/Chart.js","meta":{"rootId":"dob3t9eid3fdk6x","id":"dob3t9eid3fdk6x"},"id":"9tagia8owskjjwd","previousOperationId":"8xhyqbb2mhjp5r0"}
{"type":"log","timestamp":1705589789390,"level":"warn","message":"Page error: barColors is not defined , stack: ReferenceError: barColors is not defined\n    at <anonymous> (file:///C:/Users/DANIEL~1/AppData/Local/Temp/jsreport/autocleanup/34d54602-ba09-45d9-9e87-d66b3010733f-chrome-pdf.html:22:24)","meta":{"rootId":"dob3t9eid3fdk6x","id":"dob3t9eid3fdk6x"},"id":"lqta5eknha3sltd","previousOperationId":"8xhyqbb2mhjp5r0"}
{"type":"log","timestamp":1705589789424,"level":"debug","message":"Running chrome with params {\"printBackground\":true,\"marginTop\":\"4cm\",\"marginRight\":\"1.5cm\",\"marginBottom\":\"1.5cm\",\"marginLeft\":\"1.5cm\",\"waitForJS\":false,\"timeout\":59888,\"margin\":{\"top\":\"4cm\",\"right\":\"1.5cm\",\"bottom\":\"1.5cm\",\"left\":\"1.5cm\"}}","meta":{"rootId":"dob3t9eid3fdk6x","id":"dob3t9eid3fdk6x"},"id":"ad7yqrm7qoz4y8o","previousOperationId":"8xhyqbb2mhjp5r0"}
{"type":"operationEnd","operationId":"8xhyqbb2mhjp5r0","timestamp":1705589789508,"id":"rrq93i2je2ebirp","previousEventId":"241gt9xn3cb7cgj","previousOperationId":"8xhyqbb2mhjp5r0"}
{"type":"log","timestamp":1705589789509,"level":"info","message":"pdf-utils is starting pdf processing","meta":{"rootId":"dob3t9eid3fdk6x","id":"dob3t9eid3fdk6x"},"id":"4kdjvi2221a54g8","previousOperationId":"8xhyqbb2mhjp5r0"}
{"type":"operationStart","subtype":"pdfUtils","name":"pdf utils","timestamp":1705589789509,"id":"hji9j0eiqw82n1c","previousEventId":"rrq93i2je2ebirp","operationId":"0wp8cyjm9pt3nvm","previousOperationId":"8xhyqbb2mhjp5r0"}
{"type":"log","timestamp":1705589789509,"level":"debug","message":"pdf-utils detected 1 pdf operation(s) to process","meta":{"rootId":"dob3t9eid3fdk6x","id":"dob3t9eid3fdk6x"},"id":"dqpev02xsthqgnq","previousOperationId":"0wp8cyjm9pt3nvm"}
{"type":"log","timestamp":1705589789533,"level":"debug","message":"pdf-utils running pdf operation merge","meta":{"rootId":"dob3t9eid3fdk6x","id":"dob3t9eid3fdk6x"},"id":"29wx6ew8cgcub7d","previousOperationId":"0wp8cyjm9pt3nvm"}
{"type":"operationStart","subtype":"pdfUtilsMerge","name":"pdf utils merge","previousOperationId":"0wp8cyjm9pt3nvm","timestamp":1705589789533,"id":"b7fyk51r5dx2n5a","previousEventId":"hji9j0eiqw82n1c","operationId":"id06atyf9uk93dm"}
{"type":"operationStart","subtype":"render","name":"orders-header","previousOperationId":"id06atyf9uk93dm","timestamp":1705589789536,"id":"rez7n4bwh71htu1","previousEventId":"b7fyk51r5dx2n5a","operationId":"obm61gao9yz1w2k"}
{"type":"log","timestamp":1705589789536,"level":"info","message":"Starting rendering (child) request","meta":{"rootId":"dob3t9eid3fdk6x","id":"tb3k60katl9mp5w"},"id":"mx2io20g8y2ci35","previousOperationId":"obm61gao9yz1w2k"}
{"type":"log","timestamp":1705589789536,"level":"info","message":"Rendering template { name: orders-header, recipe: chrome-pdf, engine: handlebars, preview: true }","meta":{"rootId":"dob3t9eid3fdk6x","id":"tb3k60katl9mp5w"},"id":"rwu2cfqq9txhtt5","previousOperationId":"obm61gao9yz1w2k"}
{"type":"log","timestamp":1705589789537,"level":"debug","message":"Inline data specified.","meta":{"rootId":"dob3t9eid3fdk6x","id":"tb3k60katl9mp5w"},"id":"0oabrqn3inbbr0i","previousOperationId":"obm61gao9yz1w2k"}
{"type":"log","timestamp":1705589789542,"level":"debug","message":"Base url not specified, skipping its injection.","meta":{"rootId":"dob3t9eid3fdk6x","id":"tb3k60katl9mp5w"},"id":"654o4kung5j1b1s","previousOperationId":"obm61gao9yz1w2k"}
{"type":"operationStart","subtype":"engine","name":"handlebars","timestamp":1705589789542,"id":"wpnsmeabcl946zn","previousEventId":"rez7n4bwh71htu1","operationId":"hmyjp3xrz33ooql","previousOperationId":"obm61gao9yz1w2k"}
{"type":"log","timestamp":1705589789542,"level":"debug","message":"Rendering engine handlebars","meta":{"rootId":"dob3t9eid3fdk6x","id":"tb3k60katl9mp5w"},"id":"29jhtn33mbvznqe","previousOperationId":"hmyjp3xrz33ooql"}
{"type":"operationEnd","operationId":"hmyjp3xrz33ooql","timestamp":1705589789576,"id":"6d5zhc5t480wflt","previousEventId":"wpnsmeabcl946zn","previousOperationId":"hmyjp3xrz33ooql"}
{"type":"operationStart","subtype":"recipe","name":"chrome-pdf","timestamp":1705589789577,"id":"h4jloitzcueetsp","previousEventId":"6d5zhc5t480wflt","operationId":"9opxn0qfe9zzw9c","previousOperationId":"hmyjp3xrz33ooql"}
{"type":"log","timestamp":1705589789577,"level":"debug","message":"Executing recipe chrome-pdf","meta":{"rootId":"dob3t9eid3fdk6x","id":"tb3k60katl9mp5w"},"id":"qltv8p0072ruj60","previousOperationId":"9opxn0qfe9zzw9c"}
{"type":"log","timestamp":1705589789581,"level":"debug","message":"Converting with chrome HeadlessChrome/117.0.5938.149 using chrome-pool strategy","meta":{"rootId":"dob3t9eid3fdk6x","id":"tb3k60katl9mp5w"},"id":"4197t39v0n5mze7","previousOperationId":"9opxn0qfe9zzw9c"}
{"type":"log","timestamp":1705589789702,"level":"debug","message":"Page request: GET (document) file:///C:/Users/DANIEL~1/AppData/Local/Temp/jsreport/autocleanup/06364680-8603-4cad-84af-7499b0256abd-chrome-pdf.html","meta":{"rootId":"dob3t9eid3fdk6x","id":"tb3k60katl9mp5w"},"id":"hcpy41dspu0oe7a","previousOperationId":"9opxn0qfe9zzw9c"}
{"type":"log","timestamp":1705589789718,"level":"debug","message":"Page request: GET (stylesheet) https://cdnjs.cloudflare.com/ajax/libs/metro/4.1.5/css/metro.min.css","meta":{"rootId":"dob3t9eid3fdk6x","id":"tb3k60katl9mp5w"},"id":"eurfqhrscslc358","previousOperationId":"9opxn0qfe9zzw9c"}
{"type":"log","timestamp":1705589789718,"level":"debug","message":"Page request finished: GET (document) 200 file:///C:/Users/DANIEL~1/AppData/Local/Temp/jsreport/autocleanup/06364680-8603-4cad-84af-7499b0256abd-chrome-pdf.html","meta":{"rootId":"dob3t9eid3fdk6x","id":"tb3k60katl9mp5w"},"id":"lc34ek44hi6ryvg","previousOperationId":"9opxn0qfe9zzw9c"}
{"type":"log","timestamp":1705589789736,"level":"debug","message":"Page request finished: GET (stylesheet) 200 https://cdnjs.cloudflare.com/ajax/libs/metro/4.1.5/css/metro.min.css","meta":{"rootId":"dob3t9eid3fdk6x","id":"tb3k60katl9mp5w"},"id":"wypm6iwz638px86","previousOperationId":"9opxn0qfe9zzw9c"}
{"type":"log","timestamp":1705589789754,"level":"debug","message":"Running chrome with params {\"printBackground\":true,\"marginTop\":\"1.5cm\",\"marginRight\":\"1.5cm\",\"marginLeft\":\"1.cm\",\"timeout\":59488,\"margin\":{\"top\":\"1.5cm\",\"right\":\"1.5cm\",\"left\":\"1.cm\"}}","meta":{"rootId":"dob3t9eid3fdk6x","id":"tb3k60katl9mp5w"},"id":"h72optbtpu228rt","previousOperationId":"9opxn0qfe9zzw9c"}
{"type":"operationEnd","operationId":"9opxn0qfe9zzw9c","timestamp":1705589789793,"id":"h29qsghhg7osoj5","previousEventId":"h4jloitzcueetsp","previousOperationId":"9opxn0qfe9zzw9c"}
{"type":"log","timestamp":1705589789793,"level":"debug","message":"Skipping storing report.","meta":{"rootId":"dob3t9eid3fdk6x","id":"tb3k60katl9mp5w"},"id":"rkc10mfx0n3e3kb","previousOperationId":"9opxn0qfe9zzw9c"}
{"type":"log","timestamp":1705589789793,"level":"info","message":"Rendering (child) request finished in 725 ms","meta":{"rootId":"dob3t9eid3fdk6x","id":"tb3k60katl9mp5w"},"id":"fwwt0jo05rh2sof","previousOperationId":"9opxn0qfe9zzw9c"}
{"type":"operationEnd","subtype":"render","operationId":"obm61gao9yz1w2k","timestamp":1705589789793,"id":"tpbcz3wa20rn9qd","previousEventId":"h29qsghhg7osoj5","previousOperationId":"9opxn0qfe9zzw9c"}
{"type":"operationEnd","operationId":"id06atyf9uk93dm","timestamp":1705589789803,"id":"imbyhaarcpbhkvm","previousEventId":"b7fyk51r5dx2n5a","previousOperationId":"id06atyf9uk93dm"}
{"type":"log","timestamp":1705589789803,"level":"debug","message":"pdf-utils postproces start","meta":{"rootId":"dob3t9eid3fdk6x","id":"dob3t9eid3fdk6x"},"id":"ixxk2b853jbu3eq","previousOperationId":"id06atyf9uk93dm"}
{"type":"log","timestamp":1705589789817,"level":"debug","message":"pdf-utils postproces end","meta":{"rootId":"dob3t9eid3fdk6x","id":"dob3t9eid3fdk6x"},"id":"jtksjyepd4c4q7m","previousOperationId":"id06atyf9uk93dm"}
{"type":"operationEnd","operationId":"0wp8cyjm9pt3nvm","timestamp":1705589789817,"id":"ittnr9c7tn27n54","previousEventId":"imbyhaarcpbhkvm","previousOperationId":"id06atyf9uk93dm"}
{"type":"log","timestamp":1705589789817,"level":"info","message":"pdf-utils pdf processing was finished","meta":{"rootId":"dob3t9eid3fdk6x","id":"dob3t9eid3fdk6x"},"id":"ute5zkvq16l532t","previousOperationId":"0wp8cyjm9pt3nvm"}
{"type":"log","timestamp":1705589789817,"level":"debug","message":"Skipping storing report.","meta":{"rootId":"dob3t9eid3fdk6x","id":"dob3t9eid3fdk6x"},"id":"m0ctbi4c9vv2hzw","previousOperationId":"0wp8cyjm9pt3nvm"}
{"type":"log","timestamp":1705589789817,"level":"info","message":"Rendering request 17 finished in 749 ms","meta":{"rootId":"dob3t9eid3fdk6x","id":"dob3t9eid3fdk6x"},"id":"l95ezi0u16ps376","previousOperationId":"0wp8cyjm9pt3nvm"}
{"type":"operationEnd","subtype":"render","operationId":"7t4o2uphcjx8x1y","timestamp":1705589789817,"id":"021i3kbwjge0piw","previousEventId":"ittnr9c7tn27n54","previousOperationId":"0wp8cyjm9pt3nvm"}
{"type":"operationEnd","doDiffs":false,"previousEventId":"f9eo9aqcpgsu6kw","previousOperationId":"hdzcm998w5ssvvu","operationId":"hdzcm998w5ssvvu","timestamp":1705589789840,"id":"wj8yxwzovzi5uiw"}
