{"type":"operationStart","subtype":"profile","data":{"_id":"3jIlJssTD5w1zlPI","timestamp":"2024-01-17T16:31:09.573Z","state":"queued","mode":"standard","creationDate":"2024-01-17T16:31:09.574Z","modificationDate":"2024-01-17T16:31:09.574Z","shortid":"uciqyim","$entitySet":"profiles"},"doDiffs":false,"timestamp":1705509069574,"id":"7i9i7f5igez69da","previousOperationId":null,"operationId":"iij0u42jur0pa60"}
{"type":"log","level":"info","message":"Render request 43 queued for execution and waiting for available worker","previousOperationId":"iij0u42jur0pa60","timestamp":1705509069574,"id":"iohe3vthbveb5rx"}
{"type":"operationStart","subtype":"render","name":"orders-main","previousOperationId":"iij0u42jur0pa60","timestamp":1705509069579,"id":"5sqrsvq6asg7i9b","previousEventId":"7i9i7f5igez69da","operationId":"vo4lyzwpwmw1lip"}
{"type":"log","timestamp":1705509069579,"level":"info","message":"Starting rendering request 43","meta":{"rootId":"dxw8j8w30z6eh6j","id":"dxw8j8w30z6eh6j"},"id":"dykqlj1uvrqyaz3","previousOperationId":"vo4lyzwpwmw1lip"}
{"type":"log","timestamp":1705509069579,"level":"info","message":"Rendering template { name: orders-main, recipe: chrome-pdf, engine: handlebars, preview: true }","meta":{"rootId":"dxw8j8w30z6eh6j","id":"dxw8j8w30z6eh6j"},"id":"yezxu771m54z5n5","previousOperationId":"vo4lyzwpwmw1lip"}
{"type":"log","timestamp":1705509069581,"level":"debug","message":"Data item not defined for this template.","meta":{"rootId":"dxw8j8w30z6eh6j","id":"dxw8j8w30z6eh6j"},"id":"qymgjvsr8auk2r3","previousOperationId":"vo4lyzwpwmw1lip"}
{"type":"log","timestamp":1705509069582,"level":"debug","message":"Executing script orders-script (beforeRender)","meta":{"rootId":"dxw8j8w30z6eh6j","id":"dxw8j8w30z6eh6j"},"id":"s4xpugwhwbrohwr","previousOperationId":"vo4lyzwpwmw1lip"}
{"type":"operationStart","subtype":"scriptsBeforeRender","name":"scripts beforeRender","timestamp":1705509069589,"id":"s0l5jtktvzvf0ma","previousEventId":"5sqrsvq6asg7i9b","operationId":"rpydte6bxs0m9yi","previousOperationId":"vo4lyzwpwmw1lip"}
{"type":"operationStart","subtype":"script","name":"scripts orders-script","previousOperationId":"rpydte6bxs0m9yi","timestamp":1705509069589,"id":"wh8o77zl0pao5me","previousEventId":"s0l5jtktvzvf0ma","operationId":"8n2aexj6huv3l2f"}
{"type":"operationEnd","operationId":"8n2aexj6huv3l2f","timestamp":1705509069598,"id":"fkndwmy18tw8qnc","previousEventId":"5sqrsvq6asg7i9b","previousOperationId":"vo4lyzwpwmw1lip"}
{"type":"operationEnd","operationId":"rpydte6bxs0m9yi","timestamp":1705509069598,"id":"e6h3k7zsar5mhsa","previousEventId":"fkndwmy18tw8qnc","previousOperationId":"vo4lyzwpwmw1lip"}
{"type":"log","timestamp":1705509069598,"level":"debug","message":"Base url not specified, skipping its injection.","meta":{"rootId":"dxw8j8w30z6eh6j","id":"dxw8j8w30z6eh6j"},"id":"g6o2rmqsk7n0mot","previousOperationId":"rpydte6bxs0m9yi"}
{"type":"operationStart","subtype":"engine","name":"handlebars","timestamp":1705509069598,"id":"kngiamm5bjejiqz","previousEventId":"e6h3k7zsar5mhsa","operationId":"xlwec2u9cvvvc9m","previousOperationId":"rpydte6bxs0m9yi"}
{"type":"log","timestamp":1705509069598,"level":"debug","message":"Rendering engine handlebars","meta":{"rootId":"dxw8j8w30z6eh6j","id":"dxw8j8w30z6eh6j"},"id":"h8mo7f0xw79rcgy","previousOperationId":"xlwec2u9cvvvc9m"}
{"type":"log","timestamp":1705509069604,"level":"debug","message":"(console:log) Pdf utils adding group field, value: \"Race1\"","meta":{"userLevel":true,"rootId":"dxw8j8w30z6eh6j","id":"dxw8j8w30z6eh6j"},"id":"ve8cneskkifa00i","previousOperationId":"xlwec2u9cvvvc9m"}
{"type":"log","timestamp":1705509069604,"level":"debug","message":"(console:log) Pdf utils adding group field, value: \"Race2\"","meta":{"userLevel":true,"rootId":"dxw8j8w30z6eh6j","id":"dxw8j8w30z6eh6j"},"id":"zwx7qxmekq9mjdb","previousOperationId":"xlwec2u9cvvvc9m"}
{"type":"operationEnd","operationId":"xlwec2u9cvvvc9m","timestamp":1705509069604,"id":"l3cqc5p6gpxnsqg","previousEventId":"kngiamm5bjejiqz","previousOperationId":"xlwec2u9cvvvc9m"}
{"type":"operationStart","subtype":"recipe","name":"chrome-pdf","timestamp":1705509069605,"id":"x4255560maiow5p","previousEventId":"l3cqc5p6gpxnsqg","operationId":"73quttafsab9tif","previousOperationId":"xlwec2u9cvvvc9m"}
{"type":"log","timestamp":1705509069605,"level":"debug","message":"Executing recipe chrome-pdf","meta":{"rootId":"dxw8j8w30z6eh6j","id":"dxw8j8w30z6eh6j"},"id":"mszigqc34r3nwbd","previousOperationId":"73quttafsab9tif"}
{"type":"log","timestamp":1705509069606,"level":"debug","message":"Converting with chrome HeadlessChrome/117.0.5938.149 using chrome-pool strategy","meta":{"rootId":"dxw8j8w30z6eh6j","id":"dxw8j8w30z6eh6j"},"id":"e7qxkw304fohq19","previousOperationId":"73quttafsab9tif"}
{"type":"log","timestamp":1705509069666,"level":"debug","message":"Page request: GET (document) file:///C:/Users/DANIEL~1/AppData/Local/Temp/jsreport/autocleanup/326c8e26-cb27-46b7-a582-17a9ef15289c-chrome-pdf.html","meta":{"rootId":"dxw8j8w30z6eh6j","id":"dxw8j8w30z6eh6j"},"id":"moixb8byhme107p","previousOperationId":"73quttafsab9tif"}
{"type":"log","timestamp":1705509069679,"level":"debug","message":"Page request: GET (stylesheet) https://cdnjs.cloudflare.com/ajax/libs/metro/4.1.5/css/metro.min.css","meta":{"rootId":"dxw8j8w30z6eh6j","id":"dxw8j8w30z6eh6j"},"id":"0oc5jl0mco6xpf1","previousOperationId":"73quttafsab9tif"}
{"type":"log","timestamp":1705509069679,"level":"debug","message":"Page request: GET (script) https://cdnjs.cloudflare.com/ajax/libs/Chart.js/2.7.2/Chart.min.js","meta":{"rootId":"dxw8j8w30z6eh6j","id":"dxw8j8w30z6eh6j"},"id":"07m3nu2cmgdit5o","previousOperationId":"73quttafsab9tif"}
{"type":"log","timestamp":1705509069679,"level":"debug","message":"Page request finished: GET (document) 200 file:///C:/Users/DANIEL~1/AppData/Local/Temp/jsreport/autocleanup/326c8e26-cb27-46b7-a582-17a9ef15289c-chrome-pdf.html","meta":{"rootId":"dxw8j8w30z6eh6j","id":"dxw8j8w30z6eh6j"},"id":"6ixe5ra89b3yd4g","previousOperationId":"73quttafsab9tif"}
{"type":"log","timestamp":1705509069683,"level":"debug","message":"Page request finished: GET (script) 200 https://cdnjs.cloudflare.com/ajax/libs/Chart.js/2.7.2/Chart.min.js","meta":{"rootId":"dxw8j8w30z6eh6j","id":"dxw8j8w30z6eh6j"},"id":"0hrhvy54b98uq7a","previousOperationId":"73quttafsab9tif"}
{"type":"log","timestamp":1705509069691,"level":"debug","message":"Page request finished: GET (stylesheet) 200 https://cdnjs.cloudflare.com/ajax/libs/metro/4.1.5/css/metro.min.css","meta":{"rootId":"dxw8j8w30z6eh6j","id":"dxw8j8w30z6eh6j"},"id":"a45fljz1bisqkzs","previousOperationId":"73quttafsab9tif"}
{"type":"log","timestamp":1705509069712,"level":"debug","message":"Running chrome with params {\"printBackground\":true,\"marginTop\":\"4cm\",\"marginRight\":\"1.5cm\",\"marginBottom\":\"1.5cm\",\"marginLeft\":\"1.5cm\",\"waitForJS\":false,\"timeout\":59966,\"margin\":{\"top\":\"4cm\",\"right\":\"1.5cm\",\"bottom\":\"1.5cm\",\"left\":\"1.5cm\"}}","meta":{"rootId":"dxw8j8w30z6eh6j","id":"dxw8j8w30z6eh6j"},"id":"kvdmucukunm03ff","previousOperationId":"73quttafsab9tif"}
{"type":"operationEnd","operationId":"73quttafsab9tif","timestamp":1705509069762,"id":"pnndy2cz1tub1mk","previousEventId":"x4255560maiow5p","previousOperationId":"73quttafsab9tif"}
{"type":"log","timestamp":1705509069762,"level":"info","message":"pdf-utils is starting pdf processing","meta":{"rootId":"dxw8j8w30z6eh6j","id":"dxw8j8w30z6eh6j"},"id":"t3km66xzu79xm94","previousOperationId":"73quttafsab9tif"}
{"type":"operationStart","subtype":"pdfUtils","name":"pdf utils","timestamp":1705509069762,"id":"al06hohy3rlowbt","previousEventId":"pnndy2cz1tub1mk","operationId":"5nzqzq6mznq3cid","previousOperationId":"73quttafsab9tif"}
{"type":"log","timestamp":1705509069762,"level":"debug","message":"pdf-utils detected 1 pdf operation(s) to process","meta":{"rootId":"dxw8j8w30z6eh6j","id":"dxw8j8w30z6eh6j"},"id":"mwtfgn8qosm4p8k","previousOperationId":"5nzqzq6mznq3cid"}
{"type":"log","timestamp":1705509069773,"level":"debug","message":"pdf-utils running pdf operation merge","meta":{"rootId":"dxw8j8w30z6eh6j","id":"dxw8j8w30z6eh6j"},"id":"y4gc9jqfgdk0paz","previousOperationId":"5nzqzq6mznq3cid"}
{"type":"operationStart","subtype":"pdfUtilsMerge","name":"pdf utils merge","previousOperationId":"5nzqzq6mznq3cid","timestamp":1705509069773,"id":"908p8uah2701lox","previousEventId":"al06hohy3rlowbt","operationId":"u6ur6tvj12zy3mz"}
{"type":"operationStart","subtype":"render","name":"orders-header","previousOperationId":"u6ur6tvj12zy3mz","timestamp":1705509069774,"id":"989844tjxvnuf33","previousEventId":"908p8uah2701lox","operationId":"ttmwo3didmmws8g"}
{"type":"log","timestamp":1705509069774,"level":"info","message":"Starting rendering (child) request","meta":{"rootId":"dxw8j8w30z6eh6j","id":"yktxtwslvq9jake"},"id":"hc11a14f9k35nqi","previousOperationId":"ttmwo3didmmws8g"}
{"type":"log","timestamp":1705509069774,"level":"info","message":"Rendering template { name: orders-header, recipe: chrome-pdf, engine: handlebars, preview: true }","meta":{"rootId":"dxw8j8w30z6eh6j","id":"yktxtwslvq9jake"},"id":"wls63wboz12kfwr","previousOperationId":"ttmwo3didmmws8g"}
{"type":"log","timestamp":1705509069774,"level":"debug","message":"Inline data specified.","meta":{"rootId":"dxw8j8w30z6eh6j","id":"yktxtwslvq9jake"},"id":"2tkkxgtiih8c4zh","previousOperationId":"ttmwo3didmmws8g"}
{"type":"log","timestamp":1705509069775,"level":"debug","message":"Base url not specified, skipping its injection.","meta":{"rootId":"dxw8j8w30z6eh6j","id":"yktxtwslvq9jake"},"id":"yykjmzut7527f51","previousOperationId":"ttmwo3didmmws8g"}
{"type":"operationStart","subtype":"engine","name":"handlebars","timestamp":1705509069775,"id":"vlw6bb67h6nl95w","previousEventId":"989844tjxvnuf33","operationId":"gvo0svcf8au2by5","previousOperationId":"ttmwo3didmmws8g"}
{"type":"log","timestamp":1705509069775,"level":"debug","message":"Rendering engine handlebars","meta":{"rootId":"dxw8j8w30z6eh6j","id":"yktxtwslvq9jake"},"id":"wi0w29j5jlixd3d","previousOperationId":"gvo0svcf8au2by5"}
{"type":"operationEnd","operationId":"gvo0svcf8au2by5","timestamp":1705509069788,"id":"8mrgirrudwddobu","previousEventId":"vlw6bb67h6nl95w","previousOperationId":"gvo0svcf8au2by5"}
{"type":"operationStart","subtype":"recipe","name":"chrome-pdf","timestamp":1705509069788,"id":"ld17vmdiotrwgxy","previousEventId":"8mrgirrudwddobu","operationId":"jvdmqkpczki1wwr","previousOperationId":"gvo0svcf8au2by5"}
{"type":"log","timestamp":1705509069788,"level":"debug","message":"Executing recipe chrome-pdf","meta":{"rootId":"dxw8j8w30z6eh6j","id":"yktxtwslvq9jake"},"id":"hkfw0bfryahoxz3","previousOperationId":"jvdmqkpczki1wwr"}
{"type":"log","timestamp":1705509069789,"level":"debug","message":"Converting with chrome HeadlessChrome/117.0.5938.149 using chrome-pool strategy","meta":{"rootId":"dxw8j8w30z6eh6j","id":"yktxtwslvq9jake"},"id":"fmfx2qkms2sxrnn","previousOperationId":"jvdmqkpczki1wwr"}
{"type":"log","timestamp":1705509069849,"level":"debug","message":"Page request: GET (document) file:///C:/Users/DANIEL~1/AppData/Local/Temp/jsreport/autocleanup/52a4b57c-d0fe-49cb-bf3c-f4f4e9c6b7e0-chrome-pdf.html","meta":{"rootId":"dxw8j8w30z6eh6j","id":"yktxtwslvq9jake"},"id":"zsjox279m5asyw5","previousOperationId":"jvdmqkpczki1wwr"}
{"type":"log","timestamp":1705509069855,"level":"debug","message":"Page request: GET (stylesheet) https://cdnjs.cloudflare.com/ajax/libs/metro/4.1.5/css/metro.min.css","meta":{"rootId":"dxw8j8w30z6eh6j","id":"yktxtwslvq9jake"},"id":"68frmqd3z8m9flw","previousOperationId":"jvdmqkpczki1wwr"}
{"type":"log","timestamp":1705509069856,"level":"debug","message":"Page request finished: GET (document) 200 file:///C:/Users/DANIEL~1/AppData/Local/Temp/jsreport/autocleanup/52a4b57c-d0fe-49cb-bf3c-f4f4e9c6b7e0-chrome-pdf.html","meta":{"rootId":"dxw8j8w30z6eh6j","id":"yktxtwslvq9jake"},"id":"4w2c08hxlgspn0m","previousOperationId":"jvdmqkpczki1wwr"}
{"type":"log","timestamp":1705509069866,"level":"debug","message":"Page request finished: GET (stylesheet) 200 https://cdnjs.cloudflare.com/ajax/libs/metro/4.1.5/css/metro.min.css","meta":{"rootId":"dxw8j8w30z6eh6j","id":"yktxtwslvq9jake"},"id":"31p8icwzb3oa3f3","previousOperationId":"jvdmqkpczki1wwr"}
{"type":"log","timestamp":1705509069879,"level":"debug","message":"Running chrome with params {\"printBackground\":true,\"marginTop\":\"1.5cm\",\"marginRight\":\"1.5cm\",\"marginLeft\":\"1.cm\",\"timeout\":59783,\"margin\":{\"top\":\"1.5cm\",\"right\":\"1.5cm\",\"left\":\"1.cm\"}}","meta":{"rootId":"dxw8j8w30z6eh6j","id":"yktxtwslvq9jake"},"id":"du6chc432dbkn3o","previousOperationId":"jvdmqkpczki1wwr"}
{"type":"operationEnd","operationId":"jvdmqkpczki1wwr","timestamp":1705509069904,"id":"0vt08wcp9ferwk1","previousEventId":"ld17vmdiotrwgxy","previousOperationId":"jvdmqkpczki1wwr"}
{"type":"log","timestamp":1705509069904,"level":"debug","message":"Skipping storing report.","meta":{"rootId":"dxw8j8w30z6eh6j","id":"yktxtwslvq9jake"},"id":"y1dg7d1k27nwa7m","previousOperationId":"jvdmqkpczki1wwr"}
{"type":"log","timestamp":1705509069904,"level":"info","message":"Rendering (child) request finished in 332 ms","meta":{"rootId":"dxw8j8w30z6eh6j","id":"yktxtwslvq9jake"},"id":"6ofhqm0wf3cov6o","previousOperationId":"jvdmqkpczki1wwr"}
{"type":"operationEnd","subtype":"render","operationId":"ttmwo3didmmws8g","timestamp":1705509069904,"id":"jgp3neicrf95l7l","previousEventId":"0vt08wcp9ferwk1","previousOperationId":"jvdmqkpczki1wwr"}
{"type":"operationEnd","operationId":"u6ur6tvj12zy3mz","timestamp":1705509069911,"id":"oww8hehqz2b52v0","previousEventId":"908p8uah2701lox","previousOperationId":"u6ur6tvj12zy3mz"}
{"type":"log","timestamp":1705509069911,"level":"debug","message":"pdf-utils postproces start","meta":{"rootId":"dxw8j8w30z6eh6j","id":"dxw8j8w30z6eh6j"},"id":"q1m5rnfk3vudhgl","previousOperationId":"u6ur6tvj12zy3mz"}
{"type":"log","timestamp":1705509069919,"level":"debug","message":"pdf-utils postproces end","meta":{"rootId":"dxw8j8w30z6eh6j","id":"dxw8j8w30z6eh6j"},"id":"elhhccstposzb4s","previousOperationId":"u6ur6tvj12zy3mz"}
{"type":"operationEnd","operationId":"5nzqzq6mznq3cid","timestamp":1705509069919,"id":"9u793oa1msoyuen","previousEventId":"oww8hehqz2b52v0","previousOperationId":"u6ur6tvj12zy3mz"}
{"type":"log","timestamp":1705509069919,"level":"info","message":"pdf-utils pdf processing was finished","meta":{"rootId":"dxw8j8w30z6eh6j","id":"dxw8j8w30z6eh6j"},"id":"ssgjg69gj675xix","previousOperationId":"5nzqzq6mznq3cid"}
{"type":"log","timestamp":1705509069919,"level":"debug","message":"Skipping storing report.","meta":{"rootId":"dxw8j8w30z6eh6j","id":"dxw8j8w30z6eh6j"},"id":"bupykw8npnla7i3","previousOperationId":"5nzqzq6mznq3cid"}
{"type":"log","timestamp":1705509069919,"level":"info","message":"Rendering request 43 finished in 347 ms","meta":{"rootId":"dxw8j8w30z6eh6j","id":"dxw8j8w30z6eh6j"},"id":"0lltqarj2u2xu8f","previousOperationId":"5nzqzq6mznq3cid"}
{"type":"operationEnd","subtype":"render","operationId":"vo4lyzwpwmw1lip","timestamp":1705509069919,"id":"aniz3z1qcf41x2r","previousEventId":"9u793oa1msoyuen","previousOperationId":"5nzqzq6mznq3cid"}
{"type":"operationEnd","doDiffs":false,"previousEventId":"7i9i7f5igez69da","previousOperationId":"iij0u42jur0pa60","operationId":"iij0u42jur0pa60","timestamp":1705509069929,"id":"2bl88dbpmlez4ea"}
