{"type":"operationStart","subtype":"profile","data":{"_id":"RmCOrk8hNgJdh3XR","timestamp":"2024-01-17T14:31:08.393Z","state":"queued","mode":"standard","creationDate":"2024-01-17T14:31:08.399Z","modificationDate":"2024-01-17T14:31:08.399Z","shortid":"kNqRimw","$entitySet":"profiles"},"doDiffs":false,"timestamp":1705501868396,"id":"mk90q0f2r2vmcmr","previousOperationId":null,"operationId":"56oolvalwyg8qik"}
{"type":"log","level":"info","message":"Render request 6 queued for execution and waiting for available worker","previousOperationId":"56oolvalwyg8qik","timestamp":1705501868397,"id":"b6z5g4vnvitt9yo"}
{"type":"operationStart","subtype":"render","name":"orders-main","previousOperationId":"56oolvalwyg8qik","timestamp":1705501868417,"id":"ak7vsz0o7dgp1jh","previousEventId":"mk90q0f2r2vmcmr","operationId":"0fba35pu7f20x8k"}
{"type":"log","timestamp":1705501868418,"level":"info","message":"Starting rendering request 6","meta":{"rootId":"e84dicns40fx34s","id":"e84dicns40fx34s"},"id":"4hymjvpk4ukmxnw","previousOperationId":"0fba35pu7f20x8k"}
{"type":"log","timestamp":1705501868419,"level":"info","message":"Rendering template { name: orders-main, recipe: chrome-pdf, engine: handlebars, preview: true }","meta":{"rootId":"e84dicns40fx34s","id":"e84dicns40fx34s"},"id":"zpg963uj7rwhcsz","previousOperationId":"0fba35pu7f20x8k"}
{"type":"log","timestamp":1705501868421,"level":"debug","message":"Data item not defined for this template.","meta":{"rootId":"e84dicns40fx34s","id":"e84dicns40fx34s"},"id":"ibcg60k7gmavti7","previousOperationId":"0fba35pu7f20x8k"}
{"type":"log","timestamp":1705501868426,"level":"debug","message":"Executing script orders-script (beforeRender)","meta":{"rootId":"e84dicns40fx34s","id":"e84dicns40fx34s"},"id":"c8e1h45gx2vlveg","previousOperationId":"0fba35pu7f20x8k"}
{"type":"operationStart","subtype":"scriptsBeforeRender","name":"scripts beforeRender","timestamp":1705501868733,"id":"e8so0vmz6mw8r4e","previousEventId":"ak7vsz0o7dgp1jh","operationId":"m5fli6vmppann64","previousOperationId":"0fba35pu7f20x8k"}
{"type":"operationStart","subtype":"script","name":"scripts orders-script","previousOperationId":"m5fli6vmppann64","timestamp":1705501868733,"id":"noihpb7w8cmfski","previousEventId":"e8so0vmz6mw8r4e","operationId":"6vynnhhgjl2ciqe"}
{"type":"operationEnd","operationId":"6vynnhhgjl2ciqe","timestamp":1705501868785,"id":"psxilxkaw539ylc","previousEventId":"ak7vsz0o7dgp1jh","previousOperationId":"0fba35pu7f20x8k"}
{"type":"operationEnd","operationId":"m5fli6vmppann64","timestamp":1705501868785,"id":"a1dh5dujjy77zqu","previousEventId":"psxilxkaw539ylc","previousOperationId":"0fba35pu7f20x8k"}
{"type":"log","timestamp":1705501868785,"level":"debug","message":"Base url not specified, skipping its injection.","meta":{"rootId":"e84dicns40fx34s","id":"e84dicns40fx34s"},"id":"4wvdy6ohnntenw4","previousOperationId":"m5fli6vmppann64"}
{"type":"operationStart","subtype":"engine","name":"handlebars","timestamp":1705501868787,"id":"c29an76kgxr7a5e","previousEventId":"a1dh5dujjy77zqu","operationId":"msg3bm3392pd7kr","previousOperationId":"m5fli6vmppann64"}
{"type":"log","timestamp":1705501868787,"level":"debug","message":"Rendering engine handlebars","meta":{"rootId":"e84dicns40fx34s","id":"e84dicns40fx34s"},"id":"gdghsdd7wsesxsx","previousOperationId":"msg3bm3392pd7kr"}
{"type":"log","timestamp":1705501869175,"level":"debug","message":"(console:log) Pdf utils adding group field, value: \"Race1\"","meta":{"userLevel":true,"rootId":"e84dicns40fx34s","id":"e84dicns40fx34s"},"id":"shayk9is41s4s8f","previousOperationId":"msg3bm3392pd7kr"}
{"type":"log","timestamp":1705501869176,"level":"debug","message":"(console:log) Pdf utils adding group field, value: \"Race2\"","meta":{"userLevel":true,"rootId":"e84dicns40fx34s","id":"e84dicns40fx34s"},"id":"vmlkdjb9y9ichv3","previousOperationId":"msg3bm3392pd7kr"}
{"type":"log","timestamp":1705501869176,"level":"debug","message":"(console:log) Pdf utils adding group field, value: \"rgver\"","meta":{"userLevel":true,"rootId":"e84dicns40fx34s","id":"e84dicns40fx34s"},"id":"p96pd5h8o9z9ovk","previousOperationId":"msg3bm3392pd7kr"}
{"type":"log","timestamp":1705501869176,"level":"debug","message":"(console:log) Pdf utils adding group field, value: \"revger\"","meta":{"userLevel":true,"rootId":"e84dicns40fx34s","id":"e84dicns40fx34s"},"id":"kf8q9r2ykm0ngb1","previousOperationId":"msg3bm3392pd7kr"}
{"type":"operationEnd","operationId":"msg3bm3392pd7kr","timestamp":1705501869177,"id":"kn4w7u55tazmy75","previousEventId":"c29an76kgxr7a5e","previousOperationId":"msg3bm3392pd7kr"}
{"type":"operationStart","subtype":"recipe","name":"chrome-pdf","timestamp":1705501869177,"id":"dn5067u94wp3gqs","previousEventId":"kn4w7u55tazmy75","operationId":"r3gwtwfjyixeemk","previousOperationId":"msg3bm3392pd7kr"}
{"type":"log","timestamp":1705501869177,"level":"debug","message":"Executing recipe chrome-pdf","meta":{"rootId":"e84dicns40fx34s","id":"e84dicns40fx34s"},"id":"kwij3o4iej7kyue","previousOperationId":"r3gwtwfjyixeemk"}
{"type":"log","timestamp":1705501869866,"level":"debug","message":"Converting with chrome HeadlessChrome/117.0.5938.149 using chrome-pool strategy","meta":{"rootId":"e84dicns40fx34s","id":"e84dicns40fx34s"},"id":"qmljid473dzvk5u","previousOperationId":"r3gwtwfjyixeemk"}
{"type":"log","timestamp":1705501870012,"level":"debug","message":"Page request: GET (document) file:///C:/Users/DANIEL~1/AppData/Local/Temp/jsreport/autocleanup/4886ac2e-8cdf-4628-b12b-2ec2bd0dd0e0-chrome-pdf.html","meta":{"rootId":"e84dicns40fx34s","id":"e84dicns40fx34s"},"id":"6r4roiibfyb82r8","previousOperationId":"r3gwtwfjyixeemk"}
{"type":"log","timestamp":1705501870088,"level":"debug","message":"Page request: GET (stylesheet) https://cdnjs.cloudflare.com/ajax/libs/metro/4.1.5/css/metro.min.css","meta":{"rootId":"e84dicns40fx34s","id":"e84dicns40fx34s"},"id":"k1lclg72r9ezdlx","previousOperationId":"r3gwtwfjyixeemk"}
{"type":"log","timestamp":1705501870089,"level":"debug","message":"Page request: GET (script) https://cdnjs.cloudflare.com/ajax/libs/Chart.js/2.7.2/Chart.min.js","meta":{"rootId":"e84dicns40fx34s","id":"e84dicns40fx34s"},"id":"kgrx20n2kvhafee","previousOperationId":"r3gwtwfjyixeemk"}
{"type":"log","timestamp":1705501870090,"level":"debug","message":"Page request finished: GET (document) 200 file:///C:/Users/DANIEL~1/AppData/Local/Temp/jsreport/autocleanup/4886ac2e-8cdf-4628-b12b-2ec2bd0dd0e0-chrome-pdf.html","meta":{"rootId":"e84dicns40fx34s","id":"e84dicns40fx34s"},"id":"xkb3xjm6azmcjyu","previousOperationId":"r3gwtwfjyixeemk"}
{"type":"log","timestamp":1705501872630,"level":"debug","message":"Page request finished: GET (stylesheet) 200 https://cdnjs.cloudflare.com/ajax/libs/metro/4.1.5/css/metro.min.css","meta":{"rootId":"e84dicns40fx34s","id":"e84dicns40fx34s"},"id":"pxrobwsxvufwxvo","previousOperationId":"r3gwtwfjyixeemk"}
{"type":"log","timestamp":1705501872630,"level":"debug","message":"Page request finished: GET (script) 200 https://cdnjs.cloudflare.com/ajax/libs/Chart.js/2.7.2/Chart.min.js","meta":{"rootId":"e84dicns40fx34s","id":"e84dicns40fx34s"},"id":"wyynmeuewoux3da","previousOperationId":"r3gwtwfjyixeemk"}
{"type":"log","timestamp":1705501872640,"level":"warn","message":"Page error: \"undefined\" is not valid JSON\nJSON.parse (<anonymous>) , stack: SyntaxError: \"undefined\" is not valid JSON\nJSON.parse (<anonymous>)\n    at <anonymous> (file:///C:/Users/DANIEL~1/AppData/Local/Temp/jsreport/autocleanup/4886ac2e-8cdf-4628-b12b-2ec2bd0dd0e0-chrome-pdf.html:40:29)","meta":{"rootId":"e84dicns40fx34s","id":"e84dicns40fx34s"},"id":"z83eo61wm4tj0c2","previousOperationId":"r3gwtwfjyixeemk"}
{"type":"log","timestamp":1705501872641,"level":"warn","message":"Page error: \"undefined\" is not valid JSON\nJSON.parse (<anonymous>) , stack: SyntaxError: \"undefined\" is not valid JSON\nJSON.parse (<anonymous>)\n    at <anonymous> (file:///C:/Users/DANIEL~1/AppData/Local/Temp/jsreport/autocleanup/4886ac2e-8cdf-4628-b12b-2ec2bd0dd0e0-chrome-pdf.html:90:29)","meta":{"rootId":"e84dicns40fx34s","id":"e84dicns40fx34s"},"id":"qgrf60h764k52a5","previousOperationId":"r3gwtwfjyixeemk"}
{"type":"log","timestamp":1705501872641,"level":"warn","message":"Page error: \"undefined\" is not valid JSON\nJSON.parse (<anonymous>) , stack: SyntaxError: \"undefined\" is not valid JSON\nJSON.parse (<anonymous>)\n    at <anonymous> (file:///C:/Users/DANIEL~1/AppData/Local/Temp/jsreport/autocleanup/4886ac2e-8cdf-4628-b12b-2ec2bd0dd0e0-chrome-pdf.html:140:29)","meta":{"rootId":"e84dicns40fx34s","id":"e84dicns40fx34s"},"id":"t735h81i02igz77","previousOperationId":"r3gwtwfjyixeemk"}
{"type":"log","timestamp":1705501872641,"level":"warn","message":"Page error: \"undefined\" is not valid JSON\nJSON.parse (<anonymous>) , stack: SyntaxError: \"undefined\" is not valid JSON\nJSON.parse (<anonymous>)\n    at <anonymous> (file:///C:/Users/DANIEL~1/AppData/Local/Temp/jsreport/autocleanup/4886ac2e-8cdf-4628-b12b-2ec2bd0dd0e0-chrome-pdf.html:190:29)","meta":{"rootId":"e84dicns40fx34s","id":"e84dicns40fx34s"},"id":"5a4w75ygiotaokj","previousOperationId":"r3gwtwfjyixeemk"}
{"type":"log","timestamp":1705501872668,"level":"debug","message":"Running chrome with params {\"printBackground\":true,\"marginTop\":\"4cm\",\"marginRight\":\"1.5cm\",\"marginBottom\":\"1.5cm\",\"marginLeft\":\"1.5cm\",\"waitForJS\":false,\"timeout\":58770,\"margin\":{\"top\":\"4cm\",\"right\":\"1.5cm\",\"bottom\":\"1.5cm\",\"left\":\"1.5cm\"}}","meta":{"rootId":"e84dicns40fx34s","id":"e84dicns40fx34s"},"id":"abeku3yxutob2av","previousOperationId":"r3gwtwfjyixeemk"}
{"type":"operationEnd","operationId":"r3gwtwfjyixeemk","timestamp":1705501872739,"id":"vc01f5xwkjg7efx","previousEventId":"dn5067u94wp3gqs","previousOperationId":"r3gwtwfjyixeemk"}
{"type":"log","timestamp":1705501872740,"level":"info","message":"pdf-utils is starting pdf processing","meta":{"rootId":"e84dicns40fx34s","id":"e84dicns40fx34s"},"id":"8k4zu50pos5cq1g","previousOperationId":"r3gwtwfjyixeemk"}
{"type":"operationStart","subtype":"pdfUtils","name":"pdf utils","timestamp":1705501872963,"id":"gs077uvhen5ns2f","previousEventId":"vc01f5xwkjg7efx","operationId":"0jojzxv6wn3yd0j","previousOperationId":"r3gwtwfjyixeemk"}
{"type":"log","timestamp":1705501872964,"level":"debug","message":"pdf-utils detected 1 pdf operation(s) to process","meta":{"rootId":"e84dicns40fx34s","id":"e84dicns40fx34s"},"id":"br5w36n4no8m46l","previousOperationId":"0jojzxv6wn3yd0j"}
{"type":"log","timestamp":1705501873176,"level":"debug","message":"pdf-utils running pdf operation merge","meta":{"rootId":"e84dicns40fx34s","id":"e84dicns40fx34s"},"id":"a43q6fulqadrqck","previousOperationId":"0jojzxv6wn3yd0j"}
{"type":"operationStart","subtype":"pdfUtilsMerge","name":"pdf utils merge","previousOperationId":"0jojzxv6wn3yd0j","timestamp":1705501873176,"id":"5nf563i0aiu51ki","previousEventId":"gs077uvhen5ns2f","operationId":"wp7vthcrbctd9jn"}
{"type":"operationStart","subtype":"render","name":"orders-header","previousOperationId":"wp7vthcrbctd9jn","timestamp":1705501873178,"id":"6fc2a6w3xq7k656","previousEventId":"5nf563i0aiu51ki","operationId":"qudynppvgwfw7z1"}
{"type":"log","timestamp":1705501873178,"level":"info","message":"Starting rendering (child) request","meta":{"rootId":"e84dicns40fx34s","id":"hzt5pmkdd5jiam9"},"id":"wxanwrk90nz1rwf","previousOperationId":"qudynppvgwfw7z1"}
{"type":"log","timestamp":1705501873178,"level":"info","message":"Rendering template { name: orders-header, recipe: chrome-pdf, engine: handlebars, preview: true }","meta":{"rootId":"e84dicns40fx34s","id":"hzt5pmkdd5jiam9"},"id":"k3ky4q0tpjqqs19","previousOperationId":"qudynppvgwfw7z1"}
{"type":"log","timestamp":1705501873197,"level":"debug","message":"Inline data specified.","meta":{"rootId":"e84dicns40fx34s","id":"hzt5pmkdd5jiam9"},"id":"34rcnhwqglt1ru5","previousOperationId":"qudynppvgwfw7z1"}
{"type":"log","timestamp":1705501873203,"level":"debug","message":"Base url not specified, skipping its injection.","meta":{"rootId":"e84dicns40fx34s","id":"hzt5pmkdd5jiam9"},"id":"66947emr2l0wtts","previousOperationId":"qudynppvgwfw7z1"}
{"type":"operationStart","subtype":"engine","name":"handlebars","timestamp":1705501873203,"id":"c2ifc7p8iygts2n","previousEventId":"6fc2a6w3xq7k656","operationId":"3s39mv6lemvj8df","previousOperationId":"qudynppvgwfw7z1"}
{"type":"log","timestamp":1705501873203,"level":"debug","message":"Rendering engine handlebars","meta":{"rootId":"e84dicns40fx34s","id":"hzt5pmkdd5jiam9"},"id":"9kl1s6p645zl8d9","previousOperationId":"3s39mv6lemvj8df"}
{"type":"operationEnd","operationId":"3s39mv6lemvj8df","timestamp":1705501873237,"id":"o1aiog6lz2fj4f7","previousEventId":"c2ifc7p8iygts2n","previousOperationId":"3s39mv6lemvj8df"}
{"type":"operationStart","subtype":"recipe","name":"chrome-pdf","timestamp":1705501873237,"id":"kzyf9xxg067yfcz","previousEventId":"o1aiog6lz2fj4f7","operationId":"p6pp0tmhckc7aox","previousOperationId":"3s39mv6lemvj8df"}
{"type":"log","timestamp":1705501873237,"level":"debug","message":"Executing recipe chrome-pdf","meta":{"rootId":"e84dicns40fx34s","id":"hzt5pmkdd5jiam9"},"id":"l6puqeasi1re0fx","previousOperationId":"p6pp0tmhckc7aox"}
{"type":"log","timestamp":1705501873241,"level":"debug","message":"Converting with chrome HeadlessChrome/117.0.5938.149 using chrome-pool strategy","meta":{"rootId":"e84dicns40fx34s","id":"hzt5pmkdd5jiam9"},"id":"0qjlw5halapwb29","previousOperationId":"p6pp0tmhckc7aox"}
{"type":"log","timestamp":1705501873348,"level":"debug","message":"Page request: GET (document) file:///C:/Users/DANIEL~1/AppData/Local/Temp/jsreport/autocleanup/c3a32f78-86f1-43d3-914e-9c5fdc5fa01a-chrome-pdf.html","meta":{"rootId":"e84dicns40fx34s","id":"hzt5pmkdd5jiam9"},"id":"byyrd62ialkq6rl","previousOperationId":"p6pp0tmhckc7aox"}
{"type":"log","timestamp":1705501873360,"level":"debug","message":"Page request: GET (stylesheet) https://cdnjs.cloudflare.com/ajax/libs/metro/4.1.5/css/metro.min.css","meta":{"rootId":"e84dicns40fx34s","id":"hzt5pmkdd5jiam9"},"id":"rcsf4p7m2zw5y22","previousOperationId":"p6pp0tmhckc7aox"}
{"type":"log","timestamp":1705501873361,"level":"debug","message":"Page request finished: GET (document) 200 file:///C:/Users/DANIEL~1/AppData/Local/Temp/jsreport/autocleanup/c3a32f78-86f1-43d3-914e-9c5fdc5fa01a-chrome-pdf.html","meta":{"rootId":"e84dicns40fx34s","id":"hzt5pmkdd5jiam9"},"id":"qbyyg537nam2jbt","previousOperationId":"p6pp0tmhckc7aox"}
{"type":"log","timestamp":1705501873387,"level":"debug","message":"Page request finished: GET (stylesheet) 200 https://cdnjs.cloudflare.com/ajax/libs/metro/4.1.5/css/metro.min.css","meta":{"rootId":"e84dicns40fx34s","id":"hzt5pmkdd5jiam9"},"id":"wir2opeuh1dikpo","previousOperationId":"p6pp0tmhckc7aox"}
{"type":"log","timestamp":1705501873418,"level":"debug","message":"Running chrome with params {\"printBackground\":true,\"marginTop\":\"1.5cm\",\"marginRight\":\"1.5cm\",\"marginLeft\":\"1.cm\",\"timeout\":55153,\"margin\":{\"top\":\"1.5cm\",\"right\":\"1.5cm\",\"left\":\"1.cm\"}}","meta":{"rootId":"e84dicns40fx34s","id":"hzt5pmkdd5jiam9"},"id":"ku7n7thz6ckc841","previousOperationId":"p6pp0tmhckc7aox"}
{"type":"operationEnd","operationId":"p6pp0tmhckc7aox","timestamp":1705501873471,"id":"ay6nk85yzddm52u","previousEventId":"kzyf9xxg067yfcz","previousOperationId":"p6pp0tmhckc7aox"}
{"type":"log","timestamp":1705501873472,"level":"debug","message":"Skipping storing report.","meta":{"rootId":"e84dicns40fx34s","id":"hzt5pmkdd5jiam9"},"id":"4d7eelnmsu8xdbz","previousOperationId":"p6pp0tmhckc7aox"}
{"type":"log","timestamp":1705501873472,"level":"info","message":"Rendering (child) request finished in 5079 ms","meta":{"rootId":"e84dicns40fx34s","id":"hzt5pmkdd5jiam9"},"id":"nzmsoxlaljuvzwh","previousOperationId":"p6pp0tmhckc7aox"}
{"type":"operationEnd","subtype":"render","operationId":"qudynppvgwfw7z1","timestamp":1705501873472,"id":"nbyes9scp3ga8a3","previousEventId":"ay6nk85yzddm52u","previousOperationId":"p6pp0tmhckc7aox"}
{"type":"operationEnd","operationId":"wp7vthcrbctd9jn","timestamp":1705501873497,"id":"acz78s0ramjeyu1","previousEventId":"5nf563i0aiu51ki","previousOperationId":"wp7vthcrbctd9jn"}
{"type":"log","timestamp":1705501873497,"level":"debug","message":"pdf-utils postproces start","meta":{"rootId":"e84dicns40fx34s","id":"e84dicns40fx34s"},"id":"zqkdsc24g5kwn5i","previousOperationId":"wp7vthcrbctd9jn"}
{"type":"log","timestamp":1705501873520,"level":"debug","message":"pdf-utils postproces end","meta":{"rootId":"e84dicns40fx34s","id":"e84dicns40fx34s"},"id":"9u7obzq4jmapxtj","previousOperationId":"wp7vthcrbctd9jn"}
{"type":"operationEnd","operationId":"0jojzxv6wn3yd0j","timestamp":1705501873520,"id":"fzadx4pklcc1tsk","previousEventId":"acz78s0ramjeyu1","previousOperationId":"wp7vthcrbctd9jn"}
{"type":"log","timestamp":1705501873520,"level":"info","message":"pdf-utils pdf processing was finished","meta":{"rootId":"e84dicns40fx34s","id":"e84dicns40fx34s"},"id":"id1k33xrnpnshj9","previousOperationId":"0jojzxv6wn3yd0j"}
{"type":"log","timestamp":1705501873520,"level":"debug","message":"Skipping storing report.","meta":{"rootId":"e84dicns40fx34s","id":"e84dicns40fx34s"},"id":"0q96px5mfjprejp","previousOperationId":"0jojzxv6wn3yd0j"}
{"type":"log","timestamp":1705501873520,"level":"info","message":"Rendering request 6 finished in 5127 ms","meta":{"rootId":"e84dicns40fx34s","id":"e84dicns40fx34s"},"id":"0cy85y3yv5932kk","previousOperationId":"0jojzxv6wn3yd0j"}
{"type":"operationEnd","subtype":"render","operationId":"0fba35pu7f20x8k","timestamp":1705501873520,"id":"hcgfdd0eopzjidt","previousEventId":"fzadx4pklcc1tsk","previousOperationId":"0jojzxv6wn3yd0j"}
{"type":"operationEnd","doDiffs":false,"previousEventId":"mk90q0f2r2vmcmr","previousOperationId":"56oolvalwyg8qik","operationId":"56oolvalwyg8qik","timestamp":1705501873539,"id":"o39hhcxokax1on4"}
