{"type":"operationStart","subtype":"profile","data":{"_id":"OYhRcjsCO7Ct299N","timestamp":"2024-01-18T14:38:07.611Z","state":"queued","mode":"standard","creationDate":"2024-01-18T14:38:07.618Z","modificationDate":"2024-01-18T14:38:07.618Z","shortid":"uRc5CLP","$entitySet":"profiles"},"doDiffs":false,"timestamp":1705588687614,"id":"iqlk3va3tzffnha","previousOperationId":null,"operationId":"93g1xqc4aj4keq1"}
{"type":"log","level":"info","message":"Render request 7 queued for execution and waiting for available worker","previousOperationId":"93g1xqc4aj4keq1","timestamp":1705588687615,"id":"b6r2jdubblneg4f"}
{"type":"operationStart","subtype":"render","name":"orders-main","previousOperationId":"93g1xqc4aj4keq1","timestamp":1705588687634,"id":"bqyahobj6jp7e02","previousEventId":"iqlk3va3tzffnha","operationId":"idgzjyeh1rbzk2u"}
{"type":"log","timestamp":1705588687635,"level":"info","message":"Starting rendering request 7","meta":{"rootId":"e9i77b1um5abgsi","id":"e9i77b1um5abgsi"},"id":"ym8w0nh1dsu5hul","previousOperationId":"idgzjyeh1rbzk2u"}
{"type":"log","timestamp":1705588687635,"level":"info","message":"Rendering template { name: orders-main, recipe: chrome-pdf, engine: handlebars, preview: true }","meta":{"rootId":"e9i77b1um5abgsi","id":"e9i77b1um5abgsi"},"id":"c6idhllpfq26i5k","previousOperationId":"idgzjyeh1rbzk2u"}
{"type":"log","timestamp":1705588687637,"level":"debug","message":"Data item not defined for this template.","meta":{"rootId":"e9i77b1um5abgsi","id":"e9i77b1um5abgsi"},"id":"08d6sm9o8v2gv8y","previousOperationId":"idgzjyeh1rbzk2u"}
{"type":"log","timestamp":1705588687642,"level":"debug","message":"Executing script orders-script (beforeRender)","meta":{"rootId":"e9i77b1um5abgsi","id":"e9i77b1um5abgsi"},"id":"2om7opcdzbj5gar","previousOperationId":"idgzjyeh1rbzk2u"}
{"type":"operationStart","subtype":"scriptsBeforeRender","name":"scripts beforeRender","timestamp":1705588687671,"id":"q6n2qljr2zbtrud","previousEventId":"bqyahobj6jp7e02","operationId":"uz1v6ypfms33t6l","previousOperationId":"idgzjyeh1rbzk2u"}
{"type":"operationStart","subtype":"script","name":"scripts orders-script","previousOperationId":"uz1v6ypfms33t6l","timestamp":1705588687671,"id":"dflqq3y4sv5qdr0","previousEventId":"q6n2qljr2zbtrud","operationId":"kyptxbht5351muv"}
{"type":"operationEnd","operationId":"kyptxbht5351muv","timestamp":1705588687696,"id":"i6k6ftcxdbk5u4f","previousEventId":"bqyahobj6jp7e02","previousOperationId":"idgzjyeh1rbzk2u"}
{"type":"operationEnd","operationId":"uz1v6ypfms33t6l","timestamp":1705588687696,"id":"cpmlxk3jwk0kjkk","previousEventId":"i6k6ftcxdbk5u4f","previousOperationId":"idgzjyeh1rbzk2u"}
{"type":"log","timestamp":1705588687696,"level":"debug","message":"Base url not specified, skipping its injection.","meta":{"rootId":"e9i77b1um5abgsi","id":"e9i77b1um5abgsi"},"id":"wey41q9c7v4k38u","previousOperationId":"uz1v6ypfms33t6l"}
{"type":"operationStart","subtype":"engine","name":"handlebars","timestamp":1705588687696,"id":"amaq94t0bno6mhu","previousEventId":"cpmlxk3jwk0kjkk","operationId":"x3nbqgq1a98ruie","previousOperationId":"uz1v6ypfms33t6l"}
{"type":"log","timestamp":1705588687696,"level":"debug","message":"Rendering engine handlebars","meta":{"rootId":"e9i77b1um5abgsi","id":"e9i77b1um5abgsi"},"id":"xjmqi2hrex1taco","previousOperationId":"x3nbqgq1a98ruie"}
{"type":"log","timestamp":1705588687725,"level":"debug","message":"(console:log) Pdf utils adding group field, value: \"Race1\"","meta":{"userLevel":true,"rootId":"e9i77b1um5abgsi","id":"e9i77b1um5abgsi"},"id":"wrrgy1r0fz5h8ld","previousOperationId":"x3nbqgq1a98ruie"}
{"type":"log","timestamp":1705588687726,"level":"debug","message":"(console:log) Pdf utils adding group field, value: \"Race2\"","meta":{"userLevel":true,"rootId":"e9i77b1um5abgsi","id":"e9i77b1um5abgsi"},"id":"k6w8kv26ul6r5kn","previousOperationId":"x3nbqgq1a98ruie"}
{"type":"operationEnd","operationId":"x3nbqgq1a98ruie","timestamp":1705588687726,"id":"5hpz97rw2aq76tr","previousEventId":"amaq94t0bno6mhu","previousOperationId":"x3nbqgq1a98ruie"}
{"type":"operationStart","subtype":"recipe","name":"chrome-pdf","timestamp":1705588687727,"id":"j5zkomw5vwl4dw7","previousEventId":"5hpz97rw2aq76tr","operationId":"i69m3cbr98lqw46","previousOperationId":"x3nbqgq1a98ruie"}
{"type":"log","timestamp":1705588687727,"level":"debug","message":"Executing recipe chrome-pdf","meta":{"rootId":"e9i77b1um5abgsi","id":"e9i77b1um5abgsi"},"id":"amwzhecsr6l3us4","previousOperationId":"i69m3cbr98lqw46"}
{"type":"log","timestamp":1705588687731,"level":"debug","message":"Converting with chrome HeadlessChrome/117.0.5938.149 using chrome-pool strategy","meta":{"rootId":"e9i77b1um5abgsi","id":"e9i77b1um5abgsi"},"id":"bv74wrtipzaxha1","previousOperationId":"i69m3cbr98lqw46"}
{"type":"log","timestamp":1705588687873,"level":"debug","message":"Page request: GET (document) file:///C:/Users/DANIEL~1/AppData/Local/Temp/jsreport/autocleanup/8454f866-7c26-4647-bd55-815d0a0f4d86-chrome-pdf.html","meta":{"rootId":"e9i77b1um5abgsi","id":"e9i77b1um5abgsi"},"id":"lh33n6e3bnnb8yx","previousOperationId":"i69m3cbr98lqw46"}
{"type":"log","timestamp":1705588687923,"level":"debug","message":"Page request: GET (stylesheet) https://cdnjs.cloudflare.com/ajax/libs/metro/4.1.5/css/metro.min.css","meta":{"rootId":"e9i77b1um5abgsi","id":"e9i77b1um5abgsi"},"id":"gbwuno5sv2hh6u2","previousOperationId":"i69m3cbr98lqw46"}
{"type":"log","timestamp":1705588687924,"level":"debug","message":"Page request finished: GET (document) 200 file:///C:/Users/DANIEL~1/AppData/Local/Temp/jsreport/autocleanup/8454f866-7c26-4647-bd55-815d0a0f4d86-chrome-pdf.html","meta":{"rootId":"e9i77b1um5abgsi","id":"e9i77b1um5abgsi"},"id":"d3ekwlyt1r19xct","previousOperationId":"i69m3cbr98lqw46"}
{"type":"log","timestamp":1705588687924,"level":"debug","message":"Page request: GET (script) https://cdnjs.cloudflare.com/ajax/libs/Chart.js/2.9.4/Chart.js","meta":{"rootId":"e9i77b1um5abgsi","id":"e9i77b1um5abgsi"},"id":"jzqbp3hmy1tkh58","previousOperationId":"i69m3cbr98lqw46"}
{"type":"log","timestamp":1705588687957,"level":"debug","message":"Page request finished: GET (stylesheet) 200 https://cdnjs.cloudflare.com/ajax/libs/metro/4.1.5/css/metro.min.css","meta":{"rootId":"e9i77b1um5abgsi","id":"e9i77b1um5abgsi"},"id":"j0ll7yvtrouudig","previousOperationId":"i69m3cbr98lqw46"}
{"type":"log","timestamp":1705588687957,"level":"debug","message":"Page request finished: GET (script) 200 https://cdnjs.cloudflare.com/ajax/libs/Chart.js/2.9.4/Chart.js","meta":{"rootId":"e9i77b1um5abgsi","id":"e9i77b1um5abgsi"},"id":"xmc91fqmwr3ub6b","previousOperationId":"i69m3cbr98lqw46"}
{"type":"log","timestamp":1705588688064,"level":"debug","message":"Running chrome with params {\"printBackground\":true,\"marginTop\":\"4cm\",\"marginRight\":\"1.5cm\",\"marginBottom\":\"1.5cm\",\"marginLeft\":\"1.5cm\",\"waitForJS\":false,\"timeout\":59882,\"margin\":{\"top\":\"4cm\",\"right\":\"1.5cm\",\"bottom\":\"1.5cm\",\"left\":\"1.5cm\"}}","meta":{"rootId":"e9i77b1um5abgsi","id":"e9i77b1um5abgsi"},"id":"xxfbvek5x5uijex","previousOperationId":"i69m3cbr98lqw46"}
{"type":"operationEnd","operationId":"i69m3cbr98lqw46","timestamp":1705588688188,"id":"doqkgnm5c3q668g","previousEventId":"j5zkomw5vwl4dw7","previousOperationId":"i69m3cbr98lqw46"}
{"type":"log","timestamp":1705588688188,"level":"info","message":"pdf-utils is starting pdf processing","meta":{"rootId":"e9i77b1um5abgsi","id":"e9i77b1um5abgsi"},"id":"gedp4hwwuzgul44","previousOperationId":"i69m3cbr98lqw46"}
{"type":"operationStart","subtype":"pdfUtils","name":"pdf utils","timestamp":1705588688188,"id":"xvw6zfdhwbeg056","previousEventId":"doqkgnm5c3q668g","operationId":"xtbhboolzo3r1u4","previousOperationId":"i69m3cbr98lqw46"}
{"type":"log","timestamp":1705588688188,"level":"debug","message":"pdf-utils detected 1 pdf operation(s) to process","meta":{"rootId":"e9i77b1um5abgsi","id":"e9i77b1um5abgsi"},"id":"awcczakp1zizm2x","previousOperationId":"xtbhboolzo3r1u4"}
{"type":"log","timestamp":1705588688234,"level":"debug","message":"pdf-utils running pdf operation merge","meta":{"rootId":"e9i77b1um5abgsi","id":"e9i77b1um5abgsi"},"id":"1zv5xy1yi1kfucd","previousOperationId":"xtbhboolzo3r1u4"}
{"type":"operationStart","subtype":"pdfUtilsMerge","name":"pdf utils merge","previousOperationId":"xtbhboolzo3r1u4","timestamp":1705588688234,"id":"26v0r0624c6wnh9","previousEventId":"xvw6zfdhwbeg056","operationId":"70ep3c4qeei7rir"}
{"type":"operationStart","subtype":"render","name":"orders-header","previousOperationId":"70ep3c4qeei7rir","timestamp":1705588688236,"id":"hm3e3yefr9n7mcm","previousEventId":"26v0r0624c6wnh9","operationId":"x1f6vji5wi7pe3h"}
{"type":"log","timestamp":1705588688236,"level":"info","message":"Starting rendering (child) request","meta":{"rootId":"e9i77b1um5abgsi","id":"75nwtwz1yemstcb"},"id":"9tuam923sdrrv7b","previousOperationId":"x1f6vji5wi7pe3h"}
{"type":"log","timestamp":1705588688237,"level":"info","message":"Rendering template { name: orders-header, recipe: chrome-pdf, engine: handlebars, preview: true }","meta":{"rootId":"e9i77b1um5abgsi","id":"75nwtwz1yemstcb"},"id":"78qvgx1aiwh2emy","previousOperationId":"x1f6vji5wi7pe3h"}
{"type":"log","timestamp":1705588688249,"level":"debug","message":"Inline data specified.","meta":{"rootId":"e9i77b1um5abgsi","id":"75nwtwz1yemstcb"},"id":"ppjejgmvczj8y0v","previousOperationId":"x1f6vji5wi7pe3h"}
{"type":"log","timestamp":1705588688253,"level":"debug","message":"Base url not specified, skipping its injection.","meta":{"rootId":"e9i77b1um5abgsi","id":"75nwtwz1yemstcb"},"id":"zb4buucpifskisc","previousOperationId":"x1f6vji5wi7pe3h"}
{"type":"operationStart","subtype":"engine","name":"handlebars","timestamp":1705588688254,"id":"vngprquzubtrwmr","previousEventId":"hm3e3yefr9n7mcm","operationId":"5gusaiurdkat1rk","previousOperationId":"x1f6vji5wi7pe3h"}
{"type":"log","timestamp":1705588688254,"level":"debug","message":"Rendering engine handlebars","meta":{"rootId":"e9i77b1um5abgsi","id":"75nwtwz1yemstcb"},"id":"jnlb71xqlpjja6k","previousOperationId":"5gusaiurdkat1rk"}
{"type":"operationEnd","operationId":"5gusaiurdkat1rk","timestamp":1705588688299,"id":"4yzydhp8ep9gluu","previousEventId":"vngprquzubtrwmr","previousOperationId":"5gusaiurdkat1rk"}
{"type":"operationStart","subtype":"recipe","name":"chrome-pdf","timestamp":1705588688300,"id":"t8zbz6r838fp98p","previousEventId":"4yzydhp8ep9gluu","operationId":"qeumg4l2d7omjim","previousOperationId":"5gusaiurdkat1rk"}
{"type":"log","timestamp":1705588688300,"level":"debug","message":"Executing recipe chrome-pdf","meta":{"rootId":"e9i77b1um5abgsi","id":"75nwtwz1yemstcb"},"id":"5bp97vsypd322gq","previousOperationId":"qeumg4l2d7omjim"}
{"type":"log","timestamp":1705588688305,"level":"debug","message":"Converting with chrome HeadlessChrome/117.0.5938.149 using chrome-pool strategy","meta":{"rootId":"e9i77b1um5abgsi","id":"75nwtwz1yemstcb"},"id":"rzgpp1jcpkwb9ir","previousOperationId":"qeumg4l2d7omjim"}
{"type":"log","timestamp":1705588688430,"level":"debug","message":"Page request: GET (document) file:///C:/Users/DANIEL~1/AppData/Local/Temp/jsreport/autocleanup/8c704f6b-ef95-45f7-b415-e8f4aaa3a863-chrome-pdf.html","meta":{"rootId":"e9i77b1um5abgsi","id":"75nwtwz1yemstcb"},"id":"1ht3ppjcwbfl8ov","previousOperationId":"qeumg4l2d7omjim"}
{"type":"log","timestamp":1705588688443,"level":"debug","message":"Page request: GET (stylesheet) https://cdnjs.cloudflare.com/ajax/libs/metro/4.1.5/css/metro.min.css","meta":{"rootId":"e9i77b1um5abgsi","id":"75nwtwz1yemstcb"},"id":"ky8l2f7nj0nm8ly","previousOperationId":"qeumg4l2d7omjim"}
{"type":"log","timestamp":1705588688444,"level":"debug","message":"Page request finished: GET (document) 200 file:///C:/Users/DANIEL~1/AppData/Local/Temp/jsreport/autocleanup/8c704f6b-ef95-45f7-b415-e8f4aaa3a863-chrome-pdf.html","meta":{"rootId":"e9i77b1um5abgsi","id":"75nwtwz1yemstcb"},"id":"ky6ooe7dthp2pe5","previousOperationId":"qeumg4l2d7omjim"}
{"type":"log","timestamp":1705588688478,"level":"debug","message":"Page request finished: GET (stylesheet) 200 https://cdnjs.cloudflare.com/ajax/libs/metro/4.1.5/css/metro.min.css","meta":{"rootId":"e9i77b1um5abgsi","id":"75nwtwz1yemstcb"},"id":"96t44ax93onx9x7","previousOperationId":"qeumg4l2d7omjim"}
{"type":"log","timestamp":1705588688500,"level":"debug","message":"Running chrome with params {\"printBackground\":true,\"marginTop\":\"1.5cm\",\"marginRight\":\"1.5cm\",\"marginLeft\":\"1.cm\",\"timeout\":59307,\"margin\":{\"top\":\"1.5cm\",\"right\":\"1.5cm\",\"left\":\"1.cm\"}}","meta":{"rootId":"e9i77b1um5abgsi","id":"75nwtwz1yemstcb"},"id":"60iu9ocy3dkhcaa","previousOperationId":"qeumg4l2d7omjim"}
{"type":"operationEnd","operationId":"qeumg4l2d7omjim","timestamp":1705588688543,"id":"qs0vnbyf6d0dogx","previousEventId":"t8zbz6r838fp98p","previousOperationId":"qeumg4l2d7omjim"}
{"type":"log","timestamp":1705588688543,"level":"debug","message":"Skipping storing report.","meta":{"rootId":"e9i77b1um5abgsi","id":"75nwtwz1yemstcb"},"id":"jvdgk8qpa34e6ix","previousOperationId":"qeumg4l2d7omjim"}
{"type":"log","timestamp":1705588688543,"level":"info","message":"Rendering (child) request finished in 932 ms","meta":{"rootId":"e9i77b1um5abgsi","id":"75nwtwz1yemstcb"},"id":"sxjshzj96ck8qoy","previousOperationId":"qeumg4l2d7omjim"}
{"type":"operationEnd","subtype":"render","operationId":"x1f6vji5wi7pe3h","timestamp":1705588688544,"id":"x4ap3jaar0duo3o","previousEventId":"qs0vnbyf6d0dogx","previousOperationId":"qeumg4l2d7omjim"}
{"type":"operationEnd","operationId":"70ep3c4qeei7rir","timestamp":1705588688558,"id":"r910s9kqzlvjj6c","previousEventId":"26v0r0624c6wnh9","previousOperationId":"70ep3c4qeei7rir"}
{"type":"log","timestamp":1705588688558,"level":"debug","message":"pdf-utils postproces start","meta":{"rootId":"e9i77b1um5abgsi","id":"e9i77b1um5abgsi"},"id":"m1omrkago7w6dni","previousOperationId":"70ep3c4qeei7rir"}
{"type":"log","timestamp":1705588688590,"level":"debug","message":"pdf-utils postproces end","meta":{"rootId":"e9i77b1um5abgsi","id":"e9i77b1um5abgsi"},"id":"d94esce2fmx1liw","previousOperationId":"70ep3c4qeei7rir"}
{"type":"operationEnd","operationId":"xtbhboolzo3r1u4","timestamp":1705588688590,"id":"66mtd0qpmkzzcfe","previousEventId":"r910s9kqzlvjj6c","previousOperationId":"70ep3c4qeei7rir"}
{"type":"log","timestamp":1705588688590,"level":"info","message":"pdf-utils pdf processing was finished","meta":{"rootId":"e9i77b1um5abgsi","id":"e9i77b1um5abgsi"},"id":"9fdivgx8j1kztma","previousOperationId":"xtbhboolzo3r1u4"}
{"type":"log","timestamp":1705588688591,"level":"debug","message":"Skipping storing report.","meta":{"rootId":"e9i77b1um5abgsi","id":"e9i77b1um5abgsi"},"id":"nfd0v7qlwd2chob","previousOperationId":"xtbhboolzo3r1u4"}
{"type":"log","timestamp":1705588688591,"level":"info","message":"Rendering request 7 finished in 980 ms","meta":{"rootId":"e9i77b1um5abgsi","id":"e9i77b1um5abgsi"},"id":"5q4dy95e997v91f","previousOperationId":"xtbhboolzo3r1u4"}
{"type":"operationEnd","subtype":"render","operationId":"idgzjyeh1rbzk2u","timestamp":1705588688591,"id":"48kjt1n8s8cle3v","previousEventId":"66mtd0qpmkzzcfe","previousOperationId":"xtbhboolzo3r1u4"}
{"type":"operationEnd","doDiffs":false,"previousEventId":"iqlk3va3tzffnha","previousOperationId":"93g1xqc4aj4keq1","operationId":"93g1xqc4aj4keq1","timestamp":1705588688616,"id":"1i3vtjq8vp5v0n2"}
