{"type":"operationStart","subtype":"profile","data":{"_id":"5lvp1dUlpZx9keMW","timestamp":"2024-01-18T17:23:45.842Z","state":"queued","mode":"standard","creationDate":"2024-01-18T17:23:45.844Z","modificationDate":"2024-01-18T17:23:45.844Z","shortid":"Hm10sil","$entitySet":"profiles"},"doDiffs":false,"timestamp":1705598625843,"id":"ib9n50ghlolspxe","previousOperationId":null,"operationId":"oypwtb3y4g4ubx4"}
{"type":"log","level":"info","message":"Render request 2 queued for execution and waiting for available worker","previousOperationId":"oypwtb3y4g4ubx4","timestamp":1705598625843,"id":"7kmthu0m9x6kp0b"}
{"type":"operationStart","subtype":"render","name":"orders-main","previousOperationId":"oypwtb3y4g4ubx4","timestamp":1705598625851,"id":"7bei4eh0j3oyl5g","previousEventId":"ib9n50ghlolspxe","operationId":"hrwsvxev8i55sqo"}
{"type":"log","timestamp":1705598625852,"level":"info","message":"Starting rendering request 2","meta":{"rootId":"efa3pipytftklyt","id":"efa3pipytftklyt"},"id":"v6r7kffv1kb4g8e","previousOperationId":"hrwsvxev8i55sqo"}
{"type":"log","timestamp":1705598625852,"level":"info","message":"Rendering template { name: orders-main, recipe: chrome-pdf, engine: handlebars, preview: true }","meta":{"rootId":"efa3pipytftklyt","id":"efa3pipytftklyt"},"id":"jafaazs3oelwxdc","previousOperationId":"hrwsvxev8i55sqo"}
{"type":"log","timestamp":1705598625853,"level":"debug","message":"Data item not defined for this template.","meta":{"rootId":"efa3pipytftklyt","id":"efa3pipytftklyt"},"id":"kxwnzwljlx72oe8","previousOperationId":"hrwsvxev8i55sqo"}
{"type":"log","timestamp":1705598625855,"level":"debug","message":"Executing script orders-script (beforeRender)","meta":{"rootId":"efa3pipytftklyt","id":"efa3pipytftklyt"},"id":"fqyq3kcbai4tsio","previousOperationId":"hrwsvxev8i55sqo"}
{"type":"operationStart","subtype":"scriptsBeforeRender","name":"scripts beforeRender","timestamp":1705598626072,"id":"zzqv4h213iuw40a","previousEventId":"7bei4eh0j3oyl5g","operationId":"9m1i9wpffykffi7","previousOperationId":"hrwsvxev8i55sqo"}
{"type":"operationStart","subtype":"script","name":"scripts orders-script","previousOperationId":"9m1i9wpffykffi7","timestamp":1705598626072,"id":"h9c1rya3x2qwa1t","previousEventId":"zzqv4h213iuw40a","operationId":"9fvr6rhd67tbpna"}
{"type":"log","timestamp":1705598626098,"level":"debug","message":"(console:log) [ 'Race1', 'Race2' ]","meta":{"userLevel":true,"rootId":"efa3pipytftklyt","id":"efa3pipytftklyt"},"id":"16kaapemvcgu9zh","previousOperationId":"9fvr6rhd67tbpna"}
{"type":"log","timestamp":1705598626098,"level":"debug","message":"(console:log) [ 2, 1 ]","meta":{"userLevel":true,"rootId":"efa3pipytftklyt","id":"efa3pipytftklyt"},"id":"s0tnus3tr790f2a","previousOperationId":"9fvr6rhd67tbpna"}
{"type":"operationEnd","operationId":"9fvr6rhd67tbpna","timestamp":1705598626099,"id":"hthuet5bz9aydtd","previousEventId":"7bei4eh0j3oyl5g","previousOperationId":"hrwsvxev8i55sqo"}
{"type":"operationEnd","operationId":"9m1i9wpffykffi7","timestamp":1705598626099,"id":"i8al9rt0ym5klcx","previousEventId":"hthuet5bz9aydtd","previousOperationId":"hrwsvxev8i55sqo"}
{"type":"log","timestamp":1705598626099,"level":"debug","message":"Base url not specified, skipping its injection.","meta":{"rootId":"efa3pipytftklyt","id":"efa3pipytftklyt"},"id":"b5n9ye02t0daqnl","previousOperationId":"9m1i9wpffykffi7"}
{"type":"operationStart","subtype":"engine","name":"handlebars","timestamp":1705598626100,"id":"vg40x7tq2xcyukr","previousEventId":"i8al9rt0ym5klcx","operationId":"0xbisyfsxfhc1no","previousOperationId":"9m1i9wpffykffi7"}
{"type":"log","timestamp":1705598626100,"level":"debug","message":"Rendering engine handlebars","meta":{"rootId":"efa3pipytftklyt","id":"efa3pipytftklyt"},"id":"q1kjr166sbv1uac","previousOperationId":"0xbisyfsxfhc1no"}
{"type":"log","timestamp":1705598626316,"level":"debug","message":"(console:log) Pdf utils adding group field, value: \"Race1\"","meta":{"userLevel":true,"rootId":"efa3pipytftklyt","id":"efa3pipytftklyt"},"id":"18ikao91azjlu8h","previousOperationId":"0xbisyfsxfhc1no"}
{"type":"log","timestamp":1705598626316,"level":"debug","message":"(console:log) Pdf utils adding group field, value: \"Race2\"","meta":{"userLevel":true,"rootId":"efa3pipytftklyt","id":"efa3pipytftklyt"},"id":"n10jlvlkt855yop","previousOperationId":"0xbisyfsxfhc1no"}
{"type":"operationEnd","operationId":"0xbisyfsxfhc1no","timestamp":1705598626316,"id":"la431yphuzz45a8","previousEventId":"vg40x7tq2xcyukr","previousOperationId":"0xbisyfsxfhc1no"}
{"type":"operationStart","subtype":"recipe","name":"chrome-pdf","timestamp":1705598626317,"id":"ua0eu1mxo1i5i8a","previousEventId":"la431yphuzz45a8","operationId":"pzfymdt6wkhl212","previousOperationId":"0xbisyfsxfhc1no"}
{"type":"log","timestamp":1705598626317,"level":"debug","message":"Executing recipe chrome-pdf","meta":{"rootId":"efa3pipytftklyt","id":"efa3pipytftklyt"},"id":"3alme1gqf6bqjzu","previousOperationId":"pzfymdt6wkhl212"}
{"type":"log","timestamp":1705598626716,"level":"debug","message":"Converting with chrome HeadlessChrome/117.0.5938.149 using chrome-pool strategy","meta":{"rootId":"efa3pipytftklyt","id":"efa3pipytftklyt"},"id":"03e7ezh0lro1gye","previousOperationId":"pzfymdt6wkhl212"}
{"type":"log","timestamp":1705598628030,"level":"debug","message":"Page request: GET (document) file:///C:/Users/DANIEL~1/AppData/Local/Temp/jsreport/autocleanup/04edc559-ad70-4347-84de-371acd1228c6-chrome-pdf.html","meta":{"rootId":"efa3pipytftklyt","id":"efa3pipytftklyt"},"id":"soph30hbbxvc0nf","previousOperationId":"pzfymdt6wkhl212"}
{"type":"log","timestamp":1705598628047,"level":"debug","message":"Page request: GET (stylesheet) https://cdnjs.cloudflare.com/ajax/libs/metro/4.1.5/css/metro.min.css","meta":{"rootId":"efa3pipytftklyt","id":"efa3pipytftklyt"},"id":"cs94j0myjksdlet","previousOperationId":"pzfymdt6wkhl212"}
{"type":"log","timestamp":1705598628047,"level":"debug","message":"Page request: GET (script) https://cdn.jsdelivr.net/npm/chart.js","meta":{"rootId":"efa3pipytftklyt","id":"efa3pipytftklyt"},"id":"d2f53iv0g2xcs0v","previousOperationId":"pzfymdt6wkhl212"}
{"type":"log","timestamp":1705598628048,"level":"debug","message":"Page request finished: GET (document) 200 file:///C:/Users/DANIEL~1/AppData/Local/Temp/jsreport/autocleanup/04edc559-ad70-4347-84de-371acd1228c6-chrome-pdf.html","meta":{"rootId":"efa3pipytftklyt","id":"efa3pipytftklyt"},"id":"rv31v79ccj258kv","previousOperationId":"pzfymdt6wkhl212"}
{"type":"log","timestamp":1705598628223,"level":"debug","message":"Page request finished: GET (stylesheet) 200 https://cdnjs.cloudflare.com/ajax/libs/metro/4.1.5/css/metro.min.css","meta":{"rootId":"efa3pipytftklyt","id":"efa3pipytftklyt"},"id":"fh59docietec15a","previousOperationId":"pzfymdt6wkhl212"}
{"type":"log","timestamp":1705598628310,"level":"debug","message":"Page request finished: GET (script) 200 https://cdn.jsdelivr.net/npm/chart.js","meta":{"rootId":"efa3pipytftklyt","id":"efa3pipytftklyt"},"id":"qt7spxen7voe8pl","previousOperationId":"pzfymdt6wkhl212"}
{"type":"log","timestamp":1705598628314,"level":"warn","message":"Page error: Missing initializer in const declaration , stack: SyntaxError: Missing initializer in const declaration","meta":{"rootId":"efa3pipytftklyt","id":"efa3pipytftklyt"},"id":"ydjfum18fplb9fr","previousOperationId":"pzfymdt6wkhl212"}
{"type":"log","timestamp":1705598628335,"level":"debug","message":"Running chrome with params {\"printBackground\":true,\"marginTop\":\"4cm\",\"marginRight\":\"1.5cm\",\"marginBottom\":\"1.5cm\",\"marginLeft\":\"1.5cm\",\"waitForJS\":false,\"timeout\":59236,\"margin\":{\"top\":\"4cm\",\"right\":\"1.5cm\",\"bottom\":\"1.5cm\",\"left\":\"1.5cm\"}}","meta":{"rootId":"efa3pipytftklyt","id":"efa3pipytftklyt"},"id":"3m09mmd3upe0xam","previousOperationId":"pzfymdt6wkhl212"}
{"type":"operationEnd","operationId":"pzfymdt6wkhl212","timestamp":1705598628401,"id":"nvggi14l2d32h89","previousEventId":"ua0eu1mxo1i5i8a","previousOperationId":"pzfymdt6wkhl212"}
{"type":"log","timestamp":1705598628401,"level":"info","message":"pdf-utils is starting pdf processing","meta":{"rootId":"efa3pipytftklyt","id":"efa3pipytftklyt"},"id":"cmhavxf6jdpzfrh","previousOperationId":"pzfymdt6wkhl212"}
{"type":"operationStart","subtype":"pdfUtils","name":"pdf utils","timestamp":1705598628538,"id":"4myjtogy8n66cs1","previousEventId":"nvggi14l2d32h89","operationId":"f5luq9tvl9fm86v","previousOperationId":"pzfymdt6wkhl212"}
{"type":"log","timestamp":1705598628538,"level":"debug","message":"pdf-utils detected 1 pdf operation(s) to process","meta":{"rootId":"efa3pipytftklyt","id":"efa3pipytftklyt"},"id":"4cymgiv9jcpm3kq","previousOperationId":"f5luq9tvl9fm86v"}
{"type":"log","timestamp":1705598628709,"level":"debug","message":"pdf-utils running pdf operation merge","meta":{"rootId":"efa3pipytftklyt","id":"efa3pipytftklyt"},"id":"rf0ymf30evcb19o","previousOperationId":"f5luq9tvl9fm86v"}
{"type":"operationStart","subtype":"pdfUtilsMerge","name":"pdf utils merge","previousOperationId":"f5luq9tvl9fm86v","timestamp":1705598628709,"id":"l0vmkbw3q8zdiqf","previousEventId":"4myjtogy8n66cs1","operationId":"zaml0x7ceg7vh9e"}
{"type":"operationStart","subtype":"render","name":"orders-header","previousOperationId":"zaml0x7ceg7vh9e","timestamp":1705598628710,"id":"wy3t2uw61gn226t","previousEventId":"l0vmkbw3q8zdiqf","operationId":"tf1gx6m6g73zp9w"}
{"type":"log","timestamp":1705598628710,"level":"info","message":"Starting rendering (child) request","meta":{"rootId":"efa3pipytftklyt","id":"d15c6isxde22ksd"},"id":"4qbjh7qd3kpezlu","previousOperationId":"tf1gx6m6g73zp9w"}
{"type":"log","timestamp":1705598628710,"level":"info","message":"Rendering template { name: orders-header, recipe: chrome-pdf, engine: handlebars, preview: true }","meta":{"rootId":"efa3pipytftklyt","id":"d15c6isxde22ksd"},"id":"dwy023j4vpj088e","previousOperationId":"tf1gx6m6g73zp9w"}
{"type":"log","timestamp":1705598628716,"level":"debug","message":"Inline data specified.","meta":{"rootId":"efa3pipytftklyt","id":"d15c6isxde22ksd"},"id":"55890f16c8fyr2a","previousOperationId":"tf1gx6m6g73zp9w"}
{"type":"log","timestamp":1705598628717,"level":"debug","message":"Base url not specified, skipping its injection.","meta":{"rootId":"efa3pipytftklyt","id":"d15c6isxde22ksd"},"id":"rtbjgvyfcvweinv","previousOperationId":"tf1gx6m6g73zp9w"}
{"type":"operationStart","subtype":"engine","name":"handlebars","timestamp":1705598628717,"id":"xvhou09qebii1ii","previousEventId":"wy3t2uw61gn226t","operationId":"dufayhes7sjk7ad","previousOperationId":"tf1gx6m6g73zp9w"}
{"type":"log","timestamp":1705598628717,"level":"debug","message":"Rendering engine handlebars","meta":{"rootId":"efa3pipytftklyt","id":"d15c6isxde22ksd"},"id":"8259wmp9gnxf7sd","previousOperationId":"dufayhes7sjk7ad"}
{"type":"operationEnd","operationId":"dufayhes7sjk7ad","timestamp":1705598628734,"id":"9tzap7hhhns7lc4","previousEventId":"xvhou09qebii1ii","previousOperationId":"dufayhes7sjk7ad"}
{"type":"operationStart","subtype":"recipe","name":"chrome-pdf","timestamp":1705598628734,"id":"b3fysq3jt6rp977","previousEventId":"9tzap7hhhns7lc4","operationId":"brejr7svdcqul7j","previousOperationId":"dufayhes7sjk7ad"}
{"type":"log","timestamp":1705598628734,"level":"debug","message":"Executing recipe chrome-pdf","meta":{"rootId":"efa3pipytftklyt","id":"d15c6isxde22ksd"},"id":"2al2f3fa9tanixq","previousOperationId":"brejr7svdcqul7j"}
{"type":"log","timestamp":1705598628736,"level":"debug","message":"Converting with chrome HeadlessChrome/117.0.5938.149 using chrome-pool strategy","meta":{"rootId":"efa3pipytftklyt","id":"d15c6isxde22ksd"},"id":"gz1lsmyaxv2uznt","previousOperationId":"brejr7svdcqul7j"}
{"type":"log","timestamp":1705598628802,"level":"debug","message":"Page request: GET (document) file:///C:/Users/DANIEL~1/AppData/Local/Temp/jsreport/autocleanup/19df6e1f-6e72-45d4-a697-75f17118a8be-chrome-pdf.html","meta":{"rootId":"efa3pipytftklyt","id":"d15c6isxde22ksd"},"id":"emfydf8ibso2hgd","previousOperationId":"brejr7svdcqul7j"}
{"type":"log","timestamp":1705598628808,"level":"debug","message":"Page request: GET (stylesheet) https://cdnjs.cloudflare.com/ajax/libs/metro/4.1.5/css/metro.min.css","meta":{"rootId":"efa3pipytftklyt","id":"d15c6isxde22ksd"},"id":"fzimz1laiyar0io","previousOperationId":"brejr7svdcqul7j"}
{"type":"log","timestamp":1705598628809,"level":"debug","message":"Page request finished: GET (document) 200 file:///C:/Users/DANIEL~1/AppData/Local/Temp/jsreport/autocleanup/19df6e1f-6e72-45d4-a697-75f17118a8be-chrome-pdf.html","meta":{"rootId":"efa3pipytftklyt","id":"d15c6isxde22ksd"},"id":"r77s88uazxhwfys","previousOperationId":"brejr7svdcqul7j"}
{"type":"log","timestamp":1705598628820,"level":"debug","message":"Page request finished: GET (stylesheet) 200 https://cdnjs.cloudflare.com/ajax/libs/metro/4.1.5/css/metro.min.css","meta":{"rootId":"efa3pipytftklyt","id":"d15c6isxde22ksd"},"id":"widr127sw4ybaky","previousOperationId":"brejr7svdcqul7j"}
{"type":"log","timestamp":1705598628834,"level":"debug","message":"Running chrome with params {\"printBackground\":true,\"marginTop\":\"1.5cm\",\"marginRight\":\"1.5cm\",\"marginLeft\":\"1.cm\",\"timeout\":57107,\"margin\":{\"top\":\"1.5cm\",\"right\":\"1.5cm\",\"left\":\"1.cm\"}}","meta":{"rootId":"efa3pipytftklyt","id":"d15c6isxde22ksd"},"id":"b9lwewo7fmlgodn","previousOperationId":"brejr7svdcqul7j"}
{"type":"operationEnd","operationId":"brejr7svdcqul7j","timestamp":1705598628862,"id":"nrs8ih8bgaqb62h","previousEventId":"b3fysq3jt6rp977","previousOperationId":"brejr7svdcqul7j"}
{"type":"log","timestamp":1705598628863,"level":"debug","message":"Skipping storing report.","meta":{"rootId":"efa3pipytftklyt","id":"d15c6isxde22ksd"},"id":"yq7dr9skl1aiav6","previousOperationId":"brejr7svdcqul7j"}
{"type":"log","timestamp":1705598628863,"level":"info","message":"Rendering (child) request finished in 3021 ms","meta":{"rootId":"efa3pipytftklyt","id":"d15c6isxde22ksd"},"id":"hu4liktlb5uhlhb","previousOperationId":"brejr7svdcqul7j"}
{"type":"operationEnd","subtype":"render","operationId":"tf1gx6m6g73zp9w","timestamp":1705598628863,"id":"t8w9izrj0p1z3xi","previousEventId":"nrs8ih8bgaqb62h","previousOperationId":"brejr7svdcqul7j"}
{"type":"operationEnd","operationId":"zaml0x7ceg7vh9e","timestamp":1705598628880,"id":"h7fpxgu1s49ucmc","previousEventId":"l0vmkbw3q8zdiqf","previousOperationId":"zaml0x7ceg7vh9e"}
{"type":"log","timestamp":1705598628880,"level":"debug","message":"pdf-utils postproces start","meta":{"rootId":"efa3pipytftklyt","id":"efa3pipytftklyt"},"id":"pg7jtl9q62jd0nj","previousOperationId":"zaml0x7ceg7vh9e"}
{"type":"log","timestamp":1705598628891,"level":"debug","message":"pdf-utils postproces end","meta":{"rootId":"efa3pipytftklyt","id":"efa3pipytftklyt"},"id":"goxsq4hfeznakzd","previousOperationId":"zaml0x7ceg7vh9e"}
{"type":"operationEnd","operationId":"f5luq9tvl9fm86v","timestamp":1705598628891,"id":"wvkdbm90gzxvsut","previousEventId":"h7fpxgu1s49ucmc","previousOperationId":"zaml0x7ceg7vh9e"}
{"type":"log","timestamp":1705598628891,"level":"info","message":"pdf-utils pdf processing was finished","meta":{"rootId":"efa3pipytftklyt","id":"efa3pipytftklyt"},"id":"8tr0tto40flwlwa","previousOperationId":"f5luq9tvl9fm86v"}
{"type":"log","timestamp":1705598628891,"level":"debug","message":"Skipping storing report.","meta":{"rootId":"efa3pipytftklyt","id":"efa3pipytftklyt"},"id":"84p5hd6ixoe3ruw","previousOperationId":"f5luq9tvl9fm86v"}
{"type":"log","timestamp":1705598628891,"level":"info","message":"Rendering request 2 finished in 3049 ms","meta":{"rootId":"efa3pipytftklyt","id":"efa3pipytftklyt"},"id":"458ogz9sacf54ka","previousOperationId":"f5luq9tvl9fm86v"}
{"type":"operationEnd","subtype":"render","operationId":"hrwsvxev8i55sqo","timestamp":1705598628891,"id":"99xsac1byxtchzu","previousEventId":"wvkdbm90gzxvsut","previousOperationId":"f5luq9tvl9fm86v"}
{"type":"operationEnd","doDiffs":false,"previousEventId":"ib9n50ghlolspxe","previousOperationId":"oypwtb3y4g4ubx4","operationId":"oypwtb3y4g4ubx4","timestamp":1705598628899,"id":"1ipkhihaj02eceq"}
