{"type":"operationStart","subtype":"profile","data":{"_id":"X0565RwypNXApwnZ","timestamp":"2024-01-18T17:34:02.961Z","state":"queued","mode":"standard","creationDate":"2024-01-18T17:34:02.963Z","modificationDate":"2024-01-18T17:34:02.963Z","shortid":"AWcy7j5","$entitySet":"profiles"},"doDiffs":false,"timestamp":1705599242962,"id":"zawwqru97c741vx","previousOperationId":null,"operationId":"ky6vzwsm56zbyar"}
{"type":"log","level":"info","message":"Render request 12 queued for execution and waiting for available worker","previousOperationId":"ky6vzwsm56zbyar","timestamp":1705599242962,"id":"0brunrwfbur784u"}
{"type":"operationStart","subtype":"render","name":"orders-main","previousOperationId":"ky6vzwsm56zbyar","timestamp":1705599242968,"id":"qvwekkts2thqc3a","previousEventId":"zawwqru97c741vx","operationId":"axfttxftennmb87"}
{"type":"log","timestamp":1705599242968,"level":"info","message":"Starting rendering request 12","meta":{"rootId":"egu2s1ji1oc0dwf","id":"egu2s1ji1oc0dwf"},"id":"4nxosake7k0kte3","previousOperationId":"axfttxftennmb87"}
{"type":"log","timestamp":1705599242968,"level":"info","message":"Rendering template { name: orders-main, recipe: chrome-pdf, engine: handlebars, preview: true }","meta":{"rootId":"egu2s1ji1oc0dwf","id":"egu2s1ji1oc0dwf"},"id":"am5m7e3sngv5j87","previousOperationId":"axfttxftennmb87"}
{"type":"log","timestamp":1705599242969,"level":"debug","message":"Data item not defined for this template.","meta":{"rootId":"egu2s1ji1oc0dwf","id":"egu2s1ji1oc0dwf"},"id":"pvzdmlppwk8w3b8","previousOperationId":"axfttxftennmb87"}
{"type":"log","timestamp":1705599242970,"level":"debug","message":"Executing script orders-script (beforeRender)","meta":{"rootId":"egu2s1ji1oc0dwf","id":"egu2s1ji1oc0dwf"},"id":"l32oc6adr8fkkrs","previousOperationId":"axfttxftennmb87"}
{"type":"operationStart","subtype":"scriptsBeforeRender","name":"scripts beforeRender","timestamp":1705599242985,"id":"cx4awf3vfmerpgd","previousEventId":"qvwekkts2thqc3a","operationId":"3puvpfodycw9abb","previousOperationId":"axfttxftennmb87"}
{"type":"operationStart","subtype":"script","name":"scripts orders-script","previousOperationId":"3puvpfodycw9abb","timestamp":1705599242985,"id":"eibk3xy7hucsimb","previousEventId":"cx4awf3vfmerpgd","operationId":"2jbgvgfi39cab9r"}
{"type":"log","timestamp":1705599242995,"level":"debug","message":"(console:log) [ undefined, undefined ]","meta":{"userLevel":true,"rootId":"egu2s1ji1oc0dwf","id":"egu2s1ji1oc0dwf"},"id":"4p00qd7amxebld9","previousOperationId":"2jbgvgfi39cab9r"}
{"type":"log","timestamp":1705599242995,"level":"debug","message":"(console:log) [ undefined, undefined ]","meta":{"userLevel":true,"rootId":"egu2s1ji1oc0dwf","id":"egu2s1ji1oc0dwf"},"id":"s4yutleyinzueka","previousOperationId":"2jbgvgfi39cab9r"}
{"type":"operationEnd","operationId":"2jbgvgfi39cab9r","timestamp":1705599242995,"id":"8m0anbxdp3ke2v9","previousEventId":"qvwekkts2thqc3a","previousOperationId":"axfttxftennmb87"}
{"type":"operationEnd","operationId":"3puvpfodycw9abb","timestamp":1705599242995,"id":"sgstzn7vyzttq68","previousEventId":"8m0anbxdp3ke2v9","previousOperationId":"axfttxftennmb87"}
{"type":"log","timestamp":1705599242995,"level":"debug","message":"Base url not specified, skipping its injection.","meta":{"rootId":"egu2s1ji1oc0dwf","id":"egu2s1ji1oc0dwf"},"id":"gvrrbr1qlvpssuu","previousOperationId":"3puvpfodycw9abb"}
{"type":"operationStart","subtype":"engine","name":"handlebars","timestamp":1705599242995,"id":"24fzt94qb6ub6hs","previousEventId":"sgstzn7vyzttq68","operationId":"vuwjc8jhgllfjew","previousOperationId":"3puvpfodycw9abb"}
{"type":"log","timestamp":1705599242995,"level":"debug","message":"Rendering engine handlebars","meta":{"rootId":"egu2s1ji1oc0dwf","id":"egu2s1ji1oc0dwf"},"id":"1aj7jhopu984ctj","previousOperationId":"vuwjc8jhgllfjew"}
{"type":"log","timestamp":1705599243008,"level":"debug","message":"(console:log) Pdf utils adding group field, value: \"Race1\"","meta":{"userLevel":true,"rootId":"egu2s1ji1oc0dwf","id":"egu2s1ji1oc0dwf"},"id":"agemxsarkkyr55r","previousOperationId":"vuwjc8jhgllfjew"}
{"type":"log","timestamp":1705599243008,"level":"debug","message":"(console:log) Pdf utils adding group field, value: \"Race2\"","meta":{"userLevel":true,"rootId":"egu2s1ji1oc0dwf","id":"egu2s1ji1oc0dwf"},"id":"nkfq0866e3u87ta","previousOperationId":"vuwjc8jhgllfjew"}
{"type":"operationEnd","operationId":"vuwjc8jhgllfjew","timestamp":1705599243008,"id":"cosek3th8kqryso","previousEventId":"24fzt94qb6ub6hs","previousOperationId":"vuwjc8jhgllfjew"}
{"type":"operationStart","subtype":"recipe","name":"chrome-pdf","timestamp":1705599243008,"id":"4iogstuh025ibfp","previousEventId":"cosek3th8kqryso","operationId":"q9lk6tvubrj3tdc","previousOperationId":"vuwjc8jhgllfjew"}
{"type":"log","timestamp":1705599243008,"level":"debug","message":"Executing recipe chrome-pdf","meta":{"rootId":"egu2s1ji1oc0dwf","id":"egu2s1ji1oc0dwf"},"id":"lk943hkm4qzuu38","previousOperationId":"q9lk6tvubrj3tdc"}
{"type":"log","timestamp":1705599243011,"level":"debug","message":"Converting with chrome HeadlessChrome/117.0.5938.149 using chrome-pool strategy","meta":{"rootId":"egu2s1ji1oc0dwf","id":"egu2s1ji1oc0dwf"},"id":"6ivi3ovdh5jkbd2","previousOperationId":"q9lk6tvubrj3tdc"}
{"type":"log","timestamp":1705599243090,"level":"debug","message":"Page request: GET (document) file:///C:/Users/DANIEL~1/AppData/Local/Temp/jsreport/autocleanup/b6078300-1332-4997-8bdf-ebff01e0e67d-chrome-pdf.html","meta":{"rootId":"egu2s1ji1oc0dwf","id":"egu2s1ji1oc0dwf"},"id":"b7puuk1cz0ajpnj","previousOperationId":"q9lk6tvubrj3tdc"}
{"type":"log","timestamp":1705599243112,"level":"debug","message":"Page request: GET (stylesheet) https://cdnjs.cloudflare.com/ajax/libs/metro/4.1.5/css/metro.min.css","meta":{"rootId":"egu2s1ji1oc0dwf","id":"egu2s1ji1oc0dwf"},"id":"oszkq6kx4fd6s3g","previousOperationId":"q9lk6tvubrj3tdc"}
{"type":"log","timestamp":1705599243112,"level":"debug","message":"Page request: GET (script) https://cdn.jsdelivr.net/npm/chart.js","meta":{"rootId":"egu2s1ji1oc0dwf","id":"egu2s1ji1oc0dwf"},"id":"c9fwxyc0x13r2jm","previousOperationId":"q9lk6tvubrj3tdc"}
{"type":"log","timestamp":1705599243112,"level":"debug","message":"Page request finished: GET (document) 200 file:///C:/Users/DANIEL~1/AppData/Local/Temp/jsreport/autocleanup/b6078300-1332-4997-8bdf-ebff01e0e67d-chrome-pdf.html","meta":{"rootId":"egu2s1ji1oc0dwf","id":"egu2s1ji1oc0dwf"},"id":"ft9jyv6tsgjnohz","previousOperationId":"q9lk6tvubrj3tdc"}
{"type":"log","timestamp":1705599243116,"level":"debug","message":"Page request finished: GET (script) 200 https://cdn.jsdelivr.net/npm/chart.js","meta":{"rootId":"egu2s1ji1oc0dwf","id":"egu2s1ji1oc0dwf"},"id":"q1t34eyxwadh5vi","previousOperationId":"q9lk6tvubrj3tdc"}
{"type":"log","timestamp":1705599243124,"level":"debug","message":"Page request finished: GET (stylesheet) 200 https://cdnjs.cloudflare.com/ajax/libs/metro/4.1.5/css/metro.min.css","meta":{"rootId":"egu2s1ji1oc0dwf","id":"egu2s1ji1oc0dwf"},"id":"741kg2yrqghci9p","previousOperationId":"q9lk6tvubrj3tdc"}
{"type":"log","timestamp":1705599243127,"level":"warn","message":"Page error: Unexpected token ';' , stack: SyntaxError: Unexpected token ';'","meta":{"rootId":"egu2s1ji1oc0dwf","id":"egu2s1ji1oc0dwf"},"id":"8u0gg1qdk8pmqj9","previousOperationId":"q9lk6tvubrj3tdc"}
{"type":"log","timestamp":1705599243148,"level":"debug","message":"Running chrome with params {\"printBackground\":true,\"marginTop\":\"4cm\",\"marginRight\":\"1.5cm\",\"marginBottom\":\"1.5cm\",\"marginLeft\":\"1.5cm\",\"waitForJS\":false,\"timeout\":59952,\"margin\":{\"top\":\"4cm\",\"right\":\"1.5cm\",\"bottom\":\"1.5cm\",\"left\":\"1.5cm\"}}","meta":{"rootId":"egu2s1ji1oc0dwf","id":"egu2s1ji1oc0dwf"},"id":"27jz0mlssfslqdp","previousOperationId":"q9lk6tvubrj3tdc"}
{"type":"operationEnd","operationId":"q9lk6tvubrj3tdc","timestamp":1705599243210,"id":"39x9e2as8plofn3","previousEventId":"4iogstuh025ibfp","previousOperationId":"q9lk6tvubrj3tdc"}
{"type":"log","timestamp":1705599243210,"level":"info","message":"pdf-utils is starting pdf processing","meta":{"rootId":"egu2s1ji1oc0dwf","id":"egu2s1ji1oc0dwf"},"id":"85pdhww9ftd8drn","previousOperationId":"q9lk6tvubrj3tdc"}
{"type":"operationStart","subtype":"pdfUtils","name":"pdf utils","timestamp":1705599243210,"id":"k7lr97k4kgdw51s","previousEventId":"39x9e2as8plofn3","operationId":"t3cag0733s2ne6r","previousOperationId":"q9lk6tvubrj3tdc"}
{"type":"log","timestamp":1705599243210,"level":"debug","message":"pdf-utils detected 1 pdf operation(s) to process","meta":{"rootId":"egu2s1ji1oc0dwf","id":"egu2s1ji1oc0dwf"},"id":"i1alsox0lf6n093","previousOperationId":"t3cag0733s2ne6r"}
{"type":"log","timestamp":1705599243223,"level":"debug","message":"pdf-utils running pdf operation merge","meta":{"rootId":"egu2s1ji1oc0dwf","id":"egu2s1ji1oc0dwf"},"id":"gevwwcc9tgwazhp","previousOperationId":"t3cag0733s2ne6r"}
{"type":"operationStart","subtype":"pdfUtilsMerge","name":"pdf utils merge","previousOperationId":"t3cag0733s2ne6r","timestamp":1705599243223,"id":"f6i9bxn9ojdb7zt","previousEventId":"k7lr97k4kgdw51s","operationId":"guv5xv6in4j7jkc"}
{"type":"operationStart","subtype":"render","name":"orders-header","previousOperationId":"guv5xv6in4j7jkc","timestamp":1705599243224,"id":"u8heomddj8m43vq","previousEventId":"f6i9bxn9ojdb7zt","operationId":"sif3nmjxhvel37v"}
{"type":"log","timestamp":1705599243224,"level":"info","message":"Starting rendering (child) request","meta":{"rootId":"egu2s1ji1oc0dwf","id":"l1arhog7yonbdi0"},"id":"rqfnv1863riw9cs","previousOperationId":"sif3nmjxhvel37v"}
{"type":"log","timestamp":1705599243224,"level":"info","message":"Rendering template { name: orders-header, recipe: chrome-pdf, engine: handlebars, preview: true }","meta":{"rootId":"egu2s1ji1oc0dwf","id":"l1arhog7yonbdi0"},"id":"ujqe1j8cse0hbw2","previousOperationId":"sif3nmjxhvel37v"}
{"type":"log","timestamp":1705599243224,"level":"debug","message":"Inline data specified.","meta":{"rootId":"egu2s1ji1oc0dwf","id":"l1arhog7yonbdi0"},"id":"9wfuizq6t9i3i9j","previousOperationId":"sif3nmjxhvel37v"}
{"type":"log","timestamp":1705599243226,"level":"debug","message":"Base url not specified, skipping its injection.","meta":{"rootId":"egu2s1ji1oc0dwf","id":"l1arhog7yonbdi0"},"id":"sx1h37tp5xktvxk","previousOperationId":"sif3nmjxhvel37v"}
{"type":"operationStart","subtype":"engine","name":"handlebars","timestamp":1705599243227,"id":"57myh7sikk6vx1c","previousEventId":"u8heomddj8m43vq","operationId":"1y7gmkuf6i9847m","previousOperationId":"sif3nmjxhvel37v"}
{"type":"log","timestamp":1705599243227,"level":"debug","message":"Rendering engine handlebars","meta":{"rootId":"egu2s1ji1oc0dwf","id":"l1arhog7yonbdi0"},"id":"diafpekr9g19y5n","previousOperationId":"1y7gmkuf6i9847m"}
{"type":"operationEnd","operationId":"1y7gmkuf6i9847m","timestamp":1705599243237,"id":"u71sdipsit9b6wl","previousEventId":"57myh7sikk6vx1c","previousOperationId":"1y7gmkuf6i9847m"}
{"type":"operationStart","subtype":"recipe","name":"chrome-pdf","timestamp":1705599243237,"id":"7wqpv5z3hwxhxp8","previousEventId":"u71sdipsit9b6wl","operationId":"2owm1488y0ykto9","previousOperationId":"1y7gmkuf6i9847m"}
{"type":"log","timestamp":1705599243237,"level":"debug","message":"Executing recipe chrome-pdf","meta":{"rootId":"egu2s1ji1oc0dwf","id":"l1arhog7yonbdi0"},"id":"uk648pyc9nhplq8","previousOperationId":"2owm1488y0ykto9"}
{"type":"log","timestamp":1705599243239,"level":"debug","message":"Converting with chrome HeadlessChrome/117.0.5938.149 using chrome-pool strategy","meta":{"rootId":"egu2s1ji1oc0dwf","id":"l1arhog7yonbdi0"},"id":"id141hmapcvq5rd","previousOperationId":"2owm1488y0ykto9"}
{"type":"log","timestamp":1705599243308,"level":"debug","message":"Page request: GET (document) file:///C:/Users/DANIEL~1/AppData/Local/Temp/jsreport/autocleanup/1f0f152f-ffa3-4da9-b8e1-aa176220ccb3-chrome-pdf.html","meta":{"rootId":"egu2s1ji1oc0dwf","id":"l1arhog7yonbdi0"},"id":"aqbdiquqcjcp5y9","previousOperationId":"2owm1488y0ykto9"}
{"type":"log","timestamp":1705599243317,"level":"debug","message":"Page request: GET (stylesheet) https://cdnjs.cloudflare.com/ajax/libs/metro/4.1.5/css/metro.min.css","meta":{"rootId":"egu2s1ji1oc0dwf","id":"l1arhog7yonbdi0"},"id":"hi2jiczlr0k51k1","previousOperationId":"2owm1488y0ykto9"}
{"type":"log","timestamp":1705599243317,"level":"debug","message":"Page request finished: GET (document) 200 file:///C:/Users/DANIEL~1/AppData/Local/Temp/jsreport/autocleanup/1f0f152f-ffa3-4da9-b8e1-aa176220ccb3-chrome-pdf.html","meta":{"rootId":"egu2s1ji1oc0dwf","id":"l1arhog7yonbdi0"},"id":"bnv5z3cx7ymfw50","previousOperationId":"2owm1488y0ykto9"}
{"type":"log","timestamp":1705599243329,"level":"debug","message":"Page request finished: GET (stylesheet) 200 https://cdnjs.cloudflare.com/ajax/libs/metro/4.1.5/css/metro.min.css","meta":{"rootId":"egu2s1ji1oc0dwf","id":"l1arhog7yonbdi0"},"id":"5p86666errdni8y","previousOperationId":"2owm1488y0ykto9"}
{"type":"log","timestamp":1705599243342,"level":"debug","message":"Running chrome with params {\"printBackground\":true,\"marginTop\":\"1.5cm\",\"marginRight\":\"1.5cm\",\"marginLeft\":\"1.cm\",\"timeout\":59723,\"margin\":{\"top\":\"1.5cm\",\"right\":\"1.5cm\",\"left\":\"1.cm\"}}","meta":{"rootId":"egu2s1ji1oc0dwf","id":"l1arhog7yonbdi0"},"id":"9bd11h8uqg0v8nk","previousOperationId":"2owm1488y0ykto9"}
{"type":"operationEnd","operationId":"2owm1488y0ykto9","timestamp":1705599243370,"id":"m8re3lwezhm5ib0","previousEventId":"7wqpv5z3hwxhxp8","previousOperationId":"2owm1488y0ykto9"}
{"type":"log","timestamp":1705599243370,"level":"debug","message":"Skipping storing report.","meta":{"rootId":"egu2s1ji1oc0dwf","id":"l1arhog7yonbdi0"},"id":"zxlted7vxfh4u4k","previousOperationId":"2owm1488y0ykto9"}
{"type":"log","timestamp":1705599243370,"level":"info","message":"Rendering (child) request finished in 409 ms","meta":{"rootId":"egu2s1ji1oc0dwf","id":"l1arhog7yonbdi0"},"id":"um433zigeemt80k","previousOperationId":"2owm1488y0ykto9"}
{"type":"operationEnd","subtype":"render","operationId":"sif3nmjxhvel37v","timestamp":1705599243370,"id":"7vdm2hqvkph2qq8","previousEventId":"m8re3lwezhm5ib0","previousOperationId":"2owm1488y0ykto9"}
{"type":"operationEnd","operationId":"guv5xv6in4j7jkc","timestamp":1705599243377,"id":"ps5t4sm6aimgbg6","previousEventId":"f6i9bxn9ojdb7zt","previousOperationId":"guv5xv6in4j7jkc"}
{"type":"log","timestamp":1705599243377,"level":"debug","message":"pdf-utils postproces start","meta":{"rootId":"egu2s1ji1oc0dwf","id":"egu2s1ji1oc0dwf"},"id":"31opu58ipo8yejv","previousOperationId":"guv5xv6in4j7jkc"}
{"type":"log","timestamp":1705599243387,"level":"debug","message":"pdf-utils postproces end","meta":{"rootId":"egu2s1ji1oc0dwf","id":"egu2s1ji1oc0dwf"},"id":"q5xlla5f3wz2hwp","previousOperationId":"guv5xv6in4j7jkc"}
{"type":"operationEnd","operationId":"t3cag0733s2ne6r","timestamp":1705599243388,"id":"p69p261g5xkjct8","previousEventId":"ps5t4sm6aimgbg6","previousOperationId":"guv5xv6in4j7jkc"}
{"type":"log","timestamp":1705599243388,"level":"info","message":"pdf-utils pdf processing was finished","meta":{"rootId":"egu2s1ji1oc0dwf","id":"egu2s1ji1oc0dwf"},"id":"9opr2qn31izef5h","previousOperationId":"t3cag0733s2ne6r"}
{"type":"log","timestamp":1705599243388,"level":"debug","message":"Skipping storing report.","meta":{"rootId":"egu2s1ji1oc0dwf","id":"egu2s1ji1oc0dwf"},"id":"o2gdj361iqg4xp7","previousOperationId":"t3cag0733s2ne6r"}
{"type":"log","timestamp":1705599243388,"level":"info","message":"Rendering request 12 finished in 427 ms","meta":{"rootId":"egu2s1ji1oc0dwf","id":"egu2s1ji1oc0dwf"},"id":"5uu4lkpeglc711a","previousOperationId":"t3cag0733s2ne6r"}
{"type":"operationEnd","subtype":"render","operationId":"axfttxftennmb87","timestamp":1705599243388,"id":"75zhpziohp3h5rb","previousEventId":"p69p261g5xkjct8","previousOperationId":"t3cag0733s2ne6r"}
{"type":"operationEnd","doDiffs":false,"previousEventId":"zawwqru97c741vx","previousOperationId":"ky6vzwsm56zbyar","operationId":"ky6vzwsm56zbyar","timestamp":1705599243397,"id":"gctkgkf43m4z96t"}
