{"type":"operationStart","subtype":"profile","data":{"_id":"N3bf0dpevQM9EWvI","timestamp":"2024-02-19T16:26:02.341Z","state":"queued","mode":"standard","creationDate":"2024-02-19T16:26:02.345Z","modificationDate":"2024-02-19T16:26:02.345Z","shortid":"fCJgvaK","$entitySet":"profiles"},"doDiffs":false,"timestamp":1708359962343,"id":"8qsajl0ryxuyg11","previousOperationId":null,"operationId":"f7o2t4l4ouroi81"}
{"type":"log","level":"info","message":"Render request 11 queued for execution and waiting for available worker","previousOperationId":"f7o2t4l4ouroi81","timestamp":1708359962343,"id":"mlgpecc0n20zlua"}
{"type":"operationStart","subtype":"render","name":"orders-main","previousOperationId":"f7o2t4l4ouroi81","timestamp":1708359962360,"id":"mf5c9sylsuqdjhd","previousEventId":"8qsajl0ryxuyg11","operationId":"wh54diifnzebkp9"}
{"type":"log","timestamp":1708359962361,"level":"info","message":"Starting rendering request 11","meta":{"rootId":"etw83rpuqdpi0gu","id":"etw83rpuqdpi0gu"},"id":"btfalbm3cuygfuq","previousOperationId":"wh54diifnzebkp9"}
{"type":"log","timestamp":1708359962362,"level":"info","message":"Rendering template { name: orders-main, recipe: chrome-pdf, engine: handlebars, preview: true }","meta":{"rootId":"etw83rpuqdpi0gu","id":"etw83rpuqdpi0gu"},"id":"09rtd1su3hjob3c","previousOperationId":"wh54diifnzebkp9"}
{"type":"log","timestamp":1708359962363,"level":"debug","message":"Data item not defined for this template.","meta":{"rootId":"etw83rpuqdpi0gu","id":"etw83rpuqdpi0gu"},"id":"3m9xj38zjjqw6wd","previousOperationId":"wh54diifnzebkp9"}
{"type":"log","timestamp":1708359962364,"level":"debug","message":"Executing script orders-script (beforeRender)","meta":{"rootId":"etw83rpuqdpi0gu","id":"etw83rpuqdpi0gu"},"id":"im4jlpl02abon1o","previousOperationId":"wh54diifnzebkp9"}
{"type":"operationStart","subtype":"scriptsBeforeRender","name":"scripts beforeRender","timestamp":1708359962504,"id":"wfav4899vg0mnpx","previousEventId":"mf5c9sylsuqdjhd","operationId":"ldjxgzhlh9p1x6m","previousOperationId":"wh54diifnzebkp9"}
{"type":"operationStart","subtype":"script","name":"scripts orders-script","previousOperationId":"ldjxgzhlh9p1x6m","timestamp":1708359962504,"id":"yq9xr6dt4ii3i1m","previousEventId":"wfav4899vg0mnpx","operationId":"elzfckyikxnsgam"}
{"type":"log","timestamp":1708359962527,"level":"debug","message":"(console:log) [ 'ola' ]","meta":{"userLevel":true,"rootId":"etw83rpuqdpi0gu","id":"etw83rpuqdpi0gu"},"id":"kdu9b5jlrp3qv70","previousOperationId":"elzfckyikxnsgam"}
{"type":"log","timestamp":1708359962527,"level":"debug","message":"(console:log) [ 1 ]","meta":{"userLevel":true,"rootId":"etw83rpuqdpi0gu","id":"etw83rpuqdpi0gu"},"id":"05zxnslnndhyxsj","previousOperationId":"elzfckyikxnsgam"}
{"type":"operationEnd","operationId":"elzfckyikxnsgam","timestamp":1708359962528,"id":"ccm0y4p2u9kfpg1","previousEventId":"mf5c9sylsuqdjhd","previousOperationId":"wh54diifnzebkp9"}
{"type":"operationEnd","operationId":"ldjxgzhlh9p1x6m","timestamp":1708359962528,"id":"4lxw5raw8alt3bt","previousEventId":"ccm0y4p2u9kfpg1","previousOperationId":"wh54diifnzebkp9"}
{"type":"log","timestamp":1708359962528,"level":"debug","message":"Base url not specified, skipping its injection.","meta":{"rootId":"etw83rpuqdpi0gu","id":"etw83rpuqdpi0gu"},"id":"9kj1untu7f1c81i","previousOperationId":"ldjxgzhlh9p1x6m"}
{"type":"operationStart","subtype":"engine","name":"handlebars","timestamp":1708359962528,"id":"znj7jov47lfgrgl","previousEventId":"4lxw5raw8alt3bt","operationId":"gelbvnefy6f1e9y","previousOperationId":"ldjxgzhlh9p1x6m"}
{"type":"log","timestamp":1708359962528,"level":"debug","message":"Rendering engine handlebars","meta":{"rootId":"etw83rpuqdpi0gu","id":"etw83rpuqdpi0gu"},"id":"qnvrkccakzorp5o","previousOperationId":"gelbvnefy6f1e9y"}
{"type":"log","timestamp":1708359962701,"level":"debug","message":"(console:log) Pdf utils adding group field, value: \"ola\"","meta":{"userLevel":true,"rootId":"etw83rpuqdpi0gu","id":"etw83rpuqdpi0gu"},"id":"uxlkm0wjuj4o5gv","previousOperationId":"gelbvnefy6f1e9y"}
{"type":"operationEnd","operationId":"gelbvnefy6f1e9y","timestamp":1708359962701,"id":"9sojdwyc6h13636","previousEventId":"znj7jov47lfgrgl","previousOperationId":"gelbvnefy6f1e9y"}
{"type":"operationStart","subtype":"recipe","name":"chrome-pdf","timestamp":1708359962701,"id":"1636h4ij2a0m3oa","previousEventId":"9sojdwyc6h13636","operationId":"cu0aptz8r7vxgr2","previousOperationId":"gelbvnefy6f1e9y"}
{"type":"log","timestamp":1708359962701,"level":"debug","message":"Executing recipe chrome-pdf","meta":{"rootId":"etw83rpuqdpi0gu","id":"etw83rpuqdpi0gu"},"id":"7lfrm38nj276ock","previousOperationId":"cu0aptz8r7vxgr2"}
{"type":"log","timestamp":1708359963185,"level":"debug","message":"Converting with chrome HeadlessChrome/117.0.5938.149 using chrome-pool strategy","meta":{"rootId":"etw83rpuqdpi0gu","id":"etw83rpuqdpi0gu"},"id":"b0tvn2k5cnyxej3","previousOperationId":"cu0aptz8r7vxgr2"}
{"type":"log","timestamp":1708359963243,"level":"debug","message":"Page request: GET (document) file:///var/folders/tp/6hccbwhd41s4hkmxw_2wkz640000gn/T/jsreport/autocleanup/b27c4384-8e84-4667-afaf-5867ec6c4ac4-chrome-pdf.html","meta":{"rootId":"etw83rpuqdpi0gu","id":"etw83rpuqdpi0gu"},"id":"8d6ya72n4y5opqc","previousOperationId":"cu0aptz8r7vxgr2"}
{"type":"log","timestamp":1708359963248,"level":"debug","message":"Page request: GET (stylesheet) https://cdnjs.cloudflare.com/ajax/libs/metro/4.1.5/css/metro.min.css","meta":{"rootId":"etw83rpuqdpi0gu","id":"etw83rpuqdpi0gu"},"id":"x1u1jro2h84xi5p","previousOperationId":"cu0aptz8r7vxgr2"}
{"type":"log","timestamp":1708359963248,"level":"debug","message":"Page request: GET (script) https://cdn.jsdelivr.net/npm/chart.js","meta":{"rootId":"etw83rpuqdpi0gu","id":"etw83rpuqdpi0gu"},"id":"7s9wdzg0p71b661","previousOperationId":"cu0aptz8r7vxgr2"}
{"type":"log","timestamp":1708359963248,"level":"debug","message":"Page request finished: GET (document) 200 file:///var/folders/tp/6hccbwhd41s4hkmxw_2wkz640000gn/T/jsreport/autocleanup/b27c4384-8e84-4667-afaf-5867ec6c4ac4-chrome-pdf.html","meta":{"rootId":"etw83rpuqdpi0gu","id":"etw83rpuqdpi0gu"},"id":"cyan46zd25ol5y0","previousOperationId":"cu0aptz8r7vxgr2"}
{"type":"log","timestamp":1708359963617,"level":"debug","message":"Page request finished: GET (stylesheet) 200 https://cdnjs.cloudflare.com/ajax/libs/metro/4.1.5/css/metro.min.css","meta":{"rootId":"etw83rpuqdpi0gu","id":"etw83rpuqdpi0gu"},"id":"pyht2wognmxgp16","previousOperationId":"cu0aptz8r7vxgr2"}
{"type":"log","timestamp":1708359963710,"level":"debug","message":"Page request finished: GET (script) 200 https://cdn.jsdelivr.net/npm/chart.js","meta":{"rootId":"etw83rpuqdpi0gu","id":"etw83rpuqdpi0gu"},"id":"sojs7bb90ga01xv","previousOperationId":"cu0aptz8r7vxgr2"}
{"type":"log","timestamp":1708359963768,"level":"debug","message":"Running chrome with params {\"printBackground\":true,\"marginTop\":\"4cm\",\"marginRight\":\"1.5cm\",\"marginBottom\":\"1.5cm\",\"marginLeft\":\"1.5cm\",\"waitForJS\":false,\"timeout\":59464,\"margin\":{\"top\":\"4cm\",\"right\":\"1.5cm\",\"bottom\":\"1.5cm\",\"left\":\"1.5cm\"}}","meta":{"rootId":"etw83rpuqdpi0gu","id":"etw83rpuqdpi0gu"},"id":"dvl4k2njeb7hl77","previousOperationId":"cu0aptz8r7vxgr2"}
{"type":"operationEnd","operationId":"cu0aptz8r7vxgr2","timestamp":1708359963799,"id":"qao3fk1o709ifm9","previousEventId":"1636h4ij2a0m3oa","previousOperationId":"cu0aptz8r7vxgr2"}
{"type":"log","timestamp":1708359963799,"level":"info","message":"pdf-utils is starting pdf processing","meta":{"rootId":"etw83rpuqdpi0gu","id":"etw83rpuqdpi0gu"},"id":"qs3sm8bslx17rj6","previousOperationId":"cu0aptz8r7vxgr2"}
{"type":"operationStart","subtype":"pdfUtils","name":"pdf utils","timestamp":1708359963903,"id":"dz7n6wsjjq5rrqe","previousEventId":"qao3fk1o709ifm9","operationId":"cq5cha0w270vebo","previousOperationId":"cu0aptz8r7vxgr2"}
{"type":"log","timestamp":1708359963903,"level":"debug","message":"pdf-utils detected 1 pdf operation(s) to process","meta":{"rootId":"etw83rpuqdpi0gu","id":"etw83rpuqdpi0gu"},"id":"3uk22kwvbrrfxr9","previousOperationId":"cq5cha0w270vebo"}
{"type":"log","timestamp":1708359964023,"level":"debug","message":"pdf-utils running pdf operation merge","meta":{"rootId":"etw83rpuqdpi0gu","id":"etw83rpuqdpi0gu"},"id":"srn14t88bkx7i5h","previousOperationId":"cq5cha0w270vebo"}
{"type":"operationStart","subtype":"pdfUtilsMerge","name":"pdf utils merge","previousOperationId":"cq5cha0w270vebo","timestamp":1708359964023,"id":"3fnylmya6221mh2","previousEventId":"dz7n6wsjjq5rrqe","operationId":"xsogt5xzdwhpfmg"}
{"type":"operationStart","subtype":"render","name":"orders-header","previousOperationId":"xsogt5xzdwhpfmg","timestamp":1708359964024,"id":"bg22e94g3vwjga9","previousEventId":"3fnylmya6221mh2","operationId":"2hfipy4x3r3b2bl"}
{"type":"log","timestamp":1708359964024,"level":"info","message":"Starting rendering (child) request","meta":{"rootId":"etw83rpuqdpi0gu","id":"nmukhvl2y5d3all"},"id":"h7d26cpfjtxwjxw","previousOperationId":"2hfipy4x3r3b2bl"}
{"type":"log","timestamp":1708359964024,"level":"info","message":"Rendering template { name: orders-header, recipe: chrome-pdf, engine: handlebars, preview: true }","meta":{"rootId":"etw83rpuqdpi0gu","id":"nmukhvl2y5d3all"},"id":"nje74bz5h45mryc","previousOperationId":"2hfipy4x3r3b2bl"}
{"type":"log","timestamp":1708359964026,"level":"debug","message":"Inline data specified.","meta":{"rootId":"etw83rpuqdpi0gu","id":"nmukhvl2y5d3all"},"id":"qvwyy234a4amhmb","previousOperationId":"2hfipy4x3r3b2bl"}
{"type":"log","timestamp":1708359964026,"level":"debug","message":"Base url not specified, skipping its injection.","meta":{"rootId":"etw83rpuqdpi0gu","id":"nmukhvl2y5d3all"},"id":"l942pe6zf0d8c9q","previousOperationId":"2hfipy4x3r3b2bl"}
{"type":"operationStart","subtype":"engine","name":"handlebars","timestamp":1708359964026,"id":"8ml5wwx1jb462ry","previousEventId":"bg22e94g3vwjga9","operationId":"cf92zabvg86jg8a","previousOperationId":"2hfipy4x3r3b2bl"}
{"type":"log","timestamp":1708359964026,"level":"debug","message":"Rendering engine handlebars","meta":{"rootId":"etw83rpuqdpi0gu","id":"nmukhvl2y5d3all"},"id":"t9ymyfht7unkid7","previousOperationId":"cf92zabvg86jg8a"}
{"type":"operationEnd","operationId":"cf92zabvg86jg8a","timestamp":1708359964035,"id":"mpivabfuyy7adfc","previousEventId":"8ml5wwx1jb462ry","previousOperationId":"cf92zabvg86jg8a"}
{"type":"operationStart","subtype":"recipe","name":"chrome-pdf","timestamp":1708359964035,"id":"n5h0wqm7utahtxa","previousEventId":"mpivabfuyy7adfc","operationId":"9fenmt035kqv78t","previousOperationId":"cf92zabvg86jg8a"}
{"type":"log","timestamp":1708359964035,"level":"debug","message":"Executing recipe chrome-pdf","meta":{"rootId":"etw83rpuqdpi0gu","id":"nmukhvl2y5d3all"},"id":"ibstiqsbpl51t6b","previousOperationId":"9fenmt035kqv78t"}
{"type":"log","timestamp":1708359964036,"level":"debug","message":"Converting with chrome HeadlessChrome/117.0.5938.149 using chrome-pool strategy","meta":{"rootId":"etw83rpuqdpi0gu","id":"nmukhvl2y5d3all"},"id":"eq5yw70hwv39t6c","previousOperationId":"9fenmt035kqv78t"}
{"type":"log","timestamp":1708359964076,"level":"debug","message":"Page request: GET (document) file:///var/folders/tp/6hccbwhd41s4hkmxw_2wkz640000gn/T/jsreport/autocleanup/966e6e55-01e8-423e-aced-8e0bfc501232-chrome-pdf.html","meta":{"rootId":"etw83rpuqdpi0gu","id":"nmukhvl2y5d3all"},"id":"wdvufp3jt6feeac","previousOperationId":"9fenmt035kqv78t"}
{"type":"log","timestamp":1708359964081,"level":"debug","message":"Page request: GET (stylesheet) https://cdnjs.cloudflare.com/ajax/libs/metro/4.1.5/css/metro.min.css","meta":{"rootId":"etw83rpuqdpi0gu","id":"nmukhvl2y5d3all"},"id":"sw9wz1yb636j8wh","previousOperationId":"9fenmt035kqv78t"}
{"type":"log","timestamp":1708359964082,"level":"debug","message":"Page request finished: GET (document) 200 file:///var/folders/tp/6hccbwhd41s4hkmxw_2wkz640000gn/T/jsreport/autocleanup/966e6e55-01e8-423e-aced-8e0bfc501232-chrome-pdf.html","meta":{"rootId":"etw83rpuqdpi0gu","id":"nmukhvl2y5d3all"},"id":"1upcctn0uo0k68i","previousOperationId":"9fenmt035kqv78t"}
{"type":"log","timestamp":1708359964089,"level":"debug","message":"Page request finished: GET (stylesheet) 200 https://cdnjs.cloudflare.com/ajax/libs/metro/4.1.5/css/metro.min.css","meta":{"rootId":"etw83rpuqdpi0gu","id":"nmukhvl2y5d3all"},"id":"4ifib4xhvfygiax","previousOperationId":"9fenmt035kqv78t"}
{"type":"log","timestamp":1708359964106,"level":"debug","message":"Running chrome with params {\"printBackground\":true,\"marginTop\":\"1.5cm\",\"marginRight\":\"1.5cm\",\"marginLeft\":\"1.cm\",\"timeout\":58305,\"margin\":{\"top\":\"1.5cm\",\"right\":\"1.5cm\",\"left\":\"1.cm\"}}","meta":{"rootId":"etw83rpuqdpi0gu","id":"nmukhvl2y5d3all"},"id":"ec69z7te2n561zx","previousOperationId":"9fenmt035kqv78t"}
{"type":"operationEnd","operationId":"9fenmt035kqv78t","timestamp":1708359964123,"id":"t77ciz99v2vbrtt","previousEventId":"n5h0wqm7utahtxa","previousOperationId":"9fenmt035kqv78t"}
{"type":"log","timestamp":1708359964124,"level":"debug","message":"Skipping storing report.","meta":{"rootId":"etw83rpuqdpi0gu","id":"nmukhvl2y5d3all"},"id":"0stdl1qqr2h6r6n","previousOperationId":"9fenmt035kqv78t"}
{"type":"log","timestamp":1708359964124,"level":"info","message":"Rendering (child) request finished in 1784 ms","meta":{"rootId":"etw83rpuqdpi0gu","id":"nmukhvl2y5d3all"},"id":"q7fvesljttvhr82","previousOperationId":"9fenmt035kqv78t"}
{"type":"operationEnd","subtype":"render","operationId":"2hfipy4x3r3b2bl","timestamp":1708359964124,"id":"b7ghjmxzdacvk2z","previousEventId":"t77ciz99v2vbrtt","previousOperationId":"9fenmt035kqv78t"}
{"type":"operationEnd","operationId":"xsogt5xzdwhpfmg","timestamp":1708359964150,"id":"3bbeoa9h1mxhlyi","previousEventId":"3fnylmya6221mh2","previousOperationId":"xsogt5xzdwhpfmg"}
{"type":"log","timestamp":1708359964150,"level":"debug","message":"pdf-utils postproces start","meta":{"rootId":"etw83rpuqdpi0gu","id":"etw83rpuqdpi0gu"},"id":"qxpwop3ty69f0zp","previousOperationId":"xsogt5xzdwhpfmg"}
{"type":"log","timestamp":1708359964170,"level":"debug","message":"pdf-utils postproces end","meta":{"rootId":"etw83rpuqdpi0gu","id":"etw83rpuqdpi0gu"},"id":"0asu95o11v1lvtc","previousOperationId":"xsogt5xzdwhpfmg"}
{"type":"operationEnd","operationId":"cq5cha0w270vebo","timestamp":1708359964170,"id":"wkazinnnepahxl1","previousEventId":"3bbeoa9h1mxhlyi","previousOperationId":"xsogt5xzdwhpfmg"}
{"type":"log","timestamp":1708359964170,"level":"info","message":"pdf-utils pdf processing was finished","meta":{"rootId":"etw83rpuqdpi0gu","id":"etw83rpuqdpi0gu"},"id":"2c70lnt77y8n2i7","previousOperationId":"cq5cha0w270vebo"}
{"type":"log","timestamp":1708359964170,"level":"debug","message":"Skipping storing report.","meta":{"rootId":"etw83rpuqdpi0gu","id":"etw83rpuqdpi0gu"},"id":"k8nmka2fp6c4fsf","previousOperationId":"cq5cha0w270vebo"}
{"type":"log","timestamp":1708359964170,"level":"info","message":"Rendering request 11 finished in 1830 ms","meta":{"rootId":"etw83rpuqdpi0gu","id":"etw83rpuqdpi0gu"},"id":"yjitp4t12sxeptf","previousOperationId":"cq5cha0w270vebo"}
{"type":"operationEnd","subtype":"render","operationId":"wh54diifnzebkp9","timestamp":1708359964170,"id":"qpzp1obl8rzhppj","previousEventId":"wkazinnnepahxl1","previousOperationId":"cq5cha0w270vebo"}
{"type":"operationEnd","doDiffs":false,"previousEventId":"8qsajl0ryxuyg11","previousOperationId":"f7o2t4l4ouroi81","operationId":"f7o2t4l4ouroi81","timestamp":1708359964174,"id":"qz0ek5mkuyj14hb"}
