{"type":"operationStart","subtype":"profile","data":{"_id":"DoU8cZ0oARRjiYsk","timestamp":"2024-01-19T17:10:10.086Z","state":"queued","mode":"standard","creationDate":"2024-01-19T17:10:10.088Z","modificationDate":"2024-01-19T17:10:10.088Z","shortid":"jy0MQtO","$entitySet":"profiles"},"doDiffs":false,"timestamp":1705684210087,"id":"16uaefxd91lxrjo","previousOperationId":null,"operationId":"heo88csmckv7k86"}
{"type":"log","level":"info","message":"Render request 18 queued for execution and waiting for available worker","previousOperationId":"heo88csmckv7k86","timestamp":1705684210087,"id":"eu4twaccm2abmhd"}
{"type":"operationStart","subtype":"render","name":"orders-main","previousOperationId":"heo88csmckv7k86","timestamp":1705684210094,"id":"pip079xzsbhn9jv","previousEventId":"16uaefxd91lxrjo","operationId":"in4zt51lx6mjec4"}
{"type":"log","timestamp":1705684210094,"level":"info","message":"Starting rendering request 18","meta":{"rootId":"f3awxf7a2ed4pbk","id":"f3awxf7a2ed4pbk"},"id":"ancymbztkvkfb6d","previousOperationId":"in4zt51lx6mjec4"}
{"type":"log","timestamp":1705684210094,"level":"info","message":"Rendering template { name: orders-main, recipe: chrome-pdf, engine: handlebars, preview: true }","meta":{"rootId":"f3awxf7a2ed4pbk","id":"f3awxf7a2ed4pbk"},"id":"6wmoeryidred3io","previousOperationId":"in4zt51lx6mjec4"}
{"type":"log","timestamp":1705684210096,"level":"debug","message":"Data item not defined for this template.","meta":{"rootId":"f3awxf7a2ed4pbk","id":"f3awxf7a2ed4pbk"},"id":"cry31w39s9jzhhb","previousOperationId":"in4zt51lx6mjec4"}
{"type":"log","timestamp":1705684210099,"level":"debug","message":"Executing script orders-script (beforeRender)","meta":{"rootId":"f3awxf7a2ed4pbk","id":"f3awxf7a2ed4pbk"},"id":"9pd3rmdjcw9nx0j","previousOperationId":"in4zt51lx6mjec4"}
{"type":"operationStart","subtype":"scriptsBeforeRender","name":"scripts beforeRender","timestamp":1705684210115,"id":"sp7q4ndwllew9eb","previousEventId":"pip079xzsbhn9jv","operationId":"pfy07n6ynjxgj3n","previousOperationId":"in4zt51lx6mjec4"}
{"type":"operationStart","subtype":"script","name":"scripts orders-script","previousOperationId":"pfy07n6ynjxgj3n","timestamp":1705684210115,"id":"duxmcaq65a90uey","previousEventId":"sp7q4ndwllew9eb","operationId":"xiilm7c8w47ogts"}
{"type":"log","timestamp":1705684210125,"level":"debug","message":"(console:log) [ 'Race1', 'Race2' ]","meta":{"userLevel":true,"rootId":"f3awxf7a2ed4pbk","id":"f3awxf7a2ed4pbk"},"id":"0hebikliilw6exk","previousOperationId":"xiilm7c8w47ogts"}
{"type":"log","timestamp":1705684210125,"level":"debug","message":"(console:log) [ 2, 1 ]","meta":{"userLevel":true,"rootId":"f3awxf7a2ed4pbk","id":"f3awxf7a2ed4pbk"},"id":"f3e7hjs33gi4xu0","previousOperationId":"xiilm7c8w47ogts"}
{"type":"operationEnd","operationId":"xiilm7c8w47ogts","timestamp":1705684210125,"id":"nemukzv7g9rndan","previousEventId":"pip079xzsbhn9jv","previousOperationId":"in4zt51lx6mjec4"}
{"type":"operationEnd","operationId":"pfy07n6ynjxgj3n","timestamp":1705684210125,"id":"o7ctkvjf1mosexh","previousEventId":"nemukzv7g9rndan","previousOperationId":"in4zt51lx6mjec4"}
{"type":"log","timestamp":1705684210125,"level":"debug","message":"Base url not specified, skipping its injection.","meta":{"rootId":"f3awxf7a2ed4pbk","id":"f3awxf7a2ed4pbk"},"id":"dgtyb7eeodb1awm","previousOperationId":"pfy07n6ynjxgj3n"}
{"type":"operationStart","subtype":"engine","name":"handlebars","timestamp":1705684210126,"id":"hwbbhsv0eu1lpw7","previousEventId":"o7ctkvjf1mosexh","operationId":"uac7u0dhck1wof2","previousOperationId":"pfy07n6ynjxgj3n"}
{"type":"log","timestamp":1705684210126,"level":"debug","message":"Rendering engine handlebars","meta":{"rootId":"f3awxf7a2ed4pbk","id":"f3awxf7a2ed4pbk"},"id":"5dw9ckgp7vdzv2p","previousOperationId":"uac7u0dhck1wof2"}
{"type":"log","timestamp":1705684210135,"level":"debug","message":"(console:log) Pdf utils adding group field, value: \"Race1\"","meta":{"userLevel":true,"rootId":"f3awxf7a2ed4pbk","id":"f3awxf7a2ed4pbk"},"id":"5163gwjar0kgn2w","previousOperationId":"uac7u0dhck1wof2"}
{"type":"log","timestamp":1705684210135,"level":"debug","message":"(console:log) Pdf utils adding group field, value: \"Race2\"","meta":{"userLevel":true,"rootId":"f3awxf7a2ed4pbk","id":"f3awxf7a2ed4pbk"},"id":"8b2ils1cvy3nmau","previousOperationId":"uac7u0dhck1wof2"}
{"type":"operationEnd","operationId":"uac7u0dhck1wof2","timestamp":1705684210135,"id":"afz0hpgaw6n9x30","previousEventId":"hwbbhsv0eu1lpw7","previousOperationId":"uac7u0dhck1wof2"}
{"type":"operationStart","subtype":"recipe","name":"chrome-pdf","timestamp":1705684210135,"id":"gdvzje4x9ltgm27","previousEventId":"afz0hpgaw6n9x30","operationId":"j7k6qvxjact8jk6","previousOperationId":"uac7u0dhck1wof2"}
{"type":"log","timestamp":1705684210136,"level":"debug","message":"Executing recipe chrome-pdf","meta":{"rootId":"f3awxf7a2ed4pbk","id":"f3awxf7a2ed4pbk"},"id":"aysdqeq8o3z0nac","previousOperationId":"j7k6qvxjact8jk6"}
{"type":"log","timestamp":1705684210137,"level":"debug","message":"Converting with chrome HeadlessChrome/117.0.5938.149 using chrome-pool strategy","meta":{"rootId":"f3awxf7a2ed4pbk","id":"f3awxf7a2ed4pbk"},"id":"3cuvmuled36yosa","previousOperationId":"j7k6qvxjact8jk6"}
{"type":"log","timestamp":1705684210207,"level":"debug","message":"Page request: GET (document) file:///C:/Users/DANIEL~1/AppData/Local/Temp/jsreport/autocleanup/f87ee47a-53be-492d-96ed-96d627e2017e-chrome-pdf.html","meta":{"rootId":"f3awxf7a2ed4pbk","id":"f3awxf7a2ed4pbk"},"id":"alxani4m994565q","previousOperationId":"j7k6qvxjact8jk6"}
{"type":"log","timestamp":1705684210226,"level":"debug","message":"Page request: GET (stylesheet) https://cdnjs.cloudflare.com/ajax/libs/metro/4.1.5/css/metro.min.css","meta":{"rootId":"f3awxf7a2ed4pbk","id":"f3awxf7a2ed4pbk"},"id":"ubxg92um90gf95j","previousOperationId":"j7k6qvxjact8jk6"}
{"type":"log","timestamp":1705684210226,"level":"debug","message":"Page request: GET (script) https://cdn.jsdelivr.net/npm/chart.js","meta":{"rootId":"f3awxf7a2ed4pbk","id":"f3awxf7a2ed4pbk"},"id":"c5a9oo3nftbqjcb","previousOperationId":"j7k6qvxjact8jk6"}
{"type":"log","timestamp":1705684210226,"level":"debug","message":"Page request finished: GET (document) 200 file:///C:/Users/DANIEL~1/AppData/Local/Temp/jsreport/autocleanup/f87ee47a-53be-492d-96ed-96d627e2017e-chrome-pdf.html","meta":{"rootId":"f3awxf7a2ed4pbk","id":"f3awxf7a2ed4pbk"},"id":"k3g7q4m4gbqwkf4","previousOperationId":"j7k6qvxjact8jk6"}
{"type":"log","timestamp":1705684210230,"level":"debug","message":"Page request finished: GET (script) 200 https://cdn.jsdelivr.net/npm/chart.js","meta":{"rootId":"f3awxf7a2ed4pbk","id":"f3awxf7a2ed4pbk"},"id":"x0ewgrr42wctua2","previousOperationId":"j7k6qvxjact8jk6"}
{"type":"log","timestamp":1705684210239,"level":"debug","message":"Page request finished: GET (stylesheet) 200 https://cdnjs.cloudflare.com/ajax/libs/metro/4.1.5/css/metro.min.css","meta":{"rootId":"f3awxf7a2ed4pbk","id":"f3awxf7a2ed4pbk"},"id":"d7vz4g785vg22hh","previousOperationId":"j7k6qvxjact8jk6"}
{"type":"log","timestamp":1705684210295,"level":"debug","message":"Running chrome with params {\"printBackground\":true,\"marginTop\":\"4cm\",\"marginRight\":\"1.5cm\",\"marginBottom\":\"1.5cm\",\"marginLeft\":\"1.5cm\",\"waitForJS\":false,\"timeout\":59950,\"margin\":{\"top\":\"4cm\",\"right\":\"1.5cm\",\"bottom\":\"1.5cm\",\"left\":\"1.5cm\"}}","meta":{"rootId":"f3awxf7a2ed4pbk","id":"f3awxf7a2ed4pbk"},"id":"e71cf2f3e8metg4","previousOperationId":"j7k6qvxjact8jk6"}
{"type":"operationEnd","operationId":"j7k6qvxjact8jk6","timestamp":1705684210357,"id":"xf99k8nckp7zxzj","previousEventId":"gdvzje4x9ltgm27","previousOperationId":"j7k6qvxjact8jk6"}
{"type":"log","timestamp":1705684210357,"level":"info","message":"pdf-utils is starting pdf processing","meta":{"rootId":"f3awxf7a2ed4pbk","id":"f3awxf7a2ed4pbk"},"id":"184e4hfbb4h9zl1","previousOperationId":"j7k6qvxjact8jk6"}
{"type":"operationStart","subtype":"pdfUtils","name":"pdf utils","timestamp":1705684210357,"id":"xkvxwbz5ziosbaz","previousEventId":"xf99k8nckp7zxzj","operationId":"wgihdiirbostpt3","previousOperationId":"j7k6qvxjact8jk6"}
{"type":"log","timestamp":1705684210357,"level":"debug","message":"pdf-utils detected 1 pdf operation(s) to process","meta":{"rootId":"f3awxf7a2ed4pbk","id":"f3awxf7a2ed4pbk"},"id":"3k9fhlxvnl66qkk","previousOperationId":"wgihdiirbostpt3"}
{"type":"log","timestamp":1705684210367,"level":"debug","message":"pdf-utils running pdf operation merge","meta":{"rootId":"f3awxf7a2ed4pbk","id":"f3awxf7a2ed4pbk"},"id":"74c87euwpt45jjl","previousOperationId":"wgihdiirbostpt3"}
{"type":"operationStart","subtype":"pdfUtilsMerge","name":"pdf utils merge","previousOperationId":"wgihdiirbostpt3","timestamp":1705684210367,"id":"syh9vnh58ba4a19","previousEventId":"xkvxwbz5ziosbaz","operationId":"e679718v140jqiz"}
{"type":"operationStart","subtype":"render","name":"orders-header","previousOperationId":"e679718v140jqiz","timestamp":1705684210367,"id":"0o0o611quh9mv92","previousEventId":"syh9vnh58ba4a19","operationId":"zs0m46ct7zgo03u"}
{"type":"log","timestamp":1705684210367,"level":"info","message":"Starting rendering (child) request","meta":{"rootId":"f3awxf7a2ed4pbk","id":"00xv2andhg9k8jg"},"id":"t3peuugw7pza6z7","previousOperationId":"zs0m46ct7zgo03u"}
{"type":"log","timestamp":1705684210367,"level":"info","message":"Rendering template { name: orders-header, recipe: chrome-pdf, engine: handlebars, preview: true }","meta":{"rootId":"f3awxf7a2ed4pbk","id":"00xv2andhg9k8jg"},"id":"rcrqir2jwz7ph6h","previousOperationId":"zs0m46ct7zgo03u"}
{"type":"log","timestamp":1705684210368,"level":"debug","message":"Inline data specified.","meta":{"rootId":"f3awxf7a2ed4pbk","id":"00xv2andhg9k8jg"},"id":"muagplwunbkbtl6","previousOperationId":"zs0m46ct7zgo03u"}
{"type":"log","timestamp":1705684210369,"level":"debug","message":"Base url not specified, skipping its injection.","meta":{"rootId":"f3awxf7a2ed4pbk","id":"00xv2andhg9k8jg"},"id":"pgeap46begrnrlh","previousOperationId":"zs0m46ct7zgo03u"}
{"type":"operationStart","subtype":"engine","name":"handlebars","timestamp":1705684210370,"id":"mksk44sgt9ii3pj","previousEventId":"0o0o611quh9mv92","operationId":"enpcgdq5mkyhpu1","previousOperationId":"zs0m46ct7zgo03u"}
{"type":"log","timestamp":1705684210370,"level":"debug","message":"Rendering engine handlebars","meta":{"rootId":"f3awxf7a2ed4pbk","id":"00xv2andhg9k8jg"},"id":"oq7a56c5ormaxkf","previousOperationId":"enpcgdq5mkyhpu1"}
{"type":"operationEnd","operationId":"enpcgdq5mkyhpu1","timestamp":1705684210381,"id":"otdx73aa2ubu7ry","previousEventId":"mksk44sgt9ii3pj","previousOperationId":"enpcgdq5mkyhpu1"}
{"type":"operationStart","subtype":"recipe","name":"chrome-pdf","timestamp":1705684210381,"id":"mxzgdat8hg25d8u","previousEventId":"otdx73aa2ubu7ry","operationId":"0d982oyb9csjq62","previousOperationId":"enpcgdq5mkyhpu1"}
{"type":"log","timestamp":1705684210381,"level":"debug","message":"Executing recipe chrome-pdf","meta":{"rootId":"f3awxf7a2ed4pbk","id":"00xv2andhg9k8jg"},"id":"izyj5z5h2zd03g6","previousOperationId":"0d982oyb9csjq62"}
{"type":"log","timestamp":1705684210383,"level":"debug","message":"Converting with chrome HeadlessChrome/117.0.5938.149 using chrome-pool strategy","meta":{"rootId":"f3awxf7a2ed4pbk","id":"00xv2andhg9k8jg"},"id":"lgqvf39x29evlx7","previousOperationId":"0d982oyb9csjq62"}
{"type":"log","timestamp":1705684210457,"level":"debug","message":"Page request: GET (document) file:///C:/Users/DANIEL~1/AppData/Local/Temp/jsreport/autocleanup/fc8fc3f3-4632-4b66-b142-832f31cbf818-chrome-pdf.html","meta":{"rootId":"f3awxf7a2ed4pbk","id":"00xv2andhg9k8jg"},"id":"1oyt7tz5a9xx5dx","previousOperationId":"0d982oyb9csjq62"}
{"type":"log","timestamp":1705684210465,"level":"debug","message":"Page request: GET (stylesheet) https://cdnjs.cloudflare.com/ajax/libs/metro/4.1.5/css/metro.min.css","meta":{"rootId":"f3awxf7a2ed4pbk","id":"00xv2andhg9k8jg"},"id":"xahjeb76e7vpfdp","previousOperationId":"0d982oyb9csjq62"}
{"type":"log","timestamp":1705684210465,"level":"debug","message":"Page request finished: GET (document) 200 file:///C:/Users/DANIEL~1/AppData/Local/Temp/jsreport/autocleanup/fc8fc3f3-4632-4b66-b142-832f31cbf818-chrome-pdf.html","meta":{"rootId":"f3awxf7a2ed4pbk","id":"00xv2andhg9k8jg"},"id":"q0lv0f2mzcakrj4","previousOperationId":"0d982oyb9csjq62"}
{"type":"log","timestamp":1705684210477,"level":"debug","message":"Page request finished: GET (stylesheet) 200 https://cdnjs.cloudflare.com/ajax/libs/metro/4.1.5/css/metro.min.css","meta":{"rootId":"f3awxf7a2ed4pbk","id":"00xv2andhg9k8jg"},"id":"qa14pwnhtvevdhf","previousOperationId":"0d982oyb9csjq62"}
{"type":"log","timestamp":1705684210490,"level":"debug","message":"Running chrome with params {\"printBackground\":true,\"marginTop\":\"1.5cm\",\"marginRight\":\"1.5cm\",\"marginLeft\":\"1.cm\",\"timeout\":59704,\"margin\":{\"top\":\"1.5cm\",\"right\":\"1.5cm\",\"left\":\"1.cm\"}}","meta":{"rootId":"f3awxf7a2ed4pbk","id":"00xv2andhg9k8jg"},"id":"d922suwft2i6ppi","previousOperationId":"0d982oyb9csjq62"}
{"type":"operationEnd","operationId":"0d982oyb9csjq62","timestamp":1705684210516,"id":"5gddakme200dw0q","previousEventId":"mxzgdat8hg25d8u","previousOperationId":"0d982oyb9csjq62"}
{"type":"log","timestamp":1705684210516,"level":"debug","message":"Skipping storing report.","meta":{"rootId":"f3awxf7a2ed4pbk","id":"00xv2andhg9k8jg"},"id":"ju7qxbt5qw9psce","previousOperationId":"0d982oyb9csjq62"}
{"type":"log","timestamp":1705684210517,"level":"info","message":"Rendering (child) request finished in 431 ms","meta":{"rootId":"f3awxf7a2ed4pbk","id":"00xv2andhg9k8jg"},"id":"24kup2057shdkb2","previousOperationId":"0d982oyb9csjq62"}
{"type":"operationEnd","subtype":"render","operationId":"zs0m46ct7zgo03u","timestamp":1705684210517,"id":"kv0i0sg4c6dbj1n","previousEventId":"5gddakme200dw0q","previousOperationId":"0d982oyb9csjq62"}
{"type":"operationEnd","operationId":"e679718v140jqiz","timestamp":1705684210525,"id":"oety7vwod4xpsfv","previousEventId":"syh9vnh58ba4a19","previousOperationId":"e679718v140jqiz"}
{"type":"log","timestamp":1705684210525,"level":"debug","message":"pdf-utils postproces start","meta":{"rootId":"f3awxf7a2ed4pbk","id":"f3awxf7a2ed4pbk"},"id":"ovld31qp3nvocqr","previousOperationId":"e679718v140jqiz"}
{"type":"log","timestamp":1705684210533,"level":"debug","message":"pdf-utils postproces end","meta":{"rootId":"f3awxf7a2ed4pbk","id":"f3awxf7a2ed4pbk"},"id":"v5y6gr4xd4bs19h","previousOperationId":"e679718v140jqiz"}
{"type":"operationEnd","operationId":"wgihdiirbostpt3","timestamp":1705684210533,"id":"93twj442typfec4","previousEventId":"oety7vwod4xpsfv","previousOperationId":"e679718v140jqiz"}
{"type":"log","timestamp":1705684210533,"level":"info","message":"pdf-utils pdf processing was finished","meta":{"rootId":"f3awxf7a2ed4pbk","id":"f3awxf7a2ed4pbk"},"id":"91khr9goqqsb5tx","previousOperationId":"wgihdiirbostpt3"}
{"type":"log","timestamp":1705684210533,"level":"debug","message":"Skipping storing report.","meta":{"rootId":"f3awxf7a2ed4pbk","id":"f3awxf7a2ed4pbk"},"id":"hrwhjbjsof1tccf","previousOperationId":"wgihdiirbostpt3"}
{"type":"log","timestamp":1705684210533,"level":"info","message":"Rendering request 18 finished in 447 ms","meta":{"rootId":"f3awxf7a2ed4pbk","id":"f3awxf7a2ed4pbk"},"id":"nux2x2y2buh8tdh","previousOperationId":"wgihdiirbostpt3"}
{"type":"operationEnd","subtype":"render","operationId":"in4zt51lx6mjec4","timestamp":1705684210533,"id":"oeajihmczls80tk","previousEventId":"93twj442typfec4","previousOperationId":"wgihdiirbostpt3"}
{"type":"operationEnd","doDiffs":false,"previousEventId":"16uaefxd91lxrjo","previousOperationId":"heo88csmckv7k86","operationId":"heo88csmckv7k86","timestamp":1705684210542,"id":"jigtqt3wyp9cs53"}
