{"type":"operationStart","subtype":"profile","data":{"_id":"CCbRazTl7E8gWaEG","timestamp":"2024-02-19T16:27:57.918Z","state":"queued","mode":"standard","creationDate":"2024-02-19T16:27:57.919Z","modificationDate":"2024-02-19T16:27:57.919Z","shortid":"VLpRbDN","$entitySet":"profiles"},"doDiffs":false,"timestamp":1708360077919,"id":"fnxgot44gvyblrb","previousOperationId":null,"operationId":"pcx1umvdj5sgjh8"}
{"type":"log","level":"info","message":"Render request 13 queued for execution and waiting for available worker","previousOperationId":"pcx1umvdj5sgjh8","timestamp":1708360077919,"id":"5c5ccwznfptx52r"}
{"type":"operationStart","subtype":"render","name":"orders-main","previousOperationId":"pcx1umvdj5sgjh8","timestamp":1708360077931,"id":"26ixjjm9y5xtgx9","previousEventId":"fnxgot44gvyblrb","operationId":"j8ohrw62e0ocniu"}
{"type":"log","timestamp":1708360077931,"level":"info","message":"Starting rendering request 13","meta":{"rootId":"fhf2fd7wcnv08qb","id":"fhf2fd7wcnv08qb"},"id":"cx23wp7uibsilaq","previousOperationId":"j8ohrw62e0ocniu"}
{"type":"log","timestamp":1708360077932,"level":"info","message":"Rendering template { name: orders-main, recipe: chrome-pdf, engine: handlebars, preview: true }","meta":{"rootId":"fhf2fd7wcnv08qb","id":"fhf2fd7wcnv08qb"},"id":"49s9amca7z3avnw","previousOperationId":"j8ohrw62e0ocniu"}
{"type":"log","timestamp":1708360077933,"level":"debug","message":"Data item not defined for this template.","meta":{"rootId":"fhf2fd7wcnv08qb","id":"fhf2fd7wcnv08qb"},"id":"4tf3uhfxphuajbg","previousOperationId":"j8ohrw62e0ocniu"}
{"type":"log","timestamp":1708360077941,"level":"debug","message":"Executing script orders-script (beforeRender)","meta":{"rootId":"fhf2fd7wcnv08qb","id":"fhf2fd7wcnv08qb"},"id":"cldmk3qiyktd4f2","previousOperationId":"j8ohrw62e0ocniu"}
{"type":"operationStart","subtype":"scriptsBeforeRender","name":"scripts beforeRender","timestamp":1708360077960,"id":"9suprhjju2npcrm","previousEventId":"26ixjjm9y5xtgx9","operationId":"v1iu6t1idgg1d2b","previousOperationId":"j8ohrw62e0ocniu"}
{"type":"operationStart","subtype":"script","name":"scripts orders-script","previousOperationId":"v1iu6t1idgg1d2b","timestamp":1708360077960,"id":"4is9ucmmfar1oi0","previousEventId":"9suprhjju2npcrm","operationId":"nyahjhavjtmsqeu"}
{"type":"log","timestamp":1708360077970,"level":"debug","message":"(console:log) [ 'ola' ]","meta":{"userLevel":true,"rootId":"fhf2fd7wcnv08qb","id":"fhf2fd7wcnv08qb"},"id":"u9mh71t4hu4459r","previousOperationId":"nyahjhavjtmsqeu"}
{"type":"log","timestamp":1708360077970,"level":"debug","message":"(console:log) [ 1 ]","meta":{"userLevel":true,"rootId":"fhf2fd7wcnv08qb","id":"fhf2fd7wcnv08qb"},"id":"fwzmc76lrgxhpud","previousOperationId":"nyahjhavjtmsqeu"}
{"type":"operationEnd","operationId":"nyahjhavjtmsqeu","timestamp":1708360077971,"id":"irt5t4k9dt4fdgb","previousEventId":"26ixjjm9y5xtgx9","previousOperationId":"j8ohrw62e0ocniu"}
{"type":"operationEnd","operationId":"v1iu6t1idgg1d2b","timestamp":1708360077971,"id":"rpr10xyoqj6dt0c","previousEventId":"irt5t4k9dt4fdgb","previousOperationId":"j8ohrw62e0ocniu"}
{"type":"log","timestamp":1708360077971,"level":"debug","message":"Base url not specified, skipping its injection.","meta":{"rootId":"fhf2fd7wcnv08qb","id":"fhf2fd7wcnv08qb"},"id":"80vn7rv5tam1l1m","previousOperationId":"v1iu6t1idgg1d2b"}
{"type":"operationStart","subtype":"engine","name":"handlebars","timestamp":1708360077971,"id":"n8q7bwq5pdennio","previousEventId":"rpr10xyoqj6dt0c","operationId":"jntmf8bux8vw7tz","previousOperationId":"v1iu6t1idgg1d2b"}
{"type":"log","timestamp":1708360077971,"level":"debug","message":"Rendering engine handlebars","meta":{"rootId":"fhf2fd7wcnv08qb","id":"fhf2fd7wcnv08qb"},"id":"4qy0rgzm1vy34ue","previousOperationId":"jntmf8bux8vw7tz"}
{"type":"log","timestamp":1708360077976,"level":"debug","message":"(console:log) Pdf utils adding group field, value: \"ola\"","meta":{"userLevel":true,"rootId":"fhf2fd7wcnv08qb","id":"fhf2fd7wcnv08qb"},"id":"dbqi1eheefgfnhu","previousOperationId":"jntmf8bux8vw7tz"}
{"type":"operationEnd","operationId":"jntmf8bux8vw7tz","timestamp":1708360077976,"id":"k7tu6vllsm1uy0c","previousEventId":"n8q7bwq5pdennio","previousOperationId":"jntmf8bux8vw7tz"}
{"type":"operationStart","subtype":"recipe","name":"chrome-pdf","timestamp":1708360077976,"id":"ydpc1atr1mg4ao3","previousEventId":"k7tu6vllsm1uy0c","operationId":"e8kv6p02jsrwqqs","previousOperationId":"jntmf8bux8vw7tz"}
{"type":"log","timestamp":1708360077976,"level":"debug","message":"Executing recipe chrome-pdf","meta":{"rootId":"fhf2fd7wcnv08qb","id":"fhf2fd7wcnv08qb"},"id":"vt9ppiiw29i0m2i","previousOperationId":"e8kv6p02jsrwqqs"}
{"type":"log","timestamp":1708360077979,"level":"debug","message":"Converting with chrome HeadlessChrome/117.0.5938.149 using chrome-pool strategy","meta":{"rootId":"fhf2fd7wcnv08qb","id":"fhf2fd7wcnv08qb"},"id":"ulm0o0xov24zx3p","previousOperationId":"e8kv6p02jsrwqqs"}
{"type":"log","timestamp":1708360078040,"level":"debug","message":"Page request: GET (document) file:///var/folders/tp/6hccbwhd41s4hkmxw_2wkz640000gn/T/jsreport/autocleanup/0077759c-5c3d-4068-afb7-567ae8556976-chrome-pdf.html","meta":{"rootId":"fhf2fd7wcnv08qb","id":"fhf2fd7wcnv08qb"},"id":"eycjg3ay30phpmz","previousOperationId":"e8kv6p02jsrwqqs"}
{"type":"log","timestamp":1708360078045,"level":"debug","message":"Page request: GET (stylesheet) https://cdnjs.cloudflare.com/ajax/libs/metro/4.1.5/css/metro.min.css","meta":{"rootId":"fhf2fd7wcnv08qb","id":"fhf2fd7wcnv08qb"},"id":"8abpzfr9ztjxq1s","previousOperationId":"e8kv6p02jsrwqqs"}
{"type":"log","timestamp":1708360078045,"level":"debug","message":"Page request: GET (script) https://cdn.jsdelivr.net/npm/chart.js","meta":{"rootId":"fhf2fd7wcnv08qb","id":"fhf2fd7wcnv08qb"},"id":"3l3ugs4cqay2tiz","previousOperationId":"e8kv6p02jsrwqqs"}
{"type":"log","timestamp":1708360078046,"level":"debug","message":"Page request finished: GET (document) 200 file:///var/folders/tp/6hccbwhd41s4hkmxw_2wkz640000gn/T/jsreport/autocleanup/0077759c-5c3d-4068-afb7-567ae8556976-chrome-pdf.html","meta":{"rootId":"fhf2fd7wcnv08qb","id":"fhf2fd7wcnv08qb"},"id":"4grv6oq89syk06c","previousOperationId":"e8kv6p02jsrwqqs"}
{"type":"log","timestamp":1708360078054,"level":"debug","message":"Page request finished: GET (stylesheet) 200 https://cdnjs.cloudflare.com/ajax/libs/metro/4.1.5/css/metro.min.css","meta":{"rootId":"fhf2fd7wcnv08qb","id":"fhf2fd7wcnv08qb"},"id":"z3px94chb8ruu33","previousOperationId":"e8kv6p02jsrwqqs"}
{"type":"log","timestamp":1708360078054,"level":"debug","message":"Page request finished: GET (script) 200 https://cdn.jsdelivr.net/npm/chart.js","meta":{"rootId":"fhf2fd7wcnv08qb","id":"fhf2fd7wcnv08qb"},"id":"cc8631qz94yhkxg","previousOperationId":"e8kv6p02jsrwqqs"}
{"type":"log","timestamp":1708360078103,"level":"debug","message":"Running chrome with params {\"printBackground\":true,\"marginTop\":\"4cm\",\"marginRight\":\"1.5cm\",\"marginBottom\":\"1.5cm\",\"marginLeft\":\"1.5cm\",\"waitForJS\":false,\"timeout\":59940,\"margin\":{\"top\":\"4cm\",\"right\":\"1.5cm\",\"bottom\":\"1.5cm\",\"left\":\"1.5cm\"}}","meta":{"rootId":"fhf2fd7wcnv08qb","id":"fhf2fd7wcnv08qb"},"id":"irnni7lj26mlk2j","previousOperationId":"e8kv6p02jsrwqqs"}
{"type":"operationEnd","operationId":"e8kv6p02jsrwqqs","timestamp":1708360078133,"id":"mri3tl2rvnf12jr","previousEventId":"ydpc1atr1mg4ao3","previousOperationId":"e8kv6p02jsrwqqs"}
{"type":"log","timestamp":1708360078134,"level":"info","message":"pdf-utils is starting pdf processing","meta":{"rootId":"fhf2fd7wcnv08qb","id":"fhf2fd7wcnv08qb"},"id":"i4tj7lbq0e1p8a4","previousOperationId":"e8kv6p02jsrwqqs"}
{"type":"operationStart","subtype":"pdfUtils","name":"pdf utils","timestamp":1708360078134,"id":"46dr9ryq4pvlcqm","previousEventId":"mri3tl2rvnf12jr","operationId":"6qtc05ieftcex4p","previousOperationId":"e8kv6p02jsrwqqs"}
{"type":"log","timestamp":1708360078134,"level":"debug","message":"pdf-utils detected 1 pdf operation(s) to process","meta":{"rootId":"fhf2fd7wcnv08qb","id":"fhf2fd7wcnv08qb"},"id":"dy0716n2vbrhss5","previousOperationId":"6qtc05ieftcex4p"}
{"type":"log","timestamp":1708360078170,"level":"debug","message":"pdf-utils running pdf operation merge","meta":{"rootId":"fhf2fd7wcnv08qb","id":"fhf2fd7wcnv08qb"},"id":"7db6zl40kk8kf99","previousOperationId":"6qtc05ieftcex4p"}
{"type":"operationStart","subtype":"pdfUtilsMerge","name":"pdf utils merge","previousOperationId":"6qtc05ieftcex4p","timestamp":1708360078170,"id":"4mgdg3p5wtprq1b","previousEventId":"46dr9ryq4pvlcqm","operationId":"m1dg15yw8joyhir"}
{"type":"operationStart","subtype":"render","name":"orders-header","previousOperationId":"m1dg15yw8joyhir","timestamp":1708360078171,"id":"j7mk6ua47w55ulh","previousEventId":"4mgdg3p5wtprq1b","operationId":"0dkobnsdtcli0gm"}
{"type":"log","timestamp":1708360078171,"level":"info","message":"Starting rendering (child) request","meta":{"rootId":"fhf2fd7wcnv08qb","id":"lld3bou4iupmznl"},"id":"xr2n8u2jpoppxre","previousOperationId":"0dkobnsdtcli0gm"}
{"type":"log","timestamp":1708360078171,"level":"info","message":"Rendering template { name: orders-header, recipe: chrome-pdf, engine: handlebars, preview: true }","meta":{"rootId":"fhf2fd7wcnv08qb","id":"lld3bou4iupmznl"},"id":"a62smkncvte1ubl","previousOperationId":"0dkobnsdtcli0gm"}
{"type":"log","timestamp":1708360078171,"level":"debug","message":"Inline data specified.","meta":{"rootId":"fhf2fd7wcnv08qb","id":"lld3bou4iupmznl"},"id":"3cyndqks6759b6t","previousOperationId":"0dkobnsdtcli0gm"}
{"type":"log","timestamp":1708360078171,"level":"debug","message":"Base url not specified, skipping its injection.","meta":{"rootId":"fhf2fd7wcnv08qb","id":"lld3bou4iupmznl"},"id":"3hj31f1dy6kmk8f","previousOperationId":"0dkobnsdtcli0gm"}
{"type":"operationStart","subtype":"engine","name":"handlebars","timestamp":1708360078171,"id":"zytprjnnslx4tga","previousEventId":"j7mk6ua47w55ulh","operationId":"7p16biehzetndq7","previousOperationId":"0dkobnsdtcli0gm"}
{"type":"log","timestamp":1708360078171,"level":"debug","message":"Rendering engine handlebars","meta":{"rootId":"fhf2fd7wcnv08qb","id":"lld3bou4iupmznl"},"id":"iw8k630mb6p1art","previousOperationId":"7p16biehzetndq7"}
{"type":"operationEnd","operationId":"7p16biehzetndq7","timestamp":1708360078177,"id":"0rnelfw2eb5eb9q","previousEventId":"zytprjnnslx4tga","previousOperationId":"7p16biehzetndq7"}
{"type":"operationStart","subtype":"recipe","name":"chrome-pdf","timestamp":1708360078178,"id":"3r9ir2n2eoz0mjq","previousEventId":"0rnelfw2eb5eb9q","operationId":"pr7sbipa207zf1p","previousOperationId":"7p16biehzetndq7"}
{"type":"log","timestamp":1708360078178,"level":"debug","message":"Executing recipe chrome-pdf","meta":{"rootId":"fhf2fd7wcnv08qb","id":"lld3bou4iupmznl"},"id":"ri4h8azqo9l5pc9","previousOperationId":"pr7sbipa207zf1p"}
{"type":"log","timestamp":1708360078178,"level":"debug","message":"Converting with chrome HeadlessChrome/117.0.5938.149 using chrome-pool strategy","meta":{"rootId":"fhf2fd7wcnv08qb","id":"lld3bou4iupmznl"},"id":"8h5hqu9q8792a44","previousOperationId":"pr7sbipa207zf1p"}
{"type":"log","timestamp":1708360078224,"level":"debug","message":"Page request: GET (document) file:///var/folders/tp/6hccbwhd41s4hkmxw_2wkz640000gn/T/jsreport/autocleanup/ab64d69e-9b2d-4d49-8725-c8c675527a1a-chrome-pdf.html","meta":{"rootId":"fhf2fd7wcnv08qb","id":"lld3bou4iupmznl"},"id":"ikhja4t4h9ubfv3","previousOperationId":"pr7sbipa207zf1p"}
{"type":"log","timestamp":1708360078230,"level":"debug","message":"Page request: GET (stylesheet) https://cdnjs.cloudflare.com/ajax/libs/metro/4.1.5/css/metro.min.css","meta":{"rootId":"fhf2fd7wcnv08qb","id":"lld3bou4iupmznl"},"id":"tc1m2soh6mpu1t4","previousOperationId":"pr7sbipa207zf1p"}
{"type":"log","timestamp":1708360078230,"level":"debug","message":"Page request finished: GET (document) 200 file:///var/folders/tp/6hccbwhd41s4hkmxw_2wkz640000gn/T/jsreport/autocleanup/ab64d69e-9b2d-4d49-8725-c8c675527a1a-chrome-pdf.html","meta":{"rootId":"fhf2fd7wcnv08qb","id":"lld3bou4iupmznl"},"id":"szgd83x5dsr0e5n","previousOperationId":"pr7sbipa207zf1p"}
{"type":"log","timestamp":1708360078238,"level":"debug","message":"Page request finished: GET (stylesheet) 200 https://cdnjs.cloudflare.com/ajax/libs/metro/4.1.5/css/metro.min.css","meta":{"rootId":"fhf2fd7wcnv08qb","id":"lld3bou4iupmznl"},"id":"wkh3kykn1qam07x","previousOperationId":"pr7sbipa207zf1p"}
{"type":"log","timestamp":1708360078256,"level":"debug","message":"Running chrome with params {\"printBackground\":true,\"marginTop\":\"1.5cm\",\"marginRight\":\"1.5cm\",\"marginLeft\":\"1.cm\",\"timeout\":59740,\"margin\":{\"top\":\"1.5cm\",\"right\":\"1.5cm\",\"left\":\"1.cm\"}}","meta":{"rootId":"fhf2fd7wcnv08qb","id":"lld3bou4iupmznl"},"id":"bcv43ppihqs8sk7","previousOperationId":"pr7sbipa207zf1p"}
{"type":"operationEnd","operationId":"pr7sbipa207zf1p","timestamp":1708360078273,"id":"0p01vgvpudbk31u","previousEventId":"3r9ir2n2eoz0mjq","previousOperationId":"pr7sbipa207zf1p"}
{"type":"log","timestamp":1708360078273,"level":"debug","message":"Skipping storing report.","meta":{"rootId":"fhf2fd7wcnv08qb","id":"lld3bou4iupmznl"},"id":"j9vdrqawmuhdpe1","previousOperationId":"pr7sbipa207zf1p"}
{"type":"log","timestamp":1708360078274,"level":"info","message":"Rendering (child) request finished in 355 ms","meta":{"rootId":"fhf2fd7wcnv08qb","id":"lld3bou4iupmznl"},"id":"31u120megwnq6gp","previousOperationId":"pr7sbipa207zf1p"}
{"type":"operationEnd","subtype":"render","operationId":"0dkobnsdtcli0gm","timestamp":1708360078274,"id":"tdbdue5rqcmelkh","previousEventId":"0p01vgvpudbk31u","previousOperationId":"pr7sbipa207zf1p"}
{"type":"operationEnd","operationId":"m1dg15yw8joyhir","timestamp":1708360078294,"id":"c6fdwrq54rxcbxm","previousEventId":"4mgdg3p5wtprq1b","previousOperationId":"m1dg15yw8joyhir"}
{"type":"log","timestamp":1708360078294,"level":"debug","message":"pdf-utils postproces start","meta":{"rootId":"fhf2fd7wcnv08qb","id":"fhf2fd7wcnv08qb"},"id":"1e5qfcigk2x1mjl","previousOperationId":"m1dg15yw8joyhir"}
{"type":"log","timestamp":1708360078312,"level":"debug","message":"pdf-utils postproces end","meta":{"rootId":"fhf2fd7wcnv08qb","id":"fhf2fd7wcnv08qb"},"id":"ed50yqgyn4vueh8","previousOperationId":"m1dg15yw8joyhir"}
{"type":"operationEnd","operationId":"6qtc05ieftcex4p","timestamp":1708360078312,"id":"wq0w3zlzuwj3d1a","previousEventId":"c6fdwrq54rxcbxm","previousOperationId":"m1dg15yw8joyhir"}
{"type":"log","timestamp":1708360078312,"level":"info","message":"pdf-utils pdf processing was finished","meta":{"rootId":"fhf2fd7wcnv08qb","id":"fhf2fd7wcnv08qb"},"id":"2zf6c1vt5gocjip","previousOperationId":"6qtc05ieftcex4p"}
{"type":"log","timestamp":1708360078312,"level":"debug","message":"Skipping storing report.","meta":{"rootId":"fhf2fd7wcnv08qb","id":"fhf2fd7wcnv08qb"},"id":"353n4e09prh0hhw","previousOperationId":"6qtc05ieftcex4p"}
{"type":"log","timestamp":1708360078312,"level":"info","message":"Rendering request 13 finished in 394 ms","meta":{"rootId":"fhf2fd7wcnv08qb","id":"fhf2fd7wcnv08qb"},"id":"jtli8lzgfdov008","previousOperationId":"6qtc05ieftcex4p"}
{"type":"operationEnd","subtype":"render","operationId":"j8ohrw62e0ocniu","timestamp":1708360078312,"id":"cp8mvf4n5olaay4","previousEventId":"wq0w3zlzuwj3d1a","previousOperationId":"6qtc05ieftcex4p"}
{"type":"operationEnd","doDiffs":false,"previousEventId":"fnxgot44gvyblrb","previousOperationId":"pcx1umvdj5sgjh8","operationId":"pcx1umvdj5sgjh8","timestamp":1708360078315,"id":"ou3194e8lguku7v"}
