{"type":"operationStart","subtype":"profile","data":{"_id":"2se73as3leNIgZJT","timestamp":"2024-01-18T15:03:58.901Z","state":"queued","mode":"standard","creationDate":"2024-01-18T15:03:58.906Z","modificationDate":"2024-01-18T15:03:58.906Z","shortid":"LHDLXnz","$entitySet":"profiles"},"doDiffs":false,"timestamp":1705590238904,"id":"7packsr0nh7hrjh","previousOperationId":null,"operationId":"lglq0snf16zz7ba"}
{"type":"log","level":"info","message":"Render request 23 queued for execution and waiting for available worker","previousOperationId":"lglq0snf16zz7ba","timestamp":1705590238904,"id":"2ant6vq79agnhvt"}
{"type":"operationStart","subtype":"render","name":"orders-main","previousOperationId":"lglq0snf16zz7ba","timestamp":1705590238920,"id":"gi6v23n80kol4n6","previousEventId":"7packsr0nh7hrjh","operationId":"79g9l9gph0ybz5a"}
{"type":"log","timestamp":1705590238920,"level":"info","message":"Starting rendering request 23","meta":{"rootId":"fjj0aeu0ywqvbpo","id":"fjj0aeu0ywqvbpo"},"id":"cufyvxri1vte3t3","previousOperationId":"79g9l9gph0ybz5a"}
{"type":"log","timestamp":1705590238921,"level":"info","message":"Rendering template { name: orders-main, recipe: chrome-pdf, engine: handlebars, preview: true }","meta":{"rootId":"fjj0aeu0ywqvbpo","id":"fjj0aeu0ywqvbpo"},"id":"ne426mck9a1ircd","previousOperationId":"79g9l9gph0ybz5a"}
{"type":"log","timestamp":1705590238922,"level":"debug","message":"Data item not defined for this template.","meta":{"rootId":"fjj0aeu0ywqvbpo","id":"fjj0aeu0ywqvbpo"},"id":"2vclgguvknkixrc","previousOperationId":"79g9l9gph0ybz5a"}
{"type":"log","timestamp":1705590238926,"level":"debug","message":"Executing script orders-script (beforeRender)","meta":{"rootId":"fjj0aeu0ywqvbpo","id":"fjj0aeu0ywqvbpo"},"id":"9ryl9h65b8z2pho","previousOperationId":"79g9l9gph0ybz5a"}
{"type":"operationStart","subtype":"scriptsBeforeRender","name":"scripts beforeRender","timestamp":1705590238955,"id":"u7tzinau6ac50zj","previousEventId":"gi6v23n80kol4n6","operationId":"q3sihv4pemyf63k","previousOperationId":"79g9l9gph0ybz5a"}
{"type":"operationStart","subtype":"script","name":"scripts orders-script","previousOperationId":"q3sihv4pemyf63k","timestamp":1705590238955,"id":"xureuo65vhllitl","previousEventId":"u7tzinau6ac50zj","operationId":"fav7alb668omxtx"}
{"type":"operationEnd","operationId":"fav7alb668omxtx","timestamp":1705590238987,"id":"wfgz0isy93e53z5","previousEventId":"gi6v23n80kol4n6","previousOperationId":"79g9l9gph0ybz5a"}
{"type":"operationEnd","operationId":"q3sihv4pemyf63k","timestamp":1705590238987,"id":"g414rwdlaodn6ak","previousEventId":"wfgz0isy93e53z5","previousOperationId":"79g9l9gph0ybz5a"}
{"type":"log","timestamp":1705590238987,"level":"debug","message":"Base url not specified, skipping its injection.","meta":{"rootId":"fjj0aeu0ywqvbpo","id":"fjj0aeu0ywqvbpo"},"id":"u6ja5nftwfqkwv6","previousOperationId":"q3sihv4pemyf63k"}
{"type":"operationStart","subtype":"engine","name":"handlebars","timestamp":1705590238988,"id":"dzg9s8sgt8kod0o","previousEventId":"g414rwdlaodn6ak","operationId":"0kzlwykm1g8iyyq","previousOperationId":"q3sihv4pemyf63k"}
{"type":"log","timestamp":1705590238988,"level":"debug","message":"Rendering engine handlebars","meta":{"rootId":"fjj0aeu0ywqvbpo","id":"fjj0aeu0ywqvbpo"},"id":"jrw1kbyoiy33cmm","previousOperationId":"0kzlwykm1g8iyyq"}
{"type":"operationEnd","operationId":"0kzlwykm1g8iyyq","timestamp":1705590239020,"id":"uh68vfqtxd9fs9a","previousEventId":"dzg9s8sgt8kod0o","previousOperationId":"0kzlwykm1g8iyyq"}
{"type":"operationStart","subtype":"recipe","name":"chrome-pdf","timestamp":1705590239020,"id":"t9ybehe8vz25k0b","previousEventId":"uh68vfqtxd9fs9a","operationId":"boj815wh0n7msfh","previousOperationId":"0kzlwykm1g8iyyq"}
{"type":"log","timestamp":1705590239020,"level":"debug","message":"Executing recipe chrome-pdf","meta":{"rootId":"fjj0aeu0ywqvbpo","id":"fjj0aeu0ywqvbpo"},"id":"bsmlq1vuun6i1ko","previousOperationId":"boj815wh0n7msfh"}
{"type":"log","timestamp":1705590239024,"level":"debug","message":"Converting with chrome HeadlessChrome/117.0.5938.149 using chrome-pool strategy","meta":{"rootId":"fjj0aeu0ywqvbpo","id":"fjj0aeu0ywqvbpo"},"id":"l85gud5du3140xq","previousOperationId":"boj815wh0n7msfh"}
{"type":"log","timestamp":1705590239153,"level":"debug","message":"Page request: GET (document) file:///C:/Users/DANIEL~1/AppData/Local/Temp/jsreport/autocleanup/fb2547f4-493f-470d-92a9-5c4a26307dd1-chrome-pdf.html","meta":{"rootId":"fjj0aeu0ywqvbpo","id":"fjj0aeu0ywqvbpo"},"id":"cq7tx8ntlutpwf1","previousOperationId":"boj815wh0n7msfh"}
{"type":"log","timestamp":1705590239193,"level":"debug","message":"Page request finished: GET (document) 200 file:///C:/Users/DANIEL~1/AppData/Local/Temp/jsreport/autocleanup/fb2547f4-493f-470d-92a9-5c4a26307dd1-chrome-pdf.html","meta":{"rootId":"fjj0aeu0ywqvbpo","id":"fjj0aeu0ywqvbpo"},"id":"7h5r1ky6czege9a","previousOperationId":"boj815wh0n7msfh"}
{"type":"log","timestamp":1705590239193,"level":"debug","message":"Page request: GET (stylesheet) https://cdnjs.cloudflare.com/ajax/libs/metro/4.1.5/css/metro.min.css","meta":{"rootId":"fjj0aeu0ywqvbpo","id":"fjj0aeu0ywqvbpo"},"id":"yyc19zxrfom61zz","previousOperationId":"boj815wh0n7msfh"}
{"type":"log","timestamp":1705590239193,"level":"debug","message":"Page request: GET (script) https://cdnjs.cloudflare.com/ajax/libs/Chart.js/2.9.4/Chart.js","meta":{"rootId":"fjj0aeu0ywqvbpo","id":"fjj0aeu0ywqvbpo"},"id":"uz6w2cse13zdfe0","previousOperationId":"boj815wh0n7msfh"}
{"type":"log","timestamp":1705590239229,"level":"debug","message":"Page request finished: GET (stylesheet) 200 https://cdnjs.cloudflare.com/ajax/libs/metro/4.1.5/css/metro.min.css","meta":{"rootId":"fjj0aeu0ywqvbpo","id":"fjj0aeu0ywqvbpo"},"id":"w93bntf7c194crf","previousOperationId":"boj815wh0n7msfh"}
{"type":"log","timestamp":1705590239229,"level":"debug","message":"Page request finished: GET (script) 200 https://cdnjs.cloudflare.com/ajax/libs/Chart.js/2.9.4/Chart.js","meta":{"rootId":"fjj0aeu0ywqvbpo","id":"fjj0aeu0ywqvbpo"},"id":"rxsfwyl9klq4nev","previousOperationId":"boj815wh0n7msfh"}
{"type":"log","timestamp":1705590239236,"level":"warn","message":"Page error: Unexpected token ';' , stack: SyntaxError: Unexpected token ';'","meta":{"rootId":"fjj0aeu0ywqvbpo","id":"fjj0aeu0ywqvbpo"},"id":"jvl1rix4ou51wev","previousOperationId":"boj815wh0n7msfh"}
{"type":"log","timestamp":1705590239275,"level":"debug","message":"Running chrome with params {\"printBackground\":true,\"marginTop\":\"4cm\",\"marginRight\":\"1.5cm\",\"marginBottom\":\"1.5cm\",\"marginLeft\":\"1.5cm\",\"waitForJS\":false,\"timeout\":59878,\"margin\":{\"top\":\"4cm\",\"right\":\"1.5cm\",\"bottom\":\"1.5cm\",\"left\":\"1.5cm\"}}","meta":{"rootId":"fjj0aeu0ywqvbpo","id":"fjj0aeu0ywqvbpo"},"id":"v7johroa4ifoyb0","previousOperationId":"boj815wh0n7msfh"}
{"type":"operationEnd","operationId":"boj815wh0n7msfh","timestamp":1705590239363,"id":"zhyvvqbcntkm3qc","previousEventId":"t9ybehe8vz25k0b","previousOperationId":"boj815wh0n7msfh"}
{"type":"log","timestamp":1705590239363,"level":"info","message":"pdf-utils is starting pdf processing","meta":{"rootId":"fjj0aeu0ywqvbpo","id":"fjj0aeu0ywqvbpo"},"id":"rbb3xwrearbuanr","previousOperationId":"boj815wh0n7msfh"}
{"type":"operationStart","subtype":"pdfUtils","name":"pdf utils","timestamp":1705590239363,"id":"ibotsl38tpd5tou","previousEventId":"zhyvvqbcntkm3qc","operationId":"1kln1lnkfrs4zev","previousOperationId":"boj815wh0n7msfh"}
{"type":"log","timestamp":1705590239363,"level":"debug","message":"pdf-utils detected 1 pdf operation(s) to process","meta":{"rootId":"fjj0aeu0ywqvbpo","id":"fjj0aeu0ywqvbpo"},"id":"o0t1znm0zcmf7h6","previousOperationId":"1kln1lnkfrs4zev"}
{"type":"log","timestamp":1705590239384,"level":"debug","message":"pdf-utils running pdf operation merge","meta":{"rootId":"fjj0aeu0ywqvbpo","id":"fjj0aeu0ywqvbpo"},"id":"h46kn2iezkgqe4d","previousOperationId":"1kln1lnkfrs4zev"}
{"type":"operationStart","subtype":"pdfUtilsMerge","name":"pdf utils merge","previousOperationId":"1kln1lnkfrs4zev","timestamp":1705590239384,"id":"u7fcdzr55eenp3g","previousEventId":"ibotsl38tpd5tou","operationId":"emnsdlmpw8e8u74"}
{"type":"operationStart","subtype":"render","name":"orders-header","previousOperationId":"emnsdlmpw8e8u74","timestamp":1705590239388,"id":"u8cepqtw30jbcna","previousEventId":"u7fcdzr55eenp3g","operationId":"0x8uhkk7q9lygo7"}
{"type":"log","timestamp":1705590239388,"level":"info","message":"Starting rendering (child) request","meta":{"rootId":"fjj0aeu0ywqvbpo","id":"mkzb4s9zoe0z1dq"},"id":"oz9kxx9o5u5u1le","previousOperationId":"0x8uhkk7q9lygo7"}
{"type":"log","timestamp":1705590239389,"level":"info","message":"Rendering template { name: orders-header, recipe: chrome-pdf, engine: handlebars, preview: true }","meta":{"rootId":"fjj0aeu0ywqvbpo","id":"mkzb4s9zoe0z1dq"},"id":"j7ldliioaqvsslp","previousOperationId":"0x8uhkk7q9lygo7"}
{"type":"log","timestamp":1705590239406,"level":"debug","message":"Inline data specified.","meta":{"rootId":"fjj0aeu0ywqvbpo","id":"mkzb4s9zoe0z1dq"},"id":"04qime07gikai8p","previousOperationId":"0x8uhkk7q9lygo7"}
{"type":"log","timestamp":1705590239410,"level":"debug","message":"Base url not specified, skipping its injection.","meta":{"rootId":"fjj0aeu0ywqvbpo","id":"mkzb4s9zoe0z1dq"},"id":"eq78x0k1lazowal","previousOperationId":"0x8uhkk7q9lygo7"}
{"type":"operationStart","subtype":"engine","name":"handlebars","timestamp":1705590239410,"id":"mta0yerykf7o6me","previousEventId":"u8cepqtw30jbcna","operationId":"y63omgsa9jhdkbf","previousOperationId":"0x8uhkk7q9lygo7"}
{"type":"log","timestamp":1705590239410,"level":"debug","message":"Rendering engine handlebars","meta":{"rootId":"fjj0aeu0ywqvbpo","id":"mkzb4s9zoe0z1dq"},"id":"tpx39ujm13hdqrf","previousOperationId":"y63omgsa9jhdkbf"}
{"type":"operationEnd","operationId":"y63omgsa9jhdkbf","timestamp":1705590239432,"id":"hcl38c4i9bc45c8","previousEventId":"mta0yerykf7o6me","previousOperationId":"y63omgsa9jhdkbf"}
{"type":"operationStart","subtype":"recipe","name":"chrome-pdf","timestamp":1705590239432,"id":"n5w3qx4vw0iqau0","previousEventId":"hcl38c4i9bc45c8","operationId":"ofpbyi18e4t8w0t","previousOperationId":"y63omgsa9jhdkbf"}
{"type":"log","timestamp":1705590239432,"level":"debug","message":"Executing recipe chrome-pdf","meta":{"rootId":"fjj0aeu0ywqvbpo","id":"mkzb4s9zoe0z1dq"},"id":"a69fn8zwt8k8mk3","previousOperationId":"ofpbyi18e4t8w0t"}
{"type":"log","timestamp":1705590239436,"level":"debug","message":"Converting with chrome HeadlessChrome/117.0.5938.149 using chrome-pool strategy","meta":{"rootId":"fjj0aeu0ywqvbpo","id":"mkzb4s9zoe0z1dq"},"id":"yswmbmgodpbqbwp","previousOperationId":"ofpbyi18e4t8w0t"}
{"type":"log","timestamp":1705590239574,"level":"debug","message":"Page request: GET (document) file:///C:/Users/DANIEL~1/AppData/Local/Temp/jsreport/autocleanup/5a4bcca9-0915-401b-83e5-11b12e82557a-chrome-pdf.html","meta":{"rootId":"fjj0aeu0ywqvbpo","id":"mkzb4s9zoe0z1dq"},"id":"iw6zcwbjnz99chr","previousOperationId":"ofpbyi18e4t8w0t"}
{"type":"log","timestamp":1705590239598,"level":"debug","message":"Page request: GET (stylesheet) https://cdnjs.cloudflare.com/ajax/libs/metro/4.1.5/css/metro.min.css","meta":{"rootId":"fjj0aeu0ywqvbpo","id":"mkzb4s9zoe0z1dq"},"id":"se6qn0fc9kor5fp","previousOperationId":"ofpbyi18e4t8w0t"}
{"type":"log","timestamp":1705590239598,"level":"debug","message":"Page request finished: GET (document) 200 file:///C:/Users/DANIEL~1/AppData/Local/Temp/jsreport/autocleanup/5a4bcca9-0915-401b-83e5-11b12e82557a-chrome-pdf.html","meta":{"rootId":"fjj0aeu0ywqvbpo","id":"mkzb4s9zoe0z1dq"},"id":"xhg66j5gafe8161","previousOperationId":"ofpbyi18e4t8w0t"}
{"type":"log","timestamp":1705590239618,"level":"debug","message":"Page request finished: GET (stylesheet) 200 https://cdnjs.cloudflare.com/ajax/libs/metro/4.1.5/css/metro.min.css","meta":{"rootId":"fjj0aeu0ywqvbpo","id":"mkzb4s9zoe0z1dq"},"id":"z49u3tyisayifjb","previousOperationId":"ofpbyi18e4t8w0t"}
{"type":"log","timestamp":1705590239642,"level":"debug","message":"Running chrome with params {\"printBackground\":true,\"marginTop\":\"1.5cm\",\"marginRight\":\"1.5cm\",\"marginLeft\":\"1.cm\",\"timeout\":59466,\"margin\":{\"top\":\"1.5cm\",\"right\":\"1.5cm\",\"left\":\"1.cm\"}}","meta":{"rootId":"fjj0aeu0ywqvbpo","id":"mkzb4s9zoe0z1dq"},"id":"e4nxsx186q19wlx","previousOperationId":"ofpbyi18e4t8w0t"}
{"type":"operationEnd","operationId":"ofpbyi18e4t8w0t","timestamp":1705590239690,"id":"62v8v9az7ykxp1v","previousEventId":"n5w3qx4vw0iqau0","previousOperationId":"ofpbyi18e4t8w0t"}
{"type":"log","timestamp":1705590239690,"level":"debug","message":"Skipping storing report.","meta":{"rootId":"fjj0aeu0ywqvbpo","id":"mkzb4s9zoe0z1dq"},"id":"svmvm6orxn48fzk","previousOperationId":"ofpbyi18e4t8w0t"}
{"type":"log","timestamp":1705590239690,"level":"info","message":"Rendering (child) request finished in 789 ms","meta":{"rootId":"fjj0aeu0ywqvbpo","id":"mkzb4s9zoe0z1dq"},"id":"f4afaw8e5iep4s3","previousOperationId":"ofpbyi18e4t8w0t"}
{"type":"operationEnd","subtype":"render","operationId":"0x8uhkk7q9lygo7","timestamp":1705590239690,"id":"lh3b9nmgbwqausk","previousEventId":"62v8v9az7ykxp1v","previousOperationId":"ofpbyi18e4t8w0t"}
{"type":"operationEnd","operationId":"emnsdlmpw8e8u74","timestamp":1705590239702,"id":"8o60010q7823btu","previousEventId":"u7fcdzr55eenp3g","previousOperationId":"emnsdlmpw8e8u74"}
{"type":"log","timestamp":1705590239702,"level":"debug","message":"pdf-utils postproces start","meta":{"rootId":"fjj0aeu0ywqvbpo","id":"fjj0aeu0ywqvbpo"},"id":"mrmgdvyg39cdeb2","previousOperationId":"emnsdlmpw8e8u74"}
{"type":"log","timestamp":1705590239720,"level":"debug","message":"pdf-utils postproces end","meta":{"rootId":"fjj0aeu0ywqvbpo","id":"fjj0aeu0ywqvbpo"},"id":"9uxtztxqdnubfqq","previousOperationId":"emnsdlmpw8e8u74"}
{"type":"operationEnd","operationId":"1kln1lnkfrs4zev","timestamp":1705590239720,"id":"tz61ykg2ebx92vg","previousEventId":"8o60010q7823btu","previousOperationId":"emnsdlmpw8e8u74"}
{"type":"log","timestamp":1705590239720,"level":"info","message":"pdf-utils pdf processing was finished","meta":{"rootId":"fjj0aeu0ywqvbpo","id":"fjj0aeu0ywqvbpo"},"id":"pmwsli7rioq7xk7","previousOperationId":"1kln1lnkfrs4zev"}
{"type":"log","timestamp":1705590239720,"level":"debug","message":"Skipping storing report.","meta":{"rootId":"fjj0aeu0ywqvbpo","id":"fjj0aeu0ywqvbpo"},"id":"dsmarctzkildnb4","previousOperationId":"1kln1lnkfrs4zev"}
{"type":"log","timestamp":1705590239720,"level":"info","message":"Rendering request 23 finished in 819 ms","meta":{"rootId":"fjj0aeu0ywqvbpo","id":"fjj0aeu0ywqvbpo"},"id":"s68zqsrrxl58qcu","previousOperationId":"1kln1lnkfrs4zev"}
{"type":"operationEnd","subtype":"render","operationId":"79g9l9gph0ybz5a","timestamp":1705590239720,"id":"481n0kxah0s1ul4","previousEventId":"tz61ykg2ebx92vg","previousOperationId":"1kln1lnkfrs4zev"}
{"type":"operationEnd","doDiffs":false,"previousEventId":"7packsr0nh7hrjh","previousOperationId":"lglq0snf16zz7ba","operationId":"lglq0snf16zz7ba","timestamp":1705590239735,"id":"93i1vli6kls5yhl"}
