{"type":"operationStart","subtype":"profile","data":{"_id":"p28ja0YJwnBPMzDp","timestamp":"2024-01-18T17:28:12.452Z","state":"queued","mode":"standard","creationDate":"2024-01-18T17:28:12.454Z","modificationDate":"2024-01-18T17:28:12.454Z","shortid":"blh-8fc","$entitySet":"profiles"},"doDiffs":false,"timestamp":1705598892453,"id":"176c3lpcp6oh0ul","previousOperationId":null,"operationId":"admvza8se99qp2z"}
{"type":"log","level":"info","message":"Render request 7 queued for execution and waiting for available worker","previousOperationId":"admvza8se99qp2z","timestamp":1705598892453,"id":"2ii5mmyfgrhs4be"}
{"type":"operationStart","subtype":"render","name":"orders-main","previousOperationId":"admvza8se99qp2z","timestamp":1705598892458,"id":"tnme8folbouxljm","previousEventId":"176c3lpcp6oh0ul","operationId":"7wm749mbrm8sasx"}
{"type":"log","timestamp":1705598892458,"level":"info","message":"Starting rendering request 7","meta":{"rootId":"gcvo3x00vk7erna","id":"gcvo3x00vk7erna"},"id":"u520q23lazjby1m","previousOperationId":"7wm749mbrm8sasx"}
{"type":"log","timestamp":1705598892458,"level":"info","message":"Rendering template { name: orders-main, recipe: chrome-pdf, engine: handlebars, preview: true }","meta":{"rootId":"gcvo3x00vk7erna","id":"gcvo3x00vk7erna"},"id":"j20fmgrju42xhnj","previousOperationId":"7wm749mbrm8sasx"}
{"type":"log","timestamp":1705598892459,"level":"debug","message":"Data item not defined for this template.","meta":{"rootId":"gcvo3x00vk7erna","id":"gcvo3x00vk7erna"},"id":"3vex47a30p36mqy","previousOperationId":"7wm749mbrm8sasx"}
{"type":"log","timestamp":1705598892461,"level":"debug","message":"Executing script orders-script (beforeRender)","meta":{"rootId":"gcvo3x00vk7erna","id":"gcvo3x00vk7erna"},"id":"htvenk7jkbliwaz","previousOperationId":"7wm749mbrm8sasx"}
{"type":"operationStart","subtype":"scriptsBeforeRender","name":"scripts beforeRender","timestamp":1705598892481,"id":"p0is6iog1cwfg3e","previousEventId":"tnme8folbouxljm","operationId":"030q9nzjdz7g79w","previousOperationId":"7wm749mbrm8sasx"}
{"type":"operationStart","subtype":"script","name":"scripts orders-script","previousOperationId":"030q9nzjdz7g79w","timestamp":1705598892481,"id":"65jrgru1c3ksamx","previousEventId":"p0is6iog1cwfg3e","operationId":"qk4l9ffmr9mp2hv"}
{"type":"log","timestamp":1705598892490,"level":"debug","message":"(console:log) [ 'Race1', 'Race2' ]","meta":{"userLevel":true,"rootId":"gcvo3x00vk7erna","id":"gcvo3x00vk7erna"},"id":"rl6ddv9ipcvp5zs","previousOperationId":"qk4l9ffmr9mp2hv"}
{"type":"log","timestamp":1705598892490,"level":"debug","message":"(console:log) [ 2, 1 ]","meta":{"userLevel":true,"rootId":"gcvo3x00vk7erna","id":"gcvo3x00vk7erna"},"id":"1a1oq06of2qfwnr","previousOperationId":"qk4l9ffmr9mp2hv"}
{"type":"operationEnd","operationId":"qk4l9ffmr9mp2hv","timestamp":1705598892491,"id":"wpj6peoge137fzk","previousEventId":"tnme8folbouxljm","previousOperationId":"7wm749mbrm8sasx"}
{"type":"operationEnd","operationId":"030q9nzjdz7g79w","timestamp":1705598892491,"id":"pb2mm8uqzb8ubxs","previousEventId":"wpj6peoge137fzk","previousOperationId":"7wm749mbrm8sasx"}
{"type":"log","timestamp":1705598892491,"level":"debug","message":"Base url not specified, skipping its injection.","meta":{"rootId":"gcvo3x00vk7erna","id":"gcvo3x00vk7erna"},"id":"n2eg0080sqyvl69","previousOperationId":"030q9nzjdz7g79w"}
{"type":"operationStart","subtype":"engine","name":"handlebars","timestamp":1705598892491,"id":"1q3cpd57fs57vk8","previousEventId":"pb2mm8uqzb8ubxs","operationId":"d91i0t9lat9qfvs","previousOperationId":"030q9nzjdz7g79w"}
{"type":"log","timestamp":1705598892491,"level":"debug","message":"Rendering engine handlebars","meta":{"rootId":"gcvo3x00vk7erna","id":"gcvo3x00vk7erna"},"id":"jee8uiwrxe3v5tm","previousOperationId":"d91i0t9lat9qfvs"}
{"type":"log","timestamp":1705598892510,"level":"debug","message":"(console:log) Pdf utils adding group field, value: \"Race1\"","meta":{"userLevel":true,"rootId":"gcvo3x00vk7erna","id":"gcvo3x00vk7erna"},"id":"jnhn3xu03z1fy99","previousOperationId":"d91i0t9lat9qfvs"}
{"type":"log","timestamp":1705598892510,"level":"debug","message":"(console:log) Pdf utils adding group field, value: \"Race2\"","meta":{"userLevel":true,"rootId":"gcvo3x00vk7erna","id":"gcvo3x00vk7erna"},"id":"7oc2587ig8dpr5d","previousOperationId":"d91i0t9lat9qfvs"}
{"type":"operationEnd","operationId":"d91i0t9lat9qfvs","timestamp":1705598892510,"id":"13roj9jizgk3x0s","previousEventId":"1q3cpd57fs57vk8","previousOperationId":"d91i0t9lat9qfvs"}
{"type":"operationStart","subtype":"recipe","name":"chrome-pdf","timestamp":1705598892511,"id":"js1tfssp540sh23","previousEventId":"13roj9jizgk3x0s","operationId":"6z03zz3f37krxgf","previousOperationId":"d91i0t9lat9qfvs"}
{"type":"log","timestamp":1705598892511,"level":"debug","message":"Executing recipe chrome-pdf","meta":{"rootId":"gcvo3x00vk7erna","id":"gcvo3x00vk7erna"},"id":"db4lndgx0y9pnwv","previousOperationId":"6z03zz3f37krxgf"}
{"type":"log","timestamp":1705598892514,"level":"debug","message":"Converting with chrome HeadlessChrome/117.0.5938.149 using chrome-pool strategy","meta":{"rootId":"gcvo3x00vk7erna","id":"gcvo3x00vk7erna"},"id":"otq224nv4cxtff3","previousOperationId":"6z03zz3f37krxgf"}
{"type":"log","timestamp":1705598892586,"level":"debug","message":"Page request: GET (document) file:///C:/Users/DANIEL~1/AppData/Local/Temp/jsreport/autocleanup/7eb11bba-61d9-4060-9f07-e6e24e544a58-chrome-pdf.html","meta":{"rootId":"gcvo3x00vk7erna","id":"gcvo3x00vk7erna"},"id":"i78bqu8ubwp6ul0","previousOperationId":"6z03zz3f37krxgf"}
{"type":"log","timestamp":1705598892604,"level":"debug","message":"Page request: GET (stylesheet) https://cdnjs.cloudflare.com/ajax/libs/metro/4.1.5/css/metro.min.css","meta":{"rootId":"gcvo3x00vk7erna","id":"gcvo3x00vk7erna"},"id":"c9ahhs5badlcf5b","previousOperationId":"6z03zz3f37krxgf"}
{"type":"log","timestamp":1705598892604,"level":"debug","message":"Page request: GET (script) https://cdn.jsdelivr.net/npm/chart.js","meta":{"rootId":"gcvo3x00vk7erna","id":"gcvo3x00vk7erna"},"id":"hp513ynibzt6h64","previousOperationId":"6z03zz3f37krxgf"}
{"type":"log","timestamp":1705598892605,"level":"debug","message":"Page request finished: GET (document) 200 file:///C:/Users/DANIEL~1/AppData/Local/Temp/jsreport/autocleanup/7eb11bba-61d9-4060-9f07-e6e24e544a58-chrome-pdf.html","meta":{"rootId":"gcvo3x00vk7erna","id":"gcvo3x00vk7erna"},"id":"t5iopzu7zriiisy","previousOperationId":"6z03zz3f37krxgf"}
{"type":"log","timestamp":1705598892608,"level":"debug","message":"Page request finished: GET (script) 200 https://cdn.jsdelivr.net/npm/chart.js","meta":{"rootId":"gcvo3x00vk7erna","id":"gcvo3x00vk7erna"},"id":"80n64hyp5etttnf","previousOperationId":"6z03zz3f37krxgf"}
{"type":"log","timestamp":1705598892617,"level":"debug","message":"Page request finished: GET (stylesheet) 200 https://cdnjs.cloudflare.com/ajax/libs/metro/4.1.5/css/metro.min.css","meta":{"rootId":"gcvo3x00vk7erna","id":"gcvo3x00vk7erna"},"id":"kuf9gy4rpcp3cqw","previousOperationId":"6z03zz3f37krxgf"}
{"type":"log","timestamp":1705598892620,"level":"warn","message":"Page error: Unexpected token ';' , stack: SyntaxError: Unexpected token ';'","meta":{"rootId":"gcvo3x00vk7erna","id":"gcvo3x00vk7erna"},"id":"roi0598tvzarm65","previousOperationId":"6z03zz3f37krxgf"}
{"type":"log","timestamp":1705598892655,"level":"debug","message":"Running chrome with params {\"printBackground\":true,\"marginTop\":\"4cm\",\"marginRight\":\"1.5cm\",\"marginBottom\":\"1.5cm\",\"marginLeft\":\"1.5cm\",\"waitForJS\":false,\"timeout\":59940,\"margin\":{\"top\":\"4cm\",\"right\":\"1.5cm\",\"bottom\":\"1.5cm\",\"left\":\"1.5cm\"}}","meta":{"rootId":"gcvo3x00vk7erna","id":"gcvo3x00vk7erna"},"id":"59cfkjiscx1fhlu","previousOperationId":"6z03zz3f37krxgf"}
{"type":"operationEnd","operationId":"6z03zz3f37krxgf","timestamp":1705598892716,"id":"lmk46pxl5i3za4p","previousEventId":"js1tfssp540sh23","previousOperationId":"6z03zz3f37krxgf"}
{"type":"log","timestamp":1705598892716,"level":"info","message":"pdf-utils is starting pdf processing","meta":{"rootId":"gcvo3x00vk7erna","id":"gcvo3x00vk7erna"},"id":"gq8a0tk71qlah81","previousOperationId":"6z03zz3f37krxgf"}
{"type":"operationStart","subtype":"pdfUtils","name":"pdf utils","timestamp":1705598892716,"id":"t5tnr9008kry5cz","previousEventId":"lmk46pxl5i3za4p","operationId":"zxhulw2dr7mun3j","previousOperationId":"6z03zz3f37krxgf"}
{"type":"log","timestamp":1705598892716,"level":"debug","message":"pdf-utils detected 1 pdf operation(s) to process","meta":{"rootId":"gcvo3x00vk7erna","id":"gcvo3x00vk7erna"},"id":"fd4avmeb4lxmgvu","previousOperationId":"zxhulw2dr7mun3j"}
{"type":"log","timestamp":1705598892739,"level":"debug","message":"pdf-utils running pdf operation merge","meta":{"rootId":"gcvo3x00vk7erna","id":"gcvo3x00vk7erna"},"id":"8ltaaaz6z6ksfhp","previousOperationId":"zxhulw2dr7mun3j"}
{"type":"operationStart","subtype":"pdfUtilsMerge","name":"pdf utils merge","previousOperationId":"zxhulw2dr7mun3j","timestamp":1705598892740,"id":"uiolttlzcewbuqo","previousEventId":"t5tnr9008kry5cz","operationId":"2xxd633jzblj98t"}
{"type":"operationStart","subtype":"render","name":"orders-header","previousOperationId":"2xxd633jzblj98t","timestamp":1705598892741,"id":"29xtgsks5qcp85r","previousEventId":"uiolttlzcewbuqo","operationId":"w3bgffxa0q350dh"}
{"type":"log","timestamp":1705598892741,"level":"info","message":"Starting rendering (child) request","meta":{"rootId":"gcvo3x00vk7erna","id":"h6hrejuni9km2pa"},"id":"dfgw1eos3gwado3","previousOperationId":"w3bgffxa0q350dh"}
{"type":"log","timestamp":1705598892741,"level":"info","message":"Rendering template { name: orders-header, recipe: chrome-pdf, engine: handlebars, preview: true }","meta":{"rootId":"gcvo3x00vk7erna","id":"h6hrejuni9km2pa"},"id":"sy567pbd6tz9he9","previousOperationId":"w3bgffxa0q350dh"}
{"type":"log","timestamp":1705598892744,"level":"debug","message":"Inline data specified.","meta":{"rootId":"gcvo3x00vk7erna","id":"h6hrejuni9km2pa"},"id":"8np0kribj5r25nc","previousOperationId":"w3bgffxa0q350dh"}
{"type":"log","timestamp":1705598892749,"level":"debug","message":"Base url not specified, skipping its injection.","meta":{"rootId":"gcvo3x00vk7erna","id":"h6hrejuni9km2pa"},"id":"2de6a3sh7vu7iwi","previousOperationId":"w3bgffxa0q350dh"}
{"type":"operationStart","subtype":"engine","name":"handlebars","timestamp":1705598892749,"id":"pibbsr3lyjgwtjw","previousEventId":"29xtgsks5qcp85r","operationId":"lq63dfahvllaruy","previousOperationId":"w3bgffxa0q350dh"}
{"type":"log","timestamp":1705598892749,"level":"debug","message":"Rendering engine handlebars","meta":{"rootId":"gcvo3x00vk7erna","id":"h6hrejuni9km2pa"},"id":"sqpihttfom727t8","previousOperationId":"lq63dfahvllaruy"}
{"type":"operationEnd","operationId":"lq63dfahvllaruy","timestamp":1705598892768,"id":"tesdtmkhig7dor4","previousEventId":"pibbsr3lyjgwtjw","previousOperationId":"lq63dfahvllaruy"}
{"type":"operationStart","subtype":"recipe","name":"chrome-pdf","timestamp":1705598892768,"id":"mdq91just2bauls","previousEventId":"tesdtmkhig7dor4","operationId":"875mnbmpwr6fj5c","previousOperationId":"lq63dfahvllaruy"}
{"type":"log","timestamp":1705598892768,"level":"debug","message":"Executing recipe chrome-pdf","meta":{"rootId":"gcvo3x00vk7erna","id":"h6hrejuni9km2pa"},"id":"q7oh1mh5w28iu6y","previousOperationId":"875mnbmpwr6fj5c"}
{"type":"log","timestamp":1705598892770,"level":"debug","message":"Converting with chrome HeadlessChrome/117.0.5938.149 using chrome-pool strategy","meta":{"rootId":"gcvo3x00vk7erna","id":"h6hrejuni9km2pa"},"id":"5hor2kqwkx5ldqh","previousOperationId":"875mnbmpwr6fj5c"}
{"type":"log","timestamp":1705598892848,"level":"debug","message":"Page request: GET (document) file:///C:/Users/DANIEL~1/AppData/Local/Temp/jsreport/autocleanup/a9a78896-38f1-40df-bb25-36dbaeeba6ca-chrome-pdf.html","meta":{"rootId":"gcvo3x00vk7erna","id":"h6hrejuni9km2pa"},"id":"xsvm0k4k6wwbdlj","previousOperationId":"875mnbmpwr6fj5c"}
{"type":"log","timestamp":1705598892858,"level":"debug","message":"Page request: GET (stylesheet) https://cdnjs.cloudflare.com/ajax/libs/metro/4.1.5/css/metro.min.css","meta":{"rootId":"gcvo3x00vk7erna","id":"h6hrejuni9km2pa"},"id":"60p4uk9c86prycc","previousOperationId":"875mnbmpwr6fj5c"}
{"type":"log","timestamp":1705598892858,"level":"debug","message":"Page request finished: GET (document) 200 file:///C:/Users/DANIEL~1/AppData/Local/Temp/jsreport/autocleanup/a9a78896-38f1-40df-bb25-36dbaeeba6ca-chrome-pdf.html","meta":{"rootId":"gcvo3x00vk7erna","id":"h6hrejuni9km2pa"},"id":"cyettjkq63x2n59","previousOperationId":"875mnbmpwr6fj5c"}
{"type":"log","timestamp":1705598892871,"level":"debug","message":"Page request finished: GET (stylesheet) 200 https://cdnjs.cloudflare.com/ajax/libs/metro/4.1.5/css/metro.min.css","meta":{"rootId":"gcvo3x00vk7erna","id":"h6hrejuni9km2pa"},"id":"0q3az4mqk7zfi4e","previousOperationId":"875mnbmpwr6fj5c"}
{"type":"log","timestamp":1705598892884,"level":"debug","message":"Running chrome with params {\"printBackground\":true,\"marginTop\":\"1.5cm\",\"marginRight\":\"1.5cm\",\"marginLeft\":\"1.cm\",\"timeout\":59683,\"margin\":{\"top\":\"1.5cm\",\"right\":\"1.5cm\",\"left\":\"1.cm\"}}","meta":{"rootId":"gcvo3x00vk7erna","id":"h6hrejuni9km2pa"},"id":"amtobgzj0xpu3dp","previousOperationId":"875mnbmpwr6fj5c"}
{"type":"operationEnd","operationId":"875mnbmpwr6fj5c","timestamp":1705598892912,"id":"rnmybqwt168fjn2","previousEventId":"mdq91just2bauls","previousOperationId":"875mnbmpwr6fj5c"}
{"type":"log","timestamp":1705598892912,"level":"debug","message":"Skipping storing report.","meta":{"rootId":"gcvo3x00vk7erna","id":"h6hrejuni9km2pa"},"id":"mt5ovxxnt8nrfx2","previousOperationId":"875mnbmpwr6fj5c"}
{"type":"log","timestamp":1705598892912,"level":"info","message":"Rendering (child) request finished in 460 ms","meta":{"rootId":"gcvo3x00vk7erna","id":"h6hrejuni9km2pa"},"id":"kxncykhh6ok9kne","previousOperationId":"875mnbmpwr6fj5c"}
{"type":"operationEnd","subtype":"render","operationId":"w3bgffxa0q350dh","timestamp":1705598892912,"id":"4bhzhvra8s3lbbh","previousEventId":"rnmybqwt168fjn2","previousOperationId":"875mnbmpwr6fj5c"}
{"type":"operationEnd","operationId":"2xxd633jzblj98t","timestamp":1705598892919,"id":"on72g4u9ki0k7ec","previousEventId":"uiolttlzcewbuqo","previousOperationId":"2xxd633jzblj98t"}
{"type":"log","timestamp":1705598892919,"level":"debug","message":"pdf-utils postproces start","meta":{"rootId":"gcvo3x00vk7erna","id":"gcvo3x00vk7erna"},"id":"toxjsezz8nuwd3j","previousOperationId":"2xxd633jzblj98t"}
{"type":"log","timestamp":1705598892927,"level":"debug","message":"pdf-utils postproces end","meta":{"rootId":"gcvo3x00vk7erna","id":"gcvo3x00vk7erna"},"id":"q9bh3owis0i3b04","previousOperationId":"2xxd633jzblj98t"}
{"type":"operationEnd","operationId":"zxhulw2dr7mun3j","timestamp":1705598892927,"id":"qnarpffqdqyp5fn","previousEventId":"on72g4u9ki0k7ec","previousOperationId":"2xxd633jzblj98t"}
{"type":"log","timestamp":1705598892927,"level":"info","message":"pdf-utils pdf processing was finished","meta":{"rootId":"gcvo3x00vk7erna","id":"gcvo3x00vk7erna"},"id":"8203n4bpfn7pen5","previousOperationId":"zxhulw2dr7mun3j"}
{"type":"log","timestamp":1705598892927,"level":"debug","message":"Skipping storing report.","meta":{"rootId":"gcvo3x00vk7erna","id":"gcvo3x00vk7erna"},"id":"mq0lw7bh3qbdcvz","previousOperationId":"zxhulw2dr7mun3j"}
{"type":"log","timestamp":1705598892927,"level":"info","message":"Rendering request 7 finished in 475 ms","meta":{"rootId":"gcvo3x00vk7erna","id":"gcvo3x00vk7erna"},"id":"zucip7ncyw1ippc","previousOperationId":"zxhulw2dr7mun3j"}
{"type":"operationEnd","subtype":"render","operationId":"7wm749mbrm8sasx","timestamp":1705598892927,"id":"0segefhcd7q0m56","previousEventId":"qnarpffqdqyp5fn","previousOperationId":"zxhulw2dr7mun3j"}
{"type":"operationEnd","doDiffs":false,"previousEventId":"176c3lpcp6oh0ul","previousOperationId":"admvza8se99qp2z","operationId":"admvza8se99qp2z","timestamp":1705598892934,"id":"v843yba0jvnpxp7"}
