{"type":"operationStart","subtype":"profile","data":{"_id":"JBkPkECtFJRPRL68","timestamp":"2024-01-17T14:53:57.583Z","state":"queued","mode":"standard","creationDate":"2024-01-17T14:53:57.586Z","modificationDate":"2024-01-17T14:53:57.586Z","shortid":"1i6C9jK","$entitySet":"profiles"},"doDiffs":false,"timestamp":1705503237585,"id":"1nohh29cay6vmez","previousOperationId":null,"operationId":"uo7d8abe0emup6f"}
{"type":"log","level":"info","message":"Render request 29 queued for execution and waiting for available worker","previousOperationId":"uo7d8abe0emup6f","timestamp":1705503237585,"id":"piul73tqlqz22pc"}
{"type":"operationStart","subtype":"render","name":"orders-main","previousOperationId":"uo7d8abe0emup6f","timestamp":1705503237602,"id":"grec40p9fr63e1h","previousEventId":"1nohh29cay6vmez","operationId":"fqi4wn1jf9pvvou"}
{"type":"log","timestamp":1705503237602,"level":"info","message":"Starting rendering request 29","meta":{"rootId":"ghd0mu2uqs5ok1q","id":"ghd0mu2uqs5ok1q"},"id":"izqmzj7qwp3ib2a","previousOperationId":"fqi4wn1jf9pvvou"}
{"type":"log","timestamp":1705503237602,"level":"info","message":"Rendering template { name: orders-main, recipe: chrome-pdf, engine: handlebars, preview: true }","meta":{"rootId":"ghd0mu2uqs5ok1q","id":"ghd0mu2uqs5ok1q"},"id":"osg235fyw3swz4c","previousOperationId":"fqi4wn1jf9pvvou"}
{"type":"log","timestamp":1705503237605,"level":"debug","message":"Data item not defined for this template.","meta":{"rootId":"ghd0mu2uqs5ok1q","id":"ghd0mu2uqs5ok1q"},"id":"vqr2cus9ddner4a","previousOperationId":"fqi4wn1jf9pvvou"}
{"type":"log","timestamp":1705503237609,"level":"debug","message":"Executing script orders-script (beforeRender)","meta":{"rootId":"ghd0mu2uqs5ok1q","id":"ghd0mu2uqs5ok1q"},"id":"els4dznupvtee30","previousOperationId":"fqi4wn1jf9pvvou"}
{"type":"operationStart","subtype":"scriptsBeforeRender","name":"scripts beforeRender","timestamp":1705503237636,"id":"69v3xb5q5mhq38b","previousEventId":"grec40p9fr63e1h","operationId":"nwxdgyfb8jm0929","previousOperationId":"fqi4wn1jf9pvvou"}
{"type":"operationStart","subtype":"script","name":"scripts orders-script","previousOperationId":"nwxdgyfb8jm0929","timestamp":1705503237636,"id":"y3kdggigdgk1e5m","previousEventId":"69v3xb5q5mhq38b","operationId":"g25ck7aj3y0u4t3"}
{"type":"operationEnd","operationId":"g25ck7aj3y0u4t3","timestamp":1705503237669,"id":"p6v0kbw8iwburu3","previousEventId":"grec40p9fr63e1h","previousOperationId":"fqi4wn1jf9pvvou"}
{"type":"operationEnd","operationId":"nwxdgyfb8jm0929","timestamp":1705503237669,"id":"537f686emocoqso","previousEventId":"p6v0kbw8iwburu3","previousOperationId":"fqi4wn1jf9pvvou"}
{"type":"log","timestamp":1705503237669,"level":"debug","message":"Base url not specified, skipping its injection.","meta":{"rootId":"ghd0mu2uqs5ok1q","id":"ghd0mu2uqs5ok1q"},"id":"2lslc2p8jltryo7","previousOperationId":"nwxdgyfb8jm0929"}
{"type":"operationStart","subtype":"engine","name":"handlebars","timestamp":1705503237669,"id":"udr98quqmvlezg1","previousEventId":"537f686emocoqso","operationId":"vmtbk3z8i1zjb1a","previousOperationId":"nwxdgyfb8jm0929"}
{"type":"log","timestamp":1705503237669,"level":"debug","message":"Rendering engine handlebars","meta":{"rootId":"ghd0mu2uqs5ok1q","id":"ghd0mu2uqs5ok1q"},"id":"uokakn36mefoscu","previousOperationId":"vmtbk3z8i1zjb1a"}
{"type":"log","timestamp":1705503237695,"level":"debug","message":"(console:log) Pdf utils adding group field, value: \"Race1\"","meta":{"userLevel":true,"rootId":"ghd0mu2uqs5ok1q","id":"ghd0mu2uqs5ok1q"},"id":"pxns2tthqoxqwbg","previousOperationId":"vmtbk3z8i1zjb1a"}
{"type":"log","timestamp":1705503237696,"level":"debug","message":"(console:log) Pdf utils adding group field, value: \"Race2\"","meta":{"userLevel":true,"rootId":"ghd0mu2uqs5ok1q","id":"ghd0mu2uqs5ok1q"},"id":"5f0xwye008tgpv7","previousOperationId":"vmtbk3z8i1zjb1a"}
{"type":"log","timestamp":1705503237696,"level":"debug","message":"(console:log) Pdf utils adding group field, value: \"rgver\"","meta":{"userLevel":true,"rootId":"ghd0mu2uqs5ok1q","id":"ghd0mu2uqs5ok1q"},"id":"86xwuyu4acw7vtf","previousOperationId":"vmtbk3z8i1zjb1a"}
{"type":"log","timestamp":1705503237696,"level":"debug","message":"(console:log) Pdf utils adding group field, value: \"revger\"","meta":{"userLevel":true,"rootId":"ghd0mu2uqs5ok1q","id":"ghd0mu2uqs5ok1q"},"id":"vcobqz5h2dzhu2v","previousOperationId":"vmtbk3z8i1zjb1a"}
{"type":"operationEnd","operationId":"vmtbk3z8i1zjb1a","timestamp":1705503237696,"id":"lzndh3dmim4wb18","previousEventId":"udr98quqmvlezg1","previousOperationId":"vmtbk3z8i1zjb1a"}
{"type":"operationStart","subtype":"recipe","name":"chrome-pdf","timestamp":1705503237697,"id":"jjxpsqdbbgjnf5q","previousEventId":"lzndh3dmim4wb18","operationId":"0620obepsm3gs11","previousOperationId":"vmtbk3z8i1zjb1a"}
{"type":"log","timestamp":1705503237697,"level":"debug","message":"Executing recipe chrome-pdf","meta":{"rootId":"ghd0mu2uqs5ok1q","id":"ghd0mu2uqs5ok1q"},"id":"uxqs54ylfyg58rr","previousOperationId":"0620obepsm3gs11"}
{"type":"log","timestamp":1705503237702,"level":"debug","message":"Converting with chrome HeadlessChrome/117.0.5938.149 using chrome-pool strategy","meta":{"rootId":"ghd0mu2uqs5ok1q","id":"ghd0mu2uqs5ok1q"},"id":"ogt94bi6guoitdr","previousOperationId":"0620obepsm3gs11"}
{"type":"log","timestamp":1705503237817,"level":"debug","message":"Page request: GET (document) file:///C:/Users/DANIEL~1/AppData/Local/Temp/jsreport/autocleanup/f9269493-a379-4b61-b033-62f976ba5a09-chrome-pdf.html","meta":{"rootId":"ghd0mu2uqs5ok1q","id":"ghd0mu2uqs5ok1q"},"id":"d5dgllclxv10yep","previousOperationId":"0620obepsm3gs11"}
{"type":"log","timestamp":1705503237841,"level":"debug","message":"Page request: GET (stylesheet) https://cdnjs.cloudflare.com/ajax/libs/metro/4.1.5/css/metro.min.css","meta":{"rootId":"ghd0mu2uqs5ok1q","id":"ghd0mu2uqs5ok1q"},"id":"2y6iqo9hwo41dc1","previousOperationId":"0620obepsm3gs11"}
{"type":"log","timestamp":1705503237842,"level":"debug","message":"Page request finished: GET (document) 200 file:///C:/Users/DANIEL~1/AppData/Local/Temp/jsreport/autocleanup/f9269493-a379-4b61-b033-62f976ba5a09-chrome-pdf.html","meta":{"rootId":"ghd0mu2uqs5ok1q","id":"ghd0mu2uqs5ok1q"},"id":"xnz43x2x4k6gr0w","previousOperationId":"0620obepsm3gs11"}
{"type":"log","timestamp":1705503237842,"level":"debug","message":"Page request: GET (script) https://cdnjs.cloudflare.com/ajax/libs/Chart.js/2.7.2/Chart.min.js","meta":{"rootId":"ghd0mu2uqs5ok1q","id":"ghd0mu2uqs5ok1q"},"id":"vezm9cjaswli18o","previousOperationId":"0620obepsm3gs11"}
{"type":"log","timestamp":1705503237851,"level":"debug","message":"Page request finished: GET (script) 200 https://cdnjs.cloudflare.com/ajax/libs/Chart.js/2.7.2/Chart.min.js","meta":{"rootId":"ghd0mu2uqs5ok1q","id":"ghd0mu2uqs5ok1q"},"id":"se6uemz7z3t58zo","previousOperationId":"0620obepsm3gs11"}
{"type":"log","timestamp":1705503237869,"level":"debug","message":"Page request finished: GET (stylesheet) 200 https://cdnjs.cloudflare.com/ajax/libs/metro/4.1.5/css/metro.min.css","meta":{"rootId":"ghd0mu2uqs5ok1q","id":"ghd0mu2uqs5ok1q"},"id":"xqrmpe9uxestgft","previousOperationId":"0620obepsm3gs11"}
{"type":"log","timestamp":1705503237909,"level":"debug","message":"Running chrome with params {\"printBackground\":true,\"marginTop\":\"4cm\",\"marginRight\":\"1.5cm\",\"marginBottom\":\"1.5cm\",\"marginLeft\":\"1.5cm\",\"waitForJS\":false,\"timeout\":59882,\"margin\":{\"top\":\"4cm\",\"right\":\"1.5cm\",\"bottom\":\"1.5cm\",\"left\":\"1.5cm\"}}","meta":{"rootId":"ghd0mu2uqs5ok1q","id":"ghd0mu2uqs5ok1q"},"id":"5jr5l1ku7zbsqme","previousOperationId":"0620obepsm3gs11"}
{"type":"operationEnd","operationId":"0620obepsm3gs11","timestamp":1705503238016,"id":"coeyczegxlbrk31","previousEventId":"jjxpsqdbbgjnf5q","previousOperationId":"0620obepsm3gs11"}
{"type":"log","timestamp":1705503238017,"level":"info","message":"pdf-utils is starting pdf processing","meta":{"rootId":"ghd0mu2uqs5ok1q","id":"ghd0mu2uqs5ok1q"},"id":"frbi5jqd7ohijze","previousOperationId":"0620obepsm3gs11"}
{"type":"operationStart","subtype":"pdfUtils","name":"pdf utils","timestamp":1705503238017,"id":"g42mn78d2wbgitd","previousEventId":"coeyczegxlbrk31","operationId":"0y36sidm56xtuoz","previousOperationId":"0620obepsm3gs11"}
{"type":"log","timestamp":1705503238017,"level":"debug","message":"pdf-utils detected 1 pdf operation(s) to process","meta":{"rootId":"ghd0mu2uqs5ok1q","id":"ghd0mu2uqs5ok1q"},"id":"9u9dpu4ir0xg6mm","previousOperationId":"0y36sidm56xtuoz"}
{"type":"log","timestamp":1705503238066,"level":"debug","message":"pdf-utils running pdf operation merge","meta":{"rootId":"ghd0mu2uqs5ok1q","id":"ghd0mu2uqs5ok1q"},"id":"x1p3ff0cs7qulb2","previousOperationId":"0y36sidm56xtuoz"}
{"type":"operationStart","subtype":"pdfUtilsMerge","name":"pdf utils merge","previousOperationId":"0y36sidm56xtuoz","timestamp":1705503238066,"id":"zs010nlj8dqmr0h","previousEventId":"g42mn78d2wbgitd","operationId":"4dp9codv5w2yfbs"}
{"type":"operationStart","subtype":"render","name":"orders-header","previousOperationId":"4dp9codv5w2yfbs","timestamp":1705503238069,"id":"5jvp5okk1wew3u1","previousEventId":"zs010nlj8dqmr0h","operationId":"hjta71kmwr8mfvg"}
{"type":"log","timestamp":1705503238069,"level":"info","message":"Starting rendering (child) request","meta":{"rootId":"ghd0mu2uqs5ok1q","id":"j4bams7eh6mmrv3"},"id":"7svydwu7ye0tufk","previousOperationId":"hjta71kmwr8mfvg"}
{"type":"log","timestamp":1705503238070,"level":"info","message":"Rendering template { name: orders-header, recipe: chrome-pdf, engine: handlebars, preview: true }","meta":{"rootId":"ghd0mu2uqs5ok1q","id":"j4bams7eh6mmrv3"},"id":"gkadmpw7ribaato","previousOperationId":"hjta71kmwr8mfvg"}
{"type":"log","timestamp":1705503238086,"level":"debug","message":"Inline data specified.","meta":{"rootId":"ghd0mu2uqs5ok1q","id":"j4bams7eh6mmrv3"},"id":"pyqjsrz4xyb80e2","previousOperationId":"hjta71kmwr8mfvg"}
{"type":"log","timestamp":1705503238089,"level":"debug","message":"Base url not specified, skipping its injection.","meta":{"rootId":"ghd0mu2uqs5ok1q","id":"j4bams7eh6mmrv3"},"id":"kpjmt2akzjxsp1x","previousOperationId":"hjta71kmwr8mfvg"}
{"type":"operationStart","subtype":"engine","name":"handlebars","timestamp":1705503238089,"id":"ojyhttm74xpblxn","previousEventId":"5jvp5okk1wew3u1","operationId":"bfvb70zlp8a6u8o","previousOperationId":"hjta71kmwr8mfvg"}
{"type":"log","timestamp":1705503238089,"level":"debug","message":"Rendering engine handlebars","meta":{"rootId":"ghd0mu2uqs5ok1q","id":"j4bams7eh6mmrv3"},"id":"fwl7a59qxpbc6eh","previousOperationId":"bfvb70zlp8a6u8o"}
{"type":"operationEnd","operationId":"bfvb70zlp8a6u8o","timestamp":1705503238114,"id":"luj63xxda2axcmw","previousEventId":"ojyhttm74xpblxn","previousOperationId":"bfvb70zlp8a6u8o"}
{"type":"operationStart","subtype":"recipe","name":"chrome-pdf","timestamp":1705503238114,"id":"j85s1dq2h3us7u1","previousEventId":"luj63xxda2axcmw","operationId":"vakw9ix97tx6ydt","previousOperationId":"bfvb70zlp8a6u8o"}
{"type":"log","timestamp":1705503238114,"level":"debug","message":"Executing recipe chrome-pdf","meta":{"rootId":"ghd0mu2uqs5ok1q","id":"j4bams7eh6mmrv3"},"id":"wjqio62od21gjzs","previousOperationId":"vakw9ix97tx6ydt"}
{"type":"log","timestamp":1705503238118,"level":"debug","message":"Converting with chrome HeadlessChrome/117.0.5938.149 using chrome-pool strategy","meta":{"rootId":"ghd0mu2uqs5ok1q","id":"j4bams7eh6mmrv3"},"id":"sr3tfx2s4k4bpvp","previousOperationId":"vakw9ix97tx6ydt"}
{"type":"log","timestamp":1705503238240,"level":"debug","message":"Page request: GET (document) file:///C:/Users/DANIEL~1/AppData/Local/Temp/jsreport/autocleanup/e3ab3223-4670-4e0f-ae5c-9aa1b2eb57e5-chrome-pdf.html","meta":{"rootId":"ghd0mu2uqs5ok1q","id":"j4bams7eh6mmrv3"},"id":"uufhtz2apadye49","previousOperationId":"vakw9ix97tx6ydt"}
{"type":"log","timestamp":1705503238254,"level":"debug","message":"Page request: GET (stylesheet) https://cdnjs.cloudflare.com/ajax/libs/metro/4.1.5/css/metro.min.css","meta":{"rootId":"ghd0mu2uqs5ok1q","id":"j4bams7eh6mmrv3"},"id":"ieflhk62tjubrw3","previousOperationId":"vakw9ix97tx6ydt"}
{"type":"log","timestamp":1705503238254,"level":"debug","message":"Page request finished: GET (document) 200 file:///C:/Users/DANIEL~1/AppData/Local/Temp/jsreport/autocleanup/e3ab3223-4670-4e0f-ae5c-9aa1b2eb57e5-chrome-pdf.html","meta":{"rootId":"ghd0mu2uqs5ok1q","id":"j4bams7eh6mmrv3"},"id":"2ns6a30xx46e8zi","previousOperationId":"vakw9ix97tx6ydt"}
{"type":"log","timestamp":1705503238279,"level":"debug","message":"Page request finished: GET (stylesheet) 200 https://cdnjs.cloudflare.com/ajax/libs/metro/4.1.5/css/metro.min.css","meta":{"rootId":"ghd0mu2uqs5ok1q","id":"j4bams7eh6mmrv3"},"id":"lpaif1o4j9xv4kx","previousOperationId":"vakw9ix97tx6ydt"}
{"type":"log","timestamp":1705503238301,"level":"debug","message":"Running chrome with params {\"printBackground\":true,\"marginTop\":\"1.5cm\",\"marginRight\":\"1.5cm\",\"marginLeft\":\"1.cm\",\"timeout\":59467,\"margin\":{\"top\":\"1.5cm\",\"right\":\"1.5cm\",\"left\":\"1.cm\"}}","meta":{"rootId":"ghd0mu2uqs5ok1q","id":"j4bams7eh6mmrv3"},"id":"xkxfayqylndvgf0","previousOperationId":"vakw9ix97tx6ydt"}
{"type":"operationEnd","operationId":"vakw9ix97tx6ydt","timestamp":1705503238354,"id":"u21rzukiaigldy3","previousEventId":"j85s1dq2h3us7u1","previousOperationId":"vakw9ix97tx6ydt"}
{"type":"log","timestamp":1705503238354,"level":"debug","message":"Skipping storing report.","meta":{"rootId":"ghd0mu2uqs5ok1q","id":"j4bams7eh6mmrv3"},"id":"ysxi88g5akjb43r","previousOperationId":"vakw9ix97tx6ydt"}
{"type":"log","timestamp":1705503238355,"level":"info","message":"Rendering (child) request finished in 772 ms","meta":{"rootId":"ghd0mu2uqs5ok1q","id":"j4bams7eh6mmrv3"},"id":"ooq5u3qic40b6b2","previousOperationId":"vakw9ix97tx6ydt"}
{"type":"operationEnd","subtype":"render","operationId":"hjta71kmwr8mfvg","timestamp":1705503238355,"id":"m5w4r2p6k29s6te","previousEventId":"u21rzukiaigldy3","previousOperationId":"vakw9ix97tx6ydt"}
{"type":"operationEnd","operationId":"4dp9codv5w2yfbs","timestamp":1705503238376,"id":"abyat82v24bi8qu","previousEventId":"zs010nlj8dqmr0h","previousOperationId":"4dp9codv5w2yfbs"}
{"type":"log","timestamp":1705503238376,"level":"debug","message":"pdf-utils postproces start","meta":{"rootId":"ghd0mu2uqs5ok1q","id":"ghd0mu2uqs5ok1q"},"id":"s0h5xu2eznn4kii","previousOperationId":"4dp9codv5w2yfbs"}
{"type":"log","timestamp":1705503238395,"level":"debug","message":"pdf-utils postproces end","meta":{"rootId":"ghd0mu2uqs5ok1q","id":"ghd0mu2uqs5ok1q"},"id":"q1g04i69mc34s8p","previousOperationId":"4dp9codv5w2yfbs"}
{"type":"operationEnd","operationId":"0y36sidm56xtuoz","timestamp":1705503238395,"id":"47gt7hl48eqfoh3","previousEventId":"abyat82v24bi8qu","previousOperationId":"4dp9codv5w2yfbs"}
{"type":"log","timestamp":1705503238395,"level":"info","message":"pdf-utils pdf processing was finished","meta":{"rootId":"ghd0mu2uqs5ok1q","id":"ghd0mu2uqs5ok1q"},"id":"brr5wd6kk46yren","previousOperationId":"0y36sidm56xtuoz"}
{"type":"log","timestamp":1705503238395,"level":"debug","message":"Skipping storing report.","meta":{"rootId":"ghd0mu2uqs5ok1q","id":"ghd0mu2uqs5ok1q"},"id":"t0jigsa9me4i86y","previousOperationId":"0y36sidm56xtuoz"}
{"type":"log","timestamp":1705503238395,"level":"info","message":"Rendering request 29 finished in 812 ms","meta":{"rootId":"ghd0mu2uqs5ok1q","id":"ghd0mu2uqs5ok1q"},"id":"74ar5qtvg1lppdu","previousOperationId":"0y36sidm56xtuoz"}
{"type":"operationEnd","subtype":"render","operationId":"fqi4wn1jf9pvvou","timestamp":1705503238395,"id":"5yvy45bhmotq82u","previousEventId":"47gt7hl48eqfoh3","previousOperationId":"0y36sidm56xtuoz"}
{"type":"operationEnd","doDiffs":false,"previousEventId":"1nohh29cay6vmez","previousOperationId":"uo7d8abe0emup6f","operationId":"uo7d8abe0emup6f","timestamp":1705503238419,"id":"e41wxvggzkho2bc"}
