{"type":"operationStart","subtype":"profile","data":{"_id":"hsBruE46ak01T8lG","timestamp":"2024-01-19T17:00:54.068Z","state":"queued","mode":"standard","creationDate":"2024-01-19T17:00:54.071Z","modificationDate":"2024-01-19T17:00:54.071Z","shortid":"n4wwB15","$entitySet":"profiles"},"doDiffs":false,"timestamp":1705683654069,"id":"rz8scc50pulithb","previousOperationId":null,"operationId":"lumg4d56myhaiky"}
{"type":"log","level":"info","message":"Render request 10 queued for execution and waiting for available worker","previousOperationId":"lumg4d56myhaiky","timestamp":1705683654069,"id":"bi11b801miktc9z"}
{"type":"operationStart","subtype":"render","name":"orders-main","previousOperationId":"lumg4d56myhaiky","timestamp":1705683654077,"id":"jlzig6w8euvo8wo","previousEventId":"rz8scc50pulithb","operationId":"i59jwq1ccqfr5e5"}
{"type":"log","timestamp":1705683654077,"level":"info","message":"Starting rendering request 10","meta":{"rootId":"ghh4ag4yccwmsc9","id":"ghh4ag4yccwmsc9"},"id":"ed6o5pp6lebgc54","previousOperationId":"i59jwq1ccqfr5e5"}
{"type":"log","timestamp":1705683654077,"level":"info","message":"Rendering template { name: orders-main, recipe: chrome-pdf, engine: handlebars, preview: true }","meta":{"rootId":"ghh4ag4yccwmsc9","id":"ghh4ag4yccwmsc9"},"id":"z8vp6zdqv3p0zuf","previousOperationId":"i59jwq1ccqfr5e5"}
{"type":"log","timestamp":1705683654078,"level":"debug","message":"Data item not defined for this template.","meta":{"rootId":"ghh4ag4yccwmsc9","id":"ghh4ag4yccwmsc9"},"id":"i3u2jplunta2y66","previousOperationId":"i59jwq1ccqfr5e5"}
{"type":"log","timestamp":1705683654081,"level":"debug","message":"Executing script orders-script (beforeRender)","meta":{"rootId":"ghh4ag4yccwmsc9","id":"ghh4ag4yccwmsc9"},"id":"cinrqyvzq89qkvc","previousOperationId":"i59jwq1ccqfr5e5"}
{"type":"operationStart","subtype":"scriptsBeforeRender","name":"scripts beforeRender","timestamp":1705683654104,"id":"62drkkmb7n9oi5x","previousEventId":"jlzig6w8euvo8wo","operationId":"gvg4dmvz42ikqea","previousOperationId":"i59jwq1ccqfr5e5"}
{"type":"operationStart","subtype":"script","name":"scripts orders-script","previousOperationId":"gvg4dmvz42ikqea","timestamp":1705683654105,"id":"44xbbltzcyj1919","previousEventId":"62drkkmb7n9oi5x","operationId":"7rnc9gryi2b3kmo"}
{"type":"log","timestamp":1705683654117,"level":"debug","message":"(console:log) [ 'Race1', 'Race2' ]","meta":{"userLevel":true,"rootId":"ghh4ag4yccwmsc9","id":"ghh4ag4yccwmsc9"},"id":"2306aj8ggd1lpeb","previousOperationId":"7rnc9gryi2b3kmo"}
{"type":"log","timestamp":1705683654117,"level":"debug","message":"(console:log) [ 2, 1 ]","meta":{"userLevel":true,"rootId":"ghh4ag4yccwmsc9","id":"ghh4ag4yccwmsc9"},"id":"abf1s8eojbml59f","previousOperationId":"7rnc9gryi2b3kmo"}
{"type":"operationEnd","operationId":"7rnc9gryi2b3kmo","timestamp":1705683654117,"id":"yuu9kbwvezjk9qq","previousEventId":"jlzig6w8euvo8wo","previousOperationId":"i59jwq1ccqfr5e5"}
{"type":"operationEnd","operationId":"gvg4dmvz42ikqea","timestamp":1705683654117,"id":"ucb2upgx9b0vjrg","previousEventId":"yuu9kbwvezjk9qq","previousOperationId":"i59jwq1ccqfr5e5"}
{"type":"log","timestamp":1705683654117,"level":"debug","message":"Base url not specified, skipping its injection.","meta":{"rootId":"ghh4ag4yccwmsc9","id":"ghh4ag4yccwmsc9"},"id":"avn5trnw0zehvou","previousOperationId":"gvg4dmvz42ikqea"}
{"type":"operationStart","subtype":"engine","name":"handlebars","timestamp":1705683654117,"id":"02o33yws5l5n9qz","previousEventId":"ucb2upgx9b0vjrg","operationId":"44und1lnktgh9a2","previousOperationId":"gvg4dmvz42ikqea"}
{"type":"log","timestamp":1705683654117,"level":"debug","message":"Rendering engine handlebars","meta":{"rootId":"ghh4ag4yccwmsc9","id":"ghh4ag4yccwmsc9"},"id":"6jgj7hdghq53wm2","previousOperationId":"44und1lnktgh9a2"}
{"type":"log","timestamp":1705683654133,"level":"debug","message":"(console:log) Pdf utils adding group field, value: \"Race1\"","meta":{"userLevel":true,"rootId":"ghh4ag4yccwmsc9","id":"ghh4ag4yccwmsc9"},"id":"m0g1jzqbquzb3yi","previousOperationId":"44und1lnktgh9a2"}
{"type":"log","timestamp":1705683654133,"level":"debug","message":"(console:log) Pdf utils adding group field, value: \"Race2\"","meta":{"userLevel":true,"rootId":"ghh4ag4yccwmsc9","id":"ghh4ag4yccwmsc9"},"id":"leqfd619w6yk06h","previousOperationId":"44und1lnktgh9a2"}
{"type":"operationEnd","operationId":"44und1lnktgh9a2","timestamp":1705683654133,"id":"78gbe0ioj4zabfr","previousEventId":"02o33yws5l5n9qz","previousOperationId":"44und1lnktgh9a2"}
{"type":"operationStart","subtype":"recipe","name":"chrome-pdf","timestamp":1705683654133,"id":"j9fggrwrsrocf18","previousEventId":"78gbe0ioj4zabfr","operationId":"xd53s3u2u0l06tx","previousOperationId":"44und1lnktgh9a2"}
{"type":"log","timestamp":1705683654133,"level":"debug","message":"Executing recipe chrome-pdf","meta":{"rootId":"ghh4ag4yccwmsc9","id":"ghh4ag4yccwmsc9"},"id":"kto3yye4u0djtfa","previousOperationId":"xd53s3u2u0l06tx"}
{"type":"log","timestamp":1705683654792,"level":"debug","message":"Converting with chrome HeadlessChrome/117.0.5938.149 using chrome-pool strategy","meta":{"rootId":"ghh4ag4yccwmsc9","id":"ghh4ag4yccwmsc9"},"id":"svguypw5tnsd53c","previousOperationId":"xd53s3u2u0l06tx"}
{"type":"log","timestamp":1705683656387,"level":"debug","message":"Page request: GET (document) file:///C:/Users/DANIEL~1/AppData/Local/Temp/jsreport/autocleanup/0673880c-9c73-41fd-b61c-32c8ae254fe7-chrome-pdf.html","meta":{"rootId":"ghh4ag4yccwmsc9","id":"ghh4ag4yccwmsc9"},"id":"ojpq2i5mf2bkkob","previousOperationId":"xd53s3u2u0l06tx"}
{"type":"log","timestamp":1705683656406,"level":"debug","message":"Page request: GET (stylesheet) https://cdnjs.cloudflare.com/ajax/libs/metro/4.1.5/css/metro.min.css","meta":{"rootId":"ghh4ag4yccwmsc9","id":"ghh4ag4yccwmsc9"},"id":"6qf3ybuoknnxehz","previousOperationId":"xd53s3u2u0l06tx"}
{"type":"log","timestamp":1705683656406,"level":"debug","message":"Page request: GET (script) https://cdn.jsdelivr.net/npm/chart.js","meta":{"rootId":"ghh4ag4yccwmsc9","id":"ghh4ag4yccwmsc9"},"id":"ix4owg49xaz1iwo","previousOperationId":"xd53s3u2u0l06tx"}
{"type":"log","timestamp":1705683656406,"level":"debug","message":"Page request finished: GET (document) 200 file:///C:/Users/DANIEL~1/AppData/Local/Temp/jsreport/autocleanup/0673880c-9c73-41fd-b61c-32c8ae254fe7-chrome-pdf.html","meta":{"rootId":"ghh4ag4yccwmsc9","id":"ghh4ag4yccwmsc9"},"id":"u4entthaix1zay8","previousOperationId":"xd53s3u2u0l06tx"}
{"type":"log","timestamp":1705683658918,"level":"debug","message":"Page request finished: GET (stylesheet) 200 https://cdnjs.cloudflare.com/ajax/libs/metro/4.1.5/css/metro.min.css","meta":{"rootId":"ghh4ag4yccwmsc9","id":"ghh4ag4yccwmsc9"},"id":"3f9y7pj1zzksy6g","previousOperationId":"xd53s3u2u0l06tx"}
{"type":"log","timestamp":1705683658969,"level":"debug","message":"Page request finished: GET (script) 200 https://cdn.jsdelivr.net/npm/chart.js","meta":{"rootId":"ghh4ag4yccwmsc9","id":"ghh4ag4yccwmsc9"},"id":"1xio6q2158d5qlm","previousOperationId":"xd53s3u2u0l06tx"}
{"type":"log","timestamp":1705683659076,"level":"debug","message":"Running chrome with params {\"printBackground\":true,\"marginTop\":\"4cm\",\"marginRight\":\"1.5cm\",\"marginBottom\":\"1.5cm\",\"marginLeft\":\"1.5cm\",\"waitForJS\":false,\"timeout\":59933,\"margin\":{\"top\":\"4cm\",\"right\":\"1.5cm\",\"bottom\":\"1.5cm\",\"left\":\"1.5cm\"}}","meta":{"rootId":"ghh4ag4yccwmsc9","id":"ghh4ag4yccwmsc9"},"id":"payotdw5zyr0tol","previousOperationId":"xd53s3u2u0l06tx"}
{"type":"operationEnd","operationId":"xd53s3u2u0l06tx","timestamp":1705683659141,"id":"w6yyqexws547pyw","previousEventId":"j9fggrwrsrocf18","previousOperationId":"xd53s3u2u0l06tx"}
{"type":"log","timestamp":1705683659141,"level":"info","message":"pdf-utils is starting pdf processing","meta":{"rootId":"ghh4ag4yccwmsc9","id":"ghh4ag4yccwmsc9"},"id":"wiv3gybg01povc7","previousOperationId":"xd53s3u2u0l06tx"}
{"type":"operationStart","subtype":"pdfUtils","name":"pdf utils","timestamp":1705683659141,"id":"armqf1tdur74kp3","previousEventId":"w6yyqexws547pyw","operationId":"2sxhcs6avbvrtwb","previousOperationId":"xd53s3u2u0l06tx"}
{"type":"log","timestamp":1705683659141,"level":"debug","message":"pdf-utils detected 1 pdf operation(s) to process","meta":{"rootId":"ghh4ag4yccwmsc9","id":"ghh4ag4yccwmsc9"},"id":"2temhjh76nc0w52","previousOperationId":"2sxhcs6avbvrtwb"}
{"type":"log","timestamp":1705683659157,"level":"debug","message":"pdf-utils running pdf operation merge","meta":{"rootId":"ghh4ag4yccwmsc9","id":"ghh4ag4yccwmsc9"},"id":"xq9173hjpdelo7k","previousOperationId":"2sxhcs6avbvrtwb"}
{"type":"operationStart","subtype":"pdfUtilsMerge","name":"pdf utils merge","previousOperationId":"2sxhcs6avbvrtwb","timestamp":1705683659157,"id":"8layn458vrlihej","previousEventId":"armqf1tdur74kp3","operationId":"9rd7dy7qjrkllpu"}
{"type":"operationStart","subtype":"render","name":"orders-header","previousOperationId":"9rd7dy7qjrkllpu","timestamp":1705683659158,"id":"pvo7dshe884hav9","previousEventId":"8layn458vrlihej","operationId":"ozwdgzsrsr6erw8"}
{"type":"log","timestamp":1705683659158,"level":"info","message":"Starting rendering (child) request","meta":{"rootId":"ghh4ag4yccwmsc9","id":"20chg2625dc9og8"},"id":"0b3bx7xyhho5sxr","previousOperationId":"ozwdgzsrsr6erw8"}
{"type":"log","timestamp":1705683659158,"level":"info","message":"Rendering template { name: orders-header, recipe: chrome-pdf, engine: handlebars, preview: true }","meta":{"rootId":"ghh4ag4yccwmsc9","id":"20chg2625dc9og8"},"id":"89tx9wiz0ccmywm","previousOperationId":"ozwdgzsrsr6erw8"}
{"type":"log","timestamp":1705683659163,"level":"debug","message":"Inline data specified.","meta":{"rootId":"ghh4ag4yccwmsc9","id":"20chg2625dc9og8"},"id":"o8hupvy14v2wpjz","previousOperationId":"ozwdgzsrsr6erw8"}
{"type":"log","timestamp":1705683659164,"level":"debug","message":"Base url not specified, skipping its injection.","meta":{"rootId":"ghh4ag4yccwmsc9","id":"20chg2625dc9og8"},"id":"hmvu8bwvnpbw61p","previousOperationId":"ozwdgzsrsr6erw8"}
{"type":"operationStart","subtype":"engine","name":"handlebars","timestamp":1705683659164,"id":"8xdzszx2giv7gdh","previousEventId":"pvo7dshe884hav9","operationId":"27paldjrgrpfxvq","previousOperationId":"ozwdgzsrsr6erw8"}
{"type":"log","timestamp":1705683659164,"level":"debug","message":"Rendering engine handlebars","meta":{"rootId":"ghh4ag4yccwmsc9","id":"20chg2625dc9og8"},"id":"6aoenk9dw0n7an6","previousOperationId":"27paldjrgrpfxvq"}
{"type":"operationEnd","operationId":"27paldjrgrpfxvq","timestamp":1705683659176,"id":"125m49j0n0qii62","previousEventId":"8xdzszx2giv7gdh","previousOperationId":"27paldjrgrpfxvq"}
{"type":"operationStart","subtype":"recipe","name":"chrome-pdf","timestamp":1705683659176,"id":"rli71il6rqk1u4h","previousEventId":"125m49j0n0qii62","operationId":"ha6dfz3a5yjta81","previousOperationId":"27paldjrgrpfxvq"}
{"type":"log","timestamp":1705683659176,"level":"debug","message":"Executing recipe chrome-pdf","meta":{"rootId":"ghh4ag4yccwmsc9","id":"20chg2625dc9og8"},"id":"sstz57g4lh1hzhp","previousOperationId":"ha6dfz3a5yjta81"}
{"type":"log","timestamp":1705683659178,"level":"debug","message":"Converting with chrome HeadlessChrome/117.0.5938.149 using chrome-pool strategy","meta":{"rootId":"ghh4ag4yccwmsc9","id":"20chg2625dc9og8"},"id":"g6y9ldor79jzm5d","previousOperationId":"ha6dfz3a5yjta81"}
{"type":"log","timestamp":1705683659247,"level":"debug","message":"Page request: GET (document) file:///C:/Users/DANIEL~1/AppData/Local/Temp/jsreport/autocleanup/c0d989fc-21bc-4f98-860b-ed3a42a954c6-chrome-pdf.html","meta":{"rootId":"ghh4ag4yccwmsc9","id":"20chg2625dc9og8"},"id":"cyz4jci9if4wz3q","previousOperationId":"ha6dfz3a5yjta81"}
{"type":"log","timestamp":1705683659260,"level":"debug","message":"Page request: GET (stylesheet) https://cdnjs.cloudflare.com/ajax/libs/metro/4.1.5/css/metro.min.css","meta":{"rootId":"ghh4ag4yccwmsc9","id":"20chg2625dc9og8"},"id":"hn133u9z9m334h5","previousOperationId":"ha6dfz3a5yjta81"}
{"type":"log","timestamp":1705683659260,"level":"debug","message":"Page request finished: GET (document) 200 file:///C:/Users/DANIEL~1/AppData/Local/Temp/jsreport/autocleanup/c0d989fc-21bc-4f98-860b-ed3a42a954c6-chrome-pdf.html","meta":{"rootId":"ghh4ag4yccwmsc9","id":"20chg2625dc9og8"},"id":"u04s6h6ck68e85h","previousOperationId":"ha6dfz3a5yjta81"}
{"type":"log","timestamp":1705683659272,"level":"debug","message":"Page request finished: GET (stylesheet) 200 https://cdnjs.cloudflare.com/ajax/libs/metro/4.1.5/css/metro.min.css","meta":{"rootId":"ghh4ag4yccwmsc9","id":"20chg2625dc9og8"},"id":"b3gn6n2g0s6i10n","previousOperationId":"ha6dfz3a5yjta81"}
{"type":"log","timestamp":1705683659284,"level":"debug","message":"Running chrome with params {\"printBackground\":true,\"marginTop\":\"1.5cm\",\"marginRight\":\"1.5cm\",\"marginLeft\":\"1.cm\",\"timeout\":54891,\"margin\":{\"top\":\"1.5cm\",\"right\":\"1.5cm\",\"left\":\"1.cm\"}}","meta":{"rootId":"ghh4ag4yccwmsc9","id":"20chg2625dc9og8"},"id":"pf6pqpa9pgp44rv","previousOperationId":"ha6dfz3a5yjta81"}
{"type":"operationEnd","operationId":"ha6dfz3a5yjta81","timestamp":1705683659314,"id":"m7ehbkuo8c3h4y2","previousEventId":"rli71il6rqk1u4h","previousOperationId":"ha6dfz3a5yjta81"}
{"type":"log","timestamp":1705683659314,"level":"debug","message":"Skipping storing report.","meta":{"rootId":"ghh4ag4yccwmsc9","id":"20chg2625dc9og8"},"id":"csmn2up6jh1c0ha","previousOperationId":"ha6dfz3a5yjta81"}
{"type":"log","timestamp":1705683659314,"level":"info","message":"Rendering (child) request finished in 5246 ms","meta":{"rootId":"ghh4ag4yccwmsc9","id":"20chg2625dc9og8"},"id":"xk30wf38xe7og3c","previousOperationId":"ha6dfz3a5yjta81"}
{"type":"operationEnd","subtype":"render","operationId":"ozwdgzsrsr6erw8","timestamp":1705683659314,"id":"g6h59t49a9eg5of","previousEventId":"m7ehbkuo8c3h4y2","previousOperationId":"ha6dfz3a5yjta81"}
{"type":"operationEnd","operationId":"9rd7dy7qjrkllpu","timestamp":1705683659322,"id":"0up825m1979kiec","previousEventId":"8layn458vrlihej","previousOperationId":"9rd7dy7qjrkllpu"}
{"type":"log","timestamp":1705683659322,"level":"debug","message":"pdf-utils postproces start","meta":{"rootId":"ghh4ag4yccwmsc9","id":"ghh4ag4yccwmsc9"},"id":"8abvgml8enqo9fl","previousOperationId":"9rd7dy7qjrkllpu"}
{"type":"log","timestamp":1705683659329,"level":"debug","message":"pdf-utils postproces end","meta":{"rootId":"ghh4ag4yccwmsc9","id":"ghh4ag4yccwmsc9"},"id":"cajsx0lz67yrydx","previousOperationId":"9rd7dy7qjrkllpu"}
{"type":"operationEnd","operationId":"2sxhcs6avbvrtwb","timestamp":1705683659329,"id":"u5kgao321krn8he","previousEventId":"0up825m1979kiec","previousOperationId":"9rd7dy7qjrkllpu"}
{"type":"log","timestamp":1705683659329,"level":"info","message":"pdf-utils pdf processing was finished","meta":{"rootId":"ghh4ag4yccwmsc9","id":"ghh4ag4yccwmsc9"},"id":"9unk5jo4qbr0ymb","previousOperationId":"2sxhcs6avbvrtwb"}
{"type":"log","timestamp":1705683659329,"level":"debug","message":"Skipping storing report.","meta":{"rootId":"ghh4ag4yccwmsc9","id":"ghh4ag4yccwmsc9"},"id":"90whgxcdf18b9pq","previousOperationId":"2sxhcs6avbvrtwb"}
{"type":"log","timestamp":1705683659329,"level":"info","message":"Rendering request 10 finished in 5261 ms","meta":{"rootId":"ghh4ag4yccwmsc9","id":"ghh4ag4yccwmsc9"},"id":"6ze23ktwq4dsd7x","previousOperationId":"2sxhcs6avbvrtwb"}
{"type":"operationEnd","subtype":"render","operationId":"i59jwq1ccqfr5e5","timestamp":1705683659329,"id":"68xfyufavk67qo0","previousEventId":"u5kgao321krn8he","previousOperationId":"2sxhcs6avbvrtwb"}
{"type":"operationEnd","doDiffs":false,"previousEventId":"rz8scc50pulithb","previousOperationId":"lumg4d56myhaiky","operationId":"lumg4d56myhaiky","timestamp":1705683659337,"id":"4xqbgfi84on04xf"}
