{"type":"operationStart","subtype":"profile","data":{"_id":"WqPgB3GrNLk9YeYd","timestamp":"2024-01-18T17:31:09.812Z","state":"queued","mode":"standard","creationDate":"2024-01-18T17:31:09.813Z","modificationDate":"2024-01-18T17:31:09.813Z","shortid":"Vt7J5mv","$entitySet":"profiles"},"doDiffs":false,"timestamp":1705599069812,"id":"b0yqtlyzb6r6cq2","previousOperationId":null,"operationId":"tjrj45si9fqc62r"}
{"type":"log","level":"info","message":"Render request 8 queued for execution and waiting for available worker","previousOperationId":"tjrj45si9fqc62r","timestamp":1705599069812,"id":"hwcnv1hoqw27d41"}
{"type":"operationStart","subtype":"render","name":"orders-main","previousOperationId":"tjrj45si9fqc62r","timestamp":1705599069818,"id":"iqm8r7jnhzdo0xf","previousEventId":"b0yqtlyzb6r6cq2","operationId":"18e6p8dz8rjbhrk"}
{"type":"log","timestamp":1705599069818,"level":"info","message":"Starting rendering request 8","meta":{"rootId":"glnziuz82hsypv0","id":"glnziuz82hsypv0"},"id":"bjzvxy844yv3bzf","previousOperationId":"18e6p8dz8rjbhrk"}
{"type":"log","timestamp":1705599069818,"level":"info","message":"Rendering template { name: orders-main, recipe: chrome-pdf, engine: handlebars, preview: true }","meta":{"rootId":"glnziuz82hsypv0","id":"glnziuz82hsypv0"},"id":"jnyf3fo6vfo18ua","previousOperationId":"18e6p8dz8rjbhrk"}
{"type":"log","timestamp":1705599069821,"level":"debug","message":"Data item not defined for this template.","meta":{"rootId":"glnziuz82hsypv0","id":"glnziuz82hsypv0"},"id":"lir2jn1q8phvo77","previousOperationId":"18e6p8dz8rjbhrk"}
{"type":"log","timestamp":1705599069824,"level":"debug","message":"Executing script orders-script (beforeRender)","meta":{"rootId":"glnziuz82hsypv0","id":"glnziuz82hsypv0"},"id":"34aswpb0g0nf0l9","previousOperationId":"18e6p8dz8rjbhrk"}
{"type":"operationStart","subtype":"scriptsBeforeRender","name":"scripts beforeRender","timestamp":1705599069835,"id":"19vcsj4saxpevet","previousEventId":"iqm8r7jnhzdo0xf","operationId":"pf4k5hj8idizmn9","previousOperationId":"18e6p8dz8rjbhrk"}
{"type":"operationStart","subtype":"script","name":"scripts orders-script","previousOperationId":"pf4k5hj8idizmn9","timestamp":1705599069835,"id":"n2kw0lnlpp189gy","previousEventId":"19vcsj4saxpevet","operationId":"ztb63a5d3emsepp"}
{"type":"log","timestamp":1705599069845,"level":"debug","message":"(console:log) [ 'Race1', 'Race2' ]","meta":{"userLevel":true,"rootId":"glnziuz82hsypv0","id":"glnziuz82hsypv0"},"id":"ogd9azdzx2goooq","previousOperationId":"ztb63a5d3emsepp"}
{"type":"log","timestamp":1705599069845,"level":"debug","message":"(console:log) [ 2, 1 ]","meta":{"userLevel":true,"rootId":"glnziuz82hsypv0","id":"glnziuz82hsypv0"},"id":"wqb3gucyv2q614p","previousOperationId":"ztb63a5d3emsepp"}
{"type":"operationEnd","operationId":"ztb63a5d3emsepp","timestamp":1705599069846,"id":"uyjtn3c7d7eld1q","previousEventId":"iqm8r7jnhzdo0xf","previousOperationId":"18e6p8dz8rjbhrk"}
{"type":"operationEnd","operationId":"pf4k5hj8idizmn9","timestamp":1705599069846,"id":"l6u6kwmi4a2teo4","previousEventId":"uyjtn3c7d7eld1q","previousOperationId":"18e6p8dz8rjbhrk"}
{"type":"log","timestamp":1705599069846,"level":"debug","message":"Base url not specified, skipping its injection.","meta":{"rootId":"glnziuz82hsypv0","id":"glnziuz82hsypv0"},"id":"3q1yx0pjlpx5q0p","previousOperationId":"pf4k5hj8idizmn9"}
{"type":"operationStart","subtype":"engine","name":"handlebars","timestamp":1705599069846,"id":"43cgcoxakmdxrjg","previousEventId":"l6u6kwmi4a2teo4","operationId":"osi20bpilccknl7","previousOperationId":"pf4k5hj8idizmn9"}
{"type":"log","timestamp":1705599069846,"level":"debug","message":"Rendering engine handlebars","meta":{"rootId":"glnziuz82hsypv0","id":"glnziuz82hsypv0"},"id":"htfp9tchylhgrh0","previousOperationId":"osi20bpilccknl7"}
{"type":"log","timestamp":1705599069861,"level":"debug","message":"(console:log) Pdf utils adding group field, value: \"Race1\"","meta":{"userLevel":true,"rootId":"glnziuz82hsypv0","id":"glnziuz82hsypv0"},"id":"h1zsm5fq4fy2fh7","previousOperationId":"osi20bpilccknl7"}
{"type":"log","timestamp":1705599069862,"level":"debug","message":"(console:log) Pdf utils adding group field, value: \"Race2\"","meta":{"userLevel":true,"rootId":"glnziuz82hsypv0","id":"glnziuz82hsypv0"},"id":"sxi2lrt5lbutn7r","previousOperationId":"osi20bpilccknl7"}
{"type":"operationEnd","operationId":"osi20bpilccknl7","timestamp":1705599069862,"id":"5b7x8mjidrciqid","previousEventId":"43cgcoxakmdxrjg","previousOperationId":"osi20bpilccknl7"}
{"type":"operationStart","subtype":"recipe","name":"chrome-pdf","timestamp":1705599069863,"id":"kuny13eo7ekjgoh","previousEventId":"5b7x8mjidrciqid","operationId":"pw1y3jrd3utmmee","previousOperationId":"osi20bpilccknl7"}
{"type":"log","timestamp":1705599069863,"level":"debug","message":"Executing recipe chrome-pdf","meta":{"rootId":"glnziuz82hsypv0","id":"glnziuz82hsypv0"},"id":"io4viho3qde9wrs","previousOperationId":"pw1y3jrd3utmmee"}
{"type":"log","timestamp":1705599069865,"level":"debug","message":"Converting with chrome HeadlessChrome/117.0.5938.149 using chrome-pool strategy","meta":{"rootId":"glnziuz82hsypv0","id":"glnziuz82hsypv0"},"id":"q8wygi3x6q92sn8","previousOperationId":"pw1y3jrd3utmmee"}
{"type":"log","timestamp":1705599069942,"level":"debug","message":"Page request: GET (document) file:///C:/Users/DANIEL~1/AppData/Local/Temp/jsreport/autocleanup/523f17f9-9583-481d-9497-aa61f660b381-chrome-pdf.html","meta":{"rootId":"glnziuz82hsypv0","id":"glnziuz82hsypv0"},"id":"tpg1nr1wi08k6rt","previousOperationId":"pw1y3jrd3utmmee"}
{"type":"log","timestamp":1705599069966,"level":"debug","message":"Page request: GET (stylesheet) https://cdnjs.cloudflare.com/ajax/libs/metro/4.1.5/css/metro.min.css","meta":{"rootId":"glnziuz82hsypv0","id":"glnziuz82hsypv0"},"id":"qejfisjmloi5ua1","previousOperationId":"pw1y3jrd3utmmee"}
{"type":"log","timestamp":1705599069966,"level":"debug","message":"Page request: GET (script) https://cdn.jsdelivr.net/npm/chart.js","meta":{"rootId":"glnziuz82hsypv0","id":"glnziuz82hsypv0"},"id":"y107u2a9x6tvyty","previousOperationId":"pw1y3jrd3utmmee"}
{"type":"log","timestamp":1705599069967,"level":"debug","message":"Page request finished: GET (document) 200 file:///C:/Users/DANIEL~1/AppData/Local/Temp/jsreport/autocleanup/523f17f9-9583-481d-9497-aa61f660b381-chrome-pdf.html","meta":{"rootId":"glnziuz82hsypv0","id":"glnziuz82hsypv0"},"id":"v2u9w5dkp0ebi4x","previousOperationId":"pw1y3jrd3utmmee"}
{"type":"log","timestamp":1705599069971,"level":"debug","message":"Page request finished: GET (script) 200 https://cdn.jsdelivr.net/npm/chart.js","meta":{"rootId":"glnziuz82hsypv0","id":"glnziuz82hsypv0"},"id":"noxmozv5hxnnmq2","previousOperationId":"pw1y3jrd3utmmee"}
{"type":"log","timestamp":1705599069980,"level":"debug","message":"Page request finished: GET (stylesheet) 200 https://cdnjs.cloudflare.com/ajax/libs/metro/4.1.5/css/metro.min.css","meta":{"rootId":"glnziuz82hsypv0","id":"glnziuz82hsypv0"},"id":"jzbme2pc33mvtv0","previousOperationId":"pw1y3jrd3utmmee"}
{"type":"log","timestamp":1705599069983,"level":"warn","message":"Page error: Unexpected token ';' , stack: SyntaxError: Unexpected token ';'","meta":{"rootId":"glnziuz82hsypv0","id":"glnziuz82hsypv0"},"id":"nvo5vkljwc4ic77","previousOperationId":"pw1y3jrd3utmmee"}
{"type":"log","timestamp":1705599070005,"level":"debug","message":"Running chrome with params {\"printBackground\":true,\"marginTop\":\"4cm\",\"marginRight\":\"1.5cm\",\"marginBottom\":\"1.5cm\",\"marginLeft\":\"1.5cm\",\"waitForJS\":false,\"timeout\":59947,\"margin\":{\"top\":\"4cm\",\"right\":\"1.5cm\",\"bottom\":\"1.5cm\",\"left\":\"1.5cm\"}}","meta":{"rootId":"glnziuz82hsypv0","id":"glnziuz82hsypv0"},"id":"jctzbh5vnvk44yi","previousOperationId":"pw1y3jrd3utmmee"}
{"type":"operationEnd","operationId":"pw1y3jrd3utmmee","timestamp":1705599070068,"id":"npqvpbldjyykqjh","previousEventId":"kuny13eo7ekjgoh","previousOperationId":"pw1y3jrd3utmmee"}
{"type":"log","timestamp":1705599070068,"level":"info","message":"pdf-utils is starting pdf processing","meta":{"rootId":"glnziuz82hsypv0","id":"glnziuz82hsypv0"},"id":"29bl7wuat1l0nyq","previousOperationId":"pw1y3jrd3utmmee"}
{"type":"operationStart","subtype":"pdfUtils","name":"pdf utils","timestamp":1705599070069,"id":"h5fd5s8jq6hu35u","previousEventId":"npqvpbldjyykqjh","operationId":"0xr0r92e6801m9g","previousOperationId":"pw1y3jrd3utmmee"}
{"type":"log","timestamp":1705599070069,"level":"debug","message":"pdf-utils detected 1 pdf operation(s) to process","meta":{"rootId":"glnziuz82hsypv0","id":"glnziuz82hsypv0"},"id":"qua3ggirrk8dxe5","previousOperationId":"0xr0r92e6801m9g"}
{"type":"log","timestamp":1705599070093,"level":"debug","message":"pdf-utils running pdf operation merge","meta":{"rootId":"glnziuz82hsypv0","id":"glnziuz82hsypv0"},"id":"kvyg0fjsi23y8n6","previousOperationId":"0xr0r92e6801m9g"}
{"type":"operationStart","subtype":"pdfUtilsMerge","name":"pdf utils merge","previousOperationId":"0xr0r92e6801m9g","timestamp":1705599070094,"id":"c6uuoefzz00n9g4","previousEventId":"h5fd5s8jq6hu35u","operationId":"xifvio6tho2888y"}
{"type":"operationStart","subtype":"render","name":"orders-header","previousOperationId":"xifvio6tho2888y","timestamp":1705599070101,"id":"dc1b3tw3uvkr654","previousEventId":"c6uuoefzz00n9g4","operationId":"7hndv6k0u28c0my"}
{"type":"log","timestamp":1705599070101,"level":"info","message":"Starting rendering (child) request","meta":{"rootId":"glnziuz82hsypv0","id":"rajlxp70m5bx9l2"},"id":"11bn35cqftbe45u","previousOperationId":"7hndv6k0u28c0my"}
{"type":"log","timestamp":1705599070101,"level":"info","message":"Rendering template { name: orders-header, recipe: chrome-pdf, engine: handlebars, preview: true }","meta":{"rootId":"glnziuz82hsypv0","id":"rajlxp70m5bx9l2"},"id":"oyrpqbyobpve86o","previousOperationId":"7hndv6k0u28c0my"}
{"type":"log","timestamp":1705599070102,"level":"debug","message":"Inline data specified.","meta":{"rootId":"glnziuz82hsypv0","id":"rajlxp70m5bx9l2"},"id":"v0ydbjgrofi01l2","previousOperationId":"7hndv6k0u28c0my"}
{"type":"log","timestamp":1705599070104,"level":"debug","message":"Base url not specified, skipping its injection.","meta":{"rootId":"glnziuz82hsypv0","id":"rajlxp70m5bx9l2"},"id":"ygez0ifmtrydim3","previousOperationId":"7hndv6k0u28c0my"}
{"type":"operationStart","subtype":"engine","name":"handlebars","timestamp":1705599070104,"id":"jjtctdb1ay208ii","previousEventId":"dc1b3tw3uvkr654","operationId":"zj8suhxv32dofp2","previousOperationId":"7hndv6k0u28c0my"}
{"type":"log","timestamp":1705599070104,"level":"debug","message":"Rendering engine handlebars","meta":{"rootId":"glnziuz82hsypv0","id":"rajlxp70m5bx9l2"},"id":"h1ldpl7qlfpbefn","previousOperationId":"zj8suhxv32dofp2"}
{"type":"operationEnd","operationId":"zj8suhxv32dofp2","timestamp":1705599070116,"id":"iop975844l5o1vy","previousEventId":"jjtctdb1ay208ii","previousOperationId":"zj8suhxv32dofp2"}
{"type":"operationStart","subtype":"recipe","name":"chrome-pdf","timestamp":1705599070117,"id":"fgtb73ownrvrx7p","previousEventId":"iop975844l5o1vy","operationId":"e5dt3ho0ycz1c95","previousOperationId":"zj8suhxv32dofp2"}
{"type":"log","timestamp":1705599070117,"level":"debug","message":"Executing recipe chrome-pdf","meta":{"rootId":"glnziuz82hsypv0","id":"rajlxp70m5bx9l2"},"id":"22pone6c602kg0q","previousOperationId":"e5dt3ho0ycz1c95"}
{"type":"log","timestamp":1705599070119,"level":"debug","message":"Converting with chrome HeadlessChrome/117.0.5938.149 using chrome-pool strategy","meta":{"rootId":"glnziuz82hsypv0","id":"rajlxp70m5bx9l2"},"id":"ga914jqk1ryu2p7","previousOperationId":"e5dt3ho0ycz1c95"}
{"type":"log","timestamp":1705599070201,"level":"debug","message":"Page request: GET (document) file:///C:/Users/DANIEL~1/AppData/Local/Temp/jsreport/autocleanup/acd134ef-f456-4d6d-ad49-c7b352dfe838-chrome-pdf.html","meta":{"rootId":"glnziuz82hsypv0","id":"rajlxp70m5bx9l2"},"id":"sv9058ow88djloy","previousOperationId":"e5dt3ho0ycz1c95"}
{"type":"log","timestamp":1705599070208,"level":"debug","message":"Page request: GET (stylesheet) https://cdnjs.cloudflare.com/ajax/libs/metro/4.1.5/css/metro.min.css","meta":{"rootId":"glnziuz82hsypv0","id":"rajlxp70m5bx9l2"},"id":"3ywrvd2rwll2l6r","previousOperationId":"e5dt3ho0ycz1c95"}
{"type":"log","timestamp":1705599070209,"level":"debug","message":"Page request finished: GET (document) 200 file:///C:/Users/DANIEL~1/AppData/Local/Temp/jsreport/autocleanup/acd134ef-f456-4d6d-ad49-c7b352dfe838-chrome-pdf.html","meta":{"rootId":"glnziuz82hsypv0","id":"rajlxp70m5bx9l2"},"id":"vzb6izmmhehuhhb","previousOperationId":"e5dt3ho0ycz1c95"}
{"type":"log","timestamp":1705599070220,"level":"debug","message":"Page request finished: GET (stylesheet) 200 https://cdnjs.cloudflare.com/ajax/libs/metro/4.1.5/css/metro.min.css","meta":{"rootId":"glnziuz82hsypv0","id":"rajlxp70m5bx9l2"},"id":"ouq14lvlpliix7q","previousOperationId":"e5dt3ho0ycz1c95"}
{"type":"log","timestamp":1705599070233,"level":"debug","message":"Running chrome with params {\"printBackground\":true,\"marginTop\":\"1.5cm\",\"marginRight\":\"1.5cm\",\"marginLeft\":\"1.cm\",\"timeout\":59693,\"margin\":{\"top\":\"1.5cm\",\"right\":\"1.5cm\",\"left\":\"1.cm\"}}","meta":{"rootId":"glnziuz82hsypv0","id":"rajlxp70m5bx9l2"},"id":"z0320bo022quoni","previousOperationId":"e5dt3ho0ycz1c95"}
{"type":"operationEnd","operationId":"e5dt3ho0ycz1c95","timestamp":1705599070260,"id":"2cqya2wv9v287bl","previousEventId":"fgtb73ownrvrx7p","previousOperationId":"e5dt3ho0ycz1c95"}
{"type":"log","timestamp":1705599070260,"level":"debug","message":"Skipping storing report.","meta":{"rootId":"glnziuz82hsypv0","id":"rajlxp70m5bx9l2"},"id":"c2ougub3jpdkrrb","previousOperationId":"e5dt3ho0ycz1c95"}
{"type":"log","timestamp":1705599070260,"level":"info","message":"Rendering (child) request finished in 449 ms","meta":{"rootId":"glnziuz82hsypv0","id":"rajlxp70m5bx9l2"},"id":"4z03j67gyvh9dz5","previousOperationId":"e5dt3ho0ycz1c95"}
{"type":"operationEnd","subtype":"render","operationId":"7hndv6k0u28c0my","timestamp":1705599070260,"id":"t6eb5qmmkhtx3px","previousEventId":"2cqya2wv9v287bl","previousOperationId":"e5dt3ho0ycz1c95"}
{"type":"operationEnd","operationId":"xifvio6tho2888y","timestamp":1705599070269,"id":"61k329b1y6kqd73","previousEventId":"c6uuoefzz00n9g4","previousOperationId":"xifvio6tho2888y"}
{"type":"log","timestamp":1705599070269,"level":"debug","message":"pdf-utils postproces start","meta":{"rootId":"glnziuz82hsypv0","id":"glnziuz82hsypv0"},"id":"gd29yzp109agivg","previousOperationId":"xifvio6tho2888y"}
{"type":"log","timestamp":1705599070278,"level":"debug","message":"pdf-utils postproces end","meta":{"rootId":"glnziuz82hsypv0","id":"glnziuz82hsypv0"},"id":"ettc5k3i60vs6yf","previousOperationId":"xifvio6tho2888y"}
{"type":"operationEnd","operationId":"0xr0r92e6801m9g","timestamp":1705599070278,"id":"dloe8tud2h323ed","previousEventId":"61k329b1y6kqd73","previousOperationId":"xifvio6tho2888y"}
{"type":"log","timestamp":1705599070278,"level":"info","message":"pdf-utils pdf processing was finished","meta":{"rootId":"glnziuz82hsypv0","id":"glnziuz82hsypv0"},"id":"d87agdki59falvx","previousOperationId":"0xr0r92e6801m9g"}
{"type":"log","timestamp":1705599070278,"level":"debug","message":"Skipping storing report.","meta":{"rootId":"glnziuz82hsypv0","id":"glnziuz82hsypv0"},"id":"3micinbpv7rqwie","previousOperationId":"0xr0r92e6801m9g"}
{"type":"log","timestamp":1705599070278,"level":"info","message":"Rendering request 8 finished in 467 ms","meta":{"rootId":"glnziuz82hsypv0","id":"glnziuz82hsypv0"},"id":"i20zee5ol7zcrxp","previousOperationId":"0xr0r92e6801m9g"}
{"type":"operationEnd","subtype":"render","operationId":"18e6p8dz8rjbhrk","timestamp":1705599070278,"id":"jb807gn9skvc2np","previousEventId":"dloe8tud2h323ed","previousOperationId":"0xr0r92e6801m9g"}
{"type":"operationEnd","doDiffs":false,"previousEventId":"b0yqtlyzb6r6cq2","previousOperationId":"tjrj45si9fqc62r","operationId":"tjrj45si9fqc62r","timestamp":1705599070285,"id":"mvd00mo3ymzkp5l"}
