{"type":"operationStart","subtype":"profile","data":{"_id":"b0iiOAN21THp4UDI","timestamp":"2024-01-18T16:48:55.640Z","state":"queued","mode":"standard","creationDate":"2024-01-18T16:48:55.642Z","modificationDate":"2024-01-18T16:48:55.642Z","shortid":"vSNpjZf","$entitySet":"profiles"},"doDiffs":false,"timestamp":1705596535641,"id":"8ywje93jpovhy8x","previousOperationId":null,"operationId":"3q4uz1fzhe7k5hw"}
{"type":"log","level":"info","message":"Render request 67 queued for execution and waiting for available worker","previousOperationId":"3q4uz1fzhe7k5hw","timestamp":1705596535641,"id":"x97mos5u8lxznb9"}
{"type":"operationStart","subtype":"render","name":"orders-main","previousOperationId":"3q4uz1fzhe7k5hw","timestamp":1705596535647,"id":"dkvti2475kfg6al","previousEventId":"8ywje93jpovhy8x","operationId":"m1nd9erfehbecxf"}
{"type":"log","timestamp":1705596535647,"level":"info","message":"Starting rendering request 67","meta":{"rootId":"go07vucysm7l3fb","id":"go07vucysm7l3fb"},"id":"nkcvdpd1j7jqxne","previousOperationId":"m1nd9erfehbecxf"}
{"type":"log","timestamp":1705596535647,"level":"info","message":"Rendering template { name: orders-main, recipe: chrome-pdf, engine: handlebars, preview: true }","meta":{"rootId":"go07vucysm7l3fb","id":"go07vucysm7l3fb"},"id":"u5hx21oavbgtjw5","previousOperationId":"m1nd9erfehbecxf"}
{"type":"log","timestamp":1705596535647,"level":"debug","message":"Data item not defined for this template.","meta":{"rootId":"go07vucysm7l3fb","id":"go07vucysm7l3fb"},"id":"v8iimfoof4cowsu","previousOperationId":"m1nd9erfehbecxf"}
{"type":"log","timestamp":1705596535649,"level":"debug","message":"Executing script orders-script (beforeRender)","meta":{"rootId":"go07vucysm7l3fb","id":"go07vucysm7l3fb"},"id":"5hz2hysoltugf9h","previousOperationId":"m1nd9erfehbecxf"}
{"type":"operationStart","subtype":"scriptsBeforeRender","name":"scripts beforeRender","timestamp":1705596535669,"id":"yuv7tn6aq333in2","previousEventId":"dkvti2475kfg6al","operationId":"mhu0chzmwtlthel","previousOperationId":"m1nd9erfehbecxf"}
{"type":"operationStart","subtype":"script","name":"scripts orders-script","previousOperationId":"mhu0chzmwtlthel","timestamp":1705596535669,"id":"3f0akr9d37rxfq0","previousEventId":"yuv7tn6aq333in2","operationId":"xjhtywo5o19vxqm"}
{"type":"log","timestamp":1705596535680,"level":"debug","message":"(console:log) [2 ,1 ]","meta":{"userLevel":true,"rootId":"go07vucysm7l3fb","id":"go07vucysm7l3fb"},"id":"4xm2a0wi4cw0ijm","previousOperationId":"xjhtywo5o19vxqm"}
{"type":"log","timestamp":1705596535680,"level":"debug","message":"(console:log) [\"Race1\" ,\"Race2\" ]","meta":{"userLevel":true,"rootId":"go07vucysm7l3fb","id":"go07vucysm7l3fb"},"id":"b6m3i9fa48s9aum","previousOperationId":"xjhtywo5o19vxqm"}
{"type":"operationEnd","operationId":"xjhtywo5o19vxqm","timestamp":1705596535681,"id":"yd8a7omoxgdhnjt","previousEventId":"dkvti2475kfg6al","previousOperationId":"m1nd9erfehbecxf"}
{"type":"operationEnd","operationId":"mhu0chzmwtlthel","timestamp":1705596535681,"id":"tq9jwn4sq17q2uv","previousEventId":"yd8a7omoxgdhnjt","previousOperationId":"m1nd9erfehbecxf"}
{"type":"log","timestamp":1705596535681,"level":"debug","message":"Base url not specified, skipping its injection.","meta":{"rootId":"go07vucysm7l3fb","id":"go07vucysm7l3fb"},"id":"ltp5blqsjij8ikx","previousOperationId":"mhu0chzmwtlthel"}
{"type":"operationStart","subtype":"engine","name":"handlebars","timestamp":1705596535681,"id":"47qnaezd01ky0dw","previousEventId":"tq9jwn4sq17q2uv","operationId":"l48wfhv35h0nfwr","previousOperationId":"mhu0chzmwtlthel"}
{"type":"log","timestamp":1705596535681,"level":"debug","message":"Rendering engine handlebars","meta":{"rootId":"go07vucysm7l3fb","id":"go07vucysm7l3fb"},"id":"al5rxgqomlyrk53","previousOperationId":"l48wfhv35h0nfwr"}
{"type":"log","timestamp":1705596535694,"level":"debug","message":"(console:log) Pdf utils adding group field, value: \"Race1\"","meta":{"userLevel":true,"rootId":"go07vucysm7l3fb","id":"go07vucysm7l3fb"},"id":"gp6fjj0gxjsq3re","previousOperationId":"l48wfhv35h0nfwr"}
{"type":"log","timestamp":1705596535694,"level":"debug","message":"(console:log) Pdf utils adding group field, value: \"Race2\"","meta":{"userLevel":true,"rootId":"go07vucysm7l3fb","id":"go07vucysm7l3fb"},"id":"des8z9bkh13cxm7","previousOperationId":"l48wfhv35h0nfwr"}
{"type":"operationEnd","operationId":"l48wfhv35h0nfwr","timestamp":1705596535695,"id":"rchrorc6g9uaiis","previousEventId":"47qnaezd01ky0dw","previousOperationId":"l48wfhv35h0nfwr"}
{"type":"operationStart","subtype":"recipe","name":"chrome-pdf","timestamp":1705596535695,"id":"8x4sp0bjfljpaxq","previousEventId":"rchrorc6g9uaiis","operationId":"yim4v8f0f1cem7i","previousOperationId":"l48wfhv35h0nfwr"}
{"type":"log","timestamp":1705596535695,"level":"debug","message":"Executing recipe chrome-pdf","meta":{"rootId":"go07vucysm7l3fb","id":"go07vucysm7l3fb"},"id":"91ix21vi9w3hyr5","previousOperationId":"yim4v8f0f1cem7i"}
{"type":"log","timestamp":1705596535826,"level":"debug","message":"Converting with chrome HeadlessChrome/117.0.5938.149 using chrome-pool strategy","meta":{"rootId":"go07vucysm7l3fb","id":"go07vucysm7l3fb"},"id":"f100q8noe1sds5k","previousOperationId":"yim4v8f0f1cem7i"}
{"type":"log","timestamp":1705596537160,"level":"debug","message":"Page request: GET (document) file:///C:/Users/DANIEL~1/AppData/Local/Temp/jsreport/autocleanup/2b7a65ab-6ff8-438a-a27e-71d6281a7872-chrome-pdf.html","meta":{"rootId":"go07vucysm7l3fb","id":"go07vucysm7l3fb"},"id":"u9x8417x0b8tnil","previousOperationId":"yim4v8f0f1cem7i"}
{"type":"log","timestamp":1705596537177,"level":"debug","message":"Page request: GET (stylesheet) https://cdnjs.cloudflare.com/ajax/libs/metro/4.1.5/css/metro.min.css","meta":{"rootId":"go07vucysm7l3fb","id":"go07vucysm7l3fb"},"id":"2uxivr0gk74d8ed","previousOperationId":"yim4v8f0f1cem7i"}
{"type":"log","timestamp":1705596537177,"level":"debug","message":"Page request: GET (script) https://cdnjs.cloudflare.com/ajax/libs/Chart.js/2.9.4/Chart.js","meta":{"rootId":"go07vucysm7l3fb","id":"go07vucysm7l3fb"},"id":"mpsejd4suilad42","previousOperationId":"yim4v8f0f1cem7i"}
{"type":"log","timestamp":1705596537178,"level":"debug","message":"Page request finished: GET (document) 200 file:///C:/Users/DANIEL~1/AppData/Local/Temp/jsreport/autocleanup/2b7a65ab-6ff8-438a-a27e-71d6281a7872-chrome-pdf.html","meta":{"rootId":"go07vucysm7l3fb","id":"go07vucysm7l3fb"},"id":"gdzsql306apwsby","previousOperationId":"yim4v8f0f1cem7i"}
{"type":"log","timestamp":1705596539693,"level":"debug","message":"Page request finished: GET (script) 200 https://cdnjs.cloudflare.com/ajax/libs/Chart.js/2.9.4/Chart.js","meta":{"rootId":"go07vucysm7l3fb","id":"go07vucysm7l3fb"},"id":"e1vfrsvzlkhnuwf","previousOperationId":"yim4v8f0f1cem7i"}
{"type":"log","timestamp":1705596539724,"level":"debug","message":"Page request finished: GET (stylesheet) 200 https://cdnjs.cloudflare.com/ajax/libs/metro/4.1.5/css/metro.min.css","meta":{"rootId":"go07vucysm7l3fb","id":"go07vucysm7l3fb"},"id":"0fmcdrmu7xjk4mk","previousOperationId":"yim4v8f0f1cem7i"}
{"type":"log","timestamp":1705596539728,"level":"warn","message":"Page error: Unexpected token '&' , stack: SyntaxError: Unexpected token '&'","meta":{"rootId":"go07vucysm7l3fb","id":"go07vucysm7l3fb"},"id":"79n7eohg13ka7a1","previousOperationId":"yim4v8f0f1cem7i"}
{"type":"log","timestamp":1705596539751,"level":"debug","message":"Running chrome with params {\"printBackground\":true,\"marginTop\":\"4cm\",\"marginRight\":\"1.5cm\",\"marginBottom\":\"1.5cm\",\"marginLeft\":\"1.5cm\",\"waitForJS\":false,\"timeout\":59944,\"margin\":{\"top\":\"4cm\",\"right\":\"1.5cm\",\"bottom\":\"1.5cm\",\"left\":\"1.5cm\"}}","meta":{"rootId":"go07vucysm7l3fb","id":"go07vucysm7l3fb"},"id":"azh5mpvhzpmdsc6","previousOperationId":"yim4v8f0f1cem7i"}
{"type":"operationEnd","operationId":"yim4v8f0f1cem7i","timestamp":1705596539812,"id":"9kos9jjxpff821x","previousEventId":"8x4sp0bjfljpaxq","previousOperationId":"yim4v8f0f1cem7i"}
{"type":"log","timestamp":1705596539812,"level":"info","message":"pdf-utils is starting pdf processing","meta":{"rootId":"go07vucysm7l3fb","id":"go07vucysm7l3fb"},"id":"6a9gjy8kyz0zecc","previousOperationId":"yim4v8f0f1cem7i"}
{"type":"operationStart","subtype":"pdfUtils","name":"pdf utils","timestamp":1705596539813,"id":"1xht1mfcto4btyz","previousEventId":"9kos9jjxpff821x","operationId":"awcz8m6fsjwn83g","previousOperationId":"yim4v8f0f1cem7i"}
{"type":"log","timestamp":1705596539813,"level":"debug","message":"pdf-utils detected 1 pdf operation(s) to process","meta":{"rootId":"go07vucysm7l3fb","id":"go07vucysm7l3fb"},"id":"2ve2xigfqf09dgb","previousOperationId":"awcz8m6fsjwn83g"}
{"type":"log","timestamp":1705596539840,"level":"debug","message":"pdf-utils running pdf operation merge","meta":{"rootId":"go07vucysm7l3fb","id":"go07vucysm7l3fb"},"id":"g14jd2mbktdek2z","previousOperationId":"awcz8m6fsjwn83g"}
{"type":"operationStart","subtype":"pdfUtilsMerge","name":"pdf utils merge","previousOperationId":"awcz8m6fsjwn83g","timestamp":1705596539840,"id":"xn11pnr2fmyf60o","previousEventId":"1xht1mfcto4btyz","operationId":"0s9u2wefh77k026"}
{"type":"operationStart","subtype":"render","name":"orders-header","previousOperationId":"0s9u2wefh77k026","timestamp":1705596539841,"id":"tdlwrt2rluyshsw","previousEventId":"xn11pnr2fmyf60o","operationId":"47zlhfll9n1elrm"}
{"type":"log","timestamp":1705596539841,"level":"info","message":"Starting rendering (child) request","meta":{"rootId":"go07vucysm7l3fb","id":"ohp6b9gd1mo1q7h"},"id":"6xdnlbti7z737x8","previousOperationId":"47zlhfll9n1elrm"}
{"type":"log","timestamp":1705596539841,"level":"info","message":"Rendering template { name: orders-header, recipe: chrome-pdf, engine: handlebars, preview: true }","meta":{"rootId":"go07vucysm7l3fb","id":"ohp6b9gd1mo1q7h"},"id":"wmap0dvvahdalhc","previousOperationId":"47zlhfll9n1elrm"}
{"type":"log","timestamp":1705596539842,"level":"debug","message":"Inline data specified.","meta":{"rootId":"go07vucysm7l3fb","id":"ohp6b9gd1mo1q7h"},"id":"opxk9ln0hyfuunk","previousOperationId":"47zlhfll9n1elrm"}
{"type":"log","timestamp":1705596539844,"level":"debug","message":"Base url not specified, skipping its injection.","meta":{"rootId":"go07vucysm7l3fb","id":"ohp6b9gd1mo1q7h"},"id":"pcpqrh21q0ag990","previousOperationId":"47zlhfll9n1elrm"}
{"type":"operationStart","subtype":"engine","name":"handlebars","timestamp":1705596539844,"id":"jmrm774o5zebe58","previousEventId":"tdlwrt2rluyshsw","operationId":"qnfps9dgdekaqj2","previousOperationId":"47zlhfll9n1elrm"}
{"type":"log","timestamp":1705596539844,"level":"debug","message":"Rendering engine handlebars","meta":{"rootId":"go07vucysm7l3fb","id":"ohp6b9gd1mo1q7h"},"id":"tqiphb2d23okhyt","previousOperationId":"qnfps9dgdekaqj2"}
{"type":"operationEnd","operationId":"qnfps9dgdekaqj2","timestamp":1705596539856,"id":"816bxn1rx948y0l","previousEventId":"jmrm774o5zebe58","previousOperationId":"qnfps9dgdekaqj2"}
{"type":"operationStart","subtype":"recipe","name":"chrome-pdf","timestamp":1705596539856,"id":"9ghgasa8h9uweid","previousEventId":"816bxn1rx948y0l","operationId":"bhe0gf5y6p6n570","previousOperationId":"qnfps9dgdekaqj2"}
{"type":"log","timestamp":1705596539856,"level":"debug","message":"Executing recipe chrome-pdf","meta":{"rootId":"go07vucysm7l3fb","id":"ohp6b9gd1mo1q7h"},"id":"166igkekcaji44k","previousOperationId":"bhe0gf5y6p6n570"}
{"type":"log","timestamp":1705596539859,"level":"debug","message":"Converting with chrome HeadlessChrome/117.0.5938.149 using chrome-pool strategy","meta":{"rootId":"go07vucysm7l3fb","id":"ohp6b9gd1mo1q7h"},"id":"f4lo81lf0ojkfdy","previousOperationId":"bhe0gf5y6p6n570"}
{"type":"log","timestamp":1705596539929,"level":"debug","message":"Page request: GET (document) file:///C:/Users/DANIEL~1/AppData/Local/Temp/jsreport/autocleanup/fa612ab4-b387-4cf7-a86e-d8d31661fcb7-chrome-pdf.html","meta":{"rootId":"go07vucysm7l3fb","id":"ohp6b9gd1mo1q7h"},"id":"2ojpep7bzwejhaa","previousOperationId":"bhe0gf5y6p6n570"}
{"type":"log","timestamp":1705596539941,"level":"debug","message":"Page request: GET (stylesheet) https://cdnjs.cloudflare.com/ajax/libs/metro/4.1.5/css/metro.min.css","meta":{"rootId":"go07vucysm7l3fb","id":"ohp6b9gd1mo1q7h"},"id":"c8ahhy647kshv23","previousOperationId":"bhe0gf5y6p6n570"}
{"type":"log","timestamp":1705596539942,"level":"debug","message":"Page request finished: GET (document) 200 file:///C:/Users/DANIEL~1/AppData/Local/Temp/jsreport/autocleanup/fa612ab4-b387-4cf7-a86e-d8d31661fcb7-chrome-pdf.html","meta":{"rootId":"go07vucysm7l3fb","id":"ohp6b9gd1mo1q7h"},"id":"ql1ymvumdu2tn1q","previousOperationId":"bhe0gf5y6p6n570"}
{"type":"log","timestamp":1705596539952,"level":"debug","message":"Page request finished: GET (stylesheet) 200 https://cdnjs.cloudflare.com/ajax/libs/metro/4.1.5/css/metro.min.css","meta":{"rootId":"go07vucysm7l3fb","id":"ohp6b9gd1mo1q7h"},"id":"t9mvbmcwbdqmgxg","previousOperationId":"bhe0gf5y6p6n570"}
{"type":"log","timestamp":1705596539964,"level":"debug","message":"Running chrome with params {\"printBackground\":true,\"marginTop\":\"1.5cm\",\"marginRight\":\"1.5cm\",\"marginLeft\":\"1.cm\",\"timeout\":55782,\"margin\":{\"top\":\"1.5cm\",\"right\":\"1.5cm\",\"left\":\"1.cm\"}}","meta":{"rootId":"go07vucysm7l3fb","id":"ohp6b9gd1mo1q7h"},"id":"ztrutjdryc3e0v7","previousOperationId":"bhe0gf5y6p6n570"}
{"type":"operationEnd","operationId":"bhe0gf5y6p6n570","timestamp":1705596539990,"id":"y4rx9xqb9yp2s17","previousEventId":"9ghgasa8h9uweid","previousOperationId":"bhe0gf5y6p6n570"}
{"type":"log","timestamp":1705596539990,"level":"debug","message":"Skipping storing report.","meta":{"rootId":"go07vucysm7l3fb","id":"ohp6b9gd1mo1q7h"},"id":"umrr7fp89dvg9j8","previousOperationId":"bhe0gf5y6p6n570"}
{"type":"log","timestamp":1705596539990,"level":"info","message":"Rendering (child) request finished in 4350 ms","meta":{"rootId":"go07vucysm7l3fb","id":"ohp6b9gd1mo1q7h"},"id":"3xxmv7quscge4vz","previousOperationId":"bhe0gf5y6p6n570"}
{"type":"operationEnd","subtype":"render","operationId":"47zlhfll9n1elrm","timestamp":1705596539990,"id":"s5e633suytrowk0","previousEventId":"y4rx9xqb9yp2s17","previousOperationId":"bhe0gf5y6p6n570"}
{"type":"operationEnd","operationId":"0s9u2wefh77k026","timestamp":1705596540000,"id":"xnbv3ps14tyk1xj","previousEventId":"xn11pnr2fmyf60o","previousOperationId":"0s9u2wefh77k026"}
{"type":"log","timestamp":1705596540000,"level":"debug","message":"pdf-utils postproces start","meta":{"rootId":"go07vucysm7l3fb","id":"go07vucysm7l3fb"},"id":"da89bsg1h2jalha","previousOperationId":"0s9u2wefh77k026"}
{"type":"log","timestamp":1705596540008,"level":"debug","message":"pdf-utils postproces end","meta":{"rootId":"go07vucysm7l3fb","id":"go07vucysm7l3fb"},"id":"u6ec8unmu0jlnju","previousOperationId":"0s9u2wefh77k026"}
{"type":"operationEnd","operationId":"awcz8m6fsjwn83g","timestamp":1705596540008,"id":"kpw1xg0syi7dxox","previousEventId":"xnbv3ps14tyk1xj","previousOperationId":"0s9u2wefh77k026"}
{"type":"log","timestamp":1705596540008,"level":"info","message":"pdf-utils pdf processing was finished","meta":{"rootId":"go07vucysm7l3fb","id":"go07vucysm7l3fb"},"id":"94wugzto4yncgov","previousOperationId":"awcz8m6fsjwn83g"}
{"type":"log","timestamp":1705596540008,"level":"debug","message":"Skipping storing report.","meta":{"rootId":"go07vucysm7l3fb","id":"go07vucysm7l3fb"},"id":"odcfctfcyclbjxy","previousOperationId":"awcz8m6fsjwn83g"}
{"type":"log","timestamp":1705596540008,"level":"info","message":"Rendering request 67 finished in 4368 ms","meta":{"rootId":"go07vucysm7l3fb","id":"go07vucysm7l3fb"},"id":"na2ti9beqfe2l0m","previousOperationId":"awcz8m6fsjwn83g"}
{"type":"operationEnd","subtype":"render","operationId":"m1nd9erfehbecxf","timestamp":1705596540008,"id":"x59t5syuhxypbgq","previousEventId":"kpw1xg0syi7dxox","previousOperationId":"awcz8m6fsjwn83g"}
{"type":"operationEnd","doDiffs":false,"previousEventId":"8ywje93jpovhy8x","previousOperationId":"3q4uz1fzhe7k5hw","operationId":"3q4uz1fzhe7k5hw","timestamp":1705596540014,"id":"f2ndozt26qy9708"}
