{"type":"operationStart","subtype":"profile","data":{"_id":"66M4IJerKpo37wVK","timestamp":"2024-01-17T16:57:35.022Z","state":"queued","mode":"standard","creationDate":"2024-01-17T16:57:35.023Z","modificationDate":"2024-01-17T16:57:35.023Z","shortid":"b2V1P4w","$entitySet":"profiles"},"doDiffs":false,"timestamp":1705510655022,"id":"8de57xo1nap6lmx","previousOperationId":null,"operationId":"f7yhaclv70pg81g"}
{"type":"log","level":"info","message":"Render request 66 queued for execution and waiting for available worker","previousOperationId":"f7yhaclv70pg81g","timestamp":1705510655022,"id":"1zwcrq07fjx0ffq"}
{"type":"operationStart","subtype":"render","name":"orders-main","previousOperationId":"f7yhaclv70pg81g","timestamp":1705510655027,"id":"f2n2tgmqfjpio49","previousEventId":"8de57xo1nap6lmx","operationId":"boh8m93pcml3wwb"}
{"type":"log","timestamp":1705510655027,"level":"info","message":"Starting rendering request 66","meta":{"rootId":"gpfxtvs3d9fu5li","id":"gpfxtvs3d9fu5li"},"id":"vszoeordq9cafz0","previousOperationId":"boh8m93pcml3wwb"}
{"type":"log","timestamp":1705510655027,"level":"info","message":"Rendering template { name: orders-main, recipe: chrome-pdf, engine: handlebars, preview: true }","meta":{"rootId":"gpfxtvs3d9fu5li","id":"gpfxtvs3d9fu5li"},"id":"h7dv3it67d94763","previousOperationId":"boh8m93pcml3wwb"}
{"type":"log","timestamp":1705510655028,"level":"debug","message":"Data item not defined for this template.","meta":{"rootId":"gpfxtvs3d9fu5li","id":"gpfxtvs3d9fu5li"},"id":"4gspd21a6721jvc","previousOperationId":"boh8m93pcml3wwb"}
{"type":"log","timestamp":1705510655029,"level":"debug","message":"Executing script orders-script (beforeRender)","meta":{"rootId":"gpfxtvs3d9fu5li","id":"gpfxtvs3d9fu5li"},"id":"0jtxmp2m8mnnqa8","previousOperationId":"boh8m93pcml3wwb"}
{"type":"operationStart","subtype":"scriptsBeforeRender","name":"scripts beforeRender","timestamp":1705510655041,"id":"fixh5h3ojmy44ls","previousEventId":"f2n2tgmqfjpio49","operationId":"ywb9ucolbha97ec","previousOperationId":"boh8m93pcml3wwb"}
{"type":"operationStart","subtype":"script","name":"scripts orders-script","previousOperationId":"ywb9ucolbha97ec","timestamp":1705510655041,"id":"8qntitdav7fu3n6","previousEventId":"fixh5h3ojmy44ls","operationId":"hd83ovatuyexcc5"}
{"type":"operationEnd","operationId":"hd83ovatuyexcc5","timestamp":1705510655050,"id":"6wf49lyho6w5q3a","previousEventId":"f2n2tgmqfjpio49","previousOperationId":"boh8m93pcml3wwb"}
{"type":"operationEnd","operationId":"ywb9ucolbha97ec","timestamp":1705510655050,"id":"qw2dlb1f8hv365s","previousEventId":"6wf49lyho6w5q3a","previousOperationId":"boh8m93pcml3wwb"}
{"type":"log","timestamp":1705510655050,"level":"debug","message":"Base url not specified, skipping its injection.","meta":{"rootId":"gpfxtvs3d9fu5li","id":"gpfxtvs3d9fu5li"},"id":"8xdwkkhnnh4d334","previousOperationId":"ywb9ucolbha97ec"}
{"type":"operationStart","subtype":"engine","name":"handlebars","timestamp":1705510655050,"id":"mg9mqinh5cb453f","previousEventId":"qw2dlb1f8hv365s","operationId":"xkdaqgngqvs1vdd","previousOperationId":"ywb9ucolbha97ec"}
{"type":"log","timestamp":1705510655050,"level":"debug","message":"Rendering engine handlebars","meta":{"rootId":"gpfxtvs3d9fu5li","id":"gpfxtvs3d9fu5li"},"id":"nzll04v49m7h1jl","previousOperationId":"xkdaqgngqvs1vdd"}
{"type":"log","timestamp":1705510655061,"level":"debug","message":"(console:log) Pdf utils adding group field, value: \"Race1\"","meta":{"userLevel":true,"rootId":"gpfxtvs3d9fu5li","id":"gpfxtvs3d9fu5li"},"id":"9n17oa7n4cbuvbv","previousOperationId":"xkdaqgngqvs1vdd"}
{"type":"log","timestamp":1705510655061,"level":"debug","message":"(console:log) Pdf utils adding group field, value: \"Race2\"","meta":{"userLevel":true,"rootId":"gpfxtvs3d9fu5li","id":"gpfxtvs3d9fu5li"},"id":"0car0g21dysik0u","previousOperationId":"xkdaqgngqvs1vdd"}
{"type":"operationEnd","operationId":"xkdaqgngqvs1vdd","timestamp":1705510655061,"id":"xw8pzjov9fd81at","previousEventId":"mg9mqinh5cb453f","previousOperationId":"xkdaqgngqvs1vdd"}
{"type":"operationStart","subtype":"recipe","name":"chrome-pdf","timestamp":1705510655061,"id":"kv1fgvamikdwnly","previousEventId":"xw8pzjov9fd81at","operationId":"y6wvs7wxnnxq6nn","previousOperationId":"xkdaqgngqvs1vdd"}
{"type":"log","timestamp":1705510655061,"level":"debug","message":"Executing recipe chrome-pdf","meta":{"rootId":"gpfxtvs3d9fu5li","id":"gpfxtvs3d9fu5li"},"id":"4fi7q02nt4wawbr","previousOperationId":"y6wvs7wxnnxq6nn"}
{"type":"log","timestamp":1705510655063,"level":"debug","message":"Converting with chrome HeadlessChrome/117.0.5938.149 using chrome-pool strategy","meta":{"rootId":"gpfxtvs3d9fu5li","id":"gpfxtvs3d9fu5li"},"id":"d9ze7mf0r8ehikj","previousOperationId":"y6wvs7wxnnxq6nn"}
{"type":"log","timestamp":1705510655122,"level":"debug","message":"Page request: GET (document) file:///C:/Users/DANIEL~1/AppData/Local/Temp/jsreport/autocleanup/85d71697-ff23-40b5-b903-e205e9e8a7de-chrome-pdf.html","meta":{"rootId":"gpfxtvs3d9fu5li","id":"gpfxtvs3d9fu5li"},"id":"0i40tr66evkwwrr","previousOperationId":"y6wvs7wxnnxq6nn"}
{"type":"log","timestamp":1705510655134,"level":"debug","message":"Page request: GET (stylesheet) https://cdnjs.cloudflare.com/ajax/libs/metro/4.1.5/css/metro.min.css","meta":{"rootId":"gpfxtvs3d9fu5li","id":"gpfxtvs3d9fu5li"},"id":"ucn5n9vgdp1dugs","previousOperationId":"y6wvs7wxnnxq6nn"}
{"type":"log","timestamp":1705510655134,"level":"debug","message":"Page request: GET (script) https://cdnjs.cloudflare.com/ajax/libs/Chart.js/2.7.2/Chart.min.js","meta":{"rootId":"gpfxtvs3d9fu5li","id":"gpfxtvs3d9fu5li"},"id":"cb0s2nygkkqtujt","previousOperationId":"y6wvs7wxnnxq6nn"}
{"type":"log","timestamp":1705510655135,"level":"debug","message":"Page request finished: GET (document) 200 file:///C:/Users/DANIEL~1/AppData/Local/Temp/jsreport/autocleanup/85d71697-ff23-40b5-b903-e205e9e8a7de-chrome-pdf.html","meta":{"rootId":"gpfxtvs3d9fu5li","id":"gpfxtvs3d9fu5li"},"id":"m5bu0fjvfwzsps4","previousOperationId":"y6wvs7wxnnxq6nn"}
{"type":"log","timestamp":1705510655138,"level":"debug","message":"Page request finished: GET (script) 200 https://cdnjs.cloudflare.com/ajax/libs/Chart.js/2.7.2/Chart.min.js","meta":{"rootId":"gpfxtvs3d9fu5li","id":"gpfxtvs3d9fu5li"},"id":"fhfmfo8ahgfore6","previousOperationId":"y6wvs7wxnnxq6nn"}
{"type":"log","timestamp":1705510655146,"level":"debug","message":"Page request finished: GET (stylesheet) 200 https://cdnjs.cloudflare.com/ajax/libs/metro/4.1.5/css/metro.min.css","meta":{"rootId":"gpfxtvs3d9fu5li","id":"gpfxtvs3d9fu5li"},"id":"1cbuj4xrfnk1pap","previousOperationId":"y6wvs7wxnnxq6nn"}
{"type":"log","timestamp":1705510655169,"level":"debug","message":"Running chrome with params {\"printBackground\":true,\"marginTop\":\"4cm\",\"marginRight\":\"1.5cm\",\"marginBottom\":\"1.5cm\",\"marginLeft\":\"1.5cm\",\"waitForJS\":false,\"timeout\":59959,\"margin\":{\"top\":\"4cm\",\"right\":\"1.5cm\",\"bottom\":\"1.5cm\",\"left\":\"1.5cm\"}}","meta":{"rootId":"gpfxtvs3d9fu5li","id":"gpfxtvs3d9fu5li"},"id":"xfz232spno0czf5","previousOperationId":"y6wvs7wxnnxq6nn"}
{"type":"operationEnd","operationId":"y6wvs7wxnnxq6nn","timestamp":1705510655224,"id":"j8cfbsh8ttz469o","previousEventId":"kv1fgvamikdwnly","previousOperationId":"y6wvs7wxnnxq6nn"}
{"type":"log","timestamp":1705510655224,"level":"info","message":"pdf-utils is starting pdf processing","meta":{"rootId":"gpfxtvs3d9fu5li","id":"gpfxtvs3d9fu5li"},"id":"2d64fkckrydbieb","previousOperationId":"y6wvs7wxnnxq6nn"}
{"type":"operationStart","subtype":"pdfUtils","name":"pdf utils","timestamp":1705510655224,"id":"95kqjxc2c4h200l","previousEventId":"j8cfbsh8ttz469o","operationId":"typdxtr27ql4wbm","previousOperationId":"y6wvs7wxnnxq6nn"}
{"type":"log","timestamp":1705510655224,"level":"debug","message":"pdf-utils detected 1 pdf operation(s) to process","meta":{"rootId":"gpfxtvs3d9fu5li","id":"gpfxtvs3d9fu5li"},"id":"5ctgq1vr017n5bp","previousOperationId":"typdxtr27ql4wbm"}
{"type":"log","timestamp":1705510655236,"level":"debug","message":"pdf-utils running pdf operation merge","meta":{"rootId":"gpfxtvs3d9fu5li","id":"gpfxtvs3d9fu5li"},"id":"g42spl397p0aute","previousOperationId":"typdxtr27ql4wbm"}
{"type":"operationStart","subtype":"pdfUtilsMerge","name":"pdf utils merge","previousOperationId":"typdxtr27ql4wbm","timestamp":1705510655236,"id":"7zfsjrkbdv2xi9z","previousEventId":"95kqjxc2c4h200l","operationId":"jfcot3tfs3ms395"}
{"type":"operationStart","subtype":"render","name":"orders-header","previousOperationId":"jfcot3tfs3ms395","timestamp":1705510655237,"id":"n2atjx4fo82cdg8","previousEventId":"7zfsjrkbdv2xi9z","operationId":"koq1hmro212o5co"}
{"type":"log","timestamp":1705510655237,"level":"info","message":"Starting rendering (child) request","meta":{"rootId":"gpfxtvs3d9fu5li","id":"vcg6mai75i7tj37"},"id":"9opakb8qls039zq","previousOperationId":"koq1hmro212o5co"}
{"type":"log","timestamp":1705510655237,"level":"info","message":"Rendering template { name: orders-header, recipe: chrome-pdf, engine: handlebars, preview: true }","meta":{"rootId":"gpfxtvs3d9fu5li","id":"vcg6mai75i7tj37"},"id":"90leuadrbr8mc42","previousOperationId":"koq1hmro212o5co"}
{"type":"log","timestamp":1705510655238,"level":"debug","message":"Inline data specified.","meta":{"rootId":"gpfxtvs3d9fu5li","id":"vcg6mai75i7tj37"},"id":"hfx0h3d0c36onaj","previousOperationId":"koq1hmro212o5co"}
{"type":"log","timestamp":1705510655239,"level":"debug","message":"Base url not specified, skipping its injection.","meta":{"rootId":"gpfxtvs3d9fu5li","id":"vcg6mai75i7tj37"},"id":"zkxujykfzg2zkmp","previousOperationId":"koq1hmro212o5co"}
{"type":"operationStart","subtype":"engine","name":"handlebars","timestamp":1705510655239,"id":"dpeiqntuynao6o7","previousEventId":"n2atjx4fo82cdg8","operationId":"wu5o546nk4twd5a","previousOperationId":"koq1hmro212o5co"}
{"type":"log","timestamp":1705510655239,"level":"debug","message":"Rendering engine handlebars","meta":{"rootId":"gpfxtvs3d9fu5li","id":"vcg6mai75i7tj37"},"id":"9l7v3sn9eu3tztx","previousOperationId":"wu5o546nk4twd5a"}
{"type":"operationEnd","operationId":"wu5o546nk4twd5a","timestamp":1705510655252,"id":"yjhnspd89nrp1kw","previousEventId":"dpeiqntuynao6o7","previousOperationId":"wu5o546nk4twd5a"}
{"type":"operationStart","subtype":"recipe","name":"chrome-pdf","timestamp":1705510655252,"id":"k6mhirhc0y8cm87","previousEventId":"yjhnspd89nrp1kw","operationId":"3lf3v7nchbtkb1q","previousOperationId":"wu5o546nk4twd5a"}
{"type":"log","timestamp":1705510655252,"level":"debug","message":"Executing recipe chrome-pdf","meta":{"rootId":"gpfxtvs3d9fu5li","id":"vcg6mai75i7tj37"},"id":"xqbgwv7jksmdqka","previousOperationId":"3lf3v7nchbtkb1q"}
{"type":"log","timestamp":1705510655254,"level":"debug","message":"Converting with chrome HeadlessChrome/117.0.5938.149 using chrome-pool strategy","meta":{"rootId":"gpfxtvs3d9fu5li","id":"vcg6mai75i7tj37"},"id":"hizz94nufkzsiq4","previousOperationId":"3lf3v7nchbtkb1q"}
{"type":"log","timestamp":1705510655314,"level":"debug","message":"Page request: GET (document) file:///C:/Users/DANIEL~1/AppData/Local/Temp/jsreport/autocleanup/9a8ace0e-1a0a-4bd2-916c-78c4b934455b-chrome-pdf.html","meta":{"rootId":"gpfxtvs3d9fu5li","id":"vcg6mai75i7tj37"},"id":"b7zwc4xqrqk9gad","previousOperationId":"3lf3v7nchbtkb1q"}
{"type":"log","timestamp":1705510655321,"level":"debug","message":"Page request: GET (stylesheet) https://cdnjs.cloudflare.com/ajax/libs/metro/4.1.5/css/metro.min.css","meta":{"rootId":"gpfxtvs3d9fu5li","id":"vcg6mai75i7tj37"},"id":"yguwuv71vjutpvv","previousOperationId":"3lf3v7nchbtkb1q"}
{"type":"log","timestamp":1705510655321,"level":"debug","message":"Page request finished: GET (document) 200 file:///C:/Users/DANIEL~1/AppData/Local/Temp/jsreport/autocleanup/9a8ace0e-1a0a-4bd2-916c-78c4b934455b-chrome-pdf.html","meta":{"rootId":"gpfxtvs3d9fu5li","id":"vcg6mai75i7tj37"},"id":"5e0nwo98r3rx430","previousOperationId":"3lf3v7nchbtkb1q"}
{"type":"log","timestamp":1705510655332,"level":"debug","message":"Page request finished: GET (stylesheet) 200 https://cdnjs.cloudflare.com/ajax/libs/metro/4.1.5/css/metro.min.css","meta":{"rootId":"gpfxtvs3d9fu5li","id":"vcg6mai75i7tj37"},"id":"w4kwrk83chmp8s0","previousOperationId":"3lf3v7nchbtkb1q"}
{"type":"log","timestamp":1705510655344,"level":"debug","message":"Running chrome with params {\"printBackground\":true,\"marginTop\":\"1.5cm\",\"marginRight\":\"1.5cm\",\"marginLeft\":\"1.cm\",\"timeout\":59769,\"margin\":{\"top\":\"1.5cm\",\"right\":\"1.5cm\",\"left\":\"1.cm\"}}","meta":{"rootId":"gpfxtvs3d9fu5li","id":"vcg6mai75i7tj37"},"id":"m9rtqqjrseg6ac1","previousOperationId":"3lf3v7nchbtkb1q"}
{"type":"operationEnd","operationId":"3lf3v7nchbtkb1q","timestamp":1705510655370,"id":"zmqa5pa876oa0ph","previousEventId":"k6mhirhc0y8cm87","previousOperationId":"3lf3v7nchbtkb1q"}
{"type":"log","timestamp":1705510655370,"level":"debug","message":"Skipping storing report.","meta":{"rootId":"gpfxtvs3d9fu5li","id":"vcg6mai75i7tj37"},"id":"4dy39321e0cp6qm","previousOperationId":"3lf3v7nchbtkb1q"}
{"type":"log","timestamp":1705510655370,"level":"info","message":"Rendering (child) request finished in 348 ms","meta":{"rootId":"gpfxtvs3d9fu5li","id":"vcg6mai75i7tj37"},"id":"p736lif5l9r7hbu","previousOperationId":"3lf3v7nchbtkb1q"}
{"type":"operationEnd","subtype":"render","operationId":"koq1hmro212o5co","timestamp":1705510655370,"id":"tv2xnpn7r4zj8ta","previousEventId":"zmqa5pa876oa0ph","previousOperationId":"3lf3v7nchbtkb1q"}
{"type":"operationEnd","operationId":"jfcot3tfs3ms395","timestamp":1705510655376,"id":"gn56277mjr7eln0","previousEventId":"7zfsjrkbdv2xi9z","previousOperationId":"jfcot3tfs3ms395"}
{"type":"log","timestamp":1705510655376,"level":"debug","message":"pdf-utils postproces start","meta":{"rootId":"gpfxtvs3d9fu5li","id":"gpfxtvs3d9fu5li"},"id":"efa9ngk6hetvl3q","previousOperationId":"jfcot3tfs3ms395"}
{"type":"log","timestamp":1705510655384,"level":"debug","message":"pdf-utils postproces end","meta":{"rootId":"gpfxtvs3d9fu5li","id":"gpfxtvs3d9fu5li"},"id":"tegqfnlu8z0t8g3","previousOperationId":"jfcot3tfs3ms395"}
{"type":"operationEnd","operationId":"typdxtr27ql4wbm","timestamp":1705510655384,"id":"8yk890hyhjyr18e","previousEventId":"gn56277mjr7eln0","previousOperationId":"jfcot3tfs3ms395"}
{"type":"log","timestamp":1705510655384,"level":"info","message":"pdf-utils pdf processing was finished","meta":{"rootId":"gpfxtvs3d9fu5li","id":"gpfxtvs3d9fu5li"},"id":"0oabfcmw56v2yve","previousOperationId":"typdxtr27ql4wbm"}
{"type":"log","timestamp":1705510655384,"level":"debug","message":"Skipping storing report.","meta":{"rootId":"gpfxtvs3d9fu5li","id":"gpfxtvs3d9fu5li"},"id":"d9vf99fjr2eenyv","previousOperationId":"typdxtr27ql4wbm"}
{"type":"log","timestamp":1705510655384,"level":"info","message":"Rendering request 66 finished in 362 ms","meta":{"rootId":"gpfxtvs3d9fu5li","id":"gpfxtvs3d9fu5li"},"id":"clnw8m5ho7dpl3k","previousOperationId":"typdxtr27ql4wbm"}
{"type":"operationEnd","subtype":"render","operationId":"boh8m93pcml3wwb","timestamp":1705510655384,"id":"55pgh1wuhtinz5q","previousEventId":"8yk890hyhjyr18e","previousOperationId":"typdxtr27ql4wbm"}
{"type":"operationEnd","doDiffs":false,"previousEventId":"8de57xo1nap6lmx","previousOperationId":"f7yhaclv70pg81g","operationId":"f7yhaclv70pg81g","timestamp":1705510655389,"id":"3bv60gswyutkmcb"}
