{"type":"operationStart","subtype":"profile","data":{"_id":"jYADrjiYuO1gxv8S","timestamp":"2024-01-18T15:35:32.305Z","state":"queued","mode":"standard","creationDate":"2024-01-18T15:35:32.307Z","modificationDate":"2024-01-18T15:35:32.307Z","shortid":"gpEYjBm","$entitySet":"profiles"},"doDiffs":false,"timestamp":1705592132306,"id":"ugkafapuwjg1516","previousOperationId":null,"operationId":"uxc46bj9a25kpuf"}
{"type":"log","level":"info","message":"Render request 56 queued for execution and waiting for available worker","previousOperationId":"uxc46bj9a25kpuf","timestamp":1705592132306,"id":"e86w8owudq0xhyw"}
{"type":"operationStart","subtype":"render","name":"orders-main","previousOperationId":"uxc46bj9a25kpuf","timestamp":1705592132311,"id":"32eb6l9lzcsaopa","previousEventId":"ugkafapuwjg1516","operationId":"08rx7xe8icz4g8h"}
{"type":"log","timestamp":1705592132312,"level":"info","message":"Starting rendering request 56","meta":{"rootId":"gqrtzkahg05q7qn","id":"gqrtzkahg05q7qn"},"id":"9702gqxu7zhv3s5","previousOperationId":"08rx7xe8icz4g8h"}
{"type":"log","timestamp":1705592132312,"level":"info","message":"Rendering template { name: orders-main, recipe: chrome-pdf, engine: handlebars, preview: true }","meta":{"rootId":"gqrtzkahg05q7qn","id":"gqrtzkahg05q7qn"},"id":"66ktbgn01isdzp3","previousOperationId":"08rx7xe8icz4g8h"}
{"type":"log","timestamp":1705592132313,"level":"debug","message":"Data item not defined for this template.","meta":{"rootId":"gqrtzkahg05q7qn","id":"gqrtzkahg05q7qn"},"id":"mebao4meqx26afd","previousOperationId":"08rx7xe8icz4g8h"}
{"type":"log","timestamp":1705592132315,"level":"debug","message":"Executing script orders-script (beforeRender)","meta":{"rootId":"gqrtzkahg05q7qn","id":"gqrtzkahg05q7qn"},"id":"gtjrytno4ft7ozc","previousOperationId":"08rx7xe8icz4g8h"}
{"type":"operationStart","subtype":"scriptsBeforeRender","name":"scripts beforeRender","timestamp":1705592132326,"id":"i1shf79w0k1h1vs","previousEventId":"32eb6l9lzcsaopa","operationId":"dgq40ye8xff7ewr","previousOperationId":"08rx7xe8icz4g8h"}
{"type":"operationStart","subtype":"script","name":"scripts orders-script","previousOperationId":"dgq40ye8xff7ewr","timestamp":1705592132326,"id":"o1s25ku0az9plos","previousEventId":"i1shf79w0k1h1vs","operationId":"apajsdtj7twu2tx"}
{"type":"log","timestamp":1705592132336,"level":"debug","message":"(console:log) [ 'Race1', 'Race2' ]","meta":{"userLevel":true,"rootId":"gqrtzkahg05q7qn","id":"gqrtzkahg05q7qn"},"id":"gt6roa3y83r7yef","previousOperationId":"apajsdtj7twu2tx"}
{"type":"log","timestamp":1705592132336,"level":"debug","message":"(console:log) [ 2, 1 ]","meta":{"userLevel":true,"rootId":"gqrtzkahg05q7qn","id":"gqrtzkahg05q7qn"},"id":"n9nlf2wcao9cepx","previousOperationId":"apajsdtj7twu2tx"}
{"type":"operationEnd","operationId":"apajsdtj7twu2tx","timestamp":1705592132338,"id":"rc7dr6voofv02vr","previousEventId":"32eb6l9lzcsaopa","previousOperationId":"08rx7xe8icz4g8h"}
{"type":"operationEnd","operationId":"dgq40ye8xff7ewr","timestamp":1705592132338,"id":"w34fg4y7ek8bkcn","previousEventId":"rc7dr6voofv02vr","previousOperationId":"08rx7xe8icz4g8h"}
{"type":"log","timestamp":1705592132338,"level":"debug","message":"Base url not specified, skipping its injection.","meta":{"rootId":"gqrtzkahg05q7qn","id":"gqrtzkahg05q7qn"},"id":"e5w2crqvjzo38bs","previousOperationId":"dgq40ye8xff7ewr"}
{"type":"operationStart","subtype":"engine","name":"handlebars","timestamp":1705592132338,"id":"qlp60rtcudujzdj","previousEventId":"w34fg4y7ek8bkcn","operationId":"jngt7iixaavoqt6","previousOperationId":"dgq40ye8xff7ewr"}
{"type":"log","timestamp":1705592132338,"level":"debug","message":"Rendering engine handlebars","meta":{"rootId":"gqrtzkahg05q7qn","id":"gqrtzkahg05q7qn"},"id":"a47boo62a62e8as","previousOperationId":"jngt7iixaavoqt6"}
{"type":"log","timestamp":1705592132351,"level":"debug","message":"(console:log) Pdf utils adding group field, value: \"Race1\"","meta":{"userLevel":true,"rootId":"gqrtzkahg05q7qn","id":"gqrtzkahg05q7qn"},"id":"0jkyoh8cvrp42qj","previousOperationId":"jngt7iixaavoqt6"}
{"type":"log","timestamp":1705592132351,"level":"debug","message":"(console:log) Pdf utils adding group field, value: \"Race2\"","meta":{"userLevel":true,"rootId":"gqrtzkahg05q7qn","id":"gqrtzkahg05q7qn"},"id":"os7ic0qd3dq8zdp","previousOperationId":"jngt7iixaavoqt6"}
{"type":"operationEnd","operationId":"jngt7iixaavoqt6","timestamp":1705592132351,"id":"24o7s7fmrruq43g","previousEventId":"qlp60rtcudujzdj","previousOperationId":"jngt7iixaavoqt6"}
{"type":"operationStart","subtype":"recipe","name":"chrome-pdf","timestamp":1705592132351,"id":"6nqedy42oqxljql","previousEventId":"24o7s7fmrruq43g","operationId":"tdxoxn01ypjrvdf","previousOperationId":"jngt7iixaavoqt6"}
{"type":"log","timestamp":1705592132351,"level":"debug","message":"Executing recipe chrome-pdf","meta":{"rootId":"gqrtzkahg05q7qn","id":"gqrtzkahg05q7qn"},"id":"enzmyj5mvlapamw","previousOperationId":"tdxoxn01ypjrvdf"}
{"type":"log","timestamp":1705592132774,"level":"debug","message":"Converting with chrome HeadlessChrome/117.0.5938.149 using chrome-pool strategy","meta":{"rootId":"gqrtzkahg05q7qn","id":"gqrtzkahg05q7qn"},"id":"5aal6ppvo13417u","previousOperationId":"tdxoxn01ypjrvdf"}
{"type":"log","timestamp":1705592134094,"level":"debug","message":"Page request: GET (document) file:///C:/Users/DANIEL~1/AppData/Local/Temp/jsreport/autocleanup/5938eb60-fd7a-4a20-9c44-5fe24cdf4ed4-chrome-pdf.html","meta":{"rootId":"gqrtzkahg05q7qn","id":"gqrtzkahg05q7qn"},"id":"t1rlyawpwympem5","previousOperationId":"tdxoxn01ypjrvdf"}
{"type":"log","timestamp":1705592134113,"level":"debug","message":"Page request: GET (stylesheet) https://cdnjs.cloudflare.com/ajax/libs/metro/4.1.5/css/metro.min.css","meta":{"rootId":"gqrtzkahg05q7qn","id":"gqrtzkahg05q7qn"},"id":"0ra6jczpxido5gj","previousOperationId":"tdxoxn01ypjrvdf"}
{"type":"log","timestamp":1705592134113,"level":"debug","message":"Page request: GET (script) https://cdnjs.cloudflare.com/ajax/libs/Chart.js/2.9.4/Chart.js","meta":{"rootId":"gqrtzkahg05q7qn","id":"gqrtzkahg05q7qn"},"id":"j42ox0sesgvp526","previousOperationId":"tdxoxn01ypjrvdf"}
{"type":"log","timestamp":1705592134114,"level":"debug","message":"Page request finished: GET (document) 200 file:///C:/Users/DANIEL~1/AppData/Local/Temp/jsreport/autocleanup/5938eb60-fd7a-4a20-9c44-5fe24cdf4ed4-chrome-pdf.html","meta":{"rootId":"gqrtzkahg05q7qn","id":"gqrtzkahg05q7qn"},"id":"mrldv2d5kh2vn7i","previousOperationId":"tdxoxn01ypjrvdf"}
{"type":"log","timestamp":1705592136576,"level":"debug","message":"Page request finished: GET (script) 200 https://cdnjs.cloudflare.com/ajax/libs/Chart.js/2.9.4/Chart.js","meta":{"rootId":"gqrtzkahg05q7qn","id":"gqrtzkahg05q7qn"},"id":"10yynnn6x93pvqm","previousOperationId":"tdxoxn01ypjrvdf"}
{"type":"log","timestamp":1705592136604,"level":"debug","message":"Page request finished: GET (stylesheet) 200 https://cdnjs.cloudflare.com/ajax/libs/metro/4.1.5/css/metro.min.css","meta":{"rootId":"gqrtzkahg05q7qn","id":"gqrtzkahg05q7qn"},"id":"ww31gtnfzm6u7c3","previousOperationId":"tdxoxn01ypjrvdf"}
{"type":"log","timestamp":1705592136608,"level":"warn","message":"Page error: Missing initializer in const declaration , stack: SyntaxError: Missing initializer in const declaration","meta":{"rootId":"gqrtzkahg05q7qn","id":"gqrtzkahg05q7qn"},"id":"cm620k8a3gsr8qn","previousOperationId":"tdxoxn01ypjrvdf"}
{"type":"log","timestamp":1705592136629,"level":"debug","message":"Running chrome with params {\"printBackground\":true,\"marginTop\":\"4cm\",\"marginRight\":\"1.5cm\",\"marginBottom\":\"1.5cm\",\"marginLeft\":\"1.5cm\",\"waitForJS\":false,\"timeout\":59645,\"margin\":{\"top\":\"4cm\",\"right\":\"1.5cm\",\"bottom\":\"1.5cm\",\"left\":\"1.5cm\"}}","meta":{"rootId":"gqrtzkahg05q7qn","id":"gqrtzkahg05q7qn"},"id":"17srs0w8fq5d2k3","previousOperationId":"tdxoxn01ypjrvdf"}
{"type":"operationEnd","operationId":"tdxoxn01ypjrvdf","timestamp":1705592136684,"id":"9jn7lm0f2kl4fru","previousEventId":"6nqedy42oqxljql","previousOperationId":"tdxoxn01ypjrvdf"}
{"type":"log","timestamp":1705592136684,"level":"info","message":"pdf-utils is starting pdf processing","meta":{"rootId":"gqrtzkahg05q7qn","id":"gqrtzkahg05q7qn"},"id":"odhuq7f7fcyexbw","previousOperationId":"tdxoxn01ypjrvdf"}
{"type":"operationStart","subtype":"pdfUtils","name":"pdf utils","timestamp":1705592136824,"id":"tjdwoxxq5ojk4vp","previousEventId":"9jn7lm0f2kl4fru","operationId":"c4tp0cmx33u4sb1","previousOperationId":"tdxoxn01ypjrvdf"}
{"type":"log","timestamp":1705592136824,"level":"debug","message":"pdf-utils detected 1 pdf operation(s) to process","meta":{"rootId":"gqrtzkahg05q7qn","id":"gqrtzkahg05q7qn"},"id":"6sy6e93iy3h13j9","previousOperationId":"c4tp0cmx33u4sb1"}
{"type":"log","timestamp":1705592136995,"level":"debug","message":"pdf-utils running pdf operation merge","meta":{"rootId":"gqrtzkahg05q7qn","id":"gqrtzkahg05q7qn"},"id":"rgi0tz0jflitwsj","previousOperationId":"c4tp0cmx33u4sb1"}
{"type":"operationStart","subtype":"pdfUtilsMerge","name":"pdf utils merge","previousOperationId":"c4tp0cmx33u4sb1","timestamp":1705592136995,"id":"7bylgq1h0xyrqc0","previousEventId":"tjdwoxxq5ojk4vp","operationId":"8tc69wu598h79sr"}
{"type":"operationStart","subtype":"render","name":"orders-header","previousOperationId":"8tc69wu598h79sr","timestamp":1705592136997,"id":"0ee1zh3grfm3gpg","previousEventId":"7bylgq1h0xyrqc0","operationId":"tgy5fd76aiz9jw0"}
{"type":"log","timestamp":1705592136997,"level":"info","message":"Starting rendering (child) request","meta":{"rootId":"gqrtzkahg05q7qn","id":"stuh30lf1u9kbwk"},"id":"3hv69vph0lvvfgg","previousOperationId":"tgy5fd76aiz9jw0"}
{"type":"log","timestamp":1705592136997,"level":"info","message":"Rendering template { name: orders-header, recipe: chrome-pdf, engine: handlebars, preview: true }","meta":{"rootId":"gqrtzkahg05q7qn","id":"stuh30lf1u9kbwk"},"id":"kxym90zr5jr4rb7","previousOperationId":"tgy5fd76aiz9jw0"}
{"type":"log","timestamp":1705592137002,"level":"debug","message":"Inline data specified.","meta":{"rootId":"gqrtzkahg05q7qn","id":"stuh30lf1u9kbwk"},"id":"7y8ahosg7k8318a","previousOperationId":"tgy5fd76aiz9jw0"}
{"type":"log","timestamp":1705592137008,"level":"debug","message":"Base url not specified, skipping its injection.","meta":{"rootId":"gqrtzkahg05q7qn","id":"stuh30lf1u9kbwk"},"id":"5nx5jiqbej8muhi","previousOperationId":"tgy5fd76aiz9jw0"}
{"type":"operationStart","subtype":"engine","name":"handlebars","timestamp":1705592137008,"id":"l7jp86mo23s9dw8","previousEventId":"0ee1zh3grfm3gpg","operationId":"k6mkczhosbl0dgm","previousOperationId":"tgy5fd76aiz9jw0"}
{"type":"log","timestamp":1705592137008,"level":"debug","message":"Rendering engine handlebars","meta":{"rootId":"gqrtzkahg05q7qn","id":"stuh30lf1u9kbwk"},"id":"e6di75grryyta4s","previousOperationId":"k6mkczhosbl0dgm"}
{"type":"operationEnd","operationId":"k6mkczhosbl0dgm","timestamp":1705592137026,"id":"1nytslx3fv25711","previousEventId":"l7jp86mo23s9dw8","previousOperationId":"k6mkczhosbl0dgm"}
{"type":"operationStart","subtype":"recipe","name":"chrome-pdf","timestamp":1705592137026,"id":"7bxigwjrzxi33q9","previousEventId":"1nytslx3fv25711","operationId":"r7vrilhf4nj1dzb","previousOperationId":"k6mkczhosbl0dgm"}
{"type":"log","timestamp":1705592137026,"level":"debug","message":"Executing recipe chrome-pdf","meta":{"rootId":"gqrtzkahg05q7qn","id":"stuh30lf1u9kbwk"},"id":"guvfb58zvf97gt8","previousOperationId":"r7vrilhf4nj1dzb"}
{"type":"log","timestamp":1705592137029,"level":"debug","message":"Converting with chrome HeadlessChrome/117.0.5938.149 using chrome-pool strategy","meta":{"rootId":"gqrtzkahg05q7qn","id":"stuh30lf1u9kbwk"},"id":"jebol3ueyev7jpn","previousOperationId":"r7vrilhf4nj1dzb"}
{"type":"log","timestamp":1705592137092,"level":"debug","message":"Page request: GET (document) file:///C:/Users/DANIEL~1/AppData/Local/Temp/jsreport/autocleanup/578b5f45-de9b-4a4c-b057-0d76d76068ba-chrome-pdf.html","meta":{"rootId":"gqrtzkahg05q7qn","id":"stuh30lf1u9kbwk"},"id":"j6wpeyv1buke4ty","previousOperationId":"r7vrilhf4nj1dzb"}
{"type":"log","timestamp":1705592137099,"level":"debug","message":"Page request: GET (stylesheet) https://cdnjs.cloudflare.com/ajax/libs/metro/4.1.5/css/metro.min.css","meta":{"rootId":"gqrtzkahg05q7qn","id":"stuh30lf1u9kbwk"},"id":"unj4zj05vboe5ub","previousOperationId":"r7vrilhf4nj1dzb"}
{"type":"log","timestamp":1705592137099,"level":"debug","message":"Page request finished: GET (document) 200 file:///C:/Users/DANIEL~1/AppData/Local/Temp/jsreport/autocleanup/578b5f45-de9b-4a4c-b057-0d76d76068ba-chrome-pdf.html","meta":{"rootId":"gqrtzkahg05q7qn","id":"stuh30lf1u9kbwk"},"id":"eubhwd33asb2c6i","previousOperationId":"r7vrilhf4nj1dzb"}
{"type":"log","timestamp":1705592137109,"level":"debug","message":"Page request finished: GET (stylesheet) 200 https://cdnjs.cloudflare.com/ajax/libs/metro/4.1.5/css/metro.min.css","meta":{"rootId":"gqrtzkahg05q7qn","id":"stuh30lf1u9kbwk"},"id":"awe2n8m61tbj2wk","previousOperationId":"r7vrilhf4nj1dzb"}
{"type":"log","timestamp":1705592137122,"level":"debug","message":"Running chrome with params {\"printBackground\":true,\"marginTop\":\"1.5cm\",\"marginRight\":\"1.5cm\",\"marginLeft\":\"1.cm\",\"timeout\":55277,\"margin\":{\"top\":\"1.5cm\",\"right\":\"1.5cm\",\"left\":\"1.cm\"}}","meta":{"rootId":"gqrtzkahg05q7qn","id":"stuh30lf1u9kbwk"},"id":"2h6ri73wsshuybc","previousOperationId":"r7vrilhf4nj1dzb"}
{"type":"operationEnd","operationId":"r7vrilhf4nj1dzb","timestamp":1705592137149,"id":"bv43mwycjbk5cds","previousEventId":"7bxigwjrzxi33q9","previousOperationId":"r7vrilhf4nj1dzb"}
{"type":"log","timestamp":1705592137150,"level":"debug","message":"Skipping storing report.","meta":{"rootId":"gqrtzkahg05q7qn","id":"stuh30lf1u9kbwk"},"id":"ud43t738g1zzob2","previousOperationId":"r7vrilhf4nj1dzb"}
{"type":"log","timestamp":1705592137150,"level":"info","message":"Rendering (child) request finished in 4845 ms","meta":{"rootId":"gqrtzkahg05q7qn","id":"stuh30lf1u9kbwk"},"id":"yomerg1dicei4pn","previousOperationId":"r7vrilhf4nj1dzb"}
{"type":"operationEnd","subtype":"render","operationId":"tgy5fd76aiz9jw0","timestamp":1705592137150,"id":"5v7uickh7wifo7v","previousEventId":"bv43mwycjbk5cds","previousOperationId":"r7vrilhf4nj1dzb"}
{"type":"operationEnd","operationId":"8tc69wu598h79sr","timestamp":1705592137164,"id":"1t7rc874rtkhnl6","previousEventId":"7bylgq1h0xyrqc0","previousOperationId":"8tc69wu598h79sr"}
{"type":"log","timestamp":1705592137164,"level":"debug","message":"pdf-utils postproces start","meta":{"rootId":"gqrtzkahg05q7qn","id":"gqrtzkahg05q7qn"},"id":"h5mmfmat2wg2853","previousOperationId":"8tc69wu598h79sr"}
{"type":"log","timestamp":1705592137175,"level":"debug","message":"pdf-utils postproces end","meta":{"rootId":"gqrtzkahg05q7qn","id":"gqrtzkahg05q7qn"},"id":"l5z8j03d95ejr7d","previousOperationId":"8tc69wu598h79sr"}
{"type":"operationEnd","operationId":"c4tp0cmx33u4sb1","timestamp":1705592137175,"id":"wimmcvjrhuu9jhv","previousEventId":"1t7rc874rtkhnl6","previousOperationId":"8tc69wu598h79sr"}
{"type":"log","timestamp":1705592137175,"level":"info","message":"pdf-utils pdf processing was finished","meta":{"rootId":"gqrtzkahg05q7qn","id":"gqrtzkahg05q7qn"},"id":"g07a8n155w1277s","previousOperationId":"c4tp0cmx33u4sb1"}
{"type":"log","timestamp":1705592137176,"level":"debug","message":"Skipping storing report.","meta":{"rootId":"gqrtzkahg05q7qn","id":"gqrtzkahg05q7qn"},"id":"k88irbs93l9h15o","previousOperationId":"c4tp0cmx33u4sb1"}
{"type":"log","timestamp":1705592137176,"level":"info","message":"Rendering request 56 finished in 4871 ms","meta":{"rootId":"gqrtzkahg05q7qn","id":"gqrtzkahg05q7qn"},"id":"x1tdtf3u536bwal","previousOperationId":"c4tp0cmx33u4sb1"}
{"type":"operationEnd","subtype":"render","operationId":"08rx7xe8icz4g8h","timestamp":1705592137176,"id":"hqcpg42cg0us8dm","previousEventId":"wimmcvjrhuu9jhv","previousOperationId":"c4tp0cmx33u4sb1"}
{"type":"operationEnd","doDiffs":false,"previousEventId":"ugkafapuwjg1516","previousOperationId":"uxc46bj9a25kpuf","operationId":"uxc46bj9a25kpuf","timestamp":1705592137181,"id":"i7ncva732fsk91f"}
