{"type":"operationStart","subtype":"profile","data":{"_id":"Df5uvfObOn5dMF5B","timestamp":"2024-01-18T18:16:25.650Z","state":"queued","mode":"standard","creationDate":"2024-01-18T18:16:25.651Z","modificationDate":"2024-01-18T18:16:25.651Z","shortid":"mnrbuix","$entitySet":"profiles"},"doDiffs":false,"timestamp":1705601785650,"id":"ftteb1vpjlwhksq","previousOperationId":null,"operationId":"0sju8g0n1aksbkg"}
{"type":"log","level":"info","message":"Render request 29 queued for execution and waiting for available worker","previousOperationId":"0sju8g0n1aksbkg","timestamp":1705601785651,"id":"t8gfbn7wdt8iqm3"}
{"type":"operationStart","subtype":"render","name":"orders-main","previousOperationId":"0sju8g0n1aksbkg","timestamp":1705601785657,"id":"dtdcntt6iqjvlp6","previousEventId":"ftteb1vpjlwhksq","operationId":"n8ndpox1ha3hrla"}
{"type":"log","timestamp":1705601785657,"level":"info","message":"Starting rendering request 29","meta":{"rootId":"gr4vplv4mhrrnm7","id":"gr4vplv4mhrrnm7"},"id":"z1u2rilb7vxcgfa","previousOperationId":"n8ndpox1ha3hrla"}
{"type":"log","timestamp":1705601785657,"level":"info","message":"Rendering template { name: orders-main, recipe: chrome-pdf, engine: handlebars, preview: true }","meta":{"rootId":"gr4vplv4mhrrnm7","id":"gr4vplv4mhrrnm7"},"id":"ugz2udtbezd8nu1","previousOperationId":"n8ndpox1ha3hrla"}
{"type":"log","timestamp":1705601785657,"level":"debug","message":"Data item not defined for this template.","meta":{"rootId":"gr4vplv4mhrrnm7","id":"gr4vplv4mhrrnm7"},"id":"5fcxtrgw4bvru8o","previousOperationId":"n8ndpox1ha3hrla"}
{"type":"log","timestamp":1705601785658,"level":"debug","message":"Executing script orders-script (beforeRender)","meta":{"rootId":"gr4vplv4mhrrnm7","id":"gr4vplv4mhrrnm7"},"id":"ozujc00om87xy82","previousOperationId":"n8ndpox1ha3hrla"}
{"type":"operationStart","subtype":"scriptsBeforeRender","name":"scripts beforeRender","timestamp":1705601785674,"id":"prc4jnvdm6jtqft","previousEventId":"dtdcntt6iqjvlp6","operationId":"b8muj44pkz5sqx6","previousOperationId":"n8ndpox1ha3hrla"}
{"type":"operationStart","subtype":"script","name":"scripts orders-script","previousOperationId":"b8muj44pkz5sqx6","timestamp":1705601785674,"id":"v08th9k7f5axxy1","previousEventId":"prc4jnvdm6jtqft","operationId":"nl9oqx77qcfzo7p"}
{"type":"log","timestamp":1705601785691,"level":"debug","message":"(console:log) [ 'Race1', 'Race2' ]","meta":{"userLevel":true,"rootId":"gr4vplv4mhrrnm7","id":"gr4vplv4mhrrnm7"},"id":"s5nu9yoyuglj63y","previousOperationId":"nl9oqx77qcfzo7p"}
{"type":"log","timestamp":1705601785691,"level":"debug","message":"(console:log) [ 2, 1 ]","meta":{"userLevel":true,"rootId":"gr4vplv4mhrrnm7","id":"gr4vplv4mhrrnm7"},"id":"js4kqk33dv5dm8x","previousOperationId":"nl9oqx77qcfzo7p"}
{"type":"operationEnd","operationId":"nl9oqx77qcfzo7p","timestamp":1705601785691,"id":"norxj451pidcubc","previousEventId":"dtdcntt6iqjvlp6","previousOperationId":"n8ndpox1ha3hrla"}
{"type":"operationEnd","operationId":"b8muj44pkz5sqx6","timestamp":1705601785691,"id":"eai7iwf2cu3xqds","previousEventId":"norxj451pidcubc","previousOperationId":"n8ndpox1ha3hrla"}
{"type":"log","timestamp":1705601785691,"level":"debug","message":"Base url not specified, skipping its injection.","meta":{"rootId":"gr4vplv4mhrrnm7","id":"gr4vplv4mhrrnm7"},"id":"qtvxj6ueldiea2a","previousOperationId":"b8muj44pkz5sqx6"}
{"type":"operationStart","subtype":"engine","name":"handlebars","timestamp":1705601785691,"id":"d4cpa085hbqjnxp","previousEventId":"eai7iwf2cu3xqds","operationId":"vuf87g16zps82yj","previousOperationId":"b8muj44pkz5sqx6"}
{"type":"log","timestamp":1705601785691,"level":"debug","message":"Rendering engine handlebars","meta":{"rootId":"gr4vplv4mhrrnm7","id":"gr4vplv4mhrrnm7"},"id":"1wihob42deqtc07","previousOperationId":"vuf87g16zps82yj"}
{"type":"log","timestamp":1705601785702,"level":"debug","message":"(console:log) Pdf utils adding group field, value: \"Race1\"","meta":{"userLevel":true,"rootId":"gr4vplv4mhrrnm7","id":"gr4vplv4mhrrnm7"},"id":"gkj7b1094ora8fk","previousOperationId":"vuf87g16zps82yj"}
{"type":"log","timestamp":1705601785702,"level":"debug","message":"(console:log) Pdf utils adding group field, value: \"Race2\"","meta":{"userLevel":true,"rootId":"gr4vplv4mhrrnm7","id":"gr4vplv4mhrrnm7"},"id":"mtlrnoqa1ap84uq","previousOperationId":"vuf87g16zps82yj"}
{"type":"operationEnd","operationId":"vuf87g16zps82yj","timestamp":1705601785702,"id":"cakpagycpdn0wun","previousEventId":"d4cpa085hbqjnxp","previousOperationId":"vuf87g16zps82yj"}
{"type":"operationStart","subtype":"recipe","name":"chrome-pdf","timestamp":1705601785702,"id":"jr22zy3d9q8iyxu","previousEventId":"cakpagycpdn0wun","operationId":"9jgv3nhz3dj9kkv","previousOperationId":"vuf87g16zps82yj"}
{"type":"log","timestamp":1705601785702,"level":"debug","message":"Executing recipe chrome-pdf","meta":{"rootId":"gr4vplv4mhrrnm7","id":"gr4vplv4mhrrnm7"},"id":"1wfn4r59wryrg1t","previousOperationId":"9jgv3nhz3dj9kkv"}
{"type":"log","timestamp":1705601785704,"level":"debug","message":"Converting with chrome HeadlessChrome/117.0.5938.149 using chrome-pool strategy","meta":{"rootId":"gr4vplv4mhrrnm7","id":"gr4vplv4mhrrnm7"},"id":"ooldzc1yfpng1ha","previousOperationId":"9jgv3nhz3dj9kkv"}
{"type":"log","timestamp":1705601785769,"level":"debug","message":"Page request: GET (document) file:///C:/Users/DANIEL~1/AppData/Local/Temp/jsreport/autocleanup/ff4db7ba-ff77-4f01-81ab-f8fb389150ba-chrome-pdf.html","meta":{"rootId":"gr4vplv4mhrrnm7","id":"gr4vplv4mhrrnm7"},"id":"e546wkqojg6gjs8","previousOperationId":"9jgv3nhz3dj9kkv"}
{"type":"log","timestamp":1705601785792,"level":"debug","message":"Page request: GET (stylesheet) https://cdnjs.cloudflare.com/ajax/libs/metro/4.1.5/css/metro.min.css","meta":{"rootId":"gr4vplv4mhrrnm7","id":"gr4vplv4mhrrnm7"},"id":"ioxbcysu3n2k77e","previousOperationId":"9jgv3nhz3dj9kkv"}
{"type":"log","timestamp":1705601785793,"level":"debug","message":"Page request: GET (script) https://cdn.jsdelivr.net/npm/chart.js","meta":{"rootId":"gr4vplv4mhrrnm7","id":"gr4vplv4mhrrnm7"},"id":"zkq3r6bze6r51k8","previousOperationId":"9jgv3nhz3dj9kkv"}
{"type":"log","timestamp":1705601785793,"level":"debug","message":"Page request finished: GET (document) 200 file:///C:/Users/DANIEL~1/AppData/Local/Temp/jsreport/autocleanup/ff4db7ba-ff77-4f01-81ab-f8fb389150ba-chrome-pdf.html","meta":{"rootId":"gr4vplv4mhrrnm7","id":"gr4vplv4mhrrnm7"},"id":"m3486tqnqh1lkfr","previousOperationId":"9jgv3nhz3dj9kkv"}
{"type":"log","timestamp":1705601785797,"level":"debug","message":"Page request finished: GET (script) 200 https://cdn.jsdelivr.net/npm/chart.js","meta":{"rootId":"gr4vplv4mhrrnm7","id":"gr4vplv4mhrrnm7"},"id":"9lqwl127qwnj2gz","previousOperationId":"9jgv3nhz3dj9kkv"}
{"type":"log","timestamp":1705601785806,"level":"debug","message":"Page request finished: GET (stylesheet) 200 https://cdnjs.cloudflare.com/ajax/libs/metro/4.1.5/css/metro.min.css","meta":{"rootId":"gr4vplv4mhrrnm7","id":"gr4vplv4mhrrnm7"},"id":"003s1h0o1ylrmg4","previousOperationId":"9jgv3nhz3dj9kkv"}
{"type":"log","timestamp":1705601785809,"level":"warn","message":"Page error: Unexpected token ';' , stack: SyntaxError: Unexpected token ';'","meta":{"rootId":"gr4vplv4mhrrnm7","id":"gr4vplv4mhrrnm7"},"id":"6rigtn96kq2qtrl","previousOperationId":"9jgv3nhz3dj9kkv"}
{"type":"log","timestamp":1705601785809,"level":"warn","message":"Page error: Unexpected token ';' , stack: SyntaxError: Unexpected token ';'","meta":{"rootId":"gr4vplv4mhrrnm7","id":"gr4vplv4mhrrnm7"},"id":"qvopbryibeyd4ll","previousOperationId":"9jgv3nhz3dj9kkv"}
{"type":"log","timestamp":1705601785830,"level":"debug","message":"Running chrome with params {\"printBackground\":true,\"marginTop\":\"4cm\",\"marginRight\":\"1.5cm\",\"marginBottom\":\"1.5cm\",\"marginLeft\":\"1.5cm\",\"waitForJS\":false,\"timeout\":59947,\"margin\":{\"top\":\"4cm\",\"right\":\"1.5cm\",\"bottom\":\"1.5cm\",\"left\":\"1.5cm\"}}","meta":{"rootId":"gr4vplv4mhrrnm7","id":"gr4vplv4mhrrnm7"},"id":"4o367q0y4fhbf1y","previousOperationId":"9jgv3nhz3dj9kkv"}
{"type":"operationEnd","operationId":"9jgv3nhz3dj9kkv","timestamp":1705601785883,"id":"sc8atef1wjtolcw","previousEventId":"jr22zy3d9q8iyxu","previousOperationId":"9jgv3nhz3dj9kkv"}
{"type":"log","timestamp":1705601785883,"level":"info","message":"pdf-utils is starting pdf processing","meta":{"rootId":"gr4vplv4mhrrnm7","id":"gr4vplv4mhrrnm7"},"id":"aih8z8bmrpbf7vv","previousOperationId":"9jgv3nhz3dj9kkv"}
{"type":"operationStart","subtype":"pdfUtils","name":"pdf utils","timestamp":1705601785883,"id":"upozway7vdarceb","previousEventId":"sc8atef1wjtolcw","operationId":"lpjphkmpwv562r8","previousOperationId":"9jgv3nhz3dj9kkv"}
{"type":"log","timestamp":1705601785884,"level":"debug","message":"pdf-utils detected 1 pdf operation(s) to process","meta":{"rootId":"gr4vplv4mhrrnm7","id":"gr4vplv4mhrrnm7"},"id":"sng7cvokxuyz3fd","previousOperationId":"lpjphkmpwv562r8"}
{"type":"log","timestamp":1705601785907,"level":"debug","message":"pdf-utils running pdf operation merge","meta":{"rootId":"gr4vplv4mhrrnm7","id":"gr4vplv4mhrrnm7"},"id":"k82n9pnu9mn1393","previousOperationId":"lpjphkmpwv562r8"}
{"type":"operationStart","subtype":"pdfUtilsMerge","name":"pdf utils merge","previousOperationId":"lpjphkmpwv562r8","timestamp":1705601785907,"id":"1vfisptetbgw0xl","previousEventId":"upozway7vdarceb","operationId":"bnzusp8w1we5nja"}
{"type":"operationStart","subtype":"render","name":"orders-header","previousOperationId":"bnzusp8w1we5nja","timestamp":1705601785908,"id":"w1mpubkcehho277","previousEventId":"1vfisptetbgw0xl","operationId":"omzuxi5xprtjwof"}
{"type":"log","timestamp":1705601785908,"level":"info","message":"Starting rendering (child) request","meta":{"rootId":"gr4vplv4mhrrnm7","id":"d4ilj07zgpg4jql"},"id":"p0wgtu855fawd47","previousOperationId":"omzuxi5xprtjwof"}
{"type":"log","timestamp":1705601785908,"level":"info","message":"Rendering template { name: orders-header, recipe: chrome-pdf, engine: handlebars, preview: true }","meta":{"rootId":"gr4vplv4mhrrnm7","id":"d4ilj07zgpg4jql"},"id":"fduqy7o5lxz6qfo","previousOperationId":"omzuxi5xprtjwof"}
{"type":"log","timestamp":1705601785909,"level":"debug","message":"Inline data specified.","meta":{"rootId":"gr4vplv4mhrrnm7","id":"d4ilj07zgpg4jql"},"id":"pmtfwr1pbbf5ah4","previousOperationId":"omzuxi5xprtjwof"}
{"type":"log","timestamp":1705601785911,"level":"debug","message":"Base url not specified, skipping its injection.","meta":{"rootId":"gr4vplv4mhrrnm7","id":"d4ilj07zgpg4jql"},"id":"llbnf1ip85dpdnx","previousOperationId":"omzuxi5xprtjwof"}
{"type":"operationStart","subtype":"engine","name":"handlebars","timestamp":1705601785911,"id":"id2l5k520txxbui","previousEventId":"w1mpubkcehho277","operationId":"ju5wcd6ooj422o6","previousOperationId":"omzuxi5xprtjwof"}
{"type":"log","timestamp":1705601785911,"level":"debug","message":"Rendering engine handlebars","meta":{"rootId":"gr4vplv4mhrrnm7","id":"d4ilj07zgpg4jql"},"id":"oyw1a5fg1srq0ba","previousOperationId":"ju5wcd6ooj422o6"}
{"type":"operationEnd","operationId":"ju5wcd6ooj422o6","timestamp":1705601785921,"id":"m2hfdvzsqh8oqqo","previousEventId":"id2l5k520txxbui","previousOperationId":"ju5wcd6ooj422o6"}
{"type":"operationStart","subtype":"recipe","name":"chrome-pdf","timestamp":1705601785921,"id":"j9ms3ovm3ys9qed","previousEventId":"m2hfdvzsqh8oqqo","operationId":"z9p19sxsa2zvof7","previousOperationId":"ju5wcd6ooj422o6"}
{"type":"log","timestamp":1705601785921,"level":"debug","message":"Executing recipe chrome-pdf","meta":{"rootId":"gr4vplv4mhrrnm7","id":"d4ilj07zgpg4jql"},"id":"xo31m7kay2ntgc3","previousOperationId":"z9p19sxsa2zvof7"}
{"type":"log","timestamp":1705601785923,"level":"debug","message":"Converting with chrome HeadlessChrome/117.0.5938.149 using chrome-pool strategy","meta":{"rootId":"gr4vplv4mhrrnm7","id":"d4ilj07zgpg4jql"},"id":"g2jwirlvsrhuxwm","previousOperationId":"z9p19sxsa2zvof7"}
{"type":"log","timestamp":1705601785984,"level":"debug","message":"Page request: GET (document) file:///C:/Users/DANIEL~1/AppData/Local/Temp/jsreport/autocleanup/81b211b0-5ac9-4d1b-b411-41c856f26ef5-chrome-pdf.html","meta":{"rootId":"gr4vplv4mhrrnm7","id":"d4ilj07zgpg4jql"},"id":"75gu97syjdgliys","previousOperationId":"z9p19sxsa2zvof7"}
{"type":"log","timestamp":1705601785992,"level":"debug","message":"Page request: GET (stylesheet) https://cdnjs.cloudflare.com/ajax/libs/metro/4.1.5/css/metro.min.css","meta":{"rootId":"gr4vplv4mhrrnm7","id":"d4ilj07zgpg4jql"},"id":"t6sflp905oq0osu","previousOperationId":"z9p19sxsa2zvof7"}
{"type":"log","timestamp":1705601785992,"level":"debug","message":"Page request finished: GET (document) 200 file:///C:/Users/DANIEL~1/AppData/Local/Temp/jsreport/autocleanup/81b211b0-5ac9-4d1b-b411-41c856f26ef5-chrome-pdf.html","meta":{"rootId":"gr4vplv4mhrrnm7","id":"d4ilj07zgpg4jql"},"id":"b7eow8vxs7c0j4j","previousOperationId":"z9p19sxsa2zvof7"}
{"type":"log","timestamp":1705601786004,"level":"debug","message":"Page request finished: GET (stylesheet) 200 https://cdnjs.cloudflare.com/ajax/libs/metro/4.1.5/css/metro.min.css","meta":{"rootId":"gr4vplv4mhrrnm7","id":"d4ilj07zgpg4jql"},"id":"4vwt8qomy7xlhxq","previousOperationId":"z9p19sxsa2zvof7"}
{"type":"log","timestamp":1705601786017,"level":"debug","message":"Running chrome with params {\"printBackground\":true,\"marginTop\":\"1.5cm\",\"marginRight\":\"1.5cm\",\"marginLeft\":\"1.cm\",\"timeout\":59728,\"margin\":{\"top\":\"1.5cm\",\"right\":\"1.5cm\",\"left\":\"1.cm\"}}","meta":{"rootId":"gr4vplv4mhrrnm7","id":"d4ilj07zgpg4jql"},"id":"on9s2p60ds0i3ko","previousOperationId":"z9p19sxsa2zvof7"}
{"type":"operationEnd","operationId":"z9p19sxsa2zvof7","timestamp":1705601786044,"id":"r17l2h5at7kydb0","previousEventId":"j9ms3ovm3ys9qed","previousOperationId":"z9p19sxsa2zvof7"}
{"type":"log","timestamp":1705601786044,"level":"debug","message":"Skipping storing report.","meta":{"rootId":"gr4vplv4mhrrnm7","id":"d4ilj07zgpg4jql"},"id":"utvrjuteqvna8dm","previousOperationId":"z9p19sxsa2zvof7"}
{"type":"log","timestamp":1705601786044,"level":"info","message":"Rendering (child) request finished in 394 ms","meta":{"rootId":"gr4vplv4mhrrnm7","id":"d4ilj07zgpg4jql"},"id":"o66rgpfjctx8shj","previousOperationId":"z9p19sxsa2zvof7"}
{"type":"operationEnd","subtype":"render","operationId":"omzuxi5xprtjwof","timestamp":1705601786044,"id":"oewm2ge04l9negb","previousEventId":"r17l2h5at7kydb0","previousOperationId":"z9p19sxsa2zvof7"}
{"type":"operationEnd","operationId":"bnzusp8w1we5nja","timestamp":1705601786053,"id":"s97b3oavehtoqkm","previousEventId":"1vfisptetbgw0xl","previousOperationId":"bnzusp8w1we5nja"}
{"type":"log","timestamp":1705601786054,"level":"debug","message":"pdf-utils postproces start","meta":{"rootId":"gr4vplv4mhrrnm7","id":"gr4vplv4mhrrnm7"},"id":"51p88wrhklnvy9y","previousOperationId":"bnzusp8w1we5nja"}
{"type":"log","timestamp":1705601786062,"level":"debug","message":"pdf-utils postproces end","meta":{"rootId":"gr4vplv4mhrrnm7","id":"gr4vplv4mhrrnm7"},"id":"si0dpgdc89b757g","previousOperationId":"bnzusp8w1we5nja"}
{"type":"operationEnd","operationId":"lpjphkmpwv562r8","timestamp":1705601786063,"id":"8be9kc0mxi5esjy","previousEventId":"s97b3oavehtoqkm","previousOperationId":"bnzusp8w1we5nja"}
{"type":"log","timestamp":1705601786063,"level":"info","message":"pdf-utils pdf processing was finished","meta":{"rootId":"gr4vplv4mhrrnm7","id":"gr4vplv4mhrrnm7"},"id":"yjvohmnnbz2b7rq","previousOperationId":"lpjphkmpwv562r8"}
{"type":"log","timestamp":1705601786063,"level":"debug","message":"Skipping storing report.","meta":{"rootId":"gr4vplv4mhrrnm7","id":"gr4vplv4mhrrnm7"},"id":"aovc54usvnwq8cc","previousOperationId":"lpjphkmpwv562r8"}
{"type":"log","timestamp":1705601786063,"level":"info","message":"Rendering request 29 finished in 413 ms","meta":{"rootId":"gr4vplv4mhrrnm7","id":"gr4vplv4mhrrnm7"},"id":"d2cg0tfycfesqu5","previousOperationId":"lpjphkmpwv562r8"}
{"type":"operationEnd","subtype":"render","operationId":"n8ndpox1ha3hrla","timestamp":1705601786063,"id":"o5171kxsjbc2cwv","previousEventId":"8be9kc0mxi5esjy","previousOperationId":"lpjphkmpwv562r8"}
{"type":"operationEnd","doDiffs":false,"previousEventId":"ftteb1vpjlwhksq","previousOperationId":"0sju8g0n1aksbkg","operationId":"0sju8g0n1aksbkg","timestamp":1705601786070,"id":"cgq7d4b0aoi23r3"}
