{"type":"operationStart","subtype":"profile","data":{"_id":"hrCqXbrHffHUr57L","timestamp":"2024-01-19T17:07:03.562Z","state":"queued","mode":"standard","creationDate":"2024-01-19T17:07:03.564Z","modificationDate":"2024-01-19T17:07:03.564Z","shortid":"oZBrG4z","$entitySet":"profiles"},"doDiffs":false,"timestamp":1705684023563,"id":"4o44pt6le0ta6tm","previousOperationId":null,"operationId":"i0siol2yhbhnv2m"}
{"type":"log","level":"info","message":"Render request 15 queued for execution and waiting for available worker","previousOperationId":"i0siol2yhbhnv2m","timestamp":1705684023563,"id":"2e22bv3q0snh9wh"}
{"type":"operationStart","subtype":"render","name":"orders-main","previousOperationId":"i0siol2yhbhnv2m","timestamp":1705684023570,"id":"cs4syqoc6d2rqb9","previousEventId":"4o44pt6le0ta6tm","operationId":"fg9czbvvd0acdqw"}
{"type":"log","timestamp":1705684023570,"level":"info","message":"Starting rendering request 15","meta":{"rootId":"gv6a5y6yej7t5n1","id":"gv6a5y6yej7t5n1"},"id":"uqe3v42ba1i5lf5","previousOperationId":"fg9czbvvd0acdqw"}
{"type":"log","timestamp":1705684023570,"level":"info","message":"Rendering template { name: orders-main, recipe: chrome-pdf, engine: handlebars, preview: true }","meta":{"rootId":"gv6a5y6yej7t5n1","id":"gv6a5y6yej7t5n1"},"id":"0wlfg0m71jd39n2","previousOperationId":"fg9czbvvd0acdqw"}
{"type":"log","timestamp":1705684023571,"level":"debug","message":"Data item not defined for this template.","meta":{"rootId":"gv6a5y6yej7t5n1","id":"gv6a5y6yej7t5n1"},"id":"hi9c44nvy6byx4l","previousOperationId":"fg9czbvvd0acdqw"}
{"type":"log","timestamp":1705684023572,"level":"debug","message":"Executing script orders-script (beforeRender)","meta":{"rootId":"gv6a5y6yej7t5n1","id":"gv6a5y6yej7t5n1"},"id":"jangbet9ut76z7p","previousOperationId":"fg9czbvvd0acdqw"}
{"type":"operationStart","subtype":"scriptsBeforeRender","name":"scripts beforeRender","timestamp":1705684023590,"id":"owev1ml45fw7i1p","previousEventId":"cs4syqoc6d2rqb9","operationId":"cbs2nlod5re1bj4","previousOperationId":"fg9czbvvd0acdqw"}
{"type":"operationStart","subtype":"script","name":"scripts orders-script","previousOperationId":"cbs2nlod5re1bj4","timestamp":1705684023590,"id":"ixzysq01e8cwkyx","previousEventId":"owev1ml45fw7i1p","operationId":"xhg6bei5uy43qiu"}
{"type":"log","timestamp":1705684023601,"level":"debug","message":"(console:log) [ 'Race1', 'Race2' ]","meta":{"userLevel":true,"rootId":"gv6a5y6yej7t5n1","id":"gv6a5y6yej7t5n1"},"id":"41ly53v4fmjca5y","previousOperationId":"xhg6bei5uy43qiu"}
{"type":"log","timestamp":1705684023601,"level":"debug","message":"(console:log) [ 2, 1 ]","meta":{"userLevel":true,"rootId":"gv6a5y6yej7t5n1","id":"gv6a5y6yej7t5n1"},"id":"4z3zbbameh6ez7f","previousOperationId":"xhg6bei5uy43qiu"}
{"type":"operationEnd","operationId":"xhg6bei5uy43qiu","timestamp":1705684023601,"id":"cijoz7vumesy68e","previousEventId":"cs4syqoc6d2rqb9","previousOperationId":"fg9czbvvd0acdqw"}
{"type":"operationEnd","operationId":"cbs2nlod5re1bj4","timestamp":1705684023601,"id":"7gt783e7ntnc0uu","previousEventId":"cijoz7vumesy68e","previousOperationId":"fg9czbvvd0acdqw"}
{"type":"log","timestamp":1705684023602,"level":"debug","message":"Base url not specified, skipping its injection.","meta":{"rootId":"gv6a5y6yej7t5n1","id":"gv6a5y6yej7t5n1"},"id":"arxaxp60ly03lax","previousOperationId":"cbs2nlod5re1bj4"}
{"type":"operationStart","subtype":"engine","name":"handlebars","timestamp":1705684023602,"id":"qjd52gn33zqj33v","previousEventId":"7gt783e7ntnc0uu","operationId":"509hkk7g73gxloy","previousOperationId":"cbs2nlod5re1bj4"}
{"type":"log","timestamp":1705684023602,"level":"debug","message":"Rendering engine handlebars","meta":{"rootId":"gv6a5y6yej7t5n1","id":"gv6a5y6yej7t5n1"},"id":"znmahu2c5u6wb6p","previousOperationId":"509hkk7g73gxloy"}
{"type":"log","timestamp":1705684023614,"level":"debug","message":"(console:log) Pdf utils adding group field, value: \"Race1\"","meta":{"userLevel":true,"rootId":"gv6a5y6yej7t5n1","id":"gv6a5y6yej7t5n1"},"id":"6w1g3xj2xriygpm","previousOperationId":"509hkk7g73gxloy"}
{"type":"log","timestamp":1705684023614,"level":"debug","message":"(console:log) Pdf utils adding group field, value: \"Race2\"","meta":{"userLevel":true,"rootId":"gv6a5y6yej7t5n1","id":"gv6a5y6yej7t5n1"},"id":"nrz6n47pydqcofh","previousOperationId":"509hkk7g73gxloy"}
{"type":"operationEnd","operationId":"509hkk7g73gxloy","timestamp":1705684023614,"id":"av7yufx66bu8rtv","previousEventId":"qjd52gn33zqj33v","previousOperationId":"509hkk7g73gxloy"}
{"type":"operationStart","subtype":"recipe","name":"chrome-pdf","timestamp":1705684023614,"id":"3jui3bbzq2xtmid","previousEventId":"av7yufx66bu8rtv","operationId":"0fp5l4u44jh9bth","previousOperationId":"509hkk7g73gxloy"}
{"type":"log","timestamp":1705684023614,"level":"debug","message":"Executing recipe chrome-pdf","meta":{"rootId":"gv6a5y6yej7t5n1","id":"gv6a5y6yej7t5n1"},"id":"xpgjt9j08cwew1q","previousOperationId":"0fp5l4u44jh9bth"}
{"type":"log","timestamp":1705684023616,"level":"debug","message":"Converting with chrome HeadlessChrome/117.0.5938.149 using chrome-pool strategy","meta":{"rootId":"gv6a5y6yej7t5n1","id":"gv6a5y6yej7t5n1"},"id":"3wbtx59r9a4cjwu","previousOperationId":"0fp5l4u44jh9bth"}
{"type":"log","timestamp":1705684023682,"level":"debug","message":"Page request: GET (document) file:///C:/Users/DANIEL~1/AppData/Local/Temp/jsreport/autocleanup/5f0242e3-531f-457a-92ce-e61a2d5e8d3f-chrome-pdf.html","meta":{"rootId":"gv6a5y6yej7t5n1","id":"gv6a5y6yej7t5n1"},"id":"y227th03r0rhgiq","previousOperationId":"0fp5l4u44jh9bth"}
{"type":"log","timestamp":1705684023699,"level":"debug","message":"Page request: GET (stylesheet) https://cdnjs.cloudflare.com/ajax/libs/metro/4.1.5/css/metro.min.css","meta":{"rootId":"gv6a5y6yej7t5n1","id":"gv6a5y6yej7t5n1"},"id":"99pgz69lbwpzm6w","previousOperationId":"0fp5l4u44jh9bth"}
{"type":"log","timestamp":1705684023700,"level":"debug","message":"Page request: GET (script) https://cdn.jsdelivr.net/npm/chart.js","meta":{"rootId":"gv6a5y6yej7t5n1","id":"gv6a5y6yej7t5n1"},"id":"y5ttsias9mku2qy","previousOperationId":"0fp5l4u44jh9bth"}
{"type":"log","timestamp":1705684023700,"level":"debug","message":"Page request finished: GET (document) 200 file:///C:/Users/DANIEL~1/AppData/Local/Temp/jsreport/autocleanup/5f0242e3-531f-457a-92ce-e61a2d5e8d3f-chrome-pdf.html","meta":{"rootId":"gv6a5y6yej7t5n1","id":"gv6a5y6yej7t5n1"},"id":"i5qdkytkksxqxbd","previousOperationId":"0fp5l4u44jh9bth"}
{"type":"log","timestamp":1705684023703,"level":"debug","message":"Page request finished: GET (script) 200 https://cdn.jsdelivr.net/npm/chart.js","meta":{"rootId":"gv6a5y6yej7t5n1","id":"gv6a5y6yej7t5n1"},"id":"jsx0sug2ojr4qls","previousOperationId":"0fp5l4u44jh9bth"}
{"type":"log","timestamp":1705684023712,"level":"debug","message":"Page request finished: GET (stylesheet) 200 https://cdnjs.cloudflare.com/ajax/libs/metro/4.1.5/css/metro.min.css","meta":{"rootId":"gv6a5y6yej7t5n1","id":"gv6a5y6yej7t5n1"},"id":"6onx9xvbi5c9qc2","previousOperationId":"0fp5l4u44jh9bth"}
{"type":"log","timestamp":1705684023774,"level":"debug","message":"Running chrome with params {\"printBackground\":true,\"marginTop\":\"4cm\",\"marginRight\":\"1.5cm\",\"marginBottom\":\"1.5cm\",\"marginLeft\":\"1.5cm\",\"waitForJS\":false,\"timeout\":59947,\"margin\":{\"top\":\"4cm\",\"right\":\"1.5cm\",\"bottom\":\"1.5cm\",\"left\":\"1.5cm\"}}","meta":{"rootId":"gv6a5y6yej7t5n1","id":"gv6a5y6yej7t5n1"},"id":"mubg6d57c3zfivp","previousOperationId":"0fp5l4u44jh9bth"}
{"type":"operationEnd","operationId":"0fp5l4u44jh9bth","timestamp":1705684023837,"id":"t7ee0s5ixi0hmwg","previousEventId":"3jui3bbzq2xtmid","previousOperationId":"0fp5l4u44jh9bth"}
{"type":"log","timestamp":1705684023837,"level":"info","message":"pdf-utils is starting pdf processing","meta":{"rootId":"gv6a5y6yej7t5n1","id":"gv6a5y6yej7t5n1"},"id":"79mo0h82stu72si","previousOperationId":"0fp5l4u44jh9bth"}
{"type":"operationStart","subtype":"pdfUtils","name":"pdf utils","timestamp":1705684023837,"id":"5m0sqk1f17apj7t","previousEventId":"t7ee0s5ixi0hmwg","operationId":"vovymadgssvt1iq","previousOperationId":"0fp5l4u44jh9bth"}
{"type":"log","timestamp":1705684023837,"level":"debug","message":"pdf-utils detected 1 pdf operation(s) to process","meta":{"rootId":"gv6a5y6yej7t5n1","id":"gv6a5y6yej7t5n1"},"id":"17c1a04eyxxc6rx","previousOperationId":"vovymadgssvt1iq"}
{"type":"log","timestamp":1705684023850,"level":"debug","message":"pdf-utils running pdf operation merge","meta":{"rootId":"gv6a5y6yej7t5n1","id":"gv6a5y6yej7t5n1"},"id":"0q3l0krjuc8omxd","previousOperationId":"vovymadgssvt1iq"}
{"type":"operationStart","subtype":"pdfUtilsMerge","name":"pdf utils merge","previousOperationId":"vovymadgssvt1iq","timestamp":1705684023850,"id":"ar6acb3eu0pc7gm","previousEventId":"5m0sqk1f17apj7t","operationId":"j1x858zmi8clg60"}
{"type":"operationStart","subtype":"render","name":"orders-header","previousOperationId":"j1x858zmi8clg60","timestamp":1705684023851,"id":"kgotq0ihxavcj8q","previousEventId":"ar6acb3eu0pc7gm","operationId":"sxkh0od8x9idzy5"}
{"type":"log","timestamp":1705684023851,"level":"info","message":"Starting rendering (child) request","meta":{"rootId":"gv6a5y6yej7t5n1","id":"itfv7bhtye4d7jx"},"id":"ysy61yc1ujt84yt","previousOperationId":"sxkh0od8x9idzy5"}
{"type":"log","timestamp":1705684023851,"level":"info","message":"Rendering template { name: orders-header, recipe: chrome-pdf, engine: handlebars, preview: true }","meta":{"rootId":"gv6a5y6yej7t5n1","id":"itfv7bhtye4d7jx"},"id":"7v3f51b3dsnqidi","previousOperationId":"sxkh0od8x9idzy5"}
{"type":"log","timestamp":1705684023851,"level":"debug","message":"Inline data specified.","meta":{"rootId":"gv6a5y6yej7t5n1","id":"itfv7bhtye4d7jx"},"id":"8t5li39fi47eto1","previousOperationId":"sxkh0od8x9idzy5"}
{"type":"log","timestamp":1705684023853,"level":"debug","message":"Base url not specified, skipping its injection.","meta":{"rootId":"gv6a5y6yej7t5n1","id":"itfv7bhtye4d7jx"},"id":"2n4i94pg8h1tods","previousOperationId":"sxkh0od8x9idzy5"}
{"type":"operationStart","subtype":"engine","name":"handlebars","timestamp":1705684023854,"id":"mq62tkcoo2yqnjf","previousEventId":"kgotq0ihxavcj8q","operationId":"le26vbwp3a38ped","previousOperationId":"sxkh0od8x9idzy5"}
{"type":"log","timestamp":1705684023854,"level":"debug","message":"Rendering engine handlebars","meta":{"rootId":"gv6a5y6yej7t5n1","id":"itfv7bhtye4d7jx"},"id":"h1g10zli17y0314","previousOperationId":"le26vbwp3a38ped"}
{"type":"operationEnd","operationId":"le26vbwp3a38ped","timestamp":1705684023865,"id":"aebxsf6u1dn8sjx","previousEventId":"mq62tkcoo2yqnjf","previousOperationId":"le26vbwp3a38ped"}
{"type":"operationStart","subtype":"recipe","name":"chrome-pdf","timestamp":1705684023865,"id":"13p1qu75z74efgm","previousEventId":"aebxsf6u1dn8sjx","operationId":"zmyt0u42k6ce9vf","previousOperationId":"le26vbwp3a38ped"}
{"type":"log","timestamp":1705684023865,"level":"debug","message":"Executing recipe chrome-pdf","meta":{"rootId":"gv6a5y6yej7t5n1","id":"itfv7bhtye4d7jx"},"id":"v2cjcenxm3jvs6h","previousOperationId":"zmyt0u42k6ce9vf"}
{"type":"log","timestamp":1705684023867,"level":"debug","message":"Converting with chrome HeadlessChrome/117.0.5938.149 using chrome-pool strategy","meta":{"rootId":"gv6a5y6yej7t5n1","id":"itfv7bhtye4d7jx"},"id":"e6xheac3jm4rcr4","previousOperationId":"zmyt0u42k6ce9vf"}
{"type":"log","timestamp":1705684023931,"level":"debug","message":"Page request: GET (document) file:///C:/Users/DANIEL~1/AppData/Local/Temp/jsreport/autocleanup/2756a71b-93b0-4769-b2cf-a022334f3585-chrome-pdf.html","meta":{"rootId":"gv6a5y6yej7t5n1","id":"itfv7bhtye4d7jx"},"id":"zhs9bdswtk5vlun","previousOperationId":"zmyt0u42k6ce9vf"}
{"type":"log","timestamp":1705684023938,"level":"debug","message":"Page request: GET (stylesheet) https://cdnjs.cloudflare.com/ajax/libs/metro/4.1.5/css/metro.min.css","meta":{"rootId":"gv6a5y6yej7t5n1","id":"itfv7bhtye4d7jx"},"id":"rglog9csyhkhp0w","previousOperationId":"zmyt0u42k6ce9vf"}
{"type":"log","timestamp":1705684023938,"level":"debug","message":"Page request finished: GET (document) 200 file:///C:/Users/DANIEL~1/AppData/Local/Temp/jsreport/autocleanup/2756a71b-93b0-4769-b2cf-a022334f3585-chrome-pdf.html","meta":{"rootId":"gv6a5y6yej7t5n1","id":"itfv7bhtye4d7jx"},"id":"g4dzc0hl1u85pvv","previousOperationId":"zmyt0u42k6ce9vf"}
{"type":"log","timestamp":1705684023951,"level":"debug","message":"Page request finished: GET (stylesheet) 200 https://cdnjs.cloudflare.com/ajax/libs/metro/4.1.5/css/metro.min.css","meta":{"rootId":"gv6a5y6yej7t5n1","id":"itfv7bhtye4d7jx"},"id":"boupe6vienkyv78","previousOperationId":"zmyt0u42k6ce9vf"}
{"type":"log","timestamp":1705684023964,"level":"debug","message":"Running chrome with params {\"printBackground\":true,\"marginTop\":\"1.5cm\",\"marginRight\":\"1.5cm\",\"marginLeft\":\"1.cm\",\"timeout\":59696,\"margin\":{\"top\":\"1.5cm\",\"right\":\"1.5cm\",\"left\":\"1.cm\"}}","meta":{"rootId":"gv6a5y6yej7t5n1","id":"itfv7bhtye4d7jx"},"id":"xnq0ipkbhujayr1","previousOperationId":"zmyt0u42k6ce9vf"}
{"type":"operationEnd","operationId":"zmyt0u42k6ce9vf","timestamp":1705684023992,"id":"4mx5mm3ezdjpvcg","previousEventId":"13p1qu75z74efgm","previousOperationId":"zmyt0u42k6ce9vf"}
{"type":"log","timestamp":1705684023992,"level":"debug","message":"Skipping storing report.","meta":{"rootId":"gv6a5y6yej7t5n1","id":"itfv7bhtye4d7jx"},"id":"hcyzobg12sfkvft","previousOperationId":"zmyt0u42k6ce9vf"}
{"type":"log","timestamp":1705684023992,"level":"info","message":"Rendering (child) request finished in 430 ms","meta":{"rootId":"gv6a5y6yej7t5n1","id":"itfv7bhtye4d7jx"},"id":"9opq86u3q81yins","previousOperationId":"zmyt0u42k6ce9vf"}
{"type":"operationEnd","subtype":"render","operationId":"sxkh0od8x9idzy5","timestamp":1705684023992,"id":"v04scnen2b4q2vm","previousEventId":"4mx5mm3ezdjpvcg","previousOperationId":"zmyt0u42k6ce9vf"}
{"type":"operationEnd","operationId":"j1x858zmi8clg60","timestamp":1705684023999,"id":"z0es3l237mk3c7l","previousEventId":"ar6acb3eu0pc7gm","previousOperationId":"j1x858zmi8clg60"}
{"type":"log","timestamp":1705684023999,"level":"debug","message":"pdf-utils postproces start","meta":{"rootId":"gv6a5y6yej7t5n1","id":"gv6a5y6yej7t5n1"},"id":"8s7vf24w0dob50g","previousOperationId":"j1x858zmi8clg60"}
{"type":"log","timestamp":1705684024007,"level":"debug","message":"pdf-utils postproces end","meta":{"rootId":"gv6a5y6yej7t5n1","id":"gv6a5y6yej7t5n1"},"id":"vphgvvoe6hq6zg8","previousOperationId":"j1x858zmi8clg60"}
{"type":"operationEnd","operationId":"vovymadgssvt1iq","timestamp":1705684024007,"id":"hn6jl2m9kmhicur","previousEventId":"z0es3l237mk3c7l","previousOperationId":"j1x858zmi8clg60"}
{"type":"log","timestamp":1705684024007,"level":"info","message":"pdf-utils pdf processing was finished","meta":{"rootId":"gv6a5y6yej7t5n1","id":"gv6a5y6yej7t5n1"},"id":"tgb1340961zvhi6","previousOperationId":"vovymadgssvt1iq"}
{"type":"log","timestamp":1705684024007,"level":"debug","message":"Skipping storing report.","meta":{"rootId":"gv6a5y6yej7t5n1","id":"gv6a5y6yej7t5n1"},"id":"3jviwpcx0sy05ox","previousOperationId":"vovymadgssvt1iq"}
{"type":"log","timestamp":1705684024007,"level":"info","message":"Rendering request 15 finished in 445 ms","meta":{"rootId":"gv6a5y6yej7t5n1","id":"gv6a5y6yej7t5n1"},"id":"9z4e86fsa2lvgsv","previousOperationId":"vovymadgssvt1iq"}
{"type":"operationEnd","subtype":"render","operationId":"fg9czbvvd0acdqw","timestamp":1705684024007,"id":"uhqzgzo2zcp5iiu","previousEventId":"hn6jl2m9kmhicur","previousOperationId":"vovymadgssvt1iq"}
{"type":"operationEnd","doDiffs":false,"previousEventId":"4o44pt6le0ta6tm","previousOperationId":"i0siol2yhbhnv2m","operationId":"i0siol2yhbhnv2m","timestamp":1705684024015,"id":"sunyluwf5lxkn5i"}
