{"type":"operationStart","subtype":"profile","data":{"_id":"ekEfXYtyhHHe3Eg8","timestamp":"2024-02-19T16:31:39.113Z","state":"queued","mode":"standard","creationDate":"2024-02-19T16:31:39.113Z","modificationDate":"2024-02-19T16:31:39.113Z","shortid":"QKE1F-I","$entitySet":"profiles"},"doDiffs":false,"timestamp":1708360299113,"id":"o2ozryfw197frhi","previousOperationId":null,"operationId":"3w5yfic9a3562rl"}
{"type":"log","level":"info","message":"Render request 21 queued for execution and waiting for available worker","previousOperationId":"3w5yfic9a3562rl","timestamp":1708360299113,"id":"km4xs8bi66yc3q1"}
{"type":"operationStart","subtype":"render","name":"orders-main","previousOperationId":"3w5yfic9a3562rl","timestamp":1708360299120,"id":"mbfleuye0vauhed","previousEventId":"o2ozryfw197frhi","operationId":"0p8rklv5uukxfg8"}
{"type":"log","timestamp":1708360299120,"level":"info","message":"Starting rendering request 21","meta":{"rootId":"hug2ud5etm7gex6","id":"hug2ud5etm7gex6"},"id":"tqhpxwytyl6xekw","previousOperationId":"0p8rklv5uukxfg8"}
{"type":"log","timestamp":1708360299121,"level":"info","message":"Rendering template { name: orders-main, recipe: chrome-pdf, engine: handlebars, preview: true }","meta":{"rootId":"hug2ud5etm7gex6","id":"hug2ud5etm7gex6"},"id":"6auxvzi498sgclb","previousOperationId":"0p8rklv5uukxfg8"}
{"type":"log","timestamp":1708360299121,"level":"debug","message":"Data item not defined for this template.","meta":{"rootId":"hug2ud5etm7gex6","id":"hug2ud5etm7gex6"},"id":"n1do6dfaaok85sq","previousOperationId":"0p8rklv5uukxfg8"}
{"type":"log","timestamp":1708360299123,"level":"debug","message":"Executing script orders-script (beforeRender)","meta":{"rootId":"hug2ud5etm7gex6","id":"hug2ud5etm7gex6"},"id":"88dda9owdipvaqi","previousOperationId":"0p8rklv5uukxfg8"}
{"type":"operationStart","subtype":"scriptsBeforeRender","name":"scripts beforeRender","timestamp":1708360299140,"id":"6yz09j2bwuj9cv7","previousEventId":"mbfleuye0vauhed","operationId":"ippqsq1vywxl4uy","previousOperationId":"0p8rklv5uukxfg8"}
{"type":"operationStart","subtype":"script","name":"scripts orders-script","previousOperationId":"ippqsq1vywxl4uy","timestamp":1708360299140,"id":"gi34n7xto4ehvnb","previousEventId":"6yz09j2bwuj9cv7","operationId":"h9x71t4nyzeqj2w"}
{"type":"log","timestamp":1708360299172,"level":"debug","message":"(console:log) [ 'ola' ]","meta":{"userLevel":true,"rootId":"hug2ud5etm7gex6","id":"hug2ud5etm7gex6"},"id":"m23rzbdg0plc4by","previousOperationId":"h9x71t4nyzeqj2w"}
{"type":"log","timestamp":1708360299172,"level":"debug","message":"(console:log) [ 1 ]","meta":{"userLevel":true,"rootId":"hug2ud5etm7gex6","id":"hug2ud5etm7gex6"},"id":"alwodytvkipddrn","previousOperationId":"h9x71t4nyzeqj2w"}
{"type":"operationEnd","operationId":"h9x71t4nyzeqj2w","timestamp":1708360299173,"id":"8s554ixzgmx2eyu","previousEventId":"mbfleuye0vauhed","previousOperationId":"0p8rklv5uukxfg8"}
{"type":"operationEnd","operationId":"ippqsq1vywxl4uy","timestamp":1708360299173,"id":"gidjld7xoovnl9e","previousEventId":"8s554ixzgmx2eyu","previousOperationId":"0p8rklv5uukxfg8"}
{"type":"log","timestamp":1708360299173,"level":"debug","message":"Base url not specified, skipping its injection.","meta":{"rootId":"hug2ud5etm7gex6","id":"hug2ud5etm7gex6"},"id":"dnaqynt2azm7zur","previousOperationId":"ippqsq1vywxl4uy"}
{"type":"operationStart","subtype":"engine","name":"handlebars","timestamp":1708360299173,"id":"x336itl0pfaercs","previousEventId":"gidjld7xoovnl9e","operationId":"9zzf0q3mvdxv2nr","previousOperationId":"ippqsq1vywxl4uy"}
{"type":"log","timestamp":1708360299173,"level":"debug","message":"Rendering engine handlebars","meta":{"rootId":"hug2ud5etm7gex6","id":"hug2ud5etm7gex6"},"id":"2b32as4l8kjx8nn","previousOperationId":"9zzf0q3mvdxv2nr"}
{"type":"log","timestamp":1708360299178,"level":"debug","message":"(console:log) Pdf utils adding group field, value: \"ola\"","meta":{"userLevel":true,"rootId":"hug2ud5etm7gex6","id":"hug2ud5etm7gex6"},"id":"dnyuxx5gpk82jlk","previousOperationId":"9zzf0q3mvdxv2nr"}
{"type":"operationEnd","operationId":"9zzf0q3mvdxv2nr","timestamp":1708360299178,"id":"8bn78fivnueblir","previousEventId":"x336itl0pfaercs","previousOperationId":"9zzf0q3mvdxv2nr"}
{"type":"operationStart","subtype":"recipe","name":"chrome-pdf","timestamp":1708360299179,"id":"oqc2xcw27d2lkga","previousEventId":"8bn78fivnueblir","operationId":"pkecvsgf9y85h90","previousOperationId":"9zzf0q3mvdxv2nr"}
{"type":"log","timestamp":1708360299179,"level":"debug","message":"Executing recipe chrome-pdf","meta":{"rootId":"hug2ud5etm7gex6","id":"hug2ud5etm7gex6"},"id":"80yiv7wam0p8jcl","previousOperationId":"pkecvsgf9y85h90"}
{"type":"log","timestamp":1708360299180,"level":"debug","message":"Converting with chrome HeadlessChrome/117.0.5938.149 using chrome-pool strategy","meta":{"rootId":"hug2ud5etm7gex6","id":"hug2ud5etm7gex6"},"id":"54v2q8i71q7r0j2","previousOperationId":"pkecvsgf9y85h90"}
{"type":"log","timestamp":1708360299230,"level":"debug","message":"Page request: GET (document) file:///var/folders/tp/6hccbwhd41s4hkmxw_2wkz640000gn/T/jsreport/autocleanup/7652a973-8cb9-47b8-b1e3-f2bc499d141e-chrome-pdf.html","meta":{"rootId":"hug2ud5etm7gex6","id":"hug2ud5etm7gex6"},"id":"ig6mhzpnfynove3","previousOperationId":"pkecvsgf9y85h90"}
{"type":"log","timestamp":1708360299236,"level":"debug","message":"Page request: GET (stylesheet) https://cdnjs.cloudflare.com/ajax/libs/metro/4.1.5/css/metro.min.css","meta":{"rootId":"hug2ud5etm7gex6","id":"hug2ud5etm7gex6"},"id":"4g6ieovr31ojwci","previousOperationId":"pkecvsgf9y85h90"}
{"type":"log","timestamp":1708360299236,"level":"debug","message":"Page request: GET (script) https://cdn.jsdelivr.net/npm/chart.js","meta":{"rootId":"hug2ud5etm7gex6","id":"hug2ud5etm7gex6"},"id":"41jwtzlvlso5owe","previousOperationId":"pkecvsgf9y85h90"}
{"type":"log","timestamp":1708360299236,"level":"debug","message":"Page request finished: GET (document) 200 file:///var/folders/tp/6hccbwhd41s4hkmxw_2wkz640000gn/T/jsreport/autocleanup/7652a973-8cb9-47b8-b1e3-f2bc499d141e-chrome-pdf.html","meta":{"rootId":"hug2ud5etm7gex6","id":"hug2ud5etm7gex6"},"id":"a9zqkoj9sextfwd","previousOperationId":"pkecvsgf9y85h90"}
{"type":"log","timestamp":1708360299239,"level":"debug","message":"Page request finished: GET (script) 200 https://cdn.jsdelivr.net/npm/chart.js","meta":{"rootId":"hug2ud5etm7gex6","id":"hug2ud5etm7gex6"},"id":"2ogsxxhcjz7ar0x","previousOperationId":"pkecvsgf9y85h90"}
{"type":"log","timestamp":1708360299246,"level":"debug","message":"Page request finished: GET (stylesheet) 200 https://cdnjs.cloudflare.com/ajax/libs/metro/4.1.5/css/metro.min.css","meta":{"rootId":"hug2ud5etm7gex6","id":"hug2ud5etm7gex6"},"id":"c4u9v0zkatvzs3g","previousOperationId":"pkecvsgf9y85h90"}
{"type":"log","timestamp":1708360299297,"level":"debug","message":"Running chrome with params {\"printBackground\":true,\"marginTop\":\"4cm\",\"marginRight\":\"1.5cm\",\"marginBottom\":\"1.5cm\",\"marginLeft\":\"1.5cm\",\"waitForJS\":false,\"timeout\":59934,\"margin\":{\"top\":\"4cm\",\"right\":\"1.5cm\",\"bottom\":\"1.5cm\",\"left\":\"1.5cm\"}}","meta":{"rootId":"hug2ud5etm7gex6","id":"hug2ud5etm7gex6"},"id":"1ua0l4d3u2i41w9","previousOperationId":"pkecvsgf9y85h90"}
{"type":"operationEnd","operationId":"pkecvsgf9y85h90","timestamp":1708360299327,"id":"qsvnzhm2l1f6rcx","previousEventId":"oqc2xcw27d2lkga","previousOperationId":"pkecvsgf9y85h90"}
{"type":"log","timestamp":1708360299327,"level":"info","message":"pdf-utils is starting pdf processing","meta":{"rootId":"hug2ud5etm7gex6","id":"hug2ud5etm7gex6"},"id":"iclgxu024kl0skr","previousOperationId":"pkecvsgf9y85h90"}
{"type":"operationStart","subtype":"pdfUtils","name":"pdf utils","timestamp":1708360299327,"id":"0xf2lz1n1n4kiaz","previousEventId":"qsvnzhm2l1f6rcx","operationId":"awy04aacey3t6g9","previousOperationId":"pkecvsgf9y85h90"}
{"type":"log","timestamp":1708360299327,"level":"debug","message":"pdf-utils detected 1 pdf operation(s) to process","meta":{"rootId":"hug2ud5etm7gex6","id":"hug2ud5etm7gex6"},"id":"142dn8rh9rek9rx","previousOperationId":"awy04aacey3t6g9"}
{"type":"log","timestamp":1708360299353,"level":"debug","message":"pdf-utils running pdf operation merge","meta":{"rootId":"hug2ud5etm7gex6","id":"hug2ud5etm7gex6"},"id":"43md6pslvcfugu1","previousOperationId":"awy04aacey3t6g9"}
{"type":"operationStart","subtype":"pdfUtilsMerge","name":"pdf utils merge","previousOperationId":"awy04aacey3t6g9","timestamp":1708360299353,"id":"bt7jyy3lv60uxku","previousEventId":"0xf2lz1n1n4kiaz","operationId":"gdkkw09rkglvtvk"}
{"type":"operationStart","subtype":"render","name":"orders-header","previousOperationId":"gdkkw09rkglvtvk","timestamp":1708360299353,"id":"shz241g0zplkbdj","previousEventId":"bt7jyy3lv60uxku","operationId":"vqrkkrn759283g1"}
{"type":"log","timestamp":1708360299353,"level":"info","message":"Starting rendering (child) request","meta":{"rootId":"hug2ud5etm7gex6","id":"uvteefzd635o1gx"},"id":"wzdu4un40m9w8py","previousOperationId":"vqrkkrn759283g1"}
{"type":"log","timestamp":1708360299353,"level":"info","message":"Rendering template { name: orders-header, recipe: chrome-pdf, engine: handlebars, preview: true }","meta":{"rootId":"hug2ud5etm7gex6","id":"uvteefzd635o1gx"},"id":"86tciw28o9nmiqd","previousOperationId":"vqrkkrn759283g1"}
{"type":"log","timestamp":1708360299354,"level":"debug","message":"Inline data specified.","meta":{"rootId":"hug2ud5etm7gex6","id":"uvteefzd635o1gx"},"id":"aepdua55e1kfh3k","previousOperationId":"vqrkkrn759283g1"}
{"type":"log","timestamp":1708360299354,"level":"debug","message":"Base url not specified, skipping its injection.","meta":{"rootId":"hug2ud5etm7gex6","id":"uvteefzd635o1gx"},"id":"hm13b8xfzczxlkx","previousOperationId":"vqrkkrn759283g1"}
{"type":"operationStart","subtype":"engine","name":"handlebars","timestamp":1708360299354,"id":"00fjfdb8imrx65g","previousEventId":"shz241g0zplkbdj","operationId":"n8fywqfxx0kvsll","previousOperationId":"vqrkkrn759283g1"}
{"type":"log","timestamp":1708360299354,"level":"debug","message":"Rendering engine handlebars","meta":{"rootId":"hug2ud5etm7gex6","id":"uvteefzd635o1gx"},"id":"kdcgpiqkj21ybt3","previousOperationId":"n8fywqfxx0kvsll"}
{"type":"operationEnd","operationId":"n8fywqfxx0kvsll","timestamp":1708360299360,"id":"nw5bomnuth3xwpl","previousEventId":"00fjfdb8imrx65g","previousOperationId":"n8fywqfxx0kvsll"}
{"type":"operationStart","subtype":"recipe","name":"chrome-pdf","timestamp":1708360299360,"id":"4vwze57swv9njig","previousEventId":"nw5bomnuth3xwpl","operationId":"uh3jdzwjynwfv6r","previousOperationId":"n8fywqfxx0kvsll"}
{"type":"log","timestamp":1708360299360,"level":"debug","message":"Executing recipe chrome-pdf","meta":{"rootId":"hug2ud5etm7gex6","id":"uvteefzd635o1gx"},"id":"1cpd68aqdfmnu5d","previousOperationId":"uh3jdzwjynwfv6r"}
{"type":"log","timestamp":1708360299361,"level":"debug","message":"Converting with chrome HeadlessChrome/117.0.5938.149 using chrome-pool strategy","meta":{"rootId":"hug2ud5etm7gex6","id":"uvteefzd635o1gx"},"id":"3x81bk4aprp1y4j","previousOperationId":"uh3jdzwjynwfv6r"}
{"type":"log","timestamp":1708360299403,"level":"debug","message":"Page request: GET (document) file:///var/folders/tp/6hccbwhd41s4hkmxw_2wkz640000gn/T/jsreport/autocleanup/55432a77-11e0-4a7e-993a-740c1b5e73eb-chrome-pdf.html","meta":{"rootId":"hug2ud5etm7gex6","id":"uvteefzd635o1gx"},"id":"qox687qu310fprf","previousOperationId":"uh3jdzwjynwfv6r"}
{"type":"log","timestamp":1708360299409,"level":"debug","message":"Page request: GET (stylesheet) https://cdnjs.cloudflare.com/ajax/libs/metro/4.1.5/css/metro.min.css","meta":{"rootId":"hug2ud5etm7gex6","id":"uvteefzd635o1gx"},"id":"tzi4bml0163lhkk","previousOperationId":"uh3jdzwjynwfv6r"}
{"type":"log","timestamp":1708360299409,"level":"debug","message":"Page request finished: GET (document) 200 file:///var/folders/tp/6hccbwhd41s4hkmxw_2wkz640000gn/T/jsreport/autocleanup/55432a77-11e0-4a7e-993a-740c1b5e73eb-chrome-pdf.html","meta":{"rootId":"hug2ud5etm7gex6","id":"uvteefzd635o1gx"},"id":"kqduuisgd830de1","previousOperationId":"uh3jdzwjynwfv6r"}
{"type":"log","timestamp":1708360299417,"level":"debug","message":"Page request finished: GET (stylesheet) 200 https://cdnjs.cloudflare.com/ajax/libs/metro/4.1.5/css/metro.min.css","meta":{"rootId":"hug2ud5etm7gex6","id":"uvteefzd635o1gx"},"id":"lq9a4mo1ngtgy2l","previousOperationId":"uh3jdzwjynwfv6r"}
{"type":"log","timestamp":1708360299436,"level":"debug","message":"Running chrome with params {\"printBackground\":true,\"marginTop\":\"1.5cm\",\"marginRight\":\"1.5cm\",\"marginLeft\":\"1.cm\",\"timeout\":59752,\"margin\":{\"top\":\"1.5cm\",\"right\":\"1.5cm\",\"left\":\"1.cm\"}}","meta":{"rootId":"hug2ud5etm7gex6","id":"uvteefzd635o1gx"},"id":"qpm8l7dsunor3ce","previousOperationId":"uh3jdzwjynwfv6r"}
{"type":"operationEnd","operationId":"uh3jdzwjynwfv6r","timestamp":1708360299456,"id":"7na23qycxuxxxrs","previousEventId":"4vwze57swv9njig","previousOperationId":"uh3jdzwjynwfv6r"}
{"type":"log","timestamp":1708360299456,"level":"debug","message":"Skipping storing report.","meta":{"rootId":"hug2ud5etm7gex6","id":"uvteefzd635o1gx"},"id":"ecuawipnm2hslk3","previousOperationId":"uh3jdzwjynwfv6r"}
{"type":"log","timestamp":1708360299456,"level":"info","message":"Rendering (child) request finished in 343 ms","meta":{"rootId":"hug2ud5etm7gex6","id":"uvteefzd635o1gx"},"id":"vskjq9hmremm28q","previousOperationId":"uh3jdzwjynwfv6r"}
{"type":"operationEnd","subtype":"render","operationId":"vqrkkrn759283g1","timestamp":1708360299456,"id":"4wc5bz4juxbshxi","previousEventId":"7na23qycxuxxxrs","previousOperationId":"uh3jdzwjynwfv6r"}
{"type":"operationEnd","operationId":"gdkkw09rkglvtvk","timestamp":1708360299472,"id":"tg010bur2q5cr1r","previousEventId":"bt7jyy3lv60uxku","previousOperationId":"gdkkw09rkglvtvk"}
{"type":"log","timestamp":1708360299472,"level":"debug","message":"pdf-utils postproces start","meta":{"rootId":"hug2ud5etm7gex6","id":"hug2ud5etm7gex6"},"id":"2zzr3mk8qq6m6e4","previousOperationId":"gdkkw09rkglvtvk"}
{"type":"log","timestamp":1708360299488,"level":"debug","message":"pdf-utils postproces end","meta":{"rootId":"hug2ud5etm7gex6","id":"hug2ud5etm7gex6"},"id":"5avptfto70od6zm","previousOperationId":"gdkkw09rkglvtvk"}
{"type":"operationEnd","operationId":"awy04aacey3t6g9","timestamp":1708360299488,"id":"4jjk0efsfxzuy5v","previousEventId":"tg010bur2q5cr1r","previousOperationId":"gdkkw09rkglvtvk"}
{"type":"log","timestamp":1708360299488,"level":"info","message":"pdf-utils pdf processing was finished","meta":{"rootId":"hug2ud5etm7gex6","id":"hug2ud5etm7gex6"},"id":"ji2emh3mcj442su","previousOperationId":"awy04aacey3t6g9"}
{"type":"log","timestamp":1708360299488,"level":"debug","message":"Skipping storing report.","meta":{"rootId":"hug2ud5etm7gex6","id":"hug2ud5etm7gex6"},"id":"hpztwxjj2d9jcq1","previousOperationId":"awy04aacey3t6g9"}
{"type":"log","timestamp":1708360299488,"level":"info","message":"Rendering request 21 finished in 375 ms","meta":{"rootId":"hug2ud5etm7gex6","id":"hug2ud5etm7gex6"},"id":"ryv8ieoq5o8fq8g","previousOperationId":"awy04aacey3t6g9"}
{"type":"operationEnd","subtype":"render","operationId":"0p8rklv5uukxfg8","timestamp":1708360299488,"id":"zfvng8kos5tx5nu","previousEventId":"4jjk0efsfxzuy5v","previousOperationId":"awy04aacey3t6g9"}
{"type":"operationEnd","doDiffs":false,"previousEventId":"o2ozryfw197frhi","previousOperationId":"3w5yfic9a3562rl","operationId":"3w5yfic9a3562rl","timestamp":1708360299489,"id":"oalv82uzcgtqawo"}
