{"type":"operationStart","subtype":"profile","data":{"_id":"NW9ZEJes24Ga2iPv","timestamp":"2024-02-19T16:28:10.849Z","state":"queued","mode":"standard","creationDate":"2024-02-19T16:28:10.850Z","modificationDate":"2024-02-19T16:28:10.850Z","shortid":"S7EL4Ky","$entitySet":"profiles"},"doDiffs":false,"timestamp":1708360090849,"id":"rmunzi5v2x33j7y","previousOperationId":null,"operationId":"dxwigobtc573i9c"}
{"type":"log","level":"info","message":"Render request 15 queued for execution and waiting for available worker","previousOperationId":"dxwigobtc573i9c","timestamp":1708360090850,"id":"0qjmgypbt9270z3"}
{"type":"operationStart","subtype":"render","name":"orders-main","previousOperationId":"dxwigobtc573i9c","timestamp":1708360090857,"id":"g1e6rfejznz3j63","previousEventId":"rmunzi5v2x33j7y","operationId":"004j4lp2sb6eyxz"}
{"type":"log","timestamp":1708360090857,"level":"info","message":"Starting rendering request 15","meta":{"rootId":"ibafhesg96oyjec","id":"ibafhesg96oyjec"},"id":"g17eqp4hw4lk2bm","previousOperationId":"004j4lp2sb6eyxz"}
{"type":"log","timestamp":1708360090857,"level":"info","message":"Rendering template { name: orders-main, recipe: chrome-pdf, engine: handlebars, preview: true }","meta":{"rootId":"ibafhesg96oyjec","id":"ibafhesg96oyjec"},"id":"ajik4rdrbqwu5oo","previousOperationId":"004j4lp2sb6eyxz"}
{"type":"log","timestamp":1708360090858,"level":"debug","message":"Data item not defined for this template.","meta":{"rootId":"ibafhesg96oyjec","id":"ibafhesg96oyjec"},"id":"1rzzv8e82h14ofn","previousOperationId":"004j4lp2sb6eyxz"}
{"type":"log","timestamp":1708360090860,"level":"debug","message":"Executing script orders-script (beforeRender)","meta":{"rootId":"ibafhesg96oyjec","id":"ibafhesg96oyjec"},"id":"cec212qc5wyt1n1","previousOperationId":"004j4lp2sb6eyxz"}
{"type":"operationStart","subtype":"scriptsBeforeRender","name":"scripts beforeRender","timestamp":1708360090874,"id":"nvh3odjdoh7frun","previousEventId":"g1e6rfejznz3j63","operationId":"ln61sqgfo43lyg7","previousOperationId":"004j4lp2sb6eyxz"}
{"type":"operationStart","subtype":"script","name":"scripts orders-script","previousOperationId":"ln61sqgfo43lyg7","timestamp":1708360090874,"id":"rrn4h5imrf36y85","previousEventId":"nvh3odjdoh7frun","operationId":"53xccrh8xsfqmka"}
{"type":"log","timestamp":1708360090880,"level":"debug","message":"(console:log) [ 'ola' ]","meta":{"userLevel":true,"rootId":"ibafhesg96oyjec","id":"ibafhesg96oyjec"},"id":"q8cmrnlr89pdrf6","previousOperationId":"53xccrh8xsfqmka"}
{"type":"log","timestamp":1708360090880,"level":"debug","message":"(console:log) [ 1 ]","meta":{"userLevel":true,"rootId":"ibafhesg96oyjec","id":"ibafhesg96oyjec"},"id":"8k140112lpqbcnn","previousOperationId":"53xccrh8xsfqmka"}
{"type":"operationEnd","operationId":"53xccrh8xsfqmka","timestamp":1708360090880,"id":"alp4azndwymwgu1","previousEventId":"g1e6rfejznz3j63","previousOperationId":"004j4lp2sb6eyxz"}
{"type":"operationEnd","operationId":"ln61sqgfo43lyg7","timestamp":1708360090880,"id":"in531c3dhli80gu","previousEventId":"alp4azndwymwgu1","previousOperationId":"004j4lp2sb6eyxz"}
{"type":"log","timestamp":1708360090881,"level":"debug","message":"Base url not specified, skipping its injection.","meta":{"rootId":"ibafhesg96oyjec","id":"ibafhesg96oyjec"},"id":"4laape4z8xbk91v","previousOperationId":"ln61sqgfo43lyg7"}
{"type":"operationStart","subtype":"engine","name":"handlebars","timestamp":1708360090881,"id":"blndjlnlg421lu2","previousEventId":"in531c3dhli80gu","operationId":"mgjzxoa62mlgfhy","previousOperationId":"ln61sqgfo43lyg7"}
{"type":"log","timestamp":1708360090881,"level":"debug","message":"Rendering engine handlebars","meta":{"rootId":"ibafhesg96oyjec","id":"ibafhesg96oyjec"},"id":"13x68vz0qkro691","previousOperationId":"mgjzxoa62mlgfhy"}
{"type":"log","timestamp":1708360090885,"level":"debug","message":"(console:log) Pdf utils adding group field, value: \"ola\"","meta":{"userLevel":true,"rootId":"ibafhesg96oyjec","id":"ibafhesg96oyjec"},"id":"qgmays8na2t9plj","previousOperationId":"mgjzxoa62mlgfhy"}
{"type":"operationEnd","operationId":"mgjzxoa62mlgfhy","timestamp":1708360090885,"id":"44x0av3xtrnxnej","previousEventId":"blndjlnlg421lu2","previousOperationId":"mgjzxoa62mlgfhy"}
{"type":"operationStart","subtype":"recipe","name":"chrome-pdf","timestamp":1708360090885,"id":"jiutvwue82pqt26","previousEventId":"44x0av3xtrnxnej","operationId":"zk2uw5hh7fh2ven","previousOperationId":"mgjzxoa62mlgfhy"}
{"type":"log","timestamp":1708360090885,"level":"debug","message":"Executing recipe chrome-pdf","meta":{"rootId":"ibafhesg96oyjec","id":"ibafhesg96oyjec"},"id":"fgdedyusj6b589a","previousOperationId":"zk2uw5hh7fh2ven"}
{"type":"log","timestamp":1708360090887,"level":"debug","message":"Converting with chrome HeadlessChrome/117.0.5938.149 using chrome-pool strategy","meta":{"rootId":"ibafhesg96oyjec","id":"ibafhesg96oyjec"},"id":"zjhzaa4abdqceay","previousOperationId":"zk2uw5hh7fh2ven"}
{"type":"log","timestamp":1708360090941,"level":"debug","message":"Page request: GET (document) file:///var/folders/tp/6hccbwhd41s4hkmxw_2wkz640000gn/T/jsreport/autocleanup/9ec4850d-3a9a-4e40-bf51-2c2cdd10059d-chrome-pdf.html","meta":{"rootId":"ibafhesg96oyjec","id":"ibafhesg96oyjec"},"id":"l4t0l4254aax02i","previousOperationId":"zk2uw5hh7fh2ven"}
{"type":"log","timestamp":1708360090947,"level":"debug","message":"Page request: GET (stylesheet) https://cdnjs.cloudflare.com/ajax/libs/metro/4.1.5/css/metro.min.css","meta":{"rootId":"ibafhesg96oyjec","id":"ibafhesg96oyjec"},"id":"wv0npfomwodfuhk","previousOperationId":"zk2uw5hh7fh2ven"}
{"type":"log","timestamp":1708360090948,"level":"debug","message":"Page request: GET (script) https://cdn.jsdelivr.net/npm/chart.js","meta":{"rootId":"ibafhesg96oyjec","id":"ibafhesg96oyjec"},"id":"quywhif4au148br","previousOperationId":"zk2uw5hh7fh2ven"}
{"type":"log","timestamp":1708360090948,"level":"debug","message":"Page request finished: GET (document) 200 file:///var/folders/tp/6hccbwhd41s4hkmxw_2wkz640000gn/T/jsreport/autocleanup/9ec4850d-3a9a-4e40-bf51-2c2cdd10059d-chrome-pdf.html","meta":{"rootId":"ibafhesg96oyjec","id":"ibafhesg96oyjec"},"id":"kxjr925ty7lcivv","previousOperationId":"zk2uw5hh7fh2ven"}
{"type":"log","timestamp":1708360090951,"level":"debug","message":"Page request finished: GET (script) 200 https://cdn.jsdelivr.net/npm/chart.js","meta":{"rootId":"ibafhesg96oyjec","id":"ibafhesg96oyjec"},"id":"f2v2fkskw6cze27","previousOperationId":"zk2uw5hh7fh2ven"}
{"type":"log","timestamp":1708360090957,"level":"debug","message":"Page request finished: GET (stylesheet) 200 https://cdnjs.cloudflare.com/ajax/libs/metro/4.1.5/css/metro.min.css","meta":{"rootId":"ibafhesg96oyjec","id":"ibafhesg96oyjec"},"id":"quodg80x0uj673b","previousOperationId":"zk2uw5hh7fh2ven"}
{"type":"log","timestamp":1708360091005,"level":"debug","message":"Running chrome with params {\"printBackground\":true,\"marginTop\":\"4cm\",\"marginRight\":\"1.5cm\",\"marginBottom\":\"1.5cm\",\"marginLeft\":\"1.5cm\",\"waitForJS\":false,\"timeout\":59963,\"margin\":{\"top\":\"4cm\",\"right\":\"1.5cm\",\"bottom\":\"1.5cm\",\"left\":\"1.5cm\"}}","meta":{"rootId":"ibafhesg96oyjec","id":"ibafhesg96oyjec"},"id":"mcne1e5l6purb3d","previousOperationId":"zk2uw5hh7fh2ven"}
{"type":"operationEnd","operationId":"zk2uw5hh7fh2ven","timestamp":1708360091035,"id":"n5j93avcz8ffqrm","previousEventId":"jiutvwue82pqt26","previousOperationId":"zk2uw5hh7fh2ven"}
{"type":"log","timestamp":1708360091035,"level":"info","message":"pdf-utils is starting pdf processing","meta":{"rootId":"ibafhesg96oyjec","id":"ibafhesg96oyjec"},"id":"ok350a6wr2kk44d","previousOperationId":"zk2uw5hh7fh2ven"}
{"type":"operationStart","subtype":"pdfUtils","name":"pdf utils","timestamp":1708360091035,"id":"oy0s2l7ucp5dvx3","previousEventId":"n5j93avcz8ffqrm","operationId":"4ej0o3qlilu5l3s","previousOperationId":"zk2uw5hh7fh2ven"}
{"type":"log","timestamp":1708360091035,"level":"debug","message":"pdf-utils detected 1 pdf operation(s) to process","meta":{"rootId":"ibafhesg96oyjec","id":"ibafhesg96oyjec"},"id":"zexhy2mta1g2ldv","previousOperationId":"4ej0o3qlilu5l3s"}
{"type":"log","timestamp":1708360091055,"level":"debug","message":"pdf-utils running pdf operation merge","meta":{"rootId":"ibafhesg96oyjec","id":"ibafhesg96oyjec"},"id":"ptylm6enk1wiqma","previousOperationId":"4ej0o3qlilu5l3s"}
{"type":"operationStart","subtype":"pdfUtilsMerge","name":"pdf utils merge","previousOperationId":"4ej0o3qlilu5l3s","timestamp":1708360091055,"id":"vi2p1q6lcdlx6kb","previousEventId":"oy0s2l7ucp5dvx3","operationId":"nbxfezbsltuewbi"}
{"type":"operationStart","subtype":"render","name":"orders-header","previousOperationId":"nbxfezbsltuewbi","timestamp":1708360091055,"id":"yckbe7pr6y7i574","previousEventId":"vi2p1q6lcdlx6kb","operationId":"brucueoi8j8pxb4"}
{"type":"log","timestamp":1708360091055,"level":"info","message":"Starting rendering (child) request","meta":{"rootId":"ibafhesg96oyjec","id":"l8992nm4ep2mvg9"},"id":"hlmedtu3rfetqph","previousOperationId":"brucueoi8j8pxb4"}
{"type":"log","timestamp":1708360091055,"level":"info","message":"Rendering template { name: orders-header, recipe: chrome-pdf, engine: handlebars, preview: true }","meta":{"rootId":"ibafhesg96oyjec","id":"l8992nm4ep2mvg9"},"id":"4axe1hiw9e2ebbl","previousOperationId":"brucueoi8j8pxb4"}
{"type":"log","timestamp":1708360091056,"level":"debug","message":"Inline data specified.","meta":{"rootId":"ibafhesg96oyjec","id":"l8992nm4ep2mvg9"},"id":"yy4woroxi93jmit","previousOperationId":"brucueoi8j8pxb4"}
{"type":"log","timestamp":1708360091056,"level":"debug","message":"Base url not specified, skipping its injection.","meta":{"rootId":"ibafhesg96oyjec","id":"l8992nm4ep2mvg9"},"id":"tunzfpsetnh1khy","previousOperationId":"brucueoi8j8pxb4"}
{"type":"operationStart","subtype":"engine","name":"handlebars","timestamp":1708360091056,"id":"8pezvk57dgr2sp2","previousEventId":"yckbe7pr6y7i574","operationId":"dxpvlpw1b1x4ka4","previousOperationId":"brucueoi8j8pxb4"}
{"type":"log","timestamp":1708360091056,"level":"debug","message":"Rendering engine handlebars","meta":{"rootId":"ibafhesg96oyjec","id":"l8992nm4ep2mvg9"},"id":"3ehjt1tkls2bkv9","previousOperationId":"dxpvlpw1b1x4ka4"}
{"type":"operationEnd","operationId":"dxpvlpw1b1x4ka4","timestamp":1708360091061,"id":"zo1xh7a8owtzh13","previousEventId":"8pezvk57dgr2sp2","previousOperationId":"dxpvlpw1b1x4ka4"}
{"type":"operationStart","subtype":"recipe","name":"chrome-pdf","timestamp":1708360091061,"id":"brv8hywcmkpsvmq","previousEventId":"zo1xh7a8owtzh13","operationId":"7niflnxo2jwv5ql","previousOperationId":"dxpvlpw1b1x4ka4"}
{"type":"log","timestamp":1708360091061,"level":"debug","message":"Executing recipe chrome-pdf","meta":{"rootId":"ibafhesg96oyjec","id":"l8992nm4ep2mvg9"},"id":"jf1x3sciqkqpop6","previousOperationId":"7niflnxo2jwv5ql"}
{"type":"log","timestamp":1708360091062,"level":"debug","message":"Converting with chrome HeadlessChrome/117.0.5938.149 using chrome-pool strategy","meta":{"rootId":"ibafhesg96oyjec","id":"l8992nm4ep2mvg9"},"id":"vun4pfco8ufvx9f","previousOperationId":"7niflnxo2jwv5ql"}
{"type":"log","timestamp":1708360091102,"level":"debug","message":"Page request: GET (document) file:///var/folders/tp/6hccbwhd41s4hkmxw_2wkz640000gn/T/jsreport/autocleanup/24919492-5ffd-4f7a-a0fa-9e5be5ecc61f-chrome-pdf.html","meta":{"rootId":"ibafhesg96oyjec","id":"l8992nm4ep2mvg9"},"id":"f1ttyzqx2jzpawr","previousOperationId":"7niflnxo2jwv5ql"}
{"type":"log","timestamp":1708360091108,"level":"debug","message":"Page request: GET (stylesheet) https://cdnjs.cloudflare.com/ajax/libs/metro/4.1.5/css/metro.min.css","meta":{"rootId":"ibafhesg96oyjec","id":"l8992nm4ep2mvg9"},"id":"lsjj39b5vec04y7","previousOperationId":"7niflnxo2jwv5ql"}
{"type":"log","timestamp":1708360091108,"level":"debug","message":"Page request finished: GET (document) 200 file:///var/folders/tp/6hccbwhd41s4hkmxw_2wkz640000gn/T/jsreport/autocleanup/24919492-5ffd-4f7a-a0fa-9e5be5ecc61f-chrome-pdf.html","meta":{"rootId":"ibafhesg96oyjec","id":"l8992nm4ep2mvg9"},"id":"gwp3rl6y4kfeqmk","previousOperationId":"7niflnxo2jwv5ql"}
{"type":"log","timestamp":1708360091115,"level":"debug","message":"Page request finished: GET (stylesheet) 200 https://cdnjs.cloudflare.com/ajax/libs/metro/4.1.5/css/metro.min.css","meta":{"rootId":"ibafhesg96oyjec","id":"l8992nm4ep2mvg9"},"id":"we0tuadait6una5","previousOperationId":"7niflnxo2jwv5ql"}
{"type":"log","timestamp":1708360091133,"level":"debug","message":"Running chrome with params {\"printBackground\":true,\"marginTop\":\"1.5cm\",\"marginRight\":\"1.5cm\",\"marginLeft\":\"1.cm\",\"timeout\":59788,\"margin\":{\"top\":\"1.5cm\",\"right\":\"1.5cm\",\"left\":\"1.cm\"}}","meta":{"rootId":"ibafhesg96oyjec","id":"l8992nm4ep2mvg9"},"id":"j6xb2qwp05nm2vd","previousOperationId":"7niflnxo2jwv5ql"}
{"type":"operationEnd","operationId":"7niflnxo2jwv5ql","timestamp":1708360091156,"id":"asqu4z3w1regzwd","previousEventId":"brv8hywcmkpsvmq","previousOperationId":"7niflnxo2jwv5ql"}
{"type":"log","timestamp":1708360091156,"level":"debug","message":"Skipping storing report.","meta":{"rootId":"ibafhesg96oyjec","id":"l8992nm4ep2mvg9"},"id":"icqigyeqgjzu6ma","previousOperationId":"7niflnxo2jwv5ql"}
{"type":"log","timestamp":1708360091156,"level":"info","message":"Rendering (child) request finished in 307 ms","meta":{"rootId":"ibafhesg96oyjec","id":"l8992nm4ep2mvg9"},"id":"3y5127z7p6677rg","previousOperationId":"7niflnxo2jwv5ql"}
{"type":"operationEnd","subtype":"render","operationId":"brucueoi8j8pxb4","timestamp":1708360091156,"id":"n8pf7lk8nizwn44","previousEventId":"asqu4z3w1regzwd","previousOperationId":"7niflnxo2jwv5ql"}
{"type":"operationEnd","operationId":"nbxfezbsltuewbi","timestamp":1708360091170,"id":"x83isb3oea8q5kk","previousEventId":"vi2p1q6lcdlx6kb","previousOperationId":"nbxfezbsltuewbi"}
{"type":"log","timestamp":1708360091170,"level":"debug","message":"pdf-utils postproces start","meta":{"rootId":"ibafhesg96oyjec","id":"ibafhesg96oyjec"},"id":"7ifsneeevoerqcs","previousOperationId":"nbxfezbsltuewbi"}
{"type":"log","timestamp":1708360091186,"level":"debug","message":"pdf-utils postproces end","meta":{"rootId":"ibafhesg96oyjec","id":"ibafhesg96oyjec"},"id":"ai4hk43uuxx99gm","previousOperationId":"nbxfezbsltuewbi"}
{"type":"operationEnd","operationId":"4ej0o3qlilu5l3s","timestamp":1708360091187,"id":"ppstb7pjqj46e3a","previousEventId":"x83isb3oea8q5kk","previousOperationId":"nbxfezbsltuewbi"}
{"type":"log","timestamp":1708360091187,"level":"info","message":"pdf-utils pdf processing was finished","meta":{"rootId":"ibafhesg96oyjec","id":"ibafhesg96oyjec"},"id":"l7myp66ok2dykdm","previousOperationId":"4ej0o3qlilu5l3s"}
{"type":"log","timestamp":1708360091187,"level":"debug","message":"Skipping storing report.","meta":{"rootId":"ibafhesg96oyjec","id":"ibafhesg96oyjec"},"id":"i5bk7p9notqr3pm","previousOperationId":"4ej0o3qlilu5l3s"}
{"type":"log","timestamp":1708360091187,"level":"info","message":"Rendering request 15 finished in 338 ms","meta":{"rootId":"ibafhesg96oyjec","id":"ibafhesg96oyjec"},"id":"f0awqy0oy14o7s8","previousOperationId":"4ej0o3qlilu5l3s"}
{"type":"operationEnd","subtype":"render","operationId":"004j4lp2sb6eyxz","timestamp":1708360091187,"id":"hpndkhx1wmqsd3x","previousEventId":"ppstb7pjqj46e3a","previousOperationId":"4ej0o3qlilu5l3s"}
{"type":"operationEnd","doDiffs":false,"previousEventId":"rmunzi5v2x33j7y","previousOperationId":"dxwigobtc573i9c","operationId":"dxwigobtc573i9c","timestamp":1708360091189,"id":"mm6bammux2sgb2r"}
