{"type":"operationStart","subtype":"profile","data":{"_id":"I93IcaWIFrGgmh9s","timestamp":"2024-01-18T18:14:02.497Z","state":"queued","mode":"standard","creationDate":"2024-01-18T18:14:02.498Z","modificationDate":"2024-01-18T18:14:02.498Z","shortid":"OGlsi_g","$entitySet":"profiles"},"doDiffs":false,"timestamp":1705601642498,"id":"b610ankuyx1ybbq","previousOperationId":null,"operationId":"obybjc96aw8a7gx"}
{"type":"log","level":"info","message":"Render request 26 queued for execution and waiting for available worker","previousOperationId":"obybjc96aw8a7gx","timestamp":1705601642498,"id":"or9uwql1x04k2k8"}
{"type":"operationStart","subtype":"render","name":"orders-main","previousOperationId":"obybjc96aw8a7gx","timestamp":1705601642504,"id":"6dtfan0fnqlx3wh","previousEventId":"b610ankuyx1ybbq","operationId":"m9lakvl6g52utqd"}
{"type":"log","timestamp":1705601642504,"level":"info","message":"Starting rendering request 26","meta":{"rootId":"iekapembs7r0tai","id":"iekapembs7r0tai"},"id":"io3b453ubl87aji","previousOperationId":"m9lakvl6g52utqd"}
{"type":"log","timestamp":1705601642504,"level":"info","message":"Rendering template { name: orders-main, recipe: chrome-pdf, engine: handlebars, preview: true }","meta":{"rootId":"iekapembs7r0tai","id":"iekapembs7r0tai"},"id":"e82wjg1c5gdk1bo","previousOperationId":"m9lakvl6g52utqd"}
{"type":"log","timestamp":1705601642505,"level":"debug","message":"Data item not defined for this template.","meta":{"rootId":"iekapembs7r0tai","id":"iekapembs7r0tai"},"id":"uz2l34b7r1sjp65","previousOperationId":"m9lakvl6g52utqd"}
{"type":"log","timestamp":1705601642506,"level":"debug","message":"Executing script orders-script (beforeRender)","meta":{"rootId":"iekapembs7r0tai","id":"iekapembs7r0tai"},"id":"0549necvqzdfdwv","previousOperationId":"m9lakvl6g52utqd"}
{"type":"operationStart","subtype":"scriptsBeforeRender","name":"scripts beforeRender","timestamp":1705601642514,"id":"wacq3vqatotodaw","previousEventId":"6dtfan0fnqlx3wh","operationId":"fu8qt8ddd3tf9km","previousOperationId":"m9lakvl6g52utqd"}
{"type":"operationStart","subtype":"script","name":"scripts orders-script","previousOperationId":"fu8qt8ddd3tf9km","timestamp":1705601642514,"id":"dxk29x3midehgom","previousEventId":"wacq3vqatotodaw","operationId":"265lpplqe02vhld"}
{"type":"log","timestamp":1705601642525,"level":"debug","message":"(console:log) [ 'Race1', 'Race2' ]","meta":{"userLevel":true,"rootId":"iekapembs7r0tai","id":"iekapembs7r0tai"},"id":"u0906lxr2t6q6cm","previousOperationId":"265lpplqe02vhld"}
{"type":"log","timestamp":1705601642525,"level":"debug","message":"(console:log) [ 2, 1 ]","meta":{"userLevel":true,"rootId":"iekapembs7r0tai","id":"iekapembs7r0tai"},"id":"4ymakwjmv6nut0d","previousOperationId":"265lpplqe02vhld"}
{"type":"operationEnd","operationId":"265lpplqe02vhld","timestamp":1705601642526,"id":"mfo8ymhel8o2213","previousEventId":"6dtfan0fnqlx3wh","previousOperationId":"m9lakvl6g52utqd"}
{"type":"operationEnd","operationId":"fu8qt8ddd3tf9km","timestamp":1705601642526,"id":"g87dhec9n3zrd6y","previousEventId":"mfo8ymhel8o2213","previousOperationId":"m9lakvl6g52utqd"}
{"type":"log","timestamp":1705601642526,"level":"debug","message":"Base url not specified, skipping its injection.","meta":{"rootId":"iekapembs7r0tai","id":"iekapembs7r0tai"},"id":"67f6u5v4butvd9p","previousOperationId":"fu8qt8ddd3tf9km"}
{"type":"operationStart","subtype":"engine","name":"handlebars","timestamp":1705601642526,"id":"h0oxkrw3hqh2y9h","previousEventId":"g87dhec9n3zrd6y","operationId":"lf6roinnomgli11","previousOperationId":"fu8qt8ddd3tf9km"}
{"type":"log","timestamp":1705601642526,"level":"debug","message":"Rendering engine handlebars","meta":{"rootId":"iekapembs7r0tai","id":"iekapembs7r0tai"},"id":"uuwqgp6bug2e682","previousOperationId":"lf6roinnomgli11"}
{"type":"log","timestamp":1705601642539,"level":"debug","message":"(console:log) Pdf utils adding group field, value: \"Race1\"","meta":{"userLevel":true,"rootId":"iekapembs7r0tai","id":"iekapembs7r0tai"},"id":"vvxoqivyhspf6ps","previousOperationId":"lf6roinnomgli11"}
{"type":"log","timestamp":1705601642539,"level":"debug","message":"(console:log) Pdf utils adding group field, value: \"Race2\"","meta":{"userLevel":true,"rootId":"iekapembs7r0tai","id":"iekapembs7r0tai"},"id":"eyjpsyvv8fq3jqy","previousOperationId":"lf6roinnomgli11"}
{"type":"operationEnd","operationId":"lf6roinnomgli11","timestamp":1705601642539,"id":"gzk7ucyqx23b1dc","previousEventId":"h0oxkrw3hqh2y9h","previousOperationId":"lf6roinnomgli11"}
{"type":"operationStart","subtype":"recipe","name":"chrome-pdf","timestamp":1705601642539,"id":"wiuw7x4ehgx4mha","previousEventId":"gzk7ucyqx23b1dc","operationId":"lkzzr8tmpl0seys","previousOperationId":"lf6roinnomgli11"}
{"type":"log","timestamp":1705601642539,"level":"debug","message":"Executing recipe chrome-pdf","meta":{"rootId":"iekapembs7r0tai","id":"iekapembs7r0tai"},"id":"8w17v9k6mkwx45o","previousOperationId":"lkzzr8tmpl0seys"}
{"type":"log","timestamp":1705601642541,"level":"debug","message":"Converting with chrome HeadlessChrome/117.0.5938.149 using chrome-pool strategy","meta":{"rootId":"iekapembs7r0tai","id":"iekapembs7r0tai"},"id":"qjv28z5zfght419","previousOperationId":"lkzzr8tmpl0seys"}
{"type":"log","timestamp":1705601642617,"level":"debug","message":"Page request: GET (document) file:///C:/Users/DANIEL~1/AppData/Local/Temp/jsreport/autocleanup/7c04f0c7-e7a7-4754-80e2-0de6ce8d0d95-chrome-pdf.html","meta":{"rootId":"iekapembs7r0tai","id":"iekapembs7r0tai"},"id":"gqxw442t5x52n86","previousOperationId":"lkzzr8tmpl0seys"}
{"type":"log","timestamp":1705601642636,"level":"debug","message":"Page request: GET (stylesheet) https://cdnjs.cloudflare.com/ajax/libs/metro/4.1.5/css/metro.min.css","meta":{"rootId":"iekapembs7r0tai","id":"iekapembs7r0tai"},"id":"e7auk547m3mmc5e","previousOperationId":"lkzzr8tmpl0seys"}
{"type":"log","timestamp":1705601642637,"level":"debug","message":"Page request: GET (script) https://cdn.jsdelivr.net/npm/chart.js","meta":{"rootId":"iekapembs7r0tai","id":"iekapembs7r0tai"},"id":"omcratxrhpgqdy7","previousOperationId":"lkzzr8tmpl0seys"}
{"type":"log","timestamp":1705601642637,"level":"debug","message":"Page request finished: GET (document) 200 file:///C:/Users/DANIEL~1/AppData/Local/Temp/jsreport/autocleanup/7c04f0c7-e7a7-4754-80e2-0de6ce8d0d95-chrome-pdf.html","meta":{"rootId":"iekapembs7r0tai","id":"iekapembs7r0tai"},"id":"gu387vn4464pr71","previousOperationId":"lkzzr8tmpl0seys"}
{"type":"log","timestamp":1705601642640,"level":"debug","message":"Page request finished: GET (script) 200 https://cdn.jsdelivr.net/npm/chart.js","meta":{"rootId":"iekapembs7r0tai","id":"iekapembs7r0tai"},"id":"onon9vtjabzv83i","previousOperationId":"lkzzr8tmpl0seys"}
{"type":"log","timestamp":1705601642649,"level":"debug","message":"Page request finished: GET (stylesheet) 200 https://cdnjs.cloudflare.com/ajax/libs/metro/4.1.5/css/metro.min.css","meta":{"rootId":"iekapembs7r0tai","id":"iekapembs7r0tai"},"id":"f11mdd3acn9f5nw","previousOperationId":"lkzzr8tmpl0seys"}
{"type":"log","timestamp":1705601642652,"level":"warn","message":"Page error: Unexpected identifier 'Object' , stack: SyntaxError: Unexpected identifier 'Object'","meta":{"rootId":"iekapembs7r0tai","id":"iekapembs7r0tai"},"id":"slviuvhld6hx3wl","previousOperationId":"lkzzr8tmpl0seys"}
{"type":"log","timestamp":1705601642672,"level":"debug","message":"Running chrome with params {\"printBackground\":true,\"marginTop\":\"4cm\",\"marginRight\":\"1.5cm\",\"marginBottom\":\"1.5cm\",\"marginLeft\":\"1.5cm\",\"waitForJS\":false,\"timeout\":59957,\"margin\":{\"top\":\"4cm\",\"right\":\"1.5cm\",\"bottom\":\"1.5cm\",\"left\":\"1.5cm\"}}","meta":{"rootId":"iekapembs7r0tai","id":"iekapembs7r0tai"},"id":"ljr18mx7rbr0ejx","previousOperationId":"lkzzr8tmpl0seys"}
{"type":"operationEnd","operationId":"lkzzr8tmpl0seys","timestamp":1705601642732,"id":"9m13tlq5a450i4s","previousEventId":"wiuw7x4ehgx4mha","previousOperationId":"lkzzr8tmpl0seys"}
{"type":"log","timestamp":1705601642732,"level":"info","message":"pdf-utils is starting pdf processing","meta":{"rootId":"iekapembs7r0tai","id":"iekapembs7r0tai"},"id":"y0xmcrp2waqvgra","previousOperationId":"lkzzr8tmpl0seys"}
{"type":"operationStart","subtype":"pdfUtils","name":"pdf utils","timestamp":1705601642732,"id":"qe4g7uzxiwcdn6o","previousEventId":"9m13tlq5a450i4s","operationId":"ci448kuieqkzek4","previousOperationId":"lkzzr8tmpl0seys"}
{"type":"log","timestamp":1705601642732,"level":"debug","message":"pdf-utils detected 1 pdf operation(s) to process","meta":{"rootId":"iekapembs7r0tai","id":"iekapembs7r0tai"},"id":"kvu2doqbcmaivij","previousOperationId":"ci448kuieqkzek4"}
{"type":"log","timestamp":1705601642746,"level":"debug","message":"pdf-utils running pdf operation merge","meta":{"rootId":"iekapembs7r0tai","id":"iekapembs7r0tai"},"id":"1ma7x459ihnwu72","previousOperationId":"ci448kuieqkzek4"}
{"type":"operationStart","subtype":"pdfUtilsMerge","name":"pdf utils merge","previousOperationId":"ci448kuieqkzek4","timestamp":1705601642746,"id":"k5yhuwqq0h8d824","previousEventId":"qe4g7uzxiwcdn6o","operationId":"3jrjtwzd4fiyjpi"}
{"type":"operationStart","subtype":"render","name":"orders-header","previousOperationId":"3jrjtwzd4fiyjpi","timestamp":1705601642747,"id":"j4c9eb8gt7lq8ok","previousEventId":"k5yhuwqq0h8d824","operationId":"bi8x126bd3kv7cc"}
{"type":"log","timestamp":1705601642747,"level":"info","message":"Starting rendering (child) request","meta":{"rootId":"iekapembs7r0tai","id":"5bp7y9q6kihs3at"},"id":"6emppm1h7v0otnq","previousOperationId":"bi8x126bd3kv7cc"}
{"type":"log","timestamp":1705601642747,"level":"info","message":"Rendering template { name: orders-header, recipe: chrome-pdf, engine: handlebars, preview: true }","meta":{"rootId":"iekapembs7r0tai","id":"5bp7y9q6kihs3at"},"id":"nlah9sjy31a4bj3","previousOperationId":"bi8x126bd3kv7cc"}
{"type":"log","timestamp":1705601642747,"level":"debug","message":"Inline data specified.","meta":{"rootId":"iekapembs7r0tai","id":"5bp7y9q6kihs3at"},"id":"2cvlv410ioamnjr","previousOperationId":"bi8x126bd3kv7cc"}
{"type":"log","timestamp":1705601642748,"level":"debug","message":"Base url not specified, skipping its injection.","meta":{"rootId":"iekapembs7r0tai","id":"5bp7y9q6kihs3at"},"id":"mqvqs40e0eqvm7i","previousOperationId":"bi8x126bd3kv7cc"}
{"type":"operationStart","subtype":"engine","name":"handlebars","timestamp":1705601642748,"id":"8shx4053dow3g58","previousEventId":"j4c9eb8gt7lq8ok","operationId":"c7spxnftip70b2z","previousOperationId":"bi8x126bd3kv7cc"}
{"type":"log","timestamp":1705601642748,"level":"debug","message":"Rendering engine handlebars","meta":{"rootId":"iekapembs7r0tai","id":"5bp7y9q6kihs3at"},"id":"u68izr74i2m4hu8","previousOperationId":"c7spxnftip70b2z"}
{"type":"operationEnd","operationId":"c7spxnftip70b2z","timestamp":1705601642759,"id":"vfr8j4tcpw2nqb7","previousEventId":"8shx4053dow3g58","previousOperationId":"c7spxnftip70b2z"}
{"type":"operationStart","subtype":"recipe","name":"chrome-pdf","timestamp":1705601642759,"id":"mu1l7ul5v82hw64","previousEventId":"vfr8j4tcpw2nqb7","operationId":"k5i3231nbsg4ndc","previousOperationId":"c7spxnftip70b2z"}
{"type":"log","timestamp":1705601642759,"level":"debug","message":"Executing recipe chrome-pdf","meta":{"rootId":"iekapembs7r0tai","id":"5bp7y9q6kihs3at"},"id":"nuogvxq28h04i75","previousOperationId":"k5i3231nbsg4ndc"}
{"type":"log","timestamp":1705601642760,"level":"debug","message":"Converting with chrome HeadlessChrome/117.0.5938.149 using chrome-pool strategy","meta":{"rootId":"iekapembs7r0tai","id":"5bp7y9q6kihs3at"},"id":"frwankpogi7kvhs","previousOperationId":"k5i3231nbsg4ndc"}
{"type":"log","timestamp":1705601642827,"level":"debug","message":"Page request: GET (document) file:///C:/Users/DANIEL~1/AppData/Local/Temp/jsreport/autocleanup/1bdfa178-5311-443e-8168-6ec63066ed2c-chrome-pdf.html","meta":{"rootId":"iekapembs7r0tai","id":"5bp7y9q6kihs3at"},"id":"mcjmqtriq98xvpj","previousOperationId":"k5i3231nbsg4ndc"}
{"type":"log","timestamp":1705601642835,"level":"debug","message":"Page request: GET (stylesheet) https://cdnjs.cloudflare.com/ajax/libs/metro/4.1.5/css/metro.min.css","meta":{"rootId":"iekapembs7r0tai","id":"5bp7y9q6kihs3at"},"id":"fiq0ta40gux1yyx","previousOperationId":"k5i3231nbsg4ndc"}
{"type":"log","timestamp":1705601642835,"level":"debug","message":"Page request finished: GET (document) 200 file:///C:/Users/DANIEL~1/AppData/Local/Temp/jsreport/autocleanup/1bdfa178-5311-443e-8168-6ec63066ed2c-chrome-pdf.html","meta":{"rootId":"iekapembs7r0tai","id":"5bp7y9q6kihs3at"},"id":"o3fylzb92c5sjfr","previousOperationId":"k5i3231nbsg4ndc"}
{"type":"log","timestamp":1705601642847,"level":"debug","message":"Page request finished: GET (stylesheet) 200 https://cdnjs.cloudflare.com/ajax/libs/metro/4.1.5/css/metro.min.css","meta":{"rootId":"iekapembs7r0tai","id":"5bp7y9q6kihs3at"},"id":"up7awfo7p0ndr80","previousOperationId":"k5i3231nbsg4ndc"}
{"type":"log","timestamp":1705601642863,"level":"debug","message":"Running chrome with params {\"printBackground\":true,\"marginTop\":\"1.5cm\",\"marginRight\":\"1.5cm\",\"marginLeft\":\"1.cm\",\"timeout\":59737,\"margin\":{\"top\":\"1.5cm\",\"right\":\"1.5cm\",\"left\":\"1.cm\"}}","meta":{"rootId":"iekapembs7r0tai","id":"5bp7y9q6kihs3at"},"id":"5bt1kqf9gpc8g4k","previousOperationId":"k5i3231nbsg4ndc"}
{"type":"operationEnd","operationId":"k5i3231nbsg4ndc","timestamp":1705601642893,"id":"jr8056d89vhk2oq","previousEventId":"mu1l7ul5v82hw64","previousOperationId":"k5i3231nbsg4ndc"}
{"type":"log","timestamp":1705601642893,"level":"debug","message":"Skipping storing report.","meta":{"rootId":"iekapembs7r0tai","id":"5bp7y9q6kihs3at"},"id":"affc42r7lzyh1e2","previousOperationId":"k5i3231nbsg4ndc"}
{"type":"log","timestamp":1705601642893,"level":"info","message":"Rendering (child) request finished in 396 ms","meta":{"rootId":"iekapembs7r0tai","id":"5bp7y9q6kihs3at"},"id":"nirzsfy0ml8qqgc","previousOperationId":"k5i3231nbsg4ndc"}
{"type":"operationEnd","subtype":"render","operationId":"bi8x126bd3kv7cc","timestamp":1705601642893,"id":"mzaajek0opcr5zu","previousEventId":"jr8056d89vhk2oq","previousOperationId":"k5i3231nbsg4ndc"}
{"type":"operationEnd","operationId":"3jrjtwzd4fiyjpi","timestamp":1705601642901,"id":"dqi5msj5sdg382f","previousEventId":"k5yhuwqq0h8d824","previousOperationId":"3jrjtwzd4fiyjpi"}
{"type":"log","timestamp":1705601642901,"level":"debug","message":"pdf-utils postproces start","meta":{"rootId":"iekapembs7r0tai","id":"iekapembs7r0tai"},"id":"9y6npmx0r2uqvwt","previousOperationId":"3jrjtwzd4fiyjpi"}
{"type":"log","timestamp":1705601642909,"level":"debug","message":"pdf-utils postproces end","meta":{"rootId":"iekapembs7r0tai","id":"iekapembs7r0tai"},"id":"g0wxb4hpozgztik","previousOperationId":"3jrjtwzd4fiyjpi"}
{"type":"operationEnd","operationId":"ci448kuieqkzek4","timestamp":1705601642909,"id":"r0q06jjqh98sfox","previousEventId":"dqi5msj5sdg382f","previousOperationId":"3jrjtwzd4fiyjpi"}
{"type":"log","timestamp":1705601642909,"level":"info","message":"pdf-utils pdf processing was finished","meta":{"rootId":"iekapembs7r0tai","id":"iekapembs7r0tai"},"id":"5wz29663ppa1eda","previousOperationId":"ci448kuieqkzek4"}
{"type":"log","timestamp":1705601642909,"level":"debug","message":"Skipping storing report.","meta":{"rootId":"iekapembs7r0tai","id":"iekapembs7r0tai"},"id":"t79o2ke6fr4dg9m","previousOperationId":"ci448kuieqkzek4"}
{"type":"log","timestamp":1705601642909,"level":"info","message":"Rendering request 26 finished in 412 ms","meta":{"rootId":"iekapembs7r0tai","id":"iekapembs7r0tai"},"id":"pmnrtatu9rkexln","previousOperationId":"ci448kuieqkzek4"}
{"type":"operationEnd","subtype":"render","operationId":"m9lakvl6g52utqd","timestamp":1705601642909,"id":"7f7bi0e5j7xe90r","previousEventId":"r0q06jjqh98sfox","previousOperationId":"ci448kuieqkzek4"}
{"type":"operationEnd","doDiffs":false,"previousEventId":"b610ankuyx1ybbq","previousOperationId":"obybjc96aw8a7gx","operationId":"obybjc96aw8a7gx","timestamp":1705601642915,"id":"dl2d1237pqrjxmk"}
