{"type":"operationStart","subtype":"profile","data":{"_id":"xHFQg4PgRNTQEkAj","timestamp":"2024-01-18T18:13:57.036Z","state":"queued","mode":"standard","creationDate":"2024-01-18T18:13:57.037Z","modificationDate":"2024-01-18T18:13:57.037Z","shortid":"6POhhGs","$entitySet":"profiles"},"doDiffs":false,"timestamp":1705601637036,"id":"51opdrpcem4ypg3","previousOperationId":null,"operationId":"2sonwmpjviiby2p"}
{"type":"log","level":"info","message":"Render request 25 queued for execution and waiting for available worker","previousOperationId":"2sonwmpjviiby2p","timestamp":1705601637037,"id":"9tnsepwc5i6vlkn"}
{"type":"operationStart","subtype":"render","name":"orders-main","previousOperationId":"2sonwmpjviiby2p","timestamp":1705601637043,"id":"2x82v435nv4r25e","previousEventId":"51opdrpcem4ypg3","operationId":"wrhkeevpavphce2"}
{"type":"log","timestamp":1705601637043,"level":"info","message":"Starting rendering request 25","meta":{"rootId":"ipl808igtxmd18x","id":"ipl808igtxmd18x"},"id":"bb91j74wawwcop8","previousOperationId":"wrhkeevpavphce2"}
{"type":"log","timestamp":1705601637043,"level":"info","message":"Rendering template { name: orders-main, recipe: chrome-pdf, engine: handlebars, preview: true }","meta":{"rootId":"ipl808igtxmd18x","id":"ipl808igtxmd18x"},"id":"x11t2mle1ve5id5","previousOperationId":"wrhkeevpavphce2"}
{"type":"log","timestamp":1705601637043,"level":"debug","message":"Data item not defined for this template.","meta":{"rootId":"ipl808igtxmd18x","id":"ipl808igtxmd18x"},"id":"iimj8f4evwz18zn","previousOperationId":"wrhkeevpavphce2"}
{"type":"log","timestamp":1705601637044,"level":"debug","message":"Executing script orders-script (beforeRender)","meta":{"rootId":"ipl808igtxmd18x","id":"ipl808igtxmd18x"},"id":"lynjrfjm6kkx1g7","previousOperationId":"wrhkeevpavphce2"}
{"type":"operationStart","subtype":"scriptsBeforeRender","name":"scripts beforeRender","timestamp":1705601637056,"id":"n3nqg7rt1a077mx","previousEventId":"2x82v435nv4r25e","operationId":"da7ed9szj73h0tf","previousOperationId":"wrhkeevpavphce2"}
{"type":"operationStart","subtype":"script","name":"scripts orders-script","previousOperationId":"da7ed9szj73h0tf","timestamp":1705601637056,"id":"3q94hkf814v8t8e","previousEventId":"n3nqg7rt1a077mx","operationId":"3ou1yr11bswma30"}
{"type":"log","timestamp":1705601637065,"level":"debug","message":"(console:log) [ 'Race1', 'Race2' ]","meta":{"userLevel":true,"rootId":"ipl808igtxmd18x","id":"ipl808igtxmd18x"},"id":"gc0nmyc6apsiche","previousOperationId":"3ou1yr11bswma30"}
{"type":"log","timestamp":1705601637066,"level":"debug","message":"(console:log) [ 2, 1 ]","meta":{"userLevel":true,"rootId":"ipl808igtxmd18x","id":"ipl808igtxmd18x"},"id":"9at3jjf3gfhq3wa","previousOperationId":"3ou1yr11bswma30"}
{"type":"operationEnd","operationId":"3ou1yr11bswma30","timestamp":1705601637066,"id":"nc8rejppzcf8v5h","previousEventId":"2x82v435nv4r25e","previousOperationId":"wrhkeevpavphce2"}
{"type":"operationEnd","operationId":"da7ed9szj73h0tf","timestamp":1705601637066,"id":"bqijs1mjfl6g910","previousEventId":"nc8rejppzcf8v5h","previousOperationId":"wrhkeevpavphce2"}
{"type":"log","timestamp":1705601637066,"level":"debug","message":"Base url not specified, skipping its injection.","meta":{"rootId":"ipl808igtxmd18x","id":"ipl808igtxmd18x"},"id":"u51v33aog7e6vpe","previousOperationId":"da7ed9szj73h0tf"}
{"type":"operationStart","subtype":"engine","name":"handlebars","timestamp":1705601637066,"id":"1il3rf5isjsdade","previousEventId":"bqijs1mjfl6g910","operationId":"fu1z5bsig1ftz89","previousOperationId":"da7ed9szj73h0tf"}
{"type":"log","timestamp":1705601637066,"level":"debug","message":"Rendering engine handlebars","meta":{"rootId":"ipl808igtxmd18x","id":"ipl808igtxmd18x"},"id":"jnt4559tdedhbib","previousOperationId":"fu1z5bsig1ftz89"}
{"type":"log","timestamp":1705601637078,"level":"debug","message":"(console:log) Pdf utils adding group field, value: \"Race1\"","meta":{"userLevel":true,"rootId":"ipl808igtxmd18x","id":"ipl808igtxmd18x"},"id":"baplp1cj8w0bulo","previousOperationId":"fu1z5bsig1ftz89"}
{"type":"log","timestamp":1705601637078,"level":"debug","message":"(console:log) Pdf utils adding group field, value: \"Race2\"","meta":{"userLevel":true,"rootId":"ipl808igtxmd18x","id":"ipl808igtxmd18x"},"id":"0wzouf93f0hv61g","previousOperationId":"fu1z5bsig1ftz89"}
{"type":"operationEnd","operationId":"fu1z5bsig1ftz89","timestamp":1705601637078,"id":"jgsbbvri0szuocg","previousEventId":"1il3rf5isjsdade","previousOperationId":"fu1z5bsig1ftz89"}
{"type":"operationStart","subtype":"recipe","name":"chrome-pdf","timestamp":1705601637078,"id":"dzg0yv4og1goi8m","previousEventId":"jgsbbvri0szuocg","operationId":"pgkzndy1hzflyny","previousOperationId":"fu1z5bsig1ftz89"}
{"type":"log","timestamp":1705601637078,"level":"debug","message":"Executing recipe chrome-pdf","meta":{"rootId":"ipl808igtxmd18x","id":"ipl808igtxmd18x"},"id":"7ipuyuujvqnnkp3","previousOperationId":"pgkzndy1hzflyny"}
{"type":"log","timestamp":1705601637081,"level":"debug","message":"Converting with chrome HeadlessChrome/117.0.5938.149 using chrome-pool strategy","meta":{"rootId":"ipl808igtxmd18x","id":"ipl808igtxmd18x"},"id":"ojvc7v4izd2oyf6","previousOperationId":"pgkzndy1hzflyny"}
{"type":"log","timestamp":1705601637152,"level":"debug","message":"Page request: GET (document) file:///C:/Users/DANIEL~1/AppData/Local/Temp/jsreport/autocleanup/87a42619-847f-4206-bc49-1b47f2ceb395-chrome-pdf.html","meta":{"rootId":"ipl808igtxmd18x","id":"ipl808igtxmd18x"},"id":"2ia0rnd6cigtjdm","previousOperationId":"pgkzndy1hzflyny"}
{"type":"log","timestamp":1705601637173,"level":"debug","message":"Page request: GET (stylesheet) https://cdnjs.cloudflare.com/ajax/libs/metro/4.1.5/css/metro.min.css","meta":{"rootId":"ipl808igtxmd18x","id":"ipl808igtxmd18x"},"id":"zt5sy7qq4pwzmq2","previousOperationId":"pgkzndy1hzflyny"}
{"type":"log","timestamp":1705601637174,"level":"debug","message":"Page request: GET (script) https://cdn.jsdelivr.net/npm/chart.js","meta":{"rootId":"ipl808igtxmd18x","id":"ipl808igtxmd18x"},"id":"zzpj1a1uf4kiw3z","previousOperationId":"pgkzndy1hzflyny"}
{"type":"log","timestamp":1705601637174,"level":"debug","message":"Page request finished: GET (document) 200 file:///C:/Users/DANIEL~1/AppData/Local/Temp/jsreport/autocleanup/87a42619-847f-4206-bc49-1b47f2ceb395-chrome-pdf.html","meta":{"rootId":"ipl808igtxmd18x","id":"ipl808igtxmd18x"},"id":"lvy45vf4crqcron","previousOperationId":"pgkzndy1hzflyny"}
{"type":"log","timestamp":1705601637180,"level":"debug","message":"Page request finished: GET (script) 200 https://cdn.jsdelivr.net/npm/chart.js","meta":{"rootId":"ipl808igtxmd18x","id":"ipl808igtxmd18x"},"id":"1ipwd4h0jp8dy11","previousOperationId":"pgkzndy1hzflyny"}
{"type":"log","timestamp":1705601637190,"level":"debug","message":"Page request finished: GET (stylesheet) 200 https://cdnjs.cloudflare.com/ajax/libs/metro/4.1.5/css/metro.min.css","meta":{"rootId":"ipl808igtxmd18x","id":"ipl808igtxmd18x"},"id":"iqrbsnopq7bmy3y","previousOperationId":"pgkzndy1hzflyny"}
{"type":"log","timestamp":1705601637194,"level":"warn","message":"Page error: Unexpected identifier 'Object' , stack: SyntaxError: Unexpected identifier 'Object'","meta":{"rootId":"ipl808igtxmd18x","id":"ipl808igtxmd18x"},"id":"t3us6tylwv05d0s","previousOperationId":"pgkzndy1hzflyny"}
{"type":"log","timestamp":1705601637226,"level":"debug","message":"Running chrome with params {\"printBackground\":true,\"marginTop\":\"4cm\",\"marginRight\":\"1.5cm\",\"marginBottom\":\"1.5cm\",\"marginLeft\":\"1.5cm\",\"waitForJS\":false,\"timeout\":59955,\"margin\":{\"top\":\"4cm\",\"right\":\"1.5cm\",\"bottom\":\"1.5cm\",\"left\":\"1.5cm\"}}","meta":{"rootId":"ipl808igtxmd18x","id":"ipl808igtxmd18x"},"id":"1kdc0386lt7zyqw","previousOperationId":"pgkzndy1hzflyny"}
{"type":"operationEnd","operationId":"pgkzndy1hzflyny","timestamp":1705601637297,"id":"bvi4c9kx8v9l8hb","previousEventId":"dzg0yv4og1goi8m","previousOperationId":"pgkzndy1hzflyny"}
{"type":"log","timestamp":1705601637298,"level":"info","message":"pdf-utils is starting pdf processing","meta":{"rootId":"ipl808igtxmd18x","id":"ipl808igtxmd18x"},"id":"anxvsl9vmdfp4ug","previousOperationId":"pgkzndy1hzflyny"}
{"type":"operationStart","subtype":"pdfUtils","name":"pdf utils","timestamp":1705601637298,"id":"s88jjfcznnekkgq","previousEventId":"bvi4c9kx8v9l8hb","operationId":"5h08qd9f9e54rvg","previousOperationId":"pgkzndy1hzflyny"}
{"type":"log","timestamp":1705601637298,"level":"debug","message":"pdf-utils detected 1 pdf operation(s) to process","meta":{"rootId":"ipl808igtxmd18x","id":"ipl808igtxmd18x"},"id":"0mgorp8ug8pms4g","previousOperationId":"5h08qd9f9e54rvg"}
{"type":"log","timestamp":1705601637312,"level":"debug","message":"pdf-utils running pdf operation merge","meta":{"rootId":"ipl808igtxmd18x","id":"ipl808igtxmd18x"},"id":"8t07yykzf3ocjmo","previousOperationId":"5h08qd9f9e54rvg"}
{"type":"operationStart","subtype":"pdfUtilsMerge","name":"pdf utils merge","previousOperationId":"5h08qd9f9e54rvg","timestamp":1705601637312,"id":"oxqxy92crpfhf0c","previousEventId":"s88jjfcznnekkgq","operationId":"lc2bjn3c11invtz"}
{"type":"operationStart","subtype":"render","name":"orders-header","previousOperationId":"lc2bjn3c11invtz","timestamp":1705601637313,"id":"xhp44f8nds41zk6","previousEventId":"oxqxy92crpfhf0c","operationId":"u8sek4acywvv24t"}
{"type":"log","timestamp":1705601637313,"level":"info","message":"Starting rendering (child) request","meta":{"rootId":"ipl808igtxmd18x","id":"6ggmxhcjcrqvfuq"},"id":"fitni80e6s65wxs","previousOperationId":"u8sek4acywvv24t"}
{"type":"log","timestamp":1705601637313,"level":"info","message":"Rendering template { name: orders-header, recipe: chrome-pdf, engine: handlebars, preview: true }","meta":{"rootId":"ipl808igtxmd18x","id":"6ggmxhcjcrqvfuq"},"id":"cvpeocrwp4uhydn","previousOperationId":"u8sek4acywvv24t"}
{"type":"log","timestamp":1705601637314,"level":"debug","message":"Inline data specified.","meta":{"rootId":"ipl808igtxmd18x","id":"6ggmxhcjcrqvfuq"},"id":"lxghuikiixeuofz","previousOperationId":"u8sek4acywvv24t"}
{"type":"log","timestamp":1705601637316,"level":"debug","message":"Base url not specified, skipping its injection.","meta":{"rootId":"ipl808igtxmd18x","id":"6ggmxhcjcrqvfuq"},"id":"13pbivvisbe4p12","previousOperationId":"u8sek4acywvv24t"}
{"type":"operationStart","subtype":"engine","name":"handlebars","timestamp":1705601637316,"id":"y4mdjln7z39c7cf","previousEventId":"xhp44f8nds41zk6","operationId":"bvhuw15zqujjebx","previousOperationId":"u8sek4acywvv24t"}
{"type":"log","timestamp":1705601637316,"level":"debug","message":"Rendering engine handlebars","meta":{"rootId":"ipl808igtxmd18x","id":"6ggmxhcjcrqvfuq"},"id":"lfp3w7hbktbniec","previousOperationId":"bvhuw15zqujjebx"}
{"type":"operationEnd","operationId":"bvhuw15zqujjebx","timestamp":1705601637328,"id":"dbhv9jhsupzk1ov","previousEventId":"y4mdjln7z39c7cf","previousOperationId":"bvhuw15zqujjebx"}
{"type":"operationStart","subtype":"recipe","name":"chrome-pdf","timestamp":1705601637328,"id":"xck9wy5h82178o3","previousEventId":"dbhv9jhsupzk1ov","operationId":"oegk7ah5bm5b3p5","previousOperationId":"bvhuw15zqujjebx"}
{"type":"log","timestamp":1705601637328,"level":"debug","message":"Executing recipe chrome-pdf","meta":{"rootId":"ipl808igtxmd18x","id":"6ggmxhcjcrqvfuq"},"id":"ev78nk438ehk44n","previousOperationId":"oegk7ah5bm5b3p5"}
{"type":"log","timestamp":1705601637330,"level":"debug","message":"Converting with chrome HeadlessChrome/117.0.5938.149 using chrome-pool strategy","meta":{"rootId":"ipl808igtxmd18x","id":"6ggmxhcjcrqvfuq"},"id":"x2zhfh8p6qrigtn","previousOperationId":"oegk7ah5bm5b3p5"}
{"type":"log","timestamp":1705601637394,"level":"debug","message":"Page request: GET (document) file:///C:/Users/DANIEL~1/AppData/Local/Temp/jsreport/autocleanup/ef461db1-702d-4233-957a-ac4a3c9667c1-chrome-pdf.html","meta":{"rootId":"ipl808igtxmd18x","id":"6ggmxhcjcrqvfuq"},"id":"8hve78fxq0ye8qo","previousOperationId":"oegk7ah5bm5b3p5"}
{"type":"log","timestamp":1705601637402,"level":"debug","message":"Page request: GET (stylesheet) https://cdnjs.cloudflare.com/ajax/libs/metro/4.1.5/css/metro.min.css","meta":{"rootId":"ipl808igtxmd18x","id":"6ggmxhcjcrqvfuq"},"id":"v969u9n573lbr2t","previousOperationId":"oegk7ah5bm5b3p5"}
{"type":"log","timestamp":1705601637402,"level":"debug","message":"Page request finished: GET (document) 200 file:///C:/Users/DANIEL~1/AppData/Local/Temp/jsreport/autocleanup/ef461db1-702d-4233-957a-ac4a3c9667c1-chrome-pdf.html","meta":{"rootId":"ipl808igtxmd18x","id":"6ggmxhcjcrqvfuq"},"id":"xhq2o7hm25non4o","previousOperationId":"oegk7ah5bm5b3p5"}
{"type":"log","timestamp":1705601637415,"level":"debug","message":"Page request finished: GET (stylesheet) 200 https://cdnjs.cloudflare.com/ajax/libs/metro/4.1.5/css/metro.min.css","meta":{"rootId":"ipl808igtxmd18x","id":"6ggmxhcjcrqvfuq"},"id":"0t7im337q2ouyjc","previousOperationId":"oegk7ah5bm5b3p5"}
{"type":"log","timestamp":1705601637429,"level":"debug","message":"Running chrome with params {\"printBackground\":true,\"marginTop\":\"1.5cm\",\"marginRight\":\"1.5cm\",\"marginLeft\":\"1.cm\",\"timeout\":59706,\"margin\":{\"top\":\"1.5cm\",\"right\":\"1.5cm\",\"left\":\"1.cm\"}}","meta":{"rootId":"ipl808igtxmd18x","id":"6ggmxhcjcrqvfuq"},"id":"nvsozxgdk5hpi52","previousOperationId":"oegk7ah5bm5b3p5"}
{"type":"operationEnd","operationId":"oegk7ah5bm5b3p5","timestamp":1705601637455,"id":"igq57ejo1iul0xb","previousEventId":"xck9wy5h82178o3","previousOperationId":"oegk7ah5bm5b3p5"}
{"type":"log","timestamp":1705601637455,"level":"debug","message":"Skipping storing report.","meta":{"rootId":"ipl808igtxmd18x","id":"6ggmxhcjcrqvfuq"},"id":"s4unq5dp0lshulc","previousOperationId":"oegk7ah5bm5b3p5"}
{"type":"log","timestamp":1705601637455,"level":"info","message":"Rendering (child) request finished in 420 ms","meta":{"rootId":"ipl808igtxmd18x","id":"6ggmxhcjcrqvfuq"},"id":"b8j9jemg3duetaq","previousOperationId":"oegk7ah5bm5b3p5"}
{"type":"operationEnd","subtype":"render","operationId":"u8sek4acywvv24t","timestamp":1705601637455,"id":"ce51vj6rnbnzseo","previousEventId":"igq57ejo1iul0xb","previousOperationId":"oegk7ah5bm5b3p5"}
{"type":"operationEnd","operationId":"lc2bjn3c11invtz","timestamp":1705601637461,"id":"qzs61pl5tkr4aq0","previousEventId":"oxqxy92crpfhf0c","previousOperationId":"lc2bjn3c11invtz"}
{"type":"log","timestamp":1705601637461,"level":"debug","message":"pdf-utils postproces start","meta":{"rootId":"ipl808igtxmd18x","id":"ipl808igtxmd18x"},"id":"0jn87aa3tggm6wu","previousOperationId":"lc2bjn3c11invtz"}
{"type":"log","timestamp":1705601637468,"level":"debug","message":"pdf-utils postproces end","meta":{"rootId":"ipl808igtxmd18x","id":"ipl808igtxmd18x"},"id":"72rms0w5mxhqnvi","previousOperationId":"lc2bjn3c11invtz"}
{"type":"operationEnd","operationId":"5h08qd9f9e54rvg","timestamp":1705601637468,"id":"m483gkuqe9ugkez","previousEventId":"qzs61pl5tkr4aq0","previousOperationId":"lc2bjn3c11invtz"}
{"type":"log","timestamp":1705601637468,"level":"info","message":"pdf-utils pdf processing was finished","meta":{"rootId":"ipl808igtxmd18x","id":"ipl808igtxmd18x"},"id":"x61vri8h3qs9ca4","previousOperationId":"5h08qd9f9e54rvg"}
{"type":"log","timestamp":1705601637468,"level":"debug","message":"Skipping storing report.","meta":{"rootId":"ipl808igtxmd18x","id":"ipl808igtxmd18x"},"id":"7spqupv78fyakt2","previousOperationId":"5h08qd9f9e54rvg"}
{"type":"log","timestamp":1705601637468,"level":"info","message":"Rendering request 25 finished in 433 ms","meta":{"rootId":"ipl808igtxmd18x","id":"ipl808igtxmd18x"},"id":"ob40200nynbstcj","previousOperationId":"5h08qd9f9e54rvg"}
{"type":"operationEnd","subtype":"render","operationId":"wrhkeevpavphce2","timestamp":1705601637468,"id":"k6y5i04kekufbj5","previousEventId":"m483gkuqe9ugkez","previousOperationId":"5h08qd9f9e54rvg"}
{"type":"operationEnd","doDiffs":false,"previousEventId":"51opdrpcem4ypg3","previousOperationId":"2sonwmpjviiby2p","operationId":"2sonwmpjviiby2p","timestamp":1705601637475,"id":"0fhtmkn32rf3w4h"}
