{"type":"operationStart","subtype":"profile","data":{"_id":"D4o2KUcEQylisQ4J","timestamp":"2024-01-18T14:40:59.155Z","state":"queued","mode":"standard","creationDate":"2024-01-18T14:40:59.160Z","modificationDate":"2024-01-18T14:40:59.160Z","shortid":"jVmf9QP","$entitySet":"profiles"},"doDiffs":false,"timestamp":1705588859157,"id":"wvprjp99rm1he79","previousOperationId":null,"operationId":"94628qnzpb3vyfr"}
{"type":"log","level":"info","message":"Render request 10 queued for execution and waiting for available worker","previousOperationId":"94628qnzpb3vyfr","timestamp":1705588859157,"id":"a20v5njti5cowws"}
{"type":"operationStart","subtype":"render","name":"orders-main","previousOperationId":"94628qnzpb3vyfr","timestamp":1705588859179,"id":"ocjq12uq4wgeajh","previousEventId":"wvprjp99rm1he79","operationId":"mltdipzoff04l0w"}
{"type":"log","timestamp":1705588859179,"level":"info","message":"Starting rendering request 10","meta":{"rootId":"ir6ujz67e5wngwl","id":"ir6ujz67e5wngwl"},"id":"x9b3wa5kr9jhjzt","previousOperationId":"mltdipzoff04l0w"}
{"type":"log","timestamp":1705588859180,"level":"info","message":"Rendering template { name: orders-main, recipe: chrome-pdf, engine: handlebars, preview: true }","meta":{"rootId":"ir6ujz67e5wngwl","id":"ir6ujz67e5wngwl"},"id":"vb3s7i0b6jl5l3v","previousOperationId":"mltdipzoff04l0w"}
{"type":"log","timestamp":1705588859188,"level":"debug","message":"Data item not defined for this template.","meta":{"rootId":"ir6ujz67e5wngwl","id":"ir6ujz67e5wngwl"},"id":"ol5bk3o9mtcxp6m","previousOperationId":"mltdipzoff04l0w"}
{"type":"log","timestamp":1705588859194,"level":"debug","message":"Executing script orders-script (beforeRender)","meta":{"rootId":"ir6ujz67e5wngwl","id":"ir6ujz67e5wngwl"},"id":"4y5fcen0e65w6py","previousOperationId":"mltdipzoff04l0w"}
{"type":"operationStart","subtype":"scriptsBeforeRender","name":"scripts beforeRender","timestamp":1705588859223,"id":"d33a5i0z3eqmyp1","previousEventId":"ocjq12uq4wgeajh","operationId":"sexel74n2c09del","previousOperationId":"mltdipzoff04l0w"}
{"type":"operationStart","subtype":"script","name":"scripts orders-script","previousOperationId":"sexel74n2c09del","timestamp":1705588859223,"id":"xeu5j9swfpwyjp1","previousEventId":"d33a5i0z3eqmyp1","operationId":"e1q3lgya1e4yyew"}
{"type":"operationEnd","operationId":"e1q3lgya1e4yyew","timestamp":1705588859244,"id":"4q3nhq1m7n43gxy","previousEventId":"ocjq12uq4wgeajh","previousOperationId":"mltdipzoff04l0w"}
{"type":"operationEnd","operationId":"sexel74n2c09del","timestamp":1705588859244,"id":"3umd5tuwvvue5rw","previousEventId":"4q3nhq1m7n43gxy","previousOperationId":"mltdipzoff04l0w"}
{"type":"log","timestamp":1705588859244,"level":"debug","message":"Base url not specified, skipping its injection.","meta":{"rootId":"ir6ujz67e5wngwl","id":"ir6ujz67e5wngwl"},"id":"yox0xstrvo4v8wc","previousOperationId":"sexel74n2c09del"}
{"type":"operationStart","subtype":"engine","name":"handlebars","timestamp":1705588859244,"id":"zpj2i0b15yz1cq6","previousEventId":"3umd5tuwvvue5rw","operationId":"d0q9y0fdowj7ctg","previousOperationId":"sexel74n2c09del"}
{"type":"log","timestamp":1705588859244,"level":"debug","message":"Rendering engine handlebars","meta":{"rootId":"ir6ujz67e5wngwl","id":"ir6ujz67e5wngwl"},"id":"nq8349bab2sh6dw","previousOperationId":"d0q9y0fdowj7ctg"}
{"type":"log","timestamp":1705588859273,"level":"debug","message":"(console:log) Pdf utils adding group field, value: \"Race1\"","meta":{"userLevel":true,"rootId":"ir6ujz67e5wngwl","id":"ir6ujz67e5wngwl"},"id":"bq4g9bqbi4lmzop","previousOperationId":"d0q9y0fdowj7ctg"}
{"type":"log","timestamp":1705588859273,"level":"debug","message":"(console:log) Pdf utils adding group field, value: \"Race2\"","meta":{"userLevel":true,"rootId":"ir6ujz67e5wngwl","id":"ir6ujz67e5wngwl"},"id":"7lcs3vgmgkihtfi","previousOperationId":"d0q9y0fdowj7ctg"}
{"type":"operationEnd","operationId":"d0q9y0fdowj7ctg","timestamp":1705588859273,"id":"xfjmsz2qu6wk31f","previousEventId":"zpj2i0b15yz1cq6","previousOperationId":"d0q9y0fdowj7ctg"}
{"type":"operationStart","subtype":"recipe","name":"chrome-pdf","timestamp":1705588859274,"id":"2htdkit4lmn77uy","previousEventId":"xfjmsz2qu6wk31f","operationId":"mqd57q0fof2uu9y","previousOperationId":"d0q9y0fdowj7ctg"}
{"type":"log","timestamp":1705588859274,"level":"debug","message":"Executing recipe chrome-pdf","meta":{"rootId":"ir6ujz67e5wngwl","id":"ir6ujz67e5wngwl"},"id":"6yiundmzrqef404","previousOperationId":"mqd57q0fof2uu9y"}
{"type":"log","timestamp":1705588859279,"level":"debug","message":"Converting with chrome HeadlessChrome/117.0.5938.149 using chrome-pool strategy","meta":{"rootId":"ir6ujz67e5wngwl","id":"ir6ujz67e5wngwl"},"id":"mqae7uju74eo11c","previousOperationId":"mqd57q0fof2uu9y"}
{"type":"log","timestamp":1705588859429,"level":"debug","message":"Page request: GET (document) file:///C:/Users/DANIEL~1/AppData/Local/Temp/jsreport/autocleanup/3e7895e5-ff99-4ec4-b661-205bd8d789b8-chrome-pdf.html","meta":{"rootId":"ir6ujz67e5wngwl","id":"ir6ujz67e5wngwl"},"id":"4w7gdtazxk790z1","previousOperationId":"mqd57q0fof2uu9y"}
{"type":"log","timestamp":1705588859474,"level":"debug","message":"Page request: GET (stylesheet) https://cdnjs.cloudflare.com/ajax/libs/metro/4.1.5/css/metro.min.css","meta":{"rootId":"ir6ujz67e5wngwl","id":"ir6ujz67e5wngwl"},"id":"zfkmi9cou7xobcu","previousOperationId":"mqd57q0fof2uu9y"}
{"type":"log","timestamp":1705588859475,"level":"debug","message":"Page request finished: GET (document) 200 file:///C:/Users/DANIEL~1/AppData/Local/Temp/jsreport/autocleanup/3e7895e5-ff99-4ec4-b661-205bd8d789b8-chrome-pdf.html","meta":{"rootId":"ir6ujz67e5wngwl","id":"ir6ujz67e5wngwl"},"id":"psjx1ihzihelx36","previousOperationId":"mqd57q0fof2uu9y"}
{"type":"log","timestamp":1705588859475,"level":"debug","message":"Page request: GET (script) https://cdnjs.cloudflare.com/ajax/libs/Chart.js/2.9.4/Chart.js","meta":{"rootId":"ir6ujz67e5wngwl","id":"ir6ujz67e5wngwl"},"id":"3l9t3bayee95s46","previousOperationId":"mqd57q0fof2uu9y"}
{"type":"log","timestamp":1705588859509,"level":"debug","message":"Page request finished: GET (stylesheet) 200 https://cdnjs.cloudflare.com/ajax/libs/metro/4.1.5/css/metro.min.css","meta":{"rootId":"ir6ujz67e5wngwl","id":"ir6ujz67e5wngwl"},"id":"mfno1c38yaejpfy","previousOperationId":"mqd57q0fof2uu9y"}
{"type":"log","timestamp":1705588859510,"level":"debug","message":"Page request finished: GET (script) 200 https://cdnjs.cloudflare.com/ajax/libs/Chart.js/2.9.4/Chart.js","meta":{"rootId":"ir6ujz67e5wngwl","id":"ir6ujz67e5wngwl"},"id":"7km043jii2awph4","previousOperationId":"mqd57q0fof2uu9y"}
{"type":"log","timestamp":1705588859610,"level":"debug","message":"Running chrome with params {\"printBackground\":true,\"marginTop\":\"4cm\",\"marginRight\":\"1.5cm\",\"marginBottom\":\"1.5cm\",\"marginLeft\":\"1.5cm\",\"waitForJS\":false,\"timeout\":59877,\"margin\":{\"top\":\"4cm\",\"right\":\"1.5cm\",\"bottom\":\"1.5cm\",\"left\":\"1.5cm\"}}","meta":{"rootId":"ir6ujz67e5wngwl","id":"ir6ujz67e5wngwl"},"id":"4ccmemsyx0mtqrc","previousOperationId":"mqd57q0fof2uu9y"}
{"type":"operationEnd","operationId":"mqd57q0fof2uu9y","timestamp":1705588859721,"id":"gbwoe9r4gyynnoq","previousEventId":"2htdkit4lmn77uy","previousOperationId":"mqd57q0fof2uu9y"}
{"type":"log","timestamp":1705588859721,"level":"info","message":"pdf-utils is starting pdf processing","meta":{"rootId":"ir6ujz67e5wngwl","id":"ir6ujz67e5wngwl"},"id":"l4tzsa79g34igr2","previousOperationId":"mqd57q0fof2uu9y"}
{"type":"operationStart","subtype":"pdfUtils","name":"pdf utils","timestamp":1705588859721,"id":"6gmqpvg2i67241y","previousEventId":"gbwoe9r4gyynnoq","operationId":"vt1pwx3903dbd09","previousOperationId":"mqd57q0fof2uu9y"}
{"type":"log","timestamp":1705588859721,"level":"debug","message":"pdf-utils detected 1 pdf operation(s) to process","meta":{"rootId":"ir6ujz67e5wngwl","id":"ir6ujz67e5wngwl"},"id":"pdl8jeir01ikphe","previousOperationId":"vt1pwx3903dbd09"}
{"type":"log","timestamp":1705588859769,"level":"debug","message":"pdf-utils running pdf operation merge","meta":{"rootId":"ir6ujz67e5wngwl","id":"ir6ujz67e5wngwl"},"id":"abxku9ohtavlom7","previousOperationId":"vt1pwx3903dbd09"}
{"type":"operationStart","subtype":"pdfUtilsMerge","name":"pdf utils merge","previousOperationId":"vt1pwx3903dbd09","timestamp":1705588859769,"id":"hi7t897v755f1zt","previousEventId":"6gmqpvg2i67241y","operationId":"n1220bta8vaue8o"}
{"type":"operationStart","subtype":"render","name":"orders-header","previousOperationId":"n1220bta8vaue8o","timestamp":1705588859770,"id":"del7du65tk9hvhv","previousEventId":"hi7t897v755f1zt","operationId":"vbdk9ax75hze91s"}
{"type":"log","timestamp":1705588859770,"level":"info","message":"Starting rendering (child) request","meta":{"rootId":"ir6ujz67e5wngwl","id":"9od2iuj4ig6wrc4"},"id":"hmaj8bw95bvaobg","previousOperationId":"vbdk9ax75hze91s"}
{"type":"log","timestamp":1705588859770,"level":"info","message":"Rendering template { name: orders-header, recipe: chrome-pdf, engine: handlebars, preview: true }","meta":{"rootId":"ir6ujz67e5wngwl","id":"9od2iuj4ig6wrc4"},"id":"6egoalawh9j4gly","previousOperationId":"vbdk9ax75hze91s"}
{"type":"log","timestamp":1705588859772,"level":"debug","message":"Inline data specified.","meta":{"rootId":"ir6ujz67e5wngwl","id":"9od2iuj4ig6wrc4"},"id":"w99rgm4ig9zxfvk","previousOperationId":"vbdk9ax75hze91s"}
{"type":"log","timestamp":1705588859776,"level":"debug","message":"Base url not specified, skipping its injection.","meta":{"rootId":"ir6ujz67e5wngwl","id":"9od2iuj4ig6wrc4"},"id":"bqc7ruukfp7rfiw","previousOperationId":"vbdk9ax75hze91s"}
{"type":"operationStart","subtype":"engine","name":"handlebars","timestamp":1705588859777,"id":"gkvhdyvipfwbxtr","previousEventId":"del7du65tk9hvhv","operationId":"g9zw5j24gilrk1q","previousOperationId":"vbdk9ax75hze91s"}
{"type":"log","timestamp":1705588859777,"level":"debug","message":"Rendering engine handlebars","meta":{"rootId":"ir6ujz67e5wngwl","id":"9od2iuj4ig6wrc4"},"id":"xwprxwzofs64ts4","previousOperationId":"g9zw5j24gilrk1q"}
{"type":"operationEnd","operationId":"g9zw5j24gilrk1q","timestamp":1705588859814,"id":"1pwte9kzvczfjcn","previousEventId":"gkvhdyvipfwbxtr","previousOperationId":"g9zw5j24gilrk1q"}
{"type":"operationStart","subtype":"recipe","name":"chrome-pdf","timestamp":1705588859815,"id":"xq36od5i1qcn9y4","previousEventId":"1pwte9kzvczfjcn","operationId":"t12uiyc79oakifm","previousOperationId":"g9zw5j24gilrk1q"}
{"type":"log","timestamp":1705588859815,"level":"debug","message":"Executing recipe chrome-pdf","meta":{"rootId":"ir6ujz67e5wngwl","id":"9od2iuj4ig6wrc4"},"id":"26jf0yfxud52q3w","previousOperationId":"t12uiyc79oakifm"}
{"type":"log","timestamp":1705588859820,"level":"debug","message":"Converting with chrome HeadlessChrome/117.0.5938.149 using chrome-pool strategy","meta":{"rootId":"ir6ujz67e5wngwl","id":"9od2iuj4ig6wrc4"},"id":"3alrtevn2n5024g","previousOperationId":"t12uiyc79oakifm"}
{"type":"log","timestamp":1705588859943,"level":"debug","message":"Page request: GET (document) file:///C:/Users/DANIEL~1/AppData/Local/Temp/jsreport/autocleanup/f3c6b421-f500-4c4c-8dbb-d53ab5d9daa7-chrome-pdf.html","meta":{"rootId":"ir6ujz67e5wngwl","id":"9od2iuj4ig6wrc4"},"id":"0qcanld02wlysz5","previousOperationId":"t12uiyc79oakifm"}
{"type":"log","timestamp":1705588859961,"level":"debug","message":"Page request: GET (stylesheet) https://cdnjs.cloudflare.com/ajax/libs/metro/4.1.5/css/metro.min.css","meta":{"rootId":"ir6ujz67e5wngwl","id":"9od2iuj4ig6wrc4"},"id":"ltitcvxwx1zto6a","previousOperationId":"t12uiyc79oakifm"}
{"type":"log","timestamp":1705588859962,"level":"debug","message":"Page request finished: GET (document) 200 file:///C:/Users/DANIEL~1/AppData/Local/Temp/jsreport/autocleanup/f3c6b421-f500-4c4c-8dbb-d53ab5d9daa7-chrome-pdf.html","meta":{"rootId":"ir6ujz67e5wngwl","id":"9od2iuj4ig6wrc4"},"id":"hh16gimdmsz4ft4","previousOperationId":"t12uiyc79oakifm"}
{"type":"log","timestamp":1705588859986,"level":"debug","message":"Page request finished: GET (stylesheet) 200 https://cdnjs.cloudflare.com/ajax/libs/metro/4.1.5/css/metro.min.css","meta":{"rootId":"ir6ujz67e5wngwl","id":"9od2iuj4ig6wrc4"},"id":"mcicl0heiigtmsk","previousOperationId":"t12uiyc79oakifm"}
{"type":"log","timestamp":1705588860007,"level":"debug","message":"Running chrome with params {\"printBackground\":true,\"marginTop\":\"1.5cm\",\"marginRight\":\"1.5cm\",\"marginLeft\":\"1.cm\",\"timeout\":59336,\"margin\":{\"top\":\"1.5cm\",\"right\":\"1.5cm\",\"left\":\"1.cm\"}}","meta":{"rootId":"ir6ujz67e5wngwl","id":"9od2iuj4ig6wrc4"},"id":"ubmgj0vg1q227pc","previousOperationId":"t12uiyc79oakifm"}
{"type":"operationEnd","operationId":"t12uiyc79oakifm","timestamp":1705588860074,"id":"vwpg0g1a3u29b4y","previousEventId":"xq36od5i1qcn9y4","previousOperationId":"t12uiyc79oakifm"}
{"type":"log","timestamp":1705588860074,"level":"debug","message":"Skipping storing report.","meta":{"rootId":"ir6ujz67e5wngwl","id":"9od2iuj4ig6wrc4"},"id":"c6ukacydgyoe90o","previousOperationId":"t12uiyc79oakifm"}
{"type":"log","timestamp":1705588860075,"level":"info","message":"Rendering (child) request finished in 921 ms","meta":{"rootId":"ir6ujz67e5wngwl","id":"9od2iuj4ig6wrc4"},"id":"ij3zjxobkkgj6ph","previousOperationId":"t12uiyc79oakifm"}
{"type":"operationEnd","subtype":"render","operationId":"vbdk9ax75hze91s","timestamp":1705588860075,"id":"ol6eh6tp9eqf2o6","previousEventId":"vwpg0g1a3u29b4y","previousOperationId":"t12uiyc79oakifm"}
{"type":"operationEnd","operationId":"n1220bta8vaue8o","timestamp":1705588860104,"id":"9pnd7lfvvytb7s9","previousEventId":"hi7t897v755f1zt","previousOperationId":"n1220bta8vaue8o"}
{"type":"log","timestamp":1705588860104,"level":"debug","message":"pdf-utils postproces start","meta":{"rootId":"ir6ujz67e5wngwl","id":"ir6ujz67e5wngwl"},"id":"onklm543rhr3bgm","previousOperationId":"n1220bta8vaue8o"}
{"type":"log","timestamp":1705588860127,"level":"debug","message":"pdf-utils postproces end","meta":{"rootId":"ir6ujz67e5wngwl","id":"ir6ujz67e5wngwl"},"id":"cmpq5sugjxbvdaa","previousOperationId":"n1220bta8vaue8o"}
{"type":"operationEnd","operationId":"vt1pwx3903dbd09","timestamp":1705588860127,"id":"0zdlx11mdc6indo","previousEventId":"9pnd7lfvvytb7s9","previousOperationId":"n1220bta8vaue8o"}
{"type":"log","timestamp":1705588860128,"level":"info","message":"pdf-utils pdf processing was finished","meta":{"rootId":"ir6ujz67e5wngwl","id":"ir6ujz67e5wngwl"},"id":"eaoq7pc7b620uw9","previousOperationId":"vt1pwx3903dbd09"}
{"type":"log","timestamp":1705588860128,"level":"debug","message":"Skipping storing report.","meta":{"rootId":"ir6ujz67e5wngwl","id":"ir6ujz67e5wngwl"},"id":"szv1xkaypu1kaer","previousOperationId":"vt1pwx3903dbd09"}
{"type":"log","timestamp":1705588860128,"level":"info","message":"Rendering request 10 finished in 974 ms","meta":{"rootId":"ir6ujz67e5wngwl","id":"ir6ujz67e5wngwl"},"id":"hrtlx469s1bzqaf","previousOperationId":"vt1pwx3903dbd09"}
{"type":"operationEnd","subtype":"render","operationId":"mltdipzoff04l0w","timestamp":1705588860128,"id":"u462oe1kes2ro2g","previousEventId":"0zdlx11mdc6indo","previousOperationId":"vt1pwx3903dbd09"}
{"type":"operationEnd","doDiffs":false,"previousEventId":"wvprjp99rm1he79","previousOperationId":"94628qnzpb3vyfr","operationId":"94628qnzpb3vyfr","timestamp":1705588860145,"id":"kjmq5li7o9305mr"}
