{"type":"operationStart","subtype":"profile","data":{"_id":"AgNrFuNhJAlaDUpX","timestamp":"2024-01-17T16:35:20.320Z","state":"queued","mode":"standard","creationDate":"2024-01-17T16:35:20.321Z","modificationDate":"2024-01-17T16:35:20.321Z","shortid":"5DIm48b","$entitySet":"profiles"},"doDiffs":false,"timestamp":1705509320321,"id":"tr4hcciet2qvxyr","previousOperationId":null,"operationId":"arsbt9bz6a2bxxj"}
{"type":"log","level":"info","message":"Render request 51 queued for execution and waiting for available worker","previousOperationId":"arsbt9bz6a2bxxj","timestamp":1705509320321,"id":"wvkjwdv19kgji56"}
{"type":"operationStart","subtype":"render","name":"orders-main","previousOperationId":"arsbt9bz6a2bxxj","timestamp":1705509320325,"id":"xyuqlhyglzsa9a1","previousEventId":"tr4hcciet2qvxyr","operationId":"t0tgyucy3xppls3"}
{"type":"log","timestamp":1705509320326,"level":"info","message":"Starting rendering request 51","meta":{"rootId":"isdh3egwii3u3my","id":"isdh3egwii3u3my"},"id":"yxx086q6i4uc7mt","previousOperationId":"t0tgyucy3xppls3"}
{"type":"log","timestamp":1705509320326,"level":"info","message":"Rendering template { name: orders-main, recipe: chrome-pdf, engine: handlebars, preview: true }","meta":{"rootId":"isdh3egwii3u3my","id":"isdh3egwii3u3my"},"id":"tzghvnwomloiqle","previousOperationId":"t0tgyucy3xppls3"}
{"type":"log","timestamp":1705509320326,"level":"debug","message":"Data item not defined for this template.","meta":{"rootId":"isdh3egwii3u3my","id":"isdh3egwii3u3my"},"id":"pgcbehrbufps2s7","previousOperationId":"t0tgyucy3xppls3"}
{"type":"log","timestamp":1705509320327,"level":"debug","message":"Executing script orders-script (beforeRender)","meta":{"rootId":"isdh3egwii3u3my","id":"isdh3egwii3u3my"},"id":"csvn1bhjumj4wjw","previousOperationId":"t0tgyucy3xppls3"}
{"type":"operationStart","subtype":"scriptsBeforeRender","name":"scripts beforeRender","timestamp":1705509320336,"id":"ktfmgsgrnestj6x","previousEventId":"xyuqlhyglzsa9a1","operationId":"zn5rzmbq8hjmu9o","previousOperationId":"t0tgyucy3xppls3"}
{"type":"operationStart","subtype":"script","name":"scripts orders-script","previousOperationId":"zn5rzmbq8hjmu9o","timestamp":1705509320336,"id":"m4e0866yl6yjc81","previousEventId":"ktfmgsgrnestj6x","operationId":"bh0dmmc0c50wdqo"}
{"type":"operationEnd","operationId":"bh0dmmc0c50wdqo","timestamp":1705509320343,"id":"hu8lc4e2b2w26yr","previousEventId":"xyuqlhyglzsa9a1","previousOperationId":"t0tgyucy3xppls3"}
{"type":"operationEnd","operationId":"zn5rzmbq8hjmu9o","timestamp":1705509320343,"id":"yk43qejibjycmpm","previousEventId":"hu8lc4e2b2w26yr","previousOperationId":"t0tgyucy3xppls3"}
{"type":"log","timestamp":1705509320343,"level":"debug","message":"Base url not specified, skipping its injection.","meta":{"rootId":"isdh3egwii3u3my","id":"isdh3egwii3u3my"},"id":"3gvuhkg9nqupdsc","previousOperationId":"zn5rzmbq8hjmu9o"}
{"type":"operationStart","subtype":"engine","name":"handlebars","timestamp":1705509320344,"id":"1aoh3c69offapx1","previousEventId":"yk43qejibjycmpm","operationId":"2b4812yss8p0xw9","previousOperationId":"zn5rzmbq8hjmu9o"}
{"type":"log","timestamp":1705509320344,"level":"debug","message":"Rendering engine handlebars","meta":{"rootId":"isdh3egwii3u3my","id":"isdh3egwii3u3my"},"id":"fhk3nf62fk5flla","previousOperationId":"2b4812yss8p0xw9"}
{"type":"log","timestamp":1705509320350,"level":"debug","message":"(console:log) Pdf utils adding group field, value: \"Race1\"","meta":{"userLevel":true,"rootId":"isdh3egwii3u3my","id":"isdh3egwii3u3my"},"id":"wlhsrshihsgjg3m","previousOperationId":"2b4812yss8p0xw9"}
{"type":"log","timestamp":1705509320350,"level":"debug","message":"(console:log) Pdf utils adding group field, value: \"Race2\"","meta":{"userLevel":true,"rootId":"isdh3egwii3u3my","id":"isdh3egwii3u3my"},"id":"cl5jdiil90have7","previousOperationId":"2b4812yss8p0xw9"}
{"type":"operationEnd","operationId":"2b4812yss8p0xw9","timestamp":1705509320350,"id":"1riia9lliuz6tgc","previousEventId":"1aoh3c69offapx1","previousOperationId":"2b4812yss8p0xw9"}
{"type":"operationStart","subtype":"recipe","name":"chrome-pdf","timestamp":1705509320350,"id":"l3fon4wx5t8367i","previousEventId":"1riia9lliuz6tgc","operationId":"if06bgv3brb8hkl","previousOperationId":"2b4812yss8p0xw9"}
{"type":"log","timestamp":1705509320350,"level":"debug","message":"Executing recipe chrome-pdf","meta":{"rootId":"isdh3egwii3u3my","id":"isdh3egwii3u3my"},"id":"1w2al6e182j60it","previousOperationId":"if06bgv3brb8hkl"}
{"type":"log","timestamp":1705509320352,"level":"debug","message":"Converting with chrome HeadlessChrome/117.0.5938.149 using chrome-pool strategy","meta":{"rootId":"isdh3egwii3u3my","id":"isdh3egwii3u3my"},"id":"ijnfjjsnibi4u37","previousOperationId":"if06bgv3brb8hkl"}
{"type":"log","timestamp":1705509320420,"level":"debug","message":"Page request: GET (document) file:///C:/Users/DANIEL~1/AppData/Local/Temp/jsreport/autocleanup/5fae0b0f-dfa8-42f5-9996-bb7a968cb217-chrome-pdf.html","meta":{"rootId":"isdh3egwii3u3my","id":"isdh3egwii3u3my"},"id":"u0f4xjlh0acmua2","previousOperationId":"if06bgv3brb8hkl"}
{"type":"log","timestamp":1705509320433,"level":"debug","message":"Page request: GET (stylesheet) https://cdnjs.cloudflare.com/ajax/libs/metro/4.1.5/css/metro.min.css","meta":{"rootId":"isdh3egwii3u3my","id":"isdh3egwii3u3my"},"id":"i0358mifal9l1wk","previousOperationId":"if06bgv3brb8hkl"}
{"type":"log","timestamp":1705509320433,"level":"debug","message":"Page request: GET (script) https://cdnjs.cloudflare.com/ajax/libs/Chart.js/2.7.2/Chart.min.js","meta":{"rootId":"isdh3egwii3u3my","id":"isdh3egwii3u3my"},"id":"doh6c5kdu7zuglw","previousOperationId":"if06bgv3brb8hkl"}
{"type":"log","timestamp":1705509320433,"level":"debug","message":"Page request finished: GET (document) 200 file:///C:/Users/DANIEL~1/AppData/Local/Temp/jsreport/autocleanup/5fae0b0f-dfa8-42f5-9996-bb7a968cb217-chrome-pdf.html","meta":{"rootId":"isdh3egwii3u3my","id":"isdh3egwii3u3my"},"id":"2cnrbwpq9bctnl2","previousOperationId":"if06bgv3brb8hkl"}
{"type":"log","timestamp":1705509320436,"level":"debug","message":"Page request finished: GET (script) 200 https://cdnjs.cloudflare.com/ajax/libs/Chart.js/2.7.2/Chart.min.js","meta":{"rootId":"isdh3egwii3u3my","id":"isdh3egwii3u3my"},"id":"x1dj4f3k88eqy4k","previousOperationId":"if06bgv3brb8hkl"}
{"type":"log","timestamp":1705509320445,"level":"debug","message":"Page request finished: GET (stylesheet) 200 https://cdnjs.cloudflare.com/ajax/libs/metro/4.1.5/css/metro.min.css","meta":{"rootId":"isdh3egwii3u3my","id":"isdh3egwii3u3my"},"id":"nnqp2lne3cozgxd","previousOperationId":"if06bgv3brb8hkl"}
{"type":"log","timestamp":1705509320467,"level":"debug","message":"Running chrome with params {\"printBackground\":true,\"marginTop\":\"4cm\",\"marginRight\":\"1.5cm\",\"marginBottom\":\"1.5cm\",\"marginLeft\":\"1.5cm\",\"waitForJS\":false,\"timeout\":59968,\"margin\":{\"top\":\"4cm\",\"right\":\"1.5cm\",\"bottom\":\"1.5cm\",\"left\":\"1.5cm\"}}","meta":{"rootId":"isdh3egwii3u3my","id":"isdh3egwii3u3my"},"id":"xf88b5xwukgg1lg","previousOperationId":"if06bgv3brb8hkl"}
{"type":"operationEnd","operationId":"if06bgv3brb8hkl","timestamp":1705509320521,"id":"zy4z1dtp9n8xe46","previousEventId":"l3fon4wx5t8367i","previousOperationId":"if06bgv3brb8hkl"}
{"type":"log","timestamp":1705509320521,"level":"info","message":"pdf-utils is starting pdf processing","meta":{"rootId":"isdh3egwii3u3my","id":"isdh3egwii3u3my"},"id":"bumrwnsnwo8enyn","previousOperationId":"if06bgv3brb8hkl"}
{"type":"operationStart","subtype":"pdfUtils","name":"pdf utils","timestamp":1705509320521,"id":"etfmsumht69iq4e","previousEventId":"zy4z1dtp9n8xe46","operationId":"z6f8qisjjap447e","previousOperationId":"if06bgv3brb8hkl"}
{"type":"log","timestamp":1705509320521,"level":"debug","message":"pdf-utils detected 1 pdf operation(s) to process","meta":{"rootId":"isdh3egwii3u3my","id":"isdh3egwii3u3my"},"id":"sh3tg5tnw6fru51","previousOperationId":"z6f8qisjjap447e"}
{"type":"log","timestamp":1705509320536,"level":"debug","message":"pdf-utils running pdf operation merge","meta":{"rootId":"isdh3egwii3u3my","id":"isdh3egwii3u3my"},"id":"gw1vgudu5mehhbz","previousOperationId":"z6f8qisjjap447e"}
{"type":"operationStart","subtype":"pdfUtilsMerge","name":"pdf utils merge","previousOperationId":"z6f8qisjjap447e","timestamp":1705509320536,"id":"2nw45qeqrprppwd","previousEventId":"etfmsumht69iq4e","operationId":"ui1h3q5e4x7aryv"}
{"type":"operationStart","subtype":"render","name":"orders-header","previousOperationId":"ui1h3q5e4x7aryv","timestamp":1705509320537,"id":"jl0o4k41n059pwn","previousEventId":"2nw45qeqrprppwd","operationId":"wjen2r8zxd9dnxg"}
{"type":"log","timestamp":1705509320537,"level":"info","message":"Starting rendering (child) request","meta":{"rootId":"isdh3egwii3u3my","id":"6yrx4rqxo02y04o"},"id":"fsgh3r21a06n1me","previousOperationId":"wjen2r8zxd9dnxg"}
{"type":"log","timestamp":1705509320537,"level":"info","message":"Rendering template { name: orders-header, recipe: chrome-pdf, engine: handlebars, preview: true }","meta":{"rootId":"isdh3egwii3u3my","id":"6yrx4rqxo02y04o"},"id":"vw8uhlr2hwhg82d","previousOperationId":"wjen2r8zxd9dnxg"}
{"type":"log","timestamp":1705509320537,"level":"debug","message":"Inline data specified.","meta":{"rootId":"isdh3egwii3u3my","id":"6yrx4rqxo02y04o"},"id":"g5it62jivurczgm","previousOperationId":"wjen2r8zxd9dnxg"}
{"type":"log","timestamp":1705509320538,"level":"debug","message":"Base url not specified, skipping its injection.","meta":{"rootId":"isdh3egwii3u3my","id":"6yrx4rqxo02y04o"},"id":"q7tjkq97lgw6pa6","previousOperationId":"wjen2r8zxd9dnxg"}
{"type":"operationStart","subtype":"engine","name":"handlebars","timestamp":1705509320538,"id":"l9sk93y5qyboet9","previousEventId":"jl0o4k41n059pwn","operationId":"fxo5o4f2us0t714","previousOperationId":"wjen2r8zxd9dnxg"}
{"type":"log","timestamp":1705509320538,"level":"debug","message":"Rendering engine handlebars","meta":{"rootId":"isdh3egwii3u3my","id":"6yrx4rqxo02y04o"},"id":"ysjsgphv42tey1v","previousOperationId":"fxo5o4f2us0t714"}
{"type":"operationEnd","operationId":"fxo5o4f2us0t714","timestamp":1705509320552,"id":"wf3d4oj8ovfj02r","previousEventId":"l9sk93y5qyboet9","previousOperationId":"fxo5o4f2us0t714"}
{"type":"operationStart","subtype":"recipe","name":"chrome-pdf","timestamp":1705509320552,"id":"ml51btroaeio6ba","previousEventId":"wf3d4oj8ovfj02r","operationId":"nqb366g9i3bq06r","previousOperationId":"fxo5o4f2us0t714"}
{"type":"log","timestamp":1705509320552,"level":"debug","message":"Executing recipe chrome-pdf","meta":{"rootId":"isdh3egwii3u3my","id":"6yrx4rqxo02y04o"},"id":"cdv5ock69uzbfnh","previousOperationId":"nqb366g9i3bq06r"}
{"type":"log","timestamp":1705509320553,"level":"debug","message":"Converting with chrome HeadlessChrome/117.0.5938.149 using chrome-pool strategy","meta":{"rootId":"isdh3egwii3u3my","id":"6yrx4rqxo02y04o"},"id":"3vre5eb9sba95sc","previousOperationId":"nqb366g9i3bq06r"}
{"type":"log","timestamp":1705509320616,"level":"debug","message":"Page request: GET (document) file:///C:/Users/DANIEL~1/AppData/Local/Temp/jsreport/autocleanup/5c38a681-c9ae-4e9b-b460-2e8545ceceb2-chrome-pdf.html","meta":{"rootId":"isdh3egwii3u3my","id":"6yrx4rqxo02y04o"},"id":"h99cabzd117vf18","previousOperationId":"nqb366g9i3bq06r"}
{"type":"log","timestamp":1705509320622,"level":"debug","message":"Page request: GET (stylesheet) https://cdnjs.cloudflare.com/ajax/libs/metro/4.1.5/css/metro.min.css","meta":{"rootId":"isdh3egwii3u3my","id":"6yrx4rqxo02y04o"},"id":"rc3mj22x281qal6","previousOperationId":"nqb366g9i3bq06r"}
{"type":"log","timestamp":1705509320622,"level":"debug","message":"Page request finished: GET (document) 200 file:///C:/Users/DANIEL~1/AppData/Local/Temp/jsreport/autocleanup/5c38a681-c9ae-4e9b-b460-2e8545ceceb2-chrome-pdf.html","meta":{"rootId":"isdh3egwii3u3my","id":"6yrx4rqxo02y04o"},"id":"09tqkp33d4615v7","previousOperationId":"nqb366g9i3bq06r"}
{"type":"log","timestamp":1705509320634,"level":"debug","message":"Page request finished: GET (stylesheet) 200 https://cdnjs.cloudflare.com/ajax/libs/metro/4.1.5/css/metro.min.css","meta":{"rootId":"isdh3egwii3u3my","id":"6yrx4rqxo02y04o"},"id":"y1pkf87sztwlo4b","previousOperationId":"nqb366g9i3bq06r"}
{"type":"log","timestamp":1705509320646,"level":"debug","message":"Running chrome with params {\"printBackground\":true,\"marginTop\":\"1.5cm\",\"marginRight\":\"1.5cm\",\"marginLeft\":\"1.cm\",\"timeout\":59767,\"margin\":{\"top\":\"1.5cm\",\"right\":\"1.5cm\",\"left\":\"1.cm\"}}","meta":{"rootId":"isdh3egwii3u3my","id":"6yrx4rqxo02y04o"},"id":"wzkwusx7ks11lgw","previousOperationId":"nqb366g9i3bq06r"}
{"type":"operationEnd","operationId":"nqb366g9i3bq06r","timestamp":1705509320672,"id":"n76qa7v5sydjwtg","previousEventId":"ml51btroaeio6ba","previousOperationId":"nqb366g9i3bq06r"}
{"type":"log","timestamp":1705509320672,"level":"debug","message":"Skipping storing report.","meta":{"rootId":"isdh3egwii3u3my","id":"6yrx4rqxo02y04o"},"id":"8kss860s9q757cu","previousOperationId":"nqb366g9i3bq06r"}
{"type":"log","timestamp":1705509320672,"level":"info","message":"Rendering (child) request finished in 352 ms","meta":{"rootId":"isdh3egwii3u3my","id":"6yrx4rqxo02y04o"},"id":"mt778aahufz9fow","previousOperationId":"nqb366g9i3bq06r"}
{"type":"operationEnd","subtype":"render","operationId":"wjen2r8zxd9dnxg","timestamp":1705509320672,"id":"oq43k7nospnam2a","previousEventId":"n76qa7v5sydjwtg","previousOperationId":"nqb366g9i3bq06r"}
{"type":"operationEnd","operationId":"ui1h3q5e4x7aryv","timestamp":1705509320679,"id":"tx4wqkolbsyh4kt","previousEventId":"2nw45qeqrprppwd","previousOperationId":"ui1h3q5e4x7aryv"}
{"type":"log","timestamp":1705509320679,"level":"debug","message":"pdf-utils postproces start","meta":{"rootId":"isdh3egwii3u3my","id":"isdh3egwii3u3my"},"id":"p0lyrkaf034sgvo","previousOperationId":"ui1h3q5e4x7aryv"}
{"type":"log","timestamp":1705509320686,"level":"debug","message":"pdf-utils postproces end","meta":{"rootId":"isdh3egwii3u3my","id":"isdh3egwii3u3my"},"id":"dacnlobw7v0a0pl","previousOperationId":"ui1h3q5e4x7aryv"}
{"type":"operationEnd","operationId":"z6f8qisjjap447e","timestamp":1705509320686,"id":"kcs3ymwpx3tbz1w","previousEventId":"tx4wqkolbsyh4kt","previousOperationId":"ui1h3q5e4x7aryv"}
{"type":"log","timestamp":1705509320686,"level":"info","message":"pdf-utils pdf processing was finished","meta":{"rootId":"isdh3egwii3u3my","id":"isdh3egwii3u3my"},"id":"hu3mdzdrku6ditk","previousOperationId":"z6f8qisjjap447e"}
{"type":"log","timestamp":1705509320686,"level":"debug","message":"Skipping storing report.","meta":{"rootId":"isdh3egwii3u3my","id":"isdh3egwii3u3my"},"id":"acyvydhnj1v0zh3","previousOperationId":"z6f8qisjjap447e"}
{"type":"log","timestamp":1705509320686,"level":"info","message":"Rendering request 51 finished in 366 ms","meta":{"rootId":"isdh3egwii3u3my","id":"isdh3egwii3u3my"},"id":"ee048f1z8hi60gl","previousOperationId":"z6f8qisjjap447e"}
{"type":"operationEnd","subtype":"render","operationId":"t0tgyucy3xppls3","timestamp":1705509320686,"id":"yii7vwufktsyrbp","previousEventId":"kcs3ymwpx3tbz1w","previousOperationId":"z6f8qisjjap447e"}
{"type":"operationEnd","doDiffs":false,"previousEventId":"tr4hcciet2qvxyr","previousOperationId":"arsbt9bz6a2bxxj","operationId":"arsbt9bz6a2bxxj","timestamp":1705509320696,"id":"8wfafgfkeziu6ka"}
