{"type":"operationStart","subtype":"profile","data":{"_id":"Yed9IjIEaqDfWffj","timestamp":"2024-01-18T17:03:37.166Z","state":"queued","mode":"standard","creationDate":"2024-01-18T17:03:37.169Z","modificationDate":"2024-01-18T17:03:37.169Z","shortid":"M9RMpaU","$entitySet":"profiles"},"doDiffs":false,"timestamp":1705597417168,"id":"kfuaiot00rzhb4d","previousOperationId":null,"operationId":"uuxzkkybkww52lt"}
{"type":"log","level":"info","message":"Render request 7 queued for execution and waiting for available worker","previousOperationId":"uuxzkkybkww52lt","timestamp":1705597417168,"id":"z7kvr9whlobhmrl"}
{"type":"operationStart","subtype":"render","name":"orders-main","previousOperationId":"uuxzkkybkww52lt","timestamp":1705597417173,"id":"nyvmf2bemar0rd8","previousEventId":"kfuaiot00rzhb4d","operationId":"0knn3p3t9gcewfi"}
{"type":"log","timestamp":1705597417173,"level":"info","message":"Starting rendering request 7","meta":{"rootId":"j3nkwe95aigqc0k","id":"j3nkwe95aigqc0k"},"id":"3yabu6b6r87weib","previousOperationId":"0knn3p3t9gcewfi"}
{"type":"log","timestamp":1705597417173,"level":"info","message":"Rendering template { name: orders-main, recipe: chrome-pdf, engine: handlebars, preview: true }","meta":{"rootId":"j3nkwe95aigqc0k","id":"j3nkwe95aigqc0k"},"id":"48yu1vms4caujpe","previousOperationId":"0knn3p3t9gcewfi"}
{"type":"log","timestamp":1705597417174,"level":"debug","message":"Data item not defined for this template.","meta":{"rootId":"j3nkwe95aigqc0k","id":"j3nkwe95aigqc0k"},"id":"z26g2v0v2b3xzry","previousOperationId":"0knn3p3t9gcewfi"}
{"type":"log","timestamp":1705597417175,"level":"debug","message":"Executing script orders-script (beforeRender)","meta":{"rootId":"j3nkwe95aigqc0k","id":"j3nkwe95aigqc0k"},"id":"g4uiyrmxxca2a9c","previousOperationId":"0knn3p3t9gcewfi"}
{"type":"operationStart","subtype":"scriptsBeforeRender","name":"scripts beforeRender","timestamp":1705597417185,"id":"1f2xajatwjfkxzi","previousEventId":"nyvmf2bemar0rd8","operationId":"ygfco8yxjmzzu6o","previousOperationId":"0knn3p3t9gcewfi"}
{"type":"operationStart","subtype":"script","name":"scripts orders-script","previousOperationId":"ygfco8yxjmzzu6o","timestamp":1705597417185,"id":"loj7d2iyfved0nv","previousEventId":"1f2xajatwjfkxzi","operationId":"ob9ov9qacy8j4wp"}
{"type":"log","timestamp":1705597417195,"level":"debug","message":"(console:log) [\"Race1\",\"Race2\"]","meta":{"userLevel":true,"rootId":"j3nkwe95aigqc0k","id":"j3nkwe95aigqc0k"},"id":"zk44geqnf1m3cs3","previousOperationId":"ob9ov9qacy8j4wp"}
{"type":"log","timestamp":1705597417195,"level":"debug","message":"(console:log) [2,1]","meta":{"userLevel":true,"rootId":"j3nkwe95aigqc0k","id":"j3nkwe95aigqc0k"},"id":"t60eyg5wc31gooz","previousOperationId":"ob9ov9qacy8j4wp"}
{"type":"operationEnd","operationId":"ob9ov9qacy8j4wp","timestamp":1705597417195,"id":"wbcswxkurcbf9h3","previousEventId":"nyvmf2bemar0rd8","previousOperationId":"0knn3p3t9gcewfi"}
{"type":"operationEnd","operationId":"ygfco8yxjmzzu6o","timestamp":1705597417195,"id":"9y3nsbej183z402","previousEventId":"wbcswxkurcbf9h3","previousOperationId":"0knn3p3t9gcewfi"}
{"type":"log","timestamp":1705597417195,"level":"debug","message":"Base url not specified, skipping its injection.","meta":{"rootId":"j3nkwe95aigqc0k","id":"j3nkwe95aigqc0k"},"id":"b1gykba6yh88q55","previousOperationId":"ygfco8yxjmzzu6o"}
{"type":"operationStart","subtype":"engine","name":"handlebars","timestamp":1705597417195,"id":"vbqbcpasol70ylr","previousEventId":"9y3nsbej183z402","operationId":"qeq6d5ovc0nywjg","previousOperationId":"ygfco8yxjmzzu6o"}
{"type":"log","timestamp":1705597417195,"level":"debug","message":"Rendering engine handlebars","meta":{"rootId":"j3nkwe95aigqc0k","id":"j3nkwe95aigqc0k"},"id":"zx7i4zlmsm0ja5e","previousOperationId":"qeq6d5ovc0nywjg"}
{"type":"log","timestamp":1705597417202,"level":"debug","message":"(console:log) Pdf utils adding group field, value: \"Race1\"","meta":{"userLevel":true,"rootId":"j3nkwe95aigqc0k","id":"j3nkwe95aigqc0k"},"id":"wzsta8j6aag3kl3","previousOperationId":"qeq6d5ovc0nywjg"}
{"type":"log","timestamp":1705597417202,"level":"debug","message":"(console:log) Pdf utils adding group field, value: \"Race2\"","meta":{"userLevel":true,"rootId":"j3nkwe95aigqc0k","id":"j3nkwe95aigqc0k"},"id":"7ygo9aqs28qym6j","previousOperationId":"qeq6d5ovc0nywjg"}
{"type":"operationEnd","operationId":"qeq6d5ovc0nywjg","timestamp":1705597417203,"id":"eii95tep717acbh","previousEventId":"vbqbcpasol70ylr","previousOperationId":"qeq6d5ovc0nywjg"}
{"type":"operationStart","subtype":"recipe","name":"chrome-pdf","timestamp":1705597417203,"id":"7bait3t78c2apfi","previousEventId":"eii95tep717acbh","operationId":"6rdkkzw5eft1m0h","previousOperationId":"qeq6d5ovc0nywjg"}
{"type":"log","timestamp":1705597417203,"level":"debug","message":"Executing recipe chrome-pdf","meta":{"rootId":"j3nkwe95aigqc0k","id":"j3nkwe95aigqc0k"},"id":"f9o7yib3yw4o63a","previousOperationId":"6rdkkzw5eft1m0h"}
{"type":"log","timestamp":1705597417205,"level":"debug","message":"Converting with chrome HeadlessChrome/117.0.5938.149 using chrome-pool strategy","meta":{"rootId":"j3nkwe95aigqc0k","id":"j3nkwe95aigqc0k"},"id":"hrxqttmbhckzf8m","previousOperationId":"6rdkkzw5eft1m0h"}
{"type":"log","timestamp":1705597417268,"level":"debug","message":"Page request: GET (document) file:///C:/Users/DANIEL~1/AppData/Local/Temp/jsreport/autocleanup/5630da68-dc3a-40f9-a99a-1dfdce80d2ff-chrome-pdf.html","meta":{"rootId":"j3nkwe95aigqc0k","id":"j3nkwe95aigqc0k"},"id":"6ywb9zy45whzp4v","previousOperationId":"6rdkkzw5eft1m0h"}
{"type":"log","timestamp":1705597417285,"level":"debug","message":"Page request: GET (stylesheet) https://cdnjs.cloudflare.com/ajax/libs/metro/4.1.5/css/metro.min.css","meta":{"rootId":"j3nkwe95aigqc0k","id":"j3nkwe95aigqc0k"},"id":"6nsk1ur2pboampo","previousOperationId":"6rdkkzw5eft1m0h"}
{"type":"log","timestamp":1705597417285,"level":"debug","message":"Page request: GET (script) https://cdnjs.cloudflare.com/ajax/libs/Chart.js/2.9.4/Chart.js","meta":{"rootId":"j3nkwe95aigqc0k","id":"j3nkwe95aigqc0k"},"id":"k9pgx2squq7l6b6","previousOperationId":"6rdkkzw5eft1m0h"}
{"type":"log","timestamp":1705597417285,"level":"debug","message":"Page request finished: GET (document) 200 file:///C:/Users/DANIEL~1/AppData/Local/Temp/jsreport/autocleanup/5630da68-dc3a-40f9-a99a-1dfdce80d2ff-chrome-pdf.html","meta":{"rootId":"j3nkwe95aigqc0k","id":"j3nkwe95aigqc0k"},"id":"tmes3k9pyn5rrwf","previousOperationId":"6rdkkzw5eft1m0h"}
{"type":"log","timestamp":1705597417290,"level":"debug","message":"Page request finished: GET (script) 200 https://cdnjs.cloudflare.com/ajax/libs/Chart.js/2.9.4/Chart.js","meta":{"rootId":"j3nkwe95aigqc0k","id":"j3nkwe95aigqc0k"},"id":"p3b618fmiwls963","previousOperationId":"6rdkkzw5eft1m0h"}
{"type":"log","timestamp":1705597417298,"level":"debug","message":"Page request finished: GET (stylesheet) 200 https://cdnjs.cloudflare.com/ajax/libs/metro/4.1.5/css/metro.min.css","meta":{"rootId":"j3nkwe95aigqc0k","id":"j3nkwe95aigqc0k"},"id":"u87x9ralgx5smii","previousOperationId":"6rdkkzw5eft1m0h"}
{"type":"log","timestamp":1705597417301,"level":"warn","message":"Page error: Unexpected token '&' , stack: SyntaxError: Unexpected token '&'","meta":{"rootId":"j3nkwe95aigqc0k","id":"j3nkwe95aigqc0k"},"id":"wcz3q9u7fufrctm","previousOperationId":"6rdkkzw5eft1m0h"}
{"type":"log","timestamp":1705597417320,"level":"debug","message":"Running chrome with params {\"printBackground\":true,\"marginTop\":\"4cm\",\"marginRight\":\"1.5cm\",\"marginBottom\":\"1.5cm\",\"marginLeft\":\"1.5cm\",\"waitForJS\":false,\"timeout\":59962,\"margin\":{\"top\":\"4cm\",\"right\":\"1.5cm\",\"bottom\":\"1.5cm\",\"left\":\"1.5cm\"}}","meta":{"rootId":"j3nkwe95aigqc0k","id":"j3nkwe95aigqc0k"},"id":"c6mnay20gq7mw3t","previousOperationId":"6rdkkzw5eft1m0h"}
{"type":"operationEnd","operationId":"6rdkkzw5eft1m0h","timestamp":1705597417375,"id":"qfi5oj0juqipiki","previousEventId":"7bait3t78c2apfi","previousOperationId":"6rdkkzw5eft1m0h"}
{"type":"log","timestamp":1705597417375,"level":"info","message":"pdf-utils is starting pdf processing","meta":{"rootId":"j3nkwe95aigqc0k","id":"j3nkwe95aigqc0k"},"id":"dbqbqgb2l1jsngy","previousOperationId":"6rdkkzw5eft1m0h"}
{"type":"operationStart","subtype":"pdfUtils","name":"pdf utils","timestamp":1705597417375,"id":"9s5tnaq5357qlu0","previousEventId":"qfi5oj0juqipiki","operationId":"g5poeu8k19a97k7","previousOperationId":"6rdkkzw5eft1m0h"}
{"type":"log","timestamp":1705597417375,"level":"debug","message":"pdf-utils detected 1 pdf operation(s) to process","meta":{"rootId":"j3nkwe95aigqc0k","id":"j3nkwe95aigqc0k"},"id":"t7hhg8axlkn6jgz","previousOperationId":"g5poeu8k19a97k7"}
{"type":"log","timestamp":1705597417389,"level":"debug","message":"pdf-utils running pdf operation merge","meta":{"rootId":"j3nkwe95aigqc0k","id":"j3nkwe95aigqc0k"},"id":"c1q0ijkyozj6xr3","previousOperationId":"g5poeu8k19a97k7"}
{"type":"operationStart","subtype":"pdfUtilsMerge","name":"pdf utils merge","previousOperationId":"g5poeu8k19a97k7","timestamp":1705597417389,"id":"ao4ja3zffbmk4nj","previousEventId":"9s5tnaq5357qlu0","operationId":"94yplai640wsx0r"}
{"type":"operationStart","subtype":"render","name":"orders-header","previousOperationId":"94yplai640wsx0r","timestamp":1705597417390,"id":"z9a7i3dkux6wixs","previousEventId":"ao4ja3zffbmk4nj","operationId":"zqeu6shb1r9svpv"}
{"type":"log","timestamp":1705597417390,"level":"info","message":"Starting rendering (child) request","meta":{"rootId":"j3nkwe95aigqc0k","id":"nwu16tjnag8iyyh"},"id":"z1n3m7ktco008xe","previousOperationId":"zqeu6shb1r9svpv"}
{"type":"log","timestamp":1705597417390,"level":"info","message":"Rendering template { name: orders-header, recipe: chrome-pdf, engine: handlebars, preview: true }","meta":{"rootId":"j3nkwe95aigqc0k","id":"nwu16tjnag8iyyh"},"id":"31zhec72bi8oq1b","previousOperationId":"zqeu6shb1r9svpv"}
{"type":"log","timestamp":1705597417390,"level":"debug","message":"Inline data specified.","meta":{"rootId":"j3nkwe95aigqc0k","id":"nwu16tjnag8iyyh"},"id":"sn47pa8cdjwxk8x","previousOperationId":"zqeu6shb1r9svpv"}
{"type":"log","timestamp":1705597417391,"level":"debug","message":"Base url not specified, skipping its injection.","meta":{"rootId":"j3nkwe95aigqc0k","id":"nwu16tjnag8iyyh"},"id":"y3xcfx9n4ztz8lv","previousOperationId":"zqeu6shb1r9svpv"}
{"type":"operationStart","subtype":"engine","name":"handlebars","timestamp":1705597417392,"id":"7ryyp7387zrjpx0","previousEventId":"z9a7i3dkux6wixs","operationId":"b3mcaffdp41wl0f","previousOperationId":"zqeu6shb1r9svpv"}
{"type":"log","timestamp":1705597417392,"level":"debug","message":"Rendering engine handlebars","meta":{"rootId":"j3nkwe95aigqc0k","id":"nwu16tjnag8iyyh"},"id":"bue30dv5j0egy65","previousOperationId":"b3mcaffdp41wl0f"}
{"type":"operationEnd","operationId":"b3mcaffdp41wl0f","timestamp":1705597417403,"id":"fj4iyy0z2ao267p","previousEventId":"7ryyp7387zrjpx0","previousOperationId":"b3mcaffdp41wl0f"}
{"type":"operationStart","subtype":"recipe","name":"chrome-pdf","timestamp":1705597417403,"id":"uzgxygk5ckceh1v","previousEventId":"fj4iyy0z2ao267p","operationId":"rjltawg4d7wll32","previousOperationId":"b3mcaffdp41wl0f"}
{"type":"log","timestamp":1705597417403,"level":"debug","message":"Executing recipe chrome-pdf","meta":{"rootId":"j3nkwe95aigqc0k","id":"nwu16tjnag8iyyh"},"id":"vce4cki9wbxo9of","previousOperationId":"rjltawg4d7wll32"}
{"type":"log","timestamp":1705597417405,"level":"debug","message":"Converting with chrome HeadlessChrome/117.0.5938.149 using chrome-pool strategy","meta":{"rootId":"j3nkwe95aigqc0k","id":"nwu16tjnag8iyyh"},"id":"zcmzozfgxj1hszs","previousOperationId":"rjltawg4d7wll32"}
{"type":"log","timestamp":1705597417463,"level":"debug","message":"Page request: GET (document) file:///C:/Users/DANIEL~1/AppData/Local/Temp/jsreport/autocleanup/5255d587-0792-4652-914d-c7b95d6e819f-chrome-pdf.html","meta":{"rootId":"j3nkwe95aigqc0k","id":"nwu16tjnag8iyyh"},"id":"2nj3abydjsjbf3u","previousOperationId":"rjltawg4d7wll32"}
{"type":"log","timestamp":1705597417469,"level":"debug","message":"Page request: GET (stylesheet) https://cdnjs.cloudflare.com/ajax/libs/metro/4.1.5/css/metro.min.css","meta":{"rootId":"j3nkwe95aigqc0k","id":"nwu16tjnag8iyyh"},"id":"ez479jpgsmxuy7p","previousOperationId":"rjltawg4d7wll32"}
{"type":"log","timestamp":1705597417470,"level":"debug","message":"Page request finished: GET (document) 200 file:///C:/Users/DANIEL~1/AppData/Local/Temp/jsreport/autocleanup/5255d587-0792-4652-914d-c7b95d6e819f-chrome-pdf.html","meta":{"rootId":"j3nkwe95aigqc0k","id":"nwu16tjnag8iyyh"},"id":"wl70dxjfjbthsrq","previousOperationId":"rjltawg4d7wll32"}
{"type":"log","timestamp":1705597417480,"level":"debug","message":"Page request finished: GET (stylesheet) 200 https://cdnjs.cloudflare.com/ajax/libs/metro/4.1.5/css/metro.min.css","meta":{"rootId":"j3nkwe95aigqc0k","id":"nwu16tjnag8iyyh"},"id":"zhezqcr3pg9bpgf","previousOperationId":"rjltawg4d7wll32"}
{"type":"log","timestamp":1705597417492,"level":"debug","message":"Running chrome with params {\"printBackground\":true,\"marginTop\":\"1.5cm\",\"marginRight\":\"1.5cm\",\"marginLeft\":\"1.cm\",\"timeout\":59762,\"margin\":{\"top\":\"1.5cm\",\"right\":\"1.5cm\",\"left\":\"1.cm\"}}","meta":{"rootId":"j3nkwe95aigqc0k","id":"nwu16tjnag8iyyh"},"id":"5geyhs8fhua0fpa","previousOperationId":"rjltawg4d7wll32"}
{"type":"operationEnd","operationId":"rjltawg4d7wll32","timestamp":1705597417518,"id":"zpj01n8tysjhwg2","previousEventId":"uzgxygk5ckceh1v","previousOperationId":"rjltawg4d7wll32"}
{"type":"log","timestamp":1705597417518,"level":"debug","message":"Skipping storing report.","meta":{"rootId":"j3nkwe95aigqc0k","id":"nwu16tjnag8iyyh"},"id":"jbrqbq84lrmn07y","previousOperationId":"rjltawg4d7wll32"}
{"type":"log","timestamp":1705597417518,"level":"info","message":"Rendering (child) request finished in 352 ms","meta":{"rootId":"j3nkwe95aigqc0k","id":"nwu16tjnag8iyyh"},"id":"9fhq4p62rewh37e","previousOperationId":"rjltawg4d7wll32"}
{"type":"operationEnd","subtype":"render","operationId":"zqeu6shb1r9svpv","timestamp":1705597417518,"id":"k0efvrs9n3f39ey","previousEventId":"zpj01n8tysjhwg2","previousOperationId":"rjltawg4d7wll32"}
{"type":"operationEnd","operationId":"94yplai640wsx0r","timestamp":1705597417525,"id":"llgihyiq8tl0ds5","previousEventId":"ao4ja3zffbmk4nj","previousOperationId":"94yplai640wsx0r"}
{"type":"log","timestamp":1705597417525,"level":"debug","message":"pdf-utils postproces start","meta":{"rootId":"j3nkwe95aigqc0k","id":"j3nkwe95aigqc0k"},"id":"dbwdu4xpeqbco5l","previousOperationId":"94yplai640wsx0r"}
{"type":"log","timestamp":1705597417533,"level":"debug","message":"pdf-utils postproces end","meta":{"rootId":"j3nkwe95aigqc0k","id":"j3nkwe95aigqc0k"},"id":"9vfpoy0z3ctb6sv","previousOperationId":"94yplai640wsx0r"}
{"type":"operationEnd","operationId":"g5poeu8k19a97k7","timestamp":1705597417533,"id":"rdbe6uyp98gzx7y","previousEventId":"llgihyiq8tl0ds5","previousOperationId":"94yplai640wsx0r"}
{"type":"log","timestamp":1705597417533,"level":"info","message":"pdf-utils pdf processing was finished","meta":{"rootId":"j3nkwe95aigqc0k","id":"j3nkwe95aigqc0k"},"id":"epl89hhvycl9891","previousOperationId":"g5poeu8k19a97k7"}
{"type":"log","timestamp":1705597417533,"level":"debug","message":"Skipping storing report.","meta":{"rootId":"j3nkwe95aigqc0k","id":"j3nkwe95aigqc0k"},"id":"371v6hrqwz5lqvz","previousOperationId":"g5poeu8k19a97k7"}
{"type":"log","timestamp":1705597417533,"level":"info","message":"Rendering request 7 finished in 367 ms","meta":{"rootId":"j3nkwe95aigqc0k","id":"j3nkwe95aigqc0k"},"id":"t6fjiiqkuugwnnw","previousOperationId":"g5poeu8k19a97k7"}
{"type":"operationEnd","subtype":"render","operationId":"0knn3p3t9gcewfi","timestamp":1705597417533,"id":"ojvo5j7wem26ioh","previousEventId":"rdbe6uyp98gzx7y","previousOperationId":"g5poeu8k19a97k7"}
{"type":"operationEnd","doDiffs":false,"previousEventId":"kfuaiot00rzhb4d","previousOperationId":"uuxzkkybkww52lt","operationId":"uuxzkkybkww52lt","timestamp":1705597417538,"id":"8ft7r2i259lqtba"}
