{"type":"operationStart","subtype":"profile","data":{"_id":"zxsm6bFbXYS8nQSb","timestamp":"2024-01-18T15:06:02.366Z","state":"queued","mode":"standard","creationDate":"2024-01-18T15:06:02.372Z","modificationDate":"2024-01-18T15:06:02.372Z","shortid":"wmdC4uM","$entitySet":"profiles"},"doDiffs":false,"timestamp":1705590362369,"id":"gm057eopbbw58li","previousOperationId":null,"operationId":"wd7gurha9emgtd9"}
{"type":"log","level":"info","message":"Render request 28 queued for execution and waiting for available worker","previousOperationId":"wd7gurha9emgtd9","timestamp":1705590362370,"id":"87isiojgrrbbyxf"}
{"type":"operationStart","subtype":"render","name":"orders-main","previousOperationId":"wd7gurha9emgtd9","timestamp":1705590362387,"id":"vqob3n47qvra3tg","previousEventId":"gm057eopbbw58li","operationId":"9nsgg3ld52v7doi"}
{"type":"log","timestamp":1705590362388,"level":"info","message":"Starting rendering request 28","meta":{"rootId":"ji9twad4v8rpiz1","id":"ji9twad4v8rpiz1"},"id":"2p124t68zo5aztp","previousOperationId":"9nsgg3ld52v7doi"}
{"type":"log","timestamp":1705590362388,"level":"info","message":"Rendering template { name: orders-main, recipe: chrome-pdf, engine: handlebars, preview: true }","meta":{"rootId":"ji9twad4v8rpiz1","id":"ji9twad4v8rpiz1"},"id":"fuikhk3plwq3q01","previousOperationId":"9nsgg3ld52v7doi"}
{"type":"log","timestamp":1705590362392,"level":"debug","message":"Data item not defined for this template.","meta":{"rootId":"ji9twad4v8rpiz1","id":"ji9twad4v8rpiz1"},"id":"uaiqn70312f4ltb","previousOperationId":"9nsgg3ld52v7doi"}
{"type":"log","timestamp":1705590362396,"level":"debug","message":"Executing script orders-script (beforeRender)","meta":{"rootId":"ji9twad4v8rpiz1","id":"ji9twad4v8rpiz1"},"id":"ko3diatjbvur3wo","previousOperationId":"9nsgg3ld52v7doi"}
{"type":"operationStart","subtype":"scriptsBeforeRender","name":"scripts beforeRender","timestamp":1705590362423,"id":"gtyj1y792wha59k","previousEventId":"vqob3n47qvra3tg","operationId":"dgh1wyl38u5f0ub","previousOperationId":"9nsgg3ld52v7doi"}
{"type":"operationStart","subtype":"script","name":"scripts orders-script","previousOperationId":"dgh1wyl38u5f0ub","timestamp":1705590362424,"id":"jt08w4131zjpb6i","previousEventId":"gtyj1y792wha59k","operationId":"0qekre1l9oq1rvw"}
{"type":"operationEnd","operationId":"0qekre1l9oq1rvw","timestamp":1705590362447,"id":"ubxw4dhuigs3odk","previousEventId":"vqob3n47qvra3tg","previousOperationId":"9nsgg3ld52v7doi"}
{"type":"operationEnd","operationId":"dgh1wyl38u5f0ub","timestamp":1705590362447,"id":"rvzza4hz5rtloxa","previousEventId":"ubxw4dhuigs3odk","previousOperationId":"9nsgg3ld52v7doi"}
{"type":"log","timestamp":1705590362447,"level":"debug","message":"Base url not specified, skipping its injection.","meta":{"rootId":"ji9twad4v8rpiz1","id":"ji9twad4v8rpiz1"},"id":"vdjjw2xrfymgfj7","previousOperationId":"dgh1wyl38u5f0ub"}
{"type":"operationStart","subtype":"engine","name":"handlebars","timestamp":1705590362447,"id":"rzhn7jpe6swk9dh","previousEventId":"rvzza4hz5rtloxa","operationId":"jhpbrnwwez92s3q","previousOperationId":"dgh1wyl38u5f0ub"}
{"type":"log","timestamp":1705590362447,"level":"debug","message":"Rendering engine handlebars","meta":{"rootId":"ji9twad4v8rpiz1","id":"ji9twad4v8rpiz1"},"id":"0tb6or3srq1bzj2","previousOperationId":"jhpbrnwwez92s3q"}
{"type":"log","timestamp":1705590362478,"level":"debug","message":"(console:log) Pdf utils adding group field, value: \"Race1\"","meta":{"userLevel":true,"rootId":"ji9twad4v8rpiz1","id":"ji9twad4v8rpiz1"},"id":"ax47w4ghdhijo0h","previousOperationId":"jhpbrnwwez92s3q"}
{"type":"log","timestamp":1705590362479,"level":"debug","message":"(console:log) Pdf utils adding group field, value: \"Race2\"","meta":{"userLevel":true,"rootId":"ji9twad4v8rpiz1","id":"ji9twad4v8rpiz1"},"id":"ce7mhim59p7o1fs","previousOperationId":"jhpbrnwwez92s3q"}
{"type":"operationEnd","operationId":"jhpbrnwwez92s3q","timestamp":1705590362479,"id":"vc79dh882088fbn","previousEventId":"rzhn7jpe6swk9dh","previousOperationId":"jhpbrnwwez92s3q"}
{"type":"operationStart","subtype":"recipe","name":"chrome-pdf","timestamp":1705590362479,"id":"itfk6u2ts2u74o5","previousEventId":"vc79dh882088fbn","operationId":"ohpx9wkmqu2zg9b","previousOperationId":"jhpbrnwwez92s3q"}
{"type":"log","timestamp":1705590362479,"level":"debug","message":"Executing recipe chrome-pdf","meta":{"rootId":"ji9twad4v8rpiz1","id":"ji9twad4v8rpiz1"},"id":"8yfe9akd0hnptji","previousOperationId":"ohpx9wkmqu2zg9b"}
{"type":"log","timestamp":1705590362484,"level":"debug","message":"Converting with chrome HeadlessChrome/117.0.5938.149 using chrome-pool strategy","meta":{"rootId":"ji9twad4v8rpiz1","id":"ji9twad4v8rpiz1"},"id":"o145cgq0pwik350","previousOperationId":"ohpx9wkmqu2zg9b"}
{"type":"log","timestamp":1705590362621,"level":"debug","message":"Page request: GET (document) file:///C:/Users/DANIEL~1/AppData/Local/Temp/jsreport/autocleanup/7407a93e-abaf-4a47-aa7e-3f118d2e585c-chrome-pdf.html","meta":{"rootId":"ji9twad4v8rpiz1","id":"ji9twad4v8rpiz1"},"id":"xhlp64kuhfapcul","previousOperationId":"ohpx9wkmqu2zg9b"}
{"type":"log","timestamp":1705590362675,"level":"debug","message":"Page request: GET (stylesheet) https://cdnjs.cloudflare.com/ajax/libs/metro/4.1.5/css/metro.min.css","meta":{"rootId":"ji9twad4v8rpiz1","id":"ji9twad4v8rpiz1"},"id":"sdt95wicgnaeal0","previousOperationId":"ohpx9wkmqu2zg9b"}
{"type":"log","timestamp":1705590362676,"level":"debug","message":"Page request finished: GET (document) 200 file:///C:/Users/DANIEL~1/AppData/Local/Temp/jsreport/autocleanup/7407a93e-abaf-4a47-aa7e-3f118d2e585c-chrome-pdf.html","meta":{"rootId":"ji9twad4v8rpiz1","id":"ji9twad4v8rpiz1"},"id":"nsaezkvh5kgjtk0","previousOperationId":"ohpx9wkmqu2zg9b"}
{"type":"log","timestamp":1705590362676,"level":"debug","message":"Page request: GET (script) https://cdnjs.cloudflare.com/ajax/libs/Chart.js/2.9.4/Chart.js","meta":{"rootId":"ji9twad4v8rpiz1","id":"ji9twad4v8rpiz1"},"id":"vfwkbujotta9tam","previousOperationId":"ohpx9wkmqu2zg9b"}
{"type":"log","timestamp":1705590362693,"level":"debug","message":"Page request finished: GET (script) 200 https://cdnjs.cloudflare.com/ajax/libs/Chart.js/2.9.4/Chart.js","meta":{"rootId":"ji9twad4v8rpiz1","id":"ji9twad4v8rpiz1"},"id":"t5ecjf17w492idt","previousOperationId":"ohpx9wkmqu2zg9b"}
{"type":"log","timestamp":1705590362710,"level":"debug","message":"Page request finished: GET (stylesheet) 200 https://cdnjs.cloudflare.com/ajax/libs/metro/4.1.5/css/metro.min.css","meta":{"rootId":"ji9twad4v8rpiz1","id":"ji9twad4v8rpiz1"},"id":"jiakcurhlk17l7x","previousOperationId":"ohpx9wkmqu2zg9b"}
{"type":"log","timestamp":1705590362717,"level":"warn","message":"Page error: Unexpected token ';' , stack: SyntaxError: Unexpected token ';'","meta":{"rootId":"ji9twad4v8rpiz1","id":"ji9twad4v8rpiz1"},"id":"jowngwcg2jw5eeb","previousOperationId":"ohpx9wkmqu2zg9b"}
{"type":"log","timestamp":1705590362761,"level":"debug","message":"Running chrome with params {\"printBackground\":true,\"marginTop\":\"4cm\",\"marginRight\":\"1.5cm\",\"marginBottom\":\"1.5cm\",\"marginLeft\":\"1.5cm\",\"waitForJS\":false,\"timeout\":59884,\"margin\":{\"top\":\"4cm\",\"right\":\"1.5cm\",\"bottom\":\"1.5cm\",\"left\":\"1.5cm\"}}","meta":{"rootId":"ji9twad4v8rpiz1","id":"ji9twad4v8rpiz1"},"id":"pjc9jm0fiu48mfn","previousOperationId":"ohpx9wkmqu2zg9b"}
{"type":"operationEnd","operationId":"ohpx9wkmqu2zg9b","timestamp":1705590362893,"id":"xgls6tajn24mkiy","previousEventId":"itfk6u2ts2u74o5","previousOperationId":"ohpx9wkmqu2zg9b"}
{"type":"log","timestamp":1705590362893,"level":"info","message":"pdf-utils is starting pdf processing","meta":{"rootId":"ji9twad4v8rpiz1","id":"ji9twad4v8rpiz1"},"id":"aat9agve789fu11","previousOperationId":"ohpx9wkmqu2zg9b"}
{"type":"operationStart","subtype":"pdfUtils","name":"pdf utils","timestamp":1705590362893,"id":"9ldttxxipxyuinb","previousEventId":"xgls6tajn24mkiy","operationId":"1kjvx62brulmvkx","previousOperationId":"ohpx9wkmqu2zg9b"}
{"type":"log","timestamp":1705590362893,"level":"debug","message":"pdf-utils detected 1 pdf operation(s) to process","meta":{"rootId":"ji9twad4v8rpiz1","id":"ji9twad4v8rpiz1"},"id":"o5kdz66vqa701mh","previousOperationId":"1kjvx62brulmvkx"}
{"type":"log","timestamp":1705590362943,"level":"debug","message":"pdf-utils running pdf operation merge","meta":{"rootId":"ji9twad4v8rpiz1","id":"ji9twad4v8rpiz1"},"id":"queehv8ofwcoaup","previousOperationId":"1kjvx62brulmvkx"}
{"type":"operationStart","subtype":"pdfUtilsMerge","name":"pdf utils merge","previousOperationId":"1kjvx62brulmvkx","timestamp":1705590362943,"id":"bwg99ljt4b4ckfc","previousEventId":"9ldttxxipxyuinb","operationId":"9rzthb2lutknmyx"}
{"type":"operationStart","subtype":"render","name":"orders-header","previousOperationId":"9rzthb2lutknmyx","timestamp":1705590362945,"id":"j9vcct73b1u2bv6","previousEventId":"bwg99ljt4b4ckfc","operationId":"sji54zb05v5ef55"}
{"type":"log","timestamp":1705590362945,"level":"info","message":"Starting rendering (child) request","meta":{"rootId":"ji9twad4v8rpiz1","id":"sxfp45qpjcn6fmx"},"id":"yp2zdjyuyhftbxq","previousOperationId":"sji54zb05v5ef55"}
{"type":"log","timestamp":1705590362945,"level":"info","message":"Rendering template { name: orders-header, recipe: chrome-pdf, engine: handlebars, preview: true }","meta":{"rootId":"ji9twad4v8rpiz1","id":"sxfp45qpjcn6fmx"},"id":"3n6vq4n62mkgy2z","previousOperationId":"sji54zb05v5ef55"}
{"type":"log","timestamp":1705590362946,"level":"debug","message":"Inline data specified.","meta":{"rootId":"ji9twad4v8rpiz1","id":"sxfp45qpjcn6fmx"},"id":"s05ihrns3ta2joa","previousOperationId":"sji54zb05v5ef55"}
{"type":"log","timestamp":1705590362949,"level":"debug","message":"Base url not specified, skipping its injection.","meta":{"rootId":"ji9twad4v8rpiz1","id":"sxfp45qpjcn6fmx"},"id":"eefeukp9gborrks","previousOperationId":"sji54zb05v5ef55"}
{"type":"operationStart","subtype":"engine","name":"handlebars","timestamp":1705590362950,"id":"gxztr2jzq7j4brg","previousEventId":"j9vcct73b1u2bv6","operationId":"gtpmnp6p30lj0ka","previousOperationId":"sji54zb05v5ef55"}
{"type":"log","timestamp":1705590362950,"level":"debug","message":"Rendering engine handlebars","meta":{"rootId":"ji9twad4v8rpiz1","id":"sxfp45qpjcn6fmx"},"id":"oyckq2raxay2a3h","previousOperationId":"gtpmnp6p30lj0ka"}
{"type":"operationEnd","operationId":"gtpmnp6p30lj0ka","timestamp":1705590362974,"id":"7a1gcsr44u1fhfv","previousEventId":"gxztr2jzq7j4brg","previousOperationId":"gtpmnp6p30lj0ka"}
{"type":"operationStart","subtype":"recipe","name":"chrome-pdf","timestamp":1705590362975,"id":"dehaniff4r5a3re","previousEventId":"7a1gcsr44u1fhfv","operationId":"m42zq5ygnhxzsm6","previousOperationId":"gtpmnp6p30lj0ka"}
{"type":"log","timestamp":1705590362975,"level":"debug","message":"Executing recipe chrome-pdf","meta":{"rootId":"ji9twad4v8rpiz1","id":"sxfp45qpjcn6fmx"},"id":"15ynp8mlu35asjb","previousOperationId":"m42zq5ygnhxzsm6"}
{"type":"log","timestamp":1705590362978,"level":"debug","message":"Converting with chrome HeadlessChrome/117.0.5938.149 using chrome-pool strategy","meta":{"rootId":"ji9twad4v8rpiz1","id":"sxfp45qpjcn6fmx"},"id":"1sb7bhzlnrl2g3h","previousOperationId":"m42zq5ygnhxzsm6"}
{"type":"log","timestamp":1705590363108,"level":"debug","message":"Page request: GET (document) file:///C:/Users/DANIEL~1/AppData/Local/Temp/jsreport/autocleanup/46d50fcc-75de-473b-b0ae-6a2134a37c8e-chrome-pdf.html","meta":{"rootId":"ji9twad4v8rpiz1","id":"sxfp45qpjcn6fmx"},"id":"9ut470znptezrec","previousOperationId":"m42zq5ygnhxzsm6"}
{"type":"log","timestamp":1705590363122,"level":"debug","message":"Page request: GET (stylesheet) https://cdnjs.cloudflare.com/ajax/libs/metro/4.1.5/css/metro.min.css","meta":{"rootId":"ji9twad4v8rpiz1","id":"sxfp45qpjcn6fmx"},"id":"t43d4m2kqegomb3","previousOperationId":"m42zq5ygnhxzsm6"}
{"type":"log","timestamp":1705590363122,"level":"debug","message":"Page request finished: GET (document) 200 file:///C:/Users/DANIEL~1/AppData/Local/Temp/jsreport/autocleanup/46d50fcc-75de-473b-b0ae-6a2134a37c8e-chrome-pdf.html","meta":{"rootId":"ji9twad4v8rpiz1","id":"sxfp45qpjcn6fmx"},"id":"hq6nkeqz5cfkuzn","previousOperationId":"m42zq5ygnhxzsm6"}
{"type":"log","timestamp":1705590363146,"level":"debug","message":"Page request finished: GET (stylesheet) 200 https://cdnjs.cloudflare.com/ajax/libs/metro/4.1.5/css/metro.min.css","meta":{"rootId":"ji9twad4v8rpiz1","id":"sxfp45qpjcn6fmx"},"id":"d0b3lrk4k8wnu1s","previousOperationId":"m42zq5ygnhxzsm6"}
{"type":"log","timestamp":1705590363170,"level":"debug","message":"Running chrome with params {\"printBackground\":true,\"marginTop\":\"1.5cm\",\"marginRight\":\"1.5cm\",\"marginLeft\":\"1.cm\",\"timeout\":59389,\"margin\":{\"top\":\"1.5cm\",\"right\":\"1.5cm\",\"left\":\"1.cm\"}}","meta":{"rootId":"ji9twad4v8rpiz1","id":"sxfp45qpjcn6fmx"},"id":"rrbgezkyiimxg30","previousOperationId":"m42zq5ygnhxzsm6"}
{"type":"operationEnd","operationId":"m42zq5ygnhxzsm6","timestamp":1705590363216,"id":"83myxpog7afyk0e","previousEventId":"dehaniff4r5a3re","previousOperationId":"m42zq5ygnhxzsm6"}
{"type":"log","timestamp":1705590363216,"level":"debug","message":"Skipping storing report.","meta":{"rootId":"ji9twad4v8rpiz1","id":"sxfp45qpjcn6fmx"},"id":"rvpb1wn6b6kgpd2","previousOperationId":"m42zq5ygnhxzsm6"}
{"type":"log","timestamp":1705590363216,"level":"info","message":"Rendering (child) request finished in 850 ms","meta":{"rootId":"ji9twad4v8rpiz1","id":"sxfp45qpjcn6fmx"},"id":"dad1zs1jomatjhb","previousOperationId":"m42zq5ygnhxzsm6"}
{"type":"operationEnd","subtype":"render","operationId":"sji54zb05v5ef55","timestamp":1705590363216,"id":"plr766pju3imk69","previousEventId":"83myxpog7afyk0e","previousOperationId":"m42zq5ygnhxzsm6"}
{"type":"operationEnd","operationId":"9rzthb2lutknmyx","timestamp":1705590363234,"id":"cwg3tp31m4377rz","previousEventId":"bwg99ljt4b4ckfc","previousOperationId":"9rzthb2lutknmyx"}
{"type":"log","timestamp":1705590363234,"level":"debug","message":"pdf-utils postproces start","meta":{"rootId":"ji9twad4v8rpiz1","id":"ji9twad4v8rpiz1"},"id":"q0jkz2xnbar3s7d","previousOperationId":"9rzthb2lutknmyx"}
{"type":"log","timestamp":1705590363262,"level":"debug","message":"pdf-utils postproces end","meta":{"rootId":"ji9twad4v8rpiz1","id":"ji9twad4v8rpiz1"},"id":"6fqr5482gsgg3dq","previousOperationId":"9rzthb2lutknmyx"}
{"type":"operationEnd","operationId":"1kjvx62brulmvkx","timestamp":1705590363262,"id":"nr3v39rf65wg8jo","previousEventId":"cwg3tp31m4377rz","previousOperationId":"9rzthb2lutknmyx"}
{"type":"log","timestamp":1705590363262,"level":"info","message":"pdf-utils pdf processing was finished","meta":{"rootId":"ji9twad4v8rpiz1","id":"ji9twad4v8rpiz1"},"id":"8st0n0mrzftvrc1","previousOperationId":"1kjvx62brulmvkx"}
{"type":"log","timestamp":1705590363262,"level":"debug","message":"Skipping storing report.","meta":{"rootId":"ji9twad4v8rpiz1","id":"ji9twad4v8rpiz1"},"id":"kzznfy2ctrhshht","previousOperationId":"1kjvx62brulmvkx"}
{"type":"log","timestamp":1705590363262,"level":"info","message":"Rendering request 28 finished in 896 ms","meta":{"rootId":"ji9twad4v8rpiz1","id":"ji9twad4v8rpiz1"},"id":"3hk98o5htymkhb6","previousOperationId":"1kjvx62brulmvkx"}
{"type":"operationEnd","subtype":"render","operationId":"9nsgg3ld52v7doi","timestamp":1705590363262,"id":"n60psr813w8t11v","previousEventId":"nr3v39rf65wg8jo","previousOperationId":"1kjvx62brulmvkx"}
{"type":"operationEnd","doDiffs":false,"previousEventId":"gm057eopbbw58li","previousOperationId":"wd7gurha9emgtd9","operationId":"wd7gurha9emgtd9","timestamp":1705590363278,"id":"dityc5ejdjo9ubk"}
