{"type":"operationStart","subtype":"profile","data":{"_id":"5MYn5cifuY7btA9M","timestamp":"2024-01-18T14:52:31.222Z","state":"queued","mode":"standard","creationDate":"2024-01-18T14:52:31.225Z","modificationDate":"2024-01-18T14:52:31.225Z","shortid":"5k2CGGA","$entitySet":"profiles"},"doDiffs":false,"timestamp":1705589551224,"id":"m3p52gjsa2jjb7k","previousOperationId":null,"operationId":"xgl52jev7f0jerd"}
{"type":"log","level":"info","message":"Render request 15 queued for execution and waiting for available worker","previousOperationId":"xgl52jev7f0jerd","timestamp":1705589551224,"id":"j1savq6nczovl3s"}
{"type":"operationStart","subtype":"render","name":"orders-main","previousOperationId":"xgl52jev7f0jerd","timestamp":1705589551240,"id":"x26jestb66llx2c","previousEventId":"m3p52gjsa2jjb7k","operationId":"8hlgvbytwajt0pa"}
{"type":"log","timestamp":1705589551240,"level":"info","message":"Starting rendering request 15","meta":{"rootId":"jkwdn8tmifro62q","id":"jkwdn8tmifro62q"},"id":"0v0bj8z5db2p2da","previousOperationId":"8hlgvbytwajt0pa"}
{"type":"log","timestamp":1705589551241,"level":"info","message":"Rendering template { name: orders-main, recipe: chrome-pdf, engine: handlebars, preview: true }","meta":{"rootId":"jkwdn8tmifro62q","id":"jkwdn8tmifro62q"},"id":"dfgnxctnt52mcd7","previousOperationId":"8hlgvbytwajt0pa"}
{"type":"log","timestamp":1705589551242,"level":"debug","message":"Data item not defined for this template.","meta":{"rootId":"jkwdn8tmifro62q","id":"jkwdn8tmifro62q"},"id":"y350u4emt8y5xgy","previousOperationId":"8hlgvbytwajt0pa"}
{"type":"log","timestamp":1705589551246,"level":"debug","message":"Executing script orders-script (beforeRender)","meta":{"rootId":"jkwdn8tmifro62q","id":"jkwdn8tmifro62q"},"id":"8emig18p6z5mlhu","previousOperationId":"8hlgvbytwajt0pa"}
{"type":"operationStart","subtype":"scriptsBeforeRender","name":"scripts beforeRender","timestamp":1705589551274,"id":"5kemjqgnmumq11l","previousEventId":"x26jestb66llx2c","operationId":"udrtx6vierp5k3a","previousOperationId":"8hlgvbytwajt0pa"}
{"type":"operationStart","subtype":"script","name":"scripts orders-script","previousOperationId":"udrtx6vierp5k3a","timestamp":1705589551274,"id":"yw83ejfavayo3w0","previousEventId":"5kemjqgnmumq11l","operationId":"5cq877gtq6tg6lu"}
{"type":"operationEnd","operationId":"5cq877gtq6tg6lu","timestamp":1705589551305,"id":"zr6lesb1ww1zjs7","previousEventId":"x26jestb66llx2c","previousOperationId":"8hlgvbytwajt0pa"}
{"type":"operationEnd","operationId":"udrtx6vierp5k3a","timestamp":1705589551305,"id":"6phoj8bryix5spq","previousEventId":"zr6lesb1ww1zjs7","previousOperationId":"8hlgvbytwajt0pa"}
{"type":"log","timestamp":1705589551305,"level":"debug","message":"Base url not specified, skipping its injection.","meta":{"rootId":"jkwdn8tmifro62q","id":"jkwdn8tmifro62q"},"id":"glbcle8xx30cuxi","previousOperationId":"udrtx6vierp5k3a"}
{"type":"operationStart","subtype":"engine","name":"handlebars","timestamp":1705589551305,"id":"dfwim2x3y3ybd6w","previousEventId":"6phoj8bryix5spq","operationId":"q1mpy40wjznsyg1","previousOperationId":"udrtx6vierp5k3a"}
{"type":"log","timestamp":1705589551305,"level":"debug","message":"Rendering engine handlebars","meta":{"rootId":"jkwdn8tmifro62q","id":"jkwdn8tmifro62q"},"id":"oi6slbkl3oc3xgc","previousOperationId":"q1mpy40wjznsyg1"}
{"type":"log","timestamp":1705589551334,"level":"debug","message":"(console:log) Pdf utils adding group field, value: \"Race1\"","meta":{"userLevel":true,"rootId":"jkwdn8tmifro62q","id":"jkwdn8tmifro62q"},"id":"snuxllt3p377v1t","previousOperationId":"q1mpy40wjznsyg1"}
{"type":"log","timestamp":1705589551334,"level":"debug","message":"(console:log) Pdf utils adding group field, value: \"Race2\"","meta":{"userLevel":true,"rootId":"jkwdn8tmifro62q","id":"jkwdn8tmifro62q"},"id":"grnraou3cjfvtst","previousOperationId":"q1mpy40wjznsyg1"}
{"type":"operationEnd","operationId":"q1mpy40wjznsyg1","timestamp":1705589551334,"id":"0mtr00hzyt5ho01","previousEventId":"dfwim2x3y3ybd6w","previousOperationId":"q1mpy40wjznsyg1"}
{"type":"operationStart","subtype":"recipe","name":"chrome-pdf","timestamp":1705589551335,"id":"95tzmwtcez6p0of","previousEventId":"0mtr00hzyt5ho01","operationId":"ve2910zz5p09yfe","previousOperationId":"q1mpy40wjznsyg1"}
{"type":"log","timestamp":1705589551335,"level":"debug","message":"Executing recipe chrome-pdf","meta":{"rootId":"jkwdn8tmifro62q","id":"jkwdn8tmifro62q"},"id":"zbj20dmq09fcbai","previousOperationId":"ve2910zz5p09yfe"}
{"type":"log","timestamp":1705589551339,"level":"debug","message":"Converting with chrome HeadlessChrome/117.0.5938.149 using chrome-pool strategy","meta":{"rootId":"jkwdn8tmifro62q","id":"jkwdn8tmifro62q"},"id":"rbck4b3jcynqa4b","previousOperationId":"ve2910zz5p09yfe"}
{"type":"log","timestamp":1705589551467,"level":"debug","message":"Page request: GET (document) file:///C:/Users/DANIEL~1/AppData/Local/Temp/jsreport/autocleanup/2b2879cf-cf18-46cd-bb1a-06e58f9cb7e1-chrome-pdf.html","meta":{"rootId":"jkwdn8tmifro62q","id":"jkwdn8tmifro62q"},"id":"phl3urm37kobob5","previousOperationId":"ve2910zz5p09yfe"}
{"type":"log","timestamp":1705589551513,"level":"debug","message":"Page request: GET (stylesheet) https://cdnjs.cloudflare.com/ajax/libs/metro/4.1.5/css/metro.min.css","meta":{"rootId":"jkwdn8tmifro62q","id":"jkwdn8tmifro62q"},"id":"z1vjj7h2408hy4o","previousOperationId":"ve2910zz5p09yfe"}
{"type":"log","timestamp":1705589551514,"level":"debug","message":"Page request: GET (script) https://cdnjs.cloudflare.com/ajax/libs/Chart.js/2.9.4/Chart.js","meta":{"rootId":"jkwdn8tmifro62q","id":"jkwdn8tmifro62q"},"id":"iasf3b7qkrqv0gf","previousOperationId":"ve2910zz5p09yfe"}
{"type":"log","timestamp":1705589551515,"level":"debug","message":"Page request finished: GET (document) 200 file:///C:/Users/DANIEL~1/AppData/Local/Temp/jsreport/autocleanup/2b2879cf-cf18-46cd-bb1a-06e58f9cb7e1-chrome-pdf.html","meta":{"rootId":"jkwdn8tmifro62q","id":"jkwdn8tmifro62q"},"id":"cmwi4r1ddxkrzmj","previousOperationId":"ve2910zz5p09yfe"}
{"type":"log","timestamp":1705589551545,"level":"debug","message":"Page request finished: GET (stylesheet) 200 https://cdnjs.cloudflare.com/ajax/libs/metro/4.1.5/css/metro.min.css","meta":{"rootId":"jkwdn8tmifro62q","id":"jkwdn8tmifro62q"},"id":"3p5yz9qq02ezznv","previousOperationId":"ve2910zz5p09yfe"}
{"type":"log","timestamp":1705589551545,"level":"debug","message":"Page request finished: GET (script) 200 https://cdnjs.cloudflare.com/ajax/libs/Chart.js/2.9.4/Chart.js","meta":{"rootId":"jkwdn8tmifro62q","id":"jkwdn8tmifro62q"},"id":"u7hsow14r8y73gx","previousOperationId":"ve2910zz5p09yfe"}
{"type":"log","timestamp":1705589551550,"level":"warn","message":"Page error: Unexpected token ';' , stack: SyntaxError: Unexpected token ';'","meta":{"rootId":"jkwdn8tmifro62q","id":"jkwdn8tmifro62q"},"id":"w1yuivcd2k02fxt","previousOperationId":"ve2910zz5p09yfe"}
{"type":"log","timestamp":1705589551586,"level":"debug","message":"Running chrome with params {\"printBackground\":true,\"marginTop\":\"4cm\",\"marginRight\":\"1.5cm\",\"marginBottom\":\"1.5cm\",\"marginLeft\":\"1.5cm\",\"waitForJS\":false,\"timeout\":59884,\"margin\":{\"top\":\"4cm\",\"right\":\"1.5cm\",\"bottom\":\"1.5cm\",\"left\":\"1.5cm\"}}","meta":{"rootId":"jkwdn8tmifro62q","id":"jkwdn8tmifro62q"},"id":"7ifg56j2zy5vdgd","previousOperationId":"ve2910zz5p09yfe"}
{"type":"operationEnd","operationId":"ve2910zz5p09yfe","timestamp":1705589551690,"id":"4fyw2krqaadgo8p","previousEventId":"95tzmwtcez6p0of","previousOperationId":"ve2910zz5p09yfe"}
{"type":"log","timestamp":1705589551690,"level":"info","message":"pdf-utils is starting pdf processing","meta":{"rootId":"jkwdn8tmifro62q","id":"jkwdn8tmifro62q"},"id":"r0qsw7cptq5lt98","previousOperationId":"ve2910zz5p09yfe"}
{"type":"operationStart","subtype":"pdfUtils","name":"pdf utils","timestamp":1705589551690,"id":"to43zcrabxkkrcx","previousEventId":"4fyw2krqaadgo8p","operationId":"obnj9xakae27wqt","previousOperationId":"ve2910zz5p09yfe"}
{"type":"log","timestamp":1705589551690,"level":"debug","message":"pdf-utils detected 1 pdf operation(s) to process","meta":{"rootId":"jkwdn8tmifro62q","id":"jkwdn8tmifro62q"},"id":"etykj8j3l9wqys6","previousOperationId":"obnj9xakae27wqt"}
{"type":"log","timestamp":1705589551716,"level":"debug","message":"pdf-utils running pdf operation merge","meta":{"rootId":"jkwdn8tmifro62q","id":"jkwdn8tmifro62q"},"id":"uuibrux4fdf8qnd","previousOperationId":"obnj9xakae27wqt"}
{"type":"operationStart","subtype":"pdfUtilsMerge","name":"pdf utils merge","previousOperationId":"obnj9xakae27wqt","timestamp":1705589551716,"id":"j0zd1q8x25k6x6c","previousEventId":"to43zcrabxkkrcx","operationId":"13zm8tmng5bb3jc"}
{"type":"operationStart","subtype":"render","name":"orders-header","previousOperationId":"13zm8tmng5bb3jc","timestamp":1705589551717,"id":"iye7e1m6o1ws8pk","previousEventId":"j0zd1q8x25k6x6c","operationId":"yjed5ib1x3k3wvy"}
{"type":"log","timestamp":1705589551717,"level":"info","message":"Starting rendering (child) request","meta":{"rootId":"jkwdn8tmifro62q","id":"kyjwiwpx47ftoo8"},"id":"mol55k9nw88aehz","previousOperationId":"yjed5ib1x3k3wvy"}
{"type":"log","timestamp":1705589551717,"level":"info","message":"Rendering template { name: orders-header, recipe: chrome-pdf, engine: handlebars, preview: true }","meta":{"rootId":"jkwdn8tmifro62q","id":"kyjwiwpx47ftoo8"},"id":"ypwkhmuzs0alflx","previousOperationId":"yjed5ib1x3k3wvy"}
{"type":"log","timestamp":1705589551724,"level":"debug","message":"Inline data specified.","meta":{"rootId":"jkwdn8tmifro62q","id":"kyjwiwpx47ftoo8"},"id":"u5umo5825cw200r","previousOperationId":"yjed5ib1x3k3wvy"}
{"type":"log","timestamp":1705589551728,"level":"debug","message":"Base url not specified, skipping its injection.","meta":{"rootId":"jkwdn8tmifro62q","id":"kyjwiwpx47ftoo8"},"id":"er24x9zz62fwlkx","previousOperationId":"yjed5ib1x3k3wvy"}
{"type":"operationStart","subtype":"engine","name":"handlebars","timestamp":1705589551728,"id":"ivbf2h82zuj4ug7","previousEventId":"iye7e1m6o1ws8pk","operationId":"efw8bcl3dkbm74t","previousOperationId":"yjed5ib1x3k3wvy"}
{"type":"log","timestamp":1705589551728,"level":"debug","message":"Rendering engine handlebars","meta":{"rootId":"jkwdn8tmifro62q","id":"kyjwiwpx47ftoo8"},"id":"zak9yzf8zkowpoy","previousOperationId":"efw8bcl3dkbm74t"}
{"type":"operationEnd","operationId":"efw8bcl3dkbm74t","timestamp":1705589551752,"id":"nntzunac2o3pfvf","previousEventId":"ivbf2h82zuj4ug7","previousOperationId":"efw8bcl3dkbm74t"}
{"type":"operationStart","subtype":"recipe","name":"chrome-pdf","timestamp":1705589551752,"id":"qz3pp86y22i993x","previousEventId":"nntzunac2o3pfvf","operationId":"nk3v77epo6dum7l","previousOperationId":"efw8bcl3dkbm74t"}
{"type":"log","timestamp":1705589551752,"level":"debug","message":"Executing recipe chrome-pdf","meta":{"rootId":"jkwdn8tmifro62q","id":"kyjwiwpx47ftoo8"},"id":"duarf1jfmkwq1pj","previousOperationId":"nk3v77epo6dum7l"}
{"type":"log","timestamp":1705589551756,"level":"debug","message":"Converting with chrome HeadlessChrome/117.0.5938.149 using chrome-pool strategy","meta":{"rootId":"jkwdn8tmifro62q","id":"kyjwiwpx47ftoo8"},"id":"uoui126ahawfby6","previousOperationId":"nk3v77epo6dum7l"}
{"type":"log","timestamp":1705589551884,"level":"debug","message":"Page request: GET (document) file:///C:/Users/DANIEL~1/AppData/Local/Temp/jsreport/autocleanup/43ac463a-7902-4d27-907e-29059b3376f4-chrome-pdf.html","meta":{"rootId":"jkwdn8tmifro62q","id":"kyjwiwpx47ftoo8"},"id":"84tulkmgyy0egzn","previousOperationId":"nk3v77epo6dum7l"}
{"type":"log","timestamp":1705589551901,"level":"debug","message":"Page request: GET (stylesheet) https://cdnjs.cloudflare.com/ajax/libs/metro/4.1.5/css/metro.min.css","meta":{"rootId":"jkwdn8tmifro62q","id":"kyjwiwpx47ftoo8"},"id":"j5wq331uyz7s01m","previousOperationId":"nk3v77epo6dum7l"}
{"type":"log","timestamp":1705589551902,"level":"debug","message":"Page request finished: GET (document) 200 file:///C:/Users/DANIEL~1/AppData/Local/Temp/jsreport/autocleanup/43ac463a-7902-4d27-907e-29059b3376f4-chrome-pdf.html","meta":{"rootId":"jkwdn8tmifro62q","id":"kyjwiwpx47ftoo8"},"id":"oggdco4nyzyineo","previousOperationId":"nk3v77epo6dum7l"}
{"type":"log","timestamp":1705589551927,"level":"debug","message":"Page request finished: GET (stylesheet) 200 https://cdnjs.cloudflare.com/ajax/libs/metro/4.1.5/css/metro.min.css","meta":{"rootId":"jkwdn8tmifro62q","id":"kyjwiwpx47ftoo8"},"id":"y8qru86wozdhm6n","previousOperationId":"nk3v77epo6dum7l"}
{"type":"log","timestamp":1705589551953,"level":"debug","message":"Running chrome with params {\"printBackground\":true,\"marginTop\":\"1.5cm\",\"marginRight\":\"1.5cm\",\"marginLeft\":\"1.cm\",\"timeout\":59466,\"margin\":{\"top\":\"1.5cm\",\"right\":\"1.5cm\",\"left\":\"1.cm\"}}","meta":{"rootId":"jkwdn8tmifro62q","id":"kyjwiwpx47ftoo8"},"id":"z9piljcoc0owzo9","previousOperationId":"nk3v77epo6dum7l"}
{"type":"operationEnd","operationId":"nk3v77epo6dum7l","timestamp":1705589552009,"id":"x0ik98jysdnifc6","previousEventId":"qz3pp86y22i993x","previousOperationId":"nk3v77epo6dum7l"}
{"type":"log","timestamp":1705589552009,"level":"debug","message":"Skipping storing report.","meta":{"rootId":"jkwdn8tmifro62q","id":"kyjwiwpx47ftoo8"},"id":"dk4suc59cd3qk6k","previousOperationId":"nk3v77epo6dum7l"}
{"type":"log","timestamp":1705589552009,"level":"info","message":"Rendering (child) request finished in 788 ms","meta":{"rootId":"jkwdn8tmifro62q","id":"kyjwiwpx47ftoo8"},"id":"9bo8ljr8brzy8ak","previousOperationId":"nk3v77epo6dum7l"}
{"type":"operationEnd","subtype":"render","operationId":"yjed5ib1x3k3wvy","timestamp":1705589552009,"id":"rvbda4a7fl7kxx3","previousEventId":"x0ik98jysdnifc6","previousOperationId":"nk3v77epo6dum7l"}
{"type":"operationEnd","operationId":"13zm8tmng5bb3jc","timestamp":1705589552026,"id":"bjkaof8kazw7zdd","previousEventId":"j0zd1q8x25k6x6c","previousOperationId":"13zm8tmng5bb3jc"}
{"type":"log","timestamp":1705589552026,"level":"debug","message":"pdf-utils postproces start","meta":{"rootId":"jkwdn8tmifro62q","id":"jkwdn8tmifro62q"},"id":"dmmx31p8k87hyrs","previousOperationId":"13zm8tmng5bb3jc"}
{"type":"log","timestamp":1705589552047,"level":"debug","message":"pdf-utils postproces end","meta":{"rootId":"jkwdn8tmifro62q","id":"jkwdn8tmifro62q"},"id":"m5chsp2esfz0uj8","previousOperationId":"13zm8tmng5bb3jc"}
{"type":"operationEnd","operationId":"obnj9xakae27wqt","timestamp":1705589552047,"id":"h75voocb8wlka10","previousEventId":"bjkaof8kazw7zdd","previousOperationId":"13zm8tmng5bb3jc"}
{"type":"log","timestamp":1705589552047,"level":"info","message":"pdf-utils pdf processing was finished","meta":{"rootId":"jkwdn8tmifro62q","id":"jkwdn8tmifro62q"},"id":"kzjxx1pbvmtoq37","previousOperationId":"obnj9xakae27wqt"}
{"type":"log","timestamp":1705589552047,"level":"debug","message":"Skipping storing report.","meta":{"rootId":"jkwdn8tmifro62q","id":"jkwdn8tmifro62q"},"id":"mmmflqsibjglacy","previousOperationId":"obnj9xakae27wqt"}
{"type":"log","timestamp":1705589552047,"level":"info","message":"Rendering request 15 finished in 826 ms","meta":{"rootId":"jkwdn8tmifro62q","id":"jkwdn8tmifro62q"},"id":"bzrqkuc6sqniazn","previousOperationId":"obnj9xakae27wqt"}
{"type":"operationEnd","subtype":"render","operationId":"8hlgvbytwajt0pa","timestamp":1705589552047,"id":"c4tt3okwimakycl","previousEventId":"h75voocb8wlka10","previousOperationId":"obnj9xakae27wqt"}
{"type":"operationEnd","doDiffs":false,"previousEventId":"m3p52gjsa2jjb7k","previousOperationId":"xgl52jev7f0jerd","operationId":"xgl52jev7f0jerd","timestamp":1705589552062,"id":"0oh62g6kmswc02b"}
