{"type":"operationStart","subtype":"profile","data":{"_id":"2Td1oLXW9lKdlvum","timestamp":"2024-01-18T17:24:00.097Z","state":"queued","mode":"standard","creationDate":"2024-01-18T17:24:00.099Z","modificationDate":"2024-01-18T17:24:00.099Z","shortid":"5CJCAc9","$entitySet":"profiles"},"doDiffs":false,"timestamp":1705598640098,"id":"91zu0puyqssa8u8","previousOperationId":null,"operationId":"nr5eftcx7s2pn1i"}
{"type":"log","level":"info","message":"Render request 3 queued for execution and waiting for available worker","previousOperationId":"nr5eftcx7s2pn1i","timestamp":1705598640098,"id":"5v11v1qsu8dnx21"}
{"type":"operationStart","subtype":"render","name":"orders-main","previousOperationId":"nr5eftcx7s2pn1i","timestamp":1705598640103,"id":"qlk80vlut5o2lrn","previousEventId":"91zu0puyqssa8u8","operationId":"ut07bwz0h05uxhk"}
{"type":"log","timestamp":1705598640103,"level":"info","message":"Starting rendering request 3","meta":{"rootId":"jmxp4qo6afp01t0","id":"jmxp4qo6afp01t0"},"id":"ggxqyrdgcaq4nii","previousOperationId":"ut07bwz0h05uxhk"}
{"type":"log","timestamp":1705598640104,"level":"info","message":"Rendering template { name: orders-main, recipe: chrome-pdf, engine: handlebars, preview: true }","meta":{"rootId":"jmxp4qo6afp01t0","id":"jmxp4qo6afp01t0"},"id":"185xvmlk4quxncp","previousOperationId":"ut07bwz0h05uxhk"}
{"type":"log","timestamp":1705598640104,"level":"debug","message":"Data item not defined for this template.","meta":{"rootId":"jmxp4qo6afp01t0","id":"jmxp4qo6afp01t0"},"id":"59qtcrs8d4wdnt2","previousOperationId":"ut07bwz0h05uxhk"}
{"type":"log","timestamp":1705598640106,"level":"debug","message":"Executing script orders-script (beforeRender)","meta":{"rootId":"jmxp4qo6afp01t0","id":"jmxp4qo6afp01t0"},"id":"rra92twph2fkqb7","previousOperationId":"ut07bwz0h05uxhk"}
{"type":"operationStart","subtype":"scriptsBeforeRender","name":"scripts beforeRender","timestamp":1705598640124,"id":"ztt2yj48qravi7p","previousEventId":"qlk80vlut5o2lrn","operationId":"bwbm9h215y7w7gc","previousOperationId":"ut07bwz0h05uxhk"}
{"type":"operationStart","subtype":"script","name":"scripts orders-script","previousOperationId":"bwbm9h215y7w7gc","timestamp":1705598640124,"id":"eo0csiijbphs77u","previousEventId":"ztt2yj48qravi7p","operationId":"9iqqeotxi8dc9av"}
{"type":"log","timestamp":1705598640144,"level":"debug","message":"(console:log) [ 'Race1', 'Race2' ]","meta":{"userLevel":true,"rootId":"jmxp4qo6afp01t0","id":"jmxp4qo6afp01t0"},"id":"unzw2y025u5ikpx","previousOperationId":"9iqqeotxi8dc9av"}
{"type":"log","timestamp":1705598640144,"level":"debug","message":"(console:log) [ 2, 1 ]","meta":{"userLevel":true,"rootId":"jmxp4qo6afp01t0","id":"jmxp4qo6afp01t0"},"id":"dpm1ktgvqquc360","previousOperationId":"9iqqeotxi8dc9av"}
{"type":"operationEnd","operationId":"9iqqeotxi8dc9av","timestamp":1705598640145,"id":"xf36xrmrc8ob4lm","previousEventId":"qlk80vlut5o2lrn","previousOperationId":"ut07bwz0h05uxhk"}
{"type":"operationEnd","operationId":"bwbm9h215y7w7gc","timestamp":1705598640145,"id":"3n5h5fir3sdthmu","previousEventId":"xf36xrmrc8ob4lm","previousOperationId":"ut07bwz0h05uxhk"}
{"type":"log","timestamp":1705598640145,"level":"debug","message":"Base url not specified, skipping its injection.","meta":{"rootId":"jmxp4qo6afp01t0","id":"jmxp4qo6afp01t0"},"id":"el0gip5zvgq28lj","previousOperationId":"bwbm9h215y7w7gc"}
{"type":"operationStart","subtype":"engine","name":"handlebars","timestamp":1705598640145,"id":"y76uu1v897ik1rn","previousEventId":"3n5h5fir3sdthmu","operationId":"7n8w2v9m576po3o","previousOperationId":"bwbm9h215y7w7gc"}
{"type":"log","timestamp":1705598640145,"level":"debug","message":"Rendering engine handlebars","meta":{"rootId":"jmxp4qo6afp01t0","id":"jmxp4qo6afp01t0"},"id":"aqjxayq3zkta58a","previousOperationId":"7n8w2v9m576po3o"}
{"type":"log","timestamp":1705598640162,"level":"debug","message":"(console:log) Pdf utils adding group field, value: \"Race1\"","meta":{"userLevel":true,"rootId":"jmxp4qo6afp01t0","id":"jmxp4qo6afp01t0"},"id":"qhxfsoltt6bd23m","previousOperationId":"7n8w2v9m576po3o"}
{"type":"log","timestamp":1705598640162,"level":"debug","message":"(console:log) Pdf utils adding group field, value: \"Race2\"","meta":{"userLevel":true,"rootId":"jmxp4qo6afp01t0","id":"jmxp4qo6afp01t0"},"id":"v38qfomabhtjg5y","previousOperationId":"7n8w2v9m576po3o"}
{"type":"operationEnd","operationId":"7n8w2v9m576po3o","timestamp":1705598640162,"id":"05qe7mhm5dtqv15","previousEventId":"y76uu1v897ik1rn","previousOperationId":"7n8w2v9m576po3o"}
{"type":"operationStart","subtype":"recipe","name":"chrome-pdf","timestamp":1705598640163,"id":"4c3xpklzn05b3yq","previousEventId":"05qe7mhm5dtqv15","operationId":"w8z46vaunnzfm9y","previousOperationId":"7n8w2v9m576po3o"}
{"type":"log","timestamp":1705598640163,"level":"debug","message":"Executing recipe chrome-pdf","meta":{"rootId":"jmxp4qo6afp01t0","id":"jmxp4qo6afp01t0"},"id":"8045r46mrqwanwm","previousOperationId":"w8z46vaunnzfm9y"}
{"type":"log","timestamp":1705598640166,"level":"debug","message":"Converting with chrome HeadlessChrome/117.0.5938.149 using chrome-pool strategy","meta":{"rootId":"jmxp4qo6afp01t0","id":"jmxp4qo6afp01t0"},"id":"czythh2fvvoesud","previousOperationId":"w8z46vaunnzfm9y"}
{"type":"log","timestamp":1705598640246,"level":"debug","message":"Page request: GET (document) file:///C:/Users/DANIEL~1/AppData/Local/Temp/jsreport/autocleanup/bf67f5ae-d61f-497e-b8ff-f2d99b212cae-chrome-pdf.html","meta":{"rootId":"jmxp4qo6afp01t0","id":"jmxp4qo6afp01t0"},"id":"vqksecj5726c92j","previousOperationId":"w8z46vaunnzfm9y"}
{"type":"log","timestamp":1705598640263,"level":"debug","message":"Page request: GET (stylesheet) https://cdnjs.cloudflare.com/ajax/libs/metro/4.1.5/css/metro.min.css","meta":{"rootId":"jmxp4qo6afp01t0","id":"jmxp4qo6afp01t0"},"id":"yj1xf3n6u0jumcm","previousOperationId":"w8z46vaunnzfm9y"}
{"type":"log","timestamp":1705598640263,"level":"debug","message":"Page request: GET (script) https://cdn.jsdelivr.net/npm/chart.js","meta":{"rootId":"jmxp4qo6afp01t0","id":"jmxp4qo6afp01t0"},"id":"tqucaczu0kwhh06","previousOperationId":"w8z46vaunnzfm9y"}
{"type":"log","timestamp":1705598640264,"level":"debug","message":"Page request finished: GET (document) 200 file:///C:/Users/DANIEL~1/AppData/Local/Temp/jsreport/autocleanup/bf67f5ae-d61f-497e-b8ff-f2d99b212cae-chrome-pdf.html","meta":{"rootId":"jmxp4qo6afp01t0","id":"jmxp4qo6afp01t0"},"id":"oz1544lpuqxx4v3","previousOperationId":"w8z46vaunnzfm9y"}
{"type":"log","timestamp":1705598640277,"level":"debug","message":"Page request finished: GET (stylesheet) 200 https://cdnjs.cloudflare.com/ajax/libs/metro/4.1.5/css/metro.min.css","meta":{"rootId":"jmxp4qo6afp01t0","id":"jmxp4qo6afp01t0"},"id":"ulfrp19bvfkvk0c","previousOperationId":"w8z46vaunnzfm9y"}
{"type":"log","timestamp":1705598640277,"level":"debug","message":"Page request finished: GET (script) 200 https://cdn.jsdelivr.net/npm/chart.js","meta":{"rootId":"jmxp4qo6afp01t0","id":"jmxp4qo6afp01t0"},"id":"rcs8ne0cm8h4nqh","previousOperationId":"w8z46vaunnzfm9y"}
{"type":"log","timestamp":1705598640281,"level":"warn","message":"Page error: Missing initializer in const declaration , stack: SyntaxError: Missing initializer in const declaration","meta":{"rootId":"jmxp4qo6afp01t0","id":"jmxp4qo6afp01t0"},"id":"lkl1o8r3b68nwsy","previousOperationId":"w8z46vaunnzfm9y"}
{"type":"log","timestamp":1705598640303,"level":"debug","message":"Running chrome with params {\"printBackground\":true,\"marginTop\":\"4cm\",\"marginRight\":\"1.5cm\",\"marginBottom\":\"1.5cm\",\"marginLeft\":\"1.5cm\",\"waitForJS\":false,\"timeout\":59932,\"margin\":{\"top\":\"4cm\",\"right\":\"1.5cm\",\"bottom\":\"1.5cm\",\"left\":\"1.5cm\"}}","meta":{"rootId":"jmxp4qo6afp01t0","id":"jmxp4qo6afp01t0"},"id":"u2n2lxbldtlbcrx","previousOperationId":"w8z46vaunnzfm9y"}
{"type":"operationEnd","operationId":"w8z46vaunnzfm9y","timestamp":1705598640361,"id":"qqcpfbf10vai0yg","previousEventId":"4c3xpklzn05b3yq","previousOperationId":"w8z46vaunnzfm9y"}
{"type":"log","timestamp":1705598640361,"level":"info","message":"pdf-utils is starting pdf processing","meta":{"rootId":"jmxp4qo6afp01t0","id":"jmxp4qo6afp01t0"},"id":"qtww24phcxjhc97","previousOperationId":"w8z46vaunnzfm9y"}
{"type":"operationStart","subtype":"pdfUtils","name":"pdf utils","timestamp":1705598640361,"id":"sxrsortwwhi0e0g","previousEventId":"qqcpfbf10vai0yg","operationId":"0zt74aixjl9u1ht","previousOperationId":"w8z46vaunnzfm9y"}
{"type":"log","timestamp":1705598640361,"level":"debug","message":"pdf-utils detected 1 pdf operation(s) to process","meta":{"rootId":"jmxp4qo6afp01t0","id":"jmxp4qo6afp01t0"},"id":"s801osdx5oa1kvu","previousOperationId":"0zt74aixjl9u1ht"}
{"type":"log","timestamp":1705598640387,"level":"debug","message":"pdf-utils running pdf operation merge","meta":{"rootId":"jmxp4qo6afp01t0","id":"jmxp4qo6afp01t0"},"id":"so2niq2fd2jd4c7","previousOperationId":"0zt74aixjl9u1ht"}
{"type":"operationStart","subtype":"pdfUtilsMerge","name":"pdf utils merge","previousOperationId":"0zt74aixjl9u1ht","timestamp":1705598640387,"id":"bg9efh3bg6z8set","previousEventId":"sxrsortwwhi0e0g","operationId":"78mktxpngjq8wnv"}
{"type":"operationStart","subtype":"render","name":"orders-header","previousOperationId":"78mktxpngjq8wnv","timestamp":1705598640388,"id":"ymj1ymiyc20mbm7","previousEventId":"bg9efh3bg6z8set","operationId":"ut519eqyocesaen"}
{"type":"log","timestamp":1705598640388,"level":"info","message":"Starting rendering (child) request","meta":{"rootId":"jmxp4qo6afp01t0","id":"bh2x9uorv55pknu"},"id":"k3uezv80069jhc7","previousOperationId":"ut519eqyocesaen"}
{"type":"log","timestamp":1705598640388,"level":"info","message":"Rendering template { name: orders-header, recipe: chrome-pdf, engine: handlebars, preview: true }","meta":{"rootId":"jmxp4qo6afp01t0","id":"bh2x9uorv55pknu"},"id":"blyr37mohzy9r5c","previousOperationId":"ut519eqyocesaen"}
{"type":"log","timestamp":1705598640389,"level":"debug","message":"Inline data specified.","meta":{"rootId":"jmxp4qo6afp01t0","id":"bh2x9uorv55pknu"},"id":"yzr3231iny5rjff","previousOperationId":"ut519eqyocesaen"}
{"type":"log","timestamp":1705598640391,"level":"debug","message":"Base url not specified, skipping its injection.","meta":{"rootId":"jmxp4qo6afp01t0","id":"bh2x9uorv55pknu"},"id":"p0ysebcynpgp26n","previousOperationId":"ut519eqyocesaen"}
{"type":"operationStart","subtype":"engine","name":"handlebars","timestamp":1705598640391,"id":"kvliwz44tu4vki8","previousEventId":"ymj1ymiyc20mbm7","operationId":"u54cmzi8vask292","previousOperationId":"ut519eqyocesaen"}
{"type":"log","timestamp":1705598640391,"level":"debug","message":"Rendering engine handlebars","meta":{"rootId":"jmxp4qo6afp01t0","id":"bh2x9uorv55pknu"},"id":"g1y6o759bzefkav","previousOperationId":"u54cmzi8vask292"}
{"type":"operationEnd","operationId":"u54cmzi8vask292","timestamp":1705598640403,"id":"m01a64zdxfattxh","previousEventId":"kvliwz44tu4vki8","previousOperationId":"u54cmzi8vask292"}
{"type":"operationStart","subtype":"recipe","name":"chrome-pdf","timestamp":1705598640403,"id":"uuodaohuk535nkg","previousEventId":"m01a64zdxfattxh","operationId":"q605hrzj1w0chc8","previousOperationId":"u54cmzi8vask292"}
{"type":"log","timestamp":1705598640403,"level":"debug","message":"Executing recipe chrome-pdf","meta":{"rootId":"jmxp4qo6afp01t0","id":"bh2x9uorv55pknu"},"id":"gcrhk42qsy5dsfs","previousOperationId":"q605hrzj1w0chc8"}
{"type":"log","timestamp":1705598640405,"level":"debug","message":"Converting with chrome HeadlessChrome/117.0.5938.149 using chrome-pool strategy","meta":{"rootId":"jmxp4qo6afp01t0","id":"bh2x9uorv55pknu"},"id":"ywokvn3cx1yj04e","previousOperationId":"q605hrzj1w0chc8"}
{"type":"log","timestamp":1705598640470,"level":"debug","message":"Page request: GET (document) file:///C:/Users/DANIEL~1/AppData/Local/Temp/jsreport/autocleanup/b64d496a-0b6a-4239-bf5d-8187ce910a2d-chrome-pdf.html","meta":{"rootId":"jmxp4qo6afp01t0","id":"bh2x9uorv55pknu"},"id":"q6b01uic6k1j1cw","previousOperationId":"q605hrzj1w0chc8"}
{"type":"log","timestamp":1705598640476,"level":"debug","message":"Page request: GET (stylesheet) https://cdnjs.cloudflare.com/ajax/libs/metro/4.1.5/css/metro.min.css","meta":{"rootId":"jmxp4qo6afp01t0","id":"bh2x9uorv55pknu"},"id":"wskgrtoyr5rs9og","previousOperationId":"q605hrzj1w0chc8"}
{"type":"log","timestamp":1705598640477,"level":"debug","message":"Page request finished: GET (document) 200 file:///C:/Users/DANIEL~1/AppData/Local/Temp/jsreport/autocleanup/b64d496a-0b6a-4239-bf5d-8187ce910a2d-chrome-pdf.html","meta":{"rootId":"jmxp4qo6afp01t0","id":"bh2x9uorv55pknu"},"id":"f20gwcqcioe2fjv","previousOperationId":"q605hrzj1w0chc8"}
{"type":"log","timestamp":1705598640487,"level":"debug","message":"Page request finished: GET (stylesheet) 200 https://cdnjs.cloudflare.com/ajax/libs/metro/4.1.5/css/metro.min.css","meta":{"rootId":"jmxp4qo6afp01t0","id":"bh2x9uorv55pknu"},"id":"aaql445ixzk67hv","previousOperationId":"q605hrzj1w0chc8"}
{"type":"log","timestamp":1705598640500,"level":"debug","message":"Running chrome with params {\"printBackground\":true,\"marginTop\":\"1.5cm\",\"marginRight\":\"1.5cm\",\"marginLeft\":\"1.cm\",\"timeout\":59692,\"margin\":{\"top\":\"1.5cm\",\"right\":\"1.5cm\",\"left\":\"1.cm\"}}","meta":{"rootId":"jmxp4qo6afp01t0","id":"bh2x9uorv55pknu"},"id":"mlmvbzoc4oqxlcq","previousOperationId":"q605hrzj1w0chc8"}
{"type":"operationEnd","operationId":"q605hrzj1w0chc8","timestamp":1705598640526,"id":"7qb2z3u0hs91c44","previousEventId":"uuodaohuk535nkg","previousOperationId":"q605hrzj1w0chc8"}
{"type":"log","timestamp":1705598640526,"level":"debug","message":"Skipping storing report.","meta":{"rootId":"jmxp4qo6afp01t0","id":"bh2x9uorv55pknu"},"id":"ikskvy08l80ef9v","previousOperationId":"q605hrzj1w0chc8"}
{"type":"log","timestamp":1705598640526,"level":"info","message":"Rendering (child) request finished in 429 ms","meta":{"rootId":"jmxp4qo6afp01t0","id":"bh2x9uorv55pknu"},"id":"ocqz7h975mbsngc","previousOperationId":"q605hrzj1w0chc8"}
{"type":"operationEnd","subtype":"render","operationId":"ut519eqyocesaen","timestamp":1705598640526,"id":"hnzkp1fo4k6xi37","previousEventId":"7qb2z3u0hs91c44","previousOperationId":"q605hrzj1w0chc8"}
{"type":"operationEnd","operationId":"78mktxpngjq8wnv","timestamp":1705598640541,"id":"uxx68iqmxsnpr4d","previousEventId":"bg9efh3bg6z8set","previousOperationId":"78mktxpngjq8wnv"}
{"type":"log","timestamp":1705598640541,"level":"debug","message":"pdf-utils postproces start","meta":{"rootId":"jmxp4qo6afp01t0","id":"jmxp4qo6afp01t0"},"id":"6iadjav2pi0k7k4","previousOperationId":"78mktxpngjq8wnv"}
{"type":"log","timestamp":1705598640551,"level":"debug","message":"pdf-utils postproces end","meta":{"rootId":"jmxp4qo6afp01t0","id":"jmxp4qo6afp01t0"},"id":"qzs7dca29jg07y7","previousOperationId":"78mktxpngjq8wnv"}
{"type":"operationEnd","operationId":"0zt74aixjl9u1ht","timestamp":1705598640551,"id":"yuosxn1la3pp1bd","previousEventId":"uxx68iqmxsnpr4d","previousOperationId":"78mktxpngjq8wnv"}
{"type":"log","timestamp":1705598640551,"level":"info","message":"pdf-utils pdf processing was finished","meta":{"rootId":"jmxp4qo6afp01t0","id":"jmxp4qo6afp01t0"},"id":"t0gjy6vhnj90xi9","previousOperationId":"0zt74aixjl9u1ht"}
{"type":"log","timestamp":1705598640551,"level":"debug","message":"Skipping storing report.","meta":{"rootId":"jmxp4qo6afp01t0","id":"jmxp4qo6afp01t0"},"id":"03970gahape66zv","previousOperationId":"0zt74aixjl9u1ht"}
{"type":"log","timestamp":1705598640551,"level":"info","message":"Rendering request 3 finished in 454 ms","meta":{"rootId":"jmxp4qo6afp01t0","id":"jmxp4qo6afp01t0"},"id":"pgq4ovgkm5flxdt","previousOperationId":"0zt74aixjl9u1ht"}
{"type":"operationEnd","subtype":"render","operationId":"ut07bwz0h05uxhk","timestamp":1705598640551,"id":"pg91q3l8rpx7ktm","previousEventId":"yuosxn1la3pp1bd","previousOperationId":"0zt74aixjl9u1ht"}
{"type":"operationEnd","doDiffs":false,"previousEventId":"91zu0puyqssa8u8","previousOperationId":"nr5eftcx7s2pn1i","operationId":"nr5eftcx7s2pn1i","timestamp":1705598640558,"id":"d9nfm3o1vsda3ci"}
