{"type":"operationStart","subtype":"profile","data":{"_id":"u6ciJjRbp4PrAP3h","timestamp":"2024-01-18T15:25:36.689Z","state":"queued","mode":"standard","creationDate":"2024-01-18T15:25:36.690Z","modificationDate":"2024-01-18T15:25:36.690Z","shortid":"9Mo_K6s","$entitySet":"profiles"},"doDiffs":false,"timestamp":1705591536690,"id":"ea0oblh3pjjymuj","previousOperationId":null,"operationId":"m4rt5tz7q2rblgx"}
{"type":"log","level":"info","message":"Render request 46 queued for execution and waiting for available worker","previousOperationId":"m4rt5tz7q2rblgx","timestamp":1705591536690,"id":"zyqtg5jkqwu4aam"}
{"type":"operationStart","subtype":"render","name":"orders-main","previousOperationId":"m4rt5tz7q2rblgx","timestamp":1705591536695,"id":"rz5iziyw4sx8gbh","previousEventId":"ea0oblh3pjjymuj","operationId":"lonnagq4778r1qp"}
{"type":"log","timestamp":1705591536695,"level":"info","message":"Starting rendering request 46","meta":{"rootId":"ju5pfcyxoiqzv9b","id":"ju5pfcyxoiqzv9b"},"id":"5xa88lczmo683hp","previousOperationId":"lonnagq4778r1qp"}
{"type":"log","timestamp":1705591536695,"level":"info","message":"Rendering template { name: orders-main, recipe: chrome-pdf, engine: handlebars, preview: true }","meta":{"rootId":"ju5pfcyxoiqzv9b","id":"ju5pfcyxoiqzv9b"},"id":"jq9cccs4oaakx32","previousOperationId":"lonnagq4778r1qp"}
{"type":"log","timestamp":1705591536696,"level":"debug","message":"Data item not defined for this template.","meta":{"rootId":"ju5pfcyxoiqzv9b","id":"ju5pfcyxoiqzv9b"},"id":"51uxq0dqroee01l","previousOperationId":"lonnagq4778r1qp"}
{"type":"log","timestamp":1705591536697,"level":"debug","message":"Executing script orders-script (beforeRender)","meta":{"rootId":"ju5pfcyxoiqzv9b","id":"ju5pfcyxoiqzv9b"},"id":"9aoyjg3fmw94gnq","previousOperationId":"lonnagq4778r1qp"}
{"type":"operationStart","subtype":"scriptsBeforeRender","name":"scripts beforeRender","timestamp":1705591536707,"id":"o0bkxql7xyiiw3t","previousEventId":"rz5iziyw4sx8gbh","operationId":"pgm2u2x8fb89qvb","previousOperationId":"lonnagq4778r1qp"}
{"type":"operationStart","subtype":"script","name":"scripts orders-script","previousOperationId":"pgm2u2x8fb89qvb","timestamp":1705591536707,"id":"a1zjmlf9h9oiowi","previousEventId":"o0bkxql7xyiiw3t","operationId":"ah0e2fatuah4yhr"}
{"type":"operationEnd","operationId":"ah0e2fatuah4yhr","timestamp":1705591536714,"id":"zdr5vuqe1xvi5wh","previousEventId":"rz5iziyw4sx8gbh","previousOperationId":"lonnagq4778r1qp"}
{"type":"operationEnd","operationId":"pgm2u2x8fb89qvb","timestamp":1705591536714,"id":"h0ii5kz2xym2ebk","previousEventId":"zdr5vuqe1xvi5wh","previousOperationId":"lonnagq4778r1qp"}
{"type":"log","timestamp":1705591536714,"level":"debug","message":"Base url not specified, skipping its injection.","meta":{"rootId":"ju5pfcyxoiqzv9b","id":"ju5pfcyxoiqzv9b"},"id":"5556mfow29fylyi","previousOperationId":"pgm2u2x8fb89qvb"}
{"type":"operationStart","subtype":"engine","name":"handlebars","timestamp":1705591536714,"id":"xymlw2tk4tom7x2","previousEventId":"h0ii5kz2xym2ebk","operationId":"zqej9tw62dox6gu","previousOperationId":"pgm2u2x8fb89qvb"}
{"type":"log","timestamp":1705591536715,"level":"debug","message":"Rendering engine handlebars","meta":{"rootId":"ju5pfcyxoiqzv9b","id":"ju5pfcyxoiqzv9b"},"id":"k6w96jutpo8rp8v","previousOperationId":"zqej9tw62dox6gu"}
{"type":"log","timestamp":1705591536725,"level":"debug","message":"(console:log) Pdf utils adding group field, value: \"Race1\"","meta":{"userLevel":true,"rootId":"ju5pfcyxoiqzv9b","id":"ju5pfcyxoiqzv9b"},"id":"ayuavp1crmf2lky","previousOperationId":"zqej9tw62dox6gu"}
{"type":"log","timestamp":1705591536725,"level":"debug","message":"(console:log) Pdf utils adding group field, value: \"Race2\"","meta":{"userLevel":true,"rootId":"ju5pfcyxoiqzv9b","id":"ju5pfcyxoiqzv9b"},"id":"rjo29npouw2fvch","previousOperationId":"zqej9tw62dox6gu"}
{"type":"operationEnd","operationId":"zqej9tw62dox6gu","timestamp":1705591536726,"id":"2zl2xz7en5wuzek","previousEventId":"xymlw2tk4tom7x2","previousOperationId":"zqej9tw62dox6gu"}
{"type":"operationStart","subtype":"recipe","name":"chrome-pdf","timestamp":1705591536726,"id":"f42i0bdd4kv0n86","previousEventId":"2zl2xz7en5wuzek","operationId":"pb51z9koetwz9i7","previousOperationId":"zqej9tw62dox6gu"}
{"type":"log","timestamp":1705591536726,"level":"debug","message":"Executing recipe chrome-pdf","meta":{"rootId":"ju5pfcyxoiqzv9b","id":"ju5pfcyxoiqzv9b"},"id":"3bey6fmt7vrxjb9","previousOperationId":"pb51z9koetwz9i7"}
{"type":"log","timestamp":1705591536728,"level":"debug","message":"Converting with chrome HeadlessChrome/117.0.5938.149 using chrome-pool strategy","meta":{"rootId":"ju5pfcyxoiqzv9b","id":"ju5pfcyxoiqzv9b"},"id":"4redglg0n6aid64","previousOperationId":"pb51z9koetwz9i7"}
{"type":"log","timestamp":1705591536793,"level":"debug","message":"Page request: GET (document) file:///C:/Users/DANIEL~1/AppData/Local/Temp/jsreport/autocleanup/9c3b8e6b-c695-4ea2-91fd-87b202b5f211-chrome-pdf.html","meta":{"rootId":"ju5pfcyxoiqzv9b","id":"ju5pfcyxoiqzv9b"},"id":"s5fmneqrxe5wpoh","previousOperationId":"pb51z9koetwz9i7"}
{"type":"log","timestamp":1705591536811,"level":"debug","message":"Page request: GET (stylesheet) https://cdnjs.cloudflare.com/ajax/libs/metro/4.1.5/css/metro.min.css","meta":{"rootId":"ju5pfcyxoiqzv9b","id":"ju5pfcyxoiqzv9b"},"id":"xfq6n5ufi09eekd","previousOperationId":"pb51z9koetwz9i7"}
{"type":"log","timestamp":1705591536812,"level":"debug","message":"Page request: GET (script) https://cdnjs.cloudflare.com/ajax/libs/Chart.js/2.9.4/Chart.js","meta":{"rootId":"ju5pfcyxoiqzv9b","id":"ju5pfcyxoiqzv9b"},"id":"74pcb5ipillws6d","previousOperationId":"pb51z9koetwz9i7"}
{"type":"log","timestamp":1705591536812,"level":"debug","message":"Page request finished: GET (document) 200 file:///C:/Users/DANIEL~1/AppData/Local/Temp/jsreport/autocleanup/9c3b8e6b-c695-4ea2-91fd-87b202b5f211-chrome-pdf.html","meta":{"rootId":"ju5pfcyxoiqzv9b","id":"ju5pfcyxoiqzv9b"},"id":"js2xpj5a8impfuu","previousOperationId":"pb51z9koetwz9i7"}
{"type":"log","timestamp":1705591536824,"level":"debug","message":"Page request finished: GET (stylesheet) 200 https://cdnjs.cloudflare.com/ajax/libs/metro/4.1.5/css/metro.min.css","meta":{"rootId":"ju5pfcyxoiqzv9b","id":"ju5pfcyxoiqzv9b"},"id":"k1mpkz6b9mp51cu","previousOperationId":"pb51z9koetwz9i7"}
{"type":"log","timestamp":1705591536824,"level":"debug","message":"Page request finished: GET (script) 200 https://cdnjs.cloudflare.com/ajax/libs/Chart.js/2.9.4/Chart.js","meta":{"rootId":"ju5pfcyxoiqzv9b","id":"ju5pfcyxoiqzv9b"},"id":"o20czaexnbxprdz","previousOperationId":"pb51z9koetwz9i7"}
{"type":"log","timestamp":1705591536870,"level":"debug","message":"Running chrome with params {\"printBackground\":true,\"marginTop\":\"4cm\",\"marginRight\":\"1.5cm\",\"marginBottom\":\"1.5cm\",\"marginLeft\":\"1.5cm\",\"waitForJS\":false,\"timeout\":59962,\"margin\":{\"top\":\"4cm\",\"right\":\"1.5cm\",\"bottom\":\"1.5cm\",\"left\":\"1.5cm\"}}","meta":{"rootId":"ju5pfcyxoiqzv9b","id":"ju5pfcyxoiqzv9b"},"id":"uj9x0sc3ualvons","previousOperationId":"pb51z9koetwz9i7"}
{"type":"operationEnd","operationId":"pb51z9koetwz9i7","timestamp":1705591536929,"id":"fzliwvgqhzu27r9","previousEventId":"f42i0bdd4kv0n86","previousOperationId":"pb51z9koetwz9i7"}
{"type":"log","timestamp":1705591536929,"level":"info","message":"pdf-utils is starting pdf processing","meta":{"rootId":"ju5pfcyxoiqzv9b","id":"ju5pfcyxoiqzv9b"},"id":"9uekg92ongn8ehi","previousOperationId":"pb51z9koetwz9i7"}
{"type":"operationStart","subtype":"pdfUtils","name":"pdf utils","timestamp":1705591536929,"id":"64v2sh1fz219q9j","previousEventId":"fzliwvgqhzu27r9","operationId":"31a43n9z106eweb","previousOperationId":"pb51z9koetwz9i7"}
{"type":"log","timestamp":1705591536929,"level":"debug","message":"pdf-utils detected 1 pdf operation(s) to process","meta":{"rootId":"ju5pfcyxoiqzv9b","id":"ju5pfcyxoiqzv9b"},"id":"74bai3scxkwpyzi","previousOperationId":"31a43n9z106eweb"}
{"type":"log","timestamp":1705591536939,"level":"debug","message":"pdf-utils running pdf operation merge","meta":{"rootId":"ju5pfcyxoiqzv9b","id":"ju5pfcyxoiqzv9b"},"id":"m474gz1utpdtxr0","previousOperationId":"31a43n9z106eweb"}
{"type":"operationStart","subtype":"pdfUtilsMerge","name":"pdf utils merge","previousOperationId":"31a43n9z106eweb","timestamp":1705591536939,"id":"o20c5ft5957nzyj","previousEventId":"64v2sh1fz219q9j","operationId":"n1sim40wmyoawgt"}
{"type":"operationStart","subtype":"render","name":"orders-header","previousOperationId":"n1sim40wmyoawgt","timestamp":1705591536940,"id":"ezzj9dz5q8wmwj3","previousEventId":"o20c5ft5957nzyj","operationId":"cvv6pavzqbmm6hg"}
{"type":"log","timestamp":1705591536940,"level":"info","message":"Starting rendering (child) request","meta":{"rootId":"ju5pfcyxoiqzv9b","id":"bmdb0nzij38ec9v"},"id":"07x9tsp0e9gz20m","previousOperationId":"cvv6pavzqbmm6hg"}
{"type":"log","timestamp":1705591536940,"level":"info","message":"Rendering template { name: orders-header, recipe: chrome-pdf, engine: handlebars, preview: true }","meta":{"rootId":"ju5pfcyxoiqzv9b","id":"bmdb0nzij38ec9v"},"id":"aldd4qp8d0oij5n","previousOperationId":"cvv6pavzqbmm6hg"}
{"type":"log","timestamp":1705591536940,"level":"debug","message":"Inline data specified.","meta":{"rootId":"ju5pfcyxoiqzv9b","id":"bmdb0nzij38ec9v"},"id":"8kxlf2dwbmnivtv","previousOperationId":"cvv6pavzqbmm6hg"}
{"type":"log","timestamp":1705591536942,"level":"debug","message":"Base url not specified, skipping its injection.","meta":{"rootId":"ju5pfcyxoiqzv9b","id":"bmdb0nzij38ec9v"},"id":"6k2xw4aye4bwp7e","previousOperationId":"cvv6pavzqbmm6hg"}
{"type":"operationStart","subtype":"engine","name":"handlebars","timestamp":1705591536942,"id":"rbqq3ups3oi7yc1","previousEventId":"ezzj9dz5q8wmwj3","operationId":"bn90fzwldn9yq8v","previousOperationId":"cvv6pavzqbmm6hg"}
{"type":"log","timestamp":1705591536942,"level":"debug","message":"Rendering engine handlebars","meta":{"rootId":"ju5pfcyxoiqzv9b","id":"bmdb0nzij38ec9v"},"id":"7i5f1y0dq9yl0t8","previousOperationId":"bn90fzwldn9yq8v"}
{"type":"operationEnd","operationId":"bn90fzwldn9yq8v","timestamp":1705591536950,"id":"qq9bw66lkq6tjrw","previousEventId":"rbqq3ups3oi7yc1","previousOperationId":"bn90fzwldn9yq8v"}
{"type":"operationStart","subtype":"recipe","name":"chrome-pdf","timestamp":1705591536951,"id":"pmcndto9n2fndy9","previousEventId":"qq9bw66lkq6tjrw","operationId":"4jibbxaknj4eorr","previousOperationId":"bn90fzwldn9yq8v"}
{"type":"log","timestamp":1705591536951,"level":"debug","message":"Executing recipe chrome-pdf","meta":{"rootId":"ju5pfcyxoiqzv9b","id":"bmdb0nzij38ec9v"},"id":"kb8ah567kn5mbkh","previousOperationId":"4jibbxaknj4eorr"}
{"type":"log","timestamp":1705591536952,"level":"debug","message":"Converting with chrome HeadlessChrome/117.0.5938.149 using chrome-pool strategy","meta":{"rootId":"ju5pfcyxoiqzv9b","id":"bmdb0nzij38ec9v"},"id":"9kewc45gfgshtz4","previousOperationId":"4jibbxaknj4eorr"}
{"type":"log","timestamp":1705591537014,"level":"debug","message":"Page request: GET (document) file:///C:/Users/DANIEL~1/AppData/Local/Temp/jsreport/autocleanup/16233c52-bd55-4aa3-a969-8c03843b7eaf-chrome-pdf.html","meta":{"rootId":"ju5pfcyxoiqzv9b","id":"bmdb0nzij38ec9v"},"id":"1yaoiznfxiqu69m","previousOperationId":"4jibbxaknj4eorr"}
{"type":"log","timestamp":1705591537021,"level":"debug","message":"Page request: GET (stylesheet) https://cdnjs.cloudflare.com/ajax/libs/metro/4.1.5/css/metro.min.css","meta":{"rootId":"ju5pfcyxoiqzv9b","id":"bmdb0nzij38ec9v"},"id":"f49zabga0knep2e","previousOperationId":"4jibbxaknj4eorr"}
{"type":"log","timestamp":1705591537021,"level":"debug","message":"Page request finished: GET (document) 200 file:///C:/Users/DANIEL~1/AppData/Local/Temp/jsreport/autocleanup/16233c52-bd55-4aa3-a969-8c03843b7eaf-chrome-pdf.html","meta":{"rootId":"ju5pfcyxoiqzv9b","id":"bmdb0nzij38ec9v"},"id":"jkbqq04w3a0h4dl","previousOperationId":"4jibbxaknj4eorr"}
{"type":"log","timestamp":1705591537034,"level":"debug","message":"Page request finished: GET (stylesheet) 200 https://cdnjs.cloudflare.com/ajax/libs/metro/4.1.5/css/metro.min.css","meta":{"rootId":"ju5pfcyxoiqzv9b","id":"bmdb0nzij38ec9v"},"id":"fmcp8v4ixo38pym","previousOperationId":"4jibbxaknj4eorr"}
{"type":"log","timestamp":1705591537047,"level":"debug","message":"Running chrome with params {\"printBackground\":true,\"marginTop\":\"1.5cm\",\"marginRight\":\"1.5cm\",\"marginLeft\":\"1.cm\",\"timeout\":59737,\"margin\":{\"top\":\"1.5cm\",\"right\":\"1.5cm\",\"left\":\"1.cm\"}}","meta":{"rootId":"ju5pfcyxoiqzv9b","id":"bmdb0nzij38ec9v"},"id":"q299s3wp4ak8dmo","previousOperationId":"4jibbxaknj4eorr"}
{"type":"operationEnd","operationId":"4jibbxaknj4eorr","timestamp":1705591537076,"id":"958t0bpns2dx00y","previousEventId":"pmcndto9n2fndy9","previousOperationId":"4jibbxaknj4eorr"}
{"type":"log","timestamp":1705591537076,"level":"debug","message":"Skipping storing report.","meta":{"rootId":"ju5pfcyxoiqzv9b","id":"bmdb0nzij38ec9v"},"id":"mr7o6yc9o6baarh","previousOperationId":"4jibbxaknj4eorr"}
{"type":"log","timestamp":1705591537076,"level":"info","message":"Rendering (child) request finished in 387 ms","meta":{"rootId":"ju5pfcyxoiqzv9b","id":"bmdb0nzij38ec9v"},"id":"2dzoopqww1ug6x4","previousOperationId":"4jibbxaknj4eorr"}
{"type":"operationEnd","subtype":"render","operationId":"cvv6pavzqbmm6hg","timestamp":1705591537076,"id":"s27yf83r81fuukd","previousEventId":"958t0bpns2dx00y","previousOperationId":"4jibbxaknj4eorr"}
{"type":"operationEnd","operationId":"n1sim40wmyoawgt","timestamp":1705591537083,"id":"7clxo3fkgsweqc0","previousEventId":"o20c5ft5957nzyj","previousOperationId":"n1sim40wmyoawgt"}
{"type":"log","timestamp":1705591537084,"level":"debug","message":"pdf-utils postproces start","meta":{"rootId":"ju5pfcyxoiqzv9b","id":"ju5pfcyxoiqzv9b"},"id":"8xf58sywj54mu59","previousOperationId":"n1sim40wmyoawgt"}
{"type":"log","timestamp":1705591537091,"level":"debug","message":"pdf-utils postproces end","meta":{"rootId":"ju5pfcyxoiqzv9b","id":"ju5pfcyxoiqzv9b"},"id":"9ycss9icu4guxah","previousOperationId":"n1sim40wmyoawgt"}
{"type":"operationEnd","operationId":"31a43n9z106eweb","timestamp":1705591537091,"id":"7ynw5qwabzs2vs2","previousEventId":"7clxo3fkgsweqc0","previousOperationId":"n1sim40wmyoawgt"}
{"type":"log","timestamp":1705591537091,"level":"info","message":"pdf-utils pdf processing was finished","meta":{"rootId":"ju5pfcyxoiqzv9b","id":"ju5pfcyxoiqzv9b"},"id":"38aztrhsr2j95la","previousOperationId":"31a43n9z106eweb"}
{"type":"log","timestamp":1705591537091,"level":"debug","message":"Skipping storing report.","meta":{"rootId":"ju5pfcyxoiqzv9b","id":"ju5pfcyxoiqzv9b"},"id":"at757myitypuezy","previousOperationId":"31a43n9z106eweb"}
{"type":"log","timestamp":1705591537091,"level":"info","message":"Rendering request 46 finished in 402 ms","meta":{"rootId":"ju5pfcyxoiqzv9b","id":"ju5pfcyxoiqzv9b"},"id":"kyh9qed10ekv43m","previousOperationId":"31a43n9z106eweb"}
{"type":"operationEnd","subtype":"render","operationId":"lonnagq4778r1qp","timestamp":1705591537091,"id":"prkhhhu5vt3p4qb","previousEventId":"7ynw5qwabzs2vs2","previousOperationId":"31a43n9z106eweb"}
{"type":"operationEnd","doDiffs":false,"previousEventId":"ea0oblh3pjjymuj","previousOperationId":"m4rt5tz7q2rblgx","operationId":"m4rt5tz7q2rblgx","timestamp":1705591537097,"id":"0io0gez8x4tvg6o"}
