{"type":"operationStart","subtype":"profile","data":{"_id":"wCvCasaYf6TwmTNQ","timestamp":"2024-01-18T17:42:14.965Z","state":"queued","mode":"standard","creationDate":"2024-01-18T17:42:14.968Z","modificationDate":"2024-01-18T17:42:14.968Z","shortid":"_Kg0G-f","$entitySet":"profiles"},"doDiffs":false,"timestamp":1705599734967,"id":"w272yr95uqnmhlh","previousOperationId":null,"operationId":"luv8jexp1ojh4ez"}
{"type":"log","level":"info","message":"Render request 20 queued for execution and waiting for available worker","previousOperationId":"luv8jexp1ojh4ez","timestamp":1705599734967,"id":"11gbnavnzzmlxm8"}
{"type":"operationStart","subtype":"render","name":"orders-main","previousOperationId":"luv8jexp1ojh4ez","timestamp":1705599734975,"id":"9bn2xjz0x7yjbsm","previousEventId":"w272yr95uqnmhlh","operationId":"mid67j7c7988rvt"}
{"type":"log","timestamp":1705599734975,"level":"info","message":"Starting rendering request 20","meta":{"rootId":"jyc7gu3kbma96kv","id":"jyc7gu3kbma96kv"},"id":"4ggyb1guxoiyle6","previousOperationId":"mid67j7c7988rvt"}
{"type":"log","timestamp":1705599734975,"level":"info","message":"Rendering template { name: orders-main, recipe: chrome-pdf, engine: handlebars, preview: true }","meta":{"rootId":"jyc7gu3kbma96kv","id":"jyc7gu3kbma96kv"},"id":"sd0upn10zdpvsox","previousOperationId":"mid67j7c7988rvt"}
{"type":"log","timestamp":1705599734976,"level":"debug","message":"Data item not defined for this template.","meta":{"rootId":"jyc7gu3kbma96kv","id":"jyc7gu3kbma96kv"},"id":"uhjp145rojs33pq","previousOperationId":"mid67j7c7988rvt"}
{"type":"log","timestamp":1705599734977,"level":"debug","message":"Executing script orders-script (beforeRender)","meta":{"rootId":"jyc7gu3kbma96kv","id":"jyc7gu3kbma96kv"},"id":"92ja7j36vtp7ehd","previousOperationId":"mid67j7c7988rvt"}
{"type":"operationStart","subtype":"scriptsBeforeRender","name":"scripts beforeRender","timestamp":1705599734988,"id":"z8b58h95rp5devq","previousEventId":"9bn2xjz0x7yjbsm","operationId":"kaa09x1fovozvqa","previousOperationId":"mid67j7c7988rvt"}
{"type":"operationStart","subtype":"script","name":"scripts orders-script","previousOperationId":"kaa09x1fovozvqa","timestamp":1705599734988,"id":"n6b9stodj93t28m","previousEventId":"z8b58h95rp5devq","operationId":"y6j26ggtz745esi"}
{"type":"log","timestamp":1705599735002,"level":"debug","message":"(console:log) [ 'Race1', 'Race2' ]","meta":{"userLevel":true,"rootId":"jyc7gu3kbma96kv","id":"jyc7gu3kbma96kv"},"id":"by5cj5p6l5nwgw3","previousOperationId":"y6j26ggtz745esi"}
{"type":"log","timestamp":1705599735002,"level":"debug","message":"(console:log) [ 2, 1 ]","meta":{"userLevel":true,"rootId":"jyc7gu3kbma96kv","id":"jyc7gu3kbma96kv"},"id":"x0pojgqcsjrpxx0","previousOperationId":"y6j26ggtz745esi"}
{"type":"operationEnd","operationId":"y6j26ggtz745esi","timestamp":1705599735002,"id":"t32ccsy5vfkwnut","previousEventId":"9bn2xjz0x7yjbsm","previousOperationId":"mid67j7c7988rvt"}
{"type":"operationEnd","operationId":"kaa09x1fovozvqa","timestamp":1705599735002,"id":"diukibg1r1o6pl2","previousEventId":"t32ccsy5vfkwnut","previousOperationId":"mid67j7c7988rvt"}
{"type":"log","timestamp":1705599735002,"level":"debug","message":"Base url not specified, skipping its injection.","meta":{"rootId":"jyc7gu3kbma96kv","id":"jyc7gu3kbma96kv"},"id":"8xm9ap4il1oivsz","previousOperationId":"kaa09x1fovozvqa"}
{"type":"operationStart","subtype":"engine","name":"handlebars","timestamp":1705599735002,"id":"7o0gj7z65rx84ep","previousEventId":"diukibg1r1o6pl2","operationId":"d0o6r9v7yi7ghsg","previousOperationId":"kaa09x1fovozvqa"}
{"type":"log","timestamp":1705599735002,"level":"debug","message":"Rendering engine handlebars","meta":{"rootId":"jyc7gu3kbma96kv","id":"jyc7gu3kbma96kv"},"id":"ag41mgq3lon8mj8","previousOperationId":"d0o6r9v7yi7ghsg"}
{"type":"log","timestamp":1705599735016,"level":"debug","message":"(console:log) Pdf utils adding group field, value: \"Race1\"","meta":{"userLevel":true,"rootId":"jyc7gu3kbma96kv","id":"jyc7gu3kbma96kv"},"id":"1qbvcq0nwvuhsf0","previousOperationId":"d0o6r9v7yi7ghsg"}
{"type":"log","timestamp":1705599735016,"level":"debug","message":"(console:log) Pdf utils adding group field, value: \"Race2\"","meta":{"userLevel":true,"rootId":"jyc7gu3kbma96kv","id":"jyc7gu3kbma96kv"},"id":"xls3mg8adt7lpn2","previousOperationId":"d0o6r9v7yi7ghsg"}
{"type":"operationEnd","operationId":"d0o6r9v7yi7ghsg","timestamp":1705599735016,"id":"tmy6znl6zlltjjz","previousEventId":"7o0gj7z65rx84ep","previousOperationId":"d0o6r9v7yi7ghsg"}
{"type":"operationStart","subtype":"recipe","name":"chrome-pdf","timestamp":1705599735016,"id":"bwafih79ztvnivc","previousEventId":"tmy6znl6zlltjjz","operationId":"o04pkjn3ijmiuui","previousOperationId":"d0o6r9v7yi7ghsg"}
{"type":"log","timestamp":1705599735016,"level":"debug","message":"Executing recipe chrome-pdf","meta":{"rootId":"jyc7gu3kbma96kv","id":"jyc7gu3kbma96kv"},"id":"l62ys7dmbu5rmar","previousOperationId":"o04pkjn3ijmiuui"}
{"type":"log","timestamp":1705599735019,"level":"debug","message":"Converting with chrome HeadlessChrome/117.0.5938.149 using chrome-pool strategy","meta":{"rootId":"jyc7gu3kbma96kv","id":"jyc7gu3kbma96kv"},"id":"dng299lerc02vbl","previousOperationId":"o04pkjn3ijmiuui"}
{"type":"log","timestamp":1705599735094,"level":"debug","message":"Page request: GET (document) file:///C:/Users/DANIEL~1/AppData/Local/Temp/jsreport/autocleanup/22fc2b46-247c-4d44-9fb9-17a9c4f7546b-chrome-pdf.html","meta":{"rootId":"jyc7gu3kbma96kv","id":"jyc7gu3kbma96kv"},"id":"zgwyfi9c2v8977q","previousOperationId":"o04pkjn3ijmiuui"}
{"type":"log","timestamp":1705599735112,"level":"debug","message":"Page request: GET (stylesheet) https://cdnjs.cloudflare.com/ajax/libs/metro/4.1.5/css/metro.min.css","meta":{"rootId":"jyc7gu3kbma96kv","id":"jyc7gu3kbma96kv"},"id":"vnmqnyhm4y5tzv0","previousOperationId":"o04pkjn3ijmiuui"}
{"type":"log","timestamp":1705599735113,"level":"debug","message":"Page request: GET (script) https://cdn.jsdelivr.net/npm/chart.js","meta":{"rootId":"jyc7gu3kbma96kv","id":"jyc7gu3kbma96kv"},"id":"4f12jj8xah9wi2u","previousOperationId":"o04pkjn3ijmiuui"}
{"type":"log","timestamp":1705599735113,"level":"debug","message":"Page request finished: GET (document) 200 file:///C:/Users/DANIEL~1/AppData/Local/Temp/jsreport/autocleanup/22fc2b46-247c-4d44-9fb9-17a9c4f7546b-chrome-pdf.html","meta":{"rootId":"jyc7gu3kbma96kv","id":"jyc7gu3kbma96kv"},"id":"864jy3bb1v7qypz","previousOperationId":"o04pkjn3ijmiuui"}
{"type":"log","timestamp":1705599735117,"level":"debug","message":"Page request finished: GET (script) 200 https://cdn.jsdelivr.net/npm/chart.js","meta":{"rootId":"jyc7gu3kbma96kv","id":"jyc7gu3kbma96kv"},"id":"rtsfvw6gg81ti4n","previousOperationId":"o04pkjn3ijmiuui"}
{"type":"log","timestamp":1705599735125,"level":"debug","message":"Page request finished: GET (stylesheet) 200 https://cdnjs.cloudflare.com/ajax/libs/metro/4.1.5/css/metro.min.css","meta":{"rootId":"jyc7gu3kbma96kv","id":"jyc7gu3kbma96kv"},"id":"hialswvlcbf2p31","previousOperationId":"o04pkjn3ijmiuui"}
{"type":"log","timestamp":1705599735128,"level":"warn","message":"Page error: Unexpected token ';' , stack: SyntaxError: Unexpected token ';'","meta":{"rootId":"jyc7gu3kbma96kv","id":"jyc7gu3kbma96kv"},"id":"y5cuejlkl52e44e","previousOperationId":"o04pkjn3ijmiuui"}
{"type":"log","timestamp":1705599735151,"level":"debug","message":"Running chrome with params {\"printBackground\":true,\"marginTop\":\"4cm\",\"marginRight\":\"1.5cm\",\"marginBottom\":\"1.5cm\",\"marginLeft\":\"1.5cm\",\"waitForJS\":false,\"timeout\":59947,\"margin\":{\"top\":\"4cm\",\"right\":\"1.5cm\",\"bottom\":\"1.5cm\",\"left\":\"1.5cm\"}}","meta":{"rootId":"jyc7gu3kbma96kv","id":"jyc7gu3kbma96kv"},"id":"db2i5oyoglk13te","previousOperationId":"o04pkjn3ijmiuui"}
{"type":"operationEnd","operationId":"o04pkjn3ijmiuui","timestamp":1705599735210,"id":"bc5yimg29rco10s","previousEventId":"bwafih79ztvnivc","previousOperationId":"o04pkjn3ijmiuui"}
{"type":"log","timestamp":1705599735210,"level":"info","message":"pdf-utils is starting pdf processing","meta":{"rootId":"jyc7gu3kbma96kv","id":"jyc7gu3kbma96kv"},"id":"79cbxs4wbjgnpue","previousOperationId":"o04pkjn3ijmiuui"}
{"type":"operationStart","subtype":"pdfUtils","name":"pdf utils","timestamp":1705599735210,"id":"54rz98mt6x5an53","previousEventId":"bc5yimg29rco10s","operationId":"qys9f52cs33e0eb","previousOperationId":"o04pkjn3ijmiuui"}
{"type":"log","timestamp":1705599735210,"level":"debug","message":"pdf-utils detected 1 pdf operation(s) to process","meta":{"rootId":"jyc7gu3kbma96kv","id":"jyc7gu3kbma96kv"},"id":"ez0mxfcjcq4hpn5","previousOperationId":"qys9f52cs33e0eb"}
{"type":"log","timestamp":1705599735224,"level":"debug","message":"pdf-utils running pdf operation merge","meta":{"rootId":"jyc7gu3kbma96kv","id":"jyc7gu3kbma96kv"},"id":"8eyy9vh0oh20p47","previousOperationId":"qys9f52cs33e0eb"}
{"type":"operationStart","subtype":"pdfUtilsMerge","name":"pdf utils merge","previousOperationId":"qys9f52cs33e0eb","timestamp":1705599735224,"id":"vjbh2irzoim0zdr","previousEventId":"54rz98mt6x5an53","operationId":"zzicbjhvs85pqrg"}
{"type":"operationStart","subtype":"render","name":"orders-header","previousOperationId":"zzicbjhvs85pqrg","timestamp":1705599735225,"id":"4rxfnkadis8wt5j","previousEventId":"vjbh2irzoim0zdr","operationId":"dwioywzybo7zhzr"}
{"type":"log","timestamp":1705599735225,"level":"info","message":"Starting rendering (child) request","meta":{"rootId":"jyc7gu3kbma96kv","id":"rq3xw6f2misv9qk"},"id":"27z7u4l9m8fj4gy","previousOperationId":"dwioywzybo7zhzr"}
{"type":"log","timestamp":1705599735225,"level":"info","message":"Rendering template { name: orders-header, recipe: chrome-pdf, engine: handlebars, preview: true }","meta":{"rootId":"jyc7gu3kbma96kv","id":"rq3xw6f2misv9qk"},"id":"7ukntzttrs2ahqk","previousOperationId":"dwioywzybo7zhzr"}
{"type":"log","timestamp":1705599735230,"level":"debug","message":"Inline data specified.","meta":{"rootId":"jyc7gu3kbma96kv","id":"rq3xw6f2misv9qk"},"id":"ljqzkg23zp8v1eu","previousOperationId":"dwioywzybo7zhzr"}
{"type":"log","timestamp":1705599735232,"level":"debug","message":"Base url not specified, skipping its injection.","meta":{"rootId":"jyc7gu3kbma96kv","id":"rq3xw6f2misv9qk"},"id":"xv6k7q3e9qjiksy","previousOperationId":"dwioywzybo7zhzr"}
{"type":"operationStart","subtype":"engine","name":"handlebars","timestamp":1705599735232,"id":"njzbhnab1cstz67","previousEventId":"4rxfnkadis8wt5j","operationId":"dt1djqqlkukw49t","previousOperationId":"dwioywzybo7zhzr"}
{"type":"log","timestamp":1705599735232,"level":"debug","message":"Rendering engine handlebars","meta":{"rootId":"jyc7gu3kbma96kv","id":"rq3xw6f2misv9qk"},"id":"m0cga72u0uo347g","previousOperationId":"dt1djqqlkukw49t"}
{"type":"operationEnd","operationId":"dt1djqqlkukw49t","timestamp":1705599735245,"id":"e819hqrifx5ydkq","previousEventId":"njzbhnab1cstz67","previousOperationId":"dt1djqqlkukw49t"}
{"type":"operationStart","subtype":"recipe","name":"chrome-pdf","timestamp":1705599735245,"id":"xjsi7yvhldth54j","previousEventId":"e819hqrifx5ydkq","operationId":"skb7j1ncidstdsh","previousOperationId":"dt1djqqlkukw49t"}
{"type":"log","timestamp":1705599735245,"level":"debug","message":"Executing recipe chrome-pdf","meta":{"rootId":"jyc7gu3kbma96kv","id":"rq3xw6f2misv9qk"},"id":"1khgn2mboi8bcnx","previousOperationId":"skb7j1ncidstdsh"}
{"type":"log","timestamp":1705599735247,"level":"debug","message":"Converting with chrome HeadlessChrome/117.0.5938.149 using chrome-pool strategy","meta":{"rootId":"jyc7gu3kbma96kv","id":"rq3xw6f2misv9qk"},"id":"jglyxyfo10egqoo","previousOperationId":"skb7j1ncidstdsh"}
{"type":"log","timestamp":1705599735314,"level":"debug","message":"Page request: GET (document) file:///C:/Users/DANIEL~1/AppData/Local/Temp/jsreport/autocleanup/5b5861bd-79dd-4b39-9e79-0525cb8ea4e6-chrome-pdf.html","meta":{"rootId":"jyc7gu3kbma96kv","id":"rq3xw6f2misv9qk"},"id":"coi54qv7nnquetl","previousOperationId":"skb7j1ncidstdsh"}
{"type":"log","timestamp":1705599735320,"level":"debug","message":"Page request: GET (stylesheet) https://cdnjs.cloudflare.com/ajax/libs/metro/4.1.5/css/metro.min.css","meta":{"rootId":"jyc7gu3kbma96kv","id":"rq3xw6f2misv9qk"},"id":"s5zclmhofoszpbu","previousOperationId":"skb7j1ncidstdsh"}
{"type":"log","timestamp":1705599735320,"level":"debug","message":"Page request finished: GET (document) 200 file:///C:/Users/DANIEL~1/AppData/Local/Temp/jsreport/autocleanup/5b5861bd-79dd-4b39-9e79-0525cb8ea4e6-chrome-pdf.html","meta":{"rootId":"jyc7gu3kbma96kv","id":"rq3xw6f2misv9qk"},"id":"8ra9z3xjyr7jor5","previousOperationId":"skb7j1ncidstdsh"}
{"type":"log","timestamp":1705599735331,"level":"debug","message":"Page request finished: GET (stylesheet) 200 https://cdnjs.cloudflare.com/ajax/libs/metro/4.1.5/css/metro.min.css","meta":{"rootId":"jyc7gu3kbma96kv","id":"rq3xw6f2misv9qk"},"id":"upjjopue9uybw2g","previousOperationId":"skb7j1ncidstdsh"}
{"type":"log","timestamp":1705599735346,"level":"debug","message":"Running chrome with params {\"printBackground\":true,\"marginTop\":\"1.5cm\",\"marginRight\":\"1.5cm\",\"marginLeft\":\"1.cm\",\"timeout\":59718,\"margin\":{\"top\":\"1.5cm\",\"right\":\"1.5cm\",\"left\":\"1.cm\"}}","meta":{"rootId":"jyc7gu3kbma96kv","id":"rq3xw6f2misv9qk"},"id":"d0i6geboky8uoqs","previousOperationId":"skb7j1ncidstdsh"}
{"type":"operationEnd","operationId":"skb7j1ncidstdsh","timestamp":1705599735386,"id":"sdtos0ews3qk8ut","previousEventId":"xjsi7yvhldth54j","previousOperationId":"skb7j1ncidstdsh"}
{"type":"log","timestamp":1705599735387,"level":"debug","message":"Skipping storing report.","meta":{"rootId":"jyc7gu3kbma96kv","id":"rq3xw6f2misv9qk"},"id":"8beyjavkwlr9seg","previousOperationId":"skb7j1ncidstdsh"}
{"type":"log","timestamp":1705599735387,"level":"info","message":"Rendering (child) request finished in 422 ms","meta":{"rootId":"jyc7gu3kbma96kv","id":"rq3xw6f2misv9qk"},"id":"ahljwrkqoh7prtq","previousOperationId":"skb7j1ncidstdsh"}
{"type":"operationEnd","subtype":"render","operationId":"dwioywzybo7zhzr","timestamp":1705599735387,"id":"ahuhy94gjjmkpdq","previousEventId":"sdtos0ews3qk8ut","previousOperationId":"skb7j1ncidstdsh"}
{"type":"operationEnd","operationId":"zzicbjhvs85pqrg","timestamp":1705599735398,"id":"hxs3ahxn6w3i9m4","previousEventId":"vjbh2irzoim0zdr","previousOperationId":"zzicbjhvs85pqrg"}
{"type":"log","timestamp":1705599735398,"level":"debug","message":"pdf-utils postproces start","meta":{"rootId":"jyc7gu3kbma96kv","id":"jyc7gu3kbma96kv"},"id":"gdnmd4a2j4efu3p","previousOperationId":"zzicbjhvs85pqrg"}
{"type":"log","timestamp":1705599735408,"level":"debug","message":"pdf-utils postproces end","meta":{"rootId":"jyc7gu3kbma96kv","id":"jyc7gu3kbma96kv"},"id":"vyorhm2m1jhxq3d","previousOperationId":"zzicbjhvs85pqrg"}
{"type":"operationEnd","operationId":"qys9f52cs33e0eb","timestamp":1705599735408,"id":"p96gtgz923p8xda","previousEventId":"hxs3ahxn6w3i9m4","previousOperationId":"zzicbjhvs85pqrg"}
{"type":"log","timestamp":1705599735408,"level":"info","message":"pdf-utils pdf processing was finished","meta":{"rootId":"jyc7gu3kbma96kv","id":"jyc7gu3kbma96kv"},"id":"erhsf3azz6g295g","previousOperationId":"qys9f52cs33e0eb"}
{"type":"log","timestamp":1705599735408,"level":"debug","message":"Skipping storing report.","meta":{"rootId":"jyc7gu3kbma96kv","id":"jyc7gu3kbma96kv"},"id":"lx7vaxmmd7n5i0e","previousOperationId":"qys9f52cs33e0eb"}
{"type":"log","timestamp":1705599735408,"level":"info","message":"Rendering request 20 finished in 443 ms","meta":{"rootId":"jyc7gu3kbma96kv","id":"jyc7gu3kbma96kv"},"id":"0iy3a9jjk83mqfn","previousOperationId":"qys9f52cs33e0eb"}
{"type":"operationEnd","subtype":"render","operationId":"mid67j7c7988rvt","timestamp":1705599735408,"id":"ap515ovx5vpfc5n","previousEventId":"p96gtgz923p8xda","previousOperationId":"qys9f52cs33e0eb"}
{"type":"operationEnd","doDiffs":false,"previousEventId":"w272yr95uqnmhlh","previousOperationId":"luv8jexp1ojh4ez","operationId":"luv8jexp1ojh4ez","timestamp":1705599735413,"id":"uzxzgecbdnc0qhx"}
