{"type":"operationStart","subtype":"profile","data":{"_id":"vhKMqpixWmJbh4YQ","timestamp":"2024-01-18T14:56:04.934Z","state":"queued","mode":"standard","creationDate":"2024-01-18T14:56:04.939Z","modificationDate":"2024-01-18T14:56:04.939Z","shortid":"KzBZI9g","$entitySet":"profiles"},"doDiffs":false,"timestamp":1705589764937,"id":"2g9opk6ityxmdio","previousOperationId":null,"operationId":"9k2mov6n1c2e7b5"}
{"type":"log","level":"info","message":"Render request 16 queued for execution and waiting for available worker","previousOperationId":"9k2mov6n1c2e7b5","timestamp":1705589764938,"id":"c0suczejh2bkeqv"}
{"type":"operationStart","subtype":"render","name":"orders-main","previousOperationId":"9k2mov6n1c2e7b5","timestamp":1705589764954,"id":"662fwqcdi2e8jf5","previousEventId":"2g9opk6ityxmdio","operationId":"5f0km3s4eihww51"}
{"type":"log","timestamp":1705589764954,"level":"info","message":"Starting rendering request 16","meta":{"rootId":"k9hjcrk5mn8oofd","id":"k9hjcrk5mn8oofd"},"id":"m265kxohyphu9wq","previousOperationId":"5f0km3s4eihww51"}
{"type":"log","timestamp":1705589764954,"level":"info","message":"Rendering template { name: orders-main, recipe: chrome-pdf, engine: handlebars, preview: true }","meta":{"rootId":"k9hjcrk5mn8oofd","id":"k9hjcrk5mn8oofd"},"id":"kftp47tu52syh6p","previousOperationId":"5f0km3s4eihww51"}
{"type":"log","timestamp":1705589764955,"level":"debug","message":"Data item not defined for this template.","meta":{"rootId":"k9hjcrk5mn8oofd","id":"k9hjcrk5mn8oofd"},"id":"o4cfvrpkh4vxqqw","previousOperationId":"5f0km3s4eihww51"}
{"type":"log","timestamp":1705589764961,"level":"debug","message":"Executing script orders-script (beforeRender)","meta":{"rootId":"k9hjcrk5mn8oofd","id":"k9hjcrk5mn8oofd"},"id":"8a2b3l5lhwhuvfq","previousOperationId":"5f0km3s4eihww51"}
{"type":"operationStart","subtype":"scriptsBeforeRender","name":"scripts beforeRender","timestamp":1705589764992,"id":"j71xktcfkqb2sxf","previousEventId":"662fwqcdi2e8jf5","operationId":"u98yy7qltprn99f","previousOperationId":"5f0km3s4eihww51"}
{"type":"operationStart","subtype":"script","name":"scripts orders-script","previousOperationId":"u98yy7qltprn99f","timestamp":1705589764992,"id":"mi4q0kadhepsb8o","previousEventId":"j71xktcfkqb2sxf","operationId":"plxbsbui6iu2alp"}
{"type":"operationEnd","operationId":"plxbsbui6iu2alp","timestamp":1705589765015,"id":"v54v9kdc86mtt1e","previousEventId":"662fwqcdi2e8jf5","previousOperationId":"5f0km3s4eihww51"}
{"type":"operationEnd","operationId":"u98yy7qltprn99f","timestamp":1705589765015,"id":"lis54bqf4cywoh5","previousEventId":"v54v9kdc86mtt1e","previousOperationId":"5f0km3s4eihww51"}
{"type":"log","timestamp":1705589765015,"level":"debug","message":"Base url not specified, skipping its injection.","meta":{"rootId":"k9hjcrk5mn8oofd","id":"k9hjcrk5mn8oofd"},"id":"gzdzqzi1o2ffrcn","previousOperationId":"u98yy7qltprn99f"}
{"type":"operationStart","subtype":"engine","name":"handlebars","timestamp":1705589765015,"id":"iip02kezi3sc6qc","previousEventId":"lis54bqf4cywoh5","operationId":"b27yph329mwpmmb","previousOperationId":"u98yy7qltprn99f"}
{"type":"log","timestamp":1705589765015,"level":"debug","message":"Rendering engine handlebars","meta":{"rootId":"k9hjcrk5mn8oofd","id":"k9hjcrk5mn8oofd"},"id":"b8qodj2273n0qzm","previousOperationId":"b27yph329mwpmmb"}
{"type":"log","timestamp":1705589765047,"level":"debug","message":"(console:log) Pdf utils adding group field, value: \"Race1\"","meta":{"userLevel":true,"rootId":"k9hjcrk5mn8oofd","id":"k9hjcrk5mn8oofd"},"id":"za7sl8ylriqozmf","previousOperationId":"b27yph329mwpmmb"}
{"type":"log","timestamp":1705589765047,"level":"debug","message":"(console:log) Pdf utils adding group field, value: \"Race2\"","meta":{"userLevel":true,"rootId":"k9hjcrk5mn8oofd","id":"k9hjcrk5mn8oofd"},"id":"zvz7wn95hpykmkr","previousOperationId":"b27yph329mwpmmb"}
{"type":"operationEnd","operationId":"b27yph329mwpmmb","timestamp":1705589765047,"id":"4zzufsdnowi04gl","previousEventId":"iip02kezi3sc6qc","previousOperationId":"b27yph329mwpmmb"}
{"type":"operationStart","subtype":"recipe","name":"chrome-pdf","timestamp":1705589765048,"id":"rkl5om67xu8k7n5","previousEventId":"4zzufsdnowi04gl","operationId":"j9g2j91a1y788jn","previousOperationId":"b27yph329mwpmmb"}
{"type":"log","timestamp":1705589765048,"level":"debug","message":"Executing recipe chrome-pdf","meta":{"rootId":"k9hjcrk5mn8oofd","id":"k9hjcrk5mn8oofd"},"id":"syk9r9bpwe7bax8","previousOperationId":"j9g2j91a1y788jn"}
{"type":"log","timestamp":1705589765053,"level":"debug","message":"Converting with chrome HeadlessChrome/117.0.5938.149 using chrome-pool strategy","meta":{"rootId":"k9hjcrk5mn8oofd","id":"k9hjcrk5mn8oofd"},"id":"b8xemvvfhbi7cyc","previousOperationId":"j9g2j91a1y788jn"}
{"type":"log","timestamp":1705589765185,"level":"debug","message":"Page request: GET (document) file:///C:/Users/DANIEL~1/AppData/Local/Temp/jsreport/autocleanup/cb58504c-be0f-4257-a233-b3bcede10985-chrome-pdf.html","meta":{"rootId":"k9hjcrk5mn8oofd","id":"k9hjcrk5mn8oofd"},"id":"3xs6tl3m3epjioq","previousOperationId":"j9g2j91a1y788jn"}
{"type":"log","timestamp":1705589765224,"level":"debug","message":"Page request: GET (stylesheet) https://cdnjs.cloudflare.com/ajax/libs/metro/4.1.5/css/metro.min.css","meta":{"rootId":"k9hjcrk5mn8oofd","id":"k9hjcrk5mn8oofd"},"id":"765738m4dpa8l5w","previousOperationId":"j9g2j91a1y788jn"}
{"type":"log","timestamp":1705589765224,"level":"debug","message":"Page request: GET (script) https://cdnjs.cloudflare.com/ajax/libs/Chart.js/2.9.4/Chart.js","meta":{"rootId":"k9hjcrk5mn8oofd","id":"k9hjcrk5mn8oofd"},"id":"7rv99srdu59ovnr","previousOperationId":"j9g2j91a1y788jn"}
{"type":"log","timestamp":1705589765225,"level":"debug","message":"Page request finished: GET (document) 200 file:///C:/Users/DANIEL~1/AppData/Local/Temp/jsreport/autocleanup/cb58504c-be0f-4257-a233-b3bcede10985-chrome-pdf.html","meta":{"rootId":"k9hjcrk5mn8oofd","id":"k9hjcrk5mn8oofd"},"id":"rizingay7s9g01q","previousOperationId":"j9g2j91a1y788jn"}
{"type":"log","timestamp":1705589765237,"level":"debug","message":"Page request finished: GET (script) 200 https://cdnjs.cloudflare.com/ajax/libs/Chart.js/2.9.4/Chart.js","meta":{"rootId":"k9hjcrk5mn8oofd","id":"k9hjcrk5mn8oofd"},"id":"rf8v4sciwhyaza7","previousOperationId":"j9g2j91a1y788jn"}
{"type":"log","timestamp":1705589765257,"level":"debug","message":"Page request finished: GET (stylesheet) 200 https://cdnjs.cloudflare.com/ajax/libs/metro/4.1.5/css/metro.min.css","meta":{"rootId":"k9hjcrk5mn8oofd","id":"k9hjcrk5mn8oofd"},"id":"vcgri0xv2h0lg1y","previousOperationId":"j9g2j91a1y788jn"}
{"type":"log","timestamp":1705589765266,"level":"warn","message":"Page error: barColors is not defined , stack: ReferenceError: barColors is not defined\n    at <anonymous> (file:///C:/Users/DANIEL~1/AppData/Local/Temp/jsreport/autocleanup/cb58504c-be0f-4257-a233-b3bcede10985-chrome-pdf.html:110:24)","meta":{"rootId":"k9hjcrk5mn8oofd","id":"k9hjcrk5mn8oofd"},"id":"u1a86nevtncmr75","previousOperationId":"j9g2j91a1y788jn"}
{"type":"log","timestamp":1705589765304,"level":"debug","message":"Running chrome with params {\"printBackground\":true,\"marginTop\":\"4cm\",\"marginRight\":\"1.5cm\",\"marginBottom\":\"1.5cm\",\"marginLeft\":\"1.5cm\",\"waitForJS\":false,\"timeout\":59883,\"margin\":{\"top\":\"4cm\",\"right\":\"1.5cm\",\"bottom\":\"1.5cm\",\"left\":\"1.5cm\"}}","meta":{"rootId":"k9hjcrk5mn8oofd","id":"k9hjcrk5mn8oofd"},"id":"pdd609einah13v7","previousOperationId":"j9g2j91a1y788jn"}
{"type":"operationEnd","operationId":"j9g2j91a1y788jn","timestamp":1705589765437,"id":"b6kg2tcvi2xe61k","previousEventId":"rkl5om67xu8k7n5","previousOperationId":"j9g2j91a1y788jn"}
{"type":"log","timestamp":1705589765437,"level":"info","message":"pdf-utils is starting pdf processing","meta":{"rootId":"k9hjcrk5mn8oofd","id":"k9hjcrk5mn8oofd"},"id":"8bvwrfp9hb1ri94","previousOperationId":"j9g2j91a1y788jn"}
{"type":"operationStart","subtype":"pdfUtils","name":"pdf utils","timestamp":1705589765437,"id":"mzofvvtqy3vvkb0","previousEventId":"b6kg2tcvi2xe61k","operationId":"ej54d6ou92v9ivr","previousOperationId":"j9g2j91a1y788jn"}
{"type":"log","timestamp":1705589765437,"level":"debug","message":"pdf-utils detected 1 pdf operation(s) to process","meta":{"rootId":"k9hjcrk5mn8oofd","id":"k9hjcrk5mn8oofd"},"id":"bqeyd9cso1fzuq4","previousOperationId":"ej54d6ou92v9ivr"}
{"type":"log","timestamp":1705589765471,"level":"debug","message":"pdf-utils running pdf operation merge","meta":{"rootId":"k9hjcrk5mn8oofd","id":"k9hjcrk5mn8oofd"},"id":"erfyojuw5gndbtl","previousOperationId":"ej54d6ou92v9ivr"}
{"type":"operationStart","subtype":"pdfUtilsMerge","name":"pdf utils merge","previousOperationId":"ej54d6ou92v9ivr","timestamp":1705589765472,"id":"tftalka2w046b5x","previousEventId":"mzofvvtqy3vvkb0","operationId":"zf13su6g9rgpp65"}
{"type":"operationStart","subtype":"render","name":"orders-header","previousOperationId":"zf13su6g9rgpp65","timestamp":1705589765473,"id":"n2y903i4bg37ard","previousEventId":"tftalka2w046b5x","operationId":"wddarxkkza9p9uw"}
{"type":"log","timestamp":1705589765474,"level":"info","message":"Starting rendering (child) request","meta":{"rootId":"k9hjcrk5mn8oofd","id":"9dl6y1bmkf9b01q"},"id":"nzvksujuvg7exfz","previousOperationId":"wddarxkkza9p9uw"}
{"type":"log","timestamp":1705589765474,"level":"info","message":"Rendering template { name: orders-header, recipe: chrome-pdf, engine: handlebars, preview: true }","meta":{"rootId":"k9hjcrk5mn8oofd","id":"9dl6y1bmkf9b01q"},"id":"b7juvv82hy6q2mz","previousOperationId":"wddarxkkza9p9uw"}
{"type":"log","timestamp":1705589765475,"level":"debug","message":"Inline data specified.","meta":{"rootId":"k9hjcrk5mn8oofd","id":"9dl6y1bmkf9b01q"},"id":"n0qjsy3alx5iuym","previousOperationId":"wddarxkkza9p9uw"}
{"type":"log","timestamp":1705589765479,"level":"debug","message":"Base url not specified, skipping its injection.","meta":{"rootId":"k9hjcrk5mn8oofd","id":"9dl6y1bmkf9b01q"},"id":"aspalmlof64men8","previousOperationId":"wddarxkkza9p9uw"}
{"type":"operationStart","subtype":"engine","name":"handlebars","timestamp":1705589765479,"id":"olmg8i4sa9ziqcv","previousEventId":"n2y903i4bg37ard","operationId":"256obgev99zox6u","previousOperationId":"wddarxkkza9p9uw"}
{"type":"log","timestamp":1705589765480,"level":"debug","message":"Rendering engine handlebars","meta":{"rootId":"k9hjcrk5mn8oofd","id":"9dl6y1bmkf9b01q"},"id":"awmyysehc5kv1r2","previousOperationId":"256obgev99zox6u"}
{"type":"operationEnd","operationId":"256obgev99zox6u","timestamp":1705589765520,"id":"g9vq64g8dcn838g","previousEventId":"olmg8i4sa9ziqcv","previousOperationId":"256obgev99zox6u"}
{"type":"operationStart","subtype":"recipe","name":"chrome-pdf","timestamp":1705589765520,"id":"hd3j3j4c2pelikb","previousEventId":"g9vq64g8dcn838g","operationId":"008533sxz2s6gr6","previousOperationId":"256obgev99zox6u"}
{"type":"log","timestamp":1705589765521,"level":"debug","message":"Executing recipe chrome-pdf","meta":{"rootId":"k9hjcrk5mn8oofd","id":"9dl6y1bmkf9b01q"},"id":"pjieg42e4yesifn","previousOperationId":"008533sxz2s6gr6"}
{"type":"log","timestamp":1705589765527,"level":"debug","message":"Converting with chrome HeadlessChrome/117.0.5938.149 using chrome-pool strategy","meta":{"rootId":"k9hjcrk5mn8oofd","id":"9dl6y1bmkf9b01q"},"id":"q04otiytmsgi166","previousOperationId":"008533sxz2s6gr6"}
{"type":"log","timestamp":1705589765663,"level":"debug","message":"Page request: GET (document) file:///C:/Users/DANIEL~1/AppData/Local/Temp/jsreport/autocleanup/baa30792-0d97-4cb4-8914-43ab13add953-chrome-pdf.html","meta":{"rootId":"k9hjcrk5mn8oofd","id":"9dl6y1bmkf9b01q"},"id":"yrs4sh3juogvv14","previousOperationId":"008533sxz2s6gr6"}
{"type":"log","timestamp":1705589765677,"level":"debug","message":"Page request: GET (stylesheet) https://cdnjs.cloudflare.com/ajax/libs/metro/4.1.5/css/metro.min.css","meta":{"rootId":"k9hjcrk5mn8oofd","id":"9dl6y1bmkf9b01q"},"id":"qkeby6cxp1ke7mr","previousOperationId":"008533sxz2s6gr6"}
{"type":"log","timestamp":1705589765678,"level":"debug","message":"Page request finished: GET (document) 200 file:///C:/Users/DANIEL~1/AppData/Local/Temp/jsreport/autocleanup/baa30792-0d97-4cb4-8914-43ab13add953-chrome-pdf.html","meta":{"rootId":"k9hjcrk5mn8oofd","id":"9dl6y1bmkf9b01q"},"id":"t2o7oliyywhitkv","previousOperationId":"008533sxz2s6gr6"}
{"type":"log","timestamp":1705589765709,"level":"debug","message":"Page request finished: GET (stylesheet) 200 https://cdnjs.cloudflare.com/ajax/libs/metro/4.1.5/css/metro.min.css","meta":{"rootId":"k9hjcrk5mn8oofd","id":"9dl6y1bmkf9b01q"},"id":"yv1hgrt90nk94mb","previousOperationId":"008533sxz2s6gr6"}
{"type":"log","timestamp":1705589765737,"level":"debug","message":"Running chrome with params {\"printBackground\":true,\"marginTop\":\"1.5cm\",\"marginRight\":\"1.5cm\",\"marginLeft\":\"1.cm\",\"timeout\":59409,\"margin\":{\"top\":\"1.5cm\",\"right\":\"1.5cm\",\"left\":\"1.cm\"}}","meta":{"rootId":"k9hjcrk5mn8oofd","id":"9dl6y1bmkf9b01q"},"id":"64mqkt16ksarywj","previousOperationId":"008533sxz2s6gr6"}
{"type":"operationEnd","operationId":"008533sxz2s6gr6","timestamp":1705589765798,"id":"efueyvijky1wzsu","previousEventId":"hd3j3j4c2pelikb","previousOperationId":"008533sxz2s6gr6"}
{"type":"log","timestamp":1705589765798,"level":"debug","message":"Skipping storing report.","meta":{"rootId":"k9hjcrk5mn8oofd","id":"9dl6y1bmkf9b01q"},"id":"lkodjlbs9a28evn","previousOperationId":"008533sxz2s6gr6"}
{"type":"log","timestamp":1705589765798,"level":"info","message":"Rendering (child) request finished in 864 ms","meta":{"rootId":"k9hjcrk5mn8oofd","id":"9dl6y1bmkf9b01q"},"id":"8g639bl81qcvghi","previousOperationId":"008533sxz2s6gr6"}
{"type":"operationEnd","subtype":"render","operationId":"wddarxkkza9p9uw","timestamp":1705589765798,"id":"x5me1dcsosbbkn1","previousEventId":"efueyvijky1wzsu","previousOperationId":"008533sxz2s6gr6"}
{"type":"operationEnd","operationId":"zf13su6g9rgpp65","timestamp":1705589765820,"id":"c1bepbcjgbkw26j","previousEventId":"tftalka2w046b5x","previousOperationId":"zf13su6g9rgpp65"}
{"type":"log","timestamp":1705589765820,"level":"debug","message":"pdf-utils postproces start","meta":{"rootId":"k9hjcrk5mn8oofd","id":"k9hjcrk5mn8oofd"},"id":"nwdac3v0usto9w9","previousOperationId":"zf13su6g9rgpp65"}
{"type":"log","timestamp":1705589765853,"level":"debug","message":"pdf-utils postproces end","meta":{"rootId":"k9hjcrk5mn8oofd","id":"k9hjcrk5mn8oofd"},"id":"n6qxl73jw1fkq40","previousOperationId":"zf13su6g9rgpp65"}
{"type":"operationEnd","operationId":"ej54d6ou92v9ivr","timestamp":1705589765853,"id":"s2v0i3e2magp39q","previousEventId":"c1bepbcjgbkw26j","previousOperationId":"zf13su6g9rgpp65"}
{"type":"log","timestamp":1705589765853,"level":"info","message":"pdf-utils pdf processing was finished","meta":{"rootId":"k9hjcrk5mn8oofd","id":"k9hjcrk5mn8oofd"},"id":"uk7nn189if1i575","previousOperationId":"ej54d6ou92v9ivr"}
{"type":"log","timestamp":1705589765853,"level":"debug","message":"Skipping storing report.","meta":{"rootId":"k9hjcrk5mn8oofd","id":"k9hjcrk5mn8oofd"},"id":"d2vuqhq69uawalw","previousOperationId":"ej54d6ou92v9ivr"}
{"type":"log","timestamp":1705589765854,"level":"info","message":"Rendering request 16 finished in 920 ms","meta":{"rootId":"k9hjcrk5mn8oofd","id":"k9hjcrk5mn8oofd"},"id":"58sp8gbgcpinloi","previousOperationId":"ej54d6ou92v9ivr"}
{"type":"operationEnd","subtype":"render","operationId":"5f0km3s4eihww51","timestamp":1705589765854,"id":"433nsx3ozzpxd5t","previousEventId":"s2v0i3e2magp39q","previousOperationId":"ej54d6ou92v9ivr"}
{"type":"operationEnd","doDiffs":false,"previousEventId":"2g9opk6ityxmdio","previousOperationId":"9k2mov6n1c2e7b5","operationId":"9k2mov6n1c2e7b5","timestamp":1705589765873,"id":"6tb6xc9jhrtxnr7"}
