{"type":"operationStart","subtype":"profile","data":{"_id":"tfeJLDZYL03Ty6u2","timestamp":"2024-01-17T14:43:46.189Z","state":"queued","mode":"standard","creationDate":"2024-01-17T14:43:46.194Z","modificationDate":"2024-01-17T14:43:46.194Z","shortid":"B-WNmLq","$entitySet":"profiles"},"doDiffs":false,"timestamp":1705502626191,"id":"wddcyekz86t85a2","previousOperationId":null,"operationId":"91spofszyhnsm1z"}
{"type":"log","level":"info","message":"Render request 19 queued for execution and waiting for available worker","previousOperationId":"91spofszyhnsm1z","timestamp":1705502626192,"id":"nvi5sdhb0xdeiyo"}
{"type":"operationStart","subtype":"render","name":"orders-main","previousOperationId":"91spofszyhnsm1z","timestamp":1705502626210,"id":"ody2senk5scjhuv","previousEventId":"wddcyekz86t85a2","operationId":"ub9w8vs8g4ta4wm"}
{"type":"log","timestamp":1705502626210,"level":"info","message":"Starting rendering request 19","meta":{"rootId":"kiqrlm4h51dh09o","id":"kiqrlm4h51dh09o"},"id":"38ygl9sdzs1a4e2","previousOperationId":"ub9w8vs8g4ta4wm"}
{"type":"log","timestamp":1705502626211,"level":"info","message":"Rendering template { name: orders-main, recipe: chrome-pdf, engine: handlebars, preview: true }","meta":{"rootId":"kiqrlm4h51dh09o","id":"kiqrlm4h51dh09o"},"id":"yc7vxs6dauomp6c","previousOperationId":"ub9w8vs8g4ta4wm"}
{"type":"log","timestamp":1705502626213,"level":"debug","message":"Data item not defined for this template.","meta":{"rootId":"kiqrlm4h51dh09o","id":"kiqrlm4h51dh09o"},"id":"rhifqk9up09sujj","previousOperationId":"ub9w8vs8g4ta4wm"}
{"type":"log","timestamp":1705502626219,"level":"debug","message":"Executing script orders-script (beforeRender)","meta":{"rootId":"kiqrlm4h51dh09o","id":"kiqrlm4h51dh09o"},"id":"9ynjrah5k10zdtk","previousOperationId":"ub9w8vs8g4ta4wm"}
{"type":"operationStart","subtype":"scriptsBeforeRender","name":"scripts beforeRender","timestamp":1705502626261,"id":"b5muow9qgid0riz","previousEventId":"ody2senk5scjhuv","operationId":"e7025kz1hyidjdu","previousOperationId":"ub9w8vs8g4ta4wm"}
{"type":"operationStart","subtype":"script","name":"scripts orders-script","previousOperationId":"e7025kz1hyidjdu","timestamp":1705502626261,"id":"mz7w4h0obmjq9ef","previousEventId":"b5muow9qgid0riz","operationId":"tb1quknv08koew3"}
{"type":"operationEnd","operationId":"tb1quknv08koew3","timestamp":1705502626277,"id":"fyl6fn2dfy3899h","previousEventId":"ody2senk5scjhuv","previousOperationId":"ub9w8vs8g4ta4wm"}
{"type":"operationEnd","operationId":"e7025kz1hyidjdu","timestamp":1705502626278,"id":"eb14vu6e1lr7go1","previousEventId":"fyl6fn2dfy3899h","previousOperationId":"ub9w8vs8g4ta4wm"}
{"type":"log","timestamp":1705502626278,"level":"debug","message":"Base url not specified, skipping its injection.","meta":{"rootId":"kiqrlm4h51dh09o","id":"kiqrlm4h51dh09o"},"id":"07kcflszg6vwnb4","previousOperationId":"e7025kz1hyidjdu"}
{"type":"operationStart","subtype":"engine","name":"handlebars","timestamp":1705502626278,"id":"pm2uncp6n8s6b6f","previousEventId":"eb14vu6e1lr7go1","operationId":"k0103r2nst3ha2p","previousOperationId":"e7025kz1hyidjdu"}
{"type":"log","timestamp":1705502626278,"level":"debug","message":"Rendering engine handlebars","meta":{"rootId":"kiqrlm4h51dh09o","id":"kiqrlm4h51dh09o"},"id":"7v77axxyhb1xwzd","previousOperationId":"k0103r2nst3ha2p"}
{"type":"log","timestamp":1705502626299,"level":"debug","message":"(console:log) Pdf utils adding group field, value: \"Race1\"","meta":{"userLevel":true,"rootId":"kiqrlm4h51dh09o","id":"kiqrlm4h51dh09o"},"id":"jaa3sifmy6bzy8c","previousOperationId":"k0103r2nst3ha2p"}
{"type":"log","timestamp":1705502626299,"level":"debug","message":"(console:log) Pdf utils adding group field, value: \"Race2\"","meta":{"userLevel":true,"rootId":"kiqrlm4h51dh09o","id":"kiqrlm4h51dh09o"},"id":"euyw68niycmq89x","previousOperationId":"k0103r2nst3ha2p"}
{"type":"log","timestamp":1705502626299,"level":"debug","message":"(console:log) Pdf utils adding group field, value: \"rgver\"","meta":{"userLevel":true,"rootId":"kiqrlm4h51dh09o","id":"kiqrlm4h51dh09o"},"id":"2acoyquoi42bfz1","previousOperationId":"k0103r2nst3ha2p"}
{"type":"log","timestamp":1705502626299,"level":"debug","message":"(console:log) Pdf utils adding group field, value: \"revger\"","meta":{"userLevel":true,"rootId":"kiqrlm4h51dh09o","id":"kiqrlm4h51dh09o"},"id":"p19vr6yrv281x32","previousOperationId":"k0103r2nst3ha2p"}
{"type":"operationEnd","operationId":"k0103r2nst3ha2p","timestamp":1705502626300,"id":"k4qkc1lq3cnp76f","previousEventId":"pm2uncp6n8s6b6f","previousOperationId":"k0103r2nst3ha2p"}
{"type":"operationStart","subtype":"recipe","name":"chrome-pdf","timestamp":1705502626303,"id":"7yjzep3t9a8vqb3","previousEventId":"k4qkc1lq3cnp76f","operationId":"w7x7c8z570j2yu8","previousOperationId":"k0103r2nst3ha2p"}
{"type":"log","timestamp":1705502626303,"level":"debug","message":"Executing recipe chrome-pdf","meta":{"rootId":"kiqrlm4h51dh09o","id":"kiqrlm4h51dh09o"},"id":"3t21lkqfxa9qnri","previousOperationId":"w7x7c8z570j2yu8"}
{"type":"log","timestamp":1705502626995,"level":"debug","message":"Converting with chrome HeadlessChrome/117.0.5938.149 using chrome-pool strategy","meta":{"rootId":"kiqrlm4h51dh09o","id":"kiqrlm4h51dh09o"},"id":"7agq2yvs06g9dms","previousOperationId":"w7x7c8z570j2yu8"}
{"type":"log","timestamp":1705502627138,"level":"debug","message":"Page request: GET (document) file:///C:/Users/DANIEL~1/AppData/Local/Temp/jsreport/autocleanup/5733cfde-28ad-416f-8619-bb47bcf2f292-chrome-pdf.html","meta":{"rootId":"kiqrlm4h51dh09o","id":"kiqrlm4h51dh09o"},"id":"x9i4k4bicxvrtjj","previousOperationId":"w7x7c8z570j2yu8"}
{"type":"log","timestamp":1705502627207,"level":"debug","message":"Page request: GET (stylesheet) https://cdnjs.cloudflare.com/ajax/libs/metro/4.1.5/css/metro.min.css","meta":{"rootId":"kiqrlm4h51dh09o","id":"kiqrlm4h51dh09o"},"id":"c653jq9aybx81ty","previousOperationId":"w7x7c8z570j2yu8"}
{"type":"log","timestamp":1705502627207,"level":"debug","message":"Page request: GET (script) https://cdnjs.cloudflare.com/ajax/libs/Chart.js/2.7.2/Chart.min.js","meta":{"rootId":"kiqrlm4h51dh09o","id":"kiqrlm4h51dh09o"},"id":"poo614977h4rjas","previousOperationId":"w7x7c8z570j2yu8"}
{"type":"log","timestamp":1705502627208,"level":"debug","message":"Page request finished: GET (document) 200 file:///C:/Users/DANIEL~1/AppData/Local/Temp/jsreport/autocleanup/5733cfde-28ad-416f-8619-bb47bcf2f292-chrome-pdf.html","meta":{"rootId":"kiqrlm4h51dh09o","id":"kiqrlm4h51dh09o"},"id":"fei8jhim3h31t1l","previousOperationId":"w7x7c8z570j2yu8"}
{"type":"log","timestamp":1705502627449,"level":"debug","message":"Page request finished: GET (stylesheet) 200 https://cdnjs.cloudflare.com/ajax/libs/metro/4.1.5/css/metro.min.css","meta":{"rootId":"kiqrlm4h51dh09o","id":"kiqrlm4h51dh09o"},"id":"0o6qntke4jwc7tg","previousOperationId":"w7x7c8z570j2yu8"}
{"type":"log","timestamp":1705502627450,"level":"debug","message":"Page request finished: GET (script) 200 https://cdnjs.cloudflare.com/ajax/libs/Chart.js/2.7.2/Chart.min.js","meta":{"rootId":"kiqrlm4h51dh09o","id":"kiqrlm4h51dh09o"},"id":"0v835jw34mclxn6","previousOperationId":"w7x7c8z570j2yu8"}
{"type":"log","timestamp":1705502627464,"level":"warn","message":"Page error: \"undefined\" is not valid JSON\nJSON.parse (<anonymous>) , stack: SyntaxError: \"undefined\" is not valid JSON\nJSON.parse (<anonymous>)\n    at <anonymous> (file:///C:/Users/DANIEL~1/AppData/Local/Temp/jsreport/autocleanup/5733cfde-28ad-416f-8619-bb47bcf2f292-chrome-pdf.html:21:29)","meta":{"rootId":"kiqrlm4h51dh09o","id":"kiqrlm4h51dh09o"},"id":"idd3bqffqrd4gow","previousOperationId":"w7x7c8z570j2yu8"}
{"type":"log","timestamp":1705502627464,"level":"warn","message":"Page error: \"undefined\" is not valid JSON\nJSON.parse (<anonymous>) , stack: SyntaxError: \"undefined\" is not valid JSON\nJSON.parse (<anonymous>)\n    at <anonymous> (file:///C:/Users/DANIEL~1/AppData/Local/Temp/jsreport/autocleanup/5733cfde-28ad-416f-8619-bb47bcf2f292-chrome-pdf.html:64:29)","meta":{"rootId":"kiqrlm4h51dh09o","id":"kiqrlm4h51dh09o"},"id":"fgm7urv9hjphrov","previousOperationId":"w7x7c8z570j2yu8"}
{"type":"log","timestamp":1705502627464,"level":"warn","message":"Page error: \"undefined\" is not valid JSON\nJSON.parse (<anonymous>) , stack: SyntaxError: \"undefined\" is not valid JSON\nJSON.parse (<anonymous>)\n    at <anonymous> (file:///C:/Users/DANIEL~1/AppData/Local/Temp/jsreport/autocleanup/5733cfde-28ad-416f-8619-bb47bcf2f292-chrome-pdf.html:107:29)","meta":{"rootId":"kiqrlm4h51dh09o","id":"kiqrlm4h51dh09o"},"id":"w5xva4sp2fzfzpp","previousOperationId":"w7x7c8z570j2yu8"}
{"type":"log","timestamp":1705502627465,"level":"warn","message":"Page error: \"undefined\" is not valid JSON\nJSON.parse (<anonymous>) , stack: SyntaxError: \"undefined\" is not valid JSON\nJSON.parse (<anonymous>)\n    at <anonymous> (file:///C:/Users/DANIEL~1/AppData/Local/Temp/jsreport/autocleanup/5733cfde-28ad-416f-8619-bb47bcf2f292-chrome-pdf.html:150:29)","meta":{"rootId":"kiqrlm4h51dh09o","id":"kiqrlm4h51dh09o"},"id":"betai5a30pt3x4k","previousOperationId":"w7x7c8z570j2yu8"}
{"type":"log","timestamp":1705502627497,"level":"debug","message":"Running chrome with params {\"printBackground\":true,\"marginTop\":\"4cm\",\"marginRight\":\"1.5cm\",\"marginBottom\":\"1.5cm\",\"marginLeft\":\"1.5cm\",\"waitForJS\":false,\"timeout\":59440,\"margin\":{\"top\":\"4cm\",\"right\":\"1.5cm\",\"bottom\":\"1.5cm\",\"left\":\"1.5cm\"}}","meta":{"rootId":"kiqrlm4h51dh09o","id":"kiqrlm4h51dh09o"},"id":"emt9jtrs29y2so3","previousOperationId":"w7x7c8z570j2yu8"}
{"type":"operationEnd","operationId":"w7x7c8z570j2yu8","timestamp":1705502627574,"id":"j8xi7j56ga2m2fv","previousEventId":"7yjzep3t9a8vqb3","previousOperationId":"w7x7c8z570j2yu8"}
{"type":"log","timestamp":1705502627574,"level":"info","message":"pdf-utils is starting pdf processing","meta":{"rootId":"kiqrlm4h51dh09o","id":"kiqrlm4h51dh09o"},"id":"v6tyvk62ahju7nl","previousOperationId":"w7x7c8z570j2yu8"}
{"type":"operationStart","subtype":"pdfUtils","name":"pdf utils","timestamp":1705502627790,"id":"cnuiktak91wrrs7","previousEventId":"j8xi7j56ga2m2fv","operationId":"hn9g2zexep9y3mz","previousOperationId":"w7x7c8z570j2yu8"}
{"type":"log","timestamp":1705502627790,"level":"debug","message":"pdf-utils detected 1 pdf operation(s) to process","meta":{"rootId":"kiqrlm4h51dh09o","id":"kiqrlm4h51dh09o"},"id":"ws456mg2fr3w5th","previousOperationId":"hn9g2zexep9y3mz"}
{"type":"log","timestamp":1705502628033,"level":"debug","message":"pdf-utils running pdf operation merge","meta":{"rootId":"kiqrlm4h51dh09o","id":"kiqrlm4h51dh09o"},"id":"q7vfglbzxmb9jvd","previousOperationId":"hn9g2zexep9y3mz"}
{"type":"operationStart","subtype":"pdfUtilsMerge","name":"pdf utils merge","previousOperationId":"hn9g2zexep9y3mz","timestamp":1705502628033,"id":"f0op76osxqvddv9","previousEventId":"cnuiktak91wrrs7","operationId":"j3qjjonhvupf73w"}
{"type":"operationStart","subtype":"render","name":"orders-header","previousOperationId":"j3qjjonhvupf73w","timestamp":1705502628036,"id":"ar1s33yvrzwv888","previousEventId":"f0op76osxqvddv9","operationId":"no7gn6s8el9qj7n"}
{"type":"log","timestamp":1705502628036,"level":"info","message":"Starting rendering (child) request","meta":{"rootId":"kiqrlm4h51dh09o","id":"14m23ww3ji71dtl"},"id":"f9roilqurgm5xha","previousOperationId":"no7gn6s8el9qj7n"}
{"type":"log","timestamp":1705502628036,"level":"info","message":"Rendering template { name: orders-header, recipe: chrome-pdf, engine: handlebars, preview: true }","meta":{"rootId":"kiqrlm4h51dh09o","id":"14m23ww3ji71dtl"},"id":"ajtk9cvc1n2ucou","previousOperationId":"no7gn6s8el9qj7n"}
{"type":"log","timestamp":1705502628060,"level":"debug","message":"Inline data specified.","meta":{"rootId":"kiqrlm4h51dh09o","id":"14m23ww3ji71dtl"},"id":"6gcgr05wghrq9qm","previousOperationId":"no7gn6s8el9qj7n"}
{"type":"log","timestamp":1705502628064,"level":"debug","message":"Base url not specified, skipping its injection.","meta":{"rootId":"kiqrlm4h51dh09o","id":"14m23ww3ji71dtl"},"id":"eev473qf65y1g61","previousOperationId":"no7gn6s8el9qj7n"}
{"type":"operationStart","subtype":"engine","name":"handlebars","timestamp":1705502628064,"id":"9zzgo39nx38iclr","previousEventId":"ar1s33yvrzwv888","operationId":"1hecde6s8suq0bv","previousOperationId":"no7gn6s8el9qj7n"}
{"type":"log","timestamp":1705502628064,"level":"debug","message":"Rendering engine handlebars","meta":{"rootId":"kiqrlm4h51dh09o","id":"14m23ww3ji71dtl"},"id":"8ljxzgccu2ogh6v","previousOperationId":"1hecde6s8suq0bv"}
{"type":"operationEnd","operationId":"1hecde6s8suq0bv","timestamp":1705502628107,"id":"92ls9fpjm7kn4hb","previousEventId":"9zzgo39nx38iclr","previousOperationId":"1hecde6s8suq0bv"}
{"type":"operationStart","subtype":"recipe","name":"chrome-pdf","timestamp":1705502628108,"id":"t64ewi4txhg8f4p","previousEventId":"92ls9fpjm7kn4hb","operationId":"oc4bqxr96y98bv3","previousOperationId":"1hecde6s8suq0bv"}
{"type":"log","timestamp":1705502628108,"level":"debug","message":"Executing recipe chrome-pdf","meta":{"rootId":"kiqrlm4h51dh09o","id":"14m23ww3ji71dtl"},"id":"42aj121dgrc287l","previousOperationId":"oc4bqxr96y98bv3"}
{"type":"log","timestamp":1705502628113,"level":"debug","message":"Converting with chrome HeadlessChrome/117.0.5938.149 using chrome-pool strategy","meta":{"rootId":"kiqrlm4h51dh09o","id":"14m23ww3ji71dtl"},"id":"6astj9azq46jtdk","previousOperationId":"oc4bqxr96y98bv3"}
{"type":"log","timestamp":1705502628226,"level":"debug","message":"Page request: GET (document) file:///C:/Users/DANIEL~1/AppData/Local/Temp/jsreport/autocleanup/763f3e8b-e522-4e79-90c1-b3f4cbe55c6e-chrome-pdf.html","meta":{"rootId":"kiqrlm4h51dh09o","id":"14m23ww3ji71dtl"},"id":"vpugm3q5xpfsqb9","previousOperationId":"oc4bqxr96y98bv3"}
{"type":"log","timestamp":1705502628238,"level":"debug","message":"Page request: GET (stylesheet) https://cdnjs.cloudflare.com/ajax/libs/metro/4.1.5/css/metro.min.css","meta":{"rootId":"kiqrlm4h51dh09o","id":"14m23ww3ji71dtl"},"id":"i1t3pj3xb94tq73","previousOperationId":"oc4bqxr96y98bv3"}
{"type":"log","timestamp":1705502628238,"level":"debug","message":"Page request finished: GET (document) 200 file:///C:/Users/DANIEL~1/AppData/Local/Temp/jsreport/autocleanup/763f3e8b-e522-4e79-90c1-b3f4cbe55c6e-chrome-pdf.html","meta":{"rootId":"kiqrlm4h51dh09o","id":"14m23ww3ji71dtl"},"id":"r7w365h8gbue93r","previousOperationId":"oc4bqxr96y98bv3"}
{"type":"log","timestamp":1705502628257,"level":"debug","message":"Page request finished: GET (stylesheet) 200 https://cdnjs.cloudflare.com/ajax/libs/metro/4.1.5/css/metro.min.css","meta":{"rootId":"kiqrlm4h51dh09o","id":"14m23ww3ji71dtl"},"id":"a6jtmk0k7m7bnp4","previousOperationId":"oc4bqxr96y98bv3"}
{"type":"log","timestamp":1705502628280,"level":"debug","message":"Running chrome with params {\"printBackground\":true,\"marginTop\":\"1.5cm\",\"marginRight\":\"1.5cm\",\"marginLeft\":\"1.cm\",\"timeout\":58078,\"margin\":{\"top\":\"1.5cm\",\"right\":\"1.5cm\",\"left\":\"1.cm\"}}","meta":{"rootId":"kiqrlm4h51dh09o","id":"14m23ww3ji71dtl"},"id":"wl9g53kk1hcahk2","previousOperationId":"oc4bqxr96y98bv3"}
{"type":"operationEnd","operationId":"oc4bqxr96y98bv3","timestamp":1705502628324,"id":"qqc86kmwykv7r2a","previousEventId":"t64ewi4txhg8f4p","previousOperationId":"oc4bqxr96y98bv3"}
{"type":"log","timestamp":1705502628325,"level":"debug","message":"Skipping storing report.","meta":{"rootId":"kiqrlm4h51dh09o","id":"14m23ww3ji71dtl"},"id":"o1yhcqluq6unixh","previousOperationId":"oc4bqxr96y98bv3"}
{"type":"log","timestamp":1705502628325,"level":"info","message":"Rendering (child) request finished in 2136 ms","meta":{"rootId":"kiqrlm4h51dh09o","id":"14m23ww3ji71dtl"},"id":"d26ozs0wrakb6o5","previousOperationId":"oc4bqxr96y98bv3"}
{"type":"operationEnd","subtype":"render","operationId":"no7gn6s8el9qj7n","timestamp":1705502628325,"id":"etwoo8apbt8cm7j","previousEventId":"qqc86kmwykv7r2a","previousOperationId":"oc4bqxr96y98bv3"}
{"type":"operationEnd","operationId":"j3qjjonhvupf73w","timestamp":1705502628351,"id":"h3nfma34fomf7hl","previousEventId":"f0op76osxqvddv9","previousOperationId":"j3qjjonhvupf73w"}
{"type":"log","timestamp":1705502628351,"level":"debug","message":"pdf-utils postproces start","meta":{"rootId":"kiqrlm4h51dh09o","id":"kiqrlm4h51dh09o"},"id":"9050u4mcdo02t37","previousOperationId":"j3qjjonhvupf73w"}
{"type":"log","timestamp":1705502628369,"level":"debug","message":"pdf-utils postproces end","meta":{"rootId":"kiqrlm4h51dh09o","id":"kiqrlm4h51dh09o"},"id":"yyefte2zgvsrxln","previousOperationId":"j3qjjonhvupf73w"}
{"type":"operationEnd","operationId":"hn9g2zexep9y3mz","timestamp":1705502628369,"id":"jqojhzt0ho7co98","previousEventId":"h3nfma34fomf7hl","previousOperationId":"j3qjjonhvupf73w"}
{"type":"log","timestamp":1705502628369,"level":"info","message":"pdf-utils pdf processing was finished","meta":{"rootId":"kiqrlm4h51dh09o","id":"kiqrlm4h51dh09o"},"id":"3jnojsjf5yhtqek","previousOperationId":"hn9g2zexep9y3mz"}
{"type":"log","timestamp":1705502628369,"level":"debug","message":"Skipping storing report.","meta":{"rootId":"kiqrlm4h51dh09o","id":"kiqrlm4h51dh09o"},"id":"zy97khsmsusz3vj","previousOperationId":"hn9g2zexep9y3mz"}
{"type":"log","timestamp":1705502628369,"level":"info","message":"Rendering request 19 finished in 2180 ms","meta":{"rootId":"kiqrlm4h51dh09o","id":"kiqrlm4h51dh09o"},"id":"bo3m0uxb7slb93t","previousOperationId":"hn9g2zexep9y3mz"}
{"type":"operationEnd","subtype":"render","operationId":"ub9w8vs8g4ta4wm","timestamp":1705502628369,"id":"g3i1mpzp9637045","previousEventId":"jqojhzt0ho7co98","previousOperationId":"hn9g2zexep9y3mz"}
{"type":"operationEnd","doDiffs":false,"previousEventId":"wddcyekz86t85a2","previousOperationId":"91spofszyhnsm1z","operationId":"91spofszyhnsm1z","timestamp":1705502628392,"id":"x71x420ma7xmisv"}
