{"type":"operationStart","subtype":"profile","data":{"_id":"DKlPetNoPqNCTpQV","timestamp":"2024-01-17T14:52:09.219Z","state":"queued","mode":"standard","creationDate":"2024-01-17T14:52:09.223Z","modificationDate":"2024-01-17T14:52:09.223Z","shortid":"kK3YBAQ","$entitySet":"profiles"},"doDiffs":false,"timestamp":1705503129221,"id":"l2vycl5hxm2m2ne","previousOperationId":null,"operationId":"27uhpdp7hhfa6jt"}
{"type":"log","level":"info","message":"Render request 27 queued for execution and waiting for available worker","previousOperationId":"27uhpdp7hhfa6jt","timestamp":1705503129222,"id":"4sg3zo1pl4oweg6"}
{"type":"operationStart","subtype":"render","name":"orders-main","previousOperationId":"27uhpdp7hhfa6jt","timestamp":1705503129238,"id":"gjsxl77tk0mqado","previousEventId":"l2vycl5hxm2m2ne","operationId":"hdpr20xluxk1744"}
{"type":"log","timestamp":1705503129238,"level":"info","message":"Starting rendering request 27","meta":{"rootId":"kmoeomtw8u8t9g4","id":"kmoeomtw8u8t9g4"},"id":"90ochpdnan0mj0t","previousOperationId":"hdpr20xluxk1744"}
{"type":"log","timestamp":1705503129239,"level":"info","message":"Rendering template { name: orders-main, recipe: chrome-pdf, engine: handlebars, preview: true }","meta":{"rootId":"kmoeomtw8u8t9g4","id":"kmoeomtw8u8t9g4"},"id":"5l1rj9yvn2ebihd","previousOperationId":"hdpr20xluxk1744"}
{"type":"log","timestamp":1705503129244,"level":"debug","message":"Data item not defined for this template.","meta":{"rootId":"kmoeomtw8u8t9g4","id":"kmoeomtw8u8t9g4"},"id":"ua87wwizg02n79z","previousOperationId":"hdpr20xluxk1744"}
{"type":"log","timestamp":1705503129248,"level":"debug","message":"Executing script orders-script (beforeRender)","meta":{"rootId":"kmoeomtw8u8t9g4","id":"kmoeomtw8u8t9g4"},"id":"o5qjupamprrdd73","previousOperationId":"hdpr20xluxk1744"}
{"type":"operationStart","subtype":"scriptsBeforeRender","name":"scripts beforeRender","timestamp":1705503129263,"id":"eledayqp0mqv201","previousEventId":"gjsxl77tk0mqado","operationId":"6f11o0kwezoewvi","previousOperationId":"hdpr20xluxk1744"}
{"type":"operationStart","subtype":"script","name":"scripts orders-script","previousOperationId":"6f11o0kwezoewvi","timestamp":1705503129263,"id":"cv6wfkpbmpv10ry","previousEventId":"eledayqp0mqv201","operationId":"zosb4i2ewfn6wr3"}
{"type":"operationEnd","operationId":"zosb4i2ewfn6wr3","timestamp":1705503129281,"id":"tg7ezzf6d7eh9cs","previousEventId":"gjsxl77tk0mqado","previousOperationId":"hdpr20xluxk1744"}
{"type":"operationEnd","operationId":"6f11o0kwezoewvi","timestamp":1705503129281,"id":"qwqedvn5rzcgca4","previousEventId":"tg7ezzf6d7eh9cs","previousOperationId":"hdpr20xluxk1744"}
{"type":"log","timestamp":1705503129281,"level":"debug","message":"Base url not specified, skipping its injection.","meta":{"rootId":"kmoeomtw8u8t9g4","id":"kmoeomtw8u8t9g4"},"id":"r44w8svn78p0hhk","previousOperationId":"6f11o0kwezoewvi"}
{"type":"operationStart","subtype":"engine","name":"handlebars","timestamp":1705503129282,"id":"1crlmvqw8vow924","previousEventId":"qwqedvn5rzcgca4","operationId":"j0ylbtzk1r6h0kr","previousOperationId":"6f11o0kwezoewvi"}
{"type":"log","timestamp":1705503129282,"level":"debug","message":"Rendering engine handlebars","meta":{"rootId":"kmoeomtw8u8t9g4","id":"kmoeomtw8u8t9g4"},"id":"5od98hcijd4r20k","previousOperationId":"j0ylbtzk1r6h0kr"}
{"type":"log","timestamp":1705503129310,"level":"debug","message":"(console:log) Pdf utils adding group field, value: \"Race1\"","meta":{"userLevel":true,"rootId":"kmoeomtw8u8t9g4","id":"kmoeomtw8u8t9g4"},"id":"qk9ttq8msfiyq9j","previousOperationId":"j0ylbtzk1r6h0kr"}
{"type":"log","timestamp":1705503129310,"level":"debug","message":"(console:log) Pdf utils adding group field, value: \"Race2\"","meta":{"userLevel":true,"rootId":"kmoeomtw8u8t9g4","id":"kmoeomtw8u8t9g4"},"id":"rljokml4g4uytoz","previousOperationId":"j0ylbtzk1r6h0kr"}
{"type":"log","timestamp":1705503129310,"level":"debug","message":"(console:log) Pdf utils adding group field, value: \"rgver\"","meta":{"userLevel":true,"rootId":"kmoeomtw8u8t9g4","id":"kmoeomtw8u8t9g4"},"id":"t60nj5hlabjzz8z","previousOperationId":"j0ylbtzk1r6h0kr"}
{"type":"log","timestamp":1705503129310,"level":"debug","message":"(console:log) Pdf utils adding group field, value: \"revger\"","meta":{"userLevel":true,"rootId":"kmoeomtw8u8t9g4","id":"kmoeomtw8u8t9g4"},"id":"af83iod5sx6oyfi","previousOperationId":"j0ylbtzk1r6h0kr"}
{"type":"operationEnd","operationId":"j0ylbtzk1r6h0kr","timestamp":1705503129310,"id":"em6kuwvm5yte7my","previousEventId":"1crlmvqw8vow924","previousOperationId":"j0ylbtzk1r6h0kr"}
{"type":"operationStart","subtype":"recipe","name":"chrome-pdf","timestamp":1705503129310,"id":"wq70jl3e68dfrai","previousEventId":"em6kuwvm5yte7my","operationId":"uxubnutin1ru87w","previousOperationId":"j0ylbtzk1r6h0kr"}
{"type":"log","timestamp":1705503129310,"level":"debug","message":"Executing recipe chrome-pdf","meta":{"rootId":"kmoeomtw8u8t9g4","id":"kmoeomtw8u8t9g4"},"id":"rcwd0ozoeh42gyk","previousOperationId":"uxubnutin1ru87w"}
{"type":"log","timestamp":1705503129314,"level":"debug","message":"Converting with chrome HeadlessChrome/117.0.5938.149 using chrome-pool strategy","meta":{"rootId":"kmoeomtw8u8t9g4","id":"kmoeomtw8u8t9g4"},"id":"03n7vqk0hrcepvb","previousOperationId":"uxubnutin1ru87w"}
{"type":"log","timestamp":1705503129445,"level":"debug","message":"Page request: GET (document) file:///C:/Users/DANIEL~1/AppData/Local/Temp/jsreport/autocleanup/a385da74-f59c-43ef-b2b9-8778dbe70dba-chrome-pdf.html","meta":{"rootId":"kmoeomtw8u8t9g4","id":"kmoeomtw8u8t9g4"},"id":"d78p6fo6dzg3qud","previousOperationId":"uxubnutin1ru87w"}
{"type":"log","timestamp":1705503129470,"level":"debug","message":"Page request: GET (stylesheet) https://cdnjs.cloudflare.com/ajax/libs/metro/4.1.5/css/metro.min.css","meta":{"rootId":"kmoeomtw8u8t9g4","id":"kmoeomtw8u8t9g4"},"id":"dr4iveqy0i5vkbp","previousOperationId":"uxubnutin1ru87w"}
{"type":"log","timestamp":1705503129471,"level":"debug","message":"Page request finished: GET (document) 200 file:///C:/Users/DANIEL~1/AppData/Local/Temp/jsreport/autocleanup/a385da74-f59c-43ef-b2b9-8778dbe70dba-chrome-pdf.html","meta":{"rootId":"kmoeomtw8u8t9g4","id":"kmoeomtw8u8t9g4"},"id":"ft7w5snyhyvdznm","previousOperationId":"uxubnutin1ru87w"}
{"type":"log","timestamp":1705503129471,"level":"debug","message":"Page request: GET (script) https://cdnjs.cloudflare.com/ajax/libs/Chart.js/2.7.2/Chart.min.js","meta":{"rootId":"kmoeomtw8u8t9g4","id":"kmoeomtw8u8t9g4"},"id":"h0l9o12esx641yq","previousOperationId":"uxubnutin1ru87w"}
{"type":"log","timestamp":1705503129480,"level":"debug","message":"Page request finished: GET (script) 200 https://cdnjs.cloudflare.com/ajax/libs/Chart.js/2.7.2/Chart.min.js","meta":{"rootId":"kmoeomtw8u8t9g4","id":"kmoeomtw8u8t9g4"},"id":"a7rm4nkdwsojgkt","previousOperationId":"uxubnutin1ru87w"}
{"type":"log","timestamp":1705503129494,"level":"debug","message":"Page request finished: GET (stylesheet) 200 https://cdnjs.cloudflare.com/ajax/libs/metro/4.1.5/css/metro.min.css","meta":{"rootId":"kmoeomtw8u8t9g4","id":"kmoeomtw8u8t9g4"},"id":"1z088omqpob5r22","previousOperationId":"uxubnutin1ru87w"}
{"type":"log","timestamp":1705503129530,"level":"debug","message":"Running chrome with params {\"printBackground\":true,\"marginTop\":\"4cm\",\"marginRight\":\"1.5cm\",\"marginBottom\":\"1.5cm\",\"marginLeft\":\"1.5cm\",\"waitForJS\":false,\"timeout\":59906,\"margin\":{\"top\":\"4cm\",\"right\":\"1.5cm\",\"bottom\":\"1.5cm\",\"left\":\"1.5cm\"}}","meta":{"rootId":"kmoeomtw8u8t9g4","id":"kmoeomtw8u8t9g4"},"id":"16ts2h2bhw91v77","previousOperationId":"uxubnutin1ru87w"}
{"type":"operationEnd","operationId":"uxubnutin1ru87w","timestamp":1705503129621,"id":"73ja72plye1skou","previousEventId":"wq70jl3e68dfrai","previousOperationId":"uxubnutin1ru87w"}
{"type":"log","timestamp":1705503129621,"level":"info","message":"pdf-utils is starting pdf processing","meta":{"rootId":"kmoeomtw8u8t9g4","id":"kmoeomtw8u8t9g4"},"id":"mgini1b33crxy1w","previousOperationId":"uxubnutin1ru87w"}
{"type":"operationStart","subtype":"pdfUtils","name":"pdf utils","timestamp":1705503129621,"id":"eqrvxsdjyww6za5","previousEventId":"73ja72plye1skou","operationId":"98nle8uo5as1zih","previousOperationId":"uxubnutin1ru87w"}
{"type":"log","timestamp":1705503129621,"level":"debug","message":"pdf-utils detected 1 pdf operation(s) to process","meta":{"rootId":"kmoeomtw8u8t9g4","id":"kmoeomtw8u8t9g4"},"id":"ufgnptncu7oc1o7","previousOperationId":"98nle8uo5as1zih"}
{"type":"log","timestamp":1705503129643,"level":"debug","message":"pdf-utils running pdf operation merge","meta":{"rootId":"kmoeomtw8u8t9g4","id":"kmoeomtw8u8t9g4"},"id":"yzv23f7d46vf7ei","previousOperationId":"98nle8uo5as1zih"}
{"type":"operationStart","subtype":"pdfUtilsMerge","name":"pdf utils merge","previousOperationId":"98nle8uo5as1zih","timestamp":1705503129643,"id":"8519vujco9yfnnd","previousEventId":"eqrvxsdjyww6za5","operationId":"8ohaqks2hyduqvy"}
{"type":"operationStart","subtype":"render","name":"orders-header","previousOperationId":"8ohaqks2hyduqvy","timestamp":1705503129644,"id":"mhqr5mwa811dpf6","previousEventId":"8519vujco9yfnnd","operationId":"yyikxe5io3q2dx7"}
{"type":"log","timestamp":1705503129644,"level":"info","message":"Starting rendering (child) request","meta":{"rootId":"kmoeomtw8u8t9g4","id":"uqn4lnzlrsvy34c"},"id":"et7h95eios6kedw","previousOperationId":"yyikxe5io3q2dx7"}
{"type":"log","timestamp":1705503129644,"level":"info","message":"Rendering template { name: orders-header, recipe: chrome-pdf, engine: handlebars, preview: true }","meta":{"rootId":"kmoeomtw8u8t9g4","id":"uqn4lnzlrsvy34c"},"id":"nf8fsl3m1ekgjdx","previousOperationId":"yyikxe5io3q2dx7"}
{"type":"log","timestamp":1705503129646,"level":"debug","message":"Inline data specified.","meta":{"rootId":"kmoeomtw8u8t9g4","id":"uqn4lnzlrsvy34c"},"id":"okjnpli29jlwt4j","previousOperationId":"yyikxe5io3q2dx7"}
{"type":"log","timestamp":1705503129651,"level":"debug","message":"Base url not specified, skipping its injection.","meta":{"rootId":"kmoeomtw8u8t9g4","id":"uqn4lnzlrsvy34c"},"id":"0rknsrsxazl751h","previousOperationId":"yyikxe5io3q2dx7"}
{"type":"operationStart","subtype":"engine","name":"handlebars","timestamp":1705503129652,"id":"xwz8ndldj4s7df9","previousEventId":"mhqr5mwa811dpf6","operationId":"vrti8vvxhmncj7p","previousOperationId":"yyikxe5io3q2dx7"}
{"type":"log","timestamp":1705503129652,"level":"debug","message":"Rendering engine handlebars","meta":{"rootId":"kmoeomtw8u8t9g4","id":"uqn4lnzlrsvy34c"},"id":"owkyzc6rbg41k91","previousOperationId":"vrti8vvxhmncj7p"}
{"type":"operationEnd","operationId":"vrti8vvxhmncj7p","timestamp":1705503129686,"id":"7a92mhgyxpmdkmf","previousEventId":"xwz8ndldj4s7df9","previousOperationId":"vrti8vvxhmncj7p"}
{"type":"operationStart","subtype":"recipe","name":"chrome-pdf","timestamp":1705503129686,"id":"usuvd7mjob1mhdw","previousEventId":"7a92mhgyxpmdkmf","operationId":"y4ofpe477d0n8ht","previousOperationId":"vrti8vvxhmncj7p"}
{"type":"log","timestamp":1705503129686,"level":"debug","message":"Executing recipe chrome-pdf","meta":{"rootId":"kmoeomtw8u8t9g4","id":"uqn4lnzlrsvy34c"},"id":"lawv45g7y1bljka","previousOperationId":"y4ofpe477d0n8ht"}
{"type":"log","timestamp":1705503129691,"level":"debug","message":"Converting with chrome HeadlessChrome/117.0.5938.149 using chrome-pool strategy","meta":{"rootId":"kmoeomtw8u8t9g4","id":"uqn4lnzlrsvy34c"},"id":"y48d37ooa23ckxl","previousOperationId":"y4ofpe477d0n8ht"}
{"type":"log","timestamp":1705503129803,"level":"debug","message":"Page request: GET (document) file:///C:/Users/DANIEL~1/AppData/Local/Temp/jsreport/autocleanup/a68a7700-2ed8-49be-9ce9-b024b1a97e37-chrome-pdf.html","meta":{"rootId":"kmoeomtw8u8t9g4","id":"uqn4lnzlrsvy34c"},"id":"8o9s88tbm8lqbz8","previousOperationId":"y4ofpe477d0n8ht"}
{"type":"log","timestamp":1705503129818,"level":"debug","message":"Page request finished: GET (document) 200 file:///C:/Users/DANIEL~1/AppData/Local/Temp/jsreport/autocleanup/a68a7700-2ed8-49be-9ce9-b024b1a97e37-chrome-pdf.html","meta":{"rootId":"kmoeomtw8u8t9g4","id":"uqn4lnzlrsvy34c"},"id":"b3bebkv3f9k94hp","previousOperationId":"y4ofpe477d0n8ht"}
{"type":"log","timestamp":1705503129818,"level":"debug","message":"Page request: GET (stylesheet) https://cdnjs.cloudflare.com/ajax/libs/metro/4.1.5/css/metro.min.css","meta":{"rootId":"kmoeomtw8u8t9g4","id":"uqn4lnzlrsvy34c"},"id":"1beuic9g38vs89z","previousOperationId":"y4ofpe477d0n8ht"}
{"type":"log","timestamp":1705503129838,"level":"debug","message":"Page request finished: GET (stylesheet) 200 https://cdnjs.cloudflare.com/ajax/libs/metro/4.1.5/css/metro.min.css","meta":{"rootId":"kmoeomtw8u8t9g4","id":"uqn4lnzlrsvy34c"},"id":"fcwo9krwdg2enxr","previousOperationId":"y4ofpe477d0n8ht"}
{"type":"log","timestamp":1705503129856,"level":"debug","message":"Running chrome with params {\"printBackground\":true,\"marginTop\":\"1.5cm\",\"marginRight\":\"1.5cm\",\"marginLeft\":\"1.cm\",\"timeout\":59530,\"margin\":{\"top\":\"1.5cm\",\"right\":\"1.5cm\",\"left\":\"1.cm\"}}","meta":{"rootId":"kmoeomtw8u8t9g4","id":"uqn4lnzlrsvy34c"},"id":"en3h0qunau9gz04","previousOperationId":"y4ofpe477d0n8ht"}
{"type":"operationEnd","operationId":"y4ofpe477d0n8ht","timestamp":1705503129900,"id":"ual51k5m45auoc3","previousEventId":"usuvd7mjob1mhdw","previousOperationId":"y4ofpe477d0n8ht"}
{"type":"log","timestamp":1705503129900,"level":"debug","message":"Skipping storing report.","meta":{"rootId":"kmoeomtw8u8t9g4","id":"uqn4lnzlrsvy34c"},"id":"17exgis0djzc4tv","previousOperationId":"y4ofpe477d0n8ht"}
{"type":"log","timestamp":1705503129900,"level":"info","message":"Rendering (child) request finished in 681 ms","meta":{"rootId":"kmoeomtw8u8t9g4","id":"uqn4lnzlrsvy34c"},"id":"ocw85ruvuepmmn2","previousOperationId":"y4ofpe477d0n8ht"}
{"type":"operationEnd","subtype":"render","operationId":"yyikxe5io3q2dx7","timestamp":1705503129900,"id":"lbvvn06pjl60hz3","previousEventId":"ual51k5m45auoc3","previousOperationId":"y4ofpe477d0n8ht"}
{"type":"operationEnd","operationId":"8ohaqks2hyduqvy","timestamp":1705503129916,"id":"wqgtsp021fypox8","previousEventId":"8519vujco9yfnnd","previousOperationId":"8ohaqks2hyduqvy"}
{"type":"log","timestamp":1705503129916,"level":"debug","message":"pdf-utils postproces start","meta":{"rootId":"kmoeomtw8u8t9g4","id":"kmoeomtw8u8t9g4"},"id":"mqq22ytr63nti0n","previousOperationId":"8ohaqks2hyduqvy"}
{"type":"log","timestamp":1705503129931,"level":"debug","message":"pdf-utils postproces end","meta":{"rootId":"kmoeomtw8u8t9g4","id":"kmoeomtw8u8t9g4"},"id":"mql4k7fnw1bqdd8","previousOperationId":"8ohaqks2hyduqvy"}
{"type":"operationEnd","operationId":"98nle8uo5as1zih","timestamp":1705503129931,"id":"aazph0bkwkq89zk","previousEventId":"wqgtsp021fypox8","previousOperationId":"8ohaqks2hyduqvy"}
{"type":"log","timestamp":1705503129931,"level":"info","message":"pdf-utils pdf processing was finished","meta":{"rootId":"kmoeomtw8u8t9g4","id":"kmoeomtw8u8t9g4"},"id":"gikdvcqfzcjqn0b","previousOperationId":"98nle8uo5as1zih"}
{"type":"log","timestamp":1705503129931,"level":"debug","message":"Skipping storing report.","meta":{"rootId":"kmoeomtw8u8t9g4","id":"kmoeomtw8u8t9g4"},"id":"175ub9fa6576hiw","previousOperationId":"98nle8uo5as1zih"}
{"type":"log","timestamp":1705503129931,"level":"info","message":"Rendering request 27 finished in 712 ms","meta":{"rootId":"kmoeomtw8u8t9g4","id":"kmoeomtw8u8t9g4"},"id":"9p8cw02752v4ihd","previousOperationId":"98nle8uo5as1zih"}
{"type":"operationEnd","subtype":"render","operationId":"hdpr20xluxk1744","timestamp":1705503129931,"id":"cjlparuec6votya","previousEventId":"aazph0bkwkq89zk","previousOperationId":"98nle8uo5as1zih"}
{"type":"operationEnd","doDiffs":false,"previousEventId":"l2vycl5hxm2m2ne","previousOperationId":"27uhpdp7hhfa6jt","operationId":"27uhpdp7hhfa6jt","timestamp":1705503129949,"id":"52oi0qxjmdpkihn"}
