{"type":"operationStart","subtype":"profile","data":{"_id":"4ZkaaRtrkeDhUgWO","timestamp":"2024-01-17T14:44:19.517Z","state":"queued","mode":"standard","creationDate":"2024-01-17T14:44:19.521Z","modificationDate":"2024-01-17T14:44:19.521Z","shortid":"Tn-n7jA","$entitySet":"profiles"},"doDiffs":false,"timestamp":1705502659520,"id":"kja9oi0pqxj80gj","previousOperationId":null,"operationId":"ipumcnsa2ne0b9x"}
{"type":"log","level":"info","message":"Render request 20 queued for execution and waiting for available worker","previousOperationId":"ipumcnsa2ne0b9x","timestamp":1705502659520,"id":"k17hk036xm9pben"}
{"type":"operationStart","subtype":"render","name":"orders-main","previousOperationId":"ipumcnsa2ne0b9x","timestamp":1705502659539,"id":"b2oxodqe3l2um1q","previousEventId":"kja9oi0pqxj80gj","operationId":"lxvsuwponzu6lew"}
{"type":"log","timestamp":1705502659539,"level":"info","message":"Starting rendering request 20","meta":{"rootId":"kroujh2gzpm85i3","id":"kroujh2gzpm85i3"},"id":"c330v4o8w2cgxzd","previousOperationId":"lxvsuwponzu6lew"}
{"type":"log","timestamp":1705502659539,"level":"info","message":"Rendering template { name: orders-main, recipe: chrome-pdf, engine: handlebars, preview: true }","meta":{"rootId":"kroujh2gzpm85i3","id":"kroujh2gzpm85i3"},"id":"cftcr45979jxfhs","previousOperationId":"lxvsuwponzu6lew"}
{"type":"log","timestamp":1705502659541,"level":"debug","message":"Data item not defined for this template.","meta":{"rootId":"kroujh2gzpm85i3","id":"kroujh2gzpm85i3"},"id":"jq74ljyy4cfwzia","previousOperationId":"lxvsuwponzu6lew"}
{"type":"log","timestamp":1705502659545,"level":"debug","message":"Executing script orders-script (beforeRender)","meta":{"rootId":"kroujh2gzpm85i3","id":"kroujh2gzpm85i3"},"id":"5js68mlt2rbvtor","previousOperationId":"lxvsuwponzu6lew"}
{"type":"operationStart","subtype":"scriptsBeforeRender","name":"scripts beforeRender","timestamp":1705502659582,"id":"5zy2nx7148g5k2m","previousEventId":"b2oxodqe3l2um1q","operationId":"sjuv6kiaylh44f4","previousOperationId":"lxvsuwponzu6lew"}
{"type":"operationStart","subtype":"script","name":"scripts orders-script","previousOperationId":"sjuv6kiaylh44f4","timestamp":1705502659583,"id":"2u20cl2ctrzdnd1","previousEventId":"5zy2nx7148g5k2m","operationId":"eg82lr3lsm0tdka"}
{"type":"operationEnd","operationId":"eg82lr3lsm0tdka","timestamp":1705502659604,"id":"bndbebcw3gfsvun","previousEventId":"b2oxodqe3l2um1q","previousOperationId":"lxvsuwponzu6lew"}
{"type":"operationEnd","operationId":"sjuv6kiaylh44f4","timestamp":1705502659604,"id":"io9qqh0ydtbrw3h","previousEventId":"bndbebcw3gfsvun","previousOperationId":"lxvsuwponzu6lew"}
{"type":"log","timestamp":1705502659604,"level":"debug","message":"Base url not specified, skipping its injection.","meta":{"rootId":"kroujh2gzpm85i3","id":"kroujh2gzpm85i3"},"id":"htjj8xov5yg7oo7","previousOperationId":"sjuv6kiaylh44f4"}
{"type":"operationStart","subtype":"engine","name":"handlebars","timestamp":1705502659605,"id":"rz0y8on4bt17xce","previousEventId":"io9qqh0ydtbrw3h","operationId":"9omihjm3x35xlo4","previousOperationId":"sjuv6kiaylh44f4"}
{"type":"log","timestamp":1705502659605,"level":"debug","message":"Rendering engine handlebars","meta":{"rootId":"kroujh2gzpm85i3","id":"kroujh2gzpm85i3"},"id":"kwt7awt9w9lsg3m","previousOperationId":"9omihjm3x35xlo4"}
{"type":"log","timestamp":1705502659634,"level":"debug","message":"(console:log) Pdf utils adding group field, value: \"Race1\"","meta":{"userLevel":true,"rootId":"kroujh2gzpm85i3","id":"kroujh2gzpm85i3"},"id":"i6ki757hagz68zl","previousOperationId":"9omihjm3x35xlo4"}
{"type":"log","timestamp":1705502659634,"level":"debug","message":"(console:log) Pdf utils adding group field, value: \"Race2\"","meta":{"userLevel":true,"rootId":"kroujh2gzpm85i3","id":"kroujh2gzpm85i3"},"id":"3s2kyou58ccuwr2","previousOperationId":"9omihjm3x35xlo4"}
{"type":"log","timestamp":1705502659635,"level":"debug","message":"(console:log) Pdf utils adding group field, value: \"rgver\"","meta":{"userLevel":true,"rootId":"kroujh2gzpm85i3","id":"kroujh2gzpm85i3"},"id":"y2beqfu7h40krla","previousOperationId":"9omihjm3x35xlo4"}
{"type":"log","timestamp":1705502659635,"level":"debug","message":"(console:log) Pdf utils adding group field, value: \"revger\"","meta":{"userLevel":true,"rootId":"kroujh2gzpm85i3","id":"kroujh2gzpm85i3"},"id":"mf9cfm2mdyojnq1","previousOperationId":"9omihjm3x35xlo4"}
{"type":"operationEnd","operationId":"9omihjm3x35xlo4","timestamp":1705502659635,"id":"kh2t7o587i84sdj","previousEventId":"rz0y8on4bt17xce","previousOperationId":"9omihjm3x35xlo4"}
{"type":"operationStart","subtype":"recipe","name":"chrome-pdf","timestamp":1705502659635,"id":"ej0xu1yx4fpdo14","previousEventId":"kh2t7o587i84sdj","operationId":"on7kmg3x2y3zihw","previousOperationId":"9omihjm3x35xlo4"}
{"type":"log","timestamp":1705502659635,"level":"debug","message":"Executing recipe chrome-pdf","meta":{"rootId":"kroujh2gzpm85i3","id":"kroujh2gzpm85i3"},"id":"fuctouaykt080v6","previousOperationId":"on7kmg3x2y3zihw"}
{"type":"log","timestamp":1705502659640,"level":"debug","message":"Converting with chrome HeadlessChrome/117.0.5938.149 using chrome-pool strategy","meta":{"rootId":"kroujh2gzpm85i3","id":"kroujh2gzpm85i3"},"id":"vlwv2gjnp4tlmtg","previousOperationId":"on7kmg3x2y3zihw"}
{"type":"log","timestamp":1705502659763,"level":"debug","message":"Page request: GET (document) file:///C:/Users/DANIEL~1/AppData/Local/Temp/jsreport/autocleanup/704d2a8e-f9e9-4d2c-9bd2-f3b1f30614b4-chrome-pdf.html","meta":{"rootId":"kroujh2gzpm85i3","id":"kroujh2gzpm85i3"},"id":"ag587lcoeiku6fb","previousOperationId":"on7kmg3x2y3zihw"}
{"type":"log","timestamp":1705502659787,"level":"debug","message":"Page request: GET (stylesheet) https://cdnjs.cloudflare.com/ajax/libs/metro/4.1.5/css/metro.min.css","meta":{"rootId":"kroujh2gzpm85i3","id":"kroujh2gzpm85i3"},"id":"fksf3rplcm8d55f","previousOperationId":"on7kmg3x2y3zihw"}
{"type":"log","timestamp":1705502659788,"level":"debug","message":"Page request: GET (script) https://cdnjs.cloudflare.com/ajax/libs/Chart.js/2.7.2/Chart.min.js","meta":{"rootId":"kroujh2gzpm85i3","id":"kroujh2gzpm85i3"},"id":"oeaspdqi29x0urk","previousOperationId":"on7kmg3x2y3zihw"}
{"type":"log","timestamp":1705502659789,"level":"debug","message":"Page request finished: GET (document) 200 file:///C:/Users/DANIEL~1/AppData/Local/Temp/jsreport/autocleanup/704d2a8e-f9e9-4d2c-9bd2-f3b1f30614b4-chrome-pdf.html","meta":{"rootId":"kroujh2gzpm85i3","id":"kroujh2gzpm85i3"},"id":"a0z21hk5enfot0u","previousOperationId":"on7kmg3x2y3zihw"}
{"type":"log","timestamp":1705502659798,"level":"debug","message":"Page request finished: GET (script) 200 https://cdnjs.cloudflare.com/ajax/libs/Chart.js/2.7.2/Chart.min.js","meta":{"rootId":"kroujh2gzpm85i3","id":"kroujh2gzpm85i3"},"id":"0mvxeq0w76qqmwt","previousOperationId":"on7kmg3x2y3zihw"}
{"type":"log","timestamp":1705502659811,"level":"debug","message":"Page request finished: GET (stylesheet) 200 https://cdnjs.cloudflare.com/ajax/libs/metro/4.1.5/css/metro.min.css","meta":{"rootId":"kroujh2gzpm85i3","id":"kroujh2gzpm85i3"},"id":"3gn9hj44pcywdjx","previousOperationId":"on7kmg3x2y3zihw"}
{"type":"log","timestamp":1705502659838,"level":"debug","message":"Running chrome with params {\"printBackground\":true,\"marginTop\":\"4cm\",\"marginRight\":\"1.5cm\",\"marginBottom\":\"1.5cm\",\"marginLeft\":\"1.5cm\",\"waitForJS\":false,\"timeout\":59879,\"margin\":{\"top\":\"4cm\",\"right\":\"1.5cm\",\"bottom\":\"1.5cm\",\"left\":\"1.5cm\"}}","meta":{"rootId":"kroujh2gzpm85i3","id":"kroujh2gzpm85i3"},"id":"kwdrq9zrkos0rp2","previousOperationId":"on7kmg3x2y3zihw"}
{"type":"operationEnd","operationId":"on7kmg3x2y3zihw","timestamp":1705502659918,"id":"mspeetoov5amigz","previousEventId":"ej0xu1yx4fpdo14","previousOperationId":"on7kmg3x2y3zihw"}
{"type":"log","timestamp":1705502659918,"level":"info","message":"pdf-utils is starting pdf processing","meta":{"rootId":"kroujh2gzpm85i3","id":"kroujh2gzpm85i3"},"id":"orwd93a138ox1ph","previousOperationId":"on7kmg3x2y3zihw"}
{"type":"operationStart","subtype":"pdfUtils","name":"pdf utils","timestamp":1705502659918,"id":"wg5w554q1a91pme","previousEventId":"mspeetoov5amigz","operationId":"8w71ayop44kbhd5","previousOperationId":"on7kmg3x2y3zihw"}
{"type":"log","timestamp":1705502659918,"level":"debug","message":"pdf-utils detected 1 pdf operation(s) to process","meta":{"rootId":"kroujh2gzpm85i3","id":"kroujh2gzpm85i3"},"id":"h4fmzkvbs65t0ta","previousOperationId":"8w71ayop44kbhd5"}
{"type":"log","timestamp":1705502659948,"level":"debug","message":"pdf-utils running pdf operation merge","meta":{"rootId":"kroujh2gzpm85i3","id":"kroujh2gzpm85i3"},"id":"56pg5se5dekiu3w","previousOperationId":"8w71ayop44kbhd5"}
{"type":"operationStart","subtype":"pdfUtilsMerge","name":"pdf utils merge","previousOperationId":"8w71ayop44kbhd5","timestamp":1705502659948,"id":"ijk3xovytlunri1","previousEventId":"wg5w554q1a91pme","operationId":"mmvlrqgyyh7ex30"}
{"type":"operationStart","subtype":"render","name":"orders-header","previousOperationId":"mmvlrqgyyh7ex30","timestamp":1705502659950,"id":"v1eezpsh8uksx89","previousEventId":"ijk3xovytlunri1","operationId":"ijlij1mndbxsg29"}
{"type":"log","timestamp":1705502659950,"level":"info","message":"Starting rendering (child) request","meta":{"rootId":"kroujh2gzpm85i3","id":"ticsebqmegholeq"},"id":"b3u0jp1vueh8ung","previousOperationId":"ijlij1mndbxsg29"}
{"type":"log","timestamp":1705502659950,"level":"info","message":"Rendering template { name: orders-header, recipe: chrome-pdf, engine: handlebars, preview: true }","meta":{"rootId":"kroujh2gzpm85i3","id":"ticsebqmegholeq"},"id":"y1f841wkj174nr1","previousOperationId":"ijlij1mndbxsg29"}
{"type":"log","timestamp":1705502659967,"level":"debug","message":"Inline data specified.","meta":{"rootId":"kroujh2gzpm85i3","id":"ticsebqmegholeq"},"id":"nqj8u5wtheimym7","previousOperationId":"ijlij1mndbxsg29"}
{"type":"log","timestamp":1705502659972,"level":"debug","message":"Base url not specified, skipping its injection.","meta":{"rootId":"kroujh2gzpm85i3","id":"ticsebqmegholeq"},"id":"fbhjzs32n70c46s","previousOperationId":"ijlij1mndbxsg29"}
{"type":"operationStart","subtype":"engine","name":"handlebars","timestamp":1705502659972,"id":"5dk5r3bvm9nlb4b","previousEventId":"v1eezpsh8uksx89","operationId":"w7uqxdvuqor4j0c","previousOperationId":"ijlij1mndbxsg29"}
{"type":"log","timestamp":1705502659972,"level":"debug","message":"Rendering engine handlebars","meta":{"rootId":"kroujh2gzpm85i3","id":"ticsebqmegholeq"},"id":"0fh9eqwzavz4n53","previousOperationId":"w7uqxdvuqor4j0c"}
{"type":"operationEnd","operationId":"w7uqxdvuqor4j0c","timestamp":1705502660000,"id":"y3yswg9pvoxazzi","previousEventId":"5dk5r3bvm9nlb4b","previousOperationId":"w7uqxdvuqor4j0c"}
{"type":"operationStart","subtype":"recipe","name":"chrome-pdf","timestamp":1705502660001,"id":"pz03z78a8qg72br","previousEventId":"y3yswg9pvoxazzi","operationId":"b5hh1igffg420ko","previousOperationId":"w7uqxdvuqor4j0c"}
{"type":"log","timestamp":1705502660001,"level":"debug","message":"Executing recipe chrome-pdf","meta":{"rootId":"kroujh2gzpm85i3","id":"ticsebqmegholeq"},"id":"r9jcnzt0773ncsb","previousOperationId":"b5hh1igffg420ko"}
{"type":"log","timestamp":1705502660004,"level":"debug","message":"Converting with chrome HeadlessChrome/117.0.5938.149 using chrome-pool strategy","meta":{"rootId":"kroujh2gzpm85i3","id":"ticsebqmegholeq"},"id":"17hetdyp3uz4ns1","previousOperationId":"b5hh1igffg420ko"}
{"type":"log","timestamp":1705502660130,"level":"debug","message":"Page request: GET (document) file:///C:/Users/DANIEL~1/AppData/Local/Temp/jsreport/autocleanup/82fe9bf1-3a2c-4023-a6f5-bc39b28ad172-chrome-pdf.html","meta":{"rootId":"kroujh2gzpm85i3","id":"ticsebqmegholeq"},"id":"ol2rpjtcray2v66","previousOperationId":"b5hh1igffg420ko"}
{"type":"log","timestamp":1705502660147,"level":"debug","message":"Page request finished: GET (document) 200 file:///C:/Users/DANIEL~1/AppData/Local/Temp/jsreport/autocleanup/82fe9bf1-3a2c-4023-a6f5-bc39b28ad172-chrome-pdf.html","meta":{"rootId":"kroujh2gzpm85i3","id":"ticsebqmegholeq"},"id":"zbrykholb3ck23z","previousOperationId":"b5hh1igffg420ko"}
{"type":"log","timestamp":1705502660147,"level":"debug","message":"Page request: GET (stylesheet) https://cdnjs.cloudflare.com/ajax/libs/metro/4.1.5/css/metro.min.css","meta":{"rootId":"kroujh2gzpm85i3","id":"ticsebqmegholeq"},"id":"or1hafsinn5i99z","previousOperationId":"b5hh1igffg420ko"}
{"type":"log","timestamp":1705502660172,"level":"debug","message":"Page request finished: GET (stylesheet) 200 https://cdnjs.cloudflare.com/ajax/libs/metro/4.1.5/css/metro.min.css","meta":{"rootId":"kroujh2gzpm85i3","id":"ticsebqmegholeq"},"id":"myr0ecty1zj33lw","previousOperationId":"b5hh1igffg420ko"}
{"type":"log","timestamp":1705502660201,"level":"debug","message":"Running chrome with params {\"printBackground\":true,\"marginTop\":\"1.5cm\",\"marginRight\":\"1.5cm\",\"marginLeft\":\"1.cm\",\"timeout\":59514,\"margin\":{\"top\":\"1.5cm\",\"right\":\"1.5cm\",\"left\":\"1.cm\"}}","meta":{"rootId":"kroujh2gzpm85i3","id":"ticsebqmegholeq"},"id":"o6skz8rpp3qrwaq","previousOperationId":"b5hh1igffg420ko"}
{"type":"operationEnd","operationId":"b5hh1igffg420ko","timestamp":1705502660249,"id":"v7xwsraocdv53f4","previousEventId":"pz03z78a8qg72br","previousOperationId":"b5hh1igffg420ko"}
{"type":"log","timestamp":1705502660249,"level":"debug","message":"Skipping storing report.","meta":{"rootId":"kroujh2gzpm85i3","id":"ticsebqmegholeq"},"id":"os3mlu6ymgc6azu","previousOperationId":"b5hh1igffg420ko"}
{"type":"log","timestamp":1705502660249,"level":"info","message":"Rendering (child) request finished in 732 ms","meta":{"rootId":"kroujh2gzpm85i3","id":"ticsebqmegholeq"},"id":"pkchl8l2z1uepzj","previousOperationId":"b5hh1igffg420ko"}
{"type":"operationEnd","subtype":"render","operationId":"ijlij1mndbxsg29","timestamp":1705502660249,"id":"kcm31w83w8vrrab","previousEventId":"v7xwsraocdv53f4","previousOperationId":"b5hh1igffg420ko"}
{"type":"operationEnd","operationId":"mmvlrqgyyh7ex30","timestamp":1705502660266,"id":"47hs44mlma7q99h","previousEventId":"ijk3xovytlunri1","previousOperationId":"mmvlrqgyyh7ex30"}
{"type":"log","timestamp":1705502660266,"level":"debug","message":"pdf-utils postproces start","meta":{"rootId":"kroujh2gzpm85i3","id":"kroujh2gzpm85i3"},"id":"dxt6gqupwqjehb5","previousOperationId":"mmvlrqgyyh7ex30"}
{"type":"log","timestamp":1705502660286,"level":"debug","message":"pdf-utils postproces end","meta":{"rootId":"kroujh2gzpm85i3","id":"kroujh2gzpm85i3"},"id":"nb0ie60croj8ggy","previousOperationId":"mmvlrqgyyh7ex30"}
{"type":"operationEnd","operationId":"8w71ayop44kbhd5","timestamp":1705502660286,"id":"nh65preiemrj1eu","previousEventId":"47hs44mlma7q99h","previousOperationId":"mmvlrqgyyh7ex30"}
{"type":"log","timestamp":1705502660286,"level":"info","message":"pdf-utils pdf processing was finished","meta":{"rootId":"kroujh2gzpm85i3","id":"kroujh2gzpm85i3"},"id":"atki2ip62nj1eyf","previousOperationId":"8w71ayop44kbhd5"}
{"type":"log","timestamp":1705502660286,"level":"debug","message":"Skipping storing report.","meta":{"rootId":"kroujh2gzpm85i3","id":"kroujh2gzpm85i3"},"id":"o77s4nj8wscl9hh","previousOperationId":"8w71ayop44kbhd5"}
{"type":"log","timestamp":1705502660286,"level":"info","message":"Rendering request 20 finished in 769 ms","meta":{"rootId":"kroujh2gzpm85i3","id":"kroujh2gzpm85i3"},"id":"r2iiozk8eh5qxs5","previousOperationId":"8w71ayop44kbhd5"}
{"type":"operationEnd","subtype":"render","operationId":"lxvsuwponzu6lew","timestamp":1705502660286,"id":"9g4gq0u8cxxeo0e","previousEventId":"nh65preiemrj1eu","previousOperationId":"8w71ayop44kbhd5"}
{"type":"operationEnd","doDiffs":false,"previousEventId":"kja9oi0pqxj80gj","previousOperationId":"ipumcnsa2ne0b9x","operationId":"ipumcnsa2ne0b9x","timestamp":1705502660329,"id":"2u44fgbylur1us9"}
