{"type":"operationStart","subtype":"profile","data":{"_id":"U15nRbD9Yh9JZmzk","timestamp":"2024-01-18T17:24:20.970Z","state":"queued","mode":"standard","creationDate":"2024-01-18T17:24:20.972Z","modificationDate":"2024-01-18T17:24:20.972Z","shortid":"IAt6mWP","$entitySet":"profiles"},"doDiffs":false,"timestamp":1705598660971,"id":"ugfb9d8jdt1xw2w","previousOperationId":null,"operationId":"mqn1s46owgcj01d"}
{"type":"log","level":"info","message":"Render request 4 queued for execution and waiting for available worker","previousOperationId":"mqn1s46owgcj01d","timestamp":1705598660971,"id":"g5k3ag2ptb0tm1j"}
{"type":"operationStart","subtype":"render","name":"orders-main","previousOperationId":"mqn1s46owgcj01d","timestamp":1705598660976,"id":"dmuhiknz6r54ps2","previousEventId":"ugfb9d8jdt1xw2w","operationId":"vq3a25pgm5j1ngu"}
{"type":"log","timestamp":1705598660976,"level":"info","message":"Starting rendering request 4","meta":{"rootId":"l46xgt1e5tp4eur","id":"l46xgt1e5tp4eur"},"id":"bliryf6qzsr654w","previousOperationId":"vq3a25pgm5j1ngu"}
{"type":"log","timestamp":1705598660976,"level":"info","message":"Rendering template { name: orders-main, recipe: chrome-pdf, engine: handlebars, preview: true }","meta":{"rootId":"l46xgt1e5tp4eur","id":"l46xgt1e5tp4eur"},"id":"7gmvuhw1k3tjhkm","previousOperationId":"vq3a25pgm5j1ngu"}
{"type":"log","timestamp":1705598660977,"level":"debug","message":"Data item not defined for this template.","meta":{"rootId":"l46xgt1e5tp4eur","id":"l46xgt1e5tp4eur"},"id":"ey90qjg1ddywbbd","previousOperationId":"vq3a25pgm5j1ngu"}
{"type":"log","timestamp":1705598660979,"level":"debug","message":"Executing script orders-script (beforeRender)","meta":{"rootId":"l46xgt1e5tp4eur","id":"l46xgt1e5tp4eur"},"id":"6d2tnd87eb57xft","previousOperationId":"vq3a25pgm5j1ngu"}
{"type":"operationStart","subtype":"scriptsBeforeRender","name":"scripts beforeRender","timestamp":1705598660996,"id":"68st4g4c5orm4om","previousEventId":"dmuhiknz6r54ps2","operationId":"9e6zeepi3jr303d","previousOperationId":"vq3a25pgm5j1ngu"}
{"type":"operationStart","subtype":"script","name":"scripts orders-script","previousOperationId":"9e6zeepi3jr303d","timestamp":1705598660996,"id":"wuajpkcs5z2sxb3","previousEventId":"68st4g4c5orm4om","operationId":"qqrd3z89ibr7ico"}
{"type":"log","timestamp":1705598661014,"level":"debug","message":"(console:log) [ 'Race1', 'Race2' ]","meta":{"userLevel":true,"rootId":"l46xgt1e5tp4eur","id":"l46xgt1e5tp4eur"},"id":"6119x5lv5ate1ux","previousOperationId":"qqrd3z89ibr7ico"}
{"type":"log","timestamp":1705598661014,"level":"debug","message":"(console:log) [ 2, 1 ]","meta":{"userLevel":true,"rootId":"l46xgt1e5tp4eur","id":"l46xgt1e5tp4eur"},"id":"w533v460sv47b1k","previousOperationId":"qqrd3z89ibr7ico"}
{"type":"operationEnd","operationId":"qqrd3z89ibr7ico","timestamp":1705598661014,"id":"44rvocmv4zakac8","previousEventId":"dmuhiknz6r54ps2","previousOperationId":"vq3a25pgm5j1ngu"}
{"type":"operationEnd","operationId":"9e6zeepi3jr303d","timestamp":1705598661015,"id":"0jnb3taf37n75cz","previousEventId":"44rvocmv4zakac8","previousOperationId":"vq3a25pgm5j1ngu"}
{"type":"log","timestamp":1705598661015,"level":"debug","message":"Base url not specified, skipping its injection.","meta":{"rootId":"l46xgt1e5tp4eur","id":"l46xgt1e5tp4eur"},"id":"ct4hwmqs4hgqq45","previousOperationId":"9e6zeepi3jr303d"}
{"type":"operationStart","subtype":"engine","name":"handlebars","timestamp":1705598661015,"id":"dkmm2lqqvbovm1u","previousEventId":"0jnb3taf37n75cz","operationId":"wvjq6g14jsufeu0","previousOperationId":"9e6zeepi3jr303d"}
{"type":"log","timestamp":1705598661015,"level":"debug","message":"Rendering engine handlebars","meta":{"rootId":"l46xgt1e5tp4eur","id":"l46xgt1e5tp4eur"},"id":"9t3wjegwd4a9a09","previousOperationId":"wvjq6g14jsufeu0"}
{"type":"log","timestamp":1705598661029,"level":"debug","message":"(console:log) Pdf utils adding group field, value: \"Race1\"","meta":{"userLevel":true,"rootId":"l46xgt1e5tp4eur","id":"l46xgt1e5tp4eur"},"id":"9z7a4szkyrbx0xq","previousOperationId":"wvjq6g14jsufeu0"}
{"type":"log","timestamp":1705598661029,"level":"debug","message":"(console:log) Pdf utils adding group field, value: \"Race2\"","meta":{"userLevel":true,"rootId":"l46xgt1e5tp4eur","id":"l46xgt1e5tp4eur"},"id":"o6pbj39qckztn0h","previousOperationId":"wvjq6g14jsufeu0"}
{"type":"operationEnd","operationId":"wvjq6g14jsufeu0","timestamp":1705598661029,"id":"bsp7huby7hvmzyk","previousEventId":"dkmm2lqqvbovm1u","previousOperationId":"wvjq6g14jsufeu0"}
{"type":"operationStart","subtype":"recipe","name":"chrome-pdf","timestamp":1705598661029,"id":"kgvhybproa68yy5","previousEventId":"bsp7huby7hvmzyk","operationId":"xf130neu0zj229b","previousOperationId":"wvjq6g14jsufeu0"}
{"type":"log","timestamp":1705598661029,"level":"debug","message":"Executing recipe chrome-pdf","meta":{"rootId":"l46xgt1e5tp4eur","id":"l46xgt1e5tp4eur"},"id":"euktwgnrqagslsb","previousOperationId":"xf130neu0zj229b"}
{"type":"log","timestamp":1705598661031,"level":"debug","message":"Converting with chrome HeadlessChrome/117.0.5938.149 using chrome-pool strategy","meta":{"rootId":"l46xgt1e5tp4eur","id":"l46xgt1e5tp4eur"},"id":"hkmxhgszritfxcd","previousOperationId":"xf130neu0zj229b"}
{"type":"log","timestamp":1705598661107,"level":"debug","message":"Page request: GET (document) file:///C:/Users/DANIEL~1/AppData/Local/Temp/jsreport/autocleanup/375872fd-44c6-48b4-8ce7-d3bb445771c1-chrome-pdf.html","meta":{"rootId":"l46xgt1e5tp4eur","id":"l46xgt1e5tp4eur"},"id":"ukw0elabec7d5x4","previousOperationId":"xf130neu0zj229b"}
{"type":"log","timestamp":1705598661125,"level":"debug","message":"Page request: GET (stylesheet) https://cdnjs.cloudflare.com/ajax/libs/metro/4.1.5/css/metro.min.css","meta":{"rootId":"l46xgt1e5tp4eur","id":"l46xgt1e5tp4eur"},"id":"x75rhagdqdf5hsw","previousOperationId":"xf130neu0zj229b"}
{"type":"log","timestamp":1705598661126,"level":"debug","message":"Page request: GET (script) https://cdn.jsdelivr.net/npm/chart.js","meta":{"rootId":"l46xgt1e5tp4eur","id":"l46xgt1e5tp4eur"},"id":"ggbsxknexqj4kyc","previousOperationId":"xf130neu0zj229b"}
{"type":"log","timestamp":1705598661126,"level":"debug","message":"Page request finished: GET (document) 200 file:///C:/Users/DANIEL~1/AppData/Local/Temp/jsreport/autocleanup/375872fd-44c6-48b4-8ce7-d3bb445771c1-chrome-pdf.html","meta":{"rootId":"l46xgt1e5tp4eur","id":"l46xgt1e5tp4eur"},"id":"65zr4210jdbtfme","previousOperationId":"xf130neu0zj229b"}
{"type":"log","timestamp":1705598661138,"level":"debug","message":"Page request finished: GET (stylesheet) 200 https://cdnjs.cloudflare.com/ajax/libs/metro/4.1.5/css/metro.min.css","meta":{"rootId":"l46xgt1e5tp4eur","id":"l46xgt1e5tp4eur"},"id":"vsajm4bktcgpd7p","previousOperationId":"xf130neu0zj229b"}
{"type":"log","timestamp":1705598661139,"level":"debug","message":"Page request finished: GET (script) 200 https://cdn.jsdelivr.net/npm/chart.js","meta":{"rootId":"l46xgt1e5tp4eur","id":"l46xgt1e5tp4eur"},"id":"v7wziirlgakw3xt","previousOperationId":"xf130neu0zj229b"}
{"type":"log","timestamp":1705598661143,"level":"warn","message":"Page error: Unexpected token ';' , stack: SyntaxError: Unexpected token ';'","meta":{"rootId":"l46xgt1e5tp4eur","id":"l46xgt1e5tp4eur"},"id":"4ups7f76zjy3yq6","previousOperationId":"xf130neu0zj229b"}
{"type":"log","timestamp":1705598661166,"level":"debug","message":"Running chrome with params {\"printBackground\":true,\"marginTop\":\"4cm\",\"marginRight\":\"1.5cm\",\"marginBottom\":\"1.5cm\",\"marginLeft\":\"1.5cm\",\"waitForJS\":false,\"timeout\":59940,\"margin\":{\"top\":\"4cm\",\"right\":\"1.5cm\",\"bottom\":\"1.5cm\",\"left\":\"1.5cm\"}}","meta":{"rootId":"l46xgt1e5tp4eur","id":"l46xgt1e5tp4eur"},"id":"bsow7r6ck7bcz55","previousOperationId":"xf130neu0zj229b"}
{"type":"operationEnd","operationId":"xf130neu0zj229b","timestamp":1705598661224,"id":"vxqir9t6b3j4zq3","previousEventId":"kgvhybproa68yy5","previousOperationId":"xf130neu0zj229b"}
{"type":"log","timestamp":1705598661224,"level":"info","message":"pdf-utils is starting pdf processing","meta":{"rootId":"l46xgt1e5tp4eur","id":"l46xgt1e5tp4eur"},"id":"slauu1cpzhkzu04","previousOperationId":"xf130neu0zj229b"}
{"type":"operationStart","subtype":"pdfUtils","name":"pdf utils","timestamp":1705598661224,"id":"emsyv8pobjgl14b","previousEventId":"vxqir9t6b3j4zq3","operationId":"hbwn9f2wv4isncm","previousOperationId":"xf130neu0zj229b"}
{"type":"log","timestamp":1705598661224,"level":"debug","message":"pdf-utils detected 1 pdf operation(s) to process","meta":{"rootId":"l46xgt1e5tp4eur","id":"l46xgt1e5tp4eur"},"id":"z6oj9ptpscyr3z1","previousOperationId":"hbwn9f2wv4isncm"}
{"type":"log","timestamp":1705598661249,"level":"debug","message":"pdf-utils running pdf operation merge","meta":{"rootId":"l46xgt1e5tp4eur","id":"l46xgt1e5tp4eur"},"id":"se0t41ksvrsyzoe","previousOperationId":"hbwn9f2wv4isncm"}
{"type":"operationStart","subtype":"pdfUtilsMerge","name":"pdf utils merge","previousOperationId":"hbwn9f2wv4isncm","timestamp":1705598661249,"id":"t8vf1brtwpo26vb","previousEventId":"emsyv8pobjgl14b","operationId":"2uq8gg4gpgjhn5j"}
{"type":"operationStart","subtype":"render","name":"orders-header","previousOperationId":"2uq8gg4gpgjhn5j","timestamp":1705598661250,"id":"ziaun0fypzghq1v","previousEventId":"t8vf1brtwpo26vb","operationId":"t1s9km5010tewfj"}
{"type":"log","timestamp":1705598661250,"level":"info","message":"Starting rendering (child) request","meta":{"rootId":"l46xgt1e5tp4eur","id":"l6vzq02jw0ouv3t"},"id":"tlxd53jhza4oe08","previousOperationId":"t1s9km5010tewfj"}
{"type":"log","timestamp":1705598661250,"level":"info","message":"Rendering template { name: orders-header, recipe: chrome-pdf, engine: handlebars, preview: true }","meta":{"rootId":"l46xgt1e5tp4eur","id":"l6vzq02jw0ouv3t"},"id":"4ci05uarl9q755i","previousOperationId":"t1s9km5010tewfj"}
{"type":"log","timestamp":1705598661251,"level":"debug","message":"Inline data specified.","meta":{"rootId":"l46xgt1e5tp4eur","id":"l6vzq02jw0ouv3t"},"id":"5j0uyf3d1mclmez","previousOperationId":"t1s9km5010tewfj"}
{"type":"log","timestamp":1705598661253,"level":"debug","message":"Base url not specified, skipping its injection.","meta":{"rootId":"l46xgt1e5tp4eur","id":"l6vzq02jw0ouv3t"},"id":"1m4p771cwzdl0be","previousOperationId":"t1s9km5010tewfj"}
{"type":"operationStart","subtype":"engine","name":"handlebars","timestamp":1705598661253,"id":"yyq23qkfcmmm9xj","previousEventId":"ziaun0fypzghq1v","operationId":"xzckoir017xfeqf","previousOperationId":"t1s9km5010tewfj"}
{"type":"log","timestamp":1705598661253,"level":"debug","message":"Rendering engine handlebars","meta":{"rootId":"l46xgt1e5tp4eur","id":"l6vzq02jw0ouv3t"},"id":"rq15axatmy2d6ow","previousOperationId":"xzckoir017xfeqf"}
{"type":"operationEnd","operationId":"xzckoir017xfeqf","timestamp":1705598661266,"id":"7s6noiemu9bvzps","previousEventId":"yyq23qkfcmmm9xj","previousOperationId":"xzckoir017xfeqf"}
{"type":"operationStart","subtype":"recipe","name":"chrome-pdf","timestamp":1705598661266,"id":"k3339zsd0egsejy","previousEventId":"7s6noiemu9bvzps","operationId":"vx1c8um11f6ri0d","previousOperationId":"xzckoir017xfeqf"}
{"type":"log","timestamp":1705598661266,"level":"debug","message":"Executing recipe chrome-pdf","meta":{"rootId":"l46xgt1e5tp4eur","id":"l6vzq02jw0ouv3t"},"id":"7uo5ngwzh3hdxij","previousOperationId":"vx1c8um11f6ri0d"}
{"type":"log","timestamp":1705598661268,"level":"debug","message":"Converting with chrome HeadlessChrome/117.0.5938.149 using chrome-pool strategy","meta":{"rootId":"l46xgt1e5tp4eur","id":"l6vzq02jw0ouv3t"},"id":"l8yemvnfvfcmx3n","previousOperationId":"vx1c8um11f6ri0d"}
{"type":"log","timestamp":1705598661340,"level":"debug","message":"Page request: GET (document) file:///C:/Users/DANIEL~1/AppData/Local/Temp/jsreport/autocleanup/14db61a5-35ab-400f-af07-133638b5ca72-chrome-pdf.html","meta":{"rootId":"l46xgt1e5tp4eur","id":"l6vzq02jw0ouv3t"},"id":"ro7xfmtaqxedeky","previousOperationId":"vx1c8um11f6ri0d"}
{"type":"log","timestamp":1705598661347,"level":"debug","message":"Page request: GET (stylesheet) https://cdnjs.cloudflare.com/ajax/libs/metro/4.1.5/css/metro.min.css","meta":{"rootId":"l46xgt1e5tp4eur","id":"l6vzq02jw0ouv3t"},"id":"2ds9fzbldd06d5j","previousOperationId":"vx1c8um11f6ri0d"}
{"type":"log","timestamp":1705598661347,"level":"debug","message":"Page request finished: GET (document) 200 file:///C:/Users/DANIEL~1/AppData/Local/Temp/jsreport/autocleanup/14db61a5-35ab-400f-af07-133638b5ca72-chrome-pdf.html","meta":{"rootId":"l46xgt1e5tp4eur","id":"l6vzq02jw0ouv3t"},"id":"734l6l1vxm0yik3","previousOperationId":"vx1c8um11f6ri0d"}
{"type":"log","timestamp":1705598661358,"level":"debug","message":"Page request finished: GET (stylesheet) 200 https://cdnjs.cloudflare.com/ajax/libs/metro/4.1.5/css/metro.min.css","meta":{"rootId":"l46xgt1e5tp4eur","id":"l6vzq02jw0ouv3t"},"id":"1cer0fb1vm3mxru","previousOperationId":"vx1c8um11f6ri0d"}
{"type":"log","timestamp":1705598661370,"level":"debug","message":"Running chrome with params {\"printBackground\":true,\"marginTop\":\"1.5cm\",\"marginRight\":\"1.5cm\",\"marginLeft\":\"1.cm\",\"timeout\":59703,\"margin\":{\"top\":\"1.5cm\",\"right\":\"1.5cm\",\"left\":\"1.cm\"}}","meta":{"rootId":"l46xgt1e5tp4eur","id":"l6vzq02jw0ouv3t"},"id":"d2gisfo3q5r5ifm","previousOperationId":"vx1c8um11f6ri0d"}
{"type":"operationEnd","operationId":"vx1c8um11f6ri0d","timestamp":1705598661401,"id":"ftlp3u412bvajpi","previousEventId":"k3339zsd0egsejy","previousOperationId":"vx1c8um11f6ri0d"}
{"type":"log","timestamp":1705598661402,"level":"debug","message":"Skipping storing report.","meta":{"rootId":"l46xgt1e5tp4eur","id":"l6vzq02jw0ouv3t"},"id":"w2dj4ayncm4ao0o","previousOperationId":"vx1c8um11f6ri0d"}
{"type":"log","timestamp":1705598661402,"level":"info","message":"Rendering (child) request finished in 432 ms","meta":{"rootId":"l46xgt1e5tp4eur","id":"l6vzq02jw0ouv3t"},"id":"s39pjdqluux0y1f","previousOperationId":"vx1c8um11f6ri0d"}
{"type":"operationEnd","subtype":"render","operationId":"t1s9km5010tewfj","timestamp":1705598661402,"id":"qzdncvvkyhmpl04","previousEventId":"ftlp3u412bvajpi","previousOperationId":"vx1c8um11f6ri0d"}
{"type":"operationEnd","operationId":"2uq8gg4gpgjhn5j","timestamp":1705598661420,"id":"elsa1tvoxn5k125","previousEventId":"t8vf1brtwpo26vb","previousOperationId":"2uq8gg4gpgjhn5j"}
{"type":"log","timestamp":1705598661420,"level":"debug","message":"pdf-utils postproces start","meta":{"rootId":"l46xgt1e5tp4eur","id":"l46xgt1e5tp4eur"},"id":"edct731whfh27rr","previousOperationId":"2uq8gg4gpgjhn5j"}
{"type":"log","timestamp":1705598661434,"level":"debug","message":"pdf-utils postproces end","meta":{"rootId":"l46xgt1e5tp4eur","id":"l46xgt1e5tp4eur"},"id":"2gi65ildwrdt19c","previousOperationId":"2uq8gg4gpgjhn5j"}
{"type":"operationEnd","operationId":"hbwn9f2wv4isncm","timestamp":1705598661434,"id":"vf1asdz7jrux427","previousEventId":"elsa1tvoxn5k125","previousOperationId":"2uq8gg4gpgjhn5j"}
{"type":"log","timestamp":1705598661434,"level":"info","message":"pdf-utils pdf processing was finished","meta":{"rootId":"l46xgt1e5tp4eur","id":"l46xgt1e5tp4eur"},"id":"9kidqrq1eqzsb34","previousOperationId":"hbwn9f2wv4isncm"}
{"type":"log","timestamp":1705598661434,"level":"debug","message":"Skipping storing report.","meta":{"rootId":"l46xgt1e5tp4eur","id":"l46xgt1e5tp4eur"},"id":"ktgz2ojvnlz8os5","previousOperationId":"hbwn9f2wv4isncm"}
{"type":"log","timestamp":1705598661434,"level":"info","message":"Rendering request 4 finished in 464 ms","meta":{"rootId":"l46xgt1e5tp4eur","id":"l46xgt1e5tp4eur"},"id":"6g9ouh4l9wtwmmg","previousOperationId":"hbwn9f2wv4isncm"}
{"type":"operationEnd","subtype":"render","operationId":"vq3a25pgm5j1ngu","timestamp":1705598661434,"id":"n5ksv21s9xu82hh","previousEventId":"vf1asdz7jrux427","previousOperationId":"hbwn9f2wv4isncm"}
{"type":"operationEnd","doDiffs":false,"previousEventId":"ugfb9d8jdt1xw2w","previousOperationId":"mqn1s46owgcj01d","operationId":"mqn1s46owgcj01d","timestamp":1705598661441,"id":"g1u0kixh7n3yplb"}
