{"type":"operationStart","subtype":"profile","data":{"_id":"Rj7Ji3duLnoeEuqi","timestamp":"2024-01-18T15:04:36.240Z","state":"queued","mode":"standard","creationDate":"2024-01-18T15:04:36.244Z","modificationDate":"2024-01-18T15:04:36.244Z","shortid":"QsaIqYz","$entitySet":"profiles"},"doDiffs":false,"timestamp":1705590276242,"id":"t4398nduzyvk3hb","previousOperationId":null,"operationId":"zdst0lk2jn0ivgn"}
{"type":"log","level":"info","message":"Render request 25 queued for execution and waiting for available worker","previousOperationId":"zdst0lk2jn0ivgn","timestamp":1705590276242,"id":"2grr1dv67i3veyk"}
{"type":"operationStart","subtype":"render","name":"orders-main","previousOperationId":"zdst0lk2jn0ivgn","timestamp":1705590276258,"id":"5o9fdp7d2bnwm9b","previousEventId":"t4398nduzyvk3hb","operationId":"o5qsa5dyjvp1tsh"}
{"type":"log","timestamp":1705590276258,"level":"info","message":"Starting rendering request 25","meta":{"rootId":"ldor2hzhzt76gf9","id":"ldor2hzhzt76gf9"},"id":"y4km2qozv0ljbh8","previousOperationId":"o5qsa5dyjvp1tsh"}
{"type":"log","timestamp":1705590276258,"level":"info","message":"Rendering template { name: orders-main, recipe: chrome-pdf, engine: handlebars, preview: true }","meta":{"rootId":"ldor2hzhzt76gf9","id":"ldor2hzhzt76gf9"},"id":"fx2yab4et2fnx9l","previousOperationId":"o5qsa5dyjvp1tsh"}
{"type":"log","timestamp":1705590276261,"level":"debug","message":"Data item not defined for this template.","meta":{"rootId":"ldor2hzhzt76gf9","id":"ldor2hzhzt76gf9"},"id":"wqhk4viz2ykpvj3","previousOperationId":"o5qsa5dyjvp1tsh"}
{"type":"log","timestamp":1705590276264,"level":"debug","message":"Executing script orders-script (beforeRender)","meta":{"rootId":"ldor2hzhzt76gf9","id":"ldor2hzhzt76gf9"},"id":"2shyvd5c7c7pj2k","previousOperationId":"o5qsa5dyjvp1tsh"}
{"type":"operationStart","subtype":"scriptsBeforeRender","name":"scripts beforeRender","timestamp":1705590276297,"id":"z7mpwwlqanqr9l1","previousEventId":"5o9fdp7d2bnwm9b","operationId":"defk0j4hiq1gqss","previousOperationId":"o5qsa5dyjvp1tsh"}
{"type":"operationStart","subtype":"script","name":"scripts orders-script","previousOperationId":"defk0j4hiq1gqss","timestamp":1705590276297,"id":"ybwio29f62e7g0n","previousEventId":"z7mpwwlqanqr9l1","operationId":"8rs3bghoct72z66"}
{"type":"operationEnd","operationId":"8rs3bghoct72z66","timestamp":1705590276319,"id":"rdueqmtbfgd5r7x","previousEventId":"5o9fdp7d2bnwm9b","previousOperationId":"o5qsa5dyjvp1tsh"}
{"type":"operationEnd","operationId":"defk0j4hiq1gqss","timestamp":1705590276319,"id":"fqjplxcc77e9lzs","previousEventId":"rdueqmtbfgd5r7x","previousOperationId":"o5qsa5dyjvp1tsh"}
{"type":"log","timestamp":1705590276319,"level":"debug","message":"Base url not specified, skipping its injection.","meta":{"rootId":"ldor2hzhzt76gf9","id":"ldor2hzhzt76gf9"},"id":"kw12u82x0oxwkoi","previousOperationId":"defk0j4hiq1gqss"}
{"type":"operationStart","subtype":"engine","name":"handlebars","timestamp":1705590276320,"id":"1xkrdxddhb2wk1h","previousEventId":"fqjplxcc77e9lzs","operationId":"k9bdv2kffrke5tm","previousOperationId":"defk0j4hiq1gqss"}
{"type":"log","timestamp":1705590276320,"level":"debug","message":"Rendering engine handlebars","meta":{"rootId":"ldor2hzhzt76gf9","id":"ldor2hzhzt76gf9"},"id":"wp2oro1fkovqaip","previousOperationId":"k9bdv2kffrke5tm"}
{"type":"operationEnd","operationId":"k9bdv2kffrke5tm","timestamp":1705590276347,"id":"705gs14a15anu3y","previousEventId":"1xkrdxddhb2wk1h","previousOperationId":"k9bdv2kffrke5tm"}
{"type":"operationStart","subtype":"recipe","name":"chrome-pdf","timestamp":1705590276347,"id":"qsrc23rvkaegyuk","previousEventId":"705gs14a15anu3y","operationId":"nqxjihobh83iadq","previousOperationId":"k9bdv2kffrke5tm"}
{"type":"log","timestamp":1705590276347,"level":"debug","message":"Executing recipe chrome-pdf","meta":{"rootId":"ldor2hzhzt76gf9","id":"ldor2hzhzt76gf9"},"id":"rm2zs4w4doufejg","previousOperationId":"nqxjihobh83iadq"}
{"type":"log","timestamp":1705590276353,"level":"debug","message":"Converting with chrome HeadlessChrome/117.0.5938.149 using chrome-pool strategy","meta":{"rootId":"ldor2hzhzt76gf9","id":"ldor2hzhzt76gf9"},"id":"rxsfzf03dvihf5d","previousOperationId":"nqxjihobh83iadq"}
{"type":"log","timestamp":1705590276475,"level":"debug","message":"Page request: GET (document) file:///C:/Users/DANIEL~1/AppData/Local/Temp/jsreport/autocleanup/e3439086-8069-43e2-a42b-6f22e06be17f-chrome-pdf.html","meta":{"rootId":"ldor2hzhzt76gf9","id":"ldor2hzhzt76gf9"},"id":"osdb5willpnr8d6","previousOperationId":"nqxjihobh83iadq"}
{"type":"log","timestamp":1705590276489,"level":"debug","message":"Page request finished: GET (document) 200 file:///C:/Users/DANIEL~1/AppData/Local/Temp/jsreport/autocleanup/e3439086-8069-43e2-a42b-6f22e06be17f-chrome-pdf.html","meta":{"rootId":"ldor2hzhzt76gf9","id":"ldor2hzhzt76gf9"},"id":"60bgodwkl5a8921","previousOperationId":"nqxjihobh83iadq"}
{"type":"log","timestamp":1705590276490,"level":"debug","message":"Page request: GET (stylesheet) https://cdnjs.cloudflare.com/ajax/libs/metro/4.1.5/css/metro.min.css","meta":{"rootId":"ldor2hzhzt76gf9","id":"ldor2hzhzt76gf9"},"id":"uevu8vmzqlddaqh","previousOperationId":"nqxjihobh83iadq"}
{"type":"log","timestamp":1705590276490,"level":"debug","message":"Page request: GET (script) https://cdnjs.cloudflare.com/ajax/libs/Chart.js/2.9.4/Chart.js","meta":{"rootId":"ldor2hzhzt76gf9","id":"ldor2hzhzt76gf9"},"id":"77v6huapf0ryt33","previousOperationId":"nqxjihobh83iadq"}
{"type":"log","timestamp":1705590276512,"level":"debug","message":"Page request finished: GET (stylesheet) 200 https://cdnjs.cloudflare.com/ajax/libs/metro/4.1.5/css/metro.min.css","meta":{"rootId":"ldor2hzhzt76gf9","id":"ldor2hzhzt76gf9"},"id":"qj6rb9ldpqf6hnb","previousOperationId":"nqxjihobh83iadq"}
{"type":"log","timestamp":1705590276512,"level":"debug","message":"Page request finished: GET (script) 200 https://cdnjs.cloudflare.com/ajax/libs/Chart.js/2.9.4/Chart.js","meta":{"rootId":"ldor2hzhzt76gf9","id":"ldor2hzhzt76gf9"},"id":"pufyaa6o9psu4by","previousOperationId":"nqxjihobh83iadq"}
{"type":"log","timestamp":1705590276517,"level":"warn","message":"Page error: Unexpected token ';' , stack: SyntaxError: Unexpected token ';'","meta":{"rootId":"ldor2hzhzt76gf9","id":"ldor2hzhzt76gf9"},"id":"f8w0xikpsdwwo1i","previousOperationId":"nqxjihobh83iadq"}
{"type":"log","timestamp":1705590276525,"level":"debug","message":"Running chrome with params {\"printBackground\":true,\"marginTop\":\"4cm\",\"marginRight\":\"1.5cm\",\"marginBottom\":\"1.5cm\",\"marginLeft\":\"1.5cm\",\"waitForJS\":false,\"timeout\":59889,\"margin\":{\"top\":\"4cm\",\"right\":\"1.5cm\",\"bottom\":\"1.5cm\",\"left\":\"1.5cm\"}}","meta":{"rootId":"ldor2hzhzt76gf9","id":"ldor2hzhzt76gf9"},"id":"ixwulo46eo48uba","previousOperationId":"nqxjihobh83iadq"}
{"type":"operationEnd","operationId":"nqxjihobh83iadq","timestamp":1705590276548,"id":"8e0l945nwv9mqra","previousEventId":"qsrc23rvkaegyuk","previousOperationId":"nqxjihobh83iadq"}
{"type":"log","timestamp":1705590276548,"level":"info","message":"pdf-utils is starting pdf processing","meta":{"rootId":"ldor2hzhzt76gf9","id":"ldor2hzhzt76gf9"},"id":"xcvimr1xbmczddm","previousOperationId":"nqxjihobh83iadq"}
{"type":"operationStart","subtype":"pdfUtils","name":"pdf utils","timestamp":1705590276548,"id":"lr0sjcplpenv5cf","previousEventId":"8e0l945nwv9mqra","operationId":"8xxhwajnbbasnn0","previousOperationId":"nqxjihobh83iadq"}
{"type":"log","timestamp":1705590276548,"level":"debug","message":"pdf-utils detected 1 pdf operation(s) to process","meta":{"rootId":"ldor2hzhzt76gf9","id":"ldor2hzhzt76gf9"},"id":"92ygkkay3n4rdtb","previousOperationId":"8xxhwajnbbasnn0"}
{"type":"log","timestamp":1705590276552,"level":"debug","message":"pdf-utils running pdf operation merge","meta":{"rootId":"ldor2hzhzt76gf9","id":"ldor2hzhzt76gf9"},"id":"jmnw80vwl64wdww","previousOperationId":"8xxhwajnbbasnn0"}
{"type":"operationStart","subtype":"pdfUtilsMerge","name":"pdf utils merge","previousOperationId":"8xxhwajnbbasnn0","timestamp":1705590276552,"id":"s6sk3ynoubpx03h","previousEventId":"lr0sjcplpenv5cf","operationId":"c8nmopt97l63pga"}
{"type":"operationStart","subtype":"render","name":"orders-header","previousOperationId":"c8nmopt97l63pga","timestamp":1705590276557,"id":"09gxevq4zyqei82","previousEventId":"s6sk3ynoubpx03h","operationId":"227y9waocz1lem3"}
{"type":"log","timestamp":1705590276557,"level":"info","message":"Starting rendering (child) request","meta":{"rootId":"ldor2hzhzt76gf9","id":"ryxocddp608ifj1"},"id":"nzhg50imv6incrr","previousOperationId":"227y9waocz1lem3"}
{"type":"log","timestamp":1705590276558,"level":"info","message":"Rendering template { name: orders-header, recipe: chrome-pdf, engine: handlebars, preview: true }","meta":{"rootId":"ldor2hzhzt76gf9","id":"ryxocddp608ifj1"},"id":"63x1hq9ekq500xx","previousOperationId":"227y9waocz1lem3"}
{"type":"log","timestamp":1705590276560,"level":"debug","message":"Inline data specified.","meta":{"rootId":"ldor2hzhzt76gf9","id":"ryxocddp608ifj1"},"id":"ogtkpdfgqcl50et","previousOperationId":"227y9waocz1lem3"}
{"type":"log","timestamp":1705590276565,"level":"debug","message":"Base url not specified, skipping its injection.","meta":{"rootId":"ldor2hzhzt76gf9","id":"ryxocddp608ifj1"},"id":"asequlitwpg8jwt","previousOperationId":"227y9waocz1lem3"}
{"type":"operationStart","subtype":"engine","name":"handlebars","timestamp":1705590276566,"id":"t8m6ry4galh8zjm","previousEventId":"09gxevq4zyqei82","operationId":"i0x1xv633xj1n63","previousOperationId":"227y9waocz1lem3"}
{"type":"log","timestamp":1705590276566,"level":"debug","message":"Rendering engine handlebars","meta":{"rootId":"ldor2hzhzt76gf9","id":"ryxocddp608ifj1"},"id":"3w26xipf4eqdc59","previousOperationId":"i0x1xv633xj1n63"}
{"type":"operationEnd","operationId":"i0x1xv633xj1n63","timestamp":1705590276611,"id":"4sbgu7f43yctf4o","previousEventId":"t8m6ry4galh8zjm","previousOperationId":"i0x1xv633xj1n63"}
{"type":"operationStart","subtype":"recipe","name":"chrome-pdf","timestamp":1705590276611,"id":"otmlzvbkleh7xs7","previousEventId":"4sbgu7f43yctf4o","operationId":"4ekb7i8sahvukhp","previousOperationId":"i0x1xv633xj1n63"}
{"type":"log","timestamp":1705590276612,"level":"debug","message":"Executing recipe chrome-pdf","meta":{"rootId":"ldor2hzhzt76gf9","id":"ryxocddp608ifj1"},"id":"wotx335hrijl005","previousOperationId":"4ekb7i8sahvukhp"}
{"type":"log","timestamp":1705590276617,"level":"debug","message":"Converting with chrome HeadlessChrome/117.0.5938.149 using chrome-pool strategy","meta":{"rootId":"ldor2hzhzt76gf9","id":"ryxocddp608ifj1"},"id":"y4r5gt37ud87d93","previousOperationId":"4ekb7i8sahvukhp"}
{"type":"log","timestamp":1705590276770,"level":"debug","message":"Page request: GET (document) file:///C:/Users/DANIEL~1/AppData/Local/Temp/jsreport/autocleanup/0a29fec7-3a1d-44f4-80c5-8807602300bf-chrome-pdf.html","meta":{"rootId":"ldor2hzhzt76gf9","id":"ryxocddp608ifj1"},"id":"cjdldwf9nh92oih","previousOperationId":"4ekb7i8sahvukhp"}
{"type":"log","timestamp":1705590276786,"level":"debug","message":"Page request: GET (stylesheet) https://cdnjs.cloudflare.com/ajax/libs/metro/4.1.5/css/metro.min.css","meta":{"rootId":"ldor2hzhzt76gf9","id":"ryxocddp608ifj1"},"id":"y3cukc8yqe0ig7t","previousOperationId":"4ekb7i8sahvukhp"}
{"type":"log","timestamp":1705590276786,"level":"debug","message":"Page request finished: GET (document) 200 file:///C:/Users/DANIEL~1/AppData/Local/Temp/jsreport/autocleanup/0a29fec7-3a1d-44f4-80c5-8807602300bf-chrome-pdf.html","meta":{"rootId":"ldor2hzhzt76gf9","id":"ryxocddp608ifj1"},"id":"pf67fvfxnx5t45y","previousOperationId":"4ekb7i8sahvukhp"}
{"type":"log","timestamp":1705590276805,"level":"debug","message":"Page request finished: GET (stylesheet) 200 https://cdnjs.cloudflare.com/ajax/libs/metro/4.1.5/css/metro.min.css","meta":{"rootId":"ldor2hzhzt76gf9","id":"ryxocddp608ifj1"},"id":"7xv69wh07xxa7xx","previousOperationId":"4ekb7i8sahvukhp"}
{"type":"log","timestamp":1705590276825,"level":"debug","message":"Running chrome with params {\"printBackground\":true,\"marginTop\":\"1.5cm\",\"marginRight\":\"1.5cm\",\"marginLeft\":\"1.cm\",\"timeout\":59625,\"margin\":{\"top\":\"1.5cm\",\"right\":\"1.5cm\",\"left\":\"1.cm\"}}","meta":{"rootId":"ldor2hzhzt76gf9","id":"ryxocddp608ifj1"},"id":"tcuil5893cabrty","previousOperationId":"4ekb7i8sahvukhp"}
{"type":"operationEnd","operationId":"4ekb7i8sahvukhp","timestamp":1705590276860,"id":"d849ht2v05w3s2a","previousEventId":"otmlzvbkleh7xs7","previousOperationId":"4ekb7i8sahvukhp"}
{"type":"log","timestamp":1705590276860,"level":"debug","message":"Skipping storing report.","meta":{"rootId":"ldor2hzhzt76gf9","id":"ryxocddp608ifj1"},"id":"srengsmc0lxa7ec","previousOperationId":"4ekb7i8sahvukhp"}
{"type":"log","timestamp":1705590276860,"level":"info","message":"Rendering (child) request finished in 620 ms","meta":{"rootId":"ldor2hzhzt76gf9","id":"ryxocddp608ifj1"},"id":"4ntkwl9z09iq34z","previousOperationId":"4ekb7i8sahvukhp"}
{"type":"operationEnd","subtype":"render","operationId":"227y9waocz1lem3","timestamp":1705590276860,"id":"0tybfryfxvmdloi","previousEventId":"d849ht2v05w3s2a","previousOperationId":"4ekb7i8sahvukhp"}
{"type":"operationEnd","operationId":"c8nmopt97l63pga","timestamp":1705590276868,"id":"2312znhacj2ap38","previousEventId":"s6sk3ynoubpx03h","previousOperationId":"c8nmopt97l63pga"}
{"type":"log","timestamp":1705590276868,"level":"debug","message":"pdf-utils postproces start","meta":{"rootId":"ldor2hzhzt76gf9","id":"ldor2hzhzt76gf9"},"id":"cmjxbifk590jc0k","previousOperationId":"c8nmopt97l63pga"}
{"type":"log","timestamp":1705590276876,"level":"debug","message":"pdf-utils postproces end","meta":{"rootId":"ldor2hzhzt76gf9","id":"ldor2hzhzt76gf9"},"id":"stfin3p16t11g2s","previousOperationId":"c8nmopt97l63pga"}
{"type":"operationEnd","operationId":"8xxhwajnbbasnn0","timestamp":1705590276876,"id":"srszns7dhsgt8gq","previousEventId":"2312znhacj2ap38","previousOperationId":"c8nmopt97l63pga"}
{"type":"log","timestamp":1705590276876,"level":"info","message":"pdf-utils pdf processing was finished","meta":{"rootId":"ldor2hzhzt76gf9","id":"ldor2hzhzt76gf9"},"id":"tj1g4oouv9hsetu","previousOperationId":"8xxhwajnbbasnn0"}
{"type":"log","timestamp":1705590276876,"level":"debug","message":"Skipping storing report.","meta":{"rootId":"ldor2hzhzt76gf9","id":"ldor2hzhzt76gf9"},"id":"ukjyuxewy2yhktw","previousOperationId":"8xxhwajnbbasnn0"}
{"type":"log","timestamp":1705590276876,"level":"info","message":"Rendering request 25 finished in 636 ms","meta":{"rootId":"ldor2hzhzt76gf9","id":"ldor2hzhzt76gf9"},"id":"wwgwet6r4gl3nkj","previousOperationId":"8xxhwajnbbasnn0"}
{"type":"operationEnd","subtype":"render","operationId":"o5qsa5dyjvp1tsh","timestamp":1705590276876,"id":"g1xd50u2a7jx6uc","previousEventId":"srszns7dhsgt8gq","previousOperationId":"8xxhwajnbbasnn0"}
{"type":"operationEnd","doDiffs":false,"previousEventId":"t4398nduzyvk3hb","previousOperationId":"zdst0lk2jn0ivgn","operationId":"zdst0lk2jn0ivgn","timestamp":1705590276890,"id":"9m3utiy67qwptiq"}
