{"type":"operationStart","subtype":"profile","data":{"_id":"uQxb147CIne0klQ0","timestamp":"2024-01-18T14:56:58.315Z","state":"queued","mode":"standard","creationDate":"2024-01-18T14:56:58.320Z","modificationDate":"2024-01-18T14:56:58.320Z","shortid":"_uWjCpm","$entitySet":"profiles"},"doDiffs":false,"timestamp":1705589818317,"id":"55c2f49jgzjlh9a","previousOperationId":null,"operationId":"nn1vs6yb3lxaei3"}
{"type":"log","level":"info","message":"Render request 18 queued for execution and waiting for available worker","previousOperationId":"nn1vs6yb3lxaei3","timestamp":1705589818318,"id":"5d56wbdpywsc8qt"}
{"type":"operationStart","subtype":"render","name":"orders-main","previousOperationId":"nn1vs6yb3lxaei3","timestamp":1705589818335,"id":"2j18l8b4gd4nncv","previousEventId":"55c2f49jgzjlh9a","operationId":"pilx389kifkfkzm"}
{"type":"log","timestamp":1705589818335,"level":"info","message":"Starting rendering request 18","meta":{"rootId":"lf2n240pz1iphly","id":"lf2n240pz1iphly"},"id":"9furl1puzn92rcb","previousOperationId":"pilx389kifkfkzm"}
{"type":"log","timestamp":1705589818336,"level":"info","message":"Rendering template { name: orders-main, recipe: chrome-pdf, engine: handlebars, preview: true }","meta":{"rootId":"lf2n240pz1iphly","id":"lf2n240pz1iphly"},"id":"1rbm032p1jawhqu","previousOperationId":"pilx389kifkfkzm"}
{"type":"log","timestamp":1705589818339,"level":"debug","message":"Data item not defined for this template.","meta":{"rootId":"lf2n240pz1iphly","id":"lf2n240pz1iphly"},"id":"bswdchiydmzpnjt","previousOperationId":"pilx389kifkfkzm"}
{"type":"log","timestamp":1705589818345,"level":"debug","message":"Executing script orders-script (beforeRender)","meta":{"rootId":"lf2n240pz1iphly","id":"lf2n240pz1iphly"},"id":"to7aiq8fa0p2iuc","previousOperationId":"pilx389kifkfkzm"}
{"type":"operationStart","subtype":"scriptsBeforeRender","name":"scripts beforeRender","timestamp":1705589818373,"id":"439rsdxzirc6hzk","previousEventId":"2j18l8b4gd4nncv","operationId":"wi3t9baw2tvr5xo","previousOperationId":"pilx389kifkfkzm"}
{"type":"operationStart","subtype":"script","name":"scripts orders-script","previousOperationId":"wi3t9baw2tvr5xo","timestamp":1705589818373,"id":"kd37dri3575s88x","previousEventId":"439rsdxzirc6hzk","operationId":"b7r0d0ifa67a1ug"}
{"type":"operationEnd","operationId":"b7r0d0ifa67a1ug","timestamp":1705589818408,"id":"vtlqg3guh6knrxx","previousEventId":"2j18l8b4gd4nncv","previousOperationId":"pilx389kifkfkzm"}
{"type":"operationEnd","operationId":"wi3t9baw2tvr5xo","timestamp":1705589818408,"id":"yg2uftnb2lu2tix","previousEventId":"vtlqg3guh6knrxx","previousOperationId":"pilx389kifkfkzm"}
{"type":"log","timestamp":1705589818408,"level":"debug","message":"Base url not specified, skipping its injection.","meta":{"rootId":"lf2n240pz1iphly","id":"lf2n240pz1iphly"},"id":"0fddhi4dpwcqh27","previousOperationId":"wi3t9baw2tvr5xo"}
{"type":"operationStart","subtype":"engine","name":"handlebars","timestamp":1705589818408,"id":"l3k5s7nicl1e08h","previousEventId":"yg2uftnb2lu2tix","operationId":"ehnn6uifkz5vdbv","previousOperationId":"wi3t9baw2tvr5xo"}
{"type":"log","timestamp":1705589818408,"level":"debug","message":"Rendering engine handlebars","meta":{"rootId":"lf2n240pz1iphly","id":"lf2n240pz1iphly"},"id":"rw7ffedax3fkhqf","previousOperationId":"ehnn6uifkz5vdbv"}
{"type":"log","timestamp":1705589818438,"level":"debug","message":"(console:log) Pdf utils adding group field, value: \"Race1\"","meta":{"userLevel":true,"rootId":"lf2n240pz1iphly","id":"lf2n240pz1iphly"},"id":"lfq84zjnhimubab","previousOperationId":"ehnn6uifkz5vdbv"}
{"type":"log","timestamp":1705589818438,"level":"debug","message":"(console:log) Pdf utils adding group field, value: \"Race2\"","meta":{"userLevel":true,"rootId":"lf2n240pz1iphly","id":"lf2n240pz1iphly"},"id":"uqwf3jx1hicpkky","previousOperationId":"ehnn6uifkz5vdbv"}
{"type":"operationEnd","operationId":"ehnn6uifkz5vdbv","timestamp":1705589818439,"id":"4e1xh14gb467vvs","previousEventId":"l3k5s7nicl1e08h","previousOperationId":"ehnn6uifkz5vdbv"}
{"type":"operationStart","subtype":"recipe","name":"chrome-pdf","timestamp":1705589818439,"id":"jnezwaf61ovh0g5","previousEventId":"4e1xh14gb467vvs","operationId":"pt1qyw9y5np503s","previousOperationId":"ehnn6uifkz5vdbv"}
{"type":"log","timestamp":1705589818439,"level":"debug","message":"Executing recipe chrome-pdf","meta":{"rootId":"lf2n240pz1iphly","id":"lf2n240pz1iphly"},"id":"64eitn5nrger0wp","previousOperationId":"pt1qyw9y5np503s"}
{"type":"log","timestamp":1705589818447,"level":"debug","message":"Converting with chrome HeadlessChrome/117.0.5938.149 using chrome-pool strategy","meta":{"rootId":"lf2n240pz1iphly","id":"lf2n240pz1iphly"},"id":"ymqgwsg944lkjzl","previousOperationId":"pt1qyw9y5np503s"}
{"type":"log","timestamp":1705589818578,"level":"debug","message":"Page request: GET (document) file:///C:/Users/DANIEL~1/AppData/Local/Temp/jsreport/autocleanup/eeae6a71-61ad-46bf-a75b-e2cc318d17fe-chrome-pdf.html","meta":{"rootId":"lf2n240pz1iphly","id":"lf2n240pz1iphly"},"id":"ce6yj1l1fp7k1c0","previousOperationId":"pt1qyw9y5np503s"}
{"type":"log","timestamp":1705589818612,"level":"debug","message":"Page request: GET (stylesheet) https://cdnjs.cloudflare.com/ajax/libs/metro/4.1.5/css/metro.min.css","meta":{"rootId":"lf2n240pz1iphly","id":"lf2n240pz1iphly"},"id":"g5xgy7ibb9wazbp","previousOperationId":"pt1qyw9y5np503s"}
{"type":"log","timestamp":1705589818613,"level":"debug","message":"Page request finished: GET (document) 200 file:///C:/Users/DANIEL~1/AppData/Local/Temp/jsreport/autocleanup/eeae6a71-61ad-46bf-a75b-e2cc318d17fe-chrome-pdf.html","meta":{"rootId":"lf2n240pz1iphly","id":"lf2n240pz1iphly"},"id":"blrjtdlpdmsjwfc","previousOperationId":"pt1qyw9y5np503s"}
{"type":"log","timestamp":1705589818613,"level":"debug","message":"Page request: GET (script) https://cdnjs.cloudflare.com/ajax/libs/Chart.js/2.9.4/Chart.js","meta":{"rootId":"lf2n240pz1iphly","id":"lf2n240pz1iphly"},"id":"j8d50wxtalkpu7q","previousOperationId":"pt1qyw9y5np503s"}
{"type":"log","timestamp":1705589818644,"level":"debug","message":"Page request finished: GET (stylesheet) 200 https://cdnjs.cloudflare.com/ajax/libs/metro/4.1.5/css/metro.min.css","meta":{"rootId":"lf2n240pz1iphly","id":"lf2n240pz1iphly"},"id":"9qzx0l5rogen3ab","previousOperationId":"pt1qyw9y5np503s"}
{"type":"log","timestamp":1705589818645,"level":"debug","message":"Page request finished: GET (script) 200 https://cdnjs.cloudflare.com/ajax/libs/Chart.js/2.9.4/Chart.js","meta":{"rootId":"lf2n240pz1iphly","id":"lf2n240pz1iphly"},"id":"x1p88vgvp4jmiui","previousOperationId":"pt1qyw9y5np503s"}
{"type":"log","timestamp":1705589818744,"level":"debug","message":"Running chrome with params {\"printBackground\":true,\"marginTop\":\"4cm\",\"marginRight\":\"1.5cm\",\"marginBottom\":\"1.5cm\",\"marginLeft\":\"1.5cm\",\"waitForJS\":false,\"timeout\":59873,\"margin\":{\"top\":\"4cm\",\"right\":\"1.5cm\",\"bottom\":\"1.5cm\",\"left\":\"1.5cm\"}}","meta":{"rootId":"lf2n240pz1iphly","id":"lf2n240pz1iphly"},"id":"s3jbt28g1flfkri","previousOperationId":"pt1qyw9y5np503s"}
{"type":"operationEnd","operationId":"pt1qyw9y5np503s","timestamp":1705589818868,"id":"lw3riojvkyrw6f5","previousEventId":"jnezwaf61ovh0g5","previousOperationId":"pt1qyw9y5np503s"}
{"type":"log","timestamp":1705589818868,"level":"info","message":"pdf-utils is starting pdf processing","meta":{"rootId":"lf2n240pz1iphly","id":"lf2n240pz1iphly"},"id":"kw5utjmjku1g9at","previousOperationId":"pt1qyw9y5np503s"}
{"type":"operationStart","subtype":"pdfUtils","name":"pdf utils","timestamp":1705589818869,"id":"vasphivm6yxecux","previousEventId":"lw3riojvkyrw6f5","operationId":"8cy0n63vofa9cwt","previousOperationId":"pt1qyw9y5np503s"}
{"type":"log","timestamp":1705589818869,"level":"debug","message":"pdf-utils detected 1 pdf operation(s) to process","meta":{"rootId":"lf2n240pz1iphly","id":"lf2n240pz1iphly"},"id":"nxesim451dlzu2g","previousOperationId":"8cy0n63vofa9cwt"}
{"type":"log","timestamp":1705589818913,"level":"debug","message":"pdf-utils running pdf operation merge","meta":{"rootId":"lf2n240pz1iphly","id":"lf2n240pz1iphly"},"id":"f1z1wd6ba44uqbu","previousOperationId":"8cy0n63vofa9cwt"}
{"type":"operationStart","subtype":"pdfUtilsMerge","name":"pdf utils merge","previousOperationId":"8cy0n63vofa9cwt","timestamp":1705589818913,"id":"ppqmb91qse8hbhn","previousEventId":"vasphivm6yxecux","operationId":"j86dfyqqlwd8wmy"}
{"type":"operationStart","subtype":"render","name":"orders-header","previousOperationId":"j86dfyqqlwd8wmy","timestamp":1705589818915,"id":"yqtvvu584h74su0","previousEventId":"ppqmb91qse8hbhn","operationId":"cveq9fuqi6apvkz"}
{"type":"log","timestamp":1705589818915,"level":"info","message":"Starting rendering (child) request","meta":{"rootId":"lf2n240pz1iphly","id":"9kshhbunflk4pls"},"id":"7dtpe72iu2gn2kc","previousOperationId":"cveq9fuqi6apvkz"}
{"type":"log","timestamp":1705589818915,"level":"info","message":"Rendering template { name: orders-header, recipe: chrome-pdf, engine: handlebars, preview: true }","meta":{"rootId":"lf2n240pz1iphly","id":"9kshhbunflk4pls"},"id":"hniy4btjxijpbz3","previousOperationId":"cveq9fuqi6apvkz"}
{"type":"log","timestamp":1705589818917,"level":"debug","message":"Inline data specified.","meta":{"rootId":"lf2n240pz1iphly","id":"9kshhbunflk4pls"},"id":"painvo3jfr62isw","previousOperationId":"cveq9fuqi6apvkz"}
{"type":"log","timestamp":1705589818939,"level":"debug","message":"Base url not specified, skipping its injection.","meta":{"rootId":"lf2n240pz1iphly","id":"9kshhbunflk4pls"},"id":"6b1f0tjddf8k3q4","previousOperationId":"cveq9fuqi6apvkz"}
{"type":"operationStart","subtype":"engine","name":"handlebars","timestamp":1705589818939,"id":"se8eu5wctq51to9","previousEventId":"yqtvvu584h74su0","operationId":"253rxcc0r1padq7","previousOperationId":"cveq9fuqi6apvkz"}
{"type":"log","timestamp":1705589818939,"level":"debug","message":"Rendering engine handlebars","meta":{"rootId":"lf2n240pz1iphly","id":"9kshhbunflk4pls"},"id":"nuv59p6m56g9d4v","previousOperationId":"253rxcc0r1padq7"}
{"type":"operationEnd","operationId":"253rxcc0r1padq7","timestamp":1705589818965,"id":"2h48tjum68fo69c","previousEventId":"se8eu5wctq51to9","previousOperationId":"253rxcc0r1padq7"}
{"type":"operationStart","subtype":"recipe","name":"chrome-pdf","timestamp":1705589818966,"id":"y1z8x1tz9x3h75c","previousEventId":"2h48tjum68fo69c","operationId":"jo0ntyo1xmtger7","previousOperationId":"253rxcc0r1padq7"}
{"type":"log","timestamp":1705589818966,"level":"debug","message":"Executing recipe chrome-pdf","meta":{"rootId":"lf2n240pz1iphly","id":"9kshhbunflk4pls"},"id":"pkeny7iym1hmso9","previousOperationId":"jo0ntyo1xmtger7"}
{"type":"log","timestamp":1705589818970,"level":"debug","message":"Converting with chrome HeadlessChrome/117.0.5938.149 using chrome-pool strategy","meta":{"rootId":"lf2n240pz1iphly","id":"9kshhbunflk4pls"},"id":"iyv33d1px5zrq4h","previousOperationId":"jo0ntyo1xmtger7"}
{"type":"log","timestamp":1705589819118,"level":"debug","message":"Page request: GET (document) file:///C:/Users/DANIEL~1/AppData/Local/Temp/jsreport/autocleanup/cf7a796e-e3f3-462a-a658-1f055f671789-chrome-pdf.html","meta":{"rootId":"lf2n240pz1iphly","id":"9kshhbunflk4pls"},"id":"e8enj8vvoo2aql1","previousOperationId":"jo0ntyo1xmtger7"}
{"type":"log","timestamp":1705589819135,"level":"debug","message":"Page request: GET (stylesheet) https://cdnjs.cloudflare.com/ajax/libs/metro/4.1.5/css/metro.min.css","meta":{"rootId":"lf2n240pz1iphly","id":"9kshhbunflk4pls"},"id":"k06ogphosi1yyk6","previousOperationId":"jo0ntyo1xmtger7"}
{"type":"log","timestamp":1705589819136,"level":"debug","message":"Page request finished: GET (document) 200 file:///C:/Users/DANIEL~1/AppData/Local/Temp/jsreport/autocleanup/cf7a796e-e3f3-462a-a658-1f055f671789-chrome-pdf.html","meta":{"rootId":"lf2n240pz1iphly","id":"9kshhbunflk4pls"},"id":"bo111negpn6ksqx","previousOperationId":"jo0ntyo1xmtger7"}
{"type":"log","timestamp":1705589819163,"level":"debug","message":"Page request finished: GET (stylesheet) 200 https://cdnjs.cloudflare.com/ajax/libs/metro/4.1.5/css/metro.min.css","meta":{"rootId":"lf2n240pz1iphly","id":"9kshhbunflk4pls"},"id":"wqkh7drtzxneh8s","previousOperationId":"jo0ntyo1xmtger7"}
{"type":"log","timestamp":1705589819188,"level":"debug","message":"Running chrome with params {\"printBackground\":true,\"marginTop\":\"1.5cm\",\"marginRight\":\"1.5cm\",\"marginLeft\":\"1.cm\",\"timeout\":59346,\"margin\":{\"top\":\"1.5cm\",\"right\":\"1.5cm\",\"left\":\"1.cm\"}}","meta":{"rootId":"lf2n240pz1iphly","id":"9kshhbunflk4pls"},"id":"glrzjnvdpbr2jk2","previousOperationId":"jo0ntyo1xmtger7"}
{"type":"operationEnd","operationId":"jo0ntyo1xmtger7","timestamp":1705589819254,"id":"0cn1zxk3wkpv49v","previousEventId":"y1z8x1tz9x3h75c","previousOperationId":"jo0ntyo1xmtger7"}
{"type":"log","timestamp":1705589819254,"level":"debug","message":"Skipping storing report.","meta":{"rootId":"lf2n240pz1iphly","id":"9kshhbunflk4pls"},"id":"hq5ff3rygtl0511","previousOperationId":"jo0ntyo1xmtger7"}
{"type":"log","timestamp":1705589819254,"level":"info","message":"Rendering (child) request finished in 939 ms","meta":{"rootId":"lf2n240pz1iphly","id":"9kshhbunflk4pls"},"id":"gtprysfsbavhjvy","previousOperationId":"jo0ntyo1xmtger7"}
{"type":"operationEnd","subtype":"render","operationId":"cveq9fuqi6apvkz","timestamp":1705589819254,"id":"dzmaj4lcwv3nhi6","previousEventId":"0cn1zxk3wkpv49v","previousOperationId":"jo0ntyo1xmtger7"}
{"type":"operationEnd","operationId":"j86dfyqqlwd8wmy","timestamp":1705589819277,"id":"7osoqu3p65663t2","previousEventId":"ppqmb91qse8hbhn","previousOperationId":"j86dfyqqlwd8wmy"}
{"type":"log","timestamp":1705589819277,"level":"debug","message":"pdf-utils postproces start","meta":{"rootId":"lf2n240pz1iphly","id":"lf2n240pz1iphly"},"id":"wljqh37grx3vgc1","previousOperationId":"j86dfyqqlwd8wmy"}
{"type":"log","timestamp":1705589819300,"level":"debug","message":"pdf-utils postproces end","meta":{"rootId":"lf2n240pz1iphly","id":"lf2n240pz1iphly"},"id":"pbh8fn1k46a6wgm","previousOperationId":"j86dfyqqlwd8wmy"}
{"type":"operationEnd","operationId":"8cy0n63vofa9cwt","timestamp":1705589819301,"id":"oskbhhzti9idfxg","previousEventId":"7osoqu3p65663t2","previousOperationId":"j86dfyqqlwd8wmy"}
{"type":"log","timestamp":1705589819301,"level":"info","message":"pdf-utils pdf processing was finished","meta":{"rootId":"lf2n240pz1iphly","id":"lf2n240pz1iphly"},"id":"3u3twcfz17h12c8","previousOperationId":"8cy0n63vofa9cwt"}
{"type":"log","timestamp":1705589819301,"level":"debug","message":"Skipping storing report.","meta":{"rootId":"lf2n240pz1iphly","id":"lf2n240pz1iphly"},"id":"dfxukpuaqcl90y3","previousOperationId":"8cy0n63vofa9cwt"}
{"type":"log","timestamp":1705589819301,"level":"info","message":"Rendering request 18 finished in 986 ms","meta":{"rootId":"lf2n240pz1iphly","id":"lf2n240pz1iphly"},"id":"xaxhn6mlaxhjgem","previousOperationId":"8cy0n63vofa9cwt"}
{"type":"operationEnd","subtype":"render","operationId":"pilx389kifkfkzm","timestamp":1705589819301,"id":"2c1frgwhmrog0ma","previousEventId":"oskbhhzti9idfxg","previousOperationId":"8cy0n63vofa9cwt"}
{"type":"operationEnd","doDiffs":false,"previousEventId":"55c2f49jgzjlh9a","previousOperationId":"nn1vs6yb3lxaei3","operationId":"nn1vs6yb3lxaei3","timestamp":1705589819318,"id":"vmg2pa1zur6gi6g"}
