{"type":"operationStart","subtype":"profile","data":{"_id":"a8IP1gke96R2AFa6","timestamp":"2024-01-18T17:31:32.781Z","state":"queued","mode":"standard","creationDate":"2024-01-18T17:31:32.783Z","modificationDate":"2024-01-18T17:31:32.783Z","shortid":"SvNs5Bd","$entitySet":"profiles"},"doDiffs":false,"timestamp":1705599092782,"id":"nqmear6r7z39p2q","previousOperationId":null,"operationId":"hkzsyai3bw2ehrb"}
{"type":"log","level":"info","message":"Render request 9 queued for execution and waiting for available worker","previousOperationId":"hkzsyai3bw2ehrb","timestamp":1705599092782,"id":"5qbcxgy9s9gfl38"}
{"type":"operationStart","subtype":"render","name":"orders-main","previousOperationId":"hkzsyai3bw2ehrb","timestamp":1705599092788,"id":"sdhjcyaw2b2rikk","previousEventId":"nqmear6r7z39p2q","operationId":"pg9c29vt85h1lk9"}
{"type":"log","timestamp":1705599092788,"level":"info","message":"Starting rendering request 9","meta":{"rootId":"lg28uop0jpr1daz","id":"lg28uop0jpr1daz"},"id":"20tx0uyf2ewogho","previousOperationId":"pg9c29vt85h1lk9"}
{"type":"log","timestamp":1705599092788,"level":"info","message":"Rendering template { name: orders-main, recipe: chrome-pdf, engine: handlebars, preview: true }","meta":{"rootId":"lg28uop0jpr1daz","id":"lg28uop0jpr1daz"},"id":"st4fiirgz3p5nse","previousOperationId":"pg9c29vt85h1lk9"}
{"type":"log","timestamp":1705599092789,"level":"debug","message":"Data item not defined for this template.","meta":{"rootId":"lg28uop0jpr1daz","id":"lg28uop0jpr1daz"},"id":"ekbsj06of92a04g","previousOperationId":"pg9c29vt85h1lk9"}
{"type":"log","timestamp":1705599092791,"level":"debug","message":"Executing script orders-script (beforeRender)","meta":{"rootId":"lg28uop0jpr1daz","id":"lg28uop0jpr1daz"},"id":"eawjc3l3a4ol892","previousOperationId":"pg9c29vt85h1lk9"}
{"type":"operationStart","subtype":"scriptsBeforeRender","name":"scripts beforeRender","timestamp":1705599092800,"id":"wgw36yz5chnzegp","previousEventId":"sdhjcyaw2b2rikk","operationId":"khmdrnp8b14jjai","previousOperationId":"pg9c29vt85h1lk9"}
{"type":"operationStart","subtype":"script","name":"scripts orders-script","previousOperationId":"khmdrnp8b14jjai","timestamp":1705599092800,"id":"rwitwczetog6lhz","previousEventId":"wgw36yz5chnzegp","operationId":"as6hoyizdkfx21l"}
{"type":"log","timestamp":1705599092809,"level":"debug","message":"(console:log) [ 'Race1', 'Race2' ]","meta":{"userLevel":true,"rootId":"lg28uop0jpr1daz","id":"lg28uop0jpr1daz"},"id":"ca5s7e9qgu5wi26","previousOperationId":"as6hoyizdkfx21l"}
{"type":"log","timestamp":1705599092809,"level":"debug","message":"(console:log) [ 2, 1 ]","meta":{"userLevel":true,"rootId":"lg28uop0jpr1daz","id":"lg28uop0jpr1daz"},"id":"v0rurgc04rfwfjq","previousOperationId":"as6hoyizdkfx21l"}
{"type":"operationEnd","operationId":"as6hoyizdkfx21l","timestamp":1705599092809,"id":"m9c1mbns7m5ru64","previousEventId":"sdhjcyaw2b2rikk","previousOperationId":"pg9c29vt85h1lk9"}
{"type":"operationEnd","operationId":"khmdrnp8b14jjai","timestamp":1705599092809,"id":"qlv01uqpxehdfnp","previousEventId":"m9c1mbns7m5ru64","previousOperationId":"pg9c29vt85h1lk9"}
{"type":"log","timestamp":1705599092809,"level":"debug","message":"Base url not specified, skipping its injection.","meta":{"rootId":"lg28uop0jpr1daz","id":"lg28uop0jpr1daz"},"id":"acix56nfbe2mczp","previousOperationId":"khmdrnp8b14jjai"}
{"type":"operationStart","subtype":"engine","name":"handlebars","timestamp":1705599092809,"id":"8uyatfkc5yq3z1f","previousEventId":"qlv01uqpxehdfnp","operationId":"ubj4t3skfq5aryk","previousOperationId":"khmdrnp8b14jjai"}
{"type":"log","timestamp":1705599092809,"level":"debug","message":"Rendering engine handlebars","meta":{"rootId":"lg28uop0jpr1daz","id":"lg28uop0jpr1daz"},"id":"poz1vecgp2fb1v6","previousOperationId":"ubj4t3skfq5aryk"}
{"type":"log","timestamp":1705599092823,"level":"debug","message":"(console:log) Pdf utils adding group field, value: \"Race1\"","meta":{"userLevel":true,"rootId":"lg28uop0jpr1daz","id":"lg28uop0jpr1daz"},"id":"m68ccgpkroagi6x","previousOperationId":"ubj4t3skfq5aryk"}
{"type":"log","timestamp":1705599092824,"level":"debug","message":"(console:log) Pdf utils adding group field, value: \"Race2\"","meta":{"userLevel":true,"rootId":"lg28uop0jpr1daz","id":"lg28uop0jpr1daz"},"id":"arn1sg92ly3p2nb","previousOperationId":"ubj4t3skfq5aryk"}
{"type":"operationEnd","operationId":"ubj4t3skfq5aryk","timestamp":1705599092824,"id":"x2xtbvm1t918qbs","previousEventId":"8uyatfkc5yq3z1f","previousOperationId":"ubj4t3skfq5aryk"}
{"type":"operationStart","subtype":"recipe","name":"chrome-pdf","timestamp":1705599092824,"id":"ztv3hsc5fzc4u4x","previousEventId":"x2xtbvm1t918qbs","operationId":"3odq6jzwdjdfytl","previousOperationId":"ubj4t3skfq5aryk"}
{"type":"log","timestamp":1705599092824,"level":"debug","message":"Executing recipe chrome-pdf","meta":{"rootId":"lg28uop0jpr1daz","id":"lg28uop0jpr1daz"},"id":"nd75eirkt2l02aw","previousOperationId":"3odq6jzwdjdfytl"}
{"type":"log","timestamp":1705599092826,"level":"debug","message":"Converting with chrome HeadlessChrome/117.0.5938.149 using chrome-pool strategy","meta":{"rootId":"lg28uop0jpr1daz","id":"lg28uop0jpr1daz"},"id":"qy6d3nvtn7ulg3z","previousOperationId":"3odq6jzwdjdfytl"}
{"type":"log","timestamp":1705599092893,"level":"debug","message":"Page request: GET (document) file:///C:/Users/DANIEL~1/AppData/Local/Temp/jsreport/autocleanup/3251bf7f-3464-41fc-8df2-e12a131cef6e-chrome-pdf.html","meta":{"rootId":"lg28uop0jpr1daz","id":"lg28uop0jpr1daz"},"id":"jgb6dia0cqin3sy","previousOperationId":"3odq6jzwdjdfytl"}
{"type":"log","timestamp":1705599092910,"level":"debug","message":"Page request: GET (stylesheet) https://cdnjs.cloudflare.com/ajax/libs/metro/4.1.5/css/metro.min.css","meta":{"rootId":"lg28uop0jpr1daz","id":"lg28uop0jpr1daz"},"id":"ltnd4ik894pwoal","previousOperationId":"3odq6jzwdjdfytl"}
{"type":"log","timestamp":1705599092910,"level":"debug","message":"Page request: GET (script) https://cdn.jsdelivr.net/npm/chart.js","meta":{"rootId":"lg28uop0jpr1daz","id":"lg28uop0jpr1daz"},"id":"9ex551u7auqnaph","previousOperationId":"3odq6jzwdjdfytl"}
{"type":"log","timestamp":1705599092910,"level":"debug","message":"Page request finished: GET (document) 200 file:///C:/Users/DANIEL~1/AppData/Local/Temp/jsreport/autocleanup/3251bf7f-3464-41fc-8df2-e12a131cef6e-chrome-pdf.html","meta":{"rootId":"lg28uop0jpr1daz","id":"lg28uop0jpr1daz"},"id":"tzdigttgd2tlx3z","previousOperationId":"3odq6jzwdjdfytl"}
{"type":"log","timestamp":1705599092914,"level":"debug","message":"Page request finished: GET (script) 200 https://cdn.jsdelivr.net/npm/chart.js","meta":{"rootId":"lg28uop0jpr1daz","id":"lg28uop0jpr1daz"},"id":"5utvtd3zm6yx0xq","previousOperationId":"3odq6jzwdjdfytl"}
{"type":"log","timestamp":1705599092923,"level":"debug","message":"Page request finished: GET (stylesheet) 200 https://cdnjs.cloudflare.com/ajax/libs/metro/4.1.5/css/metro.min.css","meta":{"rootId":"lg28uop0jpr1daz","id":"lg28uop0jpr1daz"},"id":"6uhi91xlt5s6l22","previousOperationId":"3odq6jzwdjdfytl"}
{"type":"log","timestamp":1705599092925,"level":"warn","message":"Page error: Unexpected token ';' , stack: SyntaxError: Unexpected token ';'","meta":{"rootId":"lg28uop0jpr1daz","id":"lg28uop0jpr1daz"},"id":"n6s8jtxuy5193yb","previousOperationId":"3odq6jzwdjdfytl"}
{"type":"log","timestamp":1705599092946,"level":"debug","message":"Running chrome with params {\"printBackground\":true,\"marginTop\":\"4cm\",\"marginRight\":\"1.5cm\",\"marginBottom\":\"1.5cm\",\"marginLeft\":\"1.5cm\",\"waitForJS\":false,\"timeout\":59955,\"margin\":{\"top\":\"4cm\",\"right\":\"1.5cm\",\"bottom\":\"1.5cm\",\"left\":\"1.5cm\"}}","meta":{"rootId":"lg28uop0jpr1daz","id":"lg28uop0jpr1daz"},"id":"r02ae3j8f9ma09t","previousOperationId":"3odq6jzwdjdfytl"}
{"type":"operationEnd","operationId":"3odq6jzwdjdfytl","timestamp":1705599093004,"id":"stv23pc8ji3p928","previousEventId":"ztv3hsc5fzc4u4x","previousOperationId":"3odq6jzwdjdfytl"}
{"type":"log","timestamp":1705599093004,"level":"info","message":"pdf-utils is starting pdf processing","meta":{"rootId":"lg28uop0jpr1daz","id":"lg28uop0jpr1daz"},"id":"3c3qbdk9leejscf","previousOperationId":"3odq6jzwdjdfytl"}
{"type":"operationStart","subtype":"pdfUtils","name":"pdf utils","timestamp":1705599093004,"id":"bxvulxzf8mvueln","previousEventId":"stv23pc8ji3p928","operationId":"rk2i4yumq98yyd5","previousOperationId":"3odq6jzwdjdfytl"}
{"type":"log","timestamp":1705599093004,"level":"debug","message":"pdf-utils detected 1 pdf operation(s) to process","meta":{"rootId":"lg28uop0jpr1daz","id":"lg28uop0jpr1daz"},"id":"dp3ww5hf0l8mv98","previousOperationId":"rk2i4yumq98yyd5"}
{"type":"log","timestamp":1705599093015,"level":"debug","message":"pdf-utils running pdf operation merge","meta":{"rootId":"lg28uop0jpr1daz","id":"lg28uop0jpr1daz"},"id":"cr0ctq9vpk5o08j","previousOperationId":"rk2i4yumq98yyd5"}
{"type":"operationStart","subtype":"pdfUtilsMerge","name":"pdf utils merge","previousOperationId":"rk2i4yumq98yyd5","timestamp":1705599093015,"id":"1i7phamwek8pjl2","previousEventId":"bxvulxzf8mvueln","operationId":"y1ygvatwl1h48mh"}
{"type":"operationStart","subtype":"render","name":"orders-header","previousOperationId":"y1ygvatwl1h48mh","timestamp":1705599093016,"id":"hzwvbdlihdjnm8l","previousEventId":"1i7phamwek8pjl2","operationId":"fm8wxdhx76gi98o"}
{"type":"log","timestamp":1705599093016,"level":"info","message":"Starting rendering (child) request","meta":{"rootId":"lg28uop0jpr1daz","id":"8uc0zs21mt0vg5s"},"id":"09u4r7vnzkapex0","previousOperationId":"fm8wxdhx76gi98o"}
{"type":"log","timestamp":1705599093016,"level":"info","message":"Rendering template { name: orders-header, recipe: chrome-pdf, engine: handlebars, preview: true }","meta":{"rootId":"lg28uop0jpr1daz","id":"8uc0zs21mt0vg5s"},"id":"hn2u4ualwpcf3zi","previousOperationId":"fm8wxdhx76gi98o"}
{"type":"log","timestamp":1705599093016,"level":"debug","message":"Inline data specified.","meta":{"rootId":"lg28uop0jpr1daz","id":"8uc0zs21mt0vg5s"},"id":"1oajhcgexnw034x","previousOperationId":"fm8wxdhx76gi98o"}
{"type":"log","timestamp":1705599093018,"level":"debug","message":"Base url not specified, skipping its injection.","meta":{"rootId":"lg28uop0jpr1daz","id":"8uc0zs21mt0vg5s"},"id":"nodcxcczzynzx9t","previousOperationId":"fm8wxdhx76gi98o"}
{"type":"operationStart","subtype":"engine","name":"handlebars","timestamp":1705599093018,"id":"0mtr79oopboko16","previousEventId":"hzwvbdlihdjnm8l","operationId":"xrsiut10srz8cfu","previousOperationId":"fm8wxdhx76gi98o"}
{"type":"log","timestamp":1705599093018,"level":"debug","message":"Rendering engine handlebars","meta":{"rootId":"lg28uop0jpr1daz","id":"8uc0zs21mt0vg5s"},"id":"p6unsowac9b2tki","previousOperationId":"xrsiut10srz8cfu"}
{"type":"operationEnd","operationId":"xrsiut10srz8cfu","timestamp":1705599093029,"id":"10y97nvpw3sjlua","previousEventId":"0mtr79oopboko16","previousOperationId":"xrsiut10srz8cfu"}
{"type":"operationStart","subtype":"recipe","name":"chrome-pdf","timestamp":1705599093029,"id":"20whmba2cz0zy50","previousEventId":"10y97nvpw3sjlua","operationId":"o41trmvjj3dhmih","previousOperationId":"xrsiut10srz8cfu"}
{"type":"log","timestamp":1705599093029,"level":"debug","message":"Executing recipe chrome-pdf","meta":{"rootId":"lg28uop0jpr1daz","id":"8uc0zs21mt0vg5s"},"id":"owjrx68sujep0pi","previousOperationId":"o41trmvjj3dhmih"}
{"type":"log","timestamp":1705599093031,"level":"debug","message":"Converting with chrome HeadlessChrome/117.0.5938.149 using chrome-pool strategy","meta":{"rootId":"lg28uop0jpr1daz","id":"8uc0zs21mt0vg5s"},"id":"7zl5d3znmcu92t2","previousOperationId":"o41trmvjj3dhmih"}
{"type":"log","timestamp":1705599093104,"level":"debug","message":"Page request: GET (document) file:///C:/Users/DANIEL~1/AppData/Local/Temp/jsreport/autocleanup/92d912fb-121a-4b5b-8859-55ee80649d9b-chrome-pdf.html","meta":{"rootId":"lg28uop0jpr1daz","id":"8uc0zs21mt0vg5s"},"id":"jki811oarmgpuzk","previousOperationId":"o41trmvjj3dhmih"}
{"type":"log","timestamp":1705599093110,"level":"debug","message":"Page request: GET (stylesheet) https://cdnjs.cloudflare.com/ajax/libs/metro/4.1.5/css/metro.min.css","meta":{"rootId":"lg28uop0jpr1daz","id":"8uc0zs21mt0vg5s"},"id":"dhy53j8ujncxc6b","previousOperationId":"o41trmvjj3dhmih"}
{"type":"log","timestamp":1705599093110,"level":"debug","message":"Page request finished: GET (document) 200 file:///C:/Users/DANIEL~1/AppData/Local/Temp/jsreport/autocleanup/92d912fb-121a-4b5b-8859-55ee80649d9b-chrome-pdf.html","meta":{"rootId":"lg28uop0jpr1daz","id":"8uc0zs21mt0vg5s"},"id":"dhwu9kp9c8xnh9d","previousOperationId":"o41trmvjj3dhmih"}
{"type":"log","timestamp":1705599093121,"level":"debug","message":"Page request finished: GET (stylesheet) 200 https://cdnjs.cloudflare.com/ajax/libs/metro/4.1.5/css/metro.min.css","meta":{"rootId":"lg28uop0jpr1daz","id":"8uc0zs21mt0vg5s"},"id":"dlyi13u3fod88tc","previousOperationId":"o41trmvjj3dhmih"}
{"type":"log","timestamp":1705599093133,"level":"debug","message":"Running chrome with params {\"printBackground\":true,\"marginTop\":\"1.5cm\",\"marginRight\":\"1.5cm\",\"marginLeft\":\"1.cm\",\"timeout\":59751,\"margin\":{\"top\":\"1.5cm\",\"right\":\"1.5cm\",\"left\":\"1.cm\"}}","meta":{"rootId":"lg28uop0jpr1daz","id":"8uc0zs21mt0vg5s"},"id":"cb9k64hwfxawg78","previousOperationId":"o41trmvjj3dhmih"}
{"type":"operationEnd","operationId":"o41trmvjj3dhmih","timestamp":1705599093161,"id":"4klfcuo9bflbcpx","previousEventId":"20whmba2cz0zy50","previousOperationId":"o41trmvjj3dhmih"}
{"type":"log","timestamp":1705599093161,"level":"debug","message":"Skipping storing report.","meta":{"rootId":"lg28uop0jpr1daz","id":"8uc0zs21mt0vg5s"},"id":"ueuswh9uyrmx957","previousOperationId":"o41trmvjj3dhmih"}
{"type":"log","timestamp":1705599093161,"level":"info","message":"Rendering (child) request finished in 380 ms","meta":{"rootId":"lg28uop0jpr1daz","id":"8uc0zs21mt0vg5s"},"id":"1rcji3shcpw4y4l","previousOperationId":"o41trmvjj3dhmih"}
{"type":"operationEnd","subtype":"render","operationId":"fm8wxdhx76gi98o","timestamp":1705599093161,"id":"mkupugrjza3y17a","previousEventId":"4klfcuo9bflbcpx","previousOperationId":"o41trmvjj3dhmih"}
{"type":"operationEnd","operationId":"y1ygvatwl1h48mh","timestamp":1705599093168,"id":"jc9llsnr90m0cot","previousEventId":"1i7phamwek8pjl2","previousOperationId":"y1ygvatwl1h48mh"}
{"type":"log","timestamp":1705599093168,"level":"debug","message":"pdf-utils postproces start","meta":{"rootId":"lg28uop0jpr1daz","id":"lg28uop0jpr1daz"},"id":"n4g2en96oxqnpqd","previousOperationId":"y1ygvatwl1h48mh"}
{"type":"log","timestamp":1705599093175,"level":"debug","message":"pdf-utils postproces end","meta":{"rootId":"lg28uop0jpr1daz","id":"lg28uop0jpr1daz"},"id":"vnasrasizxc0oso","previousOperationId":"y1ygvatwl1h48mh"}
{"type":"operationEnd","operationId":"rk2i4yumq98yyd5","timestamp":1705599093175,"id":"3h5bst0a6m1ky2u","previousEventId":"jc9llsnr90m0cot","previousOperationId":"y1ygvatwl1h48mh"}
{"type":"log","timestamp":1705599093175,"level":"info","message":"pdf-utils pdf processing was finished","meta":{"rootId":"lg28uop0jpr1daz","id":"lg28uop0jpr1daz"},"id":"rsld0demp7207ee","previousOperationId":"rk2i4yumq98yyd5"}
{"type":"log","timestamp":1705599093175,"level":"debug","message":"Skipping storing report.","meta":{"rootId":"lg28uop0jpr1daz","id":"lg28uop0jpr1daz"},"id":"qv3cgckvo50r9uv","previousOperationId":"rk2i4yumq98yyd5"}
{"type":"log","timestamp":1705599093175,"level":"info","message":"Rendering request 9 finished in 394 ms","meta":{"rootId":"lg28uop0jpr1daz","id":"lg28uop0jpr1daz"},"id":"bpgfnj1vkmrwqxp","previousOperationId":"rk2i4yumq98yyd5"}
{"type":"operationEnd","subtype":"render","operationId":"pg9c29vt85h1lk9","timestamp":1705599093175,"id":"m1zq54tob4g8ee0","previousEventId":"3h5bst0a6m1ky2u","previousOperationId":"rk2i4yumq98yyd5"}
{"type":"operationEnd","doDiffs":false,"previousEventId":"nqmear6r7z39p2q","previousOperationId":"hkzsyai3bw2ehrb","operationId":"hkzsyai3bw2ehrb","timestamp":1705599093181,"id":"wrpihfowp9knbmr"}
