{"type":"operationStart","subtype":"profile","data":{"_id":"mD0SXi2AS41glHvK","timestamp":"2024-02-21T19:01:20.008Z","state":"queued","mode":"standard","creationDate":"2024-02-21T19:01:20.011Z","modificationDate":"2024-02-21T19:01:20.011Z","shortid":"oWcuI0c","$entitySet":"profiles"},"doDiffs":false,"timestamp":1708542080009,"id":"63ppwge778a6pyr","previousOperationId":null,"operationId":"0wn0uahs19td7zo"}
{"type":"log","level":"info","message":"Render request 18 queued for execution and waiting for available worker","previousOperationId":"0wn0uahs19td7zo","timestamp":1708542080009,"id":"4fncsuk0ey09tpr"}
{"type":"operationStart","subtype":"render","name":"orders-main","previousOperationId":"0wn0uahs19td7zo","timestamp":1708542080018,"id":"t1fu6j3mm6fnm20","previousEventId":"63ppwge778a6pyr","operationId":"cio1gp6g07sn5k6"}
{"type":"log","timestamp":1708542080018,"level":"info","message":"Starting rendering request 18","meta":{"rootId":"lhiol31mc58auan","id":"lhiol31mc58auan"},"id":"5ekb0a5j8r7npds","previousOperationId":"cio1gp6g07sn5k6"}
{"type":"log","timestamp":1708542080019,"level":"info","message":"Rendering template { name: orders-main, recipe: chrome-pdf, engine: handlebars, preview: false }","meta":{"rootId":"lhiol31mc58auan","id":"lhiol31mc58auan"},"id":"6h5hottu66w2iue","previousOperationId":"cio1gp6g07sn5k6"}
{"type":"log","timestamp":1708542080021,"level":"debug","message":"Data item not defined for this template.","meta":{"rootId":"lhiol31mc58auan","id":"lhiol31mc58auan"},"id":"b9uwxgaaetyy93r","previousOperationId":"cio1gp6g07sn5k6"}
{"type":"log","timestamp":1708542080023,"level":"debug","message":"Executing script orders-script (beforeRender)","meta":{"rootId":"lhiol31mc58auan","id":"lhiol31mc58auan"},"id":"vgsgla669ehqvey","previousOperationId":"cio1gp6g07sn5k6"}
{"type":"operationStart","subtype":"scriptsBeforeRender","name":"scripts beforeRender","timestamp":1708542080053,"id":"byrf58zcabak9vu","previousEventId":"t1fu6j3mm6fnm20","operationId":"vrsn3sktulnw3xt","previousOperationId":"cio1gp6g07sn5k6"}
{"type":"operationStart","subtype":"script","name":"scripts orders-script","previousOperationId":"vrsn3sktulnw3xt","timestamp":1708542080054,"id":"4uzur7zpv9vdk8e","previousEventId":"byrf58zcabak9vu","operationId":"0nd30ntllzluwov"}
{"type":"log","timestamp":1708542080078,"level":"debug","message":"(console:log) [ 'ola', 'oola', 'Race1', 'Race2' ]","meta":{"userLevel":true,"rootId":"lhiol31mc58auan","id":"lhiol31mc58auan"},"id":"u5hwwja6kcvrfsl","previousOperationId":"0nd30ntllzluwov"}
{"type":"log","timestamp":1708542080078,"level":"debug","message":"(console:log) [ 0, 0, 1, 1 ]","meta":{"userLevel":true,"rootId":"lhiol31mc58auan","id":"lhiol31mc58auan"},"id":"rejvycdi8u765by","previousOperationId":"0nd30ntllzluwov"}
{"type":"operationEnd","operationId":"0nd30ntllzluwov","timestamp":1708542080078,"id":"8tsqoomevoduavt","previousEventId":"t1fu6j3mm6fnm20","previousOperationId":"cio1gp6g07sn5k6"}
{"type":"operationEnd","operationId":"vrsn3sktulnw3xt","timestamp":1708542080078,"id":"lvnnw6awy2g6iaw","previousEventId":"8tsqoomevoduavt","previousOperationId":"cio1gp6g07sn5k6"}
{"type":"log","timestamp":1708542080078,"level":"debug","message":"Base url not specified, skipping its injection.","meta":{"rootId":"lhiol31mc58auan","id":"lhiol31mc58auan"},"id":"gpxxum2539xxkw2","previousOperationId":"vrsn3sktulnw3xt"}
{"type":"operationStart","subtype":"engine","name":"handlebars","timestamp":1708542080079,"id":"9a33gau8yadvb0k","previousEventId":"lvnnw6awy2g6iaw","operationId":"r8eu9mrxqwxn311","previousOperationId":"vrsn3sktulnw3xt"}
{"type":"log","timestamp":1708542080079,"level":"debug","message":"Rendering engine handlebars","meta":{"rootId":"lhiol31mc58auan","id":"lhiol31mc58auan"},"id":"804ugnoax5tnd7q","previousOperationId":"r8eu9mrxqwxn311"}
{"type":"log","timestamp":1708542080088,"level":"debug","message":"(console:log) Pdf utils adding group field, value: \"ola\"","meta":{"userLevel":true,"rootId":"lhiol31mc58auan","id":"lhiol31mc58auan"},"id":"1ez3oacw7cch14r","previousOperationId":"r8eu9mrxqwxn311"}
{"type":"log","timestamp":1708542080088,"level":"debug","message":"(console:log) Pdf utils adding group field, value: \"oola\"","meta":{"userLevel":true,"rootId":"lhiol31mc58auan","id":"lhiol31mc58auan"},"id":"izsqfvijrgh1sio","previousOperationId":"r8eu9mrxqwxn311"}
{"type":"log","timestamp":1708542080088,"level":"debug","message":"(console:log) Pdf utils adding group field, value: \"Race1\"","meta":{"userLevel":true,"rootId":"lhiol31mc58auan","id":"lhiol31mc58auan"},"id":"pgenvmggfb2dsxf","previousOperationId":"r8eu9mrxqwxn311"}
{"type":"log","timestamp":1708542080088,"level":"debug","message":"(console:log) Pdf utils adding group field, value: \"Race2\"","meta":{"userLevel":true,"rootId":"lhiol31mc58auan","id":"lhiol31mc58auan"},"id":"kufg7qfmsd9kgew","previousOperationId":"r8eu9mrxqwxn311"}
{"type":"operationEnd","operationId":"r8eu9mrxqwxn311","timestamp":1708542080088,"id":"hyn13lwm2m0at3c","previousEventId":"9a33gau8yadvb0k","previousOperationId":"r8eu9mrxqwxn311"}
{"type":"operationStart","subtype":"recipe","name":"chrome-pdf","timestamp":1708542080088,"id":"3ekshr4a342znwy","previousEventId":"hyn13lwm2m0at3c","operationId":"t489b49gnrsqtnx","previousOperationId":"r8eu9mrxqwxn311"}
{"type":"log","timestamp":1708542080088,"level":"debug","message":"Executing recipe chrome-pdf","meta":{"rootId":"lhiol31mc58auan","id":"lhiol31mc58auan"},"id":"svf1tfdeir7nsgr","previousOperationId":"t489b49gnrsqtnx"}
{"type":"log","timestamp":1708542080837,"level":"debug","message":"Converting with chrome HeadlessChrome/117.0.5938.149 using chrome-pool strategy","meta":{"rootId":"lhiol31mc58auan","id":"lhiol31mc58auan"},"id":"y0fnkc067qolp2n","previousOperationId":"t489b49gnrsqtnx"}
{"type":"log","timestamp":1708542080956,"level":"debug","message":"Page request: GET (document) file:///var/folders/tp/6hccbwhd41s4hkmxw_2wkz640000gn/T/jsreport/autocleanup/d628bada-13da-473f-8db7-4392ee314c43-chrome-pdf.html","meta":{"rootId":"lhiol31mc58auan","id":"lhiol31mc58auan"},"id":"c7fhxrk28odhdp4","previousOperationId":"t489b49gnrsqtnx"}
{"type":"log","timestamp":1708542080974,"level":"debug","message":"Page request: GET (stylesheet) https://cdnjs.cloudflare.com/ajax/libs/metro/4.1.5/css/metro.min.css","meta":{"rootId":"lhiol31mc58auan","id":"lhiol31mc58auan"},"id":"ckqmszjb6tv08jz","previousOperationId":"t489b49gnrsqtnx"}
{"type":"log","timestamp":1708542080974,"level":"debug","message":"Page request: GET (script) https://cdn.jsdelivr.net/npm/chart.js","meta":{"rootId":"lhiol31mc58auan","id":"lhiol31mc58auan"},"id":"jkd96eeuv6o1etz","previousOperationId":"t489b49gnrsqtnx"}
{"type":"log","timestamp":1708542080974,"level":"debug","message":"Page request finished: GET (document) 200 file:///var/folders/tp/6hccbwhd41s4hkmxw_2wkz640000gn/T/jsreport/autocleanup/d628bada-13da-473f-8db7-4392ee314c43-chrome-pdf.html","meta":{"rootId":"lhiol31mc58auan","id":"lhiol31mc58auan"},"id":"tw8vlnl46domb31","previousOperationId":"t489b49gnrsqtnx"}
{"type":"log","timestamp":1708542081255,"level":"debug","message":"Page request finished: GET (stylesheet) 200 https://cdnjs.cloudflare.com/ajax/libs/metro/4.1.5/css/metro.min.css","meta":{"rootId":"lhiol31mc58auan","id":"lhiol31mc58auan"},"id":"r6r5v7hxvpepvrt","previousOperationId":"t489b49gnrsqtnx"}
{"type":"log","timestamp":1708542081341,"level":"debug","message":"Page request finished: GET (script) 200 https://cdn.jsdelivr.net/npm/chart.js","meta":{"rootId":"lhiol31mc58auan","id":"lhiol31mc58auan"},"id":"5exhutukdo98pfw","previousOperationId":"t489b49gnrsqtnx"}
{"type":"log","timestamp":1708542081454,"level":"debug","message":"Running chrome with params {\"printBackground\":true,\"marginTop\":\"4cm\",\"marginRight\":\"1.5cm\",\"marginBottom\":\"1.5cm\",\"marginLeft\":\"1.5cm\",\"waitForJS\":false,\"timeout\":59918,\"margin\":{\"top\":\"4cm\",\"right\":\"1.5cm\",\"bottom\":\"1.5cm\",\"left\":\"1.5cm\"}}","meta":{"rootId":"lhiol31mc58auan","id":"lhiol31mc58auan"},"id":"871i6t83z3ud3xl","previousOperationId":"t489b49gnrsqtnx"}
{"type":"operationEnd","operationId":"t489b49gnrsqtnx","timestamp":1708542081516,"id":"v7w2pmjv76yuo19","previousEventId":"3ekshr4a342znwy","previousOperationId":"t489b49gnrsqtnx"}
{"type":"log","timestamp":1708542081516,"level":"info","message":"pdf-utils is starting pdf processing","meta":{"rootId":"lhiol31mc58auan","id":"lhiol31mc58auan"},"id":"c562bgpv50clcas","previousOperationId":"t489b49gnrsqtnx"}
{"type":"operationStart","subtype":"pdfUtils","name":"pdf utils","timestamp":1708542081516,"id":"ryn9qgoefdcfp1m","previousEventId":"v7w2pmjv76yuo19","operationId":"bsblql0vys14qbt","previousOperationId":"t489b49gnrsqtnx"}
{"type":"log","timestamp":1708542081516,"level":"debug","message":"pdf-utils detected 1 pdf operation(s) to process","meta":{"rootId":"lhiol31mc58auan","id":"lhiol31mc58auan"},"id":"4xwdjmd4m3m78tz","previousOperationId":"bsblql0vys14qbt"}
{"type":"log","timestamp":1708542081559,"level":"debug","message":"pdf-utils running pdf operation merge","meta":{"rootId":"lhiol31mc58auan","id":"lhiol31mc58auan"},"id":"jodgpv3n11et1zi","previousOperationId":"bsblql0vys14qbt"}
{"type":"operationStart","subtype":"pdfUtilsMerge","name":"pdf utils merge","previousOperationId":"bsblql0vys14qbt","timestamp":1708542081559,"id":"78lc1pr41j6ezay","previousEventId":"ryn9qgoefdcfp1m","operationId":"aptkw3tmj1a58ny"}
{"type":"operationStart","subtype":"render","name":"orders-header","previousOperationId":"aptkw3tmj1a58ny","timestamp":1708542081560,"id":"le9ni33mepuv5jv","previousEventId":"78lc1pr41j6ezay","operationId":"mkhkibhvsdttz97"}
{"type":"log","timestamp":1708542081560,"level":"info","message":"Starting rendering (child) request","meta":{"rootId":"lhiol31mc58auan","id":"wy4q2t4akk32fq1"},"id":"9h53rpjmguuep5r","previousOperationId":"mkhkibhvsdttz97"}
{"type":"log","timestamp":1708542081560,"level":"info","message":"Rendering template { name: orders-header, recipe: chrome-pdf, engine: handlebars, preview: false }","meta":{"rootId":"lhiol31mc58auan","id":"wy4q2t4akk32fq1"},"id":"oo4422nus3enzlv","previousOperationId":"mkhkibhvsdttz97"}
{"type":"log","timestamp":1708542081560,"level":"debug","message":"Inline data specified.","meta":{"rootId":"lhiol31mc58auan","id":"wy4q2t4akk32fq1"},"id":"2forsgolqz36soh","previousOperationId":"mkhkibhvsdttz97"}
{"type":"log","timestamp":1708542081561,"level":"debug","message":"Base url not specified, skipping its injection.","meta":{"rootId":"lhiol31mc58auan","id":"wy4q2t4akk32fq1"},"id":"4d517263vee53br","previousOperationId":"mkhkibhvsdttz97"}
{"type":"operationStart","subtype":"engine","name":"handlebars","timestamp":1708542081561,"id":"ws04pn4hlqdfmww","previousEventId":"le9ni33mepuv5jv","operationId":"t7ypobzrdy0mpkg","previousOperationId":"mkhkibhvsdttz97"}
{"type":"log","timestamp":1708542081561,"level":"debug","message":"Rendering engine handlebars","meta":{"rootId":"lhiol31mc58auan","id":"wy4q2t4akk32fq1"},"id":"o6nqil0jpsk0891","previousOperationId":"t7ypobzrdy0mpkg"}
{"type":"operationEnd","operationId":"t7ypobzrdy0mpkg","timestamp":1708542081566,"id":"rzqremvdo21bgkh","previousEventId":"ws04pn4hlqdfmww","previousOperationId":"t7ypobzrdy0mpkg"}
{"type":"operationStart","subtype":"recipe","name":"chrome-pdf","timestamp":1708542081567,"id":"kan6i7ynjtrhf9d","previousEventId":"rzqremvdo21bgkh","operationId":"jbetwe5615bmthf","previousOperationId":"t7ypobzrdy0mpkg"}
{"type":"log","timestamp":1708542081567,"level":"debug","message":"Executing recipe chrome-pdf","meta":{"rootId":"lhiol31mc58auan","id":"wy4q2t4akk32fq1"},"id":"py505it9f34i8ih","previousOperationId":"jbetwe5615bmthf"}
{"type":"log","timestamp":1708542081567,"level":"debug","message":"Converting with chrome HeadlessChrome/117.0.5938.149 using chrome-pool strategy","meta":{"rootId":"lhiol31mc58auan","id":"wy4q2t4akk32fq1"},"id":"jxdp99z4vvuw9vt","previousOperationId":"jbetwe5615bmthf"}
{"type":"log","timestamp":1708542081606,"level":"debug","message":"Page request: GET (document) file:///var/folders/tp/6hccbwhd41s4hkmxw_2wkz640000gn/T/jsreport/autocleanup/c19444dd-942c-4cdd-934d-84c39ae9c305-chrome-pdf.html","meta":{"rootId":"lhiol31mc58auan","id":"wy4q2t4akk32fq1"},"id":"2e4uy5rx845b9e1","previousOperationId":"jbetwe5615bmthf"}
{"type":"log","timestamp":1708542081612,"level":"debug","message":"Page request: GET (stylesheet) https://cdnjs.cloudflare.com/ajax/libs/metro/4.1.5/css/metro.min.css","meta":{"rootId":"lhiol31mc58auan","id":"wy4q2t4akk32fq1"},"id":"h88s9mrd2llkxhn","previousOperationId":"jbetwe5615bmthf"}
{"type":"log","timestamp":1708542081612,"level":"debug","message":"Page request finished: GET (document) 200 file:///var/folders/tp/6hccbwhd41s4hkmxw_2wkz640000gn/T/jsreport/autocleanup/c19444dd-942c-4cdd-934d-84c39ae9c305-chrome-pdf.html","meta":{"rootId":"lhiol31mc58auan","id":"wy4q2t4akk32fq1"},"id":"a55wrwomf9pgfrw","previousOperationId":"jbetwe5615bmthf"}
{"type":"log","timestamp":1708542081619,"level":"debug","message":"Page request finished: GET (stylesheet) 200 https://cdnjs.cloudflare.com/ajax/libs/metro/4.1.5/css/metro.min.css","meta":{"rootId":"lhiol31mc58auan","id":"wy4q2t4akk32fq1"},"id":"49a7ig2ef4lsefo","previousOperationId":"jbetwe5615bmthf"}
{"type":"log","timestamp":1708542081638,"level":"debug","message":"Running chrome with params {\"printBackground\":true,\"marginTop\":\"1.5cm\",\"marginRight\":\"1.5cm\",\"marginLeft\":\"1.cm\",\"timeout\":58440,\"margin\":{\"top\":\"1.5cm\",\"right\":\"1.5cm\",\"left\":\"1.cm\"}}","meta":{"rootId":"lhiol31mc58auan","id":"wy4q2t4akk32fq1"},"id":"5zblat3gycpjaf8","previousOperationId":"jbetwe5615bmthf"}
{"type":"operationEnd","operationId":"jbetwe5615bmthf","timestamp":1708542081659,"id":"uyr40xh7hm7bg8r","previousEventId":"kan6i7ynjtrhf9d","previousOperationId":"jbetwe5615bmthf"}
{"type":"log","timestamp":1708542081659,"level":"debug","message":"Skipping storing report.","meta":{"rootId":"lhiol31mc58auan","id":"wy4q2t4akk32fq1"},"id":"laf0lzeax1tyuoy","previousOperationId":"jbetwe5615bmthf"}
{"type":"log","timestamp":1708542081659,"level":"info","message":"Rendering (child) request finished in 1652 ms","meta":{"rootId":"lhiol31mc58auan","id":"wy4q2t4akk32fq1"},"id":"4z330iootvqdw0i","previousOperationId":"jbetwe5615bmthf"}
{"type":"operationEnd","subtype":"render","operationId":"mkhkibhvsdttz97","timestamp":1708542081659,"id":"mdzfsbgo0ro2gly","previousEventId":"uyr40xh7hm7bg8r","previousOperationId":"jbetwe5615bmthf"}
{"type":"operationEnd","operationId":"aptkw3tmj1a58ny","timestamp":1708542081686,"id":"te1n5e14gzfk2bj","previousEventId":"78lc1pr41j6ezay","previousOperationId":"aptkw3tmj1a58ny"}
{"type":"log","timestamp":1708542081686,"level":"debug","message":"pdf-utils postproces start","meta":{"rootId":"lhiol31mc58auan","id":"lhiol31mc58auan"},"id":"9vn7ofh1dws59hu","previousOperationId":"aptkw3tmj1a58ny"}
{"type":"log","timestamp":1708542081746,"level":"debug","message":"pdf-utils postproces end","meta":{"rootId":"lhiol31mc58auan","id":"lhiol31mc58auan"},"id":"vpl490b69hzc1xx","previousOperationId":"aptkw3tmj1a58ny"}
{"type":"operationEnd","operationId":"bsblql0vys14qbt","timestamp":1708542081746,"id":"s13ousb16lyadid","previousEventId":"te1n5e14gzfk2bj","previousOperationId":"aptkw3tmj1a58ny"}
{"type":"log","timestamp":1708542081746,"level":"info","message":"pdf-utils pdf processing was finished","meta":{"rootId":"lhiol31mc58auan","id":"lhiol31mc58auan"},"id":"xvasb62q06ofjbu","previousOperationId":"bsblql0vys14qbt"}
{"type":"log","timestamp":1708542081746,"level":"debug","message":"Skipping storing report.","meta":{"rootId":"lhiol31mc58auan","id":"lhiol31mc58auan"},"id":"nkfei6q5bpori5a","previousOperationId":"bsblql0vys14qbt"}
{"type":"log","timestamp":1708542081746,"level":"info","message":"Rendering request 18 finished in 1739 ms","meta":{"rootId":"lhiol31mc58auan","id":"lhiol31mc58auan"},"id":"0owjc7woxrha3ql","previousOperationId":"bsblql0vys14qbt"}
{"type":"operationEnd","subtype":"render","operationId":"cio1gp6g07sn5k6","timestamp":1708542081746,"id":"hgewwbcepvfdmda","previousEventId":"s13ousb16lyadid","previousOperationId":"bsblql0vys14qbt"}
{"type":"operationEnd","doDiffs":false,"previousEventId":"63ppwge778a6pyr","previousOperationId":"0wn0uahs19td7zo","operationId":"0wn0uahs19td7zo","timestamp":1708542081748,"id":"onz3ugpt7hm54kh"}
