{"type":"operationStart","subtype":"profile","data":{"_id":"HOVggT64DpP3hLE2","timestamp":"2024-02-21T19:01:50.566Z","state":"queued","mode":"standard","creationDate":"2024-02-21T19:01:50.569Z","modificationDate":"2024-02-21T19:01:50.569Z","shortid":"S4jXZxp","$entitySet":"profiles"},"doDiffs":false,"timestamp":1708542110568,"id":"9qdbi80al3mv9xu","previousOperationId":null,"operationId":"lmvm6uqm478oqb5"}
{"type":"log","level":"info","message":"Render request 19 queued for execution and waiting for available worker","previousOperationId":"lmvm6uqm478oqb5","timestamp":1708542110568,"id":"976o20brtpg6eqs"}
{"type":"operationStart","subtype":"render","name":"orders-main","previousOperationId":"lmvm6uqm478oqb5","timestamp":1708542110572,"id":"hsje3gxn2zctsu7","previousEventId":"9qdbi80al3mv9xu","operationId":"glejzpvg30prnvs"}
{"type":"log","timestamp":1708542110572,"level":"info","message":"Starting rendering request 19","meta":{"rootId":"lmfmpurt32zglkq","id":"lmfmpurt32zglkq"},"id":"m9p5qwobn3egz33","previousOperationId":"glejzpvg30prnvs"}
{"type":"log","timestamp":1708542110572,"level":"info","message":"Rendering template { name: orders-main, recipe: chrome-pdf, engine: handlebars, preview: false }","meta":{"rootId":"lmfmpurt32zglkq","id":"lmfmpurt32zglkq"},"id":"4h2qi0va2a3c063","previousOperationId":"glejzpvg30prnvs"}
{"type":"log","timestamp":1708542110572,"level":"debug","message":"Data item not defined for this template.","meta":{"rootId":"lmfmpurt32zglkq","id":"lmfmpurt32zglkq"},"id":"9goeh84twggc44p","previousOperationId":"glejzpvg30prnvs"}
{"type":"log","timestamp":1708542110573,"level":"debug","message":"Executing script orders-script (beforeRender)","meta":{"rootId":"lmfmpurt32zglkq","id":"lmfmpurt32zglkq"},"id":"qlx2tgdaeirata1","previousOperationId":"glejzpvg30prnvs"}
{"type":"operationStart","subtype":"scriptsBeforeRender","name":"scripts beforeRender","timestamp":1708542110591,"id":"252walgtqp7hntb","previousEventId":"hsje3gxn2zctsu7","operationId":"3x8rcdsng2w6euk","previousOperationId":"glejzpvg30prnvs"}
{"type":"operationStart","subtype":"script","name":"scripts orders-script","previousOperationId":"3x8rcdsng2w6euk","timestamp":1708542110591,"id":"19x4evdybymlcbz","previousEventId":"252walgtqp7hntb","operationId":"tkpzjn9018ayjmn"}
{"type":"log","timestamp":1708542110617,"level":"debug","message":"(console:log) [ 'ola', 'oola', 'Race1', 'Race2' ]","meta":{"userLevel":true,"rootId":"lmfmpurt32zglkq","id":"lmfmpurt32zglkq"},"id":"z06lxn8ad3evxkq","previousOperationId":"tkpzjn9018ayjmn"}
{"type":"log","timestamp":1708542110617,"level":"debug","message":"(console:log) [ 0, 0, 1, 1 ]","meta":{"userLevel":true,"rootId":"lmfmpurt32zglkq","id":"lmfmpurt32zglkq"},"id":"d6im0wy0bu1gk15","previousOperationId":"tkpzjn9018ayjmn"}
{"type":"operationEnd","operationId":"tkpzjn9018ayjmn","timestamp":1708542110618,"id":"ezjov00dx95dn9a","previousEventId":"hsje3gxn2zctsu7","previousOperationId":"glejzpvg30prnvs"}
{"type":"operationEnd","operationId":"3x8rcdsng2w6euk","timestamp":1708542110618,"id":"qd0u5y2g0cu7jhm","previousEventId":"ezjov00dx95dn9a","previousOperationId":"glejzpvg30prnvs"}
{"type":"log","timestamp":1708542110618,"level":"debug","message":"Base url not specified, skipping its injection.","meta":{"rootId":"lmfmpurt32zglkq","id":"lmfmpurt32zglkq"},"id":"fqkuzhpbp95n2lh","previousOperationId":"3x8rcdsng2w6euk"}
{"type":"operationStart","subtype":"engine","name":"handlebars","timestamp":1708542110618,"id":"e02ek2cufr0fu4s","previousEventId":"qd0u5y2g0cu7jhm","operationId":"9vpogu3sd5hdnwu","previousOperationId":"3x8rcdsng2w6euk"}
{"type":"log","timestamp":1708542110618,"level":"debug","message":"Rendering engine handlebars","meta":{"rootId":"lmfmpurt32zglkq","id":"lmfmpurt32zglkq"},"id":"6ovi761e3d4f812","previousOperationId":"9vpogu3sd5hdnwu"}
{"type":"log","timestamp":1708542110620,"level":"debug","message":"(console:log) Pdf utils adding group field, value: \"ola\"","meta":{"userLevel":true,"rootId":"lmfmpurt32zglkq","id":"lmfmpurt32zglkq"},"id":"zthe4ps3tpg0h1j","previousOperationId":"9vpogu3sd5hdnwu"}
{"type":"log","timestamp":1708542110621,"level":"debug","message":"(console:log) Pdf utils adding group field, value: \"oola\"","meta":{"userLevel":true,"rootId":"lmfmpurt32zglkq","id":"lmfmpurt32zglkq"},"id":"occtedwrqdx9ik9","previousOperationId":"9vpogu3sd5hdnwu"}
{"type":"log","timestamp":1708542110621,"level":"debug","message":"(console:log) Pdf utils adding group field, value: \"Race1\"","meta":{"userLevel":true,"rootId":"lmfmpurt32zglkq","id":"lmfmpurt32zglkq"},"id":"tnlvx1e5ozt55aa","previousOperationId":"9vpogu3sd5hdnwu"}
{"type":"log","timestamp":1708542110621,"level":"debug","message":"(console:log) Pdf utils adding group field, value: \"Race2\"","meta":{"userLevel":true,"rootId":"lmfmpurt32zglkq","id":"lmfmpurt32zglkq"},"id":"4gniufvbi2txpzr","previousOperationId":"9vpogu3sd5hdnwu"}
{"type":"operationEnd","operationId":"9vpogu3sd5hdnwu","timestamp":1708542110621,"id":"olopayxhvj1b78d","previousEventId":"e02ek2cufr0fu4s","previousOperationId":"9vpogu3sd5hdnwu"}
{"type":"operationStart","subtype":"recipe","name":"chrome-pdf","timestamp":1708542110621,"id":"c409xmz2iv9xal4","previousEventId":"olopayxhvj1b78d","operationId":"9y7ahw13zt6rkbc","previousOperationId":"9vpogu3sd5hdnwu"}
{"type":"log","timestamp":1708542110621,"level":"debug","message":"Executing recipe chrome-pdf","meta":{"rootId":"lmfmpurt32zglkq","id":"lmfmpurt32zglkq"},"id":"9msy1pnbdpbdhik","previousOperationId":"9y7ahw13zt6rkbc"}
{"type":"log","timestamp":1708542110895,"level":"debug","message":"Converting with chrome HeadlessChrome/117.0.5938.149 using chrome-pool strategy","meta":{"rootId":"lmfmpurt32zglkq","id":"lmfmpurt32zglkq"},"id":"phsv7r3hvrxltpq","previousOperationId":"9y7ahw13zt6rkbc"}
{"type":"log","timestamp":1708542110945,"level":"debug","message":"Page request: GET (document) file:///var/folders/tp/6hccbwhd41s4hkmxw_2wkz640000gn/T/jsreport/autocleanup/452bf637-607a-4d84-95ba-ea595e574af1-chrome-pdf.html","meta":{"rootId":"lmfmpurt32zglkq","id":"lmfmpurt32zglkq"},"id":"2j1cuois3pme3e0","previousOperationId":"9y7ahw13zt6rkbc"}
{"type":"log","timestamp":1708542110951,"level":"debug","message":"Page request: GET (stylesheet) https://cdnjs.cloudflare.com/ajax/libs/metro/4.1.5/css/metro.min.css","meta":{"rootId":"lmfmpurt32zglkq","id":"lmfmpurt32zglkq"},"id":"feauwvl23r4hzrj","previousOperationId":"9y7ahw13zt6rkbc"}
{"type":"log","timestamp":1708542110951,"level":"debug","message":"Page request: GET (script) https://cdn.jsdelivr.net/npm/chart.js","meta":{"rootId":"lmfmpurt32zglkq","id":"lmfmpurt32zglkq"},"id":"qvwonl8q8pcqme1","previousOperationId":"9y7ahw13zt6rkbc"}
{"type":"log","timestamp":1708542110951,"level":"debug","message":"Page request finished: GET (document) 200 file:///var/folders/tp/6hccbwhd41s4hkmxw_2wkz640000gn/T/jsreport/autocleanup/452bf637-607a-4d84-95ba-ea595e574af1-chrome-pdf.html","meta":{"rootId":"lmfmpurt32zglkq","id":"lmfmpurt32zglkq"},"id":"wfln0t9umemdw29","previousOperationId":"9y7ahw13zt6rkbc"}
{"type":"log","timestamp":1708542111248,"level":"debug","message":"Page request finished: GET (stylesheet) 200 https://cdnjs.cloudflare.com/ajax/libs/metro/4.1.5/css/metro.min.css","meta":{"rootId":"lmfmpurt32zglkq","id":"lmfmpurt32zglkq"},"id":"ai5eziac9qfxvvx","previousOperationId":"9y7ahw13zt6rkbc"}
{"type":"log","timestamp":1708542111358,"level":"debug","message":"Page request finished: GET (script) 200 https://cdn.jsdelivr.net/npm/chart.js","meta":{"rootId":"lmfmpurt32zglkq","id":"lmfmpurt32zglkq"},"id":"t6iq77mzdpvlwwn","previousOperationId":"9y7ahw13zt6rkbc"}
{"type":"log","timestamp":1708542111410,"level":"debug","message":"Running chrome with params {\"printBackground\":true,\"marginTop\":\"4cm\",\"marginRight\":\"1.5cm\",\"marginBottom\":\"1.5cm\",\"marginLeft\":\"1.5cm\",\"waitForJS\":false,\"timeout\":59944,\"margin\":{\"top\":\"4cm\",\"right\":\"1.5cm\",\"bottom\":\"1.5cm\",\"left\":\"1.5cm\"}}","meta":{"rootId":"lmfmpurt32zglkq","id":"lmfmpurt32zglkq"},"id":"qcvobqzgt05u34c","previousOperationId":"9y7ahw13zt6rkbc"}
{"type":"operationEnd","operationId":"9y7ahw13zt6rkbc","timestamp":1708542111455,"id":"5nhazc1k8dr6qns","previousEventId":"c409xmz2iv9xal4","previousOperationId":"9y7ahw13zt6rkbc"}
{"type":"log","timestamp":1708542111455,"level":"info","message":"pdf-utils is starting pdf processing","meta":{"rootId":"lmfmpurt32zglkq","id":"lmfmpurt32zglkq"},"id":"tj51w1gdc5zlczk","previousOperationId":"9y7ahw13zt6rkbc"}
{"type":"operationStart","subtype":"pdfUtils","name":"pdf utils","timestamp":1708542111456,"id":"p93yrfy4nzswjal","previousEventId":"5nhazc1k8dr6qns","operationId":"nbwcr05dif0vhr3","previousOperationId":"9y7ahw13zt6rkbc"}
{"type":"log","timestamp":1708542111456,"level":"debug","message":"pdf-utils detected 1 pdf operation(s) to process","meta":{"rootId":"lmfmpurt32zglkq","id":"lmfmpurt32zglkq"},"id":"2ojeyeqif8nfkw3","previousOperationId":"nbwcr05dif0vhr3"}
{"type":"log","timestamp":1708542111487,"level":"debug","message":"pdf-utils running pdf operation merge","meta":{"rootId":"lmfmpurt32zglkq","id":"lmfmpurt32zglkq"},"id":"byd885ef02jwpeu","previousOperationId":"nbwcr05dif0vhr3"}
{"type":"operationStart","subtype":"pdfUtilsMerge","name":"pdf utils merge","previousOperationId":"nbwcr05dif0vhr3","timestamp":1708542111487,"id":"fumfdtv5v1cd8nb","previousEventId":"p93yrfy4nzswjal","operationId":"jjfk2t2hdidrlx6"}
{"type":"operationStart","subtype":"render","name":"orders-header","previousOperationId":"jjfk2t2hdidrlx6","timestamp":1708542111488,"id":"vpyedse5sah90u7","previousEventId":"fumfdtv5v1cd8nb","operationId":"7p8yl5mh5pakykz"}
{"type":"log","timestamp":1708542111488,"level":"info","message":"Starting rendering (child) request","meta":{"rootId":"lmfmpurt32zglkq","id":"5me1dmt05f9cp5e"},"id":"3orav3l138fry06","previousOperationId":"7p8yl5mh5pakykz"}
{"type":"log","timestamp":1708542111488,"level":"info","message":"Rendering template { name: orders-header, recipe: chrome-pdf, engine: handlebars, preview: false }","meta":{"rootId":"lmfmpurt32zglkq","id":"5me1dmt05f9cp5e"},"id":"ld6x041orggncn4","previousOperationId":"7p8yl5mh5pakykz"}
{"type":"log","timestamp":1708542111488,"level":"debug","message":"Inline data specified.","meta":{"rootId":"lmfmpurt32zglkq","id":"5me1dmt05f9cp5e"},"id":"xmv6x9xemp7rvxp","previousOperationId":"7p8yl5mh5pakykz"}
{"type":"log","timestamp":1708542111489,"level":"debug","message":"Base url not specified, skipping its injection.","meta":{"rootId":"lmfmpurt32zglkq","id":"5me1dmt05f9cp5e"},"id":"aiywnfmzptkcdcw","previousOperationId":"7p8yl5mh5pakykz"}
{"type":"operationStart","subtype":"engine","name":"handlebars","timestamp":1708542111489,"id":"8qxigjueodsdi17","previousEventId":"vpyedse5sah90u7","operationId":"jdxsyqamdm98t77","previousOperationId":"7p8yl5mh5pakykz"}
{"type":"log","timestamp":1708542111489,"level":"debug","message":"Rendering engine handlebars","meta":{"rootId":"lmfmpurt32zglkq","id":"5me1dmt05f9cp5e"},"id":"g2g5t6aker2b6dq","previousOperationId":"jdxsyqamdm98t77"}
{"type":"operationEnd","operationId":"jdxsyqamdm98t77","timestamp":1708542111493,"id":"99pnwr4yqewq1e7","previousEventId":"8qxigjueodsdi17","previousOperationId":"jdxsyqamdm98t77"}
{"type":"operationStart","subtype":"recipe","name":"chrome-pdf","timestamp":1708542111493,"id":"uyhujvekpk77rll","previousEventId":"99pnwr4yqewq1e7","operationId":"p6e43dlxihmxqap","previousOperationId":"jdxsyqamdm98t77"}
{"type":"log","timestamp":1708542111493,"level":"debug","message":"Executing recipe chrome-pdf","meta":{"rootId":"lmfmpurt32zglkq","id":"5me1dmt05f9cp5e"},"id":"ffkke85w5lyr1ub","previousOperationId":"p6e43dlxihmxqap"}
{"type":"log","timestamp":1708542111514,"level":"debug","message":"Converting with chrome HeadlessChrome/117.0.5938.149 using chrome-pool strategy","meta":{"rootId":"lmfmpurt32zglkq","id":"5me1dmt05f9cp5e"},"id":"cw4lj468ific5ib","previousOperationId":"p6e43dlxihmxqap"}
{"type":"log","timestamp":1708542111554,"level":"debug","message":"Page request: GET (document) file:///var/folders/tp/6hccbwhd41s4hkmxw_2wkz640000gn/T/jsreport/autocleanup/6a0486d4-f952-4a33-a0fa-7aad5ca66a57-chrome-pdf.html","meta":{"rootId":"lmfmpurt32zglkq","id":"5me1dmt05f9cp5e"},"id":"ide6eig7966unjm","previousOperationId":"p6e43dlxihmxqap"}
{"type":"log","timestamp":1708542111560,"level":"debug","message":"Page request: GET (stylesheet) https://cdnjs.cloudflare.com/ajax/libs/metro/4.1.5/css/metro.min.css","meta":{"rootId":"lmfmpurt32zglkq","id":"5me1dmt05f9cp5e"},"id":"6h66vqrwf8zsswk","previousOperationId":"p6e43dlxihmxqap"}
{"type":"log","timestamp":1708542111561,"level":"debug","message":"Page request finished: GET (document) 200 file:///var/folders/tp/6hccbwhd41s4hkmxw_2wkz640000gn/T/jsreport/autocleanup/6a0486d4-f952-4a33-a0fa-7aad5ca66a57-chrome-pdf.html","meta":{"rootId":"lmfmpurt32zglkq","id":"5me1dmt05f9cp5e"},"id":"p62kzigw3perz70","previousOperationId":"p6e43dlxihmxqap"}
{"type":"log","timestamp":1708542111568,"level":"debug","message":"Page request finished: GET (stylesheet) 200 https://cdnjs.cloudflare.com/ajax/libs/metro/4.1.5/css/metro.min.css","meta":{"rootId":"lmfmpurt32zglkq","id":"5me1dmt05f9cp5e"},"id":"t6cxww2kmd9c8il","previousOperationId":"p6e43dlxihmxqap"}
{"type":"log","timestamp":1708542111586,"level":"debug","message":"Running chrome with params {\"printBackground\":true,\"marginTop\":\"1.5cm\",\"marginRight\":\"1.5cm\",\"marginLeft\":\"1.cm\",\"timeout\":59052,\"margin\":{\"top\":\"1.5cm\",\"right\":\"1.5cm\",\"left\":\"1.cm\"}}","meta":{"rootId":"lmfmpurt32zglkq","id":"5me1dmt05f9cp5e"},"id":"kpt9i5adbza5cpi","previousOperationId":"p6e43dlxihmxqap"}
{"type":"operationEnd","operationId":"p6e43dlxihmxqap","timestamp":1708542111606,"id":"rdbycl3cxow1smp","previousEventId":"uyhujvekpk77rll","previousOperationId":"p6e43dlxihmxqap"}
{"type":"log","timestamp":1708542111607,"level":"debug","message":"Skipping storing report.","meta":{"rootId":"lmfmpurt32zglkq","id":"5me1dmt05f9cp5e"},"id":"yidqppwd0bazxap","previousOperationId":"p6e43dlxihmxqap"}
{"type":"log","timestamp":1708542111607,"level":"info","message":"Rendering (child) request finished in 1042 ms","meta":{"rootId":"lmfmpurt32zglkq","id":"5me1dmt05f9cp5e"},"id":"8sfpqwb8ki2erx2","previousOperationId":"p6e43dlxihmxqap"}
{"type":"operationEnd","subtype":"render","operationId":"7p8yl5mh5pakykz","timestamp":1708542111607,"id":"902o28lch1rvw4m","previousEventId":"rdbycl3cxow1smp","previousOperationId":"p6e43dlxihmxqap"}
{"type":"operationEnd","operationId":"jjfk2t2hdidrlx6","timestamp":1708542111624,"id":"o908emu9h7md6qs","previousEventId":"fumfdtv5v1cd8nb","previousOperationId":"jjfk2t2hdidrlx6"}
{"type":"log","timestamp":1708542111624,"level":"debug","message":"pdf-utils postproces start","meta":{"rootId":"lmfmpurt32zglkq","id":"lmfmpurt32zglkq"},"id":"x5cklqxtxslbyuu","previousOperationId":"jjfk2t2hdidrlx6"}
{"type":"log","timestamp":1708542111646,"level":"debug","message":"pdf-utils postproces end","meta":{"rootId":"lmfmpurt32zglkq","id":"lmfmpurt32zglkq"},"id":"t1jk6nykco1rs6v","previousOperationId":"jjfk2t2hdidrlx6"}
{"type":"operationEnd","operationId":"nbwcr05dif0vhr3","timestamp":1708542111646,"id":"u6chxsmx287jgtz","previousEventId":"o908emu9h7md6qs","previousOperationId":"jjfk2t2hdidrlx6"}
{"type":"log","timestamp":1708542111646,"level":"info","message":"pdf-utils pdf processing was finished","meta":{"rootId":"lmfmpurt32zglkq","id":"lmfmpurt32zglkq"},"id":"rgs3qi12gxru847","previousOperationId":"nbwcr05dif0vhr3"}
{"type":"log","timestamp":1708542111646,"level":"debug","message":"Skipping storing report.","meta":{"rootId":"lmfmpurt32zglkq","id":"lmfmpurt32zglkq"},"id":"vdfm5a8pdieft1z","previousOperationId":"nbwcr05dif0vhr3"}
{"type":"log","timestamp":1708542111646,"level":"info","message":"Rendering request 19 finished in 1081 ms","meta":{"rootId":"lmfmpurt32zglkq","id":"lmfmpurt32zglkq"},"id":"vhfy6crm8wbv3fr","previousOperationId":"nbwcr05dif0vhr3"}
{"type":"operationEnd","subtype":"render","operationId":"glejzpvg30prnvs","timestamp":1708542111646,"id":"gz8igwpp5c6t2pz","previousEventId":"u6chxsmx287jgtz","previousOperationId":"nbwcr05dif0vhr3"}
{"type":"operationEnd","doDiffs":false,"previousEventId":"9qdbi80al3mv9xu","previousOperationId":"lmvm6uqm478oqb5","operationId":"lmvm6uqm478oqb5","timestamp":1708542111647,"id":"7dqvl54mri1bgfy"}
