{"type":"operationStart","subtype":"profile","data":{"_id":"IDUKJBQrY6m84oe8","timestamp":"2024-01-17T16:29:20.688Z","state":"queued","mode":"standard","creationDate":"2024-01-17T16:29:20.689Z","modificationDate":"2024-01-17T16:29:20.689Z","shortid":"TnKB1wU","$entitySet":"profiles"},"doDiffs":false,"timestamp":1705508960689,"id":"wq0oxka5agytaqr","previousOperationId":null,"operationId":"a7tr67p63kwwhjh"}
{"type":"log","level":"info","message":"Render request 41 queued for execution and waiting for available worker","previousOperationId":"a7tr67p63kwwhjh","timestamp":1705508960689,"id":"cypz0zm2zhtrfs8"}
{"type":"operationStart","subtype":"render","name":"orders-main","previousOperationId":"a7tr67p63kwwhjh","timestamp":1705508960694,"id":"2wshtdez4uupmbm","previousEventId":"wq0oxka5agytaqr","operationId":"gpk0q5m6wo56jop"}
{"type":"log","timestamp":1705508960694,"level":"info","message":"Starting rendering request 41","meta":{"rootId":"lnxp85ibqwvsath","id":"lnxp85ibqwvsath"},"id":"whw014mn557zjq8","previousOperationId":"gpk0q5m6wo56jop"}
{"type":"log","timestamp":1705508960694,"level":"info","message":"Rendering template { name: orders-main, recipe: chrome-pdf, engine: handlebars, preview: true }","meta":{"rootId":"lnxp85ibqwvsath","id":"lnxp85ibqwvsath"},"id":"yr0wvju6rkev6r7","previousOperationId":"gpk0q5m6wo56jop"}
{"type":"log","timestamp":1705508960695,"level":"debug","message":"Data item not defined for this template.","meta":{"rootId":"lnxp85ibqwvsath","id":"lnxp85ibqwvsath"},"id":"4mlu6rghsj4iuln","previousOperationId":"gpk0q5m6wo56jop"}
{"type":"log","timestamp":1705508960696,"level":"debug","message":"Executing script orders-script (beforeRender)","meta":{"rootId":"lnxp85ibqwvsath","id":"lnxp85ibqwvsath"},"id":"9jrfefe2zvo5rqe","previousOperationId":"gpk0q5m6wo56jop"}
{"type":"operationStart","subtype":"scriptsBeforeRender","name":"scripts beforeRender","timestamp":1705508960711,"id":"qg8qa0v11uf5wxs","previousEventId":"2wshtdez4uupmbm","operationId":"alpvq39zuons27t","previousOperationId":"gpk0q5m6wo56jop"}
{"type":"operationStart","subtype":"script","name":"scripts orders-script","previousOperationId":"alpvq39zuons27t","timestamp":1705508960711,"id":"nfq0evdq83s8o30","previousEventId":"qg8qa0v11uf5wxs","operationId":"2zfpsjo7lb4ucqd"}
{"type":"operationEnd","operationId":"2zfpsjo7lb4ucqd","timestamp":1705508960727,"id":"cap0xhy2zwa39q1","previousEventId":"2wshtdez4uupmbm","previousOperationId":"gpk0q5m6wo56jop"}
{"type":"operationEnd","operationId":"alpvq39zuons27t","timestamp":1705508960727,"id":"mo17pmwxpiqziwe","previousEventId":"cap0xhy2zwa39q1","previousOperationId":"gpk0q5m6wo56jop"}
{"type":"log","timestamp":1705508960727,"level":"debug","message":"Base url not specified, skipping its injection.","meta":{"rootId":"lnxp85ibqwvsath","id":"lnxp85ibqwvsath"},"id":"1anlgmgndcg4b4y","previousOperationId":"alpvq39zuons27t"}
{"type":"operationStart","subtype":"engine","name":"handlebars","timestamp":1705508960727,"id":"xobqearvm2kq9x3","previousEventId":"mo17pmwxpiqziwe","operationId":"2xr0hvtz47x4v5n","previousOperationId":"alpvq39zuons27t"}
{"type":"log","timestamp":1705508960727,"level":"debug","message":"Rendering engine handlebars","meta":{"rootId":"lnxp85ibqwvsath","id":"lnxp85ibqwvsath"},"id":"gvpp7cc4b1pllou","previousOperationId":"2xr0hvtz47x4v5n"}
{"type":"log","timestamp":1705508960741,"level":"debug","message":"(console:log) Pdf utils adding group field, value: \"Race1\"","meta":{"userLevel":true,"rootId":"lnxp85ibqwvsath","id":"lnxp85ibqwvsath"},"id":"zxk1x9r3rl799ed","previousOperationId":"2xr0hvtz47x4v5n"}
{"type":"log","timestamp":1705508960741,"level":"debug","message":"(console:log) Pdf utils adding group field, value: \"Race2\"","meta":{"userLevel":true,"rootId":"lnxp85ibqwvsath","id":"lnxp85ibqwvsath"},"id":"piedaqosaxr6mol","previousOperationId":"2xr0hvtz47x4v5n"}
{"type":"operationEnd","operationId":"2xr0hvtz47x4v5n","timestamp":1705508960741,"id":"iyrl0ci0o7phskb","previousEventId":"xobqearvm2kq9x3","previousOperationId":"2xr0hvtz47x4v5n"}
{"type":"operationStart","subtype":"recipe","name":"chrome-pdf","timestamp":1705508960741,"id":"qzovj86gfkyj0rw","previousEventId":"iyrl0ci0o7phskb","operationId":"1naysamev0iau2m","previousOperationId":"2xr0hvtz47x4v5n"}
{"type":"log","timestamp":1705508960741,"level":"debug","message":"Executing recipe chrome-pdf","meta":{"rootId":"lnxp85ibqwvsath","id":"lnxp85ibqwvsath"},"id":"3h3mqkq0ujlmz27","previousOperationId":"1naysamev0iau2m"}
{"type":"log","timestamp":1705508960744,"level":"debug","message":"Converting with chrome HeadlessChrome/117.0.5938.149 using chrome-pool strategy","meta":{"rootId":"lnxp85ibqwvsath","id":"lnxp85ibqwvsath"},"id":"zctag9rn61mgfqt","previousOperationId":"1naysamev0iau2m"}
{"type":"log","timestamp":1705508960806,"level":"debug","message":"Page request: GET (document) file:///C:/Users/DANIEL~1/AppData/Local/Temp/jsreport/autocleanup/cd45a4ac-23d0-4f49-9e99-e22bc0bee821-chrome-pdf.html","meta":{"rootId":"lnxp85ibqwvsath","id":"lnxp85ibqwvsath"},"id":"1rvgfecv1ey9fe8","previousOperationId":"1naysamev0iau2m"}
{"type":"log","timestamp":1705508960819,"level":"debug","message":"Page request: GET (stylesheet) https://cdnjs.cloudflare.com/ajax/libs/metro/4.1.5/css/metro.min.css","meta":{"rootId":"lnxp85ibqwvsath","id":"lnxp85ibqwvsath"},"id":"dlntodq8f5xvb8k","previousOperationId":"1naysamev0iau2m"}
{"type":"log","timestamp":1705508960819,"level":"debug","message":"Page request: GET (script) https://cdnjs.cloudflare.com/ajax/libs/Chart.js/2.7.2/Chart.min.js","meta":{"rootId":"lnxp85ibqwvsath","id":"lnxp85ibqwvsath"},"id":"exmqcfa7rqftb1y","previousOperationId":"1naysamev0iau2m"}
{"type":"log","timestamp":1705508960820,"level":"debug","message":"Page request finished: GET (document) 200 file:///C:/Users/DANIEL~1/AppData/Local/Temp/jsreport/autocleanup/cd45a4ac-23d0-4f49-9e99-e22bc0bee821-chrome-pdf.html","meta":{"rootId":"lnxp85ibqwvsath","id":"lnxp85ibqwvsath"},"id":"xkh68bls0wlbd5a","previousOperationId":"1naysamev0iau2m"}
{"type":"log","timestamp":1705508960823,"level":"debug","message":"Page request finished: GET (script) 200 https://cdnjs.cloudflare.com/ajax/libs/Chart.js/2.7.2/Chart.min.js","meta":{"rootId":"lnxp85ibqwvsath","id":"lnxp85ibqwvsath"},"id":"4oet523pvcc6fw7","previousOperationId":"1naysamev0iau2m"}
{"type":"log","timestamp":1705508960832,"level":"debug","message":"Page request finished: GET (stylesheet) 200 https://cdnjs.cloudflare.com/ajax/libs/metro/4.1.5/css/metro.min.css","meta":{"rootId":"lnxp85ibqwvsath","id":"lnxp85ibqwvsath"},"id":"57nz3gi9bad48hx","previousOperationId":"1naysamev0iau2m"}
{"type":"log","timestamp":1705508960853,"level":"debug","message":"Running chrome with params {\"printBackground\":true,\"marginTop\":\"4cm\",\"marginRight\":\"1.5cm\",\"marginBottom\":\"1.5cm\",\"marginLeft\":\"1.5cm\",\"waitForJS\":false,\"timeout\":59945,\"margin\":{\"top\":\"4cm\",\"right\":\"1.5cm\",\"bottom\":\"1.5cm\",\"left\":\"1.5cm\"}}","meta":{"rootId":"lnxp85ibqwvsath","id":"lnxp85ibqwvsath"},"id":"4d2oevytdm38jnl","previousOperationId":"1naysamev0iau2m"}
{"type":"operationEnd","operationId":"1naysamev0iau2m","timestamp":1705508960905,"id":"u2bb8cjbirkdcxm","previousEventId":"qzovj86gfkyj0rw","previousOperationId":"1naysamev0iau2m"}
{"type":"log","timestamp":1705508960905,"level":"info","message":"pdf-utils is starting pdf processing","meta":{"rootId":"lnxp85ibqwvsath","id":"lnxp85ibqwvsath"},"id":"odca0shdtl491bi","previousOperationId":"1naysamev0iau2m"}
{"type":"operationStart","subtype":"pdfUtils","name":"pdf utils","timestamp":1705508960905,"id":"fr6bzz0f34w03wq","previousEventId":"u2bb8cjbirkdcxm","operationId":"nrwc8obm8qmbb0k","previousOperationId":"1naysamev0iau2m"}
{"type":"log","timestamp":1705508960905,"level":"debug","message":"pdf-utils detected 1 pdf operation(s) to process","meta":{"rootId":"lnxp85ibqwvsath","id":"lnxp85ibqwvsath"},"id":"9n1nqhe8gheikxu","previousOperationId":"nrwc8obm8qmbb0k"}
{"type":"log","timestamp":1705508960922,"level":"debug","message":"pdf-utils running pdf operation merge","meta":{"rootId":"lnxp85ibqwvsath","id":"lnxp85ibqwvsath"},"id":"yfyufgasflo9qto","previousOperationId":"nrwc8obm8qmbb0k"}
{"type":"operationStart","subtype":"pdfUtilsMerge","name":"pdf utils merge","previousOperationId":"nrwc8obm8qmbb0k","timestamp":1705508960922,"id":"gx144dp4jsj9ni7","previousEventId":"fr6bzz0f34w03wq","operationId":"5rcnce1i83t1w2c"}
{"type":"operationStart","subtype":"render","name":"orders-header","previousOperationId":"5rcnce1i83t1w2c","timestamp":1705508960923,"id":"ym5aq3y3e5t8jis","previousEventId":"gx144dp4jsj9ni7","operationId":"57pcxgtf0dr1xaa"}
{"type":"log","timestamp":1705508960923,"level":"info","message":"Starting rendering (child) request","meta":{"rootId":"lnxp85ibqwvsath","id":"kn8mrss0a3srdie"},"id":"46zhy6gq5708j0o","previousOperationId":"57pcxgtf0dr1xaa"}
{"type":"log","timestamp":1705508960923,"level":"info","message":"Rendering template { name: orders-header, recipe: chrome-pdf, engine: handlebars, preview: true }","meta":{"rootId":"lnxp85ibqwvsath","id":"kn8mrss0a3srdie"},"id":"gydmdkn3wlqsko8","previousOperationId":"57pcxgtf0dr1xaa"}
{"type":"log","timestamp":1705508960931,"level":"debug","message":"Inline data specified.","meta":{"rootId":"lnxp85ibqwvsath","id":"kn8mrss0a3srdie"},"id":"qhw3fyoqkj5ojb7","previousOperationId":"57pcxgtf0dr1xaa"}
{"type":"log","timestamp":1705508960932,"level":"debug","message":"Base url not specified, skipping its injection.","meta":{"rootId":"lnxp85ibqwvsath","id":"kn8mrss0a3srdie"},"id":"b9g2snzgz7etzu6","previousOperationId":"57pcxgtf0dr1xaa"}
{"type":"operationStart","subtype":"engine","name":"handlebars","timestamp":1705508960932,"id":"e4of3qyckl35xx8","previousEventId":"ym5aq3y3e5t8jis","operationId":"5z4fg7b7u294jiu","previousOperationId":"57pcxgtf0dr1xaa"}
{"type":"log","timestamp":1705508960932,"level":"debug","message":"Rendering engine handlebars","meta":{"rootId":"lnxp85ibqwvsath","id":"kn8mrss0a3srdie"},"id":"ptd5jm2urdnjt6s","previousOperationId":"5z4fg7b7u294jiu"}
{"type":"operationEnd","operationId":"5z4fg7b7u294jiu","timestamp":1705508960939,"id":"by2ba5q76sbgpt3","previousEventId":"e4of3qyckl35xx8","previousOperationId":"5z4fg7b7u294jiu"}
{"type":"operationStart","subtype":"recipe","name":"chrome-pdf","timestamp":1705508960939,"id":"mnp4xc569w1b78c","previousEventId":"by2ba5q76sbgpt3","operationId":"d7roasi3lqz44km","previousOperationId":"5z4fg7b7u294jiu"}
{"type":"log","timestamp":1705508960939,"level":"debug","message":"Executing recipe chrome-pdf","meta":{"rootId":"lnxp85ibqwvsath","id":"kn8mrss0a3srdie"},"id":"z0eib9npqxl1ev7","previousOperationId":"d7roasi3lqz44km"}
{"type":"log","timestamp":1705508960941,"level":"debug","message":"Converting with chrome HeadlessChrome/117.0.5938.149 using chrome-pool strategy","meta":{"rootId":"lnxp85ibqwvsath","id":"kn8mrss0a3srdie"},"id":"arv8wql19iecam0","previousOperationId":"d7roasi3lqz44km"}
{"type":"log","timestamp":1705508961000,"level":"debug","message":"Page request: GET (document) file:///C:/Users/DANIEL~1/AppData/Local/Temp/jsreport/autocleanup/73277b72-20a1-4628-985b-3c36fc1ec7bb-chrome-pdf.html","meta":{"rootId":"lnxp85ibqwvsath","id":"kn8mrss0a3srdie"},"id":"xicq427v70w0rn9","previousOperationId":"d7roasi3lqz44km"}
{"type":"log","timestamp":1705508961007,"level":"debug","message":"Page request: GET (stylesheet) https://cdnjs.cloudflare.com/ajax/libs/metro/4.1.5/css/metro.min.css","meta":{"rootId":"lnxp85ibqwvsath","id":"kn8mrss0a3srdie"},"id":"jfm66f7zrtx20lg","previousOperationId":"d7roasi3lqz44km"}
{"type":"log","timestamp":1705508961007,"level":"debug","message":"Page request finished: GET (document) 200 file:///C:/Users/DANIEL~1/AppData/Local/Temp/jsreport/autocleanup/73277b72-20a1-4628-985b-3c36fc1ec7bb-chrome-pdf.html","meta":{"rootId":"lnxp85ibqwvsath","id":"kn8mrss0a3srdie"},"id":"66w3bjz3tgr21sd","previousOperationId":"d7roasi3lqz44km"}
{"type":"log","timestamp":1705508961018,"level":"debug","message":"Page request finished: GET (stylesheet) 200 https://cdnjs.cloudflare.com/ajax/libs/metro/4.1.5/css/metro.min.css","meta":{"rootId":"lnxp85ibqwvsath","id":"kn8mrss0a3srdie"},"id":"ucv6xo9nwc1rolm","previousOperationId":"d7roasi3lqz44km"}
{"type":"log","timestamp":1705508961030,"level":"debug","message":"Running chrome with params {\"printBackground\":true,\"marginTop\":\"1.5cm\",\"marginRight\":\"1.5cm\",\"marginLeft\":\"1.cm\",\"timeout\":59748,\"margin\":{\"top\":\"1.5cm\",\"right\":\"1.5cm\",\"left\":\"1.cm\"}}","meta":{"rootId":"lnxp85ibqwvsath","id":"kn8mrss0a3srdie"},"id":"99ef86l96x02asz","previousOperationId":"d7roasi3lqz44km"}
{"type":"operationEnd","operationId":"d7roasi3lqz44km","timestamp":1705508961056,"id":"fiuv841yqnxxuzo","previousEventId":"mnp4xc569w1b78c","previousOperationId":"d7roasi3lqz44km"}
{"type":"log","timestamp":1705508961057,"level":"debug","message":"Skipping storing report.","meta":{"rootId":"lnxp85ibqwvsath","id":"kn8mrss0a3srdie"},"id":"k9n8li1x0d1uc5s","previousOperationId":"d7roasi3lqz44km"}
{"type":"log","timestamp":1705508961057,"level":"info","message":"Rendering (child) request finished in 369 ms","meta":{"rootId":"lnxp85ibqwvsath","id":"kn8mrss0a3srdie"},"id":"qcqhy1wb3agmg7o","previousOperationId":"d7roasi3lqz44km"}
{"type":"operationEnd","subtype":"render","operationId":"57pcxgtf0dr1xaa","timestamp":1705508961057,"id":"lnf8c4ploo4tk3a","previousEventId":"fiuv841yqnxxuzo","previousOperationId":"d7roasi3lqz44km"}
{"type":"operationEnd","operationId":"5rcnce1i83t1w2c","timestamp":1705508961067,"id":"ixrpza1zz6pigwk","previousEventId":"gx144dp4jsj9ni7","previousOperationId":"5rcnce1i83t1w2c"}
{"type":"log","timestamp":1705508961067,"level":"debug","message":"pdf-utils postproces start","meta":{"rootId":"lnxp85ibqwvsath","id":"lnxp85ibqwvsath"},"id":"18ufsu7bqqpbka0","previousOperationId":"5rcnce1i83t1w2c"}
{"type":"log","timestamp":1705508961075,"level":"debug","message":"pdf-utils postproces end","meta":{"rootId":"lnxp85ibqwvsath","id":"lnxp85ibqwvsath"},"id":"zz8ehw9bwbh6wj2","previousOperationId":"5rcnce1i83t1w2c"}
{"type":"operationEnd","operationId":"nrwc8obm8qmbb0k","timestamp":1705508961075,"id":"e8il56yn34ryyd0","previousEventId":"ixrpza1zz6pigwk","previousOperationId":"5rcnce1i83t1w2c"}
{"type":"log","timestamp":1705508961075,"level":"info","message":"pdf-utils pdf processing was finished","meta":{"rootId":"lnxp85ibqwvsath","id":"lnxp85ibqwvsath"},"id":"ded6v3g7dxomdmn","previousOperationId":"nrwc8obm8qmbb0k"}
{"type":"log","timestamp":1705508961075,"level":"debug","message":"Skipping storing report.","meta":{"rootId":"lnxp85ibqwvsath","id":"lnxp85ibqwvsath"},"id":"3f1wdufnqi8e6m0","previousOperationId":"nrwc8obm8qmbb0k"}
{"type":"log","timestamp":1705508961075,"level":"info","message":"Rendering request 41 finished in 387 ms","meta":{"rootId":"lnxp85ibqwvsath","id":"lnxp85ibqwvsath"},"id":"xzegwc4gx036k1s","previousOperationId":"nrwc8obm8qmbb0k"}
{"type":"operationEnd","subtype":"render","operationId":"gpk0q5m6wo56jop","timestamp":1705508961075,"id":"bru06w10od9rghs","previousEventId":"e8il56yn34ryyd0","previousOperationId":"nrwc8obm8qmbb0k"}
{"type":"operationEnd","doDiffs":false,"previousEventId":"wq0oxka5agytaqr","previousOperationId":"a7tr67p63kwwhjh","operationId":"a7tr67p63kwwhjh","timestamp":1705508961085,"id":"igj8bhx47nniapc"}
