{"type":"operationStart","subtype":"profile","data":{"_id":"8PVOz2cYeyERhIGf","timestamp":"2024-01-18T17:15:02.390Z","state":"queued","mode":"standard","creationDate":"2024-01-18T17:15:02.392Z","modificationDate":"2024-01-18T17:15:02.392Z","shortid":"IgLBazu","$entitySet":"profiles"},"doDiffs":false,"timestamp":1705598102391,"id":"jsxjxrq9rih0qxo","previousOperationId":null,"operationId":"bxps2oyyoouqg48"}
{"type":"log","level":"info","message":"Render request 13 queued for execution and waiting for available worker","previousOperationId":"bxps2oyyoouqg48","timestamp":1705598102392,"id":"d424mbh306y7pbr"}
{"type":"operationStart","subtype":"render","name":"orders-main","previousOperationId":"bxps2oyyoouqg48","timestamp":1705598102398,"id":"0k5d8wui3tzyo59","previousEventId":"jsxjxrq9rih0qxo","operationId":"tv2r1ho551kkir7"}
{"type":"log","timestamp":1705598102398,"level":"info","message":"Starting rendering request 13","meta":{"rootId":"lq1hqymhxcw4t3s","id":"lq1hqymhxcw4t3s"},"id":"ay4138ojg1evvtk","previousOperationId":"tv2r1ho551kkir7"}
{"type":"log","timestamp":1705598102398,"level":"info","message":"Rendering template { name: orders-main, recipe: chrome-pdf, engine: handlebars, preview: true }","meta":{"rootId":"lq1hqymhxcw4t3s","id":"lq1hqymhxcw4t3s"},"id":"8y4d0tb2nne6nbq","previousOperationId":"tv2r1ho551kkir7"}
{"type":"log","timestamp":1705598102398,"level":"debug","message":"Data item not defined for this template.","meta":{"rootId":"lq1hqymhxcw4t3s","id":"lq1hqymhxcw4t3s"},"id":"bm7sbymw09uyoz5","previousOperationId":"tv2r1ho551kkir7"}
{"type":"log","timestamp":1705598102400,"level":"debug","message":"Executing script orders-script (beforeRender)","meta":{"rootId":"lq1hqymhxcw4t3s","id":"lq1hqymhxcw4t3s"},"id":"5wg5gi79gbv6013","previousOperationId":"tv2r1ho551kkir7"}
{"type":"operationStart","subtype":"scriptsBeforeRender","name":"scripts beforeRender","timestamp":1705598102414,"id":"8snpa347w25gpey","previousEventId":"0k5d8wui3tzyo59","operationId":"m6ui1mnmvqjo2cr","previousOperationId":"tv2r1ho551kkir7"}
{"type":"operationStart","subtype":"script","name":"scripts orders-script","previousOperationId":"m6ui1mnmvqjo2cr","timestamp":1705598102415,"id":"2si6zbodxpmcb1g","previousEventId":"8snpa347w25gpey","operationId":"n1pz50crdpkrod3"}
{"type":"log","timestamp":1705598102426,"level":"debug","message":"(console:log) [ 'Race1', 'Race2' ]","meta":{"userLevel":true,"rootId":"lq1hqymhxcw4t3s","id":"lq1hqymhxcw4t3s"},"id":"vb8n0mirchiu8zz","previousOperationId":"n1pz50crdpkrod3"}
{"type":"log","timestamp":1705598102426,"level":"debug","message":"(console:log) [ 2, 1 ]","meta":{"userLevel":true,"rootId":"lq1hqymhxcw4t3s","id":"lq1hqymhxcw4t3s"},"id":"x2js8jlv0y65ue1","previousOperationId":"n1pz50crdpkrod3"}
{"type":"operationEnd","operationId":"n1pz50crdpkrod3","timestamp":1705598102427,"id":"kcvu7aqcfgwh06f","previousEventId":"0k5d8wui3tzyo59","previousOperationId":"tv2r1ho551kkir7"}
{"type":"operationEnd","operationId":"m6ui1mnmvqjo2cr","timestamp":1705598102427,"id":"mkp90dze0b24ijc","previousEventId":"kcvu7aqcfgwh06f","previousOperationId":"tv2r1ho551kkir7"}
{"type":"log","timestamp":1705598102427,"level":"debug","message":"Base url not specified, skipping its injection.","meta":{"rootId":"lq1hqymhxcw4t3s","id":"lq1hqymhxcw4t3s"},"id":"ku069aiiowsoexz","previousOperationId":"m6ui1mnmvqjo2cr"}
{"type":"operationStart","subtype":"engine","name":"handlebars","timestamp":1705598102427,"id":"ica0lpgirizkma5","previousEventId":"mkp90dze0b24ijc","operationId":"fnbcosazzl4ogiz","previousOperationId":"m6ui1mnmvqjo2cr"}
{"type":"log","timestamp":1705598102427,"level":"debug","message":"Rendering engine handlebars","meta":{"rootId":"lq1hqymhxcw4t3s","id":"lq1hqymhxcw4t3s"},"id":"xmktu57tom37azd","previousOperationId":"fnbcosazzl4ogiz"}
{"type":"log","timestamp":1705598102438,"level":"debug","message":"(console:log) Pdf utils adding group field, value: \"Race1\"","meta":{"userLevel":true,"rootId":"lq1hqymhxcw4t3s","id":"lq1hqymhxcw4t3s"},"id":"f99rnjtqh8tflyn","previousOperationId":"fnbcosazzl4ogiz"}
{"type":"log","timestamp":1705598102438,"level":"debug","message":"(console:log) Pdf utils adding group field, value: \"Race2\"","meta":{"userLevel":true,"rootId":"lq1hqymhxcw4t3s","id":"lq1hqymhxcw4t3s"},"id":"en0w1te3msnkgpl","previousOperationId":"fnbcosazzl4ogiz"}
{"type":"operationEnd","operationId":"fnbcosazzl4ogiz","timestamp":1705598102438,"id":"n7id735jo5nhzs1","previousEventId":"ica0lpgirizkma5","previousOperationId":"fnbcosazzl4ogiz"}
{"type":"operationStart","subtype":"recipe","name":"chrome-pdf","timestamp":1705598102438,"id":"3ml525e3kocztuh","previousEventId":"n7id735jo5nhzs1","operationId":"cj2s91miwz8zw85","previousOperationId":"fnbcosazzl4ogiz"}
{"type":"log","timestamp":1705598102438,"level":"debug","message":"Executing recipe chrome-pdf","meta":{"rootId":"lq1hqymhxcw4t3s","id":"lq1hqymhxcw4t3s"},"id":"lrihx98xzpwh4w2","previousOperationId":"cj2s91miwz8zw85"}
{"type":"log","timestamp":1705598102440,"level":"debug","message":"Converting with chrome HeadlessChrome/117.0.5938.149 using chrome-pool strategy","meta":{"rootId":"lq1hqymhxcw4t3s","id":"lq1hqymhxcw4t3s"},"id":"4r2q3oliwug93og","previousOperationId":"cj2s91miwz8zw85"}
{"type":"log","timestamp":1705598102505,"level":"debug","message":"Page request: GET (document) file:///C:/Users/DANIEL~1/AppData/Local/Temp/jsreport/autocleanup/ff076901-3bf1-4830-9691-ba84c9ace1fa-chrome-pdf.html","meta":{"rootId":"lq1hqymhxcw4t3s","id":"lq1hqymhxcw4t3s"},"id":"7hc3zd3bmdzhn2g","previousOperationId":"cj2s91miwz8zw85"}
{"type":"log","timestamp":1705598102523,"level":"debug","message":"Page request: GET (stylesheet) https://cdnjs.cloudflare.com/ajax/libs/metro/4.1.5/css/metro.min.css","meta":{"rootId":"lq1hqymhxcw4t3s","id":"lq1hqymhxcw4t3s"},"id":"3vimgba3v27pqut","previousOperationId":"cj2s91miwz8zw85"}
{"type":"log","timestamp":1705598102524,"level":"debug","message":"Page request: GET (script) https://cdnjs.cloudflare.com/ajax/libs/Chart.js/2.9.4/Chart.js","meta":{"rootId":"lq1hqymhxcw4t3s","id":"lq1hqymhxcw4t3s"},"id":"87bam818w5dmwrn","previousOperationId":"cj2s91miwz8zw85"}
{"type":"log","timestamp":1705598102524,"level":"debug","message":"Page request finished: GET (document) 200 file:///C:/Users/DANIEL~1/AppData/Local/Temp/jsreport/autocleanup/ff076901-3bf1-4830-9691-ba84c9ace1fa-chrome-pdf.html","meta":{"rootId":"lq1hqymhxcw4t3s","id":"lq1hqymhxcw4t3s"},"id":"wdqav519noqyccy","previousOperationId":"cj2s91miwz8zw85"}
{"type":"log","timestamp":1705598102538,"level":"debug","message":"Page request finished: GET (stylesheet) 200 https://cdnjs.cloudflare.com/ajax/libs/metro/4.1.5/css/metro.min.css","meta":{"rootId":"lq1hqymhxcw4t3s","id":"lq1hqymhxcw4t3s"},"id":"f4qw5owwirqzrf0","previousOperationId":"cj2s91miwz8zw85"}
{"type":"log","timestamp":1705598102538,"level":"debug","message":"Page request finished: GET (script) 200 https://cdnjs.cloudflare.com/ajax/libs/Chart.js/2.9.4/Chart.js","meta":{"rootId":"lq1hqymhxcw4t3s","id":"lq1hqymhxcw4t3s"},"id":"2ysaplqikli3dlp","previousOperationId":"cj2s91miwz8zw85"}
{"type":"log","timestamp":1705598102542,"level":"warn","message":"Page error: Missing initializer in const declaration , stack: SyntaxError: Missing initializer in const declaration","meta":{"rootId":"lq1hqymhxcw4t3s","id":"lq1hqymhxcw4t3s"},"id":"ukcefaalamjzth2","previousOperationId":"cj2s91miwz8zw85"}
{"type":"log","timestamp":1705598102561,"level":"debug","message":"Running chrome with params {\"printBackground\":true,\"marginTop\":\"4cm\",\"marginRight\":\"1.5cm\",\"marginBottom\":\"1.5cm\",\"marginLeft\":\"1.5cm\",\"waitForJS\":false,\"timeout\":59951,\"margin\":{\"top\":\"4cm\",\"right\":\"1.5cm\",\"bottom\":\"1.5cm\",\"left\":\"1.5cm\"}}","meta":{"rootId":"lq1hqymhxcw4t3s","id":"lq1hqymhxcw4t3s"},"id":"uem7hssgabuz6a9","previousOperationId":"cj2s91miwz8zw85"}
{"type":"operationEnd","operationId":"cj2s91miwz8zw85","timestamp":1705598102619,"id":"r9moo24f92qv2gx","previousEventId":"3ml525e3kocztuh","previousOperationId":"cj2s91miwz8zw85"}
{"type":"log","timestamp":1705598102619,"level":"info","message":"pdf-utils is starting pdf processing","meta":{"rootId":"lq1hqymhxcw4t3s","id":"lq1hqymhxcw4t3s"},"id":"2pfq79dvyxz8ki0","previousOperationId":"cj2s91miwz8zw85"}
{"type":"operationStart","subtype":"pdfUtils","name":"pdf utils","timestamp":1705598102619,"id":"2wnsefl39q0zi63","previousEventId":"r9moo24f92qv2gx","operationId":"y3z6sgoltibrg1o","previousOperationId":"cj2s91miwz8zw85"}
{"type":"log","timestamp":1705598102619,"level":"debug","message":"pdf-utils detected 1 pdf operation(s) to process","meta":{"rootId":"lq1hqymhxcw4t3s","id":"lq1hqymhxcw4t3s"},"id":"voiaqlb78uuyaob","previousOperationId":"y3z6sgoltibrg1o"}
{"type":"log","timestamp":1705598102633,"level":"debug","message":"pdf-utils running pdf operation merge","meta":{"rootId":"lq1hqymhxcw4t3s","id":"lq1hqymhxcw4t3s"},"id":"x0jimuvv2g6hltu","previousOperationId":"y3z6sgoltibrg1o"}
{"type":"operationStart","subtype":"pdfUtilsMerge","name":"pdf utils merge","previousOperationId":"y3z6sgoltibrg1o","timestamp":1705598102633,"id":"wlhah3m437jyqv3","previousEventId":"2wnsefl39q0zi63","operationId":"avb9vba42eg4ocf"}
{"type":"operationStart","subtype":"render","name":"orders-header","previousOperationId":"avb9vba42eg4ocf","timestamp":1705598102634,"id":"a9lnwqw766fa747","previousEventId":"wlhah3m437jyqv3","operationId":"ejt2ajalcmrfjli"}
{"type":"log","timestamp":1705598102634,"level":"info","message":"Starting rendering (child) request","meta":{"rootId":"lq1hqymhxcw4t3s","id":"j531qo7rb1gigjn"},"id":"awqwffsb54ivrz4","previousOperationId":"ejt2ajalcmrfjli"}
{"type":"log","timestamp":1705598102634,"level":"info","message":"Rendering template { name: orders-header, recipe: chrome-pdf, engine: handlebars, preview: true }","meta":{"rootId":"lq1hqymhxcw4t3s","id":"j531qo7rb1gigjn"},"id":"g4c1fhglaeizs5t","previousOperationId":"ejt2ajalcmrfjli"}
{"type":"log","timestamp":1705598102634,"level":"debug","message":"Inline data specified.","meta":{"rootId":"lq1hqymhxcw4t3s","id":"j531qo7rb1gigjn"},"id":"8ifokcg9udok4xs","previousOperationId":"ejt2ajalcmrfjli"}
{"type":"log","timestamp":1705598102636,"level":"debug","message":"Base url not specified, skipping its injection.","meta":{"rootId":"lq1hqymhxcw4t3s","id":"j531qo7rb1gigjn"},"id":"wgcfvuklq5ycwlc","previousOperationId":"ejt2ajalcmrfjli"}
{"type":"operationStart","subtype":"engine","name":"handlebars","timestamp":1705598102636,"id":"ps07ivej9f7kdz2","previousEventId":"a9lnwqw766fa747","operationId":"jx7y4rqxcb06dq2","previousOperationId":"ejt2ajalcmrfjli"}
{"type":"log","timestamp":1705598102636,"level":"debug","message":"Rendering engine handlebars","meta":{"rootId":"lq1hqymhxcw4t3s","id":"j531qo7rb1gigjn"},"id":"8adwfgrljsomisl","previousOperationId":"jx7y4rqxcb06dq2"}
{"type":"operationEnd","operationId":"jx7y4rqxcb06dq2","timestamp":1705598102647,"id":"0sfecj0ls3mrzlj","previousEventId":"ps07ivej9f7kdz2","previousOperationId":"jx7y4rqxcb06dq2"}
{"type":"operationStart","subtype":"recipe","name":"chrome-pdf","timestamp":1705598102648,"id":"n1dexox2u7w4y7m","previousEventId":"0sfecj0ls3mrzlj","operationId":"ln6996xcv2kh9pc","previousOperationId":"jx7y4rqxcb06dq2"}
{"type":"log","timestamp":1705598102648,"level":"debug","message":"Executing recipe chrome-pdf","meta":{"rootId":"lq1hqymhxcw4t3s","id":"j531qo7rb1gigjn"},"id":"3nv3u2s05nrhhra","previousOperationId":"ln6996xcv2kh9pc"}
{"type":"log","timestamp":1705598102650,"level":"debug","message":"Converting with chrome HeadlessChrome/117.0.5938.149 using chrome-pool strategy","meta":{"rootId":"lq1hqymhxcw4t3s","id":"j531qo7rb1gigjn"},"id":"9q0slbt0pvkysj7","previousOperationId":"ln6996xcv2kh9pc"}
{"type":"log","timestamp":1705598102718,"level":"debug","message":"Page request: GET (document) file:///C:/Users/DANIEL~1/AppData/Local/Temp/jsreport/autocleanup/54e634f1-02f8-429b-af7d-9d18c16028f3-chrome-pdf.html","meta":{"rootId":"lq1hqymhxcw4t3s","id":"j531qo7rb1gigjn"},"id":"3fo6atywuyq0akh","previousOperationId":"ln6996xcv2kh9pc"}
{"type":"log","timestamp":1705598102728,"level":"debug","message":"Page request: GET (stylesheet) https://cdnjs.cloudflare.com/ajax/libs/metro/4.1.5/css/metro.min.css","meta":{"rootId":"lq1hqymhxcw4t3s","id":"j531qo7rb1gigjn"},"id":"xd41d845luxa3o8","previousOperationId":"ln6996xcv2kh9pc"}
{"type":"log","timestamp":1705598102728,"level":"debug","message":"Page request finished: GET (document) 200 file:///C:/Users/DANIEL~1/AppData/Local/Temp/jsreport/autocleanup/54e634f1-02f8-429b-af7d-9d18c16028f3-chrome-pdf.html","meta":{"rootId":"lq1hqymhxcw4t3s","id":"j531qo7rb1gigjn"},"id":"6hptmcx6ii3c3pd","previousOperationId":"ln6996xcv2kh9pc"}
{"type":"log","timestamp":1705598102740,"level":"debug","message":"Page request finished: GET (stylesheet) 200 https://cdnjs.cloudflare.com/ajax/libs/metro/4.1.5/css/metro.min.css","meta":{"rootId":"lq1hqymhxcw4t3s","id":"j531qo7rb1gigjn"},"id":"diafemy2g4sai3h","previousOperationId":"ln6996xcv2kh9pc"}
{"type":"log","timestamp":1705598102752,"level":"debug","message":"Running chrome with params {\"printBackground\":true,\"marginTop\":\"1.5cm\",\"marginRight\":\"1.5cm\",\"marginLeft\":\"1.cm\",\"timeout\":59741,\"margin\":{\"top\":\"1.5cm\",\"right\":\"1.5cm\",\"left\":\"1.cm\"}}","meta":{"rootId":"lq1hqymhxcw4t3s","id":"j531qo7rb1gigjn"},"id":"memi70d4x4vy6k8","previousOperationId":"ln6996xcv2kh9pc"}
{"type":"operationEnd","operationId":"ln6996xcv2kh9pc","timestamp":1705598102780,"id":"1azhswohezqqbok","previousEventId":"n1dexox2u7w4y7m","previousOperationId":"ln6996xcv2kh9pc"}
{"type":"log","timestamp":1705598102780,"level":"debug","message":"Skipping storing report.","meta":{"rootId":"lq1hqymhxcw4t3s","id":"j531qo7rb1gigjn"},"id":"e6r0gpy8mxzu0w9","previousOperationId":"ln6996xcv2kh9pc"}
{"type":"log","timestamp":1705598102780,"level":"info","message":"Rendering (child) request finished in 390 ms","meta":{"rootId":"lq1hqymhxcw4t3s","id":"j531qo7rb1gigjn"},"id":"vufhmkzj9yn03cp","previousOperationId":"ln6996xcv2kh9pc"}
{"type":"operationEnd","subtype":"render","operationId":"ejt2ajalcmrfjli","timestamp":1705598102781,"id":"4lbhif9r8b13nry","previousEventId":"1azhswohezqqbok","previousOperationId":"ln6996xcv2kh9pc"}
{"type":"operationEnd","operationId":"avb9vba42eg4ocf","timestamp":1705598102788,"id":"qfc08urv4owg76w","previousEventId":"wlhah3m437jyqv3","previousOperationId":"avb9vba42eg4ocf"}
{"type":"log","timestamp":1705598102788,"level":"debug","message":"pdf-utils postproces start","meta":{"rootId":"lq1hqymhxcw4t3s","id":"lq1hqymhxcw4t3s"},"id":"hu1kny48ioo1iex","previousOperationId":"avb9vba42eg4ocf"}
{"type":"log","timestamp":1705598102797,"level":"debug","message":"pdf-utils postproces end","meta":{"rootId":"lq1hqymhxcw4t3s","id":"lq1hqymhxcw4t3s"},"id":"abwjthuhqv92o36","previousOperationId":"avb9vba42eg4ocf"}
{"type":"operationEnd","operationId":"y3z6sgoltibrg1o","timestamp":1705598102797,"id":"ne5m4mve3zgoo7f","previousEventId":"qfc08urv4owg76w","previousOperationId":"avb9vba42eg4ocf"}
{"type":"log","timestamp":1705598102797,"level":"info","message":"pdf-utils pdf processing was finished","meta":{"rootId":"lq1hqymhxcw4t3s","id":"lq1hqymhxcw4t3s"},"id":"sy0pg9m1h1zj8ng","previousOperationId":"y3z6sgoltibrg1o"}
{"type":"log","timestamp":1705598102797,"level":"debug","message":"Skipping storing report.","meta":{"rootId":"lq1hqymhxcw4t3s","id":"lq1hqymhxcw4t3s"},"id":"jeaglxg592mhsz8","previousOperationId":"y3z6sgoltibrg1o"}
{"type":"log","timestamp":1705598102797,"level":"info","message":"Rendering request 13 finished in 407 ms","meta":{"rootId":"lq1hqymhxcw4t3s","id":"lq1hqymhxcw4t3s"},"id":"ane18hp0j1ffgm6","previousOperationId":"y3z6sgoltibrg1o"}
{"type":"operationEnd","subtype":"render","operationId":"tv2r1ho551kkir7","timestamp":1705598102797,"id":"4zxm636tdsgdbsc","previousEventId":"ne5m4mve3zgoo7f","previousOperationId":"y3z6sgoltibrg1o"}
{"type":"operationEnd","doDiffs":false,"previousEventId":"jsxjxrq9rih0qxo","previousOperationId":"bxps2oyyoouqg48","operationId":"bxps2oyyoouqg48","timestamp":1705598102810,"id":"xgazkd0hyyz14sr"}
