{"type":"operationStart","subtype":"profile","data":{"_id":"GeH39C2e9s8UnCVW","timestamp":"2024-02-21T19:03:20.371Z","state":"queued","mode":"standard","creationDate":"2024-02-21T19:03:20.372Z","modificationDate":"2024-02-21T19:03:20.372Z","shortid":"6VEX9p0","$entitySet":"profiles"},"doDiffs":false,"timestamp":1708542200372,"id":"g1gopirvzqsklap","previousOperationId":null,"operationId":"1dmhd2n2kl8nub3"}
{"type":"log","level":"info","message":"Render request 22 queued for execution and waiting for available worker","previousOperationId":"1dmhd2n2kl8nub3","timestamp":1708542200372,"id":"1a5yaws6azbgimd"}
{"type":"operationStart","subtype":"render","name":"orders-main","previousOperationId":"1dmhd2n2kl8nub3","timestamp":1708542200378,"id":"nvnryn3mkoh3kfg","previousEventId":"g1gopirvzqsklap","operationId":"2jsgnhivdtg8b56"}
{"type":"log","timestamp":1708542200378,"level":"info","message":"Starting rendering request 22","meta":{"rootId":"m1crfs23n63o5c8","id":"m1crfs23n63o5c8"},"id":"qealkdi27nrb398","previousOperationId":"2jsgnhivdtg8b56"}
{"type":"log","timestamp":1708542200378,"level":"info","message":"Rendering template { name: orders-main, recipe: chrome-pdf, engine: handlebars, preview: false }","meta":{"rootId":"m1crfs23n63o5c8","id":"m1crfs23n63o5c8"},"id":"5l4a2cbclc5w8d7","previousOperationId":"2jsgnhivdtg8b56"}
{"type":"log","timestamp":1708542200380,"level":"debug","message":"Data item not defined for this template.","meta":{"rootId":"m1crfs23n63o5c8","id":"m1crfs23n63o5c8"},"id":"133z37nqrjn0t65","previousOperationId":"2jsgnhivdtg8b56"}
{"type":"log","timestamp":1708542200381,"level":"debug","message":"Executing script orders-script (beforeRender)","meta":{"rootId":"m1crfs23n63o5c8","id":"m1crfs23n63o5c8"},"id":"dkomx8xbmn959y9","previousOperationId":"2jsgnhivdtg8b56"}
{"type":"operationStart","subtype":"scriptsBeforeRender","name":"scripts beforeRender","timestamp":1708542200399,"id":"r0v0qypo2116o3a","previousEventId":"nvnryn3mkoh3kfg","operationId":"ktsii44vls9ugs6","previousOperationId":"2jsgnhivdtg8b56"}
{"type":"operationStart","subtype":"script","name":"scripts orders-script","previousOperationId":"ktsii44vls9ugs6","timestamp":1708542200399,"id":"sfr6aq6yr6lunxf","previousEventId":"r0v0qypo2116o3a","operationId":"ztjcw9notmbav5u"}
{"type":"log","timestamp":1708542200408,"level":"debug","message":"(console:log) [ 'ola', 'oola', 'Race1', 'Race2' ]","meta":{"userLevel":true,"rootId":"m1crfs23n63o5c8","id":"m1crfs23n63o5c8"},"id":"29esm9ghb94y51f","previousOperationId":"ztjcw9notmbav5u"}
{"type":"log","timestamp":1708542200408,"level":"debug","message":"(console:log) [ 0, 0, 1, 1 ]","meta":{"userLevel":true,"rootId":"m1crfs23n63o5c8","id":"m1crfs23n63o5c8"},"id":"dz58afvf17gg9uu","previousOperationId":"ztjcw9notmbav5u"}
{"type":"operationEnd","operationId":"ztjcw9notmbav5u","timestamp":1708542200409,"id":"t23dtfhnrz0pq4t","previousEventId":"nvnryn3mkoh3kfg","previousOperationId":"2jsgnhivdtg8b56"}
{"type":"operationEnd","operationId":"ktsii44vls9ugs6","timestamp":1708542200409,"id":"x80spax4wljgzy5","previousEventId":"t23dtfhnrz0pq4t","previousOperationId":"2jsgnhivdtg8b56"}
{"type":"log","timestamp":1708542200409,"level":"debug","message":"Base url not specified, skipping its injection.","meta":{"rootId":"m1crfs23n63o5c8","id":"m1crfs23n63o5c8"},"id":"zj5ka5aifv4wlt3","previousOperationId":"ktsii44vls9ugs6"}
{"type":"operationStart","subtype":"engine","name":"handlebars","timestamp":1708542200409,"id":"412bmwhlp4wau6w","previousEventId":"x80spax4wljgzy5","operationId":"3ay70xy5o3g80mi","previousOperationId":"ktsii44vls9ugs6"}
{"type":"log","timestamp":1708542200409,"level":"debug","message":"Rendering engine handlebars","meta":{"rootId":"m1crfs23n63o5c8","id":"m1crfs23n63o5c8"},"id":"3xvdwmdhoifq9lb","previousOperationId":"3ay70xy5o3g80mi"}
{"type":"log","timestamp":1708542200413,"level":"debug","message":"(console:log) Pdf utils adding group field, value: \"ola\"","meta":{"userLevel":true,"rootId":"m1crfs23n63o5c8","id":"m1crfs23n63o5c8"},"id":"2oc2nddho2w7q1f","previousOperationId":"3ay70xy5o3g80mi"}
{"type":"log","timestamp":1708542200413,"level":"debug","message":"(console:log) Pdf utils adding group field, value: \"oola\"","meta":{"userLevel":true,"rootId":"m1crfs23n63o5c8","id":"m1crfs23n63o5c8"},"id":"0uo31zgz5xqpax2","previousOperationId":"3ay70xy5o3g80mi"}
{"type":"log","timestamp":1708542200413,"level":"debug","message":"(console:log) Pdf utils adding group field, value: \"Race1\"","meta":{"userLevel":true,"rootId":"m1crfs23n63o5c8","id":"m1crfs23n63o5c8"},"id":"ztsz4quj91qdv19","previousOperationId":"3ay70xy5o3g80mi"}
{"type":"log","timestamp":1708542200413,"level":"debug","message":"(console:log) Pdf utils adding group field, value: \"Race2\"","meta":{"userLevel":true,"rootId":"m1crfs23n63o5c8","id":"m1crfs23n63o5c8"},"id":"dfeezm7p56t9850","previousOperationId":"3ay70xy5o3g80mi"}
{"type":"operationEnd","operationId":"3ay70xy5o3g80mi","timestamp":1708542200413,"id":"g493dalkiwkonlj","previousEventId":"412bmwhlp4wau6w","previousOperationId":"3ay70xy5o3g80mi"}
{"type":"operationStart","subtype":"recipe","name":"chrome-pdf","timestamp":1708542200414,"id":"tby73ztsjbiivi4","previousEventId":"g493dalkiwkonlj","operationId":"oh8ygs0p5cg624r","previousOperationId":"3ay70xy5o3g80mi"}
{"type":"log","timestamp":1708542200414,"level":"debug","message":"Executing recipe chrome-pdf","meta":{"rootId":"m1crfs23n63o5c8","id":"m1crfs23n63o5c8"},"id":"1hhbmqoud8nvfue","previousOperationId":"oh8ygs0p5cg624r"}
{"type":"log","timestamp":1708542200416,"level":"debug","message":"Converting with chrome HeadlessChrome/117.0.5938.149 using chrome-pool strategy","meta":{"rootId":"m1crfs23n63o5c8","id":"m1crfs23n63o5c8"},"id":"qcygi4tkpq0gam3","previousOperationId":"oh8ygs0p5cg624r"}
{"type":"log","timestamp":1708542200468,"level":"debug","message":"Page request: GET (document) file:///var/folders/tp/6hccbwhd41s4hkmxw_2wkz640000gn/T/jsreport/autocleanup/fcc14646-fe05-4ce8-9e84-aa71b1f94b29-chrome-pdf.html","meta":{"rootId":"m1crfs23n63o5c8","id":"m1crfs23n63o5c8"},"id":"kfv0t3ozutvym20","previousOperationId":"oh8ygs0p5cg624r"}
{"type":"log","timestamp":1708542200473,"level":"debug","message":"Page request: GET (stylesheet) https://cdnjs.cloudflare.com/ajax/libs/metro/4.1.5/css/metro.min.css","meta":{"rootId":"m1crfs23n63o5c8","id":"m1crfs23n63o5c8"},"id":"6dfu5b19rlduoow","previousOperationId":"oh8ygs0p5cg624r"}
{"type":"log","timestamp":1708542200473,"level":"debug","message":"Page request: GET (script) https://cdn.jsdelivr.net/npm/chart.js","meta":{"rootId":"m1crfs23n63o5c8","id":"m1crfs23n63o5c8"},"id":"s5t29uv8l2x0hcy","previousOperationId":"oh8ygs0p5cg624r"}
{"type":"log","timestamp":1708542200473,"level":"debug","message":"Page request finished: GET (document) 200 file:///var/folders/tp/6hccbwhd41s4hkmxw_2wkz640000gn/T/jsreport/autocleanup/fcc14646-fe05-4ce8-9e84-aa71b1f94b29-chrome-pdf.html","meta":{"rootId":"m1crfs23n63o5c8","id":"m1crfs23n63o5c8"},"id":"inn6uuf6uf22uvf","previousOperationId":"oh8ygs0p5cg624r"}
{"type":"log","timestamp":1708542200477,"level":"debug","message":"Page request finished: GET (script) 200 https://cdn.jsdelivr.net/npm/chart.js","meta":{"rootId":"m1crfs23n63o5c8","id":"m1crfs23n63o5c8"},"id":"20ufwscw1bjnopg","previousOperationId":"oh8ygs0p5cg624r"}
{"type":"log","timestamp":1708542200483,"level":"debug","message":"Page request finished: GET (stylesheet) 200 https://cdnjs.cloudflare.com/ajax/libs/metro/4.1.5/css/metro.min.css","meta":{"rootId":"m1crfs23n63o5c8","id":"m1crfs23n63o5c8"},"id":"d4oyqsknqyeph3a","previousOperationId":"oh8ygs0p5cg624r"}
{"type":"log","timestamp":1708542200536,"level":"debug","message":"Running chrome with params {\"printBackground\":true,\"marginTop\":\"4cm\",\"marginRight\":\"1.5cm\",\"marginBottom\":\"1.5cm\",\"marginLeft\":\"1.5cm\",\"waitForJS\":false,\"timeout\":59956,\"margin\":{\"top\":\"4cm\",\"right\":\"1.5cm\",\"bottom\":\"1.5cm\",\"left\":\"1.5cm\"}}","meta":{"rootId":"m1crfs23n63o5c8","id":"m1crfs23n63o5c8"},"id":"nuvbvqxmwgl53h1","previousOperationId":"oh8ygs0p5cg624r"}
{"type":"operationEnd","operationId":"oh8ygs0p5cg624r","timestamp":1708542200571,"id":"pb8mtqsaq2zhxnt","previousEventId":"tby73ztsjbiivi4","previousOperationId":"oh8ygs0p5cg624r"}
{"type":"log","timestamp":1708542200571,"level":"info","message":"pdf-utils is starting pdf processing","meta":{"rootId":"m1crfs23n63o5c8","id":"m1crfs23n63o5c8"},"id":"91vvcauqyaryund","previousOperationId":"oh8ygs0p5cg624r"}
{"type":"operationStart","subtype":"pdfUtils","name":"pdf utils","timestamp":1708542200571,"id":"1mqakd9ektn3muq","previousEventId":"pb8mtqsaq2zhxnt","operationId":"ez44wjao5shl0ko","previousOperationId":"oh8ygs0p5cg624r"}
{"type":"log","timestamp":1708542200571,"level":"debug","message":"pdf-utils detected 1 pdf operation(s) to process","meta":{"rootId":"m1crfs23n63o5c8","id":"m1crfs23n63o5c8"},"id":"f3e6orf9tpwsyps","previousOperationId":"ez44wjao5shl0ko"}
{"type":"log","timestamp":1708542200600,"level":"debug","message":"pdf-utils running pdf operation merge","meta":{"rootId":"m1crfs23n63o5c8","id":"m1crfs23n63o5c8"},"id":"ycyr6vakuwzhn1j","previousOperationId":"ez44wjao5shl0ko"}
{"type":"operationStart","subtype":"pdfUtilsMerge","name":"pdf utils merge","previousOperationId":"ez44wjao5shl0ko","timestamp":1708542200600,"id":"7e94ifc9wkghc0i","previousEventId":"1mqakd9ektn3muq","operationId":"enz8q8xup3g77nr"}
{"type":"operationStart","subtype":"render","name":"orders-header","previousOperationId":"enz8q8xup3g77nr","timestamp":1708542200600,"id":"34eh4k3l8ipagfg","previousEventId":"7e94ifc9wkghc0i","operationId":"wjea7ufhjqteylx"}
{"type":"log","timestamp":1708542200600,"level":"info","message":"Starting rendering (child) request","meta":{"rootId":"m1crfs23n63o5c8","id":"91omlpuncd6b47n"},"id":"1sf767mslluz7et","previousOperationId":"wjea7ufhjqteylx"}
{"type":"log","timestamp":1708542200600,"level":"info","message":"Rendering template { name: orders-header, recipe: chrome-pdf, engine: handlebars, preview: false }","meta":{"rootId":"m1crfs23n63o5c8","id":"91omlpuncd6b47n"},"id":"lupdtdaj2xfj15b","previousOperationId":"wjea7ufhjqteylx"}
{"type":"log","timestamp":1708542200600,"level":"debug","message":"Inline data specified.","meta":{"rootId":"m1crfs23n63o5c8","id":"91omlpuncd6b47n"},"id":"du5pd7i5ljodqp2","previousOperationId":"wjea7ufhjqteylx"}
{"type":"log","timestamp":1708542200601,"level":"debug","message":"Base url not specified, skipping its injection.","meta":{"rootId":"m1crfs23n63o5c8","id":"91omlpuncd6b47n"},"id":"fx1s9xpr1rm9k3r","previousOperationId":"wjea7ufhjqteylx"}
{"type":"operationStart","subtype":"engine","name":"handlebars","timestamp":1708542200601,"id":"qe08z04ep1i89td","previousEventId":"34eh4k3l8ipagfg","operationId":"lgsk2i31uc44rch","previousOperationId":"wjea7ufhjqteylx"}
{"type":"log","timestamp":1708542200601,"level":"debug","message":"Rendering engine handlebars","meta":{"rootId":"m1crfs23n63o5c8","id":"91omlpuncd6b47n"},"id":"pbshrnmxg82gskr","previousOperationId":"lgsk2i31uc44rch"}
{"type":"operationEnd","operationId":"lgsk2i31uc44rch","timestamp":1708542200604,"id":"qqwnf4pymv3pq9t","previousEventId":"qe08z04ep1i89td","previousOperationId":"lgsk2i31uc44rch"}
{"type":"operationStart","subtype":"recipe","name":"chrome-pdf","timestamp":1708542200604,"id":"1uezhf7b0h80d8m","previousEventId":"qqwnf4pymv3pq9t","operationId":"cw94yalsjr11n8w","previousOperationId":"lgsk2i31uc44rch"}
{"type":"log","timestamp":1708542200604,"level":"debug","message":"Executing recipe chrome-pdf","meta":{"rootId":"m1crfs23n63o5c8","id":"91omlpuncd6b47n"},"id":"adu3ox1naekvnoo","previousOperationId":"cw94yalsjr11n8w"}
{"type":"log","timestamp":1708542200605,"level":"debug","message":"Converting with chrome HeadlessChrome/117.0.5938.149 using chrome-pool strategy","meta":{"rootId":"m1crfs23n63o5c8","id":"91omlpuncd6b47n"},"id":"xj8x9k58pbxglqk","previousOperationId":"cw94yalsjr11n8w"}
{"type":"log","timestamp":1708542200644,"level":"debug","message":"Page request: GET (document) file:///var/folders/tp/6hccbwhd41s4hkmxw_2wkz640000gn/T/jsreport/autocleanup/c5d4cf27-dadf-4725-b2fd-39a9fc44e484-chrome-pdf.html","meta":{"rootId":"m1crfs23n63o5c8","id":"91omlpuncd6b47n"},"id":"puwkxh7xkflrtb1","previousOperationId":"cw94yalsjr11n8w"}
{"type":"log","timestamp":1708542200651,"level":"debug","message":"Page request: GET (stylesheet) https://cdnjs.cloudflare.com/ajax/libs/metro/4.1.5/css/metro.min.css","meta":{"rootId":"m1crfs23n63o5c8","id":"91omlpuncd6b47n"},"id":"hkmfnxium2vne6n","previousOperationId":"cw94yalsjr11n8w"}
{"type":"log","timestamp":1708542200651,"level":"debug","message":"Page request finished: GET (document) 200 file:///var/folders/tp/6hccbwhd41s4hkmxw_2wkz640000gn/T/jsreport/autocleanup/c5d4cf27-dadf-4725-b2fd-39a9fc44e484-chrome-pdf.html","meta":{"rootId":"m1crfs23n63o5c8","id":"91omlpuncd6b47n"},"id":"38gvy2btbmc66lc","previousOperationId":"cw94yalsjr11n8w"}
{"type":"log","timestamp":1708542200658,"level":"debug","message":"Page request finished: GET (stylesheet) 200 https://cdnjs.cloudflare.com/ajax/libs/metro/4.1.5/css/metro.min.css","meta":{"rootId":"m1crfs23n63o5c8","id":"91omlpuncd6b47n"},"id":"llwnfh7q8p8x9yn","previousOperationId":"cw94yalsjr11n8w"}
{"type":"log","timestamp":1708542200676,"level":"debug","message":"Running chrome with params {\"printBackground\":true,\"marginTop\":\"1.5cm\",\"marginRight\":\"1.5cm\",\"marginLeft\":\"1.cm\",\"timeout\":59767,\"margin\":{\"top\":\"1.5cm\",\"right\":\"1.5cm\",\"left\":\"1.cm\"}}","meta":{"rootId":"m1crfs23n63o5c8","id":"91omlpuncd6b47n"},"id":"uhu12j802cmr4zs","previousOperationId":"cw94yalsjr11n8w"}
{"type":"operationEnd","operationId":"cw94yalsjr11n8w","timestamp":1708542200696,"id":"o5ndvu4us59n7j7","previousEventId":"1uezhf7b0h80d8m","previousOperationId":"cw94yalsjr11n8w"}
{"type":"log","timestamp":1708542200696,"level":"debug","message":"Skipping storing report.","meta":{"rootId":"m1crfs23n63o5c8","id":"91omlpuncd6b47n"},"id":"q2nnr42ilbzs7g1","previousOperationId":"cw94yalsjr11n8w"}
{"type":"log","timestamp":1708542200696,"level":"info","message":"Rendering (child) request finished in 325 ms","meta":{"rootId":"m1crfs23n63o5c8","id":"91omlpuncd6b47n"},"id":"s28yef8lbc5a9as","previousOperationId":"cw94yalsjr11n8w"}
{"type":"operationEnd","subtype":"render","operationId":"wjea7ufhjqteylx","timestamp":1708542200696,"id":"608nze097i09g4o","previousEventId":"o5ndvu4us59n7j7","previousOperationId":"cw94yalsjr11n8w"}
{"type":"operationEnd","operationId":"enz8q8xup3g77nr","timestamp":1708542200715,"id":"vuy5zezgfa6x7vy","previousEventId":"7e94ifc9wkghc0i","previousOperationId":"enz8q8xup3g77nr"}
{"type":"log","timestamp":1708542200715,"level":"debug","message":"pdf-utils postproces start","meta":{"rootId":"m1crfs23n63o5c8","id":"m1crfs23n63o5c8"},"id":"jp8d5lhf053zf73","previousOperationId":"enz8q8xup3g77nr"}
{"type":"log","timestamp":1708542200738,"level":"debug","message":"pdf-utils postproces end","meta":{"rootId":"m1crfs23n63o5c8","id":"m1crfs23n63o5c8"},"id":"qnkaoo54bgej3ut","previousOperationId":"enz8q8xup3g77nr"}
{"type":"operationEnd","operationId":"ez44wjao5shl0ko","timestamp":1708542200738,"id":"2suz85zeqsd93nd","previousEventId":"vuy5zezgfa6x7vy","previousOperationId":"enz8q8xup3g77nr"}
{"type":"log","timestamp":1708542200738,"level":"info","message":"pdf-utils pdf processing was finished","meta":{"rootId":"m1crfs23n63o5c8","id":"m1crfs23n63o5c8"},"id":"minani0m3zrzh6m","previousOperationId":"ez44wjao5shl0ko"}
{"type":"log","timestamp":1708542200738,"level":"debug","message":"Skipping storing report.","meta":{"rootId":"m1crfs23n63o5c8","id":"m1crfs23n63o5c8"},"id":"pom20h76rxc6q6e","previousOperationId":"ez44wjao5shl0ko"}
{"type":"log","timestamp":1708542200738,"level":"info","message":"Rendering request 22 finished in 367 ms","meta":{"rootId":"m1crfs23n63o5c8","id":"m1crfs23n63o5c8"},"id":"3qt8rahfz07lcqg","previousOperationId":"ez44wjao5shl0ko"}
{"type":"operationEnd","subtype":"render","operationId":"2jsgnhivdtg8b56","timestamp":1708542200738,"id":"e3tf9cqfj1tg0dx","previousEventId":"2suz85zeqsd93nd","previousOperationId":"ez44wjao5shl0ko"}
{"type":"operationEnd","doDiffs":false,"previousEventId":"g1gopirvzqsklap","previousOperationId":"1dmhd2n2kl8nub3","operationId":"1dmhd2n2kl8nub3","timestamp":1708542200739,"id":"swzxso4xrict1x0"}
