{"type":"operationStart","subtype":"profile","data":{"_id":"2c6RWsJAIHkQsW3A","timestamp":"2024-01-18T17:33:47.189Z","state":"queued","mode":"standard","creationDate":"2024-01-18T17:33:47.191Z","modificationDate":"2024-01-18T17:33:47.191Z","shortid":"-BQ70v8","$entitySet":"profiles"},"doDiffs":false,"timestamp":1705599227190,"id":"8kx5wkafda5vdbo","previousOperationId":null,"operationId":"xzcay9liggw7xgv"}
{"type":"log","level":"info","message":"Render request 11 queued for execution and waiting for available worker","previousOperationId":"xzcay9liggw7xgv","timestamp":1705599227190,"id":"vkz98jvlztu8p8v"}
{"type":"operationStart","subtype":"render","name":"orders-main","previousOperationId":"xzcay9liggw7xgv","timestamp":1705599227196,"id":"ifxwl77eelfhdcx","previousEventId":"8kx5wkafda5vdbo","operationId":"kllpy0df6g10rzw"}
{"type":"log","timestamp":1705599227196,"level":"info","message":"Starting rendering request 11","meta":{"rootId":"m4g2f66fk1ptc0k","id":"m4g2f66fk1ptc0k"},"id":"3n9j4bbqgfk7lse","previousOperationId":"kllpy0df6g10rzw"}
{"type":"log","timestamp":1705599227196,"level":"info","message":"Rendering template { name: orders-main, recipe: chrome-pdf, engine: handlebars, preview: true }","meta":{"rootId":"m4g2f66fk1ptc0k","id":"m4g2f66fk1ptc0k"},"id":"iz99uc7dwz47gol","previousOperationId":"kllpy0df6g10rzw"}
{"type":"log","timestamp":1705599227197,"level":"debug","message":"Data item not defined for this template.","meta":{"rootId":"m4g2f66fk1ptc0k","id":"m4g2f66fk1ptc0k"},"id":"d4zgb61az1xee0e","previousOperationId":"kllpy0df6g10rzw"}
{"type":"log","timestamp":1705599227198,"level":"debug","message":"Executing script orders-script (beforeRender)","meta":{"rootId":"m4g2f66fk1ptc0k","id":"m4g2f66fk1ptc0k"},"id":"4g2jlfeopp5th5u","previousOperationId":"kllpy0df6g10rzw"}
{"type":"operationStart","subtype":"scriptsBeforeRender","name":"scripts beforeRender","timestamp":1705599227215,"id":"ljfbtuko2iq7iq6","previousEventId":"ifxwl77eelfhdcx","operationId":"mgrkmvhs6qyzvxh","previousOperationId":"kllpy0df6g10rzw"}
{"type":"operationStart","subtype":"script","name":"scripts orders-script","previousOperationId":"mgrkmvhs6qyzvxh","timestamp":1705599227215,"id":"pc3d0ok7614n3zg","previousEventId":"ljfbtuko2iq7iq6","operationId":"oquxg0qn0auzyck"}
{"type":"log","timestamp":1705599227223,"level":"debug","message":"(console:log) [ undefined, undefined ]","meta":{"userLevel":true,"rootId":"m4g2f66fk1ptc0k","id":"m4g2f66fk1ptc0k"},"id":"jwo6gubcts4iih2","previousOperationId":"oquxg0qn0auzyck"}
{"type":"log","timestamp":1705599227223,"level":"debug","message":"(console:log) [ undefined, undefined ]","meta":{"userLevel":true,"rootId":"m4g2f66fk1ptc0k","id":"m4g2f66fk1ptc0k"},"id":"ali7jf3qq644xaj","previousOperationId":"oquxg0qn0auzyck"}
{"type":"operationEnd","operationId":"oquxg0qn0auzyck","timestamp":1705599227223,"id":"nvsrlzjs8a6txkf","previousEventId":"ifxwl77eelfhdcx","previousOperationId":"kllpy0df6g10rzw"}
{"type":"operationEnd","operationId":"mgrkmvhs6qyzvxh","timestamp":1705599227223,"id":"3hw3y20mgmn3mau","previousEventId":"nvsrlzjs8a6txkf","previousOperationId":"kllpy0df6g10rzw"}
{"type":"log","timestamp":1705599227223,"level":"debug","message":"Base url not specified, skipping its injection.","meta":{"rootId":"m4g2f66fk1ptc0k","id":"m4g2f66fk1ptc0k"},"id":"64nh76m59c7kj9b","previousOperationId":"mgrkmvhs6qyzvxh"}
{"type":"operationStart","subtype":"engine","name":"handlebars","timestamp":1705599227224,"id":"ar4qha0pqyklwyu","previousEventId":"3hw3y20mgmn3mau","operationId":"y9lu4lqsnqygfua","previousOperationId":"mgrkmvhs6qyzvxh"}
{"type":"log","timestamp":1705599227224,"level":"debug","message":"Rendering engine handlebars","meta":{"rootId":"m4g2f66fk1ptc0k","id":"m4g2f66fk1ptc0k"},"id":"70hkzw0h2zyyw47","previousOperationId":"y9lu4lqsnqygfua"}
{"type":"log","timestamp":1705599227236,"level":"debug","message":"(console:log) Pdf utils adding group field, value: \"Race1\"","meta":{"userLevel":true,"rootId":"m4g2f66fk1ptc0k","id":"m4g2f66fk1ptc0k"},"id":"f3p6xi753xar00g","previousOperationId":"y9lu4lqsnqygfua"}
{"type":"log","timestamp":1705599227236,"level":"debug","message":"(console:log) Pdf utils adding group field, value: \"Race2\"","meta":{"userLevel":true,"rootId":"m4g2f66fk1ptc0k","id":"m4g2f66fk1ptc0k"},"id":"0ypz4q6eqsr0dph","previousOperationId":"y9lu4lqsnqygfua"}
{"type":"operationEnd","operationId":"y9lu4lqsnqygfua","timestamp":1705599227236,"id":"eo162f7p0o17jjp","previousEventId":"ar4qha0pqyklwyu","previousOperationId":"y9lu4lqsnqygfua"}
{"type":"operationStart","subtype":"recipe","name":"chrome-pdf","timestamp":1705599227236,"id":"i95mh85kbb98eq6","previousEventId":"eo162f7p0o17jjp","operationId":"ip4plbslx43t3ks","previousOperationId":"y9lu4lqsnqygfua"}
{"type":"log","timestamp":1705599227236,"level":"debug","message":"Executing recipe chrome-pdf","meta":{"rootId":"m4g2f66fk1ptc0k","id":"m4g2f66fk1ptc0k"},"id":"coq9s4sx8h4kgss","previousOperationId":"ip4plbslx43t3ks"}
{"type":"log","timestamp":1705599227238,"level":"debug","message":"Converting with chrome HeadlessChrome/117.0.5938.149 using chrome-pool strategy","meta":{"rootId":"m4g2f66fk1ptc0k","id":"m4g2f66fk1ptc0k"},"id":"xkp50hoa6vhlp17","previousOperationId":"ip4plbslx43t3ks"}
{"type":"log","timestamp":1705599227304,"level":"debug","message":"Page request: GET (document) file:///C:/Users/DANIEL~1/AppData/Local/Temp/jsreport/autocleanup/49bc4fa2-50d9-45c6-aded-fced85c4bb10-chrome-pdf.html","meta":{"rootId":"m4g2f66fk1ptc0k","id":"m4g2f66fk1ptc0k"},"id":"68bsyul7v3izgly","previousOperationId":"ip4plbslx43t3ks"}
{"type":"log","timestamp":1705599227321,"level":"debug","message":"Page request: GET (stylesheet) https://cdnjs.cloudflare.com/ajax/libs/metro/4.1.5/css/metro.min.css","meta":{"rootId":"m4g2f66fk1ptc0k","id":"m4g2f66fk1ptc0k"},"id":"hc3kekcby17q73u","previousOperationId":"ip4plbslx43t3ks"}
{"type":"log","timestamp":1705599227322,"level":"debug","message":"Page request: GET (script) https://cdn.jsdelivr.net/npm/chart.js","meta":{"rootId":"m4g2f66fk1ptc0k","id":"m4g2f66fk1ptc0k"},"id":"4jo24tjaf029zi9","previousOperationId":"ip4plbslx43t3ks"}
{"type":"log","timestamp":1705599227322,"level":"debug","message":"Page request finished: GET (document) 200 file:///C:/Users/DANIEL~1/AppData/Local/Temp/jsreport/autocleanup/49bc4fa2-50d9-45c6-aded-fced85c4bb10-chrome-pdf.html","meta":{"rootId":"m4g2f66fk1ptc0k","id":"m4g2f66fk1ptc0k"},"id":"yfqunvi8a4n4n8j","previousOperationId":"ip4plbslx43t3ks"}
{"type":"log","timestamp":1705599227325,"level":"debug","message":"Page request finished: GET (script) 200 https://cdn.jsdelivr.net/npm/chart.js","meta":{"rootId":"m4g2f66fk1ptc0k","id":"m4g2f66fk1ptc0k"},"id":"whf7jg8waai0zum","previousOperationId":"ip4plbslx43t3ks"}
{"type":"log","timestamp":1705599227334,"level":"debug","message":"Page request finished: GET (stylesheet) 200 https://cdnjs.cloudflare.com/ajax/libs/metro/4.1.5/css/metro.min.css","meta":{"rootId":"m4g2f66fk1ptc0k","id":"m4g2f66fk1ptc0k"},"id":"klggilyecop82uv","previousOperationId":"ip4plbslx43t3ks"}
{"type":"log","timestamp":1705599227337,"level":"warn","message":"Page error: Unexpected token ';' , stack: SyntaxError: Unexpected token ';'","meta":{"rootId":"m4g2f66fk1ptc0k","id":"m4g2f66fk1ptc0k"},"id":"da1kmdft9kbq5xc","previousOperationId":"ip4plbslx43t3ks"}
{"type":"log","timestamp":1705599227359,"level":"debug","message":"Running chrome with params {\"printBackground\":true,\"marginTop\":\"4cm\",\"marginRight\":\"1.5cm\",\"marginBottom\":\"1.5cm\",\"marginLeft\":\"1.5cm\",\"waitForJS\":false,\"timeout\":59952,\"margin\":{\"top\":\"4cm\",\"right\":\"1.5cm\",\"bottom\":\"1.5cm\",\"left\":\"1.5cm\"}}","meta":{"rootId":"m4g2f66fk1ptc0k","id":"m4g2f66fk1ptc0k"},"id":"texbyhneswld669","previousOperationId":"ip4plbslx43t3ks"}
{"type":"operationEnd","operationId":"ip4plbslx43t3ks","timestamp":1705599227413,"id":"lmvut9xkxlnvmxa","previousEventId":"i95mh85kbb98eq6","previousOperationId":"ip4plbslx43t3ks"}
{"type":"log","timestamp":1705599227413,"level":"info","message":"pdf-utils is starting pdf processing","meta":{"rootId":"m4g2f66fk1ptc0k","id":"m4g2f66fk1ptc0k"},"id":"6ow5tw4k6cwclay","previousOperationId":"ip4plbslx43t3ks"}
{"type":"operationStart","subtype":"pdfUtils","name":"pdf utils","timestamp":1705599227413,"id":"246ba5a188wnq42","previousEventId":"lmvut9xkxlnvmxa","operationId":"jdjnn4h1ij4xsab","previousOperationId":"ip4plbslx43t3ks"}
{"type":"log","timestamp":1705599227413,"level":"debug","message":"pdf-utils detected 1 pdf operation(s) to process","meta":{"rootId":"m4g2f66fk1ptc0k","id":"m4g2f66fk1ptc0k"},"id":"kd1ps1meeu7pawu","previousOperationId":"jdjnn4h1ij4xsab"}
{"type":"log","timestamp":1705599227424,"level":"debug","message":"pdf-utils running pdf operation merge","meta":{"rootId":"m4g2f66fk1ptc0k","id":"m4g2f66fk1ptc0k"},"id":"pnyqs8asclfckr6","previousOperationId":"jdjnn4h1ij4xsab"}
{"type":"operationStart","subtype":"pdfUtilsMerge","name":"pdf utils merge","previousOperationId":"jdjnn4h1ij4xsab","timestamp":1705599227425,"id":"t2lbatdh9ptg88k","previousEventId":"246ba5a188wnq42","operationId":"o48gn4x22xigbvu"}
{"type":"operationStart","subtype":"render","name":"orders-header","previousOperationId":"o48gn4x22xigbvu","timestamp":1705599227425,"id":"rthnrljgi5h10sr","previousEventId":"t2lbatdh9ptg88k","operationId":"a3raguc74tfvhx4"}
{"type":"log","timestamp":1705599227425,"level":"info","message":"Starting rendering (child) request","meta":{"rootId":"m4g2f66fk1ptc0k","id":"fk5qy20lsz839w9"},"id":"h112bknhmoymqmx","previousOperationId":"a3raguc74tfvhx4"}
{"type":"log","timestamp":1705599227425,"level":"info","message":"Rendering template { name: orders-header, recipe: chrome-pdf, engine: handlebars, preview: true }","meta":{"rootId":"m4g2f66fk1ptc0k","id":"fk5qy20lsz839w9"},"id":"lm6c937ujvszpde","previousOperationId":"a3raguc74tfvhx4"}
{"type":"log","timestamp":1705599227441,"level":"debug","message":"Inline data specified.","meta":{"rootId":"m4g2f66fk1ptc0k","id":"fk5qy20lsz839w9"},"id":"j56xa6vvkaovioc","previousOperationId":"a3raguc74tfvhx4"}
{"type":"log","timestamp":1705599227443,"level":"debug","message":"Base url not specified, skipping its injection.","meta":{"rootId":"m4g2f66fk1ptc0k","id":"fk5qy20lsz839w9"},"id":"zwp4puenvr8zrbq","previousOperationId":"a3raguc74tfvhx4"}
{"type":"operationStart","subtype":"engine","name":"handlebars","timestamp":1705599227444,"id":"ljy5s1uums6en3e","previousEventId":"rthnrljgi5h10sr","operationId":"9zfspbqdmwcfd13","previousOperationId":"a3raguc74tfvhx4"}
{"type":"log","timestamp":1705599227444,"level":"debug","message":"Rendering engine handlebars","meta":{"rootId":"m4g2f66fk1ptc0k","id":"fk5qy20lsz839w9"},"id":"kif8sg8v2stxofi","previousOperationId":"9zfspbqdmwcfd13"}
{"type":"operationEnd","operationId":"9zfspbqdmwcfd13","timestamp":1705599227455,"id":"wr5r3e320ddqsst","previousEventId":"ljy5s1uums6en3e","previousOperationId":"9zfspbqdmwcfd13"}
{"type":"operationStart","subtype":"recipe","name":"chrome-pdf","timestamp":1705599227455,"id":"ik813wr6dl7cks2","previousEventId":"wr5r3e320ddqsst","operationId":"rxe1vrjkmscvce3","previousOperationId":"9zfspbqdmwcfd13"}
{"type":"log","timestamp":1705599227455,"level":"debug","message":"Executing recipe chrome-pdf","meta":{"rootId":"m4g2f66fk1ptc0k","id":"fk5qy20lsz839w9"},"id":"z5pzc2wrbdr8xl9","previousOperationId":"rxe1vrjkmscvce3"}
{"type":"log","timestamp":1705599227458,"level":"debug","message":"Converting with chrome HeadlessChrome/117.0.5938.149 using chrome-pool strategy","meta":{"rootId":"m4g2f66fk1ptc0k","id":"fk5qy20lsz839w9"},"id":"zhgzu5vfx1psznc","previousOperationId":"rxe1vrjkmscvce3"}
{"type":"log","timestamp":1705599227524,"level":"debug","message":"Page request: GET (document) file:///C:/Users/DANIEL~1/AppData/Local/Temp/jsreport/autocleanup/0b7f87b5-3ac4-4558-8a1b-f5888c491a73-chrome-pdf.html","meta":{"rootId":"m4g2f66fk1ptc0k","id":"fk5qy20lsz839w9"},"id":"omwpn0r9u0wi8pd","previousOperationId":"rxe1vrjkmscvce3"}
{"type":"log","timestamp":1705599227531,"level":"debug","message":"Page request: GET (stylesheet) https://cdnjs.cloudflare.com/ajax/libs/metro/4.1.5/css/metro.min.css","meta":{"rootId":"m4g2f66fk1ptc0k","id":"fk5qy20lsz839w9"},"id":"y5f7t6hmhqa35gc","previousOperationId":"rxe1vrjkmscvce3"}
{"type":"log","timestamp":1705599227532,"level":"debug","message":"Page request finished: GET (document) 200 file:///C:/Users/DANIEL~1/AppData/Local/Temp/jsreport/autocleanup/0b7f87b5-3ac4-4558-8a1b-f5888c491a73-chrome-pdf.html","meta":{"rootId":"m4g2f66fk1ptc0k","id":"fk5qy20lsz839w9"},"id":"dz7wuobr9h0oqy0","previousOperationId":"rxe1vrjkmscvce3"}
{"type":"log","timestamp":1705599227543,"level":"debug","message":"Page request finished: GET (stylesheet) 200 https://cdnjs.cloudflare.com/ajax/libs/metro/4.1.5/css/metro.min.css","meta":{"rootId":"m4g2f66fk1ptc0k","id":"fk5qy20lsz839w9"},"id":"yclavaib72s4df6","previousOperationId":"rxe1vrjkmscvce3"}
{"type":"log","timestamp":1705599227555,"level":"debug","message":"Running chrome with params {\"printBackground\":true,\"marginTop\":\"1.5cm\",\"marginRight\":\"1.5cm\",\"marginLeft\":\"1.cm\",\"timeout\":59732,\"margin\":{\"top\":\"1.5cm\",\"right\":\"1.5cm\",\"left\":\"1.cm\"}}","meta":{"rootId":"m4g2f66fk1ptc0k","id":"fk5qy20lsz839w9"},"id":"hu4k1fzn9jnq6lb","previousOperationId":"rxe1vrjkmscvce3"}
{"type":"operationEnd","operationId":"rxe1vrjkmscvce3","timestamp":1705599227582,"id":"1ee0wbdrkgi399f","previousEventId":"ik813wr6dl7cks2","previousOperationId":"rxe1vrjkmscvce3"}
{"type":"log","timestamp":1705599227582,"level":"debug","message":"Skipping storing report.","meta":{"rootId":"m4g2f66fk1ptc0k","id":"fk5qy20lsz839w9"},"id":"h75zzebyv9gjxqs","previousOperationId":"rxe1vrjkmscvce3"}
{"type":"log","timestamp":1705599227582,"level":"info","message":"Rendering (child) request finished in 393 ms","meta":{"rootId":"m4g2f66fk1ptc0k","id":"fk5qy20lsz839w9"},"id":"s46t8ri5cmmk6fh","previousOperationId":"rxe1vrjkmscvce3"}
{"type":"operationEnd","subtype":"render","operationId":"a3raguc74tfvhx4","timestamp":1705599227582,"id":"m3vq30nfeejcga6","previousEventId":"1ee0wbdrkgi399f","previousOperationId":"rxe1vrjkmscvce3"}
{"type":"operationEnd","operationId":"o48gn4x22xigbvu","timestamp":1705599227589,"id":"39cq5tmzsycwe0g","previousEventId":"t2lbatdh9ptg88k","previousOperationId":"o48gn4x22xigbvu"}
{"type":"log","timestamp":1705599227589,"level":"debug","message":"pdf-utils postproces start","meta":{"rootId":"m4g2f66fk1ptc0k","id":"m4g2f66fk1ptc0k"},"id":"h3swifhy956qfud","previousOperationId":"o48gn4x22xigbvu"}
{"type":"log","timestamp":1705599227596,"level":"debug","message":"pdf-utils postproces end","meta":{"rootId":"m4g2f66fk1ptc0k","id":"m4g2f66fk1ptc0k"},"id":"mf91wgspdx7me0b","previousOperationId":"o48gn4x22xigbvu"}
{"type":"operationEnd","operationId":"jdjnn4h1ij4xsab","timestamp":1705599227596,"id":"z6isrf6s4pdbtiz","previousEventId":"39cq5tmzsycwe0g","previousOperationId":"o48gn4x22xigbvu"}
{"type":"log","timestamp":1705599227596,"level":"info","message":"pdf-utils pdf processing was finished","meta":{"rootId":"m4g2f66fk1ptc0k","id":"m4g2f66fk1ptc0k"},"id":"45c0g73hlyzk1qa","previousOperationId":"jdjnn4h1ij4xsab"}
{"type":"log","timestamp":1705599227596,"level":"debug","message":"Skipping storing report.","meta":{"rootId":"m4g2f66fk1ptc0k","id":"m4g2f66fk1ptc0k"},"id":"xpo92pczl3ggzad","previousOperationId":"jdjnn4h1ij4xsab"}
{"type":"log","timestamp":1705599227596,"level":"info","message":"Rendering request 11 finished in 407 ms","meta":{"rootId":"m4g2f66fk1ptc0k","id":"m4g2f66fk1ptc0k"},"id":"9f7zm6w04gahtzh","previousOperationId":"jdjnn4h1ij4xsab"}
{"type":"operationEnd","subtype":"render","operationId":"kllpy0df6g10rzw","timestamp":1705599227596,"id":"nf8sg7o42r073nq","previousEventId":"z6isrf6s4pdbtiz","previousOperationId":"jdjnn4h1ij4xsab"}
{"type":"operationEnd","doDiffs":false,"previousEventId":"8kx5wkafda5vdbo","previousOperationId":"xzcay9liggw7xgv","operationId":"xzcay9liggw7xgv","timestamp":1705599227603,"id":"6qmxwr1w8tpybe7"}
