{"type":"operationStart","subtype":"profile","data":{"_id":"9UUURWgz6k4uTtjC","timestamp":"2024-02-19T16:31:25.791Z","state":"queued","mode":"standard","creationDate":"2024-02-19T16:31:25.792Z","modificationDate":"2024-02-19T16:31:25.792Z","shortid":"mgoPXcU","$entitySet":"profiles"},"doDiffs":false,"timestamp":1708360285791,"id":"yuymr980tlghy70","previousOperationId":null,"operationId":"23oe7skd90qc20k"}
{"type":"log","level":"info","message":"Render request 20 queued for execution and waiting for available worker","previousOperationId":"23oe7skd90qc20k","timestamp":1708360285791,"id":"8jvpdb7hz2lse5i"}
{"type":"operationStart","subtype":"render","name":"orders-main","previousOperationId":"23oe7skd90qc20k","timestamp":1708360285802,"id":"z8nbnmipph4u092","previousEventId":"yuymr980tlghy70","operationId":"3a0el0bq6wz43se"}
{"type":"log","timestamp":1708360285802,"level":"info","message":"Starting rendering request 20","meta":{"rootId":"m93o5uab73w41o6","id":"m93o5uab73w41o6"},"id":"jqtgalygddjdg8h","previousOperationId":"3a0el0bq6wz43se"}
{"type":"log","timestamp":1708360285803,"level":"info","message":"Rendering template { name: orders-main, recipe: chrome-pdf, engine: handlebars, preview: true }","meta":{"rootId":"m93o5uab73w41o6","id":"m93o5uab73w41o6"},"id":"b1lg34cymnh0l7k","previousOperationId":"3a0el0bq6wz43se"}
{"type":"log","timestamp":1708360285805,"level":"debug","message":"Data item not defined for this template.","meta":{"rootId":"m93o5uab73w41o6","id":"m93o5uab73w41o6"},"id":"hbjzo1flmzllnl9","previousOperationId":"3a0el0bq6wz43se"}
{"type":"log","timestamp":1708360285808,"level":"debug","message":"Executing script orders-script (beforeRender)","meta":{"rootId":"m93o5uab73w41o6","id":"m93o5uab73w41o6"},"id":"kcywrvl2nbgv85s","previousOperationId":"3a0el0bq6wz43se"}
{"type":"operationStart","subtype":"scriptsBeforeRender","name":"scripts beforeRender","timestamp":1708360285954,"id":"ape2p7zitmdxue7","previousEventId":"z8nbnmipph4u092","operationId":"q7huvkhpuoy5w3z","previousOperationId":"3a0el0bq6wz43se"}
{"type":"operationStart","subtype":"script","name":"scripts orders-script","previousOperationId":"q7huvkhpuoy5w3z","timestamp":1708360285954,"id":"0fmiol7aikc95qz","previousEventId":"ape2p7zitmdxue7","operationId":"7qdcj5xt4i4fvif"}
{"type":"log","timestamp":1708360285977,"level":"debug","message":"(console:log) [ 'ola' ]","meta":{"userLevel":true,"rootId":"m93o5uab73w41o6","id":"m93o5uab73w41o6"},"id":"flxts1e3zuamlbt","previousOperationId":"7qdcj5xt4i4fvif"}
{"type":"log","timestamp":1708360285977,"level":"debug","message":"(console:log) [ 1 ]","meta":{"userLevel":true,"rootId":"m93o5uab73w41o6","id":"m93o5uab73w41o6"},"id":"9w1wazqjcvseyj7","previousOperationId":"7qdcj5xt4i4fvif"}
{"type":"operationEnd","operationId":"7qdcj5xt4i4fvif","timestamp":1708360285978,"id":"tnvrm802e49icpd","previousEventId":"z8nbnmipph4u092","previousOperationId":"3a0el0bq6wz43se"}
{"type":"operationEnd","operationId":"q7huvkhpuoy5w3z","timestamp":1708360285978,"id":"abaotpm4cpnqglj","previousEventId":"tnvrm802e49icpd","previousOperationId":"3a0el0bq6wz43se"}
{"type":"log","timestamp":1708360285978,"level":"debug","message":"Base url not specified, skipping its injection.","meta":{"rootId":"m93o5uab73w41o6","id":"m93o5uab73w41o6"},"id":"d6s9f1257ljr7j3","previousOperationId":"q7huvkhpuoy5w3z"}
{"type":"operationStart","subtype":"engine","name":"handlebars","timestamp":1708360285978,"id":"4pkf6fxzflkq3mz","previousEventId":"abaotpm4cpnqglj","operationId":"m6oycepcnt4kl2z","previousOperationId":"q7huvkhpuoy5w3z"}
{"type":"log","timestamp":1708360285978,"level":"debug","message":"Rendering engine handlebars","meta":{"rootId":"m93o5uab73w41o6","id":"m93o5uab73w41o6"},"id":"cafrlscry2elmor","previousOperationId":"m6oycepcnt4kl2z"}
{"type":"log","timestamp":1708360286149,"level":"debug","message":"(console:log) Pdf utils adding group field, value: \"ola\"","meta":{"userLevel":true,"rootId":"m93o5uab73w41o6","id":"m93o5uab73w41o6"},"id":"z19fiz0wuf0px99","previousOperationId":"m6oycepcnt4kl2z"}
{"type":"operationEnd","operationId":"m6oycepcnt4kl2z","timestamp":1708360286149,"id":"znegmfs8jasnywe","previousEventId":"4pkf6fxzflkq3mz","previousOperationId":"m6oycepcnt4kl2z"}
{"type":"operationStart","subtype":"recipe","name":"chrome-pdf","timestamp":1708360286149,"id":"1t3n3cw5xhmefek","previousEventId":"znegmfs8jasnywe","operationId":"0sr0zzowpk8ofpl","previousOperationId":"m6oycepcnt4kl2z"}
{"type":"log","timestamp":1708360286149,"level":"debug","message":"Executing recipe chrome-pdf","meta":{"rootId":"m93o5uab73w41o6","id":"m93o5uab73w41o6"},"id":"cz7iuod0pjzge0d","previousOperationId":"0sr0zzowpk8ofpl"}
{"type":"log","timestamp":1708360286587,"level":"debug","message":"Converting with chrome HeadlessChrome/117.0.5938.149 using chrome-pool strategy","meta":{"rootId":"m93o5uab73w41o6","id":"m93o5uab73w41o6"},"id":"sbr5gzzdzd65tu6","previousOperationId":"0sr0zzowpk8ofpl"}
{"type":"log","timestamp":1708360286633,"level":"debug","message":"Page request: GET (document) file:///var/folders/tp/6hccbwhd41s4hkmxw_2wkz640000gn/T/jsreport/autocleanup/0b0d02ff-f455-4fea-93a6-c5fc0a93c1ef-chrome-pdf.html","meta":{"rootId":"m93o5uab73w41o6","id":"m93o5uab73w41o6"},"id":"z9417bfuancl98z","previousOperationId":"0sr0zzowpk8ofpl"}
{"type":"log","timestamp":1708360286640,"level":"debug","message":"Page request: GET (stylesheet) https://cdnjs.cloudflare.com/ajax/libs/metro/4.1.5/css/metro.min.css","meta":{"rootId":"m93o5uab73w41o6","id":"m93o5uab73w41o6"},"id":"tl667it24htt356","previousOperationId":"0sr0zzowpk8ofpl"}
{"type":"log","timestamp":1708360286640,"level":"debug","message":"Page request: GET (script) https://cdn.jsdelivr.net/npm/chart.js","meta":{"rootId":"m93o5uab73w41o6","id":"m93o5uab73w41o6"},"id":"m9s0eyvzkbr9nhd","previousOperationId":"0sr0zzowpk8ofpl"}
{"type":"log","timestamp":1708360286641,"level":"debug","message":"Page request finished: GET (document) 200 file:///var/folders/tp/6hccbwhd41s4hkmxw_2wkz640000gn/T/jsreport/autocleanup/0b0d02ff-f455-4fea-93a6-c5fc0a93c1ef-chrome-pdf.html","meta":{"rootId":"m93o5uab73w41o6","id":"m93o5uab73w41o6"},"id":"ghnysnf60y19ilk","previousOperationId":"0sr0zzowpk8ofpl"}
{"type":"log","timestamp":1708360287132,"level":"debug","message":"Page request finished: GET (stylesheet) 200 https://cdnjs.cloudflare.com/ajax/libs/metro/4.1.5/css/metro.min.css","meta":{"rootId":"m93o5uab73w41o6","id":"m93o5uab73w41o6"},"id":"dxcgj1yc2d5pd4o","previousOperationId":"0sr0zzowpk8ofpl"}
{"type":"log","timestamp":1708360287201,"level":"debug","message":"Page request finished: GET (script) 200 https://cdn.jsdelivr.net/npm/chart.js","meta":{"rootId":"m93o5uab73w41o6","id":"m93o5uab73w41o6"},"id":"fl8v9wd0gdsn0bp","previousOperationId":"0sr0zzowpk8ofpl"}
{"type":"log","timestamp":1708360287231,"level":"debug","message":"Running chrome with params {\"printBackground\":true,\"marginTop\":\"4cm\",\"marginRight\":\"1.5cm\",\"marginBottom\":\"1.5cm\",\"marginLeft\":\"1.5cm\",\"waitForJS\":false,\"timeout\":59464,\"margin\":{\"top\":\"4cm\",\"right\":\"1.5cm\",\"bottom\":\"1.5cm\",\"left\":\"1.5cm\"}}","meta":{"rootId":"m93o5uab73w41o6","id":"m93o5uab73w41o6"},"id":"hesi3qxq7509wg3","previousOperationId":"0sr0zzowpk8ofpl"}
{"type":"operationEnd","operationId":"0sr0zzowpk8ofpl","timestamp":1708360287254,"id":"0thmpbfbp6089pc","previousEventId":"1t3n3cw5xhmefek","previousOperationId":"0sr0zzowpk8ofpl"}
{"type":"log","timestamp":1708360287255,"level":"info","message":"pdf-utils is starting pdf processing","meta":{"rootId":"m93o5uab73w41o6","id":"m93o5uab73w41o6"},"id":"7m3yocay90ruzk6","previousOperationId":"0sr0zzowpk8ofpl"}
{"type":"operationStart","subtype":"pdfUtils","name":"pdf utils","timestamp":1708360287359,"id":"h2bbzeaahiv2ya2","previousEventId":"0thmpbfbp6089pc","operationId":"c26drjacx6kkf26","previousOperationId":"0sr0zzowpk8ofpl"}
{"type":"log","timestamp":1708360287360,"level":"debug","message":"pdf-utils detected 1 pdf operation(s) to process","meta":{"rootId":"m93o5uab73w41o6","id":"m93o5uab73w41o6"},"id":"goffocxd6ao2ozn","previousOperationId":"c26drjacx6kkf26"}
{"type":"log","timestamp":1708360287481,"level":"debug","message":"pdf-utils running pdf operation merge","meta":{"rootId":"m93o5uab73w41o6","id":"m93o5uab73w41o6"},"id":"j0dtkuez8lab150","previousOperationId":"c26drjacx6kkf26"}
{"type":"operationStart","subtype":"pdfUtilsMerge","name":"pdf utils merge","previousOperationId":"c26drjacx6kkf26","timestamp":1708360287481,"id":"c4qrz9lefws4lhf","previousEventId":"h2bbzeaahiv2ya2","operationId":"16h9o6vk47tgybd"}
{"type":"operationStart","subtype":"render","name":"orders-header","previousOperationId":"16h9o6vk47tgybd","timestamp":1708360287482,"id":"6765fw20yy7vico","previousEventId":"c4qrz9lefws4lhf","operationId":"imnfzxu6b3bovgn"}
{"type":"log","timestamp":1708360287482,"level":"info","message":"Starting rendering (child) request","meta":{"rootId":"m93o5uab73w41o6","id":"08jml7l0a7gh6kg"},"id":"b7h3oarp030e52c","previousOperationId":"imnfzxu6b3bovgn"}
{"type":"log","timestamp":1708360287482,"level":"info","message":"Rendering template { name: orders-header, recipe: chrome-pdf, engine: handlebars, preview: true }","meta":{"rootId":"m93o5uab73w41o6","id":"08jml7l0a7gh6kg"},"id":"ap3kkcfxrhwt5tl","previousOperationId":"imnfzxu6b3bovgn"}
{"type":"log","timestamp":1708360287483,"level":"debug","message":"Inline data specified.","meta":{"rootId":"m93o5uab73w41o6","id":"08jml7l0a7gh6kg"},"id":"dv4vaxqp9emjyor","previousOperationId":"imnfzxu6b3bovgn"}
{"type":"log","timestamp":1708360287484,"level":"debug","message":"Base url not specified, skipping its injection.","meta":{"rootId":"m93o5uab73w41o6","id":"08jml7l0a7gh6kg"},"id":"nhad1s4ra9ygvps","previousOperationId":"imnfzxu6b3bovgn"}
{"type":"operationStart","subtype":"engine","name":"handlebars","timestamp":1708360287484,"id":"r0fmr6m8h0u7qei","previousEventId":"6765fw20yy7vico","operationId":"00nm0a859kb5vdc","previousOperationId":"imnfzxu6b3bovgn"}
{"type":"log","timestamp":1708360287484,"level":"debug","message":"Rendering engine handlebars","meta":{"rootId":"m93o5uab73w41o6","id":"08jml7l0a7gh6kg"},"id":"djk1j88zdkyo5ga","previousOperationId":"00nm0a859kb5vdc"}
{"type":"operationEnd","operationId":"00nm0a859kb5vdc","timestamp":1708360287493,"id":"gmddzlb32r4z3ry","previousEventId":"r0fmr6m8h0u7qei","previousOperationId":"00nm0a859kb5vdc"}
{"type":"operationStart","subtype":"recipe","name":"chrome-pdf","timestamp":1708360287493,"id":"4navyal74hizcgh","previousEventId":"gmddzlb32r4z3ry","operationId":"4ve1l5bdzrj2e2x","previousOperationId":"00nm0a859kb5vdc"}
{"type":"log","timestamp":1708360287493,"level":"debug","message":"Executing recipe chrome-pdf","meta":{"rootId":"m93o5uab73w41o6","id":"08jml7l0a7gh6kg"},"id":"ekl303btc0gxqsb","previousOperationId":"4ve1l5bdzrj2e2x"}
{"type":"log","timestamp":1708360287494,"level":"debug","message":"Converting with chrome HeadlessChrome/117.0.5938.149 using chrome-pool strategy","meta":{"rootId":"m93o5uab73w41o6","id":"08jml7l0a7gh6kg"},"id":"mo0eq7zp7docsr3","previousOperationId":"4ve1l5bdzrj2e2x"}
{"type":"log","timestamp":1708360287535,"level":"debug","message":"Page request: GET (document) file:///var/folders/tp/6hccbwhd41s4hkmxw_2wkz640000gn/T/jsreport/autocleanup/ba4ea35e-9cdd-41e8-98eb-d42b9750521e-chrome-pdf.html","meta":{"rootId":"m93o5uab73w41o6","id":"08jml7l0a7gh6kg"},"id":"4j6vhy6dlatns7m","previousOperationId":"4ve1l5bdzrj2e2x"}
{"type":"log","timestamp":1708360287541,"level":"debug","message":"Page request: GET (stylesheet) https://cdnjs.cloudflare.com/ajax/libs/metro/4.1.5/css/metro.min.css","meta":{"rootId":"m93o5uab73w41o6","id":"08jml7l0a7gh6kg"},"id":"j2yk59w0rdrbnxj","previousOperationId":"4ve1l5bdzrj2e2x"}
{"type":"log","timestamp":1708360287541,"level":"debug","message":"Page request finished: GET (document) 200 file:///var/folders/tp/6hccbwhd41s4hkmxw_2wkz640000gn/T/jsreport/autocleanup/ba4ea35e-9cdd-41e8-98eb-d42b9750521e-chrome-pdf.html","meta":{"rootId":"m93o5uab73w41o6","id":"08jml7l0a7gh6kg"},"id":"yvzs3yuqgb1cv58","previousOperationId":"4ve1l5bdzrj2e2x"}
{"type":"log","timestamp":1708360287548,"level":"debug","message":"Page request finished: GET (stylesheet) 200 https://cdnjs.cloudflare.com/ajax/libs/metro/4.1.5/css/metro.min.css","meta":{"rootId":"m93o5uab73w41o6","id":"08jml7l0a7gh6kg"},"id":"ce1t0p8llknbv7e","previousOperationId":"4ve1l5bdzrj2e2x"}
{"type":"log","timestamp":1708360287565,"level":"debug","message":"Running chrome with params {\"printBackground\":true,\"marginTop\":\"1.5cm\",\"marginRight\":\"1.5cm\",\"marginLeft\":\"1.cm\",\"timeout\":58296,\"margin\":{\"top\":\"1.5cm\",\"right\":\"1.5cm\",\"left\":\"1.cm\"}}","meta":{"rootId":"m93o5uab73w41o6","id":"08jml7l0a7gh6kg"},"id":"zsumvc14eyh67aw","previousOperationId":"4ve1l5bdzrj2e2x"}
{"type":"operationEnd","operationId":"4ve1l5bdzrj2e2x","timestamp":1708360287582,"id":"yim58bfx6d54ksv","previousEventId":"4navyal74hizcgh","previousOperationId":"4ve1l5bdzrj2e2x"}
{"type":"log","timestamp":1708360287582,"level":"debug","message":"Skipping storing report.","meta":{"rootId":"m93o5uab73w41o6","id":"08jml7l0a7gh6kg"},"id":"fbydsq4158mt6vb","previousOperationId":"4ve1l5bdzrj2e2x"}
{"type":"log","timestamp":1708360287582,"level":"info","message":"Rendering (child) request finished in 1792 ms","meta":{"rootId":"m93o5uab73w41o6","id":"08jml7l0a7gh6kg"},"id":"ien479o0zb16u1g","previousOperationId":"4ve1l5bdzrj2e2x"}
{"type":"operationEnd","subtype":"render","operationId":"imnfzxu6b3bovgn","timestamp":1708360287582,"id":"gcxfr40bl2y8mms","previousEventId":"yim58bfx6d54ksv","previousOperationId":"4ve1l5bdzrj2e2x"}
{"type":"operationEnd","operationId":"16h9o6vk47tgybd","timestamp":1708360287608,"id":"65r6ue8saneanf1","previousEventId":"c4qrz9lefws4lhf","previousOperationId":"16h9o6vk47tgybd"}
{"type":"log","timestamp":1708360287608,"level":"debug","message":"pdf-utils postproces start","meta":{"rootId":"m93o5uab73w41o6","id":"m93o5uab73w41o6"},"id":"hiqoahpe3d2no4n","previousOperationId":"16h9o6vk47tgybd"}
{"type":"log","timestamp":1708360287627,"level":"debug","message":"pdf-utils postproces end","meta":{"rootId":"m93o5uab73w41o6","id":"m93o5uab73w41o6"},"id":"r1i9rq4f0k5zj4x","previousOperationId":"16h9o6vk47tgybd"}
{"type":"operationEnd","operationId":"c26drjacx6kkf26","timestamp":1708360287627,"id":"ynl5dp3ixk4blvz","previousEventId":"65r6ue8saneanf1","previousOperationId":"16h9o6vk47tgybd"}
{"type":"log","timestamp":1708360287627,"level":"info","message":"pdf-utils pdf processing was finished","meta":{"rootId":"m93o5uab73w41o6","id":"m93o5uab73w41o6"},"id":"n1ni5fzmdaa7i9u","previousOperationId":"c26drjacx6kkf26"}
{"type":"log","timestamp":1708360287627,"level":"debug","message":"Skipping storing report.","meta":{"rootId":"m93o5uab73w41o6","id":"m93o5uab73w41o6"},"id":"imx9nial0x70s73","previousOperationId":"c26drjacx6kkf26"}
{"type":"log","timestamp":1708360287627,"level":"info","message":"Rendering request 20 finished in 1837 ms","meta":{"rootId":"m93o5uab73w41o6","id":"m93o5uab73w41o6"},"id":"e8tgushw1d9c1a1","previousOperationId":"c26drjacx6kkf26"}
{"type":"operationEnd","subtype":"render","operationId":"3a0el0bq6wz43se","timestamp":1708360287627,"id":"xpi57i3tjg5yzwq","previousEventId":"ynl5dp3ixk4blvz","previousOperationId":"c26drjacx6kkf26"}
{"type":"operationEnd","doDiffs":false,"previousEventId":"yuymr980tlghy70","previousOperationId":"23oe7skd90qc20k","operationId":"23oe7skd90qc20k","timestamp":1708360287630,"id":"e0rv3jqfcic7p63"}
