{"type":"operationStart","subtype":"profile","data":{"_id":"2DZP9iaqydEjCA6P","timestamp":"2024-01-18T17:09:47.607Z","state":"queued","mode":"standard","creationDate":"2024-01-18T17:09:47.609Z","modificationDate":"2024-01-18T17:09:47.609Z","shortid":"yNZKu7W","$entitySet":"profiles"},"doDiffs":false,"timestamp":1705597787608,"id":"0ztmn1pwgmy3qse","previousOperationId":null,"operationId":"gop8eaxq2evo1w3"}
{"type":"log","level":"info","message":"Render request 12 queued for execution and waiting for available worker","previousOperationId":"gop8eaxq2evo1w3","timestamp":1705597787608,"id":"0g10ccrsrf158mf"}
{"type":"operationStart","subtype":"render","name":"orders-main","previousOperationId":"gop8eaxq2evo1w3","timestamp":1705597787615,"id":"dvbhu80uhxbrfgx","previousEventId":"0ztmn1pwgmy3qse","operationId":"n1fyt9g01akjjop"}
{"type":"log","timestamp":1705597787615,"level":"info","message":"Starting rendering request 12","meta":{"rootId":"mdiw2t773dprpbq","id":"mdiw2t773dprpbq"},"id":"8rgibmer7h7u6u6","previousOperationId":"n1fyt9g01akjjop"}
{"type":"log","timestamp":1705597787615,"level":"info","message":"Rendering template { name: orders-main, recipe: chrome-pdf, engine: handlebars, preview: true }","meta":{"rootId":"mdiw2t773dprpbq","id":"mdiw2t773dprpbq"},"id":"3rjtm4msxcchfq3","previousOperationId":"n1fyt9g01akjjop"}
{"type":"log","timestamp":1705597787616,"level":"debug","message":"Data item not defined for this template.","meta":{"rootId":"mdiw2t773dprpbq","id":"mdiw2t773dprpbq"},"id":"9k6kcsoneqhdmvi","previousOperationId":"n1fyt9g01akjjop"}
{"type":"log","timestamp":1705597787617,"level":"debug","message":"Executing script orders-script (beforeRender)","meta":{"rootId":"mdiw2t773dprpbq","id":"mdiw2t773dprpbq"},"id":"eux2mp8v1w2rnjz","previousOperationId":"n1fyt9g01akjjop"}
{"type":"operationStart","subtype":"scriptsBeforeRender","name":"scripts beforeRender","timestamp":1705597787629,"id":"5b2phqa3gz2s9p5","previousEventId":"dvbhu80uhxbrfgx","operationId":"i2z9d9dbdzixy3h","previousOperationId":"n1fyt9g01akjjop"}
{"type":"operationStart","subtype":"script","name":"scripts orders-script","previousOperationId":"i2z9d9dbdzixy3h","timestamp":1705597787629,"id":"gygcsbppstpg19c","previousEventId":"5b2phqa3gz2s9p5","operationId":"4remn88gaoi760h"}
{"type":"log","timestamp":1705597787637,"level":"debug","message":"(console:log) [ 'Race1', 'Race2' ]","meta":{"userLevel":true,"rootId":"mdiw2t773dprpbq","id":"mdiw2t773dprpbq"},"id":"51b08w1xhkjuo0u","previousOperationId":"4remn88gaoi760h"}
{"type":"log","timestamp":1705597787637,"level":"debug","message":"(console:log) [ 2, 1 ]","meta":{"userLevel":true,"rootId":"mdiw2t773dprpbq","id":"mdiw2t773dprpbq"},"id":"3ve3w02ii925cbs","previousOperationId":"4remn88gaoi760h"}
{"type":"operationEnd","operationId":"4remn88gaoi760h","timestamp":1705597787637,"id":"q3gnxyppggy2rfl","previousEventId":"dvbhu80uhxbrfgx","previousOperationId":"n1fyt9g01akjjop"}
{"type":"operationEnd","operationId":"i2z9d9dbdzixy3h","timestamp":1705597787637,"id":"y8j40ysr1mku5lj","previousEventId":"q3gnxyppggy2rfl","previousOperationId":"n1fyt9g01akjjop"}
{"type":"log","timestamp":1705597787637,"level":"debug","message":"Base url not specified, skipping its injection.","meta":{"rootId":"mdiw2t773dprpbq","id":"mdiw2t773dprpbq"},"id":"m07gd3y1a1doj8p","previousOperationId":"i2z9d9dbdzixy3h"}
{"type":"operationStart","subtype":"engine","name":"handlebars","timestamp":1705597787637,"id":"7hdej37s4cuj82w","previousEventId":"y8j40ysr1mku5lj","operationId":"geryws5fid67kh9","previousOperationId":"i2z9d9dbdzixy3h"}
{"type":"log","timestamp":1705597787637,"level":"debug","message":"Rendering engine handlebars","meta":{"rootId":"mdiw2t773dprpbq","id":"mdiw2t773dprpbq"},"id":"72vcprlawwd2av4","previousOperationId":"geryws5fid67kh9"}
{"type":"log","timestamp":1705597787647,"level":"debug","message":"(console:log) Pdf utils adding group field, value: \"Race1\"","meta":{"userLevel":true,"rootId":"mdiw2t773dprpbq","id":"mdiw2t773dprpbq"},"id":"bpiepe1wvliadfc","previousOperationId":"geryws5fid67kh9"}
{"type":"log","timestamp":1705597787647,"level":"debug","message":"(console:log) Pdf utils adding group field, value: \"Race2\"","meta":{"userLevel":true,"rootId":"mdiw2t773dprpbq","id":"mdiw2t773dprpbq"},"id":"l7agtjz0nrvl80n","previousOperationId":"geryws5fid67kh9"}
{"type":"operationEnd","operationId":"geryws5fid67kh9","timestamp":1705597787647,"id":"67mvwcfms4q7cfk","previousEventId":"7hdej37s4cuj82w","previousOperationId":"geryws5fid67kh9"}
{"type":"operationStart","subtype":"recipe","name":"chrome-pdf","timestamp":1705597787647,"id":"bajzcx4pvenavsz","previousEventId":"67mvwcfms4q7cfk","operationId":"k0sgduesci3a6wi","previousOperationId":"geryws5fid67kh9"}
{"type":"log","timestamp":1705597787647,"level":"debug","message":"Executing recipe chrome-pdf","meta":{"rootId":"mdiw2t773dprpbq","id":"mdiw2t773dprpbq"},"id":"aupeh9xkbawhbkw","previousOperationId":"k0sgduesci3a6wi"}
{"type":"log","timestamp":1705597787649,"level":"debug","message":"Converting with chrome HeadlessChrome/117.0.5938.149 using chrome-pool strategy","meta":{"rootId":"mdiw2t773dprpbq","id":"mdiw2t773dprpbq"},"id":"5sj46ducjz8prgw","previousOperationId":"k0sgduesci3a6wi"}
{"type":"log","timestamp":1705597787722,"level":"debug","message":"Page request: GET (document) file:///C:/Users/DANIEL~1/AppData/Local/Temp/jsreport/autocleanup/7c0e628e-be85-402b-bffc-638f2b8627d3-chrome-pdf.html","meta":{"rootId":"mdiw2t773dprpbq","id":"mdiw2t773dprpbq"},"id":"pe79k8n62kfukty","previousOperationId":"k0sgduesci3a6wi"}
{"type":"log","timestamp":1705597787741,"level":"debug","message":"Page request: GET (stylesheet) https://cdnjs.cloudflare.com/ajax/libs/metro/4.1.5/css/metro.min.css","meta":{"rootId":"mdiw2t773dprpbq","id":"mdiw2t773dprpbq"},"id":"0jz5t7vwr46k993","previousOperationId":"k0sgduesci3a6wi"}
{"type":"log","timestamp":1705597787741,"level":"debug","message":"Page request: GET (script) https://cdnjs.cloudflare.com/ajax/libs/Chart.js/2.9.4/Chart.js","meta":{"rootId":"mdiw2t773dprpbq","id":"mdiw2t773dprpbq"},"id":"mri67m47e3uvqum","previousOperationId":"k0sgduesci3a6wi"}
{"type":"log","timestamp":1705597787741,"level":"debug","message":"Page request finished: GET (document) 200 file:///C:/Users/DANIEL~1/AppData/Local/Temp/jsreport/autocleanup/7c0e628e-be85-402b-bffc-638f2b8627d3-chrome-pdf.html","meta":{"rootId":"mdiw2t773dprpbq","id":"mdiw2t773dprpbq"},"id":"n1a6w4dih9uvzr7","previousOperationId":"k0sgduesci3a6wi"}
{"type":"log","timestamp":1705597787745,"level":"debug","message":"Page request finished: GET (script) 200 https://cdnjs.cloudflare.com/ajax/libs/Chart.js/2.9.4/Chart.js","meta":{"rootId":"mdiw2t773dprpbq","id":"mdiw2t773dprpbq"},"id":"1z0vb9fwl9zx5y5","previousOperationId":"k0sgduesci3a6wi"}
{"type":"log","timestamp":1705597787755,"level":"debug","message":"Page request finished: GET (stylesheet) 200 https://cdnjs.cloudflare.com/ajax/libs/metro/4.1.5/css/metro.min.css","meta":{"rootId":"mdiw2t773dprpbq","id":"mdiw2t773dprpbq"},"id":"7c0peqdyidizchu","previousOperationId":"k0sgduesci3a6wi"}
{"type":"log","timestamp":1705597787758,"level":"warn","message":"Page error: Missing initializer in const declaration , stack: SyntaxError: Missing initializer in const declaration","meta":{"rootId":"mdiw2t773dprpbq","id":"mdiw2t773dprpbq"},"id":"lakg0exwvrt34se","previousOperationId":"k0sgduesci3a6wi"}
{"type":"log","timestamp":1705597787782,"level":"debug","message":"Running chrome with params {\"printBackground\":true,\"marginTop\":\"4cm\",\"marginRight\":\"1.5cm\",\"marginBottom\":\"1.5cm\",\"marginLeft\":\"1.5cm\",\"waitForJS\":false,\"timeout\":59959,\"margin\":{\"top\":\"4cm\",\"right\":\"1.5cm\",\"bottom\":\"1.5cm\",\"left\":\"1.5cm\"}}","meta":{"rootId":"mdiw2t773dprpbq","id":"mdiw2t773dprpbq"},"id":"wtf3ekeqhzz0h1q","previousOperationId":"k0sgduesci3a6wi"}
{"type":"operationEnd","operationId":"k0sgduesci3a6wi","timestamp":1705597787843,"id":"lagyjxwwsb5d75q","previousEventId":"bajzcx4pvenavsz","previousOperationId":"k0sgduesci3a6wi"}
{"type":"log","timestamp":1705597787843,"level":"info","message":"pdf-utils is starting pdf processing","meta":{"rootId":"mdiw2t773dprpbq","id":"mdiw2t773dprpbq"},"id":"505r0fxmnmgj6gf","previousOperationId":"k0sgduesci3a6wi"}
{"type":"operationStart","subtype":"pdfUtils","name":"pdf utils","timestamp":1705597787843,"id":"68mcd2q71p8frmy","previousEventId":"lagyjxwwsb5d75q","operationId":"k80ca8xpexnpdqu","previousOperationId":"k0sgduesci3a6wi"}
{"type":"log","timestamp":1705597787843,"level":"debug","message":"pdf-utils detected 1 pdf operation(s) to process","meta":{"rootId":"mdiw2t773dprpbq","id":"mdiw2t773dprpbq"},"id":"2qbtpnlaxcb9hj7","previousOperationId":"k80ca8xpexnpdqu"}
{"type":"log","timestamp":1705597787856,"level":"debug","message":"pdf-utils running pdf operation merge","meta":{"rootId":"mdiw2t773dprpbq","id":"mdiw2t773dprpbq"},"id":"aixrc27k25u4yt5","previousOperationId":"k80ca8xpexnpdqu"}
{"type":"operationStart","subtype":"pdfUtilsMerge","name":"pdf utils merge","previousOperationId":"k80ca8xpexnpdqu","timestamp":1705597787856,"id":"2fjud4nni5fy3l3","previousEventId":"68mcd2q71p8frmy","operationId":"yzmoqdjrp0z89ai"}
{"type":"operationStart","subtype":"render","name":"orders-header","previousOperationId":"yzmoqdjrp0z89ai","timestamp":1705597787857,"id":"akqwt6049c8j9ll","previousEventId":"2fjud4nni5fy3l3","operationId":"n5kqqngfi2ye215"}
{"type":"log","timestamp":1705597787857,"level":"info","message":"Starting rendering (child) request","meta":{"rootId":"mdiw2t773dprpbq","id":"u4s15wng9eeh5lp"},"id":"qy8f42nu9192fg8","previousOperationId":"n5kqqngfi2ye215"}
{"type":"log","timestamp":1705597787857,"level":"info","message":"Rendering template { name: orders-header, recipe: chrome-pdf, engine: handlebars, preview: true }","meta":{"rootId":"mdiw2t773dprpbq","id":"u4s15wng9eeh5lp"},"id":"ok71nowq7k7xw2z","previousOperationId":"n5kqqngfi2ye215"}
{"type":"log","timestamp":1705597787858,"level":"debug","message":"Inline data specified.","meta":{"rootId":"mdiw2t773dprpbq","id":"u4s15wng9eeh5lp"},"id":"mtm66hdcgg0xytk","previousOperationId":"n5kqqngfi2ye215"}
{"type":"log","timestamp":1705597787861,"level":"debug","message":"Base url not specified, skipping its injection.","meta":{"rootId":"mdiw2t773dprpbq","id":"u4s15wng9eeh5lp"},"id":"8v95kftzq4aifa8","previousOperationId":"n5kqqngfi2ye215"}
{"type":"operationStart","subtype":"engine","name":"handlebars","timestamp":1705597787861,"id":"3436vi5xs1rci8z","previousEventId":"akqwt6049c8j9ll","operationId":"a16ma6xshlqj6jf","previousOperationId":"n5kqqngfi2ye215"}
{"type":"log","timestamp":1705597787861,"level":"debug","message":"Rendering engine handlebars","meta":{"rootId":"mdiw2t773dprpbq","id":"u4s15wng9eeh5lp"},"id":"wflw9pixqbmcjyg","previousOperationId":"a16ma6xshlqj6jf"}
{"type":"operationEnd","operationId":"a16ma6xshlqj6jf","timestamp":1705597787882,"id":"irypsfij99n8w2c","previousEventId":"3436vi5xs1rci8z","previousOperationId":"a16ma6xshlqj6jf"}
{"type":"operationStart","subtype":"recipe","name":"chrome-pdf","timestamp":1705597787882,"id":"7z994a64me4mouo","previousEventId":"irypsfij99n8w2c","operationId":"aiiliyrwp8cmni5","previousOperationId":"a16ma6xshlqj6jf"}
{"type":"log","timestamp":1705597787882,"level":"debug","message":"Executing recipe chrome-pdf","meta":{"rootId":"mdiw2t773dprpbq","id":"u4s15wng9eeh5lp"},"id":"pkr5bxanucvgmab","previousOperationId":"aiiliyrwp8cmni5"}
{"type":"log","timestamp":1705597787885,"level":"debug","message":"Converting with chrome HeadlessChrome/117.0.5938.149 using chrome-pool strategy","meta":{"rootId":"mdiw2t773dprpbq","id":"u4s15wng9eeh5lp"},"id":"voc53m29bx4i9dl","previousOperationId":"aiiliyrwp8cmni5"}
{"type":"log","timestamp":1705597787954,"level":"debug","message":"Page request: GET (document) file:///C:/Users/DANIEL~1/AppData/Local/Temp/jsreport/autocleanup/4bc56eb8-8314-4969-a284-b4adcdfca94a-chrome-pdf.html","meta":{"rootId":"mdiw2t773dprpbq","id":"u4s15wng9eeh5lp"},"id":"70y0olrhqwetm0v","previousOperationId":"aiiliyrwp8cmni5"}
{"type":"log","timestamp":1705597787961,"level":"debug","message":"Page request: GET (stylesheet) https://cdnjs.cloudflare.com/ajax/libs/metro/4.1.5/css/metro.min.css","meta":{"rootId":"mdiw2t773dprpbq","id":"u4s15wng9eeh5lp"},"id":"yrb39thpkq2mfxj","previousOperationId":"aiiliyrwp8cmni5"}
{"type":"log","timestamp":1705597787961,"level":"debug","message":"Page request finished: GET (document) 200 file:///C:/Users/DANIEL~1/AppData/Local/Temp/jsreport/autocleanup/4bc56eb8-8314-4969-a284-b4adcdfca94a-chrome-pdf.html","meta":{"rootId":"mdiw2t773dprpbq","id":"u4s15wng9eeh5lp"},"id":"pj6t6tjvrotg4a7","previousOperationId":"aiiliyrwp8cmni5"}
{"type":"log","timestamp":1705597787973,"level":"debug","message":"Page request finished: GET (stylesheet) 200 https://cdnjs.cloudflare.com/ajax/libs/metro/4.1.5/css/metro.min.css","meta":{"rootId":"mdiw2t773dprpbq","id":"u4s15wng9eeh5lp"},"id":"ils99l284a235q0","previousOperationId":"aiiliyrwp8cmni5"}
{"type":"log","timestamp":1705597787987,"level":"debug","message":"Running chrome with params {\"printBackground\":true,\"marginTop\":\"1.5cm\",\"marginRight\":\"1.5cm\",\"marginLeft\":\"1.cm\",\"timeout\":59723,\"margin\":{\"top\":\"1.5cm\",\"right\":\"1.5cm\",\"left\":\"1.cm\"}}","meta":{"rootId":"mdiw2t773dprpbq","id":"u4s15wng9eeh5lp"},"id":"w5vlh5es3is0yev","previousOperationId":"aiiliyrwp8cmni5"}
{"type":"operationEnd","operationId":"aiiliyrwp8cmni5","timestamp":1705597788014,"id":"ui7wgv87ckg4txt","previousEventId":"7z994a64me4mouo","previousOperationId":"aiiliyrwp8cmni5"}
{"type":"log","timestamp":1705597788014,"level":"debug","message":"Skipping storing report.","meta":{"rootId":"mdiw2t773dprpbq","id":"u4s15wng9eeh5lp"},"id":"v6m13xalawqfse2","previousOperationId":"aiiliyrwp8cmni5"}
{"type":"log","timestamp":1705597788014,"level":"info","message":"Rendering (child) request finished in 407 ms","meta":{"rootId":"mdiw2t773dprpbq","id":"u4s15wng9eeh5lp"},"id":"toq1r9bimgkfzpw","previousOperationId":"aiiliyrwp8cmni5"}
{"type":"operationEnd","subtype":"render","operationId":"n5kqqngfi2ye215","timestamp":1705597788014,"id":"2695wtb68183ial","previousEventId":"ui7wgv87ckg4txt","previousOperationId":"aiiliyrwp8cmni5"}
{"type":"operationEnd","operationId":"yzmoqdjrp0z89ai","timestamp":1705597788021,"id":"o12c44x076akaib","previousEventId":"2fjud4nni5fy3l3","previousOperationId":"yzmoqdjrp0z89ai"}
{"type":"log","timestamp":1705597788021,"level":"debug","message":"pdf-utils postproces start","meta":{"rootId":"mdiw2t773dprpbq","id":"mdiw2t773dprpbq"},"id":"tllbitki6gk13wm","previousOperationId":"yzmoqdjrp0z89ai"}
{"type":"log","timestamp":1705597788028,"level":"debug","message":"pdf-utils postproces end","meta":{"rootId":"mdiw2t773dprpbq","id":"mdiw2t773dprpbq"},"id":"7fwuqmh7kp83wab","previousOperationId":"yzmoqdjrp0z89ai"}
{"type":"operationEnd","operationId":"k80ca8xpexnpdqu","timestamp":1705597788028,"id":"azmr2kkt3qrt8zx","previousEventId":"o12c44x076akaib","previousOperationId":"yzmoqdjrp0z89ai"}
{"type":"log","timestamp":1705597788028,"level":"info","message":"pdf-utils pdf processing was finished","meta":{"rootId":"mdiw2t773dprpbq","id":"mdiw2t773dprpbq"},"id":"jl6b8vc9u9690x7","previousOperationId":"k80ca8xpexnpdqu"}
{"type":"log","timestamp":1705597788028,"level":"debug","message":"Skipping storing report.","meta":{"rootId":"mdiw2t773dprpbq","id":"mdiw2t773dprpbq"},"id":"l2uz0w369by0ryh","previousOperationId":"k80ca8xpexnpdqu"}
{"type":"log","timestamp":1705597788029,"level":"info","message":"Rendering request 12 finished in 422 ms","meta":{"rootId":"mdiw2t773dprpbq","id":"mdiw2t773dprpbq"},"id":"f5v958cbh0s43b3","previousOperationId":"k80ca8xpexnpdqu"}
{"type":"operationEnd","subtype":"render","operationId":"n1fyt9g01akjjop","timestamp":1705597788029,"id":"yuyzyfw6ihm543s","previousEventId":"azmr2kkt3qrt8zx","previousOperationId":"k80ca8xpexnpdqu"}
{"type":"operationEnd","doDiffs":false,"previousEventId":"0ztmn1pwgmy3qse","previousOperationId":"gop8eaxq2evo1w3","operationId":"gop8eaxq2evo1w3","timestamp":1705597788037,"id":"mx5vh7qsi4wojux"}
