{"type":"operationStart","subtype":"profile","data":{"_id":"ZKfOwIL7KyfY4QpC","timestamp":"2024-01-18T15:21:15.122Z","state":"queued","mode":"standard","creationDate":"2024-01-18T15:21:15.123Z","modificationDate":"2024-01-18T15:21:15.123Z","shortid":"P4c4gDp","$entitySet":"profiles"},"doDiffs":false,"timestamp":1705591275123,"id":"w7osnuzhx7dv7nh","previousOperationId":null,"operationId":"nf6lncegthnklrm"}
{"type":"log","level":"info","message":"Render request 40 queued for execution and waiting for available worker","previousOperationId":"nf6lncegthnklrm","timestamp":1705591275123,"id":"txp6ajuvm3rzo71"}
{"type":"operationStart","subtype":"render","name":"orders-main","previousOperationId":"nf6lncegthnklrm","timestamp":1705591275129,"id":"yw2uvrfsxsxg9ay","previousEventId":"w7osnuzhx7dv7nh","operationId":"e7akosa6jnhcv7y"}
{"type":"log","timestamp":1705591275129,"level":"info","message":"Starting rendering request 40","meta":{"rootId":"mq8ncgmm0c5z0b2","id":"mq8ncgmm0c5z0b2"},"id":"lrej7e0dvqru9cx","previousOperationId":"e7akosa6jnhcv7y"}
{"type":"log","timestamp":1705591275129,"level":"info","message":"Rendering template { name: orders-main, recipe: chrome-pdf, engine: handlebars, preview: true }","meta":{"rootId":"mq8ncgmm0c5z0b2","id":"mq8ncgmm0c5z0b2"},"id":"7dalgij0kawvtv1","previousOperationId":"e7akosa6jnhcv7y"}
{"type":"log","timestamp":1705591275130,"level":"debug","message":"Data item not defined for this template.","meta":{"rootId":"mq8ncgmm0c5z0b2","id":"mq8ncgmm0c5z0b2"},"id":"135n77zf69pbfz3","previousOperationId":"e7akosa6jnhcv7y"}
{"type":"log","timestamp":1705591275131,"level":"debug","message":"Executing script orders-script (beforeRender)","meta":{"rootId":"mq8ncgmm0c5z0b2","id":"mq8ncgmm0c5z0b2"},"id":"owxykdzvhbxxahr","previousOperationId":"e7akosa6jnhcv7y"}
{"type":"operationStart","subtype":"scriptsBeforeRender","name":"scripts beforeRender","timestamp":1705591275140,"id":"en07zsslhpbid3p","previousEventId":"yw2uvrfsxsxg9ay","operationId":"w4ed5vfx66f6rx8","previousOperationId":"e7akosa6jnhcv7y"}
{"type":"operationStart","subtype":"script","name":"scripts orders-script","previousOperationId":"w4ed5vfx66f6rx8","timestamp":1705591275140,"id":"oczgjuwq6b67oyg","previousEventId":"en07zsslhpbid3p","operationId":"0oqh20il14n77md"}
{"type":"operationEnd","operationId":"0oqh20il14n77md","timestamp":1705591275150,"id":"8quiidq0jt3dmwq","previousEventId":"yw2uvrfsxsxg9ay","previousOperationId":"e7akosa6jnhcv7y"}
{"type":"operationEnd","operationId":"w4ed5vfx66f6rx8","timestamp":1705591275150,"id":"dl28f7g4fzbl7wv","previousEventId":"8quiidq0jt3dmwq","previousOperationId":"e7akosa6jnhcv7y"}
{"type":"log","timestamp":1705591275150,"level":"debug","message":"Base url not specified, skipping its injection.","meta":{"rootId":"mq8ncgmm0c5z0b2","id":"mq8ncgmm0c5z0b2"},"id":"gw8juw24gy8cho6","previousOperationId":"w4ed5vfx66f6rx8"}
{"type":"operationStart","subtype":"engine","name":"handlebars","timestamp":1705591275151,"id":"vjmi5xmqd3gx8p1","previousEventId":"dl28f7g4fzbl7wv","operationId":"w5p9etpw5mig8wu","previousOperationId":"w4ed5vfx66f6rx8"}
{"type":"log","timestamp":1705591275151,"level":"debug","message":"Rendering engine handlebars","meta":{"rootId":"mq8ncgmm0c5z0b2","id":"mq8ncgmm0c5z0b2"},"id":"v72wf7e7nzjmow1","previousOperationId":"w5p9etpw5mig8wu"}
{"type":"log","timestamp":1705591275165,"level":"debug","message":"(console:log) Pdf utils adding group field, value: \"Race1\"","meta":{"userLevel":true,"rootId":"mq8ncgmm0c5z0b2","id":"mq8ncgmm0c5z0b2"},"id":"jgcms7jptezc8ot","previousOperationId":"w5p9etpw5mig8wu"}
{"type":"log","timestamp":1705591275165,"level":"debug","message":"(console:log) Pdf utils adding group field, value: \"Race2\"","meta":{"userLevel":true,"rootId":"mq8ncgmm0c5z0b2","id":"mq8ncgmm0c5z0b2"},"id":"btozogkgaqxdg4y","previousOperationId":"w5p9etpw5mig8wu"}
{"type":"operationEnd","operationId":"w5p9etpw5mig8wu","timestamp":1705591275165,"id":"wy8j73n0oefjux6","previousEventId":"vjmi5xmqd3gx8p1","previousOperationId":"w5p9etpw5mig8wu"}
{"type":"operationStart","subtype":"recipe","name":"chrome-pdf","timestamp":1705591275165,"id":"h1774msfz463xin","previousEventId":"wy8j73n0oefjux6","operationId":"xqmroudu6qwz21m","previousOperationId":"w5p9etpw5mig8wu"}
{"type":"log","timestamp":1705591275165,"level":"debug","message":"Executing recipe chrome-pdf","meta":{"rootId":"mq8ncgmm0c5z0b2","id":"mq8ncgmm0c5z0b2"},"id":"9t6eb6mgcabniys","previousOperationId":"xqmroudu6qwz21m"}
{"type":"log","timestamp":1705591275168,"level":"debug","message":"Converting with chrome HeadlessChrome/117.0.5938.149 using chrome-pool strategy","meta":{"rootId":"mq8ncgmm0c5z0b2","id":"mq8ncgmm0c5z0b2"},"id":"zbdeep7m6ykgqb9","previousOperationId":"xqmroudu6qwz21m"}
{"type":"log","timestamp":1705591275237,"level":"debug","message":"Page request: GET (document) file:///C:/Users/DANIEL~1/AppData/Local/Temp/jsreport/autocleanup/b4312711-6e1c-4560-a722-0629ecf556d2-chrome-pdf.html","meta":{"rootId":"mq8ncgmm0c5z0b2","id":"mq8ncgmm0c5z0b2"},"id":"hs7cwm38v9qs0fa","previousOperationId":"xqmroudu6qwz21m"}
{"type":"log","timestamp":1705591275254,"level":"debug","message":"Page request: GET (stylesheet) https://cdnjs.cloudflare.com/ajax/libs/metro/4.1.5/css/metro.min.css","meta":{"rootId":"mq8ncgmm0c5z0b2","id":"mq8ncgmm0c5z0b2"},"id":"mets69krx09o7o8","previousOperationId":"xqmroudu6qwz21m"}
{"type":"log","timestamp":1705591275254,"level":"debug","message":"Page request: GET (script) https://cdnjs.cloudflare.com/ajax/libs/Chart.js/2.9.4/Chart.js","meta":{"rootId":"mq8ncgmm0c5z0b2","id":"mq8ncgmm0c5z0b2"},"id":"wab1r94x4kpafvf","previousOperationId":"xqmroudu6qwz21m"}
{"type":"log","timestamp":1705591275255,"level":"debug","message":"Page request finished: GET (document) 200 file:///C:/Users/DANIEL~1/AppData/Local/Temp/jsreport/autocleanup/b4312711-6e1c-4560-a722-0629ecf556d2-chrome-pdf.html","meta":{"rootId":"mq8ncgmm0c5z0b2","id":"mq8ncgmm0c5z0b2"},"id":"0j2c3p6uigfe68c","previousOperationId":"xqmroudu6qwz21m"}
{"type":"log","timestamp":1705591275267,"level":"debug","message":"Page request finished: GET (stylesheet) 200 https://cdnjs.cloudflare.com/ajax/libs/metro/4.1.5/css/metro.min.css","meta":{"rootId":"mq8ncgmm0c5z0b2","id":"mq8ncgmm0c5z0b2"},"id":"pli6m6bda9pzmyy","previousOperationId":"xqmroudu6qwz21m"}
{"type":"log","timestamp":1705591275268,"level":"debug","message":"Page request finished: GET (script) 200 https://cdnjs.cloudflare.com/ajax/libs/Chart.js/2.9.4/Chart.js","meta":{"rootId":"mq8ncgmm0c5z0b2","id":"mq8ncgmm0c5z0b2"},"id":"mbhv8cqhkkbyf56","previousOperationId":"xqmroudu6qwz21m"}
{"type":"log","timestamp":1705591275271,"level":"warn","message":"Page error: Missing initializer in const declaration , stack: SyntaxError: Missing initializer in const declaration","meta":{"rootId":"mq8ncgmm0c5z0b2","id":"mq8ncgmm0c5z0b2"},"id":"z0c534h48bu4whp","previousOperationId":"xqmroudu6qwz21m"}
{"type":"log","timestamp":1705591275293,"level":"debug","message":"Running chrome with params {\"printBackground\":true,\"marginTop\":\"4cm\",\"marginRight\":\"1.5cm\",\"marginBottom\":\"1.5cm\",\"marginLeft\":\"1.5cm\",\"waitForJS\":false,\"timeout\":59955,\"margin\":{\"top\":\"4cm\",\"right\":\"1.5cm\",\"bottom\":\"1.5cm\",\"left\":\"1.5cm\"}}","meta":{"rootId":"mq8ncgmm0c5z0b2","id":"mq8ncgmm0c5z0b2"},"id":"xi4qrjidzuz7bck","previousOperationId":"xqmroudu6qwz21m"}
{"type":"operationEnd","operationId":"xqmroudu6qwz21m","timestamp":1705591275349,"id":"2lvt68dsauajf88","previousEventId":"h1774msfz463xin","previousOperationId":"xqmroudu6qwz21m"}
{"type":"log","timestamp":1705591275349,"level":"info","message":"pdf-utils is starting pdf processing","meta":{"rootId":"mq8ncgmm0c5z0b2","id":"mq8ncgmm0c5z0b2"},"id":"ritll14qu0vrv7b","previousOperationId":"xqmroudu6qwz21m"}
{"type":"operationStart","subtype":"pdfUtils","name":"pdf utils","timestamp":1705591275349,"id":"ngbzmw1uvbvh3gl","previousEventId":"2lvt68dsauajf88","operationId":"c8l3tpbzmyoq8aw","previousOperationId":"xqmroudu6qwz21m"}
{"type":"log","timestamp":1705591275349,"level":"debug","message":"pdf-utils detected 1 pdf operation(s) to process","meta":{"rootId":"mq8ncgmm0c5z0b2","id":"mq8ncgmm0c5z0b2"},"id":"wuw9crtx9n0q4fk","previousOperationId":"c8l3tpbzmyoq8aw"}
{"type":"log","timestamp":1705591275359,"level":"debug","message":"pdf-utils running pdf operation merge","meta":{"rootId":"mq8ncgmm0c5z0b2","id":"mq8ncgmm0c5z0b2"},"id":"1mq7r1uavaihc36","previousOperationId":"c8l3tpbzmyoq8aw"}
{"type":"operationStart","subtype":"pdfUtilsMerge","name":"pdf utils merge","previousOperationId":"c8l3tpbzmyoq8aw","timestamp":1705591275359,"id":"acub7lwtiven5cc","previousEventId":"ngbzmw1uvbvh3gl","operationId":"9sfnzx9lyqz0k78"}
{"type":"operationStart","subtype":"render","name":"orders-header","previousOperationId":"9sfnzx9lyqz0k78","timestamp":1705591275360,"id":"5s9crtainkdqb16","previousEventId":"acub7lwtiven5cc","operationId":"bs5574uv52kacla"}
{"type":"log","timestamp":1705591275360,"level":"info","message":"Starting rendering (child) request","meta":{"rootId":"mq8ncgmm0c5z0b2","id":"fcwb2cbmlmmeb17"},"id":"dnvwx51hsw9hmm1","previousOperationId":"bs5574uv52kacla"}
{"type":"log","timestamp":1705591275361,"level":"info","message":"Rendering template { name: orders-header, recipe: chrome-pdf, engine: handlebars, preview: true }","meta":{"rootId":"mq8ncgmm0c5z0b2","id":"fcwb2cbmlmmeb17"},"id":"my9a6r2v9pdica9","previousOperationId":"bs5574uv52kacla"}
{"type":"log","timestamp":1705591275361,"level":"debug","message":"Inline data specified.","meta":{"rootId":"mq8ncgmm0c5z0b2","id":"fcwb2cbmlmmeb17"},"id":"i04td19h099c5qt","previousOperationId":"bs5574uv52kacla"}
{"type":"log","timestamp":1705591275362,"level":"debug","message":"Base url not specified, skipping its injection.","meta":{"rootId":"mq8ncgmm0c5z0b2","id":"fcwb2cbmlmmeb17"},"id":"snf3n9zr0iuz70n","previousOperationId":"bs5574uv52kacla"}
{"type":"operationStart","subtype":"engine","name":"handlebars","timestamp":1705591275362,"id":"4b9m45erra27gzk","previousEventId":"5s9crtainkdqb16","operationId":"oy4zmoge1x0c5p5","previousOperationId":"bs5574uv52kacla"}
{"type":"log","timestamp":1705591275362,"level":"debug","message":"Rendering engine handlebars","meta":{"rootId":"mq8ncgmm0c5z0b2","id":"fcwb2cbmlmmeb17"},"id":"amx934xgkyuzky2","previousOperationId":"oy4zmoge1x0c5p5"}
{"type":"operationEnd","operationId":"oy4zmoge1x0c5p5","timestamp":1705591275373,"id":"vskuyjqn928gfh5","previousEventId":"4b9m45erra27gzk","previousOperationId":"oy4zmoge1x0c5p5"}
{"type":"operationStart","subtype":"recipe","name":"chrome-pdf","timestamp":1705591275373,"id":"0dvaxbvvtl3y5zz","previousEventId":"vskuyjqn928gfh5","operationId":"o7wr1ko3csrr9a3","previousOperationId":"oy4zmoge1x0c5p5"}
{"type":"log","timestamp":1705591275373,"level":"debug","message":"Executing recipe chrome-pdf","meta":{"rootId":"mq8ncgmm0c5z0b2","id":"fcwb2cbmlmmeb17"},"id":"tez827ccbj31cll","previousOperationId":"o7wr1ko3csrr9a3"}
{"type":"log","timestamp":1705591275375,"level":"debug","message":"Converting with chrome HeadlessChrome/117.0.5938.149 using chrome-pool strategy","meta":{"rootId":"mq8ncgmm0c5z0b2","id":"fcwb2cbmlmmeb17"},"id":"xr9dnpx7mmo7ie1","previousOperationId":"o7wr1ko3csrr9a3"}
{"type":"log","timestamp":1705591275438,"level":"debug","message":"Page request: GET (document) file:///C:/Users/DANIEL~1/AppData/Local/Temp/jsreport/autocleanup/1cb7fc15-bc6f-47a2-9b72-39361824e8ce-chrome-pdf.html","meta":{"rootId":"mq8ncgmm0c5z0b2","id":"fcwb2cbmlmmeb17"},"id":"m7d59dhs0udsyzc","previousOperationId":"o7wr1ko3csrr9a3"}
{"type":"log","timestamp":1705591275445,"level":"debug","message":"Page request: GET (stylesheet) https://cdnjs.cloudflare.com/ajax/libs/metro/4.1.5/css/metro.min.css","meta":{"rootId":"mq8ncgmm0c5z0b2","id":"fcwb2cbmlmmeb17"},"id":"37mt2ma8t85xzej","previousOperationId":"o7wr1ko3csrr9a3"}
{"type":"log","timestamp":1705591275445,"level":"debug","message":"Page request finished: GET (document) 200 file:///C:/Users/DANIEL~1/AppData/Local/Temp/jsreport/autocleanup/1cb7fc15-bc6f-47a2-9b72-39361824e8ce-chrome-pdf.html","meta":{"rootId":"mq8ncgmm0c5z0b2","id":"fcwb2cbmlmmeb17"},"id":"4bh1vq8s29tv40d","previousOperationId":"o7wr1ko3csrr9a3"}
{"type":"log","timestamp":1705591275456,"level":"debug","message":"Page request finished: GET (stylesheet) 200 https://cdnjs.cloudflare.com/ajax/libs/metro/4.1.5/css/metro.min.css","meta":{"rootId":"mq8ncgmm0c5z0b2","id":"fcwb2cbmlmmeb17"},"id":"l5vhi6zn5le302p","previousOperationId":"o7wr1ko3csrr9a3"}
{"type":"log","timestamp":1705591275468,"level":"debug","message":"Running chrome with params {\"printBackground\":true,\"marginTop\":\"1.5cm\",\"marginRight\":\"1.5cm\",\"marginLeft\":\"1.cm\",\"timeout\":59748,\"margin\":{\"top\":\"1.5cm\",\"right\":\"1.5cm\",\"left\":\"1.cm\"}}","meta":{"rootId":"mq8ncgmm0c5z0b2","id":"fcwb2cbmlmmeb17"},"id":"44ccdeldmeomffq","previousOperationId":"o7wr1ko3csrr9a3"}
{"type":"operationEnd","operationId":"o7wr1ko3csrr9a3","timestamp":1705591275496,"id":"tr7s8byglcvzdi8","previousEventId":"0dvaxbvvtl3y5zz","previousOperationId":"o7wr1ko3csrr9a3"}
{"type":"log","timestamp":1705591275497,"level":"debug","message":"Skipping storing report.","meta":{"rootId":"mq8ncgmm0c5z0b2","id":"fcwb2cbmlmmeb17"},"id":"u3supqj3w4s0hs7","previousOperationId":"o7wr1ko3csrr9a3"}
{"type":"log","timestamp":1705591275497,"level":"info","message":"Rendering (child) request finished in 375 ms","meta":{"rootId":"mq8ncgmm0c5z0b2","id":"fcwb2cbmlmmeb17"},"id":"2ndpw3z0mb1jmkq","previousOperationId":"o7wr1ko3csrr9a3"}
{"type":"operationEnd","subtype":"render","operationId":"bs5574uv52kacla","timestamp":1705591275497,"id":"rnl5pp9608j39ou","previousEventId":"tr7s8byglcvzdi8","previousOperationId":"o7wr1ko3csrr9a3"}
{"type":"operationEnd","operationId":"9sfnzx9lyqz0k78","timestamp":1705591275506,"id":"xfeu5uqjlmskh57","previousEventId":"acub7lwtiven5cc","previousOperationId":"9sfnzx9lyqz0k78"}
{"type":"log","timestamp":1705591275506,"level":"debug","message":"pdf-utils postproces start","meta":{"rootId":"mq8ncgmm0c5z0b2","id":"mq8ncgmm0c5z0b2"},"id":"2cgdwyrn041fnme","previousOperationId":"9sfnzx9lyqz0k78"}
{"type":"log","timestamp":1705591275515,"level":"debug","message":"pdf-utils postproces end","meta":{"rootId":"mq8ncgmm0c5z0b2","id":"mq8ncgmm0c5z0b2"},"id":"46pvj9k0t5s92ks","previousOperationId":"9sfnzx9lyqz0k78"}
{"type":"operationEnd","operationId":"c8l3tpbzmyoq8aw","timestamp":1705591275515,"id":"tf5k8tj9hjzxso7","previousEventId":"xfeu5uqjlmskh57","previousOperationId":"9sfnzx9lyqz0k78"}
{"type":"log","timestamp":1705591275515,"level":"info","message":"pdf-utils pdf processing was finished","meta":{"rootId":"mq8ncgmm0c5z0b2","id":"mq8ncgmm0c5z0b2"},"id":"anbwstu7f50swgs","previousOperationId":"c8l3tpbzmyoq8aw"}
{"type":"log","timestamp":1705591275516,"level":"debug","message":"Skipping storing report.","meta":{"rootId":"mq8ncgmm0c5z0b2","id":"mq8ncgmm0c5z0b2"},"id":"z90sdmq7rxgnu6x","previousOperationId":"c8l3tpbzmyoq8aw"}
{"type":"log","timestamp":1705591275516,"level":"info","message":"Rendering request 40 finished in 394 ms","meta":{"rootId":"mq8ncgmm0c5z0b2","id":"mq8ncgmm0c5z0b2"},"id":"a40zy26av6ldalq","previousOperationId":"c8l3tpbzmyoq8aw"}
{"type":"operationEnd","subtype":"render","operationId":"e7akosa6jnhcv7y","timestamp":1705591275516,"id":"12o8l3vxpsnln49","previousEventId":"tf5k8tj9hjzxso7","previousOperationId":"c8l3tpbzmyoq8aw"}
{"type":"operationEnd","doDiffs":false,"previousEventId":"w7osnuzhx7dv7nh","previousOperationId":"nf6lncegthnklrm","operationId":"nf6lncegthnklrm","timestamp":1705591275520,"id":"q88eyow1dtq054t"}
