{"type":"operationStart","subtype":"profile","data":{"_id":"r6MTE3xwuzKhZ9u5","timestamp":"2024-01-18T16:58:10.473Z","state":"queued","mode":"standard","creationDate":"2024-01-18T16:58:10.477Z","modificationDate":"2024-01-18T16:58:10.477Z","shortid":"oQaHq5M","$entitySet":"profiles"},"doDiffs":false,"timestamp":1705597090475,"id":"v2plcrqvmylqi2z","previousOperationId":null,"operationId":"weykpi9io7ig3us"}
{"type":"log","level":"info","message":"Render request 1 queued for execution and waiting for available worker","previousOperationId":"weykpi9io7ig3us","timestamp":1705597090475,"id":"al3w9ipqf2qra1r"}
{"type":"operationStart","subtype":"render","name":"orders-main","previousOperationId":"weykpi9io7ig3us","timestamp":1705597090494,"id":"xr4odnlmhixngob","previousEventId":"v2plcrqvmylqi2z","operationId":"69aj7jrtyxkl2x1"}
{"type":"log","timestamp":1705597090495,"level":"info","message":"Starting rendering request 1","meta":{"rootId":"n0x970aan2x2se8","id":"n0x970aan2x2se8"},"id":"gq5fhsndplrdoci","previousOperationId":"69aj7jrtyxkl2x1"}
{"type":"log","timestamp":1705597090496,"level":"info","message":"Rendering template { name: orders-main, recipe: chrome-pdf, engine: handlebars, preview: true }","meta":{"rootId":"n0x970aan2x2se8","id":"n0x970aan2x2se8"},"id":"dc4ua4hc7getyny","previousOperationId":"69aj7jrtyxkl2x1"}
{"type":"log","timestamp":1705597090497,"level":"debug","message":"Data item not defined for this template.","meta":{"rootId":"n0x970aan2x2se8","id":"n0x970aan2x2se8"},"id":"z1jdg24sjteptr6","previousOperationId":"69aj7jrtyxkl2x1"}
{"type":"log","timestamp":1705597090500,"level":"debug","message":"Executing script orders-script (beforeRender)","meta":{"rootId":"n0x970aan2x2se8","id":"n0x970aan2x2se8"},"id":"vxvtbryvsvw0l46","previousOperationId":"69aj7jrtyxkl2x1"}
{"type":"operationStart","subtype":"scriptsBeforeRender","name":"scripts beforeRender","timestamp":1705597090710,"id":"9ih8b0myv1rfq48","previousEventId":"xr4odnlmhixngob","operationId":"2xdcclxri2fydsw","previousOperationId":"69aj7jrtyxkl2x1"}
{"type":"operationStart","subtype":"script","name":"scripts orders-script","previousOperationId":"2xdcclxri2fydsw","timestamp":1705597090710,"id":"9lo7vul5ig6jx87","previousEventId":"9ih8b0myv1rfq48","operationId":"bkd0guu2ioxyyzw"}
{"type":"log","timestamp":1705597090735,"level":"debug","message":"(console:log) [2,1]","meta":{"userLevel":true,"rootId":"n0x970aan2x2se8","id":"n0x970aan2x2se8"},"id":"rtko46987ek8q2m","previousOperationId":"bkd0guu2ioxyyzw"}
{"type":"log","timestamp":1705597090736,"level":"debug","message":"(console:log) [\"Race1\",\"Race2\"]","meta":{"userLevel":true,"rootId":"n0x970aan2x2se8","id":"n0x970aan2x2se8"},"id":"1yxfna2eagvf3qh","previousOperationId":"bkd0guu2ioxyyzw"}
{"type":"operationEnd","operationId":"bkd0guu2ioxyyzw","timestamp":1705597090736,"id":"ls76wqm7utry7x4","previousEventId":"xr4odnlmhixngob","previousOperationId":"69aj7jrtyxkl2x1"}
{"type":"operationEnd","operationId":"2xdcclxri2fydsw","timestamp":1705597090736,"id":"6sjo7kngjpfm7h7","previousEventId":"ls76wqm7utry7x4","previousOperationId":"69aj7jrtyxkl2x1"}
{"type":"log","timestamp":1705597090736,"level":"debug","message":"Base url not specified, skipping its injection.","meta":{"rootId":"n0x970aan2x2se8","id":"n0x970aan2x2se8"},"id":"0zgnnpml42q24c1","previousOperationId":"2xdcclxri2fydsw"}
{"type":"operationStart","subtype":"engine","name":"handlebars","timestamp":1705597090737,"id":"k3mb9ivchm20l9z","previousEventId":"6sjo7kngjpfm7h7","operationId":"e7oxrewge5t6bnq","previousOperationId":"2xdcclxri2fydsw"}
{"type":"log","timestamp":1705597090737,"level":"debug","message":"Rendering engine handlebars","meta":{"rootId":"n0x970aan2x2se8","id":"n0x970aan2x2se8"},"id":"ea52k91fb3nop86","previousOperationId":"e7oxrewge5t6bnq"}
{"type":"log","timestamp":1705597090931,"level":"debug","message":"(console:log) Pdf utils adding group field, value: \"Race1\"","meta":{"userLevel":true,"rootId":"n0x970aan2x2se8","id":"n0x970aan2x2se8"},"id":"1lpnmcz9rl7f2ag","previousOperationId":"e7oxrewge5t6bnq"}
{"type":"log","timestamp":1705597090931,"level":"debug","message":"(console:log) Pdf utils adding group field, value: \"Race2\"","meta":{"userLevel":true,"rootId":"n0x970aan2x2se8","id":"n0x970aan2x2se8"},"id":"ir9gpsyls4g72xd","previousOperationId":"e7oxrewge5t6bnq"}
{"type":"operationEnd","operationId":"e7oxrewge5t6bnq","timestamp":1705597090931,"id":"uz0n2tx222ir3c0","previousEventId":"k3mb9ivchm20l9z","previousOperationId":"e7oxrewge5t6bnq"}
{"type":"operationStart","subtype":"recipe","name":"chrome-pdf","timestamp":1705597090932,"id":"n3plds5v07rql2s","previousEventId":"uz0n2tx222ir3c0","operationId":"6zq61fpdk9shviv","previousOperationId":"e7oxrewge5t6bnq"}
{"type":"log","timestamp":1705597090932,"level":"debug","message":"Executing recipe chrome-pdf","meta":{"rootId":"n0x970aan2x2se8","id":"n0x970aan2x2se8"},"id":"yusnfe9t24vkzud","previousOperationId":"6zq61fpdk9shviv"}
{"type":"log","timestamp":1705597091328,"level":"debug","message":"Converting with chrome HeadlessChrome/117.0.5938.149 using chrome-pool strategy","meta":{"rootId":"n0x970aan2x2se8","id":"n0x970aan2x2se8"},"id":"nug4b4669kj0yze","previousOperationId":"6zq61fpdk9shviv"}
{"type":"log","timestamp":1705597092648,"level":"debug","message":"Page request: GET (document) file:///C:/Users/DANIEL~1/AppData/Local/Temp/jsreport/autocleanup/d6f774eb-9c42-49d2-bf1c-0dfcb327fb58-chrome-pdf.html","meta":{"rootId":"n0x970aan2x2se8","id":"n0x970aan2x2se8"},"id":"s5g04telem4ev2e","previousOperationId":"6zq61fpdk9shviv"}
{"type":"log","timestamp":1705597092666,"level":"debug","message":"Page request: GET (stylesheet) https://cdnjs.cloudflare.com/ajax/libs/metro/4.1.5/css/metro.min.css","meta":{"rootId":"n0x970aan2x2se8","id":"n0x970aan2x2se8"},"id":"xs7rcrmfl6uk01w","previousOperationId":"6zq61fpdk9shviv"}
{"type":"log","timestamp":1705597092667,"level":"debug","message":"Page request: GET (script) https://cdnjs.cloudflare.com/ajax/libs/Chart.js/2.9.4/Chart.js","meta":{"rootId":"n0x970aan2x2se8","id":"n0x970aan2x2se8"},"id":"kzxyofom0gk6cku","previousOperationId":"6zq61fpdk9shviv"}
{"type":"log","timestamp":1705597092667,"level":"debug","message":"Page request finished: GET (document) 200 file:///C:/Users/DANIEL~1/AppData/Local/Temp/jsreport/autocleanup/d6f774eb-9c42-49d2-bf1c-0dfcb327fb58-chrome-pdf.html","meta":{"rootId":"n0x970aan2x2se8","id":"n0x970aan2x2se8"},"id":"jx9anw3unxkhg3k","previousOperationId":"6zq61fpdk9shviv"}
{"type":"log","timestamp":1705597092908,"level":"debug","message":"Page request finished: GET (script) 200 https://cdnjs.cloudflare.com/ajax/libs/Chart.js/2.9.4/Chart.js","meta":{"rootId":"n0x970aan2x2se8","id":"n0x970aan2x2se8"},"id":"ismpceomvmon45q","previousOperationId":"6zq61fpdk9shviv"}
{"type":"log","timestamp":1705597092946,"level":"debug","message":"Page request finished: GET (stylesheet) 200 https://cdnjs.cloudflare.com/ajax/libs/metro/4.1.5/css/metro.min.css","meta":{"rootId":"n0x970aan2x2se8","id":"n0x970aan2x2se8"},"id":"uk4x6mwwnefw28b","previousOperationId":"6zq61fpdk9shviv"}
{"type":"log","timestamp":1705597092951,"level":"warn","message":"Page error: Unexpected token '&' , stack: SyntaxError: Unexpected token '&'","meta":{"rootId":"n0x970aan2x2se8","id":"n0x970aan2x2se8"},"id":"0aru7bsfnfvcz65","previousOperationId":"6zq61fpdk9shviv"}
{"type":"log","timestamp":1705597092973,"level":"debug","message":"Running chrome with params {\"printBackground\":true,\"marginTop\":\"4cm\",\"marginRight\":\"1.5cm\",\"marginBottom\":\"1.5cm\",\"marginLeft\":\"1.5cm\",\"waitForJS\":false,\"timeout\":59267,\"margin\":{\"top\":\"4cm\",\"right\":\"1.5cm\",\"bottom\":\"1.5cm\",\"left\":\"1.5cm\"}}","meta":{"rootId":"n0x970aan2x2se8","id":"n0x970aan2x2se8"},"id":"bn1bky3ztb85905","previousOperationId":"6zq61fpdk9shviv"}
{"type":"operationEnd","operationId":"6zq61fpdk9shviv","timestamp":1705597093028,"id":"2kf8ehj7m7u1usx","previousEventId":"n3plds5v07rql2s","previousOperationId":"6zq61fpdk9shviv"}
{"type":"log","timestamp":1705597093029,"level":"info","message":"pdf-utils is starting pdf processing","meta":{"rootId":"n0x970aan2x2se8","id":"n0x970aan2x2se8"},"id":"l4pergtwkrfda9y","previousOperationId":"6zq61fpdk9shviv"}
{"type":"operationStart","subtype":"pdfUtils","name":"pdf utils","timestamp":1705597093168,"id":"qi3irdeojzy1lg4","previousEventId":"2kf8ehj7m7u1usx","operationId":"k3cn8ti18l978t5","previousOperationId":"6zq61fpdk9shviv"}
{"type":"log","timestamp":1705597093168,"level":"debug","message":"pdf-utils detected 1 pdf operation(s) to process","meta":{"rootId":"n0x970aan2x2se8","id":"n0x970aan2x2se8"},"id":"4e79y7znbydy8y8","previousOperationId":"k3cn8ti18l978t5"}
{"type":"log","timestamp":1705597093338,"level":"debug","message":"pdf-utils running pdf operation merge","meta":{"rootId":"n0x970aan2x2se8","id":"n0x970aan2x2se8"},"id":"ol1fcfesqd4oga7","previousOperationId":"k3cn8ti18l978t5"}
{"type":"operationStart","subtype":"pdfUtilsMerge","name":"pdf utils merge","previousOperationId":"k3cn8ti18l978t5","timestamp":1705597093338,"id":"b1vw7gfnx0s8ldw","previousEventId":"qi3irdeojzy1lg4","operationId":"isubbf509rgyrgh"}
{"type":"operationStart","subtype":"render","name":"orders-header","previousOperationId":"isubbf509rgyrgh","timestamp":1705597093339,"id":"zbjx0uxsyd2l8a4","previousEventId":"b1vw7gfnx0s8ldw","operationId":"hoyonxlz93tzt0a"}
{"type":"log","timestamp":1705597093339,"level":"info","message":"Starting rendering (child) request","meta":{"rootId":"n0x970aan2x2se8","id":"2tvq9ndedkwa6dr"},"id":"ke480ayazw6o3vg","previousOperationId":"hoyonxlz93tzt0a"}
{"type":"log","timestamp":1705597093339,"level":"info","message":"Rendering template { name: orders-header, recipe: chrome-pdf, engine: handlebars, preview: true }","meta":{"rootId":"n0x970aan2x2se8","id":"2tvq9ndedkwa6dr"},"id":"yrvyrdke872qrcx","previousOperationId":"hoyonxlz93tzt0a"}
{"type":"log","timestamp":1705597093345,"level":"debug","message":"Inline data specified.","meta":{"rootId":"n0x970aan2x2se8","id":"2tvq9ndedkwa6dr"},"id":"4lzi4qs3tyl999d","previousOperationId":"hoyonxlz93tzt0a"}
{"type":"log","timestamp":1705597093346,"level":"debug","message":"Base url not specified, skipping its injection.","meta":{"rootId":"n0x970aan2x2se8","id":"2tvq9ndedkwa6dr"},"id":"tt99mqso8vzcdbb","previousOperationId":"hoyonxlz93tzt0a"}
{"type":"operationStart","subtype":"engine","name":"handlebars","timestamp":1705597093346,"id":"qht6ak2emvc1a8k","previousEventId":"zbjx0uxsyd2l8a4","operationId":"aitnopsch3d3jd8","previousOperationId":"hoyonxlz93tzt0a"}
{"type":"log","timestamp":1705597093346,"level":"debug","message":"Rendering engine handlebars","meta":{"rootId":"n0x970aan2x2se8","id":"2tvq9ndedkwa6dr"},"id":"a8brqmiz8kay204","previousOperationId":"aitnopsch3d3jd8"}
{"type":"operationEnd","operationId":"aitnopsch3d3jd8","timestamp":1705597093373,"id":"i2q61r7lpvr4eft","previousEventId":"qht6ak2emvc1a8k","previousOperationId":"aitnopsch3d3jd8"}
{"type":"operationStart","subtype":"recipe","name":"chrome-pdf","timestamp":1705597093373,"id":"0236wofpwm4nmlt","previousEventId":"i2q61r7lpvr4eft","operationId":"8myl5wiv9j79cpl","previousOperationId":"aitnopsch3d3jd8"}
{"type":"log","timestamp":1705597093373,"level":"debug","message":"Executing recipe chrome-pdf","meta":{"rootId":"n0x970aan2x2se8","id":"2tvq9ndedkwa6dr"},"id":"6c0mji5gtq6y7lj","previousOperationId":"8myl5wiv9j79cpl"}
{"type":"log","timestamp":1705597093375,"level":"debug","message":"Converting with chrome HeadlessChrome/117.0.5938.149 using chrome-pool strategy","meta":{"rootId":"n0x970aan2x2se8","id":"2tvq9ndedkwa6dr"},"id":"j6jrodzjs8yok84","previousOperationId":"8myl5wiv9j79cpl"}
{"type":"log","timestamp":1705597093435,"level":"debug","message":"Page request: GET (document) file:///C:/Users/DANIEL~1/AppData/Local/Temp/jsreport/autocleanup/5017c2a0-beb7-4769-92c6-2ace2118cb4d-chrome-pdf.html","meta":{"rootId":"n0x970aan2x2se8","id":"2tvq9ndedkwa6dr"},"id":"xg5itxusak6d2bo","previousOperationId":"8myl5wiv9j79cpl"}
{"type":"log","timestamp":1705597093442,"level":"debug","message":"Page request: GET (stylesheet) https://cdnjs.cloudflare.com/ajax/libs/metro/4.1.5/css/metro.min.css","meta":{"rootId":"n0x970aan2x2se8","id":"2tvq9ndedkwa6dr"},"id":"xgymcbjntwwobwv","previousOperationId":"8myl5wiv9j79cpl"}
{"type":"log","timestamp":1705597093442,"level":"debug","message":"Page request finished: GET (document) 200 file:///C:/Users/DANIEL~1/AppData/Local/Temp/jsreport/autocleanup/5017c2a0-beb7-4769-92c6-2ace2118cb4d-chrome-pdf.html","meta":{"rootId":"n0x970aan2x2se8","id":"2tvq9ndedkwa6dr"},"id":"82gn2h03wik54wa","previousOperationId":"8myl5wiv9j79cpl"}
{"type":"log","timestamp":1705597093453,"level":"debug","message":"Page request finished: GET (stylesheet) 200 https://cdnjs.cloudflare.com/ajax/libs/metro/4.1.5/css/metro.min.css","meta":{"rootId":"n0x970aan2x2se8","id":"2tvq9ndedkwa6dr"},"id":"5ojsy2nioz9zdgr","previousOperationId":"8myl5wiv9j79cpl"}
{"type":"log","timestamp":1705597093465,"level":"debug","message":"Running chrome with params {\"printBackground\":true,\"marginTop\":\"1.5cm\",\"marginRight\":\"1.5cm\",\"marginLeft\":\"1.cm\",\"timeout\":57099,\"margin\":{\"top\":\"1.5cm\",\"right\":\"1.5cm\",\"left\":\"1.cm\"}}","meta":{"rootId":"n0x970aan2x2se8","id":"2tvq9ndedkwa6dr"},"id":"2esu99369t4pubi","previousOperationId":"8myl5wiv9j79cpl"}
{"type":"operationEnd","operationId":"8myl5wiv9j79cpl","timestamp":1705597093491,"id":"7axxep9x5sy2qq7","previousEventId":"0236wofpwm4nmlt","previousOperationId":"8myl5wiv9j79cpl"}
{"type":"log","timestamp":1705597093492,"level":"debug","message":"Skipping storing report.","meta":{"rootId":"n0x970aan2x2se8","id":"2tvq9ndedkwa6dr"},"id":"7s4csx9f207ihnz","previousOperationId":"8myl5wiv9j79cpl"}
{"type":"log","timestamp":1705597093492,"level":"info","message":"Rendering (child) request finished in 3019 ms","meta":{"rootId":"n0x970aan2x2se8","id":"2tvq9ndedkwa6dr"},"id":"blocnvsr86g3rjd","previousOperationId":"8myl5wiv9j79cpl"}
{"type":"operationEnd","subtype":"render","operationId":"hoyonxlz93tzt0a","timestamp":1705597093492,"id":"np63nsihcb7pluz","previousEventId":"7axxep9x5sy2qq7","previousOperationId":"8myl5wiv9j79cpl"}
{"type":"operationEnd","operationId":"isubbf509rgyrgh","timestamp":1705597093507,"id":"va7voy2b28qvwnu","previousEventId":"b1vw7gfnx0s8ldw","previousOperationId":"isubbf509rgyrgh"}
{"type":"log","timestamp":1705597093507,"level":"debug","message":"pdf-utils postproces start","meta":{"rootId":"n0x970aan2x2se8","id":"n0x970aan2x2se8"},"id":"6i3g2ivy96zo1su","previousOperationId":"isubbf509rgyrgh"}
{"type":"log","timestamp":1705597093518,"level":"debug","message":"pdf-utils postproces end","meta":{"rootId":"n0x970aan2x2se8","id":"n0x970aan2x2se8"},"id":"vpkn49hjqj8n1jz","previousOperationId":"isubbf509rgyrgh"}
{"type":"operationEnd","operationId":"k3cn8ti18l978t5","timestamp":1705597093518,"id":"zh3vruhne99fxu2","previousEventId":"va7voy2b28qvwnu","previousOperationId":"isubbf509rgyrgh"}
{"type":"log","timestamp":1705597093519,"level":"info","message":"pdf-utils pdf processing was finished","meta":{"rootId":"n0x970aan2x2se8","id":"n0x970aan2x2se8"},"id":"m8jd4f86cchh9kj","previousOperationId":"k3cn8ti18l978t5"}
{"type":"log","timestamp":1705597093519,"level":"debug","message":"Skipping storing report.","meta":{"rootId":"n0x970aan2x2se8","id":"n0x970aan2x2se8"},"id":"vz6hn6nme9u6tdt","previousOperationId":"k3cn8ti18l978t5"}
{"type":"log","timestamp":1705597093519,"level":"info","message":"Rendering request 1 finished in 3046 ms","meta":{"rootId":"n0x970aan2x2se8","id":"n0x970aan2x2se8"},"id":"xo0looicupmsbi6","previousOperationId":"k3cn8ti18l978t5"}
{"type":"operationEnd","subtype":"render","operationId":"69aj7jrtyxkl2x1","timestamp":1705597093519,"id":"i1xd7n7i52pqk7h","previousEventId":"zh3vruhne99fxu2","previousOperationId":"k3cn8ti18l978t5"}
{"type":"operationEnd","doDiffs":false,"previousEventId":"v2plcrqvmylqi2z","previousOperationId":"weykpi9io7ig3us","operationId":"weykpi9io7ig3us","timestamp":1705597093528,"id":"q4cm6ffqt3pvvfv"}
