{"type":"operationStart","subtype":"profile","data":{"_id":"5Ijgxn6DYBBkwFNH","timestamp":"2024-01-18T20:12:33.997Z","state":"queued","mode":"standard","creationDate":"2024-01-18T20:12:34.001Z","modificationDate":"2024-01-18T20:12:34.001Z","shortid":"4e2s8VT","$entitySet":"profiles"},"doDiffs":false,"timestamp":1705608753999,"id":"fenb8kelfoc95lt","previousOperationId":null,"operationId":"w1qamevs38hag71"}
{"type":"log","level":"info","message":"Render request 9 queued for execution and waiting for available worker","previousOperationId":"w1qamevs38hag71","timestamp":1705608753999,"id":"seysestaec2sfna"}
{"type":"operationStart","subtype":"render","name":"orders-main","previousOperationId":"w1qamevs38hag71","timestamp":1705608754018,"id":"nggsf1pxaeswrzn","previousEventId":"fenb8kelfoc95lt","operationId":"bej7x5spt4rwxhs"}
{"type":"log","timestamp":1705608754018,"level":"info","message":"Starting rendering request 9","meta":{"rootId":"ndvmdecx1af7vkv","id":"ndvmdecx1af7vkv"},"id":"kuv5115zs3ep6bq","previousOperationId":"bej7x5spt4rwxhs"}
{"type":"log","timestamp":1705608754018,"level":"info","message":"Rendering template { name: orders-main, recipe: chrome-pdf, engine: handlebars, preview: true }","meta":{"rootId":"ndvmdecx1af7vkv","id":"ndvmdecx1af7vkv"},"id":"hqukdixggsgkht9","previousOperationId":"bej7x5spt4rwxhs"}
{"type":"log","timestamp":1705608754020,"level":"debug","message":"Data item not defined for this template.","meta":{"rootId":"ndvmdecx1af7vkv","id":"ndvmdecx1af7vkv"},"id":"smfnnwe0wkrvnki","previousOperationId":"bej7x5spt4rwxhs"}
{"type":"log","timestamp":1705608754026,"level":"debug","message":"Executing script orders-script (beforeRender)","meta":{"rootId":"ndvmdecx1af7vkv","id":"ndvmdecx1af7vkv"},"id":"ua2zdb3oui4k603","previousOperationId":"bej7x5spt4rwxhs"}
{"type":"operationStart","subtype":"scriptsBeforeRender","name":"scripts beforeRender","timestamp":1705608754075,"id":"kk1kpb4oyfw2gxy","previousEventId":"nggsf1pxaeswrzn","operationId":"iw7nmhrapmhi8x5","previousOperationId":"bej7x5spt4rwxhs"}
{"type":"operationStart","subtype":"script","name":"scripts orders-script","previousOperationId":"iw7nmhrapmhi8x5","timestamp":1705608754075,"id":"qwe9t9106z169ox","previousEventId":"kk1kpb4oyfw2gxy","operationId":"unvlq02txnq2dvx"}
{"type":"log","timestamp":1705608754099,"level":"debug","message":"(console:log) [ 'Race1', 'Race2' ]","meta":{"userLevel":true,"rootId":"ndvmdecx1af7vkv","id":"ndvmdecx1af7vkv"},"id":"ppusqnbjew14hcd","previousOperationId":"unvlq02txnq2dvx"}
{"type":"log","timestamp":1705608754100,"level":"debug","message":"(console:log) [ 2, 1 ]","meta":{"userLevel":true,"rootId":"ndvmdecx1af7vkv","id":"ndvmdecx1af7vkv"},"id":"n8bzorfplq3q2uq","previousOperationId":"unvlq02txnq2dvx"}
{"type":"operationEnd","operationId":"unvlq02txnq2dvx","timestamp":1705608754101,"id":"hewcbcikdnsm7gh","previousEventId":"nggsf1pxaeswrzn","previousOperationId":"bej7x5spt4rwxhs"}
{"type":"operationEnd","operationId":"iw7nmhrapmhi8x5","timestamp":1705608754101,"id":"638jci0rtmkwuub","previousEventId":"hewcbcikdnsm7gh","previousOperationId":"bej7x5spt4rwxhs"}
{"type":"log","timestamp":1705608754101,"level":"debug","message":"Base url not specified, skipping its injection.","meta":{"rootId":"ndvmdecx1af7vkv","id":"ndvmdecx1af7vkv"},"id":"ewyguvmqvd8mt5o","previousOperationId":"iw7nmhrapmhi8x5"}
{"type":"operationStart","subtype":"engine","name":"handlebars","timestamp":1705608754102,"id":"lsp0mcbb3hukxu1","previousEventId":"638jci0rtmkwuub","operationId":"nm8uclkxisltlpg","previousOperationId":"iw7nmhrapmhi8x5"}
{"type":"log","timestamp":1705608754102,"level":"debug","message":"Rendering engine handlebars","meta":{"rootId":"ndvmdecx1af7vkv","id":"ndvmdecx1af7vkv"},"id":"x044y2s27kqduzv","previousOperationId":"nm8uclkxisltlpg"}
{"type":"log","timestamp":1705608754148,"level":"debug","message":"(console:log) Pdf utils adding group field, value: \"Race1\"","meta":{"userLevel":true,"rootId":"ndvmdecx1af7vkv","id":"ndvmdecx1af7vkv"},"id":"hec5d32tdgmwlqx","previousOperationId":"nm8uclkxisltlpg"}
{"type":"log","timestamp":1705608754149,"level":"debug","message":"(console:log) Pdf utils adding group field, value: \"Race2\"","meta":{"userLevel":true,"rootId":"ndvmdecx1af7vkv","id":"ndvmdecx1af7vkv"},"id":"rgsoenahxbj1yyv","previousOperationId":"nm8uclkxisltlpg"}
{"type":"operationEnd","operationId":"nm8uclkxisltlpg","timestamp":1705608754150,"id":"wya0xbl9ifkrc8q","previousEventId":"lsp0mcbb3hukxu1","previousOperationId":"nm8uclkxisltlpg"}
{"type":"operationStart","subtype":"recipe","name":"chrome-pdf","timestamp":1705608754151,"id":"lpah78tpbx6p5in","previousEventId":"wya0xbl9ifkrc8q","operationId":"nmtsds9maxibusk","previousOperationId":"nm8uclkxisltlpg"}
{"type":"log","timestamp":1705608754151,"level":"debug","message":"Executing recipe chrome-pdf","meta":{"rootId":"ndvmdecx1af7vkv","id":"ndvmdecx1af7vkv"},"id":"h2iz2y1ep8koee1","previousOperationId":"nmtsds9maxibusk"}
{"type":"log","timestamp":1705608754156,"level":"debug","message":"Converting with chrome HeadlessChrome/117.0.5938.149 using chrome-pool strategy","meta":{"rootId":"ndvmdecx1af7vkv","id":"ndvmdecx1af7vkv"},"id":"nw1tt4h32k9m407","previousOperationId":"nmtsds9maxibusk"}
{"type":"log","timestamp":1705608754291,"level":"debug","message":"Page request: GET (document) file:///C:/Users/DANIEL~1/AppData/Local/Temp/jsreport/autocleanup/67731102-bedc-484a-8da0-bb0ddadbb883-chrome-pdf.html","meta":{"rootId":"ndvmdecx1af7vkv","id":"ndvmdecx1af7vkv"},"id":"8tlv7j2vxkfw6nu","previousOperationId":"nmtsds9maxibusk"}
{"type":"log","timestamp":1705608754323,"level":"debug","message":"Page request: GET (stylesheet) https://cdnjs.cloudflare.com/ajax/libs/metro/4.1.5/css/metro.min.css","meta":{"rootId":"ndvmdecx1af7vkv","id":"ndvmdecx1af7vkv"},"id":"ddqbpiwsf1ptqy0","previousOperationId":"nmtsds9maxibusk"}
{"type":"log","timestamp":1705608754324,"level":"debug","message":"Page request: GET (script) https://cdn.jsdelivr.net/npm/chart.js","meta":{"rootId":"ndvmdecx1af7vkv","id":"ndvmdecx1af7vkv"},"id":"iny14yhvw2lri9i","previousOperationId":"nmtsds9maxibusk"}
{"type":"log","timestamp":1705608754324,"level":"debug","message":"Page request finished: GET (document) 200 file:///C:/Users/DANIEL~1/AppData/Local/Temp/jsreport/autocleanup/67731102-bedc-484a-8da0-bb0ddadbb883-chrome-pdf.html","meta":{"rootId":"ndvmdecx1af7vkv","id":"ndvmdecx1af7vkv"},"id":"ojafe2hjbtlz1jf","previousOperationId":"nmtsds9maxibusk"}
{"type":"log","timestamp":1705608754333,"level":"debug","message":"Page request finished: GET (script) 200 https://cdn.jsdelivr.net/npm/chart.js","meta":{"rootId":"ndvmdecx1af7vkv","id":"ndvmdecx1af7vkv"},"id":"udqwh9gu7u720rh","previousOperationId":"nmtsds9maxibusk"}
{"type":"log","timestamp":1705608754352,"level":"debug","message":"Page request finished: GET (stylesheet) 200 https://cdnjs.cloudflare.com/ajax/libs/metro/4.1.5/css/metro.min.css","meta":{"rootId":"ndvmdecx1af7vkv","id":"ndvmdecx1af7vkv"},"id":"n2t7tpgyn6pozz3","previousOperationId":"nmtsds9maxibusk"}
{"type":"log","timestamp":1705608754452,"level":"debug","message":"Running chrome with params {\"printBackground\":true,\"marginTop\":\"4cm\",\"marginRight\":\"1.5cm\",\"marginBottom\":\"1.5cm\",\"marginLeft\":\"1.5cm\",\"waitForJS\":false,\"timeout\":59843,\"margin\":{\"top\":\"4cm\",\"right\":\"1.5cm\",\"bottom\":\"1.5cm\",\"left\":\"1.5cm\"}}","meta":{"rootId":"ndvmdecx1af7vkv","id":"ndvmdecx1af7vkv"},"id":"5vkhi81833caiio","previousOperationId":"nmtsds9maxibusk"}
{"type":"operationEnd","operationId":"nmtsds9maxibusk","timestamp":1705608754558,"id":"v21bxpdqsvi8raq","previousEventId":"lpah78tpbx6p5in","previousOperationId":"nmtsds9maxibusk"}
{"type":"log","timestamp":1705608754559,"level":"info","message":"pdf-utils is starting pdf processing","meta":{"rootId":"ndvmdecx1af7vkv","id":"ndvmdecx1af7vkv"},"id":"cvo9yo7pew9tghs","previousOperationId":"nmtsds9maxibusk"}
{"type":"operationStart","subtype":"pdfUtils","name":"pdf utils","timestamp":1705608754559,"id":"n48tbohcq8s5yzv","previousEventId":"v21bxpdqsvi8raq","operationId":"da9trgcni1lhklo","previousOperationId":"nmtsds9maxibusk"}
{"type":"log","timestamp":1705608754559,"level":"debug","message":"pdf-utils detected 1 pdf operation(s) to process","meta":{"rootId":"ndvmdecx1af7vkv","id":"ndvmdecx1af7vkv"},"id":"1gvgmacuv4zia2y","previousOperationId":"da9trgcni1lhklo"}
{"type":"log","timestamp":1705608754590,"level":"debug","message":"pdf-utils running pdf operation merge","meta":{"rootId":"ndvmdecx1af7vkv","id":"ndvmdecx1af7vkv"},"id":"jdlxjwo45vaf0lc","previousOperationId":"da9trgcni1lhklo"}
{"type":"operationStart","subtype":"pdfUtilsMerge","name":"pdf utils merge","previousOperationId":"da9trgcni1lhklo","timestamp":1705608754590,"id":"48vfz3gzzdhxoeg","previousEventId":"n48tbohcq8s5yzv","operationId":"6lof8ydukec5yyg"}
{"type":"operationStart","subtype":"render","name":"orders-header","previousOperationId":"6lof8ydukec5yyg","timestamp":1705608754591,"id":"44lbyma1p21vnns","previousEventId":"48vfz3gzzdhxoeg","operationId":"uya0crq1fliyrmt"}
{"type":"log","timestamp":1705608754591,"level":"info","message":"Starting rendering (child) request","meta":{"rootId":"ndvmdecx1af7vkv","id":"y1oa8wxdez5kxc8"},"id":"m9kyq0ppglcy6rg","previousOperationId":"uya0crq1fliyrmt"}
{"type":"log","timestamp":1705608754592,"level":"info","message":"Rendering template { name: orders-header, recipe: chrome-pdf, engine: handlebars, preview: true }","meta":{"rootId":"ndvmdecx1af7vkv","id":"y1oa8wxdez5kxc8"},"id":"66yxkvym89qggoq","previousOperationId":"uya0crq1fliyrmt"}
{"type":"log","timestamp":1705608754593,"level":"debug","message":"Inline data specified.","meta":{"rootId":"ndvmdecx1af7vkv","id":"y1oa8wxdez5kxc8"},"id":"spztw17bun9o7f9","previousOperationId":"uya0crq1fliyrmt"}
{"type":"log","timestamp":1705608754598,"level":"debug","message":"Base url not specified, skipping its injection.","meta":{"rootId":"ndvmdecx1af7vkv","id":"y1oa8wxdez5kxc8"},"id":"z2wixh2f2fst8lg","previousOperationId":"uya0crq1fliyrmt"}
{"type":"operationStart","subtype":"engine","name":"handlebars","timestamp":1705608754598,"id":"pkn49yf4ilrs4e6","previousEventId":"44lbyma1p21vnns","operationId":"r4m8i1zfczhfad5","previousOperationId":"uya0crq1fliyrmt"}
{"type":"log","timestamp":1705608754598,"level":"debug","message":"Rendering engine handlebars","meta":{"rootId":"ndvmdecx1af7vkv","id":"y1oa8wxdez5kxc8"},"id":"z6tr8i1tmyv39xu","previousOperationId":"r4m8i1zfczhfad5"}
{"type":"operationEnd","operationId":"r4m8i1zfczhfad5","timestamp":1705608754631,"id":"tp4y78gmw3cvs2c","previousEventId":"pkn49yf4ilrs4e6","previousOperationId":"r4m8i1zfczhfad5"}
{"type":"operationStart","subtype":"recipe","name":"chrome-pdf","timestamp":1705608754631,"id":"crn4in9w8uarr7m","previousEventId":"tp4y78gmw3cvs2c","operationId":"x73jskmc5f0jqf2","previousOperationId":"r4m8i1zfczhfad5"}
{"type":"log","timestamp":1705608754632,"level":"debug","message":"Executing recipe chrome-pdf","meta":{"rootId":"ndvmdecx1af7vkv","id":"y1oa8wxdez5kxc8"},"id":"4cj5t545ffkc2bj","previousOperationId":"x73jskmc5f0jqf2"}
{"type":"log","timestamp":1705608754637,"level":"debug","message":"Converting with chrome HeadlessChrome/117.0.5938.149 using chrome-pool strategy","meta":{"rootId":"ndvmdecx1af7vkv","id":"y1oa8wxdez5kxc8"},"id":"ve1nlifwhd1d68x","previousOperationId":"x73jskmc5f0jqf2"}
{"type":"log","timestamp":1705608754788,"level":"debug","message":"Page request: GET (document) file:///C:/Users/DANIEL~1/AppData/Local/Temp/jsreport/autocleanup/65af0fcb-e77a-442b-a8a5-e98588f5b95b-chrome-pdf.html","meta":{"rootId":"ndvmdecx1af7vkv","id":"y1oa8wxdez5kxc8"},"id":"adqjsijdsmfmia0","previousOperationId":"x73jskmc5f0jqf2"}
{"type":"log","timestamp":1705608754805,"level":"debug","message":"Page request: GET (stylesheet) https://cdnjs.cloudflare.com/ajax/libs/metro/4.1.5/css/metro.min.css","meta":{"rootId":"ndvmdecx1af7vkv","id":"y1oa8wxdez5kxc8"},"id":"nknp78g9ppzgnml","previousOperationId":"x73jskmc5f0jqf2"}
{"type":"log","timestamp":1705608754805,"level":"debug","message":"Page request finished: GET (document) 200 file:///C:/Users/DANIEL~1/AppData/Local/Temp/jsreport/autocleanup/65af0fcb-e77a-442b-a8a5-e98588f5b95b-chrome-pdf.html","meta":{"rootId":"ndvmdecx1af7vkv","id":"y1oa8wxdez5kxc8"},"id":"l0w3ns1b9uaai85","previousOperationId":"x73jskmc5f0jqf2"}
{"type":"log","timestamp":1705608754825,"level":"debug","message":"Page request finished: GET (stylesheet) 200 https://cdnjs.cloudflare.com/ajax/libs/metro/4.1.5/css/metro.min.css","meta":{"rootId":"ndvmdecx1af7vkv","id":"y1oa8wxdez5kxc8"},"id":"c10019siobvhevr","previousOperationId":"x73jskmc5f0jqf2"}
{"type":"log","timestamp":1705608754843,"level":"debug","message":"Running chrome with params {\"printBackground\":true,\"marginTop\":\"1.5cm\",\"marginRight\":\"1.5cm\",\"marginLeft\":\"1.cm\",\"timeout\":59362,\"margin\":{\"top\":\"1.5cm\",\"right\":\"1.5cm\",\"left\":\"1.cm\"}}","meta":{"rootId":"ndvmdecx1af7vkv","id":"y1oa8wxdez5kxc8"},"id":"9egcqxavlk8x9ef","previousOperationId":"x73jskmc5f0jqf2"}
{"type":"operationEnd","operationId":"x73jskmc5f0jqf2","timestamp":1705608754899,"id":"2eozfap4rkz25yr","previousEventId":"crn4in9w8uarr7m","previousOperationId":"x73jskmc5f0jqf2"}
{"type":"log","timestamp":1705608754899,"level":"debug","message":"Skipping storing report.","meta":{"rootId":"ndvmdecx1af7vkv","id":"y1oa8wxdez5kxc8"},"id":"lks441jd9a8ezy8","previousOperationId":"x73jskmc5f0jqf2"}
{"type":"log","timestamp":1705608754899,"level":"info","message":"Rendering (child) request finished in 902 ms","meta":{"rootId":"ndvmdecx1af7vkv","id":"y1oa8wxdez5kxc8"},"id":"ie11rhte8g0fz8i","previousOperationId":"x73jskmc5f0jqf2"}
{"type":"operationEnd","subtype":"render","operationId":"uya0crq1fliyrmt","timestamp":1705608754899,"id":"is18ewk4zqj3ij3","previousEventId":"2eozfap4rkz25yr","previousOperationId":"x73jskmc5f0jqf2"}
{"type":"operationEnd","operationId":"6lof8ydukec5yyg","timestamp":1705608754917,"id":"dk397bqbe59d3c1","previousEventId":"48vfz3gzzdhxoeg","previousOperationId":"6lof8ydukec5yyg"}
{"type":"log","timestamp":1705608754917,"level":"debug","message":"pdf-utils postproces start","meta":{"rootId":"ndvmdecx1af7vkv","id":"ndvmdecx1af7vkv"},"id":"oldf4gxbohktxs9","previousOperationId":"6lof8ydukec5yyg"}
{"type":"log","timestamp":1705608754928,"level":"debug","message":"pdf-utils postproces end","meta":{"rootId":"ndvmdecx1af7vkv","id":"ndvmdecx1af7vkv"},"id":"o7rojjmj1ekmum5","previousOperationId":"6lof8ydukec5yyg"}
{"type":"operationEnd","operationId":"da9trgcni1lhklo","timestamp":1705608754928,"id":"t4bfqz4x2mzhepw","previousEventId":"dk397bqbe59d3c1","previousOperationId":"6lof8ydukec5yyg"}
{"type":"log","timestamp":1705608754928,"level":"info","message":"pdf-utils pdf processing was finished","meta":{"rootId":"ndvmdecx1af7vkv","id":"ndvmdecx1af7vkv"},"id":"ulk5y1uty7f2yrm","previousOperationId":"da9trgcni1lhklo"}
{"type":"log","timestamp":1705608754928,"level":"debug","message":"Skipping storing report.","meta":{"rootId":"ndvmdecx1af7vkv","id":"ndvmdecx1af7vkv"},"id":"tlsbk964jni4p6u","previousOperationId":"da9trgcni1lhklo"}
{"type":"log","timestamp":1705608754928,"level":"info","message":"Rendering request 9 finished in 931 ms","meta":{"rootId":"ndvmdecx1af7vkv","id":"ndvmdecx1af7vkv"},"id":"8eliymf541dwmml","previousOperationId":"da9trgcni1lhklo"}
{"type":"operationEnd","subtype":"render","operationId":"bej7x5spt4rwxhs","timestamp":1705608754929,"id":"8yd1qbirt3b7i4w","previousEventId":"t4bfqz4x2mzhepw","previousOperationId":"da9trgcni1lhklo"}
{"type":"operationEnd","doDiffs":false,"previousEventId":"fenb8kelfoc95lt","previousOperationId":"w1qamevs38hag71","operationId":"w1qamevs38hag71","timestamp":1705608754943,"id":"jl0ltevg4rwipem"}
