{"type":"operationStart","subtype":"profile","data":{"_id":"b5fzsrwJPAQoKK61","timestamp":"2024-01-18T14:58:43.424Z","state":"queued","mode":"standard","creationDate":"2024-01-18T14:58:43.428Z","modificationDate":"2024-01-18T14:58:43.428Z","shortid":"rEI--Qd","$entitySet":"profiles"},"doDiffs":false,"timestamp":1705589923426,"id":"g92hr03aar9x3c3","previousOperationId":null,"operationId":"i0fz2c20thzeb12"}
{"type":"log","level":"info","message":"Render request 20 queued for execution and waiting for available worker","previousOperationId":"i0fz2c20thzeb12","timestamp":1705589923426,"id":"t6mgijfbrm88arg"}
{"type":"operationStart","subtype":"render","name":"orders-main","previousOperationId":"i0fz2c20thzeb12","timestamp":1705589923444,"id":"koe2ma3vx5x5xu4","previousEventId":"g92hr03aar9x3c3","operationId":"ozf84y8vpgaaj7q"}
{"type":"log","timestamp":1705589923444,"level":"info","message":"Starting rendering request 20","meta":{"rootId":"nhuk69epf6u9vcv","id":"nhuk69epf6u9vcv"},"id":"iv60lm941rxaidw","previousOperationId":"ozf84y8vpgaaj7q"}
{"type":"log","timestamp":1705589923444,"level":"info","message":"Rendering template { name: orders-main, recipe: chrome-pdf, engine: handlebars, preview: true }","meta":{"rootId":"nhuk69epf6u9vcv","id":"nhuk69epf6u9vcv"},"id":"72wf83qi9wticcw","previousOperationId":"ozf84y8vpgaaj7q"}
{"type":"log","timestamp":1705589923447,"level":"debug","message":"Data item not defined for this template.","meta":{"rootId":"nhuk69epf6u9vcv","id":"nhuk69epf6u9vcv"},"id":"nc2hm0hoanuz8d0","previousOperationId":"ozf84y8vpgaaj7q"}
{"type":"log","timestamp":1705589923449,"level":"debug","message":"Executing script orders-script (beforeRender)","meta":{"rootId":"nhuk69epf6u9vcv","id":"nhuk69epf6u9vcv"},"id":"tr0dmz7fa0xrdq0","previousOperationId":"ozf84y8vpgaaj7q"}
{"type":"operationStart","subtype":"scriptsBeforeRender","name":"scripts beforeRender","timestamp":1705589923476,"id":"zhg48xnuce5xrqy","previousEventId":"koe2ma3vx5x5xu4","operationId":"5ifhl3j0f8nnr36","previousOperationId":"ozf84y8vpgaaj7q"}
{"type":"operationStart","subtype":"script","name":"scripts orders-script","previousOperationId":"5ifhl3j0f8nnr36","timestamp":1705589923476,"id":"tkqdiamef32wmf6","previousEventId":"zhg48xnuce5xrqy","operationId":"qcnxp1h408qhdf8"}
{"type":"operationEnd","operationId":"qcnxp1h408qhdf8","timestamp":1705589923498,"id":"r0adiv1871fheka","previousEventId":"koe2ma3vx5x5xu4","previousOperationId":"ozf84y8vpgaaj7q"}
{"type":"operationEnd","operationId":"5ifhl3j0f8nnr36","timestamp":1705589923498,"id":"cwpfe3ujla1soiy","previousEventId":"r0adiv1871fheka","previousOperationId":"ozf84y8vpgaaj7q"}
{"type":"log","timestamp":1705589923498,"level":"debug","message":"Base url not specified, skipping its injection.","meta":{"rootId":"nhuk69epf6u9vcv","id":"nhuk69epf6u9vcv"},"id":"thgswu03ozjo45b","previousOperationId":"5ifhl3j0f8nnr36"}
{"type":"operationStart","subtype":"engine","name":"handlebars","timestamp":1705589923498,"id":"iv0hxnn1q8wdjao","previousEventId":"cwpfe3ujla1soiy","operationId":"ruonyxuieywqz3a","previousOperationId":"5ifhl3j0f8nnr36"}
{"type":"log","timestamp":1705589923498,"level":"debug","message":"Rendering engine handlebars","meta":{"rootId":"nhuk69epf6u9vcv","id":"nhuk69epf6u9vcv"},"id":"lymq0a1gjlvwyv6","previousOperationId":"ruonyxuieywqz3a"}
{"type":"log","timestamp":1705589923523,"level":"debug","message":"(console:log) Pdf utils adding group field, value: \"Race1\"","meta":{"userLevel":true,"rootId":"nhuk69epf6u9vcv","id":"nhuk69epf6u9vcv"},"id":"y7aeym9qsdw2gz1","previousOperationId":"ruonyxuieywqz3a"}
{"type":"log","timestamp":1705589923523,"level":"debug","message":"(console:log) Pdf utils adding group field, value: \"Race2\"","meta":{"userLevel":true,"rootId":"nhuk69epf6u9vcv","id":"nhuk69epf6u9vcv"},"id":"lng6kt1i4q4z2oh","previousOperationId":"ruonyxuieywqz3a"}
{"type":"operationEnd","operationId":"ruonyxuieywqz3a","timestamp":1705589923524,"id":"uuoimwynz3ibcxr","previousEventId":"iv0hxnn1q8wdjao","previousOperationId":"ruonyxuieywqz3a"}
{"type":"operationStart","subtype":"recipe","name":"chrome-pdf","timestamp":1705589923524,"id":"satlj1ch0tes42k","previousEventId":"uuoimwynz3ibcxr","operationId":"1zbd5jv9opotibr","previousOperationId":"ruonyxuieywqz3a"}
{"type":"log","timestamp":1705589923524,"level":"debug","message":"Executing recipe chrome-pdf","meta":{"rootId":"nhuk69epf6u9vcv","id":"nhuk69epf6u9vcv"},"id":"ulqjlg93ivsqx5a","previousOperationId":"1zbd5jv9opotibr"}
{"type":"log","timestamp":1705589923527,"level":"debug","message":"Converting with chrome HeadlessChrome/117.0.5938.149 using chrome-pool strategy","meta":{"rootId":"nhuk69epf6u9vcv","id":"nhuk69epf6u9vcv"},"id":"8elh76b6ialul51","previousOperationId":"1zbd5jv9opotibr"}
{"type":"log","timestamp":1705589923662,"level":"debug","message":"Page request: GET (document) file:///C:/Users/DANIEL~1/AppData/Local/Temp/jsreport/autocleanup/7685053f-3ea9-44d2-9cc4-d7d74ec04c03-chrome-pdf.html","meta":{"rootId":"nhuk69epf6u9vcv","id":"nhuk69epf6u9vcv"},"id":"hfbqfo11cdfz616","previousOperationId":"1zbd5jv9opotibr"}
{"type":"log","timestamp":1705589923695,"level":"debug","message":"Page request: GET (stylesheet) https://cdnjs.cloudflare.com/ajax/libs/metro/4.1.5/css/metro.min.css","meta":{"rootId":"nhuk69epf6u9vcv","id":"nhuk69epf6u9vcv"},"id":"2lsyd53te2fd9g3","previousOperationId":"1zbd5jv9opotibr"}
{"type":"log","timestamp":1705589923696,"level":"debug","message":"Page request: GET (script) https://cdnjs.cloudflare.com/ajax/libs/Chart.js/2.9.4/Chart.js","meta":{"rootId":"nhuk69epf6u9vcv","id":"nhuk69epf6u9vcv"},"id":"r8vqcxpbhyj9n78","previousOperationId":"1zbd5jv9opotibr"}
{"type":"log","timestamp":1705589923696,"level":"debug","message":"Page request finished: GET (document) 200 file:///C:/Users/DANIEL~1/AppData/Local/Temp/jsreport/autocleanup/7685053f-3ea9-44d2-9cc4-d7d74ec04c03-chrome-pdf.html","meta":{"rootId":"nhuk69epf6u9vcv","id":"nhuk69epf6u9vcv"},"id":"gn2ht839a1tki73","previousOperationId":"1zbd5jv9opotibr"}
{"type":"log","timestamp":1705589923709,"level":"debug","message":"Page request finished: GET (script) 200 https://cdnjs.cloudflare.com/ajax/libs/Chart.js/2.9.4/Chart.js","meta":{"rootId":"nhuk69epf6u9vcv","id":"nhuk69epf6u9vcv"},"id":"hcket6qcdxhk5su","previousOperationId":"1zbd5jv9opotibr"}
{"type":"log","timestamp":1705589923725,"level":"debug","message":"Page request finished: GET (stylesheet) 200 https://cdnjs.cloudflare.com/ajax/libs/metro/4.1.5/css/metro.min.css","meta":{"rootId":"nhuk69epf6u9vcv","id":"nhuk69epf6u9vcv"},"id":"33hp292dzoq96dl","previousOperationId":"1zbd5jv9opotibr"}
{"type":"log","timestamp":1705589923731,"level":"warn","message":"Page error: Unexpected token ';' , stack: SyntaxError: Unexpected token ';'","meta":{"rootId":"nhuk69epf6u9vcv","id":"nhuk69epf6u9vcv"},"id":"4rvs55p3ly6ql8n","previousOperationId":"1zbd5jv9opotibr"}
{"type":"log","timestamp":1705589923763,"level":"debug","message":"Running chrome with params {\"printBackground\":true,\"marginTop\":\"4cm\",\"marginRight\":\"1.5cm\",\"marginBottom\":\"1.5cm\",\"marginLeft\":\"1.5cm\",\"waitForJS\":false,\"timeout\":59898,\"margin\":{\"top\":\"4cm\",\"right\":\"1.5cm\",\"bottom\":\"1.5cm\",\"left\":\"1.5cm\"}}","meta":{"rootId":"nhuk69epf6u9vcv","id":"nhuk69epf6u9vcv"},"id":"sjjhrgb1t5zft1g","previousOperationId":"1zbd5jv9opotibr"}
{"type":"operationEnd","operationId":"1zbd5jv9opotibr","timestamp":1705589923859,"id":"9fj0sh3rqya0sc3","previousEventId":"satlj1ch0tes42k","previousOperationId":"1zbd5jv9opotibr"}
{"type":"log","timestamp":1705589923859,"level":"info","message":"pdf-utils is starting pdf processing","meta":{"rootId":"nhuk69epf6u9vcv","id":"nhuk69epf6u9vcv"},"id":"s9gppt9n18r19iq","previousOperationId":"1zbd5jv9opotibr"}
{"type":"operationStart","subtype":"pdfUtils","name":"pdf utils","timestamp":1705589923859,"id":"699j2yq9phe5xpy","previousEventId":"9fj0sh3rqya0sc3","operationId":"zmag3kg047guy91","previousOperationId":"1zbd5jv9opotibr"}
{"type":"log","timestamp":1705589923859,"level":"debug","message":"pdf-utils detected 1 pdf operation(s) to process","meta":{"rootId":"nhuk69epf6u9vcv","id":"nhuk69epf6u9vcv"},"id":"34r06xazkjpzlqn","previousOperationId":"zmag3kg047guy91"}
{"type":"log","timestamp":1705589923884,"level":"debug","message":"pdf-utils running pdf operation merge","meta":{"rootId":"nhuk69epf6u9vcv","id":"nhuk69epf6u9vcv"},"id":"a3ho75x72t9kgti","previousOperationId":"zmag3kg047guy91"}
{"type":"operationStart","subtype":"pdfUtilsMerge","name":"pdf utils merge","previousOperationId":"zmag3kg047guy91","timestamp":1705589923884,"id":"8k4nm6ngdoa9ekx","previousEventId":"699j2yq9phe5xpy","operationId":"47k6fly085nj5nh"}
{"type":"operationStart","subtype":"render","name":"orders-header","previousOperationId":"47k6fly085nj5nh","timestamp":1705589923886,"id":"7qv5uyongxqda0j","previousEventId":"8k4nm6ngdoa9ekx","operationId":"l5znnx86v2spzng"}
{"type":"log","timestamp":1705589923886,"level":"info","message":"Starting rendering (child) request","meta":{"rootId":"nhuk69epf6u9vcv","id":"ndu569tgkkfs22d"},"id":"4q8praba42ue9c0","previousOperationId":"l5znnx86v2spzng"}
{"type":"log","timestamp":1705589923886,"level":"info","message":"Rendering template { name: orders-header, recipe: chrome-pdf, engine: handlebars, preview: true }","meta":{"rootId":"nhuk69epf6u9vcv","id":"ndu569tgkkfs22d"},"id":"a4oyztbkgeolt5w","previousOperationId":"l5znnx86v2spzng"}
{"type":"log","timestamp":1705589923888,"level":"debug","message":"Inline data specified.","meta":{"rootId":"nhuk69epf6u9vcv","id":"ndu569tgkkfs22d"},"id":"2fhespj99ho8qq7","previousOperationId":"l5znnx86v2spzng"}
{"type":"log","timestamp":1705589923895,"level":"debug","message":"Base url not specified, skipping its injection.","meta":{"rootId":"nhuk69epf6u9vcv","id":"ndu569tgkkfs22d"},"id":"mcozumo2kbh66w7","previousOperationId":"l5znnx86v2spzng"}
{"type":"operationStart","subtype":"engine","name":"handlebars","timestamp":1705589923896,"id":"pnq6fk6hk9jeo00","previousEventId":"7qv5uyongxqda0j","operationId":"ixusbzqt662wbgz","previousOperationId":"l5znnx86v2spzng"}
{"type":"log","timestamp":1705589923896,"level":"debug","message":"Rendering engine handlebars","meta":{"rootId":"nhuk69epf6u9vcv","id":"ndu569tgkkfs22d"},"id":"j68vxqijbhm1p7e","previousOperationId":"ixusbzqt662wbgz"}
{"type":"operationEnd","operationId":"ixusbzqt662wbgz","timestamp":1705589923936,"id":"ytjwwj4ov15ck10","previousEventId":"pnq6fk6hk9jeo00","previousOperationId":"ixusbzqt662wbgz"}
{"type":"operationStart","subtype":"recipe","name":"chrome-pdf","timestamp":1705589923936,"id":"ufjobua45sh03nj","previousEventId":"ytjwwj4ov15ck10","operationId":"dhme28y3wyan15n","previousOperationId":"ixusbzqt662wbgz"}
{"type":"log","timestamp":1705589923936,"level":"debug","message":"Executing recipe chrome-pdf","meta":{"rootId":"nhuk69epf6u9vcv","id":"ndu569tgkkfs22d"},"id":"oh222fitnmettic","previousOperationId":"dhme28y3wyan15n"}
{"type":"log","timestamp":1705589923940,"level":"debug","message":"Converting with chrome HeadlessChrome/117.0.5938.149 using chrome-pool strategy","meta":{"rootId":"nhuk69epf6u9vcv","id":"ndu569tgkkfs22d"},"id":"qu7p4qo9umi0ug6","previousOperationId":"dhme28y3wyan15n"}
{"type":"log","timestamp":1705589924071,"level":"debug","message":"Page request: GET (document) file:///C:/Users/DANIEL~1/AppData/Local/Temp/jsreport/autocleanup/f9cc73ce-d5a2-4d4e-af7e-f7d1c80627dc-chrome-pdf.html","meta":{"rootId":"nhuk69epf6u9vcv","id":"ndu569tgkkfs22d"},"id":"nsb3vwgm59qhytu","previousOperationId":"dhme28y3wyan15n"}
{"type":"log","timestamp":1705589924086,"level":"debug","message":"Page request: GET (stylesheet) https://cdnjs.cloudflare.com/ajax/libs/metro/4.1.5/css/metro.min.css","meta":{"rootId":"nhuk69epf6u9vcv","id":"ndu569tgkkfs22d"},"id":"d2eq6pyga7wwetm","previousOperationId":"dhme28y3wyan15n"}
{"type":"log","timestamp":1705589924087,"level":"debug","message":"Page request finished: GET (document) 200 file:///C:/Users/DANIEL~1/AppData/Local/Temp/jsreport/autocleanup/f9cc73ce-d5a2-4d4e-af7e-f7d1c80627dc-chrome-pdf.html","meta":{"rootId":"nhuk69epf6u9vcv","id":"ndu569tgkkfs22d"},"id":"qez9i7cdyi2z9yo","previousOperationId":"dhme28y3wyan15n"}
{"type":"log","timestamp":1705589924108,"level":"debug","message":"Page request finished: GET (stylesheet) 200 https://cdnjs.cloudflare.com/ajax/libs/metro/4.1.5/css/metro.min.css","meta":{"rootId":"nhuk69epf6u9vcv","id":"ndu569tgkkfs22d"},"id":"q6o4j1ydc8xvp5k","previousOperationId":"dhme28y3wyan15n"}
{"type":"log","timestamp":1705589924129,"level":"debug","message":"Running chrome with params {\"printBackground\":true,\"marginTop\":\"1.5cm\",\"marginRight\":\"1.5cm\",\"marginLeft\":\"1.cm\",\"timeout\":59485,\"margin\":{\"top\":\"1.5cm\",\"right\":\"1.5cm\",\"left\":\"1.cm\"}}","meta":{"rootId":"nhuk69epf6u9vcv","id":"ndu569tgkkfs22d"},"id":"yivs2um7xm7io27","previousOperationId":"dhme28y3wyan15n"}
{"type":"operationEnd","operationId":"dhme28y3wyan15n","timestamp":1705589924169,"id":"cudfcw1awly49xw","previousEventId":"ufjobua45sh03nj","previousOperationId":"dhme28y3wyan15n"}
{"type":"log","timestamp":1705589924169,"level":"debug","message":"Skipping storing report.","meta":{"rootId":"nhuk69epf6u9vcv","id":"ndu569tgkkfs22d"},"id":"6igvrxtt0xx9og3","previousOperationId":"dhme28y3wyan15n"}
{"type":"log","timestamp":1705589924169,"level":"info","message":"Rendering (child) request finished in 745 ms","meta":{"rootId":"nhuk69epf6u9vcv","id":"ndu569tgkkfs22d"},"id":"vmwvb878lih4m0p","previousOperationId":"dhme28y3wyan15n"}
{"type":"operationEnd","subtype":"render","operationId":"l5znnx86v2spzng","timestamp":1705589924169,"id":"vnju6u33y9waryh","previousEventId":"cudfcw1awly49xw","previousOperationId":"dhme28y3wyan15n"}
{"type":"operationEnd","operationId":"47k6fly085nj5nh","timestamp":1705589924187,"id":"ixuvxvdw55if5t8","previousEventId":"8k4nm6ngdoa9ekx","previousOperationId":"47k6fly085nj5nh"}
{"type":"log","timestamp":1705589924188,"level":"debug","message":"pdf-utils postproces start","meta":{"rootId":"nhuk69epf6u9vcv","id":"nhuk69epf6u9vcv"},"id":"kpk0z0sawnebjmw","previousOperationId":"47k6fly085nj5nh"}
{"type":"log","timestamp":1705589924208,"level":"debug","message":"pdf-utils postproces end","meta":{"rootId":"nhuk69epf6u9vcv","id":"nhuk69epf6u9vcv"},"id":"gm4ghmfilvgngwr","previousOperationId":"47k6fly085nj5nh"}
{"type":"operationEnd","operationId":"zmag3kg047guy91","timestamp":1705589924208,"id":"uy5krd3opd9emsq","previousEventId":"ixuvxvdw55if5t8","previousOperationId":"47k6fly085nj5nh"}
{"type":"log","timestamp":1705589924208,"level":"info","message":"pdf-utils pdf processing was finished","meta":{"rootId":"nhuk69epf6u9vcv","id":"nhuk69epf6u9vcv"},"id":"4qjd1l7l42ub9za","previousOperationId":"zmag3kg047guy91"}
{"type":"log","timestamp":1705589924208,"level":"debug","message":"Skipping storing report.","meta":{"rootId":"nhuk69epf6u9vcv","id":"nhuk69epf6u9vcv"},"id":"buj6bynksqudezo","previousOperationId":"zmag3kg047guy91"}
{"type":"log","timestamp":1705589924208,"level":"info","message":"Rendering request 20 finished in 784 ms","meta":{"rootId":"nhuk69epf6u9vcv","id":"nhuk69epf6u9vcv"},"id":"usbpzdui6xx62lt","previousOperationId":"zmag3kg047guy91"}
{"type":"operationEnd","subtype":"render","operationId":"ozf84y8vpgaaj7q","timestamp":1705589924208,"id":"v10fbksjgsjs6id","previousEventId":"uy5krd3opd9emsq","previousOperationId":"zmag3kg047guy91"}
{"type":"operationEnd","doDiffs":false,"previousEventId":"g92hr03aar9x3c3","previousOperationId":"i0fz2c20thzeb12","operationId":"i0fz2c20thzeb12","timestamp":1705589924222,"id":"4xdp21qu4jiedqz"}
