{"type":"operationStart","subtype":"profile","data":{"_id":"rQ53tdjXElYjf3On","timestamp":"2024-01-18T17:40:07.447Z","state":"queued","mode":"standard","creationDate":"2024-01-18T17:40:07.449Z","modificationDate":"2024-01-18T17:40:07.449Z","shortid":"7peIwR6","$entitySet":"profiles"},"doDiffs":false,"timestamp":1705599607448,"id":"gcylfqzleh9ixtk","previousOperationId":null,"operationId":"o7o5qynhj3jhwuy"}
{"type":"log","level":"info","message":"Render request 19 queued for execution and waiting for available worker","previousOperationId":"o7o5qynhj3jhwuy","timestamp":1705599607448,"id":"r3sxjsjtr363c7i"}
{"type":"operationStart","subtype":"render","name":"orders-main","previousOperationId":"o7o5qynhj3jhwuy","timestamp":1705599607455,"id":"j4gpw2nsbibk0vm","previousEventId":"gcylfqzleh9ixtk","operationId":"k4zint7ur2oj0s0"}
{"type":"log","timestamp":1705599607455,"level":"info","message":"Starting rendering request 19","meta":{"rootId":"ni2lhgrva1gx6p6","id":"ni2lhgrva1gx6p6"},"id":"2ira6j2n283e39u","previousOperationId":"k4zint7ur2oj0s0"}
{"type":"log","timestamp":1705599607455,"level":"info","message":"Rendering template { name: orders-main, recipe: chrome-pdf, engine: handlebars, preview: true }","meta":{"rootId":"ni2lhgrva1gx6p6","id":"ni2lhgrva1gx6p6"},"id":"6mbpvv4vnbj0dx1","previousOperationId":"k4zint7ur2oj0s0"}
{"type":"log","timestamp":1705599607456,"level":"debug","message":"Data item not defined for this template.","meta":{"rootId":"ni2lhgrva1gx6p6","id":"ni2lhgrva1gx6p6"},"id":"4qf54uj31s5klpz","previousOperationId":"k4zint7ur2oj0s0"}
{"type":"log","timestamp":1705599607459,"level":"debug","message":"Executing script orders-script (beforeRender)","meta":{"rootId":"ni2lhgrva1gx6p6","id":"ni2lhgrva1gx6p6"},"id":"14kum6psqdm73kq","previousOperationId":"k4zint7ur2oj0s0"}
{"type":"operationStart","subtype":"scriptsBeforeRender","name":"scripts beforeRender","timestamp":1705599607472,"id":"whjexoz0ffhpvom","previousEventId":"j4gpw2nsbibk0vm","operationId":"9klc9liip79se9d","previousOperationId":"k4zint7ur2oj0s0"}
{"type":"operationStart","subtype":"script","name":"scripts orders-script","previousOperationId":"9klc9liip79se9d","timestamp":1705599607472,"id":"ohse689vkgu0i0i","previousEventId":"whjexoz0ffhpvom","operationId":"suih3spjbp1vcx2"}
{"type":"log","timestamp":1705599607482,"level":"debug","message":"(console:log) [ 'Race1', 'Race2' ]","meta":{"userLevel":true,"rootId":"ni2lhgrva1gx6p6","id":"ni2lhgrva1gx6p6"},"id":"xivzgoxwniatw2s","previousOperationId":"suih3spjbp1vcx2"}
{"type":"log","timestamp":1705599607482,"level":"debug","message":"(console:log) [ 2, 1 ]","meta":{"userLevel":true,"rootId":"ni2lhgrva1gx6p6","id":"ni2lhgrva1gx6p6"},"id":"cnz4wjvpf2j9x1b","previousOperationId":"suih3spjbp1vcx2"}
{"type":"operationEnd","operationId":"suih3spjbp1vcx2","timestamp":1705599607482,"id":"bxxy5gy9jka47b6","previousEventId":"j4gpw2nsbibk0vm","previousOperationId":"k4zint7ur2oj0s0"}
{"type":"operationEnd","operationId":"9klc9liip79se9d","timestamp":1705599607482,"id":"ahyif8bbma8dvzo","previousEventId":"bxxy5gy9jka47b6","previousOperationId":"k4zint7ur2oj0s0"}
{"type":"log","timestamp":1705599607482,"level":"debug","message":"Base url not specified, skipping its injection.","meta":{"rootId":"ni2lhgrva1gx6p6","id":"ni2lhgrva1gx6p6"},"id":"huw23xvmg4q202x","previousOperationId":"9klc9liip79se9d"}
{"type":"operationStart","subtype":"engine","name":"handlebars","timestamp":1705599607482,"id":"7sfz2kmhuvvo5x0","previousEventId":"ahyif8bbma8dvzo","operationId":"gmcc68pvw5pk58a","previousOperationId":"9klc9liip79se9d"}
{"type":"log","timestamp":1705599607482,"level":"debug","message":"Rendering engine handlebars","meta":{"rootId":"ni2lhgrva1gx6p6","id":"ni2lhgrva1gx6p6"},"id":"59n1vvzy02tea6t","previousOperationId":"gmcc68pvw5pk58a"}
{"type":"log","timestamp":1705599607490,"level":"debug","message":"(console:log) Pdf utils adding group field, value: \"Race1\"","meta":{"userLevel":true,"rootId":"ni2lhgrva1gx6p6","id":"ni2lhgrva1gx6p6"},"id":"div0ddn5w0bgcwp","previousOperationId":"gmcc68pvw5pk58a"}
{"type":"log","timestamp":1705599607490,"level":"debug","message":"(console:log) Pdf utils adding group field, value: \"Race2\"","meta":{"userLevel":true,"rootId":"ni2lhgrva1gx6p6","id":"ni2lhgrva1gx6p6"},"id":"6yhu2c41g3jhjab","previousOperationId":"gmcc68pvw5pk58a"}
{"type":"operationEnd","operationId":"gmcc68pvw5pk58a","timestamp":1705599607490,"id":"55av91zyzgh7ri5","previousEventId":"7sfz2kmhuvvo5x0","previousOperationId":"gmcc68pvw5pk58a"}
{"type":"operationStart","subtype":"recipe","name":"chrome-pdf","timestamp":1705599607490,"id":"z0mnaslu834qrb3","previousEventId":"55av91zyzgh7ri5","operationId":"arusk8lkfjhkcis","previousOperationId":"gmcc68pvw5pk58a"}
{"type":"log","timestamp":1705599607490,"level":"debug","message":"Executing recipe chrome-pdf","meta":{"rootId":"ni2lhgrva1gx6p6","id":"ni2lhgrva1gx6p6"},"id":"inoeq294fydv3nd","previousOperationId":"arusk8lkfjhkcis"}
{"type":"log","timestamp":1705599607492,"level":"debug","message":"Converting with chrome HeadlessChrome/117.0.5938.149 using chrome-pool strategy","meta":{"rootId":"ni2lhgrva1gx6p6","id":"ni2lhgrva1gx6p6"},"id":"6bg9z10196zynvr","previousOperationId":"arusk8lkfjhkcis"}
{"type":"log","timestamp":1705599607572,"level":"debug","message":"Page request: GET (document) file:///C:/Users/DANIEL~1/AppData/Local/Temp/jsreport/autocleanup/45ec6d04-fbe5-45f9-9fbf-9793ce592374-chrome-pdf.html","meta":{"rootId":"ni2lhgrva1gx6p6","id":"ni2lhgrva1gx6p6"},"id":"iz41mlz51i74ma2","previousOperationId":"arusk8lkfjhkcis"}
{"type":"log","timestamp":1705599607590,"level":"debug","message":"Page request: GET (stylesheet) https://cdnjs.cloudflare.com/ajax/libs/metro/4.1.5/css/metro.min.css","meta":{"rootId":"ni2lhgrva1gx6p6","id":"ni2lhgrva1gx6p6"},"id":"xi416gk78joivsz","previousOperationId":"arusk8lkfjhkcis"}
{"type":"log","timestamp":1705599607590,"level":"debug","message":"Page request: GET (script) https://cdn.jsdelivr.net/npm/chart.js","meta":{"rootId":"ni2lhgrva1gx6p6","id":"ni2lhgrva1gx6p6"},"id":"2plxfgfmm4bqesb","previousOperationId":"arusk8lkfjhkcis"}
{"type":"log","timestamp":1705599607591,"level":"debug","message":"Page request finished: GET (document) 200 file:///C:/Users/DANIEL~1/AppData/Local/Temp/jsreport/autocleanup/45ec6d04-fbe5-45f9-9fbf-9793ce592374-chrome-pdf.html","meta":{"rootId":"ni2lhgrva1gx6p6","id":"ni2lhgrva1gx6p6"},"id":"z8buvq2thn5knns","previousOperationId":"arusk8lkfjhkcis"}
{"type":"log","timestamp":1705599607594,"level":"debug","message":"Page request finished: GET (script) 200 https://cdn.jsdelivr.net/npm/chart.js","meta":{"rootId":"ni2lhgrva1gx6p6","id":"ni2lhgrva1gx6p6"},"id":"ts0hxzkf53b5d1a","previousOperationId":"arusk8lkfjhkcis"}
{"type":"log","timestamp":1705599607603,"level":"debug","message":"Page request finished: GET (stylesheet) 200 https://cdnjs.cloudflare.com/ajax/libs/metro/4.1.5/css/metro.min.css","meta":{"rootId":"ni2lhgrva1gx6p6","id":"ni2lhgrva1gx6p6"},"id":"upyn9a3s014cjuj","previousOperationId":"arusk8lkfjhkcis"}
{"type":"log","timestamp":1705599607605,"level":"warn","message":"Page error: Unexpected token ';' , stack: SyntaxError: Unexpected token ';'","meta":{"rootId":"ni2lhgrva1gx6p6","id":"ni2lhgrva1gx6p6"},"id":"bpcxbszbzyofkk5","previousOperationId":"arusk8lkfjhkcis"}
{"type":"log","timestamp":1705599607626,"level":"debug","message":"Running chrome with params {\"printBackground\":true,\"marginTop\":\"4cm\",\"marginRight\":\"1.5cm\",\"marginBottom\":\"1.5cm\",\"marginLeft\":\"1.5cm\",\"waitForJS\":false,\"timeout\":59955,\"margin\":{\"top\":\"4cm\",\"right\":\"1.5cm\",\"bottom\":\"1.5cm\",\"left\":\"1.5cm\"}}","meta":{"rootId":"ni2lhgrva1gx6p6","id":"ni2lhgrva1gx6p6"},"id":"dmrff4spr11vd7a","previousOperationId":"arusk8lkfjhkcis"}
{"type":"operationEnd","operationId":"arusk8lkfjhkcis","timestamp":1705599607684,"id":"kwmh8jv46x20msk","previousEventId":"z0mnaslu834qrb3","previousOperationId":"arusk8lkfjhkcis"}
{"type":"log","timestamp":1705599607684,"level":"info","message":"pdf-utils is starting pdf processing","meta":{"rootId":"ni2lhgrva1gx6p6","id":"ni2lhgrva1gx6p6"},"id":"nwjkwcmt6tvf57w","previousOperationId":"arusk8lkfjhkcis"}
{"type":"operationStart","subtype":"pdfUtils","name":"pdf utils","timestamp":1705599607684,"id":"4o1sauds86lt6pc","previousEventId":"kwmh8jv46x20msk","operationId":"ijfo5t60u3ptamg","previousOperationId":"arusk8lkfjhkcis"}
{"type":"log","timestamp":1705599607684,"level":"debug","message":"pdf-utils detected 1 pdf operation(s) to process","meta":{"rootId":"ni2lhgrva1gx6p6","id":"ni2lhgrva1gx6p6"},"id":"r4lh2bkcmn3aueg","previousOperationId":"ijfo5t60u3ptamg"}
{"type":"log","timestamp":1705599607695,"level":"debug","message":"pdf-utils running pdf operation merge","meta":{"rootId":"ni2lhgrva1gx6p6","id":"ni2lhgrva1gx6p6"},"id":"z8h734a0fyxu7da","previousOperationId":"ijfo5t60u3ptamg"}
{"type":"operationStart","subtype":"pdfUtilsMerge","name":"pdf utils merge","previousOperationId":"ijfo5t60u3ptamg","timestamp":1705599607695,"id":"gwkai00tqsk4xyb","previousEventId":"4o1sauds86lt6pc","operationId":"vrx5nuo1t4rkjfw"}
{"type":"operationStart","subtype":"render","name":"orders-header","previousOperationId":"vrx5nuo1t4rkjfw","timestamp":1705599607696,"id":"mtge421nd4441ch","previousEventId":"gwkai00tqsk4xyb","operationId":"jpged6fj5f4hceh"}
{"type":"log","timestamp":1705599607696,"level":"info","message":"Starting rendering (child) request","meta":{"rootId":"ni2lhgrva1gx6p6","id":"ug96qy4l5ve7gbt"},"id":"31th9cggn9v1zke","previousOperationId":"jpged6fj5f4hceh"}
{"type":"log","timestamp":1705599607696,"level":"info","message":"Rendering template { name: orders-header, recipe: chrome-pdf, engine: handlebars, preview: true }","meta":{"rootId":"ni2lhgrva1gx6p6","id":"ug96qy4l5ve7gbt"},"id":"5wvott9o9ce8pyn","previousOperationId":"jpged6fj5f4hceh"}
{"type":"log","timestamp":1705599607696,"level":"debug","message":"Inline data specified.","meta":{"rootId":"ni2lhgrva1gx6p6","id":"ug96qy4l5ve7gbt"},"id":"611c5qmrov5py38","previousOperationId":"jpged6fj5f4hceh"}
{"type":"log","timestamp":1705599607698,"level":"debug","message":"Base url not specified, skipping its injection.","meta":{"rootId":"ni2lhgrva1gx6p6","id":"ug96qy4l5ve7gbt"},"id":"swlg4h4yzlazvno","previousOperationId":"jpged6fj5f4hceh"}
{"type":"operationStart","subtype":"engine","name":"handlebars","timestamp":1705599607698,"id":"ojnliirdkhg5dng","previousEventId":"mtge421nd4441ch","operationId":"iwsm4439ervfbv8","previousOperationId":"jpged6fj5f4hceh"}
{"type":"log","timestamp":1705599607698,"level":"debug","message":"Rendering engine handlebars","meta":{"rootId":"ni2lhgrva1gx6p6","id":"ug96qy4l5ve7gbt"},"id":"s0nq3035o93an66","previousOperationId":"iwsm4439ervfbv8"}
{"type":"operationEnd","operationId":"iwsm4439ervfbv8","timestamp":1705599607716,"id":"ojoettpwx3d05am","previousEventId":"ojnliirdkhg5dng","previousOperationId":"iwsm4439ervfbv8"}
{"type":"operationStart","subtype":"recipe","name":"chrome-pdf","timestamp":1705599607716,"id":"mr4ek5fa99gyy8s","previousEventId":"ojoettpwx3d05am","operationId":"c0m21pluva0kr03","previousOperationId":"iwsm4439ervfbv8"}
{"type":"log","timestamp":1705599607716,"level":"debug","message":"Executing recipe chrome-pdf","meta":{"rootId":"ni2lhgrva1gx6p6","id":"ug96qy4l5ve7gbt"},"id":"7dmqz2ac8zpz6dr","previousOperationId":"c0m21pluva0kr03"}
{"type":"log","timestamp":1705599607718,"level":"debug","message":"Converting with chrome HeadlessChrome/117.0.5938.149 using chrome-pool strategy","meta":{"rootId":"ni2lhgrva1gx6p6","id":"ug96qy4l5ve7gbt"},"id":"c1oap0ttlutuc3u","previousOperationId":"c0m21pluva0kr03"}
{"type":"log","timestamp":1705599607789,"level":"debug","message":"Page request: GET (document) file:///C:/Users/DANIEL~1/AppData/Local/Temp/jsreport/autocleanup/c94bfc72-f1b2-42b5-bff0-a8871d2dca41-chrome-pdf.html","meta":{"rootId":"ni2lhgrva1gx6p6","id":"ug96qy4l5ve7gbt"},"id":"qqihlsbt0bh3894","previousOperationId":"c0m21pluva0kr03"}
{"type":"log","timestamp":1705599607796,"level":"debug","message":"Page request: GET (stylesheet) https://cdnjs.cloudflare.com/ajax/libs/metro/4.1.5/css/metro.min.css","meta":{"rootId":"ni2lhgrva1gx6p6","id":"ug96qy4l5ve7gbt"},"id":"u4vqfcx36lp4qux","previousOperationId":"c0m21pluva0kr03"}
{"type":"log","timestamp":1705599607796,"level":"debug","message":"Page request finished: GET (document) 200 file:///C:/Users/DANIEL~1/AppData/Local/Temp/jsreport/autocleanup/c94bfc72-f1b2-42b5-bff0-a8871d2dca41-chrome-pdf.html","meta":{"rootId":"ni2lhgrva1gx6p6","id":"ug96qy4l5ve7gbt"},"id":"2pvocyo2991htn1","previousOperationId":"c0m21pluva0kr03"}
{"type":"log","timestamp":1705599607808,"level":"debug","message":"Page request finished: GET (stylesheet) 200 https://cdnjs.cloudflare.com/ajax/libs/metro/4.1.5/css/metro.min.css","meta":{"rootId":"ni2lhgrva1gx6p6","id":"ug96qy4l5ve7gbt"},"id":"kq4j2e7qlvl2e63","previousOperationId":"c0m21pluva0kr03"}
{"type":"log","timestamp":1705599607820,"level":"debug","message":"Running chrome with params {\"printBackground\":true,\"marginTop\":\"1.5cm\",\"marginRight\":\"1.5cm\",\"marginLeft\":\"1.cm\",\"timeout\":59730,\"margin\":{\"top\":\"1.5cm\",\"right\":\"1.5cm\",\"left\":\"1.cm\"}}","meta":{"rootId":"ni2lhgrva1gx6p6","id":"ug96qy4l5ve7gbt"},"id":"rbh6i5kpgtp8tth","previousOperationId":"c0m21pluva0kr03"}
{"type":"operationEnd","operationId":"c0m21pluva0kr03","timestamp":1705599607849,"id":"z8ncydcp2s9aavh","previousEventId":"mr4ek5fa99gyy8s","previousOperationId":"c0m21pluva0kr03"}
{"type":"log","timestamp":1705599607850,"level":"debug","message":"Skipping storing report.","meta":{"rootId":"ni2lhgrva1gx6p6","id":"ug96qy4l5ve7gbt"},"id":"07o5dwawbe1nxnq","previousOperationId":"c0m21pluva0kr03"}
{"type":"log","timestamp":1705599607850,"level":"info","message":"Rendering (child) request finished in 403 ms","meta":{"rootId":"ni2lhgrva1gx6p6","id":"ug96qy4l5ve7gbt"},"id":"sb6jg7n0j5lkihv","previousOperationId":"c0m21pluva0kr03"}
{"type":"operationEnd","subtype":"render","operationId":"jpged6fj5f4hceh","timestamp":1705599607850,"id":"ylfyo6ijsn0gin0","previousEventId":"z8ncydcp2s9aavh","previousOperationId":"c0m21pluva0kr03"}
{"type":"operationEnd","operationId":"vrx5nuo1t4rkjfw","timestamp":1705599607857,"id":"qryx4wdjhyd8jev","previousEventId":"gwkai00tqsk4xyb","previousOperationId":"vrx5nuo1t4rkjfw"}
{"type":"log","timestamp":1705599607857,"level":"debug","message":"pdf-utils postproces start","meta":{"rootId":"ni2lhgrva1gx6p6","id":"ni2lhgrva1gx6p6"},"id":"hgvzxj317ocey61","previousOperationId":"vrx5nuo1t4rkjfw"}
{"type":"log","timestamp":1705599607867,"level":"debug","message":"pdf-utils postproces end","meta":{"rootId":"ni2lhgrva1gx6p6","id":"ni2lhgrva1gx6p6"},"id":"tkddla446xdptlx","previousOperationId":"vrx5nuo1t4rkjfw"}
{"type":"operationEnd","operationId":"ijfo5t60u3ptamg","timestamp":1705599607867,"id":"e1hj63701kdxn24","previousEventId":"qryx4wdjhyd8jev","previousOperationId":"vrx5nuo1t4rkjfw"}
{"type":"log","timestamp":1705599607867,"level":"info","message":"pdf-utils pdf processing was finished","meta":{"rootId":"ni2lhgrva1gx6p6","id":"ni2lhgrva1gx6p6"},"id":"v7a0phwi245emz3","previousOperationId":"ijfo5t60u3ptamg"}
{"type":"log","timestamp":1705599607867,"level":"debug","message":"Skipping storing report.","meta":{"rootId":"ni2lhgrva1gx6p6","id":"ni2lhgrva1gx6p6"},"id":"xoi4q0pqektg9jr","previousOperationId":"ijfo5t60u3ptamg"}
{"type":"log","timestamp":1705599607867,"level":"info","message":"Rendering request 19 finished in 420 ms","meta":{"rootId":"ni2lhgrva1gx6p6","id":"ni2lhgrva1gx6p6"},"id":"t9wqsx8w9kafphn","previousOperationId":"ijfo5t60u3ptamg"}
{"type":"operationEnd","subtype":"render","operationId":"k4zint7ur2oj0s0","timestamp":1705599607867,"id":"4pb5rtt5sku3gcr","previousEventId":"e1hj63701kdxn24","previousOperationId":"ijfo5t60u3ptamg"}
{"type":"operationEnd","doDiffs":false,"previousEventId":"gcylfqzleh9ixtk","previousOperationId":"o7o5qynhj3jhwuy","operationId":"o7o5qynhj3jhwuy","timestamp":1705599607872,"id":"ne5g49meqf6byd4"}
