{"type":"operationStart","subtype":"profile","data":{"_id":"QnrKauYN5O7WRkx8","timestamp":"2024-01-17T17:11:25.826Z","state":"queued","mode":"standard","creationDate":"2024-01-17T17:11:25.827Z","modificationDate":"2024-01-17T17:11:25.827Z","shortid":"OunuYIP","$entitySet":"profiles"},"doDiffs":false,"timestamp":1705511485826,"id":"sno9vjfsxc5jyvz","previousOperationId":null,"operationId":"tqdiqail9nbmgf1"}
{"type":"log","level":"info","message":"Render request 75 queued for execution and waiting for available worker","previousOperationId":"tqdiqail9nbmgf1","timestamp":1705511485826,"id":"eqv1xt2ku11bpwd"}
{"type":"operationStart","subtype":"render","name":"orders-main","previousOperationId":"tqdiqail9nbmgf1","timestamp":1705511485831,"id":"26d1ct3mk7qvn0d","previousEventId":"sno9vjfsxc5jyvz","operationId":"g2bbb57r12xmf1r"}
{"type":"log","timestamp":1705511485831,"level":"info","message":"Starting rendering request 75","meta":{"rootId":"nntulnkfbhc2ty9","id":"nntulnkfbhc2ty9"},"id":"ahpwrr9e5ag9oko","previousOperationId":"g2bbb57r12xmf1r"}
{"type":"log","timestamp":1705511485831,"level":"info","message":"Rendering template { name: orders-main, recipe: chrome-pdf, engine: handlebars, preview: true }","meta":{"rootId":"nntulnkfbhc2ty9","id":"nntulnkfbhc2ty9"},"id":"zpfiohyimg7d7d2","previousOperationId":"g2bbb57r12xmf1r"}
{"type":"log","timestamp":1705511485834,"level":"debug","message":"Data item not defined for this template.","meta":{"rootId":"nntulnkfbhc2ty9","id":"nntulnkfbhc2ty9"},"id":"zudmgu5lkmfxreu","previousOperationId":"g2bbb57r12xmf1r"}
{"type":"log","timestamp":1705511485836,"level":"debug","message":"Executing script orders-script (beforeRender)","meta":{"rootId":"nntulnkfbhc2ty9","id":"nntulnkfbhc2ty9"},"id":"tekurl3bozznnum","previousOperationId":"g2bbb57r12xmf1r"}
{"type":"operationStart","subtype":"scriptsBeforeRender","name":"scripts beforeRender","timestamp":1705511485843,"id":"v056jd6kgqd7yew","previousEventId":"26d1ct3mk7qvn0d","operationId":"finpb2zm2uosvie","previousOperationId":"g2bbb57r12xmf1r"}
{"type":"operationStart","subtype":"script","name":"scripts orders-script","previousOperationId":"finpb2zm2uosvie","timestamp":1705511485843,"id":"4rbc6k0tb8zlt2b","previousEventId":"v056jd6kgqd7yew","operationId":"0z1txgb3q0ugfmv"}
{"type":"operationEnd","operationId":"0z1txgb3q0ugfmv","timestamp":1705511485851,"id":"zac8zp8jhygqfw3","previousEventId":"26d1ct3mk7qvn0d","previousOperationId":"g2bbb57r12xmf1r"}
{"type":"operationEnd","operationId":"finpb2zm2uosvie","timestamp":1705511485851,"id":"mw8q34rl9cft6tg","previousEventId":"zac8zp8jhygqfw3","previousOperationId":"g2bbb57r12xmf1r"}
{"type":"log","timestamp":1705511485851,"level":"debug","message":"Base url not specified, skipping its injection.","meta":{"rootId":"nntulnkfbhc2ty9","id":"nntulnkfbhc2ty9"},"id":"raf8mxw06nc2h8m","previousOperationId":"finpb2zm2uosvie"}
{"type":"operationStart","subtype":"engine","name":"handlebars","timestamp":1705511485851,"id":"p58ad70chwovj50","previousEventId":"mw8q34rl9cft6tg","operationId":"yrsb0qfh1v3b9m8","previousOperationId":"finpb2zm2uosvie"}
{"type":"log","timestamp":1705511485851,"level":"debug","message":"Rendering engine handlebars","meta":{"rootId":"nntulnkfbhc2ty9","id":"nntulnkfbhc2ty9"},"id":"h4ky15n9jnw1hok","previousOperationId":"yrsb0qfh1v3b9m8"}
{"type":"log","timestamp":1705511485859,"level":"debug","message":"(console:log) Pdf utils adding group field, value: \"Race1\"","meta":{"userLevel":true,"rootId":"nntulnkfbhc2ty9","id":"nntulnkfbhc2ty9"},"id":"izxyfyv6gz8a16x","previousOperationId":"yrsb0qfh1v3b9m8"}
{"type":"log","timestamp":1705511485860,"level":"debug","message":"(console:log) Pdf utils adding group field, value: \"Race2\"","meta":{"userLevel":true,"rootId":"nntulnkfbhc2ty9","id":"nntulnkfbhc2ty9"},"id":"kcuie9mjtg8cud8","previousOperationId":"yrsb0qfh1v3b9m8"}
{"type":"operationEnd","operationId":"yrsb0qfh1v3b9m8","timestamp":1705511485860,"id":"ejanh72vys2042p","previousEventId":"p58ad70chwovj50","previousOperationId":"yrsb0qfh1v3b9m8"}
{"type":"operationStart","subtype":"recipe","name":"chrome-pdf","timestamp":1705511485860,"id":"vq08fja8q52hnos","previousEventId":"ejanh72vys2042p","operationId":"l2eihvyh2q3vllu","previousOperationId":"yrsb0qfh1v3b9m8"}
{"type":"log","timestamp":1705511485860,"level":"debug","message":"Executing recipe chrome-pdf","meta":{"rootId":"nntulnkfbhc2ty9","id":"nntulnkfbhc2ty9"},"id":"9zfoea4vrcbvong","previousOperationId":"l2eihvyh2q3vllu"}
{"type":"log","timestamp":1705511485862,"level":"debug","message":"Converting with chrome HeadlessChrome/117.0.5938.149 using chrome-pool strategy","meta":{"rootId":"nntulnkfbhc2ty9","id":"nntulnkfbhc2ty9"},"id":"vtcbpuubjufurry","previousOperationId":"l2eihvyh2q3vllu"}
{"type":"log","timestamp":1705511485926,"level":"debug","message":"Page request: GET (document) file:///C:/Users/DANIEL~1/AppData/Local/Temp/jsreport/autocleanup/eaca878c-8e7b-4620-b786-053a129d7907-chrome-pdf.html","meta":{"rootId":"nntulnkfbhc2ty9","id":"nntulnkfbhc2ty9"},"id":"ifed6dww4zf929s","previousOperationId":"l2eihvyh2q3vllu"}
{"type":"log","timestamp":1705511485941,"level":"debug","message":"Page request: GET (stylesheet) https://cdnjs.cloudflare.com/ajax/libs/metro/4.1.5/css/metro.min.css","meta":{"rootId":"nntulnkfbhc2ty9","id":"nntulnkfbhc2ty9"},"id":"f5gsq44v7mqsieb","previousOperationId":"l2eihvyh2q3vllu"}
{"type":"log","timestamp":1705511485941,"level":"debug","message":"Page request: GET (script) https://cdnjs.cloudflare.com/ajax/libs/Chart.js/2.7.2/Chart.min.js","meta":{"rootId":"nntulnkfbhc2ty9","id":"nntulnkfbhc2ty9"},"id":"gro67ro1d5wugyu","previousOperationId":"l2eihvyh2q3vllu"}
{"type":"log","timestamp":1705511485941,"level":"debug","message":"Page request finished: GET (document) 200 file:///C:/Users/DANIEL~1/AppData/Local/Temp/jsreport/autocleanup/eaca878c-8e7b-4620-b786-053a129d7907-chrome-pdf.html","meta":{"rootId":"nntulnkfbhc2ty9","id":"nntulnkfbhc2ty9"},"id":"w7lq4ue2hk5jhsr","previousOperationId":"l2eihvyh2q3vllu"}
{"type":"log","timestamp":1705511485946,"level":"debug","message":"Page request finished: GET (script) 200 https://cdnjs.cloudflare.com/ajax/libs/Chart.js/2.7.2/Chart.min.js","meta":{"rootId":"nntulnkfbhc2ty9","id":"nntulnkfbhc2ty9"},"id":"zfj00v8ygmqbidm","previousOperationId":"l2eihvyh2q3vllu"}
{"type":"log","timestamp":1705511485954,"level":"debug","message":"Page request finished: GET (stylesheet) 200 https://cdnjs.cloudflare.com/ajax/libs/metro/4.1.5/css/metro.min.css","meta":{"rootId":"nntulnkfbhc2ty9","id":"nntulnkfbhc2ty9"},"id":"1r2yvjbe65z8fit","previousOperationId":"l2eihvyh2q3vllu"}
{"type":"log","timestamp":1705511485977,"level":"debug","message":"Running chrome with params {\"printBackground\":true,\"marginTop\":\"4cm\",\"marginRight\":\"1.5cm\",\"marginBottom\":\"1.5cm\",\"marginLeft\":\"1.5cm\",\"waitForJS\":false,\"timeout\":59965,\"margin\":{\"top\":\"4cm\",\"right\":\"1.5cm\",\"bottom\":\"1.5cm\",\"left\":\"1.5cm\"}}","meta":{"rootId":"nntulnkfbhc2ty9","id":"nntulnkfbhc2ty9"},"id":"s7p3r21e3t282us","previousOperationId":"l2eihvyh2q3vllu"}
{"type":"operationEnd","operationId":"l2eihvyh2q3vllu","timestamp":1705511486033,"id":"l60rt95rcwu9wot","previousEventId":"vq08fja8q52hnos","previousOperationId":"l2eihvyh2q3vllu"}
{"type":"log","timestamp":1705511486033,"level":"info","message":"pdf-utils is starting pdf processing","meta":{"rootId":"nntulnkfbhc2ty9","id":"nntulnkfbhc2ty9"},"id":"zfwgqe4koes2q1t","previousOperationId":"l2eihvyh2q3vllu"}
{"type":"operationStart","subtype":"pdfUtils","name":"pdf utils","timestamp":1705511486033,"id":"kdyybtq4erti1nd","previousEventId":"l60rt95rcwu9wot","operationId":"ex590qnz7vdlgrx","previousOperationId":"l2eihvyh2q3vllu"}
{"type":"log","timestamp":1705511486033,"level":"debug","message":"pdf-utils detected 1 pdf operation(s) to process","meta":{"rootId":"nntulnkfbhc2ty9","id":"nntulnkfbhc2ty9"},"id":"4i9ivehksedzkwz","previousOperationId":"ex590qnz7vdlgrx"}
{"type":"log","timestamp":1705511486051,"level":"debug","message":"pdf-utils running pdf operation merge","meta":{"rootId":"nntulnkfbhc2ty9","id":"nntulnkfbhc2ty9"},"id":"k0526gdeoq7ivn6","previousOperationId":"ex590qnz7vdlgrx"}
{"type":"operationStart","subtype":"pdfUtilsMerge","name":"pdf utils merge","previousOperationId":"ex590qnz7vdlgrx","timestamp":1705511486051,"id":"homph7samnhfqqt","previousEventId":"kdyybtq4erti1nd","operationId":"ds33veql63k94z7"}
{"type":"operationStart","subtype":"render","name":"orders-header","previousOperationId":"ds33veql63k94z7","timestamp":1705511486052,"id":"81bpus1wbzqhmxk","previousEventId":"homph7samnhfqqt","operationId":"2p5g4nrzc0w7o7v"}
{"type":"log","timestamp":1705511486052,"level":"info","message":"Starting rendering (child) request","meta":{"rootId":"nntulnkfbhc2ty9","id":"iitmnk7d8yacaxb"},"id":"uap0rryrbm69okx","previousOperationId":"2p5g4nrzc0w7o7v"}
{"type":"log","timestamp":1705511486052,"level":"info","message":"Rendering template { name: orders-header, recipe: chrome-pdf, engine: handlebars, preview: true }","meta":{"rootId":"nntulnkfbhc2ty9","id":"iitmnk7d8yacaxb"},"id":"ls62ic41zg0jr9s","previousOperationId":"2p5g4nrzc0w7o7v"}
{"type":"log","timestamp":1705511486063,"level":"debug","message":"Inline data specified.","meta":{"rootId":"nntulnkfbhc2ty9","id":"iitmnk7d8yacaxb"},"id":"z1hssczcq153t9w","previousOperationId":"2p5g4nrzc0w7o7v"}
{"type":"log","timestamp":1705511486064,"level":"debug","message":"Base url not specified, skipping its injection.","meta":{"rootId":"nntulnkfbhc2ty9","id":"iitmnk7d8yacaxb"},"id":"ogizbfzr224wgx9","previousOperationId":"2p5g4nrzc0w7o7v"}
{"type":"operationStart","subtype":"engine","name":"handlebars","timestamp":1705511486064,"id":"1h88e0kp9wi4f98","previousEventId":"81bpus1wbzqhmxk","operationId":"5xn1frqa7kzf1v6","previousOperationId":"2p5g4nrzc0w7o7v"}
{"type":"log","timestamp":1705511486064,"level":"debug","message":"Rendering engine handlebars","meta":{"rootId":"nntulnkfbhc2ty9","id":"iitmnk7d8yacaxb"},"id":"zyhna74goluy1bf","previousOperationId":"5xn1frqa7kzf1v6"}
{"type":"operationEnd","operationId":"5xn1frqa7kzf1v6","timestamp":1705511486071,"id":"life9o8i439vsbc","previousEventId":"1h88e0kp9wi4f98","previousOperationId":"5xn1frqa7kzf1v6"}
{"type":"operationStart","subtype":"recipe","name":"chrome-pdf","timestamp":1705511486071,"id":"q3sb8dx4bc9ge1e","previousEventId":"life9o8i439vsbc","operationId":"f2uq42lg8zcnuxf","previousOperationId":"5xn1frqa7kzf1v6"}
{"type":"log","timestamp":1705511486071,"level":"debug","message":"Executing recipe chrome-pdf","meta":{"rootId":"nntulnkfbhc2ty9","id":"iitmnk7d8yacaxb"},"id":"ntxcgkamf5quk1e","previousOperationId":"f2uq42lg8zcnuxf"}
{"type":"log","timestamp":1705511486073,"level":"debug","message":"Converting with chrome HeadlessChrome/117.0.5938.149 using chrome-pool strategy","meta":{"rootId":"nntulnkfbhc2ty9","id":"iitmnk7d8yacaxb"},"id":"nwmtkpvt4c5i0km","previousOperationId":"f2uq42lg8zcnuxf"}
{"type":"log","timestamp":1705511486132,"level":"debug","message":"Page request: GET (document) file:///C:/Users/DANIEL~1/AppData/Local/Temp/jsreport/autocleanup/e12ee93d-bbff-43ff-8497-9b810de625ec-chrome-pdf.html","meta":{"rootId":"nntulnkfbhc2ty9","id":"iitmnk7d8yacaxb"},"id":"qa7mh8oev07ntdg","previousOperationId":"f2uq42lg8zcnuxf"}
{"type":"log","timestamp":1705511486139,"level":"debug","message":"Page request: GET (stylesheet) https://cdnjs.cloudflare.com/ajax/libs/metro/4.1.5/css/metro.min.css","meta":{"rootId":"nntulnkfbhc2ty9","id":"iitmnk7d8yacaxb"},"id":"t1d6ockw7cm2i2n","previousOperationId":"f2uq42lg8zcnuxf"}
{"type":"log","timestamp":1705511486139,"level":"debug","message":"Page request finished: GET (document) 200 file:///C:/Users/DANIEL~1/AppData/Local/Temp/jsreport/autocleanup/e12ee93d-bbff-43ff-8497-9b810de625ec-chrome-pdf.html","meta":{"rootId":"nntulnkfbhc2ty9","id":"iitmnk7d8yacaxb"},"id":"uc8fjlr6gl2e41b","previousOperationId":"f2uq42lg8zcnuxf"}
{"type":"log","timestamp":1705511486149,"level":"debug","message":"Page request finished: GET (stylesheet) 200 https://cdnjs.cloudflare.com/ajax/libs/metro/4.1.5/css/metro.min.css","meta":{"rootId":"nntulnkfbhc2ty9","id":"iitmnk7d8yacaxb"},"id":"bpfe05ermpc9aq6","previousOperationId":"f2uq42lg8zcnuxf"}
{"type":"log","timestamp":1705511486161,"level":"debug","message":"Running chrome with params {\"printBackground\":true,\"marginTop\":\"1.5cm\",\"marginRight\":\"1.5cm\",\"marginLeft\":\"1.cm\",\"timeout\":59754,\"margin\":{\"top\":\"1.5cm\",\"right\":\"1.5cm\",\"left\":\"1.cm\"}}","meta":{"rootId":"nntulnkfbhc2ty9","id":"iitmnk7d8yacaxb"},"id":"hkwarq420snx29s","previousOperationId":"f2uq42lg8zcnuxf"}
{"type":"operationEnd","operationId":"f2uq42lg8zcnuxf","timestamp":1705511486187,"id":"o31uu0kxrf6bf8h","previousEventId":"q3sb8dx4bc9ge1e","previousOperationId":"f2uq42lg8zcnuxf"}
{"type":"log","timestamp":1705511486187,"level":"debug","message":"Skipping storing report.","meta":{"rootId":"nntulnkfbhc2ty9","id":"iitmnk7d8yacaxb"},"id":"ey5gus4qfm6aftl","previousOperationId":"f2uq42lg8zcnuxf"}
{"type":"log","timestamp":1705511486187,"level":"info","message":"Rendering (child) request finished in 361 ms","meta":{"rootId":"nntulnkfbhc2ty9","id":"iitmnk7d8yacaxb"},"id":"8dmm6rcy5jdctqn","previousOperationId":"f2uq42lg8zcnuxf"}
{"type":"operationEnd","subtype":"render","operationId":"2p5g4nrzc0w7o7v","timestamp":1705511486188,"id":"wfp12iukm0xjz80","previousEventId":"o31uu0kxrf6bf8h","previousOperationId":"f2uq42lg8zcnuxf"}
{"type":"operationEnd","operationId":"ds33veql63k94z7","timestamp":1705511486196,"id":"wj7687ugemyvm6b","previousEventId":"homph7samnhfqqt","previousOperationId":"ds33veql63k94z7"}
{"type":"log","timestamp":1705511486196,"level":"debug","message":"pdf-utils postproces start","meta":{"rootId":"nntulnkfbhc2ty9","id":"nntulnkfbhc2ty9"},"id":"u4lbvm7qpxfm23h","previousOperationId":"ds33veql63k94z7"}
{"type":"log","timestamp":1705511486204,"level":"debug","message":"pdf-utils postproces end","meta":{"rootId":"nntulnkfbhc2ty9","id":"nntulnkfbhc2ty9"},"id":"tzz6f1btwkoyv8f","previousOperationId":"ds33veql63k94z7"}
{"type":"operationEnd","operationId":"ex590qnz7vdlgrx","timestamp":1705511486204,"id":"254uaafonattphu","previousEventId":"wj7687ugemyvm6b","previousOperationId":"ds33veql63k94z7"}
{"type":"log","timestamp":1705511486204,"level":"info","message":"pdf-utils pdf processing was finished","meta":{"rootId":"nntulnkfbhc2ty9","id":"nntulnkfbhc2ty9"},"id":"gb3hhxoujujc0sh","previousOperationId":"ex590qnz7vdlgrx"}
{"type":"log","timestamp":1705511486204,"level":"debug","message":"Skipping storing report.","meta":{"rootId":"nntulnkfbhc2ty9","id":"nntulnkfbhc2ty9"},"id":"m6gklls07f7a1am","previousOperationId":"ex590qnz7vdlgrx"}
{"type":"log","timestamp":1705511486204,"level":"info","message":"Rendering request 75 finished in 378 ms","meta":{"rootId":"nntulnkfbhc2ty9","id":"nntulnkfbhc2ty9"},"id":"x68qq3vyq1xh5i5","previousOperationId":"ex590qnz7vdlgrx"}
{"type":"operationEnd","subtype":"render","operationId":"g2bbb57r12xmf1r","timestamp":1705511486204,"id":"pmwkscvzt6enuxu","previousEventId":"254uaafonattphu","previousOperationId":"ex590qnz7vdlgrx"}
{"type":"operationEnd","doDiffs":false,"previousEventId":"sno9vjfsxc5jyvz","previousOperationId":"tqdiqail9nbmgf1","operationId":"tqdiqail9nbmgf1","timestamp":1705511486213,"id":"nvie87ytvza9ztp"}
