{"type":"operationStart","subtype":"profile","data":{"_id":"u5E86jCIFK7RyBGk","timestamp":"2024-02-21T19:03:10.826Z","state":"queued","mode":"standard","creationDate":"2024-02-21T19:03:10.827Z","modificationDate":"2024-02-21T19:03:10.827Z","shortid":"v1Y4xwy","$entitySet":"profiles"},"doDiffs":false,"timestamp":1708542190827,"id":"0y0uvz3ctfey3vu","previousOperationId":null,"operationId":"zmtjpbounzy2ey5"}
{"type":"log","level":"info","message":"Render request 21 queued for execution and waiting for available worker","previousOperationId":"zmtjpbounzy2ey5","timestamp":1708542190827,"id":"sdltmj4bypff49y"}
{"type":"operationStart","subtype":"render","name":"orders-main","previousOperationId":"zmtjpbounzy2ey5","timestamp":1708542190832,"id":"g430z3810xw01f9","previousEventId":"0y0uvz3ctfey3vu","operationId":"0wemc9yvvmancy9"}
{"type":"log","timestamp":1708542190832,"level":"info","message":"Starting rendering request 21","meta":{"rootId":"nrphonlmcbnep8n","id":"nrphonlmcbnep8n"},"id":"t8kuz5n05kdench","previousOperationId":"0wemc9yvvmancy9"}
{"type":"log","timestamp":1708542190833,"level":"info","message":"Rendering template { name: orders-main, recipe: chrome-pdf, engine: handlebars, preview: false }","meta":{"rootId":"nrphonlmcbnep8n","id":"nrphonlmcbnep8n"},"id":"els75oeqf4z65tq","previousOperationId":"0wemc9yvvmancy9"}
{"type":"log","timestamp":1708542190839,"level":"debug","message":"Data item not defined for this template.","meta":{"rootId":"nrphonlmcbnep8n","id":"nrphonlmcbnep8n"},"id":"4j3jkbuvam6ipad","previousOperationId":"0wemc9yvvmancy9"}
{"type":"log","timestamp":1708542190850,"level":"debug","message":"Executing script orders-script (beforeRender)","meta":{"rootId":"nrphonlmcbnep8n","id":"nrphonlmcbnep8n"},"id":"zqbgdxuuo8tcm29","previousOperationId":"0wemc9yvvmancy9"}
{"type":"operationStart","subtype":"scriptsBeforeRender","name":"scripts beforeRender","timestamp":1708542190865,"id":"ct9613nljl4njzw","previousEventId":"g430z3810xw01f9","operationId":"0hb69uxwkpf2a0e","previousOperationId":"0wemc9yvvmancy9"}
{"type":"operationStart","subtype":"script","name":"scripts orders-script","previousOperationId":"0hb69uxwkpf2a0e","timestamp":1708542190865,"id":"qup3fonfuyyllza","previousEventId":"ct9613nljl4njzw","operationId":"ybck2i4nawl6raq"}
{"type":"log","timestamp":1708542190875,"level":"debug","message":"(console:log) [ 'ola', 'oola', 'Race1', 'Race2' ]","meta":{"userLevel":true,"rootId":"nrphonlmcbnep8n","id":"nrphonlmcbnep8n"},"id":"e4b711m8qy2o46x","previousOperationId":"ybck2i4nawl6raq"}
{"type":"log","timestamp":1708542190875,"level":"debug","message":"(console:log) [ 0, 0, 1, 1 ]","meta":{"userLevel":true,"rootId":"nrphonlmcbnep8n","id":"nrphonlmcbnep8n"},"id":"5n1bv96akysb1uv","previousOperationId":"ybck2i4nawl6raq"}
{"type":"operationEnd","operationId":"ybck2i4nawl6raq","timestamp":1708542190876,"id":"p6ensx9pbguhybq","previousEventId":"g430z3810xw01f9","previousOperationId":"0wemc9yvvmancy9"}
{"type":"operationEnd","operationId":"0hb69uxwkpf2a0e","timestamp":1708542190876,"id":"gfl93qz3mrvgpu3","previousEventId":"p6ensx9pbguhybq","previousOperationId":"0wemc9yvvmancy9"}
{"type":"log","timestamp":1708542190876,"level":"debug","message":"Base url not specified, skipping its injection.","meta":{"rootId":"nrphonlmcbnep8n","id":"nrphonlmcbnep8n"},"id":"lzhebakbasdxbek","previousOperationId":"0hb69uxwkpf2a0e"}
{"type":"operationStart","subtype":"engine","name":"handlebars","timestamp":1708542190876,"id":"tvsdw2ny6k6ohbj","previousEventId":"gfl93qz3mrvgpu3","operationId":"gcxcflt4wdox4jj","previousOperationId":"0hb69uxwkpf2a0e"}
{"type":"log","timestamp":1708542190876,"level":"debug","message":"Rendering engine handlebars","meta":{"rootId":"nrphonlmcbnep8n","id":"nrphonlmcbnep8n"},"id":"b4ei9jsdy0wzujx","previousOperationId":"gcxcflt4wdox4jj"}
{"type":"log","timestamp":1708542190879,"level":"debug","message":"(console:log) Pdf utils adding group field, value: \"ola\"","meta":{"userLevel":true,"rootId":"nrphonlmcbnep8n","id":"nrphonlmcbnep8n"},"id":"7qpdt87uq7hcki2","previousOperationId":"gcxcflt4wdox4jj"}
{"type":"log","timestamp":1708542190879,"level":"debug","message":"(console:log) Pdf utils adding group field, value: \"oola\"","meta":{"userLevel":true,"rootId":"nrphonlmcbnep8n","id":"nrphonlmcbnep8n"},"id":"mbbvwndtrq2bp49","previousOperationId":"gcxcflt4wdox4jj"}
{"type":"log","timestamp":1708542190879,"level":"debug","message":"(console:log) Pdf utils adding group field, value: \"Race1\"","meta":{"userLevel":true,"rootId":"nrphonlmcbnep8n","id":"nrphonlmcbnep8n"},"id":"3juqkgt6adoj301","previousOperationId":"gcxcflt4wdox4jj"}
{"type":"log","timestamp":1708542190879,"level":"debug","message":"(console:log) Pdf utils adding group field, value: \"Race2\"","meta":{"userLevel":true,"rootId":"nrphonlmcbnep8n","id":"nrphonlmcbnep8n"},"id":"ikc411avf8erkzy","previousOperationId":"gcxcflt4wdox4jj"}
{"type":"operationEnd","operationId":"gcxcflt4wdox4jj","timestamp":1708542190879,"id":"3fm9a2dkdohwu3p","previousEventId":"tvsdw2ny6k6ohbj","previousOperationId":"gcxcflt4wdox4jj"}
{"type":"operationStart","subtype":"recipe","name":"chrome-pdf","timestamp":1708542190879,"id":"yybhjm70frdkio6","previousEventId":"3fm9a2dkdohwu3p","operationId":"p86umo74t2ngapl","previousOperationId":"gcxcflt4wdox4jj"}
{"type":"log","timestamp":1708542190879,"level":"debug","message":"Executing recipe chrome-pdf","meta":{"rootId":"nrphonlmcbnep8n","id":"nrphonlmcbnep8n"},"id":"5m7luv1i77lp7kp","previousOperationId":"p86umo74t2ngapl"}
{"type":"log","timestamp":1708542190881,"level":"debug","message":"Converting with chrome HeadlessChrome/117.0.5938.149 using chrome-pool strategy","meta":{"rootId":"nrphonlmcbnep8n","id":"nrphonlmcbnep8n"},"id":"qovsjufi0114cdj","previousOperationId":"p86umo74t2ngapl"}
{"type":"log","timestamp":1708542190936,"level":"debug","message":"Page request: GET (document) file:///var/folders/tp/6hccbwhd41s4hkmxw_2wkz640000gn/T/jsreport/autocleanup/884d405b-c8fb-4933-964a-c6df5e6fc4cc-chrome-pdf.html","meta":{"rootId":"nrphonlmcbnep8n","id":"nrphonlmcbnep8n"},"id":"wu8ft9h82blawy7","previousOperationId":"p86umo74t2ngapl"}
{"type":"log","timestamp":1708542190941,"level":"debug","message":"Page request: GET (stylesheet) https://cdnjs.cloudflare.com/ajax/libs/metro/4.1.5/css/metro.min.css","meta":{"rootId":"nrphonlmcbnep8n","id":"nrphonlmcbnep8n"},"id":"ne4w1gzs8lbaf0i","previousOperationId":"p86umo74t2ngapl"}
{"type":"log","timestamp":1708542190941,"level":"debug","message":"Page request: GET (script) https://cdn.jsdelivr.net/npm/chart.js","meta":{"rootId":"nrphonlmcbnep8n","id":"nrphonlmcbnep8n"},"id":"otwu4cm4onrcrwh","previousOperationId":"p86umo74t2ngapl"}
{"type":"log","timestamp":1708542190941,"level":"debug","message":"Page request finished: GET (document) 200 file:///var/folders/tp/6hccbwhd41s4hkmxw_2wkz640000gn/T/jsreport/autocleanup/884d405b-c8fb-4933-964a-c6df5e6fc4cc-chrome-pdf.html","meta":{"rootId":"nrphonlmcbnep8n","id":"nrphonlmcbnep8n"},"id":"hr61umlr9mn6t08","previousOperationId":"p86umo74t2ngapl"}
{"type":"log","timestamp":1708542190951,"level":"debug","message":"Page request finished: GET (stylesheet) 200 https://cdnjs.cloudflare.com/ajax/libs/metro/4.1.5/css/metro.min.css","meta":{"rootId":"nrphonlmcbnep8n","id":"nrphonlmcbnep8n"},"id":"9q2wpbeun4eudwm","previousOperationId":"p86umo74t2ngapl"}
{"type":"log","timestamp":1708542190952,"level":"debug","message":"Page request finished: GET (script) 200 https://cdn.jsdelivr.net/npm/chart.js","meta":{"rootId":"nrphonlmcbnep8n","id":"nrphonlmcbnep8n"},"id":"wks466eq01h6qez","previousOperationId":"p86umo74t2ngapl"}
{"type":"log","timestamp":1708542191005,"level":"debug","message":"Running chrome with params {\"printBackground\":true,\"marginTop\":\"4cm\",\"marginRight\":\"1.5cm\",\"marginBottom\":\"1.5cm\",\"marginLeft\":\"1.5cm\",\"waitForJS\":false,\"timeout\":59944,\"margin\":{\"top\":\"4cm\",\"right\":\"1.5cm\",\"bottom\":\"1.5cm\",\"left\":\"1.5cm\"}}","meta":{"rootId":"nrphonlmcbnep8n","id":"nrphonlmcbnep8n"},"id":"ymxuyr8qcq892fp","previousOperationId":"p86umo74t2ngapl"}
{"type":"operationEnd","operationId":"p86umo74t2ngapl","timestamp":1708542191041,"id":"bqxo9s7aar86824","previousEventId":"yybhjm70frdkio6","previousOperationId":"p86umo74t2ngapl"}
{"type":"log","timestamp":1708542191041,"level":"info","message":"pdf-utils is starting pdf processing","meta":{"rootId":"nrphonlmcbnep8n","id":"nrphonlmcbnep8n"},"id":"cz9u6z94u8h44xo","previousOperationId":"p86umo74t2ngapl"}
{"type":"operationStart","subtype":"pdfUtils","name":"pdf utils","timestamp":1708542191041,"id":"hf03nt9vm2z5d5z","previousEventId":"bqxo9s7aar86824","operationId":"z9iut3n3a0w2wiu","previousOperationId":"p86umo74t2ngapl"}
{"type":"log","timestamp":1708542191041,"level":"debug","message":"pdf-utils detected 1 pdf operation(s) to process","meta":{"rootId":"nrphonlmcbnep8n","id":"nrphonlmcbnep8n"},"id":"63qvqh5qyw4jdi8","previousOperationId":"z9iut3n3a0w2wiu"}
{"type":"log","timestamp":1708542191066,"level":"debug","message":"pdf-utils running pdf operation merge","meta":{"rootId":"nrphonlmcbnep8n","id":"nrphonlmcbnep8n"},"id":"6kvqai0gsge8vcp","previousOperationId":"z9iut3n3a0w2wiu"}
{"type":"operationStart","subtype":"pdfUtilsMerge","name":"pdf utils merge","previousOperationId":"z9iut3n3a0w2wiu","timestamp":1708542191066,"id":"rzmn23fmwrts3jh","previousEventId":"hf03nt9vm2z5d5z","operationId":"276012pejvr9c93"}
{"type":"operationStart","subtype":"render","name":"orders-header","previousOperationId":"276012pejvr9c93","timestamp":1708542191066,"id":"x2ci32h4o2arb1a","previousEventId":"rzmn23fmwrts3jh","operationId":"shfj3sx0isrww2x"}
{"type":"log","timestamp":1708542191066,"level":"info","message":"Starting rendering (child) request","meta":{"rootId":"nrphonlmcbnep8n","id":"jbcpkfv1y49rb65"},"id":"r93pmvvt45ri6h6","previousOperationId":"shfj3sx0isrww2x"}
{"type":"log","timestamp":1708542191066,"level":"info","message":"Rendering template { name: orders-header, recipe: chrome-pdf, engine: handlebars, preview: false }","meta":{"rootId":"nrphonlmcbnep8n","id":"jbcpkfv1y49rb65"},"id":"x7jg5f8t5sav84b","previousOperationId":"shfj3sx0isrww2x"}
{"type":"log","timestamp":1708542191067,"level":"debug","message":"Inline data specified.","meta":{"rootId":"nrphonlmcbnep8n","id":"jbcpkfv1y49rb65"},"id":"t1u28p0p65gk5hk","previousOperationId":"shfj3sx0isrww2x"}
{"type":"log","timestamp":1708542191068,"level":"debug","message":"Base url not specified, skipping its injection.","meta":{"rootId":"nrphonlmcbnep8n","id":"jbcpkfv1y49rb65"},"id":"562zwqbcn8s0qgl","previousOperationId":"shfj3sx0isrww2x"}
{"type":"operationStart","subtype":"engine","name":"handlebars","timestamp":1708542191068,"id":"u5hcef4ybhkafpl","previousEventId":"x2ci32h4o2arb1a","operationId":"wc4t6ijrrg888f1","previousOperationId":"shfj3sx0isrww2x"}
{"type":"log","timestamp":1708542191068,"level":"debug","message":"Rendering engine handlebars","meta":{"rootId":"nrphonlmcbnep8n","id":"jbcpkfv1y49rb65"},"id":"8cdtl14qmglf3pi","previousOperationId":"wc4t6ijrrg888f1"}
{"type":"operationEnd","operationId":"wc4t6ijrrg888f1","timestamp":1708542191070,"id":"hxmz0abt85yyy9y","previousEventId":"u5hcef4ybhkafpl","previousOperationId":"wc4t6ijrrg888f1"}
{"type":"operationStart","subtype":"recipe","name":"chrome-pdf","timestamp":1708542191070,"id":"7rrijp0g9rmu4ev","previousEventId":"hxmz0abt85yyy9y","operationId":"m17loklbxfbgtoe","previousOperationId":"wc4t6ijrrg888f1"}
{"type":"log","timestamp":1708542191070,"level":"debug","message":"Executing recipe chrome-pdf","meta":{"rootId":"nrphonlmcbnep8n","id":"jbcpkfv1y49rb65"},"id":"y464zbow3ix76aj","previousOperationId":"m17loklbxfbgtoe"}
{"type":"log","timestamp":1708542191088,"level":"debug","message":"Converting with chrome HeadlessChrome/117.0.5938.149 using chrome-pool strategy","meta":{"rootId":"nrphonlmcbnep8n","id":"jbcpkfv1y49rb65"},"id":"kif1llnsv8vq45v","previousOperationId":"m17loklbxfbgtoe"}
{"type":"log","timestamp":1708542191128,"level":"debug","message":"Page request: GET (document) file:///var/folders/tp/6hccbwhd41s4hkmxw_2wkz640000gn/T/jsreport/autocleanup/1c1828c2-6c23-45f6-a194-ecbf14842524-chrome-pdf.html","meta":{"rootId":"nrphonlmcbnep8n","id":"jbcpkfv1y49rb65"},"id":"3hl3njvthye0e7s","previousOperationId":"m17loklbxfbgtoe"}
{"type":"log","timestamp":1708542191134,"level":"debug","message":"Page request: GET (stylesheet) https://cdnjs.cloudflare.com/ajax/libs/metro/4.1.5/css/metro.min.css","meta":{"rootId":"nrphonlmcbnep8n","id":"jbcpkfv1y49rb65"},"id":"svutg0q9ha9hf1h","previousOperationId":"m17loklbxfbgtoe"}
{"type":"log","timestamp":1708542191134,"level":"debug","message":"Page request finished: GET (document) 200 file:///var/folders/tp/6hccbwhd41s4hkmxw_2wkz640000gn/T/jsreport/autocleanup/1c1828c2-6c23-45f6-a194-ecbf14842524-chrome-pdf.html","meta":{"rootId":"nrphonlmcbnep8n","id":"jbcpkfv1y49rb65"},"id":"axtbq9sd0wqkztn","previousOperationId":"m17loklbxfbgtoe"}
{"type":"log","timestamp":1708542191141,"level":"debug","message":"Page request finished: GET (stylesheet) 200 https://cdnjs.cloudflare.com/ajax/libs/metro/4.1.5/css/metro.min.css","meta":{"rootId":"nrphonlmcbnep8n","id":"jbcpkfv1y49rb65"},"id":"sxdl7tqtu1yrlsp","previousOperationId":"m17loklbxfbgtoe"}
{"type":"log","timestamp":1708542191158,"level":"debug","message":"Running chrome with params {\"printBackground\":true,\"marginTop\":\"1.5cm\",\"marginRight\":\"1.5cm\",\"marginLeft\":\"1.cm\",\"timeout\":59737,\"margin\":{\"top\":\"1.5cm\",\"right\":\"1.5cm\",\"left\":\"1.cm\"}}","meta":{"rootId":"nrphonlmcbnep8n","id":"jbcpkfv1y49rb65"},"id":"7w066xsl214g3mg","previousOperationId":"m17loklbxfbgtoe"}
{"type":"operationEnd","operationId":"m17loklbxfbgtoe","timestamp":1708542191177,"id":"ayv2o5vkpeq2yaf","previousEventId":"7rrijp0g9rmu4ev","previousOperationId":"m17loklbxfbgtoe"}
{"type":"log","timestamp":1708542191178,"level":"debug","message":"Skipping storing report.","meta":{"rootId":"nrphonlmcbnep8n","id":"jbcpkfv1y49rb65"},"id":"153swy5o93ncega","previousOperationId":"m17loklbxfbgtoe"}
{"type":"log","timestamp":1708542191178,"level":"info","message":"Rendering (child) request finished in 353 ms","meta":{"rootId":"nrphonlmcbnep8n","id":"jbcpkfv1y49rb65"},"id":"ffhy007lc7ak4gp","previousOperationId":"m17loklbxfbgtoe"}
{"type":"operationEnd","subtype":"render","operationId":"shfj3sx0isrww2x","timestamp":1708542191178,"id":"zsx385ucqcer9t5","previousEventId":"ayv2o5vkpeq2yaf","previousOperationId":"m17loklbxfbgtoe"}
{"type":"operationEnd","operationId":"276012pejvr9c93","timestamp":1708542191197,"id":"9h9w0o9yvwn14v1","previousEventId":"rzmn23fmwrts3jh","previousOperationId":"276012pejvr9c93"}
{"type":"log","timestamp":1708542191197,"level":"debug","message":"pdf-utils postproces start","meta":{"rootId":"nrphonlmcbnep8n","id":"nrphonlmcbnep8n"},"id":"l6pdr92ve4k3ddp","previousOperationId":"276012pejvr9c93"}
{"type":"log","timestamp":1708542191227,"level":"debug","message":"pdf-utils postproces end","meta":{"rootId":"nrphonlmcbnep8n","id":"nrphonlmcbnep8n"},"id":"vaj4wx5ksu2hiz2","previousOperationId":"276012pejvr9c93"}
{"type":"operationEnd","operationId":"z9iut3n3a0w2wiu","timestamp":1708542191227,"id":"dkf04fsto7nf821","previousEventId":"9h9w0o9yvwn14v1","previousOperationId":"276012pejvr9c93"}
{"type":"log","timestamp":1708542191227,"level":"info","message":"pdf-utils pdf processing was finished","meta":{"rootId":"nrphonlmcbnep8n","id":"nrphonlmcbnep8n"},"id":"ebkg1ztoywac9he","previousOperationId":"z9iut3n3a0w2wiu"}
{"type":"log","timestamp":1708542191227,"level":"debug","message":"Skipping storing report.","meta":{"rootId":"nrphonlmcbnep8n","id":"nrphonlmcbnep8n"},"id":"5g3k04dv1gcy28d","previousOperationId":"z9iut3n3a0w2wiu"}
{"type":"log","timestamp":1708542191227,"level":"info","message":"Rendering request 21 finished in 402 ms","meta":{"rootId":"nrphonlmcbnep8n","id":"nrphonlmcbnep8n"},"id":"y9aqc1c4z6grc1f","previousOperationId":"z9iut3n3a0w2wiu"}
{"type":"operationEnd","subtype":"render","operationId":"0wemc9yvvmancy9","timestamp":1708542191227,"id":"kc32jvnfg9w9sd6","previousEventId":"dkf04fsto7nf821","previousOperationId":"z9iut3n3a0w2wiu"}
{"type":"operationEnd","doDiffs":false,"previousEventId":"0y0uvz3ctfey3vu","previousOperationId":"zmtjpbounzy2ey5","operationId":"zmtjpbounzy2ey5","timestamp":1708542191234,"id":"lrqszd1gfbebn9w"}
