{"type":"operationStart","subtype":"profile","data":{"_id":"bgWDZRqF6ji3Arag","timestamp":"2024-01-18T16:58:39.992Z","state":"queued","mode":"standard","creationDate":"2024-01-18T16:58:39.994Z","modificationDate":"2024-01-18T16:58:39.994Z","shortid":"6WJjGol","$entitySet":"profiles"},"doDiffs":false,"timestamp":1705597119993,"id":"xo81zytpw4a2x2d","previousOperationId":null,"operationId":"lid4tt599eavo0o"}
{"type":"log","level":"info","message":"Render request 2 queued for execution and waiting for available worker","previousOperationId":"lid4tt599eavo0o","timestamp":1705597119993,"id":"o4lly1saiuojbym"}
{"type":"operationStart","subtype":"render","name":"orders-main","previousOperationId":"lid4tt599eavo0o","timestamp":1705597120001,"id":"31c5vg0kbazpz9b","previousEventId":"xo81zytpw4a2x2d","operationId":"nl7hxytfapz846u"}
{"type":"log","timestamp":1705597120001,"level":"info","message":"Starting rendering request 2","meta":{"rootId":"o1pd74t959r8mki","id":"o1pd74t959r8mki"},"id":"kzanluixleu7f9m","previousOperationId":"nl7hxytfapz846u"}
{"type":"log","timestamp":1705597120002,"level":"info","message":"Rendering template { name: orders-main, recipe: chrome-pdf, engine: handlebars, preview: true }","meta":{"rootId":"o1pd74t959r8mki","id":"o1pd74t959r8mki"},"id":"wnnmwghitzybaei","previousOperationId":"nl7hxytfapz846u"}
{"type":"log","timestamp":1705597120003,"level":"debug","message":"Data item not defined for this template.","meta":{"rootId":"o1pd74t959r8mki","id":"o1pd74t959r8mki"},"id":"cs42iabpa03okeo","previousOperationId":"nl7hxytfapz846u"}
{"type":"log","timestamp":1705597120005,"level":"debug","message":"Executing script orders-script (beforeRender)","meta":{"rootId":"o1pd74t959r8mki","id":"o1pd74t959r8mki"},"id":"sl0agdqo0xpr2ze","previousOperationId":"nl7hxytfapz846u"}
{"type":"operationStart","subtype":"scriptsBeforeRender","name":"scripts beforeRender","timestamp":1705597120215,"id":"6cbs2chttthx3gu","previousEventId":"31c5vg0kbazpz9b","operationId":"kcvup4j65ym15pd","previousOperationId":"nl7hxytfapz846u"}
{"type":"operationStart","subtype":"script","name":"scripts orders-script","previousOperationId":"kcvup4j65ym15pd","timestamp":1705597120215,"id":"uc1fdnj4cybyoso","previousEventId":"6cbs2chttthx3gu","operationId":"2r5erg9vbc7s9a0"}
{"type":"log","timestamp":1705597120243,"level":"debug","message":"(console:log) [ 'Race1', 'Race2' ]","meta":{"userLevel":true,"rootId":"o1pd74t959r8mki","id":"o1pd74t959r8mki"},"id":"dw80nyhod61m3j5","previousOperationId":"2r5erg9vbc7s9a0"}
{"type":"log","timestamp":1705597120243,"level":"debug","message":"(console:log) [ 2, 1 ]","meta":{"userLevel":true,"rootId":"o1pd74t959r8mki","id":"o1pd74t959r8mki"},"id":"471h19veujddeel","previousOperationId":"2r5erg9vbc7s9a0"}
{"type":"operationEnd","operationId":"2r5erg9vbc7s9a0","timestamp":1705597120244,"id":"e5wjtv8feav1gac","previousEventId":"31c5vg0kbazpz9b","previousOperationId":"nl7hxytfapz846u"}
{"type":"operationEnd","operationId":"kcvup4j65ym15pd","timestamp":1705597120244,"id":"vg7a42le5g1fji4","previousEventId":"e5wjtv8feav1gac","previousOperationId":"nl7hxytfapz846u"}
{"type":"log","timestamp":1705597120244,"level":"debug","message":"Base url not specified, skipping its injection.","meta":{"rootId":"o1pd74t959r8mki","id":"o1pd74t959r8mki"},"id":"x6uwf8z4k9sx1rf","previousOperationId":"kcvup4j65ym15pd"}
{"type":"operationStart","subtype":"engine","name":"handlebars","timestamp":1705597120245,"id":"kero2oqpnb92svi","previousEventId":"vg7a42le5g1fji4","operationId":"3yx8amffmfuow8a","previousOperationId":"kcvup4j65ym15pd"}
{"type":"log","timestamp":1705597120245,"level":"debug","message":"Rendering engine handlebars","meta":{"rootId":"o1pd74t959r8mki","id":"o1pd74t959r8mki"},"id":"wcwa13bvwajmzz0","previousOperationId":"3yx8amffmfuow8a"}
{"type":"log","timestamp":1705597120437,"level":"debug","message":"(console:log) Pdf utils adding group field, value: \"Race1\"","meta":{"userLevel":true,"rootId":"o1pd74t959r8mki","id":"o1pd74t959r8mki"},"id":"xa7y7tavp6utdv0","previousOperationId":"3yx8amffmfuow8a"}
{"type":"log","timestamp":1705597120438,"level":"debug","message":"(console:log) Pdf utils adding group field, value: \"Race2\"","meta":{"userLevel":true,"rootId":"o1pd74t959r8mki","id":"o1pd74t959r8mki"},"id":"1mrtcv40maiu4ck","previousOperationId":"3yx8amffmfuow8a"}
{"type":"operationEnd","operationId":"3yx8amffmfuow8a","timestamp":1705597120438,"id":"4ieqm5rxa6ut01k","previousEventId":"kero2oqpnb92svi","previousOperationId":"3yx8amffmfuow8a"}
{"type":"operationStart","subtype":"recipe","name":"chrome-pdf","timestamp":1705597120439,"id":"18dd06qzsdalbjw","previousEventId":"4ieqm5rxa6ut01k","operationId":"l71ydy5e9u4bbc5","previousOperationId":"3yx8amffmfuow8a"}
{"type":"log","timestamp":1705597120439,"level":"debug","message":"Executing recipe chrome-pdf","meta":{"rootId":"o1pd74t959r8mki","id":"o1pd74t959r8mki"},"id":"582wqy1cd654kur","previousOperationId":"l71ydy5e9u4bbc5"}
{"type":"log","timestamp":1705597120835,"level":"debug","message":"Converting with chrome HeadlessChrome/117.0.5938.149 using chrome-pool strategy","meta":{"rootId":"o1pd74t959r8mki","id":"o1pd74t959r8mki"},"id":"uqet49duvc34woj","previousOperationId":"l71ydy5e9u4bbc5"}
{"type":"log","timestamp":1705597122152,"level":"debug","message":"Page request: GET (document) file:///C:/Users/DANIEL~1/AppData/Local/Temp/jsreport/autocleanup/562ad4cd-e411-4644-a63b-970aa29c86c6-chrome-pdf.html","meta":{"rootId":"o1pd74t959r8mki","id":"o1pd74t959r8mki"},"id":"xtuior5wxx9w2sc","previousOperationId":"l71ydy5e9u4bbc5"}
{"type":"log","timestamp":1705597122169,"level":"debug","message":"Page request: GET (stylesheet) https://cdnjs.cloudflare.com/ajax/libs/metro/4.1.5/css/metro.min.css","meta":{"rootId":"o1pd74t959r8mki","id":"o1pd74t959r8mki"},"id":"8fxed8lmtcy9lzg","previousOperationId":"l71ydy5e9u4bbc5"}
{"type":"log","timestamp":1705597122169,"level":"debug","message":"Page request: GET (script) https://cdnjs.cloudflare.com/ajax/libs/Chart.js/2.9.4/Chart.js","meta":{"rootId":"o1pd74t959r8mki","id":"o1pd74t959r8mki"},"id":"ur8ini5lusmwpa0","previousOperationId":"l71ydy5e9u4bbc5"}
{"type":"log","timestamp":1705597122170,"level":"debug","message":"Page request finished: GET (document) 200 file:///C:/Users/DANIEL~1/AppData/Local/Temp/jsreport/autocleanup/562ad4cd-e411-4644-a63b-970aa29c86c6-chrome-pdf.html","meta":{"rootId":"o1pd74t959r8mki","id":"o1pd74t959r8mki"},"id":"0qfdgfby6ej2clt","previousOperationId":"l71ydy5e9u4bbc5"}
{"type":"log","timestamp":1705597122333,"level":"debug","message":"Page request finished: GET (script) 200 https://cdnjs.cloudflare.com/ajax/libs/Chart.js/2.9.4/Chart.js","meta":{"rootId":"o1pd74t959r8mki","id":"o1pd74t959r8mki"},"id":"lu0astmp88t4sg3","previousOperationId":"l71ydy5e9u4bbc5"}
{"type":"log","timestamp":1705597122366,"level":"debug","message":"Page request finished: GET (stylesheet) 200 https://cdnjs.cloudflare.com/ajax/libs/metro/4.1.5/css/metro.min.css","meta":{"rootId":"o1pd74t959r8mki","id":"o1pd74t959r8mki"},"id":"0o9hih5z31738qu","previousOperationId":"l71ydy5e9u4bbc5"}
{"type":"log","timestamp":1705597122370,"level":"warn","message":"Page error: Missing initializer in const declaration , stack: SyntaxError: Missing initializer in const declaration","meta":{"rootId":"o1pd74t959r8mki","id":"o1pd74t959r8mki"},"id":"w91mqb212b72l0i","previousOperationId":"l71ydy5e9u4bbc5"}
{"type":"log","timestamp":1705597122391,"level":"debug","message":"Running chrome with params {\"printBackground\":true,\"marginTop\":\"4cm\",\"marginRight\":\"1.5cm\",\"marginBottom\":\"1.5cm\",\"marginLeft\":\"1.5cm\",\"waitForJS\":false,\"timeout\":59265,\"margin\":{\"top\":\"4cm\",\"right\":\"1.5cm\",\"bottom\":\"1.5cm\",\"left\":\"1.5cm\"}}","meta":{"rootId":"o1pd74t959r8mki","id":"o1pd74t959r8mki"},"id":"dacijyzeg6odst1","previousOperationId":"l71ydy5e9u4bbc5"}
{"type":"operationEnd","operationId":"l71ydy5e9u4bbc5","timestamp":1705597122444,"id":"ddkescgr09x830j","previousEventId":"18dd06qzsdalbjw","previousOperationId":"l71ydy5e9u4bbc5"}
{"type":"log","timestamp":1705597122445,"level":"info","message":"pdf-utils is starting pdf processing","meta":{"rootId":"o1pd74t959r8mki","id":"o1pd74t959r8mki"},"id":"dqhuk4i9ap0p7yo","previousOperationId":"l71ydy5e9u4bbc5"}
{"type":"operationStart","subtype":"pdfUtils","name":"pdf utils","timestamp":1705597122583,"id":"vvh18jr66gh79o6","previousEventId":"ddkescgr09x830j","operationId":"i3gssga0e09hbtm","previousOperationId":"l71ydy5e9u4bbc5"}
{"type":"log","timestamp":1705597122584,"level":"debug","message":"pdf-utils detected 1 pdf operation(s) to process","meta":{"rootId":"o1pd74t959r8mki","id":"o1pd74t959r8mki"},"id":"gnpaom1goavxq8m","previousOperationId":"i3gssga0e09hbtm"}
{"type":"log","timestamp":1705597122750,"level":"debug","message":"pdf-utils running pdf operation merge","meta":{"rootId":"o1pd74t959r8mki","id":"o1pd74t959r8mki"},"id":"1g7x0qtp1snevp5","previousOperationId":"i3gssga0e09hbtm"}
{"type":"operationStart","subtype":"pdfUtilsMerge","name":"pdf utils merge","previousOperationId":"i3gssga0e09hbtm","timestamp":1705597122750,"id":"5sp7ogivyokdrye","previousEventId":"vvh18jr66gh79o6","operationId":"5mtzkhksb2ysku8"}
{"type":"operationStart","subtype":"render","name":"orders-header","previousOperationId":"5mtzkhksb2ysku8","timestamp":1705597122751,"id":"pgqahdfu9p76g4j","previousEventId":"5sp7ogivyokdrye","operationId":"net1ulhk4vz0861"}
{"type":"log","timestamp":1705597122751,"level":"info","message":"Starting rendering (child) request","meta":{"rootId":"o1pd74t959r8mki","id":"ievcrt17dososd8"},"id":"9z9rc10bngfwdg6","previousOperationId":"net1ulhk4vz0861"}
{"type":"log","timestamp":1705597122751,"level":"info","message":"Rendering template { name: orders-header, recipe: chrome-pdf, engine: handlebars, preview: true }","meta":{"rootId":"o1pd74t959r8mki","id":"ievcrt17dososd8"},"id":"lh07zanhqvvc80a","previousOperationId":"net1ulhk4vz0861"}
{"type":"log","timestamp":1705597122757,"level":"debug","message":"Inline data specified.","meta":{"rootId":"o1pd74t959r8mki","id":"ievcrt17dososd8"},"id":"y8g1vgeymtv3ctu","previousOperationId":"net1ulhk4vz0861"}
{"type":"log","timestamp":1705597122759,"level":"debug","message":"Base url not specified, skipping its injection.","meta":{"rootId":"o1pd74t959r8mki","id":"ievcrt17dososd8"},"id":"yu3l6dmm5na8g2d","previousOperationId":"net1ulhk4vz0861"}
{"type":"operationStart","subtype":"engine","name":"handlebars","timestamp":1705597122759,"id":"lgpc8q1rim3d3kj","previousEventId":"pgqahdfu9p76g4j","operationId":"9khxbtkz0uesgtu","previousOperationId":"net1ulhk4vz0861"}
{"type":"log","timestamp":1705597122759,"level":"debug","message":"Rendering engine handlebars","meta":{"rootId":"o1pd74t959r8mki","id":"ievcrt17dososd8"},"id":"zryf6lbq3zicawa","previousOperationId":"9khxbtkz0uesgtu"}
{"type":"operationEnd","operationId":"9khxbtkz0uesgtu","timestamp":1705597122775,"id":"a00vynzcvfxal9m","previousEventId":"lgpc8q1rim3d3kj","previousOperationId":"9khxbtkz0uesgtu"}
{"type":"operationStart","subtype":"recipe","name":"chrome-pdf","timestamp":1705597122775,"id":"qxr0xmz7tzxe0om","previousEventId":"a00vynzcvfxal9m","operationId":"qtf4zqws7s5gpmj","previousOperationId":"9khxbtkz0uesgtu"}
{"type":"log","timestamp":1705597122776,"level":"debug","message":"Executing recipe chrome-pdf","meta":{"rootId":"o1pd74t959r8mki","id":"ievcrt17dososd8"},"id":"091odx7rtfd7dis","previousOperationId":"qtf4zqws7s5gpmj"}
{"type":"log","timestamp":1705597122777,"level":"debug","message":"Converting with chrome HeadlessChrome/117.0.5938.149 using chrome-pool strategy","meta":{"rootId":"o1pd74t959r8mki","id":"ievcrt17dososd8"},"id":"2his0z8c2sj0nzw","previousOperationId":"qtf4zqws7s5gpmj"}
{"type":"log","timestamp":1705597122839,"level":"debug","message":"Page request: GET (document) file:///C:/Users/DANIEL~1/AppData/Local/Temp/jsreport/autocleanup/5f6814f0-f877-4f7d-a028-913a6c9a863a-chrome-pdf.html","meta":{"rootId":"o1pd74t959r8mki","id":"ievcrt17dososd8"},"id":"6kk4pamn6gabv2v","previousOperationId":"qtf4zqws7s5gpmj"}
{"type":"log","timestamp":1705597122845,"level":"debug","message":"Page request: GET (stylesheet) https://cdnjs.cloudflare.com/ajax/libs/metro/4.1.5/css/metro.min.css","meta":{"rootId":"o1pd74t959r8mki","id":"ievcrt17dososd8"},"id":"2i3zhe72bfpsepr","previousOperationId":"qtf4zqws7s5gpmj"}
{"type":"log","timestamp":1705597122846,"level":"debug","message":"Page request finished: GET (document) 200 file:///C:/Users/DANIEL~1/AppData/Local/Temp/jsreport/autocleanup/5f6814f0-f877-4f7d-a028-913a6c9a863a-chrome-pdf.html","meta":{"rootId":"o1pd74t959r8mki","id":"ievcrt17dososd8"},"id":"upzgyhgr16jopmn","previousOperationId":"qtf4zqws7s5gpmj"}
{"type":"log","timestamp":1705597122856,"level":"debug","message":"Page request finished: GET (stylesheet) 200 https://cdnjs.cloudflare.com/ajax/libs/metro/4.1.5/css/metro.min.css","meta":{"rootId":"o1pd74t959r8mki","id":"ievcrt17dososd8"},"id":"rdm7gdcr4inbc1y","previousOperationId":"qtf4zqws7s5gpmj"}
{"type":"log","timestamp":1705597122869,"level":"debug","message":"Running chrome with params {\"printBackground\":true,\"marginTop\":\"1.5cm\",\"marginRight\":\"1.5cm\",\"marginLeft\":\"1.cm\",\"timeout\":57215,\"margin\":{\"top\":\"1.5cm\",\"right\":\"1.5cm\",\"left\":\"1.cm\"}}","meta":{"rootId":"o1pd74t959r8mki","id":"ievcrt17dososd8"},"id":"xozgm6p1dhsbslv","previousOperationId":"qtf4zqws7s5gpmj"}
{"type":"operationEnd","operationId":"qtf4zqws7s5gpmj","timestamp":1705597122898,"id":"3lht5dcod3q33ca","previousEventId":"qxr0xmz7tzxe0om","previousOperationId":"qtf4zqws7s5gpmj"}
{"type":"log","timestamp":1705597122898,"level":"debug","message":"Skipping storing report.","meta":{"rootId":"o1pd74t959r8mki","id":"ievcrt17dososd8"},"id":"t0v95pw6fi4qvyy","previousOperationId":"qtf4zqws7s5gpmj"}
{"type":"log","timestamp":1705597122898,"level":"info","message":"Rendering (child) request finished in 2906 ms","meta":{"rootId":"o1pd74t959r8mki","id":"ievcrt17dososd8"},"id":"wqdxga64gh8qfj7","previousOperationId":"qtf4zqws7s5gpmj"}
{"type":"operationEnd","subtype":"render","operationId":"net1ulhk4vz0861","timestamp":1705597122898,"id":"rv2p5mr6gkrt9kh","previousEventId":"3lht5dcod3q33ca","previousOperationId":"qtf4zqws7s5gpmj"}
{"type":"operationEnd","operationId":"5mtzkhksb2ysku8","timestamp":1705597122914,"id":"et1x112uze4en62","previousEventId":"5sp7ogivyokdrye","previousOperationId":"5mtzkhksb2ysku8"}
{"type":"log","timestamp":1705597122914,"level":"debug","message":"pdf-utils postproces start","meta":{"rootId":"o1pd74t959r8mki","id":"o1pd74t959r8mki"},"id":"gf49sv0bpbk2fm4","previousOperationId":"5mtzkhksb2ysku8"}
{"type":"log","timestamp":1705597122925,"level":"debug","message":"pdf-utils postproces end","meta":{"rootId":"o1pd74t959r8mki","id":"o1pd74t959r8mki"},"id":"6nqosot753bo75n","previousOperationId":"5mtzkhksb2ysku8"}
{"type":"operationEnd","operationId":"i3gssga0e09hbtm","timestamp":1705597122925,"id":"282enjgxuz5fbo5","previousEventId":"et1x112uze4en62","previousOperationId":"5mtzkhksb2ysku8"}
{"type":"log","timestamp":1705597122925,"level":"info","message":"pdf-utils pdf processing was finished","meta":{"rootId":"o1pd74t959r8mki","id":"o1pd74t959r8mki"},"id":"dylyi99ct324pc2","previousOperationId":"i3gssga0e09hbtm"}
{"type":"log","timestamp":1705597122925,"level":"debug","message":"Skipping storing report.","meta":{"rootId":"o1pd74t959r8mki","id":"o1pd74t959r8mki"},"id":"quqjvukxe6jww0t","previousOperationId":"i3gssga0e09hbtm"}
{"type":"log","timestamp":1705597122925,"level":"info","message":"Rendering request 2 finished in 2933 ms","meta":{"rootId":"o1pd74t959r8mki","id":"o1pd74t959r8mki"},"id":"m34mue15fmiql05","previousOperationId":"i3gssga0e09hbtm"}
{"type":"operationEnd","subtype":"render","operationId":"nl7hxytfapz846u","timestamp":1705597122925,"id":"mdp369w3i5f9yiz","previousEventId":"282enjgxuz5fbo5","previousOperationId":"i3gssga0e09hbtm"}
{"type":"operationEnd","doDiffs":false,"previousEventId":"xo81zytpw4a2x2d","previousOperationId":"lid4tt599eavo0o","operationId":"lid4tt599eavo0o","timestamp":1705597122934,"id":"s8n66k7gi3vj5it"}
