{"type":"operationStart","subtype":"profile","data":{"_id":"cIPDHHKtAWyArYzF","timestamp":"2024-01-17T14:52:35.888Z","state":"queued","mode":"standard","creationDate":"2024-01-17T14:52:35.891Z","modificationDate":"2024-01-17T14:52:35.891Z","shortid":"sHZv_he","$entitySet":"profiles"},"doDiffs":false,"timestamp":1705503155890,"id":"tr01eogj0bz51hz","previousOperationId":null,"operationId":"o3f4ez8rzdnkf0k"}
{"type":"log","level":"info","message":"Render request 28 queued for execution and waiting for available worker","previousOperationId":"o3f4ez8rzdnkf0k","timestamp":1705503155890,"id":"exrk50xzbq7k588"}
{"type":"operationStart","subtype":"render","name":"orders-main","previousOperationId":"o3f4ez8rzdnkf0k","timestamp":1705503155909,"id":"f839y9mo6d8vpkb","previousEventId":"tr01eogj0bz51hz","operationId":"kxhu65j7wlv2lya"}
{"type":"log","timestamp":1705503155910,"level":"info","message":"Starting rendering request 28","meta":{"rootId":"o5ze6n47mova0jp","id":"o5ze6n47mova0jp"},"id":"rioipuxcs94e2kv","previousOperationId":"kxhu65j7wlv2lya"}
{"type":"log","timestamp":1705503155910,"level":"info","message":"Rendering template { name: orders-main, recipe: chrome-pdf, engine: handlebars, preview: true }","meta":{"rootId":"o5ze6n47mova0jp","id":"o5ze6n47mova0jp"},"id":"hi6kco2d0o3iqk5","previousOperationId":"kxhu65j7wlv2lya"}
{"type":"log","timestamp":1705503155911,"level":"debug","message":"Data item not defined for this template.","meta":{"rootId":"o5ze6n47mova0jp","id":"o5ze6n47mova0jp"},"id":"2g74htz7w8orxlw","previousOperationId":"kxhu65j7wlv2lya"}
{"type":"log","timestamp":1705503155917,"level":"debug","message":"Executing script orders-script (beforeRender)","meta":{"rootId":"o5ze6n47mova0jp","id":"o5ze6n47mova0jp"},"id":"trwrc2r3mrq4wqe","previousOperationId":"kxhu65j7wlv2lya"}
{"type":"operationStart","subtype":"scriptsBeforeRender","name":"scripts beforeRender","timestamp":1705503155945,"id":"l1yvb7y1xcrbhe3","previousEventId":"f839y9mo6d8vpkb","operationId":"o9c48tqm7ftzik7","previousOperationId":"kxhu65j7wlv2lya"}
{"type":"operationStart","subtype":"script","name":"scripts orders-script","previousOperationId":"o9c48tqm7ftzik7","timestamp":1705503155945,"id":"y75zdealygyj2ct","previousEventId":"l1yvb7y1xcrbhe3","operationId":"6ozawnmlaka0i6n"}
{"type":"operationEnd","operationId":"6ozawnmlaka0i6n","timestamp":1705503155966,"id":"aieu2jiiwe8iy56","previousEventId":"f839y9mo6d8vpkb","previousOperationId":"kxhu65j7wlv2lya"}
{"type":"operationEnd","operationId":"o9c48tqm7ftzik7","timestamp":1705503155966,"id":"icj1zf0hryk9z02","previousEventId":"aieu2jiiwe8iy56","previousOperationId":"kxhu65j7wlv2lya"}
{"type":"log","timestamp":1705503155966,"level":"debug","message":"Base url not specified, skipping its injection.","meta":{"rootId":"o5ze6n47mova0jp","id":"o5ze6n47mova0jp"},"id":"aklqjlil8u7zd09","previousOperationId":"o9c48tqm7ftzik7"}
{"type":"operationStart","subtype":"engine","name":"handlebars","timestamp":1705503155967,"id":"2ssfyylesdi0288","previousEventId":"icj1zf0hryk9z02","operationId":"jscc6qyjdxl36zo","previousOperationId":"o9c48tqm7ftzik7"}
{"type":"log","timestamp":1705503155967,"level":"debug","message":"Rendering engine handlebars","meta":{"rootId":"o5ze6n47mova0jp","id":"o5ze6n47mova0jp"},"id":"dgytm2z1cmlfbn0","previousOperationId":"jscc6qyjdxl36zo"}
{"type":"log","timestamp":1705503155992,"level":"debug","message":"(console:log) Pdf utils adding group field, value: \"Race1\"","meta":{"userLevel":true,"rootId":"o5ze6n47mova0jp","id":"o5ze6n47mova0jp"},"id":"tgofvirke72nw5l","previousOperationId":"jscc6qyjdxl36zo"}
{"type":"log","timestamp":1705503155992,"level":"debug","message":"(console:log) Pdf utils adding group field, value: \"Race2\"","meta":{"userLevel":true,"rootId":"o5ze6n47mova0jp","id":"o5ze6n47mova0jp"},"id":"v9kubneers7atdg","previousOperationId":"jscc6qyjdxl36zo"}
{"type":"log","timestamp":1705503155993,"level":"debug","message":"(console:log) Pdf utils adding group field, value: \"rgver\"","meta":{"userLevel":true,"rootId":"o5ze6n47mova0jp","id":"o5ze6n47mova0jp"},"id":"wr9rgpp2mq18nmk","previousOperationId":"jscc6qyjdxl36zo"}
{"type":"log","timestamp":1705503155993,"level":"debug","message":"(console:log) Pdf utils adding group field, value: \"revger\"","meta":{"userLevel":true,"rootId":"o5ze6n47mova0jp","id":"o5ze6n47mova0jp"},"id":"j8ixne6plxnjwbb","previousOperationId":"jscc6qyjdxl36zo"}
{"type":"operationEnd","operationId":"jscc6qyjdxl36zo","timestamp":1705503155993,"id":"givwoync3upninh","previousEventId":"2ssfyylesdi0288","previousOperationId":"jscc6qyjdxl36zo"}
{"type":"operationStart","subtype":"recipe","name":"chrome-pdf","timestamp":1705503155993,"id":"yqcictqjy8fdp8c","previousEventId":"givwoync3upninh","operationId":"xxrgh8cb0c089ok","previousOperationId":"jscc6qyjdxl36zo"}
{"type":"log","timestamp":1705503155993,"level":"debug","message":"Executing recipe chrome-pdf","meta":{"rootId":"o5ze6n47mova0jp","id":"o5ze6n47mova0jp"},"id":"ldve22acwddqv9f","previousOperationId":"xxrgh8cb0c089ok"}
{"type":"log","timestamp":1705503155997,"level":"debug","message":"Converting with chrome HeadlessChrome/117.0.5938.149 using chrome-pool strategy","meta":{"rootId":"o5ze6n47mova0jp","id":"o5ze6n47mova0jp"},"id":"2edf13yf4hm8n24","previousOperationId":"xxrgh8cb0c089ok"}
{"type":"log","timestamp":1705503156125,"level":"debug","message":"Page request: GET (document) file:///C:/Users/DANIEL~1/AppData/Local/Temp/jsreport/autocleanup/9ae4da36-c534-4921-95d8-df4a6da84385-chrome-pdf.html","meta":{"rootId":"o5ze6n47mova0jp","id":"o5ze6n47mova0jp"},"id":"nr5zrhnd7b8dtci","previousOperationId":"xxrgh8cb0c089ok"}
{"type":"log","timestamp":1705503156152,"level":"debug","message":"Page request: GET (stylesheet) https://cdnjs.cloudflare.com/ajax/libs/metro/4.1.5/css/metro.min.css","meta":{"rootId":"o5ze6n47mova0jp","id":"o5ze6n47mova0jp"},"id":"u2uc2pr0qzj44na","previousOperationId":"xxrgh8cb0c089ok"}
{"type":"log","timestamp":1705503156152,"level":"debug","message":"Page request: GET (script) https://cdnjs.cloudflare.com/ajax/libs/Chart.js/2.7.2/Chart.min.js","meta":{"rootId":"o5ze6n47mova0jp","id":"o5ze6n47mova0jp"},"id":"hieoeoxh13qkwtr","previousOperationId":"xxrgh8cb0c089ok"}
{"type":"log","timestamp":1705503156153,"level":"debug","message":"Page request finished: GET (document) 200 file:///C:/Users/DANIEL~1/AppData/Local/Temp/jsreport/autocleanup/9ae4da36-c534-4921-95d8-df4a6da84385-chrome-pdf.html","meta":{"rootId":"o5ze6n47mova0jp","id":"o5ze6n47mova0jp"},"id":"8ryo1gqldag7vjm","previousOperationId":"xxrgh8cb0c089ok"}
{"type":"log","timestamp":1705503156163,"level":"debug","message":"Page request finished: GET (script) 200 https://cdnjs.cloudflare.com/ajax/libs/Chart.js/2.7.2/Chart.min.js","meta":{"rootId":"o5ze6n47mova0jp","id":"o5ze6n47mova0jp"},"id":"k301fl1wdiumnre","previousOperationId":"xxrgh8cb0c089ok"}
{"type":"log","timestamp":1705503156176,"level":"debug","message":"Page request finished: GET (stylesheet) 200 https://cdnjs.cloudflare.com/ajax/libs/metro/4.1.5/css/metro.min.css","meta":{"rootId":"o5ze6n47mova0jp","id":"o5ze6n47mova0jp"},"id":"zlofi36tfzw4i92","previousOperationId":"xxrgh8cb0c089ok"}
{"type":"log","timestamp":1705503156216,"level":"debug","message":"Running chrome with params {\"printBackground\":true,\"marginTop\":\"4cm\",\"marginRight\":\"1.5cm\",\"marginBottom\":\"1.5cm\",\"marginLeft\":\"1.5cm\",\"waitForJS\":false,\"timeout\":59892,\"margin\":{\"top\":\"4cm\",\"right\":\"1.5cm\",\"bottom\":\"1.5cm\",\"left\":\"1.5cm\"}}","meta":{"rootId":"o5ze6n47mova0jp","id":"o5ze6n47mova0jp"},"id":"rl1yoruy15829hj","previousOperationId":"xxrgh8cb0c089ok"}
{"type":"operationEnd","operationId":"xxrgh8cb0c089ok","timestamp":1705503156318,"id":"j026qotc43qh09g","previousEventId":"yqcictqjy8fdp8c","previousOperationId":"xxrgh8cb0c089ok"}
{"type":"log","timestamp":1705503156318,"level":"info","message":"pdf-utils is starting pdf processing","meta":{"rootId":"o5ze6n47mova0jp","id":"o5ze6n47mova0jp"},"id":"l64j6cfi253dsu7","previousOperationId":"xxrgh8cb0c089ok"}
{"type":"operationStart","subtype":"pdfUtils","name":"pdf utils","timestamp":1705503156319,"id":"dummltsvq7z8mq3","previousEventId":"j026qotc43qh09g","operationId":"qcs7bmttl1wdfxh","previousOperationId":"xxrgh8cb0c089ok"}
{"type":"log","timestamp":1705503156319,"level":"debug","message":"pdf-utils detected 1 pdf operation(s) to process","meta":{"rootId":"o5ze6n47mova0jp","id":"o5ze6n47mova0jp"},"id":"hs0moh6tn9tesux","previousOperationId":"qcs7bmttl1wdfxh"}
{"type":"log","timestamp":1705503156342,"level":"debug","message":"pdf-utils running pdf operation merge","meta":{"rootId":"o5ze6n47mova0jp","id":"o5ze6n47mova0jp"},"id":"z8ymq9fvoam988z","previousOperationId":"qcs7bmttl1wdfxh"}
{"type":"operationStart","subtype":"pdfUtilsMerge","name":"pdf utils merge","previousOperationId":"qcs7bmttl1wdfxh","timestamp":1705503156342,"id":"mhy42j7dgmtlmfc","previousEventId":"dummltsvq7z8mq3","operationId":"iz4djpwyzzud2qs"}
{"type":"operationStart","subtype":"render","name":"orders-header","previousOperationId":"iz4djpwyzzud2qs","timestamp":1705503156344,"id":"kmpc7vlmuplk8pi","previousEventId":"mhy42j7dgmtlmfc","operationId":"j8kcvyp425h91zr"}
{"type":"log","timestamp":1705503156344,"level":"info","message":"Starting rendering (child) request","meta":{"rootId":"o5ze6n47mova0jp","id":"ovtwjkrghtgeu6r"},"id":"5hw0o38f9pgkgqf","previousOperationId":"j8kcvyp425h91zr"}
{"type":"log","timestamp":1705503156344,"level":"info","message":"Rendering template { name: orders-header, recipe: chrome-pdf, engine: handlebars, preview: true }","meta":{"rootId":"o5ze6n47mova0jp","id":"ovtwjkrghtgeu6r"},"id":"06epj7x5l5ndne2","previousOperationId":"j8kcvyp425h91zr"}
{"type":"log","timestamp":1705503156346,"level":"debug","message":"Inline data specified.","meta":{"rootId":"o5ze6n47mova0jp","id":"ovtwjkrghtgeu6r"},"id":"r0ekbd34kkvit3v","previousOperationId":"j8kcvyp425h91zr"}
{"type":"log","timestamp":1705503156351,"level":"debug","message":"Base url not specified, skipping its injection.","meta":{"rootId":"o5ze6n47mova0jp","id":"ovtwjkrghtgeu6r"},"id":"6bktl25pa23jc2n","previousOperationId":"j8kcvyp425h91zr"}
{"type":"operationStart","subtype":"engine","name":"handlebars","timestamp":1705503156352,"id":"udx3hv33j61q6qm","previousEventId":"kmpc7vlmuplk8pi","operationId":"wgw367ujrh7yuwv","previousOperationId":"j8kcvyp425h91zr"}
{"type":"log","timestamp":1705503156352,"level":"debug","message":"Rendering engine handlebars","meta":{"rootId":"o5ze6n47mova0jp","id":"ovtwjkrghtgeu6r"},"id":"6fhfn5zbkuhrv4t","previousOperationId":"wgw367ujrh7yuwv"}
{"type":"operationEnd","operationId":"wgw367ujrh7yuwv","timestamp":1705503156391,"id":"kf1lnjgmln1xsjj","previousEventId":"udx3hv33j61q6qm","previousOperationId":"wgw367ujrh7yuwv"}
{"type":"operationStart","subtype":"recipe","name":"chrome-pdf","timestamp":1705503156391,"id":"zdndgpjqf2fesjg","previousEventId":"kf1lnjgmln1xsjj","operationId":"wj6bvrix0w5fh1v","previousOperationId":"wgw367ujrh7yuwv"}
{"type":"log","timestamp":1705503156391,"level":"debug","message":"Executing recipe chrome-pdf","meta":{"rootId":"o5ze6n47mova0jp","id":"ovtwjkrghtgeu6r"},"id":"6co525gbc2typpu","previousOperationId":"wj6bvrix0w5fh1v"}
{"type":"log","timestamp":1705503156394,"level":"debug","message":"Converting with chrome HeadlessChrome/117.0.5938.149 using chrome-pool strategy","meta":{"rootId":"o5ze6n47mova0jp","id":"ovtwjkrghtgeu6r"},"id":"vagu7o5u74rrd1i","previousOperationId":"wj6bvrix0w5fh1v"}
{"type":"log","timestamp":1705503156514,"level":"debug","message":"Page request: GET (document) file:///C:/Users/DANIEL~1/AppData/Local/Temp/jsreport/autocleanup/9a58546c-49e0-440b-b9e5-5c13db9f37bb-chrome-pdf.html","meta":{"rootId":"o5ze6n47mova0jp","id":"ovtwjkrghtgeu6r"},"id":"i9rl7y26dq314cu","previousOperationId":"wj6bvrix0w5fh1v"}
{"type":"log","timestamp":1705503156528,"level":"debug","message":"Page request: GET (stylesheet) https://cdnjs.cloudflare.com/ajax/libs/metro/4.1.5/css/metro.min.css","meta":{"rootId":"o5ze6n47mova0jp","id":"ovtwjkrghtgeu6r"},"id":"jjzw09j20msqt7z","previousOperationId":"wj6bvrix0w5fh1v"}
{"type":"log","timestamp":1705503156528,"level":"debug","message":"Page request finished: GET (document) 200 file:///C:/Users/DANIEL~1/AppData/Local/Temp/jsreport/autocleanup/9a58546c-49e0-440b-b9e5-5c13db9f37bb-chrome-pdf.html","meta":{"rootId":"o5ze6n47mova0jp","id":"ovtwjkrghtgeu6r"},"id":"8llwaisq4ntbodg","previousOperationId":"wj6bvrix0w5fh1v"}
{"type":"log","timestamp":1705503156546,"level":"debug","message":"Page request finished: GET (stylesheet) 200 https://cdnjs.cloudflare.com/ajax/libs/metro/4.1.5/css/metro.min.css","meta":{"rootId":"o5ze6n47mova0jp","id":"ovtwjkrghtgeu6r"},"id":"luboqxwtqs64cnv","previousOperationId":"wj6bvrix0w5fh1v"}
{"type":"log","timestamp":1705503156568,"level":"debug","message":"Running chrome with params {\"printBackground\":true,\"marginTop\":\"1.5cm\",\"marginRight\":\"1.5cm\",\"marginLeft\":\"1.cm\",\"timeout\":59495,\"margin\":{\"top\":\"1.5cm\",\"right\":\"1.5cm\",\"left\":\"1.cm\"}}","meta":{"rootId":"o5ze6n47mova0jp","id":"ovtwjkrghtgeu6r"},"id":"mn87ryzs2q3ev2a","previousOperationId":"wj6bvrix0w5fh1v"}
{"type":"operationEnd","operationId":"wj6bvrix0w5fh1v","timestamp":1705503156616,"id":"1qca04uoqudax1c","previousEventId":"zdndgpjqf2fesjg","previousOperationId":"wj6bvrix0w5fh1v"}
{"type":"log","timestamp":1705503156616,"level":"debug","message":"Skipping storing report.","meta":{"rootId":"o5ze6n47mova0jp","id":"ovtwjkrghtgeu6r"},"id":"1q0ex4taujeoppd","previousOperationId":"wj6bvrix0w5fh1v"}
{"type":"log","timestamp":1705503156616,"level":"info","message":"Rendering (child) request finished in 728 ms","meta":{"rootId":"o5ze6n47mova0jp","id":"ovtwjkrghtgeu6r"},"id":"fcr6hhactoaakt2","previousOperationId":"wj6bvrix0w5fh1v"}
{"type":"operationEnd","subtype":"render","operationId":"j8kcvyp425h91zr","timestamp":1705503156616,"id":"zu016qs2cdviidr","previousEventId":"1qca04uoqudax1c","previousOperationId":"wj6bvrix0w5fh1v"}
{"type":"operationEnd","operationId":"iz4djpwyzzud2qs","timestamp":1705503156637,"id":"86iaw9xj5upuvtu","previousEventId":"mhy42j7dgmtlmfc","previousOperationId":"iz4djpwyzzud2qs"}
{"type":"log","timestamp":1705503156637,"level":"debug","message":"pdf-utils postproces start","meta":{"rootId":"o5ze6n47mova0jp","id":"o5ze6n47mova0jp"},"id":"io4n58uf8yu049n","previousOperationId":"iz4djpwyzzud2qs"}
{"type":"log","timestamp":1705503156656,"level":"debug","message":"pdf-utils postproces end","meta":{"rootId":"o5ze6n47mova0jp","id":"o5ze6n47mova0jp"},"id":"wsuleslvwcumpn1","previousOperationId":"iz4djpwyzzud2qs"}
{"type":"operationEnd","operationId":"qcs7bmttl1wdfxh","timestamp":1705503156656,"id":"pgodxds7f41t2sh","previousEventId":"86iaw9xj5upuvtu","previousOperationId":"iz4djpwyzzud2qs"}
{"type":"log","timestamp":1705503156656,"level":"info","message":"pdf-utils pdf processing was finished","meta":{"rootId":"o5ze6n47mova0jp","id":"o5ze6n47mova0jp"},"id":"dipq5p0ynlvpd68","previousOperationId":"qcs7bmttl1wdfxh"}
{"type":"log","timestamp":1705503156656,"level":"debug","message":"Skipping storing report.","meta":{"rootId":"o5ze6n47mova0jp","id":"o5ze6n47mova0jp"},"id":"6rxwzyv2dewun3w","previousOperationId":"qcs7bmttl1wdfxh"}
{"type":"log","timestamp":1705503156656,"level":"info","message":"Rendering request 28 finished in 768 ms","meta":{"rootId":"o5ze6n47mova0jp","id":"o5ze6n47mova0jp"},"id":"xs5mshiscnuipf7","previousOperationId":"qcs7bmttl1wdfxh"}
{"type":"operationEnd","subtype":"render","operationId":"kxhu65j7wlv2lya","timestamp":1705503156656,"id":"sjrnlgm35zyovsb","previousEventId":"pgodxds7f41t2sh","previousOperationId":"qcs7bmttl1wdfxh"}
{"type":"operationEnd","doDiffs":false,"previousEventId":"tr01eogj0bz51hz","previousOperationId":"o3f4ez8rzdnkf0k","operationId":"o3f4ez8rzdnkf0k","timestamp":1705503156687,"id":"9pjk4nkmzsypaid"}
