{"type":"operationStart","subtype":"profile","data":{"_id":"Uae9D5fWzMCd0OTP","timestamp":"2024-01-17T14:44:59.539Z","state":"queued","mode":"standard","creationDate":"2024-01-17T14:44:59.542Z","modificationDate":"2024-01-17T14:44:59.542Z","shortid":"3aD0tYy","$entitySet":"profiles"},"doDiffs":false,"timestamp":1705502699541,"id":"ehcq4qg5up4zmq7","previousOperationId":null,"operationId":"blygxaqgibw7nc7"}
{"type":"log","level":"info","message":"Render request 23 queued for execution and waiting for available worker","previousOperationId":"blygxaqgibw7nc7","timestamp":1705502699541,"id":"j1a1veix3hzm14u"}
{"type":"operationStart","subtype":"render","name":"orders-main","previousOperationId":"blygxaqgibw7nc7","timestamp":1705502699560,"id":"pjf2llcnd7ykc09","previousEventId":"ehcq4qg5up4zmq7","operationId":"cxgpgjvqlaz9hnr"}
{"type":"log","timestamp":1705502699561,"level":"info","message":"Starting rendering request 23","meta":{"rootId":"o9hk03ph5izqhae","id":"o9hk03ph5izqhae"},"id":"i1rke2zi1kfwx3s","previousOperationId":"cxgpgjvqlaz9hnr"}
{"type":"log","timestamp":1705502699561,"level":"info","message":"Rendering template { name: orders-main, recipe: chrome-pdf, engine: handlebars, preview: true }","meta":{"rootId":"o9hk03ph5izqhae","id":"o9hk03ph5izqhae"},"id":"mkr9j82xo976y7m","previousOperationId":"cxgpgjvqlaz9hnr"}
{"type":"log","timestamp":1705502699568,"level":"debug","message":"Data item not defined for this template.","meta":{"rootId":"o9hk03ph5izqhae","id":"o9hk03ph5izqhae"},"id":"hagfarzstv0hokd","previousOperationId":"cxgpgjvqlaz9hnr"}
{"type":"log","timestamp":1705502699573,"level":"debug","message":"Executing script orders-script (beforeRender)","meta":{"rootId":"o9hk03ph5izqhae","id":"o9hk03ph5izqhae"},"id":"84yqh1qb14jj3ja","previousOperationId":"cxgpgjvqlaz9hnr"}
{"type":"operationStart","subtype":"scriptsBeforeRender","name":"scripts beforeRender","timestamp":1705502699599,"id":"xspmol2vurgh6ys","previousEventId":"pjf2llcnd7ykc09","operationId":"u2jt1fu1z562tl7","previousOperationId":"cxgpgjvqlaz9hnr"}
{"type":"operationStart","subtype":"script","name":"scripts orders-script","previousOperationId":"u2jt1fu1z562tl7","timestamp":1705502699599,"id":"rqm1qrro8fh2cl3","previousEventId":"xspmol2vurgh6ys","operationId":"mimcw54fi7nr626"}
{"type":"operationEnd","operationId":"mimcw54fi7nr626","timestamp":1705502699620,"id":"l3n3pinmor8nu53","previousEventId":"pjf2llcnd7ykc09","previousOperationId":"cxgpgjvqlaz9hnr"}
{"type":"operationEnd","operationId":"u2jt1fu1z562tl7","timestamp":1705502699620,"id":"vlh5k9o50kct5jl","previousEventId":"l3n3pinmor8nu53","previousOperationId":"cxgpgjvqlaz9hnr"}
{"type":"log","timestamp":1705502699620,"level":"debug","message":"Base url not specified, skipping its injection.","meta":{"rootId":"o9hk03ph5izqhae","id":"o9hk03ph5izqhae"},"id":"zbmdm5wz7vxelzt","previousOperationId":"u2jt1fu1z562tl7"}
{"type":"operationStart","subtype":"engine","name":"handlebars","timestamp":1705502699620,"id":"jlzpgwj6e6zrapk","previousEventId":"vlh5k9o50kct5jl","operationId":"2bvt8w88nowj24k","previousOperationId":"u2jt1fu1z562tl7"}
{"type":"log","timestamp":1705502699620,"level":"debug","message":"Rendering engine handlebars","meta":{"rootId":"o9hk03ph5izqhae","id":"o9hk03ph5izqhae"},"id":"a9bathdbzhhgdto","previousOperationId":"2bvt8w88nowj24k"}
{"type":"log","timestamp":1705502699643,"level":"debug","message":"(console:log) Pdf utils adding group field, value: \"Race1\"","meta":{"userLevel":true,"rootId":"o9hk03ph5izqhae","id":"o9hk03ph5izqhae"},"id":"t2z6tsg3m28etyw","previousOperationId":"2bvt8w88nowj24k"}
{"type":"log","timestamp":1705502699643,"level":"debug","message":"(console:log) Pdf utils adding group field, value: \"Race2\"","meta":{"userLevel":true,"rootId":"o9hk03ph5izqhae","id":"o9hk03ph5izqhae"},"id":"adudqrkz305a2mc","previousOperationId":"2bvt8w88nowj24k"}
{"type":"log","timestamp":1705502699643,"level":"debug","message":"(console:log) Pdf utils adding group field, value: \"rgver\"","meta":{"userLevel":true,"rootId":"o9hk03ph5izqhae","id":"o9hk03ph5izqhae"},"id":"lljk9fpff3wb606","previousOperationId":"2bvt8w88nowj24k"}
{"type":"log","timestamp":1705502699643,"level":"debug","message":"(console:log) Pdf utils adding group field, value: \"revger\"","meta":{"userLevel":true,"rootId":"o9hk03ph5izqhae","id":"o9hk03ph5izqhae"},"id":"esn2621sk4ymk9z","previousOperationId":"2bvt8w88nowj24k"}
{"type":"operationEnd","operationId":"2bvt8w88nowj24k","timestamp":1705502699644,"id":"yrft1q7zzbyvlml","previousEventId":"jlzpgwj6e6zrapk","previousOperationId":"2bvt8w88nowj24k"}
{"type":"operationStart","subtype":"recipe","name":"chrome-pdf","timestamp":1705502699644,"id":"btgek9xcvgqog27","previousEventId":"yrft1q7zzbyvlml","operationId":"p40ugzwb8kecdwf","previousOperationId":"2bvt8w88nowj24k"}
{"type":"log","timestamp":1705502699644,"level":"debug","message":"Executing recipe chrome-pdf","meta":{"rootId":"o9hk03ph5izqhae","id":"o9hk03ph5izqhae"},"id":"wfcj28tobr7id3b","previousOperationId":"p40ugzwb8kecdwf"}
{"type":"log","timestamp":1705502699648,"level":"debug","message":"Converting with chrome HeadlessChrome/117.0.5938.149 using chrome-pool strategy","meta":{"rootId":"o9hk03ph5izqhae","id":"o9hk03ph5izqhae"},"id":"t7ftv6frq4a1n30","previousOperationId":"p40ugzwb8kecdwf"}
{"type":"log","timestamp":1705502699781,"level":"debug","message":"Page request: GET (document) file:///C:/Users/DANIEL~1/AppData/Local/Temp/jsreport/autocleanup/9a938cf7-f5d4-40da-9c41-ac40a723e077-chrome-pdf.html","meta":{"rootId":"o9hk03ph5izqhae","id":"o9hk03ph5izqhae"},"id":"butk3xb4wdk7b5r","previousOperationId":"p40ugzwb8kecdwf"}
{"type":"log","timestamp":1705502699809,"level":"debug","message":"Page request: GET (stylesheet) https://cdnjs.cloudflare.com/ajax/libs/metro/4.1.5/css/metro.min.css","meta":{"rootId":"o9hk03ph5izqhae","id":"o9hk03ph5izqhae"},"id":"un5798anhehr64u","previousOperationId":"p40ugzwb8kecdwf"}
{"type":"log","timestamp":1705502699810,"level":"debug","message":"Page request: GET (script) https://cdnjs.cloudflare.com/ajax/libs/Chart.js/2.7.2/Chart.min.js","meta":{"rootId":"o9hk03ph5izqhae","id":"o9hk03ph5izqhae"},"id":"n4zaq952cwuqk4c","previousOperationId":"p40ugzwb8kecdwf"}
{"type":"log","timestamp":1705502699811,"level":"debug","message":"Page request finished: GET (document) 200 file:///C:/Users/DANIEL~1/AppData/Local/Temp/jsreport/autocleanup/9a938cf7-f5d4-40da-9c41-ac40a723e077-chrome-pdf.html","meta":{"rootId":"o9hk03ph5izqhae","id":"o9hk03ph5izqhae"},"id":"315bnsrr7bdwtee","previousOperationId":"p40ugzwb8kecdwf"}
{"type":"log","timestamp":1705502699821,"level":"debug","message":"Page request finished: GET (script) 200 https://cdnjs.cloudflare.com/ajax/libs/Chart.js/2.7.2/Chart.min.js","meta":{"rootId":"o9hk03ph5izqhae","id":"o9hk03ph5izqhae"},"id":"soer20mzmgd2pvl","previousOperationId":"p40ugzwb8kecdwf"}
{"type":"log","timestamp":1705502699835,"level":"debug","message":"Page request finished: GET (stylesheet) 200 https://cdnjs.cloudflare.com/ajax/libs/metro/4.1.5/css/metro.min.css","meta":{"rootId":"o9hk03ph5izqhae","id":"o9hk03ph5izqhae"},"id":"4uij5f1z4eyswhh","previousOperationId":"p40ugzwb8kecdwf"}
{"type":"log","timestamp":1705502699869,"level":"debug","message":"Running chrome with params {\"printBackground\":true,\"marginTop\":\"4cm\",\"marginRight\":\"1.5cm\",\"marginBottom\":\"1.5cm\",\"marginLeft\":\"1.5cm\",\"waitForJS\":false,\"timeout\":59892,\"margin\":{\"top\":\"4cm\",\"right\":\"1.5cm\",\"bottom\":\"1.5cm\",\"left\":\"1.5cm\"}}","meta":{"rootId":"o9hk03ph5izqhae","id":"o9hk03ph5izqhae"},"id":"a8hef9nd5vqt7fe","previousOperationId":"p40ugzwb8kecdwf"}
{"type":"operationEnd","operationId":"p40ugzwb8kecdwf","timestamp":1705502699955,"id":"jo28pat8dg8qpf3","previousEventId":"btgek9xcvgqog27","previousOperationId":"p40ugzwb8kecdwf"}
{"type":"log","timestamp":1705502699955,"level":"info","message":"pdf-utils is starting pdf processing","meta":{"rootId":"o9hk03ph5izqhae","id":"o9hk03ph5izqhae"},"id":"7aaf35e6c059gsg","previousOperationId":"p40ugzwb8kecdwf"}
{"type":"operationStart","subtype":"pdfUtils","name":"pdf utils","timestamp":1705502699955,"id":"ut7hweqrnlefn1q","previousEventId":"jo28pat8dg8qpf3","operationId":"i3a9q7ouw3k08is","previousOperationId":"p40ugzwb8kecdwf"}
{"type":"log","timestamp":1705502699955,"level":"debug","message":"pdf-utils detected 1 pdf operation(s) to process","meta":{"rootId":"o9hk03ph5izqhae","id":"o9hk03ph5izqhae"},"id":"rzczffa66dnj0vo","previousOperationId":"i3a9q7ouw3k08is"}
{"type":"log","timestamp":1705502699982,"level":"debug","message":"pdf-utils running pdf operation merge","meta":{"rootId":"o9hk03ph5izqhae","id":"o9hk03ph5izqhae"},"id":"8daoiyrlub4ecdl","previousOperationId":"i3a9q7ouw3k08is"}
{"type":"operationStart","subtype":"pdfUtilsMerge","name":"pdf utils merge","previousOperationId":"i3a9q7ouw3k08is","timestamp":1705502699982,"id":"7236hvdst8mfgk6","previousEventId":"ut7hweqrnlefn1q","operationId":"uzhqrzzkh7ez2kv"}
{"type":"operationStart","subtype":"render","name":"orders-header","previousOperationId":"uzhqrzzkh7ez2kv","timestamp":1705502699983,"id":"6l4dxrgvithmo7r","previousEventId":"7236hvdst8mfgk6","operationId":"k4wpe7sa33qhz4r"}
{"type":"log","timestamp":1705502699983,"level":"info","message":"Starting rendering (child) request","meta":{"rootId":"o9hk03ph5izqhae","id":"syun5a576pksy6y"},"id":"0iglpq7r06yaalp","previousOperationId":"k4wpe7sa33qhz4r"}
{"type":"log","timestamp":1705502699984,"level":"info","message":"Rendering template { name: orders-header, recipe: chrome-pdf, engine: handlebars, preview: true }","meta":{"rootId":"o9hk03ph5izqhae","id":"syun5a576pksy6y"},"id":"rqhcjcass6yo2ru","previousOperationId":"k4wpe7sa33qhz4r"}
{"type":"log","timestamp":1705502699995,"level":"debug","message":"Inline data specified.","meta":{"rootId":"o9hk03ph5izqhae","id":"syun5a576pksy6y"},"id":"7hcoa01kuaa6k95","previousOperationId":"k4wpe7sa33qhz4r"}
{"type":"log","timestamp":1705502699999,"level":"debug","message":"Base url not specified, skipping its injection.","meta":{"rootId":"o9hk03ph5izqhae","id":"syun5a576pksy6y"},"id":"gurmm0gssjcm75g","previousOperationId":"k4wpe7sa33qhz4r"}
{"type":"operationStart","subtype":"engine","name":"handlebars","timestamp":1705502699999,"id":"2ydrpjyrzf4ua6k","previousEventId":"6l4dxrgvithmo7r","operationId":"4844urxg1qid89a","previousOperationId":"k4wpe7sa33qhz4r"}
{"type":"log","timestamp":1705502699999,"level":"debug","message":"Rendering engine handlebars","meta":{"rootId":"o9hk03ph5izqhae","id":"syun5a576pksy6y"},"id":"gl7wshqrsijfiff","previousOperationId":"4844urxg1qid89a"}
{"type":"operationEnd","operationId":"4844urxg1qid89a","timestamp":1705502700031,"id":"fan93opvq4iqlvr","previousEventId":"2ydrpjyrzf4ua6k","previousOperationId":"4844urxg1qid89a"}
{"type":"operationStart","subtype":"recipe","name":"chrome-pdf","timestamp":1705502700031,"id":"yge09khqruzp3rj","previousEventId":"fan93opvq4iqlvr","operationId":"dptx76e1ta8td46","previousOperationId":"4844urxg1qid89a"}
{"type":"log","timestamp":1705502700031,"level":"debug","message":"Executing recipe chrome-pdf","meta":{"rootId":"o9hk03ph5izqhae","id":"syun5a576pksy6y"},"id":"h0xhw0kak3nuohg","previousOperationId":"dptx76e1ta8td46"}
{"type":"log","timestamp":1705502700035,"level":"debug","message":"Converting with chrome HeadlessChrome/117.0.5938.149 using chrome-pool strategy","meta":{"rootId":"o9hk03ph5izqhae","id":"syun5a576pksy6y"},"id":"khoip72u69aj3c6","previousOperationId":"dptx76e1ta8td46"}
{"type":"log","timestamp":1705502700144,"level":"debug","message":"Page request: GET (document) file:///C:/Users/DANIEL~1/AppData/Local/Temp/jsreport/autocleanup/41ced2d5-cc14-48b3-9c36-24eaeaad0831-chrome-pdf.html","meta":{"rootId":"o9hk03ph5izqhae","id":"syun5a576pksy6y"},"id":"62k5ynbd0ebyevl","previousOperationId":"dptx76e1ta8td46"}
{"type":"log","timestamp":1705502700156,"level":"debug","message":"Page request finished: GET (document) 200 file:///C:/Users/DANIEL~1/AppData/Local/Temp/jsreport/autocleanup/41ced2d5-cc14-48b3-9c36-24eaeaad0831-chrome-pdf.html","meta":{"rootId":"o9hk03ph5izqhae","id":"syun5a576pksy6y"},"id":"vgmkjjp87hce0kd","previousOperationId":"dptx76e1ta8td46"}
{"type":"log","timestamp":1705502700156,"level":"debug","message":"Page request: GET (stylesheet) https://cdnjs.cloudflare.com/ajax/libs/metro/4.1.5/css/metro.min.css","meta":{"rootId":"o9hk03ph5izqhae","id":"syun5a576pksy6y"},"id":"fwvdp69rrd0d0ez","previousOperationId":"dptx76e1ta8td46"}
{"type":"log","timestamp":1705502700173,"level":"debug","message":"Page request finished: GET (stylesheet) 200 https://cdnjs.cloudflare.com/ajax/libs/metro/4.1.5/css/metro.min.css","meta":{"rootId":"o9hk03ph5izqhae","id":"syun5a576pksy6y"},"id":"r19yti9fc18dfpd","previousOperationId":"dptx76e1ta8td46"}
{"type":"log","timestamp":1705502700191,"level":"debug","message":"Running chrome with params {\"printBackground\":true,\"marginTop\":\"1.5cm\",\"marginRight\":\"1.5cm\",\"marginLeft\":\"1.cm\",\"timeout\":59505,\"margin\":{\"top\":\"1.5cm\",\"right\":\"1.5cm\",\"left\":\"1.cm\"}}","meta":{"rootId":"o9hk03ph5izqhae","id":"syun5a576pksy6y"},"id":"rmnqg31qa1rkli1","previousOperationId":"dptx76e1ta8td46"}
{"type":"operationEnd","operationId":"dptx76e1ta8td46","timestamp":1705502700242,"id":"f8kty6h1qegga31","previousEventId":"yge09khqruzp3rj","previousOperationId":"dptx76e1ta8td46"}
{"type":"log","timestamp":1705502700242,"level":"debug","message":"Skipping storing report.","meta":{"rootId":"o9hk03ph5izqhae","id":"syun5a576pksy6y"},"id":"rd7mu1cq5aki9z6","previousOperationId":"dptx76e1ta8td46"}
{"type":"log","timestamp":1705502700242,"level":"info","message":"Rendering (child) request finished in 703 ms","meta":{"rootId":"o9hk03ph5izqhae","id":"syun5a576pksy6y"},"id":"kuhe8hewotf2tpb","previousOperationId":"dptx76e1ta8td46"}
{"type":"operationEnd","subtype":"render","operationId":"k4wpe7sa33qhz4r","timestamp":1705502700242,"id":"gx5r8olzsgsd9dz","previousEventId":"f8kty6h1qegga31","previousOperationId":"dptx76e1ta8td46"}
{"type":"operationEnd","operationId":"uzhqrzzkh7ez2kv","timestamp":1705502700258,"id":"jpnu983n111ism9","previousEventId":"7236hvdst8mfgk6","previousOperationId":"uzhqrzzkh7ez2kv"}
{"type":"log","timestamp":1705502700258,"level":"debug","message":"pdf-utils postproces start","meta":{"rootId":"o9hk03ph5izqhae","id":"o9hk03ph5izqhae"},"id":"6q2xxw64ot5zfpv","previousOperationId":"uzhqrzzkh7ez2kv"}
{"type":"log","timestamp":1705502700273,"level":"debug","message":"pdf-utils postproces end","meta":{"rootId":"o9hk03ph5izqhae","id":"o9hk03ph5izqhae"},"id":"cpx5g51zuijqnfp","previousOperationId":"uzhqrzzkh7ez2kv"}
{"type":"operationEnd","operationId":"i3a9q7ouw3k08is","timestamp":1705502700273,"id":"oyr1fmf6lyps39d","previousEventId":"jpnu983n111ism9","previousOperationId":"uzhqrzzkh7ez2kv"}
{"type":"log","timestamp":1705502700273,"level":"info","message":"pdf-utils pdf processing was finished","meta":{"rootId":"o9hk03ph5izqhae","id":"o9hk03ph5izqhae"},"id":"tx1m34s39lh11aa","previousOperationId":"i3a9q7ouw3k08is"}
{"type":"log","timestamp":1705502700273,"level":"debug","message":"Skipping storing report.","meta":{"rootId":"o9hk03ph5izqhae","id":"o9hk03ph5izqhae"},"id":"i76c068jfrmxssf","previousOperationId":"i3a9q7ouw3k08is"}
{"type":"log","timestamp":1705502700273,"level":"info","message":"Rendering request 23 finished in 734 ms","meta":{"rootId":"o9hk03ph5izqhae","id":"o9hk03ph5izqhae"},"id":"7np2cc912itomeb","previousOperationId":"i3a9q7ouw3k08is"}
{"type":"operationEnd","subtype":"render","operationId":"cxgpgjvqlaz9hnr","timestamp":1705502700273,"id":"3cr5x93t5etptoi","previousEventId":"oyr1fmf6lyps39d","previousOperationId":"i3a9q7ouw3k08is"}
{"type":"operationEnd","doDiffs":false,"previousEventId":"ehcq4qg5up4zmq7","previousOperationId":"blygxaqgibw7nc7","operationId":"blygxaqgibw7nc7","timestamp":1705502700293,"id":"044y9cco45frkh9"}
