{"type":"operationStart","subtype":"profile","data":{"_id":"U2k6mtCodvfrKZtM","timestamp":"2024-01-18T18:17:19.966Z","state":"queued","mode":"standard","creationDate":"2024-01-18T18:17:19.968Z","modificationDate":"2024-01-18T18:17:19.968Z","shortid":"3HxtmNe","$entitySet":"profiles"},"doDiffs":false,"timestamp":1705601839967,"id":"nh42mpjrzej7fnp","previousOperationId":null,"operationId":"lzx9zkct27ojraw"}
{"type":"log","level":"info","message":"Render request 32 queued for execution and waiting for available worker","previousOperationId":"lzx9zkct27ojraw","timestamp":1705601839967,"id":"0517pv4y0jofmur"}
{"type":"operationStart","subtype":"render","name":"orders-main","previousOperationId":"lzx9zkct27ojraw","timestamp":1705601839974,"id":"1kan8ocf1vver6h","previousEventId":"nh42mpjrzej7fnp","operationId":"v8h62yq0e7szfjc"}
{"type":"log","timestamp":1705601839974,"level":"info","message":"Starting rendering request 32","meta":{"rootId":"omaap22iubkxkvs","id":"omaap22iubkxkvs"},"id":"fy05tqj5vdqhg2c","previousOperationId":"v8h62yq0e7szfjc"}
{"type":"log","timestamp":1705601839974,"level":"info","message":"Rendering template { name: orders-main, recipe: chrome-pdf, engine: handlebars, preview: true }","meta":{"rootId":"omaap22iubkxkvs","id":"omaap22iubkxkvs"},"id":"rnfxb77vpkhwx2g","previousOperationId":"v8h62yq0e7szfjc"}
{"type":"log","timestamp":1705601839975,"level":"debug","message":"Data item not defined for this template.","meta":{"rootId":"omaap22iubkxkvs","id":"omaap22iubkxkvs"},"id":"e5t4wv3c0f2jix2","previousOperationId":"v8h62yq0e7szfjc"}
{"type":"log","timestamp":1705601839976,"level":"debug","message":"Executing script orders-script (beforeRender)","meta":{"rootId":"omaap22iubkxkvs","id":"omaap22iubkxkvs"},"id":"om48h4zh4fucgp1","previousOperationId":"v8h62yq0e7szfjc"}
{"type":"operationStart","subtype":"scriptsBeforeRender","name":"scripts beforeRender","timestamp":1705601839985,"id":"zbohkyap0y0iugs","previousEventId":"1kan8ocf1vver6h","operationId":"1x7jfqeek35ttwl","previousOperationId":"v8h62yq0e7szfjc"}
{"type":"operationStart","subtype":"script","name":"scripts orders-script","previousOperationId":"1x7jfqeek35ttwl","timestamp":1705601839985,"id":"a6yxhdyrngyp3j8","previousEventId":"zbohkyap0y0iugs","operationId":"kyijel7dr8zttdm"}
{"type":"log","timestamp":1705601839994,"level":"debug","message":"(console:log) [ 'Race1', 'Race2' ]","meta":{"userLevel":true,"rootId":"omaap22iubkxkvs","id":"omaap22iubkxkvs"},"id":"25c1kisqxe5ve66","previousOperationId":"kyijel7dr8zttdm"}
{"type":"log","timestamp":1705601839994,"level":"debug","message":"(console:log) [ 2, 1 ]","meta":{"userLevel":true,"rootId":"omaap22iubkxkvs","id":"omaap22iubkxkvs"},"id":"yko76tyj02lihth","previousOperationId":"kyijel7dr8zttdm"}
{"type":"operationEnd","operationId":"kyijel7dr8zttdm","timestamp":1705601839994,"id":"9po5j6k90oi8pr1","previousEventId":"1kan8ocf1vver6h","previousOperationId":"v8h62yq0e7szfjc"}
{"type":"operationEnd","operationId":"1x7jfqeek35ttwl","timestamp":1705601839994,"id":"d5xe5xoypg1nw29","previousEventId":"9po5j6k90oi8pr1","previousOperationId":"v8h62yq0e7szfjc"}
{"type":"log","timestamp":1705601839994,"level":"debug","message":"Base url not specified, skipping its injection.","meta":{"rootId":"omaap22iubkxkvs","id":"omaap22iubkxkvs"},"id":"2p9wm2q8cz3i1og","previousOperationId":"1x7jfqeek35ttwl"}
{"type":"operationStart","subtype":"engine","name":"handlebars","timestamp":1705601839994,"id":"a8xpnwli7c8tiqb","previousEventId":"d5xe5xoypg1nw29","operationId":"uk1q49gt65y7h4k","previousOperationId":"1x7jfqeek35ttwl"}
{"type":"log","timestamp":1705601839994,"level":"debug","message":"Rendering engine handlebars","meta":{"rootId":"omaap22iubkxkvs","id":"omaap22iubkxkvs"},"id":"c3qmfn6zott7dgf","previousOperationId":"uk1q49gt65y7h4k"}
{"type":"log","timestamp":1705601840006,"level":"debug","message":"(console:log) Pdf utils adding group field, value: \"Race1\"","meta":{"userLevel":true,"rootId":"omaap22iubkxkvs","id":"omaap22iubkxkvs"},"id":"cdbt9sn0b2cpssp","previousOperationId":"uk1q49gt65y7h4k"}
{"type":"log","timestamp":1705601840007,"level":"debug","message":"(console:log) Pdf utils adding group field, value: \"Race2\"","meta":{"userLevel":true,"rootId":"omaap22iubkxkvs","id":"omaap22iubkxkvs"},"id":"4d18tpwzfebl6as","previousOperationId":"uk1q49gt65y7h4k"}
{"type":"operationEnd","operationId":"uk1q49gt65y7h4k","timestamp":1705601840007,"id":"cu5nzjylo1r2jlz","previousEventId":"a8xpnwli7c8tiqb","previousOperationId":"uk1q49gt65y7h4k"}
{"type":"operationStart","subtype":"recipe","name":"chrome-pdf","timestamp":1705601840007,"id":"ona552w3471sv0m","previousEventId":"cu5nzjylo1r2jlz","operationId":"zs22gluoiwvgnnu","previousOperationId":"uk1q49gt65y7h4k"}
{"type":"log","timestamp":1705601840007,"level":"debug","message":"Executing recipe chrome-pdf","meta":{"rootId":"omaap22iubkxkvs","id":"omaap22iubkxkvs"},"id":"nmm57ixec4tf17x","previousOperationId":"zs22gluoiwvgnnu"}
{"type":"log","timestamp":1705601840010,"level":"debug","message":"Converting with chrome HeadlessChrome/117.0.5938.149 using chrome-pool strategy","meta":{"rootId":"omaap22iubkxkvs","id":"omaap22iubkxkvs"},"id":"u1dej87ljeva0pm","previousOperationId":"zs22gluoiwvgnnu"}
{"type":"log","timestamp":1705601840081,"level":"debug","message":"Page request: GET (document) file:///C:/Users/DANIEL~1/AppData/Local/Temp/jsreport/autocleanup/bd5378b6-6818-49d4-88ab-ad7cc4b44a7a-chrome-pdf.html","meta":{"rootId":"omaap22iubkxkvs","id":"omaap22iubkxkvs"},"id":"jqr57jhpjfv9kjk","previousOperationId":"zs22gluoiwvgnnu"}
{"type":"log","timestamp":1705601840101,"level":"debug","message":"Page request: GET (stylesheet) https://cdnjs.cloudflare.com/ajax/libs/metro/4.1.5/css/metro.min.css","meta":{"rootId":"omaap22iubkxkvs","id":"omaap22iubkxkvs"},"id":"tis4889b044kg0y","previousOperationId":"zs22gluoiwvgnnu"}
{"type":"log","timestamp":1705601840101,"level":"debug","message":"Page request: GET (script) https://cdn.jsdelivr.net/npm/chart.js","meta":{"rootId":"omaap22iubkxkvs","id":"omaap22iubkxkvs"},"id":"21n490vydk8lj17","previousOperationId":"zs22gluoiwvgnnu"}
{"type":"log","timestamp":1705601840102,"level":"debug","message":"Page request finished: GET (document) 200 file:///C:/Users/DANIEL~1/AppData/Local/Temp/jsreport/autocleanup/bd5378b6-6818-49d4-88ab-ad7cc4b44a7a-chrome-pdf.html","meta":{"rootId":"omaap22iubkxkvs","id":"omaap22iubkxkvs"},"id":"0pw2rhg5gb6crj8","previousOperationId":"zs22gluoiwvgnnu"}
{"type":"log","timestamp":1705601840105,"level":"debug","message":"Page request finished: GET (script) 200 https://cdn.jsdelivr.net/npm/chart.js","meta":{"rootId":"omaap22iubkxkvs","id":"omaap22iubkxkvs"},"id":"fkud8ecpsoasutn","previousOperationId":"zs22gluoiwvgnnu"}
{"type":"log","timestamp":1705601840114,"level":"debug","message":"Page request finished: GET (stylesheet) 200 https://cdnjs.cloudflare.com/ajax/libs/metro/4.1.5/css/metro.min.css","meta":{"rootId":"omaap22iubkxkvs","id":"omaap22iubkxkvs"},"id":"cihz9p47flf9m65","previousOperationId":"zs22gluoiwvgnnu"}
{"type":"log","timestamp":1705601840117,"level":"warn","message":"Page error: Unexpected identifier 'Object' , stack: SyntaxError: Unexpected identifier 'Object'","meta":{"rootId":"omaap22iubkxkvs","id":"omaap22iubkxkvs"},"id":"7eghafqsllejtv5","previousOperationId":"zs22gluoiwvgnnu"}
{"type":"log","timestamp":1705601840118,"level":"warn","message":"Page error: Unexpected identifier 'Object' , stack: SyntaxError: Unexpected identifier 'Object'","meta":{"rootId":"omaap22iubkxkvs","id":"omaap22iubkxkvs"},"id":"r7n7zfxi1dpbuvu","previousOperationId":"zs22gluoiwvgnnu"}
{"type":"log","timestamp":1705601840141,"level":"debug","message":"Running chrome with params {\"printBackground\":true,\"marginTop\":\"4cm\",\"marginRight\":\"1.5cm\",\"marginBottom\":\"1.5cm\",\"marginLeft\":\"1.5cm\",\"waitForJS\":false,\"timeout\":59957,\"margin\":{\"top\":\"4cm\",\"right\":\"1.5cm\",\"bottom\":\"1.5cm\",\"left\":\"1.5cm\"}}","meta":{"rootId":"omaap22iubkxkvs","id":"omaap22iubkxkvs"},"id":"mkev8hcel888zsh","previousOperationId":"zs22gluoiwvgnnu"}
{"type":"operationEnd","operationId":"zs22gluoiwvgnnu","timestamp":1705601840201,"id":"vc95drk30m5gtsu","previousEventId":"ona552w3471sv0m","previousOperationId":"zs22gluoiwvgnnu"}
{"type":"log","timestamp":1705601840201,"level":"info","message":"pdf-utils is starting pdf processing","meta":{"rootId":"omaap22iubkxkvs","id":"omaap22iubkxkvs"},"id":"wd1br4a8wy8hcqa","previousOperationId":"zs22gluoiwvgnnu"}
{"type":"operationStart","subtype":"pdfUtils","name":"pdf utils","timestamp":1705601840201,"id":"52wclaitefkevnb","previousEventId":"vc95drk30m5gtsu","operationId":"f637yrx2v8fw2zm","previousOperationId":"zs22gluoiwvgnnu"}
{"type":"log","timestamp":1705601840201,"level":"debug","message":"pdf-utils detected 1 pdf operation(s) to process","meta":{"rootId":"omaap22iubkxkvs","id":"omaap22iubkxkvs"},"id":"urd9l0efe3na60n","previousOperationId":"f637yrx2v8fw2zm"}
{"type":"log","timestamp":1705601840213,"level":"debug","message":"pdf-utils running pdf operation merge","meta":{"rootId":"omaap22iubkxkvs","id":"omaap22iubkxkvs"},"id":"0pck93dqwh74bnp","previousOperationId":"f637yrx2v8fw2zm"}
{"type":"operationStart","subtype":"pdfUtilsMerge","name":"pdf utils merge","previousOperationId":"f637yrx2v8fw2zm","timestamp":1705601840213,"id":"zcf3ab888edwbdr","previousEventId":"52wclaitefkevnb","operationId":"mfsxyqbaqdtfc01"}
{"type":"operationStart","subtype":"render","name":"orders-header","previousOperationId":"mfsxyqbaqdtfc01","timestamp":1705601840214,"id":"8osfin9sq1h6eg0","previousEventId":"zcf3ab888edwbdr","operationId":"pezy8yi2hulak7x"}
{"type":"log","timestamp":1705601840214,"level":"info","message":"Starting rendering (child) request","meta":{"rootId":"omaap22iubkxkvs","id":"d5qn434omwwbyh7"},"id":"55oqw4mwlu5zop3","previousOperationId":"pezy8yi2hulak7x"}
{"type":"log","timestamp":1705601840214,"level":"info","message":"Rendering template { name: orders-header, recipe: chrome-pdf, engine: handlebars, preview: true }","meta":{"rootId":"omaap22iubkxkvs","id":"d5qn434omwwbyh7"},"id":"8s6ijrnn5qaqd8j","previousOperationId":"pezy8yi2hulak7x"}
{"type":"log","timestamp":1705601840222,"level":"debug","message":"Inline data specified.","meta":{"rootId":"omaap22iubkxkvs","id":"d5qn434omwwbyh7"},"id":"667nn0d0g47mm00","previousOperationId":"pezy8yi2hulak7x"}
{"type":"log","timestamp":1705601840223,"level":"debug","message":"Base url not specified, skipping its injection.","meta":{"rootId":"omaap22iubkxkvs","id":"d5qn434omwwbyh7"},"id":"89l6563w45d0irk","previousOperationId":"pezy8yi2hulak7x"}
{"type":"operationStart","subtype":"engine","name":"handlebars","timestamp":1705601840223,"id":"ir6vm54wahsseox","previousEventId":"8osfin9sq1h6eg0","operationId":"ygolbpjld3od3cg","previousOperationId":"pezy8yi2hulak7x"}
{"type":"log","timestamp":1705601840223,"level":"debug","message":"Rendering engine handlebars","meta":{"rootId":"omaap22iubkxkvs","id":"d5qn434omwwbyh7"},"id":"oqvhc1mt4huwmwd","previousOperationId":"ygolbpjld3od3cg"}
{"type":"operationEnd","operationId":"ygolbpjld3od3cg","timestamp":1705601840233,"id":"binwlmlld55xq2h","previousEventId":"ir6vm54wahsseox","previousOperationId":"ygolbpjld3od3cg"}
{"type":"operationStart","subtype":"recipe","name":"chrome-pdf","timestamp":1705601840233,"id":"21viqirjpo99chz","previousEventId":"binwlmlld55xq2h","operationId":"5icgagnfu7m2loz","previousOperationId":"ygolbpjld3od3cg"}
{"type":"log","timestamp":1705601840233,"level":"debug","message":"Executing recipe chrome-pdf","meta":{"rootId":"omaap22iubkxkvs","id":"d5qn434omwwbyh7"},"id":"g8wtyz5rvropinv","previousOperationId":"5icgagnfu7m2loz"}
{"type":"log","timestamp":1705601840235,"level":"debug","message":"Converting with chrome HeadlessChrome/117.0.5938.149 using chrome-pool strategy","meta":{"rootId":"omaap22iubkxkvs","id":"d5qn434omwwbyh7"},"id":"gpol2ir1gw05j2q","previousOperationId":"5icgagnfu7m2loz"}
{"type":"log","timestamp":1705601840307,"level":"debug","message":"Page request: GET (document) file:///C:/Users/DANIEL~1/AppData/Local/Temp/jsreport/autocleanup/e1eb73c3-f765-4812-9170-e1be415c640e-chrome-pdf.html","meta":{"rootId":"omaap22iubkxkvs","id":"d5qn434omwwbyh7"},"id":"7fw40c21fs2ip2a","previousOperationId":"5icgagnfu7m2loz"}
{"type":"log","timestamp":1705601840314,"level":"debug","message":"Page request: GET (stylesheet) https://cdnjs.cloudflare.com/ajax/libs/metro/4.1.5/css/metro.min.css","meta":{"rootId":"omaap22iubkxkvs","id":"d5qn434omwwbyh7"},"id":"spewhrv9qkxzywz","previousOperationId":"5icgagnfu7m2loz"}
{"type":"log","timestamp":1705601840315,"level":"debug","message":"Page request finished: GET (document) 200 file:///C:/Users/DANIEL~1/AppData/Local/Temp/jsreport/autocleanup/e1eb73c3-f765-4812-9170-e1be415c640e-chrome-pdf.html","meta":{"rootId":"omaap22iubkxkvs","id":"d5qn434omwwbyh7"},"id":"rm982x58mmq04ie","previousOperationId":"5icgagnfu7m2loz"}
{"type":"log","timestamp":1705601840326,"level":"debug","message":"Page request finished: GET (stylesheet) 200 https://cdnjs.cloudflare.com/ajax/libs/metro/4.1.5/css/metro.min.css","meta":{"rootId":"omaap22iubkxkvs","id":"d5qn434omwwbyh7"},"id":"52ec1qt94rpgaw3","previousOperationId":"5icgagnfu7m2loz"}
{"type":"log","timestamp":1705601840342,"level":"debug","message":"Running chrome with params {\"printBackground\":true,\"marginTop\":\"1.5cm\",\"marginRight\":\"1.5cm\",\"marginLeft\":\"1.cm\",\"timeout\":59732,\"margin\":{\"top\":\"1.5cm\",\"right\":\"1.5cm\",\"left\":\"1.cm\"}}","meta":{"rootId":"omaap22iubkxkvs","id":"d5qn434omwwbyh7"},"id":"ui5kxr1m1euacu1","previousOperationId":"5icgagnfu7m2loz"}
{"type":"operationEnd","operationId":"5icgagnfu7m2loz","timestamp":1705601840372,"id":"n730mokwbhbp5xk","previousEventId":"21viqirjpo99chz","previousOperationId":"5icgagnfu7m2loz"}
{"type":"log","timestamp":1705601840372,"level":"debug","message":"Skipping storing report.","meta":{"rootId":"omaap22iubkxkvs","id":"d5qn434omwwbyh7"},"id":"gtovj2gwdc85sf4","previousOperationId":"5icgagnfu7m2loz"}
{"type":"log","timestamp":1705601840372,"level":"info","message":"Rendering (child) request finished in 406 ms","meta":{"rootId":"omaap22iubkxkvs","id":"d5qn434omwwbyh7"},"id":"s3g923p4v0skxfe","previousOperationId":"5icgagnfu7m2loz"}
{"type":"operationEnd","subtype":"render","operationId":"pezy8yi2hulak7x","timestamp":1705601840372,"id":"f9lqdpwxs936h37","previousEventId":"n730mokwbhbp5xk","previousOperationId":"5icgagnfu7m2loz"}
{"type":"operationEnd","operationId":"mfsxyqbaqdtfc01","timestamp":1705601840378,"id":"mc6nid2bqxrw4tn","previousEventId":"zcf3ab888edwbdr","previousOperationId":"mfsxyqbaqdtfc01"}
{"type":"log","timestamp":1705601840378,"level":"debug","message":"pdf-utils postproces start","meta":{"rootId":"omaap22iubkxkvs","id":"omaap22iubkxkvs"},"id":"ts7mc0t476z2uwu","previousOperationId":"mfsxyqbaqdtfc01"}
{"type":"log","timestamp":1705601840384,"level":"debug","message":"pdf-utils postproces end","meta":{"rootId":"omaap22iubkxkvs","id":"omaap22iubkxkvs"},"id":"osg8sbojfbn7itc","previousOperationId":"mfsxyqbaqdtfc01"}
{"type":"operationEnd","operationId":"f637yrx2v8fw2zm","timestamp":1705601840384,"id":"53404drtz2fxa0q","previousEventId":"mc6nid2bqxrw4tn","previousOperationId":"mfsxyqbaqdtfc01"}
{"type":"log","timestamp":1705601840384,"level":"info","message":"pdf-utils pdf processing was finished","meta":{"rootId":"omaap22iubkxkvs","id":"omaap22iubkxkvs"},"id":"vnaetvz5n0jznrc","previousOperationId":"f637yrx2v8fw2zm"}
{"type":"log","timestamp":1705601840384,"level":"debug","message":"Skipping storing report.","meta":{"rootId":"omaap22iubkxkvs","id":"omaap22iubkxkvs"},"id":"618hxx5vkp6h1d1","previousOperationId":"f637yrx2v8fw2zm"}
{"type":"log","timestamp":1705601840384,"level":"info","message":"Rendering request 32 finished in 418 ms","meta":{"rootId":"omaap22iubkxkvs","id":"omaap22iubkxkvs"},"id":"8sg20yagxz40zn1","previousOperationId":"f637yrx2v8fw2zm"}
{"type":"operationEnd","subtype":"render","operationId":"v8h62yq0e7szfjc","timestamp":1705601840384,"id":"t1ixoow5txjkujg","previousEventId":"53404drtz2fxa0q","previousOperationId":"f637yrx2v8fw2zm"}
{"type":"operationEnd","doDiffs":false,"previousEventId":"nh42mpjrzej7fnp","previousOperationId":"lzx9zkct27ojraw","operationId":"lzx9zkct27ojraw","timestamp":1705601840390,"id":"ndqrc2mpc37ttly"}
