{"type":"operationStart","subtype":"profile","data":{"_id":"nVWyUjcm18ohCFUR","timestamp":"2024-01-17T14:51:36.395Z","state":"queued","mode":"standard","creationDate":"2024-01-17T14:51:36.399Z","modificationDate":"2024-01-17T14:51:36.399Z","shortid":"yk2auky","$entitySet":"profiles"},"doDiffs":false,"timestamp":1705503096397,"id":"2cr85qyolzkkgv0","previousOperationId":null,"operationId":"yrhrabxwwt1wurv"}
{"type":"log","level":"info","message":"Render request 25 queued for execution and waiting for available worker","previousOperationId":"yrhrabxwwt1wurv","timestamp":1705503096398,"id":"5yeqgkvzug8rv2f"}
{"type":"operationStart","subtype":"render","name":"orders-main","previousOperationId":"yrhrabxwwt1wurv","timestamp":1705503096414,"id":"yoe37v7diomeght","previousEventId":"2cr85qyolzkkgv0","operationId":"goq99uxiq54am39"}
{"type":"log","timestamp":1705503096414,"level":"info","message":"Starting rendering request 25","meta":{"rootId":"oxisr820vjt9iqa","id":"oxisr820vjt9iqa"},"id":"mgv3gszuuhiekww","previousOperationId":"goq99uxiq54am39"}
{"type":"log","timestamp":1705503096415,"level":"info","message":"Rendering template { name: orders-main, recipe: chrome-pdf, engine: handlebars, preview: true }","meta":{"rootId":"oxisr820vjt9iqa","id":"oxisr820vjt9iqa"},"id":"te17k4r93bstqqi","previousOperationId":"goq99uxiq54am39"}
{"type":"log","timestamp":1705503096416,"level":"debug","message":"Data item not defined for this template.","meta":{"rootId":"oxisr820vjt9iqa","id":"oxisr820vjt9iqa"},"id":"egsfmv5we00rx4u","previousOperationId":"goq99uxiq54am39"}
{"type":"log","timestamp":1705503096421,"level":"debug","message":"Executing script orders-script (beforeRender)","meta":{"rootId":"oxisr820vjt9iqa","id":"oxisr820vjt9iqa"},"id":"cvbdmel1kz03k97","previousOperationId":"goq99uxiq54am39"}
{"type":"operationStart","subtype":"scriptsBeforeRender","name":"scripts beforeRender","timestamp":1705503096454,"id":"qddsn546b1ao8m8","previousEventId":"yoe37v7diomeght","operationId":"awoiznmoag805re","previousOperationId":"goq99uxiq54am39"}
{"type":"operationStart","subtype":"script","name":"scripts orders-script","previousOperationId":"awoiznmoag805re","timestamp":1705503096454,"id":"fc2lbc17d5y70id","previousEventId":"qddsn546b1ao8m8","operationId":"1ao6pccdqbv8c64"}
{"type":"operationEnd","operationId":"1ao6pccdqbv8c64","timestamp":1705503096478,"id":"cdrzi2st4pc85r8","previousEventId":"yoe37v7diomeght","previousOperationId":"goq99uxiq54am39"}
{"type":"operationEnd","operationId":"awoiznmoag805re","timestamp":1705503096478,"id":"syyljc45uf4llxa","previousEventId":"cdrzi2st4pc85r8","previousOperationId":"goq99uxiq54am39"}
{"type":"log","timestamp":1705503096478,"level":"debug","message":"Base url not specified, skipping its injection.","meta":{"rootId":"oxisr820vjt9iqa","id":"oxisr820vjt9iqa"},"id":"qf71vp68igntg1m","previousOperationId":"awoiznmoag805re"}
{"type":"operationStart","subtype":"engine","name":"handlebars","timestamp":1705503096478,"id":"uyofq9e836xj4c5","previousEventId":"syyljc45uf4llxa","operationId":"poe2be2oqk0alub","previousOperationId":"awoiznmoag805re"}
{"type":"log","timestamp":1705503096478,"level":"debug","message":"Rendering engine handlebars","meta":{"rootId":"oxisr820vjt9iqa","id":"oxisr820vjt9iqa"},"id":"w4mriokv0zw0jty","previousOperationId":"poe2be2oqk0alub"}
{"type":"log","timestamp":1705503096503,"level":"debug","message":"(console:log) Pdf utils adding group field, value: \"Race1\"","meta":{"userLevel":true,"rootId":"oxisr820vjt9iqa","id":"oxisr820vjt9iqa"},"id":"jv9n2vyijl87d8x","previousOperationId":"poe2be2oqk0alub"}
{"type":"log","timestamp":1705503096504,"level":"debug","message":"(console:log) Pdf utils adding group field, value: \"Race2\"","meta":{"userLevel":true,"rootId":"oxisr820vjt9iqa","id":"oxisr820vjt9iqa"},"id":"ll3e5b3p0p3h2cj","previousOperationId":"poe2be2oqk0alub"}
{"type":"log","timestamp":1705503096504,"level":"debug","message":"(console:log) Pdf utils adding group field, value: \"rgver\"","meta":{"userLevel":true,"rootId":"oxisr820vjt9iqa","id":"oxisr820vjt9iqa"},"id":"mum3lllqdgyvsad","previousOperationId":"poe2be2oqk0alub"}
{"type":"log","timestamp":1705503096504,"level":"debug","message":"(console:log) Pdf utils adding group field, value: \"revger\"","meta":{"userLevel":true,"rootId":"oxisr820vjt9iqa","id":"oxisr820vjt9iqa"},"id":"zl1wwusma3rm78w","previousOperationId":"poe2be2oqk0alub"}
{"type":"operationEnd","operationId":"poe2be2oqk0alub","timestamp":1705503096504,"id":"37ara5mttkdv1hn","previousEventId":"uyofq9e836xj4c5","previousOperationId":"poe2be2oqk0alub"}
{"type":"operationStart","subtype":"recipe","name":"chrome-pdf","timestamp":1705503096504,"id":"heui4ycjnlm4hfe","previousEventId":"37ara5mttkdv1hn","operationId":"n6p2z268s04lb9w","previousOperationId":"poe2be2oqk0alub"}
{"type":"log","timestamp":1705503096504,"level":"debug","message":"Executing recipe chrome-pdf","meta":{"rootId":"oxisr820vjt9iqa","id":"oxisr820vjt9iqa"},"id":"jgajxtq455xt6si","previousOperationId":"n6p2z268s04lb9w"}
{"type":"log","timestamp":1705503096509,"level":"debug","message":"Converting with chrome HeadlessChrome/117.0.5938.149 using chrome-pool strategy","meta":{"rootId":"oxisr820vjt9iqa","id":"oxisr820vjt9iqa"},"id":"88wjg9246y32u0v","previousOperationId":"n6p2z268s04lb9w"}
{"type":"log","timestamp":1705503096646,"level":"debug","message":"Page request: GET (document) file:///C:/Users/DANIEL~1/AppData/Local/Temp/jsreport/autocleanup/ec2ed96a-060e-49a5-b0fe-d1d5792b12e3-chrome-pdf.html","meta":{"rootId":"oxisr820vjt9iqa","id":"oxisr820vjt9iqa"},"id":"ox4pbqfkv5m2fzh","previousOperationId":"n6p2z268s04lb9w"}
{"type":"log","timestamp":1705503096672,"level":"debug","message":"Page request: GET (stylesheet) https://cdnjs.cloudflare.com/ajax/libs/metro/4.1.5/css/metro.min.css","meta":{"rootId":"oxisr820vjt9iqa","id":"oxisr820vjt9iqa"},"id":"fwr7zez1xg4c303","previousOperationId":"n6p2z268s04lb9w"}
{"type":"log","timestamp":1705503096672,"level":"debug","message":"Page request: GET (script) https://cdnjs.cloudflare.com/ajax/libs/Chart.js/2.7.2/Chart.min.js","meta":{"rootId":"oxisr820vjt9iqa","id":"oxisr820vjt9iqa"},"id":"ajzkcg404s1p52l","previousOperationId":"n6p2z268s04lb9w"}
{"type":"log","timestamp":1705503096673,"level":"debug","message":"Page request finished: GET (document) 200 file:///C:/Users/DANIEL~1/AppData/Local/Temp/jsreport/autocleanup/ec2ed96a-060e-49a5-b0fe-d1d5792b12e3-chrome-pdf.html","meta":{"rootId":"oxisr820vjt9iqa","id":"oxisr820vjt9iqa"},"id":"k7epvjtmfp3yp0p","previousOperationId":"n6p2z268s04lb9w"}
{"type":"log","timestamp":1705503096702,"level":"debug","message":"Page request finished: GET (stylesheet) 200 https://cdnjs.cloudflare.com/ajax/libs/metro/4.1.5/css/metro.min.css","meta":{"rootId":"oxisr820vjt9iqa","id":"oxisr820vjt9iqa"},"id":"6ymihuxczoopyvq","previousOperationId":"n6p2z268s04lb9w"}
{"type":"log","timestamp":1705503096702,"level":"debug","message":"Page request finished: GET (script) 200 https://cdnjs.cloudflare.com/ajax/libs/Chart.js/2.7.2/Chart.min.js","meta":{"rootId":"oxisr820vjt9iqa","id":"oxisr820vjt9iqa"},"id":"4b3n2amidpl8fgj","previousOperationId":"n6p2z268s04lb9w"}
{"type":"log","timestamp":1705503096745,"level":"debug","message":"Running chrome with params {\"printBackground\":true,\"marginTop\":\"4cm\",\"marginRight\":\"1.5cm\",\"marginBottom\":\"1.5cm\",\"marginLeft\":\"1.5cm\",\"waitForJS\":false,\"timeout\":59888,\"margin\":{\"top\":\"4cm\",\"right\":\"1.5cm\",\"bottom\":\"1.5cm\",\"left\":\"1.5cm\"}}","meta":{"rootId":"oxisr820vjt9iqa","id":"oxisr820vjt9iqa"},"id":"mgl23njlxm2ag38","previousOperationId":"n6p2z268s04lb9w"}
{"type":"operationEnd","operationId":"n6p2z268s04lb9w","timestamp":1705503096845,"id":"iz0gkhlkmjeq893","previousEventId":"heui4ycjnlm4hfe","previousOperationId":"n6p2z268s04lb9w"}
{"type":"log","timestamp":1705503096845,"level":"info","message":"pdf-utils is starting pdf processing","meta":{"rootId":"oxisr820vjt9iqa","id":"oxisr820vjt9iqa"},"id":"y1y5rkfaj8h3tc2","previousOperationId":"n6p2z268s04lb9w"}
{"type":"operationStart","subtype":"pdfUtils","name":"pdf utils","timestamp":1705503096845,"id":"m5xrqs82bxgzrx8","previousEventId":"iz0gkhlkmjeq893","operationId":"mjymr67mnrz3cri","previousOperationId":"n6p2z268s04lb9w"}
{"type":"log","timestamp":1705503096846,"level":"debug","message":"pdf-utils detected 1 pdf operation(s) to process","meta":{"rootId":"oxisr820vjt9iqa","id":"oxisr820vjt9iqa"},"id":"0pe5dokc63rxhmu","previousOperationId":"mjymr67mnrz3cri"}
{"type":"log","timestamp":1705503096875,"level":"debug","message":"pdf-utils running pdf operation merge","meta":{"rootId":"oxisr820vjt9iqa","id":"oxisr820vjt9iqa"},"id":"eb2fqys2lq5nqve","previousOperationId":"mjymr67mnrz3cri"}
{"type":"operationStart","subtype":"pdfUtilsMerge","name":"pdf utils merge","previousOperationId":"mjymr67mnrz3cri","timestamp":1705503096875,"id":"rwhj3koc2i6sq7o","previousEventId":"m5xrqs82bxgzrx8","operationId":"wgl4y3vths6bs4i"}
{"type":"operationStart","subtype":"render","name":"orders-header","previousOperationId":"wgl4y3vths6bs4i","timestamp":1705503096876,"id":"08y5javpww6r1yn","previousEventId":"rwhj3koc2i6sq7o","operationId":"c48e0s5n20wzzbq"}
{"type":"log","timestamp":1705503096876,"level":"info","message":"Starting rendering (child) request","meta":{"rootId":"oxisr820vjt9iqa","id":"hxhw4j9p4kqwiie"},"id":"9bd7ylpfir7lrhg","previousOperationId":"c48e0s5n20wzzbq"}
{"type":"log","timestamp":1705503096876,"level":"info","message":"Rendering template { name: orders-header, recipe: chrome-pdf, engine: handlebars, preview: true }","meta":{"rootId":"oxisr820vjt9iqa","id":"hxhw4j9p4kqwiie"},"id":"dg6zpfk0646ugs6","previousOperationId":"c48e0s5n20wzzbq"}
{"type":"log","timestamp":1705503096878,"level":"debug","message":"Inline data specified.","meta":{"rootId":"oxisr820vjt9iqa","id":"hxhw4j9p4kqwiie"},"id":"7bup620uab81hl0","previousOperationId":"c48e0s5n20wzzbq"}
{"type":"log","timestamp":1705503096882,"level":"debug","message":"Base url not specified, skipping its injection.","meta":{"rootId":"oxisr820vjt9iqa","id":"hxhw4j9p4kqwiie"},"id":"8v31nxsaexbb3vf","previousOperationId":"c48e0s5n20wzzbq"}
{"type":"operationStart","subtype":"engine","name":"handlebars","timestamp":1705503096882,"id":"22nx7emgkbgmx3c","previousEventId":"08y5javpww6r1yn","operationId":"xesyvksxfh154md","previousOperationId":"c48e0s5n20wzzbq"}
{"type":"log","timestamp":1705503096882,"level":"debug","message":"Rendering engine handlebars","meta":{"rootId":"oxisr820vjt9iqa","id":"hxhw4j9p4kqwiie"},"id":"kncy8dcrxk5wofi","previousOperationId":"xesyvksxfh154md"}
{"type":"operationEnd","operationId":"xesyvksxfh154md","timestamp":1705503096913,"id":"fe1tb17ntm79xl2","previousEventId":"22nx7emgkbgmx3c","previousOperationId":"xesyvksxfh154md"}
{"type":"operationStart","subtype":"recipe","name":"chrome-pdf","timestamp":1705503096914,"id":"hu0f92qntinf6mk","previousEventId":"fe1tb17ntm79xl2","operationId":"727ixbvppdspy7l","previousOperationId":"xesyvksxfh154md"}
{"type":"log","timestamp":1705503096914,"level":"debug","message":"Executing recipe chrome-pdf","meta":{"rootId":"oxisr820vjt9iqa","id":"hxhw4j9p4kqwiie"},"id":"8wiukxlmvi21wa2","previousOperationId":"727ixbvppdspy7l"}
{"type":"log","timestamp":1705503096918,"level":"debug","message":"Converting with chrome HeadlessChrome/117.0.5938.149 using chrome-pool strategy","meta":{"rootId":"oxisr820vjt9iqa","id":"hxhw4j9p4kqwiie"},"id":"t45wl2jclw3bg0k","previousOperationId":"727ixbvppdspy7l"}
{"type":"log","timestamp":1705503097047,"level":"debug","message":"Page request: GET (document) file:///C:/Users/DANIEL~1/AppData/Local/Temp/jsreport/autocleanup/7b8bb57c-1728-4ee1-b145-0ecac309d1ff-chrome-pdf.html","meta":{"rootId":"oxisr820vjt9iqa","id":"hxhw4j9p4kqwiie"},"id":"3k9x62t9esacfdi","previousOperationId":"727ixbvppdspy7l"}
{"type":"log","timestamp":1705503097063,"level":"debug","message":"Page request: GET (stylesheet) https://cdnjs.cloudflare.com/ajax/libs/metro/4.1.5/css/metro.min.css","meta":{"rootId":"oxisr820vjt9iqa","id":"hxhw4j9p4kqwiie"},"id":"6fzpnlxti7vgq0y","previousOperationId":"727ixbvppdspy7l"}
{"type":"log","timestamp":1705503097063,"level":"debug","message":"Page request finished: GET (document) 200 file:///C:/Users/DANIEL~1/AppData/Local/Temp/jsreport/autocleanup/7b8bb57c-1728-4ee1-b145-0ecac309d1ff-chrome-pdf.html","meta":{"rootId":"oxisr820vjt9iqa","id":"hxhw4j9p4kqwiie"},"id":"mb3x6nw5aet9src","previousOperationId":"727ixbvppdspy7l"}
{"type":"log","timestamp":1705503097084,"level":"debug","message":"Page request finished: GET (stylesheet) 200 https://cdnjs.cloudflare.com/ajax/libs/metro/4.1.5/css/metro.min.css","meta":{"rootId":"oxisr820vjt9iqa","id":"hxhw4j9p4kqwiie"},"id":"rwwaa3qaorvmlql","previousOperationId":"727ixbvppdspy7l"}
{"type":"log","timestamp":1705503097105,"level":"debug","message":"Running chrome with params {\"printBackground\":true,\"marginTop\":\"1.5cm\",\"marginRight\":\"1.5cm\",\"marginLeft\":\"1.cm\",\"timeout\":59479,\"margin\":{\"top\":\"1.5cm\",\"right\":\"1.5cm\",\"left\":\"1.cm\"}}","meta":{"rootId":"oxisr820vjt9iqa","id":"hxhw4j9p4kqwiie"},"id":"wkki5cxyzaxh8z6","previousOperationId":"727ixbvppdspy7l"}
{"type":"operationEnd","operationId":"727ixbvppdspy7l","timestamp":1705503097167,"id":"4d7rctjmhhl8emi","previousEventId":"hu0f92qntinf6mk","previousOperationId":"727ixbvppdspy7l"}
{"type":"log","timestamp":1705503097167,"level":"debug","message":"Skipping storing report.","meta":{"rootId":"oxisr820vjt9iqa","id":"hxhw4j9p4kqwiie"},"id":"gsx797d89lwb87b","previousOperationId":"727ixbvppdspy7l"}
{"type":"log","timestamp":1705503097167,"level":"info","message":"Rendering (child) request finished in 772 ms","meta":{"rootId":"oxisr820vjt9iqa","id":"hxhw4j9p4kqwiie"},"id":"vurgftwzvmrdhth","previousOperationId":"727ixbvppdspy7l"}
{"type":"operationEnd","subtype":"render","operationId":"c48e0s5n20wzzbq","timestamp":1705503097168,"id":"11fwluxtxzx7auc","previousEventId":"4d7rctjmhhl8emi","previousOperationId":"727ixbvppdspy7l"}
{"type":"operationEnd","operationId":"wgl4y3vths6bs4i","timestamp":1705503097186,"id":"wck0eoeik94pqko","previousEventId":"rwhj3koc2i6sq7o","previousOperationId":"wgl4y3vths6bs4i"}
{"type":"log","timestamp":1705503097186,"level":"debug","message":"pdf-utils postproces start","meta":{"rootId":"oxisr820vjt9iqa","id":"oxisr820vjt9iqa"},"id":"lz4hf6kmmkawuqe","previousOperationId":"wgl4y3vths6bs4i"}
{"type":"log","timestamp":1705503097204,"level":"debug","message":"pdf-utils postproces end","meta":{"rootId":"oxisr820vjt9iqa","id":"oxisr820vjt9iqa"},"id":"ro8y9u0bq3dfgrd","previousOperationId":"wgl4y3vths6bs4i"}
{"type":"operationEnd","operationId":"mjymr67mnrz3cri","timestamp":1705503097205,"id":"8v3pb2mhrtrynse","previousEventId":"wck0eoeik94pqko","previousOperationId":"wgl4y3vths6bs4i"}
{"type":"log","timestamp":1705503097205,"level":"info","message":"pdf-utils pdf processing was finished","meta":{"rootId":"oxisr820vjt9iqa","id":"oxisr820vjt9iqa"},"id":"hihlefu5tq3y6lj","previousOperationId":"mjymr67mnrz3cri"}
{"type":"log","timestamp":1705503097205,"level":"debug","message":"Skipping storing report.","meta":{"rootId":"oxisr820vjt9iqa","id":"oxisr820vjt9iqa"},"id":"c3xw0oysdfsf9cs","previousOperationId":"mjymr67mnrz3cri"}
{"type":"log","timestamp":1705503097205,"level":"info","message":"Rendering request 25 finished in 810 ms","meta":{"rootId":"oxisr820vjt9iqa","id":"oxisr820vjt9iqa"},"id":"hgoaczlypptp4zb","previousOperationId":"mjymr67mnrz3cri"}
{"type":"operationEnd","subtype":"render","operationId":"goq99uxiq54am39","timestamp":1705503097205,"id":"79rpjb02hne88eu","previousEventId":"8v3pb2mhrtrynse","previousOperationId":"mjymr67mnrz3cri"}
{"type":"operationEnd","doDiffs":false,"previousEventId":"2cr85qyolzkkgv0","previousOperationId":"yrhrabxwwt1wurv","operationId":"yrhrabxwwt1wurv","timestamp":1705503097232,"id":"m9ucq3ka5509itp"}
