{"type":"operationStart","subtype":"profile","data":{"_id":"EuNOJybw9gwZ0Zg5","timestamp":"2024-01-18T15:43:16.815Z","state":"queued","mode":"standard","creationDate":"2024-01-18T15:43:16.817Z","modificationDate":"2024-01-18T15:43:16.817Z","shortid":"rOCKZuj","$entitySet":"profiles"},"doDiffs":false,"timestamp":1705592596816,"id":"4o76c15egv6zt8o","previousOperationId":null,"operationId":"lagpfh4ih05fgjt"}
{"type":"log","level":"info","message":"Render request 61 queued for execution and waiting for available worker","previousOperationId":"lagpfh4ih05fgjt","timestamp":1705592596816,"id":"68yqxh4pvoc3tlk"}
{"type":"operationStart","subtype":"render","name":"orders-main","previousOperationId":"lagpfh4ih05fgjt","timestamp":1705592596824,"id":"je9wuuvivz8vwux","previousEventId":"4o76c15egv6zt8o","operationId":"vgg9pl9c90cewfy"}
{"type":"log","timestamp":1705592596824,"level":"info","message":"Starting rendering request 61","meta":{"rootId":"p11rdgfhx7pq1kr","id":"p11rdgfhx7pq1kr"},"id":"2tahlfmy9qxahn3","previousOperationId":"vgg9pl9c90cewfy"}
{"type":"log","timestamp":1705592596824,"level":"info","message":"Rendering template { name: orders-main, recipe: chrome-pdf, engine: handlebars, preview: true }","meta":{"rootId":"p11rdgfhx7pq1kr","id":"p11rdgfhx7pq1kr"},"id":"dnl1e5dmdus325f","previousOperationId":"vgg9pl9c90cewfy"}
{"type":"log","timestamp":1705592596824,"level":"debug","message":"Data item not defined for this template.","meta":{"rootId":"p11rdgfhx7pq1kr","id":"p11rdgfhx7pq1kr"},"id":"0tykpnl3ou9vspl","previousOperationId":"vgg9pl9c90cewfy"}
{"type":"log","timestamp":1705592596825,"level":"debug","message":"Executing script orders-script (beforeRender)","meta":{"rootId":"p11rdgfhx7pq1kr","id":"p11rdgfhx7pq1kr"},"id":"lkngp0r0ejqcyfv","previousOperationId":"vgg9pl9c90cewfy"}
{"type":"operationStart","subtype":"scriptsBeforeRender","name":"scripts beforeRender","timestamp":1705592596834,"id":"kgzt2ls1ia7hfn6","previousEventId":"je9wuuvivz8vwux","operationId":"k0hktx1mba9m4zj","previousOperationId":"vgg9pl9c90cewfy"}
{"type":"operationStart","subtype":"script","name":"scripts orders-script","previousOperationId":"k0hktx1mba9m4zj","timestamp":1705592596834,"id":"ihfob47aekecbeo","previousEventId":"kgzt2ls1ia7hfn6","operationId":"z08lui27fmwi4en"}
{"type":"log","timestamp":1705592596843,"level":"debug","message":"(console:log) [ 'Race1', 'Race2' ]","meta":{"userLevel":true,"rootId":"p11rdgfhx7pq1kr","id":"p11rdgfhx7pq1kr"},"id":"34qdcfeheer7rnb","previousOperationId":"z08lui27fmwi4en"}
{"type":"log","timestamp":1705592596843,"level":"debug","message":"(console:log) [ 2, 1 ]","meta":{"userLevel":true,"rootId":"p11rdgfhx7pq1kr","id":"p11rdgfhx7pq1kr"},"id":"60p3ggoete3maty","previousOperationId":"z08lui27fmwi4en"}
{"type":"operationEnd","operationId":"z08lui27fmwi4en","timestamp":1705592596844,"id":"yg82qkj9pj6fr9q","previousEventId":"je9wuuvivz8vwux","previousOperationId":"vgg9pl9c90cewfy"}
{"type":"operationEnd","operationId":"k0hktx1mba9m4zj","timestamp":1705592596844,"id":"gkpom8orylh6mmj","previousEventId":"yg82qkj9pj6fr9q","previousOperationId":"vgg9pl9c90cewfy"}
{"type":"log","timestamp":1705592596844,"level":"debug","message":"Base url not specified, skipping its injection.","meta":{"rootId":"p11rdgfhx7pq1kr","id":"p11rdgfhx7pq1kr"},"id":"sw3xlost7s3044b","previousOperationId":"k0hktx1mba9m4zj"}
{"type":"operationStart","subtype":"engine","name":"handlebars","timestamp":1705592596844,"id":"afp0za8rber1l4x","previousEventId":"gkpom8orylh6mmj","operationId":"vtz4n9947pycisp","previousOperationId":"k0hktx1mba9m4zj"}
{"type":"log","timestamp":1705592596844,"level":"debug","message":"Rendering engine handlebars","meta":{"rootId":"p11rdgfhx7pq1kr","id":"p11rdgfhx7pq1kr"},"id":"kngyrl60w8qcfox","previousOperationId":"vtz4n9947pycisp"}
{"type":"log","timestamp":1705592596856,"level":"debug","message":"(console:log) Pdf utils adding group field, value: \"Race1\"","meta":{"userLevel":true,"rootId":"p11rdgfhx7pq1kr","id":"p11rdgfhx7pq1kr"},"id":"dxvytijghnal9c4","previousOperationId":"vtz4n9947pycisp"}
{"type":"log","timestamp":1705592596857,"level":"debug","message":"(console:log) Pdf utils adding group field, value: \"Race2\"","meta":{"userLevel":true,"rootId":"p11rdgfhx7pq1kr","id":"p11rdgfhx7pq1kr"},"id":"81jt1976t54z0k7","previousOperationId":"vtz4n9947pycisp"}
{"type":"operationEnd","operationId":"vtz4n9947pycisp","timestamp":1705592596857,"id":"r4bkzrpit7ue1vl","previousEventId":"afp0za8rber1l4x","previousOperationId":"vtz4n9947pycisp"}
{"type":"operationStart","subtype":"recipe","name":"chrome-pdf","timestamp":1705592596857,"id":"hx312qldwkjntzy","previousEventId":"r4bkzrpit7ue1vl","operationId":"qorin1f6nrctz5b","previousOperationId":"vtz4n9947pycisp"}
{"type":"log","timestamp":1705592596857,"level":"debug","message":"Executing recipe chrome-pdf","meta":{"rootId":"p11rdgfhx7pq1kr","id":"p11rdgfhx7pq1kr"},"id":"0mpqfofha1m6wl4","previousOperationId":"qorin1f6nrctz5b"}
{"type":"log","timestamp":1705592596860,"level":"debug","message":"Converting with chrome HeadlessChrome/117.0.5938.149 using chrome-pool strategy","meta":{"rootId":"p11rdgfhx7pq1kr","id":"p11rdgfhx7pq1kr"},"id":"8rr5mvlk5soopmj","previousOperationId":"qorin1f6nrctz5b"}
{"type":"log","timestamp":1705592596934,"level":"debug","message":"Page request: GET (document) file:///C:/Users/DANIEL~1/AppData/Local/Temp/jsreport/autocleanup/3c01a299-8973-48ba-a0bb-ec6e9fcf3530-chrome-pdf.html","meta":{"rootId":"p11rdgfhx7pq1kr","id":"p11rdgfhx7pq1kr"},"id":"4mhdzouhdu6cc6v","previousOperationId":"qorin1f6nrctz5b"}
{"type":"log","timestamp":1705592596954,"level":"debug","message":"Page request: GET (stylesheet) https://cdnjs.cloudflare.com/ajax/libs/metro/4.1.5/css/metro.min.css","meta":{"rootId":"p11rdgfhx7pq1kr","id":"p11rdgfhx7pq1kr"},"id":"2ohfpx4tosp3smm","previousOperationId":"qorin1f6nrctz5b"}
{"type":"log","timestamp":1705592596955,"level":"debug","message":"Page request: GET (script) https://cdnjs.cloudflare.com/ajax/libs/Chart.js/2.9.4/Chart.js","meta":{"rootId":"p11rdgfhx7pq1kr","id":"p11rdgfhx7pq1kr"},"id":"u06ernrtcttt3l6","previousOperationId":"qorin1f6nrctz5b"}
{"type":"log","timestamp":1705592596955,"level":"debug","message":"Page request finished: GET (document) 200 file:///C:/Users/DANIEL~1/AppData/Local/Temp/jsreport/autocleanup/3c01a299-8973-48ba-a0bb-ec6e9fcf3530-chrome-pdf.html","meta":{"rootId":"p11rdgfhx7pq1kr","id":"p11rdgfhx7pq1kr"},"id":"drcbnse0j6uhmy9","previousOperationId":"qorin1f6nrctz5b"}
{"type":"log","timestamp":1705592596968,"level":"debug","message":"Page request finished: GET (stylesheet) 200 https://cdnjs.cloudflare.com/ajax/libs/metro/4.1.5/css/metro.min.css","meta":{"rootId":"p11rdgfhx7pq1kr","id":"p11rdgfhx7pq1kr"},"id":"jf6coxocsxecwlk","previousOperationId":"qorin1f6nrctz5b"}
{"type":"log","timestamp":1705592596968,"level":"debug","message":"Page request finished: GET (script) 200 https://cdnjs.cloudflare.com/ajax/libs/Chart.js/2.9.4/Chart.js","meta":{"rootId":"p11rdgfhx7pq1kr","id":"p11rdgfhx7pq1kr"},"id":"rwfxlatjfuu83eh","previousOperationId":"qorin1f6nrctz5b"}
{"type":"log","timestamp":1705592597013,"level":"debug","message":"Running chrome with params {\"printBackground\":true,\"marginTop\":\"4cm\",\"marginRight\":\"1.5cm\",\"marginBottom\":\"1.5cm\",\"marginLeft\":\"1.5cm\",\"waitForJS\":false,\"timeout\":59957,\"margin\":{\"top\":\"4cm\",\"right\":\"1.5cm\",\"bottom\":\"1.5cm\",\"left\":\"1.5cm\"}}","meta":{"rootId":"p11rdgfhx7pq1kr","id":"p11rdgfhx7pq1kr"},"id":"q6fwdziluyfe3rf","previousOperationId":"qorin1f6nrctz5b"}
{"type":"operationEnd","operationId":"qorin1f6nrctz5b","timestamp":1705592597077,"id":"9cldp56gegsvzkk","previousEventId":"hx312qldwkjntzy","previousOperationId":"qorin1f6nrctz5b"}
{"type":"log","timestamp":1705592597077,"level":"info","message":"pdf-utils is starting pdf processing","meta":{"rootId":"p11rdgfhx7pq1kr","id":"p11rdgfhx7pq1kr"},"id":"on4vmhyc8nb5asg","previousOperationId":"qorin1f6nrctz5b"}
{"type":"operationStart","subtype":"pdfUtils","name":"pdf utils","timestamp":1705592597077,"id":"9jytgdvwhbtj2mn","previousEventId":"9cldp56gegsvzkk","operationId":"8g04r5t5lza2o9j","previousOperationId":"qorin1f6nrctz5b"}
{"type":"log","timestamp":1705592597077,"level":"debug","message":"pdf-utils detected 1 pdf operation(s) to process","meta":{"rootId":"p11rdgfhx7pq1kr","id":"p11rdgfhx7pq1kr"},"id":"6hejia8gxwxujy8","previousOperationId":"8g04r5t5lza2o9j"}
{"type":"log","timestamp":1705592597088,"level":"debug","message":"pdf-utils running pdf operation merge","meta":{"rootId":"p11rdgfhx7pq1kr","id":"p11rdgfhx7pq1kr"},"id":"8i10o9j94lolg46","previousOperationId":"8g04r5t5lza2o9j"}
{"type":"operationStart","subtype":"pdfUtilsMerge","name":"pdf utils merge","previousOperationId":"8g04r5t5lza2o9j","timestamp":1705592597088,"id":"u679y54nqe1zce9","previousEventId":"9jytgdvwhbtj2mn","operationId":"te0yz4hk1rfwtkt"}
{"type":"operationStart","subtype":"render","name":"orders-header","previousOperationId":"te0yz4hk1rfwtkt","timestamp":1705592597089,"id":"e8fx0fi7anyv3ep","previousEventId":"u679y54nqe1zce9","operationId":"f6r0bpmzss6usgp"}
{"type":"log","timestamp":1705592597089,"level":"info","message":"Starting rendering (child) request","meta":{"rootId":"p11rdgfhx7pq1kr","id":"wduxbxo88ebjcfe"},"id":"ea3dj6jux8c93zw","previousOperationId":"f6r0bpmzss6usgp"}
{"type":"log","timestamp":1705592597089,"level":"info","message":"Rendering template { name: orders-header, recipe: chrome-pdf, engine: handlebars, preview: true }","meta":{"rootId":"p11rdgfhx7pq1kr","id":"wduxbxo88ebjcfe"},"id":"hsbmp7w0561f3nt","previousOperationId":"f6r0bpmzss6usgp"}
{"type":"log","timestamp":1705592597090,"level":"debug","message":"Inline data specified.","meta":{"rootId":"p11rdgfhx7pq1kr","id":"wduxbxo88ebjcfe"},"id":"2tiz4l1i95t0pkt","previousOperationId":"f6r0bpmzss6usgp"}
{"type":"log","timestamp":1705592597092,"level":"debug","message":"Base url not specified, skipping its injection.","meta":{"rootId":"p11rdgfhx7pq1kr","id":"wduxbxo88ebjcfe"},"id":"dnee5evgepktgo4","previousOperationId":"f6r0bpmzss6usgp"}
{"type":"operationStart","subtype":"engine","name":"handlebars","timestamp":1705592597092,"id":"8d1e176g99ev8jc","previousEventId":"e8fx0fi7anyv3ep","operationId":"3ezvh9hbdge641f","previousOperationId":"f6r0bpmzss6usgp"}
{"type":"log","timestamp":1705592597092,"level":"debug","message":"Rendering engine handlebars","meta":{"rootId":"p11rdgfhx7pq1kr","id":"wduxbxo88ebjcfe"},"id":"sli9zeod8h520zz","previousOperationId":"3ezvh9hbdge641f"}
{"type":"operationEnd","operationId":"3ezvh9hbdge641f","timestamp":1705592597103,"id":"0roy41h0mwubfws","previousEventId":"8d1e176g99ev8jc","previousOperationId":"3ezvh9hbdge641f"}
{"type":"operationStart","subtype":"recipe","name":"chrome-pdf","timestamp":1705592597103,"id":"26gewbfwbh8ixr2","previousEventId":"0roy41h0mwubfws","operationId":"brud1r3zh7q31gm","previousOperationId":"3ezvh9hbdge641f"}
{"type":"log","timestamp":1705592597103,"level":"debug","message":"Executing recipe chrome-pdf","meta":{"rootId":"p11rdgfhx7pq1kr","id":"wduxbxo88ebjcfe"},"id":"p30b2lbw4fzd2yv","previousOperationId":"brud1r3zh7q31gm"}
{"type":"log","timestamp":1705592597104,"level":"debug","message":"Converting with chrome HeadlessChrome/117.0.5938.149 using chrome-pool strategy","meta":{"rootId":"p11rdgfhx7pq1kr","id":"wduxbxo88ebjcfe"},"id":"j6e67swqhvhf8hz","previousOperationId":"brud1r3zh7q31gm"}
{"type":"log","timestamp":1705592597187,"level":"debug","message":"Page request: GET (document) file:///C:/Users/DANIEL~1/AppData/Local/Temp/jsreport/autocleanup/6517ebdd-0b4e-4d13-b2cd-4d8baf23ef85-chrome-pdf.html","meta":{"rootId":"p11rdgfhx7pq1kr","id":"wduxbxo88ebjcfe"},"id":"fdrykd4jrhm35f8","previousOperationId":"brud1r3zh7q31gm"}
{"type":"log","timestamp":1705592597193,"level":"debug","message":"Page request: GET (stylesheet) https://cdnjs.cloudflare.com/ajax/libs/metro/4.1.5/css/metro.min.css","meta":{"rootId":"p11rdgfhx7pq1kr","id":"wduxbxo88ebjcfe"},"id":"511h3g9gdbkkd23","previousOperationId":"brud1r3zh7q31gm"}
{"type":"log","timestamp":1705592597193,"level":"debug","message":"Page request finished: GET (document) 200 file:///C:/Users/DANIEL~1/AppData/Local/Temp/jsreport/autocleanup/6517ebdd-0b4e-4d13-b2cd-4d8baf23ef85-chrome-pdf.html","meta":{"rootId":"p11rdgfhx7pq1kr","id":"wduxbxo88ebjcfe"},"id":"wqcwwhqwequk5mn","previousOperationId":"brud1r3zh7q31gm"}
{"type":"log","timestamp":1705592597205,"level":"debug","message":"Page request finished: GET (stylesheet) 200 https://cdnjs.cloudflare.com/ajax/libs/metro/4.1.5/css/metro.min.css","meta":{"rootId":"p11rdgfhx7pq1kr","id":"wduxbxo88ebjcfe"},"id":"c2rjajo7vh6mthg","previousOperationId":"brud1r3zh7q31gm"}
{"type":"log","timestamp":1705592597217,"level":"debug","message":"Running chrome with params {\"printBackground\":true,\"marginTop\":\"1.5cm\",\"marginRight\":\"1.5cm\",\"marginLeft\":\"1.cm\",\"timeout\":59711,\"margin\":{\"top\":\"1.5cm\",\"right\":\"1.5cm\",\"left\":\"1.cm\"}}","meta":{"rootId":"p11rdgfhx7pq1kr","id":"wduxbxo88ebjcfe"},"id":"k8pi9kvvwxbr0ug","previousOperationId":"brud1r3zh7q31gm"}
{"type":"operationEnd","operationId":"brud1r3zh7q31gm","timestamp":1705592597243,"id":"me5j5ryssbu9lou","previousEventId":"26gewbfwbh8ixr2","previousOperationId":"brud1r3zh7q31gm"}
{"type":"log","timestamp":1705592597243,"level":"debug","message":"Skipping storing report.","meta":{"rootId":"p11rdgfhx7pq1kr","id":"wduxbxo88ebjcfe"},"id":"88kg8v2l9vjfgww","previousOperationId":"brud1r3zh7q31gm"}
{"type":"log","timestamp":1705592597243,"level":"info","message":"Rendering (child) request finished in 428 ms","meta":{"rootId":"p11rdgfhx7pq1kr","id":"wduxbxo88ebjcfe"},"id":"zpanvezbv8idvj5","previousOperationId":"brud1r3zh7q31gm"}
{"type":"operationEnd","subtype":"render","operationId":"f6r0bpmzss6usgp","timestamp":1705592597243,"id":"38y1j96jqg34oxl","previousEventId":"me5j5ryssbu9lou","previousOperationId":"brud1r3zh7q31gm"}
{"type":"operationEnd","operationId":"te0yz4hk1rfwtkt","timestamp":1705592597250,"id":"k6ki1pluwz0oz6d","previousEventId":"u679y54nqe1zce9","previousOperationId":"te0yz4hk1rfwtkt"}
{"type":"log","timestamp":1705592597250,"level":"debug","message":"pdf-utils postproces start","meta":{"rootId":"p11rdgfhx7pq1kr","id":"p11rdgfhx7pq1kr"},"id":"k45o71bb2dx1w1m","previousOperationId":"te0yz4hk1rfwtkt"}
{"type":"log","timestamp":1705592597258,"level":"debug","message":"pdf-utils postproces end","meta":{"rootId":"p11rdgfhx7pq1kr","id":"p11rdgfhx7pq1kr"},"id":"1eq7w0xf4ero7n6","previousOperationId":"te0yz4hk1rfwtkt"}
{"type":"operationEnd","operationId":"8g04r5t5lza2o9j","timestamp":1705592597258,"id":"g5wdv59qgd37afs","previousEventId":"k6ki1pluwz0oz6d","previousOperationId":"te0yz4hk1rfwtkt"}
{"type":"log","timestamp":1705592597258,"level":"info","message":"pdf-utils pdf processing was finished","meta":{"rootId":"p11rdgfhx7pq1kr","id":"p11rdgfhx7pq1kr"},"id":"jdr2v84la2ouyv3","previousOperationId":"8g04r5t5lza2o9j"}
{"type":"log","timestamp":1705592597258,"level":"debug","message":"Skipping storing report.","meta":{"rootId":"p11rdgfhx7pq1kr","id":"p11rdgfhx7pq1kr"},"id":"6bgnz9r8ptnxogn","previousOperationId":"8g04r5t5lza2o9j"}
{"type":"log","timestamp":1705592597258,"level":"info","message":"Rendering request 61 finished in 443 ms","meta":{"rootId":"p11rdgfhx7pq1kr","id":"p11rdgfhx7pq1kr"},"id":"g1sfztwdewmjhg9","previousOperationId":"8g04r5t5lza2o9j"}
{"type":"operationEnd","subtype":"render","operationId":"vgg9pl9c90cewfy","timestamp":1705592597258,"id":"dl15kseiguahyn8","previousEventId":"g5wdv59qgd37afs","previousOperationId":"8g04r5t5lza2o9j"}
{"type":"operationEnd","doDiffs":false,"previousEventId":"4o76c15egv6zt8o","previousOperationId":"lagpfh4ih05fgjt","operationId":"lagpfh4ih05fgjt","timestamp":1705592597264,"id":"8srrrgk343nfyvq"}
