{"type":"operationStart","subtype":"profile","data":{"_id":"THP5xHaV3UfOnNNF","timestamp":"2024-01-17T16:57:11.659Z","state":"queued","mode":"standard","creationDate":"2024-01-17T16:57:11.660Z","modificationDate":"2024-01-17T16:57:11.660Z","shortid":"xpAuSL3","$entitySet":"profiles"},"doDiffs":false,"timestamp":1705510631659,"id":"bxe20m8hfh5mx9z","previousOperationId":null,"operationId":"fvueyk16y54rr51"}
{"type":"log","level":"info","message":"Render request 65 queued for execution and waiting for available worker","previousOperationId":"fvueyk16y54rr51","timestamp":1705510631660,"id":"4dqhgvyz4bmxnyl"}
{"type":"operationStart","subtype":"render","name":"orders-main","previousOperationId":"fvueyk16y54rr51","timestamp":1705510631664,"id":"gkky5v7qtrispjy","previousEventId":"bxe20m8hfh5mx9z","operationId":"qoghj4d8ydlg6q0"}
{"type":"log","timestamp":1705510631664,"level":"info","message":"Starting rendering request 65","meta":{"rootId":"pa8tmct3p77kjb4","id":"pa8tmct3p77kjb4"},"id":"dm5ts71fhghi5lz","previousOperationId":"qoghj4d8ydlg6q0"}
{"type":"log","timestamp":1705510631664,"level":"info","message":"Rendering template { name: orders-main, recipe: chrome-pdf, engine: handlebars, preview: true }","meta":{"rootId":"pa8tmct3p77kjb4","id":"pa8tmct3p77kjb4"},"id":"heeminjxw2x798z","previousOperationId":"qoghj4d8ydlg6q0"}
{"type":"log","timestamp":1705510631665,"level":"debug","message":"Data item not defined for this template.","meta":{"rootId":"pa8tmct3p77kjb4","id":"pa8tmct3p77kjb4"},"id":"dmvn58bs6yqiay5","previousOperationId":"qoghj4d8ydlg6q0"}
{"type":"log","timestamp":1705510631666,"level":"debug","message":"Executing script orders-script (beforeRender)","meta":{"rootId":"pa8tmct3p77kjb4","id":"pa8tmct3p77kjb4"},"id":"rw9wuz426d1gk94","previousOperationId":"qoghj4d8ydlg6q0"}
{"type":"operationStart","subtype":"scriptsBeforeRender","name":"scripts beforeRender","timestamp":1705510631674,"id":"fi1t285oq7w9bmt","previousEventId":"gkky5v7qtrispjy","operationId":"zkocfy4zxqz961n","previousOperationId":"qoghj4d8ydlg6q0"}
{"type":"operationStart","subtype":"script","name":"scripts orders-script","previousOperationId":"zkocfy4zxqz961n","timestamp":1705510631674,"id":"5h963h3pizth658","previousEventId":"fi1t285oq7w9bmt","operationId":"xu2jayet2t9jst8"}
{"type":"operationEnd","operationId":"xu2jayet2t9jst8","timestamp":1705510631683,"id":"hp7g7pbpnflk5yy","previousEventId":"gkky5v7qtrispjy","previousOperationId":"qoghj4d8ydlg6q0"}
{"type":"operationEnd","operationId":"zkocfy4zxqz961n","timestamp":1705510631683,"id":"ub5swsf81n7ww1c","previousEventId":"hp7g7pbpnflk5yy","previousOperationId":"qoghj4d8ydlg6q0"}
{"type":"log","timestamp":1705510631683,"level":"debug","message":"Base url not specified, skipping its injection.","meta":{"rootId":"pa8tmct3p77kjb4","id":"pa8tmct3p77kjb4"},"id":"0o3w7yjgikej0k6","previousOperationId":"zkocfy4zxqz961n"}
{"type":"operationStart","subtype":"engine","name":"handlebars","timestamp":1705510631683,"id":"4olgppcbkgar5hl","previousEventId":"ub5swsf81n7ww1c","operationId":"yzk4emsr5agqfn0","previousOperationId":"zkocfy4zxqz961n"}
{"type":"log","timestamp":1705510631683,"level":"debug","message":"Rendering engine handlebars","meta":{"rootId":"pa8tmct3p77kjb4","id":"pa8tmct3p77kjb4"},"id":"wds3utg6wpg3mbz","previousOperationId":"yzk4emsr5agqfn0"}
{"type":"log","timestamp":1705510631699,"level":"debug","message":"(console:log) Pdf utils adding group field, value: \"Race1\"","meta":{"userLevel":true,"rootId":"pa8tmct3p77kjb4","id":"pa8tmct3p77kjb4"},"id":"ly7x16jfivb5xoy","previousOperationId":"yzk4emsr5agqfn0"}
{"type":"log","timestamp":1705510631699,"level":"debug","message":"(console:log) Pdf utils adding group field, value: \"Race2\"","meta":{"userLevel":true,"rootId":"pa8tmct3p77kjb4","id":"pa8tmct3p77kjb4"},"id":"xrc0gm5oofrwf8p","previousOperationId":"yzk4emsr5agqfn0"}
{"type":"operationEnd","operationId":"yzk4emsr5agqfn0","timestamp":1705510631700,"id":"a951yxvux99fyek","previousEventId":"4olgppcbkgar5hl","previousOperationId":"yzk4emsr5agqfn0"}
{"type":"operationStart","subtype":"recipe","name":"chrome-pdf","timestamp":1705510631700,"id":"2p8w97kp3h3j7qr","previousEventId":"a951yxvux99fyek","operationId":"hm26befp88xl3k6","previousOperationId":"yzk4emsr5agqfn0"}
{"type":"log","timestamp":1705510631700,"level":"debug","message":"Executing recipe chrome-pdf","meta":{"rootId":"pa8tmct3p77kjb4","id":"pa8tmct3p77kjb4"},"id":"5ee76scsjxzt5hf","previousOperationId":"hm26befp88xl3k6"}
{"type":"log","timestamp":1705510631706,"level":"debug","message":"Converting with chrome HeadlessChrome/117.0.5938.149 using chrome-pool strategy","meta":{"rootId":"pa8tmct3p77kjb4","id":"pa8tmct3p77kjb4"},"id":"5sbvdo374hvi913","previousOperationId":"hm26befp88xl3k6"}
{"type":"log","timestamp":1705510631772,"level":"debug","message":"Page request: GET (document) file:///C:/Users/DANIEL~1/AppData/Local/Temp/jsreport/autocleanup/1e2c4375-a1f0-4b60-9bf8-adfae0e24401-chrome-pdf.html","meta":{"rootId":"pa8tmct3p77kjb4","id":"pa8tmct3p77kjb4"},"id":"0b0ekk5371nvgjj","previousOperationId":"hm26befp88xl3k6"}
{"type":"log","timestamp":1705510631784,"level":"debug","message":"Page request: GET (stylesheet) https://cdnjs.cloudflare.com/ajax/libs/metro/4.1.5/css/metro.min.css","meta":{"rootId":"pa8tmct3p77kjb4","id":"pa8tmct3p77kjb4"},"id":"3ejwzmp3em0d1jl","previousOperationId":"hm26befp88xl3k6"}
{"type":"log","timestamp":1705510631785,"level":"debug","message":"Page request: GET (script) https://cdnjs.cloudflare.com/ajax/libs/Chart.js/2.7.2/Chart.min.js","meta":{"rootId":"pa8tmct3p77kjb4","id":"pa8tmct3p77kjb4"},"id":"js711bfy7mfftgh","previousOperationId":"hm26befp88xl3k6"}
{"type":"log","timestamp":1705510631785,"level":"debug","message":"Page request finished: GET (document) 200 file:///C:/Users/DANIEL~1/AppData/Local/Temp/jsreport/autocleanup/1e2c4375-a1f0-4b60-9bf8-adfae0e24401-chrome-pdf.html","meta":{"rootId":"pa8tmct3p77kjb4","id":"pa8tmct3p77kjb4"},"id":"c6lc2vlineao4k0","previousOperationId":"hm26befp88xl3k6"}
{"type":"log","timestamp":1705510631788,"level":"debug","message":"Page request finished: GET (script) 200 https://cdnjs.cloudflare.com/ajax/libs/Chart.js/2.7.2/Chart.min.js","meta":{"rootId":"pa8tmct3p77kjb4","id":"pa8tmct3p77kjb4"},"id":"e5bff93uzdbfs9i","previousOperationId":"hm26befp88xl3k6"}
{"type":"log","timestamp":1705510631796,"level":"debug","message":"Page request finished: GET (stylesheet) 200 https://cdnjs.cloudflare.com/ajax/libs/metro/4.1.5/css/metro.min.css","meta":{"rootId":"pa8tmct3p77kjb4","id":"pa8tmct3p77kjb4"},"id":"9zqwi1psouaxhy5","previousOperationId":"hm26befp88xl3k6"}
{"type":"log","timestamp":1705510631818,"level":"debug","message":"Running chrome with params {\"printBackground\":true,\"marginTop\":\"4cm\",\"marginRight\":\"1.5cm\",\"marginBottom\":\"1.5cm\",\"marginLeft\":\"1.5cm\",\"waitForJS\":false,\"timeout\":59954,\"margin\":{\"top\":\"4cm\",\"right\":\"1.5cm\",\"bottom\":\"1.5cm\",\"left\":\"1.5cm\"}}","meta":{"rootId":"pa8tmct3p77kjb4","id":"pa8tmct3p77kjb4"},"id":"xcjvi7vazpzmyll","previousOperationId":"hm26befp88xl3k6"}
{"type":"operationEnd","operationId":"hm26befp88xl3k6","timestamp":1705510631875,"id":"017f7c0exjo7lkf","previousEventId":"2p8w97kp3h3j7qr","previousOperationId":"hm26befp88xl3k6"}
{"type":"log","timestamp":1705510631875,"level":"info","message":"pdf-utils is starting pdf processing","meta":{"rootId":"pa8tmct3p77kjb4","id":"pa8tmct3p77kjb4"},"id":"8idicxgxrdt0k6s","previousOperationId":"hm26befp88xl3k6"}
{"type":"operationStart","subtype":"pdfUtils","name":"pdf utils","timestamp":1705510631876,"id":"ugm717sjy55ttid","previousEventId":"017f7c0exjo7lkf","operationId":"swg1gntju44t822","previousOperationId":"hm26befp88xl3k6"}
{"type":"log","timestamp":1705510631876,"level":"debug","message":"pdf-utils detected 1 pdf operation(s) to process","meta":{"rootId":"pa8tmct3p77kjb4","id":"pa8tmct3p77kjb4"},"id":"6oldq3lu42j6mnl","previousOperationId":"swg1gntju44t822"}
{"type":"log","timestamp":1705510631887,"level":"debug","message":"pdf-utils running pdf operation merge","meta":{"rootId":"pa8tmct3p77kjb4","id":"pa8tmct3p77kjb4"},"id":"z8ivpbif8rmstim","previousOperationId":"swg1gntju44t822"}
{"type":"operationStart","subtype":"pdfUtilsMerge","name":"pdf utils merge","previousOperationId":"swg1gntju44t822","timestamp":1705510631887,"id":"81idr87dde6uqhk","previousEventId":"ugm717sjy55ttid","operationId":"d0ehn4ahu6qqhay"}
{"type":"operationStart","subtype":"render","name":"orders-header","previousOperationId":"d0ehn4ahu6qqhay","timestamp":1705510631888,"id":"lssj78fyugu9pig","previousEventId":"81idr87dde6uqhk","operationId":"y4vo4vu8pfpor9r"}
{"type":"log","timestamp":1705510631888,"level":"info","message":"Starting rendering (child) request","meta":{"rootId":"pa8tmct3p77kjb4","id":"jzwrfennf5zlimk"},"id":"v8ys8pukcqfvcp5","previousOperationId":"y4vo4vu8pfpor9r"}
{"type":"log","timestamp":1705510631888,"level":"info","message":"Rendering template { name: orders-header, recipe: chrome-pdf, engine: handlebars, preview: true }","meta":{"rootId":"pa8tmct3p77kjb4","id":"jzwrfennf5zlimk"},"id":"emcg6rms1z78k6u","previousOperationId":"y4vo4vu8pfpor9r"}
{"type":"log","timestamp":1705510631889,"level":"debug","message":"Inline data specified.","meta":{"rootId":"pa8tmct3p77kjb4","id":"jzwrfennf5zlimk"},"id":"1yvr7vm6md6bzao","previousOperationId":"y4vo4vu8pfpor9r"}
{"type":"log","timestamp":1705510631890,"level":"debug","message":"Base url not specified, skipping its injection.","meta":{"rootId":"pa8tmct3p77kjb4","id":"jzwrfennf5zlimk"},"id":"1qfu7gmn9t39b6l","previousOperationId":"y4vo4vu8pfpor9r"}
{"type":"operationStart","subtype":"engine","name":"handlebars","timestamp":1705510631890,"id":"so4n1nvg9saef3r","previousEventId":"lssj78fyugu9pig","operationId":"4izfdr3155e0nbm","previousOperationId":"y4vo4vu8pfpor9r"}
{"type":"log","timestamp":1705510631890,"level":"debug","message":"Rendering engine handlebars","meta":{"rootId":"pa8tmct3p77kjb4","id":"jzwrfennf5zlimk"},"id":"793aal36wbqk5zj","previousOperationId":"4izfdr3155e0nbm"}
{"type":"operationEnd","operationId":"4izfdr3155e0nbm","timestamp":1705510631906,"id":"3qklw62irqahs3x","previousEventId":"so4n1nvg9saef3r","previousOperationId":"4izfdr3155e0nbm"}
{"type":"operationStart","subtype":"recipe","name":"chrome-pdf","timestamp":1705510631906,"id":"658uftf9bb4n13c","previousEventId":"3qklw62irqahs3x","operationId":"nb5cadkcto6bo7x","previousOperationId":"4izfdr3155e0nbm"}
{"type":"log","timestamp":1705510631906,"level":"debug","message":"Executing recipe chrome-pdf","meta":{"rootId":"pa8tmct3p77kjb4","id":"jzwrfennf5zlimk"},"id":"h32gi0lt502qyv4","previousOperationId":"nb5cadkcto6bo7x"}
{"type":"log","timestamp":1705510631908,"level":"debug","message":"Converting with chrome HeadlessChrome/117.0.5938.149 using chrome-pool strategy","meta":{"rootId":"pa8tmct3p77kjb4","id":"jzwrfennf5zlimk"},"id":"d9ut1bdxvxkljf8","previousOperationId":"nb5cadkcto6bo7x"}
{"type":"log","timestamp":1705510631974,"level":"debug","message":"Page request: GET (document) file:///C:/Users/DANIEL~1/AppData/Local/Temp/jsreport/autocleanup/d3d1ad79-ee4b-40a2-9071-e1603e9515a9-chrome-pdf.html","meta":{"rootId":"pa8tmct3p77kjb4","id":"jzwrfennf5zlimk"},"id":"hcu2wm9psdmv2nv","previousOperationId":"nb5cadkcto6bo7x"}
{"type":"log","timestamp":1705510631980,"level":"debug","message":"Page request: GET (stylesheet) https://cdnjs.cloudflare.com/ajax/libs/metro/4.1.5/css/metro.min.css","meta":{"rootId":"pa8tmct3p77kjb4","id":"jzwrfennf5zlimk"},"id":"u2040gb2yhenfxx","previousOperationId":"nb5cadkcto6bo7x"}
{"type":"log","timestamp":1705510631981,"level":"debug","message":"Page request finished: GET (document) 200 file:///C:/Users/DANIEL~1/AppData/Local/Temp/jsreport/autocleanup/d3d1ad79-ee4b-40a2-9071-e1603e9515a9-chrome-pdf.html","meta":{"rootId":"pa8tmct3p77kjb4","id":"jzwrfennf5zlimk"},"id":"ncj9u62jhmnhu5e","previousOperationId":"nb5cadkcto6bo7x"}
{"type":"log","timestamp":1705510631992,"level":"debug","message":"Page request finished: GET (stylesheet) 200 https://cdnjs.cloudflare.com/ajax/libs/metro/4.1.5/css/metro.min.css","meta":{"rootId":"pa8tmct3p77kjb4","id":"jzwrfennf5zlimk"},"id":"h3x597d9rihgw5p","previousOperationId":"nb5cadkcto6bo7x"}
{"type":"log","timestamp":1705510632004,"level":"debug","message":"Running chrome with params {\"printBackground\":true,\"marginTop\":\"1.5cm\",\"marginRight\":\"1.5cm\",\"marginLeft\":\"1.cm\",\"timeout\":59752,\"margin\":{\"top\":\"1.5cm\",\"right\":\"1.5cm\",\"left\":\"1.cm\"}}","meta":{"rootId":"pa8tmct3p77kjb4","id":"jzwrfennf5zlimk"},"id":"ijk5k8ex9rpq8uk","previousOperationId":"nb5cadkcto6bo7x"}
{"type":"operationEnd","operationId":"nb5cadkcto6bo7x","timestamp":1705510632032,"id":"fv4p6xy3fcn53sz","previousEventId":"658uftf9bb4n13c","previousOperationId":"nb5cadkcto6bo7x"}
{"type":"log","timestamp":1705510632032,"level":"debug","message":"Skipping storing report.","meta":{"rootId":"pa8tmct3p77kjb4","id":"jzwrfennf5zlimk"},"id":"zeicnrct6hcmfdu","previousOperationId":"nb5cadkcto6bo7x"}
{"type":"log","timestamp":1705510632032,"level":"info","message":"Rendering (child) request finished in 373 ms","meta":{"rootId":"pa8tmct3p77kjb4","id":"jzwrfennf5zlimk"},"id":"ifsc38fzi9tejsw","previousOperationId":"nb5cadkcto6bo7x"}
{"type":"operationEnd","subtype":"render","operationId":"y4vo4vu8pfpor9r","timestamp":1705510632032,"id":"778f9cia0h4fnc4","previousEventId":"fv4p6xy3fcn53sz","previousOperationId":"nb5cadkcto6bo7x"}
{"type":"operationEnd","operationId":"d0ehn4ahu6qqhay","timestamp":1705510632039,"id":"2jfmwwq2kuiohkj","previousEventId":"81idr87dde6uqhk","previousOperationId":"d0ehn4ahu6qqhay"}
{"type":"log","timestamp":1705510632039,"level":"debug","message":"pdf-utils postproces start","meta":{"rootId":"pa8tmct3p77kjb4","id":"pa8tmct3p77kjb4"},"id":"c1atgig9ccrjdy8","previousOperationId":"d0ehn4ahu6qqhay"}
{"type":"log","timestamp":1705510632046,"level":"debug","message":"pdf-utils postproces end","meta":{"rootId":"pa8tmct3p77kjb4","id":"pa8tmct3p77kjb4"},"id":"n3n2tdmo6r9nlz9","previousOperationId":"d0ehn4ahu6qqhay"}
{"type":"operationEnd","operationId":"swg1gntju44t822","timestamp":1705510632046,"id":"hzcr5g5bmuncton","previousEventId":"2jfmwwq2kuiohkj","previousOperationId":"d0ehn4ahu6qqhay"}
{"type":"log","timestamp":1705510632046,"level":"info","message":"pdf-utils pdf processing was finished","meta":{"rootId":"pa8tmct3p77kjb4","id":"pa8tmct3p77kjb4"},"id":"uy73nc6zexnkqgx","previousOperationId":"swg1gntju44t822"}
{"type":"log","timestamp":1705510632046,"level":"debug","message":"Skipping storing report.","meta":{"rootId":"pa8tmct3p77kjb4","id":"pa8tmct3p77kjb4"},"id":"ck4zl301tzpqe96","previousOperationId":"swg1gntju44t822"}
{"type":"log","timestamp":1705510632046,"level":"info","message":"Rendering request 65 finished in 387 ms","meta":{"rootId":"pa8tmct3p77kjb4","id":"pa8tmct3p77kjb4"},"id":"de9wueushz3y4th","previousOperationId":"swg1gntju44t822"}
{"type":"operationEnd","subtype":"render","operationId":"qoghj4d8ydlg6q0","timestamp":1705510632046,"id":"jfdi5lz7v2grsf0","previousEventId":"hzcr5g5bmuncton","previousOperationId":"swg1gntju44t822"}
{"type":"operationEnd","doDiffs":false,"previousEventId":"bxe20m8hfh5mx9z","previousOperationId":"fvueyk16y54rr51","operationId":"fvueyk16y54rr51","timestamp":1705510632054,"id":"tqx1yzx7oaja1dv"}
