{"type":"operationStart","subtype":"profile","data":{"_id":"eMnjZOpOBAskcX6J","timestamp":"2024-01-18T15:23:00.525Z","state":"queued","mode":"standard","creationDate":"2024-01-18T15:23:00.526Z","modificationDate":"2024-01-18T15:23:00.526Z","shortid":"Yhezk_s","$entitySet":"profiles"},"doDiffs":false,"timestamp":1705591380526,"id":"srtnfsru5s274er","previousOperationId":null,"operationId":"ug35y1q6krbpt3q"}
{"type":"log","level":"info","message":"Render request 43 queued for execution and waiting for available worker","previousOperationId":"ug35y1q6krbpt3q","timestamp":1705591380526,"id":"qu85rgdfkeucot4"}
{"type":"operationStart","subtype":"render","name":"orders-main","previousOperationId":"ug35y1q6krbpt3q","timestamp":1705591380532,"id":"cahbrjqytekt676","previousEventId":"srtnfsru5s274er","operationId":"gqcgmt9x74opram"}
{"type":"log","timestamp":1705591380532,"level":"info","message":"Starting rendering request 43","meta":{"rootId":"paf75m49cuuusbw","id":"paf75m49cuuusbw"},"id":"se1g9k9628g3tny","previousOperationId":"gqcgmt9x74opram"}
{"type":"log","timestamp":1705591380532,"level":"info","message":"Rendering template { name: orders-main, recipe: chrome-pdf, engine: handlebars, preview: true }","meta":{"rootId":"paf75m49cuuusbw","id":"paf75m49cuuusbw"},"id":"5moray5xhgxwwp7","previousOperationId":"gqcgmt9x74opram"}
{"type":"log","timestamp":1705591380533,"level":"debug","message":"Data item not defined for this template.","meta":{"rootId":"paf75m49cuuusbw","id":"paf75m49cuuusbw"},"id":"5chabfgdy8lzusl","previousOperationId":"gqcgmt9x74opram"}
{"type":"log","timestamp":1705591380534,"level":"debug","message":"Executing script orders-script (beforeRender)","meta":{"rootId":"paf75m49cuuusbw","id":"paf75m49cuuusbw"},"id":"nxxfwedodg74bze","previousOperationId":"gqcgmt9x74opram"}
{"type":"operationStart","subtype":"scriptsBeforeRender","name":"scripts beforeRender","timestamp":1705591380543,"id":"dmclur79ev8hduy","previousEventId":"cahbrjqytekt676","operationId":"nv7ap6u5hnzesvs","previousOperationId":"gqcgmt9x74opram"}
{"type":"operationStart","subtype":"script","name":"scripts orders-script","previousOperationId":"nv7ap6u5hnzesvs","timestamp":1705591380543,"id":"1qy5as5cqf4lb5q","previousEventId":"dmclur79ev8hduy","operationId":"4a1pp61f67cz5bo"}
{"type":"operationEnd","operationId":"4a1pp61f67cz5bo","timestamp":1705591380554,"id":"du4pwv8ytcgt6b7","previousEventId":"cahbrjqytekt676","previousOperationId":"gqcgmt9x74opram"}
{"type":"operationEnd","operationId":"nv7ap6u5hnzesvs","timestamp":1705591380554,"id":"j4810nk5v4dabw1","previousEventId":"du4pwv8ytcgt6b7","previousOperationId":"gqcgmt9x74opram"}
{"type":"log","timestamp":1705591380554,"level":"debug","message":"Base url not specified, skipping its injection.","meta":{"rootId":"paf75m49cuuusbw","id":"paf75m49cuuusbw"},"id":"r4ll9t98kbn5k8o","previousOperationId":"nv7ap6u5hnzesvs"}
{"type":"operationStart","subtype":"engine","name":"handlebars","timestamp":1705591380554,"id":"n98pqwd1qik50fk","previousEventId":"j4810nk5v4dabw1","operationId":"85hvg6njiqkjbpr","previousOperationId":"nv7ap6u5hnzesvs"}
{"type":"log","timestamp":1705591380554,"level":"debug","message":"Rendering engine handlebars","meta":{"rootId":"paf75m49cuuusbw","id":"paf75m49cuuusbw"},"id":"6adxyiydwxz9y24","previousOperationId":"85hvg6njiqkjbpr"}
{"type":"log","timestamp":1705591380564,"level":"debug","message":"(console:log) Pdf utils adding group field, value: \"Race1\"","meta":{"userLevel":true,"rootId":"paf75m49cuuusbw","id":"paf75m49cuuusbw"},"id":"67uxu875o1c36sh","previousOperationId":"85hvg6njiqkjbpr"}
{"type":"log","timestamp":1705591380564,"level":"debug","message":"(console:log) Pdf utils adding group field, value: \"Race2\"","meta":{"userLevel":true,"rootId":"paf75m49cuuusbw","id":"paf75m49cuuusbw"},"id":"eh6te7plppp6kzj","previousOperationId":"85hvg6njiqkjbpr"}
{"type":"operationEnd","operationId":"85hvg6njiqkjbpr","timestamp":1705591380564,"id":"vxpo8owibl4g0u5","previousEventId":"n98pqwd1qik50fk","previousOperationId":"85hvg6njiqkjbpr"}
{"type":"operationStart","subtype":"recipe","name":"chrome-pdf","timestamp":1705591380564,"id":"xj0vfs1z5u3t454","previousEventId":"vxpo8owibl4g0u5","operationId":"ozggtpflznqohws","previousOperationId":"85hvg6njiqkjbpr"}
{"type":"log","timestamp":1705591380564,"level":"debug","message":"Executing recipe chrome-pdf","meta":{"rootId":"paf75m49cuuusbw","id":"paf75m49cuuusbw"},"id":"urzuerhfl0rcr64","previousOperationId":"ozggtpflznqohws"}
{"type":"log","timestamp":1705591380567,"level":"debug","message":"Converting with chrome HeadlessChrome/117.0.5938.149 using chrome-pool strategy","meta":{"rootId":"paf75m49cuuusbw","id":"paf75m49cuuusbw"},"id":"lhbgxcbw5ijoyad","previousOperationId":"ozggtpflznqohws"}
{"type":"log","timestamp":1705591380634,"level":"debug","message":"Page request: GET (document) file:///C:/Users/DANIEL~1/AppData/Local/Temp/jsreport/autocleanup/93955cf5-997d-4b7a-8854-cf40d73d02e3-chrome-pdf.html","meta":{"rootId":"paf75m49cuuusbw","id":"paf75m49cuuusbw"},"id":"rvoeyhnr74qjrl8","previousOperationId":"ozggtpflznqohws"}
{"type":"log","timestamp":1705591380653,"level":"debug","message":"Page request: GET (stylesheet) https://cdnjs.cloudflare.com/ajax/libs/metro/4.1.5/css/metro.min.css","meta":{"rootId":"paf75m49cuuusbw","id":"paf75m49cuuusbw"},"id":"fha5738f7ukaczn","previousOperationId":"ozggtpflznqohws"}
{"type":"log","timestamp":1705591380654,"level":"debug","message":"Page request: GET (script) https://cdnjs.cloudflare.com/ajax/libs/Chart.js/2.9.4/Chart.js","meta":{"rootId":"paf75m49cuuusbw","id":"paf75m49cuuusbw"},"id":"72695m3b530p92a","previousOperationId":"ozggtpflznqohws"}
{"type":"log","timestamp":1705591380654,"level":"debug","message":"Page request finished: GET (document) 200 file:///C:/Users/DANIEL~1/AppData/Local/Temp/jsreport/autocleanup/93955cf5-997d-4b7a-8854-cf40d73d02e3-chrome-pdf.html","meta":{"rootId":"paf75m49cuuusbw","id":"paf75m49cuuusbw"},"id":"5h09qzqu2e9hq98","previousOperationId":"ozggtpflznqohws"}
{"type":"log","timestamp":1705591380668,"level":"debug","message":"Page request finished: GET (stylesheet) 200 https://cdnjs.cloudflare.com/ajax/libs/metro/4.1.5/css/metro.min.css","meta":{"rootId":"paf75m49cuuusbw","id":"paf75m49cuuusbw"},"id":"gq3h3u4yjv4gupt","previousOperationId":"ozggtpflznqohws"}
{"type":"log","timestamp":1705591380668,"level":"debug","message":"Page request finished: GET (script) 200 https://cdnjs.cloudflare.com/ajax/libs/Chart.js/2.9.4/Chart.js","meta":{"rootId":"paf75m49cuuusbw","id":"paf75m49cuuusbw"},"id":"sisflv56j1poxx7","previousOperationId":"ozggtpflznqohws"}
{"type":"log","timestamp":1705591380672,"level":"warn","message":"Page error: Missing initializer in const declaration , stack: SyntaxError: Missing initializer in const declaration","meta":{"rootId":"paf75m49cuuusbw","id":"paf75m49cuuusbw"},"id":"1g6ek1n4d7coy5g","previousOperationId":"ozggtpflznqohws"}
{"type":"log","timestamp":1705591380692,"level":"debug","message":"Running chrome with params {\"printBackground\":true,\"marginTop\":\"4cm\",\"marginRight\":\"1.5cm\",\"marginBottom\":\"1.5cm\",\"marginLeft\":\"1.5cm\",\"waitForJS\":false,\"timeout\":59959,\"margin\":{\"top\":\"4cm\",\"right\":\"1.5cm\",\"bottom\":\"1.5cm\",\"left\":\"1.5cm\"}}","meta":{"rootId":"paf75m49cuuusbw","id":"paf75m49cuuusbw"},"id":"ecx5rbywltklpn6","previousOperationId":"ozggtpflznqohws"}
{"type":"operationEnd","operationId":"ozggtpflznqohws","timestamp":1705591380747,"id":"gx3axabj0zybsv7","previousEventId":"xj0vfs1z5u3t454","previousOperationId":"ozggtpflznqohws"}
{"type":"log","timestamp":1705591380747,"level":"info","message":"pdf-utils is starting pdf processing","meta":{"rootId":"paf75m49cuuusbw","id":"paf75m49cuuusbw"},"id":"ao8m1k7q68ugl86","previousOperationId":"ozggtpflznqohws"}
{"type":"operationStart","subtype":"pdfUtils","name":"pdf utils","timestamp":1705591380747,"id":"eeyoslw416xxccz","previousEventId":"gx3axabj0zybsv7","operationId":"r6vjwq5lif3am92","previousOperationId":"ozggtpflznqohws"}
{"type":"log","timestamp":1705591380747,"level":"debug","message":"pdf-utils detected 1 pdf operation(s) to process","meta":{"rootId":"paf75m49cuuusbw","id":"paf75m49cuuusbw"},"id":"l6h6xrhqyvxoz1n","previousOperationId":"r6vjwq5lif3am92"}
{"type":"log","timestamp":1705591380759,"level":"debug","message":"pdf-utils running pdf operation merge","meta":{"rootId":"paf75m49cuuusbw","id":"paf75m49cuuusbw"},"id":"1ghcj52i1dzx65t","previousOperationId":"r6vjwq5lif3am92"}
{"type":"operationStart","subtype":"pdfUtilsMerge","name":"pdf utils merge","previousOperationId":"r6vjwq5lif3am92","timestamp":1705591380759,"id":"uxatjjtymt9jppt","previousEventId":"eeyoslw416xxccz","operationId":"kfz67bw5mehm9n9"}
{"type":"operationStart","subtype":"render","name":"orders-header","previousOperationId":"kfz67bw5mehm9n9","timestamp":1705591380760,"id":"hxgamv32uuy0yaz","previousEventId":"uxatjjtymt9jppt","operationId":"uu4eg3elgb3c5sv"}
{"type":"log","timestamp":1705591380760,"level":"info","message":"Starting rendering (child) request","meta":{"rootId":"paf75m49cuuusbw","id":"6ctfrrx569fkcrp"},"id":"1jfoc3t4flnryeg","previousOperationId":"uu4eg3elgb3c5sv"}
{"type":"log","timestamp":1705591380760,"level":"info","message":"Rendering template { name: orders-header, recipe: chrome-pdf, engine: handlebars, preview: true }","meta":{"rootId":"paf75m49cuuusbw","id":"6ctfrrx569fkcrp"},"id":"wmoeai5nymxqrsn","previousOperationId":"uu4eg3elgb3c5sv"}
{"type":"log","timestamp":1705591380761,"level":"debug","message":"Inline data specified.","meta":{"rootId":"paf75m49cuuusbw","id":"6ctfrrx569fkcrp"},"id":"u2f0283x6ytxthe","previousOperationId":"uu4eg3elgb3c5sv"}
{"type":"log","timestamp":1705591380763,"level":"debug","message":"Base url not specified, skipping its injection.","meta":{"rootId":"paf75m49cuuusbw","id":"6ctfrrx569fkcrp"},"id":"ymtrsk1uv13l34y","previousOperationId":"uu4eg3elgb3c5sv"}
{"type":"operationStart","subtype":"engine","name":"handlebars","timestamp":1705591380763,"id":"ygk2jxyg7ko2fmp","previousEventId":"hxgamv32uuy0yaz","operationId":"s2na8hatqmk2647","previousOperationId":"uu4eg3elgb3c5sv"}
{"type":"log","timestamp":1705591380763,"level":"debug","message":"Rendering engine handlebars","meta":{"rootId":"paf75m49cuuusbw","id":"6ctfrrx569fkcrp"},"id":"u1kbqiza01e4da2","previousOperationId":"s2na8hatqmk2647"}
{"type":"operationEnd","operationId":"s2na8hatqmk2647","timestamp":1705591380773,"id":"c5ypo1sfm0byztb","previousEventId":"ygk2jxyg7ko2fmp","previousOperationId":"s2na8hatqmk2647"}
{"type":"operationStart","subtype":"recipe","name":"chrome-pdf","timestamp":1705591380773,"id":"de9xbvd20tczoh7","previousEventId":"c5ypo1sfm0byztb","operationId":"6od7uex03guazqa","previousOperationId":"s2na8hatqmk2647"}
{"type":"log","timestamp":1705591380773,"level":"debug","message":"Executing recipe chrome-pdf","meta":{"rootId":"paf75m49cuuusbw","id":"6ctfrrx569fkcrp"},"id":"ur713msa3a5ikk7","previousOperationId":"6od7uex03guazqa"}
{"type":"log","timestamp":1705591380776,"level":"debug","message":"Converting with chrome HeadlessChrome/117.0.5938.149 using chrome-pool strategy","meta":{"rootId":"paf75m49cuuusbw","id":"6ctfrrx569fkcrp"},"id":"tobj3zn1q0b54ih","previousOperationId":"6od7uex03guazqa"}
{"type":"log","timestamp":1705591380856,"level":"debug","message":"Page request: GET (document) file:///C:/Users/DANIEL~1/AppData/Local/Temp/jsreport/autocleanup/3862da47-6f0b-427a-8ee2-6c7f5bb196fc-chrome-pdf.html","meta":{"rootId":"paf75m49cuuusbw","id":"6ctfrrx569fkcrp"},"id":"duu3nqsbsnsse75","previousOperationId":"6od7uex03guazqa"}
{"type":"log","timestamp":1705591380863,"level":"debug","message":"Page request: GET (stylesheet) https://cdnjs.cloudflare.com/ajax/libs/metro/4.1.5/css/metro.min.css","meta":{"rootId":"paf75m49cuuusbw","id":"6ctfrrx569fkcrp"},"id":"2xl0365wrme9ao6","previousOperationId":"6od7uex03guazqa"}
{"type":"log","timestamp":1705591380863,"level":"debug","message":"Page request finished: GET (document) 200 file:///C:/Users/DANIEL~1/AppData/Local/Temp/jsreport/autocleanup/3862da47-6f0b-427a-8ee2-6c7f5bb196fc-chrome-pdf.html","meta":{"rootId":"paf75m49cuuusbw","id":"6ctfrrx569fkcrp"},"id":"joqq3bufs48z8yx","previousOperationId":"6od7uex03guazqa"}
{"type":"log","timestamp":1705591380875,"level":"debug","message":"Page request finished: GET (stylesheet) 200 https://cdnjs.cloudflare.com/ajax/libs/metro/4.1.5/css/metro.min.css","meta":{"rootId":"paf75m49cuuusbw","id":"6ctfrrx569fkcrp"},"id":"oockptkitwxtcyd","previousOperationId":"6od7uex03guazqa"}
{"type":"log","timestamp":1705591380888,"level":"debug","message":"Running chrome with params {\"printBackground\":true,\"marginTop\":\"1.5cm\",\"marginRight\":\"1.5cm\",\"marginLeft\":\"1.cm\",\"timeout\":59750,\"margin\":{\"top\":\"1.5cm\",\"right\":\"1.5cm\",\"left\":\"1.cm\"}}","meta":{"rootId":"paf75m49cuuusbw","id":"6ctfrrx569fkcrp"},"id":"3jb8dxk5y9vdp8b","previousOperationId":"6od7uex03guazqa"}
{"type":"operationEnd","operationId":"6od7uex03guazqa","timestamp":1705591380915,"id":"mqo9bktka4isx6s","previousEventId":"de9xbvd20tczoh7","previousOperationId":"6od7uex03guazqa"}
{"type":"log","timestamp":1705591380915,"level":"debug","message":"Skipping storing report.","meta":{"rootId":"paf75m49cuuusbw","id":"6ctfrrx569fkcrp"},"id":"e93jdlz0yl517q6","previousOperationId":"6od7uex03guazqa"}
{"type":"log","timestamp":1705591380915,"level":"info","message":"Rendering (child) request finished in 390 ms","meta":{"rootId":"paf75m49cuuusbw","id":"6ctfrrx569fkcrp"},"id":"03s3mo8ueguaeav","previousOperationId":"6od7uex03guazqa"}
{"type":"operationEnd","subtype":"render","operationId":"uu4eg3elgb3c5sv","timestamp":1705591380916,"id":"ah5rqwbwhtmkaj7","previousEventId":"mqo9bktka4isx6s","previousOperationId":"6od7uex03guazqa"}
{"type":"operationEnd","operationId":"kfz67bw5mehm9n9","timestamp":1705591380922,"id":"zxeflctlv7gchqi","previousEventId":"uxatjjtymt9jppt","previousOperationId":"kfz67bw5mehm9n9"}
{"type":"log","timestamp":1705591380922,"level":"debug","message":"pdf-utils postproces start","meta":{"rootId":"paf75m49cuuusbw","id":"paf75m49cuuusbw"},"id":"yccp9jjywnufbtd","previousOperationId":"kfz67bw5mehm9n9"}
{"type":"log","timestamp":1705591380928,"level":"debug","message":"pdf-utils postproces end","meta":{"rootId":"paf75m49cuuusbw","id":"paf75m49cuuusbw"},"id":"4ba95qafkpxsa9h","previousOperationId":"kfz67bw5mehm9n9"}
{"type":"operationEnd","operationId":"r6vjwq5lif3am92","timestamp":1705591380928,"id":"ip9l3bsmvbo6r58","previousEventId":"zxeflctlv7gchqi","previousOperationId":"kfz67bw5mehm9n9"}
{"type":"log","timestamp":1705591380928,"level":"info","message":"pdf-utils pdf processing was finished","meta":{"rootId":"paf75m49cuuusbw","id":"paf75m49cuuusbw"},"id":"1m8ok5r1iwga381","previousOperationId":"r6vjwq5lif3am92"}
{"type":"log","timestamp":1705591380928,"level":"debug","message":"Skipping storing report.","meta":{"rootId":"paf75m49cuuusbw","id":"paf75m49cuuusbw"},"id":"9kkidiody2mffxv","previousOperationId":"r6vjwq5lif3am92"}
{"type":"log","timestamp":1705591380928,"level":"info","message":"Rendering request 43 finished in 403 ms","meta":{"rootId":"paf75m49cuuusbw","id":"paf75m49cuuusbw"},"id":"kcu3yv54309kcrq","previousOperationId":"r6vjwq5lif3am92"}
{"type":"operationEnd","subtype":"render","operationId":"gqcgmt9x74opram","timestamp":1705591380928,"id":"oay4cshkp4wyrmb","previousEventId":"ip9l3bsmvbo6r58","previousOperationId":"r6vjwq5lif3am92"}
{"type":"operationEnd","doDiffs":false,"previousEventId":"srtnfsru5s274er","previousOperationId":"ug35y1q6krbpt3q","operationId":"ug35y1q6krbpt3q","timestamp":1705591380934,"id":"crie9x1yfp3qgjm"}
