{"type":"operationStart","subtype":"profile","data":{"_id":"o7K1jp25vlQohc4D","timestamp":"2024-02-21T19:22:04.801Z","state":"queued","mode":"standard","creationDate":"2024-02-21T19:22:04.802Z","modificationDate":"2024-02-21T19:22:04.802Z","shortid":"oTuyZik","$entitySet":"profiles"},"doDiffs":false,"timestamp":1708543324801,"id":"evncozmu9w6b4wn","previousOperationId":null,"operationId":"wja2t172zfk3vjl"}
{"type":"log","level":"info","message":"Render request 36 queued for execution and waiting for available worker","previousOperationId":"wja2t172zfk3vjl","timestamp":1708543324801,"id":"webkn6eiy917lwq"}
{"type":"operationStart","subtype":"render","name":"orders-main","previousOperationId":"wja2t172zfk3vjl","timestamp":1708543324807,"id":"r5mr3dqx90xxc3b","previousEventId":"evncozmu9w6b4wn","operationId":"ddg5th2p7oj6fov"}
{"type":"log","timestamp":1708543324808,"level":"info","message":"Starting rendering request 36","meta":{"rootId":"pjnkvr7gysjhx4i","id":"pjnkvr7gysjhx4i"},"id":"4xqeohfgal1ooh5","previousOperationId":"ddg5th2p7oj6fov"}
{"type":"log","timestamp":1708543324809,"level":"info","message":"Rendering template { name: orders-main, recipe: chrome-pdf, engine: handlebars, preview: false }","meta":{"rootId":"pjnkvr7gysjhx4i","id":"pjnkvr7gysjhx4i"},"id":"zc1gwlbd1rf6rgg","previousOperationId":"ddg5th2p7oj6fov"}
{"type":"log","timestamp":1708543324811,"level":"debug","message":"Data item not defined for this template.","meta":{"rootId":"pjnkvr7gysjhx4i","id":"pjnkvr7gysjhx4i"},"id":"bmg3q9hlhvqlvv2","previousOperationId":"ddg5th2p7oj6fov"}
{"type":"log","timestamp":1708543324813,"level":"debug","message":"Executing script orders-script (beforeRender)","meta":{"rootId":"pjnkvr7gysjhx4i","id":"pjnkvr7gysjhx4i"},"id":"1uky47nrtccqfb9","previousOperationId":"ddg5th2p7oj6fov"}
{"type":"operationStart","subtype":"scriptsBeforeRender","name":"scripts beforeRender","timestamp":1708543324829,"id":"msxlo4vwk3l5iqg","previousEventId":"r5mr3dqx90xxc3b","operationId":"kufsiwztn9xsd3v","previousOperationId":"ddg5th2p7oj6fov"}
{"type":"operationStart","subtype":"script","name":"scripts orders-script","previousOperationId":"kufsiwztn9xsd3v","timestamp":1708543324829,"id":"pj5tx7athpajpjx","previousEventId":"msxlo4vwk3l5iqg","operationId":"uzbwkq02a8ryc4f"}
{"type":"log","timestamp":1708543324838,"level":"debug","message":"(console:log) [ 'ola', 'oola', 'Race1', 'Race2' ]","meta":{"userLevel":true,"rootId":"pjnkvr7gysjhx4i","id":"pjnkvr7gysjhx4i"},"id":"zaa0u6jycuun4qb","previousOperationId":"uzbwkq02a8ryc4f"}
{"type":"log","timestamp":1708543324838,"level":"debug","message":"(console:log) [ 0, 0, 1, 1 ]","meta":{"userLevel":true,"rootId":"pjnkvr7gysjhx4i","id":"pjnkvr7gysjhx4i"},"id":"gx6pse4s0fs4cu3","previousOperationId":"uzbwkq02a8ryc4f"}
{"type":"operationEnd","operationId":"uzbwkq02a8ryc4f","timestamp":1708543324838,"id":"yl7wkwkj50irrjx","previousEventId":"r5mr3dqx90xxc3b","previousOperationId":"ddg5th2p7oj6fov"}
{"type":"operationEnd","operationId":"kufsiwztn9xsd3v","timestamp":1708543324838,"id":"yig3qhsz4syfnv2","previousEventId":"yl7wkwkj50irrjx","previousOperationId":"ddg5th2p7oj6fov"}
{"type":"log","timestamp":1708543324838,"level":"debug","message":"Base url not specified, skipping its injection.","meta":{"rootId":"pjnkvr7gysjhx4i","id":"pjnkvr7gysjhx4i"},"id":"2zn4d205wvwymks","previousOperationId":"kufsiwztn9xsd3v"}
{"type":"operationStart","subtype":"engine","name":"handlebars","timestamp":1708543324838,"id":"sc9gpqicd6avrkp","previousEventId":"yig3qhsz4syfnv2","operationId":"k24tzw3vsh9dwmj","previousOperationId":"kufsiwztn9xsd3v"}
{"type":"log","timestamp":1708543324838,"level":"debug","message":"Rendering engine handlebars","meta":{"rootId":"pjnkvr7gysjhx4i","id":"pjnkvr7gysjhx4i"},"id":"o5ddl1rud22ekib","previousOperationId":"k24tzw3vsh9dwmj"}
{"type":"log","timestamp":1708543324841,"level":"debug","message":"(console:log) Pdf utils adding group field, value: \"ola\"","meta":{"userLevel":true,"rootId":"pjnkvr7gysjhx4i","id":"pjnkvr7gysjhx4i"},"id":"ro66kwrixdj2z9m","previousOperationId":"k24tzw3vsh9dwmj"}
{"type":"log","timestamp":1708543324841,"level":"debug","message":"(console:log) Pdf utils adding group field, value: \"oola\"","meta":{"userLevel":true,"rootId":"pjnkvr7gysjhx4i","id":"pjnkvr7gysjhx4i"},"id":"2rzsx4sqxvifd5e","previousOperationId":"k24tzw3vsh9dwmj"}
{"type":"log","timestamp":1708543324841,"level":"debug","message":"(console:log) Pdf utils adding group field, value: \"Race1\"","meta":{"userLevel":true,"rootId":"pjnkvr7gysjhx4i","id":"pjnkvr7gysjhx4i"},"id":"uzycjibbqp729yx","previousOperationId":"k24tzw3vsh9dwmj"}
{"type":"log","timestamp":1708543324841,"level":"debug","message":"(console:log) Pdf utils adding group field, value: \"Race2\"","meta":{"userLevel":true,"rootId":"pjnkvr7gysjhx4i","id":"pjnkvr7gysjhx4i"},"id":"lls3eboytaz9n2k","previousOperationId":"k24tzw3vsh9dwmj"}
{"type":"operationEnd","operationId":"k24tzw3vsh9dwmj","timestamp":1708543324841,"id":"220jrws4izivj9h","previousEventId":"sc9gpqicd6avrkp","previousOperationId":"k24tzw3vsh9dwmj"}
{"type":"operationStart","subtype":"recipe","name":"chrome-pdf","timestamp":1708543324842,"id":"7hwgvxwg3eiyqfa","previousEventId":"220jrws4izivj9h","operationId":"681crde9001s5dz","previousOperationId":"k24tzw3vsh9dwmj"}
{"type":"log","timestamp":1708543324842,"level":"debug","message":"Executing recipe chrome-pdf","meta":{"rootId":"pjnkvr7gysjhx4i","id":"pjnkvr7gysjhx4i"},"id":"6n5unliwhsj6z9n","previousOperationId":"681crde9001s5dz"}
{"type":"log","timestamp":1708543324844,"level":"debug","message":"Converting with chrome HeadlessChrome/117.0.5938.149 using chrome-pool strategy","meta":{"rootId":"pjnkvr7gysjhx4i","id":"pjnkvr7gysjhx4i"},"id":"vwf27a164iwvu21","previousOperationId":"681crde9001s5dz"}
{"type":"log","timestamp":1708543324887,"level":"debug","message":"Page request: GET (document) file:///var/folders/tp/6hccbwhd41s4hkmxw_2wkz640000gn/T/jsreport/autocleanup/c475f746-cf90-43d3-83cf-9e4d311ead9f-chrome-pdf.html","meta":{"rootId":"pjnkvr7gysjhx4i","id":"pjnkvr7gysjhx4i"},"id":"92saa4exx0drhhv","previousOperationId":"681crde9001s5dz"}
{"type":"log","timestamp":1708543324892,"level":"debug","message":"Page request finished: GET (document) 200 file:///var/folders/tp/6hccbwhd41s4hkmxw_2wkz640000gn/T/jsreport/autocleanup/c475f746-cf90-43d3-83cf-9e4d311ead9f-chrome-pdf.html","meta":{"rootId":"pjnkvr7gysjhx4i","id":"pjnkvr7gysjhx4i"},"id":"na3ybfnadnjzave","previousOperationId":"681crde9001s5dz"}
{"type":"log","timestamp":1708543324892,"level":"debug","message":"Page request: GET (stylesheet) https://cdnjs.cloudflare.com/ajax/libs/metro/4.1.5/css/metro.min.css","meta":{"rootId":"pjnkvr7gysjhx4i","id":"pjnkvr7gysjhx4i"},"id":"qcjjwp7fdsp5oss","previousOperationId":"681crde9001s5dz"}
{"type":"log","timestamp":1708543324893,"level":"debug","message":"Page request: GET (script) https://cdn.jsdelivr.net/npm/chart.js","meta":{"rootId":"pjnkvr7gysjhx4i","id":"pjnkvr7gysjhx4i"},"id":"9byq82ybwyegifu","previousOperationId":"681crde9001s5dz"}
{"type":"log","timestamp":1708543324901,"level":"debug","message":"Page request finished: GET (stylesheet) 200 https://cdnjs.cloudflare.com/ajax/libs/metro/4.1.5/css/metro.min.css","meta":{"rootId":"pjnkvr7gysjhx4i","id":"pjnkvr7gysjhx4i"},"id":"siwbbtaqkn54di4","previousOperationId":"681crde9001s5dz"}
{"type":"log","timestamp":1708543324901,"level":"debug","message":"Page request finished: GET (script) 200 https://cdn.jsdelivr.net/npm/chart.js","meta":{"rootId":"pjnkvr7gysjhx4i","id":"pjnkvr7gysjhx4i"},"id":"ial101tt71vi59w","previousOperationId":"681crde9001s5dz"}
{"type":"log","timestamp":1708543324949,"level":"debug","message":"Running chrome with params {\"printBackground\":true,\"marginTop\":\"4cm\",\"marginRight\":\"1.5cm\",\"marginBottom\":\"1.5cm\",\"marginLeft\":\"1.5cm\",\"waitForJS\":false,\"timeout\":59958,\"margin\":{\"top\":\"4cm\",\"right\":\"1.5cm\",\"bottom\":\"1.5cm\",\"left\":\"1.5cm\"}}","meta":{"rootId":"pjnkvr7gysjhx4i","id":"pjnkvr7gysjhx4i"},"id":"vjx1ru6lc5kij7a","previousOperationId":"681crde9001s5dz"}
{"type":"operationEnd","operationId":"681crde9001s5dz","timestamp":1708543324982,"id":"d1udja9rvktlbju","previousEventId":"7hwgvxwg3eiyqfa","previousOperationId":"681crde9001s5dz"}
{"type":"log","timestamp":1708543324982,"level":"info","message":"pdf-utils is starting pdf processing","meta":{"rootId":"pjnkvr7gysjhx4i","id":"pjnkvr7gysjhx4i"},"id":"ak3q442xsp0b7e0","previousOperationId":"681crde9001s5dz"}
{"type":"operationStart","subtype":"pdfUtils","name":"pdf utils","timestamp":1708543324982,"id":"c5wd0l7pxl0bof2","previousEventId":"d1udja9rvktlbju","operationId":"7d2vltxjws93ptr","previousOperationId":"681crde9001s5dz"}
{"type":"log","timestamp":1708543324982,"level":"debug","message":"pdf-utils detected 1 pdf operation(s) to process","meta":{"rootId":"pjnkvr7gysjhx4i","id":"pjnkvr7gysjhx4i"},"id":"pz7xxpl38onmvfk","previousOperationId":"7d2vltxjws93ptr"}
{"type":"log","timestamp":1708543325021,"level":"debug","message":"pdf-utils running pdf operation merge","meta":{"rootId":"pjnkvr7gysjhx4i","id":"pjnkvr7gysjhx4i"},"id":"7vwfm0ouxb4y2im","previousOperationId":"7d2vltxjws93ptr"}
{"type":"operationStart","subtype":"pdfUtilsMerge","name":"pdf utils merge","previousOperationId":"7d2vltxjws93ptr","timestamp":1708543325021,"id":"z1grhjunlzdil8z","previousEventId":"c5wd0l7pxl0bof2","operationId":"a02um7tdv3tytzc"}
{"type":"operationStart","subtype":"render","name":"orders-header","previousOperationId":"a02um7tdv3tytzc","timestamp":1708543325021,"id":"ge6wocphvgedro0","previousEventId":"z1grhjunlzdil8z","operationId":"7z6l3rw3srwxmxt"}
{"type":"log","timestamp":1708543325021,"level":"info","message":"Starting rendering (child) request","meta":{"rootId":"pjnkvr7gysjhx4i","id":"80k1qmxq6jxm7gv"},"id":"0ntw3jir01125uh","previousOperationId":"7z6l3rw3srwxmxt"}
{"type":"log","timestamp":1708543325021,"level":"info","message":"Rendering template { name: orders-header, recipe: chrome-pdf, engine: handlebars, preview: false }","meta":{"rootId":"pjnkvr7gysjhx4i","id":"80k1qmxq6jxm7gv"},"id":"hgw5bxretbdnq2l","previousOperationId":"7z6l3rw3srwxmxt"}
{"type":"log","timestamp":1708543325022,"level":"debug","message":"Inline data specified.","meta":{"rootId":"pjnkvr7gysjhx4i","id":"80k1qmxq6jxm7gv"},"id":"w48ww73yrl8kp0o","previousOperationId":"7z6l3rw3srwxmxt"}
{"type":"log","timestamp":1708543325022,"level":"debug","message":"Base url not specified, skipping its injection.","meta":{"rootId":"pjnkvr7gysjhx4i","id":"80k1qmxq6jxm7gv"},"id":"fjv7hcawgr47659","previousOperationId":"7z6l3rw3srwxmxt"}
{"type":"operationStart","subtype":"engine","name":"handlebars","timestamp":1708543325022,"id":"ujbbspfpg863s5y","previousEventId":"ge6wocphvgedro0","operationId":"osi5q14fxuwc0kb","previousOperationId":"7z6l3rw3srwxmxt"}
{"type":"log","timestamp":1708543325022,"level":"debug","message":"Rendering engine handlebars","meta":{"rootId":"pjnkvr7gysjhx4i","id":"80k1qmxq6jxm7gv"},"id":"mkty1ljdeyyx57x","previousOperationId":"osi5q14fxuwc0kb"}
{"type":"operationEnd","operationId":"osi5q14fxuwc0kb","timestamp":1708543325025,"id":"832gqa2waony81s","previousEventId":"ujbbspfpg863s5y","previousOperationId":"osi5q14fxuwc0kb"}
{"type":"operationStart","subtype":"recipe","name":"chrome-pdf","timestamp":1708543325025,"id":"ubg08emj7h7ygmg","previousEventId":"832gqa2waony81s","operationId":"y2r77xoqp7h1pbc","previousOperationId":"osi5q14fxuwc0kb"}
{"type":"log","timestamp":1708543325025,"level":"debug","message":"Executing recipe chrome-pdf","meta":{"rootId":"pjnkvr7gysjhx4i","id":"80k1qmxq6jxm7gv"},"id":"ktktqkaz17j63v5","previousOperationId":"y2r77xoqp7h1pbc"}
{"type":"log","timestamp":1708543325026,"level":"debug","message":"Converting with chrome HeadlessChrome/117.0.5938.149 using chrome-pool strategy","meta":{"rootId":"pjnkvr7gysjhx4i","id":"80k1qmxq6jxm7gv"},"id":"kwd7stxxjrpuo3s","previousOperationId":"y2r77xoqp7h1pbc"}
{"type":"log","timestamp":1708543325071,"level":"debug","message":"Page request: GET (document) file:///var/folders/tp/6hccbwhd41s4hkmxw_2wkz640000gn/T/jsreport/autocleanup/b38c4f35-02a1-484f-a33f-ebc9f7f45921-chrome-pdf.html","meta":{"rootId":"pjnkvr7gysjhx4i","id":"80k1qmxq6jxm7gv"},"id":"7uhzufgfww0awlm","previousOperationId":"y2r77xoqp7h1pbc"}
{"type":"log","timestamp":1708543325076,"level":"debug","message":"Page request: GET (stylesheet) https://cdnjs.cloudflare.com/ajax/libs/metro/4.1.5/css/metro.min.css","meta":{"rootId":"pjnkvr7gysjhx4i","id":"80k1qmxq6jxm7gv"},"id":"i17yqs80ol7to75","previousOperationId":"y2r77xoqp7h1pbc"}
{"type":"log","timestamp":1708543325076,"level":"debug","message":"Page request finished: GET (document) 200 file:///var/folders/tp/6hccbwhd41s4hkmxw_2wkz640000gn/T/jsreport/autocleanup/b38c4f35-02a1-484f-a33f-ebc9f7f45921-chrome-pdf.html","meta":{"rootId":"pjnkvr7gysjhx4i","id":"80k1qmxq6jxm7gv"},"id":"uybflkoini2imyh","previousOperationId":"y2r77xoqp7h1pbc"}
{"type":"log","timestamp":1708543325083,"level":"debug","message":"Page request finished: GET (stylesheet) 200 https://cdnjs.cloudflare.com/ajax/libs/metro/4.1.5/css/metro.min.css","meta":{"rootId":"pjnkvr7gysjhx4i","id":"80k1qmxq6jxm7gv"},"id":"2p2l5w98df6n5md","previousOperationId":"y2r77xoqp7h1pbc"}
{"type":"log","timestamp":1708543325100,"level":"debug","message":"Running chrome with params {\"printBackground\":true,\"marginTop\":\"1.5cm\",\"marginRight\":\"1.5cm\",\"marginLeft\":\"1.cm\",\"timeout\":59775,\"margin\":{\"top\":\"1.5cm\",\"right\":\"1.5cm\",\"left\":\"1.cm\"}}","meta":{"rootId":"pjnkvr7gysjhx4i","id":"80k1qmxq6jxm7gv"},"id":"4s7p4n8fn1xp3di","previousOperationId":"y2r77xoqp7h1pbc"}
{"type":"operationEnd","operationId":"y2r77xoqp7h1pbc","timestamp":1708543325118,"id":"pfjiy7hhgl9naju","previousEventId":"ubg08emj7h7ygmg","previousOperationId":"y2r77xoqp7h1pbc"}
{"type":"log","timestamp":1708543325119,"level":"debug","message":"Skipping storing report.","meta":{"rootId":"pjnkvr7gysjhx4i","id":"80k1qmxq6jxm7gv"},"id":"v279sdm432d99f4","previousOperationId":"y2r77xoqp7h1pbc"}
{"type":"log","timestamp":1708543325119,"level":"info","message":"Rendering (child) request finished in 318 ms","meta":{"rootId":"pjnkvr7gysjhx4i","id":"80k1qmxq6jxm7gv"},"id":"r1weyhuh8y1hg3b","previousOperationId":"y2r77xoqp7h1pbc"}
{"type":"operationEnd","subtype":"render","operationId":"7z6l3rw3srwxmxt","timestamp":1708543325119,"id":"mxhttoq9z98qp8c","previousEventId":"pfjiy7hhgl9naju","previousOperationId":"y2r77xoqp7h1pbc"}
{"type":"operationEnd","operationId":"a02um7tdv3tytzc","timestamp":1708543325143,"id":"i95mgvok85uowx2","previousEventId":"z1grhjunlzdil8z","previousOperationId":"a02um7tdv3tytzc"}
{"type":"log","timestamp":1708543325143,"level":"debug","message":"pdf-utils postproces start","meta":{"rootId":"pjnkvr7gysjhx4i","id":"pjnkvr7gysjhx4i"},"id":"mwvxprh5ou1ur0o","previousOperationId":"a02um7tdv3tytzc"}
{"type":"log","timestamp":1708543325169,"level":"debug","message":"pdf-utils postproces end","meta":{"rootId":"pjnkvr7gysjhx4i","id":"pjnkvr7gysjhx4i"},"id":"9w88js1vc39ohjs","previousOperationId":"a02um7tdv3tytzc"}
{"type":"operationEnd","operationId":"7d2vltxjws93ptr","timestamp":1708543325169,"id":"mxracx9iuvprd5c","previousEventId":"i95mgvok85uowx2","previousOperationId":"a02um7tdv3tytzc"}
{"type":"log","timestamp":1708543325169,"level":"info","message":"pdf-utils pdf processing was finished","meta":{"rootId":"pjnkvr7gysjhx4i","id":"pjnkvr7gysjhx4i"},"id":"gfqvjtbqx7as2yd","previousOperationId":"7d2vltxjws93ptr"}
{"type":"log","timestamp":1708543325169,"level":"debug","message":"Skipping storing report.","meta":{"rootId":"pjnkvr7gysjhx4i","id":"pjnkvr7gysjhx4i"},"id":"yrix58zwvupo7dc","previousOperationId":"7d2vltxjws93ptr"}
{"type":"log","timestamp":1708543325169,"level":"info","message":"Rendering request 36 finished in 368 ms","meta":{"rootId":"pjnkvr7gysjhx4i","id":"pjnkvr7gysjhx4i"},"id":"zet6ar6220sxvkn","previousOperationId":"7d2vltxjws93ptr"}
{"type":"operationEnd","subtype":"render","operationId":"ddg5th2p7oj6fov","timestamp":1708543325169,"id":"iwbdzvzdfp22tap","previousEventId":"mxracx9iuvprd5c","previousOperationId":"7d2vltxjws93ptr"}
{"type":"operationEnd","doDiffs":false,"previousEventId":"evncozmu9w6b4wn","previousOperationId":"wja2t172zfk3vjl","operationId":"wja2t172zfk3vjl","timestamp":1708543325170,"id":"fswby90nyyjd73p"}
