{"type":"operationStart","subtype":"profile","data":{"_id":"m362yWg0PO5hNsTp","timestamp":"2024-01-18T20:02:58.688Z","state":"queued","mode":"standard","creationDate":"2024-01-18T20:02:58.692Z","modificationDate":"2024-01-18T20:02:58.692Z","shortid":"EZW_7yb","$entitySet":"profiles"},"doDiffs":false,"timestamp":1705608178690,"id":"tu5p7gceztmk5ik","previousOperationId":null,"operationId":"7hnv6icwdrc78uv"}
{"type":"log","level":"info","message":"Render request 4 queued for execution and waiting for available worker","previousOperationId":"7hnv6icwdrc78uv","timestamp":1705608178690,"id":"jm18hox1w7b17vq"}
{"type":"operationStart","subtype":"render","name":"orders-main","previousOperationId":"7hnv6icwdrc78uv","timestamp":1705608178708,"id":"nt23xarriywu43i","previousEventId":"tu5p7gceztmk5ik","operationId":"b5bqev45ku0dy1l"}
{"type":"log","timestamp":1705608178709,"level":"info","message":"Starting rendering request 4","meta":{"rootId":"pwwkom0t5ukwhhi","id":"pwwkom0t5ukwhhi"},"id":"gwe24bqarrstvy3","previousOperationId":"b5bqev45ku0dy1l"}
{"type":"log","timestamp":1705608178710,"level":"info","message":"Rendering template { name: orders-main, recipe: chrome-pdf, engine: handlebars, preview: true }","meta":{"rootId":"pwwkom0t5ukwhhi","id":"pwwkom0t5ukwhhi"},"id":"4gtu80o9tl9i0hr","previousOperationId":"b5bqev45ku0dy1l"}
{"type":"log","timestamp":1705608178716,"level":"debug","message":"Data item not defined for this template.","meta":{"rootId":"pwwkom0t5ukwhhi","id":"pwwkom0t5ukwhhi"},"id":"jrger1vayjtgbw3","previousOperationId":"b5bqev45ku0dy1l"}
{"type":"log","timestamp":1705608178723,"level":"debug","message":"Executing script orders-script (beforeRender)","meta":{"rootId":"pwwkom0t5ukwhhi","id":"pwwkom0t5ukwhhi"},"id":"t3sox4najjalapk","previousOperationId":"b5bqev45ku0dy1l"}
{"type":"operationStart","subtype":"scriptsBeforeRender","name":"scripts beforeRender","timestamp":1705608179249,"id":"n0581f6bv9x94wc","previousEventId":"nt23xarriywu43i","operationId":"m6zad0u415yjb2v","previousOperationId":"b5bqev45ku0dy1l"}
{"type":"operationStart","subtype":"script","name":"scripts orders-script","previousOperationId":"m6zad0u415yjb2v","timestamp":1705608179250,"id":"e86a9fxxmnmvzhh","previousEventId":"n0581f6bv9x94wc","operationId":"l6s160so2swfctt"}
{"type":"log","timestamp":1705608179306,"level":"debug","message":"(console:log) [ 'Race1', 'Race2' ]","meta":{"userLevel":true,"rootId":"pwwkom0t5ukwhhi","id":"pwwkom0t5ukwhhi"},"id":"a3qo3la40pwf4yk","previousOperationId":"l6s160so2swfctt"}
{"type":"log","timestamp":1705608179307,"level":"debug","message":"(console:log) [ 2, 1 ]","meta":{"userLevel":true,"rootId":"pwwkom0t5ukwhhi","id":"pwwkom0t5ukwhhi"},"id":"6ugrfa5l00g7oov","previousOperationId":"l6s160so2swfctt"}
{"type":"operationEnd","operationId":"l6s160so2swfctt","timestamp":1705608179308,"id":"yozcdc7padp8b7q","previousEventId":"nt23xarriywu43i","previousOperationId":"b5bqev45ku0dy1l"}
{"type":"operationEnd","operationId":"m6zad0u415yjb2v","timestamp":1705608179309,"id":"ybhosskil1jlrjz","previousEventId":"yozcdc7padp8b7q","previousOperationId":"b5bqev45ku0dy1l"}
{"type":"log","timestamp":1705608179309,"level":"debug","message":"Base url not specified, skipping its injection.","meta":{"rootId":"pwwkom0t5ukwhhi","id":"pwwkom0t5ukwhhi"},"id":"jzvf1kh561gxphh","previousOperationId":"m6zad0u415yjb2v"}
{"type":"operationStart","subtype":"engine","name":"handlebars","timestamp":1705608179310,"id":"jbdsr77x3fu680t","previousEventId":"ybhosskil1jlrjz","operationId":"9zm81wjlfhe4qid","previousOperationId":"m6zad0u415yjb2v"}
{"type":"log","timestamp":1705608179310,"level":"debug","message":"Rendering engine handlebars","meta":{"rootId":"pwwkom0t5ukwhhi","id":"pwwkom0t5ukwhhi"},"id":"qz256gt87to3xjy","previousOperationId":"9zm81wjlfhe4qid"}
{"type":"log","timestamp":1705608179757,"level":"debug","message":"(console:log) Pdf utils adding group field, value: \"Race1\"","meta":{"userLevel":true,"rootId":"pwwkom0t5ukwhhi","id":"pwwkom0t5ukwhhi"},"id":"s6ekuyclehugcpa","previousOperationId":"9zm81wjlfhe4qid"}
{"type":"log","timestamp":1705608179758,"level":"debug","message":"(console:log) Pdf utils adding group field, value: \"Race2\"","meta":{"userLevel":true,"rootId":"pwwkom0t5ukwhhi","id":"pwwkom0t5ukwhhi"},"id":"mnigebbmidqh4ef","previousOperationId":"9zm81wjlfhe4qid"}
{"type":"operationEnd","operationId":"9zm81wjlfhe4qid","timestamp":1705608179758,"id":"mfn0n8ztn8ifpwz","previousEventId":"jbdsr77x3fu680t","previousOperationId":"9zm81wjlfhe4qid"}
{"type":"operationStart","subtype":"recipe","name":"chrome-pdf","timestamp":1705608179759,"id":"3nvjygl7h3ekctt","previousEventId":"mfn0n8ztn8ifpwz","operationId":"1nvxvouzc025z9t","previousOperationId":"9zm81wjlfhe4qid"}
{"type":"log","timestamp":1705608179759,"level":"debug","message":"Executing recipe chrome-pdf","meta":{"rootId":"pwwkom0t5ukwhhi","id":"pwwkom0t5ukwhhi"},"id":"tf7r82v2i15t8e0","previousOperationId":"1nvxvouzc025z9t"}
{"type":"log","timestamp":1705608180628,"level":"debug","message":"Converting with chrome HeadlessChrome/117.0.5938.149 using chrome-pool strategy","meta":{"rootId":"pwwkom0t5ukwhhi","id":"pwwkom0t5ukwhhi"},"id":"dqwbucplmc9ppl3","previousOperationId":"1nvxvouzc025z9t"}
{"type":"log","timestamp":1705608182330,"level":"debug","message":"Page request: GET (document) file:///C:/Users/DANIEL~1/AppData/Local/Temp/jsreport/autocleanup/e5fbd017-0177-466b-9894-8927e29bda03-chrome-pdf.html","meta":{"rootId":"pwwkom0t5ukwhhi","id":"pwwkom0t5ukwhhi"},"id":"f6l21yq6rjguus3","previousOperationId":"1nvxvouzc025z9t"}
{"type":"log","timestamp":1705608182404,"level":"debug","message":"Page request: GET (stylesheet) https://cdnjs.cloudflare.com/ajax/libs/metro/4.1.5/css/metro.min.css","meta":{"rootId":"pwwkom0t5ukwhhi","id":"pwwkom0t5ukwhhi"},"id":"oqs8ztc2h1fbw5a","previousOperationId":"1nvxvouzc025z9t"}
{"type":"log","timestamp":1705608182406,"level":"debug","message":"Page request: GET (script) https://cdn.jsdelivr.net/npm/chart.js","meta":{"rootId":"pwwkom0t5ukwhhi","id":"pwwkom0t5ukwhhi"},"id":"oo5bkry05mng2fv","previousOperationId":"1nvxvouzc025z9t"}
{"type":"log","timestamp":1705608182409,"level":"debug","message":"Page request finished: GET (document) 200 file:///C:/Users/DANIEL~1/AppData/Local/Temp/jsreport/autocleanup/e5fbd017-0177-466b-9894-8927e29bda03-chrome-pdf.html","meta":{"rootId":"pwwkom0t5ukwhhi","id":"pwwkom0t5ukwhhi"},"id":"itlh9gm9kzxluvp","previousOperationId":"1nvxvouzc025z9t"}
{"type":"log","timestamp":1705608182857,"level":"debug","message":"Page request finished: GET (stylesheet) 200 https://cdnjs.cloudflare.com/ajax/libs/metro/4.1.5/css/metro.min.css","meta":{"rootId":"pwwkom0t5ukwhhi","id":"pwwkom0t5ukwhhi"},"id":"4f5cqc9ea7xf9oh","previousOperationId":"1nvxvouzc025z9t"}
{"type":"log","timestamp":1705608182937,"level":"debug","message":"Page request finished: GET (script) 200 https://cdn.jsdelivr.net/npm/chart.js","meta":{"rootId":"pwwkom0t5ukwhhi","id":"pwwkom0t5ukwhhi"},"id":"t6t4745mhyt1zv5","previousOperationId":"1nvxvouzc025z9t"}
{"type":"log","timestamp":1705608182953,"level":"warn","message":"Page error: Unexpected token ';' , stack: SyntaxError: Unexpected token ';'","meta":{"rootId":"pwwkom0t5ukwhhi","id":"pwwkom0t5ukwhhi"},"id":"06ckxn720aidblg","previousOperationId":"1nvxvouzc025z9t"}
{"type":"log","timestamp":1705608183033,"level":"debug","message":"Running chrome with params {\"printBackground\":true,\"marginTop\":\"4cm\",\"marginRight\":\"1.5cm\",\"marginBottom\":\"1.5cm\",\"marginLeft\":\"1.5cm\",\"waitForJS\":false,\"timeout\":58298,\"margin\":{\"top\":\"4cm\",\"right\":\"1.5cm\",\"bottom\":\"1.5cm\",\"left\":\"1.5cm\"}}","meta":{"rootId":"pwwkom0t5ukwhhi","id":"pwwkom0t5ukwhhi"},"id":"uk3dnmvgozege1m","previousOperationId":"1nvxvouzc025z9t"}
{"type":"operationEnd","operationId":"1nvxvouzc025z9t","timestamp":1705608183273,"id":"nk6che877zsbj94","previousEventId":"3nvjygl7h3ekctt","previousOperationId":"1nvxvouzc025z9t"}
{"type":"log","timestamp":1705608183274,"level":"info","message":"pdf-utils is starting pdf processing","meta":{"rootId":"pwwkom0t5ukwhhi","id":"pwwkom0t5ukwhhi"},"id":"rf4umkcbpzhrzpc","previousOperationId":"1nvxvouzc025z9t"}
{"type":"operationStart","subtype":"pdfUtils","name":"pdf utils","timestamp":1705608183968,"id":"bbwuh2zutlwiae1","previousEventId":"nk6che877zsbj94","operationId":"jx4arstf64fq8so","previousOperationId":"1nvxvouzc025z9t"}
{"type":"log","timestamp":1705608183969,"level":"debug","message":"pdf-utils detected 1 pdf operation(s) to process","meta":{"rootId":"pwwkom0t5ukwhhi","id":"pwwkom0t5ukwhhi"},"id":"yp7kuk0zz9dzg98","previousOperationId":"jx4arstf64fq8so"}
{"type":"log","timestamp":1705608184840,"level":"debug","message":"pdf-utils running pdf operation merge","meta":{"rootId":"pwwkom0t5ukwhhi","id":"pwwkom0t5ukwhhi"},"id":"i87qbjqwj0grue9","previousOperationId":"jx4arstf64fq8so"}
{"type":"operationStart","subtype":"pdfUtilsMerge","name":"pdf utils merge","previousOperationId":"jx4arstf64fq8so","timestamp":1705608184840,"id":"ax3ojt7lhz7ogiy","previousEventId":"bbwuh2zutlwiae1","operationId":"qupsutrfa12nhil"}
{"type":"operationStart","subtype":"render","name":"orders-header","previousOperationId":"qupsutrfa12nhil","timestamp":1705608184849,"id":"et0t9w21x0p0ntp","previousEventId":"ax3ojt7lhz7ogiy","operationId":"7o6hlb6pfbz6bu1"}
{"type":"log","timestamp":1705608184849,"level":"info","message":"Starting rendering (child) request","meta":{"rootId":"pwwkom0t5ukwhhi","id":"1nj8lhvgn3srw2g"},"id":"kved6fpdvcofz5q","previousOperationId":"7o6hlb6pfbz6bu1"}
{"type":"log","timestamp":1705608184850,"level":"info","message":"Rendering template { name: orders-header, recipe: chrome-pdf, engine: handlebars, preview: true }","meta":{"rootId":"pwwkom0t5ukwhhi","id":"1nj8lhvgn3srw2g"},"id":"hw4zdayw6i0d4eo","previousOperationId":"7o6hlb6pfbz6bu1"}
{"type":"log","timestamp":1705608184867,"level":"debug","message":"Inline data specified.","meta":{"rootId":"pwwkom0t5ukwhhi","id":"1nj8lhvgn3srw2g"},"id":"ezx31njbjs3lu42","previousOperationId":"7o6hlb6pfbz6bu1"}
{"type":"log","timestamp":1705608184876,"level":"debug","message":"Base url not specified, skipping its injection.","meta":{"rootId":"pwwkom0t5ukwhhi","id":"1nj8lhvgn3srw2g"},"id":"cealdc2qgllloox","previousOperationId":"7o6hlb6pfbz6bu1"}
{"type":"operationStart","subtype":"engine","name":"handlebars","timestamp":1705608184877,"id":"nvx6pzzutsktnyt","previousEventId":"et0t9w21x0p0ntp","operationId":"8fh8s8onedsq3sa","previousOperationId":"7o6hlb6pfbz6bu1"}
{"type":"log","timestamp":1705608184877,"level":"debug","message":"Rendering engine handlebars","meta":{"rootId":"pwwkom0t5ukwhhi","id":"1nj8lhvgn3srw2g"},"id":"xcj1xjujg7xnsfp","previousOperationId":"8fh8s8onedsq3sa"}
{"type":"operationEnd","operationId":"8fh8s8onedsq3sa","timestamp":1705608184985,"id":"ai563vnwkb53rrm","previousEventId":"nvx6pzzutsktnyt","previousOperationId":"8fh8s8onedsq3sa"}
{"type":"operationStart","subtype":"recipe","name":"chrome-pdf","timestamp":1705608184986,"id":"u80vw0e30e6pc31","previousEventId":"ai563vnwkb53rrm","operationId":"kdckbim2t3pdjo8","previousOperationId":"8fh8s8onedsq3sa"}
{"type":"log","timestamp":1705608184986,"level":"debug","message":"Executing recipe chrome-pdf","meta":{"rootId":"pwwkom0t5ukwhhi","id":"1nj8lhvgn3srw2g"},"id":"dv80jamvfjlsyus","previousOperationId":"kdckbim2t3pdjo8"}
{"type":"log","timestamp":1705608184993,"level":"debug","message":"Converting with chrome HeadlessChrome/117.0.5938.149 using chrome-pool strategy","meta":{"rootId":"pwwkom0t5ukwhhi","id":"1nj8lhvgn3srw2g"},"id":"ndubrzsdnvest5e","previousOperationId":"kdckbim2t3pdjo8"}
{"type":"log","timestamp":1705608185231,"level":"debug","message":"Page request: GET (document) file:///C:/Users/DANIEL~1/AppData/Local/Temp/jsreport/autocleanup/ce01dcbf-60f5-4a7c-b5ab-a4a4be8e5a31-chrome-pdf.html","meta":{"rootId":"pwwkom0t5ukwhhi","id":"1nj8lhvgn3srw2g"},"id":"rq5lo9c5r10pz9z","previousOperationId":"kdckbim2t3pdjo8"}
{"type":"log","timestamp":1705608185255,"level":"debug","message":"Page request finished: GET (document) 200 file:///C:/Users/DANIEL~1/AppData/Local/Temp/jsreport/autocleanup/ce01dcbf-60f5-4a7c-b5ab-a4a4be8e5a31-chrome-pdf.html","meta":{"rootId":"pwwkom0t5ukwhhi","id":"1nj8lhvgn3srw2g"},"id":"jfkfrxf1epf4u95","previousOperationId":"kdckbim2t3pdjo8"}
{"type":"log","timestamp":1705608185257,"level":"debug","message":"Page request: GET (stylesheet) https://cdnjs.cloudflare.com/ajax/libs/metro/4.1.5/css/metro.min.css","meta":{"rootId":"pwwkom0t5ukwhhi","id":"1nj8lhvgn3srw2g"},"id":"96d8welhbbybucu","previousOperationId":"kdckbim2t3pdjo8"}
{"type":"log","timestamp":1705608185314,"level":"debug","message":"Page request finished: GET (stylesheet) 200 https://cdnjs.cloudflare.com/ajax/libs/metro/4.1.5/css/metro.min.css","meta":{"rootId":"pwwkom0t5ukwhhi","id":"1nj8lhvgn3srw2g"},"id":"dacsb5r9b1djts6","previousOperationId":"kdckbim2t3pdjo8"}
{"type":"log","timestamp":1705608185383,"level":"debug","message":"Running chrome with params {\"printBackground\":true,\"marginTop\":\"1.5cm\",\"marginRight\":\"1.5cm\",\"marginLeft\":\"1.cm\",\"timeout\":53697,\"margin\":{\"top\":\"1.5cm\",\"right\":\"1.5cm\",\"left\":\"1.cm\"}}","meta":{"rootId":"pwwkom0t5ukwhhi","id":"1nj8lhvgn3srw2g"},"id":"j9i5swcnzpm7k0x","previousOperationId":"kdckbim2t3pdjo8"}
{"type":"operationEnd","operationId":"kdckbim2t3pdjo8","timestamp":1705608185489,"id":"iq7klnchrwp69y8","previousEventId":"u80vw0e30e6pc31","previousOperationId":"kdckbim2t3pdjo8"}
{"type":"log","timestamp":1705608185491,"level":"debug","message":"Skipping storing report.","meta":{"rootId":"pwwkom0t5ukwhhi","id":"1nj8lhvgn3srw2g"},"id":"um698cdxc0wm31b","previousOperationId":"kdckbim2t3pdjo8"}
{"type":"log","timestamp":1705608185491,"level":"info","message":"Rendering (child) request finished in 6804 ms","meta":{"rootId":"pwwkom0t5ukwhhi","id":"1nj8lhvgn3srw2g"},"id":"rrkvqbak8vo55bk","previousOperationId":"kdckbim2t3pdjo8"}
{"type":"operationEnd","subtype":"render","operationId":"7o6hlb6pfbz6bu1","timestamp":1705608185492,"id":"ihdplsf14hxo5bn","previousEventId":"iq7klnchrwp69y8","previousOperationId":"kdckbim2t3pdjo8"}
{"type":"operationEnd","operationId":"qupsutrfa12nhil","timestamp":1705608185575,"id":"74idinvjb3p3htj","previousEventId":"ax3ojt7lhz7ogiy","previousOperationId":"qupsutrfa12nhil"}
{"type":"log","timestamp":1705608185575,"level":"debug","message":"pdf-utils postproces start","meta":{"rootId":"pwwkom0t5ukwhhi","id":"pwwkom0t5ukwhhi"},"id":"uh59abzik7egmak","previousOperationId":"qupsutrfa12nhil"}
{"type":"log","timestamp":1705608185635,"level":"debug","message":"pdf-utils postproces end","meta":{"rootId":"pwwkom0t5ukwhhi","id":"pwwkom0t5ukwhhi"},"id":"mlxc93j1i3r18na","previousOperationId":"qupsutrfa12nhil"}
{"type":"operationEnd","operationId":"jx4arstf64fq8so","timestamp":1705608185635,"id":"71m17kmv394f3js","previousEventId":"74idinvjb3p3htj","previousOperationId":"qupsutrfa12nhil"}
{"type":"log","timestamp":1705608185635,"level":"info","message":"pdf-utils pdf processing was finished","meta":{"rootId":"pwwkom0t5ukwhhi","id":"pwwkom0t5ukwhhi"},"id":"8510o1zr7aalrv9","previousOperationId":"jx4arstf64fq8so"}
{"type":"log","timestamp":1705608185635,"level":"debug","message":"Skipping storing report.","meta":{"rootId":"pwwkom0t5ukwhhi","id":"pwwkom0t5ukwhhi"},"id":"eb9qkkcifrvmume","previousOperationId":"jx4arstf64fq8so"}
{"type":"log","timestamp":1705608185636,"level":"info","message":"Rendering request 4 finished in 6948 ms","meta":{"rootId":"pwwkom0t5ukwhhi","id":"pwwkom0t5ukwhhi"},"id":"ujqacog10wl1exh","previousOperationId":"jx4arstf64fq8so"}
{"type":"operationEnd","subtype":"render","operationId":"b5bqev45ku0dy1l","timestamp":1705608185636,"id":"pwjovqve504i25p","previousEventId":"71m17kmv394f3js","previousOperationId":"jx4arstf64fq8so"}
{"type":"operationEnd","doDiffs":false,"previousEventId":"tu5p7gceztmk5ik","previousOperationId":"7hnv6icwdrc78uv","operationId":"7hnv6icwdrc78uv","timestamp":1705608185668,"id":"pid219vanhgz4sn"}
