{"type":"operationStart","subtype":"profile","data":{"_id":"KAXkhoB1W62sVvkz","timestamp":"2024-02-19T16:22:13.736Z","state":"queued","mode":"standard","creationDate":"2024-02-19T16:22:13.737Z","modificationDate":"2024-02-19T16:22:13.737Z","shortid":"3nUfVE6","$entitySet":"profiles"},"doDiffs":false,"timestamp":1708359733737,"id":"zbiee3yhmb8lkq1","previousOperationId":null,"operationId":"1x6axh1i1f4xlq1"}
{"type":"log","level":"info","message":"Render request 7 queued for execution and waiting for available worker","previousOperationId":"1x6axh1i1f4xlq1","timestamp":1708359733737,"id":"pmhmvqbdr7roz8r"}
{"type":"operationStart","subtype":"render","name":"orders-main","previousOperationId":"1x6axh1i1f4xlq1","timestamp":1708359733746,"id":"7fy63vkdvmodhak","previousEventId":"zbiee3yhmb8lkq1","operationId":"b2gaanliyz7qk17"}
{"type":"log","timestamp":1708359733747,"level":"info","message":"Starting rendering request 7","meta":{"rootId":"pzhmzojhlyd43mr","id":"pzhmzojhlyd43mr"},"id":"tjxl0351zo5af70","previousOperationId":"b2gaanliyz7qk17"}
{"type":"log","timestamp":1708359733748,"level":"info","message":"Rendering template { name: orders-main, recipe: chrome-pdf, engine: handlebars, preview: true }","meta":{"rootId":"pzhmzojhlyd43mr","id":"pzhmzojhlyd43mr"},"id":"j86607lt1tunawm","previousOperationId":"b2gaanliyz7qk17"}
{"type":"log","timestamp":1708359733751,"level":"debug","message":"Data item not defined for this template.","meta":{"rootId":"pzhmzojhlyd43mr","id":"pzhmzojhlyd43mr"},"id":"6g1hppfjsz9xgm7","previousOperationId":"b2gaanliyz7qk17"}
{"type":"log","timestamp":1708359733754,"level":"debug","message":"Executing script orders-script (beforeRender)","meta":{"rootId":"pzhmzojhlyd43mr","id":"pzhmzojhlyd43mr"},"id":"brczbs2b1pxtm7i","previousOperationId":"b2gaanliyz7qk17"}
{"type":"operationStart","subtype":"scriptsBeforeRender","name":"scripts beforeRender","timestamp":1708359733890,"id":"x69g3ypn0kz0005","previousEventId":"7fy63vkdvmodhak","operationId":"vsezp9qqt4epq3c","previousOperationId":"b2gaanliyz7qk17"}
{"type":"operationStart","subtype":"script","name":"scripts orders-script","previousOperationId":"vsezp9qqt4epq3c","timestamp":1708359733890,"id":"byzmufo9wfsildj","previousEventId":"x69g3ypn0kz0005","operationId":"3mniucmd84d3shx"}
{"type":"log","timestamp":1708359733907,"level":"debug","message":"(console:log) [ 'ola' ]","meta":{"userLevel":true,"rootId":"pzhmzojhlyd43mr","id":"pzhmzojhlyd43mr"},"id":"q5a51hfnalecwye","previousOperationId":"3mniucmd84d3shx"}
{"type":"log","timestamp":1708359733907,"level":"debug","message":"(console:log) [ 1 ]","meta":{"userLevel":true,"rootId":"pzhmzojhlyd43mr","id":"pzhmzojhlyd43mr"},"id":"ukboyjn6s9nt9rv","previousOperationId":"3mniucmd84d3shx"}
{"type":"operationEnd","operationId":"3mniucmd84d3shx","timestamp":1708359733908,"id":"3rbqhnzvmhgwors","previousEventId":"7fy63vkdvmodhak","previousOperationId":"b2gaanliyz7qk17"}
{"type":"operationEnd","operationId":"vsezp9qqt4epq3c","timestamp":1708359733908,"id":"umi22gyigfn5m8v","previousEventId":"3rbqhnzvmhgwors","previousOperationId":"b2gaanliyz7qk17"}
{"type":"log","timestamp":1708359733908,"level":"debug","message":"Base url not specified, skipping its injection.","meta":{"rootId":"pzhmzojhlyd43mr","id":"pzhmzojhlyd43mr"},"id":"41u0mt1i5da21t7","previousOperationId":"vsezp9qqt4epq3c"}
{"type":"operationStart","subtype":"engine","name":"handlebars","timestamp":1708359733908,"id":"2vddq4je6yb1ig9","previousEventId":"umi22gyigfn5m8v","operationId":"s19kkeau9y90k85","previousOperationId":"vsezp9qqt4epq3c"}
{"type":"log","timestamp":1708359733908,"level":"debug","message":"Rendering engine handlebars","meta":{"rootId":"pzhmzojhlyd43mr","id":"pzhmzojhlyd43mr"},"id":"xdi34ycu850plv3","previousOperationId":"s19kkeau9y90k85"}
{"type":"log","timestamp":1708359734069,"level":"debug","message":"(console:log) Pdf utils adding group field, value: \"ola\"","meta":{"userLevel":true,"rootId":"pzhmzojhlyd43mr","id":"pzhmzojhlyd43mr"},"id":"37ykzr31psmuo97","previousOperationId":"s19kkeau9y90k85"}
{"type":"operationEnd","operationId":"s19kkeau9y90k85","timestamp":1708359734069,"id":"rn7lk2z78flx7pt","previousEventId":"2vddq4je6yb1ig9","previousOperationId":"s19kkeau9y90k85"}
{"type":"operationStart","subtype":"recipe","name":"chrome-pdf","timestamp":1708359734070,"id":"edvkjlws21cp0sh","previousEventId":"rn7lk2z78flx7pt","operationId":"eulqquigbfx05b0","previousOperationId":"s19kkeau9y90k85"}
{"type":"log","timestamp":1708359734070,"level":"debug","message":"Executing recipe chrome-pdf","meta":{"rootId":"pzhmzojhlyd43mr","id":"pzhmzojhlyd43mr"},"id":"eo9sihr2ev5dje3","previousOperationId":"eulqquigbfx05b0"}
{"type":"log","timestamp":1708359734558,"level":"debug","message":"Converting with chrome HeadlessChrome/117.0.5938.149 using chrome-pool strategy","meta":{"rootId":"pzhmzojhlyd43mr","id":"pzhmzojhlyd43mr"},"id":"cdjvjb03n9rkljf","previousOperationId":"eulqquigbfx05b0"}
{"type":"log","timestamp":1708359734609,"level":"debug","message":"Page request: GET (document) file:///var/folders/tp/6hccbwhd41s4hkmxw_2wkz640000gn/T/jsreport/autocleanup/8d5a7233-1210-4ebf-8555-6eb543619f21-chrome-pdf.html","meta":{"rootId":"pzhmzojhlyd43mr","id":"pzhmzojhlyd43mr"},"id":"lkwqg3q0ar6folm","previousOperationId":"eulqquigbfx05b0"}
{"type":"log","timestamp":1708359734614,"level":"debug","message":"Page request: GET (stylesheet) https://cdnjs.cloudflare.com/ajax/libs/metro/4.1.5/css/metro.min.css","meta":{"rootId":"pzhmzojhlyd43mr","id":"pzhmzojhlyd43mr"},"id":"0w1ltnxx6znihya","previousOperationId":"eulqquigbfx05b0"}
{"type":"log","timestamp":1708359734615,"level":"debug","message":"Page request: GET (script) https://cdn.jsdelivr.net/npm/chart.js","meta":{"rootId":"pzhmzojhlyd43mr","id":"pzhmzojhlyd43mr"},"id":"b6bkgnnc36mirw2","previousOperationId":"eulqquigbfx05b0"}
{"type":"log","timestamp":1708359734615,"level":"debug","message":"Page request finished: GET (document) 200 file:///var/folders/tp/6hccbwhd41s4hkmxw_2wkz640000gn/T/jsreport/autocleanup/8d5a7233-1210-4ebf-8555-6eb543619f21-chrome-pdf.html","meta":{"rootId":"pzhmzojhlyd43mr","id":"pzhmzojhlyd43mr"},"id":"tbe9vuk3srt2f70","previousOperationId":"eulqquigbfx05b0"}
{"type":"log","timestamp":1708359735024,"level":"debug","message":"Page request finished: GET (stylesheet) 200 https://cdnjs.cloudflare.com/ajax/libs/metro/4.1.5/css/metro.min.css","meta":{"rootId":"pzhmzojhlyd43mr","id":"pzhmzojhlyd43mr"},"id":"wfrtai7yvmshwl6","previousOperationId":"eulqquigbfx05b0"}
{"type":"log","timestamp":1708359735090,"level":"debug","message":"Page request finished: GET (script) 200 https://cdn.jsdelivr.net/npm/chart.js","meta":{"rootId":"pzhmzojhlyd43mr","id":"pzhmzojhlyd43mr"},"id":"mjuhg45ewlf7yvq","previousOperationId":"eulqquigbfx05b0"}
{"type":"log","timestamp":1708359735153,"level":"debug","message":"Running chrome with params {\"printBackground\":true,\"marginTop\":\"4cm\",\"marginRight\":\"1.5cm\",\"marginBottom\":\"1.5cm\",\"marginLeft\":\"1.5cm\",\"waitForJS\":false,\"timeout\":59485,\"margin\":{\"top\":\"4cm\",\"right\":\"1.5cm\",\"bottom\":\"1.5cm\",\"left\":\"1.5cm\"}}","meta":{"rootId":"pzhmzojhlyd43mr","id":"pzhmzojhlyd43mr"},"id":"fyuzzj7lrb1gl11","previousOperationId":"eulqquigbfx05b0"}
{"type":"operationEnd","operationId":"eulqquigbfx05b0","timestamp":1708359735186,"id":"2if27b3iqa7gbin","previousEventId":"edvkjlws21cp0sh","previousOperationId":"eulqquigbfx05b0"}
{"type":"log","timestamp":1708359735186,"level":"info","message":"pdf-utils is starting pdf processing","meta":{"rootId":"pzhmzojhlyd43mr","id":"pzhmzojhlyd43mr"},"id":"qxanltphdp2n1ex","previousOperationId":"eulqquigbfx05b0"}
{"type":"operationStart","subtype":"pdfUtils","name":"pdf utils","timestamp":1708359735292,"id":"39pj9bak58xhr5s","previousEventId":"2if27b3iqa7gbin","operationId":"v7fgv1swd98jkmj","previousOperationId":"eulqquigbfx05b0"}
{"type":"log","timestamp":1708359735292,"level":"debug","message":"pdf-utils detected 1 pdf operation(s) to process","meta":{"rootId":"pzhmzojhlyd43mr","id":"pzhmzojhlyd43mr"},"id":"t49puoj9ove04zs","previousOperationId":"v7fgv1swd98jkmj"}
{"type":"log","timestamp":1708359735417,"level":"debug","message":"pdf-utils running pdf operation merge","meta":{"rootId":"pzhmzojhlyd43mr","id":"pzhmzojhlyd43mr"},"id":"3ts3iebsbmaskx8","previousOperationId":"v7fgv1swd98jkmj"}
{"type":"operationStart","subtype":"pdfUtilsMerge","name":"pdf utils merge","previousOperationId":"v7fgv1swd98jkmj","timestamp":1708359735417,"id":"sz6gv0dud8h947v","previousEventId":"39pj9bak58xhr5s","operationId":"vaxokh4kf3uxblt"}
{"type":"operationStart","subtype":"render","name":"orders-header","previousOperationId":"vaxokh4kf3uxblt","timestamp":1708359735419,"id":"k8wwx8cl6t1jqdc","previousEventId":"sz6gv0dud8h947v","operationId":"milzpp1tuxyi3bx"}
{"type":"log","timestamp":1708359735419,"level":"info","message":"Starting rendering (child) request","meta":{"rootId":"pzhmzojhlyd43mr","id":"ozdz9h2gfv1f3vi"},"id":"1slb014zd8lxbh9","previousOperationId":"milzpp1tuxyi3bx"}
{"type":"log","timestamp":1708359735419,"level":"info","message":"Rendering template { name: orders-header, recipe: chrome-pdf, engine: handlebars, preview: true }","meta":{"rootId":"pzhmzojhlyd43mr","id":"ozdz9h2gfv1f3vi"},"id":"ur1bmtexknmlv1z","previousOperationId":"milzpp1tuxyi3bx"}
{"type":"log","timestamp":1708359735422,"level":"debug","message":"Inline data specified.","meta":{"rootId":"pzhmzojhlyd43mr","id":"ozdz9h2gfv1f3vi"},"id":"x66rzjq5sz6vqh8","previousOperationId":"milzpp1tuxyi3bx"}
{"type":"log","timestamp":1708359735423,"level":"debug","message":"Base url not specified, skipping its injection.","meta":{"rootId":"pzhmzojhlyd43mr","id":"ozdz9h2gfv1f3vi"},"id":"x7syz6vv32dlhet","previousOperationId":"milzpp1tuxyi3bx"}
{"type":"operationStart","subtype":"engine","name":"handlebars","timestamp":1708359735423,"id":"ljze61cza91dj0i","previousEventId":"k8wwx8cl6t1jqdc","operationId":"hvo30nb48g5i5po","previousOperationId":"milzpp1tuxyi3bx"}
{"type":"log","timestamp":1708359735423,"level":"debug","message":"Rendering engine handlebars","meta":{"rootId":"pzhmzojhlyd43mr","id":"ozdz9h2gfv1f3vi"},"id":"vec0ngu5ky30eiu","previousOperationId":"hvo30nb48g5i5po"}
{"type":"operationEnd","operationId":"hvo30nb48g5i5po","timestamp":1708359735434,"id":"vtrb95u0tg7fjrv","previousEventId":"ljze61cza91dj0i","previousOperationId":"hvo30nb48g5i5po"}
{"type":"operationStart","subtype":"recipe","name":"chrome-pdf","timestamp":1708359735434,"id":"g4mcdail4xrp2ms","previousEventId":"vtrb95u0tg7fjrv","operationId":"fi3rbpzcs3s5or2","previousOperationId":"hvo30nb48g5i5po"}
{"type":"log","timestamp":1708359735434,"level":"debug","message":"Executing recipe chrome-pdf","meta":{"rootId":"pzhmzojhlyd43mr","id":"ozdz9h2gfv1f3vi"},"id":"3yozdlwoefuk2wf","previousOperationId":"fi3rbpzcs3s5or2"}
{"type":"log","timestamp":1708359735435,"level":"debug","message":"Converting with chrome HeadlessChrome/117.0.5938.149 using chrome-pool strategy","meta":{"rootId":"pzhmzojhlyd43mr","id":"ozdz9h2gfv1f3vi"},"id":"9znmxe5fn1g5tbs","previousOperationId":"fi3rbpzcs3s5or2"}
{"type":"log","timestamp":1708359735476,"level":"debug","message":"Page request: GET (document) file:///var/folders/tp/6hccbwhd41s4hkmxw_2wkz640000gn/T/jsreport/autocleanup/a4508915-d801-457c-ad31-610d1c36c9bf-chrome-pdf.html","meta":{"rootId":"pzhmzojhlyd43mr","id":"ozdz9h2gfv1f3vi"},"id":"gz10os6bb9w1m00","previousOperationId":"fi3rbpzcs3s5or2"}
{"type":"log","timestamp":1708359735482,"level":"debug","message":"Page request: GET (stylesheet) https://cdnjs.cloudflare.com/ajax/libs/metro/4.1.5/css/metro.min.css","meta":{"rootId":"pzhmzojhlyd43mr","id":"ozdz9h2gfv1f3vi"},"id":"ffhrch7f0heikcw","previousOperationId":"fi3rbpzcs3s5or2"}
{"type":"log","timestamp":1708359735482,"level":"debug","message":"Page request finished: GET (document) 200 file:///var/folders/tp/6hccbwhd41s4hkmxw_2wkz640000gn/T/jsreport/autocleanup/a4508915-d801-457c-ad31-610d1c36c9bf-chrome-pdf.html","meta":{"rootId":"pzhmzojhlyd43mr","id":"ozdz9h2gfv1f3vi"},"id":"qjnswy5jwyybp5s","previousOperationId":"fi3rbpzcs3s5or2"}
{"type":"log","timestamp":1708359735489,"level":"debug","message":"Page request finished: GET (stylesheet) 200 https://cdnjs.cloudflare.com/ajax/libs/metro/4.1.5/css/metro.min.css","meta":{"rootId":"pzhmzojhlyd43mr","id":"ozdz9h2gfv1f3vi"},"id":"zkusn2ou280cb5v","previousOperationId":"fi3rbpzcs3s5or2"}
{"type":"log","timestamp":1708359735506,"level":"debug","message":"Running chrome with params {\"printBackground\":true,\"marginTop\":\"1.5cm\",\"marginRight\":\"1.5cm\",\"marginLeft\":\"1.cm\",\"timeout\":58302,\"margin\":{\"top\":\"1.5cm\",\"right\":\"1.5cm\",\"left\":\"1.cm\"}}","meta":{"rootId":"pzhmzojhlyd43mr","id":"ozdz9h2gfv1f3vi"},"id":"5colu62762wntsw","previousOperationId":"fi3rbpzcs3s5or2"}
{"type":"operationEnd","operationId":"fi3rbpzcs3s5or2","timestamp":1708359735525,"id":"4nh75z5z1e1j7tu","previousEventId":"g4mcdail4xrp2ms","previousOperationId":"fi3rbpzcs3s5or2"}
{"type":"log","timestamp":1708359735526,"level":"debug","message":"Skipping storing report.","meta":{"rootId":"pzhmzojhlyd43mr","id":"ozdz9h2gfv1f3vi"},"id":"8rvw0a1j26dfafe","previousOperationId":"fi3rbpzcs3s5or2"}
{"type":"log","timestamp":1708359735526,"level":"info","message":"Rendering (child) request finished in 1790 ms","meta":{"rootId":"pzhmzojhlyd43mr","id":"ozdz9h2gfv1f3vi"},"id":"akoyu301l4byps4","previousOperationId":"fi3rbpzcs3s5or2"}
{"type":"operationEnd","subtype":"render","operationId":"milzpp1tuxyi3bx","timestamp":1708359735526,"id":"alruzs0q1s0gj2b","previousEventId":"4nh75z5z1e1j7tu","previousOperationId":"fi3rbpzcs3s5or2"}
{"type":"operationEnd","operationId":"vaxokh4kf3uxblt","timestamp":1708359735558,"id":"kwy8na9x3q7fai8","previousEventId":"sz6gv0dud8h947v","previousOperationId":"vaxokh4kf3uxblt"}
{"type":"log","timestamp":1708359735558,"level":"debug","message":"pdf-utils postproces start","meta":{"rootId":"pzhmzojhlyd43mr","id":"pzhmzojhlyd43mr"},"id":"q6g5etr9rdinpd5","previousOperationId":"vaxokh4kf3uxblt"}
{"type":"log","timestamp":1708359735578,"level":"debug","message":"pdf-utils postproces end","meta":{"rootId":"pzhmzojhlyd43mr","id":"pzhmzojhlyd43mr"},"id":"1x1p3ox8n4ctpmw","previousOperationId":"vaxokh4kf3uxblt"}
{"type":"operationEnd","operationId":"v7fgv1swd98jkmj","timestamp":1708359735578,"id":"raarc9487bklniq","previousEventId":"kwy8na9x3q7fai8","previousOperationId":"vaxokh4kf3uxblt"}
{"type":"log","timestamp":1708359735578,"level":"info","message":"pdf-utils pdf processing was finished","meta":{"rootId":"pzhmzojhlyd43mr","id":"pzhmzojhlyd43mr"},"id":"8lb37n25azh3rg8","previousOperationId":"v7fgv1swd98jkmj"}
{"type":"log","timestamp":1708359735578,"level":"debug","message":"Skipping storing report.","meta":{"rootId":"pzhmzojhlyd43mr","id":"pzhmzojhlyd43mr"},"id":"51yolrjxfndfwxz","previousOperationId":"v7fgv1swd98jkmj"}
{"type":"log","timestamp":1708359735578,"level":"info","message":"Rendering request 7 finished in 1842 ms","meta":{"rootId":"pzhmzojhlyd43mr","id":"pzhmzojhlyd43mr"},"id":"45agzzn3comwpay","previousOperationId":"v7fgv1swd98jkmj"}
{"type":"operationEnd","subtype":"render","operationId":"b2gaanliyz7qk17","timestamp":1708359735578,"id":"50t9bbsb804opgx","previousEventId":"raarc9487bklniq","previousOperationId":"v7fgv1swd98jkmj"}
{"type":"operationEnd","doDiffs":false,"previousEventId":"zbiee3yhmb8lkq1","previousOperationId":"1x6axh1i1f4xlq1","operationId":"1x6axh1i1f4xlq1","timestamp":1708359735582,"id":"z7up0mg49yqgvoo"}
