{"type":"operationStart","subtype":"profile","data":{"_id":"0KBsXH28m1A0EMXw","timestamp":"2024-01-18T16:49:12.563Z","state":"queued","mode":"standard","creationDate":"2024-01-18T16:49:12.565Z","modificationDate":"2024-01-18T16:49:12.565Z","shortid":"vw1owoy","$entitySet":"profiles"},"doDiffs":false,"timestamp":1705596552564,"id":"25vyy1jxt3dxxgu","previousOperationId":null,"operationId":"jjrp1tiln5v9g6m"}
{"type":"log","level":"info","message":"Render request 68 queued for execution and waiting for available worker","previousOperationId":"jjrp1tiln5v9g6m","timestamp":1705596552564,"id":"laegwrsodfd26cq"}
{"type":"operationStart","subtype":"render","name":"orders-main","previousOperationId":"jjrp1tiln5v9g6m","timestamp":1705596552570,"id":"0ilb6l404uyaiiw","previousEventId":"25vyy1jxt3dxxgu","operationId":"qxc26xc0rybvrdl"}
{"type":"log","timestamp":1705596552570,"level":"info","message":"Starting rendering request 68","meta":{"rootId":"q1yyczdwzvuocrr","id":"q1yyczdwzvuocrr"},"id":"8lu5sko5a9l4pte","previousOperationId":"qxc26xc0rybvrdl"}
{"type":"log","timestamp":1705596552570,"level":"info","message":"Rendering template { name: orders-main, recipe: chrome-pdf, engine: handlebars, preview: true }","meta":{"rootId":"q1yyczdwzvuocrr","id":"q1yyczdwzvuocrr"},"id":"cspodvswm37hv7y","previousOperationId":"qxc26xc0rybvrdl"}
{"type":"log","timestamp":1705596552571,"level":"debug","message":"Data item not defined for this template.","meta":{"rootId":"q1yyczdwzvuocrr","id":"q1yyczdwzvuocrr"},"id":"p8cv3otru2zu08r","previousOperationId":"qxc26xc0rybvrdl"}
{"type":"log","timestamp":1705596552571,"level":"debug","message":"Executing script orders-script (beforeRender)","meta":{"rootId":"q1yyczdwzvuocrr","id":"q1yyczdwzvuocrr"},"id":"b93c103814p4wfm","previousOperationId":"qxc26xc0rybvrdl"}
{"type":"operationStart","subtype":"scriptsBeforeRender","name":"scripts beforeRender","timestamp":1705596552588,"id":"j7jvv40inpxy589","previousEventId":"0ilb6l404uyaiiw","operationId":"ito40qbchwwclj7","previousOperationId":"qxc26xc0rybvrdl"}
{"type":"operationStart","subtype":"script","name":"scripts orders-script","previousOperationId":"ito40qbchwwclj7","timestamp":1705596552588,"id":"sqia0imamhzz81i","previousEventId":"j7jvv40inpxy589","operationId":"y91t9bl5ffi9eu4"}
{"type":"log","timestamp":1705596552600,"level":"debug","message":"(console:log) [2, 1,]","meta":{"userLevel":true,"rootId":"q1yyczdwzvuocrr","id":"q1yyczdwzvuocrr"},"id":"3qx149t8vnlg89w","previousOperationId":"y91t9bl5ffi9eu4"}
{"type":"log","timestamp":1705596552600,"level":"debug","message":"(console:log) [\"Race1\", \"Race2\",]","meta":{"userLevel":true,"rootId":"q1yyczdwzvuocrr","id":"q1yyczdwzvuocrr"},"id":"q1557n8rgd69e7i","previousOperationId":"y91t9bl5ffi9eu4"}
{"type":"operationEnd","operationId":"y91t9bl5ffi9eu4","timestamp":1705596552600,"id":"sxj2h6bjtugmer0","previousEventId":"0ilb6l404uyaiiw","previousOperationId":"qxc26xc0rybvrdl"}
{"type":"operationEnd","operationId":"ito40qbchwwclj7","timestamp":1705596552600,"id":"dbquo3pnpbulut7","previousEventId":"sxj2h6bjtugmer0","previousOperationId":"qxc26xc0rybvrdl"}
{"type":"log","timestamp":1705596552600,"level":"debug","message":"Base url not specified, skipping its injection.","meta":{"rootId":"q1yyczdwzvuocrr","id":"q1yyczdwzvuocrr"},"id":"j0xfby1qgytst8z","previousOperationId":"ito40qbchwwclj7"}
{"type":"operationStart","subtype":"engine","name":"handlebars","timestamp":1705596552600,"id":"w2qo0osd9qtm2di","previousEventId":"dbquo3pnpbulut7","operationId":"j5tco7pyd5gbgk9","previousOperationId":"ito40qbchwwclj7"}
{"type":"log","timestamp":1705596552600,"level":"debug","message":"Rendering engine handlebars","meta":{"rootId":"q1yyczdwzvuocrr","id":"q1yyczdwzvuocrr"},"id":"p1hf7981nda2dor","previousOperationId":"j5tco7pyd5gbgk9"}
{"type":"log","timestamp":1705596552609,"level":"debug","message":"(console:log) Pdf utils adding group field, value: \"Race1\"","meta":{"userLevel":true,"rootId":"q1yyczdwzvuocrr","id":"q1yyczdwzvuocrr"},"id":"tqi7l6a51uauy9u","previousOperationId":"j5tco7pyd5gbgk9"}
{"type":"log","timestamp":1705596552609,"level":"debug","message":"(console:log) Pdf utils adding group field, value: \"Race2\"","meta":{"userLevel":true,"rootId":"q1yyczdwzvuocrr","id":"q1yyczdwzvuocrr"},"id":"ufy3yw8ixswrlqz","previousOperationId":"j5tco7pyd5gbgk9"}
{"type":"operationEnd","operationId":"j5tco7pyd5gbgk9","timestamp":1705596552609,"id":"jcwl78cjw88hify","previousEventId":"w2qo0osd9qtm2di","previousOperationId":"j5tco7pyd5gbgk9"}
{"type":"operationStart","subtype":"recipe","name":"chrome-pdf","timestamp":1705596552609,"id":"wq0k8lz7mditjpa","previousEventId":"jcwl78cjw88hify","operationId":"n7130tyhwws0gp3","previousOperationId":"j5tco7pyd5gbgk9"}
{"type":"log","timestamp":1705596552609,"level":"debug","message":"Executing recipe chrome-pdf","meta":{"rootId":"q1yyczdwzvuocrr","id":"q1yyczdwzvuocrr"},"id":"4oqhw5epj5vl6c9","previousOperationId":"n7130tyhwws0gp3"}
{"type":"log","timestamp":1705596552727,"level":"debug","message":"Converting with chrome HeadlessChrome/117.0.5938.149 using chrome-pool strategy","meta":{"rootId":"q1yyczdwzvuocrr","id":"q1yyczdwzvuocrr"},"id":"r1uoutlpu94labs","previousOperationId":"n7130tyhwws0gp3"}
{"type":"log","timestamp":1705596554056,"level":"debug","message":"Page request: GET (document) file:///C:/Users/DANIEL~1/AppData/Local/Temp/jsreport/autocleanup/f11d6a21-aec3-43a1-a0b5-77179b9910ca-chrome-pdf.html","meta":{"rootId":"q1yyczdwzvuocrr","id":"q1yyczdwzvuocrr"},"id":"6oi0uieuvq5s781","previousOperationId":"n7130tyhwws0gp3"}
{"type":"log","timestamp":1705596554073,"level":"debug","message":"Page request: GET (stylesheet) https://cdnjs.cloudflare.com/ajax/libs/metro/4.1.5/css/metro.min.css","meta":{"rootId":"q1yyczdwzvuocrr","id":"q1yyczdwzvuocrr"},"id":"vkn49v8itfq2u0p","previousOperationId":"n7130tyhwws0gp3"}
{"type":"log","timestamp":1705596554073,"level":"debug","message":"Page request: GET (script) https://cdnjs.cloudflare.com/ajax/libs/Chart.js/2.9.4/Chart.js","meta":{"rootId":"q1yyczdwzvuocrr","id":"q1yyczdwzvuocrr"},"id":"f5yxn9gqpmk9smc","previousOperationId":"n7130tyhwws0gp3"}
{"type":"log","timestamp":1705596554074,"level":"debug","message":"Page request finished: GET (document) 200 file:///C:/Users/DANIEL~1/AppData/Local/Temp/jsreport/autocleanup/f11d6a21-aec3-43a1-a0b5-77179b9910ca-chrome-pdf.html","meta":{"rootId":"q1yyczdwzvuocrr","id":"q1yyczdwzvuocrr"},"id":"grglwn2bv772z1z","previousOperationId":"n7130tyhwws0gp3"}
{"type":"log","timestamp":1705596554244,"level":"debug","message":"Page request finished: GET (script) 200 https://cdnjs.cloudflare.com/ajax/libs/Chart.js/2.9.4/Chart.js","meta":{"rootId":"q1yyczdwzvuocrr","id":"q1yyczdwzvuocrr"},"id":"1of2lbifwk8a902","previousOperationId":"n7130tyhwws0gp3"}
{"type":"log","timestamp":1705596554274,"level":"debug","message":"Page request finished: GET (stylesheet) 200 https://cdnjs.cloudflare.com/ajax/libs/metro/4.1.5/css/metro.min.css","meta":{"rootId":"q1yyczdwzvuocrr","id":"q1yyczdwzvuocrr"},"id":"r1xrl5npjxzdww4","previousOperationId":"n7130tyhwws0gp3"}
{"type":"log","timestamp":1705596554278,"level":"warn","message":"Page error: Unexpected token '&' , stack: SyntaxError: Unexpected token '&'","meta":{"rootId":"q1yyczdwzvuocrr","id":"q1yyczdwzvuocrr"},"id":"od1se53elaajb1c","previousOperationId":"n7130tyhwws0gp3"}
{"type":"log","timestamp":1705596554299,"level":"debug","message":"Running chrome with params {\"printBackground\":true,\"marginTop\":\"4cm\",\"marginRight\":\"1.5cm\",\"marginBottom\":\"1.5cm\",\"marginLeft\":\"1.5cm\",\"waitForJS\":false,\"timeout\":59951,\"margin\":{\"top\":\"4cm\",\"right\":\"1.5cm\",\"bottom\":\"1.5cm\",\"left\":\"1.5cm\"}}","meta":{"rootId":"q1yyczdwzvuocrr","id":"q1yyczdwzvuocrr"},"id":"lj882zo0j8zlyd1","previousOperationId":"n7130tyhwws0gp3"}
{"type":"operationEnd","operationId":"n7130tyhwws0gp3","timestamp":1705596554358,"id":"qyjup4ol6y1l3dv","previousEventId":"wq0k8lz7mditjpa","previousOperationId":"n7130tyhwws0gp3"}
{"type":"log","timestamp":1705596554358,"level":"info","message":"pdf-utils is starting pdf processing","meta":{"rootId":"q1yyczdwzvuocrr","id":"q1yyczdwzvuocrr"},"id":"7a8l08sp3z8l9uh","previousOperationId":"n7130tyhwws0gp3"}
{"type":"operationStart","subtype":"pdfUtils","name":"pdf utils","timestamp":1705596554359,"id":"bpwz25cgufoduxp","previousEventId":"qyjup4ol6y1l3dv","operationId":"k29l8s6ykv1rwgq","previousOperationId":"n7130tyhwws0gp3"}
{"type":"log","timestamp":1705596554359,"level":"debug","message":"pdf-utils detected 1 pdf operation(s) to process","meta":{"rootId":"q1yyczdwzvuocrr","id":"q1yyczdwzvuocrr"},"id":"i805s7hl1x3kkej","previousOperationId":"k29l8s6ykv1rwgq"}
{"type":"log","timestamp":1705596554371,"level":"debug","message":"pdf-utils running pdf operation merge","meta":{"rootId":"q1yyczdwzvuocrr","id":"q1yyczdwzvuocrr"},"id":"z45mxnujw1nsbyv","previousOperationId":"k29l8s6ykv1rwgq"}
{"type":"operationStart","subtype":"pdfUtilsMerge","name":"pdf utils merge","previousOperationId":"k29l8s6ykv1rwgq","timestamp":1705596554371,"id":"gj6rz53jis3r44r","previousEventId":"bpwz25cgufoduxp","operationId":"4fz6lpyrddkoidz"}
{"type":"operationStart","subtype":"render","name":"orders-header","previousOperationId":"4fz6lpyrddkoidz","timestamp":1705596554372,"id":"20q8pejck6vym9k","previousEventId":"gj6rz53jis3r44r","operationId":"k4uqkpnuus8b6bc"}
{"type":"log","timestamp":1705596554372,"level":"info","message":"Starting rendering (child) request","meta":{"rootId":"q1yyczdwzvuocrr","id":"o9o9h7ncxxwv5ad"},"id":"0cjmhm6to1i6813","previousOperationId":"k4uqkpnuus8b6bc"}
{"type":"log","timestamp":1705596554372,"level":"info","message":"Rendering template { name: orders-header, recipe: chrome-pdf, engine: handlebars, preview: true }","meta":{"rootId":"q1yyczdwzvuocrr","id":"o9o9h7ncxxwv5ad"},"id":"x0qhtuejs0buwd5","previousOperationId":"k4uqkpnuus8b6bc"}
{"type":"log","timestamp":1705596554373,"level":"debug","message":"Inline data specified.","meta":{"rootId":"q1yyczdwzvuocrr","id":"o9o9h7ncxxwv5ad"},"id":"a2b7a70dusa2b1e","previousOperationId":"k4uqkpnuus8b6bc"}
{"type":"log","timestamp":1705596554374,"level":"debug","message":"Base url not specified, skipping its injection.","meta":{"rootId":"q1yyczdwzvuocrr","id":"o9o9h7ncxxwv5ad"},"id":"cgji0xao8g929gn","previousOperationId":"k4uqkpnuus8b6bc"}
{"type":"operationStart","subtype":"engine","name":"handlebars","timestamp":1705596554375,"id":"mnvlk1agr2whb7o","previousEventId":"20q8pejck6vym9k","operationId":"vhybryovsfo1du2","previousOperationId":"k4uqkpnuus8b6bc"}
{"type":"log","timestamp":1705596554375,"level":"debug","message":"Rendering engine handlebars","meta":{"rootId":"q1yyczdwzvuocrr","id":"o9o9h7ncxxwv5ad"},"id":"cjfwoqq40ovjmw6","previousOperationId":"vhybryovsfo1du2"}
{"type":"operationEnd","operationId":"vhybryovsfo1du2","timestamp":1705596554385,"id":"y6vtor0uhs0clqg","previousEventId":"mnvlk1agr2whb7o","previousOperationId":"vhybryovsfo1du2"}
{"type":"operationStart","subtype":"recipe","name":"chrome-pdf","timestamp":1705596554385,"id":"bx0tpzlz6owpdza","previousEventId":"y6vtor0uhs0clqg","operationId":"71dgs26hpb5mlma","previousOperationId":"vhybryovsfo1du2"}
{"type":"log","timestamp":1705596554385,"level":"debug","message":"Executing recipe chrome-pdf","meta":{"rootId":"q1yyczdwzvuocrr","id":"o9o9h7ncxxwv5ad"},"id":"febazo26r9ldt2i","previousOperationId":"71dgs26hpb5mlma"}
{"type":"log","timestamp":1705596554388,"level":"debug","message":"Converting with chrome HeadlessChrome/117.0.5938.149 using chrome-pool strategy","meta":{"rootId":"q1yyczdwzvuocrr","id":"o9o9h7ncxxwv5ad"},"id":"4ysmvfmcg4hnh47","previousOperationId":"71dgs26hpb5mlma"}
{"type":"log","timestamp":1705596554453,"level":"debug","message":"Page request: GET (document) file:///C:/Users/DANIEL~1/AppData/Local/Temp/jsreport/autocleanup/a60b4df1-a14b-4955-8ffc-cc5adfc500a9-chrome-pdf.html","meta":{"rootId":"q1yyczdwzvuocrr","id":"o9o9h7ncxxwv5ad"},"id":"8a74rfshtrviz16","previousOperationId":"71dgs26hpb5mlma"}
{"type":"log","timestamp":1705596554460,"level":"debug","message":"Page request: GET (stylesheet) https://cdnjs.cloudflare.com/ajax/libs/metro/4.1.5/css/metro.min.css","meta":{"rootId":"q1yyczdwzvuocrr","id":"o9o9h7ncxxwv5ad"},"id":"70z0op0m72ufclo","previousOperationId":"71dgs26hpb5mlma"}
{"type":"log","timestamp":1705596554461,"level":"debug","message":"Page request finished: GET (document) 200 file:///C:/Users/DANIEL~1/AppData/Local/Temp/jsreport/autocleanup/a60b4df1-a14b-4955-8ffc-cc5adfc500a9-chrome-pdf.html","meta":{"rootId":"q1yyczdwzvuocrr","id":"o9o9h7ncxxwv5ad"},"id":"wy1wfj3oqqhq2rs","previousOperationId":"71dgs26hpb5mlma"}
{"type":"log","timestamp":1705596554473,"level":"debug","message":"Page request finished: GET (stylesheet) 200 https://cdnjs.cloudflare.com/ajax/libs/metro/4.1.5/css/metro.min.css","meta":{"rootId":"q1yyczdwzvuocrr","id":"o9o9h7ncxxwv5ad"},"id":"almqnh9fae0mo2r","previousOperationId":"71dgs26hpb5mlma"}
{"type":"log","timestamp":1705596554486,"level":"debug","message":"Running chrome with params {\"printBackground\":true,\"marginTop\":\"1.5cm\",\"marginRight\":\"1.5cm\",\"marginLeft\":\"1.cm\",\"timeout\":58176,\"margin\":{\"top\":\"1.5cm\",\"right\":\"1.5cm\",\"left\":\"1.cm\"}}","meta":{"rootId":"q1yyczdwzvuocrr","id":"o9o9h7ncxxwv5ad"},"id":"qdf8nrpfnhf6lce","previousOperationId":"71dgs26hpb5mlma"}
{"type":"operationEnd","operationId":"71dgs26hpb5mlma","timestamp":1705596554515,"id":"eemb56zbhlvrcsa","previousEventId":"bx0tpzlz6owpdza","previousOperationId":"71dgs26hpb5mlma"}
{"type":"log","timestamp":1705596554515,"level":"debug","message":"Skipping storing report.","meta":{"rootId":"q1yyczdwzvuocrr","id":"o9o9h7ncxxwv5ad"},"id":"pm6q8yesdw1w339","previousOperationId":"71dgs26hpb5mlma"}
{"type":"log","timestamp":1705596554515,"level":"info","message":"Rendering (child) request finished in 1953 ms","meta":{"rootId":"q1yyczdwzvuocrr","id":"o9o9h7ncxxwv5ad"},"id":"77ffahrs0xnm6cg","previousOperationId":"71dgs26hpb5mlma"}
{"type":"operationEnd","subtype":"render","operationId":"k4uqkpnuus8b6bc","timestamp":1705596554515,"id":"q9l5o4phtm1nanq","previousEventId":"eemb56zbhlvrcsa","previousOperationId":"71dgs26hpb5mlma"}
{"type":"operationEnd","operationId":"4fz6lpyrddkoidz","timestamp":1705596554521,"id":"cmcn0l0gz1vu2ww","previousEventId":"gj6rz53jis3r44r","previousOperationId":"4fz6lpyrddkoidz"}
{"type":"log","timestamp":1705596554521,"level":"debug","message":"pdf-utils postproces start","meta":{"rootId":"q1yyczdwzvuocrr","id":"q1yyczdwzvuocrr"},"id":"xukgrl8ceg6uh07","previousOperationId":"4fz6lpyrddkoidz"}
{"type":"log","timestamp":1705596554528,"level":"debug","message":"pdf-utils postproces end","meta":{"rootId":"q1yyczdwzvuocrr","id":"q1yyczdwzvuocrr"},"id":"03639vf3fgoy0lv","previousOperationId":"4fz6lpyrddkoidz"}
{"type":"operationEnd","operationId":"k29l8s6ykv1rwgq","timestamp":1705596554528,"id":"lla9ellehch5fez","previousEventId":"cmcn0l0gz1vu2ww","previousOperationId":"4fz6lpyrddkoidz"}
{"type":"log","timestamp":1705596554528,"level":"info","message":"pdf-utils pdf processing was finished","meta":{"rootId":"q1yyczdwzvuocrr","id":"q1yyczdwzvuocrr"},"id":"5zdi6i4xndtu437","previousOperationId":"k29l8s6ykv1rwgq"}
{"type":"log","timestamp":1705596554528,"level":"debug","message":"Skipping storing report.","meta":{"rootId":"q1yyczdwzvuocrr","id":"q1yyczdwzvuocrr"},"id":"sfti5i8w486di1m","previousOperationId":"k29l8s6ykv1rwgq"}
{"type":"log","timestamp":1705596554528,"level":"info","message":"Rendering request 68 finished in 1966 ms","meta":{"rootId":"q1yyczdwzvuocrr","id":"q1yyczdwzvuocrr"},"id":"fyxox32vphwwjg9","previousOperationId":"k29l8s6ykv1rwgq"}
{"type":"operationEnd","subtype":"render","operationId":"qxc26xc0rybvrdl","timestamp":1705596554528,"id":"1t8ptgd6eo3zuj5","previousEventId":"lla9ellehch5fez","previousOperationId":"k29l8s6ykv1rwgq"}
{"type":"operationEnd","doDiffs":false,"previousEventId":"25vyy1jxt3dxxgu","previousOperationId":"jjrp1tiln5v9g6m","operationId":"jjrp1tiln5v9g6m","timestamp":1705596554539,"id":"tj41y5tjhnw8aef"}
