{"type":"operationStart","subtype":"profile","data":{"_id":"fzN5bTgUzVtar4lN","timestamp":"2024-01-11T20:40:36.517Z","state":"queued","mode":"standard","creationDate":"2024-01-11T20:40:36.519Z","modificationDate":"2024-01-11T20:40:36.519Z","shortid":"PzI679e","$entitySet":"profiles"},"doDiffs":false,"timestamp":1705005636518,"id":"iun7dyqy4pycdpr","previousOperationId":null,"operationId":"it4xbc1z72rcqib"}
{"type":"log","level":"info","message":"Render request 25 queued for execution and waiting for available worker","previousOperationId":"it4xbc1z72rcqib","timestamp":1705005636518,"id":"10lkx5y1p70t09t"}
{"type":"operationStart","subtype":"render","name":"orders-main","previousOperationId":"it4xbc1z72rcqib","timestamp":1705005636522,"id":"whw5c8h9q7egtk4","previousEventId":"iun7dyqy4pycdpr","operationId":"tj9skfdzhlwrc85"}
{"type":"log","timestamp":1705005636522,"level":"info","message":"Starting rendering request 25","meta":{"rootId":"qfxdoczefk8kduj","id":"qfxdoczefk8kduj"},"id":"axizo9jy1m7ld82","previousOperationId":"tj9skfdzhlwrc85"}
{"type":"log","timestamp":1705005636523,"level":"info","message":"Rendering template { name: orders-main, recipe: chrome-pdf, engine: handlebars, preview: false }","meta":{"rootId":"qfxdoczefk8kduj","id":"qfxdoczefk8kduj"},"id":"5jrev4lz5nrix39","previousOperationId":"tj9skfdzhlwrc85"}
{"type":"log","timestamp":1705005636523,"level":"debug","message":"Data item not defined for this template.","meta":{"rootId":"qfxdoczefk8kduj","id":"qfxdoczefk8kduj"},"id":"0kelvi97kfz5ahx","previousOperationId":"tj9skfdzhlwrc85"}
{"type":"log","timestamp":1705005636525,"level":"debug","message":"Executing script orders-script (beforeRender)","meta":{"rootId":"qfxdoczefk8kduj","id":"qfxdoczefk8kduj"},"id":"nro1o9bnyi5poox","previousOperationId":"tj9skfdzhlwrc85"}
{"type":"operationStart","subtype":"scriptsBeforeRender","name":"scripts beforeRender","timestamp":1705005636548,"id":"rhhi49k72joekjk","previousEventId":"whw5c8h9q7egtk4","operationId":"27uu33525z7hmgv","previousOperationId":"tj9skfdzhlwrc85"}
{"type":"operationStart","subtype":"script","name":"scripts orders-script","previousOperationId":"27uu33525z7hmgv","timestamp":1705005636548,"id":"55nf1v9j331kq7e","previousEventId":"rhhi49k72joekjk","operationId":"94irhcaxj7ddqzi"}
{"type":"operationEnd","operationId":"94irhcaxj7ddqzi","timestamp":1705005636566,"id":"awjz34z5lv1f18t","previousEventId":"whw5c8h9q7egtk4","previousOperationId":"tj9skfdzhlwrc85"}
{"type":"operationEnd","operationId":"27uu33525z7hmgv","timestamp":1705005636566,"id":"31vpv7sxr03fux9","previousEventId":"awjz34z5lv1f18t","previousOperationId":"tj9skfdzhlwrc85"}
{"type":"log","timestamp":1705005636566,"level":"debug","message":"Base url not specified, skipping its injection.","meta":{"rootId":"qfxdoczefk8kduj","id":"qfxdoczefk8kduj"},"id":"wcywrbr2d1osdqj","previousOperationId":"27uu33525z7hmgv"}
{"type":"operationStart","subtype":"engine","name":"handlebars","timestamp":1705005636567,"id":"lu7oe12gx2lq326","previousEventId":"31vpv7sxr03fux9","operationId":"byge4zt8g3kj7fk","previousOperationId":"27uu33525z7hmgv"}
{"type":"log","timestamp":1705005636567,"level":"debug","message":"Rendering engine handlebars","meta":{"rootId":"qfxdoczefk8kduj","id":"qfxdoczefk8kduj"},"id":"j7y54unyn5a4zso","previousOperationId":"byge4zt8g3kj7fk"}
{"type":"log","timestamp":1705005636573,"level":"debug","message":"(console:log) Pdf utils adding group field, value: \"Race1\"","meta":{"userLevel":true,"rootId":"qfxdoczefk8kduj","id":"qfxdoczefk8kduj"},"id":"g0std8ajyjbbntb","previousOperationId":"byge4zt8g3kj7fk"}
{"type":"log","timestamp":1705005636573,"level":"debug","message":"(console:log) Pdf utils adding group field, value: \"Race2\"","meta":{"userLevel":true,"rootId":"qfxdoczefk8kduj","id":"qfxdoczefk8kduj"},"id":"0xystrewowgoyjw","previousOperationId":"byge4zt8g3kj7fk"}
{"type":"log","timestamp":1705005636573,"level":"debug","message":"(console:log) Pdf utils adding group field, value: \"rgver\"","meta":{"userLevel":true,"rootId":"qfxdoczefk8kduj","id":"qfxdoczefk8kduj"},"id":"ljn4wpe6m8a94yo","previousOperationId":"byge4zt8g3kj7fk"}
{"type":"log","timestamp":1705005636573,"level":"debug","message":"(console:log) Pdf utils adding group field, value: \"revger\"","meta":{"userLevel":true,"rootId":"qfxdoczefk8kduj","id":"qfxdoczefk8kduj"},"id":"80z9apiuvw7rak1","previousOperationId":"byge4zt8g3kj7fk"}
{"type":"operationEnd","operationId":"byge4zt8g3kj7fk","timestamp":1705005636573,"id":"syszhtb9tkfraya","previousEventId":"lu7oe12gx2lq326","previousOperationId":"byge4zt8g3kj7fk"}
{"type":"operationStart","subtype":"recipe","name":"chrome-pdf","timestamp":1705005636574,"id":"cuo1i7dadj1diwt","previousEventId":"syszhtb9tkfraya","operationId":"8cr5awsgxatyjf9","previousOperationId":"byge4zt8g3kj7fk"}
{"type":"log","timestamp":1705005636574,"level":"debug","message":"Executing recipe chrome-pdf","meta":{"rootId":"qfxdoczefk8kduj","id":"qfxdoczefk8kduj"},"id":"1iflnztuv2sa94h","previousOperationId":"8cr5awsgxatyjf9"}
{"type":"log","timestamp":1705005636576,"level":"debug","message":"Converting with chrome HeadlessChrome/117.0.5938.149 using chrome-pool strategy","meta":{"rootId":"qfxdoczefk8kduj","id":"qfxdoczefk8kduj"},"id":"fj1riwy0i3vxbp6","previousOperationId":"8cr5awsgxatyjf9"}
{"type":"log","timestamp":1705005636635,"level":"debug","message":"Page request: GET (document) file:///C:/Users/DANIEL~1/AppData/Local/Temp/jsreport/autocleanup/0a0e1b49-11a1-48ca-aaa4-0e0792ff9fb3-chrome-pdf.html","meta":{"rootId":"qfxdoczefk8kduj","id":"qfxdoczefk8kduj"},"id":"4vro4tjzstk49pv","previousOperationId":"8cr5awsgxatyjf9"}
{"type":"log","timestamp":1705005636667,"level":"debug","message":"Page request: GET (stylesheet) https://cdnjs.cloudflare.com/ajax/libs/metro/4.1.5/css/metro.min.css","meta":{"rootId":"qfxdoczefk8kduj","id":"qfxdoczefk8kduj"},"id":"90fpu85j00tmj27","previousOperationId":"8cr5awsgxatyjf9"}
{"type":"log","timestamp":1705005636667,"level":"debug","message":"Page request: GET (script) https://cdnjs.cloudflare.com/ajax/libs/Chart.js/2.7.2/Chart.min.js","meta":{"rootId":"qfxdoczefk8kduj","id":"qfxdoczefk8kduj"},"id":"81k7ozyu59i0ghs","previousOperationId":"8cr5awsgxatyjf9"}
{"type":"log","timestamp":1705005636668,"level":"debug","message":"Page request finished: GET (document) 200 file:///C:/Users/DANIEL~1/AppData/Local/Temp/jsreport/autocleanup/0a0e1b49-11a1-48ca-aaa4-0e0792ff9fb3-chrome-pdf.html","meta":{"rootId":"qfxdoczefk8kduj","id":"qfxdoczefk8kduj"},"id":"d0yw9qozyebd30n","previousOperationId":"8cr5awsgxatyjf9"}
{"type":"log","timestamp":1705005636679,"level":"debug","message":"Page request finished: GET (stylesheet) 200 https://cdnjs.cloudflare.com/ajax/libs/metro/4.1.5/css/metro.min.css","meta":{"rootId":"qfxdoczefk8kduj","id":"qfxdoczefk8kduj"},"id":"xnjg9j32aux0kvp","previousOperationId":"8cr5awsgxatyjf9"}
{"type":"log","timestamp":1705005636680,"level":"debug","message":"Page request finished: GET (script) 200 https://cdnjs.cloudflare.com/ajax/libs/Chart.js/2.7.2/Chart.min.js","meta":{"rootId":"qfxdoczefk8kduj","id":"qfxdoczefk8kduj"},"id":"46e0bmjfl9tan3d","previousOperationId":"8cr5awsgxatyjf9"}
{"type":"log","timestamp":1705005636688,"level":"warn","message":"Page error: \"undefined\" is not valid JSON\nJSON.parse (<anonymous>) , stack: SyntaxError: \"undefined\" is not valid JSON\nJSON.parse (<anonymous>)\n    at <anonymous> (file:///C:/Users/DANIEL~1/AppData/Local/Temp/jsreport/autocleanup/0a0e1b49-11a1-48ca-aaa4-0e0792ff9fb3-chrome-pdf.html:40:29)","meta":{"rootId":"qfxdoczefk8kduj","id":"qfxdoczefk8kduj"},"id":"mb7daek06ufovd1","previousOperationId":"8cr5awsgxatyjf9"}
{"type":"log","timestamp":1705005636689,"level":"warn","message":"Page error: \"undefined\" is not valid JSON\nJSON.parse (<anonymous>) , stack: SyntaxError: \"undefined\" is not valid JSON\nJSON.parse (<anonymous>)\n    at <anonymous> (file:///C:/Users/DANIEL~1/AppData/Local/Temp/jsreport/autocleanup/0a0e1b49-11a1-48ca-aaa4-0e0792ff9fb3-chrome-pdf.html:90:29)","meta":{"rootId":"qfxdoczefk8kduj","id":"qfxdoczefk8kduj"},"id":"8372shs5pr10eko","previousOperationId":"8cr5awsgxatyjf9"}
{"type":"log","timestamp":1705005636689,"level":"warn","message":"Page error: \"undefined\" is not valid JSON\nJSON.parse (<anonymous>) , stack: SyntaxError: \"undefined\" is not valid JSON\nJSON.parse (<anonymous>)\n    at <anonymous> (file:///C:/Users/DANIEL~1/AppData/Local/Temp/jsreport/autocleanup/0a0e1b49-11a1-48ca-aaa4-0e0792ff9fb3-chrome-pdf.html:140:29)","meta":{"rootId":"qfxdoczefk8kduj","id":"qfxdoczefk8kduj"},"id":"v98cmpnnzvp7r4v","previousOperationId":"8cr5awsgxatyjf9"}
{"type":"log","timestamp":1705005636689,"level":"warn","message":"Page error: \"undefined\" is not valid JSON\nJSON.parse (<anonymous>) , stack: SyntaxError: \"undefined\" is not valid JSON\nJSON.parse (<anonymous>)\n    at <anonymous> (file:///C:/Users/DANIEL~1/AppData/Local/Temp/jsreport/autocleanup/0a0e1b49-11a1-48ca-aaa4-0e0792ff9fb3-chrome-pdf.html:190:29)","meta":{"rootId":"qfxdoczefk8kduj","id":"qfxdoczefk8kduj"},"id":"po7rxu0v7t3qyib","previousOperationId":"8cr5awsgxatyjf9"}
{"type":"log","timestamp":1705005636708,"level":"debug","message":"Running chrome with params {\"printBackground\":true,\"marginTop\":\"4cm\",\"marginRight\":\"1.5cm\",\"marginBottom\":\"1.5cm\",\"marginLeft\":\"1.5cm\",\"waitForJS\":false,\"timeout\":59942,\"margin\":{\"top\":\"4cm\",\"right\":\"1.5cm\",\"bottom\":\"1.5cm\",\"left\":\"1.5cm\"}}","meta":{"rootId":"qfxdoczefk8kduj","id":"qfxdoczefk8kduj"},"id":"0tk6toonhbbdehg","previousOperationId":"8cr5awsgxatyjf9"}
{"type":"operationEnd","operationId":"8cr5awsgxatyjf9","timestamp":1705005636746,"id":"lyjhc0qqqokwfe6","previousEventId":"cuo1i7dadj1diwt","previousOperationId":"8cr5awsgxatyjf9"}
{"type":"log","timestamp":1705005636746,"level":"info","message":"pdf-utils is starting pdf processing","meta":{"rootId":"qfxdoczefk8kduj","id":"qfxdoczefk8kduj"},"id":"espdakscn5bp63z","previousOperationId":"8cr5awsgxatyjf9"}
{"type":"operationStart","subtype":"pdfUtils","name":"pdf utils","timestamp":1705005636746,"id":"pjnm1az8bpamir9","previousEventId":"lyjhc0qqqokwfe6","operationId":"t4fl7u390eg7ll3","previousOperationId":"8cr5awsgxatyjf9"}
{"type":"log","timestamp":1705005636747,"level":"debug","message":"pdf-utils detected 1 pdf operation(s) to process","meta":{"rootId":"qfxdoczefk8kduj","id":"qfxdoczefk8kduj"},"id":"bf0f9hskpcqd7sb","previousOperationId":"t4fl7u390eg7ll3"}
{"type":"log","timestamp":1705005636779,"level":"debug","message":"pdf-utils running pdf operation merge","meta":{"rootId":"qfxdoczefk8kduj","id":"qfxdoczefk8kduj"},"id":"6lg44dqhe7xm2o3","previousOperationId":"t4fl7u390eg7ll3"}
{"type":"operationStart","subtype":"pdfUtilsMerge","name":"pdf utils merge","previousOperationId":"t4fl7u390eg7ll3","timestamp":1705005636779,"id":"d72lfn4vg5720t6","previousEventId":"pjnm1az8bpamir9","operationId":"nw2hfsxy9ti4g1d"}
{"type":"operationStart","subtype":"render","name":"orders-header","previousOperationId":"nw2hfsxy9ti4g1d","timestamp":1705005636780,"id":"nfaz787e2piif1v","previousEventId":"d72lfn4vg5720t6","operationId":"1es39b455huef2z"}
{"type":"log","timestamp":1705005636780,"level":"info","message":"Starting rendering (child) request","meta":{"rootId":"qfxdoczefk8kduj","id":"s22k64koo7rc0dy"},"id":"n5vhp62pb4x6wn5","previousOperationId":"1es39b455huef2z"}
{"type":"log","timestamp":1705005636780,"level":"info","message":"Rendering template { name: orders-header, recipe: chrome-pdf, engine: handlebars, preview: false }","meta":{"rootId":"qfxdoczefk8kduj","id":"s22k64koo7rc0dy"},"id":"xgtm7lyv0pyoihg","previousOperationId":"1es39b455huef2z"}
{"type":"log","timestamp":1705005636790,"level":"debug","message":"Inline data specified.","meta":{"rootId":"qfxdoczefk8kduj","id":"s22k64koo7rc0dy"},"id":"rz84medcacbl5fs","previousOperationId":"1es39b455huef2z"}
{"type":"log","timestamp":1705005636791,"level":"debug","message":"Base url not specified, skipping its injection.","meta":{"rootId":"qfxdoczefk8kduj","id":"s22k64koo7rc0dy"},"id":"frakqemeqpal3xw","previousOperationId":"1es39b455huef2z"}
{"type":"operationStart","subtype":"engine","name":"handlebars","timestamp":1705005636791,"id":"b4u1g4bppt1hn4w","previousEventId":"nfaz787e2piif1v","operationId":"drd5hqflvz7vdwq","previousOperationId":"1es39b455huef2z"}
{"type":"log","timestamp":1705005636791,"level":"debug","message":"Rendering engine handlebars","meta":{"rootId":"qfxdoczefk8kduj","id":"s22k64koo7rc0dy"},"id":"k5yitb3bliyombm","previousOperationId":"drd5hqflvz7vdwq"}
{"type":"operationEnd","operationId":"drd5hqflvz7vdwq","timestamp":1705005636800,"id":"377lss97g6d1uwz","previousEventId":"b4u1g4bppt1hn4w","previousOperationId":"drd5hqflvz7vdwq"}
{"type":"operationStart","subtype":"recipe","name":"chrome-pdf","timestamp":1705005636800,"id":"enwg39fdwvjq99d","previousEventId":"377lss97g6d1uwz","operationId":"pcg9hzebqmel0id","previousOperationId":"drd5hqflvz7vdwq"}
{"type":"log","timestamp":1705005636800,"level":"debug","message":"Executing recipe chrome-pdf","meta":{"rootId":"qfxdoczefk8kduj","id":"s22k64koo7rc0dy"},"id":"xenm4zdepuwswa4","previousOperationId":"pcg9hzebqmel0id"}
{"type":"log","timestamp":1705005636801,"level":"debug","message":"Converting with chrome HeadlessChrome/117.0.5938.149 using chrome-pool strategy","meta":{"rootId":"qfxdoczefk8kduj","id":"s22k64koo7rc0dy"},"id":"1nbzutvzmzywxlr","previousOperationId":"pcg9hzebqmel0id"}
{"type":"log","timestamp":1705005636859,"level":"debug","message":"Page request: GET (document) file:///C:/Users/DANIEL~1/AppData/Local/Temp/jsreport/autocleanup/6bb36d87-eab1-44c9-afd3-3eb07d44c25c-chrome-pdf.html","meta":{"rootId":"qfxdoczefk8kduj","id":"s22k64koo7rc0dy"},"id":"72u0355x70xpvlp","previousOperationId":"pcg9hzebqmel0id"}
{"type":"log","timestamp":1705005636871,"level":"debug","message":"Page request: GET (stylesheet) https://cdnjs.cloudflare.com/ajax/libs/metro/4.1.5/css/metro.min.css","meta":{"rootId":"qfxdoczefk8kduj","id":"s22k64koo7rc0dy"},"id":"l7hkt2v7xtgx53c","previousOperationId":"pcg9hzebqmel0id"}
{"type":"log","timestamp":1705005636871,"level":"debug","message":"Page request finished: GET (document) 200 file:///C:/Users/DANIEL~1/AppData/Local/Temp/jsreport/autocleanup/6bb36d87-eab1-44c9-afd3-3eb07d44c25c-chrome-pdf.html","meta":{"rootId":"qfxdoczefk8kduj","id":"s22k64koo7rc0dy"},"id":"f31gsolgdbx48xu","previousOperationId":"pcg9hzebqmel0id"}
{"type":"log","timestamp":1705005636882,"level":"debug","message":"Page request finished: GET (stylesheet) 200 https://cdnjs.cloudflare.com/ajax/libs/metro/4.1.5/css/metro.min.css","meta":{"rootId":"qfxdoczefk8kduj","id":"s22k64koo7rc0dy"},"id":"25qn5cw1x138umv","previousOperationId":"pcg9hzebqmel0id"}
{"type":"log","timestamp":1705005636895,"level":"debug","message":"Running chrome with params {\"printBackground\":true,\"marginTop\":\"1.5cm\",\"marginRight\":\"1.5cm\",\"marginLeft\":\"1.cm\",\"timeout\":59716,\"margin\":{\"top\":\"1.5cm\",\"right\":\"1.5cm\",\"left\":\"1.cm\"}}","meta":{"rootId":"qfxdoczefk8kduj","id":"s22k64koo7rc0dy"},"id":"afz67v3mm9eiw1i","previousOperationId":"pcg9hzebqmel0id"}
{"type":"operationEnd","operationId":"pcg9hzebqmel0id","timestamp":1705005636921,"id":"ofljxem7cautp2t","previousEventId":"enwg39fdwvjq99d","previousOperationId":"pcg9hzebqmel0id"}
{"type":"log","timestamp":1705005636921,"level":"debug","message":"Skipping storing report.","meta":{"rootId":"qfxdoczefk8kduj","id":"s22k64koo7rc0dy"},"id":"kvy5weg1yml7rmn","previousOperationId":"pcg9hzebqmel0id"}
{"type":"log","timestamp":1705005636921,"level":"info","message":"Rendering (child) request finished in 404 ms","meta":{"rootId":"qfxdoczefk8kduj","id":"s22k64koo7rc0dy"},"id":"twp6sw2k1rm4zj4","previousOperationId":"pcg9hzebqmel0id"}
{"type":"operationEnd","subtype":"render","operationId":"1es39b455huef2z","timestamp":1705005636921,"id":"maxx642467q0l0u","previousEventId":"ofljxem7cautp2t","previousOperationId":"pcg9hzebqmel0id"}
{"type":"operationEnd","operationId":"nw2hfsxy9ti4g1d","timestamp":1705005636932,"id":"osbzjibi3gbo8ze","previousEventId":"d72lfn4vg5720t6","previousOperationId":"nw2hfsxy9ti4g1d"}
{"type":"log","timestamp":1705005636932,"level":"debug","message":"pdf-utils postproces start","meta":{"rootId":"qfxdoczefk8kduj","id":"qfxdoczefk8kduj"},"id":"tki9vbj2vibfil4","previousOperationId":"nw2hfsxy9ti4g1d"}
{"type":"log","timestamp":1705005636943,"level":"debug","message":"pdf-utils postproces end","meta":{"rootId":"qfxdoczefk8kduj","id":"qfxdoczefk8kduj"},"id":"fcyd2uiinl283yq","previousOperationId":"nw2hfsxy9ti4g1d"}
{"type":"operationEnd","operationId":"t4fl7u390eg7ll3","timestamp":1705005636943,"id":"sxk3bocrq9cpfgg","previousEventId":"osbzjibi3gbo8ze","previousOperationId":"nw2hfsxy9ti4g1d"}
{"type":"log","timestamp":1705005636943,"level":"info","message":"pdf-utils pdf processing was finished","meta":{"rootId":"qfxdoczefk8kduj","id":"qfxdoczefk8kduj"},"id":"6tmpudot4tr1jnx","previousOperationId":"t4fl7u390eg7ll3"}
{"type":"log","timestamp":1705005636943,"level":"debug","message":"Skipping storing report.","meta":{"rootId":"qfxdoczefk8kduj","id":"qfxdoczefk8kduj"},"id":"abk8r54pvrgw253","previousOperationId":"t4fl7u390eg7ll3"}
{"type":"log","timestamp":1705005636943,"level":"info","message":"Rendering request 25 finished in 426 ms","meta":{"rootId":"qfxdoczefk8kduj","id":"qfxdoczefk8kduj"},"id":"uwcug5v3lx0lf5f","previousOperationId":"t4fl7u390eg7ll3"}
{"type":"operationEnd","subtype":"render","operationId":"tj9skfdzhlwrc85","timestamp":1705005636943,"id":"at76l1kcj3h2w35","previousEventId":"sxk3bocrq9cpfgg","previousOperationId":"t4fl7u390eg7ll3"}
{"type":"operationEnd","doDiffs":false,"previousEventId":"iun7dyqy4pycdpr","previousOperationId":"it4xbc1z72rcqib","operationId":"it4xbc1z72rcqib","timestamp":1705005636950,"id":"0rxqm1gjkq5m8kd"}
