{"type":"operationStart","subtype":"profile","data":{"_id":"mtdSNX0KuqRWa3j0","timestamp":"2024-01-18T15:18:45.662Z","state":"queued","mode":"standard","creationDate":"2024-01-18T15:18:45.664Z","modificationDate":"2024-01-18T15:18:45.664Z","shortid":"HqjQTe4","$entitySet":"profiles"},"doDiffs":false,"timestamp":1705591125663,"id":"163wey821ruqr9v","previousOperationId":null,"operationId":"j9ijbshpca1mxd6"}
{"type":"log","level":"info","message":"Render request 37 queued for execution and waiting for available worker","previousOperationId":"j9ijbshpca1mxd6","timestamp":1705591125664,"id":"iq0k2oubqi6d849"}
{"type":"operationStart","subtype":"render","name":"orders-main","previousOperationId":"j9ijbshpca1mxd6","timestamp":1705591125670,"id":"ijcw6wyrhpgbpjt","previousEventId":"163wey821ruqr9v","operationId":"s4t5ra99ld8ar5g"}
{"type":"log","timestamp":1705591125670,"level":"info","message":"Starting rendering request 37","meta":{"rootId":"qhldvura391no6m","id":"qhldvura391no6m"},"id":"kmyc6jd5dvsi2he","previousOperationId":"s4t5ra99ld8ar5g"}
{"type":"log","timestamp":1705591125671,"level":"info","message":"Rendering template { name: orders-main, recipe: chrome-pdf, engine: handlebars, preview: true }","meta":{"rootId":"qhldvura391no6m","id":"qhldvura391no6m"},"id":"yypvg872f0nuz4m","previousOperationId":"s4t5ra99ld8ar5g"}
{"type":"log","timestamp":1705591125672,"level":"debug","message":"Data item not defined for this template.","meta":{"rootId":"qhldvura391no6m","id":"qhldvura391no6m"},"id":"ywudulscr9btoxw","previousOperationId":"s4t5ra99ld8ar5g"}
{"type":"log","timestamp":1705591125673,"level":"debug","message":"Executing script orders-script (beforeRender)","meta":{"rootId":"qhldvura391no6m","id":"qhldvura391no6m"},"id":"pcgtxwlj5xrb3t4","previousOperationId":"s4t5ra99ld8ar5g"}
{"type":"operationStart","subtype":"scriptsBeforeRender","name":"scripts beforeRender","timestamp":1705591125684,"id":"mirlydj4l9ppcu9","previousEventId":"ijcw6wyrhpgbpjt","operationId":"ulnjlnlh46fvqis","previousOperationId":"s4t5ra99ld8ar5g"}
{"type":"operationStart","subtype":"script","name":"scripts orders-script","previousOperationId":"ulnjlnlh46fvqis","timestamp":1705591125684,"id":"totalsironm0sd2","previousEventId":"mirlydj4l9ppcu9","operationId":"rwb0amizo7942p7"}
{"type":"operationEnd","operationId":"rwb0amizo7942p7","timestamp":1705591125695,"id":"h72ahhdk67yxjd7","previousEventId":"ijcw6wyrhpgbpjt","previousOperationId":"s4t5ra99ld8ar5g"}
{"type":"operationEnd","operationId":"ulnjlnlh46fvqis","timestamp":1705591125695,"id":"tvmu8onh1u3ng3u","previousEventId":"h72ahhdk67yxjd7","previousOperationId":"s4t5ra99ld8ar5g"}
{"type":"log","timestamp":1705591125695,"level":"debug","message":"Base url not specified, skipping its injection.","meta":{"rootId":"qhldvura391no6m","id":"qhldvura391no6m"},"id":"34fc8iz5oa2wsba","previousOperationId":"ulnjlnlh46fvqis"}
{"type":"operationStart","subtype":"engine","name":"handlebars","timestamp":1705591125695,"id":"lzmmoatjvymkp1r","previousEventId":"tvmu8onh1u3ng3u","operationId":"ujw3jmoroyc7wjy","previousOperationId":"ulnjlnlh46fvqis"}
{"type":"log","timestamp":1705591125695,"level":"debug","message":"Rendering engine handlebars","meta":{"rootId":"qhldvura391no6m","id":"qhldvura391no6m"},"id":"89umucwu67qo0m2","previousOperationId":"ujw3jmoroyc7wjy"}
{"type":"log","timestamp":1705591125706,"level":"debug","message":"(console:log) Pdf utils adding group field, value: \"Race1\"","meta":{"userLevel":true,"rootId":"qhldvura391no6m","id":"qhldvura391no6m"},"id":"ma7igzoti3fa448","previousOperationId":"ujw3jmoroyc7wjy"}
{"type":"log","timestamp":1705591125707,"level":"debug","message":"(console:log) Pdf utils adding group field, value: \"Race2\"","meta":{"userLevel":true,"rootId":"qhldvura391no6m","id":"qhldvura391no6m"},"id":"2mwogp0b6ba9uwh","previousOperationId":"ujw3jmoroyc7wjy"}
{"type":"operationEnd","operationId":"ujw3jmoroyc7wjy","timestamp":1705591125707,"id":"9gteq05lw0t4fc0","previousEventId":"lzmmoatjvymkp1r","previousOperationId":"ujw3jmoroyc7wjy"}
{"type":"operationStart","subtype":"recipe","name":"chrome-pdf","timestamp":1705591125707,"id":"v2itxx1ys1s1e5u","previousEventId":"9gteq05lw0t4fc0","operationId":"pebjvdgvgildzn0","previousOperationId":"ujw3jmoroyc7wjy"}
{"type":"log","timestamp":1705591125707,"level":"debug","message":"Executing recipe chrome-pdf","meta":{"rootId":"qhldvura391no6m","id":"qhldvura391no6m"},"id":"qtje4eicv3kdzx7","previousOperationId":"pebjvdgvgildzn0"}
{"type":"log","timestamp":1705591125710,"level":"debug","message":"Converting with chrome HeadlessChrome/117.0.5938.149 using chrome-pool strategy","meta":{"rootId":"qhldvura391no6m","id":"qhldvura391no6m"},"id":"n3uxdx7qkvpqi3s","previousOperationId":"pebjvdgvgildzn0"}
{"type":"log","timestamp":1705591125779,"level":"debug","message":"Page request: GET (document) file:///C:/Users/DANIEL~1/AppData/Local/Temp/jsreport/autocleanup/9cef2929-3840-4267-8aab-981c7c499ccd-chrome-pdf.html","meta":{"rootId":"qhldvura391no6m","id":"qhldvura391no6m"},"id":"vbpnjl8zpigbbrb","previousOperationId":"pebjvdgvgildzn0"}
{"type":"log","timestamp":1705591125809,"level":"debug","message":"Page request finished: GET (document) 200 file:///C:/Users/DANIEL~1/AppData/Local/Temp/jsreport/autocleanup/9cef2929-3840-4267-8aab-981c7c499ccd-chrome-pdf.html","meta":{"rootId":"qhldvura391no6m","id":"qhldvura391no6m"},"id":"9tfxk4o8247isa1","previousOperationId":"pebjvdgvgildzn0"}
{"type":"log","timestamp":1705591125810,"level":"debug","message":"Page request: GET (stylesheet) https://cdnjs.cloudflare.com/ajax/libs/metro/4.1.5/css/metro.min.css","meta":{"rootId":"qhldvura391no6m","id":"qhldvura391no6m"},"id":"bh96p4gkzlbyg8z","previousOperationId":"pebjvdgvgildzn0"}
{"type":"log","timestamp":1705591125810,"level":"debug","message":"Page request: GET (script) https://cdnjs.cloudflare.com/ajax/libs/Chart.js/2.9.4/Chart.js","meta":{"rootId":"qhldvura391no6m","id":"qhldvura391no6m"},"id":"qt9tt9imrjy9o19","previousOperationId":"pebjvdgvgildzn0"}
{"type":"log","timestamp":1705591125823,"level":"debug","message":"Page request finished: GET (stylesheet) 200 https://cdnjs.cloudflare.com/ajax/libs/metro/4.1.5/css/metro.min.css","meta":{"rootId":"qhldvura391no6m","id":"qhldvura391no6m"},"id":"ttzc76695hy2k4l","previousOperationId":"pebjvdgvgildzn0"}
{"type":"log","timestamp":1705591125823,"level":"debug","message":"Page request finished: GET (script) 200 https://cdnjs.cloudflare.com/ajax/libs/Chart.js/2.9.4/Chart.js","meta":{"rootId":"qhldvura391no6m","id":"qhldvura391no6m"},"id":"hrph7pm7k1dvrxv","previousOperationId":"pebjvdgvgildzn0"}
{"type":"log","timestamp":1705591125827,"level":"warn","message":"Page error: Missing initializer in const declaration , stack: SyntaxError: Missing initializer in const declaration","meta":{"rootId":"qhldvura391no6m","id":"qhldvura391no6m"},"id":"8fubt9qnbfut1jq","previousOperationId":"pebjvdgvgildzn0"}
{"type":"log","timestamp":1705591125847,"level":"debug","message":"Running chrome with params {\"printBackground\":true,\"marginTop\":\"4cm\",\"marginRight\":\"1.5cm\",\"marginBottom\":\"1.5cm\",\"marginLeft\":\"1.5cm\",\"waitForJS\":false,\"timeout\":59953,\"margin\":{\"top\":\"4cm\",\"right\":\"1.5cm\",\"bottom\":\"1.5cm\",\"left\":\"1.5cm\"}}","meta":{"rootId":"qhldvura391no6m","id":"qhldvura391no6m"},"id":"wbos4b8lphgms4g","previousOperationId":"pebjvdgvgildzn0"}
{"type":"operationEnd","operationId":"pebjvdgvgildzn0","timestamp":1705591125909,"id":"sb3ueb656qfhz3z","previousEventId":"v2itxx1ys1s1e5u","previousOperationId":"pebjvdgvgildzn0"}
{"type":"log","timestamp":1705591125909,"level":"info","message":"pdf-utils is starting pdf processing","meta":{"rootId":"qhldvura391no6m","id":"qhldvura391no6m"},"id":"4szgde08ipkzw4h","previousOperationId":"pebjvdgvgildzn0"}
{"type":"operationStart","subtype":"pdfUtils","name":"pdf utils","timestamp":1705591125909,"id":"63hg4t5092xxr1b","previousEventId":"sb3ueb656qfhz3z","operationId":"13mmxoxo4zdfare","previousOperationId":"pebjvdgvgildzn0"}
{"type":"log","timestamp":1705591125909,"level":"debug","message":"pdf-utils detected 1 pdf operation(s) to process","meta":{"rootId":"qhldvura391no6m","id":"qhldvura391no6m"},"id":"d4u4zm0xgsg3njs","previousOperationId":"13mmxoxo4zdfare"}
{"type":"log","timestamp":1705591125922,"level":"debug","message":"pdf-utils running pdf operation merge","meta":{"rootId":"qhldvura391no6m","id":"qhldvura391no6m"},"id":"1tze3pgndflvwlj","previousOperationId":"13mmxoxo4zdfare"}
{"type":"operationStart","subtype":"pdfUtilsMerge","name":"pdf utils merge","previousOperationId":"13mmxoxo4zdfare","timestamp":1705591125922,"id":"mk931fpgx65tzho","previousEventId":"63hg4t5092xxr1b","operationId":"q2vm16bthcfd7xx"}
{"type":"operationStart","subtype":"render","name":"orders-header","previousOperationId":"q2vm16bthcfd7xx","timestamp":1705591125923,"id":"545ph7onp6ay45i","previousEventId":"mk931fpgx65tzho","operationId":"4mqr1lcxr2wyphf"}
{"type":"log","timestamp":1705591125923,"level":"info","message":"Starting rendering (child) request","meta":{"rootId":"qhldvura391no6m","id":"1n14kvk1ujjrwat"},"id":"yvaikddrgjp2g1w","previousOperationId":"4mqr1lcxr2wyphf"}
{"type":"log","timestamp":1705591125923,"level":"info","message":"Rendering template { name: orders-header, recipe: chrome-pdf, engine: handlebars, preview: true }","meta":{"rootId":"qhldvura391no6m","id":"1n14kvk1ujjrwat"},"id":"1fi9l9645rtu7wk","previousOperationId":"4mqr1lcxr2wyphf"}
{"type":"log","timestamp":1705591125924,"level":"debug","message":"Inline data specified.","meta":{"rootId":"qhldvura391no6m","id":"1n14kvk1ujjrwat"},"id":"fqq6lsmwy5b6v7e","previousOperationId":"4mqr1lcxr2wyphf"}
{"type":"log","timestamp":1705591125924,"level":"debug","message":"Base url not specified, skipping its injection.","meta":{"rootId":"qhldvura391no6m","id":"1n14kvk1ujjrwat"},"id":"hbj82wlsa525b96","previousOperationId":"4mqr1lcxr2wyphf"}
{"type":"operationStart","subtype":"engine","name":"handlebars","timestamp":1705591125925,"id":"prkgez3jn4pnnhr","previousEventId":"545ph7onp6ay45i","operationId":"p4byy6ydircxhmm","previousOperationId":"4mqr1lcxr2wyphf"}
{"type":"log","timestamp":1705591125925,"level":"debug","message":"Rendering engine handlebars","meta":{"rootId":"qhldvura391no6m","id":"1n14kvk1ujjrwat"},"id":"5vdvghxpdjbj8sa","previousOperationId":"p4byy6ydircxhmm"}
{"type":"operationEnd","operationId":"p4byy6ydircxhmm","timestamp":1705591125933,"id":"toq6eo5maok0my1","previousEventId":"prkgez3jn4pnnhr","previousOperationId":"p4byy6ydircxhmm"}
{"type":"operationStart","subtype":"recipe","name":"chrome-pdf","timestamp":1705591125933,"id":"8k1ajxygtvk3k5k","previousEventId":"toq6eo5maok0my1","operationId":"fybvn9hmv4i087p","previousOperationId":"p4byy6ydircxhmm"}
{"type":"log","timestamp":1705591125933,"level":"debug","message":"Executing recipe chrome-pdf","meta":{"rootId":"qhldvura391no6m","id":"1n14kvk1ujjrwat"},"id":"uj0w15i5l3qq2wk","previousOperationId":"fybvn9hmv4i087p"}
{"type":"log","timestamp":1705591125934,"level":"debug","message":"Converting with chrome HeadlessChrome/117.0.5938.149 using chrome-pool strategy","meta":{"rootId":"qhldvura391no6m","id":"1n14kvk1ujjrwat"},"id":"od36zern64z2n3d","previousOperationId":"fybvn9hmv4i087p"}
{"type":"log","timestamp":1705591126001,"level":"debug","message":"Page request: GET (document) file:///C:/Users/DANIEL~1/AppData/Local/Temp/jsreport/autocleanup/8145150f-583b-4b9f-861f-780d9155c2ce-chrome-pdf.html","meta":{"rootId":"qhldvura391no6m","id":"1n14kvk1ujjrwat"},"id":"syi5f46mthd27h8","previousOperationId":"fybvn9hmv4i087p"}
{"type":"log","timestamp":1705591126009,"level":"debug","message":"Page request: GET (stylesheet) https://cdnjs.cloudflare.com/ajax/libs/metro/4.1.5/css/metro.min.css","meta":{"rootId":"qhldvura391no6m","id":"1n14kvk1ujjrwat"},"id":"dcmnsfyn01u8nqo","previousOperationId":"fybvn9hmv4i087p"}
{"type":"log","timestamp":1705591126009,"level":"debug","message":"Page request finished: GET (document) 200 file:///C:/Users/DANIEL~1/AppData/Local/Temp/jsreport/autocleanup/8145150f-583b-4b9f-861f-780d9155c2ce-chrome-pdf.html","meta":{"rootId":"qhldvura391no6m","id":"1n14kvk1ujjrwat"},"id":"gy3mp17h6c8hykz","previousOperationId":"fybvn9hmv4i087p"}
{"type":"log","timestamp":1705591126023,"level":"debug","message":"Page request finished: GET (stylesheet) 200 https://cdnjs.cloudflare.com/ajax/libs/metro/4.1.5/css/metro.min.css","meta":{"rootId":"qhldvura391no6m","id":"1n14kvk1ujjrwat"},"id":"770etxh2f0d5er8","previousOperationId":"fybvn9hmv4i087p"}
{"type":"log","timestamp":1705591126036,"level":"debug","message":"Running chrome with params {\"printBackground\":true,\"marginTop\":\"1.5cm\",\"marginRight\":\"1.5cm\",\"marginLeft\":\"1.cm\",\"timeout\":59728,\"margin\":{\"top\":\"1.5cm\",\"right\":\"1.5cm\",\"left\":\"1.cm\"}}","meta":{"rootId":"qhldvura391no6m","id":"1n14kvk1ujjrwat"},"id":"zxxu120129g7hyu","previousOperationId":"fybvn9hmv4i087p"}
{"type":"operationEnd","operationId":"fybvn9hmv4i087p","timestamp":1705591126061,"id":"yecstqua8x6y28a","previousEventId":"8k1ajxygtvk3k5k","previousOperationId":"fybvn9hmv4i087p"}
{"type":"log","timestamp":1705591126061,"level":"debug","message":"Skipping storing report.","meta":{"rootId":"qhldvura391no6m","id":"1n14kvk1ujjrwat"},"id":"ytdft9x4vb4vqbx","previousOperationId":"fybvn9hmv4i087p"}
{"type":"log","timestamp":1705591126061,"level":"info","message":"Rendering (child) request finished in 399 ms","meta":{"rootId":"qhldvura391no6m","id":"1n14kvk1ujjrwat"},"id":"9rqa6gotk6gig47","previousOperationId":"fybvn9hmv4i087p"}
{"type":"operationEnd","subtype":"render","operationId":"4mqr1lcxr2wyphf","timestamp":1705591126061,"id":"0z0qupuhgingnm6","previousEventId":"yecstqua8x6y28a","previousOperationId":"fybvn9hmv4i087p"}
{"type":"operationEnd","operationId":"q2vm16bthcfd7xx","timestamp":1705591126067,"id":"pw0idjhkik0vd29","previousEventId":"mk931fpgx65tzho","previousOperationId":"q2vm16bthcfd7xx"}
{"type":"log","timestamp":1705591126067,"level":"debug","message":"pdf-utils postproces start","meta":{"rootId":"qhldvura391no6m","id":"qhldvura391no6m"},"id":"rfkcsnbnouqfcl6","previousOperationId":"q2vm16bthcfd7xx"}
{"type":"log","timestamp":1705591126074,"level":"debug","message":"pdf-utils postproces end","meta":{"rootId":"qhldvura391no6m","id":"qhldvura391no6m"},"id":"rojrk8v8tjgr7b2","previousOperationId":"q2vm16bthcfd7xx"}
{"type":"operationEnd","operationId":"13mmxoxo4zdfare","timestamp":1705591126074,"id":"zgmj67lxq5tr4ph","previousEventId":"pw0idjhkik0vd29","previousOperationId":"q2vm16bthcfd7xx"}
{"type":"log","timestamp":1705591126074,"level":"info","message":"pdf-utils pdf processing was finished","meta":{"rootId":"qhldvura391no6m","id":"qhldvura391no6m"},"id":"8jkr2271xpaq9d7","previousOperationId":"13mmxoxo4zdfare"}
{"type":"log","timestamp":1705591126074,"level":"debug","message":"Skipping storing report.","meta":{"rootId":"qhldvura391no6m","id":"qhldvura391no6m"},"id":"335s11mode452sj","previousOperationId":"13mmxoxo4zdfare"}
{"type":"log","timestamp":1705591126074,"level":"info","message":"Rendering request 37 finished in 412 ms","meta":{"rootId":"qhldvura391no6m","id":"qhldvura391no6m"},"id":"jmtovliyfcd7w51","previousOperationId":"13mmxoxo4zdfare"}
{"type":"operationEnd","subtype":"render","operationId":"s4t5ra99ld8ar5g","timestamp":1705591126074,"id":"s67qyg4eqnrr9iy","previousEventId":"zgmj67lxq5tr4ph","previousOperationId":"13mmxoxo4zdfare"}
{"type":"operationEnd","doDiffs":false,"previousEventId":"163wey821ruqr9v","previousOperationId":"j9ijbshpca1mxd6","operationId":"j9ijbshpca1mxd6","timestamp":1705591126080,"id":"00m6j41nxiskt67"}
