{"type":"operationStart","subtype":"profile","data":{"_id":"RNnBUsQ0ItGoW9vn","timestamp":"2024-02-19T16:28:05.698Z","state":"queued","mode":"standard","creationDate":"2024-02-19T16:28:05.699Z","modificationDate":"2024-02-19T16:28:05.699Z","shortid":"IomGwjV","$entitySet":"profiles"},"doDiffs":false,"timestamp":1708360085699,"id":"ryrpaovamm0s4r5","previousOperationId":null,"operationId":"jwinw3ll4wi02q0"}
{"type":"log","level":"info","message":"Render request 14 queued for execution and waiting for available worker","previousOperationId":"jwinw3ll4wi02q0","timestamp":1708360085699,"id":"7j1sf4e0nz096yi"}
{"type":"operationStart","subtype":"render","name":"orders-main","previousOperationId":"jwinw3ll4wi02q0","timestamp":1708360085708,"id":"cvudmskfe19nxn1","previousEventId":"ryrpaovamm0s4r5","operationId":"jkmyaqjtut4kisc"}
{"type":"log","timestamp":1708360085708,"level":"info","message":"Starting rendering request 14","meta":{"rootId":"qljbm36fti6bpww","id":"qljbm36fti6bpww"},"id":"t70e07q8q8ldsaz","previousOperationId":"jkmyaqjtut4kisc"}
{"type":"log","timestamp":1708360085708,"level":"info","message":"Rendering template { name: orders-main, recipe: chrome-pdf, engine: handlebars, preview: true }","meta":{"rootId":"qljbm36fti6bpww","id":"qljbm36fti6bpww"},"id":"gqcj1i8hb08claa","previousOperationId":"jkmyaqjtut4kisc"}
{"type":"log","timestamp":1708360085709,"level":"debug","message":"Data item not defined for this template.","meta":{"rootId":"qljbm36fti6bpww","id":"qljbm36fti6bpww"},"id":"ay7t3ilmvupdtbx","previousOperationId":"jkmyaqjtut4kisc"}
{"type":"log","timestamp":1708360085713,"level":"debug","message":"Executing script orders-script (beforeRender)","meta":{"rootId":"qljbm36fti6bpww","id":"qljbm36fti6bpww"},"id":"k1kotdt3rz7an9k","previousOperationId":"jkmyaqjtut4kisc"}
{"type":"operationStart","subtype":"scriptsBeforeRender","name":"scripts beforeRender","timestamp":1708360085732,"id":"1jo66jjk25kseg8","previousEventId":"cvudmskfe19nxn1","operationId":"n8n48k4swzpmbsb","previousOperationId":"jkmyaqjtut4kisc"}
{"type":"operationStart","subtype":"script","name":"scripts orders-script","previousOperationId":"n8n48k4swzpmbsb","timestamp":1708360085732,"id":"7bqurcdxxs7ljor","previousEventId":"1jo66jjk25kseg8","operationId":"xny91atk119mij8"}
{"type":"log","timestamp":1708360085742,"level":"debug","message":"(console:log) [ 'ola' ]","meta":{"userLevel":true,"rootId":"qljbm36fti6bpww","id":"qljbm36fti6bpww"},"id":"47y7v3phukmfsf0","previousOperationId":"xny91atk119mij8"}
{"type":"log","timestamp":1708360085742,"level":"debug","message":"(console:log) [ 1 ]","meta":{"userLevel":true,"rootId":"qljbm36fti6bpww","id":"qljbm36fti6bpww"},"id":"5denlvffrdaf0qn","previousOperationId":"xny91atk119mij8"}
{"type":"operationEnd","operationId":"xny91atk119mij8","timestamp":1708360085743,"id":"68z3uxd42i86w0a","previousEventId":"cvudmskfe19nxn1","previousOperationId":"jkmyaqjtut4kisc"}
{"type":"operationEnd","operationId":"n8n48k4swzpmbsb","timestamp":1708360085743,"id":"8dm0xz76gkznr5j","previousEventId":"68z3uxd42i86w0a","previousOperationId":"jkmyaqjtut4kisc"}
{"type":"log","timestamp":1708360085743,"level":"debug","message":"Base url not specified, skipping its injection.","meta":{"rootId":"qljbm36fti6bpww","id":"qljbm36fti6bpww"},"id":"krz2fpcja4yuh2u","previousOperationId":"n8n48k4swzpmbsb"}
{"type":"operationStart","subtype":"engine","name":"handlebars","timestamp":1708360085743,"id":"l0bid22zq46m0yz","previousEventId":"8dm0xz76gkznr5j","operationId":"ha7chyygi49m0cv","previousOperationId":"n8n48k4swzpmbsb"}
{"type":"log","timestamp":1708360085743,"level":"debug","message":"Rendering engine handlebars","meta":{"rootId":"qljbm36fti6bpww","id":"qljbm36fti6bpww"},"id":"617972oq7p3571y","previousOperationId":"ha7chyygi49m0cv"}
{"type":"operationEnd","operationId":"ha7chyygi49m0cv","timestamp":1708360085751,"id":"jlp3b0hgktb0600","previousEventId":"l0bid22zq46m0yz","previousOperationId":"ha7chyygi49m0cv"}
{"type":"operationStart","subtype":"recipe","name":"chrome-pdf","timestamp":1708360085751,"id":"i58ksc0dz226bxz","previousEventId":"jlp3b0hgktb0600","operationId":"dkxps9c8gah1tqp","previousOperationId":"ha7chyygi49m0cv"}
{"type":"log","timestamp":1708360085751,"level":"debug","message":"Executing recipe chrome-pdf","meta":{"rootId":"qljbm36fti6bpww","id":"qljbm36fti6bpww"},"id":"ony1avf01gk6dys","previousOperationId":"dkxps9c8gah1tqp"}
{"type":"log","timestamp":1708360085753,"level":"debug","message":"Converting with chrome HeadlessChrome/117.0.5938.149 using chrome-pool strategy","meta":{"rootId":"qljbm36fti6bpww","id":"qljbm36fti6bpww"},"id":"767pbvmrorp34ct","previousOperationId":"dkxps9c8gah1tqp"}
{"type":"log","timestamp":1708360085811,"level":"debug","message":"Page request: GET (document) file:///var/folders/tp/6hccbwhd41s4hkmxw_2wkz640000gn/T/jsreport/autocleanup/f98975ac-f0bd-4304-98cb-16c82e6c376e-chrome-pdf.html","meta":{"rootId":"qljbm36fti6bpww","id":"qljbm36fti6bpww"},"id":"6fh0sxho8o8yga7","previousOperationId":"dkxps9c8gah1tqp"}
{"type":"log","timestamp":1708360085816,"level":"debug","message":"Page request: GET (stylesheet) https://cdnjs.cloudflare.com/ajax/libs/metro/4.1.5/css/metro.min.css","meta":{"rootId":"qljbm36fti6bpww","id":"qljbm36fti6bpww"},"id":"byebj8hb776oefy","previousOperationId":"dkxps9c8gah1tqp"}
{"type":"log","timestamp":1708360085817,"level":"debug","message":"Page request: GET (script) https://cdn.jsdelivr.net/npm/chart.js","meta":{"rootId":"qljbm36fti6bpww","id":"qljbm36fti6bpww"},"id":"zmeido9qkuvvicx","previousOperationId":"dkxps9c8gah1tqp"}
{"type":"log","timestamp":1708360085817,"level":"debug","message":"Page request finished: GET (document) 200 file:///var/folders/tp/6hccbwhd41s4hkmxw_2wkz640000gn/T/jsreport/autocleanup/f98975ac-f0bd-4304-98cb-16c82e6c376e-chrome-pdf.html","meta":{"rootId":"qljbm36fti6bpww","id":"qljbm36fti6bpww"},"id":"supqs82q7cdbo94","previousOperationId":"dkxps9c8gah1tqp"}
{"type":"log","timestamp":1708360085825,"level":"debug","message":"Page request finished: GET (stylesheet) 200 https://cdnjs.cloudflare.com/ajax/libs/metro/4.1.5/css/metro.min.css","meta":{"rootId":"qljbm36fti6bpww","id":"qljbm36fti6bpww"},"id":"qlc6lkwe4r9x3rc","previousOperationId":"dkxps9c8gah1tqp"}
{"type":"log","timestamp":1708360085825,"level":"debug","message":"Page request finished: GET (script) 200 https://cdn.jsdelivr.net/npm/chart.js","meta":{"rootId":"qljbm36fti6bpww","id":"qljbm36fti6bpww"},"id":"06o1iej8ziq1z3b","previousOperationId":"dkxps9c8gah1tqp"}
{"type":"log","timestamp":1708360085829,"level":"warn","message":"Page error: \"undefined\" is not valid JSON\nJSON.parse (<anonymous>) , stack: SyntaxError: \"undefined\" is not valid JSON\nJSON.parse (<anonymous>)\n    at <anonymous> (file:///var/folders/tp/6hccbwhd41s4hkmxw_2wkz640000gn/T/jsreport/autocleanup/f98975ac-f0bd-4304-98cb-16c82e6c376e-chrome-pdf.html:15:28)","meta":{"rootId":"qljbm36fti6bpww","id":"qljbm36fti6bpww"},"id":"wphl4jjixer4t2d","previousOperationId":"dkxps9c8gah1tqp"}
{"type":"log","timestamp":1708360085832,"level":"debug","message":"Running chrome with params {\"printBackground\":true,\"marginTop\":\"4cm\",\"marginRight\":\"1.5cm\",\"marginBottom\":\"1.5cm\",\"marginLeft\":\"1.5cm\",\"waitForJS\":false,\"timeout\":59946,\"margin\":{\"top\":\"4cm\",\"right\":\"1.5cm\",\"bottom\":\"1.5cm\",\"left\":\"1.5cm\"}}","meta":{"rootId":"qljbm36fti6bpww","id":"qljbm36fti6bpww"},"id":"edge8x1nigva76p","previousOperationId":"dkxps9c8gah1tqp"}
{"type":"operationEnd","operationId":"dkxps9c8gah1tqp","timestamp":1708360085842,"id":"6micuk16ch6gmif","previousEventId":"i58ksc0dz226bxz","previousOperationId":"dkxps9c8gah1tqp"}
{"type":"log","timestamp":1708360085842,"level":"info","message":"pdf-utils is starting pdf processing","meta":{"rootId":"qljbm36fti6bpww","id":"qljbm36fti6bpww"},"id":"evml4jeyah6xrwc","previousOperationId":"dkxps9c8gah1tqp"}
{"type":"operationStart","subtype":"pdfUtils","name":"pdf utils","timestamp":1708360085842,"id":"xuf3o4g3z72i6f1","previousEventId":"6micuk16ch6gmif","operationId":"4qegwifs4vvhtna","previousOperationId":"dkxps9c8gah1tqp"}
{"type":"log","timestamp":1708360085842,"level":"debug","message":"pdf-utils detected 1 pdf operation(s) to process","meta":{"rootId":"qljbm36fti6bpww","id":"qljbm36fti6bpww"},"id":"ki29qh5i1bzsdtv","previousOperationId":"4qegwifs4vvhtna"}
{"type":"log","timestamp":1708360085846,"level":"debug","message":"pdf-utils running pdf operation merge","meta":{"rootId":"qljbm36fti6bpww","id":"qljbm36fti6bpww"},"id":"w7hqfg6isxj62vl","previousOperationId":"4qegwifs4vvhtna"}
{"type":"operationStart","subtype":"pdfUtilsMerge","name":"pdf utils merge","previousOperationId":"4qegwifs4vvhtna","timestamp":1708360085846,"id":"b8ieuop0hvb5qqy","previousEventId":"xuf3o4g3z72i6f1","operationId":"n3fcht6zxskzuid"}
{"type":"operationStart","subtype":"render","name":"orders-header","previousOperationId":"n3fcht6zxskzuid","timestamp":1708360085846,"id":"lsrrkanpbr6z1hp","previousEventId":"b8ieuop0hvb5qqy","operationId":"tit5ndvuervzy50"}
{"type":"log","timestamp":1708360085846,"level":"info","message":"Starting rendering (child) request","meta":{"rootId":"qljbm36fti6bpww","id":"k2qu31dqfu5y3ca"},"id":"xtoxz9mt3wi1bo9","previousOperationId":"tit5ndvuervzy50"}
{"type":"log","timestamp":1708360085846,"level":"info","message":"Rendering template { name: orders-header, recipe: chrome-pdf, engine: handlebars, preview: true }","meta":{"rootId":"qljbm36fti6bpww","id":"k2qu31dqfu5y3ca"},"id":"4ayukan6uymmd4g","previousOperationId":"tit5ndvuervzy50"}
{"type":"log","timestamp":1708360085846,"level":"debug","message":"Inline data specified.","meta":{"rootId":"qljbm36fti6bpww","id":"k2qu31dqfu5y3ca"},"id":"oagmbe4hwbdt5jz","previousOperationId":"tit5ndvuervzy50"}
{"type":"log","timestamp":1708360085847,"level":"debug","message":"Base url not specified, skipping its injection.","meta":{"rootId":"qljbm36fti6bpww","id":"k2qu31dqfu5y3ca"},"id":"hq601u6zij7uabb","previousOperationId":"tit5ndvuervzy50"}
{"type":"operationStart","subtype":"engine","name":"handlebars","timestamp":1708360085847,"id":"yxha1jtdysb1959","previousEventId":"lsrrkanpbr6z1hp","operationId":"qksnfkva8dzkqg4","previousOperationId":"tit5ndvuervzy50"}
{"type":"log","timestamp":1708360085847,"level":"debug","message":"Rendering engine handlebars","meta":{"rootId":"qljbm36fti6bpww","id":"k2qu31dqfu5y3ca"},"id":"7cxxp9y25dckb3a","previousOperationId":"qksnfkva8dzkqg4"}
{"type":"operationEnd","operationId":"qksnfkva8dzkqg4","timestamp":1708360085856,"id":"6se55zfv01eajx3","previousEventId":"yxha1jtdysb1959","previousOperationId":"qksnfkva8dzkqg4"}
{"type":"operationStart","subtype":"recipe","name":"chrome-pdf","timestamp":1708360085856,"id":"18ev8f5oitu66ca","previousEventId":"6se55zfv01eajx3","operationId":"g9lwm94fo1m25ln","previousOperationId":"qksnfkva8dzkqg4"}
{"type":"log","timestamp":1708360085856,"level":"debug","message":"Executing recipe chrome-pdf","meta":{"rootId":"qljbm36fti6bpww","id":"k2qu31dqfu5y3ca"},"id":"alb3v221yourj4p","previousOperationId":"g9lwm94fo1m25ln"}
{"type":"log","timestamp":1708360085857,"level":"debug","message":"Converting with chrome HeadlessChrome/117.0.5938.149 using chrome-pool strategy","meta":{"rootId":"qljbm36fti6bpww","id":"k2qu31dqfu5y3ca"},"id":"yas0ywxgo34md9o","previousOperationId":"g9lwm94fo1m25ln"}
{"type":"log","timestamp":1708360085899,"level":"debug","message":"Page request: GET (document) file:///var/folders/tp/6hccbwhd41s4hkmxw_2wkz640000gn/T/jsreport/autocleanup/0a1839bf-bbfa-4423-b4d3-1d0195773938-chrome-pdf.html","meta":{"rootId":"qljbm36fti6bpww","id":"k2qu31dqfu5y3ca"},"id":"lslf9jxe5hwhkj5","previousOperationId":"g9lwm94fo1m25ln"}
{"type":"log","timestamp":1708360085907,"level":"debug","message":"Page request: GET (stylesheet) https://cdnjs.cloudflare.com/ajax/libs/metro/4.1.5/css/metro.min.css","meta":{"rootId":"qljbm36fti6bpww","id":"k2qu31dqfu5y3ca"},"id":"4s190j6hfgdq770","previousOperationId":"g9lwm94fo1m25ln"}
{"type":"log","timestamp":1708360085907,"level":"debug","message":"Page request finished: GET (document) 200 file:///var/folders/tp/6hccbwhd41s4hkmxw_2wkz640000gn/T/jsreport/autocleanup/0a1839bf-bbfa-4423-b4d3-1d0195773938-chrome-pdf.html","meta":{"rootId":"qljbm36fti6bpww","id":"k2qu31dqfu5y3ca"},"id":"17wu6wrn0cam6mj","previousOperationId":"g9lwm94fo1m25ln"}
{"type":"log","timestamp":1708360085914,"level":"debug","message":"Page request finished: GET (stylesheet) 200 https://cdnjs.cloudflare.com/ajax/libs/metro/4.1.5/css/metro.min.css","meta":{"rootId":"qljbm36fti6bpww","id":"k2qu31dqfu5y3ca"},"id":"kvgtyu6j5hrfoai","previousOperationId":"g9lwm94fo1m25ln"}
{"type":"log","timestamp":1708360085929,"level":"debug","message":"Running chrome with params {\"printBackground\":true,\"marginTop\":\"1.5cm\",\"marginRight\":\"1.5cm\",\"marginLeft\":\"1.cm\",\"timeout\":59841,\"margin\":{\"top\":\"1.5cm\",\"right\":\"1.5cm\",\"left\":\"1.cm\"}}","meta":{"rootId":"qljbm36fti6bpww","id":"k2qu31dqfu5y3ca"},"id":"fp222sygk8ou97i","previousOperationId":"g9lwm94fo1m25ln"}
{"type":"operationEnd","operationId":"g9lwm94fo1m25ln","timestamp":1708360085943,"id":"0p5clv6v91zacgp","previousEventId":"18ev8f5oitu66ca","previousOperationId":"g9lwm94fo1m25ln"}
{"type":"log","timestamp":1708360085943,"level":"debug","message":"Skipping storing report.","meta":{"rootId":"qljbm36fti6bpww","id":"k2qu31dqfu5y3ca"},"id":"xombs3qdti6yvhn","previousOperationId":"g9lwm94fo1m25ln"}
{"type":"log","timestamp":1708360085944,"level":"info","message":"Rendering (child) request finished in 246 ms","meta":{"rootId":"qljbm36fti6bpww","id":"k2qu31dqfu5y3ca"},"id":"t3woredxxcq58kr","previousOperationId":"g9lwm94fo1m25ln"}
{"type":"operationEnd","subtype":"render","operationId":"tit5ndvuervzy50","timestamp":1708360085944,"id":"ad79j4ahd5b4a0u","previousEventId":"0p5clv6v91zacgp","previousOperationId":"g9lwm94fo1m25ln"}
{"type":"operationEnd","operationId":"n3fcht6zxskzuid","timestamp":1708360085953,"id":"kdlsl9jvh8a2ow1","previousEventId":"b8ieuop0hvb5qqy","previousOperationId":"n3fcht6zxskzuid"}
{"type":"log","timestamp":1708360085953,"level":"debug","message":"pdf-utils postproces start","meta":{"rootId":"qljbm36fti6bpww","id":"qljbm36fti6bpww"},"id":"2xi7cv2umkffl4n","previousOperationId":"n3fcht6zxskzuid"}
{"type":"log","timestamp":1708360085959,"level":"debug","message":"pdf-utils postproces end","meta":{"rootId":"qljbm36fti6bpww","id":"qljbm36fti6bpww"},"id":"lpi1zh6j7uhk254","previousOperationId":"n3fcht6zxskzuid"}
{"type":"operationEnd","operationId":"4qegwifs4vvhtna","timestamp":1708360085959,"id":"bz57npukg2pui8a","previousEventId":"kdlsl9jvh8a2ow1","previousOperationId":"n3fcht6zxskzuid"}
{"type":"log","timestamp":1708360085959,"level":"info","message":"pdf-utils pdf processing was finished","meta":{"rootId":"qljbm36fti6bpww","id":"qljbm36fti6bpww"},"id":"u8mfpiodl6ejkcn","previousOperationId":"4qegwifs4vvhtna"}
{"type":"log","timestamp":1708360085959,"level":"debug","message":"Skipping storing report.","meta":{"rootId":"qljbm36fti6bpww","id":"qljbm36fti6bpww"},"id":"0ooeiy2f3gebafd","previousOperationId":"4qegwifs4vvhtna"}
{"type":"log","timestamp":1708360085959,"level":"info","message":"Rendering request 14 finished in 261 ms","meta":{"rootId":"qljbm36fti6bpww","id":"qljbm36fti6bpww"},"id":"swxi6xlrkz8v37h","previousOperationId":"4qegwifs4vvhtna"}
{"type":"operationEnd","subtype":"render","operationId":"jkmyaqjtut4kisc","timestamp":1708360085959,"id":"ff2mqhxtz1dabnj","previousEventId":"bz57npukg2pui8a","previousOperationId":"4qegwifs4vvhtna"}
{"type":"operationEnd","doDiffs":false,"previousEventId":"ryrpaovamm0s4r5","previousOperationId":"jwinw3ll4wi02q0","operationId":"jwinw3ll4wi02q0","timestamp":1708360085962,"id":"dohbl9oeb9eajhz"}
