{"type":"operationStart","subtype":"profile","data":{"_id":"lsTsT8SZYXwhoNp7","timestamp":"2024-02-21T16:57:24.112Z","state":"queued","mode":"standard","creationDate":"2024-02-21T16:57:24.113Z","modificationDate":"2024-02-21T16:57:24.113Z","shortid":"vYuWizQ","$entitySet":"profiles"},"doDiffs":false,"timestamp":1708534644113,"id":"ceosnk0tg99v300","previousOperationId":null,"operationId":"8fuzf7vf0zo0awe"}
{"type":"log","level":"info","message":"Render request 4 queued for execution and waiting for available worker","previousOperationId":"8fuzf7vf0zo0awe","timestamp":1708534644113,"id":"hx9r8qciguefs8v"}
{"type":"operationStart","subtype":"render","name":"orders-main","previousOperationId":"8fuzf7vf0zo0awe","timestamp":1708534644126,"id":"lkx7yhd4nwr7qdf","previousEventId":"ceosnk0tg99v300","operationId":"y2qy3c63zknjg5j"}
{"type":"log","timestamp":1708534644127,"level":"info","message":"Starting rendering request 4","meta":{"rootId":"r01pbown02ljt8i","id":"r01pbown02ljt8i"},"id":"jhpr9zo9amxep51","previousOperationId":"y2qy3c63zknjg5j"}
{"type":"log","timestamp":1708534644128,"level":"info","message":"Rendering template { name: orders-main, recipe: chrome-pdf, engine: handlebars, preview: true }","meta":{"rootId":"r01pbown02ljt8i","id":"r01pbown02ljt8i"},"id":"qhkgcallwrjiefj","previousOperationId":"y2qy3c63zknjg5j"}
{"type":"log","timestamp":1708534644130,"level":"debug","message":"Data item not defined for this template.","meta":{"rootId":"r01pbown02ljt8i","id":"r01pbown02ljt8i"},"id":"1310q5ogcu5pxyk","previousOperationId":"y2qy3c63zknjg5j"}
{"type":"log","timestamp":1708534644134,"level":"debug","message":"Executing script orders-script (beforeRender)","meta":{"rootId":"r01pbown02ljt8i","id":"r01pbown02ljt8i"},"id":"u4db5xok4d5zbw2","previousOperationId":"y2qy3c63zknjg5j"}
{"type":"operationStart","subtype":"scriptsBeforeRender","name":"scripts beforeRender","timestamp":1708534644272,"id":"vncrdxnh8hnbarh","previousEventId":"lkx7yhd4nwr7qdf","operationId":"ozsnbsj0hitgt99","previousOperationId":"y2qy3c63zknjg5j"}
{"type":"operationStart","subtype":"script","name":"scripts orders-script","previousOperationId":"ozsnbsj0hitgt99","timestamp":1708534644273,"id":"kw8mjxbs7ao6cst","previousEventId":"vncrdxnh8hnbarh","operationId":"f9sxyt07wlrkapa"}
{"type":"log","timestamp":1708534644299,"level":"debug","message":"(console:log) [ 'ola', 'oola' ]","meta":{"userLevel":true,"rootId":"r01pbown02ljt8i","id":"r01pbown02ljt8i"},"id":"7ijwi17kue9up7p","previousOperationId":"f9sxyt07wlrkapa"}
{"type":"log","timestamp":1708534644299,"level":"debug","message":"(console:log) [ 0, 0 ]","meta":{"userLevel":true,"rootId":"r01pbown02ljt8i","id":"r01pbown02ljt8i"},"id":"qc1oufrwtptijw5","previousOperationId":"f9sxyt07wlrkapa"}
{"type":"operationEnd","operationId":"f9sxyt07wlrkapa","timestamp":1708534644300,"id":"ai453kv6mv5we6c","previousEventId":"lkx7yhd4nwr7qdf","previousOperationId":"y2qy3c63zknjg5j"}
{"type":"operationEnd","operationId":"ozsnbsj0hitgt99","timestamp":1708534644300,"id":"9fvzdaffjyp41mk","previousEventId":"ai453kv6mv5we6c","previousOperationId":"y2qy3c63zknjg5j"}
{"type":"log","timestamp":1708534644300,"level":"debug","message":"Base url not specified, skipping its injection.","meta":{"rootId":"r01pbown02ljt8i","id":"r01pbown02ljt8i"},"id":"njnmkhqzuc9cq2s","previousOperationId":"ozsnbsj0hitgt99"}
{"type":"operationStart","subtype":"engine","name":"handlebars","timestamp":1708534644300,"id":"mzli9qmpuerpr80","previousEventId":"9fvzdaffjyp41mk","operationId":"cwziowfo66zdv7s","previousOperationId":"ozsnbsj0hitgt99"}
{"type":"log","timestamp":1708534644300,"level":"debug","message":"Rendering engine handlebars","meta":{"rootId":"r01pbown02ljt8i","id":"r01pbown02ljt8i"},"id":"1iz3iaulo0edesf","previousOperationId":"cwziowfo66zdv7s"}
{"type":"log","timestamp":1708534644446,"level":"debug","message":"(console:log) Pdf utils adding group field, value: \"ola\"","meta":{"userLevel":true,"rootId":"r01pbown02ljt8i","id":"r01pbown02ljt8i"},"id":"4qn9ec4iqcvpdly","previousOperationId":"cwziowfo66zdv7s"}
{"type":"log","timestamp":1708534644446,"level":"debug","message":"(console:log) Pdf utils adding group field, value: \"oola\"","meta":{"userLevel":true,"rootId":"r01pbown02ljt8i","id":"r01pbown02ljt8i"},"id":"ubb3qaoivqgrgwe","previousOperationId":"cwziowfo66zdv7s"}
{"type":"operationEnd","operationId":"cwziowfo66zdv7s","timestamp":1708534644447,"id":"00sp1hrue1i9x31","previousEventId":"mzli9qmpuerpr80","previousOperationId":"cwziowfo66zdv7s"}
{"type":"operationStart","subtype":"recipe","name":"chrome-pdf","timestamp":1708534644447,"id":"ulj70kubwc93q6e","previousEventId":"00sp1hrue1i9x31","operationId":"q8cfe2uxx6n2bel","previousOperationId":"cwziowfo66zdv7s"}
{"type":"log","timestamp":1708534644447,"level":"debug","message":"Executing recipe chrome-pdf","meta":{"rootId":"r01pbown02ljt8i","id":"r01pbown02ljt8i"},"id":"d20c02oetjlcl5t","previousOperationId":"q8cfe2uxx6n2bel"}
{"type":"log","timestamp":1708534645465,"level":"debug","message":"Converting with chrome HeadlessChrome/117.0.5938.149 using chrome-pool strategy","meta":{"rootId":"r01pbown02ljt8i","id":"r01pbown02ljt8i"},"id":"50etdelfdi6tbys","previousOperationId":"q8cfe2uxx6n2bel"}
{"type":"log","timestamp":1708534645561,"level":"debug","message":"Page request: GET (document) file:///var/folders/tp/6hccbwhd41s4hkmxw_2wkz640000gn/T/jsreport/autocleanup/381be8f6-5ea2-4b11-ab06-86297c7a6300-chrome-pdf.html","meta":{"rootId":"r01pbown02ljt8i","id":"r01pbown02ljt8i"},"id":"6qfz9ob8rbt69v7","previousOperationId":"q8cfe2uxx6n2bel"}
{"type":"log","timestamp":1708534645579,"level":"debug","message":"Page request: GET (stylesheet) https://cdnjs.cloudflare.com/ajax/libs/metro/4.1.5/css/metro.min.css","meta":{"rootId":"r01pbown02ljt8i","id":"r01pbown02ljt8i"},"id":"cv4t8gwkz5b9mqj","previousOperationId":"q8cfe2uxx6n2bel"}
{"type":"log","timestamp":1708534645579,"level":"debug","message":"Page request: GET (script) https://cdn.jsdelivr.net/npm/chart.js","meta":{"rootId":"r01pbown02ljt8i","id":"r01pbown02ljt8i"},"id":"dm4xuot5tj0s1gw","previousOperationId":"q8cfe2uxx6n2bel"}
{"type":"log","timestamp":1708534645579,"level":"debug","message":"Page request finished: GET (document) 200 file:///var/folders/tp/6hccbwhd41s4hkmxw_2wkz640000gn/T/jsreport/autocleanup/381be8f6-5ea2-4b11-ab06-86297c7a6300-chrome-pdf.html","meta":{"rootId":"r01pbown02ljt8i","id":"r01pbown02ljt8i"},"id":"18s8cogqz9ixqh6","previousOperationId":"q8cfe2uxx6n2bel"}
{"type":"log","timestamp":1708534646080,"level":"debug","message":"Page request finished: GET (script) 200 https://cdn.jsdelivr.net/npm/chart.js","meta":{"rootId":"r01pbown02ljt8i","id":"r01pbown02ljt8i"},"id":"05tarlxmwmtzvac","previousOperationId":"q8cfe2uxx6n2bel"}
{"type":"log","timestamp":1708534646137,"level":"debug","message":"Page request finished: GET (stylesheet) 200 https://cdnjs.cloudflare.com/ajax/libs/metro/4.1.5/css/metro.min.css","meta":{"rootId":"r01pbown02ljt8i","id":"r01pbown02ljt8i"},"id":"w2gpqahefhdtnoq","previousOperationId":"q8cfe2uxx6n2bel"}
{"type":"log","timestamp":1708534646280,"level":"debug","message":"Running chrome with params {\"printBackground\":true,\"marginTop\":\"4cm\",\"marginRight\":\"1.5cm\",\"marginBottom\":\"1.5cm\",\"marginLeft\":\"1.5cm\",\"waitForJS\":false,\"timeout\":59486,\"margin\":{\"top\":\"4cm\",\"right\":\"1.5cm\",\"bottom\":\"1.5cm\",\"left\":\"1.5cm\"}}","meta":{"rootId":"r01pbown02ljt8i","id":"r01pbown02ljt8i"},"id":"lkh2f40rytx1jfc","previousOperationId":"q8cfe2uxx6n2bel"}
{"type":"operationEnd","operationId":"q8cfe2uxx6n2bel","timestamp":1708534646339,"id":"jenzpb22rhije8j","previousEventId":"ulj70kubwc93q6e","previousOperationId":"q8cfe2uxx6n2bel"}
{"type":"log","timestamp":1708534646339,"level":"info","message":"pdf-utils is starting pdf processing","meta":{"rootId":"r01pbown02ljt8i","id":"r01pbown02ljt8i"},"id":"z7gswweyox86di2","previousOperationId":"q8cfe2uxx6n2bel"}
{"type":"operationStart","subtype":"pdfUtils","name":"pdf utils","timestamp":1708534646456,"id":"1g2mts63iy5tpx5","previousEventId":"jenzpb22rhije8j","operationId":"b4pywtypvym7fho","previousOperationId":"q8cfe2uxx6n2bel"}
{"type":"log","timestamp":1708534646456,"level":"debug","message":"pdf-utils detected 1 pdf operation(s) to process","meta":{"rootId":"r01pbown02ljt8i","id":"r01pbown02ljt8i"},"id":"1kjcrvx3da6nret","previousOperationId":"b4pywtypvym7fho"}
{"type":"log","timestamp":1708534646569,"level":"debug","message":"pdf-utils running pdf operation merge","meta":{"rootId":"r01pbown02ljt8i","id":"r01pbown02ljt8i"},"id":"me4bzz49vqflnfa","previousOperationId":"b4pywtypvym7fho"}
{"type":"operationStart","subtype":"pdfUtilsMerge","name":"pdf utils merge","previousOperationId":"b4pywtypvym7fho","timestamp":1708534646569,"id":"oz1igftybva7zk3","previousEventId":"1g2mts63iy5tpx5","operationId":"ds03gd4zhhlgvby"}
{"type":"operationStart","subtype":"render","name":"orders-header","previousOperationId":"ds03gd4zhhlgvby","timestamp":1708534646570,"id":"irhmt2l6vcohrng","previousEventId":"oz1igftybva7zk3","operationId":"k5m0xy252p4mj6z"}
{"type":"log","timestamp":1708534646570,"level":"info","message":"Starting rendering (child) request","meta":{"rootId":"r01pbown02ljt8i","id":"89kq867lg2d0efu"},"id":"5e31twlsd7p2jvp","previousOperationId":"k5m0xy252p4mj6z"}
{"type":"log","timestamp":1708534646570,"level":"info","message":"Rendering template { name: orders-header, recipe: chrome-pdf, engine: handlebars, preview: true }","meta":{"rootId":"r01pbown02ljt8i","id":"89kq867lg2d0efu"},"id":"oqw9j2lt5hkwwb4","previousOperationId":"k5m0xy252p4mj6z"}
{"type":"log","timestamp":1708534646571,"level":"debug","message":"Inline data specified.","meta":{"rootId":"r01pbown02ljt8i","id":"89kq867lg2d0efu"},"id":"s5i3rlk30xf2c27","previousOperationId":"k5m0xy252p4mj6z"}
{"type":"log","timestamp":1708534646572,"level":"debug","message":"Base url not specified, skipping its injection.","meta":{"rootId":"r01pbown02ljt8i","id":"89kq867lg2d0efu"},"id":"7x444mdhwy101dc","previousOperationId":"k5m0xy252p4mj6z"}
{"type":"operationStart","subtype":"engine","name":"handlebars","timestamp":1708534646572,"id":"7lsjktyrbz3udjz","previousEventId":"irhmt2l6vcohrng","operationId":"oqa16r5cnbjc35o","previousOperationId":"k5m0xy252p4mj6z"}
{"type":"log","timestamp":1708534646572,"level":"debug","message":"Rendering engine handlebars","meta":{"rootId":"r01pbown02ljt8i","id":"89kq867lg2d0efu"},"id":"o4zu93a5diylbdq","previousOperationId":"oqa16r5cnbjc35o"}
{"type":"operationEnd","operationId":"oqa16r5cnbjc35o","timestamp":1708534646613,"id":"i5scdj47n0j2sie","previousEventId":"7lsjktyrbz3udjz","previousOperationId":"oqa16r5cnbjc35o"}
{"type":"operationStart","subtype":"recipe","name":"chrome-pdf","timestamp":1708534646613,"id":"591kwb5rzvfm49v","previousEventId":"i5scdj47n0j2sie","operationId":"t15ifkr2ujwq3fw","previousOperationId":"oqa16r5cnbjc35o"}
{"type":"log","timestamp":1708534646613,"level":"debug","message":"Executing recipe chrome-pdf","meta":{"rootId":"r01pbown02ljt8i","id":"89kq867lg2d0efu"},"id":"y65rfn266u95b8c","previousOperationId":"t15ifkr2ujwq3fw"}
{"type":"log","timestamp":1708534646614,"level":"debug","message":"Converting with chrome HeadlessChrome/117.0.5938.149 using chrome-pool strategy","meta":{"rootId":"r01pbown02ljt8i","id":"89kq867lg2d0efu"},"id":"s1vcz9g1s4i0a8b","previousOperationId":"t15ifkr2ujwq3fw"}
{"type":"log","timestamp":1708534646654,"level":"debug","message":"Page request: GET (document) file:///var/folders/tp/6hccbwhd41s4hkmxw_2wkz640000gn/T/jsreport/autocleanup/9ffdefdf-68b3-4bb4-bb1f-8e86177cce51-chrome-pdf.html","meta":{"rootId":"r01pbown02ljt8i","id":"89kq867lg2d0efu"},"id":"zwnx3uxryty67vy","previousOperationId":"t15ifkr2ujwq3fw"}
{"type":"log","timestamp":1708534646659,"level":"debug","message":"Page request: GET (stylesheet) https://cdnjs.cloudflare.com/ajax/libs/metro/4.1.5/css/metro.min.css","meta":{"rootId":"r01pbown02ljt8i","id":"89kq867lg2d0efu"},"id":"smy7ljcq69z0lgi","previousOperationId":"t15ifkr2ujwq3fw"}
{"type":"log","timestamp":1708534646660,"level":"debug","message":"Page request finished: GET (document) 200 file:///var/folders/tp/6hccbwhd41s4hkmxw_2wkz640000gn/T/jsreport/autocleanup/9ffdefdf-68b3-4bb4-bb1f-8e86177cce51-chrome-pdf.html","meta":{"rootId":"r01pbown02ljt8i","id":"89kq867lg2d0efu"},"id":"6id7b6x2r90enaf","previousOperationId":"t15ifkr2ujwq3fw"}
{"type":"log","timestamp":1708534646666,"level":"debug","message":"Page request finished: GET (stylesheet) 200 https://cdnjs.cloudflare.com/ajax/libs/metro/4.1.5/css/metro.min.css","meta":{"rootId":"r01pbown02ljt8i","id":"89kq867lg2d0efu"},"id":"j2948g7xj4ievg6","previousOperationId":"t15ifkr2ujwq3fw"}
{"type":"log","timestamp":1708534646687,"level":"debug","message":"Running chrome with params {\"printBackground\":true,\"marginTop\":\"1.5cm\",\"marginRight\":\"1.5cm\",\"marginLeft\":\"1.cm\",\"timeout\":57499,\"margin\":{\"top\":\"1.5cm\",\"right\":\"1.5cm\",\"left\":\"1.cm\"}}","meta":{"rootId":"r01pbown02ljt8i","id":"89kq867lg2d0efu"},"id":"c77snwnijivdn9b","previousOperationId":"t15ifkr2ujwq3fw"}
{"type":"operationEnd","operationId":"t15ifkr2ujwq3fw","timestamp":1708534646709,"id":"o849rvy0g51socn","previousEventId":"591kwb5rzvfm49v","previousOperationId":"t15ifkr2ujwq3fw"}
{"type":"log","timestamp":1708534646710,"level":"debug","message":"Skipping storing report.","meta":{"rootId":"r01pbown02ljt8i","id":"89kq867lg2d0efu"},"id":"otsfinjuuo1uqsr","previousOperationId":"t15ifkr2ujwq3fw"}
{"type":"log","timestamp":1708534646710,"level":"info","message":"Rendering (child) request finished in 2598 ms","meta":{"rootId":"r01pbown02ljt8i","id":"89kq867lg2d0efu"},"id":"svm5oa5xwxa0b3p","previousOperationId":"t15ifkr2ujwq3fw"}
{"type":"operationEnd","subtype":"render","operationId":"k5m0xy252p4mj6z","timestamp":1708534646710,"id":"e9c871vyct4adfp","previousEventId":"o849rvy0g51socn","previousOperationId":"t15ifkr2ujwq3fw"}
{"type":"operationEnd","operationId":"ds03gd4zhhlgvby","timestamp":1708534646734,"id":"6ct71pcp658twpj","previousEventId":"oz1igftybva7zk3","previousOperationId":"ds03gd4zhhlgvby"}
{"type":"log","timestamp":1708534646734,"level":"debug","message":"pdf-utils postproces start","meta":{"rootId":"r01pbown02ljt8i","id":"r01pbown02ljt8i"},"id":"usxcrfz77mbh28w","previousOperationId":"ds03gd4zhhlgvby"}
{"type":"log","timestamp":1708534646751,"level":"debug","message":"pdf-utils postproces end","meta":{"rootId":"r01pbown02ljt8i","id":"r01pbown02ljt8i"},"id":"kvbjrp0d2f5jjg8","previousOperationId":"ds03gd4zhhlgvby"}
{"type":"operationEnd","operationId":"b4pywtypvym7fho","timestamp":1708534646751,"id":"deb2pa9th5o1uc9","previousEventId":"6ct71pcp658twpj","previousOperationId":"ds03gd4zhhlgvby"}
{"type":"log","timestamp":1708534646751,"level":"info","message":"pdf-utils pdf processing was finished","meta":{"rootId":"r01pbown02ljt8i","id":"r01pbown02ljt8i"},"id":"43eh1jy3fj7s5bl","previousOperationId":"b4pywtypvym7fho"}
{"type":"log","timestamp":1708534646751,"level":"debug","message":"Skipping storing report.","meta":{"rootId":"r01pbown02ljt8i","id":"r01pbown02ljt8i"},"id":"i5uu7n18a3zq0c0","previousOperationId":"b4pywtypvym7fho"}
{"type":"log","timestamp":1708534646751,"level":"info","message":"Rendering request 4 finished in 2639 ms","meta":{"rootId":"r01pbown02ljt8i","id":"r01pbown02ljt8i"},"id":"e9j8wajqdvqoedn","previousOperationId":"b4pywtypvym7fho"}
{"type":"operationEnd","subtype":"render","operationId":"y2qy3c63zknjg5j","timestamp":1708534646751,"id":"yoqy0upv782u0m3","previousEventId":"deb2pa9th5o1uc9","previousOperationId":"b4pywtypvym7fho"}
{"type":"operationEnd","doDiffs":false,"previousEventId":"ceosnk0tg99v300","previousOperationId":"8fuzf7vf0zo0awe","operationId":"8fuzf7vf0zo0awe","timestamp":1708534646754,"id":"xkniik27yy4dd6u"}
