{"type":"operationStart","subtype":"profile","data":{"_id":"lKjVnHcS5xZFbRVB","timestamp":"2024-01-19T17:10:43.305Z","state":"queued","mode":"standard","creationDate":"2024-01-19T17:10:43.307Z","modificationDate":"2024-01-19T17:10:43.307Z","shortid":"tusGbJw","$entitySet":"profiles"},"doDiffs":false,"timestamp":1705684243306,"id":"xdjndnqfb58nfyq","previousOperationId":null,"operationId":"hd45crk82q5iewl"}
{"type":"log","level":"info","message":"Render request 19 queued for execution and waiting for available worker","previousOperationId":"hd45crk82q5iewl","timestamp":1705684243306,"id":"2glyp9ki1dpchy7"}
{"type":"operationStart","subtype":"render","name":"orders-main","previousOperationId":"hd45crk82q5iewl","timestamp":1705684243313,"id":"1aucya0880xf89l","previousEventId":"xdjndnqfb58nfyq","operationId":"rh33szakjfawu8p"}
{"type":"log","timestamp":1705684243313,"level":"info","message":"Starting rendering request 19","meta":{"rootId":"r948y0eactwvb4p","id":"r948y0eactwvb4p"},"id":"5ywx4n5nyvqvnci","previousOperationId":"rh33szakjfawu8p"}
{"type":"log","timestamp":1705684243313,"level":"info","message":"Rendering template { name: orders-main, recipe: chrome-pdf, engine: handlebars, preview: true }","meta":{"rootId":"r948y0eactwvb4p","id":"r948y0eactwvb4p"},"id":"3ub9ea63hgc8z5b","previousOperationId":"rh33szakjfawu8p"}
{"type":"log","timestamp":1705684243314,"level":"debug","message":"Data item not defined for this template.","meta":{"rootId":"r948y0eactwvb4p","id":"r948y0eactwvb4p"},"id":"0idghibwovzkx5n","previousOperationId":"rh33szakjfawu8p"}
{"type":"log","timestamp":1705684243315,"level":"debug","message":"Executing script orders-script (beforeRender)","meta":{"rootId":"r948y0eactwvb4p","id":"r948y0eactwvb4p"},"id":"zbvfubvsoac5e37","previousOperationId":"rh33szakjfawu8p"}
{"type":"operationStart","subtype":"scriptsBeforeRender","name":"scripts beforeRender","timestamp":1705684243347,"id":"u2alaobu6gwbh4f","previousEventId":"1aucya0880xf89l","operationId":"whv8jnd6oi38ay4","previousOperationId":"rh33szakjfawu8p"}
{"type":"operationStart","subtype":"script","name":"scripts orders-script","previousOperationId":"whv8jnd6oi38ay4","timestamp":1705684243347,"id":"yfztym2jxg9e216","previousEventId":"u2alaobu6gwbh4f","operationId":"vwv2vvjbxrb0jxb"}
{"type":"log","timestamp":1705684243364,"level":"debug","message":"(console:log) [ 'Race1', 'Race2' ]","meta":{"userLevel":true,"rootId":"r948y0eactwvb4p","id":"r948y0eactwvb4p"},"id":"uxew5bdcgdjmu2l","previousOperationId":"vwv2vvjbxrb0jxb"}
{"type":"log","timestamp":1705684243364,"level":"debug","message":"(console:log) [ 2, 1 ]","meta":{"userLevel":true,"rootId":"r948y0eactwvb4p","id":"r948y0eactwvb4p"},"id":"s7vu9jipa45urat","previousOperationId":"vwv2vvjbxrb0jxb"}
{"type":"operationEnd","operationId":"vwv2vvjbxrb0jxb","timestamp":1705684243365,"id":"ox7y4b62yr69h2m","previousEventId":"1aucya0880xf89l","previousOperationId":"rh33szakjfawu8p"}
{"type":"operationEnd","operationId":"whv8jnd6oi38ay4","timestamp":1705684243365,"id":"37chhz5n5xhlxg6","previousEventId":"ox7y4b62yr69h2m","previousOperationId":"rh33szakjfawu8p"}
{"type":"log","timestamp":1705684243365,"level":"debug","message":"Base url not specified, skipping its injection.","meta":{"rootId":"r948y0eactwvb4p","id":"r948y0eactwvb4p"},"id":"c0bmjctaxhraqwn","previousOperationId":"whv8jnd6oi38ay4"}
{"type":"operationStart","subtype":"engine","name":"handlebars","timestamp":1705684243365,"id":"vr974toe84ngcpm","previousEventId":"37chhz5n5xhlxg6","operationId":"29pjkznrj0rpfn2","previousOperationId":"whv8jnd6oi38ay4"}
{"type":"log","timestamp":1705684243365,"level":"debug","message":"Rendering engine handlebars","meta":{"rootId":"r948y0eactwvb4p","id":"r948y0eactwvb4p"},"id":"ndayd184t9uzjro","previousOperationId":"29pjkznrj0rpfn2"}
{"type":"log","timestamp":1705684243379,"level":"debug","message":"(console:log) Pdf utils adding group field, value: \"Race1\"","meta":{"userLevel":true,"rootId":"r948y0eactwvb4p","id":"r948y0eactwvb4p"},"id":"o9cv4dqi9tecrst","previousOperationId":"29pjkznrj0rpfn2"}
{"type":"log","timestamp":1705684243379,"level":"debug","message":"(console:log) Pdf utils adding group field, value: \"Race2\"","meta":{"userLevel":true,"rootId":"r948y0eactwvb4p","id":"r948y0eactwvb4p"},"id":"d6h5xtaec2jfmn1","previousOperationId":"29pjkznrj0rpfn2"}
{"type":"operationEnd","operationId":"29pjkznrj0rpfn2","timestamp":1705684243379,"id":"tx4bl1b5ynor2q4","previousEventId":"vr974toe84ngcpm","previousOperationId":"29pjkznrj0rpfn2"}
{"type":"operationStart","subtype":"recipe","name":"chrome-pdf","timestamp":1705684243379,"id":"sr8ufvynjgnru6b","previousEventId":"tx4bl1b5ynor2q4","operationId":"1nblfjhpx0oim26","previousOperationId":"29pjkznrj0rpfn2"}
{"type":"log","timestamp":1705684243379,"level":"debug","message":"Executing recipe chrome-pdf","meta":{"rootId":"r948y0eactwvb4p","id":"r948y0eactwvb4p"},"id":"wfo647d01cgml86","previousOperationId":"1nblfjhpx0oim26"}
{"type":"log","timestamp":1705684243382,"level":"debug","message":"Converting with chrome HeadlessChrome/117.0.5938.149 using chrome-pool strategy","meta":{"rootId":"r948y0eactwvb4p","id":"r948y0eactwvb4p"},"id":"w53908q98l3daav","previousOperationId":"1nblfjhpx0oim26"}
{"type":"log","timestamp":1705684243449,"level":"debug","message":"Page request: GET (document) file:///C:/Users/DANIEL~1/AppData/Local/Temp/jsreport/autocleanup/333b6b3c-447b-482d-91e4-c346c6b29f61-chrome-pdf.html","meta":{"rootId":"r948y0eactwvb4p","id":"r948y0eactwvb4p"},"id":"h47e7bczhnpai6o","previousOperationId":"1nblfjhpx0oim26"}
{"type":"log","timestamp":1705684243469,"level":"debug","message":"Page request: GET (stylesheet) https://cdnjs.cloudflare.com/ajax/libs/metro/4.1.5/css/metro.min.css","meta":{"rootId":"r948y0eactwvb4p","id":"r948y0eactwvb4p"},"id":"9moypo6149755m3","previousOperationId":"1nblfjhpx0oim26"}
{"type":"log","timestamp":1705684243470,"level":"debug","message":"Page request: GET (script) https://cdn.jsdelivr.net/npm/chart.js","meta":{"rootId":"r948y0eactwvb4p","id":"r948y0eactwvb4p"},"id":"x5bnb60yawwresf","previousOperationId":"1nblfjhpx0oim26"}
{"type":"log","timestamp":1705684243470,"level":"debug","message":"Page request finished: GET (document) 200 file:///C:/Users/DANIEL~1/AppData/Local/Temp/jsreport/autocleanup/333b6b3c-447b-482d-91e4-c346c6b29f61-chrome-pdf.html","meta":{"rootId":"r948y0eactwvb4p","id":"r948y0eactwvb4p"},"id":"mo1sg8dj7xdjxkm","previousOperationId":"1nblfjhpx0oim26"}
{"type":"log","timestamp":1705684243474,"level":"debug","message":"Page request finished: GET (script) 200 https://cdn.jsdelivr.net/npm/chart.js","meta":{"rootId":"r948y0eactwvb4p","id":"r948y0eactwvb4p"},"id":"afdxvgkt5d61q5f","previousOperationId":"1nblfjhpx0oim26"}
{"type":"log","timestamp":1705684243483,"level":"debug","message":"Page request finished: GET (stylesheet) 200 https://cdnjs.cloudflare.com/ajax/libs/metro/4.1.5/css/metro.min.css","meta":{"rootId":"r948y0eactwvb4p","id":"r948y0eactwvb4p"},"id":"o3y2t30v658l44d","previousOperationId":"1nblfjhpx0oim26"}
{"type":"log","timestamp":1705684243543,"level":"debug","message":"Running chrome with params {\"printBackground\":true,\"marginTop\":\"4cm\",\"marginRight\":\"1.5cm\",\"marginBottom\":\"1.5cm\",\"marginLeft\":\"1.5cm\",\"waitForJS\":false,\"timeout\":59924,\"margin\":{\"top\":\"4cm\",\"right\":\"1.5cm\",\"bottom\":\"1.5cm\",\"left\":\"1.5cm\"}}","meta":{"rootId":"r948y0eactwvb4p","id":"r948y0eactwvb4p"},"id":"kgfxt8nw0l7fmtr","previousOperationId":"1nblfjhpx0oim26"}
{"type":"operationEnd","operationId":"1nblfjhpx0oim26","timestamp":1705684243614,"id":"8bwkvmkt89f6j60","previousEventId":"sr8ufvynjgnru6b","previousOperationId":"1nblfjhpx0oim26"}
{"type":"log","timestamp":1705684243614,"level":"info","message":"pdf-utils is starting pdf processing","meta":{"rootId":"r948y0eactwvb4p","id":"r948y0eactwvb4p"},"id":"beg6253skyi9q8g","previousOperationId":"1nblfjhpx0oim26"}
{"type":"operationStart","subtype":"pdfUtils","name":"pdf utils","timestamp":1705684243614,"id":"qz0sk6x0ek0zhr0","previousEventId":"8bwkvmkt89f6j60","operationId":"cb54dizlfu1o0tn","previousOperationId":"1nblfjhpx0oim26"}
{"type":"log","timestamp":1705684243614,"level":"debug","message":"pdf-utils detected 1 pdf operation(s) to process","meta":{"rootId":"r948y0eactwvb4p","id":"r948y0eactwvb4p"},"id":"1j9fsn4vnzvazd7","previousOperationId":"cb54dizlfu1o0tn"}
{"type":"log","timestamp":1705684243642,"level":"debug","message":"pdf-utils running pdf operation merge","meta":{"rootId":"r948y0eactwvb4p","id":"r948y0eactwvb4p"},"id":"fugp7uaz96ubrt3","previousOperationId":"cb54dizlfu1o0tn"}
{"type":"operationStart","subtype":"pdfUtilsMerge","name":"pdf utils merge","previousOperationId":"cb54dizlfu1o0tn","timestamp":1705684243642,"id":"5paui20zzs7pjl8","previousEventId":"qz0sk6x0ek0zhr0","operationId":"8upkqh41ro3ycpr"}
{"type":"operationStart","subtype":"render","name":"orders-header","previousOperationId":"8upkqh41ro3ycpr","timestamp":1705684243643,"id":"3gkgh7k3sbh1hro","previousEventId":"5paui20zzs7pjl8","operationId":"pvvbhgjvy88gm97"}
{"type":"log","timestamp":1705684243643,"level":"info","message":"Starting rendering (child) request","meta":{"rootId":"r948y0eactwvb4p","id":"9p15qv945ulj10w"},"id":"d1q6gijcfrpxihh","previousOperationId":"pvvbhgjvy88gm97"}
{"type":"log","timestamp":1705684243643,"level":"info","message":"Rendering template { name: orders-header, recipe: chrome-pdf, engine: handlebars, preview: true }","meta":{"rootId":"r948y0eactwvb4p","id":"9p15qv945ulj10w"},"id":"qaqi7r801u59w6c","previousOperationId":"pvvbhgjvy88gm97"}
{"type":"log","timestamp":1705684243644,"level":"debug","message":"Inline data specified.","meta":{"rootId":"r948y0eactwvb4p","id":"9p15qv945ulj10w"},"id":"uc4pmr6xfgvldz0","previousOperationId":"pvvbhgjvy88gm97"}
{"type":"log","timestamp":1705684243648,"level":"debug","message":"Base url not specified, skipping its injection.","meta":{"rootId":"r948y0eactwvb4p","id":"9p15qv945ulj10w"},"id":"8t4jym96ll0bnum","previousOperationId":"pvvbhgjvy88gm97"}
{"type":"operationStart","subtype":"engine","name":"handlebars","timestamp":1705684243648,"id":"6gtfzv7q0ejl3cb","previousEventId":"3gkgh7k3sbh1hro","operationId":"zz19ugw8n4yqhpb","previousOperationId":"pvvbhgjvy88gm97"}
{"type":"log","timestamp":1705684243648,"level":"debug","message":"Rendering engine handlebars","meta":{"rootId":"r948y0eactwvb4p","id":"9p15qv945ulj10w"},"id":"koe2h8cizgmu07o","previousOperationId":"zz19ugw8n4yqhpb"}
{"type":"operationEnd","operationId":"zz19ugw8n4yqhpb","timestamp":1705684243661,"id":"hiepqeotzvu3dew","previousEventId":"6gtfzv7q0ejl3cb","previousOperationId":"zz19ugw8n4yqhpb"}
{"type":"operationStart","subtype":"recipe","name":"chrome-pdf","timestamp":1705684243661,"id":"okgff426w7w777e","previousEventId":"hiepqeotzvu3dew","operationId":"zroi93ogeqef86e","previousOperationId":"zz19ugw8n4yqhpb"}
{"type":"log","timestamp":1705684243661,"level":"debug","message":"Executing recipe chrome-pdf","meta":{"rootId":"r948y0eactwvb4p","id":"9p15qv945ulj10w"},"id":"rd5qjk10eccmpu8","previousOperationId":"zroi93ogeqef86e"}
{"type":"log","timestamp":1705684243663,"level":"debug","message":"Converting with chrome HeadlessChrome/117.0.5938.149 using chrome-pool strategy","meta":{"rootId":"r948y0eactwvb4p","id":"9p15qv945ulj10w"},"id":"50hk9yaw238dbij","previousOperationId":"zroi93ogeqef86e"}
{"type":"log","timestamp":1705684243759,"level":"debug","message":"Page request: GET (document) file:///C:/Users/DANIEL~1/AppData/Local/Temp/jsreport/autocleanup/5c2ee232-89cd-4cae-9d69-2cf1df403df7-chrome-pdf.html","meta":{"rootId":"r948y0eactwvb4p","id":"9p15qv945ulj10w"},"id":"p6c2ll35fl2bnya","previousOperationId":"zroi93ogeqef86e"}
{"type":"log","timestamp":1705684243768,"level":"debug","message":"Page request: GET (stylesheet) https://cdnjs.cloudflare.com/ajax/libs/metro/4.1.5/css/metro.min.css","meta":{"rootId":"r948y0eactwvb4p","id":"9p15qv945ulj10w"},"id":"oq8mbhqdkmuhpoh","previousOperationId":"zroi93ogeqef86e"}
{"type":"log","timestamp":1705684243768,"level":"debug","message":"Page request finished: GET (document) 200 file:///C:/Users/DANIEL~1/AppData/Local/Temp/jsreport/autocleanup/5c2ee232-89cd-4cae-9d69-2cf1df403df7-chrome-pdf.html","meta":{"rootId":"r948y0eactwvb4p","id":"9p15qv945ulj10w"},"id":"2dq2qgoket9nbnn","previousOperationId":"zroi93ogeqef86e"}
{"type":"log","timestamp":1705684243782,"level":"debug","message":"Page request finished: GET (stylesheet) 200 https://cdnjs.cloudflare.com/ajax/libs/metro/4.1.5/css/metro.min.css","meta":{"rootId":"r948y0eactwvb4p","id":"9p15qv945ulj10w"},"id":"e5ct3tqb36p9t7e","previousOperationId":"zroi93ogeqef86e"}
{"type":"log","timestamp":1705684243795,"level":"debug","message":"Running chrome with params {\"printBackground\":true,\"marginTop\":\"1.5cm\",\"marginRight\":\"1.5cm\",\"marginLeft\":\"1.cm\",\"timeout\":59643,\"margin\":{\"top\":\"1.5cm\",\"right\":\"1.5cm\",\"left\":\"1.cm\"}}","meta":{"rootId":"r948y0eactwvb4p","id":"9p15qv945ulj10w"},"id":"xo1dujkoaobfgja","previousOperationId":"zroi93ogeqef86e"}
{"type":"operationEnd","operationId":"zroi93ogeqef86e","timestamp":1705684243829,"id":"xtwn2ezi43qwih5","previousEventId":"okgff426w7w777e","previousOperationId":"zroi93ogeqef86e"}
{"type":"log","timestamp":1705684243830,"level":"debug","message":"Skipping storing report.","meta":{"rootId":"r948y0eactwvb4p","id":"9p15qv945ulj10w"},"id":"evr8cl0njvvpql6","previousOperationId":"zroi93ogeqef86e"}
{"type":"log","timestamp":1705684243830,"level":"info","message":"Rendering (child) request finished in 525 ms","meta":{"rootId":"r948y0eactwvb4p","id":"9p15qv945ulj10w"},"id":"fcxnswq48x22ms8","previousOperationId":"zroi93ogeqef86e"}
{"type":"operationEnd","subtype":"render","operationId":"pvvbhgjvy88gm97","timestamp":1705684243830,"id":"uruc5h5w577qx70","previousEventId":"xtwn2ezi43qwih5","previousOperationId":"zroi93ogeqef86e"}
{"type":"operationEnd","operationId":"8upkqh41ro3ycpr","timestamp":1705684243844,"id":"i8tjh5z0s9inu2s","previousEventId":"5paui20zzs7pjl8","previousOperationId":"8upkqh41ro3ycpr"}
{"type":"log","timestamp":1705684243844,"level":"debug","message":"pdf-utils postproces start","meta":{"rootId":"r948y0eactwvb4p","id":"r948y0eactwvb4p"},"id":"jcasa370bbf52eo","previousOperationId":"8upkqh41ro3ycpr"}
{"type":"log","timestamp":1705684243854,"level":"debug","message":"pdf-utils postproces end","meta":{"rootId":"r948y0eactwvb4p","id":"r948y0eactwvb4p"},"id":"tfwvlnvqqy1c1nb","previousOperationId":"8upkqh41ro3ycpr"}
{"type":"operationEnd","operationId":"cb54dizlfu1o0tn","timestamp":1705684243854,"id":"2iowshgx32lay9n","previousEventId":"i8tjh5z0s9inu2s","previousOperationId":"8upkqh41ro3ycpr"}
{"type":"log","timestamp":1705684243854,"level":"info","message":"pdf-utils pdf processing was finished","meta":{"rootId":"r948y0eactwvb4p","id":"r948y0eactwvb4p"},"id":"acy4p770uxoooyu","previousOperationId":"cb54dizlfu1o0tn"}
{"type":"log","timestamp":1705684243854,"level":"debug","message":"Skipping storing report.","meta":{"rootId":"r948y0eactwvb4p","id":"r948y0eactwvb4p"},"id":"ktfsvqjbsgeerpc","previousOperationId":"cb54dizlfu1o0tn"}
{"type":"log","timestamp":1705684243854,"level":"info","message":"Rendering request 19 finished in 549 ms","meta":{"rootId":"r948y0eactwvb4p","id":"r948y0eactwvb4p"},"id":"sx3we3trm13p9wc","previousOperationId":"cb54dizlfu1o0tn"}
{"type":"operationEnd","subtype":"render","operationId":"rh33szakjfawu8p","timestamp":1705684243854,"id":"jram8eh7n44e3fc","previousEventId":"2iowshgx32lay9n","previousOperationId":"cb54dizlfu1o0tn"}
{"type":"operationEnd","doDiffs":false,"previousEventId":"xdjndnqfb58nfyq","previousOperationId":"hd45crk82q5iewl","operationId":"hd45crk82q5iewl","timestamp":1705684243858,"id":"7bauyw6zmsl3enu"}
