{"type":"operationStart","subtype":"profile","data":{"_id":"v3tJoRVg0Ge4vPST","timestamp":"2024-01-17T16:25:31.722Z","state":"queued","mode":"standard","creationDate":"2024-01-17T16:25:31.724Z","modificationDate":"2024-01-17T16:25:31.724Z","shortid":"JM1cIIo","$entitySet":"profiles"},"doDiffs":false,"timestamp":1705508731723,"id":"bymxj9d73t0sz8v","previousOperationId":null,"operationId":"6ktjpvzjst5bqau"}
{"type":"log","level":"info","message":"Render request 38 queued for execution and waiting for available worker","previousOperationId":"6ktjpvzjst5bqau","timestamp":1705508731723,"id":"focg2ahl59rt5bz"}
{"type":"operationStart","subtype":"render","name":"orders-main","previousOperationId":"6ktjpvzjst5bqau","timestamp":1705508731728,"id":"97sno5fof3cd84c","previousEventId":"bymxj9d73t0sz8v","operationId":"tr7itpuu5sr7opj"}
{"type":"log","timestamp":1705508731728,"level":"info","message":"Starting rendering request 38","meta":{"rootId":"ra9kal6akrc67c5","id":"ra9kal6akrc67c5"},"id":"aol9yqsgo425xmz","previousOperationId":"tr7itpuu5sr7opj"}
{"type":"log","timestamp":1705508731728,"level":"info","message":"Rendering template { name: orders-main, recipe: chrome-pdf, engine: handlebars, preview: true }","meta":{"rootId":"ra9kal6akrc67c5","id":"ra9kal6akrc67c5"},"id":"couo3wdyl410wd4","previousOperationId":"tr7itpuu5sr7opj"}
{"type":"log","timestamp":1705508731729,"level":"debug","message":"Data item not defined for this template.","meta":{"rootId":"ra9kal6akrc67c5","id":"ra9kal6akrc67c5"},"id":"ri7wv94e1exgco4","previousOperationId":"tr7itpuu5sr7opj"}
{"type":"log","timestamp":1705508731730,"level":"debug","message":"Executing script orders-script (beforeRender)","meta":{"rootId":"ra9kal6akrc67c5","id":"ra9kal6akrc67c5"},"id":"nryfgovm083f4pf","previousOperationId":"tr7itpuu5sr7opj"}
{"type":"operationStart","subtype":"scriptsBeforeRender","name":"scripts beforeRender","timestamp":1705508731738,"id":"wan2gbklwebf8cv","previousEventId":"97sno5fof3cd84c","operationId":"hfeapt9kysa00fm","previousOperationId":"tr7itpuu5sr7opj"}
{"type":"operationStart","subtype":"script","name":"scripts orders-script","previousOperationId":"hfeapt9kysa00fm","timestamp":1705508731738,"id":"uszvvg3p1gxpu3k","previousEventId":"wan2gbklwebf8cv","operationId":"xlsawd7clv6jzfh"}
{"type":"operationEnd","operationId":"xlsawd7clv6jzfh","timestamp":1705508731747,"id":"o8zql9ntaori5q1","previousEventId":"97sno5fof3cd84c","previousOperationId":"tr7itpuu5sr7opj"}
{"type":"operationEnd","operationId":"hfeapt9kysa00fm","timestamp":1705508731747,"id":"4ntu8xxnmcfpode","previousEventId":"o8zql9ntaori5q1","previousOperationId":"tr7itpuu5sr7opj"}
{"type":"log","timestamp":1705508731748,"level":"debug","message":"Base url not specified, skipping its injection.","meta":{"rootId":"ra9kal6akrc67c5","id":"ra9kal6akrc67c5"},"id":"kp971o1r572gxzs","previousOperationId":"hfeapt9kysa00fm"}
{"type":"operationStart","subtype":"engine","name":"handlebars","timestamp":1705508731748,"id":"s1t0kvfpcv8o2dt","previousEventId":"4ntu8xxnmcfpode","operationId":"pt6pemw712c6l9o","previousOperationId":"hfeapt9kysa00fm"}
{"type":"log","timestamp":1705508731748,"level":"debug","message":"Rendering engine handlebars","meta":{"rootId":"ra9kal6akrc67c5","id":"ra9kal6akrc67c5"},"id":"rlbnhuj5z6qxev5","previousOperationId":"pt6pemw712c6l9o"}
{"type":"log","timestamp":1705508731757,"level":"debug","message":"(console:log) Pdf utils adding group field, value: \"Race1\"","meta":{"userLevel":true,"rootId":"ra9kal6akrc67c5","id":"ra9kal6akrc67c5"},"id":"utcl6iup19tkdhl","previousOperationId":"pt6pemw712c6l9o"}
{"type":"log","timestamp":1705508731757,"level":"debug","message":"(console:log) Pdf utils adding group field, value: \"Race2\"","meta":{"userLevel":true,"rootId":"ra9kal6akrc67c5","id":"ra9kal6akrc67c5"},"id":"7xtjd5corab5xkl","previousOperationId":"pt6pemw712c6l9o"}
{"type":"operationEnd","operationId":"pt6pemw712c6l9o","timestamp":1705508731757,"id":"mkm3sltb475qz4h","previousEventId":"s1t0kvfpcv8o2dt","previousOperationId":"pt6pemw712c6l9o"}
{"type":"operationStart","subtype":"recipe","name":"chrome-pdf","timestamp":1705508731757,"id":"ia9z185p6tf2b8n","previousEventId":"mkm3sltb475qz4h","operationId":"91a0tjot4k99ffx","previousOperationId":"pt6pemw712c6l9o"}
{"type":"log","timestamp":1705508731757,"level":"debug","message":"Executing recipe chrome-pdf","meta":{"rootId":"ra9kal6akrc67c5","id":"ra9kal6akrc67c5"},"id":"erdb55zu3mgvtjd","previousOperationId":"91a0tjot4k99ffx"}
{"type":"log","timestamp":1705508731759,"level":"debug","message":"Converting with chrome HeadlessChrome/117.0.5938.149 using chrome-pool strategy","meta":{"rootId":"ra9kal6akrc67c5","id":"ra9kal6akrc67c5"},"id":"sjn0z6ckwlfo9ut","previousOperationId":"91a0tjot4k99ffx"}
{"type":"log","timestamp":1705508731822,"level":"debug","message":"Page request: GET (document) file:///C:/Users/DANIEL~1/AppData/Local/Temp/jsreport/autocleanup/76600ad3-247c-40f7-a023-b13397c0b28c-chrome-pdf.html","meta":{"rootId":"ra9kal6akrc67c5","id":"ra9kal6akrc67c5"},"id":"inxtvsie7634jso","previousOperationId":"91a0tjot4k99ffx"}
{"type":"log","timestamp":1705508731835,"level":"debug","message":"Page request: GET (stylesheet) https://cdnjs.cloudflare.com/ajax/libs/metro/4.1.5/css/metro.min.css","meta":{"rootId":"ra9kal6akrc67c5","id":"ra9kal6akrc67c5"},"id":"skf08my2bpopsg8","previousOperationId":"91a0tjot4k99ffx"}
{"type":"log","timestamp":1705508731835,"level":"debug","message":"Page request: GET (script) https://cdnjs.cloudflare.com/ajax/libs/Chart.js/2.7.2/Chart.min.js","meta":{"rootId":"ra9kal6akrc67c5","id":"ra9kal6akrc67c5"},"id":"s2ikdv4fvn36hwg","previousOperationId":"91a0tjot4k99ffx"}
{"type":"log","timestamp":1705508731835,"level":"debug","message":"Page request finished: GET (document) 200 file:///C:/Users/DANIEL~1/AppData/Local/Temp/jsreport/autocleanup/76600ad3-247c-40f7-a023-b13397c0b28c-chrome-pdf.html","meta":{"rootId":"ra9kal6akrc67c5","id":"ra9kal6akrc67c5"},"id":"dr34j4fhg0fxyrp","previousOperationId":"91a0tjot4k99ffx"}
{"type":"log","timestamp":1705508731839,"level":"debug","message":"Page request finished: GET (script) 200 https://cdnjs.cloudflare.com/ajax/libs/Chart.js/2.7.2/Chart.min.js","meta":{"rootId":"ra9kal6akrc67c5","id":"ra9kal6akrc67c5"},"id":"dlfvd624hrcnfx2","previousOperationId":"91a0tjot4k99ffx"}
{"type":"log","timestamp":1705508731848,"level":"debug","message":"Page request finished: GET (stylesheet) 200 https://cdnjs.cloudflare.com/ajax/libs/metro/4.1.5/css/metro.min.css","meta":{"rootId":"ra9kal6akrc67c5","id":"ra9kal6akrc67c5"},"id":"j0c8v4ktgmlzigs","previousOperationId":"91a0tjot4k99ffx"}
{"type":"log","timestamp":1705508731868,"level":"debug","message":"Running chrome with params {\"printBackground\":true,\"marginTop\":\"4cm\",\"marginRight\":\"1.5cm\",\"marginBottom\":\"1.5cm\",\"marginLeft\":\"1.5cm\",\"waitForJS\":false,\"timeout\":59964,\"margin\":{\"top\":\"4cm\",\"right\":\"1.5cm\",\"bottom\":\"1.5cm\",\"left\":\"1.5cm\"}}","meta":{"rootId":"ra9kal6akrc67c5","id":"ra9kal6akrc67c5"},"id":"y0ptcslpowvjh65","previousOperationId":"91a0tjot4k99ffx"}
{"type":"operationEnd","operationId":"91a0tjot4k99ffx","timestamp":1705508731922,"id":"ymetaw387pdotww","previousEventId":"ia9z185p6tf2b8n","previousOperationId":"91a0tjot4k99ffx"}
{"type":"log","timestamp":1705508731922,"level":"info","message":"pdf-utils is starting pdf processing","meta":{"rootId":"ra9kal6akrc67c5","id":"ra9kal6akrc67c5"},"id":"0hqutnlj9ldua8d","previousOperationId":"91a0tjot4k99ffx"}
{"type":"operationStart","subtype":"pdfUtils","name":"pdf utils","timestamp":1705508731922,"id":"t1kwfy84k1dju4q","previousEventId":"ymetaw387pdotww","operationId":"43fxskv0s0oj28j","previousOperationId":"91a0tjot4k99ffx"}
{"type":"log","timestamp":1705508731922,"level":"debug","message":"pdf-utils detected 1 pdf operation(s) to process","meta":{"rootId":"ra9kal6akrc67c5","id":"ra9kal6akrc67c5"},"id":"2a6hgriaf05ygon","previousOperationId":"43fxskv0s0oj28j"}
{"type":"log","timestamp":1705508731932,"level":"debug","message":"pdf-utils running pdf operation merge","meta":{"rootId":"ra9kal6akrc67c5","id":"ra9kal6akrc67c5"},"id":"winijpqthj0fwkt","previousOperationId":"43fxskv0s0oj28j"}
{"type":"operationStart","subtype":"pdfUtilsMerge","name":"pdf utils merge","previousOperationId":"43fxskv0s0oj28j","timestamp":1705508731932,"id":"3n6uom7s2o0edjl","previousEventId":"t1kwfy84k1dju4q","operationId":"2u4moe3za7fvvmj"}
{"type":"operationStart","subtype":"render","name":"orders-header","previousOperationId":"2u4moe3za7fvvmj","timestamp":1705508731933,"id":"ca3vjvq2n8ueszv","previousEventId":"3n6uom7s2o0edjl","operationId":"2iw48vzwattcsyg"}
{"type":"log","timestamp":1705508731933,"level":"info","message":"Starting rendering (child) request","meta":{"rootId":"ra9kal6akrc67c5","id":"i68orj7e2dakfjy"},"id":"2pvfdlh0932ythl","previousOperationId":"2iw48vzwattcsyg"}
{"type":"log","timestamp":1705508731933,"level":"info","message":"Rendering template { name: orders-header, recipe: chrome-pdf, engine: handlebars, preview: true }","meta":{"rootId":"ra9kal6akrc67c5","id":"i68orj7e2dakfjy"},"id":"38vrbryfzqncjk3","previousOperationId":"2iw48vzwattcsyg"}
{"type":"log","timestamp":1705508731934,"level":"debug","message":"Inline data specified.","meta":{"rootId":"ra9kal6akrc67c5","id":"i68orj7e2dakfjy"},"id":"48vxy1b30bex45m","previousOperationId":"2iw48vzwattcsyg"}
{"type":"log","timestamp":1705508731935,"level":"debug","message":"Base url not specified, skipping its injection.","meta":{"rootId":"ra9kal6akrc67c5","id":"i68orj7e2dakfjy"},"id":"ewncgu284lg2hp2","previousOperationId":"2iw48vzwattcsyg"}
{"type":"operationStart","subtype":"engine","name":"handlebars","timestamp":1705508731935,"id":"8wja5tp0lxahm5i","previousEventId":"ca3vjvq2n8ueszv","operationId":"awc6sib24oprl4q","previousOperationId":"2iw48vzwattcsyg"}
{"type":"log","timestamp":1705508731935,"level":"debug","message":"Rendering engine handlebars","meta":{"rootId":"ra9kal6akrc67c5","id":"i68orj7e2dakfjy"},"id":"hah7ui9sfyymsg9","previousOperationId":"awc6sib24oprl4q"}
{"type":"operationEnd","operationId":"awc6sib24oprl4q","timestamp":1705508731953,"id":"dek2kc1s3zgzk2e","previousEventId":"8wja5tp0lxahm5i","previousOperationId":"awc6sib24oprl4q"}
{"type":"operationStart","subtype":"recipe","name":"chrome-pdf","timestamp":1705508731953,"id":"xv8leb8slx1a17f","previousEventId":"dek2kc1s3zgzk2e","operationId":"n3n87l5wulp9pfh","previousOperationId":"awc6sib24oprl4q"}
{"type":"log","timestamp":1705508731953,"level":"debug","message":"Executing recipe chrome-pdf","meta":{"rootId":"ra9kal6akrc67c5","id":"i68orj7e2dakfjy"},"id":"35ji7lty4s81eo8","previousOperationId":"n3n87l5wulp9pfh"}
{"type":"log","timestamp":1705508731955,"level":"debug","message":"Converting with chrome HeadlessChrome/117.0.5938.149 using chrome-pool strategy","meta":{"rootId":"ra9kal6akrc67c5","id":"i68orj7e2dakfjy"},"id":"a05lca9zb4f7y5r","previousOperationId":"n3n87l5wulp9pfh"}
{"type":"log","timestamp":1705508732027,"level":"debug","message":"Page request: GET (document) file:///C:/Users/DANIEL~1/AppData/Local/Temp/jsreport/autocleanup/4556a0ba-4394-4b30-9d4c-016d336bcbeb-chrome-pdf.html","meta":{"rootId":"ra9kal6akrc67c5","id":"i68orj7e2dakfjy"},"id":"jy4ifen7z0gjtoq","previousOperationId":"n3n87l5wulp9pfh"}
{"type":"log","timestamp":1705508732036,"level":"debug","message":"Page request: GET (stylesheet) https://cdnjs.cloudflare.com/ajax/libs/metro/4.1.5/css/metro.min.css","meta":{"rootId":"ra9kal6akrc67c5","id":"i68orj7e2dakfjy"},"id":"xjtafbwsdqvivpt","previousOperationId":"n3n87l5wulp9pfh"}
{"type":"log","timestamp":1705508732036,"level":"debug","message":"Page request finished: GET (document) 200 file:///C:/Users/DANIEL~1/AppData/Local/Temp/jsreport/autocleanup/4556a0ba-4394-4b30-9d4c-016d336bcbeb-chrome-pdf.html","meta":{"rootId":"ra9kal6akrc67c5","id":"i68orj7e2dakfjy"},"id":"b18le3u5o7jx21e","previousOperationId":"n3n87l5wulp9pfh"}
{"type":"log","timestamp":1705508732048,"level":"debug","message":"Page request finished: GET (stylesheet) 200 https://cdnjs.cloudflare.com/ajax/libs/metro/4.1.5/css/metro.min.css","meta":{"rootId":"ra9kal6akrc67c5","id":"i68orj7e2dakfjy"},"id":"jr1eisk47aivfcz","previousOperationId":"n3n87l5wulp9pfh"}
{"type":"log","timestamp":1705508732061,"level":"debug","message":"Running chrome with params {\"printBackground\":true,\"marginTop\":\"1.5cm\",\"marginRight\":\"1.5cm\",\"marginLeft\":\"1.cm\",\"timeout\":59768,\"margin\":{\"top\":\"1.5cm\",\"right\":\"1.5cm\",\"left\":\"1.cm\"}}","meta":{"rootId":"ra9kal6akrc67c5","id":"i68orj7e2dakfjy"},"id":"t8nva5d5qjj6k78","previousOperationId":"n3n87l5wulp9pfh"}
{"type":"operationEnd","operationId":"n3n87l5wulp9pfh","timestamp":1705508732087,"id":"uz5eqjq3tq7711d","previousEventId":"xv8leb8slx1a17f","previousOperationId":"n3n87l5wulp9pfh"}
{"type":"log","timestamp":1705508732087,"level":"debug","message":"Skipping storing report.","meta":{"rootId":"ra9kal6akrc67c5","id":"i68orj7e2dakfjy"},"id":"ceti31x8w7vz2ov","previousOperationId":"n3n87l5wulp9pfh"}
{"type":"log","timestamp":1705508732087,"level":"info","message":"Rendering (child) request finished in 365 ms","meta":{"rootId":"ra9kal6akrc67c5","id":"i68orj7e2dakfjy"},"id":"j35rr4idxlacfq7","previousOperationId":"n3n87l5wulp9pfh"}
{"type":"operationEnd","subtype":"render","operationId":"2iw48vzwattcsyg","timestamp":1705508732087,"id":"9e3ewkebyv5zlu1","previousEventId":"uz5eqjq3tq7711d","previousOperationId":"n3n87l5wulp9pfh"}
{"type":"operationEnd","operationId":"2u4moe3za7fvvmj","timestamp":1705508732094,"id":"bbrvp0o55a4ujgl","previousEventId":"3n6uom7s2o0edjl","previousOperationId":"2u4moe3za7fvvmj"}
{"type":"log","timestamp":1705508732094,"level":"debug","message":"pdf-utils postproces start","meta":{"rootId":"ra9kal6akrc67c5","id":"ra9kal6akrc67c5"},"id":"630exoolmp54ei8","previousOperationId":"2u4moe3za7fvvmj"}
{"type":"log","timestamp":1705508732101,"level":"debug","message":"pdf-utils postproces end","meta":{"rootId":"ra9kal6akrc67c5","id":"ra9kal6akrc67c5"},"id":"86f4u1gcyckwedk","previousOperationId":"2u4moe3za7fvvmj"}
{"type":"operationEnd","operationId":"43fxskv0s0oj28j","timestamp":1705508732101,"id":"oyz3mwnyvb7veba","previousEventId":"bbrvp0o55a4ujgl","previousOperationId":"2u4moe3za7fvvmj"}
{"type":"log","timestamp":1705508732101,"level":"info","message":"pdf-utils pdf processing was finished","meta":{"rootId":"ra9kal6akrc67c5","id":"ra9kal6akrc67c5"},"id":"b8g483r1ucc4j36","previousOperationId":"43fxskv0s0oj28j"}
{"type":"log","timestamp":1705508732101,"level":"debug","message":"Skipping storing report.","meta":{"rootId":"ra9kal6akrc67c5","id":"ra9kal6akrc67c5"},"id":"tqrtcvv3j7rvu78","previousOperationId":"43fxskv0s0oj28j"}
{"type":"log","timestamp":1705508732101,"level":"info","message":"Rendering request 38 finished in 379 ms","meta":{"rootId":"ra9kal6akrc67c5","id":"ra9kal6akrc67c5"},"id":"gtuf0xnfxrt0uis","previousOperationId":"43fxskv0s0oj28j"}
{"type":"operationEnd","subtype":"render","operationId":"tr7itpuu5sr7opj","timestamp":1705508732101,"id":"z9vvrtaqi80zsu2","previousEventId":"oyz3mwnyvb7veba","previousOperationId":"43fxskv0s0oj28j"}
{"type":"operationEnd","doDiffs":false,"previousEventId":"bymxj9d73t0sz8v","previousOperationId":"6ktjpvzjst5bqau","operationId":"6ktjpvzjst5bqau","timestamp":1705508732115,"id":"79jjyqrajx13rrx"}
