{"type":"operationStart","subtype":"profile","data":{"_id":"vZYQ326pHlmz2cEW","timestamp":"2024-02-21T19:15:28.434Z","state":"queued","mode":"standard","creationDate":"2024-02-21T19:15:28.435Z","modificationDate":"2024-02-21T19:15:28.435Z","shortid":"S7SL_K6","$entitySet":"profiles"},"doDiffs":false,"timestamp":1708542928435,"id":"qk6uw6212b0c0uw","previousOperationId":null,"operationId":"pav0y2hs6ajwp7q"}
{"type":"log","level":"info","message":"Render request 31 queued for execution and waiting for available worker","previousOperationId":"pav0y2hs6ajwp7q","timestamp":1708542928435,"id":"t6x85ihu27jkb51"}
{"type":"operationStart","subtype":"render","name":"orders-main","previousOperationId":"pav0y2hs6ajwp7q","timestamp":1708542928440,"id":"sqzjgq4cg3am49u","previousEventId":"qk6uw6212b0c0uw","operationId":"wlvemhszzkb20q9"}
{"type":"log","timestamp":1708542928441,"level":"info","message":"Starting rendering request 31","meta":{"rootId":"rcroncfnlp2h9km","id":"rcroncfnlp2h9km"},"id":"85w6b5f4wo71lgd","previousOperationId":"wlvemhszzkb20q9"}
{"type":"log","timestamp":1708542928442,"level":"info","message":"Rendering template { name: orders-main, recipe: chrome-pdf, engine: handlebars, preview: false }","meta":{"rootId":"rcroncfnlp2h9km","id":"rcroncfnlp2h9km"},"id":"qh3h1w89tohitay","previousOperationId":"wlvemhszzkb20q9"}
{"type":"log","timestamp":1708542928443,"level":"debug","message":"Data item not defined for this template.","meta":{"rootId":"rcroncfnlp2h9km","id":"rcroncfnlp2h9km"},"id":"5wuu52qzjkawyin","previousOperationId":"wlvemhszzkb20q9"}
{"type":"log","timestamp":1708542928445,"level":"debug","message":"Executing script orders-script (beforeRender)","meta":{"rootId":"rcroncfnlp2h9km","id":"rcroncfnlp2h9km"},"id":"48t7nivja88n8rj","previousOperationId":"wlvemhszzkb20q9"}
{"type":"operationStart","subtype":"scriptsBeforeRender","name":"scripts beforeRender","timestamp":1708542928461,"id":"0ot6tzhqlhsgere","previousEventId":"sqzjgq4cg3am49u","operationId":"eq1l190x3rssoim","previousOperationId":"wlvemhszzkb20q9"}
{"type":"operationStart","subtype":"script","name":"scripts orders-script","previousOperationId":"eq1l190x3rssoim","timestamp":1708542928461,"id":"gi4fry8ldgluc6c","previousEventId":"0ot6tzhqlhsgere","operationId":"fjibelyu17m76dx"}
{"type":"log","timestamp":1708542928829,"level":"debug","message":"(console:log) [ 'ola', 'oola', 'Race1', 'Race2' ]","meta":{"userLevel":true,"rootId":"rcroncfnlp2h9km","id":"rcroncfnlp2h9km"},"id":"vyaigawt8vyz04c","previousOperationId":"fjibelyu17m76dx"}
{"type":"log","timestamp":1708542928829,"level":"debug","message":"(console:log) [ 0, 0, 1, 1 ]","meta":{"userLevel":true,"rootId":"rcroncfnlp2h9km","id":"rcroncfnlp2h9km"},"id":"eox1zh4lx3q866h","previousOperationId":"fjibelyu17m76dx"}
{"type":"operationEnd","operationId":"fjibelyu17m76dx","timestamp":1708542928830,"id":"haeulsd5otg14br","previousEventId":"sqzjgq4cg3am49u","previousOperationId":"wlvemhszzkb20q9"}
{"type":"operationEnd","operationId":"eq1l190x3rssoim","timestamp":1708542928830,"id":"kyxy4yi1xuwem1d","previousEventId":"haeulsd5otg14br","previousOperationId":"wlvemhszzkb20q9"}
{"type":"log","timestamp":1708542928830,"level":"debug","message":"Base url not specified, skipping its injection.","meta":{"rootId":"rcroncfnlp2h9km","id":"rcroncfnlp2h9km"},"id":"4pl92yp7xmrnycb","previousOperationId":"eq1l190x3rssoim"}
{"type":"operationStart","subtype":"engine","name":"handlebars","timestamp":1708542928830,"id":"g4x6v750y7l1mqe","previousEventId":"kyxy4yi1xuwem1d","operationId":"v3eb6kjbxwr9umg","previousOperationId":"eq1l190x3rssoim"}
{"type":"log","timestamp":1708542928830,"level":"debug","message":"Rendering engine handlebars","meta":{"rootId":"rcroncfnlp2h9km","id":"rcroncfnlp2h9km"},"id":"1quapmr32mjby80","previousOperationId":"v3eb6kjbxwr9umg"}
{"type":"log","timestamp":1708542928841,"level":"debug","message":"(console:log) Pdf utils adding group field, value: \"ola\"","meta":{"userLevel":true,"rootId":"rcroncfnlp2h9km","id":"rcroncfnlp2h9km"},"id":"4ecbuq5iz0s81uy","previousOperationId":"v3eb6kjbxwr9umg"}
{"type":"log","timestamp":1708542928841,"level":"debug","message":"(console:log) Pdf utils adding group field, value: \"oola\"","meta":{"userLevel":true,"rootId":"rcroncfnlp2h9km","id":"rcroncfnlp2h9km"},"id":"52j6p5iicaub3c4","previousOperationId":"v3eb6kjbxwr9umg"}
{"type":"log","timestamp":1708542928841,"level":"debug","message":"(console:log) Pdf utils adding group field, value: \"Race1\"","meta":{"userLevel":true,"rootId":"rcroncfnlp2h9km","id":"rcroncfnlp2h9km"},"id":"lx46flydjxho019","previousOperationId":"v3eb6kjbxwr9umg"}
{"type":"log","timestamp":1708542928841,"level":"debug","message":"(console:log) Pdf utils adding group field, value: \"Race2\"","meta":{"userLevel":true,"rootId":"rcroncfnlp2h9km","id":"rcroncfnlp2h9km"},"id":"ezql2y55zm41zpx","previousOperationId":"v3eb6kjbxwr9umg"}
{"type":"operationEnd","operationId":"v3eb6kjbxwr9umg","timestamp":1708542928841,"id":"98tmichqsqrfta0","previousEventId":"g4x6v750y7l1mqe","previousOperationId":"v3eb6kjbxwr9umg"}
{"type":"operationStart","subtype":"recipe","name":"chrome-pdf","timestamp":1708542928842,"id":"sg6fkhqgppu7wqm","previousEventId":"98tmichqsqrfta0","operationId":"1npnbdoqrsgylnl","previousOperationId":"v3eb6kjbxwr9umg"}
{"type":"log","timestamp":1708542928842,"level":"debug","message":"Executing recipe chrome-pdf","meta":{"rootId":"rcroncfnlp2h9km","id":"rcroncfnlp2h9km"},"id":"qc5r3lq9v6qi5pw","previousOperationId":"1npnbdoqrsgylnl"}
{"type":"log","timestamp":1708542928845,"level":"debug","message":"Converting with chrome HeadlessChrome/117.0.5938.149 using chrome-pool strategy","meta":{"rootId":"rcroncfnlp2h9km","id":"rcroncfnlp2h9km"},"id":"b0heo8vaccbwhmq","previousOperationId":"1npnbdoqrsgylnl"}
{"type":"log","timestamp":1708542928891,"level":"debug","message":"Page request: GET (document) file:///var/folders/tp/6hccbwhd41s4hkmxw_2wkz640000gn/T/jsreport/autocleanup/4cd77191-5564-4691-aa79-576507319097-chrome-pdf.html","meta":{"rootId":"rcroncfnlp2h9km","id":"rcroncfnlp2h9km"},"id":"znxxiut8l2x0zlk","previousOperationId":"1npnbdoqrsgylnl"}
{"type":"log","timestamp":1708542928896,"level":"debug","message":"Page request: GET (stylesheet) https://cdnjs.cloudflare.com/ajax/libs/metro/4.1.5/css/metro.min.css","meta":{"rootId":"rcroncfnlp2h9km","id":"rcroncfnlp2h9km"},"id":"59ra4w3trqlua9q","previousOperationId":"1npnbdoqrsgylnl"}
{"type":"log","timestamp":1708542928896,"level":"debug","message":"Page request: GET (script) https://cdn.jsdelivr.net/npm/chart.js","meta":{"rootId":"rcroncfnlp2h9km","id":"rcroncfnlp2h9km"},"id":"ewky4l9ox5h88cu","previousOperationId":"1npnbdoqrsgylnl"}
{"type":"log","timestamp":1708542928896,"level":"debug","message":"Page request finished: GET (document) 200 file:///var/folders/tp/6hccbwhd41s4hkmxw_2wkz640000gn/T/jsreport/autocleanup/4cd77191-5564-4691-aa79-576507319097-chrome-pdf.html","meta":{"rootId":"rcroncfnlp2h9km","id":"rcroncfnlp2h9km"},"id":"zwj9q5oo0pxtanr","previousOperationId":"1npnbdoqrsgylnl"}
{"type":"log","timestamp":1708542928905,"level":"debug","message":"Page request finished: GET (stylesheet) 200 https://cdnjs.cloudflare.com/ajax/libs/metro/4.1.5/css/metro.min.css","meta":{"rootId":"rcroncfnlp2h9km","id":"rcroncfnlp2h9km"},"id":"8j5gktxlhkm0xkj","previousOperationId":"1npnbdoqrsgylnl"}
{"type":"log","timestamp":1708542928905,"level":"debug","message":"Page request finished: GET (script) 200 https://cdn.jsdelivr.net/npm/chart.js","meta":{"rootId":"rcroncfnlp2h9km","id":"rcroncfnlp2h9km"},"id":"e9im8x20z8573ih","previousOperationId":"1npnbdoqrsgylnl"}
{"type":"log","timestamp":1708542928956,"level":"debug","message":"Running chrome with params {\"printBackground\":true,\"marginTop\":\"4cm\",\"marginRight\":\"1.5cm\",\"marginBottom\":\"1.5cm\",\"marginLeft\":\"1.5cm\",\"waitForJS\":false,\"timeout\":59591,\"margin\":{\"top\":\"4cm\",\"right\":\"1.5cm\",\"bottom\":\"1.5cm\",\"left\":\"1.5cm\"}}","meta":{"rootId":"rcroncfnlp2h9km","id":"rcroncfnlp2h9km"},"id":"tg4fm3kitu19gkd","previousOperationId":"1npnbdoqrsgylnl"}
{"type":"operationEnd","operationId":"1npnbdoqrsgylnl","timestamp":1708542928994,"id":"qh0ju6nr803mbbg","previousEventId":"sg6fkhqgppu7wqm","previousOperationId":"1npnbdoqrsgylnl"}
{"type":"log","timestamp":1708542928994,"level":"info","message":"pdf-utils is starting pdf processing","meta":{"rootId":"rcroncfnlp2h9km","id":"rcroncfnlp2h9km"},"id":"r0v5y0eotx1lxny","previousOperationId":"1npnbdoqrsgylnl"}
{"type":"operationStart","subtype":"pdfUtils","name":"pdf utils","timestamp":1708542928994,"id":"k3kz82f7vz0k45b","previousEventId":"qh0ju6nr803mbbg","operationId":"e0brru4oe34f9pn","previousOperationId":"1npnbdoqrsgylnl"}
{"type":"log","timestamp":1708542928994,"level":"debug","message":"pdf-utils detected 1 pdf operation(s) to process","meta":{"rootId":"rcroncfnlp2h9km","id":"rcroncfnlp2h9km"},"id":"ephps2r4k2oh08v","previousOperationId":"e0brru4oe34f9pn"}
{"type":"log","timestamp":1708542929015,"level":"debug","message":"pdf-utils running pdf operation merge","meta":{"rootId":"rcroncfnlp2h9km","id":"rcroncfnlp2h9km"},"id":"tuyo37y9pik35wk","previousOperationId":"e0brru4oe34f9pn"}
{"type":"operationStart","subtype":"pdfUtilsMerge","name":"pdf utils merge","previousOperationId":"e0brru4oe34f9pn","timestamp":1708542929015,"id":"cjb7fusl64clvtd","previousEventId":"k3kz82f7vz0k45b","operationId":"oq8i6bbkhfe3oc3"}
{"type":"operationStart","subtype":"render","name":"orders-header","previousOperationId":"oq8i6bbkhfe3oc3","timestamp":1708542929015,"id":"kzpxfxoeram2mx1","previousEventId":"cjb7fusl64clvtd","operationId":"97jay6xyow5xsts"}
{"type":"log","timestamp":1708542929015,"level":"info","message":"Starting rendering (child) request","meta":{"rootId":"rcroncfnlp2h9km","id":"rfhr3bv1fev27gt"},"id":"78c8p69gl7gke48","previousOperationId":"97jay6xyow5xsts"}
{"type":"log","timestamp":1708542929015,"level":"info","message":"Rendering template { name: orders-header, recipe: chrome-pdf, engine: handlebars, preview: false }","meta":{"rootId":"rcroncfnlp2h9km","id":"rfhr3bv1fev27gt"},"id":"5t4gxqie4fr78gt","previousOperationId":"97jay6xyow5xsts"}
{"type":"log","timestamp":1708542929016,"level":"debug","message":"Inline data specified.","meta":{"rootId":"rcroncfnlp2h9km","id":"rfhr3bv1fev27gt"},"id":"qzl6dipij3gg35t","previousOperationId":"97jay6xyow5xsts"}
{"type":"log","timestamp":1708542929016,"level":"debug","message":"Base url not specified, skipping its injection.","meta":{"rootId":"rcroncfnlp2h9km","id":"rfhr3bv1fev27gt"},"id":"0bywyqc2spyjw4b","previousOperationId":"97jay6xyow5xsts"}
{"type":"operationStart","subtype":"engine","name":"handlebars","timestamp":1708542929016,"id":"gna3m6nduru3uct","previousEventId":"kzpxfxoeram2mx1","operationId":"usz1br5q3cz3zpj","previousOperationId":"97jay6xyow5xsts"}
{"type":"log","timestamp":1708542929016,"level":"debug","message":"Rendering engine handlebars","meta":{"rootId":"rcroncfnlp2h9km","id":"rfhr3bv1fev27gt"},"id":"xas56wox4cmzku1","previousOperationId":"usz1br5q3cz3zpj"}
{"type":"operationEnd","operationId":"usz1br5q3cz3zpj","timestamp":1708542929019,"id":"o5o1xelib531501","previousEventId":"gna3m6nduru3uct","previousOperationId":"usz1br5q3cz3zpj"}
{"type":"operationStart","subtype":"recipe","name":"chrome-pdf","timestamp":1708542929020,"id":"86jg39ewhwai0ff","previousEventId":"o5o1xelib531501","operationId":"udaq5ethq71live","previousOperationId":"usz1br5q3cz3zpj"}
{"type":"log","timestamp":1708542929020,"level":"debug","message":"Executing recipe chrome-pdf","meta":{"rootId":"rcroncfnlp2h9km","id":"rfhr3bv1fev27gt"},"id":"5c235ug0eo366am","previousOperationId":"udaq5ethq71live"}
{"type":"log","timestamp":1708542929020,"level":"debug","message":"Converting with chrome HeadlessChrome/117.0.5938.149 using chrome-pool strategy","meta":{"rootId":"rcroncfnlp2h9km","id":"rfhr3bv1fev27gt"},"id":"nsd1p2w9dd2x7gc","previousOperationId":"udaq5ethq71live"}
{"type":"log","timestamp":1708542929057,"level":"debug","message":"Page request: GET (document) file:///var/folders/tp/6hccbwhd41s4hkmxw_2wkz640000gn/T/jsreport/autocleanup/9d6fe214-30f7-489b-ba98-f50951e6a820-chrome-pdf.html","meta":{"rootId":"rcroncfnlp2h9km","id":"rfhr3bv1fev27gt"},"id":"1grvuqu8iy4tikl","previousOperationId":"udaq5ethq71live"}
{"type":"log","timestamp":1708542929062,"level":"debug","message":"Page request: GET (stylesheet) https://cdnjs.cloudflare.com/ajax/libs/metro/4.1.5/css/metro.min.css","meta":{"rootId":"rcroncfnlp2h9km","id":"rfhr3bv1fev27gt"},"id":"cj3h7lz5gilpxet","previousOperationId":"udaq5ethq71live"}
{"type":"log","timestamp":1708542929062,"level":"debug","message":"Page request finished: GET (document) 200 file:///var/folders/tp/6hccbwhd41s4hkmxw_2wkz640000gn/T/jsreport/autocleanup/9d6fe214-30f7-489b-ba98-f50951e6a820-chrome-pdf.html","meta":{"rootId":"rcroncfnlp2h9km","id":"rfhr3bv1fev27gt"},"id":"6lyi59ybxt1obma","previousOperationId":"udaq5ethq71live"}
{"type":"log","timestamp":1708542929069,"level":"debug","message":"Page request finished: GET (stylesheet) 200 https://cdnjs.cloudflare.com/ajax/libs/metro/4.1.5/css/metro.min.css","meta":{"rootId":"rcroncfnlp2h9km","id":"rfhr3bv1fev27gt"},"id":"by9i2kcbcjevfdo","previousOperationId":"udaq5ethq71live"}
{"type":"log","timestamp":1708542929086,"level":"debug","message":"Running chrome with params {\"printBackground\":true,\"marginTop\":\"1.5cm\",\"marginRight\":\"1.5cm\",\"marginLeft\":\"1.cm\",\"timeout\":59414,\"margin\":{\"top\":\"1.5cm\",\"right\":\"1.5cm\",\"left\":\"1.cm\"}}","meta":{"rootId":"rcroncfnlp2h9km","id":"rfhr3bv1fev27gt"},"id":"eyhms5gykvqkcz1","previousOperationId":"udaq5ethq71live"}
{"type":"operationEnd","operationId":"udaq5ethq71live","timestamp":1708542929104,"id":"peeisn66m9kt6oj","previousEventId":"86jg39ewhwai0ff","previousOperationId":"udaq5ethq71live"}
{"type":"log","timestamp":1708542929104,"level":"debug","message":"Skipping storing report.","meta":{"rootId":"rcroncfnlp2h9km","id":"rfhr3bv1fev27gt"},"id":"6f7g2bxic42uh4o","previousOperationId":"udaq5ethq71live"}
{"type":"log","timestamp":1708542929105,"level":"info","message":"Rendering (child) request finished in 671 ms","meta":{"rootId":"rcroncfnlp2h9km","id":"rfhr3bv1fev27gt"},"id":"8iyjb9pijbn2bzr","previousOperationId":"udaq5ethq71live"}
{"type":"operationEnd","subtype":"render","operationId":"97jay6xyow5xsts","timestamp":1708542929105,"id":"s06gr0ve10fo2xy","previousEventId":"peeisn66m9kt6oj","previousOperationId":"udaq5ethq71live"}
{"type":"operationEnd","operationId":"oq8i6bbkhfe3oc3","timestamp":1708542929122,"id":"f74cx0zju9gcugf","previousEventId":"cjb7fusl64clvtd","previousOperationId":"oq8i6bbkhfe3oc3"}
{"type":"log","timestamp":1708542929122,"level":"debug","message":"pdf-utils postproces start","meta":{"rootId":"rcroncfnlp2h9km","id":"rcroncfnlp2h9km"},"id":"trt0yllr6o79nt7","previousOperationId":"oq8i6bbkhfe3oc3"}
{"type":"log","timestamp":1708542929148,"level":"debug","message":"pdf-utils postproces end","meta":{"rootId":"rcroncfnlp2h9km","id":"rcroncfnlp2h9km"},"id":"4eaqxk88vxdlztw","previousOperationId":"oq8i6bbkhfe3oc3"}
{"type":"operationEnd","operationId":"e0brru4oe34f9pn","timestamp":1708542929148,"id":"64ona3rurlldwgk","previousEventId":"f74cx0zju9gcugf","previousOperationId":"oq8i6bbkhfe3oc3"}
{"type":"log","timestamp":1708542929148,"level":"info","message":"pdf-utils pdf processing was finished","meta":{"rootId":"rcroncfnlp2h9km","id":"rcroncfnlp2h9km"},"id":"ivwwwwjk9oddr5x","previousOperationId":"e0brru4oe34f9pn"}
{"type":"log","timestamp":1708542929148,"level":"debug","message":"Skipping storing report.","meta":{"rootId":"rcroncfnlp2h9km","id":"rcroncfnlp2h9km"},"id":"urvhptwhe41t6tv","previousOperationId":"e0brru4oe34f9pn"}
{"type":"log","timestamp":1708542929148,"level":"info","message":"Rendering request 31 finished in 714 ms","meta":{"rootId":"rcroncfnlp2h9km","id":"rcroncfnlp2h9km"},"id":"ofrk9ejr1oz2uce","previousOperationId":"e0brru4oe34f9pn"}
{"type":"operationEnd","subtype":"render","operationId":"wlvemhszzkb20q9","timestamp":1708542929148,"id":"fouymg3l29koy21","previousEventId":"64ona3rurlldwgk","previousOperationId":"e0brru4oe34f9pn"}
{"type":"operationEnd","doDiffs":false,"previousEventId":"qk6uw6212b0c0uw","previousOperationId":"pav0y2hs6ajwp7q","operationId":"pav0y2hs6ajwp7q","timestamp":1708542929150,"id":"3y5q4pb1qsqdyu4"}
