{"type":"operationStart","subtype":"profile","data":{"_id":"LnjxFaBUQ1k7uVE9","timestamp":"2024-02-05T15:22:08.983Z","state":"queued","mode":"standard","creationDate":"2024-02-05T15:22:08.997Z","modificationDate":"2024-02-05T15:22:08.997Z","shortid":"9e4Tszy","$entitySet":"profiles"},"doDiffs":false,"timestamp":1707146528995,"id":"4xjjqivsxu1u94i","previousOperationId":null,"operationId":"3h7vww4i6g5nj98"}
{"type":"log","level":"info","message":"Render request 1 queued for execution and waiting for available worker","previousOperationId":"3h7vww4i6g5nj98","timestamp":1707146528996,"id":"btffgepw7jofj97"}
{"type":"operationStart","subtype":"render","name":"orders-main","previousOperationId":"3h7vww4i6g5nj98","timestamp":1707146529018,"id":"jrlpbgb88ynuyi8","previousEventId":"4xjjqivsxu1u94i","operationId":"hgvvcxatvaw260m"}
{"type":"log","timestamp":1707146529019,"level":"info","message":"Starting rendering request 1","meta":{"rootId":"rfsubt0he53b321","id":"rfsubt0he53b321"},"id":"s9whzk257h7fx38","previousOperationId":"hgvvcxatvaw260m"}
{"type":"log","timestamp":1707146529020,"level":"info","message":"Rendering template { name: orders-main, recipe: chrome-pdf, engine: handlebars, preview: false }","meta":{"rootId":"rfsubt0he53b321","id":"rfsubt0he53b321"},"id":"73gqlewvynkbg3l","previousOperationId":"hgvvcxatvaw260m"}
{"type":"log","timestamp":1707146529023,"level":"debug","message":"Data item not defined for this template.","meta":{"rootId":"rfsubt0he53b321","id":"rfsubt0he53b321"},"id":"udovnox1cu7h7ji","previousOperationId":"hgvvcxatvaw260m"}
{"type":"log","timestamp":1707146529027,"level":"debug","message":"Executing script orders-script (beforeRender)","meta":{"rootId":"rfsubt0he53b321","id":"rfsubt0he53b321"},"id":"zy0caqz6m9b7mft","previousOperationId":"hgvvcxatvaw260m"}
{"type":"operationStart","subtype":"scriptsBeforeRender","name":"scripts beforeRender","timestamp":1707146529173,"id":"ol8fmrxtmy8hyws","previousEventId":"jrlpbgb88ynuyi8","operationId":"ifh9uy01r4p07f5","previousOperationId":"hgvvcxatvaw260m"}
{"type":"operationStart","subtype":"script","name":"scripts orders-script","previousOperationId":"ifh9uy01r4p07f5","timestamp":1707146529173,"id":"zb6lkpwd49wv8lx","previousEventId":"ol8fmrxtmy8hyws","operationId":"zcl9kbukeiy72fs"}
{"type":"log","timestamp":1707146529192,"level":"debug","message":"(console:log) [ 'ola' ]","meta":{"userLevel":true,"rootId":"rfsubt0he53b321","id":"rfsubt0he53b321"},"id":"k7etv5dnlsqzu2b","previousOperationId":"zcl9kbukeiy72fs"}
{"type":"log","timestamp":1707146529192,"level":"debug","message":"(console:log) [ 1 ]","meta":{"userLevel":true,"rootId":"rfsubt0he53b321","id":"rfsubt0he53b321"},"id":"hp5mag8hnpq9zqk","previousOperationId":"zcl9kbukeiy72fs"}
{"type":"operationEnd","operationId":"zcl9kbukeiy72fs","timestamp":1707146529192,"id":"ea5la44r517k51j","previousEventId":"jrlpbgb88ynuyi8","previousOperationId":"hgvvcxatvaw260m"}
{"type":"operationEnd","operationId":"ifh9uy01r4p07f5","timestamp":1707146529192,"id":"4cobi5utae9jhhf","previousEventId":"ea5la44r517k51j","previousOperationId":"hgvvcxatvaw260m"}
{"type":"log","timestamp":1707146529192,"level":"debug","message":"Base url not specified, skipping its injection.","meta":{"rootId":"rfsubt0he53b321","id":"rfsubt0he53b321"},"id":"a1l7llmw1xourfh","previousOperationId":"ifh9uy01r4p07f5"}
{"type":"operationStart","subtype":"engine","name":"handlebars","timestamp":1707146529193,"id":"uob8un89rqeqxsk","previousEventId":"4cobi5utae9jhhf","operationId":"q77o2qcwsw6bf1x","previousOperationId":"ifh9uy01r4p07f5"}
{"type":"log","timestamp":1707146529193,"level":"debug","message":"Rendering engine handlebars","meta":{"rootId":"rfsubt0he53b321","id":"rfsubt0he53b321"},"id":"8api1go5c3dh2j8","previousOperationId":"q77o2qcwsw6bf1x"}
{"type":"log","timestamp":1707146529352,"level":"debug","message":"(console:log) Pdf utils adding group field, value: \"ola\"","meta":{"userLevel":true,"rootId":"rfsubt0he53b321","id":"rfsubt0he53b321"},"id":"kzntrqr9f36kxec","previousOperationId":"q77o2qcwsw6bf1x"}
{"type":"operationEnd","operationId":"q77o2qcwsw6bf1x","timestamp":1707146529352,"id":"shqiwnpwmkx7wkp","previousEventId":"uob8un89rqeqxsk","previousOperationId":"q77o2qcwsw6bf1x"}
{"type":"operationStart","subtype":"recipe","name":"chrome-pdf","timestamp":1707146529352,"id":"1ow21p3o4brmsvp","previousEventId":"shqiwnpwmkx7wkp","operationId":"n343prbrt8oaov9","previousOperationId":"q77o2qcwsw6bf1x"}
{"type":"log","timestamp":1707146529352,"level":"debug","message":"Executing recipe chrome-pdf","meta":{"rootId":"rfsubt0he53b321","id":"rfsubt0he53b321"},"id":"op7yuc671i8sfqw","previousOperationId":"n343prbrt8oaov9"}
{"type":"log","timestamp":1707146532420,"level":"debug","message":"Converting with chrome HeadlessChrome/117.0.5938.149 using chrome-pool strategy","meta":{"rootId":"rfsubt0he53b321","id":"rfsubt0he53b321"},"id":"avu0y6d5wwcrtq5","previousOperationId":"n343prbrt8oaov9"}
{"type":"log","timestamp":1707146532753,"level":"debug","message":"Page request: GET (document) file:///var/folders/tp/6hccbwhd41s4hkmxw_2wkz640000gn/T/jsreport/autocleanup/bfa671fe-dbc5-4707-bcb6-cd77871d9df6-chrome-pdf.html","meta":{"rootId":"rfsubt0he53b321","id":"rfsubt0he53b321"},"id":"lh3c5ea237t15mw","previousOperationId":"n343prbrt8oaov9"}
{"type":"log","timestamp":1707146532759,"level":"debug","message":"Page request: GET (stylesheet) https://cdnjs.cloudflare.com/ajax/libs/metro/4.1.5/css/metro.min.css","meta":{"rootId":"rfsubt0he53b321","id":"rfsubt0he53b321"},"id":"cvjovs46jjq6ktl","previousOperationId":"n343prbrt8oaov9"}
{"type":"log","timestamp":1707146532759,"level":"debug","message":"Page request: GET (script) https://cdn.jsdelivr.net/npm/chart.js","meta":{"rootId":"rfsubt0he53b321","id":"rfsubt0he53b321"},"id":"ym5pgrguvd95idp","previousOperationId":"n343prbrt8oaov9"}
{"type":"log","timestamp":1707146532759,"level":"debug","message":"Page request finished: GET (document) 200 file:///var/folders/tp/6hccbwhd41s4hkmxw_2wkz640000gn/T/jsreport/autocleanup/bfa671fe-dbc5-4707-bcb6-cd77871d9df6-chrome-pdf.html","meta":{"rootId":"rfsubt0he53b321","id":"rfsubt0he53b321"},"id":"vsafqr9a8353elg","previousOperationId":"n343prbrt8oaov9"}
{"type":"log","timestamp":1707146533279,"level":"debug","message":"Page request finished: GET (script) 200 https://cdn.jsdelivr.net/npm/chart.js","meta":{"rootId":"rfsubt0he53b321","id":"rfsubt0he53b321"},"id":"dpzod3ag35zd8fc","previousOperationId":"n343prbrt8oaov9"}
{"type":"log","timestamp":1707146533320,"level":"debug","message":"Page request finished: GET (stylesheet) 200 https://cdnjs.cloudflare.com/ajax/libs/metro/4.1.5/css/metro.min.css","meta":{"rootId":"rfsubt0he53b321","id":"rfsubt0he53b321"},"id":"4exgy3gzdsveqet","previousOperationId":"n343prbrt8oaov9"}
{"type":"log","timestamp":1707146533392,"level":"debug","message":"Running chrome with params {\"printBackground\":true,\"marginTop\":\"4cm\",\"marginRight\":\"1.5cm\",\"marginBottom\":\"1.5cm\",\"marginLeft\":\"1.5cm\",\"waitForJS\":false,\"timeout\":59516,\"margin\":{\"top\":\"4cm\",\"right\":\"1.5cm\",\"bottom\":\"1.5cm\",\"left\":\"1.5cm\"}}","meta":{"rootId":"rfsubt0he53b321","id":"rfsubt0he53b321"},"id":"rrt3qfdmdnkp887","previousOperationId":"n343prbrt8oaov9"}
{"type":"operationEnd","operationId":"n343prbrt8oaov9","timestamp":1707146533428,"id":"fo4j7lqkdsq4owr","previousEventId":"1ow21p3o4brmsvp","previousOperationId":"n343prbrt8oaov9"}
{"type":"log","timestamp":1707146533429,"level":"info","message":"pdf-utils is starting pdf processing","meta":{"rootId":"rfsubt0he53b321","id":"rfsubt0he53b321"},"id":"yljgr4urdwc7s2i","previousOperationId":"n343prbrt8oaov9"}
{"type":"operationStart","subtype":"pdfUtils","name":"pdf utils","timestamp":1707146533530,"id":"7gema66tne0oy4x","previousEventId":"fo4j7lqkdsq4owr","operationId":"pcb6o49j7g38ytv","previousOperationId":"n343prbrt8oaov9"}
{"type":"log","timestamp":1707146533530,"level":"debug","message":"pdf-utils detected 1 pdf operation(s) to process","meta":{"rootId":"rfsubt0he53b321","id":"rfsubt0he53b321"},"id":"2upyc430sssdr39","previousOperationId":"pcb6o49j7g38ytv"}
{"type":"log","timestamp":1707146533646,"level":"debug","message":"pdf-utils running pdf operation merge","meta":{"rootId":"rfsubt0he53b321","id":"rfsubt0he53b321"},"id":"wmdtxk48g9f1po5","previousOperationId":"pcb6o49j7g38ytv"}
{"type":"operationStart","subtype":"pdfUtilsMerge","name":"pdf utils merge","previousOperationId":"pcb6o49j7g38ytv","timestamp":1707146533646,"id":"f0yoqdjzw0cxiiu","previousEventId":"7gema66tne0oy4x","operationId":"pjh7j1gpj8fz7wr"}
{"type":"operationStart","subtype":"render","name":"orders-header","previousOperationId":"pjh7j1gpj8fz7wr","timestamp":1707146533648,"id":"ialg8axtc8doj8c","previousEventId":"f0yoqdjzw0cxiiu","operationId":"bsdlb97whqtur00"}
{"type":"log","timestamp":1707146533648,"level":"info","message":"Starting rendering (child) request","meta":{"rootId":"rfsubt0he53b321","id":"g3f6p1kdb0hwhsk"},"id":"z3qt7e3l1gsg57w","previousOperationId":"bsdlb97whqtur00"}
{"type":"log","timestamp":1707146533648,"level":"info","message":"Rendering template { name: orders-header, recipe: chrome-pdf, engine: handlebars, preview: false }","meta":{"rootId":"rfsubt0he53b321","id":"g3f6p1kdb0hwhsk"},"id":"8lskpi5mt2jtrga","previousOperationId":"bsdlb97whqtur00"}
{"type":"log","timestamp":1707146533649,"level":"debug","message":"Inline data specified.","meta":{"rootId":"rfsubt0he53b321","id":"g3f6p1kdb0hwhsk"},"id":"8bxdhvcq1h5tody","previousOperationId":"bsdlb97whqtur00"}
{"type":"log","timestamp":1707146533649,"level":"debug","message":"Base url not specified, skipping its injection.","meta":{"rootId":"rfsubt0he53b321","id":"g3f6p1kdb0hwhsk"},"id":"29l0k7xvjnx3ouc","previousOperationId":"bsdlb97whqtur00"}
{"type":"operationStart","subtype":"engine","name":"handlebars","timestamp":1707146533649,"id":"8k7z9nllsdo196n","previousEventId":"ialg8axtc8doj8c","operationId":"t2gzs3lwroln0f9","previousOperationId":"bsdlb97whqtur00"}
{"type":"log","timestamp":1707146533649,"level":"debug","message":"Rendering engine handlebars","meta":{"rootId":"rfsubt0he53b321","id":"g3f6p1kdb0hwhsk"},"id":"volf3utw2nuejoh","previousOperationId":"t2gzs3lwroln0f9"}
{"type":"operationEnd","operationId":"t2gzs3lwroln0f9","timestamp":1707146533669,"id":"sfkbd2lvfooqcy9","previousEventId":"8k7z9nllsdo196n","previousOperationId":"t2gzs3lwroln0f9"}
{"type":"operationStart","subtype":"recipe","name":"chrome-pdf","timestamp":1707146533669,"id":"qywboadaydonstd","previousEventId":"sfkbd2lvfooqcy9","operationId":"yjo6hs6iehw0k99","previousOperationId":"t2gzs3lwroln0f9"}
{"type":"log","timestamp":1707146533669,"level":"debug","message":"Executing recipe chrome-pdf","meta":{"rootId":"rfsubt0he53b321","id":"g3f6p1kdb0hwhsk"},"id":"u2e1m2l906xfqyg","previousOperationId":"yjo6hs6iehw0k99"}
{"type":"log","timestamp":1707146533670,"level":"debug","message":"Converting with chrome HeadlessChrome/117.0.5938.149 using chrome-pool strategy","meta":{"rootId":"rfsubt0he53b321","id":"g3f6p1kdb0hwhsk"},"id":"9jw66915bjszvwr","previousOperationId":"yjo6hs6iehw0k99"}
{"type":"log","timestamp":1707146533729,"level":"debug","message":"Page request: GET (document) file:///var/folders/tp/6hccbwhd41s4hkmxw_2wkz640000gn/T/jsreport/autocleanup/e1d06861-0ede-446b-8d7f-c04521455f93-chrome-pdf.html","meta":{"rootId":"rfsubt0he53b321","id":"g3f6p1kdb0hwhsk"},"id":"43a0egbpeywybvr","previousOperationId":"yjo6hs6iehw0k99"}
{"type":"log","timestamp":1707146533735,"level":"debug","message":"Page request: GET (stylesheet) https://cdnjs.cloudflare.com/ajax/libs/metro/4.1.5/css/metro.min.css","meta":{"rootId":"rfsubt0he53b321","id":"g3f6p1kdb0hwhsk"},"id":"zmm7nq83jpo6otz","previousOperationId":"yjo6hs6iehw0k99"}
{"type":"log","timestamp":1707146533735,"level":"debug","message":"Page request finished: GET (document) 200 file:///var/folders/tp/6hccbwhd41s4hkmxw_2wkz640000gn/T/jsreport/autocleanup/e1d06861-0ede-446b-8d7f-c04521455f93-chrome-pdf.html","meta":{"rootId":"rfsubt0he53b321","id":"g3f6p1kdb0hwhsk"},"id":"620psj1korkf164","previousOperationId":"yjo6hs6iehw0k99"}
{"type":"log","timestamp":1707146533741,"level":"debug","message":"Page request finished: GET (stylesheet) 200 https://cdnjs.cloudflare.com/ajax/libs/metro/4.1.5/css/metro.min.css","meta":{"rootId":"rfsubt0he53b321","id":"g3f6p1kdb0hwhsk"},"id":"s5ehgjk9s7rw0ou","previousOperationId":"yjo6hs6iehw0k99"}
{"type":"log","timestamp":1707146533760,"level":"debug","message":"Running chrome with params {\"printBackground\":true,\"marginTop\":\"1.5cm\",\"marginRight\":\"1.5cm\",\"marginLeft\":\"1.cm\",\"timeout\":55311,\"margin\":{\"top\":\"1.5cm\",\"right\":\"1.5cm\",\"left\":\"1.cm\"}}","meta":{"rootId":"rfsubt0he53b321","id":"g3f6p1kdb0hwhsk"},"id":"pam89vmng0owomf","previousOperationId":"yjo6hs6iehw0k99"}
{"type":"operationEnd","operationId":"yjo6hs6iehw0k99","timestamp":1707146533787,"id":"u4mhtp2itj5f61k","previousEventId":"qywboadaydonstd","previousOperationId":"yjo6hs6iehw0k99"}
{"type":"log","timestamp":1707146533788,"level":"debug","message":"Skipping storing report.","meta":{"rootId":"rfsubt0he53b321","id":"g3f6p1kdb0hwhsk"},"id":"hcusfp5t99dm0vo","previousOperationId":"yjo6hs6iehw0k99"}
{"type":"log","timestamp":1707146533788,"level":"info","message":"Rendering (child) request finished in 4807 ms","meta":{"rootId":"rfsubt0he53b321","id":"g3f6p1kdb0hwhsk"},"id":"01r5fl4oabfziht","previousOperationId":"yjo6hs6iehw0k99"}
{"type":"operationEnd","subtype":"render","operationId":"bsdlb97whqtur00","timestamp":1707146533788,"id":"qmc39dauyj71wzo","previousEventId":"u4mhtp2itj5f61k","previousOperationId":"yjo6hs6iehw0k99"}
{"type":"operationEnd","operationId":"pjh7j1gpj8fz7wr","timestamp":1707146533814,"id":"n7ckj7a6fkryy8n","previousEventId":"f0yoqdjzw0cxiiu","previousOperationId":"pjh7j1gpj8fz7wr"}
{"type":"log","timestamp":1707146533814,"level":"debug","message":"pdf-utils postproces start","meta":{"rootId":"rfsubt0he53b321","id":"rfsubt0he53b321"},"id":"0xn5gzaw3kqko21","previousOperationId":"pjh7j1gpj8fz7wr"}
{"type":"log","timestamp":1707146533833,"level":"debug","message":"pdf-utils postproces end","meta":{"rootId":"rfsubt0he53b321","id":"rfsubt0he53b321"},"id":"rot1mcwv99rzy7w","previousOperationId":"pjh7j1gpj8fz7wr"}
{"type":"operationEnd","operationId":"pcb6o49j7g38ytv","timestamp":1707146533833,"id":"5d3lwp9dvvhrurl","previousEventId":"n7ckj7a6fkryy8n","previousOperationId":"pjh7j1gpj8fz7wr"}
{"type":"log","timestamp":1707146533833,"level":"info","message":"pdf-utils pdf processing was finished","meta":{"rootId":"rfsubt0he53b321","id":"rfsubt0he53b321"},"id":"4f3haahr9o9sbj3","previousOperationId":"pcb6o49j7g38ytv"}
{"type":"log","timestamp":1707146533833,"level":"debug","message":"Skipping storing report.","meta":{"rootId":"rfsubt0he53b321","id":"rfsubt0he53b321"},"id":"ufdd0nqb5mear4m","previousOperationId":"pcb6o49j7g38ytv"}
{"type":"log","timestamp":1707146533833,"level":"info","message":"Rendering request 1 finished in 4852 ms","meta":{"rootId":"rfsubt0he53b321","id":"rfsubt0he53b321"},"id":"3hpzc0vdyuhykdw","previousOperationId":"pcb6o49j7g38ytv"}
{"type":"operationEnd","subtype":"render","operationId":"hgvvcxatvaw260m","timestamp":1707146533833,"id":"8ingo4vdfi2ay65","previousEventId":"5d3lwp9dvvhrurl","previousOperationId":"pcb6o49j7g38ytv"}
{"type":"operationEnd","doDiffs":false,"previousEventId":"4xjjqivsxu1u94i","previousOperationId":"3h7vww4i6g5nj98","operationId":"3h7vww4i6g5nj98","timestamp":1707146533835,"id":"un6j6hey88ufqaa"}
