{"type":"operationStart","subtype":"profile","data":{"_id":"7NrRyPpoDoCtoIXP","timestamp":"2024-01-18T15:25:17.003Z","state":"queued","mode":"standard","creationDate":"2024-01-18T15:25:17.004Z","modificationDate":"2024-01-18T15:25:17.004Z","shortid":"FZLBWXB","$entitySet":"profiles"},"doDiffs":false,"timestamp":1705591517003,"id":"qf7ji0tujjfs8c2","previousOperationId":null,"operationId":"jajygz7yjbfirph"}
{"type":"log","level":"info","message":"Render request 45 queued for execution and waiting for available worker","previousOperationId":"jajygz7yjbfirph","timestamp":1705591517004,"id":"qt8sd7gw75i8yo6"}
{"type":"operationStart","subtype":"render","name":"orders-main","previousOperationId":"jajygz7yjbfirph","timestamp":1705591517009,"id":"tti5b7x3lrmdax9","previousEventId":"qf7ji0tujjfs8c2","operationId":"62gni3tdbonicy9"}
{"type":"log","timestamp":1705591517009,"level":"info","message":"Starting rendering request 45","meta":{"rootId":"s2g38tewggdd8du","id":"s2g38tewggdd8du"},"id":"woxv5y9ma6n0dvu","previousOperationId":"62gni3tdbonicy9"}
{"type":"log","timestamp":1705591517010,"level":"info","message":"Rendering template { name: orders-main, recipe: chrome-pdf, engine: handlebars, preview: true }","meta":{"rootId":"s2g38tewggdd8du","id":"s2g38tewggdd8du"},"id":"zhy3iq3hsqfe44d","previousOperationId":"62gni3tdbonicy9"}
{"type":"log","timestamp":1705591517010,"level":"debug","message":"Data item not defined for this template.","meta":{"rootId":"s2g38tewggdd8du","id":"s2g38tewggdd8du"},"id":"5665h09spzdn9bq","previousOperationId":"62gni3tdbonicy9"}
{"type":"log","timestamp":1705591517011,"level":"debug","message":"Executing script orders-script (beforeRender)","meta":{"rootId":"s2g38tewggdd8du","id":"s2g38tewggdd8du"},"id":"qii1r4pb1k7vmws","previousOperationId":"62gni3tdbonicy9"}
{"type":"operationStart","subtype":"scriptsBeforeRender","name":"scripts beforeRender","timestamp":1705591517021,"id":"fqjqvk4ixsjfdcy","previousEventId":"tti5b7x3lrmdax9","operationId":"191ehdzg8wvpb7f","previousOperationId":"62gni3tdbonicy9"}
{"type":"operationStart","subtype":"script","name":"scripts orders-script","previousOperationId":"191ehdzg8wvpb7f","timestamp":1705591517021,"id":"fqrkcmp3n93cu9y","previousEventId":"fqjqvk4ixsjfdcy","operationId":"vhb6buvkkggbxwp"}
{"type":"operationEnd","operationId":"vhb6buvkkggbxwp","timestamp":1705591517030,"id":"bmmlv5lp4kxnbhc","previousEventId":"tti5b7x3lrmdax9","previousOperationId":"62gni3tdbonicy9"}
{"type":"operationEnd","operationId":"191ehdzg8wvpb7f","timestamp":1705591517030,"id":"kg1ljlpgq4koivb","previousEventId":"bmmlv5lp4kxnbhc","previousOperationId":"62gni3tdbonicy9"}
{"type":"log","timestamp":1705591517030,"level":"debug","message":"Base url not specified, skipping its injection.","meta":{"rootId":"s2g38tewggdd8du","id":"s2g38tewggdd8du"},"id":"3zv4uog88vialuf","previousOperationId":"191ehdzg8wvpb7f"}
{"type":"operationStart","subtype":"engine","name":"handlebars","timestamp":1705591517030,"id":"nwjgb953tm6j878","previousEventId":"kg1ljlpgq4koivb","operationId":"a62uxbhs3wm6kf7","previousOperationId":"191ehdzg8wvpb7f"}
{"type":"log","timestamp":1705591517030,"level":"debug","message":"Rendering engine handlebars","meta":{"rootId":"s2g38tewggdd8du","id":"s2g38tewggdd8du"},"id":"9qa8f4xp51pc9wl","previousOperationId":"a62uxbhs3wm6kf7"}
{"type":"log","timestamp":1705591517042,"level":"debug","message":"(console:log) Pdf utils adding group field, value: \"Race1\"","meta":{"userLevel":true,"rootId":"s2g38tewggdd8du","id":"s2g38tewggdd8du"},"id":"ez2xebtl7jq2d5o","previousOperationId":"a62uxbhs3wm6kf7"}
{"type":"log","timestamp":1705591517042,"level":"debug","message":"(console:log) Pdf utils adding group field, value: \"Race2\"","meta":{"userLevel":true,"rootId":"s2g38tewggdd8du","id":"s2g38tewggdd8du"},"id":"62y9600i89fcnd1","previousOperationId":"a62uxbhs3wm6kf7"}
{"type":"operationEnd","operationId":"a62uxbhs3wm6kf7","timestamp":1705591517042,"id":"u4vesbi2nkl0y3n","previousEventId":"nwjgb953tm6j878","previousOperationId":"a62uxbhs3wm6kf7"}
{"type":"operationStart","subtype":"recipe","name":"chrome-pdf","timestamp":1705591517043,"id":"ly5u7mo39mjomcy","previousEventId":"u4vesbi2nkl0y3n","operationId":"3hfr4i7s21ldqfp","previousOperationId":"a62uxbhs3wm6kf7"}
{"type":"log","timestamp":1705591517043,"level":"debug","message":"Executing recipe chrome-pdf","meta":{"rootId":"s2g38tewggdd8du","id":"s2g38tewggdd8du"},"id":"79i1562e4i2gw0j","previousOperationId":"3hfr4i7s21ldqfp"}
{"type":"log","timestamp":1705591517044,"level":"debug","message":"Converting with chrome HeadlessChrome/117.0.5938.149 using chrome-pool strategy","meta":{"rootId":"s2g38tewggdd8du","id":"s2g38tewggdd8du"},"id":"mu182mb5b5d8faa","previousOperationId":"3hfr4i7s21ldqfp"}
{"type":"log","timestamp":1705591517108,"level":"debug","message":"Page request: GET (document) file:///C:/Users/DANIEL~1/AppData/Local/Temp/jsreport/autocleanup/fad4b928-4210-46ae-9b3d-13a1cadc260c-chrome-pdf.html","meta":{"rootId":"s2g38tewggdd8du","id":"s2g38tewggdd8du"},"id":"6zq0ocsfgxkcytw","previousOperationId":"3hfr4i7s21ldqfp"}
{"type":"log","timestamp":1705591517127,"level":"debug","message":"Page request: GET (stylesheet) https://cdnjs.cloudflare.com/ajax/libs/metro/4.1.5/css/metro.min.css","meta":{"rootId":"s2g38tewggdd8du","id":"s2g38tewggdd8du"},"id":"aeudk2twhy6vqxa","previousOperationId":"3hfr4i7s21ldqfp"}
{"type":"log","timestamp":1705591517127,"level":"debug","message":"Page request: GET (script) https://cdnjs.cloudflare.com/ajax/libs/Chart.js/2.9.4/Chart.js","meta":{"rootId":"s2g38tewggdd8du","id":"s2g38tewggdd8du"},"id":"aaxo3lqehqhjtaa","previousOperationId":"3hfr4i7s21ldqfp"}
{"type":"log","timestamp":1705591517127,"level":"debug","message":"Page request finished: GET (document) 200 file:///C:/Users/DANIEL~1/AppData/Local/Temp/jsreport/autocleanup/fad4b928-4210-46ae-9b3d-13a1cadc260c-chrome-pdf.html","meta":{"rootId":"s2g38tewggdd8du","id":"s2g38tewggdd8du"},"id":"fyf9lltdks36vca","previousOperationId":"3hfr4i7s21ldqfp"}
{"type":"log","timestamp":1705591517142,"level":"debug","message":"Page request finished: GET (stylesheet) 200 https://cdnjs.cloudflare.com/ajax/libs/metro/4.1.5/css/metro.min.css","meta":{"rootId":"s2g38tewggdd8du","id":"s2g38tewggdd8du"},"id":"jeuq4accztur2ie","previousOperationId":"3hfr4i7s21ldqfp"}
{"type":"log","timestamp":1705591517142,"level":"debug","message":"Page request finished: GET (script) 200 https://cdnjs.cloudflare.com/ajax/libs/Chart.js/2.9.4/Chart.js","meta":{"rootId":"s2g38tewggdd8du","id":"s2g38tewggdd8du"},"id":"1s25t810v8dptn2","previousOperationId":"3hfr4i7s21ldqfp"}
{"type":"log","timestamp":1705591517145,"level":"warn","message":"Page error: Unexpected token ';' , stack: SyntaxError: Unexpected token ';'","meta":{"rootId":"s2g38tewggdd8du","id":"s2g38tewggdd8du"},"id":"yl23v70cfzvlt0x","previousOperationId":"3hfr4i7s21ldqfp"}
{"type":"log","timestamp":1705591517165,"level":"debug","message":"Running chrome with params {\"printBackground\":true,\"marginTop\":\"4cm\",\"marginRight\":\"1.5cm\",\"marginBottom\":\"1.5cm\",\"marginLeft\":\"1.5cm\",\"waitForJS\":false,\"timeout\":59959,\"margin\":{\"top\":\"4cm\",\"right\":\"1.5cm\",\"bottom\":\"1.5cm\",\"left\":\"1.5cm\"}}","meta":{"rootId":"s2g38tewggdd8du","id":"s2g38tewggdd8du"},"id":"aa2hnqeme5ymsa4","previousOperationId":"3hfr4i7s21ldqfp"}
{"type":"operationEnd","operationId":"3hfr4i7s21ldqfp","timestamp":1705591517220,"id":"bcwmc7qnfjyab4m","previousEventId":"ly5u7mo39mjomcy","previousOperationId":"3hfr4i7s21ldqfp"}
{"type":"log","timestamp":1705591517220,"level":"info","message":"pdf-utils is starting pdf processing","meta":{"rootId":"s2g38tewggdd8du","id":"s2g38tewggdd8du"},"id":"usg4gaobme5d1kj","previousOperationId":"3hfr4i7s21ldqfp"}
{"type":"operationStart","subtype":"pdfUtils","name":"pdf utils","timestamp":1705591517220,"id":"nqle0vyfkkk8nn5","previousEventId":"bcwmc7qnfjyab4m","operationId":"ip8zi1k39xe4flf","previousOperationId":"3hfr4i7s21ldqfp"}
{"type":"log","timestamp":1705591517220,"level":"debug","message":"pdf-utils detected 1 pdf operation(s) to process","meta":{"rootId":"s2g38tewggdd8du","id":"s2g38tewggdd8du"},"id":"t24h4heiy9bx7bx","previousOperationId":"ip8zi1k39xe4flf"}
{"type":"log","timestamp":1705591517240,"level":"debug","message":"pdf-utils running pdf operation merge","meta":{"rootId":"s2g38tewggdd8du","id":"s2g38tewggdd8du"},"id":"ofw9hjz2tobektt","previousOperationId":"ip8zi1k39xe4flf"}
{"type":"operationStart","subtype":"pdfUtilsMerge","name":"pdf utils merge","previousOperationId":"ip8zi1k39xe4flf","timestamp":1705591517240,"id":"8yjh2zn1ofh35nh","previousEventId":"nqle0vyfkkk8nn5","operationId":"4grx8jomrhj2uwb"}
{"type":"operationStart","subtype":"render","name":"orders-header","previousOperationId":"4grx8jomrhj2uwb","timestamp":1705591517246,"id":"wq347mzgbm51ghh","previousEventId":"8yjh2zn1ofh35nh","operationId":"wdhcjw13lx3oqfn"}
{"type":"log","timestamp":1705591517247,"level":"info","message":"Starting rendering (child) request","meta":{"rootId":"s2g38tewggdd8du","id":"lfyds46xay0jr3m"},"id":"y62nukjjr87pnon","previousOperationId":"wdhcjw13lx3oqfn"}
{"type":"log","timestamp":1705591517247,"level":"info","message":"Rendering template { name: orders-header, recipe: chrome-pdf, engine: handlebars, preview: true }","meta":{"rootId":"s2g38tewggdd8du","id":"lfyds46xay0jr3m"},"id":"m10k1wmbt7pbbmq","previousOperationId":"wdhcjw13lx3oqfn"}
{"type":"log","timestamp":1705591517248,"level":"debug","message":"Inline data specified.","meta":{"rootId":"s2g38tewggdd8du","id":"lfyds46xay0jr3m"},"id":"9fso2bs2w3pkwn0","previousOperationId":"wdhcjw13lx3oqfn"}
{"type":"log","timestamp":1705591517250,"level":"debug","message":"Base url not specified, skipping its injection.","meta":{"rootId":"s2g38tewggdd8du","id":"lfyds46xay0jr3m"},"id":"q2e1kqreqt2xtu8","previousOperationId":"wdhcjw13lx3oqfn"}
{"type":"operationStart","subtype":"engine","name":"handlebars","timestamp":1705591517250,"id":"lrd61566569oqxa","previousEventId":"wq347mzgbm51ghh","operationId":"htrmnn5ew9jvg5w","previousOperationId":"wdhcjw13lx3oqfn"}
{"type":"log","timestamp":1705591517250,"level":"debug","message":"Rendering engine handlebars","meta":{"rootId":"s2g38tewggdd8du","id":"lfyds46xay0jr3m"},"id":"vmwqap5gl2yjz9m","previousOperationId":"htrmnn5ew9jvg5w"}
{"type":"operationEnd","operationId":"htrmnn5ew9jvg5w","timestamp":1705591517266,"id":"fpsmtjjhjp74yut","previousEventId":"lrd61566569oqxa","previousOperationId":"htrmnn5ew9jvg5w"}
{"type":"operationStart","subtype":"recipe","name":"chrome-pdf","timestamp":1705591517266,"id":"8rvb0f4tqngpv3u","previousEventId":"fpsmtjjhjp74yut","operationId":"h436h94ckqklfxn","previousOperationId":"htrmnn5ew9jvg5w"}
{"type":"log","timestamp":1705591517266,"level":"debug","message":"Executing recipe chrome-pdf","meta":{"rootId":"s2g38tewggdd8du","id":"lfyds46xay0jr3m"},"id":"6as0cj4dn2t14wq","previousOperationId":"h436h94ckqklfxn"}
{"type":"log","timestamp":1705591517268,"level":"debug","message":"Converting with chrome HeadlessChrome/117.0.5938.149 using chrome-pool strategy","meta":{"rootId":"s2g38tewggdd8du","id":"lfyds46xay0jr3m"},"id":"uteiuu9l1bahsom","previousOperationId":"h436h94ckqklfxn"}
{"type":"log","timestamp":1705591517343,"level":"debug","message":"Page request: GET (document) file:///C:/Users/DANIEL~1/AppData/Local/Temp/jsreport/autocleanup/0cbc81b4-8832-4299-9d87-c92e34ba206b-chrome-pdf.html","meta":{"rootId":"s2g38tewggdd8du","id":"lfyds46xay0jr3m"},"id":"545o3vsuj3bhuix","previousOperationId":"h436h94ckqklfxn"}
{"type":"log","timestamp":1705591517351,"level":"debug","message":"Page request: GET (stylesheet) https://cdnjs.cloudflare.com/ajax/libs/metro/4.1.5/css/metro.min.css","meta":{"rootId":"s2g38tewggdd8du","id":"lfyds46xay0jr3m"},"id":"0xmjpryelpuxqim","previousOperationId":"h436h94ckqklfxn"}
{"type":"log","timestamp":1705591517352,"level":"debug","message":"Page request finished: GET (document) 200 file:///C:/Users/DANIEL~1/AppData/Local/Temp/jsreport/autocleanup/0cbc81b4-8832-4299-9d87-c92e34ba206b-chrome-pdf.html","meta":{"rootId":"s2g38tewggdd8du","id":"lfyds46xay0jr3m"},"id":"cm5x5uft4ecmgyl","previousOperationId":"h436h94ckqklfxn"}
{"type":"log","timestamp":1705591517364,"level":"debug","message":"Page request finished: GET (stylesheet) 200 https://cdnjs.cloudflare.com/ajax/libs/metro/4.1.5/css/metro.min.css","meta":{"rootId":"s2g38tewggdd8du","id":"lfyds46xay0jr3m"},"id":"wuqju088spx2oe6","previousOperationId":"h436h94ckqklfxn"}
{"type":"log","timestamp":1705591517377,"level":"debug","message":"Running chrome with params {\"printBackground\":true,\"marginTop\":\"1.5cm\",\"marginRight\":\"1.5cm\",\"marginLeft\":\"1.cm\",\"timeout\":59736,\"margin\":{\"top\":\"1.5cm\",\"right\":\"1.5cm\",\"left\":\"1.cm\"}}","meta":{"rootId":"s2g38tewggdd8du","id":"lfyds46xay0jr3m"},"id":"0iunni11rxyu7h4","previousOperationId":"h436h94ckqklfxn"}
{"type":"operationEnd","operationId":"h436h94ckqklfxn","timestamp":1705591517402,"id":"ecxr5461auusm2q","previousEventId":"8rvb0f4tqngpv3u","previousOperationId":"h436h94ckqklfxn"}
{"type":"log","timestamp":1705591517402,"level":"debug","message":"Skipping storing report.","meta":{"rootId":"s2g38tewggdd8du","id":"lfyds46xay0jr3m"},"id":"6w59p7a3pu3kjli","previousOperationId":"h436h94ckqklfxn"}
{"type":"log","timestamp":1705591517402,"level":"info","message":"Rendering (child) request finished in 399 ms","meta":{"rootId":"s2g38tewggdd8du","id":"lfyds46xay0jr3m"},"id":"g92x25i7ybe9ac4","previousOperationId":"h436h94ckqklfxn"}
{"type":"operationEnd","subtype":"render","operationId":"wdhcjw13lx3oqfn","timestamp":1705591517402,"id":"dygst743dcot836","previousEventId":"ecxr5461auusm2q","previousOperationId":"h436h94ckqklfxn"}
{"type":"operationEnd","operationId":"4grx8jomrhj2uwb","timestamp":1705591517408,"id":"s8w3y01ehzntrme","previousEventId":"8yjh2zn1ofh35nh","previousOperationId":"4grx8jomrhj2uwb"}
{"type":"log","timestamp":1705591517408,"level":"debug","message":"pdf-utils postproces start","meta":{"rootId":"s2g38tewggdd8du","id":"s2g38tewggdd8du"},"id":"lzmqkjn3qvc91n8","previousOperationId":"4grx8jomrhj2uwb"}
{"type":"log","timestamp":1705591517415,"level":"debug","message":"pdf-utils postproces end","meta":{"rootId":"s2g38tewggdd8du","id":"s2g38tewggdd8du"},"id":"sxdn0jjrtla6rwi","previousOperationId":"4grx8jomrhj2uwb"}
{"type":"operationEnd","operationId":"ip8zi1k39xe4flf","timestamp":1705591517415,"id":"g46mmv8zgisze16","previousEventId":"s8w3y01ehzntrme","previousOperationId":"4grx8jomrhj2uwb"}
{"type":"log","timestamp":1705591517415,"level":"info","message":"pdf-utils pdf processing was finished","meta":{"rootId":"s2g38tewggdd8du","id":"s2g38tewggdd8du"},"id":"ld9ylygb8g4sm3c","previousOperationId":"ip8zi1k39xe4flf"}
{"type":"log","timestamp":1705591517415,"level":"debug","message":"Skipping storing report.","meta":{"rootId":"s2g38tewggdd8du","id":"s2g38tewggdd8du"},"id":"ttwkekz55dldnma","previousOperationId":"ip8zi1k39xe4flf"}
{"type":"log","timestamp":1705591517415,"level":"info","message":"Rendering request 45 finished in 412 ms","meta":{"rootId":"s2g38tewggdd8du","id":"s2g38tewggdd8du"},"id":"k3avu4z3pspr811","previousOperationId":"ip8zi1k39xe4flf"}
{"type":"operationEnd","subtype":"render","operationId":"62gni3tdbonicy9","timestamp":1705591517415,"id":"7q5gwmo4qzcjxme","previousEventId":"g46mmv8zgisze16","previousOperationId":"ip8zi1k39xe4flf"}
{"type":"operationEnd","doDiffs":false,"previousEventId":"qf7ji0tujjfs8c2","previousOperationId":"jajygz7yjbfirph","operationId":"jajygz7yjbfirph","timestamp":1705591517420,"id":"7n7qpufyr33t3rv"}
