{"type":"operationStart","subtype":"profile","data":{"_id":"LnoNMRHouXPFUhSL","timestamp":"2024-02-21T17:01:21.047Z","state":"queued","mode":"standard","creationDate":"2024-02-21T17:01:21.050Z","modificationDate":"2024-02-21T17:01:21.050Z","shortid":"PB-wv2b","$entitySet":"profiles"},"doDiffs":false,"timestamp":1708534881048,"id":"o6ighzih9fpvvfr","previousOperationId":null,"operationId":"g29syia0c0njf3k"}
{"type":"log","level":"info","message":"Render request 6 queued for execution and waiting for available worker","previousOperationId":"g29syia0c0njf3k","timestamp":1708534881048,"id":"znpn1tg5cidnamq"}
{"type":"operationStart","subtype":"render","name":"orders-main","previousOperationId":"g29syia0c0njf3k","timestamp":1708534881056,"id":"dyu5ias4bhjccql","previousEventId":"o6ighzih9fpvvfr","operationId":"o9q4e7ukgmq506u"}
{"type":"log","timestamp":1708534881056,"level":"info","message":"Starting rendering request 6","meta":{"rootId":"s306deu4k8rzt4p","id":"s306deu4k8rzt4p"},"id":"h2iyqm03by8sv4e","previousOperationId":"o9q4e7ukgmq506u"}
{"type":"log","timestamp":1708534881057,"level":"info","message":"Rendering template { name: orders-main, recipe: chrome-pdf, engine: handlebars, preview: false }","meta":{"rootId":"s306deu4k8rzt4p","id":"s306deu4k8rzt4p"},"id":"5lg70i3tpma12qz","previousOperationId":"o9q4e7ukgmq506u"}
{"type":"log","timestamp":1708534881058,"level":"debug","message":"Data item not defined for this template.","meta":{"rootId":"s306deu4k8rzt4p","id":"s306deu4k8rzt4p"},"id":"uvbo17r4odd50jd","previousOperationId":"o9q4e7ukgmq506u"}
{"type":"log","timestamp":1708534881062,"level":"debug","message":"Executing script orders-script (beforeRender)","meta":{"rootId":"s306deu4k8rzt4p","id":"s306deu4k8rzt4p"},"id":"9y745ye0twd7xys","previousOperationId":"o9q4e7ukgmq506u"}
{"type":"operationStart","subtype":"scriptsBeforeRender","name":"scripts beforeRender","timestamp":1708534881077,"id":"vrx2ovuulmfkkut","previousEventId":"dyu5ias4bhjccql","operationId":"o2rkn50ccg19n8g","previousOperationId":"o9q4e7ukgmq506u"}
{"type":"operationStart","subtype":"script","name":"scripts orders-script","previousOperationId":"o2rkn50ccg19n8g","timestamp":1708534881077,"id":"mwcmd0hcrxf2cti","previousEventId":"vrx2ovuulmfkkut","operationId":"3aax5njinxiyhew"}
{"type":"log","timestamp":1708534881114,"level":"debug","message":"(console:log) [ 'ola', 'oola', 'Race1', 'Race2' ]","meta":{"userLevel":true,"rootId":"s306deu4k8rzt4p","id":"s306deu4k8rzt4p"},"id":"7vvhozzfillw3d4","previousOperationId":"3aax5njinxiyhew"}
{"type":"log","timestamp":1708534881114,"level":"debug","message":"(console:log) [ 0, 0, 1, 1 ]","meta":{"userLevel":true,"rootId":"s306deu4k8rzt4p","id":"s306deu4k8rzt4p"},"id":"tk8qp32w1ytw6we","previousOperationId":"3aax5njinxiyhew"}
{"type":"operationEnd","operationId":"3aax5njinxiyhew","timestamp":1708534881115,"id":"70me45k3s73fio1","previousEventId":"dyu5ias4bhjccql","previousOperationId":"o9q4e7ukgmq506u"}
{"type":"operationEnd","operationId":"o2rkn50ccg19n8g","timestamp":1708534881115,"id":"6sqc24xdgnnis96","previousEventId":"70me45k3s73fio1","previousOperationId":"o9q4e7ukgmq506u"}
{"type":"log","timestamp":1708534881115,"level":"debug","message":"Base url not specified, skipping its injection.","meta":{"rootId":"s306deu4k8rzt4p","id":"s306deu4k8rzt4p"},"id":"6394ci4wtm1dfqq","previousOperationId":"o2rkn50ccg19n8g"}
{"type":"operationStart","subtype":"engine","name":"handlebars","timestamp":1708534881115,"id":"ykwpq1vm0djiwfe","previousEventId":"6sqc24xdgnnis96","operationId":"v6mefk8u801o4sj","previousOperationId":"o2rkn50ccg19n8g"}
{"type":"log","timestamp":1708534881115,"level":"debug","message":"Rendering engine handlebars","meta":{"rootId":"s306deu4k8rzt4p","id":"s306deu4k8rzt4p"},"id":"argsmgp166gibd6","previousOperationId":"v6mefk8u801o4sj"}
{"type":"log","timestamp":1708534881124,"level":"debug","message":"(console:log) Pdf utils adding group field, value: \"ola\"","meta":{"userLevel":true,"rootId":"s306deu4k8rzt4p","id":"s306deu4k8rzt4p"},"id":"c402w7mgfrdt8ri","previousOperationId":"v6mefk8u801o4sj"}
{"type":"log","timestamp":1708534881124,"level":"debug","message":"(console:log) Pdf utils adding group field, value: \"oola\"","meta":{"userLevel":true,"rootId":"s306deu4k8rzt4p","id":"s306deu4k8rzt4p"},"id":"ddm5jwqwfafr9ex","previousOperationId":"v6mefk8u801o4sj"}
{"type":"log","timestamp":1708534881124,"level":"debug","message":"(console:log) Pdf utils adding group field, value: \"Race1\"","meta":{"userLevel":true,"rootId":"s306deu4k8rzt4p","id":"s306deu4k8rzt4p"},"id":"rcysnxy8rwe0oai","previousOperationId":"v6mefk8u801o4sj"}
{"type":"log","timestamp":1708534881125,"level":"debug","message":"(console:log) Pdf utils adding group field, value: \"Race2\"","meta":{"userLevel":true,"rootId":"s306deu4k8rzt4p","id":"s306deu4k8rzt4p"},"id":"7ieoyk77zfyrma8","previousOperationId":"v6mefk8u801o4sj"}
{"type":"operationEnd","operationId":"v6mefk8u801o4sj","timestamp":1708534881125,"id":"xnlp00cg5qg5fj9","previousEventId":"ykwpq1vm0djiwfe","previousOperationId":"v6mefk8u801o4sj"}
{"type":"operationStart","subtype":"recipe","name":"chrome-pdf","timestamp":1708534881125,"id":"jla15ny1t1f6h6f","previousEventId":"xnlp00cg5qg5fj9","operationId":"0j3j2dg27x4ycm4","previousOperationId":"v6mefk8u801o4sj"}
{"type":"log","timestamp":1708534881125,"level":"debug","message":"Executing recipe chrome-pdf","meta":{"rootId":"s306deu4k8rzt4p","id":"s306deu4k8rzt4p"},"id":"jpodisnbdnmvcps","previousOperationId":"0j3j2dg27x4ycm4"}
{"type":"log","timestamp":1708534881343,"level":"debug","message":"Converting with chrome HeadlessChrome/117.0.5938.149 using chrome-pool strategy","meta":{"rootId":"s306deu4k8rzt4p","id":"s306deu4k8rzt4p"},"id":"6j7k07iq6uj9lh8","previousOperationId":"0j3j2dg27x4ycm4"}
{"type":"log","timestamp":1708534881393,"level":"debug","message":"Page request: GET (document) file:///var/folders/tp/6hccbwhd41s4hkmxw_2wkz640000gn/T/jsreport/autocleanup/afccee85-f559-462b-9524-94c2cdd18d94-chrome-pdf.html","meta":{"rootId":"s306deu4k8rzt4p","id":"s306deu4k8rzt4p"},"id":"6lp74bkz5somquj","previousOperationId":"0j3j2dg27x4ycm4"}
{"type":"log","timestamp":1708534881398,"level":"debug","message":"Page request: GET (stylesheet) https://cdnjs.cloudflare.com/ajax/libs/metro/4.1.5/css/metro.min.css","meta":{"rootId":"s306deu4k8rzt4p","id":"s306deu4k8rzt4p"},"id":"q4is038uytmo57e","previousOperationId":"0j3j2dg27x4ycm4"}
{"type":"log","timestamp":1708534881398,"level":"debug","message":"Page request: GET (script) https://cdn.jsdelivr.net/npm/chart.js","meta":{"rootId":"s306deu4k8rzt4p","id":"s306deu4k8rzt4p"},"id":"yw060ybyrzncnj6","previousOperationId":"0j3j2dg27x4ycm4"}
{"type":"log","timestamp":1708534881398,"level":"debug","message":"Page request finished: GET (document) 200 file:///var/folders/tp/6hccbwhd41s4hkmxw_2wkz640000gn/T/jsreport/autocleanup/afccee85-f559-462b-9524-94c2cdd18d94-chrome-pdf.html","meta":{"rootId":"s306deu4k8rzt4p","id":"s306deu4k8rzt4p"},"id":"xbjkyv0mi7fxhac","previousOperationId":"0j3j2dg27x4ycm4"}
{"type":"log","timestamp":1708534881683,"level":"debug","message":"Page request finished: GET (script) 200 https://cdn.jsdelivr.net/npm/chart.js","meta":{"rootId":"s306deu4k8rzt4p","id":"s306deu4k8rzt4p"},"id":"piq8v05xjzunx4k","previousOperationId":"0j3j2dg27x4ycm4"}
{"type":"log","timestamp":1708534881727,"level":"debug","message":"Page request finished: GET (stylesheet) 200 https://cdnjs.cloudflare.com/ajax/libs/metro/4.1.5/css/metro.min.css","meta":{"rootId":"s306deu4k8rzt4p","id":"s306deu4k8rzt4p"},"id":"yqc886saojf43zo","previousOperationId":"0j3j2dg27x4ycm4"}
{"type":"log","timestamp":1708534881777,"level":"debug","message":"Running chrome with params {\"printBackground\":true,\"marginTop\":\"4cm\",\"marginRight\":\"1.5cm\",\"marginBottom\":\"1.5cm\",\"marginLeft\":\"1.5cm\",\"waitForJS\":false,\"timeout\":59920,\"margin\":{\"top\":\"4cm\",\"right\":\"1.5cm\",\"bottom\":\"1.5cm\",\"left\":\"1.5cm\"}}","meta":{"rootId":"s306deu4k8rzt4p","id":"s306deu4k8rzt4p"},"id":"iy2nvxpcf3himuo","previousOperationId":"0j3j2dg27x4ycm4"}
{"type":"operationEnd","operationId":"0j3j2dg27x4ycm4","timestamp":1708534881811,"id":"7e64v9kqg3rquj3","previousEventId":"jla15ny1t1f6h6f","previousOperationId":"0j3j2dg27x4ycm4"}
{"type":"log","timestamp":1708534881811,"level":"info","message":"pdf-utils is starting pdf processing","meta":{"rootId":"s306deu4k8rzt4p","id":"s306deu4k8rzt4p"},"id":"dwyby0qo3ucmvd9","previousOperationId":"0j3j2dg27x4ycm4"}
{"type":"operationStart","subtype":"pdfUtils","name":"pdf utils","timestamp":1708534881811,"id":"pjw14191ulv6n5p","previousEventId":"7e64v9kqg3rquj3","operationId":"up2oihgg40cqzpm","previousOperationId":"0j3j2dg27x4ycm4"}
{"type":"log","timestamp":1708534881811,"level":"debug","message":"pdf-utils detected 1 pdf operation(s) to process","meta":{"rootId":"s306deu4k8rzt4p","id":"s306deu4k8rzt4p"},"id":"kdvmvnmtssdj6pi","previousOperationId":"up2oihgg40cqzpm"}
{"type":"log","timestamp":1708534881842,"level":"debug","message":"pdf-utils running pdf operation merge","meta":{"rootId":"s306deu4k8rzt4p","id":"s306deu4k8rzt4p"},"id":"cnk3dqiiwlrv73p","previousOperationId":"up2oihgg40cqzpm"}
{"type":"operationStart","subtype":"pdfUtilsMerge","name":"pdf utils merge","previousOperationId":"up2oihgg40cqzpm","timestamp":1708534881842,"id":"gcnb72pfju8bdv7","previousEventId":"pjw14191ulv6n5p","operationId":"jvfknjba6zjxv1k"}
{"type":"operationStart","subtype":"render","name":"orders-header","previousOperationId":"jvfknjba6zjxv1k","timestamp":1708534881843,"id":"g9x57ukvlovqw83","previousEventId":"gcnb72pfju8bdv7","operationId":"eyxly5i5bxiqp5r"}
{"type":"log","timestamp":1708534881843,"level":"info","message":"Starting rendering (child) request","meta":{"rootId":"s306deu4k8rzt4p","id":"yae29sj9pi1ypjq"},"id":"v4hu4j1x2ch10i2","previousOperationId":"eyxly5i5bxiqp5r"}
{"type":"log","timestamp":1708534881843,"level":"info","message":"Rendering template { name: orders-header, recipe: chrome-pdf, engine: handlebars, preview: false }","meta":{"rootId":"s306deu4k8rzt4p","id":"yae29sj9pi1ypjq"},"id":"yo0whzas4j174x1","previousOperationId":"eyxly5i5bxiqp5r"}
{"type":"log","timestamp":1708534881843,"level":"debug","message":"Inline data specified.","meta":{"rootId":"s306deu4k8rzt4p","id":"yae29sj9pi1ypjq"},"id":"cb6l6lffqvu1o9a","previousOperationId":"eyxly5i5bxiqp5r"}
{"type":"log","timestamp":1708534881844,"level":"debug","message":"Base url not specified, skipping its injection.","meta":{"rootId":"s306deu4k8rzt4p","id":"yae29sj9pi1ypjq"},"id":"vpaoy1mjtfl74xx","previousOperationId":"eyxly5i5bxiqp5r"}
{"type":"operationStart","subtype":"engine","name":"handlebars","timestamp":1708534881844,"id":"ov6461qni8hcr3b","previousEventId":"g9x57ukvlovqw83","operationId":"oh1upgrgh9dt4h0","previousOperationId":"eyxly5i5bxiqp5r"}
{"type":"log","timestamp":1708534881844,"level":"debug","message":"Rendering engine handlebars","meta":{"rootId":"s306deu4k8rzt4p","id":"yae29sj9pi1ypjq"},"id":"a46rtv4pdf45g6a","previousOperationId":"oh1upgrgh9dt4h0"}
{"type":"operationEnd","operationId":"oh1upgrgh9dt4h0","timestamp":1708534881847,"id":"3x7vy78gzwl46ch","previousEventId":"ov6461qni8hcr3b","previousOperationId":"oh1upgrgh9dt4h0"}
{"type":"operationStart","subtype":"recipe","name":"chrome-pdf","timestamp":1708534881847,"id":"cro4r14jvsb4rcw","previousEventId":"3x7vy78gzwl46ch","operationId":"wceu6ucaugdjjoq","previousOperationId":"oh1upgrgh9dt4h0"}
{"type":"log","timestamp":1708534881847,"level":"debug","message":"Executing recipe chrome-pdf","meta":{"rootId":"s306deu4k8rzt4p","id":"yae29sj9pi1ypjq"},"id":"iob299dw2t6hdek","previousOperationId":"wceu6ucaugdjjoq"}
{"type":"log","timestamp":1708534881848,"level":"debug","message":"Converting with chrome HeadlessChrome/117.0.5938.149 using chrome-pool strategy","meta":{"rootId":"s306deu4k8rzt4p","id":"yae29sj9pi1ypjq"},"id":"cew2iuo2dpxtv6i","previousOperationId":"wceu6ucaugdjjoq"}
{"type":"log","timestamp":1708534881887,"level":"debug","message":"Page request: GET (document) file:///var/folders/tp/6hccbwhd41s4hkmxw_2wkz640000gn/T/jsreport/autocleanup/bf2c7499-94c5-44e4-9ac9-553086ba809b-chrome-pdf.html","meta":{"rootId":"s306deu4k8rzt4p","id":"yae29sj9pi1ypjq"},"id":"b6f53du7o2oam6x","previousOperationId":"wceu6ucaugdjjoq"}
{"type":"log","timestamp":1708534881892,"level":"debug","message":"Page request: GET (stylesheet) https://cdnjs.cloudflare.com/ajax/libs/metro/4.1.5/css/metro.min.css","meta":{"rootId":"s306deu4k8rzt4p","id":"yae29sj9pi1ypjq"},"id":"ofix5z9e4sm5yir","previousOperationId":"wceu6ucaugdjjoq"}
{"type":"log","timestamp":1708534881892,"level":"debug","message":"Page request finished: GET (document) 200 file:///var/folders/tp/6hccbwhd41s4hkmxw_2wkz640000gn/T/jsreport/autocleanup/bf2c7499-94c5-44e4-9ac9-553086ba809b-chrome-pdf.html","meta":{"rootId":"s306deu4k8rzt4p","id":"yae29sj9pi1ypjq"},"id":"a0quin2gcktm495","previousOperationId":"wceu6ucaugdjjoq"}
{"type":"log","timestamp":1708534881899,"level":"debug","message":"Page request finished: GET (stylesheet) 200 https://cdnjs.cloudflare.com/ajax/libs/metro/4.1.5/css/metro.min.css","meta":{"rootId":"s306deu4k8rzt4p","id":"yae29sj9pi1ypjq"},"id":"kpstzlywdz10qhv","previousOperationId":"wceu6ucaugdjjoq"}
{"type":"log","timestamp":1708534881917,"level":"debug","message":"Running chrome with params {\"printBackground\":true,\"marginTop\":\"1.5cm\",\"marginRight\":\"1.5cm\",\"marginLeft\":\"1.cm\",\"timeout\":59199,\"margin\":{\"top\":\"1.5cm\",\"right\":\"1.5cm\",\"left\":\"1.cm\"}}","meta":{"rootId":"s306deu4k8rzt4p","id":"yae29sj9pi1ypjq"},"id":"05ba0dqsp81akpu","previousOperationId":"wceu6ucaugdjjoq"}
{"type":"operationEnd","operationId":"wceu6ucaugdjjoq","timestamp":1708534881935,"id":"e3ps334gdxr0jep","previousEventId":"cro4r14jvsb4rcw","previousOperationId":"wceu6ucaugdjjoq"}
{"type":"log","timestamp":1708534881935,"level":"debug","message":"Skipping storing report.","meta":{"rootId":"s306deu4k8rzt4p","id":"yae29sj9pi1ypjq"},"id":"kvzo9mubt022jb6","previousOperationId":"wceu6ucaugdjjoq"}
{"type":"log","timestamp":1708534881935,"level":"info","message":"Rendering (child) request finished in 888 ms","meta":{"rootId":"s306deu4k8rzt4p","id":"yae29sj9pi1ypjq"},"id":"m5k3b24tp7rz3wt","previousOperationId":"wceu6ucaugdjjoq"}
{"type":"operationEnd","subtype":"render","operationId":"eyxly5i5bxiqp5r","timestamp":1708534881935,"id":"tdet9r2qov1gz51","previousEventId":"e3ps334gdxr0jep","previousOperationId":"wceu6ucaugdjjoq"}
{"type":"operationEnd","operationId":"jvfknjba6zjxv1k","timestamp":1708534881954,"id":"9r98poq08w4sdyq","previousEventId":"gcnb72pfju8bdv7","previousOperationId":"jvfknjba6zjxv1k"}
{"type":"log","timestamp":1708534881954,"level":"debug","message":"pdf-utils postproces start","meta":{"rootId":"s306deu4k8rzt4p","id":"s306deu4k8rzt4p"},"id":"mgjat1piu96f8q3","previousOperationId":"jvfknjba6zjxv1k"}
{"type":"log","timestamp":1708534881974,"level":"debug","message":"pdf-utils postproces end","meta":{"rootId":"s306deu4k8rzt4p","id":"s306deu4k8rzt4p"},"id":"qlcjc206n2ky43i","previousOperationId":"jvfknjba6zjxv1k"}
{"type":"operationEnd","operationId":"up2oihgg40cqzpm","timestamp":1708534881974,"id":"oqoo16s0mixq1d4","previousEventId":"9r98poq08w4sdyq","previousOperationId":"jvfknjba6zjxv1k"}
{"type":"log","timestamp":1708534881974,"level":"info","message":"pdf-utils pdf processing was finished","meta":{"rootId":"s306deu4k8rzt4p","id":"s306deu4k8rzt4p"},"id":"xviriui5z7df6o8","previousOperationId":"up2oihgg40cqzpm"}
{"type":"log","timestamp":1708534881974,"level":"debug","message":"Skipping storing report.","meta":{"rootId":"s306deu4k8rzt4p","id":"s306deu4k8rzt4p"},"id":"rho002aacjkm6s4","previousOperationId":"up2oihgg40cqzpm"}
{"type":"log","timestamp":1708534881974,"level":"info","message":"Rendering request 6 finished in 927 ms","meta":{"rootId":"s306deu4k8rzt4p","id":"s306deu4k8rzt4p"},"id":"wvzoxhzg5f9sk47","previousOperationId":"up2oihgg40cqzpm"}
{"type":"operationEnd","subtype":"render","operationId":"o9q4e7ukgmq506u","timestamp":1708534881974,"id":"cvtglbiwwe1fu1r","previousEventId":"oqoo16s0mixq1d4","previousOperationId":"up2oihgg40cqzpm"}
{"type":"operationEnd","doDiffs":false,"previousEventId":"o6ighzih9fpvvfr","previousOperationId":"g29syia0c0njf3k","operationId":"g29syia0c0njf3k","timestamp":1708534881976,"id":"l10tsojljyt08iw"}
