{"type":"operationStart","subtype":"profile","data":{"_id":"oy5pCh6YptN0x3d0","timestamp":"2024-01-18T15:19:32.543Z","state":"queued","mode":"standard","creationDate":"2024-01-18T15:19:32.545Z","modificationDate":"2024-01-18T15:19:32.545Z","shortid":"mkEJuw7","$entitySet":"profiles"},"doDiffs":false,"timestamp":1705591172544,"id":"s7obva7uin9j3jh","previousOperationId":null,"operationId":"axsgmlynjxf1kml"}
{"type":"log","level":"info","message":"Render request 39 queued for execution and waiting for available worker","previousOperationId":"axsgmlynjxf1kml","timestamp":1705591172544,"id":"ky917txugcv0gm2"}
{"type":"operationStart","subtype":"render","name":"orders-main","previousOperationId":"axsgmlynjxf1kml","timestamp":1705591172550,"id":"47us9o6hb5dzc3c","previousEventId":"s7obva7uin9j3jh","operationId":"cc1x5adua4hyvt7"}
{"type":"log","timestamp":1705591172550,"level":"info","message":"Starting rendering request 39","meta":{"rootId":"s81d127pa0ra72l","id":"s81d127pa0ra72l"},"id":"jr865wol8lanvs9","previousOperationId":"cc1x5adua4hyvt7"}
{"type":"log","timestamp":1705591172550,"level":"info","message":"Rendering template { name: orders-main, recipe: chrome-pdf, engine: handlebars, preview: true }","meta":{"rootId":"s81d127pa0ra72l","id":"s81d127pa0ra72l"},"id":"yh50jea48s9kq3n","previousOperationId":"cc1x5adua4hyvt7"}
{"type":"log","timestamp":1705591172551,"level":"debug","message":"Data item not defined for this template.","meta":{"rootId":"s81d127pa0ra72l","id":"s81d127pa0ra72l"},"id":"chrb5golh75kto1","previousOperationId":"cc1x5adua4hyvt7"}
{"type":"log","timestamp":1705591172553,"level":"debug","message":"Executing script orders-script (beforeRender)","meta":{"rootId":"s81d127pa0ra72l","id":"s81d127pa0ra72l"},"id":"vgp3x44ekd9aanf","previousOperationId":"cc1x5adua4hyvt7"}
{"type":"operationStart","subtype":"scriptsBeforeRender","name":"scripts beforeRender","timestamp":1705591172562,"id":"p1l2jzqbsr6r2gr","previousEventId":"47us9o6hb5dzc3c","operationId":"5o0kjt9fw6fxg9w","previousOperationId":"cc1x5adua4hyvt7"}
{"type":"operationStart","subtype":"script","name":"scripts orders-script","previousOperationId":"5o0kjt9fw6fxg9w","timestamp":1705591172562,"id":"d9omlblmdxnve7o","previousEventId":"p1l2jzqbsr6r2gr","operationId":"w2kzrjgplo82c0b"}
{"type":"operationEnd","operationId":"w2kzrjgplo82c0b","timestamp":1705591172570,"id":"j5x6ysnjixuwwau","previousEventId":"47us9o6hb5dzc3c","previousOperationId":"cc1x5adua4hyvt7"}
{"type":"operationEnd","operationId":"5o0kjt9fw6fxg9w","timestamp":1705591172570,"id":"h1thurrepkf0jzb","previousEventId":"j5x6ysnjixuwwau","previousOperationId":"cc1x5adua4hyvt7"}
{"type":"log","timestamp":1705591172570,"level":"debug","message":"Base url not specified, skipping its injection.","meta":{"rootId":"s81d127pa0ra72l","id":"s81d127pa0ra72l"},"id":"nmni6ivnpo0akn9","previousOperationId":"5o0kjt9fw6fxg9w"}
{"type":"operationStart","subtype":"engine","name":"handlebars","timestamp":1705591172570,"id":"42a5k7m7g7mcx2x","previousEventId":"h1thurrepkf0jzb","operationId":"480yaosrc12iiic","previousOperationId":"5o0kjt9fw6fxg9w"}
{"type":"log","timestamp":1705591172570,"level":"debug","message":"Rendering engine handlebars","meta":{"rootId":"s81d127pa0ra72l","id":"s81d127pa0ra72l"},"id":"55xg7d97dyekb9g","previousOperationId":"480yaosrc12iiic"}
{"type":"log","timestamp":1705591172575,"level":"debug","message":"(console:log) Pdf utils adding group field, value: \"Race1\"","meta":{"userLevel":true,"rootId":"s81d127pa0ra72l","id":"s81d127pa0ra72l"},"id":"di0q64tgbxg8exp","previousOperationId":"480yaosrc12iiic"}
{"type":"log","timestamp":1705591172575,"level":"debug","message":"(console:log) Pdf utils adding group field, value: \"Race2\"","meta":{"userLevel":true,"rootId":"s81d127pa0ra72l","id":"s81d127pa0ra72l"},"id":"zgu481lhrdsmeyc","previousOperationId":"480yaosrc12iiic"}
{"type":"operationEnd","operationId":"480yaosrc12iiic","timestamp":1705591172576,"id":"0w0vz5amozk88cl","previousEventId":"42a5k7m7g7mcx2x","previousOperationId":"480yaosrc12iiic"}
{"type":"operationStart","subtype":"recipe","name":"chrome-pdf","timestamp":1705591172576,"id":"lq8qnldb0t9nwws","previousEventId":"0w0vz5amozk88cl","operationId":"qighiioj5eemphg","previousOperationId":"480yaosrc12iiic"}
{"type":"log","timestamp":1705591172576,"level":"debug","message":"Executing recipe chrome-pdf","meta":{"rootId":"s81d127pa0ra72l","id":"s81d127pa0ra72l"},"id":"o37xat1dgbq5nqh","previousOperationId":"qighiioj5eemphg"}
{"type":"log","timestamp":1705591172578,"level":"debug","message":"Converting with chrome HeadlessChrome/117.0.5938.149 using chrome-pool strategy","meta":{"rootId":"s81d127pa0ra72l","id":"s81d127pa0ra72l"},"id":"xrn5dmnr4thnika","previousOperationId":"qighiioj5eemphg"}
{"type":"log","timestamp":1705591172642,"level":"debug","message":"Page request: GET (document) file:///C:/Users/DANIEL~1/AppData/Local/Temp/jsreport/autocleanup/99f2620a-53b7-4caf-81d1-75ce04ef7340-chrome-pdf.html","meta":{"rootId":"s81d127pa0ra72l","id":"s81d127pa0ra72l"},"id":"pjfbucr37f7cl2y","previousOperationId":"qighiioj5eemphg"}
{"type":"log","timestamp":1705591172662,"level":"debug","message":"Page request: GET (stylesheet) https://cdnjs.cloudflare.com/ajax/libs/metro/4.1.5/css/metro.min.css","meta":{"rootId":"s81d127pa0ra72l","id":"s81d127pa0ra72l"},"id":"bvtevzdumzpaqzc","previousOperationId":"qighiioj5eemphg"}
{"type":"log","timestamp":1705591172662,"level":"debug","message":"Page request: GET (script) https://cdnjs.cloudflare.com/ajax/libs/Chart.js/2.9.4/Chart.js","meta":{"rootId":"s81d127pa0ra72l","id":"s81d127pa0ra72l"},"id":"vf4u5zxlaj048cc","previousOperationId":"qighiioj5eemphg"}
{"type":"log","timestamp":1705591172662,"level":"debug","message":"Page request finished: GET (document) 200 file:///C:/Users/DANIEL~1/AppData/Local/Temp/jsreport/autocleanup/99f2620a-53b7-4caf-81d1-75ce04ef7340-chrome-pdf.html","meta":{"rootId":"s81d127pa0ra72l","id":"s81d127pa0ra72l"},"id":"h3lw5tdn40ku31f","previousOperationId":"qighiioj5eemphg"}
{"type":"log","timestamp":1705591172676,"level":"debug","message":"Page request finished: GET (stylesheet) 200 https://cdnjs.cloudflare.com/ajax/libs/metro/4.1.5/css/metro.min.css","meta":{"rootId":"s81d127pa0ra72l","id":"s81d127pa0ra72l"},"id":"87ad1thz94v4v92","previousOperationId":"qighiioj5eemphg"}
{"type":"log","timestamp":1705591172676,"level":"debug","message":"Page request finished: GET (script) 200 https://cdnjs.cloudflare.com/ajax/libs/Chart.js/2.9.4/Chart.js","meta":{"rootId":"s81d127pa0ra72l","id":"s81d127pa0ra72l"},"id":"1gk3kol1qdb9yrx","previousOperationId":"qighiioj5eemphg"}
{"type":"log","timestamp":1705591172679,"level":"warn","message":"Page error: Missing initializer in const declaration , stack: SyntaxError: Missing initializer in const declaration","meta":{"rootId":"s81d127pa0ra72l","id":"s81d127pa0ra72l"},"id":"ylyc51cz4q1xkpi","previousOperationId":"qighiioj5eemphg"}
{"type":"log","timestamp":1705591172698,"level":"debug","message":"Running chrome with params {\"printBackground\":true,\"marginTop\":\"4cm\",\"marginRight\":\"1.5cm\",\"marginBottom\":\"1.5cm\",\"marginLeft\":\"1.5cm\",\"waitForJS\":false,\"timeout\":59966,\"margin\":{\"top\":\"4cm\",\"right\":\"1.5cm\",\"bottom\":\"1.5cm\",\"left\":\"1.5cm\"}}","meta":{"rootId":"s81d127pa0ra72l","id":"s81d127pa0ra72l"},"id":"bohl9qukx408x70","previousOperationId":"qighiioj5eemphg"}
{"type":"operationEnd","operationId":"qighiioj5eemphg","timestamp":1705591172752,"id":"ztdgivwj9h5lb4q","previousEventId":"lq8qnldb0t9nwws","previousOperationId":"qighiioj5eemphg"}
{"type":"log","timestamp":1705591172752,"level":"info","message":"pdf-utils is starting pdf processing","meta":{"rootId":"s81d127pa0ra72l","id":"s81d127pa0ra72l"},"id":"kkysgwmurwsaoiq","previousOperationId":"qighiioj5eemphg"}
{"type":"operationStart","subtype":"pdfUtils","name":"pdf utils","timestamp":1705591172752,"id":"ru01tmq6mlvq1pw","previousEventId":"ztdgivwj9h5lb4q","operationId":"e84r8wcll4s1non","previousOperationId":"qighiioj5eemphg"}
{"type":"log","timestamp":1705591172752,"level":"debug","message":"pdf-utils detected 1 pdf operation(s) to process","meta":{"rootId":"s81d127pa0ra72l","id":"s81d127pa0ra72l"},"id":"c8r0fjnr5723cx4","previousOperationId":"e84r8wcll4s1non"}
{"type":"log","timestamp":1705591172763,"level":"debug","message":"pdf-utils running pdf operation merge","meta":{"rootId":"s81d127pa0ra72l","id":"s81d127pa0ra72l"},"id":"d038y8v7751bnpc","previousOperationId":"e84r8wcll4s1non"}
{"type":"operationStart","subtype":"pdfUtilsMerge","name":"pdf utils merge","previousOperationId":"e84r8wcll4s1non","timestamp":1705591172763,"id":"zqv39bwoqg8x7dx","previousEventId":"ru01tmq6mlvq1pw","operationId":"nt7zmmtv450hxdw"}
{"type":"operationStart","subtype":"render","name":"orders-header","previousOperationId":"nt7zmmtv450hxdw","timestamp":1705591172764,"id":"r6sctcuktg7n890","previousEventId":"zqv39bwoqg8x7dx","operationId":"xjmab4f0o5kq9kv"}
{"type":"log","timestamp":1705591172764,"level":"info","message":"Starting rendering (child) request","meta":{"rootId":"s81d127pa0ra72l","id":"dxihsow482cuipu"},"id":"iyrurekq7av6ow1","previousOperationId":"xjmab4f0o5kq9kv"}
{"type":"log","timestamp":1705591172764,"level":"info","message":"Rendering template { name: orders-header, recipe: chrome-pdf, engine: handlebars, preview: true }","meta":{"rootId":"s81d127pa0ra72l","id":"dxihsow482cuipu"},"id":"ed91dzt9iu9ivag","previousOperationId":"xjmab4f0o5kq9kv"}
{"type":"log","timestamp":1705591172764,"level":"debug","message":"Inline data specified.","meta":{"rootId":"s81d127pa0ra72l","id":"dxihsow482cuipu"},"id":"rjf5xglgmof5ov5","previousOperationId":"xjmab4f0o5kq9kv"}
{"type":"log","timestamp":1705591172765,"level":"debug","message":"Base url not specified, skipping its injection.","meta":{"rootId":"s81d127pa0ra72l","id":"dxihsow482cuipu"},"id":"u7d4hxs8ho43dno","previousOperationId":"xjmab4f0o5kq9kv"}
{"type":"operationStart","subtype":"engine","name":"handlebars","timestamp":1705591172765,"id":"6a0i70gnitliffa","previousEventId":"r6sctcuktg7n890","operationId":"cu2mvvkoibvojsv","previousOperationId":"xjmab4f0o5kq9kv"}
{"type":"log","timestamp":1705591172765,"level":"debug","message":"Rendering engine handlebars","meta":{"rootId":"s81d127pa0ra72l","id":"dxihsow482cuipu"},"id":"iuz2ul2d0kkmx73","previousOperationId":"cu2mvvkoibvojsv"}
{"type":"operationEnd","operationId":"cu2mvvkoibvojsv","timestamp":1705591172775,"id":"kxv1d37bwqmo6ke","previousEventId":"6a0i70gnitliffa","previousOperationId":"cu2mvvkoibvojsv"}
{"type":"operationStart","subtype":"recipe","name":"chrome-pdf","timestamp":1705591172775,"id":"2qv33g3p8iy9673","previousEventId":"kxv1d37bwqmo6ke","operationId":"nmapmjl6gavse6w","previousOperationId":"cu2mvvkoibvojsv"}
{"type":"log","timestamp":1705591172775,"level":"debug","message":"Executing recipe chrome-pdf","meta":{"rootId":"s81d127pa0ra72l","id":"dxihsow482cuipu"},"id":"6myemx2vou6gmka","previousOperationId":"nmapmjl6gavse6w"}
{"type":"log","timestamp":1705591172777,"level":"debug","message":"Converting with chrome HeadlessChrome/117.0.5938.149 using chrome-pool strategy","meta":{"rootId":"s81d127pa0ra72l","id":"dxihsow482cuipu"},"id":"wdnul84zivz7vva","previousOperationId":"nmapmjl6gavse6w"}
{"type":"log","timestamp":1705591172837,"level":"debug","message":"Page request: GET (document) file:///C:/Users/DANIEL~1/AppData/Local/Temp/jsreport/autocleanup/9d82e056-5810-46ec-94d5-d415b7d5f6db-chrome-pdf.html","meta":{"rootId":"s81d127pa0ra72l","id":"dxihsow482cuipu"},"id":"mmzl7cvbca6wtkt","previousOperationId":"nmapmjl6gavse6w"}
{"type":"log","timestamp":1705591172843,"level":"debug","message":"Page request: GET (stylesheet) https://cdnjs.cloudflare.com/ajax/libs/metro/4.1.5/css/metro.min.css","meta":{"rootId":"s81d127pa0ra72l","id":"dxihsow482cuipu"},"id":"lagjrdw6ensrlxm","previousOperationId":"nmapmjl6gavse6w"}
{"type":"log","timestamp":1705591172843,"level":"debug","message":"Page request finished: GET (document) 200 file:///C:/Users/DANIEL~1/AppData/Local/Temp/jsreport/autocleanup/9d82e056-5810-46ec-94d5-d415b7d5f6db-chrome-pdf.html","meta":{"rootId":"s81d127pa0ra72l","id":"dxihsow482cuipu"},"id":"hunmf37xv7e40gt","previousOperationId":"nmapmjl6gavse6w"}
{"type":"log","timestamp":1705591172857,"level":"debug","message":"Page request finished: GET (stylesheet) 200 https://cdnjs.cloudflare.com/ajax/libs/metro/4.1.5/css/metro.min.css","meta":{"rootId":"s81d127pa0ra72l","id":"dxihsow482cuipu"},"id":"b731udnvorrsp7r","previousOperationId":"nmapmjl6gavse6w"}
{"type":"log","timestamp":1705591172874,"level":"debug","message":"Running chrome with params {\"printBackground\":true,\"marginTop\":\"1.5cm\",\"marginRight\":\"1.5cm\",\"marginLeft\":\"1.cm\",\"timeout\":59767,\"margin\":{\"top\":\"1.5cm\",\"right\":\"1.5cm\",\"left\":\"1.cm\"}}","meta":{"rootId":"s81d127pa0ra72l","id":"dxihsow482cuipu"},"id":"nuk7g5myl0180wp","previousOperationId":"nmapmjl6gavse6w"}
{"type":"operationEnd","operationId":"nmapmjl6gavse6w","timestamp":1705591172899,"id":"5pcus2k6oiolaxb","previousEventId":"2qv33g3p8iy9673","previousOperationId":"nmapmjl6gavse6w"}
{"type":"log","timestamp":1705591172899,"level":"debug","message":"Skipping storing report.","meta":{"rootId":"s81d127pa0ra72l","id":"dxihsow482cuipu"},"id":"mnertj3nw5o789r","previousOperationId":"nmapmjl6gavse6w"}
{"type":"log","timestamp":1705591172899,"level":"info","message":"Rendering (child) request finished in 356 ms","meta":{"rootId":"s81d127pa0ra72l","id":"dxihsow482cuipu"},"id":"a07xas48gq10kcu","previousOperationId":"nmapmjl6gavse6w"}
{"type":"operationEnd","subtype":"render","operationId":"xjmab4f0o5kq9kv","timestamp":1705591172899,"id":"pa80foo2k0cbqcv","previousEventId":"5pcus2k6oiolaxb","previousOperationId":"nmapmjl6gavse6w"}
{"type":"operationEnd","operationId":"nt7zmmtv450hxdw","timestamp":1705591172905,"id":"uklz36y4kzgbzp1","previousEventId":"zqv39bwoqg8x7dx","previousOperationId":"nt7zmmtv450hxdw"}
{"type":"log","timestamp":1705591172905,"level":"debug","message":"pdf-utils postproces start","meta":{"rootId":"s81d127pa0ra72l","id":"s81d127pa0ra72l"},"id":"nowk7nstwqwuji4","previousOperationId":"nt7zmmtv450hxdw"}
{"type":"log","timestamp":1705591172912,"level":"debug","message":"pdf-utils postproces end","meta":{"rootId":"s81d127pa0ra72l","id":"s81d127pa0ra72l"},"id":"93w68qyqsvx38ey","previousOperationId":"nt7zmmtv450hxdw"}
{"type":"operationEnd","operationId":"e84r8wcll4s1non","timestamp":1705591172912,"id":"gfmzdtntv3llvbl","previousEventId":"uklz36y4kzgbzp1","previousOperationId":"nt7zmmtv450hxdw"}
{"type":"log","timestamp":1705591172912,"level":"info","message":"pdf-utils pdf processing was finished","meta":{"rootId":"s81d127pa0ra72l","id":"s81d127pa0ra72l"},"id":"bm9v3hxtveojzmu","previousOperationId":"e84r8wcll4s1non"}
{"type":"log","timestamp":1705591172912,"level":"debug","message":"Skipping storing report.","meta":{"rootId":"s81d127pa0ra72l","id":"s81d127pa0ra72l"},"id":"c0sls3alginmny4","previousOperationId":"e84r8wcll4s1non"}
{"type":"log","timestamp":1705591172912,"level":"info","message":"Rendering request 39 finished in 369 ms","meta":{"rootId":"s81d127pa0ra72l","id":"s81d127pa0ra72l"},"id":"uo3940nrvztr4k4","previousOperationId":"e84r8wcll4s1non"}
{"type":"operationEnd","subtype":"render","operationId":"cc1x5adua4hyvt7","timestamp":1705591172912,"id":"jrwoz7xhf5mayrc","previousEventId":"gfmzdtntv3llvbl","previousOperationId":"e84r8wcll4s1non"}
{"type":"operationEnd","doDiffs":false,"previousEventId":"s7obva7uin9j3jh","previousOperationId":"axsgmlynjxf1kml","operationId":"axsgmlynjxf1kml","timestamp":1705591172918,"id":"5nqechvo7wailhe"}
