{"type":"operationStart","subtype":"profile","data":{"_id":"dnBxD1RCgiaAyQQ7","timestamp":"2024-01-18T15:04:45.155Z","state":"queued","mode":"standard","creationDate":"2024-01-18T15:04:45.159Z","modificationDate":"2024-01-18T15:04:45.159Z","shortid":"z8UmMKx","$entitySet":"profiles"},"doDiffs":false,"timestamp":1705590285157,"id":"2vda4bzktbpawxi","previousOperationId":null,"operationId":"7lnzjlhll9pt6rp"}
{"type":"log","level":"info","message":"Render request 26 queued for execution and waiting for available worker","previousOperationId":"7lnzjlhll9pt6rp","timestamp":1705590285157,"id":"utogdbfn4isen56"}
{"type":"operationStart","subtype":"render","name":"orders-main","previousOperationId":"7lnzjlhll9pt6rp","timestamp":1705590285173,"id":"0arxa3pr7iht9gh","previousEventId":"2vda4bzktbpawxi","operationId":"18brrz0qtpnss8s"}
{"type":"log","timestamp":1705590285173,"level":"info","message":"Starting rendering request 26","meta":{"rootId":"scowxm8cxu4s7ef","id":"scowxm8cxu4s7ef"},"id":"u3bpy1mgzx0rydl","previousOperationId":"18brrz0qtpnss8s"}
{"type":"log","timestamp":1705590285174,"level":"info","message":"Rendering template { name: orders-main, recipe: chrome-pdf, engine: handlebars, preview: true }","meta":{"rootId":"scowxm8cxu4s7ef","id":"scowxm8cxu4s7ef"},"id":"j4xd5gxs5vnl5te","previousOperationId":"18brrz0qtpnss8s"}
{"type":"log","timestamp":1705590285176,"level":"debug","message":"Data item not defined for this template.","meta":{"rootId":"scowxm8cxu4s7ef","id":"scowxm8cxu4s7ef"},"id":"xpz348icmq6xc8j","previousOperationId":"18brrz0qtpnss8s"}
{"type":"log","timestamp":1705590285180,"level":"debug","message":"Executing script orders-script (beforeRender)","meta":{"rootId":"scowxm8cxu4s7ef","id":"scowxm8cxu4s7ef"},"id":"rif9157vqcave99","previousOperationId":"18brrz0qtpnss8s"}
{"type":"operationStart","subtype":"scriptsBeforeRender","name":"scripts beforeRender","timestamp":1705590285208,"id":"8m0q95mh7uvtgei","previousEventId":"0arxa3pr7iht9gh","operationId":"ffhyiu0tscx8aig","previousOperationId":"18brrz0qtpnss8s"}
{"type":"operationStart","subtype":"script","name":"scripts orders-script","previousOperationId":"ffhyiu0tscx8aig","timestamp":1705590285209,"id":"pf7gu7xop2mky38","previousEventId":"8m0q95mh7uvtgei","operationId":"pf8y5vtjk5ehodq"}
{"type":"operationEnd","operationId":"pf8y5vtjk5ehodq","timestamp":1705590285232,"id":"ofg57hiz5j12pkr","previousEventId":"0arxa3pr7iht9gh","previousOperationId":"18brrz0qtpnss8s"}
{"type":"operationEnd","operationId":"ffhyiu0tscx8aig","timestamp":1705590285232,"id":"zriuekb14dgzwgf","previousEventId":"ofg57hiz5j12pkr","previousOperationId":"18brrz0qtpnss8s"}
{"type":"log","timestamp":1705590285232,"level":"debug","message":"Base url not specified, skipping its injection.","meta":{"rootId":"scowxm8cxu4s7ef","id":"scowxm8cxu4s7ef"},"id":"rp9viqkv27gk3s1","previousOperationId":"ffhyiu0tscx8aig"}
{"type":"operationStart","subtype":"engine","name":"handlebars","timestamp":1705590285232,"id":"mh32dypf1otiu3n","previousEventId":"zriuekb14dgzwgf","operationId":"g65v462gv9ryv0d","previousOperationId":"ffhyiu0tscx8aig"}
{"type":"log","timestamp":1705590285232,"level":"debug","message":"Rendering engine handlebars","meta":{"rootId":"scowxm8cxu4s7ef","id":"scowxm8cxu4s7ef"},"id":"aperpq0nugash9i","previousOperationId":"g65v462gv9ryv0d"}
{"type":"operationEnd","operationId":"g65v462gv9ryv0d","timestamp":1705590285253,"id":"3mrv45wyuzu18we","previousEventId":"mh32dypf1otiu3n","previousOperationId":"g65v462gv9ryv0d"}
{"type":"operationStart","subtype":"recipe","name":"chrome-pdf","timestamp":1705590285254,"id":"z9wzd0c69k87qo3","previousEventId":"3mrv45wyuzu18we","operationId":"35m7wif2sqtyn0j","previousOperationId":"g65v462gv9ryv0d"}
{"type":"log","timestamp":1705590285254,"level":"debug","message":"Executing recipe chrome-pdf","meta":{"rootId":"scowxm8cxu4s7ef","id":"scowxm8cxu4s7ef"},"id":"9syhvy5mylz02bu","previousOperationId":"35m7wif2sqtyn0j"}
{"type":"log","timestamp":1705590285259,"level":"debug","message":"Converting with chrome HeadlessChrome/117.0.5938.149 using chrome-pool strategy","meta":{"rootId":"scowxm8cxu4s7ef","id":"scowxm8cxu4s7ef"},"id":"estsn76fwvanbuo","previousOperationId":"35m7wif2sqtyn0j"}
{"type":"log","timestamp":1705590285392,"level":"debug","message":"Page request: GET (document) file:///C:/Users/DANIEL~1/AppData/Local/Temp/jsreport/autocleanup/1bef8256-1d44-432f-b073-349bcc6f6705-chrome-pdf.html","meta":{"rootId":"scowxm8cxu4s7ef","id":"scowxm8cxu4s7ef"},"id":"9dl74uyufbh3a8f","previousOperationId":"35m7wif2sqtyn0j"}
{"type":"log","timestamp":1705590285409,"level":"debug","message":"Page request: GET (stylesheet) https://cdnjs.cloudflare.com/ajax/libs/metro/4.1.5/css/metro.min.css","meta":{"rootId":"scowxm8cxu4s7ef","id":"scowxm8cxu4s7ef"},"id":"l2b7pwax0gqdrsz","previousOperationId":"35m7wif2sqtyn0j"}
{"type":"log","timestamp":1705590285410,"level":"debug","message":"Page request: GET (script) https://cdnjs.cloudflare.com/ajax/libs/Chart.js/2.9.4/Chart.js","meta":{"rootId":"scowxm8cxu4s7ef","id":"scowxm8cxu4s7ef"},"id":"dvuu9b5wopv31qm","previousOperationId":"35m7wif2sqtyn0j"}
{"type":"log","timestamp":1705590285411,"level":"debug","message":"Page request finished: GET (document) 200 file:///C:/Users/DANIEL~1/AppData/Local/Temp/jsreport/autocleanup/1bef8256-1d44-432f-b073-349bcc6f6705-chrome-pdf.html","meta":{"rootId":"scowxm8cxu4s7ef","id":"scowxm8cxu4s7ef"},"id":"q7132nmta30k9e1","previousOperationId":"35m7wif2sqtyn0j"}
{"type":"log","timestamp":1705590285440,"level":"debug","message":"Page request finished: GET (stylesheet) 200 https://cdnjs.cloudflare.com/ajax/libs/metro/4.1.5/css/metro.min.css","meta":{"rootId":"scowxm8cxu4s7ef","id":"scowxm8cxu4s7ef"},"id":"l1md5k3ynykrd1q","previousOperationId":"35m7wif2sqtyn0j"}
{"type":"log","timestamp":1705590285440,"level":"debug","message":"Page request finished: GET (script) 200 https://cdnjs.cloudflare.com/ajax/libs/Chart.js/2.9.4/Chart.js","meta":{"rootId":"scowxm8cxu4s7ef","id":"scowxm8cxu4s7ef"},"id":"v9nqy73n63af6wu","previousOperationId":"35m7wif2sqtyn0j"}
{"type":"log","timestamp":1705590285450,"level":"warn","message":"Page error: Unexpected token ';' , stack: SyntaxError: Unexpected token ';'","meta":{"rootId":"scowxm8cxu4s7ef","id":"scowxm8cxu4s7ef"},"id":"ew6akzikw09vo5z","previousOperationId":"35m7wif2sqtyn0j"}
{"type":"log","timestamp":1705590285461,"level":"debug","message":"Running chrome with params {\"printBackground\":true,\"marginTop\":\"4cm\",\"marginRight\":\"1.5cm\",\"marginBottom\":\"1.5cm\",\"marginLeft\":\"1.5cm\",\"waitForJS\":false,\"timeout\":59897,\"margin\":{\"top\":\"4cm\",\"right\":\"1.5cm\",\"bottom\":\"1.5cm\",\"left\":\"1.5cm\"}}","meta":{"rootId":"scowxm8cxu4s7ef","id":"scowxm8cxu4s7ef"},"id":"fq3qbvo7rizacxc","previousOperationId":"35m7wif2sqtyn0j"}
{"type":"operationEnd","operationId":"35m7wif2sqtyn0j","timestamp":1705590285495,"id":"6mgc2li83oiz7lo","previousEventId":"z9wzd0c69k87qo3","previousOperationId":"35m7wif2sqtyn0j"}
{"type":"log","timestamp":1705590285496,"level":"info","message":"pdf-utils is starting pdf processing","meta":{"rootId":"scowxm8cxu4s7ef","id":"scowxm8cxu4s7ef"},"id":"kzog56fervb3yes","previousOperationId":"35m7wif2sqtyn0j"}
{"type":"operationStart","subtype":"pdfUtils","name":"pdf utils","timestamp":1705590285496,"id":"a9hccbs5tseyttt","previousEventId":"6mgc2li83oiz7lo","operationId":"ujbnprwqfb71va0","previousOperationId":"35m7wif2sqtyn0j"}
{"type":"log","timestamp":1705590285496,"level":"debug","message":"pdf-utils detected 1 pdf operation(s) to process","meta":{"rootId":"scowxm8cxu4s7ef","id":"scowxm8cxu4s7ef"},"id":"41y5c116w22wew7","previousOperationId":"ujbnprwqfb71va0"}
{"type":"log","timestamp":1705590285504,"level":"debug","message":"pdf-utils running pdf operation merge","meta":{"rootId":"scowxm8cxu4s7ef","id":"scowxm8cxu4s7ef"},"id":"lewqvd35n4yejil","previousOperationId":"ujbnprwqfb71va0"}
{"type":"operationStart","subtype":"pdfUtilsMerge","name":"pdf utils merge","previousOperationId":"ujbnprwqfb71va0","timestamp":1705590285504,"id":"pxwcyhpnca6nska","previousEventId":"a9hccbs5tseyttt","operationId":"w9ps1tqvkiu9h57"}
{"type":"operationStart","subtype":"render","name":"orders-header","previousOperationId":"w9ps1tqvkiu9h57","timestamp":1705590285506,"id":"t3trwu6s1a4yytp","previousEventId":"pxwcyhpnca6nska","operationId":"xy9qq2dxilz82yk"}
{"type":"log","timestamp":1705590285506,"level":"info","message":"Starting rendering (child) request","meta":{"rootId":"scowxm8cxu4s7ef","id":"0dggzmynmxo9tnw"},"id":"mzkwhhxtv8jh03y","previousOperationId":"xy9qq2dxilz82yk"}
{"type":"log","timestamp":1705590285506,"level":"info","message":"Rendering template { name: orders-header, recipe: chrome-pdf, engine: handlebars, preview: true }","meta":{"rootId":"scowxm8cxu4s7ef","id":"0dggzmynmxo9tnw"},"id":"kgjrca9ez0zsyft","previousOperationId":"xy9qq2dxilz82yk"}
{"type":"log","timestamp":1705590285507,"level":"debug","message":"Inline data specified.","meta":{"rootId":"scowxm8cxu4s7ef","id":"0dggzmynmxo9tnw"},"id":"2a1kotyyop9xu3b","previousOperationId":"xy9qq2dxilz82yk"}
{"type":"log","timestamp":1705590285510,"level":"debug","message":"Base url not specified, skipping its injection.","meta":{"rootId":"scowxm8cxu4s7ef","id":"0dggzmynmxo9tnw"},"id":"6a8wkkjdwvhq336","previousOperationId":"xy9qq2dxilz82yk"}
{"type":"operationStart","subtype":"engine","name":"handlebars","timestamp":1705590285510,"id":"sq01r889csuy38r","previousEventId":"t3trwu6s1a4yytp","operationId":"ivrzvq239l0fdad","previousOperationId":"xy9qq2dxilz82yk"}
{"type":"log","timestamp":1705590285510,"level":"debug","message":"Rendering engine handlebars","meta":{"rootId":"scowxm8cxu4s7ef","id":"0dggzmynmxo9tnw"},"id":"wkj4fvhynx1hgbu","previousOperationId":"ivrzvq239l0fdad"}
{"type":"operationEnd","operationId":"ivrzvq239l0fdad","timestamp":1705590285549,"id":"bw8qw059z1o25hd","previousEventId":"sq01r889csuy38r","previousOperationId":"ivrzvq239l0fdad"}
{"type":"operationStart","subtype":"recipe","name":"chrome-pdf","timestamp":1705590285549,"id":"4h2uea7cpqa4qol","previousEventId":"bw8qw059z1o25hd","operationId":"f8jbztljmefjfw0","previousOperationId":"ivrzvq239l0fdad"}
{"type":"log","timestamp":1705590285549,"level":"debug","message":"Executing recipe chrome-pdf","meta":{"rootId":"scowxm8cxu4s7ef","id":"0dggzmynmxo9tnw"},"id":"aoha3v1meln13fd","previousOperationId":"f8jbztljmefjfw0"}
{"type":"log","timestamp":1705590285555,"level":"debug","message":"Converting with chrome HeadlessChrome/117.0.5938.149 using chrome-pool strategy","meta":{"rootId":"scowxm8cxu4s7ef","id":"0dggzmynmxo9tnw"},"id":"tjhstjdkbkp9wh8","previousOperationId":"f8jbztljmefjfw0"}
{"type":"log","timestamp":1705590285680,"level":"debug","message":"Page request: GET (document) file:///C:/Users/DANIEL~1/AppData/Local/Temp/jsreport/autocleanup/c7ccde31-4106-4828-a0de-a6396da943f1-chrome-pdf.html","meta":{"rootId":"scowxm8cxu4s7ef","id":"0dggzmynmxo9tnw"},"id":"oquae835wnotcco","previousOperationId":"f8jbztljmefjfw0"}
{"type":"log","timestamp":1705590285699,"level":"debug","message":"Page request: GET (stylesheet) https://cdnjs.cloudflare.com/ajax/libs/metro/4.1.5/css/metro.min.css","meta":{"rootId":"scowxm8cxu4s7ef","id":"0dggzmynmxo9tnw"},"id":"5ha70sjcxl1owfm","previousOperationId":"f8jbztljmefjfw0"}
{"type":"log","timestamp":1705590285700,"level":"debug","message":"Page request finished: GET (document) 200 file:///C:/Users/DANIEL~1/AppData/Local/Temp/jsreport/autocleanup/c7ccde31-4106-4828-a0de-a6396da943f1-chrome-pdf.html","meta":{"rootId":"scowxm8cxu4s7ef","id":"0dggzmynmxo9tnw"},"id":"ss7sak2a0evyhmt","previousOperationId":"f8jbztljmefjfw0"}
{"type":"log","timestamp":1705590285723,"level":"debug","message":"Page request finished: GET (stylesheet) 200 https://cdnjs.cloudflare.com/ajax/libs/metro/4.1.5/css/metro.min.css","meta":{"rootId":"scowxm8cxu4s7ef","id":"0dggzmynmxo9tnw"},"id":"774y427bzgy8b8t","previousOperationId":"f8jbztljmefjfw0"}
{"type":"log","timestamp":1705590285742,"level":"debug","message":"Running chrome with params {\"printBackground\":true,\"marginTop\":\"1.5cm\",\"marginRight\":\"1.5cm\",\"marginLeft\":\"1.cm\",\"timeout\":59601,\"margin\":{\"top\":\"1.5cm\",\"right\":\"1.5cm\",\"left\":\"1.cm\"}}","meta":{"rootId":"scowxm8cxu4s7ef","id":"0dggzmynmxo9tnw"},"id":"4az3j93fgwgygw3","previousOperationId":"f8jbztljmefjfw0"}
{"type":"operationEnd","operationId":"f8jbztljmefjfw0","timestamp":1705590285787,"id":"0zdzf2jru76aso2","previousEventId":"4h2uea7cpqa4qol","previousOperationId":"f8jbztljmefjfw0"}
{"type":"log","timestamp":1705590285788,"level":"debug","message":"Skipping storing report.","meta":{"rootId":"scowxm8cxu4s7ef","id":"0dggzmynmxo9tnw"},"id":"puc0cgnk1j93v59","previousOperationId":"f8jbztljmefjfw0"}
{"type":"log","timestamp":1705590285788,"level":"info","message":"Rendering (child) request finished in 634 ms","meta":{"rootId":"scowxm8cxu4s7ef","id":"0dggzmynmxo9tnw"},"id":"hc63tzm9kaqx1ll","previousOperationId":"f8jbztljmefjfw0"}
{"type":"operationEnd","subtype":"render","operationId":"xy9qq2dxilz82yk","timestamp":1705590285788,"id":"kziyv8m04iybq1o","previousEventId":"0zdzf2jru76aso2","previousOperationId":"f8jbztljmefjfw0"}
{"type":"operationEnd","operationId":"w9ps1tqvkiu9h57","timestamp":1705590285797,"id":"bsgahctldwevehh","previousEventId":"pxwcyhpnca6nska","previousOperationId":"w9ps1tqvkiu9h57"}
{"type":"log","timestamp":1705590285797,"level":"debug","message":"pdf-utils postproces start","meta":{"rootId":"scowxm8cxu4s7ef","id":"scowxm8cxu4s7ef"},"id":"2ew3hbgqp1jyvtd","previousOperationId":"w9ps1tqvkiu9h57"}
{"type":"log","timestamp":1705590285807,"level":"debug","message":"pdf-utils postproces end","meta":{"rootId":"scowxm8cxu4s7ef","id":"scowxm8cxu4s7ef"},"id":"cs9geb0rydxtczz","previousOperationId":"w9ps1tqvkiu9h57"}
{"type":"operationEnd","operationId":"ujbnprwqfb71va0","timestamp":1705590285808,"id":"k3vlajiu8o9337f","previousEventId":"bsgahctldwevehh","previousOperationId":"w9ps1tqvkiu9h57"}
{"type":"log","timestamp":1705590285808,"level":"info","message":"pdf-utils pdf processing was finished","meta":{"rootId":"scowxm8cxu4s7ef","id":"scowxm8cxu4s7ef"},"id":"d732y74ivknnofz","previousOperationId":"ujbnprwqfb71va0"}
{"type":"log","timestamp":1705590285808,"level":"debug","message":"Skipping storing report.","meta":{"rootId":"scowxm8cxu4s7ef","id":"scowxm8cxu4s7ef"},"id":"5ao0dau78mshh70","previousOperationId":"ujbnprwqfb71va0"}
{"type":"log","timestamp":1705590285808,"level":"info","message":"Rendering request 26 finished in 654 ms","meta":{"rootId":"scowxm8cxu4s7ef","id":"scowxm8cxu4s7ef"},"id":"d631ifrr14hbwvs","previousOperationId":"ujbnprwqfb71va0"}
{"type":"operationEnd","subtype":"render","operationId":"18brrz0qtpnss8s","timestamp":1705590285808,"id":"kpg152vwqlt0bqp","previousEventId":"k3vlajiu8o9337f","previousOperationId":"ujbnprwqfb71va0"}
{"type":"operationEnd","doDiffs":false,"previousEventId":"2vda4bzktbpawxi","previousOperationId":"7lnzjlhll9pt6rp","operationId":"7lnzjlhll9pt6rp","timestamp":1705590285823,"id":"sow1n4w4kc1n2i0"}
