{"type":"operationStart","subtype":"profile","data":{"_id":"8nJ1RiUg26GYCN0v","timestamp":"2024-01-18T17:03:24.480Z","state":"queued","mode":"standard","creationDate":"2024-01-18T17:03:24.482Z","modificationDate":"2024-01-18T17:03:24.482Z","shortid":"lE_eQZe","$entitySet":"profiles"},"doDiffs":false,"timestamp":1705597404481,"id":"as5l22w5nehzn3c","previousOperationId":null,"operationId":"jbo0xy39pc1ciqe"}
{"type":"log","level":"info","message":"Render request 6 queued for execution and waiting for available worker","previousOperationId":"jbo0xy39pc1ciqe","timestamp":1705597404481,"id":"vuai3h4rt259y5n"}
{"type":"operationStart","subtype":"render","name":"orders-main","previousOperationId":"jbo0xy39pc1ciqe","timestamp":1705597404488,"id":"ytcj8g8diincl4g","previousEventId":"as5l22w5nehzn3c","operationId":"fwxqlgzwmeesup1"}
{"type":"log","timestamp":1705597404488,"level":"info","message":"Starting rendering request 6","meta":{"rootId":"se9sgjzowdxkmmu","id":"se9sgjzowdxkmmu"},"id":"8xgie8154wvzsd5","previousOperationId":"fwxqlgzwmeesup1"}
{"type":"log","timestamp":1705597404488,"level":"info","message":"Rendering template { name: orders-main, recipe: chrome-pdf, engine: handlebars, preview: true }","meta":{"rootId":"se9sgjzowdxkmmu","id":"se9sgjzowdxkmmu"},"id":"d3fxlnffc9ks08g","previousOperationId":"fwxqlgzwmeesup1"}
{"type":"log","timestamp":1705597404489,"level":"debug","message":"Data item not defined for this template.","meta":{"rootId":"se9sgjzowdxkmmu","id":"se9sgjzowdxkmmu"},"id":"uwlo6k576dxwyjk","previousOperationId":"fwxqlgzwmeesup1"}
{"type":"log","timestamp":1705597404491,"level":"debug","message":"Executing script orders-script (beforeRender)","meta":{"rootId":"se9sgjzowdxkmmu","id":"se9sgjzowdxkmmu"},"id":"oeirrymnlr7cd42","previousOperationId":"fwxqlgzwmeesup1"}
{"type":"operationStart","subtype":"scriptsBeforeRender","name":"scripts beforeRender","timestamp":1705597404504,"id":"1m0c2nkv5d6owic","previousEventId":"ytcj8g8diincl4g","operationId":"bcckrw87wzgwkj8","previousOperationId":"fwxqlgzwmeesup1"}
{"type":"operationStart","subtype":"script","name":"scripts orders-script","previousOperationId":"bcckrw87wzgwkj8","timestamp":1705597404504,"id":"zphqt2c8m4ioa97","previousEventId":"1m0c2nkv5d6owic","operationId":"kr0d2fpcuzvfr56"}
{"type":"log","timestamp":1705597404517,"level":"debug","message":"(console:log) [ 'Race1', 'Race2' ]","meta":{"userLevel":true,"rootId":"se9sgjzowdxkmmu","id":"se9sgjzowdxkmmu"},"id":"01t5l0u2m7d4lbi","previousOperationId":"kr0d2fpcuzvfr56"}
{"type":"log","timestamp":1705597404517,"level":"debug","message":"(console:log) [ 2, 1 ]","meta":{"userLevel":true,"rootId":"se9sgjzowdxkmmu","id":"se9sgjzowdxkmmu"},"id":"7go2y3uyenfr5rh","previousOperationId":"kr0d2fpcuzvfr56"}
{"type":"operationEnd","operationId":"kr0d2fpcuzvfr56","timestamp":1705597404517,"id":"qfxv00jp8yomxqm","previousEventId":"ytcj8g8diincl4g","previousOperationId":"fwxqlgzwmeesup1"}
{"type":"operationEnd","operationId":"bcckrw87wzgwkj8","timestamp":1705597404517,"id":"ry8edj7uvb0y1rs","previousEventId":"qfxv00jp8yomxqm","previousOperationId":"fwxqlgzwmeesup1"}
{"type":"log","timestamp":1705597404517,"level":"debug","message":"Base url not specified, skipping its injection.","meta":{"rootId":"se9sgjzowdxkmmu","id":"se9sgjzowdxkmmu"},"id":"8yh84g9n4v5x5cs","previousOperationId":"bcckrw87wzgwkj8"}
{"type":"operationStart","subtype":"engine","name":"handlebars","timestamp":1705597404518,"id":"enasu6t206iaaso","previousEventId":"ry8edj7uvb0y1rs","operationId":"awebaca1l0z5hc6","previousOperationId":"bcckrw87wzgwkj8"}
{"type":"log","timestamp":1705597404518,"level":"debug","message":"Rendering engine handlebars","meta":{"rootId":"se9sgjzowdxkmmu","id":"se9sgjzowdxkmmu"},"id":"3ofyxfpzizdxbgo","previousOperationId":"awebaca1l0z5hc6"}
{"type":"log","timestamp":1705597404527,"level":"debug","message":"(console:log) Pdf utils adding group field, value: \"Race1\"","meta":{"userLevel":true,"rootId":"se9sgjzowdxkmmu","id":"se9sgjzowdxkmmu"},"id":"00f3vwya7i68r4y","previousOperationId":"awebaca1l0z5hc6"}
{"type":"log","timestamp":1705597404527,"level":"debug","message":"(console:log) Pdf utils adding group field, value: \"Race2\"","meta":{"userLevel":true,"rootId":"se9sgjzowdxkmmu","id":"se9sgjzowdxkmmu"},"id":"iwrgkbxou74wplq","previousOperationId":"awebaca1l0z5hc6"}
{"type":"operationEnd","operationId":"awebaca1l0z5hc6","timestamp":1705597404527,"id":"tqr7v14zit7ekf5","previousEventId":"enasu6t206iaaso","previousOperationId":"awebaca1l0z5hc6"}
{"type":"operationStart","subtype":"recipe","name":"chrome-pdf","timestamp":1705597404527,"id":"p589rot8bc6cj68","previousEventId":"tqr7v14zit7ekf5","operationId":"gwxcrh56jtthq9b","previousOperationId":"awebaca1l0z5hc6"}
{"type":"log","timestamp":1705597404527,"level":"debug","message":"Executing recipe chrome-pdf","meta":{"rootId":"se9sgjzowdxkmmu","id":"se9sgjzowdxkmmu"},"id":"5yfxf9n4c6pnyg2","previousOperationId":"gwxcrh56jtthq9b"}
{"type":"log","timestamp":1705597404529,"level":"debug","message":"Converting with chrome HeadlessChrome/117.0.5938.149 using chrome-pool strategy","meta":{"rootId":"se9sgjzowdxkmmu","id":"se9sgjzowdxkmmu"},"id":"9zgbymcihcx09qn","previousOperationId":"gwxcrh56jtthq9b"}
{"type":"log","timestamp":1705597404601,"level":"debug","message":"Page request: GET (document) file:///C:/Users/DANIEL~1/AppData/Local/Temp/jsreport/autocleanup/b2f28c2f-aa2a-476b-9e5f-562061bb4164-chrome-pdf.html","meta":{"rootId":"se9sgjzowdxkmmu","id":"se9sgjzowdxkmmu"},"id":"m1lh0ikzrtmbd7f","previousOperationId":"gwxcrh56jtthq9b"}
{"type":"log","timestamp":1705597404618,"level":"debug","message":"Page request: GET (stylesheet) https://cdnjs.cloudflare.com/ajax/libs/metro/4.1.5/css/metro.min.css","meta":{"rootId":"se9sgjzowdxkmmu","id":"se9sgjzowdxkmmu"},"id":"de66437lq68jj2f","previousOperationId":"gwxcrh56jtthq9b"}
{"type":"log","timestamp":1705597404618,"level":"debug","message":"Page request: GET (script) https://cdnjs.cloudflare.com/ajax/libs/Chart.js/2.9.4/Chart.js","meta":{"rootId":"se9sgjzowdxkmmu","id":"se9sgjzowdxkmmu"},"id":"09qul4z39rhrjuz","previousOperationId":"gwxcrh56jtthq9b"}
{"type":"log","timestamp":1705597404618,"level":"debug","message":"Page request finished: GET (document) 200 file:///C:/Users/DANIEL~1/AppData/Local/Temp/jsreport/autocleanup/b2f28c2f-aa2a-476b-9e5f-562061bb4164-chrome-pdf.html","meta":{"rootId":"se9sgjzowdxkmmu","id":"se9sgjzowdxkmmu"},"id":"mvuq5a1k7ztq9ow","previousOperationId":"gwxcrh56jtthq9b"}
{"type":"log","timestamp":1705597404631,"level":"debug","message":"Page request finished: GET (stylesheet) 200 https://cdnjs.cloudflare.com/ajax/libs/metro/4.1.5/css/metro.min.css","meta":{"rootId":"se9sgjzowdxkmmu","id":"se9sgjzowdxkmmu"},"id":"gj1p7ggqdcb999v","previousOperationId":"gwxcrh56jtthq9b"}
{"type":"log","timestamp":1705597404631,"level":"debug","message":"Page request finished: GET (script) 200 https://cdnjs.cloudflare.com/ajax/libs/Chart.js/2.9.4/Chart.js","meta":{"rootId":"se9sgjzowdxkmmu","id":"se9sgjzowdxkmmu"},"id":"4rzrccvlowal5dk","previousOperationId":"gwxcrh56jtthq9b"}
{"type":"log","timestamp":1705597404636,"level":"warn","message":"Page error: Missing initializer in const declaration , stack: SyntaxError: Missing initializer in const declaration","meta":{"rootId":"se9sgjzowdxkmmu","id":"se9sgjzowdxkmmu"},"id":"77jyfv1f4lbtxsg","previousOperationId":"gwxcrh56jtthq9b"}
{"type":"log","timestamp":1705597404655,"level":"debug","message":"Running chrome with params {\"printBackground\":true,\"marginTop\":\"4cm\",\"marginRight\":\"1.5cm\",\"marginBottom\":\"1.5cm\",\"marginLeft\":\"1.5cm\",\"waitForJS\":false,\"timeout\":59952,\"margin\":{\"top\":\"4cm\",\"right\":\"1.5cm\",\"bottom\":\"1.5cm\",\"left\":\"1.5cm\"}}","meta":{"rootId":"se9sgjzowdxkmmu","id":"se9sgjzowdxkmmu"},"id":"lo891h8pm2k8jg0","previousOperationId":"gwxcrh56jtthq9b"}
{"type":"operationEnd","operationId":"gwxcrh56jtthq9b","timestamp":1705597404714,"id":"qe59dsgy8abciuy","previousEventId":"p589rot8bc6cj68","previousOperationId":"gwxcrh56jtthq9b"}
{"type":"log","timestamp":1705597404714,"level":"info","message":"pdf-utils is starting pdf processing","meta":{"rootId":"se9sgjzowdxkmmu","id":"se9sgjzowdxkmmu"},"id":"d7ik6xgdf0palyp","previousOperationId":"gwxcrh56jtthq9b"}
{"type":"operationStart","subtype":"pdfUtils","name":"pdf utils","timestamp":1705597404714,"id":"w9yt3rv8fpxlajq","previousEventId":"qe59dsgy8abciuy","operationId":"fz2vp59l75xldg9","previousOperationId":"gwxcrh56jtthq9b"}
{"type":"log","timestamp":1705597404714,"level":"debug","message":"pdf-utils detected 1 pdf operation(s) to process","meta":{"rootId":"se9sgjzowdxkmmu","id":"se9sgjzowdxkmmu"},"id":"xwcp0fw9r28d0yp","previousOperationId":"fz2vp59l75xldg9"}
{"type":"log","timestamp":1705597404728,"level":"debug","message":"pdf-utils running pdf operation merge","meta":{"rootId":"se9sgjzowdxkmmu","id":"se9sgjzowdxkmmu"},"id":"az8nrqt4vqbqfy1","previousOperationId":"fz2vp59l75xldg9"}
{"type":"operationStart","subtype":"pdfUtilsMerge","name":"pdf utils merge","previousOperationId":"fz2vp59l75xldg9","timestamp":1705597404728,"id":"bu4woczjnglc9i9","previousEventId":"w9yt3rv8fpxlajq","operationId":"v4l8ch6cdznrq33"}
{"type":"operationStart","subtype":"render","name":"orders-header","previousOperationId":"v4l8ch6cdznrq33","timestamp":1705597404729,"id":"8h4d72erkeat8eb","previousEventId":"bu4woczjnglc9i9","operationId":"aiyhz3bphc4yl4w"}
{"type":"log","timestamp":1705597404729,"level":"info","message":"Starting rendering (child) request","meta":{"rootId":"se9sgjzowdxkmmu","id":"pai65f4fba8malz"},"id":"nkszvwwaeyrq81j","previousOperationId":"aiyhz3bphc4yl4w"}
{"type":"log","timestamp":1705597404729,"level":"info","message":"Rendering template { name: orders-header, recipe: chrome-pdf, engine: handlebars, preview: true }","meta":{"rootId":"se9sgjzowdxkmmu","id":"pai65f4fba8malz"},"id":"bcj6q6l60latvvh","previousOperationId":"aiyhz3bphc4yl4w"}
{"type":"log","timestamp":1705597404730,"level":"debug","message":"Inline data specified.","meta":{"rootId":"se9sgjzowdxkmmu","id":"pai65f4fba8malz"},"id":"1o0tnbo2iy5wb25","previousOperationId":"aiyhz3bphc4yl4w"}
{"type":"log","timestamp":1705597404731,"level":"debug","message":"Base url not specified, skipping its injection.","meta":{"rootId":"se9sgjzowdxkmmu","id":"pai65f4fba8malz"},"id":"zeg99argulty4fh","previousOperationId":"aiyhz3bphc4yl4w"}
{"type":"operationStart","subtype":"engine","name":"handlebars","timestamp":1705597404731,"id":"cgtht5iw1jyg2uz","previousEventId":"8h4d72erkeat8eb","operationId":"048zphlt3xrxsh4","previousOperationId":"aiyhz3bphc4yl4w"}
{"type":"log","timestamp":1705597404731,"level":"debug","message":"Rendering engine handlebars","meta":{"rootId":"se9sgjzowdxkmmu","id":"pai65f4fba8malz"},"id":"ql3lcmuxg67hz4l","previousOperationId":"048zphlt3xrxsh4"}
{"type":"operationEnd","operationId":"048zphlt3xrxsh4","timestamp":1705597404745,"id":"gbpigg8dl9axxye","previousEventId":"cgtht5iw1jyg2uz","previousOperationId":"048zphlt3xrxsh4"}
{"type":"operationStart","subtype":"recipe","name":"chrome-pdf","timestamp":1705597404745,"id":"xlpnjrp96kpb395","previousEventId":"gbpigg8dl9axxye","operationId":"pn1h8nycqse1ila","previousOperationId":"048zphlt3xrxsh4"}
{"type":"log","timestamp":1705597404745,"level":"debug","message":"Executing recipe chrome-pdf","meta":{"rootId":"se9sgjzowdxkmmu","id":"pai65f4fba8malz"},"id":"d3ydhifr8pcxxlg","previousOperationId":"pn1h8nycqse1ila"}
{"type":"log","timestamp":1705597404747,"level":"debug","message":"Converting with chrome HeadlessChrome/117.0.5938.149 using chrome-pool strategy","meta":{"rootId":"se9sgjzowdxkmmu","id":"pai65f4fba8malz"},"id":"avxfahs5xgkzpdq","previousOperationId":"pn1h8nycqse1ila"}
{"type":"log","timestamp":1705597404814,"level":"debug","message":"Page request: GET (document) file:///C:/Users/DANIEL~1/AppData/Local/Temp/jsreport/autocleanup/ab2895f7-fb77-48cc-864b-5f908117e4c8-chrome-pdf.html","meta":{"rootId":"se9sgjzowdxkmmu","id":"pai65f4fba8malz"},"id":"c0n8st1lcu1oou4","previousOperationId":"pn1h8nycqse1ila"}
{"type":"log","timestamp":1705597404821,"level":"debug","message":"Page request: GET (stylesheet) https://cdnjs.cloudflare.com/ajax/libs/metro/4.1.5/css/metro.min.css","meta":{"rootId":"se9sgjzowdxkmmu","id":"pai65f4fba8malz"},"id":"wufcyzt6ahglosn","previousOperationId":"pn1h8nycqse1ila"}
{"type":"log","timestamp":1705597404821,"level":"debug","message":"Page request finished: GET (document) 200 file:///C:/Users/DANIEL~1/AppData/Local/Temp/jsreport/autocleanup/ab2895f7-fb77-48cc-864b-5f908117e4c8-chrome-pdf.html","meta":{"rootId":"se9sgjzowdxkmmu","id":"pai65f4fba8malz"},"id":"6fpi0jfwx4oxjz7","previousOperationId":"pn1h8nycqse1ila"}
{"type":"log","timestamp":1705597404834,"level":"debug","message":"Page request finished: GET (stylesheet) 200 https://cdnjs.cloudflare.com/ajax/libs/metro/4.1.5/css/metro.min.css","meta":{"rootId":"se9sgjzowdxkmmu","id":"pai65f4fba8malz"},"id":"zvq45nc99kd5a60","previousOperationId":"pn1h8nycqse1ila"}
{"type":"log","timestamp":1705597404847,"level":"debug","message":"Running chrome with params {\"printBackground\":true,\"marginTop\":\"1.5cm\",\"marginRight\":\"1.5cm\",\"marginLeft\":\"1.cm\",\"timeout\":59734,\"margin\":{\"top\":\"1.5cm\",\"right\":\"1.5cm\",\"left\":\"1.cm\"}}","meta":{"rootId":"se9sgjzowdxkmmu","id":"pai65f4fba8malz"},"id":"ai8dxgwp7710q19","previousOperationId":"pn1h8nycqse1ila"}
{"type":"operationEnd","operationId":"pn1h8nycqse1ila","timestamp":1705597404876,"id":"dq702rodeqejc8l","previousEventId":"xlpnjrp96kpb395","previousOperationId":"pn1h8nycqse1ila"}
{"type":"log","timestamp":1705597404876,"level":"debug","message":"Skipping storing report.","meta":{"rootId":"se9sgjzowdxkmmu","id":"pai65f4fba8malz"},"id":"f6nje32dt3kbhzh","previousOperationId":"pn1h8nycqse1ila"}
{"type":"log","timestamp":1705597404876,"level":"info","message":"Rendering (child) request finished in 396 ms","meta":{"rootId":"se9sgjzowdxkmmu","id":"pai65f4fba8malz"},"id":"ig788qcvp4s2o4o","previousOperationId":"pn1h8nycqse1ila"}
{"type":"operationEnd","subtype":"render","operationId":"aiyhz3bphc4yl4w","timestamp":1705597404876,"id":"18jkmh3mp2h0msn","previousEventId":"dq702rodeqejc8l","previousOperationId":"pn1h8nycqse1ila"}
{"type":"operationEnd","operationId":"v4l8ch6cdznrq33","timestamp":1705597404885,"id":"gzpjdt2pe5b9zmg","previousEventId":"bu4woczjnglc9i9","previousOperationId":"v4l8ch6cdznrq33"}
{"type":"log","timestamp":1705597404885,"level":"debug","message":"pdf-utils postproces start","meta":{"rootId":"se9sgjzowdxkmmu","id":"se9sgjzowdxkmmu"},"id":"3od7jljfo16xzuq","previousOperationId":"v4l8ch6cdznrq33"}
{"type":"log","timestamp":1705597404895,"level":"debug","message":"pdf-utils postproces end","meta":{"rootId":"se9sgjzowdxkmmu","id":"se9sgjzowdxkmmu"},"id":"2mi063laf3givuz","previousOperationId":"v4l8ch6cdznrq33"}
{"type":"operationEnd","operationId":"fz2vp59l75xldg9","timestamp":1705597404895,"id":"c8ja2w7rxfvqrqn","previousEventId":"gzpjdt2pe5b9zmg","previousOperationId":"v4l8ch6cdznrq33"}
{"type":"log","timestamp":1705597404895,"level":"info","message":"pdf-utils pdf processing was finished","meta":{"rootId":"se9sgjzowdxkmmu","id":"se9sgjzowdxkmmu"},"id":"kgdnua2vcop82aj","previousOperationId":"fz2vp59l75xldg9"}
{"type":"log","timestamp":1705597404895,"level":"debug","message":"Skipping storing report.","meta":{"rootId":"se9sgjzowdxkmmu","id":"se9sgjzowdxkmmu"},"id":"oeqszo9hy6m0ytr","previousOperationId":"fz2vp59l75xldg9"}
{"type":"log","timestamp":1705597404895,"level":"info","message":"Rendering request 6 finished in 415 ms","meta":{"rootId":"se9sgjzowdxkmmu","id":"se9sgjzowdxkmmu"},"id":"sh7w62ii92zs0nj","previousOperationId":"fz2vp59l75xldg9"}
{"type":"operationEnd","subtype":"render","operationId":"fwxqlgzwmeesup1","timestamp":1705597404895,"id":"6j4k16auwwam6ed","previousEventId":"c8ja2w7rxfvqrqn","previousOperationId":"fz2vp59l75xldg9"}
{"type":"operationEnd","doDiffs":false,"previousEventId":"as5l22w5nehzn3c","previousOperationId":"jbo0xy39pc1ciqe","operationId":"jbo0xy39pc1ciqe","timestamp":1705597404901,"id":"rwu908ev1l5r829"}
