{"type":"operationStart","subtype":"profile","data":{"_id":"kKA1PCqv0d1lWZHu","timestamp":"2024-01-18T15:47:55.638Z","state":"queued","mode":"standard","creationDate":"2024-01-18T15:47:55.639Z","modificationDate":"2024-01-18T15:47:55.639Z","shortid":"GSfexUJ","$entitySet":"profiles"},"doDiffs":false,"timestamp":1705592875638,"id":"mdxq8p3rwuj3pps","previousOperationId":null,"operationId":"73mzvbyznov73cx"}
{"type":"log","level":"info","message":"Render request 66 queued for execution and waiting for available worker","previousOperationId":"73mzvbyznov73cx","timestamp":1705592875639,"id":"82m3entxy1at67f"}
{"type":"operationStart","subtype":"render","name":"orders-main","previousOperationId":"73mzvbyznov73cx","timestamp":1705592875645,"id":"pguggxgbur8v6b2","previousEventId":"mdxq8p3rwuj3pps","operationId":"4vs2uwenuw2oqay"}
{"type":"log","timestamp":1705592875645,"level":"info","message":"Starting rendering request 66","meta":{"rootId":"sf9siw2aubbp9xc","id":"sf9siw2aubbp9xc"},"id":"1zzgl207q9quw0h","previousOperationId":"4vs2uwenuw2oqay"}
{"type":"log","timestamp":1705592875645,"level":"info","message":"Rendering template { name: orders-main, recipe: chrome-pdf, engine: handlebars, preview: true }","meta":{"rootId":"sf9siw2aubbp9xc","id":"sf9siw2aubbp9xc"},"id":"psgq6pzj9n5ddu6","previousOperationId":"4vs2uwenuw2oqay"}
{"type":"log","timestamp":1705592875645,"level":"debug","message":"Data item not defined for this template.","meta":{"rootId":"sf9siw2aubbp9xc","id":"sf9siw2aubbp9xc"},"id":"kx9sagf1bk1w2qz","previousOperationId":"4vs2uwenuw2oqay"}
{"type":"log","timestamp":1705592875646,"level":"debug","message":"Executing script orders-script (beforeRender)","meta":{"rootId":"sf9siw2aubbp9xc","id":"sf9siw2aubbp9xc"},"id":"1z0xd6iru2p6nz5","previousOperationId":"4vs2uwenuw2oqay"}
{"type":"operationStart","subtype":"scriptsBeforeRender","name":"scripts beforeRender","timestamp":1705592875656,"id":"5ytsk3d8cxw8nui","previousEventId":"pguggxgbur8v6b2","operationId":"ghybl40ngorhurv","previousOperationId":"4vs2uwenuw2oqay"}
{"type":"operationStart","subtype":"script","name":"scripts orders-script","previousOperationId":"ghybl40ngorhurv","timestamp":1705592875656,"id":"u9cv3u2359mimre","previousEventId":"5ytsk3d8cxw8nui","operationId":"4c9i0ov874jviys"}
{"type":"log","timestamp":1705592875666,"level":"debug","message":"(console:log) [2,1]","meta":{"userLevel":true,"rootId":"sf9siw2aubbp9xc","id":"sf9siw2aubbp9xc"},"id":"5vdxbxglmhlt1q9","previousOperationId":"4c9i0ov874jviys"}
{"type":"log","timestamp":1705592875666,"level":"debug","message":"(console:log) [\"Race1\",\"Race2\"]","meta":{"userLevel":true,"rootId":"sf9siw2aubbp9xc","id":"sf9siw2aubbp9xc"},"id":"99i6r0ngjoi93ih","previousOperationId":"4c9i0ov874jviys"}
{"type":"operationEnd","operationId":"4c9i0ov874jviys","timestamp":1705592875666,"id":"ch9hvaoe5c3fxtl","previousEventId":"pguggxgbur8v6b2","previousOperationId":"4vs2uwenuw2oqay"}
{"type":"operationEnd","operationId":"ghybl40ngorhurv","timestamp":1705592875666,"id":"kti627fqbn6zvjs","previousEventId":"ch9hvaoe5c3fxtl","previousOperationId":"4vs2uwenuw2oqay"}
{"type":"log","timestamp":1705592875666,"level":"debug","message":"Base url not specified, skipping its injection.","meta":{"rootId":"sf9siw2aubbp9xc","id":"sf9siw2aubbp9xc"},"id":"fxy0b4nbn08iixo","previousOperationId":"ghybl40ngorhurv"}
{"type":"operationStart","subtype":"engine","name":"handlebars","timestamp":1705592875666,"id":"qqebzjveo32xzyl","previousEventId":"kti627fqbn6zvjs","operationId":"mdgigohew2i9i9k","previousOperationId":"ghybl40ngorhurv"}
{"type":"log","timestamp":1705592875666,"level":"debug","message":"Rendering engine handlebars","meta":{"rootId":"sf9siw2aubbp9xc","id":"sf9siw2aubbp9xc"},"id":"nq71xodjg0e6kba","previousOperationId":"mdgigohew2i9i9k"}
{"type":"log","timestamp":1705592875677,"level":"debug","message":"(console:log) Pdf utils adding group field, value: \"Race1\"","meta":{"userLevel":true,"rootId":"sf9siw2aubbp9xc","id":"sf9siw2aubbp9xc"},"id":"nqub4tv41x92t69","previousOperationId":"mdgigohew2i9i9k"}
{"type":"log","timestamp":1705592875677,"level":"debug","message":"(console:log) Pdf utils adding group field, value: \"Race2\"","meta":{"userLevel":true,"rootId":"sf9siw2aubbp9xc","id":"sf9siw2aubbp9xc"},"id":"brwk4n38s8g8y68","previousOperationId":"mdgigohew2i9i9k"}
{"type":"operationEnd","operationId":"mdgigohew2i9i9k","timestamp":1705592875677,"id":"jqr9asz0m8rshn4","previousEventId":"qqebzjveo32xzyl","previousOperationId":"mdgigohew2i9i9k"}
{"type":"operationStart","subtype":"recipe","name":"chrome-pdf","timestamp":1705592875677,"id":"gzihqg9dp0d63fg","previousEventId":"jqr9asz0m8rshn4","operationId":"a7tgaxbj09925c5","previousOperationId":"mdgigohew2i9i9k"}
{"type":"log","timestamp":1705592875677,"level":"debug","message":"Executing recipe chrome-pdf","meta":{"rootId":"sf9siw2aubbp9xc","id":"sf9siw2aubbp9xc"},"id":"97fzamfbccd349p","previousOperationId":"a7tgaxbj09925c5"}
{"type":"log","timestamp":1705592875679,"level":"debug","message":"Converting with chrome HeadlessChrome/117.0.5938.149 using chrome-pool strategy","meta":{"rootId":"sf9siw2aubbp9xc","id":"sf9siw2aubbp9xc"},"id":"rptef7526cq8ia2","previousOperationId":"a7tgaxbj09925c5"}
{"type":"log","timestamp":1705592875743,"level":"debug","message":"Page request: GET (document) file:///C:/Users/DANIEL~1/AppData/Local/Temp/jsreport/autocleanup/cd7dea2a-17c0-4cdf-b6b5-64db20e30173-chrome-pdf.html","meta":{"rootId":"sf9siw2aubbp9xc","id":"sf9siw2aubbp9xc"},"id":"vff7aomc5vl8ly3","previousOperationId":"a7tgaxbj09925c5"}
{"type":"log","timestamp":1705592875760,"level":"debug","message":"Page request: GET (stylesheet) https://cdnjs.cloudflare.com/ajax/libs/metro/4.1.5/css/metro.min.css","meta":{"rootId":"sf9siw2aubbp9xc","id":"sf9siw2aubbp9xc"},"id":"pg26isisup21yep","previousOperationId":"a7tgaxbj09925c5"}
{"type":"log","timestamp":1705592875761,"level":"debug","message":"Page request: GET (script) https://cdnjs.cloudflare.com/ajax/libs/Chart.js/2.9.4/Chart.js","meta":{"rootId":"sf9siw2aubbp9xc","id":"sf9siw2aubbp9xc"},"id":"kijeqrzhidsn82s","previousOperationId":"a7tgaxbj09925c5"}
{"type":"log","timestamp":1705592875761,"level":"debug","message":"Page request finished: GET (document) 200 file:///C:/Users/DANIEL~1/AppData/Local/Temp/jsreport/autocleanup/cd7dea2a-17c0-4cdf-b6b5-64db20e30173-chrome-pdf.html","meta":{"rootId":"sf9siw2aubbp9xc","id":"sf9siw2aubbp9xc"},"id":"slpvku9e6mq05lr","previousOperationId":"a7tgaxbj09925c5"}
{"type":"log","timestamp":1705592875774,"level":"debug","message":"Page request finished: GET (stylesheet) 200 https://cdnjs.cloudflare.com/ajax/libs/metro/4.1.5/css/metro.min.css","meta":{"rootId":"sf9siw2aubbp9xc","id":"sf9siw2aubbp9xc"},"id":"6r1reb4efdx5ghc","previousOperationId":"a7tgaxbj09925c5"}
{"type":"log","timestamp":1705592875774,"level":"debug","message":"Page request finished: GET (script) 200 https://cdnjs.cloudflare.com/ajax/libs/Chart.js/2.9.4/Chart.js","meta":{"rootId":"sf9siw2aubbp9xc","id":"sf9siw2aubbp9xc"},"id":"j2lzjv6c0237gvq","previousOperationId":"a7tgaxbj09925c5"}
{"type":"log","timestamp":1705592875777,"level":"warn","message":"Page error: Unexpected token '&' , stack: SyntaxError: Unexpected token '&'","meta":{"rootId":"sf9siw2aubbp9xc","id":"sf9siw2aubbp9xc"},"id":"bro4io6tuf6bph5","previousOperationId":"a7tgaxbj09925c5"}
{"type":"log","timestamp":1705592875799,"level":"debug","message":"Running chrome with params {\"printBackground\":true,\"marginTop\":\"4cm\",\"marginRight\":\"1.5cm\",\"marginBottom\":\"1.5cm\",\"marginLeft\":\"1.5cm\",\"waitForJS\":false,\"timeout\":59960,\"margin\":{\"top\":\"4cm\",\"right\":\"1.5cm\",\"bottom\":\"1.5cm\",\"left\":\"1.5cm\"}}","meta":{"rootId":"sf9siw2aubbp9xc","id":"sf9siw2aubbp9xc"},"id":"qx74j1b8hoc3qtr","previousOperationId":"a7tgaxbj09925c5"}
{"type":"operationEnd","operationId":"a7tgaxbj09925c5","timestamp":1705592875856,"id":"jlwuxuh1cwgpftg","previousEventId":"gzihqg9dp0d63fg","previousOperationId":"a7tgaxbj09925c5"}
{"type":"log","timestamp":1705592875857,"level":"info","message":"pdf-utils is starting pdf processing","meta":{"rootId":"sf9siw2aubbp9xc","id":"sf9siw2aubbp9xc"},"id":"ag4nx8uq9z40jwy","previousOperationId":"a7tgaxbj09925c5"}
{"type":"operationStart","subtype":"pdfUtils","name":"pdf utils","timestamp":1705592875857,"id":"ovjwod1grai3jgl","previousEventId":"jlwuxuh1cwgpftg","operationId":"ytstpzysvhqihqo","previousOperationId":"a7tgaxbj09925c5"}
{"type":"log","timestamp":1705592875857,"level":"debug","message":"pdf-utils detected 1 pdf operation(s) to process","meta":{"rootId":"sf9siw2aubbp9xc","id":"sf9siw2aubbp9xc"},"id":"mx28pfkt7z2rlfy","previousOperationId":"ytstpzysvhqihqo"}
{"type":"log","timestamp":1705592875867,"level":"debug","message":"pdf-utils running pdf operation merge","meta":{"rootId":"sf9siw2aubbp9xc","id":"sf9siw2aubbp9xc"},"id":"ej1p58m47b7dx9v","previousOperationId":"ytstpzysvhqihqo"}
{"type":"operationStart","subtype":"pdfUtilsMerge","name":"pdf utils merge","previousOperationId":"ytstpzysvhqihqo","timestamp":1705592875867,"id":"0z2kx0s0e6qo6iu","previousEventId":"ovjwod1grai3jgl","operationId":"583tv5w69aqxnwh"}
{"type":"operationStart","subtype":"render","name":"orders-header","previousOperationId":"583tv5w69aqxnwh","timestamp":1705592875868,"id":"ylla50xdswt6yp5","previousEventId":"0z2kx0s0e6qo6iu","operationId":"wa3frt37hsmp5xe"}
{"type":"log","timestamp":1705592875868,"level":"info","message":"Starting rendering (child) request","meta":{"rootId":"sf9siw2aubbp9xc","id":"ef8q19cyznays94"},"id":"8knzz65jzzj18sc","previousOperationId":"wa3frt37hsmp5xe"}
{"type":"log","timestamp":1705592875868,"level":"info","message":"Rendering template { name: orders-header, recipe: chrome-pdf, engine: handlebars, preview: true }","meta":{"rootId":"sf9siw2aubbp9xc","id":"ef8q19cyznays94"},"id":"tmdn7h9lyzneytx","previousOperationId":"wa3frt37hsmp5xe"}
{"type":"log","timestamp":1705592875868,"level":"debug","message":"Inline data specified.","meta":{"rootId":"sf9siw2aubbp9xc","id":"ef8q19cyznays94"},"id":"dwrvl1tq19v34t4","previousOperationId":"wa3frt37hsmp5xe"}
{"type":"log","timestamp":1705592875870,"level":"debug","message":"Base url not specified, skipping its injection.","meta":{"rootId":"sf9siw2aubbp9xc","id":"ef8q19cyznays94"},"id":"na941hsbird8h2b","previousOperationId":"wa3frt37hsmp5xe"}
{"type":"operationStart","subtype":"engine","name":"handlebars","timestamp":1705592875870,"id":"wdkspuspp8uk0kc","previousEventId":"ylla50xdswt6yp5","operationId":"kei7qdzqjwuw2qd","previousOperationId":"wa3frt37hsmp5xe"}
{"type":"log","timestamp":1705592875870,"level":"debug","message":"Rendering engine handlebars","meta":{"rootId":"sf9siw2aubbp9xc","id":"ef8q19cyznays94"},"id":"plvq199azugaccm","previousOperationId":"kei7qdzqjwuw2qd"}
{"type":"operationEnd","operationId":"kei7qdzqjwuw2qd","timestamp":1705592875880,"id":"h1i2s8ktbgqdrtc","previousEventId":"wdkspuspp8uk0kc","previousOperationId":"kei7qdzqjwuw2qd"}
{"type":"operationStart","subtype":"recipe","name":"chrome-pdf","timestamp":1705592875880,"id":"m63jruqo7yiye5z","previousEventId":"h1i2s8ktbgqdrtc","operationId":"78l69hllh2ds9di","previousOperationId":"kei7qdzqjwuw2qd"}
{"type":"log","timestamp":1705592875880,"level":"debug","message":"Executing recipe chrome-pdf","meta":{"rootId":"sf9siw2aubbp9xc","id":"ef8q19cyznays94"},"id":"226r6mnh6dqubsz","previousOperationId":"78l69hllh2ds9di"}
{"type":"log","timestamp":1705592875881,"level":"debug","message":"Converting with chrome HeadlessChrome/117.0.5938.149 using chrome-pool strategy","meta":{"rootId":"sf9siw2aubbp9xc","id":"ef8q19cyznays94"},"id":"epf8dm1zddv0kim","previousOperationId":"78l69hllh2ds9di"}
{"type":"log","timestamp":1705592875948,"level":"debug","message":"Page request: GET (document) file:///C:/Users/DANIEL~1/AppData/Local/Temp/jsreport/autocleanup/8f995644-38a1-48fe-b4d9-f0b5ca9457ad-chrome-pdf.html","meta":{"rootId":"sf9siw2aubbp9xc","id":"ef8q19cyznays94"},"id":"dq46png2x5hnaw5","previousOperationId":"78l69hllh2ds9di"}
{"type":"log","timestamp":1705592875955,"level":"debug","message":"Page request: GET (stylesheet) https://cdnjs.cloudflare.com/ajax/libs/metro/4.1.5/css/metro.min.css","meta":{"rootId":"sf9siw2aubbp9xc","id":"ef8q19cyznays94"},"id":"3yf0a6qi1ge7xyz","previousOperationId":"78l69hllh2ds9di"}
{"type":"log","timestamp":1705592875955,"level":"debug","message":"Page request finished: GET (document) 200 file:///C:/Users/DANIEL~1/AppData/Local/Temp/jsreport/autocleanup/8f995644-38a1-48fe-b4d9-f0b5ca9457ad-chrome-pdf.html","meta":{"rootId":"sf9siw2aubbp9xc","id":"ef8q19cyznays94"},"id":"gq8sik9s90qw0je","previousOperationId":"78l69hllh2ds9di"}
{"type":"log","timestamp":1705592875966,"level":"debug","message":"Page request finished: GET (stylesheet) 200 https://cdnjs.cloudflare.com/ajax/libs/metro/4.1.5/css/metro.min.css","meta":{"rootId":"sf9siw2aubbp9xc","id":"ef8q19cyznays94"},"id":"2ysq4t421n0xagj","previousOperationId":"78l69hllh2ds9di"}
{"type":"log","timestamp":1705592875979,"level":"debug","message":"Running chrome with params {\"printBackground\":true,\"marginTop\":\"1.5cm\",\"marginRight\":\"1.5cm\",\"marginLeft\":\"1.cm\",\"timeout\":59757,\"margin\":{\"top\":\"1.5cm\",\"right\":\"1.5cm\",\"left\":\"1.cm\"}}","meta":{"rootId":"sf9siw2aubbp9xc","id":"ef8q19cyznays94"},"id":"5ccm1q14vz8gcyf","previousOperationId":"78l69hllh2ds9di"}
{"type":"operationEnd","operationId":"78l69hllh2ds9di","timestamp":1705592876006,"id":"b73dexswzm75atp","previousEventId":"m63jruqo7yiye5z","previousOperationId":"78l69hllh2ds9di"}
{"type":"log","timestamp":1705592876006,"level":"debug","message":"Skipping storing report.","meta":{"rootId":"sf9siw2aubbp9xc","id":"ef8q19cyznays94"},"id":"9677bbd2fm8joql","previousOperationId":"78l69hllh2ds9di"}
{"type":"log","timestamp":1705592876006,"level":"info","message":"Rendering (child) request finished in 368 ms","meta":{"rootId":"sf9siw2aubbp9xc","id":"ef8q19cyznays94"},"id":"umxg7hxtff9d9ls","previousOperationId":"78l69hllh2ds9di"}
{"type":"operationEnd","subtype":"render","operationId":"wa3frt37hsmp5xe","timestamp":1705592876006,"id":"xeog10o9vjee789","previousEventId":"b73dexswzm75atp","previousOperationId":"78l69hllh2ds9di"}
{"type":"operationEnd","operationId":"583tv5w69aqxnwh","timestamp":1705592876013,"id":"yajuy0hyrc5lhmh","previousEventId":"0z2kx0s0e6qo6iu","previousOperationId":"583tv5w69aqxnwh"}
{"type":"log","timestamp":1705592876013,"level":"debug","message":"pdf-utils postproces start","meta":{"rootId":"sf9siw2aubbp9xc","id":"sf9siw2aubbp9xc"},"id":"y8ycwdjrn7adkdv","previousOperationId":"583tv5w69aqxnwh"}
{"type":"log","timestamp":1705592876021,"level":"debug","message":"pdf-utils postproces end","meta":{"rootId":"sf9siw2aubbp9xc","id":"sf9siw2aubbp9xc"},"id":"m1u10zc2a1vm8r9","previousOperationId":"583tv5w69aqxnwh"}
{"type":"operationEnd","operationId":"ytstpzysvhqihqo","timestamp":1705592876021,"id":"5j4aod2r65pgder","previousEventId":"yajuy0hyrc5lhmh","previousOperationId":"583tv5w69aqxnwh"}
{"type":"log","timestamp":1705592876021,"level":"info","message":"pdf-utils pdf processing was finished","meta":{"rootId":"sf9siw2aubbp9xc","id":"sf9siw2aubbp9xc"},"id":"8c8o1kjoncxea5j","previousOperationId":"ytstpzysvhqihqo"}
{"type":"log","timestamp":1705592876021,"level":"debug","message":"Skipping storing report.","meta":{"rootId":"sf9siw2aubbp9xc","id":"sf9siw2aubbp9xc"},"id":"g8huvnuzeswcbht","previousOperationId":"ytstpzysvhqihqo"}
{"type":"log","timestamp":1705592876021,"level":"info","message":"Rendering request 66 finished in 383 ms","meta":{"rootId":"sf9siw2aubbp9xc","id":"sf9siw2aubbp9xc"},"id":"lz1wmsc56qz28f2","previousOperationId":"ytstpzysvhqihqo"}
{"type":"operationEnd","subtype":"render","operationId":"4vs2uwenuw2oqay","timestamp":1705592876021,"id":"1n0mvciqt8l9281","previousEventId":"5j4aod2r65pgder","previousOperationId":"ytstpzysvhqihqo"}
{"type":"operationEnd","doDiffs":false,"previousEventId":"mdxq8p3rwuj3pps","previousOperationId":"73mzvbyznov73cx","operationId":"73mzvbyznov73cx","timestamp":1705592876027,"id":"oj3i3l7hcrf5n8h"}
