{"type":"operationStart","subtype":"profile","data":{"_id":"4JlGc4yu0D0IljbB","timestamp":"2024-01-18T15:09:34.353Z","state":"queued","mode":"standard","creationDate":"2024-01-18T15:09:34.357Z","modificationDate":"2024-01-18T15:09:34.357Z","shortid":"XS8u65c","$entitySet":"profiles"},"doDiffs":false,"timestamp":1705590574356,"id":"xiwtvseq6itssqi","previousOperationId":null,"operationId":"8d2wmbnt7f084su"}
{"type":"log","level":"info","message":"Render request 35 queued for execution and waiting for available worker","previousOperationId":"8d2wmbnt7f084su","timestamp":1705590574356,"id":"by7s6bnlvssjzox"}
{"type":"operationStart","subtype":"render","name":"orders-main","previousOperationId":"8d2wmbnt7f084su","timestamp":1705590574374,"id":"gzjibq5930cjwoc","previousEventId":"xiwtvseq6itssqi","operationId":"s1cdza3ryptbg5w"}
{"type":"log","timestamp":1705590574374,"level":"info","message":"Starting rendering request 35","meta":{"rootId":"sg2bnq8lw53tyo4","id":"sg2bnq8lw53tyo4"},"id":"bsqk1x27e4m8tqm","previousOperationId":"s1cdza3ryptbg5w"}
{"type":"log","timestamp":1705590574374,"level":"info","message":"Rendering template { name: orders-main, recipe: chrome-pdf, engine: handlebars, preview: true }","meta":{"rootId":"sg2bnq8lw53tyo4","id":"sg2bnq8lw53tyo4"},"id":"74pttxk6mqw6cey","previousOperationId":"s1cdza3ryptbg5w"}
{"type":"log","timestamp":1705590574376,"level":"debug","message":"Data item not defined for this template.","meta":{"rootId":"sg2bnq8lw53tyo4","id":"sg2bnq8lw53tyo4"},"id":"6u4w6pjohd9vp72","previousOperationId":"s1cdza3ryptbg5w"}
{"type":"log","timestamp":1705590574388,"level":"debug","message":"Executing script orders-script (beforeRender)","meta":{"rootId":"sg2bnq8lw53tyo4","id":"sg2bnq8lw53tyo4"},"id":"1yx18cqtgv4l53d","previousOperationId":"s1cdza3ryptbg5w"}
{"type":"operationStart","subtype":"scriptsBeforeRender","name":"scripts beforeRender","timestamp":1705590574409,"id":"vaiuxff7ebnrouc","previousEventId":"gzjibq5930cjwoc","operationId":"j1axt03znu9ucym","previousOperationId":"s1cdza3ryptbg5w"}
{"type":"operationStart","subtype":"script","name":"scripts orders-script","previousOperationId":"j1axt03znu9ucym","timestamp":1705590574409,"id":"9qobxow4fqs76ah","previousEventId":"vaiuxff7ebnrouc","operationId":"ibd8prgum0dnw77"}
{"type":"operationEnd","operationId":"ibd8prgum0dnw77","timestamp":1705590574431,"id":"hmjlwquwgau2tb1","previousEventId":"gzjibq5930cjwoc","previousOperationId":"s1cdza3ryptbg5w"}
{"type":"operationEnd","operationId":"j1axt03znu9ucym","timestamp":1705590574432,"id":"ng5sx769dc0k9su","previousEventId":"hmjlwquwgau2tb1","previousOperationId":"s1cdza3ryptbg5w"}
{"type":"log","timestamp":1705590574432,"level":"debug","message":"Base url not specified, skipping its injection.","meta":{"rootId":"sg2bnq8lw53tyo4","id":"sg2bnq8lw53tyo4"},"id":"gan2eyziygn2bud","previousOperationId":"j1axt03znu9ucym"}
{"type":"operationStart","subtype":"engine","name":"handlebars","timestamp":1705590574432,"id":"4hc9f55kguso67j","previousEventId":"ng5sx769dc0k9su","operationId":"yf9o0x9xhusq9ob","previousOperationId":"j1axt03znu9ucym"}
{"type":"log","timestamp":1705590574432,"level":"debug","message":"Rendering engine handlebars","meta":{"rootId":"sg2bnq8lw53tyo4","id":"sg2bnq8lw53tyo4"},"id":"hpkk22ythccudmq","previousOperationId":"yf9o0x9xhusq9ob"}
{"type":"log","timestamp":1705590574455,"level":"debug","message":"(console:log) Pdf utils adding group field, value: \"Race1\"","meta":{"userLevel":true,"rootId":"sg2bnq8lw53tyo4","id":"sg2bnq8lw53tyo4"},"id":"nmxnkaj16m5m79b","previousOperationId":"yf9o0x9xhusq9ob"}
{"type":"log","timestamp":1705590574456,"level":"debug","message":"(console:log) Pdf utils adding group field, value: \"Race2\"","meta":{"userLevel":true,"rootId":"sg2bnq8lw53tyo4","id":"sg2bnq8lw53tyo4"},"id":"xhu3v3cdulhd7ae","previousOperationId":"yf9o0x9xhusq9ob"}
{"type":"operationEnd","operationId":"yf9o0x9xhusq9ob","timestamp":1705590574457,"id":"obt2iibgx7f48u9","previousEventId":"4hc9f55kguso67j","previousOperationId":"yf9o0x9xhusq9ob"}
{"type":"operationStart","subtype":"recipe","name":"chrome-pdf","timestamp":1705590574457,"id":"qb9n9dqeezfrz0s","previousEventId":"obt2iibgx7f48u9","operationId":"6v0fgxe8potv1r5","previousOperationId":"yf9o0x9xhusq9ob"}
{"type":"log","timestamp":1705590574457,"level":"debug","message":"Executing recipe chrome-pdf","meta":{"rootId":"sg2bnq8lw53tyo4","id":"sg2bnq8lw53tyo4"},"id":"uwj485174hzmna2","previousOperationId":"6v0fgxe8potv1r5"}
{"type":"log","timestamp":1705590574463,"level":"debug","message":"Converting with chrome HeadlessChrome/117.0.5938.149 using chrome-pool strategy","meta":{"rootId":"sg2bnq8lw53tyo4","id":"sg2bnq8lw53tyo4"},"id":"pvd86qgcja8jgp2","previousOperationId":"6v0fgxe8potv1r5"}
{"type":"log","timestamp":1705590574611,"level":"debug","message":"Page request: GET (document) file:///C:/Users/DANIEL~1/AppData/Local/Temp/jsreport/autocleanup/528ab2da-2ebf-4d34-b8d8-209d473e0514-chrome-pdf.html","meta":{"rootId":"sg2bnq8lw53tyo4","id":"sg2bnq8lw53tyo4"},"id":"lh1ddlz25vf6cj3","previousOperationId":"6v0fgxe8potv1r5"}
{"type":"log","timestamp":1705590574665,"level":"debug","message":"Page request: GET (stylesheet) https://cdnjs.cloudflare.com/ajax/libs/metro/4.1.5/css/metro.min.css","meta":{"rootId":"sg2bnq8lw53tyo4","id":"sg2bnq8lw53tyo4"},"id":"m4edp5puom4vnsk","previousOperationId":"6v0fgxe8potv1r5"}
{"type":"log","timestamp":1705590574666,"level":"debug","message":"Page request finished: GET (document) 200 file:///C:/Users/DANIEL~1/AppData/Local/Temp/jsreport/autocleanup/528ab2da-2ebf-4d34-b8d8-209d473e0514-chrome-pdf.html","meta":{"rootId":"sg2bnq8lw53tyo4","id":"sg2bnq8lw53tyo4"},"id":"o6n2zau9m4jr7td","previousOperationId":"6v0fgxe8potv1r5"}
{"type":"log","timestamp":1705590574666,"level":"debug","message":"Page request: GET (script) https://cdnjs.cloudflare.com/ajax/libs/Chart.js/2.9.4/Chart.js","meta":{"rootId":"sg2bnq8lw53tyo4","id":"sg2bnq8lw53tyo4"},"id":"rs7370w9hxvstjs","previousOperationId":"6v0fgxe8potv1r5"}
{"type":"log","timestamp":1705590574709,"level":"debug","message":"Page request finished: GET (stylesheet) 200 https://cdnjs.cloudflare.com/ajax/libs/metro/4.1.5/css/metro.min.css","meta":{"rootId":"sg2bnq8lw53tyo4","id":"sg2bnq8lw53tyo4"},"id":"fozwy5vk680wp9j","previousOperationId":"6v0fgxe8potv1r5"}
{"type":"log","timestamp":1705590574709,"level":"debug","message":"Page request finished: GET (script) 200 https://cdnjs.cloudflare.com/ajax/libs/Chart.js/2.9.4/Chart.js","meta":{"rootId":"sg2bnq8lw53tyo4","id":"sg2bnq8lw53tyo4"},"id":"1zxg0q8p6jx9ovq","previousOperationId":"6v0fgxe8potv1r5"}
{"type":"log","timestamp":1705590574717,"level":"warn","message":"Page error: Unexpected token ';' , stack: SyntaxError: Unexpected token ';'","meta":{"rootId":"sg2bnq8lw53tyo4","id":"sg2bnq8lw53tyo4"},"id":"ue7kh9c0hcvmycd","previousOperationId":"6v0fgxe8potv1r5"}
{"type":"log","timestamp":1705590574763,"level":"debug","message":"Running chrome with params {\"printBackground\":true,\"marginTop\":\"4cm\",\"marginRight\":\"1.5cm\",\"marginBottom\":\"1.5cm\",\"marginLeft\":\"1.5cm\",\"waitForJS\":false,\"timeout\":59892,\"margin\":{\"top\":\"4cm\",\"right\":\"1.5cm\",\"bottom\":\"1.5cm\",\"left\":\"1.5cm\"}}","meta":{"rootId":"sg2bnq8lw53tyo4","id":"sg2bnq8lw53tyo4"},"id":"juka7tff5b3tvbw","previousOperationId":"6v0fgxe8potv1r5"}
{"type":"operationEnd","operationId":"6v0fgxe8potv1r5","timestamp":1705590574865,"id":"5nwpeg9nr0vc15p","previousEventId":"qb9n9dqeezfrz0s","previousOperationId":"6v0fgxe8potv1r5"}
{"type":"log","timestamp":1705590574865,"level":"info","message":"pdf-utils is starting pdf processing","meta":{"rootId":"sg2bnq8lw53tyo4","id":"sg2bnq8lw53tyo4"},"id":"7mg23ryf3nbgvr6","previousOperationId":"6v0fgxe8potv1r5"}
{"type":"operationStart","subtype":"pdfUtils","name":"pdf utils","timestamp":1705590574865,"id":"6nx0g77d6gvzzwe","previousEventId":"5nwpeg9nr0vc15p","operationId":"b8ru2tn41rvj20n","previousOperationId":"6v0fgxe8potv1r5"}
{"type":"log","timestamp":1705590574865,"level":"debug","message":"pdf-utils detected 1 pdf operation(s) to process","meta":{"rootId":"sg2bnq8lw53tyo4","id":"sg2bnq8lw53tyo4"},"id":"f6zgxd2hmh0clgi","previousOperationId":"b8ru2tn41rvj20n"}
{"type":"log","timestamp":1705590574896,"level":"debug","message":"pdf-utils running pdf operation merge","meta":{"rootId":"sg2bnq8lw53tyo4","id":"sg2bnq8lw53tyo4"},"id":"yv8mriximk4y8um","previousOperationId":"b8ru2tn41rvj20n"}
{"type":"operationStart","subtype":"pdfUtilsMerge","name":"pdf utils merge","previousOperationId":"b8ru2tn41rvj20n","timestamp":1705590574896,"id":"ucz69hd767zxewk","previousEventId":"6nx0g77d6gvzzwe","operationId":"yjfrrzumgyfxsi7"}
{"type":"operationStart","subtype":"render","name":"orders-header","previousOperationId":"yjfrrzumgyfxsi7","timestamp":1705590574898,"id":"v3csl5zlzqqxzj7","previousEventId":"ucz69hd767zxewk","operationId":"54k4g9hrbfh1gly"}
{"type":"log","timestamp":1705590574898,"level":"info","message":"Starting rendering (child) request","meta":{"rootId":"sg2bnq8lw53tyo4","id":"nrlgmgt5zz70aab"},"id":"i0bagffxgbyaba6","previousOperationId":"54k4g9hrbfh1gly"}
{"type":"log","timestamp":1705590574898,"level":"info","message":"Rendering template { name: orders-header, recipe: chrome-pdf, engine: handlebars, preview: true }","meta":{"rootId":"sg2bnq8lw53tyo4","id":"nrlgmgt5zz70aab"},"id":"4f5hcp4gpp284vl","previousOperationId":"54k4g9hrbfh1gly"}
{"type":"log","timestamp":1705590574905,"level":"debug","message":"Inline data specified.","meta":{"rootId":"sg2bnq8lw53tyo4","id":"nrlgmgt5zz70aab"},"id":"juycbniwvbsaefd","previousOperationId":"54k4g9hrbfh1gly"}
{"type":"log","timestamp":1705590574910,"level":"debug","message":"Base url not specified, skipping its injection.","meta":{"rootId":"sg2bnq8lw53tyo4","id":"nrlgmgt5zz70aab"},"id":"stl33stfdokzghp","previousOperationId":"54k4g9hrbfh1gly"}
{"type":"operationStart","subtype":"engine","name":"handlebars","timestamp":1705590574910,"id":"r8j84lkcut4e7rb","previousEventId":"v3csl5zlzqqxzj7","operationId":"aod81xkqkdm5rju","previousOperationId":"54k4g9hrbfh1gly"}
{"type":"log","timestamp":1705590574910,"level":"debug","message":"Rendering engine handlebars","meta":{"rootId":"sg2bnq8lw53tyo4","id":"nrlgmgt5zz70aab"},"id":"eiy5vy1g9ce0k87","previousOperationId":"aod81xkqkdm5rju"}
{"type":"operationEnd","operationId":"aod81xkqkdm5rju","timestamp":1705590574929,"id":"rt6wi3x5w89ofh9","previousEventId":"r8j84lkcut4e7rb","previousOperationId":"aod81xkqkdm5rju"}
{"type":"operationStart","subtype":"recipe","name":"chrome-pdf","timestamp":1705590574929,"id":"791jrreonwi56b8","previousEventId":"rt6wi3x5w89ofh9","operationId":"e1bqhdqvygdrqmg","previousOperationId":"aod81xkqkdm5rju"}
{"type":"log","timestamp":1705590574929,"level":"debug","message":"Executing recipe chrome-pdf","meta":{"rootId":"sg2bnq8lw53tyo4","id":"nrlgmgt5zz70aab"},"id":"b2qwab5uxcwwqqs","previousOperationId":"e1bqhdqvygdrqmg"}
{"type":"log","timestamp":1705590574932,"level":"debug","message":"Converting with chrome HeadlessChrome/117.0.5938.149 using chrome-pool strategy","meta":{"rootId":"sg2bnq8lw53tyo4","id":"nrlgmgt5zz70aab"},"id":"farjjpuh90vnr67","previousOperationId":"e1bqhdqvygdrqmg"}
{"type":"log","timestamp":1705590575060,"level":"debug","message":"Page request: GET (document) file:///C:/Users/DANIEL~1/AppData/Local/Temp/jsreport/autocleanup/67dfaf98-a52d-40c4-8abc-2b7c56c08eee-chrome-pdf.html","meta":{"rootId":"sg2bnq8lw53tyo4","id":"nrlgmgt5zz70aab"},"id":"j097ayeyk250ja3","previousOperationId":"e1bqhdqvygdrqmg"}
{"type":"log","timestamp":1705590575078,"level":"debug","message":"Page request: GET (stylesheet) https://cdnjs.cloudflare.com/ajax/libs/metro/4.1.5/css/metro.min.css","meta":{"rootId":"sg2bnq8lw53tyo4","id":"nrlgmgt5zz70aab"},"id":"sx3fz83uo7bb644","previousOperationId":"e1bqhdqvygdrqmg"}
{"type":"log","timestamp":1705590575078,"level":"debug","message":"Page request finished: GET (document) 200 file:///C:/Users/DANIEL~1/AppData/Local/Temp/jsreport/autocleanup/67dfaf98-a52d-40c4-8abc-2b7c56c08eee-chrome-pdf.html","meta":{"rootId":"sg2bnq8lw53tyo4","id":"nrlgmgt5zz70aab"},"id":"h52q5s8f1sm9jhq","previousOperationId":"e1bqhdqvygdrqmg"}
{"type":"log","timestamp":1705590575101,"level":"debug","message":"Page request finished: GET (stylesheet) 200 https://cdnjs.cloudflare.com/ajax/libs/metro/4.1.5/css/metro.min.css","meta":{"rootId":"sg2bnq8lw53tyo4","id":"nrlgmgt5zz70aab"},"id":"d36axqzjpdusa0n","previousOperationId":"e1bqhdqvygdrqmg"}
{"type":"log","timestamp":1705590575134,"level":"debug","message":"Running chrome with params {\"printBackground\":true,\"marginTop\":\"1.5cm\",\"marginRight\":\"1.5cm\",\"marginLeft\":\"1.cm\",\"timeout\":59422,\"margin\":{\"top\":\"1.5cm\",\"right\":\"1.5cm\",\"left\":\"1.cm\"}}","meta":{"rootId":"sg2bnq8lw53tyo4","id":"nrlgmgt5zz70aab"},"id":"hnt88cxu7p96xip","previousOperationId":"e1bqhdqvygdrqmg"}
{"type":"operationEnd","operationId":"e1bqhdqvygdrqmg","timestamp":1705590575195,"id":"wn3czad8lcjsvbc","previousEventId":"791jrreonwi56b8","previousOperationId":"e1bqhdqvygdrqmg"}
{"type":"log","timestamp":1705590575196,"level":"debug","message":"Skipping storing report.","meta":{"rootId":"sg2bnq8lw53tyo4","id":"nrlgmgt5zz70aab"},"id":"h3f4jre51vl4ceu","previousOperationId":"e1bqhdqvygdrqmg"}
{"type":"log","timestamp":1705590575196,"level":"info","message":"Rendering (child) request finished in 843 ms","meta":{"rootId":"sg2bnq8lw53tyo4","id":"nrlgmgt5zz70aab"},"id":"8g2sj4ll09odoef","previousOperationId":"e1bqhdqvygdrqmg"}
{"type":"operationEnd","subtype":"render","operationId":"54k4g9hrbfh1gly","timestamp":1705590575196,"id":"s5fmlhe2jxmeafy","previousEventId":"wn3czad8lcjsvbc","previousOperationId":"e1bqhdqvygdrqmg"}
{"type":"operationEnd","operationId":"yjfrrzumgyfxsi7","timestamp":1705590575220,"id":"giwfuyfkg0hul6l","previousEventId":"ucz69hd767zxewk","previousOperationId":"yjfrrzumgyfxsi7"}
{"type":"log","timestamp":1705590575221,"level":"debug","message":"pdf-utils postproces start","meta":{"rootId":"sg2bnq8lw53tyo4","id":"sg2bnq8lw53tyo4"},"id":"54xiofejl3lljd6","previousOperationId":"yjfrrzumgyfxsi7"}
{"type":"log","timestamp":1705590575248,"level":"debug","message":"pdf-utils postproces end","meta":{"rootId":"sg2bnq8lw53tyo4","id":"sg2bnq8lw53tyo4"},"id":"bpmxc7fv9bxfogm","previousOperationId":"yjfrrzumgyfxsi7"}
{"type":"operationEnd","operationId":"b8ru2tn41rvj20n","timestamp":1705590575248,"id":"f3odj2ieq8zxvfp","previousEventId":"giwfuyfkg0hul6l","previousOperationId":"yjfrrzumgyfxsi7"}
{"type":"log","timestamp":1705590575248,"level":"info","message":"pdf-utils pdf processing was finished","meta":{"rootId":"sg2bnq8lw53tyo4","id":"sg2bnq8lw53tyo4"},"id":"5x541bbgig48acg","previousOperationId":"b8ru2tn41rvj20n"}
{"type":"log","timestamp":1705590575248,"level":"debug","message":"Skipping storing report.","meta":{"rootId":"sg2bnq8lw53tyo4","id":"sg2bnq8lw53tyo4"},"id":"rd3q56beg0tpwvt","previousOperationId":"b8ru2tn41rvj20n"}
{"type":"log","timestamp":1705590575248,"level":"info","message":"Rendering request 35 finished in 895 ms","meta":{"rootId":"sg2bnq8lw53tyo4","id":"sg2bnq8lw53tyo4"},"id":"6me5j2a0aprqtc9","previousOperationId":"b8ru2tn41rvj20n"}
{"type":"operationEnd","subtype":"render","operationId":"s1cdza3ryptbg5w","timestamp":1705590575248,"id":"3e5jbv893t70h5n","previousEventId":"f3odj2ieq8zxvfp","previousOperationId":"b8ru2tn41rvj20n"}
{"type":"operationEnd","doDiffs":false,"previousEventId":"xiwtvseq6itssqi","previousOperationId":"8d2wmbnt7f084su","operationId":"8d2wmbnt7f084su","timestamp":1705590575270,"id":"fl6sb8hatplcvem"}
