{"type":"operationStart","subtype":"profile","data":{"_id":"Pg0EZjCo6IeuLXeB","timestamp":"2024-01-18T18:16:19.944Z","state":"queued","mode":"standard","creationDate":"2024-01-18T18:16:19.946Z","modificationDate":"2024-01-18T18:16:19.946Z","shortid":"vlNdBaf","$entitySet":"profiles"},"doDiffs":false,"timestamp":1705601779945,"id":"gtsaivu7b3gyuo5","previousOperationId":null,"operationId":"ygajg4bxaqg6ogy"}
{"type":"log","level":"info","message":"Render request 28 queued for execution and waiting for available worker","previousOperationId":"ygajg4bxaqg6ogy","timestamp":1705601779945,"id":"7o06rjyllrtccud"}
{"type":"operationStart","subtype":"render","name":"orders-main","previousOperationId":"ygajg4bxaqg6ogy","timestamp":1705601779951,"id":"kdlumc11yzoft9f","previousEventId":"gtsaivu7b3gyuo5","operationId":"ni1juiwl84j3wzr"}
{"type":"log","timestamp":1705601779951,"level":"info","message":"Starting rendering request 28","meta":{"rootId":"sk0eyl3boq4j63y","id":"sk0eyl3boq4j63y"},"id":"ru4u5cp69vcuxxx","previousOperationId":"ni1juiwl84j3wzr"}
{"type":"log","timestamp":1705601779951,"level":"info","message":"Rendering template { name: orders-main, recipe: chrome-pdf, engine: handlebars, preview: true }","meta":{"rootId":"sk0eyl3boq4j63y","id":"sk0eyl3boq4j63y"},"id":"555k2gitzx0atz4","previousOperationId":"ni1juiwl84j3wzr"}
{"type":"log","timestamp":1705601779951,"level":"debug","message":"Data item not defined for this template.","meta":{"rootId":"sk0eyl3boq4j63y","id":"sk0eyl3boq4j63y"},"id":"c54xmoc5fg643k7","previousOperationId":"ni1juiwl84j3wzr"}
{"type":"log","timestamp":1705601779953,"level":"debug","message":"Executing script orders-script (beforeRender)","meta":{"rootId":"sk0eyl3boq4j63y","id":"sk0eyl3boq4j63y"},"id":"qzres39clgqf2x0","previousOperationId":"ni1juiwl84j3wzr"}
{"type":"operationStart","subtype":"scriptsBeforeRender","name":"scripts beforeRender","timestamp":1705601779962,"id":"mnk4x3qew9j679h","previousEventId":"kdlumc11yzoft9f","operationId":"wvtiybihu84fcxu","previousOperationId":"ni1juiwl84j3wzr"}
{"type":"operationStart","subtype":"script","name":"scripts orders-script","previousOperationId":"wvtiybihu84fcxu","timestamp":1705601779962,"id":"zkcl9yqzblalcyt","previousEventId":"mnk4x3qew9j679h","operationId":"nznthjgsz7wu59h"}
{"type":"log","timestamp":1705601779973,"level":"debug","message":"(console:log) [ 'Race1', 'Race2' ]","meta":{"userLevel":true,"rootId":"sk0eyl3boq4j63y","id":"sk0eyl3boq4j63y"},"id":"tpcfuvbke3f7uqg","previousOperationId":"nznthjgsz7wu59h"}
{"type":"log","timestamp":1705601779973,"level":"debug","message":"(console:log) [ 2, 1 ]","meta":{"userLevel":true,"rootId":"sk0eyl3boq4j63y","id":"sk0eyl3boq4j63y"},"id":"hc7wvivbt5fgbbh","previousOperationId":"nznthjgsz7wu59h"}
{"type":"operationEnd","operationId":"nznthjgsz7wu59h","timestamp":1705601779973,"id":"ha68nmm39g6sx5t","previousEventId":"kdlumc11yzoft9f","previousOperationId":"ni1juiwl84j3wzr"}
{"type":"operationEnd","operationId":"wvtiybihu84fcxu","timestamp":1705601779973,"id":"l6b5nvy8rjwl54r","previousEventId":"ha68nmm39g6sx5t","previousOperationId":"ni1juiwl84j3wzr"}
{"type":"log","timestamp":1705601779973,"level":"debug","message":"Base url not specified, skipping its injection.","meta":{"rootId":"sk0eyl3boq4j63y","id":"sk0eyl3boq4j63y"},"id":"wyyomnzj0ir5fkf","previousOperationId":"wvtiybihu84fcxu"}
{"type":"operationStart","subtype":"engine","name":"handlebars","timestamp":1705601779973,"id":"u1zpra9ceqrnukt","previousEventId":"l6b5nvy8rjwl54r","operationId":"38pt0ihr2d0v53a","previousOperationId":"wvtiybihu84fcxu"}
{"type":"log","timestamp":1705601779973,"level":"debug","message":"Rendering engine handlebars","meta":{"rootId":"sk0eyl3boq4j63y","id":"sk0eyl3boq4j63y"},"id":"axhc5ftblxuuabe","previousOperationId":"38pt0ihr2d0v53a"}
{"type":"log","timestamp":1705601779984,"level":"debug","message":"(console:log) Pdf utils adding group field, value: \"Race1\"","meta":{"userLevel":true,"rootId":"sk0eyl3boq4j63y","id":"sk0eyl3boq4j63y"},"id":"bfjcjvqc0ol0kx9","previousOperationId":"38pt0ihr2d0v53a"}
{"type":"log","timestamp":1705601779985,"level":"debug","message":"(console:log) Pdf utils adding group field, value: \"Race2\"","meta":{"userLevel":true,"rootId":"sk0eyl3boq4j63y","id":"sk0eyl3boq4j63y"},"id":"w90engy8ja0xuag","previousOperationId":"38pt0ihr2d0v53a"}
{"type":"operationEnd","operationId":"38pt0ihr2d0v53a","timestamp":1705601779985,"id":"jmv7myeobf1hvkv","previousEventId":"u1zpra9ceqrnukt","previousOperationId":"38pt0ihr2d0v53a"}
{"type":"operationStart","subtype":"recipe","name":"chrome-pdf","timestamp":1705601779985,"id":"bn9iu7lsdxruxlf","previousEventId":"jmv7myeobf1hvkv","operationId":"p0aem8oocqr8nus","previousOperationId":"38pt0ihr2d0v53a"}
{"type":"log","timestamp":1705601779985,"level":"debug","message":"Executing recipe chrome-pdf","meta":{"rootId":"sk0eyl3boq4j63y","id":"sk0eyl3boq4j63y"},"id":"qu19mb0r8zcgbd0","previousOperationId":"p0aem8oocqr8nus"}
{"type":"log","timestamp":1705601779986,"level":"debug","message":"Converting with chrome HeadlessChrome/117.0.5938.149 using chrome-pool strategy","meta":{"rootId":"sk0eyl3boq4j63y","id":"sk0eyl3boq4j63y"},"id":"kyy4o6v1yoepytf","previousOperationId":"p0aem8oocqr8nus"}
{"type":"log","timestamp":1705601780065,"level":"debug","message":"Page request: GET (document) file:///C:/Users/DANIEL~1/AppData/Local/Temp/jsreport/autocleanup/a1854c81-1aa6-40db-8177-19f99cdc0e99-chrome-pdf.html","meta":{"rootId":"sk0eyl3boq4j63y","id":"sk0eyl3boq4j63y"},"id":"g2skplb5shkmawn","previousOperationId":"p0aem8oocqr8nus"}
{"type":"log","timestamp":1705601780086,"level":"debug","message":"Page request: GET (stylesheet) https://cdnjs.cloudflare.com/ajax/libs/metro/4.1.5/css/metro.min.css","meta":{"rootId":"sk0eyl3boq4j63y","id":"sk0eyl3boq4j63y"},"id":"8q77sdpukwqvnf1","previousOperationId":"p0aem8oocqr8nus"}
{"type":"log","timestamp":1705601780086,"level":"debug","message":"Page request: GET (script) https://cdn.jsdelivr.net/npm/chart.js","meta":{"rootId":"sk0eyl3boq4j63y","id":"sk0eyl3boq4j63y"},"id":"ggptd5mhxmeh160","previousOperationId":"p0aem8oocqr8nus"}
{"type":"log","timestamp":1705601780086,"level":"debug","message":"Page request finished: GET (document) 200 file:///C:/Users/DANIEL~1/AppData/Local/Temp/jsreport/autocleanup/a1854c81-1aa6-40db-8177-19f99cdc0e99-chrome-pdf.html","meta":{"rootId":"sk0eyl3boq4j63y","id":"sk0eyl3boq4j63y"},"id":"u6io3h4cjm93ps3","previousOperationId":"p0aem8oocqr8nus"}
{"type":"log","timestamp":1705601780090,"level":"debug","message":"Page request finished: GET (script) 200 https://cdn.jsdelivr.net/npm/chart.js","meta":{"rootId":"sk0eyl3boq4j63y","id":"sk0eyl3boq4j63y"},"id":"bc2xmk2bdcsdqoo","previousOperationId":"p0aem8oocqr8nus"}
{"type":"log","timestamp":1705601780099,"level":"debug","message":"Page request finished: GET (stylesheet) 200 https://cdnjs.cloudflare.com/ajax/libs/metro/4.1.5/css/metro.min.css","meta":{"rootId":"sk0eyl3boq4j63y","id":"sk0eyl3boq4j63y"},"id":"qmsc3lnklu6mft0","previousOperationId":"p0aem8oocqr8nus"}
{"type":"log","timestamp":1705601780102,"level":"warn","message":"Page error: Unexpected identifier 'Object' , stack: SyntaxError: Unexpected identifier 'Object'","meta":{"rootId":"sk0eyl3boq4j63y","id":"sk0eyl3boq4j63y"},"id":"ye06vj1sxkdui7s","previousOperationId":"p0aem8oocqr8nus"}
{"type":"log","timestamp":1705601780102,"level":"warn","message":"Page error: Unexpected identifier 'Object' , stack: SyntaxError: Unexpected identifier 'Object'","meta":{"rootId":"sk0eyl3boq4j63y","id":"sk0eyl3boq4j63y"},"id":"bbdti1vmnmymhnx","previousOperationId":"p0aem8oocqr8nus"}
{"type":"log","timestamp":1705601780124,"level":"debug","message":"Running chrome with params {\"printBackground\":true,\"marginTop\":\"4cm\",\"marginRight\":\"1.5cm\",\"marginBottom\":\"1.5cm\",\"marginLeft\":\"1.5cm\",\"waitForJS\":false,\"timeout\":59958,\"margin\":{\"top\":\"4cm\",\"right\":\"1.5cm\",\"bottom\":\"1.5cm\",\"left\":\"1.5cm\"}}","meta":{"rootId":"sk0eyl3boq4j63y","id":"sk0eyl3boq4j63y"},"id":"1u7mhznyzq82rin","previousOperationId":"p0aem8oocqr8nus"}
{"type":"operationEnd","operationId":"p0aem8oocqr8nus","timestamp":1705601780179,"id":"lil0tyhzybvcthk","previousEventId":"bn9iu7lsdxruxlf","previousOperationId":"p0aem8oocqr8nus"}
{"type":"log","timestamp":1705601780179,"level":"info","message":"pdf-utils is starting pdf processing","meta":{"rootId":"sk0eyl3boq4j63y","id":"sk0eyl3boq4j63y"},"id":"u374ui737ctoyks","previousOperationId":"p0aem8oocqr8nus"}
{"type":"operationStart","subtype":"pdfUtils","name":"pdf utils","timestamp":1705601780179,"id":"i03rnnpyz5xe58i","previousEventId":"lil0tyhzybvcthk","operationId":"396o5wpd0ccmx9k","previousOperationId":"p0aem8oocqr8nus"}
{"type":"log","timestamp":1705601780179,"level":"debug","message":"pdf-utils detected 1 pdf operation(s) to process","meta":{"rootId":"sk0eyl3boq4j63y","id":"sk0eyl3boq4j63y"},"id":"jpwz4v3pz12kp97","previousOperationId":"396o5wpd0ccmx9k"}
{"type":"log","timestamp":1705601780189,"level":"debug","message":"pdf-utils running pdf operation merge","meta":{"rootId":"sk0eyl3boq4j63y","id":"sk0eyl3boq4j63y"},"id":"d9bm1svg6t8j8rk","previousOperationId":"396o5wpd0ccmx9k"}
{"type":"operationStart","subtype":"pdfUtilsMerge","name":"pdf utils merge","previousOperationId":"396o5wpd0ccmx9k","timestamp":1705601780189,"id":"mgj1gl70fmoedx5","previousEventId":"i03rnnpyz5xe58i","operationId":"atbu8nm7lymcppp"}
{"type":"operationStart","subtype":"render","name":"orders-header","previousOperationId":"atbu8nm7lymcppp","timestamp":1705601780190,"id":"mpgjn2c3fnc1561","previousEventId":"mgj1gl70fmoedx5","operationId":"2nivlil7ysx23dx"}
{"type":"log","timestamp":1705601780190,"level":"info","message":"Starting rendering (child) request","meta":{"rootId":"sk0eyl3boq4j63y","id":"sun3mm4o0xjxrhu"},"id":"18wtjj039d7jliy","previousOperationId":"2nivlil7ysx23dx"}
{"type":"log","timestamp":1705601780190,"level":"info","message":"Rendering template { name: orders-header, recipe: chrome-pdf, engine: handlebars, preview: true }","meta":{"rootId":"sk0eyl3boq4j63y","id":"sun3mm4o0xjxrhu"},"id":"5vqn5sv85ald76r","previousOperationId":"2nivlil7ysx23dx"}
{"type":"log","timestamp":1705601780194,"level":"debug","message":"Inline data specified.","meta":{"rootId":"sk0eyl3boq4j63y","id":"sun3mm4o0xjxrhu"},"id":"5g00favfp6p2mhe","previousOperationId":"2nivlil7ysx23dx"}
{"type":"log","timestamp":1705601780195,"level":"debug","message":"Base url not specified, skipping its injection.","meta":{"rootId":"sk0eyl3boq4j63y","id":"sun3mm4o0xjxrhu"},"id":"dbw4gpbuvcfjib9","previousOperationId":"2nivlil7ysx23dx"}
{"type":"operationStart","subtype":"engine","name":"handlebars","timestamp":1705601780195,"id":"w97zyn5zhj0ory2","previousEventId":"mpgjn2c3fnc1561","operationId":"a1teu9x865rpzqc","previousOperationId":"2nivlil7ysx23dx"}
{"type":"log","timestamp":1705601780195,"level":"debug","message":"Rendering engine handlebars","meta":{"rootId":"sk0eyl3boq4j63y","id":"sun3mm4o0xjxrhu"},"id":"y72lc7o495u1zl5","previousOperationId":"a1teu9x865rpzqc"}
{"type":"operationEnd","operationId":"a1teu9x865rpzqc","timestamp":1705601780204,"id":"r8zwjydhmefat1d","previousEventId":"w97zyn5zhj0ory2","previousOperationId":"a1teu9x865rpzqc"}
{"type":"operationStart","subtype":"recipe","name":"chrome-pdf","timestamp":1705601780204,"id":"24e747bwnxizixm","previousEventId":"r8zwjydhmefat1d","operationId":"5i55z6m0gsdlept","previousOperationId":"a1teu9x865rpzqc"}
{"type":"log","timestamp":1705601780204,"level":"debug","message":"Executing recipe chrome-pdf","meta":{"rootId":"sk0eyl3boq4j63y","id":"sun3mm4o0xjxrhu"},"id":"7amb2g7xflkpmjd","previousOperationId":"5i55z6m0gsdlept"}
{"type":"log","timestamp":1705601780206,"level":"debug","message":"Converting with chrome HeadlessChrome/117.0.5938.149 using chrome-pool strategy","meta":{"rootId":"sk0eyl3boq4j63y","id":"sun3mm4o0xjxrhu"},"id":"ginnuwrtdlhz6xt","previousOperationId":"5i55z6m0gsdlept"}
{"type":"log","timestamp":1705601780271,"level":"debug","message":"Page request: GET (document) file:///C:/Users/DANIEL~1/AppData/Local/Temp/jsreport/autocleanup/99822775-197a-45fa-9aa7-6ab1e8b38ed2-chrome-pdf.html","meta":{"rootId":"sk0eyl3boq4j63y","id":"sun3mm4o0xjxrhu"},"id":"bfc3bo3kyffmppg","previousOperationId":"5i55z6m0gsdlept"}
{"type":"log","timestamp":1705601780278,"level":"debug","message":"Page request: GET (stylesheet) https://cdnjs.cloudflare.com/ajax/libs/metro/4.1.5/css/metro.min.css","meta":{"rootId":"sk0eyl3boq4j63y","id":"sun3mm4o0xjxrhu"},"id":"ati7allsmq7fym6","previousOperationId":"5i55z6m0gsdlept"}
{"type":"log","timestamp":1705601780278,"level":"debug","message":"Page request finished: GET (document) 200 file:///C:/Users/DANIEL~1/AppData/Local/Temp/jsreport/autocleanup/99822775-197a-45fa-9aa7-6ab1e8b38ed2-chrome-pdf.html","meta":{"rootId":"sk0eyl3boq4j63y","id":"sun3mm4o0xjxrhu"},"id":"8hd40csayqjobog","previousOperationId":"5i55z6m0gsdlept"}
{"type":"log","timestamp":1705601780289,"level":"debug","message":"Page request finished: GET (stylesheet) 200 https://cdnjs.cloudflare.com/ajax/libs/metro/4.1.5/css/metro.min.css","meta":{"rootId":"sk0eyl3boq4j63y","id":"sun3mm4o0xjxrhu"},"id":"g93ugfoj9ayoyxg","previousOperationId":"5i55z6m0gsdlept"}
{"type":"log","timestamp":1705601780302,"level":"debug","message":"Running chrome with params {\"printBackground\":true,\"marginTop\":\"1.5cm\",\"marginRight\":\"1.5cm\",\"marginLeft\":\"1.cm\",\"timeout\":59739,\"margin\":{\"top\":\"1.5cm\",\"right\":\"1.5cm\",\"left\":\"1.cm\"}}","meta":{"rootId":"sk0eyl3boq4j63y","id":"sun3mm4o0xjxrhu"},"id":"ux0bsehkeng7jbk","previousOperationId":"5i55z6m0gsdlept"}
{"type":"operationEnd","operationId":"5i55z6m0gsdlept","timestamp":1705601780331,"id":"0ecyft0nyu2eczu","previousEventId":"24e747bwnxizixm","previousOperationId":"5i55z6m0gsdlept"}
{"type":"log","timestamp":1705601780331,"level":"debug","message":"Skipping storing report.","meta":{"rootId":"sk0eyl3boq4j63y","id":"sun3mm4o0xjxrhu"},"id":"0dlq01mfmpzsv7q","previousOperationId":"5i55z6m0gsdlept"}
{"type":"log","timestamp":1705601780331,"level":"info","message":"Rendering (child) request finished in 387 ms","meta":{"rootId":"sk0eyl3boq4j63y","id":"sun3mm4o0xjxrhu"},"id":"uuvyj5y5m5d9udj","previousOperationId":"5i55z6m0gsdlept"}
{"type":"operationEnd","subtype":"render","operationId":"2nivlil7ysx23dx","timestamp":1705601780331,"id":"pp5ubviwouf27nf","previousEventId":"0ecyft0nyu2eczu","previousOperationId":"5i55z6m0gsdlept"}
{"type":"operationEnd","operationId":"atbu8nm7lymcppp","timestamp":1705601780339,"id":"lj65iv6fmtmo3ox","previousEventId":"mgj1gl70fmoedx5","previousOperationId":"atbu8nm7lymcppp"}
{"type":"log","timestamp":1705601780339,"level":"debug","message":"pdf-utils postproces start","meta":{"rootId":"sk0eyl3boq4j63y","id":"sk0eyl3boq4j63y"},"id":"66cap74enq0quxl","previousOperationId":"atbu8nm7lymcppp"}
{"type":"log","timestamp":1705601780347,"level":"debug","message":"pdf-utils postproces end","meta":{"rootId":"sk0eyl3boq4j63y","id":"sk0eyl3boq4j63y"},"id":"vp6z8kh55eqggm8","previousOperationId":"atbu8nm7lymcppp"}
{"type":"operationEnd","operationId":"396o5wpd0ccmx9k","timestamp":1705601780347,"id":"9i7bh9mq2ovx9o2","previousEventId":"lj65iv6fmtmo3ox","previousOperationId":"atbu8nm7lymcppp"}
{"type":"log","timestamp":1705601780347,"level":"info","message":"pdf-utils pdf processing was finished","meta":{"rootId":"sk0eyl3boq4j63y","id":"sk0eyl3boq4j63y"},"id":"ykvywr5ck7un6nj","previousOperationId":"396o5wpd0ccmx9k"}
{"type":"log","timestamp":1705601780347,"level":"debug","message":"Skipping storing report.","meta":{"rootId":"sk0eyl3boq4j63y","id":"sk0eyl3boq4j63y"},"id":"evsprnziuar4whz","previousOperationId":"396o5wpd0ccmx9k"}
{"type":"log","timestamp":1705601780347,"level":"info","message":"Rendering request 28 finished in 403 ms","meta":{"rootId":"sk0eyl3boq4j63y","id":"sk0eyl3boq4j63y"},"id":"qvidc9ek4n4cds3","previousOperationId":"396o5wpd0ccmx9k"}
{"type":"operationEnd","subtype":"render","operationId":"ni1juiwl84j3wzr","timestamp":1705601780347,"id":"kah05agcp9u274t","previousEventId":"9i7bh9mq2ovx9o2","previousOperationId":"396o5wpd0ccmx9k"}
{"type":"operationEnd","doDiffs":false,"previousEventId":"gtsaivu7b3gyuo5","previousOperationId":"ygajg4bxaqg6ogy","operationId":"ygajg4bxaqg6ogy","timestamp":1705601780354,"id":"aqwy0dhvm160mtl"}
