{"type":"operationStart","subtype":"profile","data":{"_id":"xvziQNn02UgKIbMc","timestamp":"2024-01-18T20:10:27.626Z","state":"queued","mode":"standard","creationDate":"2024-01-18T20:10:27.631Z","modificationDate":"2024-01-18T20:10:27.631Z","shortid":"bVFEy0g","$entitySet":"profiles"},"doDiffs":false,"timestamp":1705608627629,"id":"ewi8y1bwtwa31qw","previousOperationId":null,"operationId":"wxxv246zsbsf9e2"}
{"type":"log","level":"info","message":"Render request 6 queued for execution and waiting for available worker","previousOperationId":"wxxv246zsbsf9e2","timestamp":1705608627629,"id":"ju9847ncxas179v"}
{"type":"operationStart","subtype":"render","name":"orders-main","previousOperationId":"wxxv246zsbsf9e2","timestamp":1705608627646,"id":"i836fqwfaga69wm","previousEventId":"ewi8y1bwtwa31qw","operationId":"ye7dicgj6tmmdxl"}
{"type":"log","timestamp":1705608627647,"level":"info","message":"Starting rendering request 6","meta":{"rootId":"skqn4wdinxvpmj6","id":"skqn4wdinxvpmj6"},"id":"6u0j8h9jx5o4x0u","previousOperationId":"ye7dicgj6tmmdxl"}
{"type":"log","timestamp":1705608627647,"level":"info","message":"Rendering template { name: orders-main, recipe: chrome-pdf, engine: handlebars, preview: true }","meta":{"rootId":"skqn4wdinxvpmj6","id":"skqn4wdinxvpmj6"},"id":"2yczihfuo8ttp3a","previousOperationId":"ye7dicgj6tmmdxl"}
{"type":"log","timestamp":1705608627649,"level":"debug","message":"Data item not defined for this template.","meta":{"rootId":"skqn4wdinxvpmj6","id":"skqn4wdinxvpmj6"},"id":"dy6ifr49isicunw","previousOperationId":"ye7dicgj6tmmdxl"}
{"type":"log","timestamp":1705608627656,"level":"debug","message":"Executing script orders-script (beforeRender)","meta":{"rootId":"skqn4wdinxvpmj6","id":"skqn4wdinxvpmj6"},"id":"bde72o9wyvf7509","previousOperationId":"ye7dicgj6tmmdxl"}
{"type":"operationStart","subtype":"scriptsBeforeRender","name":"scripts beforeRender","timestamp":1705608627750,"id":"s5fyqaqk4j2krby","previousEventId":"i836fqwfaga69wm","operationId":"bdmtia8fooy0up7","previousOperationId":"ye7dicgj6tmmdxl"}
{"type":"operationStart","subtype":"script","name":"scripts orders-script","previousOperationId":"bdmtia8fooy0up7","timestamp":1705608627750,"id":"5jir49rhliqeqmz","previousEventId":"s5fyqaqk4j2krby","operationId":"rswncfn1olxlck7"}
{"type":"log","timestamp":1705608627786,"level":"debug","message":"(console:log) [ 'Race1', 'Race2' ]","meta":{"userLevel":true,"rootId":"skqn4wdinxvpmj6","id":"skqn4wdinxvpmj6"},"id":"d9ucdzswy3m7i61","previousOperationId":"rswncfn1olxlck7"}
{"type":"log","timestamp":1705608627786,"level":"debug","message":"(console:log) [ 2, 1 ]","meta":{"userLevel":true,"rootId":"skqn4wdinxvpmj6","id":"skqn4wdinxvpmj6"},"id":"kj032b98vj5tzo8","previousOperationId":"rswncfn1olxlck7"}
{"type":"operationEnd","operationId":"rswncfn1olxlck7","timestamp":1705608627788,"id":"ovp80lee4x2xvwy","previousEventId":"i836fqwfaga69wm","previousOperationId":"ye7dicgj6tmmdxl"}
{"type":"operationEnd","operationId":"bdmtia8fooy0up7","timestamp":1705608627788,"id":"bk1zhiyf5uix46s","previousEventId":"ovp80lee4x2xvwy","previousOperationId":"ye7dicgj6tmmdxl"}
{"type":"log","timestamp":1705608627788,"level":"debug","message":"Base url not specified, skipping its injection.","meta":{"rootId":"skqn4wdinxvpmj6","id":"skqn4wdinxvpmj6"},"id":"45h2j21t8citysu","previousOperationId":"bdmtia8fooy0up7"}
{"type":"operationStart","subtype":"engine","name":"handlebars","timestamp":1705608627788,"id":"rcd43onmbp6w4yf","previousEventId":"bk1zhiyf5uix46s","operationId":"qljihygs9j7tekg","previousOperationId":"bdmtia8fooy0up7"}
{"type":"log","timestamp":1705608627788,"level":"debug","message":"Rendering engine handlebars","meta":{"rootId":"skqn4wdinxvpmj6","id":"skqn4wdinxvpmj6"},"id":"xw3j0c13lu6jm0i","previousOperationId":"qljihygs9j7tekg"}
{"type":"log","timestamp":1705608627818,"level":"debug","message":"(console:log) Pdf utils adding group field, value: \"Race1\"","meta":{"userLevel":true,"rootId":"skqn4wdinxvpmj6","id":"skqn4wdinxvpmj6"},"id":"l1zuxqo2ph4bd0s","previousOperationId":"qljihygs9j7tekg"}
{"type":"log","timestamp":1705608627818,"level":"debug","message":"(console:log) Pdf utils adding group field, value: \"Race2\"","meta":{"userLevel":true,"rootId":"skqn4wdinxvpmj6","id":"skqn4wdinxvpmj6"},"id":"pld07zbz3tfuap0","previousOperationId":"qljihygs9j7tekg"}
{"type":"operationEnd","operationId":"qljihygs9j7tekg","timestamp":1705608627818,"id":"xyxrj6ehjn7hufj","previousEventId":"rcd43onmbp6w4yf","previousOperationId":"qljihygs9j7tekg"}
{"type":"operationStart","subtype":"recipe","name":"chrome-pdf","timestamp":1705608627819,"id":"476n057dfdfnop9","previousEventId":"xyxrj6ehjn7hufj","operationId":"jsbdi30gsfovjvw","previousOperationId":"qljihygs9j7tekg"}
{"type":"log","timestamp":1705608627819,"level":"debug","message":"Executing recipe chrome-pdf","meta":{"rootId":"skqn4wdinxvpmj6","id":"skqn4wdinxvpmj6"},"id":"gnladrj37leach2","previousOperationId":"jsbdi30gsfovjvw"}
{"type":"log","timestamp":1705608627825,"level":"debug","message":"Converting with chrome HeadlessChrome/117.0.5938.149 using chrome-pool strategy","meta":{"rootId":"skqn4wdinxvpmj6","id":"skqn4wdinxvpmj6"},"id":"b0p5kdn6zqibmmz","previousOperationId":"jsbdi30gsfovjvw"}
{"type":"log","timestamp":1705608627964,"level":"debug","message":"Page request: GET (document) file:///C:/Users/DANIEL~1/AppData/Local/Temp/jsreport/autocleanup/eec90c80-9967-4a5d-ad52-9074da3f5fab-chrome-pdf.html","meta":{"rootId":"skqn4wdinxvpmj6","id":"skqn4wdinxvpmj6"},"id":"gd3lv9bwswa29qc","previousOperationId":"jsbdi30gsfovjvw"}
{"type":"log","timestamp":1705608628004,"level":"debug","message":"Page request: GET (stylesheet) https://cdnjs.cloudflare.com/ajax/libs/metro/4.1.5/css/metro.min.css","meta":{"rootId":"skqn4wdinxvpmj6","id":"skqn4wdinxvpmj6"},"id":"vb7x9tkx6qfd6rl","previousOperationId":"jsbdi30gsfovjvw"}
{"type":"log","timestamp":1705608628005,"level":"debug","message":"Page request finished: GET (document) 200 file:///C:/Users/DANIEL~1/AppData/Local/Temp/jsreport/autocleanup/eec90c80-9967-4a5d-ad52-9074da3f5fab-chrome-pdf.html","meta":{"rootId":"skqn4wdinxvpmj6","id":"skqn4wdinxvpmj6"},"id":"ydy86js9mjue31a","previousOperationId":"jsbdi30gsfovjvw"}
{"type":"log","timestamp":1705608628005,"level":"debug","message":"Page request: GET (script) https://cdn.jsdelivr.net/npm/chart.js","meta":{"rootId":"skqn4wdinxvpmj6","id":"skqn4wdinxvpmj6"},"id":"5rrhkf612fro18t","previousOperationId":"jsbdi30gsfovjvw"}
{"type":"log","timestamp":1705608628041,"level":"debug","message":"Page request finished: GET (stylesheet) 200 https://cdnjs.cloudflare.com/ajax/libs/metro/4.1.5/css/metro.min.css","meta":{"rootId":"skqn4wdinxvpmj6","id":"skqn4wdinxvpmj6"},"id":"g4f0kzrnx3zxpdm","previousOperationId":"jsbdi30gsfovjvw"}
{"type":"log","timestamp":1705608628042,"level":"debug","message":"Page request finished: GET (script) 200 https://cdn.jsdelivr.net/npm/chart.js","meta":{"rootId":"skqn4wdinxvpmj6","id":"skqn4wdinxvpmj6"},"id":"0h8wpinjelhwtb5","previousOperationId":"jsbdi30gsfovjvw"}
{"type":"log","timestamp":1705608628196,"level":"debug","message":"Running chrome with params {\"printBackground\":true,\"marginTop\":\"4cm\",\"marginRight\":\"1.5cm\",\"marginBottom\":\"1.5cm\",\"marginLeft\":\"1.5cm\",\"waitForJS\":false,\"timeout\":59803,\"margin\":{\"top\":\"4cm\",\"right\":\"1.5cm\",\"bottom\":\"1.5cm\",\"left\":\"1.5cm\"}}","meta":{"rootId":"skqn4wdinxvpmj6","id":"skqn4wdinxvpmj6"},"id":"j6bntt9cp30g5s3","previousOperationId":"jsbdi30gsfovjvw"}
{"type":"operationEnd","operationId":"jsbdi30gsfovjvw","timestamp":1705608628294,"id":"tqw9z2lvdgjo90x","previousEventId":"476n057dfdfnop9","previousOperationId":"jsbdi30gsfovjvw"}
{"type":"log","timestamp":1705608628295,"level":"info","message":"pdf-utils is starting pdf processing","meta":{"rootId":"skqn4wdinxvpmj6","id":"skqn4wdinxvpmj6"},"id":"jk0x1udb6s2rbpk","previousOperationId":"jsbdi30gsfovjvw"}
{"type":"operationStart","subtype":"pdfUtils","name":"pdf utils","timestamp":1705608628295,"id":"au5c47fm9msdzut","previousEventId":"tqw9z2lvdgjo90x","operationId":"qsenyirqftmdh68","previousOperationId":"jsbdi30gsfovjvw"}
{"type":"log","timestamp":1705608628295,"level":"debug","message":"pdf-utils detected 1 pdf operation(s) to process","meta":{"rootId":"skqn4wdinxvpmj6","id":"skqn4wdinxvpmj6"},"id":"b8s48q53k6tf6lh","previousOperationId":"qsenyirqftmdh68"}
{"type":"log","timestamp":1705608628364,"level":"debug","message":"pdf-utils running pdf operation merge","meta":{"rootId":"skqn4wdinxvpmj6","id":"skqn4wdinxvpmj6"},"id":"mww44tnf0b7emy2","previousOperationId":"qsenyirqftmdh68"}
{"type":"operationStart","subtype":"pdfUtilsMerge","name":"pdf utils merge","previousOperationId":"qsenyirqftmdh68","timestamp":1705608628364,"id":"4a5uhhlowurrsal","previousEventId":"au5c47fm9msdzut","operationId":"aow67qitmwswe95"}
{"type":"operationStart","subtype":"render","name":"orders-header","previousOperationId":"aow67qitmwswe95","timestamp":1705608628366,"id":"8evxv78hlukuwk2","previousEventId":"4a5uhhlowurrsal","operationId":"3b7xorinhm4m46f"}
{"type":"log","timestamp":1705608628366,"level":"info","message":"Starting rendering (child) request","meta":{"rootId":"skqn4wdinxvpmj6","id":"u75ajpjil1g4utp"},"id":"ci2abouwuf10ulk","previousOperationId":"3b7xorinhm4m46f"}
{"type":"log","timestamp":1705608628366,"level":"info","message":"Rendering template { name: orders-header, recipe: chrome-pdf, engine: handlebars, preview: true }","meta":{"rootId":"skqn4wdinxvpmj6","id":"u75ajpjil1g4utp"},"id":"9aqbcaqyg4r1d6s","previousOperationId":"3b7xorinhm4m46f"}
{"type":"log","timestamp":1705608628367,"level":"debug","message":"Inline data specified.","meta":{"rootId":"skqn4wdinxvpmj6","id":"u75ajpjil1g4utp"},"id":"iytnh4ge0l5vd13","previousOperationId":"3b7xorinhm4m46f"}
{"type":"log","timestamp":1705608628372,"level":"debug","message":"Base url not specified, skipping its injection.","meta":{"rootId":"skqn4wdinxvpmj6","id":"u75ajpjil1g4utp"},"id":"lcq84f4zx2o5t8a","previousOperationId":"3b7xorinhm4m46f"}
{"type":"operationStart","subtype":"engine","name":"handlebars","timestamp":1705608628373,"id":"uzefmxgxd6bh53b","previousEventId":"8evxv78hlukuwk2","operationId":"ixawlf466id7mqj","previousOperationId":"3b7xorinhm4m46f"}
{"type":"log","timestamp":1705608628373,"level":"debug","message":"Rendering engine handlebars","meta":{"rootId":"skqn4wdinxvpmj6","id":"u75ajpjil1g4utp"},"id":"qkjzbatjhkbuszl","previousOperationId":"ixawlf466id7mqj"}
{"type":"operationEnd","operationId":"ixawlf466id7mqj","timestamp":1705608628412,"id":"3ip0igsayyva29m","previousEventId":"uzefmxgxd6bh53b","previousOperationId":"ixawlf466id7mqj"}
{"type":"operationStart","subtype":"recipe","name":"chrome-pdf","timestamp":1705608628413,"id":"53qmeg6bkn0cpq6","previousEventId":"3ip0igsayyva29m","operationId":"z9qmp8c3zz5lpep","previousOperationId":"ixawlf466id7mqj"}
{"type":"log","timestamp":1705608628413,"level":"debug","message":"Executing recipe chrome-pdf","meta":{"rootId":"skqn4wdinxvpmj6","id":"u75ajpjil1g4utp"},"id":"fu786gqosvsr2uy","previousOperationId":"z9qmp8c3zz5lpep"}
{"type":"log","timestamp":1705608628417,"level":"debug","message":"Converting with chrome HeadlessChrome/117.0.5938.149 using chrome-pool strategy","meta":{"rootId":"skqn4wdinxvpmj6","id":"u75ajpjil1g4utp"},"id":"eqi6ithfzd2eyil","previousOperationId":"z9qmp8c3zz5lpep"}
{"type":"log","timestamp":1705608628564,"level":"debug","message":"Page request: GET (document) file:///C:/Users/DANIEL~1/AppData/Local/Temp/jsreport/autocleanup/4ba4db98-bdd6-4406-b9be-3b187649123d-chrome-pdf.html","meta":{"rootId":"skqn4wdinxvpmj6","id":"u75ajpjil1g4utp"},"id":"hb1gyuvmtxjk7b1","previousOperationId":"z9qmp8c3zz5lpep"}
{"type":"log","timestamp":1705608628585,"level":"debug","message":"Page request: GET (stylesheet) https://cdnjs.cloudflare.com/ajax/libs/metro/4.1.5/css/metro.min.css","meta":{"rootId":"skqn4wdinxvpmj6","id":"u75ajpjil1g4utp"},"id":"i4cek30il5unfzg","previousOperationId":"z9qmp8c3zz5lpep"}
{"type":"log","timestamp":1705608628585,"level":"debug","message":"Page request finished: GET (document) 200 file:///C:/Users/DANIEL~1/AppData/Local/Temp/jsreport/autocleanup/4ba4db98-bdd6-4406-b9be-3b187649123d-chrome-pdf.html","meta":{"rootId":"skqn4wdinxvpmj6","id":"u75ajpjil1g4utp"},"id":"ppemp99qp9cug47","previousOperationId":"z9qmp8c3zz5lpep"}
{"type":"log","timestamp":1705608628606,"level":"debug","message":"Page request finished: GET (stylesheet) 200 https://cdnjs.cloudflare.com/ajax/libs/metro/4.1.5/css/metro.min.css","meta":{"rootId":"skqn4wdinxvpmj6","id":"u75ajpjil1g4utp"},"id":"54sgr7a0236f067","previousOperationId":"z9qmp8c3zz5lpep"}
{"type":"log","timestamp":1705608628623,"level":"debug","message":"Running chrome with params {\"printBackground\":true,\"marginTop\":\"1.5cm\",\"marginRight\":\"1.5cm\",\"marginLeft\":\"1.cm\",\"timeout\":59210,\"margin\":{\"top\":\"1.5cm\",\"right\":\"1.5cm\",\"left\":\"1.cm\"}}","meta":{"rootId":"skqn4wdinxvpmj6","id":"u75ajpjil1g4utp"},"id":"1oxuc340e8vme1w","previousOperationId":"z9qmp8c3zz5lpep"}
{"type":"operationEnd","operationId":"z9qmp8c3zz5lpep","timestamp":1705608628687,"id":"3t8gkyx1lsmukwb","previousEventId":"53qmeg6bkn0cpq6","previousOperationId":"z9qmp8c3zz5lpep"}
{"type":"log","timestamp":1705608628687,"level":"debug","message":"Skipping storing report.","meta":{"rootId":"skqn4wdinxvpmj6","id":"u75ajpjil1g4utp"},"id":"izj6i1ipjssdfc7","previousOperationId":"z9qmp8c3zz5lpep"}
{"type":"log","timestamp":1705608628687,"level":"info","message":"Rendering (child) request finished in 1061 ms","meta":{"rootId":"skqn4wdinxvpmj6","id":"u75ajpjil1g4utp"},"id":"eozok6i8vloep6o","previousOperationId":"z9qmp8c3zz5lpep"}
{"type":"operationEnd","subtype":"render","operationId":"3b7xorinhm4m46f","timestamp":1705608628687,"id":"ipi7u9koxf1445r","previousEventId":"3t8gkyx1lsmukwb","previousOperationId":"z9qmp8c3zz5lpep"}
{"type":"operationEnd","operationId":"aow67qitmwswe95","timestamp":1705608628721,"id":"ti0pvkp27i245mm","previousEventId":"4a5uhhlowurrsal","previousOperationId":"aow67qitmwswe95"}
{"type":"log","timestamp":1705608628721,"level":"debug","message":"pdf-utils postproces start","meta":{"rootId":"skqn4wdinxvpmj6","id":"skqn4wdinxvpmj6"},"id":"j1x4cdxlhlqjaoa","previousOperationId":"aow67qitmwswe95"}
{"type":"log","timestamp":1705608628739,"level":"debug","message":"pdf-utils postproces end","meta":{"rootId":"skqn4wdinxvpmj6","id":"skqn4wdinxvpmj6"},"id":"efrianzpfcixcx0","previousOperationId":"aow67qitmwswe95"}
{"type":"operationEnd","operationId":"qsenyirqftmdh68","timestamp":1705608628739,"id":"eka3pmorvlvfk9i","previousEventId":"ti0pvkp27i245mm","previousOperationId":"aow67qitmwswe95"}
{"type":"log","timestamp":1705608628739,"level":"info","message":"pdf-utils pdf processing was finished","meta":{"rootId":"skqn4wdinxvpmj6","id":"skqn4wdinxvpmj6"},"id":"n7myzzwd4v52lkl","previousOperationId":"qsenyirqftmdh68"}
{"type":"log","timestamp":1705608628739,"level":"debug","message":"Skipping storing report.","meta":{"rootId":"skqn4wdinxvpmj6","id":"skqn4wdinxvpmj6"},"id":"rhdyp8gqx10hqf1","previousOperationId":"qsenyirqftmdh68"}
{"type":"log","timestamp":1705608628739,"level":"info","message":"Rendering request 6 finished in 1113 ms","meta":{"rootId":"skqn4wdinxvpmj6","id":"skqn4wdinxvpmj6"},"id":"wcz0f2e1wqmthyz","previousOperationId":"qsenyirqftmdh68"}
{"type":"operationEnd","subtype":"render","operationId":"ye7dicgj6tmmdxl","timestamp":1705608628739,"id":"fk1q40wc628yjdv","previousEventId":"eka3pmorvlvfk9i","previousOperationId":"qsenyirqftmdh68"}
{"type":"operationEnd","doDiffs":false,"previousEventId":"ewi8y1bwtwa31qw","previousOperationId":"wxxv246zsbsf9e2","operationId":"wxxv246zsbsf9e2","timestamp":1705608628759,"id":"54fudd827ik659h"}
