{"type":"operationStart","subtype":"profile","data":{"_id":"e9cyy69dYEV13rxs","timestamp":"2024-01-18T18:28:03.357Z","state":"queued","mode":"standard","creationDate":"2024-01-18T18:28:03.359Z","modificationDate":"2024-01-18T18:28:03.359Z","shortid":"nDJ9XC1","$entitySet":"profiles"},"doDiffs":false,"timestamp":1705602483358,"id":"gspmdkctwcnwq1g","previousOperationId":null,"operationId":"wcyhcjdjkt3t84k"}
{"type":"log","level":"info","message":"Render request 3 queued for execution and waiting for available worker","previousOperationId":"wcyhcjdjkt3t84k","timestamp":1705602483358,"id":"dyo4zljwqi012jk"}
{"type":"operationStart","subtype":"render","name":"orders-main","previousOperationId":"wcyhcjdjkt3t84k","timestamp":1705602483365,"id":"eq1ma7pkopxea9t","previousEventId":"gspmdkctwcnwq1g","operationId":"xopvxcxrpygp5s2"}
{"type":"log","timestamp":1705602483366,"level":"info","message":"Starting rendering request 3","meta":{"rootId":"sr90mebsohmnjq0","id":"sr90mebsohmnjq0"},"id":"bk540jnm3otea1k","previousOperationId":"xopvxcxrpygp5s2"}
{"type":"log","timestamp":1705602483366,"level":"info","message":"Rendering template { name: orders-main, recipe: chrome-pdf, engine: handlebars, preview: true }","meta":{"rootId":"sr90mebsohmnjq0","id":"sr90mebsohmnjq0"},"id":"zemmpms071krzhr","previousOperationId":"xopvxcxrpygp5s2"}
{"type":"log","timestamp":1705602483367,"level":"debug","message":"Data item not defined for this template.","meta":{"rootId":"sr90mebsohmnjq0","id":"sr90mebsohmnjq0"},"id":"zhemtvjpshgr7lg","previousOperationId":"xopvxcxrpygp5s2"}
{"type":"log","timestamp":1705602483369,"level":"debug","message":"Executing script orders-script (beforeRender)","meta":{"rootId":"sr90mebsohmnjq0","id":"sr90mebsohmnjq0"},"id":"ohcns2pfxycodf2","previousOperationId":"xopvxcxrpygp5s2"}
{"type":"operationStart","subtype":"scriptsBeforeRender","name":"scripts beforeRender","timestamp":1705602483611,"id":"i6uk9y8wm5nqhsd","previousEventId":"eq1ma7pkopxea9t","operationId":"0gel2n8jmuxyitb","previousOperationId":"xopvxcxrpygp5s2"}
{"type":"operationStart","subtype":"script","name":"scripts orders-script","previousOperationId":"0gel2n8jmuxyitb","timestamp":1705602483612,"id":"tn78hycxsl8rjym","previousEventId":"i6uk9y8wm5nqhsd","operationId":"0fi0xzu8hsd3im0"}
{"type":"log","timestamp":1705602483635,"level":"debug","message":"(console:log) [ 'Race1', 'Race2' ]","meta":{"userLevel":true,"rootId":"sr90mebsohmnjq0","id":"sr90mebsohmnjq0"},"id":"esng99rcxqbuuop","previousOperationId":"0fi0xzu8hsd3im0"}
{"type":"log","timestamp":1705602483635,"level":"debug","message":"(console:log) [ 2, 1 ]","meta":{"userLevel":true,"rootId":"sr90mebsohmnjq0","id":"sr90mebsohmnjq0"},"id":"eu6mv2jf6ovyh9a","previousOperationId":"0fi0xzu8hsd3im0"}
{"type":"operationEnd","operationId":"0fi0xzu8hsd3im0","timestamp":1705602483641,"id":"l5yefdygu7cd5d8","previousEventId":"eq1ma7pkopxea9t","previousOperationId":"xopvxcxrpygp5s2"}
{"type":"operationEnd","operationId":"0gel2n8jmuxyitb","timestamp":1705602483641,"id":"2d7cqasx1e801cy","previousEventId":"l5yefdygu7cd5d8","previousOperationId":"xopvxcxrpygp5s2"}
{"type":"log","timestamp":1705602483641,"level":"debug","message":"Base url not specified, skipping its injection.","meta":{"rootId":"sr90mebsohmnjq0","id":"sr90mebsohmnjq0"},"id":"ofz3tgt77o3o69x","previousOperationId":"0gel2n8jmuxyitb"}
{"type":"operationStart","subtype":"engine","name":"handlebars","timestamp":1705602483642,"id":"6skscnkdjcf776y","previousEventId":"2d7cqasx1e801cy","operationId":"bkp3wzm5gxsob3u","previousOperationId":"0gel2n8jmuxyitb"}
{"type":"log","timestamp":1705602483642,"level":"debug","message":"Rendering engine handlebars","meta":{"rootId":"sr90mebsohmnjq0","id":"sr90mebsohmnjq0"},"id":"8177euq2we4k7cn","previousOperationId":"bkp3wzm5gxsob3u"}
{"type":"log","timestamp":1705602483851,"level":"debug","message":"(console:log) Pdf utils adding group field, value: \"Race1\"","meta":{"userLevel":true,"rootId":"sr90mebsohmnjq0","id":"sr90mebsohmnjq0"},"id":"672aqbkyroutnct","previousOperationId":"bkp3wzm5gxsob3u"}
{"type":"log","timestamp":1705602483852,"level":"debug","message":"(console:log) Pdf utils adding group field, value: \"Race2\"","meta":{"userLevel":true,"rootId":"sr90mebsohmnjq0","id":"sr90mebsohmnjq0"},"id":"89kd0qdyemvwygr","previousOperationId":"bkp3wzm5gxsob3u"}
{"type":"operationEnd","operationId":"bkp3wzm5gxsob3u","timestamp":1705602483852,"id":"y9g0zuh5tjyno0x","previousEventId":"6skscnkdjcf776y","previousOperationId":"bkp3wzm5gxsob3u"}
{"type":"operationStart","subtype":"recipe","name":"chrome-pdf","timestamp":1705602483852,"id":"rfcl122bd3a1ok6","previousEventId":"y9g0zuh5tjyno0x","operationId":"sgkabbwmbudjdec","previousOperationId":"bkp3wzm5gxsob3u"}
{"type":"log","timestamp":1705602483852,"level":"debug","message":"Executing recipe chrome-pdf","meta":{"rootId":"sr90mebsohmnjq0","id":"sr90mebsohmnjq0"},"id":"a66f4x8djwy2dui","previousOperationId":"sgkabbwmbudjdec"}
{"type":"log","timestamp":1705602484247,"level":"debug","message":"Converting with chrome HeadlessChrome/117.0.5938.149 using chrome-pool strategy","meta":{"rootId":"sr90mebsohmnjq0","id":"sr90mebsohmnjq0"},"id":"25wvrsossi66gjt","previousOperationId":"sgkabbwmbudjdec"}
{"type":"log","timestamp":1705602484510,"level":"debug","message":"(console:error) Error enviando el correo electrónico: Error: Invalid login: 535-5.7.8 Username and Password not accepted. For more information, go to\n535 5.7.8  https://support.google.com/mail/?p=BadCredentials g18-20020adff3d2000000b00337f722e5ccsm22840wrp.65 - gsmtp\n    at SMTPConnection._formatError (C:\\Users\\Daniel Mesa\\Desktop\\proyecto\\mitca\\jsreportapp\\node_modules\\nodemailer\\lib\\smtp-connection\\index.js:790:19)\n    at SMTPConnection._actionAUTHComplete (C:\\Users\\Daniel Mesa\\Desktop\\proyecto\\mitca\\jsreportapp\\node_modules\\nodemailer\\lib\\smtp-connection\\index.js:1564:34)\n    at SMTPConnection.<anonymous> (C:\\Users\\Daniel Mesa\\Desktop\\proyecto\\mitca\\jsreportapp\\node_modules\\nodemailer\\lib\\smtp-connection\\index.js:546:26)\n    at SMTPConnection._processResponse (C:\\Users\\Daniel Mesa\\Desktop\\proyecto\\mitca\\jsreportapp\\node_modules\\nodemailer\\lib\\smtp-connection\\index.js:969:20)\n    at SMTPConnection._onData (C:\\Users\\Daniel Mesa\\Desktop\\proyecto\\mitca\\jsreportapp\\node_modules\\nodemailer\\lib\\smtp-connection\\index.js:755:14)\n    at SMTPConnection._onSocketData (C:\\Users\\Daniel Mesa\\Desktop\\proyecto\\mitca\\jsreportapp\\node_modules\\nodemailer\\lib\\smtp-connection\\index.js:193:44)\n    at TLSSocket.emit (node:events:514:28)\n    at addChunk (node:internal/streams/readable:324:12)\n    at readableAddChunk (node:internal/streams/readable:297:9)\n    at Readable.push (node:internal/streams/readable:234:10) {\n  code: 'EAUTH',\n  response: '535-5.7.8 Username and Password not accepted. For more information, go to\\n' +\n    '535 5.7.8  https://support.google.com/mail/?p=BadCredentials g18-20020adff3d2000000b00337f722e5ccsm22840wrp.65 - gsmtp',\n  responseCode: 535,\n  command: 'AUTH PLAIN'\n}","meta":{"userLevel":true,"rootId":"sr90mebsohmnjq0","id":"sr90mebsohmnjq0"},"id":"ql0clis9glu6p7v","previousOperationId":"sgkabbwmbudjdec"}
{"type":"log","timestamp":1705602485564,"level":"debug","message":"Page request: GET (document) file:///C:/Users/DANIEL~1/AppData/Local/Temp/jsreport/autocleanup/deee842f-e6c4-483a-b98b-ab6fe2630e6b-chrome-pdf.html","meta":{"rootId":"sr90mebsohmnjq0","id":"sr90mebsohmnjq0"},"id":"9qbk91ekm6g9x47","previousOperationId":"sgkabbwmbudjdec"}
{"type":"log","timestamp":1705602485585,"level":"debug","message":"Page request: GET (stylesheet) https://cdnjs.cloudflare.com/ajax/libs/metro/4.1.5/css/metro.min.css","meta":{"rootId":"sr90mebsohmnjq0","id":"sr90mebsohmnjq0"},"id":"vwaej0qrtd6jyv5","previousOperationId":"sgkabbwmbudjdec"}
{"type":"log","timestamp":1705602485586,"level":"debug","message":"Page request: GET (script) https://cdn.jsdelivr.net/npm/chart.js","meta":{"rootId":"sr90mebsohmnjq0","id":"sr90mebsohmnjq0"},"id":"1pcqqtnlq5l24g9","previousOperationId":"sgkabbwmbudjdec"}
{"type":"log","timestamp":1705602485586,"level":"debug","message":"Page request finished: GET (document) 200 file:///C:/Users/DANIEL~1/AppData/Local/Temp/jsreport/autocleanup/deee842f-e6c4-483a-b98b-ab6fe2630e6b-chrome-pdf.html","meta":{"rootId":"sr90mebsohmnjq0","id":"sr90mebsohmnjq0"},"id":"7k5fhebr99yta63","previousOperationId":"sgkabbwmbudjdec"}
{"type":"log","timestamp":1705602485779,"level":"debug","message":"Page request finished: GET (stylesheet) 200 https://cdnjs.cloudflare.com/ajax/libs/metro/4.1.5/css/metro.min.css","meta":{"rootId":"sr90mebsohmnjq0","id":"sr90mebsohmnjq0"},"id":"nl8urucmdzlejr9","previousOperationId":"sgkabbwmbudjdec"}
{"type":"log","timestamp":1705602485854,"level":"debug","message":"Page request finished: GET (script) 200 https://cdn.jsdelivr.net/npm/chart.js","meta":{"rootId":"sr90mebsohmnjq0","id":"sr90mebsohmnjq0"},"id":"zutmv2e4goq2ccg","previousOperationId":"sgkabbwmbudjdec"}
{"type":"log","timestamp":1705602485858,"level":"warn","message":"Page error: Unexpected token ';' , stack: SyntaxError: Unexpected token ';'","meta":{"rootId":"sr90mebsohmnjq0","id":"sr90mebsohmnjq0"},"id":"apfznx8rrxxaxk3","previousOperationId":"sgkabbwmbudjdec"}
{"type":"log","timestamp":1705602485879,"level":"debug","message":"Running chrome with params {\"printBackground\":true,\"marginTop\":\"4cm\",\"marginRight\":\"1.5cm\",\"marginBottom\":\"1.5cm\",\"marginLeft\":\"1.5cm\",\"waitForJS\":false,\"timeout\":59229,\"margin\":{\"top\":\"4cm\",\"right\":\"1.5cm\",\"bottom\":\"1.5cm\",\"left\":\"1.5cm\"}}","meta":{"rootId":"sr90mebsohmnjq0","id":"sr90mebsohmnjq0"},"id":"9xipuis6qae44c1","previousOperationId":"sgkabbwmbudjdec"}
{"type":"operationEnd","operationId":"sgkabbwmbudjdec","timestamp":1705602485942,"id":"4mre29pp7ltwsvf","previousEventId":"rfcl122bd3a1ok6","previousOperationId":"sgkabbwmbudjdec"}
{"type":"log","timestamp":1705602485942,"level":"info","message":"pdf-utils is starting pdf processing","meta":{"rootId":"sr90mebsohmnjq0","id":"sr90mebsohmnjq0"},"id":"34mlgqu0sx8zraq","previousOperationId":"sgkabbwmbudjdec"}
{"type":"operationStart","subtype":"pdfUtils","name":"pdf utils","timestamp":1705602486088,"id":"iurjn0wyvqixb06","previousEventId":"4mre29pp7ltwsvf","operationId":"n29d2rf9lu1z5rd","previousOperationId":"sgkabbwmbudjdec"}
{"type":"log","timestamp":1705602486088,"level":"debug","message":"pdf-utils detected 1 pdf operation(s) to process","meta":{"rootId":"sr90mebsohmnjq0","id":"sr90mebsohmnjq0"},"id":"odcokbycv4nd6p3","previousOperationId":"n29d2rf9lu1z5rd"}
{"type":"log","timestamp":1705602486263,"level":"debug","message":"pdf-utils running pdf operation merge","meta":{"rootId":"sr90mebsohmnjq0","id":"sr90mebsohmnjq0"},"id":"1eud1ehlkl0x3g7","previousOperationId":"n29d2rf9lu1z5rd"}
{"type":"operationStart","subtype":"pdfUtilsMerge","name":"pdf utils merge","previousOperationId":"n29d2rf9lu1z5rd","timestamp":1705602486263,"id":"xccs72gjom00ofw","previousEventId":"iurjn0wyvqixb06","operationId":"haispjl5lp672pj"}
{"type":"operationStart","subtype":"render","name":"orders-header","previousOperationId":"haispjl5lp672pj","timestamp":1705602486265,"id":"0q5oenskjys2t2l","previousEventId":"xccs72gjom00ofw","operationId":"av6km6xjzz6ym75"}
{"type":"log","timestamp":1705602486265,"level":"info","message":"Starting rendering (child) request","meta":{"rootId":"sr90mebsohmnjq0","id":"p4vgskp2inn00cc"},"id":"43mtiejygfns28u","previousOperationId":"av6km6xjzz6ym75"}
{"type":"log","timestamp":1705602486265,"level":"info","message":"Rendering template { name: orders-header, recipe: chrome-pdf, engine: handlebars, preview: true }","meta":{"rootId":"sr90mebsohmnjq0","id":"p4vgskp2inn00cc"},"id":"zmv948b62yq1tez","previousOperationId":"av6km6xjzz6ym75"}
{"type":"log","timestamp":1705602486270,"level":"debug","message":"Inline data specified.","meta":{"rootId":"sr90mebsohmnjq0","id":"p4vgskp2inn00cc"},"id":"ogzuza665hvt53a","previousOperationId":"av6km6xjzz6ym75"}
{"type":"log","timestamp":1705602486271,"level":"debug","message":"Base url not specified, skipping its injection.","meta":{"rootId":"sr90mebsohmnjq0","id":"p4vgskp2inn00cc"},"id":"hk6gfbz9o8nxw0k","previousOperationId":"av6km6xjzz6ym75"}
{"type":"operationStart","subtype":"engine","name":"handlebars","timestamp":1705602486271,"id":"wi7jteni5qd4c6o","previousEventId":"0q5oenskjys2t2l","operationId":"qatmbxntlqhfq74","previousOperationId":"av6km6xjzz6ym75"}
{"type":"log","timestamp":1705602486271,"level":"debug","message":"Rendering engine handlebars","meta":{"rootId":"sr90mebsohmnjq0","id":"p4vgskp2inn00cc"},"id":"8mps4iakskehfz3","previousOperationId":"qatmbxntlqhfq74"}
{"type":"operationEnd","operationId":"qatmbxntlqhfq74","timestamp":1705602486290,"id":"oo8jtiifrnjwcu1","previousEventId":"wi7jteni5qd4c6o","previousOperationId":"qatmbxntlqhfq74"}
{"type":"operationStart","subtype":"recipe","name":"chrome-pdf","timestamp":1705602486290,"id":"fq6rnyhx7e4ulmo","previousEventId":"oo8jtiifrnjwcu1","operationId":"7z12loq2u1my2mo","previousOperationId":"qatmbxntlqhfq74"}
{"type":"log","timestamp":1705602486290,"level":"debug","message":"Executing recipe chrome-pdf","meta":{"rootId":"sr90mebsohmnjq0","id":"p4vgskp2inn00cc"},"id":"xvzrcpd03xxa8yw","previousOperationId":"7z12loq2u1my2mo"}
{"type":"log","timestamp":1705602486292,"level":"debug","message":"Converting with chrome HeadlessChrome/117.0.5938.149 using chrome-pool strategy","meta":{"rootId":"sr90mebsohmnjq0","id":"p4vgskp2inn00cc"},"id":"fb91fabxlb485nc","previousOperationId":"7z12loq2u1my2mo"}
{"type":"log","timestamp":1705602486354,"level":"debug","message":"Page request: GET (document) file:///C:/Users/DANIEL~1/AppData/Local/Temp/jsreport/autocleanup/0b8e2bdf-697d-479c-8852-56b58cd8304d-chrome-pdf.html","meta":{"rootId":"sr90mebsohmnjq0","id":"p4vgskp2inn00cc"},"id":"8xia87avb5su58f","previousOperationId":"7z12loq2u1my2mo"}
{"type":"log","timestamp":1705602486360,"level":"debug","message":"Page request: GET (stylesheet) https://cdnjs.cloudflare.com/ajax/libs/metro/4.1.5/css/metro.min.css","meta":{"rootId":"sr90mebsohmnjq0","id":"p4vgskp2inn00cc"},"id":"z2cjap9b9mmy6mb","previousOperationId":"7z12loq2u1my2mo"}
{"type":"log","timestamp":1705602486360,"level":"debug","message":"Page request finished: GET (document) 200 file:///C:/Users/DANIEL~1/AppData/Local/Temp/jsreport/autocleanup/0b8e2bdf-697d-479c-8852-56b58cd8304d-chrome-pdf.html","meta":{"rootId":"sr90mebsohmnjq0","id":"p4vgskp2inn00cc"},"id":"ep57qnup14wwxa5","previousOperationId":"7z12loq2u1my2mo"}
{"type":"log","timestamp":1705602486372,"level":"debug","message":"Page request finished: GET (stylesheet) 200 https://cdnjs.cloudflare.com/ajax/libs/metro/4.1.5/css/metro.min.css","meta":{"rootId":"sr90mebsohmnjq0","id":"p4vgskp2inn00cc"},"id":"anzxmxcueeef7pg","previousOperationId":"7z12loq2u1my2mo"}
{"type":"log","timestamp":1705602486385,"level":"debug","message":"Running chrome with params {\"printBackground\":true,\"marginTop\":\"1.5cm\",\"marginRight\":\"1.5cm\",\"marginLeft\":\"1.cm\",\"timeout\":57066,\"margin\":{\"top\":\"1.5cm\",\"right\":\"1.5cm\",\"left\":\"1.cm\"}}","meta":{"rootId":"sr90mebsohmnjq0","id":"p4vgskp2inn00cc"},"id":"dmtql38ln7yt96v","previousOperationId":"7z12loq2u1my2mo"}
{"type":"operationEnd","operationId":"7z12loq2u1my2mo","timestamp":1705602486412,"id":"uv82ghytmihor36","previousEventId":"fq6rnyhx7e4ulmo","previousOperationId":"7z12loq2u1my2mo"}
{"type":"log","timestamp":1705602486412,"level":"debug","message":"Skipping storing report.","meta":{"rootId":"sr90mebsohmnjq0","id":"p4vgskp2inn00cc"},"id":"v968amliwqbcf34","previousOperationId":"7z12loq2u1my2mo"}
{"type":"log","timestamp":1705602486412,"level":"info","message":"Rendering (child) request finished in 3055 ms","meta":{"rootId":"sr90mebsohmnjq0","id":"p4vgskp2inn00cc"},"id":"54219d6g6bo7gtr","previousOperationId":"7z12loq2u1my2mo"}
{"type":"operationEnd","subtype":"render","operationId":"av6km6xjzz6ym75","timestamp":1705602486413,"id":"zk3wyrq9fqis15s","previousEventId":"uv82ghytmihor36","previousOperationId":"7z12loq2u1my2mo"}
{"type":"operationEnd","operationId":"haispjl5lp672pj","timestamp":1705602486429,"id":"vewr4fpmbfn02b1","previousEventId":"xccs72gjom00ofw","previousOperationId":"haispjl5lp672pj"}
{"type":"log","timestamp":1705602486429,"level":"debug","message":"pdf-utils postproces start","meta":{"rootId":"sr90mebsohmnjq0","id":"sr90mebsohmnjq0"},"id":"mfevdkh5cp2ayjt","previousOperationId":"haispjl5lp672pj"}
{"type":"log","timestamp":1705602486444,"level":"debug","message":"pdf-utils postproces end","meta":{"rootId":"sr90mebsohmnjq0","id":"sr90mebsohmnjq0"},"id":"c9e2wh4u4068qou","previousOperationId":"haispjl5lp672pj"}
{"type":"operationEnd","operationId":"n29d2rf9lu1z5rd","timestamp":1705602486444,"id":"cf4eb2sjrjew4or","previousEventId":"vewr4fpmbfn02b1","previousOperationId":"haispjl5lp672pj"}
{"type":"log","timestamp":1705602486444,"level":"info","message":"pdf-utils pdf processing was finished","meta":{"rootId":"sr90mebsohmnjq0","id":"sr90mebsohmnjq0"},"id":"a39t2ctk5zuev3e","previousOperationId":"n29d2rf9lu1z5rd"}
{"type":"log","timestamp":1705602486444,"level":"debug","message":"Skipping storing report.","meta":{"rootId":"sr90mebsohmnjq0","id":"sr90mebsohmnjq0"},"id":"i87w0ihh6smzh7u","previousOperationId":"n29d2rf9lu1z5rd"}
{"type":"log","timestamp":1705602486444,"level":"info","message":"Rendering request 3 finished in 3087 ms","meta":{"rootId":"sr90mebsohmnjq0","id":"sr90mebsohmnjq0"},"id":"ruqaw8xxjl3cy24","previousOperationId":"n29d2rf9lu1z5rd"}
{"type":"operationEnd","subtype":"render","operationId":"xopvxcxrpygp5s2","timestamp":1705602486444,"id":"906cofogc7rh16q","previousEventId":"cf4eb2sjrjew4or","previousOperationId":"n29d2rf9lu1z5rd"}
{"type":"operationEnd","doDiffs":false,"previousEventId":"gspmdkctwcnwq1g","previousOperationId":"wcyhcjdjkt3t84k","operationId":"wcyhcjdjkt3t84k","timestamp":1705602486451,"id":"m4f28pajrzatti0"}
