{"type":"operationStart","subtype":"profile","data":{"_id":"JApUBGn5EmfXTYnH","timestamp":"2024-01-17T14:31:42.751Z","state":"queued","mode":"standard","creationDate":"2024-01-17T14:31:42.755Z","modificationDate":"2024-01-17T14:31:42.755Z","shortid":"dqiEBHq","$entitySet":"profiles"},"doDiffs":false,"timestamp":1705501902753,"id":"05q54lzo8oh7lhv","previousOperationId":null,"operationId":"f3i4jidn3uct5lx"}
{"type":"log","level":"info","message":"Render request 8 queued for execution and waiting for available worker","previousOperationId":"f3i4jidn3uct5lx","timestamp":1705501902753,"id":"lhiv3zpqea1k1gg"}
{"type":"operationStart","subtype":"render","name":"orders-main","previousOperationId":"f3i4jidn3uct5lx","timestamp":1705501902773,"id":"bl9q9taln4s9ixo","previousEventId":"05q54lzo8oh7lhv","operationId":"mr5awjwc7dg1op6"}
{"type":"log","timestamp":1705501902774,"level":"info","message":"Starting rendering request 8","meta":{"rootId":"sruqyilsrv6o4db","id":"sruqyilsrv6o4db"},"id":"zuf883yf6hs0m6e","previousOperationId":"mr5awjwc7dg1op6"}
{"type":"log","timestamp":1705501902775,"level":"info","message":"Rendering template { name: orders-main, recipe: chrome-pdf, engine: handlebars, preview: true }","meta":{"rootId":"sruqyilsrv6o4db","id":"sruqyilsrv6o4db"},"id":"ezso010sapy2dne","previousOperationId":"mr5awjwc7dg1op6"}
{"type":"log","timestamp":1705501902778,"level":"debug","message":"Data item not defined for this template.","meta":{"rootId":"sruqyilsrv6o4db","id":"sruqyilsrv6o4db"},"id":"2ajgt0008ox1hnl","previousOperationId":"mr5awjwc7dg1op6"}
{"type":"log","timestamp":1705501902785,"level":"debug","message":"Executing script orders-script (beforeRender)","meta":{"rootId":"sruqyilsrv6o4db","id":"sruqyilsrv6o4db"},"id":"ganqfprmj2o7jcs","previousOperationId":"mr5awjwc7dg1op6"}
{"type":"operationStart","subtype":"scriptsBeforeRender","name":"scripts beforeRender","timestamp":1705501903107,"id":"h7si8krkesti8hn","previousEventId":"bl9q9taln4s9ixo","operationId":"bf0zona34wn0xw4","previousOperationId":"mr5awjwc7dg1op6"}
{"type":"operationStart","subtype":"script","name":"scripts orders-script","previousOperationId":"bf0zona34wn0xw4","timestamp":1705501903107,"id":"5mk6v4pi1f52yp2","previousEventId":"h7si8krkesti8hn","operationId":"59sos9zw1mrhhcd"}
{"type":"operationEnd","operationId":"59sos9zw1mrhhcd","timestamp":1705501903159,"id":"ozwx54yayrvv8yd","previousEventId":"bl9q9taln4s9ixo","previousOperationId":"mr5awjwc7dg1op6"}
{"type":"operationEnd","operationId":"bf0zona34wn0xw4","timestamp":1705501903159,"id":"cxp3fdh1x7cl1c3","previousEventId":"ozwx54yayrvv8yd","previousOperationId":"mr5awjwc7dg1op6"}
{"type":"log","timestamp":1705501903159,"level":"debug","message":"Base url not specified, skipping its injection.","meta":{"rootId":"sruqyilsrv6o4db","id":"sruqyilsrv6o4db"},"id":"wrgb2f51ua16rbu","previousOperationId":"bf0zona34wn0xw4"}
{"type":"operationStart","subtype":"engine","name":"handlebars","timestamp":1705501903160,"id":"hx7q78qxc8hn84w","previousEventId":"cxp3fdh1x7cl1c3","operationId":"pcy0by5wv8t4dsz","previousOperationId":"bf0zona34wn0xw4"}
{"type":"log","timestamp":1705501903160,"level":"debug","message":"Rendering engine handlebars","meta":{"rootId":"sruqyilsrv6o4db","id":"sruqyilsrv6o4db"},"id":"1aeqg3whl5nuo6b","previousOperationId":"pcy0by5wv8t4dsz"}
{"type":"log","timestamp":1705501903519,"level":"debug","message":"(console:log) Pdf utils adding group field, value: \"Race1\"","meta":{"userLevel":true,"rootId":"sruqyilsrv6o4db","id":"sruqyilsrv6o4db"},"id":"l5f0f2gj1898fgm","previousOperationId":"pcy0by5wv8t4dsz"}
{"type":"log","timestamp":1705501903519,"level":"debug","message":"(console:log) Pdf utils adding group field, value: \"Race2\"","meta":{"userLevel":true,"rootId":"sruqyilsrv6o4db","id":"sruqyilsrv6o4db"},"id":"k7kxebzky2a93z2","previousOperationId":"pcy0by5wv8t4dsz"}
{"type":"log","timestamp":1705501903520,"level":"debug","message":"(console:log) Pdf utils adding group field, value: \"rgver\"","meta":{"userLevel":true,"rootId":"sruqyilsrv6o4db","id":"sruqyilsrv6o4db"},"id":"w723363dnm2nrkm","previousOperationId":"pcy0by5wv8t4dsz"}
{"type":"log","timestamp":1705501903520,"level":"debug","message":"(console:log) Pdf utils adding group field, value: \"revger\"","meta":{"userLevel":true,"rootId":"sruqyilsrv6o4db","id":"sruqyilsrv6o4db"},"id":"etmzwo3z3kimy0b","previousOperationId":"pcy0by5wv8t4dsz"}
{"type":"operationEnd","operationId":"pcy0by5wv8t4dsz","timestamp":1705501903520,"id":"o52r94gpdkeyw5s","previousEventId":"hx7q78qxc8hn84w","previousOperationId":"pcy0by5wv8t4dsz"}
{"type":"operationStart","subtype":"recipe","name":"chrome-pdf","timestamp":1705501903521,"id":"fwca9hl7x2zphko","previousEventId":"o52r94gpdkeyw5s","operationId":"riq5o0mqsdwfzw5","previousOperationId":"pcy0by5wv8t4dsz"}
{"type":"log","timestamp":1705501903521,"level":"debug","message":"Executing recipe chrome-pdf","meta":{"rootId":"sruqyilsrv6o4db","id":"sruqyilsrv6o4db"},"id":"7tzsi3up8bgnqks","previousOperationId":"riq5o0mqsdwfzw5"}
{"type":"log","timestamp":1705501904180,"level":"debug","message":"Converting with chrome HeadlessChrome/117.0.5938.149 using chrome-pool strategy","meta":{"rootId":"sruqyilsrv6o4db","id":"sruqyilsrv6o4db"},"id":"uvjoafm6kt15oi4","previousOperationId":"riq5o0mqsdwfzw5"}
{"type":"log","timestamp":1705501904332,"level":"debug","message":"Page request: GET (document) file:///C:/Users/DANIEL~1/AppData/Local/Temp/jsreport/autocleanup/d12e70e1-99a8-4163-afff-535536f96237-chrome-pdf.html","meta":{"rootId":"sruqyilsrv6o4db","id":"sruqyilsrv6o4db"},"id":"mvso6urg6xuw8q0","previousOperationId":"riq5o0mqsdwfzw5"}
{"type":"log","timestamp":1705501904410,"level":"debug","message":"Page request: GET (stylesheet) https://cdnjs.cloudflare.com/ajax/libs/metro/4.1.5/css/metro.min.css","meta":{"rootId":"sruqyilsrv6o4db","id":"sruqyilsrv6o4db"},"id":"uz86jb7czs01a2x","previousOperationId":"riq5o0mqsdwfzw5"}
{"type":"log","timestamp":1705501904410,"level":"debug","message":"Page request: GET (script) https://cdnjs.cloudflare.com/ajax/libs/Chart.js/2.7.2/Chart.min.js","meta":{"rootId":"sruqyilsrv6o4db","id":"sruqyilsrv6o4db"},"id":"eczfzy9l10n3efe","previousOperationId":"riq5o0mqsdwfzw5"}
{"type":"log","timestamp":1705501904411,"level":"debug","message":"Page request finished: GET (document) 200 file:///C:/Users/DANIEL~1/AppData/Local/Temp/jsreport/autocleanup/d12e70e1-99a8-4163-afff-535536f96237-chrome-pdf.html","meta":{"rootId":"sruqyilsrv6o4db","id":"sruqyilsrv6o4db"},"id":"de8qsy2i4psvz83","previousOperationId":"riq5o0mqsdwfzw5"}
{"type":"log","timestamp":1705501904630,"level":"debug","message":"Page request finished: GET (stylesheet) 200 https://cdnjs.cloudflare.com/ajax/libs/metro/4.1.5/css/metro.min.css","meta":{"rootId":"sruqyilsrv6o4db","id":"sruqyilsrv6o4db"},"id":"jw2kjj6ra1mqa3r","previousOperationId":"riq5o0mqsdwfzw5"}
{"type":"log","timestamp":1705501904631,"level":"debug","message":"Page request finished: GET (script) 200 https://cdnjs.cloudflare.com/ajax/libs/Chart.js/2.7.2/Chart.min.js","meta":{"rootId":"sruqyilsrv6o4db","id":"sruqyilsrv6o4db"},"id":"piexkso4ronpnp3","previousOperationId":"riq5o0mqsdwfzw5"}
{"type":"log","timestamp":1705501904641,"level":"warn","message":"Page error: \"undefined\" is not valid JSON\nJSON.parse (<anonymous>) , stack: SyntaxError: \"undefined\" is not valid JSON\nJSON.parse (<anonymous>)\n    at <anonymous> (file:///C:/Users/DANIEL~1/AppData/Local/Temp/jsreport/autocleanup/d12e70e1-99a8-4163-afff-535536f96237-chrome-pdf.html:40:29)","meta":{"rootId":"sruqyilsrv6o4db","id":"sruqyilsrv6o4db"},"id":"prdnf3djiv86sbh","previousOperationId":"riq5o0mqsdwfzw5"}
{"type":"log","timestamp":1705501904641,"level":"warn","message":"Page error: \"undefined\" is not valid JSON\nJSON.parse (<anonymous>) , stack: SyntaxError: \"undefined\" is not valid JSON\nJSON.parse (<anonymous>)\n    at <anonymous> (file:///C:/Users/DANIEL~1/AppData/Local/Temp/jsreport/autocleanup/d12e70e1-99a8-4163-afff-535536f96237-chrome-pdf.html:90:29)","meta":{"rootId":"sruqyilsrv6o4db","id":"sruqyilsrv6o4db"},"id":"aaz79s8zlg8plz7","previousOperationId":"riq5o0mqsdwfzw5"}
{"type":"log","timestamp":1705501904641,"level":"warn","message":"Page error: \"undefined\" is not valid JSON\nJSON.parse (<anonymous>) , stack: SyntaxError: \"undefined\" is not valid JSON\nJSON.parse (<anonymous>)\n    at <anonymous> (file:///C:/Users/DANIEL~1/AppData/Local/Temp/jsreport/autocleanup/d12e70e1-99a8-4163-afff-535536f96237-chrome-pdf.html:140:29)","meta":{"rootId":"sruqyilsrv6o4db","id":"sruqyilsrv6o4db"},"id":"vnh8wzdrvzr9i9e","previousOperationId":"riq5o0mqsdwfzw5"}
{"type":"log","timestamp":1705501904642,"level":"warn","message":"Page error: \"undefined\" is not valid JSON\nJSON.parse (<anonymous>) , stack: SyntaxError: \"undefined\" is not valid JSON\nJSON.parse (<anonymous>)\n    at <anonymous> (file:///C:/Users/DANIEL~1/AppData/Local/Temp/jsreport/autocleanup/d12e70e1-99a8-4163-afff-535536f96237-chrome-pdf.html:190:29)","meta":{"rootId":"sruqyilsrv6o4db","id":"sruqyilsrv6o4db"},"id":"stposornl0ewuzh","previousOperationId":"riq5o0mqsdwfzw5"}
{"type":"log","timestamp":1705501904669,"level":"debug","message":"Running chrome with params {\"printBackground\":true,\"marginTop\":\"4cm\",\"marginRight\":\"1.5cm\",\"marginBottom\":\"1.5cm\",\"marginLeft\":\"1.5cm\",\"waitForJS\":false,\"timeout\":58783,\"margin\":{\"top\":\"4cm\",\"right\":\"1.5cm\",\"bottom\":\"1.5cm\",\"left\":\"1.5cm\"}}","meta":{"rootId":"sruqyilsrv6o4db","id":"sruqyilsrv6o4db"},"id":"y1b2kcf2os6op3j","previousOperationId":"riq5o0mqsdwfzw5"}
{"type":"operationEnd","operationId":"riq5o0mqsdwfzw5","timestamp":1705501904739,"id":"x7b0r8vk271lam9","previousEventId":"fwca9hl7x2zphko","previousOperationId":"riq5o0mqsdwfzw5"}
{"type":"log","timestamp":1705501904740,"level":"info","message":"pdf-utils is starting pdf processing","meta":{"rootId":"sruqyilsrv6o4db","id":"sruqyilsrv6o4db"},"id":"i4fbw8jtirja5kw","previousOperationId":"riq5o0mqsdwfzw5"}
{"type":"operationStart","subtype":"pdfUtils","name":"pdf utils","timestamp":1705501904954,"id":"p2o8bwm53din6qk","previousEventId":"x7b0r8vk271lam9","operationId":"pffiz5mcyn44u7u","previousOperationId":"riq5o0mqsdwfzw5"}
{"type":"log","timestamp":1705501904954,"level":"debug","message":"pdf-utils detected 1 pdf operation(s) to process","meta":{"rootId":"sruqyilsrv6o4db","id":"sruqyilsrv6o4db"},"id":"ateuan6rxnhdfpb","previousOperationId":"pffiz5mcyn44u7u"}
{"type":"log","timestamp":1705501905194,"level":"debug","message":"pdf-utils running pdf operation merge","meta":{"rootId":"sruqyilsrv6o4db","id":"sruqyilsrv6o4db"},"id":"2elmijlqovtvqn2","previousOperationId":"pffiz5mcyn44u7u"}
{"type":"operationStart","subtype":"pdfUtilsMerge","name":"pdf utils merge","previousOperationId":"pffiz5mcyn44u7u","timestamp":1705501905194,"id":"g3rsyec7lqocb4d","previousEventId":"p2o8bwm53din6qk","operationId":"ckq919hi50p2ksr"}
{"type":"operationStart","subtype":"render","name":"orders-header","previousOperationId":"ckq919hi50p2ksr","timestamp":1705501905196,"id":"cuqgei62uv2h6wu","previousEventId":"g3rsyec7lqocb4d","operationId":"dd6plik46oepymz"}
{"type":"log","timestamp":1705501905197,"level":"info","message":"Starting rendering (child) request","meta":{"rootId":"sruqyilsrv6o4db","id":"w1bm30uw2kwmmh3"},"id":"x5o9g7ywf6u6uld","previousOperationId":"dd6plik46oepymz"}
{"type":"log","timestamp":1705501905197,"level":"info","message":"Rendering template { name: orders-header, recipe: chrome-pdf, engine: handlebars, preview: true }","meta":{"rootId":"sruqyilsrv6o4db","id":"w1bm30uw2kwmmh3"},"id":"n1u0m4c0a6lr0pl","previousOperationId":"dd6plik46oepymz"}
{"type":"log","timestamp":1705501905208,"level":"debug","message":"Inline data specified.","meta":{"rootId":"sruqyilsrv6o4db","id":"w1bm30uw2kwmmh3"},"id":"pxnet67rljnqv3c","previousOperationId":"dd6plik46oepymz"}
{"type":"log","timestamp":1705501905212,"level":"debug","message":"Base url not specified, skipping its injection.","meta":{"rootId":"sruqyilsrv6o4db","id":"w1bm30uw2kwmmh3"},"id":"3u2c8flvjnullu3","previousOperationId":"dd6plik46oepymz"}
{"type":"operationStart","subtype":"engine","name":"handlebars","timestamp":1705501905212,"id":"s2p44fy2k7n92tx","previousEventId":"cuqgei62uv2h6wu","operationId":"snv2z2u6o6tz0fw","previousOperationId":"dd6plik46oepymz"}
{"type":"log","timestamp":1705501905212,"level":"debug","message":"Rendering engine handlebars","meta":{"rootId":"sruqyilsrv6o4db","id":"w1bm30uw2kwmmh3"},"id":"mq521mkpy0woi2f","previousOperationId":"snv2z2u6o6tz0fw"}
{"type":"operationEnd","operationId":"snv2z2u6o6tz0fw","timestamp":1705501905259,"id":"k6wpikz8eja1leo","previousEventId":"s2p44fy2k7n92tx","previousOperationId":"snv2z2u6o6tz0fw"}
{"type":"operationStart","subtype":"recipe","name":"chrome-pdf","timestamp":1705501905260,"id":"qc10m7n0i5tdfqi","previousEventId":"k6wpikz8eja1leo","operationId":"ekjn27r0pyqx60s","previousOperationId":"snv2z2u6o6tz0fw"}
{"type":"log","timestamp":1705501905260,"level":"debug","message":"Executing recipe chrome-pdf","meta":{"rootId":"sruqyilsrv6o4db","id":"w1bm30uw2kwmmh3"},"id":"gqqaz3esohl4kxg","previousOperationId":"ekjn27r0pyqx60s"}
{"type":"log","timestamp":1705501905265,"level":"debug","message":"Converting with chrome HeadlessChrome/117.0.5938.149 using chrome-pool strategy","meta":{"rootId":"sruqyilsrv6o4db","id":"w1bm30uw2kwmmh3"},"id":"c78myso2r5tjs21","previousOperationId":"ekjn27r0pyqx60s"}
{"type":"log","timestamp":1705501905385,"level":"debug","message":"Page request: GET (document) file:///C:/Users/DANIEL~1/AppData/Local/Temp/jsreport/autocleanup/86ecdcbe-804b-4b71-97ab-0c45bfe4d42c-chrome-pdf.html","meta":{"rootId":"sruqyilsrv6o4db","id":"w1bm30uw2kwmmh3"},"id":"bsbnwxpboqfyg62","previousOperationId":"ekjn27r0pyqx60s"}
{"type":"log","timestamp":1705501905400,"level":"debug","message":"Page request finished: GET (document) 200 file:///C:/Users/DANIEL~1/AppData/Local/Temp/jsreport/autocleanup/86ecdcbe-804b-4b71-97ab-0c45bfe4d42c-chrome-pdf.html","meta":{"rootId":"sruqyilsrv6o4db","id":"w1bm30uw2kwmmh3"},"id":"ng19i84c8ryngo4","previousOperationId":"ekjn27r0pyqx60s"}
{"type":"log","timestamp":1705501905401,"level":"debug","message":"Page request: GET (stylesheet) https://cdnjs.cloudflare.com/ajax/libs/metro/4.1.5/css/metro.min.css","meta":{"rootId":"sruqyilsrv6o4db","id":"w1bm30uw2kwmmh3"},"id":"lqw3x5sq0gk8stg","previousOperationId":"ekjn27r0pyqx60s"}
{"type":"log","timestamp":1705501905426,"level":"debug","message":"Page request finished: GET (stylesheet) 200 https://cdnjs.cloudflare.com/ajax/libs/metro/4.1.5/css/metro.min.css","meta":{"rootId":"sruqyilsrv6o4db","id":"w1bm30uw2kwmmh3"},"id":"7o9duytg4q9z7e1","previousOperationId":"ekjn27r0pyqx60s"}
{"type":"log","timestamp":1705501905451,"level":"debug","message":"Running chrome with params {\"printBackground\":true,\"marginTop\":\"1.5cm\",\"marginRight\":\"1.5cm\",\"marginLeft\":\"1.cm\",\"timeout\":57487,\"margin\":{\"top\":\"1.5cm\",\"right\":\"1.5cm\",\"left\":\"1.cm\"}}","meta":{"rootId":"sruqyilsrv6o4db","id":"w1bm30uw2kwmmh3"},"id":"3x2t9th4mawyemi","previousOperationId":"ekjn27r0pyqx60s"}
{"type":"operationEnd","operationId":"ekjn27r0pyqx60s","timestamp":1705501905499,"id":"fprhl7jr7dur6ok","previousEventId":"qc10m7n0i5tdfqi","previousOperationId":"ekjn27r0pyqx60s"}
{"type":"log","timestamp":1705501905500,"level":"debug","message":"Skipping storing report.","meta":{"rootId":"sruqyilsrv6o4db","id":"w1bm30uw2kwmmh3"},"id":"b8piye6k5bh60kw","previousOperationId":"ekjn27r0pyqx60s"}
{"type":"log","timestamp":1705501905500,"level":"info","message":"Rendering (child) request finished in 2749 ms","meta":{"rootId":"sruqyilsrv6o4db","id":"w1bm30uw2kwmmh3"},"id":"16sb60it4354vmg","previousOperationId":"ekjn27r0pyqx60s"}
{"type":"operationEnd","subtype":"render","operationId":"dd6plik46oepymz","timestamp":1705501905500,"id":"d822z8ljj5s5uxb","previousEventId":"fprhl7jr7dur6ok","previousOperationId":"ekjn27r0pyqx60s"}
{"type":"operationEnd","operationId":"ckq919hi50p2ksr","timestamp":1705501905524,"id":"6hblfn7136x329u","previousEventId":"g3rsyec7lqocb4d","previousOperationId":"ckq919hi50p2ksr"}
{"type":"log","timestamp":1705501905524,"level":"debug","message":"pdf-utils postproces start","meta":{"rootId":"sruqyilsrv6o4db","id":"sruqyilsrv6o4db"},"id":"wfy0jvl5e8h9wjs","previousOperationId":"ckq919hi50p2ksr"}
{"type":"log","timestamp":1705501905549,"level":"debug","message":"pdf-utils postproces end","meta":{"rootId":"sruqyilsrv6o4db","id":"sruqyilsrv6o4db"},"id":"dp0ctanfzuz2qsv","previousOperationId":"ckq919hi50p2ksr"}
{"type":"operationEnd","operationId":"pffiz5mcyn44u7u","timestamp":1705501905549,"id":"hsuxkfvp1bkk73a","previousEventId":"6hblfn7136x329u","previousOperationId":"ckq919hi50p2ksr"}
{"type":"log","timestamp":1705501905549,"level":"info","message":"pdf-utils pdf processing was finished","meta":{"rootId":"sruqyilsrv6o4db","id":"sruqyilsrv6o4db"},"id":"2eq2x8md9n1ckoo","previousOperationId":"pffiz5mcyn44u7u"}
{"type":"log","timestamp":1705501905549,"level":"debug","message":"Skipping storing report.","meta":{"rootId":"sruqyilsrv6o4db","id":"sruqyilsrv6o4db"},"id":"my3ut8m184oatwl","previousOperationId":"pffiz5mcyn44u7u"}
{"type":"log","timestamp":1705501905549,"level":"info","message":"Rendering request 8 finished in 2798 ms","meta":{"rootId":"sruqyilsrv6o4db","id":"sruqyilsrv6o4db"},"id":"3p1wmq6kk7mdomm","previousOperationId":"pffiz5mcyn44u7u"}
{"type":"operationEnd","subtype":"render","operationId":"mr5awjwc7dg1op6","timestamp":1705501905549,"id":"70n3spegeg6ly4z","previousEventId":"hsuxkfvp1bkk73a","previousOperationId":"pffiz5mcyn44u7u"}
{"type":"operationEnd","doDiffs":false,"previousEventId":"05q54lzo8oh7lhv","previousOperationId":"f3i4jidn3uct5lx","operationId":"f3i4jidn3uct5lx","timestamp":1705501905578,"id":"ibuznctcinkoyw7"}
