{"type":"operationStart","subtype":"profile","data":{"_id":"SCJ4xybBwhzHlFxl","timestamp":"2024-01-19T17:02:37.479Z","state":"queued","mode":"standard","creationDate":"2024-01-19T17:02:37.481Z","modificationDate":"2024-01-19T17:02:37.481Z","shortid":"LBpPHk6","$entitySet":"profiles"},"doDiffs":false,"timestamp":1705683757479,"id":"jhywq0c91218cow","previousOperationId":null,"operationId":"i8rxev0v0ndhhg6"}
{"type":"log","level":"info","message":"Render request 11 queued for execution and waiting for available worker","previousOperationId":"i8rxev0v0ndhhg6","timestamp":1705683757480,"id":"magl6uflnd1iqe0"}
{"type":"operationStart","subtype":"render","name":"orders-main","previousOperationId":"i8rxev0v0ndhhg6","timestamp":1705683757487,"id":"hemf7nyqzr6sf39","previousEventId":"jhywq0c91218cow","operationId":"m05olj3viyoy1r0"}
{"type":"log","timestamp":1705683757487,"level":"info","message":"Starting rendering request 11","meta":{"rootId":"szapg8say70o5si","id":"szapg8say70o5si"},"id":"49m7xqg7foh305f","previousOperationId":"m05olj3viyoy1r0"}
{"type":"log","timestamp":1705683757488,"level":"info","message":"Rendering template { name: orders-main, recipe: chrome-pdf, engine: handlebars, preview: true }","meta":{"rootId":"szapg8say70o5si","id":"szapg8say70o5si"},"id":"ixtlz1yitrtrb4p","previousOperationId":"m05olj3viyoy1r0"}
{"type":"log","timestamp":1705683757488,"level":"debug","message":"Data item not defined for this template.","meta":{"rootId":"szapg8say70o5si","id":"szapg8say70o5si"},"id":"jfm8c1b43xqedrj","previousOperationId":"m05olj3viyoy1r0"}
{"type":"log","timestamp":1705683757489,"level":"debug","message":"Executing script orders-script (beforeRender)","meta":{"rootId":"szapg8say70o5si","id":"szapg8say70o5si"},"id":"qg6nfvm2f4r94o3","previousOperationId":"m05olj3viyoy1r0"}
{"type":"operationStart","subtype":"scriptsBeforeRender","name":"scripts beforeRender","timestamp":1705683757515,"id":"5j5260ajpotmdzj","previousEventId":"hemf7nyqzr6sf39","operationId":"445axhh90rqm4gl","previousOperationId":"m05olj3viyoy1r0"}
{"type":"operationStart","subtype":"script","name":"scripts orders-script","previousOperationId":"445axhh90rqm4gl","timestamp":1705683757515,"id":"oykiuowscszy815","previousEventId":"5j5260ajpotmdzj","operationId":"u1o7holqe9bv87s"}
{"type":"log","timestamp":1705683757533,"level":"debug","message":"(console:log) [ 'Race1', 'Race2' ]","meta":{"userLevel":true,"rootId":"szapg8say70o5si","id":"szapg8say70o5si"},"id":"riaf6yf6t2i22l6","previousOperationId":"u1o7holqe9bv87s"}
{"type":"log","timestamp":1705683757533,"level":"debug","message":"(console:log) [ 2, 1 ]","meta":{"userLevel":true,"rootId":"szapg8say70o5si","id":"szapg8say70o5si"},"id":"4h2hb3yxx0e4x4b","previousOperationId":"u1o7holqe9bv87s"}
{"type":"operationEnd","operationId":"u1o7holqe9bv87s","timestamp":1705683757533,"id":"e95wqnmiur3m2c3","previousEventId":"hemf7nyqzr6sf39","previousOperationId":"m05olj3viyoy1r0"}
{"type":"operationEnd","operationId":"445axhh90rqm4gl","timestamp":1705683757533,"id":"ay13fd6nyqxdpjs","previousEventId":"e95wqnmiur3m2c3","previousOperationId":"m05olj3viyoy1r0"}
{"type":"log","timestamp":1705683757533,"level":"debug","message":"Base url not specified, skipping its injection.","meta":{"rootId":"szapg8say70o5si","id":"szapg8say70o5si"},"id":"97knhes8bylimwx","previousOperationId":"445axhh90rqm4gl"}
{"type":"operationStart","subtype":"engine","name":"handlebars","timestamp":1705683757534,"id":"461pynpe8ugoy0t","previousEventId":"ay13fd6nyqxdpjs","operationId":"mgs8beb7qcx7lxu","previousOperationId":"445axhh90rqm4gl"}
{"type":"log","timestamp":1705683757534,"level":"debug","message":"Rendering engine handlebars","meta":{"rootId":"szapg8say70o5si","id":"szapg8say70o5si"},"id":"lk8uo70nsubbxyh","previousOperationId":"mgs8beb7qcx7lxu"}
{"type":"log","timestamp":1705683757551,"level":"debug","message":"(console:log) Pdf utils adding group field, value: \"Race1\"","meta":{"userLevel":true,"rootId":"szapg8say70o5si","id":"szapg8say70o5si"},"id":"t70kpjb7r1qkb7l","previousOperationId":"mgs8beb7qcx7lxu"}
{"type":"log","timestamp":1705683757551,"level":"debug","message":"(console:log) Pdf utils adding group field, value: \"Race2\"","meta":{"userLevel":true,"rootId":"szapg8say70o5si","id":"szapg8say70o5si"},"id":"lii0poegni5egda","previousOperationId":"mgs8beb7qcx7lxu"}
{"type":"operationEnd","operationId":"mgs8beb7qcx7lxu","timestamp":1705683757551,"id":"0jzj8qc28qevybn","previousEventId":"461pynpe8ugoy0t","previousOperationId":"mgs8beb7qcx7lxu"}
{"type":"operationStart","subtype":"recipe","name":"chrome-pdf","timestamp":1705683757551,"id":"g5twu2q998og1hx","previousEventId":"0jzj8qc28qevybn","operationId":"ye238lo07arn18y","previousOperationId":"mgs8beb7qcx7lxu"}
{"type":"log","timestamp":1705683757551,"level":"debug","message":"Executing recipe chrome-pdf","meta":{"rootId":"szapg8say70o5si","id":"szapg8say70o5si"},"id":"h99hr8hdkkdkk23","previousOperationId":"ye238lo07arn18y"}
{"type":"log","timestamp":1705683757669,"level":"debug","message":"Converting with chrome HeadlessChrome/117.0.5938.149 using chrome-pool strategy","meta":{"rootId":"szapg8say70o5si","id":"szapg8say70o5si"},"id":"5vkzyiw6fwgvj0u","previousOperationId":"ye238lo07arn18y"}
{"type":"log","timestamp":1705683759018,"level":"debug","message":"Page request: GET (document) file:///C:/Users/DANIEL~1/AppData/Local/Temp/jsreport/autocleanup/7fe72cf8-4f4a-41c6-bd0b-fcb97b9493ea-chrome-pdf.html","meta":{"rootId":"szapg8say70o5si","id":"szapg8say70o5si"},"id":"jvitfzgoztko7ov","previousOperationId":"ye238lo07arn18y"}
{"type":"log","timestamp":1705683759036,"level":"debug","message":"Page request: GET (stylesheet) https://cdnjs.cloudflare.com/ajax/libs/metro/4.1.5/css/metro.min.css","meta":{"rootId":"szapg8say70o5si","id":"szapg8say70o5si"},"id":"h887qf0t6916ies","previousOperationId":"ye238lo07arn18y"}
{"type":"log","timestamp":1705683759037,"level":"debug","message":"Page request finished: GET (document) 200 file:///C:/Users/DANIEL~1/AppData/Local/Temp/jsreport/autocleanup/7fe72cf8-4f4a-41c6-bd0b-fcb97b9493ea-chrome-pdf.html","meta":{"rootId":"szapg8say70o5si","id":"szapg8say70o5si"},"id":"6ffd2d1hei54vej","previousOperationId":"ye238lo07arn18y"}
{"type":"log","timestamp":1705683759037,"level":"debug","message":"Page request: GET (script) https://cdn.jsdelivr.net/npm/chart.js","meta":{"rootId":"szapg8say70o5si","id":"szapg8say70o5si"},"id":"zambd5ek2kzsbbk","previousOperationId":"ye238lo07arn18y"}
{"type":"log","timestamp":1705683759251,"level":"debug","message":"Page request finished: GET (stylesheet) 200 https://cdnjs.cloudflare.com/ajax/libs/metro/4.1.5/css/metro.min.css","meta":{"rootId":"szapg8say70o5si","id":"szapg8say70o5si"},"id":"yk8fy1vqoqj8o36","previousOperationId":"ye238lo07arn18y"}
{"type":"log","timestamp":1705683759317,"level":"debug","message":"Page request finished: GET (script) 200 https://cdn.jsdelivr.net/npm/chart.js","meta":{"rootId":"szapg8say70o5si","id":"szapg8say70o5si"},"id":"ccr79aerab2i72f","previousOperationId":"ye238lo07arn18y"}
{"type":"log","timestamp":1705683759379,"level":"debug","message":"Running chrome with params {\"printBackground\":true,\"marginTop\":\"4cm\",\"marginRight\":\"1.5cm\",\"marginBottom\":\"1.5cm\",\"marginLeft\":\"1.5cm\",\"waitForJS\":false,\"timeout\":59924,\"margin\":{\"top\":\"4cm\",\"right\":\"1.5cm\",\"bottom\":\"1.5cm\",\"left\":\"1.5cm\"}}","meta":{"rootId":"szapg8say70o5si","id":"szapg8say70o5si"},"id":"uuwzgxs85o0i5h9","previousOperationId":"ye238lo07arn18y"}
{"type":"operationEnd","operationId":"ye238lo07arn18y","timestamp":1705683759442,"id":"0gdbhf4po183nhc","previousEventId":"g5twu2q998og1hx","previousOperationId":"ye238lo07arn18y"}
{"type":"log","timestamp":1705683759442,"level":"info","message":"pdf-utils is starting pdf processing","meta":{"rootId":"szapg8say70o5si","id":"szapg8say70o5si"},"id":"yhx7pdczm2bi1st","previousOperationId":"ye238lo07arn18y"}
{"type":"operationStart","subtype":"pdfUtils","name":"pdf utils","timestamp":1705683759442,"id":"l5pzzay20iwvbyl","previousEventId":"0gdbhf4po183nhc","operationId":"l3sy7zhlvpm98ls","previousOperationId":"ye238lo07arn18y"}
{"type":"log","timestamp":1705683759442,"level":"debug","message":"pdf-utils detected 1 pdf operation(s) to process","meta":{"rootId":"szapg8say70o5si","id":"szapg8say70o5si"},"id":"0zpn6z8ernqx3ca","previousOperationId":"l3sy7zhlvpm98ls"}
{"type":"log","timestamp":1705683759459,"level":"debug","message":"pdf-utils running pdf operation merge","meta":{"rootId":"szapg8say70o5si","id":"szapg8say70o5si"},"id":"bd7wxtbw865srlw","previousOperationId":"l3sy7zhlvpm98ls"}
{"type":"operationStart","subtype":"pdfUtilsMerge","name":"pdf utils merge","previousOperationId":"l3sy7zhlvpm98ls","timestamp":1705683759459,"id":"6ikcki69dlkpisd","previousEventId":"l5pzzay20iwvbyl","operationId":"5heoy7oypw10dki"}
{"type":"operationStart","subtype":"render","name":"orders-header","previousOperationId":"5heoy7oypw10dki","timestamp":1705683759460,"id":"gtaro746zf5w2qi","previousEventId":"6ikcki69dlkpisd","operationId":"nm80xfswzsqf660"}
{"type":"log","timestamp":1705683759460,"level":"info","message":"Starting rendering (child) request","meta":{"rootId":"szapg8say70o5si","id":"j0v89fo0evy7lgd"},"id":"d4prl1w5kdnonyn","previousOperationId":"nm80xfswzsqf660"}
{"type":"log","timestamp":1705683759460,"level":"info","message":"Rendering template { name: orders-header, recipe: chrome-pdf, engine: handlebars, preview: true }","meta":{"rootId":"szapg8say70o5si","id":"j0v89fo0evy7lgd"},"id":"tc0ori8gil7emne","previousOperationId":"nm80xfswzsqf660"}
{"type":"log","timestamp":1705683759461,"level":"debug","message":"Inline data specified.","meta":{"rootId":"szapg8say70o5si","id":"j0v89fo0evy7lgd"},"id":"id08lu6s3bjxhas","previousOperationId":"nm80xfswzsqf660"}
{"type":"log","timestamp":1705683759464,"level":"debug","message":"Base url not specified, skipping its injection.","meta":{"rootId":"szapg8say70o5si","id":"j0v89fo0evy7lgd"},"id":"yf6v5xuqjho4i8f","previousOperationId":"nm80xfswzsqf660"}
{"type":"operationStart","subtype":"engine","name":"handlebars","timestamp":1705683759464,"id":"qp2ft2ig9mbkczv","previousEventId":"gtaro746zf5w2qi","operationId":"cvgoduhi50ycgdj","previousOperationId":"nm80xfswzsqf660"}
{"type":"log","timestamp":1705683759464,"level":"debug","message":"Rendering engine handlebars","meta":{"rootId":"szapg8say70o5si","id":"j0v89fo0evy7lgd"},"id":"e227v1jtpub3969","previousOperationId":"cvgoduhi50ycgdj"}
{"type":"operationEnd","operationId":"cvgoduhi50ycgdj","timestamp":1705683759493,"id":"m1ldqfl4ak6mtmi","previousEventId":"qp2ft2ig9mbkczv","previousOperationId":"cvgoduhi50ycgdj"}
{"type":"operationStart","subtype":"recipe","name":"chrome-pdf","timestamp":1705683759494,"id":"fjxgmvkkpb0x9si","previousEventId":"m1ldqfl4ak6mtmi","operationId":"wh5xz4ryxsbfa3m","previousOperationId":"cvgoduhi50ycgdj"}
{"type":"log","timestamp":1705683759494,"level":"debug","message":"Executing recipe chrome-pdf","meta":{"rootId":"szapg8say70o5si","id":"j0v89fo0evy7lgd"},"id":"khm9uw9ckiw3z95","previousOperationId":"wh5xz4ryxsbfa3m"}
{"type":"log","timestamp":1705683759497,"level":"debug","message":"Converting with chrome HeadlessChrome/117.0.5938.149 using chrome-pool strategy","meta":{"rootId":"szapg8say70o5si","id":"j0v89fo0evy7lgd"},"id":"9jbn5o5a0mny37s","previousOperationId":"wh5xz4ryxsbfa3m"}
{"type":"log","timestamp":1705683759579,"level":"debug","message":"Page request: GET (document) file:///C:/Users/DANIEL~1/AppData/Local/Temp/jsreport/autocleanup/192ef7c0-b5e2-4b03-84cd-415eec64664e-chrome-pdf.html","meta":{"rootId":"szapg8say70o5si","id":"j0v89fo0evy7lgd"},"id":"vdjqte2wuagyi07","previousOperationId":"wh5xz4ryxsbfa3m"}
{"type":"log","timestamp":1705683759589,"level":"debug","message":"Page request: GET (stylesheet) https://cdnjs.cloudflare.com/ajax/libs/metro/4.1.5/css/metro.min.css","meta":{"rootId":"szapg8say70o5si","id":"j0v89fo0evy7lgd"},"id":"k8wcn1x3otzqdob","previousOperationId":"wh5xz4ryxsbfa3m"}
{"type":"log","timestamp":1705683759589,"level":"debug","message":"Page request finished: GET (document) 200 file:///C:/Users/DANIEL~1/AppData/Local/Temp/jsreport/autocleanup/192ef7c0-b5e2-4b03-84cd-415eec64664e-chrome-pdf.html","meta":{"rootId":"szapg8say70o5si","id":"j0v89fo0evy7lgd"},"id":"k6f3bvkphy8jxls","previousOperationId":"wh5xz4ryxsbfa3m"}
{"type":"log","timestamp":1705683759601,"level":"debug","message":"Page request finished: GET (stylesheet) 200 https://cdnjs.cloudflare.com/ajax/libs/metro/4.1.5/css/metro.min.css","meta":{"rootId":"szapg8say70o5si","id":"j0v89fo0evy7lgd"},"id":"vemkilnaehc4o4y","previousOperationId":"wh5xz4ryxsbfa3m"}
{"type":"log","timestamp":1705683759613,"level":"debug","message":"Running chrome with params {\"printBackground\":true,\"marginTop\":\"1.5cm\",\"marginRight\":\"1.5cm\",\"marginLeft\":\"1.cm\",\"timeout\":57983,\"margin\":{\"top\":\"1.5cm\",\"right\":\"1.5cm\",\"left\":\"1.cm\"}}","meta":{"rootId":"szapg8say70o5si","id":"j0v89fo0evy7lgd"},"id":"uek0ybty2oa75h6","previousOperationId":"wh5xz4ryxsbfa3m"}
{"type":"operationEnd","operationId":"wh5xz4ryxsbfa3m","timestamp":1705683759639,"id":"m85vpffms2rasxe","previousEventId":"fjxgmvkkpb0x9si","previousOperationId":"wh5xz4ryxsbfa3m"}
{"type":"log","timestamp":1705683759639,"level":"debug","message":"Skipping storing report.","meta":{"rootId":"szapg8say70o5si","id":"j0v89fo0evy7lgd"},"id":"xmdqx48yp92so6j","previousOperationId":"wh5xz4ryxsbfa3m"}
{"type":"log","timestamp":1705683759639,"level":"info","message":"Rendering (child) request finished in 2161 ms","meta":{"rootId":"szapg8say70o5si","id":"j0v89fo0evy7lgd"},"id":"p5wt5dj8o55tcfe","previousOperationId":"wh5xz4ryxsbfa3m"}
{"type":"operationEnd","subtype":"render","operationId":"nm80xfswzsqf660","timestamp":1705683759639,"id":"v9sv5lt9118mo6z","previousEventId":"m85vpffms2rasxe","previousOperationId":"wh5xz4ryxsbfa3m"}
{"type":"operationEnd","operationId":"5heoy7oypw10dki","timestamp":1705683759648,"id":"71l22s1z20cx2xx","previousEventId":"6ikcki69dlkpisd","previousOperationId":"5heoy7oypw10dki"}
{"type":"log","timestamp":1705683759648,"level":"debug","message":"pdf-utils postproces start","meta":{"rootId":"szapg8say70o5si","id":"szapg8say70o5si"},"id":"mucub3fuimy7uys","previousOperationId":"5heoy7oypw10dki"}
{"type":"log","timestamp":1705683759657,"level":"debug","message":"pdf-utils postproces end","meta":{"rootId":"szapg8say70o5si","id":"szapg8say70o5si"},"id":"hdbpiueg3si1hgk","previousOperationId":"5heoy7oypw10dki"}
{"type":"operationEnd","operationId":"l3sy7zhlvpm98ls","timestamp":1705683759657,"id":"e216tp21dffnvxa","previousEventId":"71l22s1z20cx2xx","previousOperationId":"5heoy7oypw10dki"}
{"type":"log","timestamp":1705683759657,"level":"info","message":"pdf-utils pdf processing was finished","meta":{"rootId":"szapg8say70o5si","id":"szapg8say70o5si"},"id":"yt0uq1ks49054il","previousOperationId":"l3sy7zhlvpm98ls"}
{"type":"log","timestamp":1705683759657,"level":"debug","message":"Skipping storing report.","meta":{"rootId":"szapg8say70o5si","id":"szapg8say70o5si"},"id":"3thrj3htbnhzjm2","previousOperationId":"l3sy7zhlvpm98ls"}
{"type":"log","timestamp":1705683759657,"level":"info","message":"Rendering request 11 finished in 2179 ms","meta":{"rootId":"szapg8say70o5si","id":"szapg8say70o5si"},"id":"94nmc6twvee7bly","previousOperationId":"l3sy7zhlvpm98ls"}
{"type":"operationEnd","subtype":"render","operationId":"m05olj3viyoy1r0","timestamp":1705683759657,"id":"4oe5mcr64nk6b13","previousEventId":"e216tp21dffnvxa","previousOperationId":"l3sy7zhlvpm98ls"}
{"type":"operationEnd","doDiffs":false,"previousEventId":"jhywq0c91218cow","previousOperationId":"i8rxev0v0ndhhg6","operationId":"i8rxev0v0ndhhg6","timestamp":1705683759665,"id":"38gfwmqufcvn8jg"}
