{"type":"operationStart","subtype":"profile","data":{"_id":"EosZxgTYtS8QGxhx","timestamp":"2024-01-19T17:08:25.834Z","state":"queued","mode":"standard","creationDate":"2024-01-19T17:08:25.836Z","modificationDate":"2024-01-19T17:08:25.836Z","shortid":"gUXrQof","$entitySet":"profiles"},"doDiffs":false,"timestamp":1705684105835,"id":"20xaix6kts8t0gi","previousOperationId":null,"operationId":"yyru5mxmxrpyl7b"}
{"type":"log","level":"info","message":"Render request 17 queued for execution and waiting for available worker","previousOperationId":"yyru5mxmxrpyl7b","timestamp":1705684105835,"id":"h8uruk5rkspk0it"}
{"type":"operationStart","subtype":"render","name":"orders-main","previousOperationId":"yyru5mxmxrpyl7b","timestamp":1705684105841,"id":"ikoq7zx855wv05k","previousEventId":"20xaix6kts8t0gi","operationId":"m0uaudr8vjsl3ee"}
{"type":"log","timestamp":1705684105841,"level":"info","message":"Starting rendering request 17","meta":{"rootId":"tfnjyvt60on07ts","id":"tfnjyvt60on07ts"},"id":"3jkmq52jxxhztoq","previousOperationId":"m0uaudr8vjsl3ee"}
{"type":"log","timestamp":1705684105841,"level":"info","message":"Rendering template { name: orders-main, recipe: chrome-pdf, engine: handlebars, preview: true }","meta":{"rootId":"tfnjyvt60on07ts","id":"tfnjyvt60on07ts"},"id":"a4r0puj43l67qbu","previousOperationId":"m0uaudr8vjsl3ee"}
{"type":"log","timestamp":1705684105842,"level":"debug","message":"Data item not defined for this template.","meta":{"rootId":"tfnjyvt60on07ts","id":"tfnjyvt60on07ts"},"id":"ttxwcs8q04w284d","previousOperationId":"m0uaudr8vjsl3ee"}
{"type":"log","timestamp":1705684105843,"level":"debug","message":"Executing script orders-script (beforeRender)","meta":{"rootId":"tfnjyvt60on07ts","id":"tfnjyvt60on07ts"},"id":"dg7jmhzffptw7vz","previousOperationId":"m0uaudr8vjsl3ee"}
{"type":"operationStart","subtype":"scriptsBeforeRender","name":"scripts beforeRender","timestamp":1705684105860,"id":"qwwv5j5h3pup85x","previousEventId":"ikoq7zx855wv05k","operationId":"ikoq6oxwqq8ij2b","previousOperationId":"m0uaudr8vjsl3ee"}
{"type":"operationStart","subtype":"script","name":"scripts orders-script","previousOperationId":"ikoq6oxwqq8ij2b","timestamp":1705684105860,"id":"pxbedvo39qrmrof","previousEventId":"qwwv5j5h3pup85x","operationId":"fz6ni4be3lekzeb"}
{"type":"log","timestamp":1705684105869,"level":"debug","message":"(console:log) [ 'Race1', 'Race2' ]","meta":{"userLevel":true,"rootId":"tfnjyvt60on07ts","id":"tfnjyvt60on07ts"},"id":"tkfsa9k05vnzcv5","previousOperationId":"fz6ni4be3lekzeb"}
{"type":"log","timestamp":1705684105869,"level":"debug","message":"(console:log) [ 2, 1 ]","meta":{"userLevel":true,"rootId":"tfnjyvt60on07ts","id":"tfnjyvt60on07ts"},"id":"n5k3e86cqftgekh","previousOperationId":"fz6ni4be3lekzeb"}
{"type":"operationEnd","operationId":"fz6ni4be3lekzeb","timestamp":1705684105869,"id":"rofptz0msau4n8v","previousEventId":"ikoq7zx855wv05k","previousOperationId":"m0uaudr8vjsl3ee"}
{"type":"operationEnd","operationId":"ikoq6oxwqq8ij2b","timestamp":1705684105869,"id":"x8g7zvlmno3zgtc","previousEventId":"rofptz0msau4n8v","previousOperationId":"m0uaudr8vjsl3ee"}
{"type":"log","timestamp":1705684105869,"level":"debug","message":"Base url not specified, skipping its injection.","meta":{"rootId":"tfnjyvt60on07ts","id":"tfnjyvt60on07ts"},"id":"q2a9tlh38uhg6pg","previousOperationId":"ikoq6oxwqq8ij2b"}
{"type":"operationStart","subtype":"engine","name":"handlebars","timestamp":1705684105869,"id":"ew40rsy0enxbftn","previousEventId":"x8g7zvlmno3zgtc","operationId":"trzmhgi3hedslcg","previousOperationId":"ikoq6oxwqq8ij2b"}
{"type":"log","timestamp":1705684105869,"level":"debug","message":"Rendering engine handlebars","meta":{"rootId":"tfnjyvt60on07ts","id":"tfnjyvt60on07ts"},"id":"5fxhtamb3z6ivqo","previousOperationId":"trzmhgi3hedslcg"}
{"type":"log","timestamp":1705684105881,"level":"debug","message":"(console:log) Pdf utils adding group field, value: \"Race1\"","meta":{"userLevel":true,"rootId":"tfnjyvt60on07ts","id":"tfnjyvt60on07ts"},"id":"l94z4v315q07bsd","previousOperationId":"trzmhgi3hedslcg"}
{"type":"log","timestamp":1705684105881,"level":"debug","message":"(console:log) Pdf utils adding group field, value: \"Race2\"","meta":{"userLevel":true,"rootId":"tfnjyvt60on07ts","id":"tfnjyvt60on07ts"},"id":"hxne4dk22up00vm","previousOperationId":"trzmhgi3hedslcg"}
{"type":"operationEnd","operationId":"trzmhgi3hedslcg","timestamp":1705684105881,"id":"s5p5u14ioumlr3g","previousEventId":"ew40rsy0enxbftn","previousOperationId":"trzmhgi3hedslcg"}
{"type":"operationStart","subtype":"recipe","name":"chrome-pdf","timestamp":1705684105881,"id":"f97g0z8jcitboyt","previousEventId":"s5p5u14ioumlr3g","operationId":"9o50avnceiv4duz","previousOperationId":"trzmhgi3hedslcg"}
{"type":"log","timestamp":1705684105881,"level":"debug","message":"Executing recipe chrome-pdf","meta":{"rootId":"tfnjyvt60on07ts","id":"tfnjyvt60on07ts"},"id":"n87pjmgprh8xnk5","previousOperationId":"9o50avnceiv4duz"}
{"type":"log","timestamp":1705684105883,"level":"debug","message":"Converting with chrome HeadlessChrome/117.0.5938.149 using chrome-pool strategy","meta":{"rootId":"tfnjyvt60on07ts","id":"tfnjyvt60on07ts"},"id":"ayu88qihkzmwhos","previousOperationId":"9o50avnceiv4duz"}
{"type":"log","timestamp":1705684105953,"level":"debug","message":"Page request: GET (document) file:///C:/Users/DANIEL~1/AppData/Local/Temp/jsreport/autocleanup/b410b577-8b01-478f-9d42-768ad92c026c-chrome-pdf.html","meta":{"rootId":"tfnjyvt60on07ts","id":"tfnjyvt60on07ts"},"id":"pm98sgumxt9vnh0","previousOperationId":"9o50avnceiv4duz"}
{"type":"log","timestamp":1705684105973,"level":"debug","message":"Page request: GET (stylesheet) https://cdnjs.cloudflare.com/ajax/libs/metro/4.1.5/css/metro.min.css","meta":{"rootId":"tfnjyvt60on07ts","id":"tfnjyvt60on07ts"},"id":"m38n6b55uqwy1kx","previousOperationId":"9o50avnceiv4duz"}
{"type":"log","timestamp":1705684105973,"level":"debug","message":"Page request: GET (script) https://cdn.jsdelivr.net/npm/chart.js","meta":{"rootId":"tfnjyvt60on07ts","id":"tfnjyvt60on07ts"},"id":"p77kxekfihwuz2i","previousOperationId":"9o50avnceiv4duz"}
{"type":"log","timestamp":1705684105973,"level":"debug","message":"Page request finished: GET (document) 200 file:///C:/Users/DANIEL~1/AppData/Local/Temp/jsreport/autocleanup/b410b577-8b01-478f-9d42-768ad92c026c-chrome-pdf.html","meta":{"rootId":"tfnjyvt60on07ts","id":"tfnjyvt60on07ts"},"id":"60q9ozg9nrwnhgz","previousOperationId":"9o50avnceiv4duz"}
{"type":"log","timestamp":1705684105978,"level":"debug","message":"Page request finished: GET (script) 200 https://cdn.jsdelivr.net/npm/chart.js","meta":{"rootId":"tfnjyvt60on07ts","id":"tfnjyvt60on07ts"},"id":"ndo4erjixm8a8gf","previousOperationId":"9o50avnceiv4duz"}
{"type":"log","timestamp":1705684105986,"level":"debug","message":"Page request finished: GET (stylesheet) 200 https://cdnjs.cloudflare.com/ajax/libs/metro/4.1.5/css/metro.min.css","meta":{"rootId":"tfnjyvt60on07ts","id":"tfnjyvt60on07ts"},"id":"t9er2fhdu5vi48m","previousOperationId":"9o50avnceiv4duz"}
{"type":"log","timestamp":1705684106041,"level":"debug","message":"Running chrome with params {\"printBackground\":true,\"marginTop\":\"4cm\",\"marginRight\":\"1.5cm\",\"marginBottom\":\"1.5cm\",\"marginLeft\":\"1.5cm\",\"waitForJS\":false,\"timeout\":59952,\"margin\":{\"top\":\"4cm\",\"right\":\"1.5cm\",\"bottom\":\"1.5cm\",\"left\":\"1.5cm\"}}","meta":{"rootId":"tfnjyvt60on07ts","id":"tfnjyvt60on07ts"},"id":"45zf5hzoe2gfn9u","previousOperationId":"9o50avnceiv4duz"}
{"type":"operationEnd","operationId":"9o50avnceiv4duz","timestamp":1705684106103,"id":"crvfbwqijmghis0","previousEventId":"f97g0z8jcitboyt","previousOperationId":"9o50avnceiv4duz"}
{"type":"log","timestamp":1705684106103,"level":"info","message":"pdf-utils is starting pdf processing","meta":{"rootId":"tfnjyvt60on07ts","id":"tfnjyvt60on07ts"},"id":"165e3ne5v1dl9hu","previousOperationId":"9o50avnceiv4duz"}
{"type":"operationStart","subtype":"pdfUtils","name":"pdf utils","timestamp":1705684106103,"id":"ske020kohderoc8","previousEventId":"crvfbwqijmghis0","operationId":"n200puhfaokexxa","previousOperationId":"9o50avnceiv4duz"}
{"type":"log","timestamp":1705684106103,"level":"debug","message":"pdf-utils detected 1 pdf operation(s) to process","meta":{"rootId":"tfnjyvt60on07ts","id":"tfnjyvt60on07ts"},"id":"q0itd21w08z7c79","previousOperationId":"n200puhfaokexxa"}
{"type":"log","timestamp":1705684106113,"level":"debug","message":"pdf-utils running pdf operation merge","meta":{"rootId":"tfnjyvt60on07ts","id":"tfnjyvt60on07ts"},"id":"pdsk3ciw8ao8jlj","previousOperationId":"n200puhfaokexxa"}
{"type":"operationStart","subtype":"pdfUtilsMerge","name":"pdf utils merge","previousOperationId":"n200puhfaokexxa","timestamp":1705684106113,"id":"6ayu9l8ngyqfehw","previousEventId":"ske020kohderoc8","operationId":"4gmyfpf9m31aexe"}
{"type":"operationStart","subtype":"render","name":"orders-header","previousOperationId":"4gmyfpf9m31aexe","timestamp":1705684106114,"id":"gq335nk49y0nyqu","previousEventId":"6ayu9l8ngyqfehw","operationId":"2i5n1uv7ydmb977"}
{"type":"log","timestamp":1705684106114,"level":"info","message":"Starting rendering (child) request","meta":{"rootId":"tfnjyvt60on07ts","id":"mi4j39qsyk8h6s1"},"id":"tjlc2h89flk4cnp","previousOperationId":"2i5n1uv7ydmb977"}
{"type":"log","timestamp":1705684106114,"level":"info","message":"Rendering template { name: orders-header, recipe: chrome-pdf, engine: handlebars, preview: true }","meta":{"rootId":"tfnjyvt60on07ts","id":"mi4j39qsyk8h6s1"},"id":"1iykfx20zqeeilw","previousOperationId":"2i5n1uv7ydmb977"}
{"type":"log","timestamp":1705684106115,"level":"debug","message":"Inline data specified.","meta":{"rootId":"tfnjyvt60on07ts","id":"mi4j39qsyk8h6s1"},"id":"n07rubbr5bjofm3","previousOperationId":"2i5n1uv7ydmb977"}
{"type":"log","timestamp":1705684106116,"level":"debug","message":"Base url not specified, skipping its injection.","meta":{"rootId":"tfnjyvt60on07ts","id":"mi4j39qsyk8h6s1"},"id":"v16onymu5ozx50f","previousOperationId":"2i5n1uv7ydmb977"}
{"type":"operationStart","subtype":"engine","name":"handlebars","timestamp":1705684106116,"id":"utpkpxl6rewxkdk","previousEventId":"gq335nk49y0nyqu","operationId":"16hgdhz0opj08bj","previousOperationId":"2i5n1uv7ydmb977"}
{"type":"log","timestamp":1705684106116,"level":"debug","message":"Rendering engine handlebars","meta":{"rootId":"tfnjyvt60on07ts","id":"mi4j39qsyk8h6s1"},"id":"wiiq883rqm3gc15","previousOperationId":"16hgdhz0opj08bj"}
{"type":"operationEnd","operationId":"16hgdhz0opj08bj","timestamp":1705684106125,"id":"a9kweoagqgfzh2e","previousEventId":"utpkpxl6rewxkdk","previousOperationId":"16hgdhz0opj08bj"}
{"type":"operationStart","subtype":"recipe","name":"chrome-pdf","timestamp":1705684106125,"id":"6ert8xh0y4s9i89","previousEventId":"a9kweoagqgfzh2e","operationId":"d2fvndyw8x2rhgr","previousOperationId":"16hgdhz0opj08bj"}
{"type":"log","timestamp":1705684106125,"level":"debug","message":"Executing recipe chrome-pdf","meta":{"rootId":"tfnjyvt60on07ts","id":"mi4j39qsyk8h6s1"},"id":"o2wkbsr3m1t2yh0","previousOperationId":"d2fvndyw8x2rhgr"}
{"type":"log","timestamp":1705684106127,"level":"debug","message":"Converting with chrome HeadlessChrome/117.0.5938.149 using chrome-pool strategy","meta":{"rootId":"tfnjyvt60on07ts","id":"mi4j39qsyk8h6s1"},"id":"tpwmq0eo3y4u6za","previousOperationId":"d2fvndyw8x2rhgr"}
{"type":"log","timestamp":1705684106191,"level":"debug","message":"Page request: GET (document) file:///C:/Users/DANIEL~1/AppData/Local/Temp/jsreport/autocleanup/a01956d0-68d0-4bb5-8f8a-4c52c6dfd089-chrome-pdf.html","meta":{"rootId":"tfnjyvt60on07ts","id":"mi4j39qsyk8h6s1"},"id":"1peka4hgcobqadh","previousOperationId":"d2fvndyw8x2rhgr"}
{"type":"log","timestamp":1705684106198,"level":"debug","message":"Page request: GET (stylesheet) https://cdnjs.cloudflare.com/ajax/libs/metro/4.1.5/css/metro.min.css","meta":{"rootId":"tfnjyvt60on07ts","id":"mi4j39qsyk8h6s1"},"id":"npz01jauetjy93x","previousOperationId":"d2fvndyw8x2rhgr"}
{"type":"log","timestamp":1705684106198,"level":"debug","message":"Page request finished: GET (document) 200 file:///C:/Users/DANIEL~1/AppData/Local/Temp/jsreport/autocleanup/a01956d0-68d0-4bb5-8f8a-4c52c6dfd089-chrome-pdf.html","meta":{"rootId":"tfnjyvt60on07ts","id":"mi4j39qsyk8h6s1"},"id":"nm00f2sfyadv01c","previousOperationId":"d2fvndyw8x2rhgr"}
{"type":"log","timestamp":1705684106208,"level":"debug","message":"Page request finished: GET (stylesheet) 200 https://cdnjs.cloudflare.com/ajax/libs/metro/4.1.5/css/metro.min.css","meta":{"rootId":"tfnjyvt60on07ts","id":"mi4j39qsyk8h6s1"},"id":"ipgnfhb9xzhkicq","previousOperationId":"d2fvndyw8x2rhgr"}
{"type":"log","timestamp":1705684106221,"level":"debug","message":"Running chrome with params {\"printBackground\":true,\"marginTop\":\"1.5cm\",\"marginRight\":\"1.5cm\",\"marginLeft\":\"1.cm\",\"timeout\":59708,\"margin\":{\"top\":\"1.5cm\",\"right\":\"1.5cm\",\"left\":\"1.cm\"}}","meta":{"rootId":"tfnjyvt60on07ts","id":"mi4j39qsyk8h6s1"},"id":"gs4h18swzzbayi1","previousOperationId":"d2fvndyw8x2rhgr"}
{"type":"operationEnd","operationId":"d2fvndyw8x2rhgr","timestamp":1705684106246,"id":"mvzggmc4hl1urq9","previousEventId":"6ert8xh0y4s9i89","previousOperationId":"d2fvndyw8x2rhgr"}
{"type":"log","timestamp":1705684106246,"level":"debug","message":"Skipping storing report.","meta":{"rootId":"tfnjyvt60on07ts","id":"mi4j39qsyk8h6s1"},"id":"sdmvyy4jbz6ctog","previousOperationId":"d2fvndyw8x2rhgr"}
{"type":"log","timestamp":1705684106246,"level":"info","message":"Rendering (child) request finished in 412 ms","meta":{"rootId":"tfnjyvt60on07ts","id":"mi4j39qsyk8h6s1"},"id":"j8t3m69mimnp363","previousOperationId":"d2fvndyw8x2rhgr"}
{"type":"operationEnd","subtype":"render","operationId":"2i5n1uv7ydmb977","timestamp":1705684106246,"id":"r8ddavq29q82nfe","previousEventId":"mvzggmc4hl1urq9","previousOperationId":"d2fvndyw8x2rhgr"}
{"type":"operationEnd","operationId":"4gmyfpf9m31aexe","timestamp":1705684106252,"id":"bskdexy9wxobldy","previousEventId":"6ayu9l8ngyqfehw","previousOperationId":"4gmyfpf9m31aexe"}
{"type":"log","timestamp":1705684106252,"level":"debug","message":"pdf-utils postproces start","meta":{"rootId":"tfnjyvt60on07ts","id":"tfnjyvt60on07ts"},"id":"znh3aeb9zyjbdmf","previousOperationId":"4gmyfpf9m31aexe"}
{"type":"log","timestamp":1705684106260,"level":"debug","message":"pdf-utils postproces end","meta":{"rootId":"tfnjyvt60on07ts","id":"tfnjyvt60on07ts"},"id":"cu6bp1tnip0ythj","previousOperationId":"4gmyfpf9m31aexe"}
{"type":"operationEnd","operationId":"n200puhfaokexxa","timestamp":1705684106260,"id":"kq2376s67f2u2n9","previousEventId":"bskdexy9wxobldy","previousOperationId":"4gmyfpf9m31aexe"}
{"type":"log","timestamp":1705684106260,"level":"info","message":"pdf-utils pdf processing was finished","meta":{"rootId":"tfnjyvt60on07ts","id":"tfnjyvt60on07ts"},"id":"ps3vjd4pf697l86","previousOperationId":"n200puhfaokexxa"}
{"type":"log","timestamp":1705684106260,"level":"debug","message":"Skipping storing report.","meta":{"rootId":"tfnjyvt60on07ts","id":"tfnjyvt60on07ts"},"id":"njzie01rcstbbbs","previousOperationId":"n200puhfaokexxa"}
{"type":"log","timestamp":1705684106260,"level":"info","message":"Rendering request 17 finished in 426 ms","meta":{"rootId":"tfnjyvt60on07ts","id":"tfnjyvt60on07ts"},"id":"47lqxgvfj6enah3","previousOperationId":"n200puhfaokexxa"}
{"type":"operationEnd","subtype":"render","operationId":"m0uaudr8vjsl3ee","timestamp":1705684106260,"id":"qbsmsoiarwxf3nd","previousEventId":"kq2376s67f2u2n9","previousOperationId":"n200puhfaokexxa"}
{"type":"operationEnd","doDiffs":false,"previousEventId":"20xaix6kts8t0gi","previousOperationId":"yyru5mxmxrpyl7b","operationId":"yyru5mxmxrpyl7b","timestamp":1705684106269,"id":"w5nj9trwsl59a67"}
