{"type":"operationStart","subtype":"profile","data":{"_id":"ih9HgScGS97dIW3o","timestamp":"2024-01-18T17:24:30.896Z","state":"queued","mode":"standard","creationDate":"2024-01-18T17:24:30.898Z","modificationDate":"2024-01-18T17:24:30.898Z","shortid":"HlJ8Yml","$entitySet":"profiles"},"doDiffs":false,"timestamp":1705598670897,"id":"6z0j5x7ob4qke8i","previousOperationId":null,"operationId":"rf96ys2og1839m6"}
{"type":"log","level":"info","message":"Render request 5 queued for execution and waiting for available worker","previousOperationId":"rf96ys2og1839m6","timestamp":1705598670897,"id":"dlsbmabjmwvhz33"}
{"type":"operationStart","subtype":"render","name":"orders-main","previousOperationId":"rf96ys2og1839m6","timestamp":1705598670903,"id":"g371eso99sbpmpg","previousEventId":"6z0j5x7ob4qke8i","operationId":"vez3g8ve53xzzgr"}
{"type":"log","timestamp":1705598670903,"level":"info","message":"Starting rendering request 5","meta":{"rootId":"tintspdz1nxr6q8","id":"tintspdz1nxr6q8"},"id":"5boettmol4a73l0","previousOperationId":"vez3g8ve53xzzgr"}
{"type":"log","timestamp":1705598670903,"level":"info","message":"Rendering template { name: orders-main, recipe: chrome-pdf, engine: handlebars, preview: true }","meta":{"rootId":"tintspdz1nxr6q8","id":"tintspdz1nxr6q8"},"id":"xpab50t2217ap45","previousOperationId":"vez3g8ve53xzzgr"}
{"type":"log","timestamp":1705598670904,"level":"debug","message":"Data item not defined for this template.","meta":{"rootId":"tintspdz1nxr6q8","id":"tintspdz1nxr6q8"},"id":"u5oa6g88q0tqshl","previousOperationId":"vez3g8ve53xzzgr"}
{"type":"log","timestamp":1705598670906,"level":"debug","message":"Executing script orders-script (beforeRender)","meta":{"rootId":"tintspdz1nxr6q8","id":"tintspdz1nxr6q8"},"id":"4pl6kvwcpse3r56","previousOperationId":"vez3g8ve53xzzgr"}
{"type":"operationStart","subtype":"scriptsBeforeRender","name":"scripts beforeRender","timestamp":1705598670917,"id":"7gt1hdhyo6vny87","previousEventId":"g371eso99sbpmpg","operationId":"je8nz2be628a0gv","previousOperationId":"vez3g8ve53xzzgr"}
{"type":"operationStart","subtype":"script","name":"scripts orders-script","previousOperationId":"je8nz2be628a0gv","timestamp":1705598670917,"id":"nhmorr24x14o5h0","previousEventId":"7gt1hdhyo6vny87","operationId":"o174709k9rl7g7k"}
{"type":"log","timestamp":1705598670926,"level":"debug","message":"(console:log) [ 'Race1', 'Race2' ]","meta":{"userLevel":true,"rootId":"tintspdz1nxr6q8","id":"tintspdz1nxr6q8"},"id":"ingm0z7473e7e04","previousOperationId":"o174709k9rl7g7k"}
{"type":"log","timestamp":1705598670926,"level":"debug","message":"(console:log) [ 2, 1 ]","meta":{"userLevel":true,"rootId":"tintspdz1nxr6q8","id":"tintspdz1nxr6q8"},"id":"hwa3c0dbsaeewgj","previousOperationId":"o174709k9rl7g7k"}
{"type":"operationEnd","operationId":"o174709k9rl7g7k","timestamp":1705598670926,"id":"2k2ybbpvyvoqnhv","previousEventId":"g371eso99sbpmpg","previousOperationId":"vez3g8ve53xzzgr"}
{"type":"operationEnd","operationId":"je8nz2be628a0gv","timestamp":1705598670926,"id":"3bmylwo7x2c9av9","previousEventId":"2k2ybbpvyvoqnhv","previousOperationId":"vez3g8ve53xzzgr"}
{"type":"log","timestamp":1705598670926,"level":"debug","message":"Base url not specified, skipping its injection.","meta":{"rootId":"tintspdz1nxr6q8","id":"tintspdz1nxr6q8"},"id":"ibv44fnn29hw542","previousOperationId":"je8nz2be628a0gv"}
{"type":"operationStart","subtype":"engine","name":"handlebars","timestamp":1705598670926,"id":"rggn5fwqa3exz9t","previousEventId":"3bmylwo7x2c9av9","operationId":"opbkqqiqvshpyo1","previousOperationId":"je8nz2be628a0gv"}
{"type":"log","timestamp":1705598670926,"level":"debug","message":"Rendering engine handlebars","meta":{"rootId":"tintspdz1nxr6q8","id":"tintspdz1nxr6q8"},"id":"t13fwil3hoc7vdf","previousOperationId":"opbkqqiqvshpyo1"}
{"type":"log","timestamp":1705598670943,"level":"debug","message":"(console:log) Pdf utils adding group field, value: \"Race1\"","meta":{"userLevel":true,"rootId":"tintspdz1nxr6q8","id":"tintspdz1nxr6q8"},"id":"175ada07cl9w9kq","previousOperationId":"opbkqqiqvshpyo1"}
{"type":"log","timestamp":1705598670943,"level":"debug","message":"(console:log) Pdf utils adding group field, value: \"Race2\"","meta":{"userLevel":true,"rootId":"tintspdz1nxr6q8","id":"tintspdz1nxr6q8"},"id":"plgi2qngoq1dpyc","previousOperationId":"opbkqqiqvshpyo1"}
{"type":"operationEnd","operationId":"opbkqqiqvshpyo1","timestamp":1705598670943,"id":"9ckl3htm57f3pfp","previousEventId":"rggn5fwqa3exz9t","previousOperationId":"opbkqqiqvshpyo1"}
{"type":"operationStart","subtype":"recipe","name":"chrome-pdf","timestamp":1705598670944,"id":"5ut372ep74g6co5","previousEventId":"9ckl3htm57f3pfp","operationId":"bk3oalno57q2h93","previousOperationId":"opbkqqiqvshpyo1"}
{"type":"log","timestamp":1705598670944,"level":"debug","message":"Executing recipe chrome-pdf","meta":{"rootId":"tintspdz1nxr6q8","id":"tintspdz1nxr6q8"},"id":"nxfivhfdzf2hane","previousOperationId":"bk3oalno57q2h93"}
{"type":"log","timestamp":1705598670946,"level":"debug","message":"Converting with chrome HeadlessChrome/117.0.5938.149 using chrome-pool strategy","meta":{"rootId":"tintspdz1nxr6q8","id":"tintspdz1nxr6q8"},"id":"32z5umehrf18826","previousOperationId":"bk3oalno57q2h93"}
{"type":"log","timestamp":1705598671019,"level":"debug","message":"Page request: GET (document) file:///C:/Users/DANIEL~1/AppData/Local/Temp/jsreport/autocleanup/ea1e84e7-7338-45ec-8263-386d3e9a9acb-chrome-pdf.html","meta":{"rootId":"tintspdz1nxr6q8","id":"tintspdz1nxr6q8"},"id":"9wpcjp6wwow3xl6","previousOperationId":"bk3oalno57q2h93"}
{"type":"log","timestamp":1705598671037,"level":"debug","message":"Page request: GET (stylesheet) https://cdnjs.cloudflare.com/ajax/libs/metro/4.1.5/css/metro.min.css","meta":{"rootId":"tintspdz1nxr6q8","id":"tintspdz1nxr6q8"},"id":"omn3lacbvaax2cn","previousOperationId":"bk3oalno57q2h93"}
{"type":"log","timestamp":1705598671037,"level":"debug","message":"Page request: GET (script) https://cdn.jsdelivr.net/npm/chart.js","meta":{"rootId":"tintspdz1nxr6q8","id":"tintspdz1nxr6q8"},"id":"047cci7guqa4m33","previousOperationId":"bk3oalno57q2h93"}
{"type":"log","timestamp":1705598671037,"level":"debug","message":"Page request finished: GET (document) 200 file:///C:/Users/DANIEL~1/AppData/Local/Temp/jsreport/autocleanup/ea1e84e7-7338-45ec-8263-386d3e9a9acb-chrome-pdf.html","meta":{"rootId":"tintspdz1nxr6q8","id":"tintspdz1nxr6q8"},"id":"1xt59om9s4vn347","previousOperationId":"bk3oalno57q2h93"}
{"type":"log","timestamp":1705598671041,"level":"debug","message":"Page request finished: GET (script) 200 https://cdn.jsdelivr.net/npm/chart.js","meta":{"rootId":"tintspdz1nxr6q8","id":"tintspdz1nxr6q8"},"id":"6jr7lolac8ag36w","previousOperationId":"bk3oalno57q2h93"}
{"type":"log","timestamp":1705598671050,"level":"debug","message":"Page request finished: GET (stylesheet) 200 https://cdnjs.cloudflare.com/ajax/libs/metro/4.1.5/css/metro.min.css","meta":{"rootId":"tintspdz1nxr6q8","id":"tintspdz1nxr6q8"},"id":"4j9ft9l3j9n564d","previousOperationId":"bk3oalno57q2h93"}
{"type":"log","timestamp":1705598671054,"level":"warn","message":"Page error: Unexpected token ';' , stack: SyntaxError: Unexpected token ';'","meta":{"rootId":"tintspdz1nxr6q8","id":"tintspdz1nxr6q8"},"id":"s5ha9u9wty6cedc","previousOperationId":"bk3oalno57q2h93"}
{"type":"log","timestamp":1705598671077,"level":"debug","message":"Running chrome with params {\"printBackground\":true,\"marginTop\":\"4cm\",\"marginRight\":\"1.5cm\",\"marginBottom\":\"1.5cm\",\"marginLeft\":\"1.5cm\",\"waitForJS\":false,\"timeout\":59951,\"margin\":{\"top\":\"4cm\",\"right\":\"1.5cm\",\"bottom\":\"1.5cm\",\"left\":\"1.5cm\"}}","meta":{"rootId":"tintspdz1nxr6q8","id":"tintspdz1nxr6q8"},"id":"y9de35x7lqy2e0s","previousOperationId":"bk3oalno57q2h93"}
{"type":"operationEnd","operationId":"bk3oalno57q2h93","timestamp":1705598671135,"id":"uzmd44gdn4ibg09","previousEventId":"5ut372ep74g6co5","previousOperationId":"bk3oalno57q2h93"}
{"type":"log","timestamp":1705598671135,"level":"info","message":"pdf-utils is starting pdf processing","meta":{"rootId":"tintspdz1nxr6q8","id":"tintspdz1nxr6q8"},"id":"799fjh32xkydyzt","previousOperationId":"bk3oalno57q2h93"}
{"type":"operationStart","subtype":"pdfUtils","name":"pdf utils","timestamp":1705598671135,"id":"c7kn3b7ttsl1lr6","previousEventId":"uzmd44gdn4ibg09","operationId":"hv8yzz1ww8bigzr","previousOperationId":"bk3oalno57q2h93"}
{"type":"log","timestamp":1705598671135,"level":"debug","message":"pdf-utils detected 1 pdf operation(s) to process","meta":{"rootId":"tintspdz1nxr6q8","id":"tintspdz1nxr6q8"},"id":"3t7xhuax3xbxf78","previousOperationId":"hv8yzz1ww8bigzr"}
{"type":"log","timestamp":1705598671153,"level":"debug","message":"pdf-utils running pdf operation merge","meta":{"rootId":"tintspdz1nxr6q8","id":"tintspdz1nxr6q8"},"id":"fdirlugxc7uhxft","previousOperationId":"hv8yzz1ww8bigzr"}
{"type":"operationStart","subtype":"pdfUtilsMerge","name":"pdf utils merge","previousOperationId":"hv8yzz1ww8bigzr","timestamp":1705598671153,"id":"ht5472neoekmkx3","previousEventId":"c7kn3b7ttsl1lr6","operationId":"7hvw9ey95aybfnr"}
{"type":"operationStart","subtype":"render","name":"orders-header","previousOperationId":"7hvw9ey95aybfnr","timestamp":1705598671154,"id":"e7pead7h29hp911","previousEventId":"ht5472neoekmkx3","operationId":"ncayiva8cdohpla"}
{"type":"log","timestamp":1705598671154,"level":"info","message":"Starting rendering (child) request","meta":{"rootId":"tintspdz1nxr6q8","id":"kcvrq8hlv5a59iw"},"id":"qr9fhlqvm7zujws","previousOperationId":"ncayiva8cdohpla"}
{"type":"log","timestamp":1705598671155,"level":"info","message":"Rendering template { name: orders-header, recipe: chrome-pdf, engine: handlebars, preview: true }","meta":{"rootId":"tintspdz1nxr6q8","id":"kcvrq8hlv5a59iw"},"id":"b41y5rlhabuu5o3","previousOperationId":"ncayiva8cdohpla"}
{"type":"log","timestamp":1705598671155,"level":"debug","message":"Inline data specified.","meta":{"rootId":"tintspdz1nxr6q8","id":"kcvrq8hlv5a59iw"},"id":"tsv1i0jd1fsiaay","previousOperationId":"ncayiva8cdohpla"}
{"type":"log","timestamp":1705598671158,"level":"debug","message":"Base url not specified, skipping its injection.","meta":{"rootId":"tintspdz1nxr6q8","id":"kcvrq8hlv5a59iw"},"id":"vw65tsq6vki4o2z","previousOperationId":"ncayiva8cdohpla"}
{"type":"operationStart","subtype":"engine","name":"handlebars","timestamp":1705598671158,"id":"czyeaxy4xtqe53e","previousEventId":"e7pead7h29hp911","operationId":"1gnmyrybh0mg1me","previousOperationId":"ncayiva8cdohpla"}
{"type":"log","timestamp":1705598671158,"level":"debug","message":"Rendering engine handlebars","meta":{"rootId":"tintspdz1nxr6q8","id":"kcvrq8hlv5a59iw"},"id":"0m5mvcwwn5mjl5q","previousOperationId":"1gnmyrybh0mg1me"}
{"type":"operationEnd","operationId":"1gnmyrybh0mg1me","timestamp":1705598671175,"id":"83xu3pgno6tak7o","previousEventId":"czyeaxy4xtqe53e","previousOperationId":"1gnmyrybh0mg1me"}
{"type":"operationStart","subtype":"recipe","name":"chrome-pdf","timestamp":1705598671175,"id":"5alomq9rd1fhrb9","previousEventId":"83xu3pgno6tak7o","operationId":"8q98h8apgh3h93h","previousOperationId":"1gnmyrybh0mg1me"}
{"type":"log","timestamp":1705598671175,"level":"debug","message":"Executing recipe chrome-pdf","meta":{"rootId":"tintspdz1nxr6q8","id":"kcvrq8hlv5a59iw"},"id":"z6tginhgvzzsetw","previousOperationId":"8q98h8apgh3h93h"}
{"type":"log","timestamp":1705598671177,"level":"debug","message":"Converting with chrome HeadlessChrome/117.0.5938.149 using chrome-pool strategy","meta":{"rootId":"tintspdz1nxr6q8","id":"kcvrq8hlv5a59iw"},"id":"c7sqis2m8m8g6fs","previousOperationId":"8q98h8apgh3h93h"}
{"type":"log","timestamp":1705598671248,"level":"debug","message":"Page request: GET (document) file:///C:/Users/DANIEL~1/AppData/Local/Temp/jsreport/autocleanup/cc66f354-240e-4a08-afc3-10491863c7e7-chrome-pdf.html","meta":{"rootId":"tintspdz1nxr6q8","id":"kcvrq8hlv5a59iw"},"id":"nuydz2tmqab7d5n","previousOperationId":"8q98h8apgh3h93h"}
{"type":"log","timestamp":1705598671257,"level":"debug","message":"Page request: GET (stylesheet) https://cdnjs.cloudflare.com/ajax/libs/metro/4.1.5/css/metro.min.css","meta":{"rootId":"tintspdz1nxr6q8","id":"kcvrq8hlv5a59iw"},"id":"eznsa3yuhepiru8","previousOperationId":"8q98h8apgh3h93h"}
{"type":"log","timestamp":1705598671257,"level":"debug","message":"Page request finished: GET (document) 200 file:///C:/Users/DANIEL~1/AppData/Local/Temp/jsreport/autocleanup/cc66f354-240e-4a08-afc3-10491863c7e7-chrome-pdf.html","meta":{"rootId":"tintspdz1nxr6q8","id":"kcvrq8hlv5a59iw"},"id":"ta40vc6l7i9ygyo","previousOperationId":"8q98h8apgh3h93h"}
{"type":"log","timestamp":1705598671271,"level":"debug","message":"Page request finished: GET (stylesheet) 200 https://cdnjs.cloudflare.com/ajax/libs/metro/4.1.5/css/metro.min.css","meta":{"rootId":"tintspdz1nxr6q8","id":"kcvrq8hlv5a59iw"},"id":"nol9osoxe3m7g3p","previousOperationId":"8q98h8apgh3h93h"}
{"type":"log","timestamp":1705598671285,"level":"debug","message":"Running chrome with params {\"printBackground\":true,\"marginTop\":\"1.5cm\",\"marginRight\":\"1.5cm\",\"marginLeft\":\"1.cm\",\"timeout\":59720,\"margin\":{\"top\":\"1.5cm\",\"right\":\"1.5cm\",\"left\":\"1.cm\"}}","meta":{"rootId":"tintspdz1nxr6q8","id":"kcvrq8hlv5a59iw"},"id":"c4v9ecma9n5wzks","previousOperationId":"8q98h8apgh3h93h"}
{"type":"operationEnd","operationId":"8q98h8apgh3h93h","timestamp":1705598671313,"id":"cpjgzm1z2t4mx06","previousEventId":"5alomq9rd1fhrb9","previousOperationId":"8q98h8apgh3h93h"}
{"type":"log","timestamp":1705598671313,"level":"debug","message":"Skipping storing report.","meta":{"rootId":"tintspdz1nxr6q8","id":"kcvrq8hlv5a59iw"},"id":"uqyy9tk77mjk33y","previousOperationId":"8q98h8apgh3h93h"}
{"type":"log","timestamp":1705598671313,"level":"info","message":"Rendering (child) request finished in 417 ms","meta":{"rootId":"tintspdz1nxr6q8","id":"kcvrq8hlv5a59iw"},"id":"qih74xjmpnd6mab","previousOperationId":"8q98h8apgh3h93h"}
{"type":"operationEnd","subtype":"render","operationId":"ncayiva8cdohpla","timestamp":1705598671313,"id":"48qmangkzfcv7ry","previousEventId":"cpjgzm1z2t4mx06","previousOperationId":"8q98h8apgh3h93h"}
{"type":"operationEnd","operationId":"7hvw9ey95aybfnr","timestamp":1705598671320,"id":"fk5dh7qeb5stkup","previousEventId":"ht5472neoekmkx3","previousOperationId":"7hvw9ey95aybfnr"}
{"type":"log","timestamp":1705598671320,"level":"debug","message":"pdf-utils postproces start","meta":{"rootId":"tintspdz1nxr6q8","id":"tintspdz1nxr6q8"},"id":"5alf5qc4twfac5w","previousOperationId":"7hvw9ey95aybfnr"}
{"type":"log","timestamp":1705598671329,"level":"debug","message":"pdf-utils postproces end","meta":{"rootId":"tintspdz1nxr6q8","id":"tintspdz1nxr6q8"},"id":"auco9jzzigeug24","previousOperationId":"7hvw9ey95aybfnr"}
{"type":"operationEnd","operationId":"hv8yzz1ww8bigzr","timestamp":1705598671329,"id":"m1uwpl3ji1xa404","previousEventId":"fk5dh7qeb5stkup","previousOperationId":"7hvw9ey95aybfnr"}
{"type":"log","timestamp":1705598671329,"level":"info","message":"pdf-utils pdf processing was finished","meta":{"rootId":"tintspdz1nxr6q8","id":"tintspdz1nxr6q8"},"id":"92351qszgs5omrk","previousOperationId":"hv8yzz1ww8bigzr"}
{"type":"log","timestamp":1705598671329,"level":"debug","message":"Skipping storing report.","meta":{"rootId":"tintspdz1nxr6q8","id":"tintspdz1nxr6q8"},"id":"64s4s7z1eymf16o","previousOperationId":"hv8yzz1ww8bigzr"}
{"type":"log","timestamp":1705598671329,"level":"info","message":"Rendering request 5 finished in 433 ms","meta":{"rootId":"tintspdz1nxr6q8","id":"tintspdz1nxr6q8"},"id":"rpxms5ndok8sloi","previousOperationId":"hv8yzz1ww8bigzr"}
{"type":"operationEnd","subtype":"render","operationId":"vez3g8ve53xzzgr","timestamp":1705598671329,"id":"kjl8j0y3w7rjrm6","previousEventId":"m1uwpl3ji1xa404","previousOperationId":"hv8yzz1ww8bigzr"}
{"type":"operationEnd","doDiffs":false,"previousEventId":"6z0j5x7ob4qke8i","previousOperationId":"rf96ys2og1839m6","operationId":"rf96ys2og1839m6","timestamp":1705598671341,"id":"w8c7qq3gi2vr05p"}
