{"type":"operationStart","subtype":"profile","data":{"_id":"eZxnKWvoj6Z7xREN","timestamp":"2024-01-18T20:12:15.525Z","state":"queued","mode":"standard","creationDate":"2024-01-18T20:12:15.529Z","modificationDate":"2024-01-18T20:12:15.529Z","shortid":"UCgrs08","$entitySet":"profiles"},"doDiffs":false,"timestamp":1705608735527,"id":"8x6yka9gx0vwoa5","previousOperationId":null,"operationId":"yua4xh00m0y2v20"}
{"type":"log","level":"info","message":"Render request 8 queued for execution and waiting for available worker","previousOperationId":"yua4xh00m0y2v20","timestamp":1705608735527,"id":"o1rwxgqdorrhiz1"}
{"type":"operationStart","subtype":"render","name":"orders-main","previousOperationId":"yua4xh00m0y2v20","timestamp":1705608735545,"id":"dx5ypk5yhilh9mv","previousEventId":"8x6yka9gx0vwoa5","operationId":"klowg3muhy350wf"}
{"type":"log","timestamp":1705608735545,"level":"info","message":"Starting rendering request 8","meta":{"rootId":"tp9j0eb0pw1nd7h","id":"tp9j0eb0pw1nd7h"},"id":"c4duhy2pw8moimi","previousOperationId":"klowg3muhy350wf"}
{"type":"log","timestamp":1705608735546,"level":"info","message":"Rendering template { name: orders-main, recipe: chrome-pdf, engine: handlebars, preview: true }","meta":{"rootId":"tp9j0eb0pw1nd7h","id":"tp9j0eb0pw1nd7h"},"id":"skdwzbda04k1lyi","previousOperationId":"klowg3muhy350wf"}
{"type":"log","timestamp":1705608735547,"level":"debug","message":"Data item not defined for this template.","meta":{"rootId":"tp9j0eb0pw1nd7h","id":"tp9j0eb0pw1nd7h"},"id":"t09v7rgh73y6rj5","previousOperationId":"klowg3muhy350wf"}
{"type":"log","timestamp":1705608735551,"level":"debug","message":"Executing script orders-script (beforeRender)","meta":{"rootId":"tp9j0eb0pw1nd7h","id":"tp9j0eb0pw1nd7h"},"id":"scc0yeq0o6wcbmj","previousOperationId":"klowg3muhy350wf"}
{"type":"operationStart","subtype":"scriptsBeforeRender","name":"scripts beforeRender","timestamp":1705608735601,"id":"bjgdc5jby8faz7q","previousEventId":"dx5ypk5yhilh9mv","operationId":"yq9fgx8ph2pacqo","previousOperationId":"klowg3muhy350wf"}
{"type":"operationStart","subtype":"script","name":"scripts orders-script","previousOperationId":"yq9fgx8ph2pacqo","timestamp":1705608735601,"id":"1tijdm2ft3vd58b","previousEventId":"bjgdc5jby8faz7q","operationId":"73c1zxon3ps4lju"}
{"type":"log","timestamp":1705608735625,"level":"debug","message":"(console:log) [ 'Race1', 'Race2' ]","meta":{"userLevel":true,"rootId":"tp9j0eb0pw1nd7h","id":"tp9j0eb0pw1nd7h"},"id":"oh413my11klbi3w","previousOperationId":"73c1zxon3ps4lju"}
{"type":"log","timestamp":1705608735625,"level":"debug","message":"(console:log) [ 2, 1 ]","meta":{"userLevel":true,"rootId":"tp9j0eb0pw1nd7h","id":"tp9j0eb0pw1nd7h"},"id":"txkkyxbbfjfqwmn","previousOperationId":"73c1zxon3ps4lju"}
{"type":"operationEnd","operationId":"73c1zxon3ps4lju","timestamp":1705608735626,"id":"sktpf2elsg6mdeg","previousEventId":"dx5ypk5yhilh9mv","previousOperationId":"klowg3muhy350wf"}
{"type":"operationEnd","operationId":"yq9fgx8ph2pacqo","timestamp":1705608735626,"id":"efcnz8fyayvujnp","previousEventId":"sktpf2elsg6mdeg","previousOperationId":"klowg3muhy350wf"}
{"type":"log","timestamp":1705608735626,"level":"debug","message":"Base url not specified, skipping its injection.","meta":{"rootId":"tp9j0eb0pw1nd7h","id":"tp9j0eb0pw1nd7h"},"id":"2b76rndf810q9a2","previousOperationId":"yq9fgx8ph2pacqo"}
{"type":"operationStart","subtype":"engine","name":"handlebars","timestamp":1705608735627,"id":"kqst8tk52dmxcea","previousEventId":"efcnz8fyayvujnp","operationId":"r46uw71937bdm29","previousOperationId":"yq9fgx8ph2pacqo"}
{"type":"log","timestamp":1705608735627,"level":"debug","message":"Rendering engine handlebars","meta":{"rootId":"tp9j0eb0pw1nd7h","id":"tp9j0eb0pw1nd7h"},"id":"ntnsdfgz8hv9sgh","previousOperationId":"r46uw71937bdm29"}
{"type":"log","timestamp":1705608735666,"level":"debug","message":"(console:log) Pdf utils adding group field, value: \"Race1\"","meta":{"userLevel":true,"rootId":"tp9j0eb0pw1nd7h","id":"tp9j0eb0pw1nd7h"},"id":"zmcov9x5xevgpkq","previousOperationId":"r46uw71937bdm29"}
{"type":"log","timestamp":1705608735667,"level":"debug","message":"(console:log) Pdf utils adding group field, value: \"Race2\"","meta":{"userLevel":true,"rootId":"tp9j0eb0pw1nd7h","id":"tp9j0eb0pw1nd7h"},"id":"bot9cj1n6b8j1ks","previousOperationId":"r46uw71937bdm29"}
{"type":"operationEnd","operationId":"r46uw71937bdm29","timestamp":1705608735667,"id":"j993biqe1m4wj2d","previousEventId":"kqst8tk52dmxcea","previousOperationId":"r46uw71937bdm29"}
{"type":"operationStart","subtype":"recipe","name":"chrome-pdf","timestamp":1705608735667,"id":"rzyq8pbs24htf7i","previousEventId":"j993biqe1m4wj2d","operationId":"kjq9jmd0d6svbo3","previousOperationId":"r46uw71937bdm29"}
{"type":"log","timestamp":1705608735667,"level":"debug","message":"Executing recipe chrome-pdf","meta":{"rootId":"tp9j0eb0pw1nd7h","id":"tp9j0eb0pw1nd7h"},"id":"sjbvqmnnll5q2ru","previousOperationId":"kjq9jmd0d6svbo3"}
{"type":"log","timestamp":1705608735672,"level":"debug","message":"Converting with chrome HeadlessChrome/117.0.5938.149 using chrome-pool strategy","meta":{"rootId":"tp9j0eb0pw1nd7h","id":"tp9j0eb0pw1nd7h"},"id":"aktdv1y5jzr4j5o","previousOperationId":"kjq9jmd0d6svbo3"}
{"type":"log","timestamp":1705608735798,"level":"debug","message":"Page request: GET (document) file:///C:/Users/DANIEL~1/AppData/Local/Temp/jsreport/autocleanup/85adce3e-312c-4561-b9e7-124234f0111f-chrome-pdf.html","meta":{"rootId":"tp9j0eb0pw1nd7h","id":"tp9j0eb0pw1nd7h"},"id":"ngdow5cok7ic5e2","previousOperationId":"kjq9jmd0d6svbo3"}
{"type":"log","timestamp":1705608735838,"level":"debug","message":"Page request: GET (stylesheet) https://cdnjs.cloudflare.com/ajax/libs/metro/4.1.5/css/metro.min.css","meta":{"rootId":"tp9j0eb0pw1nd7h","id":"tp9j0eb0pw1nd7h"},"id":"mvczl7w3r2q3gee","previousOperationId":"kjq9jmd0d6svbo3"}
{"type":"log","timestamp":1705608735839,"level":"debug","message":"Page request: GET (script) https://cdn.jsdelivr.net/npm/chart.js","meta":{"rootId":"tp9j0eb0pw1nd7h","id":"tp9j0eb0pw1nd7h"},"id":"ujiy3bkimyfpvj1","previousOperationId":"kjq9jmd0d6svbo3"}
{"type":"log","timestamp":1705608735839,"level":"debug","message":"Page request finished: GET (document) 200 file:///C:/Users/DANIEL~1/AppData/Local/Temp/jsreport/autocleanup/85adce3e-312c-4561-b9e7-124234f0111f-chrome-pdf.html","meta":{"rootId":"tp9j0eb0pw1nd7h","id":"tp9j0eb0pw1nd7h"},"id":"nlrb8ri9ulrx00q","previousOperationId":"kjq9jmd0d6svbo3"}
{"type":"log","timestamp":1705608735848,"level":"debug","message":"Page request finished: GET (script) 200 https://cdn.jsdelivr.net/npm/chart.js","meta":{"rootId":"tp9j0eb0pw1nd7h","id":"tp9j0eb0pw1nd7h"},"id":"wb2244qbx0rwak4","previousOperationId":"kjq9jmd0d6svbo3"}
{"type":"log","timestamp":1705608735865,"level":"debug","message":"Page request finished: GET (stylesheet) 200 https://cdnjs.cloudflare.com/ajax/libs/metro/4.1.5/css/metro.min.css","meta":{"rootId":"tp9j0eb0pw1nd7h","id":"tp9j0eb0pw1nd7h"},"id":"e0rqd4wyt0nwj5s","previousOperationId":"kjq9jmd0d6svbo3"}
{"type":"log","timestamp":1705608735965,"level":"debug","message":"Running chrome with params {\"printBackground\":true,\"marginTop\":\"4cm\",\"marginRight\":\"1.5cm\",\"marginBottom\":\"1.5cm\",\"marginLeft\":\"1.5cm\",\"waitForJS\":false,\"timeout\":59855,\"margin\":{\"top\":\"4cm\",\"right\":\"1.5cm\",\"bottom\":\"1.5cm\",\"left\":\"1.5cm\"}}","meta":{"rootId":"tp9j0eb0pw1nd7h","id":"tp9j0eb0pw1nd7h"},"id":"sxjwr5a7heds558","previousOperationId":"kjq9jmd0d6svbo3"}
{"type":"operationEnd","operationId":"kjq9jmd0d6svbo3","timestamp":1705608736067,"id":"clxqbbxjibxbdhu","previousEventId":"rzyq8pbs24htf7i","previousOperationId":"kjq9jmd0d6svbo3"}
{"type":"log","timestamp":1705608736067,"level":"info","message":"pdf-utils is starting pdf processing","meta":{"rootId":"tp9j0eb0pw1nd7h","id":"tp9j0eb0pw1nd7h"},"id":"y1kzgan68rmn9ng","previousOperationId":"kjq9jmd0d6svbo3"}
{"type":"operationStart","subtype":"pdfUtils","name":"pdf utils","timestamp":1705608736067,"id":"9oi15mwaws93kkr","previousEventId":"clxqbbxjibxbdhu","operationId":"92b4n333uvwz66f","previousOperationId":"kjq9jmd0d6svbo3"}
{"type":"log","timestamp":1705608736067,"level":"debug","message":"pdf-utils detected 1 pdf operation(s) to process","meta":{"rootId":"tp9j0eb0pw1nd7h","id":"tp9j0eb0pw1nd7h"},"id":"8j56dmvc99r7jpo","previousOperationId":"92b4n333uvwz66f"}
{"type":"log","timestamp":1705608736099,"level":"debug","message":"pdf-utils running pdf operation merge","meta":{"rootId":"tp9j0eb0pw1nd7h","id":"tp9j0eb0pw1nd7h"},"id":"h1z3uxrlz2nww0n","previousOperationId":"92b4n333uvwz66f"}
{"type":"operationStart","subtype":"pdfUtilsMerge","name":"pdf utils merge","previousOperationId":"92b4n333uvwz66f","timestamp":1705608736099,"id":"oksjzoghxehjbfg","previousEventId":"9oi15mwaws93kkr","operationId":"f6gk0dwqpawdjhu"}
{"type":"operationStart","subtype":"render","name":"orders-header","previousOperationId":"f6gk0dwqpawdjhu","timestamp":1705608736101,"id":"iee19wpo3opmaa6","previousEventId":"oksjzoghxehjbfg","operationId":"3ixmfbdk26wiwud"}
{"type":"log","timestamp":1705608736101,"level":"info","message":"Starting rendering (child) request","meta":{"rootId":"tp9j0eb0pw1nd7h","id":"2emrabuf2bat3nn"},"id":"wsurztsgnpxse4l","previousOperationId":"3ixmfbdk26wiwud"}
{"type":"log","timestamp":1705608736101,"level":"info","message":"Rendering template { name: orders-header, recipe: chrome-pdf, engine: handlebars, preview: true }","meta":{"rootId":"tp9j0eb0pw1nd7h","id":"2emrabuf2bat3nn"},"id":"5vteb9wd5ipvnjn","previousOperationId":"3ixmfbdk26wiwud"}
{"type":"log","timestamp":1705608736102,"level":"debug","message":"Inline data specified.","meta":{"rootId":"tp9j0eb0pw1nd7h","id":"2emrabuf2bat3nn"},"id":"8s1sy56ax4lo5k6","previousOperationId":"3ixmfbdk26wiwud"}
{"type":"log","timestamp":1705608736109,"level":"debug","message":"Base url not specified, skipping its injection.","meta":{"rootId":"tp9j0eb0pw1nd7h","id":"2emrabuf2bat3nn"},"id":"06k4cwm1f7ozl6g","previousOperationId":"3ixmfbdk26wiwud"}
{"type":"operationStart","subtype":"engine","name":"handlebars","timestamp":1705608736109,"id":"5bqz2zeee3y1bn1","previousEventId":"iee19wpo3opmaa6","operationId":"insfbv286m0iick","previousOperationId":"3ixmfbdk26wiwud"}
{"type":"log","timestamp":1705608736109,"level":"debug","message":"Rendering engine handlebars","meta":{"rootId":"tp9j0eb0pw1nd7h","id":"2emrabuf2bat3nn"},"id":"xxag17cxbdrg6yf","previousOperationId":"insfbv286m0iick"}
{"type":"operationEnd","operationId":"insfbv286m0iick","timestamp":1705608736147,"id":"f1kjiqo13alokt7","previousEventId":"5bqz2zeee3y1bn1","previousOperationId":"insfbv286m0iick"}
{"type":"operationStart","subtype":"recipe","name":"chrome-pdf","timestamp":1705608736147,"id":"9tsslx299jftumb","previousEventId":"f1kjiqo13alokt7","operationId":"va5re168zi4voeh","previousOperationId":"insfbv286m0iick"}
{"type":"log","timestamp":1705608736147,"level":"debug","message":"Executing recipe chrome-pdf","meta":{"rootId":"tp9j0eb0pw1nd7h","id":"2emrabuf2bat3nn"},"id":"5dujzw5yyok4pz2","previousOperationId":"va5re168zi4voeh"}
{"type":"log","timestamp":1705608736151,"level":"debug","message":"Converting with chrome HeadlessChrome/117.0.5938.149 using chrome-pool strategy","meta":{"rootId":"tp9j0eb0pw1nd7h","id":"2emrabuf2bat3nn"},"id":"vzdwr4l5kf4hye4","previousOperationId":"va5re168zi4voeh"}
{"type":"log","timestamp":1705608736291,"level":"debug","message":"Page request: GET (document) file:///C:/Users/DANIEL~1/AppData/Local/Temp/jsreport/autocleanup/f4b1d5e4-36a9-4c98-81e5-e679e1f660ff-chrome-pdf.html","meta":{"rootId":"tp9j0eb0pw1nd7h","id":"2emrabuf2bat3nn"},"id":"rvs05nvo0kxwquk","previousOperationId":"va5re168zi4voeh"}
{"type":"log","timestamp":1705608736306,"level":"debug","message":"Page request: GET (stylesheet) https://cdnjs.cloudflare.com/ajax/libs/metro/4.1.5/css/metro.min.css","meta":{"rootId":"tp9j0eb0pw1nd7h","id":"2emrabuf2bat3nn"},"id":"nkjycgnt8ljkspj","previousOperationId":"va5re168zi4voeh"}
{"type":"log","timestamp":1705608736307,"level":"debug","message":"Page request finished: GET (document) 200 file:///C:/Users/DANIEL~1/AppData/Local/Temp/jsreport/autocleanup/f4b1d5e4-36a9-4c98-81e5-e679e1f660ff-chrome-pdf.html","meta":{"rootId":"tp9j0eb0pw1nd7h","id":"2emrabuf2bat3nn"},"id":"80qmmdguq3qxkj0","previousOperationId":"va5re168zi4voeh"}
{"type":"log","timestamp":1705608736330,"level":"debug","message":"Page request finished: GET (stylesheet) 200 https://cdnjs.cloudflare.com/ajax/libs/metro/4.1.5/css/metro.min.css","meta":{"rootId":"tp9j0eb0pw1nd7h","id":"2emrabuf2bat3nn"},"id":"v2epq45v71shjz4","previousOperationId":"va5re168zi4voeh"}
{"type":"log","timestamp":1705608736353,"level":"debug","message":"Running chrome with params {\"printBackground\":true,\"marginTop\":\"1.5cm\",\"marginRight\":\"1.5cm\",\"marginLeft\":\"1.cm\",\"timeout\":59375,\"margin\":{\"top\":\"1.5cm\",\"right\":\"1.5cm\",\"left\":\"1.cm\"}}","meta":{"rootId":"tp9j0eb0pw1nd7h","id":"2emrabuf2bat3nn"},"id":"ok7oble3s0udqza","previousOperationId":"va5re168zi4voeh"}
{"type":"operationEnd","operationId":"va5re168zi4voeh","timestamp":1705608736403,"id":"jwk0u3qa3daf6be","previousEventId":"9tsslx299jftumb","previousOperationId":"va5re168zi4voeh"}
{"type":"log","timestamp":1705608736403,"level":"debug","message":"Skipping storing report.","meta":{"rootId":"tp9j0eb0pw1nd7h","id":"2emrabuf2bat3nn"},"id":"fvieqh0sfo6gza0","previousOperationId":"va5re168zi4voeh"}
{"type":"log","timestamp":1705608736403,"level":"info","message":"Rendering (child) request finished in 878 ms","meta":{"rootId":"tp9j0eb0pw1nd7h","id":"2emrabuf2bat3nn"},"id":"xgldco9sl4mtaom","previousOperationId":"va5re168zi4voeh"}
{"type":"operationEnd","subtype":"render","operationId":"3ixmfbdk26wiwud","timestamp":1705608736403,"id":"5lu4v2ovxyoonap","previousEventId":"jwk0u3qa3daf6be","previousOperationId":"va5re168zi4voeh"}
{"type":"operationEnd","operationId":"f6gk0dwqpawdjhu","timestamp":1705608736427,"id":"694ln0tn6xnrk2m","previousEventId":"oksjzoghxehjbfg","previousOperationId":"f6gk0dwqpawdjhu"}
{"type":"log","timestamp":1705608736427,"level":"debug","message":"pdf-utils postproces start","meta":{"rootId":"tp9j0eb0pw1nd7h","id":"tp9j0eb0pw1nd7h"},"id":"wo88stds3wm5kpn","previousOperationId":"f6gk0dwqpawdjhu"}
{"type":"log","timestamp":1705608736449,"level":"debug","message":"pdf-utils postproces end","meta":{"rootId":"tp9j0eb0pw1nd7h","id":"tp9j0eb0pw1nd7h"},"id":"0jms0y04qxud4um","previousOperationId":"f6gk0dwqpawdjhu"}
{"type":"operationEnd","operationId":"92b4n333uvwz66f","timestamp":1705608736450,"id":"khg3rgiqehp7c0m","previousEventId":"694ln0tn6xnrk2m","previousOperationId":"f6gk0dwqpawdjhu"}
{"type":"log","timestamp":1705608736450,"level":"info","message":"pdf-utils pdf processing was finished","meta":{"rootId":"tp9j0eb0pw1nd7h","id":"tp9j0eb0pw1nd7h"},"id":"6wshdr49un1riuw","previousOperationId":"92b4n333uvwz66f"}
{"type":"log","timestamp":1705608736450,"level":"debug","message":"Skipping storing report.","meta":{"rootId":"tp9j0eb0pw1nd7h","id":"tp9j0eb0pw1nd7h"},"id":"2z1ktmk6ilaxfsu","previousOperationId":"92b4n333uvwz66f"}
{"type":"log","timestamp":1705608736450,"level":"info","message":"Rendering request 8 finished in 925 ms","meta":{"rootId":"tp9j0eb0pw1nd7h","id":"tp9j0eb0pw1nd7h"},"id":"hygeuv49vknpmai","previousOperationId":"92b4n333uvwz66f"}
{"type":"operationEnd","subtype":"render","operationId":"klowg3muhy350wf","timestamp":1705608736450,"id":"1j3xef68ar8bpoq","previousEventId":"khg3rgiqehp7c0m","previousOperationId":"92b4n333uvwz66f"}
{"type":"operationEnd","doDiffs":false,"previousEventId":"8x6yka9gx0vwoa5","previousOperationId":"yua4xh00m0y2v20","operationId":"yua4xh00m0y2v20","timestamp":1705608736471,"id":"ifwr0p88u8stxvj"}
