{"type":"operationStart","subtype":"profile","data":{"_id":"68QxpEauUfcooJM9","timestamp":"2024-01-18T17:08:38.411Z","state":"queued","mode":"standard","creationDate":"2024-01-18T17:08:38.413Z","modificationDate":"2024-01-18T17:08:38.413Z","shortid":"mUhLDMc","$entitySet":"profiles"},"doDiffs":false,"timestamp":1705597718412,"id":"8tu1wihcehoeu7r","previousOperationId":null,"operationId":"5lnc3tn9yf1txpl"}
{"type":"log","level":"info","message":"Render request 11 queued for execution and waiting for available worker","previousOperationId":"5lnc3tn9yf1txpl","timestamp":1705597718412,"id":"92zm5rab0px51yh"}
{"type":"operationStart","subtype":"render","name":"orders-main","previousOperationId":"5lnc3tn9yf1txpl","timestamp":1705597718418,"id":"cejd3sw91g8424v","previousEventId":"8tu1wihcehoeu7r","operationId":"y4qzbzhyfklub7c"}
{"type":"log","timestamp":1705597718418,"level":"info","message":"Starting rendering request 11","meta":{"rootId":"tq7ihv1usw6ohv0","id":"tq7ihv1usw6ohv0"},"id":"d63z0lja3r37to2","previousOperationId":"y4qzbzhyfklub7c"}
{"type":"log","timestamp":1705597718418,"level":"info","message":"Rendering template { name: orders-main, recipe: chrome-pdf, engine: handlebars, preview: true }","meta":{"rootId":"tq7ihv1usw6ohv0","id":"tq7ihv1usw6ohv0"},"id":"g0tuy20eixb6kgw","previousOperationId":"y4qzbzhyfklub7c"}
{"type":"log","timestamp":1705597718419,"level":"debug","message":"Data item not defined for this template.","meta":{"rootId":"tq7ihv1usw6ohv0","id":"tq7ihv1usw6ohv0"},"id":"4qlomy9gndtk36w","previousOperationId":"y4qzbzhyfklub7c"}
{"type":"log","timestamp":1705597718420,"level":"debug","message":"Executing script orders-script (beforeRender)","meta":{"rootId":"tq7ihv1usw6ohv0","id":"tq7ihv1usw6ohv0"},"id":"5vaxvh0z5wp6t0d","previousOperationId":"y4qzbzhyfklub7c"}
{"type":"operationStart","subtype":"scriptsBeforeRender","name":"scripts beforeRender","timestamp":1705597718437,"id":"izyvuzhgpwai164","previousEventId":"cejd3sw91g8424v","operationId":"o10bbe3uv784i6g","previousOperationId":"y4qzbzhyfklub7c"}
{"type":"operationStart","subtype":"script","name":"scripts orders-script","previousOperationId":"o10bbe3uv784i6g","timestamp":1705597718437,"id":"w5xi16z0b3r53wc","previousEventId":"izyvuzhgpwai164","operationId":"8nd3xvl1ersoe4c"}
{"type":"log","timestamp":1705597718452,"level":"debug","message":"(console:log) [\"Race1\",\"Race2\"]","meta":{"userLevel":true,"rootId":"tq7ihv1usw6ohv0","id":"tq7ihv1usw6ohv0"},"id":"3imfagolyrrsj4r","previousOperationId":"8nd3xvl1ersoe4c"}
{"type":"log","timestamp":1705597718452,"level":"debug","message":"(console:log) [2,1]","meta":{"userLevel":true,"rootId":"tq7ihv1usw6ohv0","id":"tq7ihv1usw6ohv0"},"id":"9dnywrygnpuzlog","previousOperationId":"8nd3xvl1ersoe4c"}
{"type":"operationEnd","operationId":"8nd3xvl1ersoe4c","timestamp":1705597718453,"id":"zx75qw7e8thenll","previousEventId":"cejd3sw91g8424v","previousOperationId":"y4qzbzhyfklub7c"}
{"type":"operationEnd","operationId":"o10bbe3uv784i6g","timestamp":1705597718453,"id":"vonfve4iqbi1f3a","previousEventId":"zx75qw7e8thenll","previousOperationId":"y4qzbzhyfklub7c"}
{"type":"log","timestamp":1705597718453,"level":"debug","message":"Base url not specified, skipping its injection.","meta":{"rootId":"tq7ihv1usw6ohv0","id":"tq7ihv1usw6ohv0"},"id":"vauk4619l8li9p0","previousOperationId":"o10bbe3uv784i6g"}
{"type":"operationStart","subtype":"engine","name":"handlebars","timestamp":1705597718453,"id":"iu3dsp24zgawvoq","previousEventId":"vonfve4iqbi1f3a","operationId":"f3sm5gvhqhft1h2","previousOperationId":"o10bbe3uv784i6g"}
{"type":"log","timestamp":1705597718453,"level":"debug","message":"Rendering engine handlebars","meta":{"rootId":"tq7ihv1usw6ohv0","id":"tq7ihv1usw6ohv0"},"id":"0uxg9jy1m28h9sn","previousOperationId":"f3sm5gvhqhft1h2"}
{"type":"log","timestamp":1705597718467,"level":"debug","message":"(console:log) Pdf utils adding group field, value: \"Race1\"","meta":{"userLevel":true,"rootId":"tq7ihv1usw6ohv0","id":"tq7ihv1usw6ohv0"},"id":"d7idv9u8gh1qf25","previousOperationId":"f3sm5gvhqhft1h2"}
{"type":"log","timestamp":1705597718467,"level":"debug","message":"(console:log) Pdf utils adding group field, value: \"Race2\"","meta":{"userLevel":true,"rootId":"tq7ihv1usw6ohv0","id":"tq7ihv1usw6ohv0"},"id":"gpap59pha6680mu","previousOperationId":"f3sm5gvhqhft1h2"}
{"type":"operationEnd","operationId":"f3sm5gvhqhft1h2","timestamp":1705597718467,"id":"9omrhlrnpu1f6sm","previousEventId":"iu3dsp24zgawvoq","previousOperationId":"f3sm5gvhqhft1h2"}
{"type":"operationStart","subtype":"recipe","name":"chrome-pdf","timestamp":1705597718468,"id":"euynx51gb0nptb1","previousEventId":"9omrhlrnpu1f6sm","operationId":"ocd3hzlai4op7bq","previousOperationId":"f3sm5gvhqhft1h2"}
{"type":"log","timestamp":1705597718468,"level":"debug","message":"Executing recipe chrome-pdf","meta":{"rootId":"tq7ihv1usw6ohv0","id":"tq7ihv1usw6ohv0"},"id":"62uuy904iskmz0n","previousOperationId":"ocd3hzlai4op7bq"}
{"type":"log","timestamp":1705597718470,"level":"debug","message":"Converting with chrome HeadlessChrome/117.0.5938.149 using chrome-pool strategy","meta":{"rootId":"tq7ihv1usw6ohv0","id":"tq7ihv1usw6ohv0"},"id":"u2rvj1d07z0rxw0","previousOperationId":"ocd3hzlai4op7bq"}
{"type":"log","timestamp":1705597718537,"level":"debug","message":"Page request: GET (document) file:///C:/Users/DANIEL~1/AppData/Local/Temp/jsreport/autocleanup/68071103-3d05-4251-aaa1-e1e1b8772cce-chrome-pdf.html","meta":{"rootId":"tq7ihv1usw6ohv0","id":"tq7ihv1usw6ohv0"},"id":"6ttwa3vikugtpma","previousOperationId":"ocd3hzlai4op7bq"}
{"type":"log","timestamp":1705597718554,"level":"debug","message":"Page request: GET (stylesheet) https://cdnjs.cloudflare.com/ajax/libs/metro/4.1.5/css/metro.min.css","meta":{"rootId":"tq7ihv1usw6ohv0","id":"tq7ihv1usw6ohv0"},"id":"o82rs9b0w9kirmz","previousOperationId":"ocd3hzlai4op7bq"}
{"type":"log","timestamp":1705597718554,"level":"debug","message":"Page request: GET (script) https://cdnjs.cloudflare.com/ajax/libs/Chart.js/2.9.4/Chart.js","meta":{"rootId":"tq7ihv1usw6ohv0","id":"tq7ihv1usw6ohv0"},"id":"i9xo0ptkzg1l7tf","previousOperationId":"ocd3hzlai4op7bq"}
{"type":"log","timestamp":1705597718554,"level":"debug","message":"Page request finished: GET (document) 200 file:///C:/Users/DANIEL~1/AppData/Local/Temp/jsreport/autocleanup/68071103-3d05-4251-aaa1-e1e1b8772cce-chrome-pdf.html","meta":{"rootId":"tq7ihv1usw6ohv0","id":"tq7ihv1usw6ohv0"},"id":"xya4gj396n3zryk","previousOperationId":"ocd3hzlai4op7bq"}
{"type":"log","timestamp":1705597718567,"level":"debug","message":"Page request finished: GET (stylesheet) 200 https://cdnjs.cloudflare.com/ajax/libs/metro/4.1.5/css/metro.min.css","meta":{"rootId":"tq7ihv1usw6ohv0","id":"tq7ihv1usw6ohv0"},"id":"4m1ymejfxxyt6sz","previousOperationId":"ocd3hzlai4op7bq"}
{"type":"log","timestamp":1705597718567,"level":"debug","message":"Page request finished: GET (script) 200 https://cdnjs.cloudflare.com/ajax/libs/Chart.js/2.9.4/Chart.js","meta":{"rootId":"tq7ihv1usw6ohv0","id":"tq7ihv1usw6ohv0"},"id":"2cgcor2u7w57zg0","previousOperationId":"ocd3hzlai4op7bq"}
{"type":"log","timestamp":1705597718573,"level":"warn","message":"Page error: Unexpected token '&' , stack: SyntaxError: Unexpected token '&'","meta":{"rootId":"tq7ihv1usw6ohv0","id":"tq7ihv1usw6ohv0"},"id":"wcfihl8ygf1r6dk","previousOperationId":"ocd3hzlai4op7bq"}
{"type":"log","timestamp":1705597718592,"level":"debug","message":"Running chrome with params {\"printBackground\":true,\"marginTop\":\"4cm\",\"marginRight\":\"1.5cm\",\"marginBottom\":\"1.5cm\",\"marginLeft\":\"1.5cm\",\"waitForJS\":false,\"timeout\":59942,\"margin\":{\"top\":\"4cm\",\"right\":\"1.5cm\",\"bottom\":\"1.5cm\",\"left\":\"1.5cm\"}}","meta":{"rootId":"tq7ihv1usw6ohv0","id":"tq7ihv1usw6ohv0"},"id":"j6ox8m24gk8yq1z","previousOperationId":"ocd3hzlai4op7bq"}
{"type":"operationEnd","operationId":"ocd3hzlai4op7bq","timestamp":1705597718649,"id":"r9bm7i3v0oi3y6l","previousEventId":"euynx51gb0nptb1","previousOperationId":"ocd3hzlai4op7bq"}
{"type":"log","timestamp":1705597718649,"level":"info","message":"pdf-utils is starting pdf processing","meta":{"rootId":"tq7ihv1usw6ohv0","id":"tq7ihv1usw6ohv0"},"id":"u5y0qx1onq8b67q","previousOperationId":"ocd3hzlai4op7bq"}
{"type":"operationStart","subtype":"pdfUtils","name":"pdf utils","timestamp":1705597718649,"id":"8wi3s3219rcjjpm","previousEventId":"r9bm7i3v0oi3y6l","operationId":"x2kclsiq5n4l9hb","previousOperationId":"ocd3hzlai4op7bq"}
{"type":"log","timestamp":1705597718649,"level":"debug","message":"pdf-utils detected 1 pdf operation(s) to process","meta":{"rootId":"tq7ihv1usw6ohv0","id":"tq7ihv1usw6ohv0"},"id":"2pgrw3e802rro28","previousOperationId":"x2kclsiq5n4l9hb"}
{"type":"log","timestamp":1705597718676,"level":"debug","message":"pdf-utils running pdf operation merge","meta":{"rootId":"tq7ihv1usw6ohv0","id":"tq7ihv1usw6ohv0"},"id":"ouflerbrpwobj2h","previousOperationId":"x2kclsiq5n4l9hb"}
{"type":"operationStart","subtype":"pdfUtilsMerge","name":"pdf utils merge","previousOperationId":"x2kclsiq5n4l9hb","timestamp":1705597718676,"id":"1rdo65jx7jotqjs","previousEventId":"8wi3s3219rcjjpm","operationId":"9h462o7lzc6eo8p"}
{"type":"operationStart","subtype":"render","name":"orders-header","previousOperationId":"9h462o7lzc6eo8p","timestamp":1705597718677,"id":"8hv4laev7js7n7u","previousEventId":"1rdo65jx7jotqjs","operationId":"j3xveokwlznku96"}
{"type":"log","timestamp":1705597718677,"level":"info","message":"Starting rendering (child) request","meta":{"rootId":"tq7ihv1usw6ohv0","id":"lm3uheq7ji2ab3r"},"id":"c5j85c0en35252a","previousOperationId":"j3xveokwlznku96"}
{"type":"log","timestamp":1705597718677,"level":"info","message":"Rendering template { name: orders-header, recipe: chrome-pdf, engine: handlebars, preview: true }","meta":{"rootId":"tq7ihv1usw6ohv0","id":"lm3uheq7ji2ab3r"},"id":"1o2fpw9uarbgckn","previousOperationId":"j3xveokwlznku96"}
{"type":"log","timestamp":1705597718677,"level":"debug","message":"Inline data specified.","meta":{"rootId":"tq7ihv1usw6ohv0","id":"lm3uheq7ji2ab3r"},"id":"rs9yh9yu9bd62my","previousOperationId":"j3xveokwlznku96"}
{"type":"log","timestamp":1705597718679,"level":"debug","message":"Base url not specified, skipping its injection.","meta":{"rootId":"tq7ihv1usw6ohv0","id":"lm3uheq7ji2ab3r"},"id":"n5go51o0svm4t0t","previousOperationId":"j3xveokwlznku96"}
{"type":"operationStart","subtype":"engine","name":"handlebars","timestamp":1705597718679,"id":"qide1lyn5pc3gnr","previousEventId":"8hv4laev7js7n7u","operationId":"6mo1sjt9guy86sl","previousOperationId":"j3xveokwlznku96"}
{"type":"log","timestamp":1705597718679,"level":"debug","message":"Rendering engine handlebars","meta":{"rootId":"tq7ihv1usw6ohv0","id":"lm3uheq7ji2ab3r"},"id":"3n1q5qw0vesx6hx","previousOperationId":"6mo1sjt9guy86sl"}
{"type":"operationEnd","operationId":"6mo1sjt9guy86sl","timestamp":1705597718692,"id":"gevelrgg38mypon","previousEventId":"qide1lyn5pc3gnr","previousOperationId":"6mo1sjt9guy86sl"}
{"type":"operationStart","subtype":"recipe","name":"chrome-pdf","timestamp":1705597718692,"id":"zgwr5yl5ykpzbgv","previousEventId":"gevelrgg38mypon","operationId":"y9vmwaq361hvv8x","previousOperationId":"6mo1sjt9guy86sl"}
{"type":"log","timestamp":1705597718692,"level":"debug","message":"Executing recipe chrome-pdf","meta":{"rootId":"tq7ihv1usw6ohv0","id":"lm3uheq7ji2ab3r"},"id":"oljlzs4j0hgovz9","previousOperationId":"y9vmwaq361hvv8x"}
{"type":"log","timestamp":1705597718694,"level":"debug","message":"Converting with chrome HeadlessChrome/117.0.5938.149 using chrome-pool strategy","meta":{"rootId":"tq7ihv1usw6ohv0","id":"lm3uheq7ji2ab3r"},"id":"gx9alwgyf3clpaj","previousOperationId":"y9vmwaq361hvv8x"}
{"type":"log","timestamp":1705597718761,"level":"debug","message":"Page request: GET (document) file:///C:/Users/DANIEL~1/AppData/Local/Temp/jsreport/autocleanup/5f363ed0-5ae2-4cb3-b37f-c0a02ccb7c89-chrome-pdf.html","meta":{"rootId":"tq7ihv1usw6ohv0","id":"lm3uheq7ji2ab3r"},"id":"lj0y6ql2xb4yjs8","previousOperationId":"y9vmwaq361hvv8x"}
{"type":"log","timestamp":1705597718770,"level":"debug","message":"Page request: GET (stylesheet) https://cdnjs.cloudflare.com/ajax/libs/metro/4.1.5/css/metro.min.css","meta":{"rootId":"tq7ihv1usw6ohv0","id":"lm3uheq7ji2ab3r"},"id":"vfeikj8kt2edt5x","previousOperationId":"y9vmwaq361hvv8x"}
{"type":"log","timestamp":1705597718771,"level":"debug","message":"Page request finished: GET (document) 200 file:///C:/Users/DANIEL~1/AppData/Local/Temp/jsreport/autocleanup/5f363ed0-5ae2-4cb3-b37f-c0a02ccb7c89-chrome-pdf.html","meta":{"rootId":"tq7ihv1usw6ohv0","id":"lm3uheq7ji2ab3r"},"id":"mr63l5acmy9qkko","previousOperationId":"y9vmwaq361hvv8x"}
{"type":"log","timestamp":1705597718783,"level":"debug","message":"Page request finished: GET (stylesheet) 200 https://cdnjs.cloudflare.com/ajax/libs/metro/4.1.5/css/metro.min.css","meta":{"rootId":"tq7ihv1usw6ohv0","id":"lm3uheq7ji2ab3r"},"id":"d3zjvgylb4w7fub","previousOperationId":"y9vmwaq361hvv8x"}
{"type":"log","timestamp":1705597718795,"level":"debug","message":"Running chrome with params {\"printBackground\":true,\"marginTop\":\"1.5cm\",\"marginRight\":\"1.5cm\",\"marginLeft\":\"1.cm\",\"timeout\":59717,\"margin\":{\"top\":\"1.5cm\",\"right\":\"1.5cm\",\"left\":\"1.cm\"}}","meta":{"rootId":"tq7ihv1usw6ohv0","id":"lm3uheq7ji2ab3r"},"id":"tjyvrjl6pqp2287","previousOperationId":"y9vmwaq361hvv8x"}
{"type":"operationEnd","operationId":"y9vmwaq361hvv8x","timestamp":1705597718827,"id":"njui8iccl0uakp2","previousEventId":"zgwr5yl5ykpzbgv","previousOperationId":"y9vmwaq361hvv8x"}
{"type":"log","timestamp":1705597718827,"level":"debug","message":"Skipping storing report.","meta":{"rootId":"tq7ihv1usw6ohv0","id":"lm3uheq7ji2ab3r"},"id":"9p1qv8jcivnv4yy","previousOperationId":"y9vmwaq361hvv8x"}
{"type":"log","timestamp":1705597718827,"level":"info","message":"Rendering (child) request finished in 416 ms","meta":{"rootId":"tq7ihv1usw6ohv0","id":"lm3uheq7ji2ab3r"},"id":"e0e9n5ppxczkenq","previousOperationId":"y9vmwaq361hvv8x"}
{"type":"operationEnd","subtype":"render","operationId":"j3xveokwlznku96","timestamp":1705597718827,"id":"t02ph3fgm0pvqms","previousEventId":"njui8iccl0uakp2","previousOperationId":"y9vmwaq361hvv8x"}
{"type":"operationEnd","operationId":"9h462o7lzc6eo8p","timestamp":1705597718839,"id":"353h8qapxuox1no","previousEventId":"1rdo65jx7jotqjs","previousOperationId":"9h462o7lzc6eo8p"}
{"type":"log","timestamp":1705597718839,"level":"debug","message":"pdf-utils postproces start","meta":{"rootId":"tq7ihv1usw6ohv0","id":"tq7ihv1usw6ohv0"},"id":"g9im00crfa8bvqw","previousOperationId":"9h462o7lzc6eo8p"}
{"type":"log","timestamp":1705597718848,"level":"debug","message":"pdf-utils postproces end","meta":{"rootId":"tq7ihv1usw6ohv0","id":"tq7ihv1usw6ohv0"},"id":"lojue5qx7jvc3a3","previousOperationId":"9h462o7lzc6eo8p"}
{"type":"operationEnd","operationId":"x2kclsiq5n4l9hb","timestamp":1705597718848,"id":"frn01ovnpphzq0g","previousEventId":"353h8qapxuox1no","previousOperationId":"9h462o7lzc6eo8p"}
{"type":"log","timestamp":1705597718848,"level":"info","message":"pdf-utils pdf processing was finished","meta":{"rootId":"tq7ihv1usw6ohv0","id":"tq7ihv1usw6ohv0"},"id":"m4hzbup6p95k8fl","previousOperationId":"x2kclsiq5n4l9hb"}
{"type":"log","timestamp":1705597718848,"level":"debug","message":"Skipping storing report.","meta":{"rootId":"tq7ihv1usw6ohv0","id":"tq7ihv1usw6ohv0"},"id":"v5ez555ql0ejnnq","previousOperationId":"x2kclsiq5n4l9hb"}
{"type":"log","timestamp":1705597718848,"level":"info","message":"Rendering request 11 finished in 437 ms","meta":{"rootId":"tq7ihv1usw6ohv0","id":"tq7ihv1usw6ohv0"},"id":"3i0pl4k42a42ljm","previousOperationId":"x2kclsiq5n4l9hb"}
{"type":"operationEnd","subtype":"render","operationId":"y4qzbzhyfklub7c","timestamp":1705597718848,"id":"asc0f8vbwistb1h","previousEventId":"frn01ovnpphzq0g","previousOperationId":"x2kclsiq5n4l9hb"}
{"type":"operationEnd","doDiffs":false,"previousEventId":"8tu1wihcehoeu7r","previousOperationId":"5lnc3tn9yf1txpl","operationId":"5lnc3tn9yf1txpl","timestamp":1705597718855,"id":"om5lx23w50xhi1z"}
