{"type":"operationStart","subtype":"profile","data":{"_id":"ph9HR2PfBFrfbW1n","timestamp":"2024-01-17T16:43:56.588Z","state":"queued","mode":"standard","creationDate":"2024-01-17T16:43:56.590Z","modificationDate":"2024-01-17T16:43:56.590Z","shortid":"yR1IWw-","$entitySet":"profiles"},"doDiffs":false,"timestamp":1705509836589,"id":"vxe9qz0q1p0f8ld","previousOperationId":null,"operationId":"b35lddgdky3ipf4"}
{"type":"log","level":"info","message":"Render request 62 queued for execution and waiting for available worker","previousOperationId":"b35lddgdky3ipf4","timestamp":1705509836589,"id":"sorkdmb4hz0qwbz"}
{"type":"operationStart","subtype":"render","name":"orders-main","previousOperationId":"b35lddgdky3ipf4","timestamp":1705509836596,"id":"kavhn80oqi9qa89","previousEventId":"vxe9qz0q1p0f8ld","operationId":"4ecmfg5pq8fwbo0"}
{"type":"log","timestamp":1705509836596,"level":"info","message":"Starting rendering request 62","meta":{"rootId":"tqxfbwklx2ivvf7","id":"tqxfbwklx2ivvf7"},"id":"6jld06vwibrn4x3","previousOperationId":"4ecmfg5pq8fwbo0"}
{"type":"log","timestamp":1705509836597,"level":"info","message":"Rendering template { name: orders-main, recipe: chrome-pdf, engine: handlebars, preview: true }","meta":{"rootId":"tqxfbwklx2ivvf7","id":"tqxfbwklx2ivvf7"},"id":"bktrvr3knyrm99m","previousOperationId":"4ecmfg5pq8fwbo0"}
{"type":"log","timestamp":1705509836599,"level":"debug","message":"Data item not defined for this template.","meta":{"rootId":"tqxfbwklx2ivvf7","id":"tqxfbwklx2ivvf7"},"id":"30x7ag53ksrq8xi","previousOperationId":"4ecmfg5pq8fwbo0"}
{"type":"log","timestamp":1705509836601,"level":"debug","message":"Executing script orders-script (beforeRender)","meta":{"rootId":"tqxfbwklx2ivvf7","id":"tqxfbwklx2ivvf7"},"id":"naoe5nz5q22crg2","previousOperationId":"4ecmfg5pq8fwbo0"}
{"type":"operationStart","subtype":"scriptsBeforeRender","name":"scripts beforeRender","timestamp":1705509836837,"id":"e9vjbf4jllaaum3","previousEventId":"kavhn80oqi9qa89","operationId":"hdt2333ukgidgyw","previousOperationId":"4ecmfg5pq8fwbo0"}
{"type":"operationStart","subtype":"script","name":"scripts orders-script","previousOperationId":"hdt2333ukgidgyw","timestamp":1705509836837,"id":"zoef0zy77zz4uio","previousEventId":"e9vjbf4jllaaum3","operationId":"4vn4ei5iejni9w4"}
{"type":"operationEnd","operationId":"4vn4ei5iejni9w4","timestamp":1705509836863,"id":"huyijcxlofh5l70","previousEventId":"kavhn80oqi9qa89","previousOperationId":"4ecmfg5pq8fwbo0"}
{"type":"operationEnd","operationId":"hdt2333ukgidgyw","timestamp":1705509836863,"id":"m8ynsn8b2k5fzvk","previousEventId":"huyijcxlofh5l70","previousOperationId":"4ecmfg5pq8fwbo0"}
{"type":"log","timestamp":1705509836863,"level":"debug","message":"Base url not specified, skipping its injection.","meta":{"rootId":"tqxfbwklx2ivvf7","id":"tqxfbwklx2ivvf7"},"id":"0syxbar4lvmrm9w","previousOperationId":"hdt2333ukgidgyw"}
{"type":"operationStart","subtype":"engine","name":"handlebars","timestamp":1705509836863,"id":"6vckg99b76wy0i3","previousEventId":"m8ynsn8b2k5fzvk","operationId":"udqe9by9c1cpsdm","previousOperationId":"hdt2333ukgidgyw"}
{"type":"log","timestamp":1705509836863,"level":"debug","message":"Rendering engine handlebars","meta":{"rootId":"tqxfbwklx2ivvf7","id":"tqxfbwklx2ivvf7"},"id":"2w00knhy7b9dofi","previousOperationId":"udqe9by9c1cpsdm"}
{"type":"log","timestamp":1705509837083,"level":"debug","message":"(console:log) Pdf utils adding group field, value: \"Race1\"","meta":{"userLevel":true,"rootId":"tqxfbwklx2ivvf7","id":"tqxfbwklx2ivvf7"},"id":"tb909wem0naycn3","previousOperationId":"udqe9by9c1cpsdm"}
{"type":"log","timestamp":1705509837084,"level":"debug","message":"(console:log) Pdf utils adding group field, value: \"Race2\"","meta":{"userLevel":true,"rootId":"tqxfbwklx2ivvf7","id":"tqxfbwklx2ivvf7"},"id":"hz0uflflj96crgp","previousOperationId":"udqe9by9c1cpsdm"}
{"type":"operationEnd","operationId":"udqe9by9c1cpsdm","timestamp":1705509837084,"id":"d3drkgy6scefskf","previousEventId":"6vckg99b76wy0i3","previousOperationId":"udqe9by9c1cpsdm"}
{"type":"operationStart","subtype":"recipe","name":"chrome-pdf","timestamp":1705509837085,"id":"is419yqloa4av8s","previousEventId":"d3drkgy6scefskf","operationId":"ol4twugzgxpnbw6","previousOperationId":"udqe9by9c1cpsdm"}
{"type":"log","timestamp":1705509837085,"level":"debug","message":"Executing recipe chrome-pdf","meta":{"rootId":"tqxfbwklx2ivvf7","id":"tqxfbwklx2ivvf7"},"id":"e973xc8rvmr7wrp","previousOperationId":"ol4twugzgxpnbw6"}
{"type":"log","timestamp":1705509837578,"level":"debug","message":"Converting with chrome HeadlessChrome/117.0.5938.149 using chrome-pool strategy","meta":{"rootId":"tqxfbwklx2ivvf7","id":"tqxfbwklx2ivvf7"},"id":"wv72stoy3rf25hi","previousOperationId":"ol4twugzgxpnbw6"}
{"type":"log","timestamp":1705509838898,"level":"debug","message":"Page request: GET (document) file:///C:/Users/DANIEL~1/AppData/Local/Temp/jsreport/autocleanup/4535d7a1-960e-4a13-8222-65a2a3559204-chrome-pdf.html","meta":{"rootId":"tqxfbwklx2ivvf7","id":"tqxfbwklx2ivvf7"},"id":"56dhpn2lfe6fvkp","previousOperationId":"ol4twugzgxpnbw6"}
{"type":"log","timestamp":1705509838912,"level":"debug","message":"Page request: GET (stylesheet) https://cdnjs.cloudflare.com/ajax/libs/metro/4.1.5/css/metro.min.css","meta":{"rootId":"tqxfbwklx2ivvf7","id":"tqxfbwklx2ivvf7"},"id":"wykok51nrfcjvyf","previousOperationId":"ol4twugzgxpnbw6"}
{"type":"log","timestamp":1705509838913,"level":"debug","message":"Page request: GET (script) https://cdnjs.cloudflare.com/ajax/libs/Chart.js/2.7.2/Chart.min.js","meta":{"rootId":"tqxfbwklx2ivvf7","id":"tqxfbwklx2ivvf7"},"id":"nbu821qz7u2rsl8","previousOperationId":"ol4twugzgxpnbw6"}
{"type":"log","timestamp":1705509838913,"level":"debug","message":"Page request finished: GET (document) 200 file:///C:/Users/DANIEL~1/AppData/Local/Temp/jsreport/autocleanup/4535d7a1-960e-4a13-8222-65a2a3559204-chrome-pdf.html","meta":{"rootId":"tqxfbwklx2ivvf7","id":"tqxfbwklx2ivvf7"},"id":"pi139dspsthacjc","previousOperationId":"ol4twugzgxpnbw6"}
{"type":"log","timestamp":1705509841442,"level":"debug","message":"Page request finished: GET (stylesheet) 200 https://cdnjs.cloudflare.com/ajax/libs/metro/4.1.5/css/metro.min.css","meta":{"rootId":"tqxfbwklx2ivvf7","id":"tqxfbwklx2ivvf7"},"id":"ddfzq73367891dd","previousOperationId":"ol4twugzgxpnbw6"}
{"type":"log","timestamp":1705509841442,"level":"debug","message":"Page request finished: GET (script) 200 https://cdnjs.cloudflare.com/ajax/libs/Chart.js/2.7.2/Chart.min.js","meta":{"rootId":"tqxfbwklx2ivvf7","id":"tqxfbwklx2ivvf7"},"id":"x9s9oouy9s19iov","previousOperationId":"ol4twugzgxpnbw6"}
{"type":"log","timestamp":1705509841468,"level":"debug","message":"Running chrome with params {\"printBackground\":true,\"marginTop\":\"4cm\",\"marginRight\":\"1.5cm\",\"marginBottom\":\"1.5cm\",\"marginLeft\":\"1.5cm\",\"waitForJS\":false,\"timeout\":59128,\"margin\":{\"top\":\"4cm\",\"right\":\"1.5cm\",\"bottom\":\"1.5cm\",\"left\":\"1.5cm\"}}","meta":{"rootId":"tqxfbwklx2ivvf7","id":"tqxfbwklx2ivvf7"},"id":"858ezcn2co59f1x","previousOperationId":"ol4twugzgxpnbw6"}
{"type":"operationEnd","operationId":"ol4twugzgxpnbw6","timestamp":1705509841522,"id":"mcxktbd68a6tdlq","previousEventId":"is419yqloa4av8s","previousOperationId":"ol4twugzgxpnbw6"}
{"type":"log","timestamp":1705509841522,"level":"info","message":"pdf-utils is starting pdf processing","meta":{"rootId":"tqxfbwklx2ivvf7","id":"tqxfbwklx2ivvf7"},"id":"bsdnmzj1716fiq2","previousOperationId":"ol4twugzgxpnbw6"}
{"type":"operationStart","subtype":"pdfUtils","name":"pdf utils","timestamp":1705509841711,"id":"fin12l9edizp1a0","previousEventId":"mcxktbd68a6tdlq","operationId":"gufc5k67zhy6j8r","previousOperationId":"ol4twugzgxpnbw6"}
{"type":"log","timestamp":1705509841711,"level":"debug","message":"pdf-utils detected 1 pdf operation(s) to process","meta":{"rootId":"tqxfbwklx2ivvf7","id":"tqxfbwklx2ivvf7"},"id":"mhlgepz4hly2qsn","previousOperationId":"gufc5k67zhy6j8r"}
{"type":"log","timestamp":1705509841874,"level":"debug","message":"pdf-utils running pdf operation merge","meta":{"rootId":"tqxfbwklx2ivvf7","id":"tqxfbwklx2ivvf7"},"id":"14kyfc24thtd8ro","previousOperationId":"gufc5k67zhy6j8r"}
{"type":"operationStart","subtype":"pdfUtilsMerge","name":"pdf utils merge","previousOperationId":"gufc5k67zhy6j8r","timestamp":1705509841874,"id":"bmyil93mri8zufb","previousEventId":"fin12l9edizp1a0","operationId":"35yu4puxx5p46ja"}
{"type":"operationStart","subtype":"render","name":"orders-header","previousOperationId":"35yu4puxx5p46ja","timestamp":1705509841876,"id":"pge0rkmkaoyxosx","previousEventId":"bmyil93mri8zufb","operationId":"ns6avlmpd6id6o0"}
{"type":"log","timestamp":1705509841876,"level":"info","message":"Starting rendering (child) request","meta":{"rootId":"tqxfbwklx2ivvf7","id":"vqtk9vepwqzyvrf"},"id":"d8kn21uaok368kf","previousOperationId":"ns6avlmpd6id6o0"}
{"type":"log","timestamp":1705509841876,"level":"info","message":"Rendering template { name: orders-header, recipe: chrome-pdf, engine: handlebars, preview: true }","meta":{"rootId":"tqxfbwklx2ivvf7","id":"vqtk9vepwqzyvrf"},"id":"vr5se9u0xwuhxos","previousOperationId":"ns6avlmpd6id6o0"}
{"type":"log","timestamp":1705509841879,"level":"debug","message":"Inline data specified.","meta":{"rootId":"tqxfbwklx2ivvf7","id":"vqtk9vepwqzyvrf"},"id":"wdjwmg43j2otqhi","previousOperationId":"ns6avlmpd6id6o0"}
{"type":"log","timestamp":1705509841880,"level":"debug","message":"Base url not specified, skipping its injection.","meta":{"rootId":"tqxfbwklx2ivvf7","id":"vqtk9vepwqzyvrf"},"id":"4v7a159c8op9bcq","previousOperationId":"ns6avlmpd6id6o0"}
{"type":"operationStart","subtype":"engine","name":"handlebars","timestamp":1705509841880,"id":"5y30n2akgq49osa","previousEventId":"pge0rkmkaoyxosx","operationId":"0011bdhuklhm9pu","previousOperationId":"ns6avlmpd6id6o0"}
{"type":"log","timestamp":1705509841880,"level":"debug","message":"Rendering engine handlebars","meta":{"rootId":"tqxfbwklx2ivvf7","id":"vqtk9vepwqzyvrf"},"id":"qti524qwab7b68u","previousOperationId":"0011bdhuklhm9pu"}
{"type":"operationEnd","operationId":"0011bdhuklhm9pu","timestamp":1705509841896,"id":"eblp3mim5jgjbt0","previousEventId":"5y30n2akgq49osa","previousOperationId":"0011bdhuklhm9pu"}
{"type":"operationStart","subtype":"recipe","name":"chrome-pdf","timestamp":1705509841896,"id":"yf06yx4avku4kt1","previousEventId":"eblp3mim5jgjbt0","operationId":"8ty1m7fhrm2174y","previousOperationId":"0011bdhuklhm9pu"}
{"type":"log","timestamp":1705509841896,"level":"debug","message":"Executing recipe chrome-pdf","meta":{"rootId":"tqxfbwklx2ivvf7","id":"vqtk9vepwqzyvrf"},"id":"u54nkydp1x8sy7s","previousOperationId":"8ty1m7fhrm2174y"}
{"type":"log","timestamp":1705509841898,"level":"debug","message":"Converting with chrome HeadlessChrome/117.0.5938.149 using chrome-pool strategy","meta":{"rootId":"tqxfbwklx2ivvf7","id":"vqtk9vepwqzyvrf"},"id":"54oyitupislvbg6","previousOperationId":"8ty1m7fhrm2174y"}
{"type":"log","timestamp":1705509841958,"level":"debug","message":"Page request: GET (document) file:///C:/Users/DANIEL~1/AppData/Local/Temp/jsreport/autocleanup/deb85d15-0a39-48b5-98ef-479eca8e6156-chrome-pdf.html","meta":{"rootId":"tqxfbwklx2ivvf7","id":"vqtk9vepwqzyvrf"},"id":"17orby0gg0jfz4j","previousOperationId":"8ty1m7fhrm2174y"}
{"type":"log","timestamp":1705509841964,"level":"debug","message":"Page request: GET (stylesheet) https://cdnjs.cloudflare.com/ajax/libs/metro/4.1.5/css/metro.min.css","meta":{"rootId":"tqxfbwklx2ivvf7","id":"vqtk9vepwqzyvrf"},"id":"c9v9psajjmqeuhs","previousOperationId":"8ty1m7fhrm2174y"}
{"type":"log","timestamp":1705509841965,"level":"debug","message":"Page request finished: GET (document) 200 file:///C:/Users/DANIEL~1/AppData/Local/Temp/jsreport/autocleanup/deb85d15-0a39-48b5-98ef-479eca8e6156-chrome-pdf.html","meta":{"rootId":"tqxfbwklx2ivvf7","id":"vqtk9vepwqzyvrf"},"id":"2a83j18dl7rpucr","previousOperationId":"8ty1m7fhrm2174y"}
{"type":"log","timestamp":1705509841975,"level":"debug","message":"Page request finished: GET (stylesheet) 200 https://cdnjs.cloudflare.com/ajax/libs/metro/4.1.5/css/metro.min.css","meta":{"rootId":"tqxfbwklx2ivvf7","id":"vqtk9vepwqzyvrf"},"id":"axrjyavsp88to2k","previousOperationId":"8ty1m7fhrm2174y"}
{"type":"log","timestamp":1705509841988,"level":"debug","message":"Running chrome with params {\"printBackground\":true,\"marginTop\":\"1.5cm\",\"marginRight\":\"1.5cm\",\"marginLeft\":\"1.cm\",\"timeout\":54691,\"margin\":{\"top\":\"1.5cm\",\"right\":\"1.5cm\",\"left\":\"1.cm\"}}","meta":{"rootId":"tqxfbwklx2ivvf7","id":"vqtk9vepwqzyvrf"},"id":"rz5och95ewtigdh","previousOperationId":"8ty1m7fhrm2174y"}
{"type":"operationEnd","operationId":"8ty1m7fhrm2174y","timestamp":1705509842013,"id":"s38oymsfk18clfo","previousEventId":"yf06yx4avku4kt1","previousOperationId":"8ty1m7fhrm2174y"}
{"type":"log","timestamp":1705509842014,"level":"debug","message":"Skipping storing report.","meta":{"rootId":"tqxfbwklx2ivvf7","id":"vqtk9vepwqzyvrf"},"id":"9esxaxdxtsm3blx","previousOperationId":"8ty1m7fhrm2174y"}
{"type":"log","timestamp":1705509842014,"level":"info","message":"Rendering (child) request finished in 5426 ms","meta":{"rootId":"tqxfbwklx2ivvf7","id":"vqtk9vepwqzyvrf"},"id":"kous321d0yzayn4","previousOperationId":"8ty1m7fhrm2174y"}
{"type":"operationEnd","subtype":"render","operationId":"ns6avlmpd6id6o0","timestamp":1705509842014,"id":"co159aavobx4p94","previousEventId":"s38oymsfk18clfo","previousOperationId":"8ty1m7fhrm2174y"}
{"type":"operationEnd","operationId":"35yu4puxx5p46ja","timestamp":1705509842030,"id":"26ac6ikd22g26o6","previousEventId":"bmyil93mri8zufb","previousOperationId":"35yu4puxx5p46ja"}
{"type":"log","timestamp":1705509842030,"level":"debug","message":"pdf-utils postproces start","meta":{"rootId":"tqxfbwklx2ivvf7","id":"tqxfbwklx2ivvf7"},"id":"a3wvsyq0zox7lfd","previousOperationId":"35yu4puxx5p46ja"}
{"type":"log","timestamp":1705509842041,"level":"debug","message":"pdf-utils postproces end","meta":{"rootId":"tqxfbwklx2ivvf7","id":"tqxfbwklx2ivvf7"},"id":"hjdd0v1aczon9vv","previousOperationId":"35yu4puxx5p46ja"}
{"type":"operationEnd","operationId":"gufc5k67zhy6j8r","timestamp":1705509842041,"id":"l8c4i1bok79j5kn","previousEventId":"26ac6ikd22g26o6","previousOperationId":"35yu4puxx5p46ja"}
{"type":"log","timestamp":1705509842041,"level":"info","message":"pdf-utils pdf processing was finished","meta":{"rootId":"tqxfbwklx2ivvf7","id":"tqxfbwklx2ivvf7"},"id":"aj5fkis74xqxc02","previousOperationId":"gufc5k67zhy6j8r"}
{"type":"log","timestamp":1705509842041,"level":"debug","message":"Skipping storing report.","meta":{"rootId":"tqxfbwklx2ivvf7","id":"tqxfbwklx2ivvf7"},"id":"uvlo0hiyrz85ecw","previousOperationId":"gufc5k67zhy6j8r"}
{"type":"log","timestamp":1705509842042,"level":"info","message":"Rendering request 62 finished in 5454 ms","meta":{"rootId":"tqxfbwklx2ivvf7","id":"tqxfbwklx2ivvf7"},"id":"e1aamwvoon6nonu","previousOperationId":"gufc5k67zhy6j8r"}
{"type":"operationEnd","subtype":"render","operationId":"4ecmfg5pq8fwbo0","timestamp":1705509842042,"id":"cge3bcqp4o6deow","previousEventId":"l8c4i1bok79j5kn","previousOperationId":"gufc5k67zhy6j8r"}
{"type":"operationEnd","doDiffs":false,"previousEventId":"vxe9qz0q1p0f8ld","previousOperationId":"b35lddgdky3ipf4","operationId":"b35lddgdky3ipf4","timestamp":1705509842050,"id":"rxicdebghfle0k2"}
