{"type":"operationStart","subtype":"profile","data":{"_id":"RfwP3QDmdtsv3WlM","timestamp":"2024-01-18T18:16:56.209Z","state":"queued","mode":"standard","creationDate":"2024-01-18T18:16:56.211Z","modificationDate":"2024-01-18T18:16:56.211Z","shortid":"osjAmiz","$entitySet":"profiles"},"doDiffs":false,"timestamp":1705601816210,"id":"oop02tcepi7pjc5","previousOperationId":null,"operationId":"lf4yb7jdbs4m5zp"}
{"type":"log","level":"info","message":"Render request 31 queued for execution and waiting for available worker","previousOperationId":"lf4yb7jdbs4m5zp","timestamp":1705601816210,"id":"xzmmlzssum4sznk"}
{"type":"operationStart","subtype":"render","name":"orders-main","previousOperationId":"lf4yb7jdbs4m5zp","timestamp":1705601816217,"id":"wfzkaya3zgmrc7l","previousEventId":"oop02tcepi7pjc5","operationId":"e8wqgsoax7jlsiy"}
{"type":"log","timestamp":1705601816217,"level":"info","message":"Starting rendering request 31","meta":{"rootId":"ur7olyyxzxwas44","id":"ur7olyyxzxwas44"},"id":"n44oi2hcltsz9lg","previousOperationId":"e8wqgsoax7jlsiy"}
{"type":"log","timestamp":1705601816217,"level":"info","message":"Rendering template { name: orders-main, recipe: chrome-pdf, engine: handlebars, preview: true }","meta":{"rootId":"ur7olyyxzxwas44","id":"ur7olyyxzxwas44"},"id":"yz3i7682rf9c083","previousOperationId":"e8wqgsoax7jlsiy"}
{"type":"log","timestamp":1705601816217,"level":"debug","message":"Data item not defined for this template.","meta":{"rootId":"ur7olyyxzxwas44","id":"ur7olyyxzxwas44"},"id":"ubzzyqtp1aew3o0","previousOperationId":"e8wqgsoax7jlsiy"}
{"type":"log","timestamp":1705601816219,"level":"debug","message":"Executing script orders-script (beforeRender)","meta":{"rootId":"ur7olyyxzxwas44","id":"ur7olyyxzxwas44"},"id":"88zb4vn20vmqjah","previousOperationId":"e8wqgsoax7jlsiy"}
{"type":"operationStart","subtype":"scriptsBeforeRender","name":"scripts beforeRender","timestamp":1705601816227,"id":"v72b4yjtwflg6yp","previousEventId":"wfzkaya3zgmrc7l","operationId":"r1n6xr5z1zdcl0o","previousOperationId":"e8wqgsoax7jlsiy"}
{"type":"operationStart","subtype":"script","name":"scripts orders-script","previousOperationId":"r1n6xr5z1zdcl0o","timestamp":1705601816227,"id":"yyc1yzp9b9dh4pi","previousEventId":"v72b4yjtwflg6yp","operationId":"o8tfzme4egsy3n1"}
{"type":"log","timestamp":1705601816236,"level":"debug","message":"(console:log) [ 'Race1', 'Race2' ]","meta":{"userLevel":true,"rootId":"ur7olyyxzxwas44","id":"ur7olyyxzxwas44"},"id":"n3f7f0eaqqiqgpn","previousOperationId":"o8tfzme4egsy3n1"}
{"type":"log","timestamp":1705601816236,"level":"debug","message":"(console:log) [ 2, 1 ]","meta":{"userLevel":true,"rootId":"ur7olyyxzxwas44","id":"ur7olyyxzxwas44"},"id":"ue72n9ecet4nzf9","previousOperationId":"o8tfzme4egsy3n1"}
{"type":"operationEnd","operationId":"o8tfzme4egsy3n1","timestamp":1705601816236,"id":"ap2i0sd6w1p76qj","previousEventId":"wfzkaya3zgmrc7l","previousOperationId":"e8wqgsoax7jlsiy"}
{"type":"operationEnd","operationId":"r1n6xr5z1zdcl0o","timestamp":1705601816236,"id":"u9dwwsxtrfwpjxo","previousEventId":"ap2i0sd6w1p76qj","previousOperationId":"e8wqgsoax7jlsiy"}
{"type":"log","timestamp":1705601816236,"level":"debug","message":"Base url not specified, skipping its injection.","meta":{"rootId":"ur7olyyxzxwas44","id":"ur7olyyxzxwas44"},"id":"a3eriojmtbx64bl","previousOperationId":"r1n6xr5z1zdcl0o"}
{"type":"operationStart","subtype":"engine","name":"handlebars","timestamp":1705601816236,"id":"tro0lpkt8l8bylf","previousEventId":"u9dwwsxtrfwpjxo","operationId":"lw7c0ru1xjftb5z","previousOperationId":"r1n6xr5z1zdcl0o"}
{"type":"log","timestamp":1705601816236,"level":"debug","message":"Rendering engine handlebars","meta":{"rootId":"ur7olyyxzxwas44","id":"ur7olyyxzxwas44"},"id":"f4dbxilpzl7ud5k","previousOperationId":"lw7c0ru1xjftb5z"}
{"type":"log","timestamp":1705601816251,"level":"debug","message":"(console:log) Pdf utils adding group field, value: \"Race1\"","meta":{"userLevel":true,"rootId":"ur7olyyxzxwas44","id":"ur7olyyxzxwas44"},"id":"e4jcxd29k2ly909","previousOperationId":"lw7c0ru1xjftb5z"}
{"type":"log","timestamp":1705601816251,"level":"debug","message":"(console:log) Pdf utils adding group field, value: \"Race2\"","meta":{"userLevel":true,"rootId":"ur7olyyxzxwas44","id":"ur7olyyxzxwas44"},"id":"okgfaiktiwmhkwp","previousOperationId":"lw7c0ru1xjftb5z"}
{"type":"operationEnd","operationId":"lw7c0ru1xjftb5z","timestamp":1705601816251,"id":"tiahsayn8ev60ui","previousEventId":"tro0lpkt8l8bylf","previousOperationId":"lw7c0ru1xjftb5z"}
{"type":"operationStart","subtype":"recipe","name":"chrome-pdf","timestamp":1705601816251,"id":"zsjv79mesq4lr2j","previousEventId":"tiahsayn8ev60ui","operationId":"u0cm6roww5ckpgn","previousOperationId":"lw7c0ru1xjftb5z"}
{"type":"log","timestamp":1705601816251,"level":"debug","message":"Executing recipe chrome-pdf","meta":{"rootId":"ur7olyyxzxwas44","id":"ur7olyyxzxwas44"},"id":"gffbxcd4nchcngv","previousOperationId":"u0cm6roww5ckpgn"}
{"type":"log","timestamp":1705601816255,"level":"debug","message":"Converting with chrome HeadlessChrome/117.0.5938.149 using chrome-pool strategy","meta":{"rootId":"ur7olyyxzxwas44","id":"ur7olyyxzxwas44"},"id":"roilew4d1c3fglg","previousOperationId":"u0cm6roww5ckpgn"}
{"type":"log","timestamp":1705601816325,"level":"debug","message":"Page request: GET (document) file:///C:/Users/DANIEL~1/AppData/Local/Temp/jsreport/autocleanup/092d4684-b7a3-4920-aa21-5242de482f17-chrome-pdf.html","meta":{"rootId":"ur7olyyxzxwas44","id":"ur7olyyxzxwas44"},"id":"b2rjyucwi3qh2xd","previousOperationId":"u0cm6roww5ckpgn"}
{"type":"log","timestamp":1705601816349,"level":"debug","message":"Page request: GET (stylesheet) https://cdnjs.cloudflare.com/ajax/libs/metro/4.1.5/css/metro.min.css","meta":{"rootId":"ur7olyyxzxwas44","id":"ur7olyyxzxwas44"},"id":"7zexuyfoearxvkc","previousOperationId":"u0cm6roww5ckpgn"}
{"type":"log","timestamp":1705601816349,"level":"debug","message":"Page request: GET (script) https://cdn.jsdelivr.net/npm/chart.js","meta":{"rootId":"ur7olyyxzxwas44","id":"ur7olyyxzxwas44"},"id":"46kwdqgdy9opclk","previousOperationId":"u0cm6roww5ckpgn"}
{"type":"log","timestamp":1705601816350,"level":"debug","message":"Page request finished: GET (document) 200 file:///C:/Users/DANIEL~1/AppData/Local/Temp/jsreport/autocleanup/092d4684-b7a3-4920-aa21-5242de482f17-chrome-pdf.html","meta":{"rootId":"ur7olyyxzxwas44","id":"ur7olyyxzxwas44"},"id":"kec7x52htpaf5ve","previousOperationId":"u0cm6roww5ckpgn"}
{"type":"log","timestamp":1705601816353,"level":"debug","message":"Page request finished: GET (script) 200 https://cdn.jsdelivr.net/npm/chart.js","meta":{"rootId":"ur7olyyxzxwas44","id":"ur7olyyxzxwas44"},"id":"asypf2psp7cln2w","previousOperationId":"u0cm6roww5ckpgn"}
{"type":"log","timestamp":1705601816362,"level":"debug","message":"Page request finished: GET (stylesheet) 200 https://cdnjs.cloudflare.com/ajax/libs/metro/4.1.5/css/metro.min.css","meta":{"rootId":"ur7olyyxzxwas44","id":"ur7olyyxzxwas44"},"id":"jmjpl51zmvg1qgu","previousOperationId":"u0cm6roww5ckpgn"}
{"type":"log","timestamp":1705601816365,"level":"warn","message":"Page error: this.map is not a function , stack: TypeError: this.map is not a function\n    at <anonymous> (file:///C:/Users/DANIEL~1/AppData/Local/Temp/jsreport/autocleanup/092d4684-b7a3-4920-aa21-5242de482f17-chrome-pdf.html:14:32)","meta":{"rootId":"ur7olyyxzxwas44","id":"ur7olyyxzxwas44"},"id":"bvpvsj7c8qur2li","previousOperationId":"u0cm6roww5ckpgn"}
{"type":"log","timestamp":1705601816365,"level":"warn","message":"Page error: Identifier 'raceNames' has already been declared , stack: SyntaxError: Identifier 'raceNames' has already been declared","meta":{"rootId":"ur7olyyxzxwas44","id":"ur7olyyxzxwas44"},"id":"4a006puq43339ay","previousOperationId":"u0cm6roww5ckpgn"}
{"type":"log","timestamp":1705601816386,"level":"debug","message":"Running chrome with params {\"printBackground\":true,\"marginTop\":\"4cm\",\"marginRight\":\"1.5cm\",\"marginBottom\":\"1.5cm\",\"marginLeft\":\"1.5cm\",\"waitForJS\":false,\"timeout\":59956,\"margin\":{\"top\":\"4cm\",\"right\":\"1.5cm\",\"bottom\":\"1.5cm\",\"left\":\"1.5cm\"}}","meta":{"rootId":"ur7olyyxzxwas44","id":"ur7olyyxzxwas44"},"id":"ttgpkogh2kb1v1h","previousOperationId":"u0cm6roww5ckpgn"}
{"type":"operationEnd","operationId":"u0cm6roww5ckpgn","timestamp":1705601816455,"id":"dr7s986btb4c8ue","previousEventId":"zsjv79mesq4lr2j","previousOperationId":"u0cm6roww5ckpgn"}
{"type":"log","timestamp":1705601816456,"level":"info","message":"pdf-utils is starting pdf processing","meta":{"rootId":"ur7olyyxzxwas44","id":"ur7olyyxzxwas44"},"id":"l0e0z22oz555p8q","previousOperationId":"u0cm6roww5ckpgn"}
{"type":"operationStart","subtype":"pdfUtils","name":"pdf utils","timestamp":1705601816456,"id":"0hfrqwj365m3shi","previousEventId":"dr7s986btb4c8ue","operationId":"x6k1c28edk9mkqu","previousOperationId":"u0cm6roww5ckpgn"}
{"type":"log","timestamp":1705601816456,"level":"debug","message":"pdf-utils detected 1 pdf operation(s) to process","meta":{"rootId":"ur7olyyxzxwas44","id":"ur7olyyxzxwas44"},"id":"fqflwgpbaox8m9g","previousOperationId":"x6k1c28edk9mkqu"}
{"type":"log","timestamp":1705601816469,"level":"debug","message":"pdf-utils running pdf operation merge","meta":{"rootId":"ur7olyyxzxwas44","id":"ur7olyyxzxwas44"},"id":"p7y0ytizpj83sqm","previousOperationId":"x6k1c28edk9mkqu"}
{"type":"operationStart","subtype":"pdfUtilsMerge","name":"pdf utils merge","previousOperationId":"x6k1c28edk9mkqu","timestamp":1705601816469,"id":"9sz7mbss86y2w06","previousEventId":"0hfrqwj365m3shi","operationId":"hfwvgunuggkm6wz"}
{"type":"operationStart","subtype":"render","name":"orders-header","previousOperationId":"hfwvgunuggkm6wz","timestamp":1705601816470,"id":"rjrb4sq08p7wm8l","previousEventId":"9sz7mbss86y2w06","operationId":"ypexga7gu65h2nt"}
{"type":"log","timestamp":1705601816470,"level":"info","message":"Starting rendering (child) request","meta":{"rootId":"ur7olyyxzxwas44","id":"be7suyb7gha5174"},"id":"ys5p3slk4lns4q3","previousOperationId":"ypexga7gu65h2nt"}
{"type":"log","timestamp":1705601816470,"level":"info","message":"Rendering template { name: orders-header, recipe: chrome-pdf, engine: handlebars, preview: true }","meta":{"rootId":"ur7olyyxzxwas44","id":"be7suyb7gha5174"},"id":"6glutdepi19gpg2","previousOperationId":"ypexga7gu65h2nt"}
{"type":"log","timestamp":1705601816471,"level":"debug","message":"Inline data specified.","meta":{"rootId":"ur7olyyxzxwas44","id":"be7suyb7gha5174"},"id":"qg957f283awq2aj","previousOperationId":"ypexga7gu65h2nt"}
{"type":"log","timestamp":1705601816472,"level":"debug","message":"Base url not specified, skipping its injection.","meta":{"rootId":"ur7olyyxzxwas44","id":"be7suyb7gha5174"},"id":"r9iea0r7tcux331","previousOperationId":"ypexga7gu65h2nt"}
{"type":"operationStart","subtype":"engine","name":"handlebars","timestamp":1705601816472,"id":"rvcqnx06b55pns9","previousEventId":"rjrb4sq08p7wm8l","operationId":"89r76uvnpwkhima","previousOperationId":"ypexga7gu65h2nt"}
{"type":"log","timestamp":1705601816472,"level":"debug","message":"Rendering engine handlebars","meta":{"rootId":"ur7olyyxzxwas44","id":"be7suyb7gha5174"},"id":"rqol0mo0u8r7r8l","previousOperationId":"89r76uvnpwkhima"}
{"type":"operationEnd","operationId":"89r76uvnpwkhima","timestamp":1705601816481,"id":"b2pv24oyym3his3","previousEventId":"rvcqnx06b55pns9","previousOperationId":"89r76uvnpwkhima"}
{"type":"operationStart","subtype":"recipe","name":"chrome-pdf","timestamp":1705601816481,"id":"128pqc84r9r6lkl","previousEventId":"b2pv24oyym3his3","operationId":"4d2ldit3jhxic6w","previousOperationId":"89r76uvnpwkhima"}
{"type":"log","timestamp":1705601816481,"level":"debug","message":"Executing recipe chrome-pdf","meta":{"rootId":"ur7olyyxzxwas44","id":"be7suyb7gha5174"},"id":"38dhhp2j7n7loh6","previousOperationId":"4d2ldit3jhxic6w"}
{"type":"log","timestamp":1705601816483,"level":"debug","message":"Converting with chrome HeadlessChrome/117.0.5938.149 using chrome-pool strategy","meta":{"rootId":"ur7olyyxzxwas44","id":"be7suyb7gha5174"},"id":"8yca4xcys5tmc8r","previousOperationId":"4d2ldit3jhxic6w"}
{"type":"log","timestamp":1705601816562,"level":"debug","message":"Page request: GET (document) file:///C:/Users/DANIEL~1/AppData/Local/Temp/jsreport/autocleanup/ae145fe3-0140-4476-ad03-62e4b1476471-chrome-pdf.html","meta":{"rootId":"ur7olyyxzxwas44","id":"be7suyb7gha5174"},"id":"6yik5ad3a17jlgu","previousOperationId":"4d2ldit3jhxic6w"}
{"type":"log","timestamp":1705601816569,"level":"debug","message":"Page request: GET (stylesheet) https://cdnjs.cloudflare.com/ajax/libs/metro/4.1.5/css/metro.min.css","meta":{"rootId":"ur7olyyxzxwas44","id":"be7suyb7gha5174"},"id":"oc8vg4wtmcbteah","previousOperationId":"4d2ldit3jhxic6w"}
{"type":"log","timestamp":1705601816570,"level":"debug","message":"Page request finished: GET (document) 200 file:///C:/Users/DANIEL~1/AppData/Local/Temp/jsreport/autocleanup/ae145fe3-0140-4476-ad03-62e4b1476471-chrome-pdf.html","meta":{"rootId":"ur7olyyxzxwas44","id":"be7suyb7gha5174"},"id":"mh6grazfuf1bmrq","previousOperationId":"4d2ldit3jhxic6w"}
{"type":"log","timestamp":1705601816582,"level":"debug","message":"Page request finished: GET (stylesheet) 200 https://cdnjs.cloudflare.com/ajax/libs/metro/4.1.5/css/metro.min.css","meta":{"rootId":"ur7olyyxzxwas44","id":"be7suyb7gha5174"},"id":"5w9dcu0c90yrtcv","previousOperationId":"4d2ldit3jhxic6w"}
{"type":"log","timestamp":1705601816594,"level":"debug","message":"Running chrome with params {\"printBackground\":true,\"marginTop\":\"1.5cm\",\"marginRight\":\"1.5cm\",\"marginLeft\":\"1.cm\",\"timeout\":59727,\"margin\":{\"top\":\"1.5cm\",\"right\":\"1.5cm\",\"left\":\"1.cm\"}}","meta":{"rootId":"ur7olyyxzxwas44","id":"be7suyb7gha5174"},"id":"3zxfvh9bite5vc3","previousOperationId":"4d2ldit3jhxic6w"}
{"type":"operationEnd","operationId":"4d2ldit3jhxic6w","timestamp":1705601816619,"id":"bfdxvdzafimjs5w","previousEventId":"128pqc84r9r6lkl","previousOperationId":"4d2ldit3jhxic6w"}
{"type":"log","timestamp":1705601816620,"level":"debug","message":"Skipping storing report.","meta":{"rootId":"ur7olyyxzxwas44","id":"be7suyb7gha5174"},"id":"ea2fcu6834wukq8","previousOperationId":"4d2ldit3jhxic6w"}
{"type":"log","timestamp":1705601816620,"level":"info","message":"Rendering (child) request finished in 411 ms","meta":{"rootId":"ur7olyyxzxwas44","id":"be7suyb7gha5174"},"id":"q5o6fvukfxf46y0","previousOperationId":"4d2ldit3jhxic6w"}
{"type":"operationEnd","subtype":"render","operationId":"ypexga7gu65h2nt","timestamp":1705601816620,"id":"87xbhe6v46knx86","previousEventId":"bfdxvdzafimjs5w","previousOperationId":"4d2ldit3jhxic6w"}
{"type":"operationEnd","operationId":"hfwvgunuggkm6wz","timestamp":1705601816627,"id":"in6mz5bg2vz72u3","previousEventId":"9sz7mbss86y2w06","previousOperationId":"hfwvgunuggkm6wz"}
{"type":"log","timestamp":1705601816627,"level":"debug","message":"pdf-utils postproces start","meta":{"rootId":"ur7olyyxzxwas44","id":"ur7olyyxzxwas44"},"id":"a9oj3bgxt7hragt","previousOperationId":"hfwvgunuggkm6wz"}
{"type":"log","timestamp":1705601816636,"level":"debug","message":"pdf-utils postproces end","meta":{"rootId":"ur7olyyxzxwas44","id":"ur7olyyxzxwas44"},"id":"de24volz144oxtr","previousOperationId":"hfwvgunuggkm6wz"}
{"type":"operationEnd","operationId":"x6k1c28edk9mkqu","timestamp":1705601816636,"id":"ravvn0qsz78wvi7","previousEventId":"in6mz5bg2vz72u3","previousOperationId":"hfwvgunuggkm6wz"}
{"type":"log","timestamp":1705601816636,"level":"info","message":"pdf-utils pdf processing was finished","meta":{"rootId":"ur7olyyxzxwas44","id":"ur7olyyxzxwas44"},"id":"zz2thd6crpici5f","previousOperationId":"x6k1c28edk9mkqu"}
{"type":"log","timestamp":1705601816636,"level":"debug","message":"Skipping storing report.","meta":{"rootId":"ur7olyyxzxwas44","id":"ur7olyyxzxwas44"},"id":"m9d763yystqqznk","previousOperationId":"x6k1c28edk9mkqu"}
{"type":"log","timestamp":1705601816636,"level":"info","message":"Rendering request 31 finished in 427 ms","meta":{"rootId":"ur7olyyxzxwas44","id":"ur7olyyxzxwas44"},"id":"5wi6lyuw0y8mbx8","previousOperationId":"x6k1c28edk9mkqu"}
{"type":"operationEnd","subtype":"render","operationId":"e8wqgsoax7jlsiy","timestamp":1705601816636,"id":"9e6b7tpg3vthf5d","previousEventId":"ravvn0qsz78wvi7","previousOperationId":"x6k1c28edk9mkqu"}
{"type":"operationEnd","doDiffs":false,"previousEventId":"oop02tcepi7pjc5","previousOperationId":"lf4yb7jdbs4m5zp","operationId":"lf4yb7jdbs4m5zp","timestamp":1705601816643,"id":"1ndrqomvqvk30dx"}
