{"type":"operationStart","subtype":"profile","data":{"_id":"67VEWNdCnuHyDlBj","timestamp":"2024-01-18T14:35:16.598Z","state":"queued","mode":"standard","creationDate":"2024-01-18T14:35:16.602Z","modificationDate":"2024-01-18T14:35:16.602Z","shortid":"fBNVi-0","$entitySet":"profiles"},"doDiffs":false,"timestamp":1705588516600,"id":"9jwn67pn9no97ss","previousOperationId":null,"operationId":"3675cciyij7j52h"}
{"type":"log","level":"info","message":"Render request 5 queued for execution and waiting for available worker","previousOperationId":"3675cciyij7j52h","timestamp":1705588516601,"id":"xq892ptcwgvxccu"}
{"type":"operationStart","subtype":"render","name":"orders-main","previousOperationId":"3675cciyij7j52h","timestamp":1705588516618,"id":"6bp2b3is3kd0osf","previousEventId":"9jwn67pn9no97ss","operationId":"n5g20tpqqx1cti2"}
{"type":"log","timestamp":1705588516618,"level":"info","message":"Starting rendering request 5","meta":{"rootId":"ux0rnwtxjsriaw6","id":"ux0rnwtxjsriaw6"},"id":"lhuy4umg9g9fi58","previousOperationId":"n5g20tpqqx1cti2"}
{"type":"log","timestamp":1705588516618,"level":"info","message":"Rendering template { name: orders-main, recipe: chrome-pdf, engine: handlebars, preview: true }","meta":{"rootId":"ux0rnwtxjsriaw6","id":"ux0rnwtxjsriaw6"},"id":"9bh9zuko2520izf","previousOperationId":"n5g20tpqqx1cti2"}
{"type":"log","timestamp":1705588516620,"level":"debug","message":"Data item not defined for this template.","meta":{"rootId":"ux0rnwtxjsriaw6","id":"ux0rnwtxjsriaw6"},"id":"km4fmxwv9s6qywv","previousOperationId":"n5g20tpqqx1cti2"}
{"type":"log","timestamp":1705588516627,"level":"debug","message":"Executing script orders-script (beforeRender)","meta":{"rootId":"ux0rnwtxjsriaw6","id":"ux0rnwtxjsriaw6"},"id":"8c95bxh9ocnpn1b","previousOperationId":"n5g20tpqqx1cti2"}
{"type":"operationStart","subtype":"scriptsBeforeRender","name":"scripts beforeRender","timestamp":1705588516668,"id":"8v69bahvh28lqxx","previousEventId":"6bp2b3is3kd0osf","operationId":"0gsojeqk1f7r89m","previousOperationId":"n5g20tpqqx1cti2"}
{"type":"operationStart","subtype":"script","name":"scripts orders-script","previousOperationId":"0gsojeqk1f7r89m","timestamp":1705588516668,"id":"0w0mnrntx89ejtm","previousEventId":"8v69bahvh28lqxx","operationId":"mc0jwq5jefgwt02"}
{"type":"operationEnd","operationId":"mc0jwq5jefgwt02","timestamp":1705588516706,"id":"xn29lp395q2n6e5","previousEventId":"6bp2b3is3kd0osf","previousOperationId":"n5g20tpqqx1cti2"}
{"type":"operationEnd","operationId":"0gsojeqk1f7r89m","timestamp":1705588516706,"id":"rt0tx57o4hwe9hy","previousEventId":"xn29lp395q2n6e5","previousOperationId":"n5g20tpqqx1cti2"}
{"type":"log","timestamp":1705588516706,"level":"debug","message":"Base url not specified, skipping its injection.","meta":{"rootId":"ux0rnwtxjsriaw6","id":"ux0rnwtxjsriaw6"},"id":"4jhj2maggw9bp0x","previousOperationId":"0gsojeqk1f7r89m"}
{"type":"operationStart","subtype":"engine","name":"handlebars","timestamp":1705588516707,"id":"j7xh7kuh3votrz7","previousEventId":"rt0tx57o4hwe9hy","operationId":"0jp5wtiwboekb84","previousOperationId":"0gsojeqk1f7r89m"}
{"type":"log","timestamp":1705588516707,"level":"debug","message":"Rendering engine handlebars","meta":{"rootId":"ux0rnwtxjsriaw6","id":"ux0rnwtxjsriaw6"},"id":"gi3ywhqnszljgd9","previousOperationId":"0jp5wtiwboekb84"}
{"type":"log","timestamp":1705588516734,"level":"debug","message":"(console:log) Pdf utils adding group field, value: \"Race1\"","meta":{"userLevel":true,"rootId":"ux0rnwtxjsriaw6","id":"ux0rnwtxjsriaw6"},"id":"uxhdbgc52joibdd","previousOperationId":"0jp5wtiwboekb84"}
{"type":"log","timestamp":1705588516734,"level":"debug","message":"(console:log) Pdf utils adding group field, value: \"Race2\"","meta":{"userLevel":true,"rootId":"ux0rnwtxjsriaw6","id":"ux0rnwtxjsriaw6"},"id":"p04lfu8wqfzobt7","previousOperationId":"0jp5wtiwboekb84"}
{"type":"operationEnd","operationId":"0jp5wtiwboekb84","timestamp":1705588516734,"id":"4hdt2gjylpm7eew","previousEventId":"j7xh7kuh3votrz7","previousOperationId":"0jp5wtiwboekb84"}
{"type":"operationStart","subtype":"recipe","name":"chrome-pdf","timestamp":1705588516735,"id":"erlm0ncqkqprh4a","previousEventId":"4hdt2gjylpm7eew","operationId":"x2p517u9iq12013","previousOperationId":"0jp5wtiwboekb84"}
{"type":"log","timestamp":1705588516735,"level":"debug","message":"Executing recipe chrome-pdf","meta":{"rootId":"ux0rnwtxjsriaw6","id":"ux0rnwtxjsriaw6"},"id":"7yp52iusz3udexp","previousOperationId":"x2p517u9iq12013"}
{"type":"log","timestamp":1705588516741,"level":"debug","message":"Converting with chrome HeadlessChrome/117.0.5938.149 using chrome-pool strategy","meta":{"rootId":"ux0rnwtxjsriaw6","id":"ux0rnwtxjsriaw6"},"id":"21fqqhn3o9ezv4o","previousOperationId":"x2p517u9iq12013"}
{"type":"log","timestamp":1705588516875,"level":"debug","message":"Page request: GET (document) file:///C:/Users/DANIEL~1/AppData/Local/Temp/jsreport/autocleanup/f9cbb3a6-015d-43ae-baf8-d448b51e01e1-chrome-pdf.html","meta":{"rootId":"ux0rnwtxjsriaw6","id":"ux0rnwtxjsriaw6"},"id":"coyc2849t01nnhe","previousOperationId":"x2p517u9iq12013"}
{"type":"log","timestamp":1705588516905,"level":"debug","message":"Page request: GET (stylesheet) https://cdnjs.cloudflare.com/ajax/libs/metro/4.1.5/css/metro.min.css","meta":{"rootId":"ux0rnwtxjsriaw6","id":"ux0rnwtxjsriaw6"},"id":"8ddt61v2jjufk8q","previousOperationId":"x2p517u9iq12013"}
{"type":"log","timestamp":1705588516906,"level":"debug","message":"Page request: GET (script) https://cdnjs.cloudflare.com/ajax/libs/Chart.js/2.9.4/Chart.js","meta":{"rootId":"ux0rnwtxjsriaw6","id":"ux0rnwtxjsriaw6"},"id":"lcyacz2i7ei1d0m","previousOperationId":"x2p517u9iq12013"}
{"type":"log","timestamp":1705588516906,"level":"debug","message":"Page request finished: GET (document) 200 file:///C:/Users/DANIEL~1/AppData/Local/Temp/jsreport/autocleanup/f9cbb3a6-015d-43ae-baf8-d448b51e01e1-chrome-pdf.html","meta":{"rootId":"ux0rnwtxjsriaw6","id":"ux0rnwtxjsriaw6"},"id":"h0aelf10bywownn","previousOperationId":"x2p517u9iq12013"}
{"type":"log","timestamp":1705588516931,"level":"debug","message":"Page request finished: GET (stylesheet) 200 https://cdnjs.cloudflare.com/ajax/libs/metro/4.1.5/css/metro.min.css","meta":{"rootId":"ux0rnwtxjsriaw6","id":"ux0rnwtxjsriaw6"},"id":"judt7hhhbixq2wj","previousOperationId":"x2p517u9iq12013"}
{"type":"log","timestamp":1705588517005,"level":"debug","message":"Page request finished: GET (script) 200 https://cdnjs.cloudflare.com/ajax/libs/Chart.js/2.9.4/Chart.js","meta":{"rootId":"ux0rnwtxjsriaw6","id":"ux0rnwtxjsriaw6"},"id":"e4fgfsoioqjl46j","previousOperationId":"x2p517u9iq12013"}
{"type":"log","timestamp":1705588517097,"level":"debug","message":"Running chrome with params {\"printBackground\":true,\"marginTop\":\"4cm\",\"marginRight\":\"1.5cm\",\"marginBottom\":\"1.5cm\",\"marginLeft\":\"1.5cm\",\"waitForJS\":false,\"timeout\":59859,\"margin\":{\"top\":\"4cm\",\"right\":\"1.5cm\",\"bottom\":\"1.5cm\",\"left\":\"1.5cm\"}}","meta":{"rootId":"ux0rnwtxjsriaw6","id":"ux0rnwtxjsriaw6"},"id":"uw1o3xv3qzdmln5","previousOperationId":"x2p517u9iq12013"}
{"type":"operationEnd","operationId":"x2p517u9iq12013","timestamp":1705588517220,"id":"7yox7b9df01fde2","previousEventId":"erlm0ncqkqprh4a","previousOperationId":"x2p517u9iq12013"}
{"type":"log","timestamp":1705588517220,"level":"info","message":"pdf-utils is starting pdf processing","meta":{"rootId":"ux0rnwtxjsriaw6","id":"ux0rnwtxjsriaw6"},"id":"t40mgjlqrhjxq11","previousOperationId":"x2p517u9iq12013"}
{"type":"operationStart","subtype":"pdfUtils","name":"pdf utils","timestamp":1705588517220,"id":"t68s3zq4hmzi8vy","previousEventId":"7yox7b9df01fde2","operationId":"5vh3vg9xhg2x39z","previousOperationId":"x2p517u9iq12013"}
{"type":"log","timestamp":1705588517221,"level":"debug","message":"pdf-utils detected 1 pdf operation(s) to process","meta":{"rootId":"ux0rnwtxjsriaw6","id":"ux0rnwtxjsriaw6"},"id":"dx3kh5dg06mthom","previousOperationId":"5vh3vg9xhg2x39z"}
{"type":"log","timestamp":1705588517278,"level":"debug","message":"pdf-utils running pdf operation merge","meta":{"rootId":"ux0rnwtxjsriaw6","id":"ux0rnwtxjsriaw6"},"id":"yueacjlwiqldsh9","previousOperationId":"5vh3vg9xhg2x39z"}
{"type":"operationStart","subtype":"pdfUtilsMerge","name":"pdf utils merge","previousOperationId":"5vh3vg9xhg2x39z","timestamp":1705588517278,"id":"sq0rdg4c8kzdy31","previousEventId":"t68s3zq4hmzi8vy","operationId":"tjoiz42mb7hynts"}
{"type":"operationStart","subtype":"render","name":"orders-header","previousOperationId":"tjoiz42mb7hynts","timestamp":1705588517280,"id":"hoz9m9b4qqi9nmw","previousEventId":"sq0rdg4c8kzdy31","operationId":"alooqptercxep7t"}
{"type":"log","timestamp":1705588517280,"level":"info","message":"Starting rendering (child) request","meta":{"rootId":"ux0rnwtxjsriaw6","id":"2c4csjhkiuhmkq9"},"id":"ylrx5ztj7zcqiod","previousOperationId":"alooqptercxep7t"}
{"type":"log","timestamp":1705588517280,"level":"info","message":"Rendering template { name: orders-header, recipe: chrome-pdf, engine: handlebars, preview: true }","meta":{"rootId":"ux0rnwtxjsriaw6","id":"2c4csjhkiuhmkq9"},"id":"3ef3dzrbamv3vnq","previousOperationId":"alooqptercxep7t"}
{"type":"log","timestamp":1705588517282,"level":"debug","message":"Inline data specified.","meta":{"rootId":"ux0rnwtxjsriaw6","id":"2c4csjhkiuhmkq9"},"id":"qbnv6h6akjxduhm","previousOperationId":"alooqptercxep7t"}
{"type":"log","timestamp":1705588517288,"level":"debug","message":"Base url not specified, skipping its injection.","meta":{"rootId":"ux0rnwtxjsriaw6","id":"2c4csjhkiuhmkq9"},"id":"t14ttpihyfq77vn","previousOperationId":"alooqptercxep7t"}
{"type":"operationStart","subtype":"engine","name":"handlebars","timestamp":1705588517288,"id":"mknzl1hav0p89ve","previousEventId":"hoz9m9b4qqi9nmw","operationId":"8kw00fpofe9sfgq","previousOperationId":"alooqptercxep7t"}
{"type":"log","timestamp":1705588517288,"level":"debug","message":"Rendering engine handlebars","meta":{"rootId":"ux0rnwtxjsriaw6","id":"2c4csjhkiuhmkq9"},"id":"vedol5b4u7fsyiy","previousOperationId":"8kw00fpofe9sfgq"}
{"type":"operationEnd","operationId":"8kw00fpofe9sfgq","timestamp":1705588517324,"id":"ypd0nfuvmdhoe1w","previousEventId":"mknzl1hav0p89ve","previousOperationId":"8kw00fpofe9sfgq"}
{"type":"operationStart","subtype":"recipe","name":"chrome-pdf","timestamp":1705588517324,"id":"r2jmz6p0kqzhq07","previousEventId":"ypd0nfuvmdhoe1w","operationId":"6tkfnvdln55vlgc","previousOperationId":"8kw00fpofe9sfgq"}
{"type":"log","timestamp":1705588517324,"level":"debug","message":"Executing recipe chrome-pdf","meta":{"rootId":"ux0rnwtxjsriaw6","id":"2c4csjhkiuhmkq9"},"id":"1io5jm4o66n4c72","previousOperationId":"6tkfnvdln55vlgc"}
{"type":"log","timestamp":1705588517329,"level":"debug","message":"Converting with chrome HeadlessChrome/117.0.5938.149 using chrome-pool strategy","meta":{"rootId":"ux0rnwtxjsriaw6","id":"2c4csjhkiuhmkq9"},"id":"vrtbk8jnio67cnx","previousOperationId":"6tkfnvdln55vlgc"}
{"type":"log","timestamp":1705588517453,"level":"debug","message":"Page request: GET (document) file:///C:/Users/DANIEL~1/AppData/Local/Temp/jsreport/autocleanup/aab798a6-6f9d-4293-a3a7-e4fd5b2c6ea9-chrome-pdf.html","meta":{"rootId":"ux0rnwtxjsriaw6","id":"2c4csjhkiuhmkq9"},"id":"83g68koi7thhknl","previousOperationId":"6tkfnvdln55vlgc"}
{"type":"log","timestamp":1705588517484,"level":"debug","message":"Page request finished: GET (document) 200 file:///C:/Users/DANIEL~1/AppData/Local/Temp/jsreport/autocleanup/aab798a6-6f9d-4293-a3a7-e4fd5b2c6ea9-chrome-pdf.html","meta":{"rootId":"ux0rnwtxjsriaw6","id":"2c4csjhkiuhmkq9"},"id":"cugm7qefpkeh8so","previousOperationId":"6tkfnvdln55vlgc"}
{"type":"log","timestamp":1705588517484,"level":"debug","message":"Page request: GET (stylesheet) https://cdnjs.cloudflare.com/ajax/libs/metro/4.1.5/css/metro.min.css","meta":{"rootId":"ux0rnwtxjsriaw6","id":"2c4csjhkiuhmkq9"},"id":"ezdl6yzjd19meen","previousOperationId":"6tkfnvdln55vlgc"}
{"type":"log","timestamp":1705588517510,"level":"debug","message":"Page request finished: GET (stylesheet) 200 https://cdnjs.cloudflare.com/ajax/libs/metro/4.1.5/css/metro.min.css","meta":{"rootId":"ux0rnwtxjsriaw6","id":"2c4csjhkiuhmkq9"},"id":"eseymn8krtpmkhx","previousOperationId":"6tkfnvdln55vlgc"}
{"type":"log","timestamp":1705588517535,"level":"debug","message":"Running chrome with params {\"printBackground\":true,\"marginTop\":\"1.5cm\",\"marginRight\":\"1.5cm\",\"marginLeft\":\"1.cm\",\"timeout\":59271,\"margin\":{\"top\":\"1.5cm\",\"right\":\"1.5cm\",\"left\":\"1.cm\"}}","meta":{"rootId":"ux0rnwtxjsriaw6","id":"2c4csjhkiuhmkq9"},"id":"7shpsrd2rhqd9kv","previousOperationId":"6tkfnvdln55vlgc"}
{"type":"operationEnd","operationId":"6tkfnvdln55vlgc","timestamp":1705588517591,"id":"9oocerplfbzyyz9","previousEventId":"r2jmz6p0kqzhq07","previousOperationId":"6tkfnvdln55vlgc"}
{"type":"log","timestamp":1705588517591,"level":"debug","message":"Skipping storing report.","meta":{"rootId":"ux0rnwtxjsriaw6","id":"2c4csjhkiuhmkq9"},"id":"0bmhmnzsks4of3o","previousOperationId":"6tkfnvdln55vlgc"}
{"type":"log","timestamp":1705588517591,"level":"info","message":"Rendering (child) request finished in 993 ms","meta":{"rootId":"ux0rnwtxjsriaw6","id":"2c4csjhkiuhmkq9"},"id":"3139eqoix8evvzw","previousOperationId":"6tkfnvdln55vlgc"}
{"type":"operationEnd","subtype":"render","operationId":"alooqptercxep7t","timestamp":1705588517591,"id":"q1o3fec2i5x52vo","previousEventId":"9oocerplfbzyyz9","previousOperationId":"6tkfnvdln55vlgc"}
{"type":"operationEnd","operationId":"tjoiz42mb7hynts","timestamp":1705588517627,"id":"jz0z30djo7tmh7p","previousEventId":"sq0rdg4c8kzdy31","previousOperationId":"tjoiz42mb7hynts"}
{"type":"log","timestamp":1705588517627,"level":"debug","message":"pdf-utils postproces start","meta":{"rootId":"ux0rnwtxjsriaw6","id":"ux0rnwtxjsriaw6"},"id":"3i2w07e9yv06bjt","previousOperationId":"tjoiz42mb7hynts"}
{"type":"log","timestamp":1705588517660,"level":"debug","message":"pdf-utils postproces end","meta":{"rootId":"ux0rnwtxjsriaw6","id":"ux0rnwtxjsriaw6"},"id":"rpmrgc2zct2hkxt","previousOperationId":"tjoiz42mb7hynts"}
{"type":"operationEnd","operationId":"5vh3vg9xhg2x39z","timestamp":1705588517660,"id":"yojk62r3d3yhm2h","previousEventId":"jz0z30djo7tmh7p","previousOperationId":"tjoiz42mb7hynts"}
{"type":"log","timestamp":1705588517660,"level":"info","message":"pdf-utils pdf processing was finished","meta":{"rootId":"ux0rnwtxjsriaw6","id":"ux0rnwtxjsriaw6"},"id":"e7lofz8us7nuxhz","previousOperationId":"5vh3vg9xhg2x39z"}
{"type":"log","timestamp":1705588517660,"level":"debug","message":"Skipping storing report.","meta":{"rootId":"ux0rnwtxjsriaw6","id":"ux0rnwtxjsriaw6"},"id":"8ulacrsak1v64dz","previousOperationId":"5vh3vg9xhg2x39z"}
{"type":"log","timestamp":1705588517660,"level":"info","message":"Rendering request 5 finished in 1062 ms","meta":{"rootId":"ux0rnwtxjsriaw6","id":"ux0rnwtxjsriaw6"},"id":"pxpjdpinug11000","previousOperationId":"5vh3vg9xhg2x39z"}
{"type":"operationEnd","subtype":"render","operationId":"n5g20tpqqx1cti2","timestamp":1705588517660,"id":"dkscl903ywtxn7r","previousEventId":"yojk62r3d3yhm2h","previousOperationId":"5vh3vg9xhg2x39z"}
{"type":"operationEnd","doDiffs":false,"previousEventId":"9jwn67pn9no97ss","previousOperationId":"3675cciyij7j52h","operationId":"3675cciyij7j52h","timestamp":1705588517679,"id":"0727kbkc3hy5vxf"}
