{"type":"operationStart","subtype":"profile","data":{"_id":"sJZunLd7sOHAix42","timestamp":"2024-02-19T16:28:50.086Z","state":"queued","mode":"standard","creationDate":"2024-02-19T16:28:50.088Z","modificationDate":"2024-02-19T16:28:50.088Z","shortid":"8ddCy5o","$entitySet":"profiles"},"doDiffs":false,"timestamp":1708360130087,"id":"64engmocia4yph3","previousOperationId":null,"operationId":"enk2bqz86m0usxn"}
{"type":"log","level":"info","message":"Render request 16 queued for execution and waiting for available worker","previousOperationId":"enk2bqz86m0usxn","timestamp":1708360130087,"id":"hrzprjznvfpz2aq"}
{"type":"operationStart","subtype":"render","name":"orders-main","previousOperationId":"enk2bqz86m0usxn","timestamp":1708360130093,"id":"ap04irpapm4xumq","previousEventId":"64engmocia4yph3","operationId":"cs4w20xs6nbudky"}
{"type":"log","timestamp":1708360130094,"level":"info","message":"Starting rendering request 16","meta":{"rootId":"uy0jj9cqyvqviox","id":"uy0jj9cqyvqviox"},"id":"3whnuqwt3b53m6s","previousOperationId":"cs4w20xs6nbudky"}
{"type":"log","timestamp":1708360130094,"level":"info","message":"Rendering template { name: orders-main, recipe: chrome-pdf, engine: handlebars, preview: true }","meta":{"rootId":"uy0jj9cqyvqviox","id":"uy0jj9cqyvqviox"},"id":"b7tc7xfat3cbnzp","previousOperationId":"cs4w20xs6nbudky"}
{"type":"log","timestamp":1708360130101,"level":"debug","message":"Data item not defined for this template.","meta":{"rootId":"uy0jj9cqyvqviox","id":"uy0jj9cqyvqviox"},"id":"f2tc3juxpnxk12d","previousOperationId":"cs4w20xs6nbudky"}
{"type":"log","timestamp":1708360130112,"level":"debug","message":"Executing script orders-script (beforeRender)","meta":{"rootId":"uy0jj9cqyvqviox","id":"uy0jj9cqyvqviox"},"id":"jz3e0k4t1728wyf","previousOperationId":"cs4w20xs6nbudky"}
{"type":"operationStart","subtype":"scriptsBeforeRender","name":"scripts beforeRender","timestamp":1708360130146,"id":"pb6yaoz6di8wpth","previousEventId":"ap04irpapm4xumq","operationId":"jguq0od3e2lb7tb","previousOperationId":"cs4w20xs6nbudky"}
{"type":"operationStart","subtype":"script","name":"scripts orders-script","previousOperationId":"jguq0od3e2lb7tb","timestamp":1708360130146,"id":"zi6ouj5vi7yko8l","previousEventId":"pb6yaoz6di8wpth","operationId":"iu4czu9x3n2ikib"}
{"type":"log","timestamp":1708360130159,"level":"debug","message":"(console:log) [ 'ola' ]","meta":{"userLevel":true,"rootId":"uy0jj9cqyvqviox","id":"uy0jj9cqyvqviox"},"id":"0voxul0sebxqqfu","previousOperationId":"iu4czu9x3n2ikib"}
{"type":"log","timestamp":1708360130159,"level":"debug","message":"(console:log) [ 1 ]","meta":{"userLevel":true,"rootId":"uy0jj9cqyvqviox","id":"uy0jj9cqyvqviox"},"id":"lfmjivgt4iq1vey","previousOperationId":"iu4czu9x3n2ikib"}
{"type":"operationEnd","operationId":"iu4czu9x3n2ikib","timestamp":1708360130159,"id":"h52u4vjcfwbwk7f","previousEventId":"ap04irpapm4xumq","previousOperationId":"cs4w20xs6nbudky"}
{"type":"operationEnd","operationId":"jguq0od3e2lb7tb","timestamp":1708360130159,"id":"qsu6z6x09oyexa8","previousEventId":"h52u4vjcfwbwk7f","previousOperationId":"cs4w20xs6nbudky"}
{"type":"log","timestamp":1708360130159,"level":"debug","message":"Base url not specified, skipping its injection.","meta":{"rootId":"uy0jj9cqyvqviox","id":"uy0jj9cqyvqviox"},"id":"nnuaeyl0rg3i013","previousOperationId":"jguq0od3e2lb7tb"}
{"type":"operationStart","subtype":"engine","name":"handlebars","timestamp":1708360130159,"id":"3rxtrf32cxc98tf","previousEventId":"qsu6z6x09oyexa8","operationId":"1ed1fkxx5jpepw2","previousOperationId":"jguq0od3e2lb7tb"}
{"type":"log","timestamp":1708360130159,"level":"debug","message":"Rendering engine handlebars","meta":{"rootId":"uy0jj9cqyvqviox","id":"uy0jj9cqyvqviox"},"id":"ju3rakol7dkxi5v","previousOperationId":"1ed1fkxx5jpepw2"}
{"type":"log","timestamp":1708360130165,"level":"debug","message":"(console:log) Pdf utils adding group field, value: \"ola\"","meta":{"userLevel":true,"rootId":"uy0jj9cqyvqviox","id":"uy0jj9cqyvqviox"},"id":"v55frlf2w26dnpe","previousOperationId":"1ed1fkxx5jpepw2"}
{"type":"operationEnd","operationId":"1ed1fkxx5jpepw2","timestamp":1708360130165,"id":"nhqd04zxlmbna4v","previousEventId":"3rxtrf32cxc98tf","previousOperationId":"1ed1fkxx5jpepw2"}
{"type":"operationStart","subtype":"recipe","name":"chrome-pdf","timestamp":1708360130165,"id":"kz412bcjlalvit7","previousEventId":"nhqd04zxlmbna4v","operationId":"wx35d9l810i1rw2","previousOperationId":"1ed1fkxx5jpepw2"}
{"type":"log","timestamp":1708360130165,"level":"debug","message":"Executing recipe chrome-pdf","meta":{"rootId":"uy0jj9cqyvqviox","id":"uy0jj9cqyvqviox"},"id":"kkg7ln1cys4wv3j","previousOperationId":"wx35d9l810i1rw2"}
{"type":"log","timestamp":1708360130167,"level":"debug","message":"Converting with chrome HeadlessChrome/117.0.5938.149 using chrome-pool strategy","meta":{"rootId":"uy0jj9cqyvqviox","id":"uy0jj9cqyvqviox"},"id":"1kk188isd7smssa","previousOperationId":"wx35d9l810i1rw2"}
{"type":"log","timestamp":1708360130224,"level":"debug","message":"Page request: GET (document) file:///var/folders/tp/6hccbwhd41s4hkmxw_2wkz640000gn/T/jsreport/autocleanup/8f695881-3b2c-41d1-832c-1ea1b9801d72-chrome-pdf.html","meta":{"rootId":"uy0jj9cqyvqviox","id":"uy0jj9cqyvqviox"},"id":"t9kplbfcggwfy3x","previousOperationId":"wx35d9l810i1rw2"}
{"type":"log","timestamp":1708360130229,"level":"debug","message":"Page request: GET (stylesheet) https://cdnjs.cloudflare.com/ajax/libs/metro/4.1.5/css/metro.min.css","meta":{"rootId":"uy0jj9cqyvqviox","id":"uy0jj9cqyvqviox"},"id":"xxmxw3za99c8ige","previousOperationId":"wx35d9l810i1rw2"}
{"type":"log","timestamp":1708360130229,"level":"debug","message":"Page request: GET (script) https://cdn.jsdelivr.net/npm/chart.js","meta":{"rootId":"uy0jj9cqyvqviox","id":"uy0jj9cqyvqviox"},"id":"6l6wb7k00dtbh1f","previousOperationId":"wx35d9l810i1rw2"}
{"type":"log","timestamp":1708360130229,"level":"debug","message":"Page request finished: GET (document) 200 file:///var/folders/tp/6hccbwhd41s4hkmxw_2wkz640000gn/T/jsreport/autocleanup/8f695881-3b2c-41d1-832c-1ea1b9801d72-chrome-pdf.html","meta":{"rootId":"uy0jj9cqyvqviox","id":"uy0jj9cqyvqviox"},"id":"hg74arnuzaemjbn","previousOperationId":"wx35d9l810i1rw2"}
{"type":"log","timestamp":1708360130233,"level":"debug","message":"Page request finished: GET (script) 200 https://cdn.jsdelivr.net/npm/chart.js","meta":{"rootId":"uy0jj9cqyvqviox","id":"uy0jj9cqyvqviox"},"id":"6ea0n0bgsir8hf3","previousOperationId":"wx35d9l810i1rw2"}
{"type":"log","timestamp":1708360130239,"level":"debug","message":"Page request finished: GET (stylesheet) 200 https://cdnjs.cloudflare.com/ajax/libs/metro/4.1.5/css/metro.min.css","meta":{"rootId":"uy0jj9cqyvqviox","id":"uy0jj9cqyvqviox"},"id":"v2p7mxp00yur0z1","previousOperationId":"wx35d9l810i1rw2"}
{"type":"log","timestamp":1708360130263,"level":"debug","message":"Running chrome with params {\"printBackground\":true,\"marginTop\":\"4cm\",\"marginRight\":\"1.5cm\",\"marginBottom\":\"1.5cm\",\"marginLeft\":\"1.5cm\",\"waitForJS\":false,\"timeout\":59920,\"margin\":{\"top\":\"4cm\",\"right\":\"1.5cm\",\"bottom\":\"1.5cm\",\"left\":\"1.5cm\"}}","meta":{"rootId":"uy0jj9cqyvqviox","id":"uy0jj9cqyvqviox"},"id":"q5ad0wglyfojq53","previousOperationId":"wx35d9l810i1rw2"}
{"type":"operationEnd","operationId":"wx35d9l810i1rw2","timestamp":1708360130285,"id":"f1ohqk1yho6r4wb","previousEventId":"kz412bcjlalvit7","previousOperationId":"wx35d9l810i1rw2"}
{"type":"log","timestamp":1708360130285,"level":"info","message":"pdf-utils is starting pdf processing","meta":{"rootId":"uy0jj9cqyvqviox","id":"uy0jj9cqyvqviox"},"id":"jhcnikcvaampp6i","previousOperationId":"wx35d9l810i1rw2"}
{"type":"operationStart","subtype":"pdfUtils","name":"pdf utils","timestamp":1708360130285,"id":"us7r5x9ybq1nnad","previousEventId":"f1ohqk1yho6r4wb","operationId":"qyanpt3qmp6vqv2","previousOperationId":"wx35d9l810i1rw2"}
{"type":"log","timestamp":1708360130285,"level":"debug","message":"pdf-utils detected 1 pdf operation(s) to process","meta":{"rootId":"uy0jj9cqyvqviox","id":"uy0jj9cqyvqviox"},"id":"dxplu6oebhcj12a","previousOperationId":"qyanpt3qmp6vqv2"}
{"type":"log","timestamp":1708360130318,"level":"debug","message":"pdf-utils running pdf operation merge","meta":{"rootId":"uy0jj9cqyvqviox","id":"uy0jj9cqyvqviox"},"id":"u7xnhu0tglxmp7h","previousOperationId":"qyanpt3qmp6vqv2"}
{"type":"operationStart","subtype":"pdfUtilsMerge","name":"pdf utils merge","previousOperationId":"qyanpt3qmp6vqv2","timestamp":1708360130318,"id":"wpfn29wvbj9lcz4","previousEventId":"us7r5x9ybq1nnad","operationId":"tnj2pry3pgd51u3"}
{"type":"operationStart","subtype":"render","name":"orders-header","previousOperationId":"tnj2pry3pgd51u3","timestamp":1708360130319,"id":"t5wuz2khnagexol","previousEventId":"wpfn29wvbj9lcz4","operationId":"vlv5bx9dc4ejhju"}
{"type":"log","timestamp":1708360130319,"level":"info","message":"Starting rendering (child) request","meta":{"rootId":"uy0jj9cqyvqviox","id":"nrggntxf62kh9kw"},"id":"fr9h7n443re5hpy","previousOperationId":"vlv5bx9dc4ejhju"}
{"type":"log","timestamp":1708360130319,"level":"info","message":"Rendering template { name: orders-header, recipe: chrome-pdf, engine: handlebars, preview: true }","meta":{"rootId":"uy0jj9cqyvqviox","id":"nrggntxf62kh9kw"},"id":"1e24f2nddwavdtl","previousOperationId":"vlv5bx9dc4ejhju"}
{"type":"log","timestamp":1708360130321,"level":"debug","message":"Inline data specified.","meta":{"rootId":"uy0jj9cqyvqviox","id":"nrggntxf62kh9kw"},"id":"wiznxyglxshjh3d","previousOperationId":"vlv5bx9dc4ejhju"}
{"type":"log","timestamp":1708360130322,"level":"debug","message":"Base url not specified, skipping its injection.","meta":{"rootId":"uy0jj9cqyvqviox","id":"nrggntxf62kh9kw"},"id":"35ed3m7pt6g5nx2","previousOperationId":"vlv5bx9dc4ejhju"}
{"type":"operationStart","subtype":"engine","name":"handlebars","timestamp":1708360130322,"id":"ru1830hb2j45yun","previousEventId":"t5wuz2khnagexol","operationId":"0m4gddm0n29z8cb","previousOperationId":"vlv5bx9dc4ejhju"}
{"type":"log","timestamp":1708360130322,"level":"debug","message":"Rendering engine handlebars","meta":{"rootId":"uy0jj9cqyvqviox","id":"nrggntxf62kh9kw"},"id":"tbdxmg0n7kfxq02","previousOperationId":"0m4gddm0n29z8cb"}
{"type":"operationEnd","operationId":"0m4gddm0n29z8cb","timestamp":1708360130325,"id":"thz4bg29nm3ysub","previousEventId":"ru1830hb2j45yun","previousOperationId":"0m4gddm0n29z8cb"}
{"type":"operationStart","subtype":"recipe","name":"chrome-pdf","timestamp":1708360130325,"id":"qe3yahp3npzg4d3","previousEventId":"thz4bg29nm3ysub","operationId":"xpnibtame5sqpby","previousOperationId":"0m4gddm0n29z8cb"}
{"type":"log","timestamp":1708360130325,"level":"debug","message":"Executing recipe chrome-pdf","meta":{"rootId":"uy0jj9cqyvqviox","id":"nrggntxf62kh9kw"},"id":"5q5tqvymzvdu91l","previousOperationId":"xpnibtame5sqpby"}
{"type":"log","timestamp":1708360130326,"level":"debug","message":"Converting with chrome HeadlessChrome/117.0.5938.149 using chrome-pool strategy","meta":{"rootId":"uy0jj9cqyvqviox","id":"nrggntxf62kh9kw"},"id":"yjpjzv7fy7tvq59","previousOperationId":"xpnibtame5sqpby"}
{"type":"log","timestamp":1708360130367,"level":"debug","message":"Page request: GET (document) file:///var/folders/tp/6hccbwhd41s4hkmxw_2wkz640000gn/T/jsreport/autocleanup/961598f0-2e16-4493-98ef-8898d38b7be9-chrome-pdf.html","meta":{"rootId":"uy0jj9cqyvqviox","id":"nrggntxf62kh9kw"},"id":"vj6fzvkdmrgrac1","previousOperationId":"xpnibtame5sqpby"}
{"type":"log","timestamp":1708360130372,"level":"debug","message":"Page request: GET (stylesheet) https://cdnjs.cloudflare.com/ajax/libs/metro/4.1.5/css/metro.min.css","meta":{"rootId":"uy0jj9cqyvqviox","id":"nrggntxf62kh9kw"},"id":"ya3vllyobegola0","previousOperationId":"xpnibtame5sqpby"}
{"type":"log","timestamp":1708360130372,"level":"debug","message":"Page request finished: GET (document) 200 file:///var/folders/tp/6hccbwhd41s4hkmxw_2wkz640000gn/T/jsreport/autocleanup/961598f0-2e16-4493-98ef-8898d38b7be9-chrome-pdf.html","meta":{"rootId":"uy0jj9cqyvqviox","id":"nrggntxf62kh9kw"},"id":"nvuwwhh7k3rw3mf","previousOperationId":"xpnibtame5sqpby"}
{"type":"log","timestamp":1708360130379,"level":"debug","message":"Page request finished: GET (stylesheet) 200 https://cdnjs.cloudflare.com/ajax/libs/metro/4.1.5/css/metro.min.css","meta":{"rootId":"uy0jj9cqyvqviox","id":"nrggntxf62kh9kw"},"id":"w2itqgaun890jlu","previousOperationId":"xpnibtame5sqpby"}
{"type":"log","timestamp":1708360130396,"level":"debug","message":"Running chrome with params {\"printBackground\":true,\"marginTop\":\"1.5cm\",\"marginRight\":\"1.5cm\",\"marginLeft\":\"1.cm\",\"timeout\":59760,\"margin\":{\"top\":\"1.5cm\",\"right\":\"1.5cm\",\"left\":\"1.cm\"}}","meta":{"rootId":"uy0jj9cqyvqviox","id":"nrggntxf62kh9kw"},"id":"3wd5u5rl0h591xv","previousOperationId":"xpnibtame5sqpby"}
{"type":"operationEnd","operationId":"xpnibtame5sqpby","timestamp":1708360130413,"id":"jtn0xlkgb0oqjqc","previousEventId":"qe3yahp3npzg4d3","previousOperationId":"xpnibtame5sqpby"}
{"type":"log","timestamp":1708360130413,"level":"debug","message":"Skipping storing report.","meta":{"rootId":"uy0jj9cqyvqviox","id":"nrggntxf62kh9kw"},"id":"twtd6taidbjnla2","previousOperationId":"xpnibtame5sqpby"}
{"type":"log","timestamp":1708360130413,"level":"info","message":"Rendering (child) request finished in 327 ms","meta":{"rootId":"uy0jj9cqyvqviox","id":"nrggntxf62kh9kw"},"id":"bftzptm96refw84","previousOperationId":"xpnibtame5sqpby"}
{"type":"operationEnd","subtype":"render","operationId":"vlv5bx9dc4ejhju","timestamp":1708360130413,"id":"r5b7kvxjvnc4hmy","previousEventId":"jtn0xlkgb0oqjqc","previousOperationId":"xpnibtame5sqpby"}
{"type":"operationEnd","operationId":"tnj2pry3pgd51u3","timestamp":1708360130429,"id":"usn01lw4vi5edg3","previousEventId":"wpfn29wvbj9lcz4","previousOperationId":"tnj2pry3pgd51u3"}
{"type":"log","timestamp":1708360130429,"level":"debug","message":"pdf-utils postproces start","meta":{"rootId":"uy0jj9cqyvqviox","id":"uy0jj9cqyvqviox"},"id":"5mc4cp0iqqvvfka","previousOperationId":"tnj2pry3pgd51u3"}
{"type":"log","timestamp":1708360130444,"level":"debug","message":"pdf-utils postproces end","meta":{"rootId":"uy0jj9cqyvqviox","id":"uy0jj9cqyvqviox"},"id":"nu2vketby07d5wc","previousOperationId":"tnj2pry3pgd51u3"}
{"type":"operationEnd","operationId":"qyanpt3qmp6vqv2","timestamp":1708360130444,"id":"2x8x9a6d76q1bwp","previousEventId":"usn01lw4vi5edg3","previousOperationId":"tnj2pry3pgd51u3"}
{"type":"log","timestamp":1708360130444,"level":"info","message":"pdf-utils pdf processing was finished","meta":{"rootId":"uy0jj9cqyvqviox","id":"uy0jj9cqyvqviox"},"id":"sw6g8ign27879i7","previousOperationId":"qyanpt3qmp6vqv2"}
{"type":"log","timestamp":1708360130444,"level":"debug","message":"Skipping storing report.","meta":{"rootId":"uy0jj9cqyvqviox","id":"uy0jj9cqyvqviox"},"id":"zl0428fps8bj1tl","previousOperationId":"qyanpt3qmp6vqv2"}
{"type":"log","timestamp":1708360130444,"level":"info","message":"Rendering request 16 finished in 358 ms","meta":{"rootId":"uy0jj9cqyvqviox","id":"uy0jj9cqyvqviox"},"id":"a97h4zkhuq30apq","previousOperationId":"qyanpt3qmp6vqv2"}
{"type":"operationEnd","subtype":"render","operationId":"cs4w20xs6nbudky","timestamp":1708360130444,"id":"nj6o23y1las7jv8","previousEventId":"2x8x9a6d76q1bwp","previousOperationId":"qyanpt3qmp6vqv2"}
{"type":"operationEnd","doDiffs":false,"previousEventId":"64engmocia4yph3","previousOperationId":"enk2bqz86m0usxn","operationId":"enk2bqz86m0usxn","timestamp":1708360130450,"id":"y2118qltoi689uz"}
