{"type":"operationStart","subtype":"profile","data":{"_id":"mqEYriWvt1AhEDh0","timestamp":"2024-01-17T16:12:15.389Z","state":"queued","mode":"standard","creationDate":"2024-01-17T16:12:15.391Z","modificationDate":"2024-01-17T16:12:15.391Z","shortid":"Un-HgcF","$entitySet":"profiles"},"doDiffs":false,"timestamp":1705507935390,"id":"jgtlin3zlo22ok4","previousOperationId":null,"operationId":"6wrgpx7io47wxjn"}
{"type":"log","level":"info","message":"Render request 31 queued for execution and waiting for available worker","previousOperationId":"6wrgpx7io47wxjn","timestamp":1705507935390,"id":"en45azzckih9f4w"}
{"type":"operationStart","subtype":"render","name":"orders-main","previousOperationId":"6wrgpx7io47wxjn","timestamp":1705507935397,"id":"k0d7k6cbh7hecdz","previousEventId":"jgtlin3zlo22ok4","operationId":"vpzn9ek8t2n8q5m"}
{"type":"log","timestamp":1705507935397,"level":"info","message":"Starting rendering request 31","meta":{"rootId":"v0crhe0f9azdt5l","id":"v0crhe0f9azdt5l"},"id":"eq49n6d9zdgv08b","previousOperationId":"vpzn9ek8t2n8q5m"}
{"type":"log","timestamp":1705507935397,"level":"info","message":"Rendering template { name: orders-main, recipe: chrome-pdf, engine: handlebars, preview: true }","meta":{"rootId":"v0crhe0f9azdt5l","id":"v0crhe0f9azdt5l"},"id":"0y2vg6uzlwkq1j1","previousOperationId":"vpzn9ek8t2n8q5m"}
{"type":"log","timestamp":1705507935398,"level":"debug","message":"Data item not defined for this template.","meta":{"rootId":"v0crhe0f9azdt5l","id":"v0crhe0f9azdt5l"},"id":"fx8m7t3uxukzk6y","previousOperationId":"vpzn9ek8t2n8q5m"}
{"type":"log","timestamp":1705507935399,"level":"debug","message":"Executing script orders-script (beforeRender)","meta":{"rootId":"v0crhe0f9azdt5l","id":"v0crhe0f9azdt5l"},"id":"4fvztda5n5uxvmw","previousOperationId":"vpzn9ek8t2n8q5m"}
{"type":"operationStart","subtype":"scriptsBeforeRender","name":"scripts beforeRender","timestamp":1705507935418,"id":"qsldicczk1ztmhc","previousEventId":"k0d7k6cbh7hecdz","operationId":"el0ibx566dt040f","previousOperationId":"vpzn9ek8t2n8q5m"}
{"type":"operationStart","subtype":"script","name":"scripts orders-script","previousOperationId":"el0ibx566dt040f","timestamp":1705507935418,"id":"maynxmczo78ye0u","previousEventId":"qsldicczk1ztmhc","operationId":"vo8cqbt6jpwpdh9"}
{"type":"operationEnd","operationId":"vo8cqbt6jpwpdh9","timestamp":1705507935429,"id":"rou427h2e5gdz7e","previousEventId":"k0d7k6cbh7hecdz","previousOperationId":"vpzn9ek8t2n8q5m"}
{"type":"operationEnd","operationId":"el0ibx566dt040f","timestamp":1705507935430,"id":"xcn3snbk3hwg1l6","previousEventId":"rou427h2e5gdz7e","previousOperationId":"vpzn9ek8t2n8q5m"}
{"type":"log","timestamp":1705507935430,"level":"debug","message":"Base url not specified, skipping its injection.","meta":{"rootId":"v0crhe0f9azdt5l","id":"v0crhe0f9azdt5l"},"id":"x7ouy05q6xklkp2","previousOperationId":"el0ibx566dt040f"}
{"type":"operationStart","subtype":"engine","name":"handlebars","timestamp":1705507935430,"id":"ijfm6p8xl5eibwy","previousEventId":"xcn3snbk3hwg1l6","operationId":"f1tbvan7jt7ti8k","previousOperationId":"el0ibx566dt040f"}
{"type":"log","timestamp":1705507935430,"level":"debug","message":"Rendering engine handlebars","meta":{"rootId":"v0crhe0f9azdt5l","id":"v0crhe0f9azdt5l"},"id":"uumv55ielqi56j4","previousOperationId":"f1tbvan7jt7ti8k"}
{"type":"log","timestamp":1705507935440,"level":"debug","message":"(console:log) Pdf utils adding group field, value: \"Race1\"","meta":{"userLevel":true,"rootId":"v0crhe0f9azdt5l","id":"v0crhe0f9azdt5l"},"id":"xvfh7setfv1w201","previousOperationId":"f1tbvan7jt7ti8k"}
{"type":"log","timestamp":1705507935440,"level":"debug","message":"(console:log) Pdf utils adding group field, value: \"Race2\"","meta":{"userLevel":true,"rootId":"v0crhe0f9azdt5l","id":"v0crhe0f9azdt5l"},"id":"ksukjea21esv3xs","previousOperationId":"f1tbvan7jt7ti8k"}
{"type":"log","timestamp":1705507935440,"level":"debug","message":"(console:log) Pdf utils adding group field, value: \"rgver\"","meta":{"userLevel":true,"rootId":"v0crhe0f9azdt5l","id":"v0crhe0f9azdt5l"},"id":"hasg73u1z611d9p","previousOperationId":"f1tbvan7jt7ti8k"}
{"type":"log","timestamp":1705507935440,"level":"debug","message":"(console:log) Pdf utils adding group field, value: \"revger\"","meta":{"userLevel":true,"rootId":"v0crhe0f9azdt5l","id":"v0crhe0f9azdt5l"},"id":"s8ne3icnh75q6hx","previousOperationId":"f1tbvan7jt7ti8k"}
{"type":"operationEnd","operationId":"f1tbvan7jt7ti8k","timestamp":1705507935440,"id":"mrp9njuq7ro3inf","previousEventId":"ijfm6p8xl5eibwy","previousOperationId":"f1tbvan7jt7ti8k"}
{"type":"operationStart","subtype":"recipe","name":"chrome-pdf","timestamp":1705507935440,"id":"opqs7nd9vm3witd","previousEventId":"mrp9njuq7ro3inf","operationId":"lqoprfr3pme7e18","previousOperationId":"f1tbvan7jt7ti8k"}
{"type":"log","timestamp":1705507935440,"level":"debug","message":"Executing recipe chrome-pdf","meta":{"rootId":"v0crhe0f9azdt5l","id":"v0crhe0f9azdt5l"},"id":"hawiw3wtv1wkt37","previousOperationId":"lqoprfr3pme7e18"}
{"type":"log","timestamp":1705507935544,"level":"debug","message":"Converting with chrome HeadlessChrome/117.0.5938.149 using chrome-pool strategy","meta":{"rootId":"v0crhe0f9azdt5l","id":"v0crhe0f9azdt5l"},"id":"d94rt2m1clru123","previousOperationId":"lqoprfr3pme7e18"}
{"type":"log","timestamp":1705507936879,"level":"debug","message":"Page request: GET (document) file:///C:/Users/DANIEL~1/AppData/Local/Temp/jsreport/autocleanup/05151400-ecaf-4457-abf7-5a42087608b2-chrome-pdf.html","meta":{"rootId":"v0crhe0f9azdt5l","id":"v0crhe0f9azdt5l"},"id":"0n5y18u16tplmyc","previousOperationId":"lqoprfr3pme7e18"}
{"type":"log","timestamp":1705507936894,"level":"debug","message":"Page request: GET (stylesheet) https://cdnjs.cloudflare.com/ajax/libs/metro/4.1.5/css/metro.min.css","meta":{"rootId":"v0crhe0f9azdt5l","id":"v0crhe0f9azdt5l"},"id":"wg0hyez90bgk07x","previousOperationId":"lqoprfr3pme7e18"}
{"type":"log","timestamp":1705507936894,"level":"debug","message":"Page request: GET (script) https://cdnjs.cloudflare.com/ajax/libs/Chart.js/2.7.2/Chart.min.js","meta":{"rootId":"v0crhe0f9azdt5l","id":"v0crhe0f9azdt5l"},"id":"uzdmy38rln5ph15","previousOperationId":"lqoprfr3pme7e18"}
{"type":"log","timestamp":1705507936894,"level":"debug","message":"Page request finished: GET (document) 200 file:///C:/Users/DANIEL~1/AppData/Local/Temp/jsreport/autocleanup/05151400-ecaf-4457-abf7-5a42087608b2-chrome-pdf.html","meta":{"rootId":"v0crhe0f9azdt5l","id":"v0crhe0f9azdt5l"},"id":"req2ypfmlcwkz70","previousOperationId":"lqoprfr3pme7e18"}
{"type":"log","timestamp":1705507937076,"level":"debug","message":"Page request finished: GET (stylesheet) 200 https://cdnjs.cloudflare.com/ajax/libs/metro/4.1.5/css/metro.min.css","meta":{"rootId":"v0crhe0f9azdt5l","id":"v0crhe0f9azdt5l"},"id":"979pelkicft8ccd","previousOperationId":"lqoprfr3pme7e18"}
{"type":"log","timestamp":1705507937076,"level":"debug","message":"Page request finished: GET (script) 200 https://cdnjs.cloudflare.com/ajax/libs/Chart.js/2.7.2/Chart.min.js","meta":{"rootId":"v0crhe0f9azdt5l","id":"v0crhe0f9azdt5l"},"id":"m8trmr1fukg3u4k","previousOperationId":"lqoprfr3pme7e18"}
{"type":"log","timestamp":1705507937103,"level":"debug","message":"Running chrome with params {\"printBackground\":true,\"marginTop\":\"4cm\",\"marginRight\":\"1.5cm\",\"marginBottom\":\"1.5cm\",\"marginLeft\":\"1.5cm\",\"waitForJS\":false,\"timeout\":59948,\"margin\":{\"top\":\"4cm\",\"right\":\"1.5cm\",\"bottom\":\"1.5cm\",\"left\":\"1.5cm\"}}","meta":{"rootId":"v0crhe0f9azdt5l","id":"v0crhe0f9azdt5l"},"id":"cytobzwetnma4wq","previousOperationId":"lqoprfr3pme7e18"}
{"type":"operationEnd","operationId":"lqoprfr3pme7e18","timestamp":1705507937160,"id":"jjbuktiaoe7oi3r","previousEventId":"opqs7nd9vm3witd","previousOperationId":"lqoprfr3pme7e18"}
{"type":"log","timestamp":1705507937160,"level":"info","message":"pdf-utils is starting pdf processing","meta":{"rootId":"v0crhe0f9azdt5l","id":"v0crhe0f9azdt5l"},"id":"mnl4kvhnz5nec4s","previousOperationId":"lqoprfr3pme7e18"}
{"type":"operationStart","subtype":"pdfUtils","name":"pdf utils","timestamp":1705507937160,"id":"xf1yk992y2urmt3","previousEventId":"jjbuktiaoe7oi3r","operationId":"ilwfws0nuuw7qe9","previousOperationId":"lqoprfr3pme7e18"}
{"type":"log","timestamp":1705507937160,"level":"debug","message":"pdf-utils detected 1 pdf operation(s) to process","meta":{"rootId":"v0crhe0f9azdt5l","id":"v0crhe0f9azdt5l"},"id":"u463r97vefqaqtf","previousOperationId":"ilwfws0nuuw7qe9"}
{"type":"log","timestamp":1705507937177,"level":"debug","message":"pdf-utils running pdf operation merge","meta":{"rootId":"v0crhe0f9azdt5l","id":"v0crhe0f9azdt5l"},"id":"qrbh90ha4fzokgx","previousOperationId":"ilwfws0nuuw7qe9"}
{"type":"operationStart","subtype":"pdfUtilsMerge","name":"pdf utils merge","previousOperationId":"ilwfws0nuuw7qe9","timestamp":1705507937177,"id":"254qo5lugd0hr8v","previousEventId":"xf1yk992y2urmt3","operationId":"9ceecpfuhme8wy1"}
{"type":"operationStart","subtype":"render","name":"orders-header","previousOperationId":"9ceecpfuhme8wy1","timestamp":1705507937177,"id":"u853diz7mf8ht5z","previousEventId":"254qo5lugd0hr8v","operationId":"l1513179stmofyh"}
{"type":"log","timestamp":1705507937177,"level":"info","message":"Starting rendering (child) request","meta":{"rootId":"v0crhe0f9azdt5l","id":"0qiyt8it088aloa"},"id":"hzwnikf02er3kll","previousOperationId":"l1513179stmofyh"}
{"type":"log","timestamp":1705507937177,"level":"info","message":"Rendering template { name: orders-header, recipe: chrome-pdf, engine: handlebars, preview: true }","meta":{"rootId":"v0crhe0f9azdt5l","id":"0qiyt8it088aloa"},"id":"8lgpbxiwh8q3475","previousOperationId":"l1513179stmofyh"}
{"type":"log","timestamp":1705507937178,"level":"debug","message":"Inline data specified.","meta":{"rootId":"v0crhe0f9azdt5l","id":"0qiyt8it088aloa"},"id":"2xwjw7q9udad5mv","previousOperationId":"l1513179stmofyh"}
{"type":"log","timestamp":1705507937179,"level":"debug","message":"Base url not specified, skipping its injection.","meta":{"rootId":"v0crhe0f9azdt5l","id":"0qiyt8it088aloa"},"id":"y5s7kw9wpidsswn","previousOperationId":"l1513179stmofyh"}
{"type":"operationStart","subtype":"engine","name":"handlebars","timestamp":1705507937179,"id":"0fircqtk06l27da","previousEventId":"u853diz7mf8ht5z","operationId":"x91xos5hqidbq1f","previousOperationId":"l1513179stmofyh"}
{"type":"log","timestamp":1705507937179,"level":"debug","message":"Rendering engine handlebars","meta":{"rootId":"v0crhe0f9azdt5l","id":"0qiyt8it088aloa"},"id":"uatdmh3z31ug3tk","previousOperationId":"x91xos5hqidbq1f"}
{"type":"operationEnd","operationId":"x91xos5hqidbq1f","timestamp":1705507937194,"id":"l3wxr7mqqqcqu2q","previousEventId":"0fircqtk06l27da","previousOperationId":"x91xos5hqidbq1f"}
{"type":"operationStart","subtype":"recipe","name":"chrome-pdf","timestamp":1705507937194,"id":"b6oh6jq9gsrwviq","previousEventId":"l3wxr7mqqqcqu2q","operationId":"qbkkuotu9t203ll","previousOperationId":"x91xos5hqidbq1f"}
{"type":"log","timestamp":1705507937194,"level":"debug","message":"Executing recipe chrome-pdf","meta":{"rootId":"v0crhe0f9azdt5l","id":"0qiyt8it088aloa"},"id":"c49iaouk4liz5v6","previousOperationId":"qbkkuotu9t203ll"}
{"type":"log","timestamp":1705507937196,"level":"debug","message":"Converting with chrome HeadlessChrome/117.0.5938.149 using chrome-pool strategy","meta":{"rootId":"v0crhe0f9azdt5l","id":"0qiyt8it088aloa"},"id":"2y2p3dkcvq2bfh4","previousOperationId":"qbkkuotu9t203ll"}
{"type":"log","timestamp":1705507937262,"level":"debug","message":"Page request: GET (document) file:///C:/Users/DANIEL~1/AppData/Local/Temp/jsreport/autocleanup/0fb78739-3d88-498b-824b-3dff04552998-chrome-pdf.html","meta":{"rootId":"v0crhe0f9azdt5l","id":"0qiyt8it088aloa"},"id":"d9lylripgh8msk4","previousOperationId":"qbkkuotu9t203ll"}
{"type":"log","timestamp":1705507937269,"level":"debug","message":"Page request: GET (stylesheet) https://cdnjs.cloudflare.com/ajax/libs/metro/4.1.5/css/metro.min.css","meta":{"rootId":"v0crhe0f9azdt5l","id":"0qiyt8it088aloa"},"id":"3efsptxowkfyhem","previousOperationId":"qbkkuotu9t203ll"}
{"type":"log","timestamp":1705507937270,"level":"debug","message":"Page request finished: GET (document) 200 file:///C:/Users/DANIEL~1/AppData/Local/Temp/jsreport/autocleanup/0fb78739-3d88-498b-824b-3dff04552998-chrome-pdf.html","meta":{"rootId":"v0crhe0f9azdt5l","id":"0qiyt8it088aloa"},"id":"hk326rkxn2lz2u6","previousOperationId":"qbkkuotu9t203ll"}
{"type":"log","timestamp":1705507937282,"level":"debug","message":"Page request finished: GET (stylesheet) 200 https://cdnjs.cloudflare.com/ajax/libs/metro/4.1.5/css/metro.min.css","meta":{"rootId":"v0crhe0f9azdt5l","id":"0qiyt8it088aloa"},"id":"8rs3py1jzkupddh","previousOperationId":"qbkkuotu9t203ll"}
{"type":"log","timestamp":1705507937298,"level":"debug","message":"Running chrome with params {\"printBackground\":true,\"marginTop\":\"1.5cm\",\"marginRight\":\"1.5cm\",\"marginLeft\":\"1.cm\",\"timeout\":58194,\"margin\":{\"top\":\"1.5cm\",\"right\":\"1.5cm\",\"left\":\"1.cm\"}}","meta":{"rootId":"v0crhe0f9azdt5l","id":"0qiyt8it088aloa"},"id":"f293oja3ley9z03","previousOperationId":"qbkkuotu9t203ll"}
{"type":"operationEnd","operationId":"qbkkuotu9t203ll","timestamp":1705507937328,"id":"cp2dconqv9mvv73","previousEventId":"b6oh6jq9gsrwviq","previousOperationId":"qbkkuotu9t203ll"}
{"type":"log","timestamp":1705507937328,"level":"debug","message":"Skipping storing report.","meta":{"rootId":"v0crhe0f9azdt5l","id":"0qiyt8it088aloa"},"id":"6qn32pp5gku6uyv","previousOperationId":"qbkkuotu9t203ll"}
{"type":"log","timestamp":1705507937328,"level":"info","message":"Rendering (child) request finished in 1939 ms","meta":{"rootId":"v0crhe0f9azdt5l","id":"0qiyt8it088aloa"},"id":"uk6d7ydsvya4z8z","previousOperationId":"qbkkuotu9t203ll"}
{"type":"operationEnd","subtype":"render","operationId":"l1513179stmofyh","timestamp":1705507937328,"id":"28yps9tu63lt2ob","previousEventId":"cp2dconqv9mvv73","previousOperationId":"qbkkuotu9t203ll"}
{"type":"operationEnd","operationId":"9ceecpfuhme8wy1","timestamp":1705507937336,"id":"venvsim5uo8d576","previousEventId":"254qo5lugd0hr8v","previousOperationId":"9ceecpfuhme8wy1"}
{"type":"log","timestamp":1705507937336,"level":"debug","message":"pdf-utils postproces start","meta":{"rootId":"v0crhe0f9azdt5l","id":"v0crhe0f9azdt5l"},"id":"3761fu6v2l4ikg8","previousOperationId":"9ceecpfuhme8wy1"}
{"type":"log","timestamp":1705507937345,"level":"debug","message":"pdf-utils postproces end","meta":{"rootId":"v0crhe0f9azdt5l","id":"v0crhe0f9azdt5l"},"id":"teixu0v7dfz241f","previousOperationId":"9ceecpfuhme8wy1"}
{"type":"operationEnd","operationId":"ilwfws0nuuw7qe9","timestamp":1705507937345,"id":"yqv2zezqaluzh27","previousEventId":"venvsim5uo8d576","previousOperationId":"9ceecpfuhme8wy1"}
{"type":"log","timestamp":1705507937345,"level":"info","message":"pdf-utils pdf processing was finished","meta":{"rootId":"v0crhe0f9azdt5l","id":"v0crhe0f9azdt5l"},"id":"u7pm8dkdmu1badq","previousOperationId":"ilwfws0nuuw7qe9"}
{"type":"log","timestamp":1705507937345,"level":"debug","message":"Skipping storing report.","meta":{"rootId":"v0crhe0f9azdt5l","id":"v0crhe0f9azdt5l"},"id":"qlj5m33d6235obc","previousOperationId":"ilwfws0nuuw7qe9"}
{"type":"log","timestamp":1705507937345,"level":"info","message":"Rendering request 31 finished in 1956 ms","meta":{"rootId":"v0crhe0f9azdt5l","id":"v0crhe0f9azdt5l"},"id":"75s1htsc86otcv9","previousOperationId":"ilwfws0nuuw7qe9"}
{"type":"operationEnd","subtype":"render","operationId":"vpzn9ek8t2n8q5m","timestamp":1705507937345,"id":"aehjsl6e9talggr","previousEventId":"yqv2zezqaluzh27","previousOperationId":"ilwfws0nuuw7qe9"}
{"type":"operationEnd","doDiffs":false,"previousEventId":"jgtlin3zlo22ok4","previousOperationId":"6wrgpx7io47wxjn","operationId":"6wrgpx7io47wxjn","timestamp":1705507937359,"id":"g34ih3ys8hu5yik"}
