{"type":"operationStart","subtype":"profile","data":{"_id":"aSIDYlVfSJTSPa1s","timestamp":"2024-01-11T20:21:51.391Z","state":"queued","mode":"standard","creationDate":"2024-01-11T20:21:51.393Z","modificationDate":"2024-01-11T20:21:51.393Z","shortid":"xfga4aF","$entitySet":"profiles"},"doDiffs":false,"timestamp":1705004511392,"id":"7t06bjyv0wksbq9","previousOperationId":null,"operationId":"a4xvjqk1g2w85oa"}
{"type":"log","level":"info","message":"Render request 24 queued for execution and waiting for available worker","previousOperationId":"a4xvjqk1g2w85oa","timestamp":1705004511392,"id":"1japy2ja9zdvnng"}
{"type":"operationStart","subtype":"render","name":"orders-main","previousOperationId":"a4xvjqk1g2w85oa","timestamp":1705004511397,"id":"j1uubpiz2kb65wc","previousEventId":"7t06bjyv0wksbq9","operationId":"bus4ts9wbkizpgq"}
{"type":"log","timestamp":1705004511397,"level":"info","message":"Starting rendering request 24","meta":{"rootId":"v2zok3tmhr2diuj","id":"v2zok3tmhr2diuj"},"id":"qvvzscke5lccuki","previousOperationId":"bus4ts9wbkizpgq"}
{"type":"log","timestamp":1705004511397,"level":"info","message":"Rendering template { name: orders-main, recipe: chrome-pdf, engine: handlebars, preview: true }","meta":{"rootId":"v2zok3tmhr2diuj","id":"v2zok3tmhr2diuj"},"id":"d260hbfpowf08jp","previousOperationId":"bus4ts9wbkizpgq"}
{"type":"log","timestamp":1705004511398,"level":"debug","message":"Data item not defined for this template.","meta":{"rootId":"v2zok3tmhr2diuj","id":"v2zok3tmhr2diuj"},"id":"ljafbxuknuhikux","previousOperationId":"bus4ts9wbkizpgq"}
{"type":"log","timestamp":1705004511400,"level":"debug","message":"Executing script orders-script (beforeRender)","meta":{"rootId":"v2zok3tmhr2diuj","id":"v2zok3tmhr2diuj"},"id":"wxu7fmqv3addszc","previousOperationId":"bus4ts9wbkizpgq"}
{"type":"operationStart","subtype":"scriptsBeforeRender","name":"scripts beforeRender","timestamp":1705004511431,"id":"6f5m6hddhen4sdz","previousEventId":"j1uubpiz2kb65wc","operationId":"phepd8lhjymek44","previousOperationId":"bus4ts9wbkizpgq"}
{"type":"operationStart","subtype":"script","name":"scripts orders-script","previousOperationId":"phepd8lhjymek44","timestamp":1705004511431,"id":"ebjh39fd2cbn2v9","previousEventId":"6f5m6hddhen4sdz","operationId":"gg6nro30ua4mc01"}
{"type":"operationEnd","operationId":"gg6nro30ua4mc01","timestamp":1705004511450,"id":"mb12xqxajroeq95","previousEventId":"j1uubpiz2kb65wc","previousOperationId":"bus4ts9wbkizpgq"}
{"type":"operationEnd","operationId":"phepd8lhjymek44","timestamp":1705004511450,"id":"truvo7oholnfdla","previousEventId":"mb12xqxajroeq95","previousOperationId":"bus4ts9wbkizpgq"}
{"type":"log","timestamp":1705004511450,"level":"debug","message":"Base url not specified, skipping its injection.","meta":{"rootId":"v2zok3tmhr2diuj","id":"v2zok3tmhr2diuj"},"id":"tobqp1h9ygcxn64","previousOperationId":"phepd8lhjymek44"}
{"type":"operationStart","subtype":"engine","name":"handlebars","timestamp":1705004511450,"id":"i9ev1cistgpx7aj","previousEventId":"truvo7oholnfdla","operationId":"f26utklgjapj7n1","previousOperationId":"phepd8lhjymek44"}
{"type":"log","timestamp":1705004511450,"level":"debug","message":"Rendering engine handlebars","meta":{"rootId":"v2zok3tmhr2diuj","id":"v2zok3tmhr2diuj"},"id":"rmikiagj8i05m4f","previousOperationId":"f26utklgjapj7n1"}
{"type":"log","timestamp":1705004511465,"level":"debug","message":"(console:log) Pdf utils adding group field, value: \"Race1\"","meta":{"userLevel":true,"rootId":"v2zok3tmhr2diuj","id":"v2zok3tmhr2diuj"},"id":"gdt8p10ldlibvta","previousOperationId":"f26utklgjapj7n1"}
{"type":"log","timestamp":1705004511465,"level":"debug","message":"(console:log) Pdf utils adding group field, value: \"Race2\"","meta":{"userLevel":true,"rootId":"v2zok3tmhr2diuj","id":"v2zok3tmhr2diuj"},"id":"smz3pix9wpv9rn4","previousOperationId":"f26utklgjapj7n1"}
{"type":"log","timestamp":1705004511466,"level":"debug","message":"(console:log) Pdf utils adding group field, value: \"rgver\"","meta":{"userLevel":true,"rootId":"v2zok3tmhr2diuj","id":"v2zok3tmhr2diuj"},"id":"dx361nmiaroxq6d","previousOperationId":"f26utklgjapj7n1"}
{"type":"log","timestamp":1705004511466,"level":"debug","message":"(console:log) Pdf utils adding group field, value: \"revger\"","meta":{"userLevel":true,"rootId":"v2zok3tmhr2diuj","id":"v2zok3tmhr2diuj"},"id":"nvcbyucv0b7jfps","previousOperationId":"f26utklgjapj7n1"}
{"type":"operationEnd","operationId":"f26utklgjapj7n1","timestamp":1705004511466,"id":"8yns0vd5h0sqt7o","previousEventId":"i9ev1cistgpx7aj","previousOperationId":"f26utklgjapj7n1"}
{"type":"operationStart","subtype":"recipe","name":"chrome-pdf","timestamp":1705004511466,"id":"hrexpc452n3abz5","previousEventId":"8yns0vd5h0sqt7o","operationId":"dq4h0wauhpflyu9","previousOperationId":"f26utklgjapj7n1"}
{"type":"log","timestamp":1705004511466,"level":"debug","message":"Executing recipe chrome-pdf","meta":{"rootId":"v2zok3tmhr2diuj","id":"v2zok3tmhr2diuj"},"id":"hvd26dpulonwj1d","previousOperationId":"dq4h0wauhpflyu9"}
{"type":"log","timestamp":1705004511469,"level":"debug","message":"Converting with chrome HeadlessChrome/117.0.5938.149 using chrome-pool strategy","meta":{"rootId":"v2zok3tmhr2diuj","id":"v2zok3tmhr2diuj"},"id":"cmv8fnveqszqa1o","previousOperationId":"dq4h0wauhpflyu9"}
{"type":"log","timestamp":1705004511539,"level":"debug","message":"Page request: GET (document) file:///C:/Users/DANIEL~1/AppData/Local/Temp/jsreport/autocleanup/917a2baa-9aab-4143-b763-54c80f6974b7-chrome-pdf.html","meta":{"rootId":"v2zok3tmhr2diuj","id":"v2zok3tmhr2diuj"},"id":"4ntvhmrbr16tdt6","previousOperationId":"dq4h0wauhpflyu9"}
{"type":"log","timestamp":1705004511572,"level":"debug","message":"Page request: GET (stylesheet) https://cdnjs.cloudflare.com/ajax/libs/metro/4.1.5/css/metro.min.css","meta":{"rootId":"v2zok3tmhr2diuj","id":"v2zok3tmhr2diuj"},"id":"wzhh1pbi7t2l48a","previousOperationId":"dq4h0wauhpflyu9"}
{"type":"log","timestamp":1705004511573,"level":"debug","message":"Page request: GET (script) https://cdnjs.cloudflare.com/ajax/libs/Chart.js/2.7.2/Chart.min.js","meta":{"rootId":"v2zok3tmhr2diuj","id":"v2zok3tmhr2diuj"},"id":"4pzu0tm0hapuc7c","previousOperationId":"dq4h0wauhpflyu9"}
{"type":"log","timestamp":1705004511573,"level":"debug","message":"Page request finished: GET (document) 200 file:///C:/Users/DANIEL~1/AppData/Local/Temp/jsreport/autocleanup/917a2baa-9aab-4143-b763-54c80f6974b7-chrome-pdf.html","meta":{"rootId":"v2zok3tmhr2diuj","id":"v2zok3tmhr2diuj"},"id":"pivaibwrq1p917p","previousOperationId":"dq4h0wauhpflyu9"}
{"type":"log","timestamp":1705004511585,"level":"debug","message":"Page request finished: GET (stylesheet) 200 https://cdnjs.cloudflare.com/ajax/libs/metro/4.1.5/css/metro.min.css","meta":{"rootId":"v2zok3tmhr2diuj","id":"v2zok3tmhr2diuj"},"id":"d3qou70o9tor29e","previousOperationId":"dq4h0wauhpflyu9"}
{"type":"log","timestamp":1705004511585,"level":"debug","message":"Page request finished: GET (script) 200 https://cdnjs.cloudflare.com/ajax/libs/Chart.js/2.7.2/Chart.min.js","meta":{"rootId":"v2zok3tmhr2diuj","id":"v2zok3tmhr2diuj"},"id":"60dr6rj6bm6cq3k","previousOperationId":"dq4h0wauhpflyu9"}
{"type":"log","timestamp":1705004511594,"level":"warn","message":"Page error: \"undefined\" is not valid JSON\nJSON.parse (<anonymous>) , stack: SyntaxError: \"undefined\" is not valid JSON\nJSON.parse (<anonymous>)\n    at <anonymous> (file:///C:/Users/DANIEL~1/AppData/Local/Temp/jsreport/autocleanup/917a2baa-9aab-4143-b763-54c80f6974b7-chrome-pdf.html:40:29)","meta":{"rootId":"v2zok3tmhr2diuj","id":"v2zok3tmhr2diuj"},"id":"zcu20h8tu48hp79","previousOperationId":"dq4h0wauhpflyu9"}
{"type":"log","timestamp":1705004511595,"level":"warn","message":"Page error: \"undefined\" is not valid JSON\nJSON.parse (<anonymous>) , stack: SyntaxError: \"undefined\" is not valid JSON\nJSON.parse (<anonymous>)\n    at <anonymous> (file:///C:/Users/DANIEL~1/AppData/Local/Temp/jsreport/autocleanup/917a2baa-9aab-4143-b763-54c80f6974b7-chrome-pdf.html:90:29)","meta":{"rootId":"v2zok3tmhr2diuj","id":"v2zok3tmhr2diuj"},"id":"yvjspcuc3g9cs5i","previousOperationId":"dq4h0wauhpflyu9"}
{"type":"log","timestamp":1705004511595,"level":"warn","message":"Page error: \"undefined\" is not valid JSON\nJSON.parse (<anonymous>) , stack: SyntaxError: \"undefined\" is not valid JSON\nJSON.parse (<anonymous>)\n    at <anonymous> (file:///C:/Users/DANIEL~1/AppData/Local/Temp/jsreport/autocleanup/917a2baa-9aab-4143-b763-54c80f6974b7-chrome-pdf.html:140:29)","meta":{"rootId":"v2zok3tmhr2diuj","id":"v2zok3tmhr2diuj"},"id":"xdohlydwttday2d","previousOperationId":"dq4h0wauhpflyu9"}
{"type":"log","timestamp":1705004511595,"level":"warn","message":"Page error: \"undefined\" is not valid JSON\nJSON.parse (<anonymous>) , stack: SyntaxError: \"undefined\" is not valid JSON\nJSON.parse (<anonymous>)\n    at <anonymous> (file:///C:/Users/DANIEL~1/AppData/Local/Temp/jsreport/autocleanup/917a2baa-9aab-4143-b763-54c80f6974b7-chrome-pdf.html:190:29)","meta":{"rootId":"v2zok3tmhr2diuj","id":"v2zok3tmhr2diuj"},"id":"8ziu67b72tluxhp","previousOperationId":"dq4h0wauhpflyu9"}
{"type":"log","timestamp":1705004511611,"level":"debug","message":"Running chrome with params {\"printBackground\":true,\"marginTop\":\"4cm\",\"marginRight\":\"1.5cm\",\"marginBottom\":\"1.5cm\",\"marginLeft\":\"1.5cm\",\"waitForJS\":false,\"timeout\":59923,\"margin\":{\"top\":\"4cm\",\"right\":\"1.5cm\",\"bottom\":\"1.5cm\",\"left\":\"1.5cm\"}}","meta":{"rootId":"v2zok3tmhr2diuj","id":"v2zok3tmhr2diuj"},"id":"0z0clzb31bxf2jt","previousOperationId":"dq4h0wauhpflyu9"}
{"type":"operationEnd","operationId":"dq4h0wauhpflyu9","timestamp":1705004511652,"id":"2l5v0d187ps1sh2","previousEventId":"hrexpc452n3abz5","previousOperationId":"dq4h0wauhpflyu9"}
{"type":"log","timestamp":1705004511652,"level":"info","message":"pdf-utils is starting pdf processing","meta":{"rootId":"v2zok3tmhr2diuj","id":"v2zok3tmhr2diuj"},"id":"p8myrt7cc5palu4","previousOperationId":"dq4h0wauhpflyu9"}
{"type":"operationStart","subtype":"pdfUtils","name":"pdf utils","timestamp":1705004511652,"id":"k7zi5rwkt1cu841","previousEventId":"2l5v0d187ps1sh2","operationId":"qz6r7fbsidca90e","previousOperationId":"dq4h0wauhpflyu9"}
{"type":"log","timestamp":1705004511653,"level":"debug","message":"pdf-utils detected 1 pdf operation(s) to process","meta":{"rootId":"v2zok3tmhr2diuj","id":"v2zok3tmhr2diuj"},"id":"5da7h4xypot1gye","previousOperationId":"qz6r7fbsidca90e"}
{"type":"log","timestamp":1705004511684,"level":"debug","message":"pdf-utils running pdf operation merge","meta":{"rootId":"v2zok3tmhr2diuj","id":"v2zok3tmhr2diuj"},"id":"f7jzs46he6x1o88","previousOperationId":"qz6r7fbsidca90e"}
{"type":"operationStart","subtype":"pdfUtilsMerge","name":"pdf utils merge","previousOperationId":"qz6r7fbsidca90e","timestamp":1705004511684,"id":"y69y1tcyl6thg08","previousEventId":"k7zi5rwkt1cu841","operationId":"ij2s8v8ae7uo3pa"}
{"type":"operationStart","subtype":"render","name":"orders-header","previousOperationId":"ij2s8v8ae7uo3pa","timestamp":1705004511685,"id":"go1g2sfzf7v9pjz","previousEventId":"y69y1tcyl6thg08","operationId":"ashkiilrk6b7sod"}
{"type":"log","timestamp":1705004511685,"level":"info","message":"Starting rendering (child) request","meta":{"rootId":"v2zok3tmhr2diuj","id":"miduku7wf2cv51b"},"id":"jhpsubg1uve00hs","previousOperationId":"ashkiilrk6b7sod"}
{"type":"log","timestamp":1705004511685,"level":"info","message":"Rendering template { name: orders-header, recipe: chrome-pdf, engine: handlebars, preview: true }","meta":{"rootId":"v2zok3tmhr2diuj","id":"miduku7wf2cv51b"},"id":"k7qhj3668bksgc0","previousOperationId":"ashkiilrk6b7sod"}
{"type":"log","timestamp":1705004511700,"level":"debug","message":"Inline data specified.","meta":{"rootId":"v2zok3tmhr2diuj","id":"miduku7wf2cv51b"},"id":"ou06fbcv0bns7w8","previousOperationId":"ashkiilrk6b7sod"}
{"type":"log","timestamp":1705004511701,"level":"debug","message":"Base url not specified, skipping its injection.","meta":{"rootId":"v2zok3tmhr2diuj","id":"miduku7wf2cv51b"},"id":"7yjez85mq6xiut1","previousOperationId":"ashkiilrk6b7sod"}
{"type":"operationStart","subtype":"engine","name":"handlebars","timestamp":1705004511701,"id":"kayr9rh4715g22x","previousEventId":"go1g2sfzf7v9pjz","operationId":"d48xp32hpp8n3t4","previousOperationId":"ashkiilrk6b7sod"}
{"type":"log","timestamp":1705004511701,"level":"debug","message":"Rendering engine handlebars","meta":{"rootId":"v2zok3tmhr2diuj","id":"miduku7wf2cv51b"},"id":"s4qbihfm9061x3h","previousOperationId":"d48xp32hpp8n3t4"}
{"type":"operationEnd","operationId":"d48xp32hpp8n3t4","timestamp":1705004511714,"id":"qvl46mwl004bq9e","previousEventId":"kayr9rh4715g22x","previousOperationId":"d48xp32hpp8n3t4"}
{"type":"operationStart","subtype":"recipe","name":"chrome-pdf","timestamp":1705004511714,"id":"445vwnzr5iw9wek","previousEventId":"qvl46mwl004bq9e","operationId":"mwu0sj7e56v8ssf","previousOperationId":"d48xp32hpp8n3t4"}
{"type":"log","timestamp":1705004511714,"level":"debug","message":"Executing recipe chrome-pdf","meta":{"rootId":"v2zok3tmhr2diuj","id":"miduku7wf2cv51b"},"id":"9jts939v7g9ncwp","previousOperationId":"mwu0sj7e56v8ssf"}
{"type":"log","timestamp":1705004511715,"level":"debug","message":"Converting with chrome HeadlessChrome/117.0.5938.149 using chrome-pool strategy","meta":{"rootId":"v2zok3tmhr2diuj","id":"miduku7wf2cv51b"},"id":"quxkleyydhr0f4g","previousOperationId":"mwu0sj7e56v8ssf"}
{"type":"log","timestamp":1705004511778,"level":"debug","message":"Page request: GET (document) file:///C:/Users/DANIEL~1/AppData/Local/Temp/jsreport/autocleanup/9dce678c-1793-4650-a14a-51e4a9fe8803-chrome-pdf.html","meta":{"rootId":"v2zok3tmhr2diuj","id":"miduku7wf2cv51b"},"id":"xc65bhh337j8nu8","previousOperationId":"mwu0sj7e56v8ssf"}
{"type":"log","timestamp":1705004511791,"level":"debug","message":"Page request: GET (stylesheet) https://cdnjs.cloudflare.com/ajax/libs/metro/4.1.5/css/metro.min.css","meta":{"rootId":"v2zok3tmhr2diuj","id":"miduku7wf2cv51b"},"id":"sr0211167sgxf1e","previousOperationId":"mwu0sj7e56v8ssf"}
{"type":"log","timestamp":1705004511792,"level":"debug","message":"Page request finished: GET (document) 200 file:///C:/Users/DANIEL~1/AppData/Local/Temp/jsreport/autocleanup/9dce678c-1793-4650-a14a-51e4a9fe8803-chrome-pdf.html","meta":{"rootId":"v2zok3tmhr2diuj","id":"miduku7wf2cv51b"},"id":"th17ciytp64a357","previousOperationId":"mwu0sj7e56v8ssf"}
{"type":"log","timestamp":1705004511807,"level":"debug","message":"Page request finished: GET (stylesheet) 200 https://cdnjs.cloudflare.com/ajax/libs/metro/4.1.5/css/metro.min.css","meta":{"rootId":"v2zok3tmhr2diuj","id":"miduku7wf2cv51b"},"id":"pa25l10d5m56c0a","previousOperationId":"mwu0sj7e56v8ssf"}
{"type":"log","timestamp":1705004511820,"level":"debug","message":"Running chrome with params {\"printBackground\":true,\"marginTop\":\"1.5cm\",\"marginRight\":\"1.5cm\",\"marginLeft\":\"1.cm\",\"timeout\":59676,\"margin\":{\"top\":\"1.5cm\",\"right\":\"1.5cm\",\"left\":\"1.cm\"}}","meta":{"rootId":"v2zok3tmhr2diuj","id":"miduku7wf2cv51b"},"id":"2akm6r6o9ffsjpj","previousOperationId":"mwu0sj7e56v8ssf"}
{"type":"operationEnd","operationId":"mwu0sj7e56v8ssf","timestamp":1705004511848,"id":"eqbg6l72m5lbcck","previousEventId":"445vwnzr5iw9wek","previousOperationId":"mwu0sj7e56v8ssf"}
{"type":"log","timestamp":1705004511848,"level":"debug","message":"Skipping storing report.","meta":{"rootId":"v2zok3tmhr2diuj","id":"miduku7wf2cv51b"},"id":"g0q8rg13nxm0wpb","previousOperationId":"mwu0sj7e56v8ssf"}
{"type":"log","timestamp":1705004511848,"level":"info","message":"Rendering (child) request finished in 457 ms","meta":{"rootId":"v2zok3tmhr2diuj","id":"miduku7wf2cv51b"},"id":"uwukyjymf6gi8ai","previousOperationId":"mwu0sj7e56v8ssf"}
{"type":"operationEnd","subtype":"render","operationId":"ashkiilrk6b7sod","timestamp":1705004511848,"id":"bwusihukgktvmnz","previousEventId":"eqbg6l72m5lbcck","previousOperationId":"mwu0sj7e56v8ssf"}
{"type":"operationEnd","operationId":"ij2s8v8ae7uo3pa","timestamp":1705004511860,"id":"zdv39yd1fffa0lx","previousEventId":"y69y1tcyl6thg08","previousOperationId":"ij2s8v8ae7uo3pa"}
{"type":"log","timestamp":1705004511860,"level":"debug","message":"pdf-utils postproces start","meta":{"rootId":"v2zok3tmhr2diuj","id":"v2zok3tmhr2diuj"},"id":"gkrqm4z7mgnenm1","previousOperationId":"ij2s8v8ae7uo3pa"}
{"type":"log","timestamp":1705004511872,"level":"debug","message":"pdf-utils postproces end","meta":{"rootId":"v2zok3tmhr2diuj","id":"v2zok3tmhr2diuj"},"id":"9m1exhcwvwoenp5","previousOperationId":"ij2s8v8ae7uo3pa"}
{"type":"operationEnd","operationId":"qz6r7fbsidca90e","timestamp":1705004511872,"id":"e3vt3pprlv6ascx","previousEventId":"zdv39yd1fffa0lx","previousOperationId":"ij2s8v8ae7uo3pa"}
{"type":"log","timestamp":1705004511872,"level":"info","message":"pdf-utils pdf processing was finished","meta":{"rootId":"v2zok3tmhr2diuj","id":"v2zok3tmhr2diuj"},"id":"p5ywkwaqwlt37nh","previousOperationId":"qz6r7fbsidca90e"}
{"type":"log","timestamp":1705004511872,"level":"debug","message":"Skipping storing report.","meta":{"rootId":"v2zok3tmhr2diuj","id":"v2zok3tmhr2diuj"},"id":"ogumy0rkr4iwi7l","previousOperationId":"qz6r7fbsidca90e"}
{"type":"log","timestamp":1705004511872,"level":"info","message":"Rendering request 24 finished in 481 ms","meta":{"rootId":"v2zok3tmhr2diuj","id":"v2zok3tmhr2diuj"},"id":"nemgsnpn9jxjk6u","previousOperationId":"qz6r7fbsidca90e"}
{"type":"operationEnd","subtype":"render","operationId":"bus4ts9wbkizpgq","timestamp":1705004511872,"id":"wieam8tsxsgj5fv","previousEventId":"e3vt3pprlv6ascx","previousOperationId":"qz6r7fbsidca90e"}
{"type":"operationEnd","doDiffs":false,"previousEventId":"7t06bjyv0wksbq9","previousOperationId":"a4xvjqk1g2w85oa","operationId":"a4xvjqk1g2w85oa","timestamp":1705004511885,"id":"0zpgqzg5on3b6qm"}
