{"type":"operationStart","subtype":"profile","data":{"_id":"W6J5L3q2QFXCyMGP","timestamp":"2024-01-18T18:06:21.077Z","state":"queued","mode":"standard","creationDate":"2024-01-18T18:06:21.079Z","modificationDate":"2024-01-18T18:06:21.079Z","shortid":"HL6wk6D","$entitySet":"profiles"},"doDiffs":false,"timestamp":1705601181078,"id":"qkfaj32qfes4o7l","previousOperationId":null,"operationId":"la2hm2x726muhxi"}
{"type":"log","level":"info","message":"Render request 23 queued for execution and waiting for available worker","previousOperationId":"la2hm2x726muhxi","timestamp":1705601181078,"id":"op6ezg6drwyecrs"}
{"type":"operationStart","subtype":"render","name":"orders-main","previousOperationId":"la2hm2x726muhxi","timestamp":1705601181084,"id":"kqvki8y4ochzz2m","previousEventId":"qkfaj32qfes4o7l","operationId":"lmlpngg9j6qkv1d"}
{"type":"log","timestamp":1705601181084,"level":"info","message":"Starting rendering request 23","meta":{"rootId":"vf7eva13i4rgneu","id":"vf7eva13i4rgneu"},"id":"0hquxpu54lkc9iq","previousOperationId":"lmlpngg9j6qkv1d"}
{"type":"log","timestamp":1705601181084,"level":"info","message":"Rendering template { name: orders-main, recipe: chrome-pdf, engine: handlebars, preview: true }","meta":{"rootId":"vf7eva13i4rgneu","id":"vf7eva13i4rgneu"},"id":"4f3emjyz3ysebbz","previousOperationId":"lmlpngg9j6qkv1d"}
{"type":"log","timestamp":1705601181087,"level":"debug","message":"Data item not defined for this template.","meta":{"rootId":"vf7eva13i4rgneu","id":"vf7eva13i4rgneu"},"id":"g3u5cu4pnifv12o","previousOperationId":"lmlpngg9j6qkv1d"}
{"type":"log","timestamp":1705601181089,"level":"debug","message":"Executing script orders-script (beforeRender)","meta":{"rootId":"vf7eva13i4rgneu","id":"vf7eva13i4rgneu"},"id":"q938chw8bs0ps7p","previousOperationId":"lmlpngg9j6qkv1d"}
{"type":"operationStart","subtype":"scriptsBeforeRender","name":"scripts beforeRender","timestamp":1705601181099,"id":"o06k7sl0r83le1c","previousEventId":"kqvki8y4ochzz2m","operationId":"a6dlwckc496hh0z","previousOperationId":"lmlpngg9j6qkv1d"}
{"type":"operationStart","subtype":"script","name":"scripts orders-script","previousOperationId":"a6dlwckc496hh0z","timestamp":1705601181099,"id":"xiajt7f37yq60vy","previousEventId":"o06k7sl0r83le1c","operationId":"mb5all4wpvzq3w9"}
{"type":"log","timestamp":1705601181109,"level":"debug","message":"(console:log) [ 'Race1', 'Race2' ]","meta":{"userLevel":true,"rootId":"vf7eva13i4rgneu","id":"vf7eva13i4rgneu"},"id":"9b6sqraechftfk8","previousOperationId":"mb5all4wpvzq3w9"}
{"type":"log","timestamp":1705601181109,"level":"debug","message":"(console:log) [ 2, 1 ]","meta":{"userLevel":true,"rootId":"vf7eva13i4rgneu","id":"vf7eva13i4rgneu"},"id":"f376nekxmrykmdu","previousOperationId":"mb5all4wpvzq3w9"}
{"type":"operationEnd","operationId":"mb5all4wpvzq3w9","timestamp":1705601181110,"id":"ixu9i6czo1p6ww7","previousEventId":"kqvki8y4ochzz2m","previousOperationId":"lmlpngg9j6qkv1d"}
{"type":"operationEnd","operationId":"a6dlwckc496hh0z","timestamp":1705601181110,"id":"r26ph6qp0qf4ov6","previousEventId":"ixu9i6czo1p6ww7","previousOperationId":"lmlpngg9j6qkv1d"}
{"type":"log","timestamp":1705601181110,"level":"debug","message":"Base url not specified, skipping its injection.","meta":{"rootId":"vf7eva13i4rgneu","id":"vf7eva13i4rgneu"},"id":"te2sr3obnir158h","previousOperationId":"a6dlwckc496hh0z"}
{"type":"operationStart","subtype":"engine","name":"handlebars","timestamp":1705601181110,"id":"5lbqq63060wqcej","previousEventId":"r26ph6qp0qf4ov6","operationId":"17y58oj682jqbdw","previousOperationId":"a6dlwckc496hh0z"}
{"type":"log","timestamp":1705601181110,"level":"debug","message":"Rendering engine handlebars","meta":{"rootId":"vf7eva13i4rgneu","id":"vf7eva13i4rgneu"},"id":"x3ss9w8o4uaal73","previousOperationId":"17y58oj682jqbdw"}
{"type":"log","timestamp":1705601181121,"level":"debug","message":"(console:log) Pdf utils adding group field, value: \"Race1\"","meta":{"userLevel":true,"rootId":"vf7eva13i4rgneu","id":"vf7eva13i4rgneu"},"id":"940jfu99kntbun9","previousOperationId":"17y58oj682jqbdw"}
{"type":"log","timestamp":1705601181121,"level":"debug","message":"(console:log) Pdf utils adding group field, value: \"Race2\"","meta":{"userLevel":true,"rootId":"vf7eva13i4rgneu","id":"vf7eva13i4rgneu"},"id":"clnysxb3lphb7tc","previousOperationId":"17y58oj682jqbdw"}
{"type":"operationEnd","operationId":"17y58oj682jqbdw","timestamp":1705601181121,"id":"qkk3j42leerpwnj","previousEventId":"5lbqq63060wqcej","previousOperationId":"17y58oj682jqbdw"}
{"type":"operationStart","subtype":"recipe","name":"chrome-pdf","timestamp":1705601181121,"id":"0zv3vj3uqvby8v4","previousEventId":"qkk3j42leerpwnj","operationId":"ys33oawqx0mamsx","previousOperationId":"17y58oj682jqbdw"}
{"type":"log","timestamp":1705601181121,"level":"debug","message":"Executing recipe chrome-pdf","meta":{"rootId":"vf7eva13i4rgneu","id":"vf7eva13i4rgneu"},"id":"zydibxt6mgh34z8","previousOperationId":"ys33oawqx0mamsx"}
{"type":"log","timestamp":1705601181123,"level":"debug","message":"Converting with chrome HeadlessChrome/117.0.5938.149 using chrome-pool strategy","meta":{"rootId":"vf7eva13i4rgneu","id":"vf7eva13i4rgneu"},"id":"wonu0a810kwh7q4","previousOperationId":"ys33oawqx0mamsx"}
{"type":"log","timestamp":1705601181195,"level":"debug","message":"Page request: GET (document) file:///C:/Users/DANIEL~1/AppData/Local/Temp/jsreport/autocleanup/70fc08ff-ae75-4696-a054-5d1662b9e728-chrome-pdf.html","meta":{"rootId":"vf7eva13i4rgneu","id":"vf7eva13i4rgneu"},"id":"aeqf5dn5jfby0ub","previousOperationId":"ys33oawqx0mamsx"}
{"type":"log","timestamp":1705601181225,"level":"debug","message":"Page request: GET (stylesheet) https://cdnjs.cloudflare.com/ajax/libs/metro/4.1.5/css/metro.min.css","meta":{"rootId":"vf7eva13i4rgneu","id":"vf7eva13i4rgneu"},"id":"caoby14i4srqalk","previousOperationId":"ys33oawqx0mamsx"}
{"type":"log","timestamp":1705601181226,"level":"debug","message":"Page request: GET (script) https://cdn.jsdelivr.net/npm/chart.js","meta":{"rootId":"vf7eva13i4rgneu","id":"vf7eva13i4rgneu"},"id":"6kldlibwi7r10bc","previousOperationId":"ys33oawqx0mamsx"}
{"type":"log","timestamp":1705601181226,"level":"debug","message":"Page request finished: GET (document) 200 file:///C:/Users/DANIEL~1/AppData/Local/Temp/jsreport/autocleanup/70fc08ff-ae75-4696-a054-5d1662b9e728-chrome-pdf.html","meta":{"rootId":"vf7eva13i4rgneu","id":"vf7eva13i4rgneu"},"id":"ulad1xjk9uz72al","previousOperationId":"ys33oawqx0mamsx"}
{"type":"log","timestamp":1705601181250,"level":"debug","message":"Page request finished: GET (stylesheet) 200 https://cdnjs.cloudflare.com/ajax/libs/metro/4.1.5/css/metro.min.css","meta":{"rootId":"vf7eva13i4rgneu","id":"vf7eva13i4rgneu"},"id":"ps48bxwqtx0zi55","previousOperationId":"ys33oawqx0mamsx"}
{"type":"log","timestamp":1705601181250,"level":"debug","message":"Page request finished: GET (script) 200 https://cdn.jsdelivr.net/npm/chart.js","meta":{"rootId":"vf7eva13i4rgneu","id":"vf7eva13i4rgneu"},"id":"uie30skknatkn4v","previousOperationId":"ys33oawqx0mamsx"}
{"type":"log","timestamp":1705601181253,"level":"warn","message":"Page error: Unexpected token ';' , stack: SyntaxError: Unexpected token ';'","meta":{"rootId":"vf7eva13i4rgneu","id":"vf7eva13i4rgneu"},"id":"e1t5qsna7xbuvmc","previousOperationId":"ys33oawqx0mamsx"}
{"type":"log","timestamp":1705601181253,"level":"warn","message":"Page error: orders is not defined , stack: ReferenceError: orders is not defined\n    at <anonymous> (file:///C:/Users/DANIEL~1/AppData/Local/Temp/jsreport/autocleanup/70fc08ff-ae75-4696-a054-5d1662b9e728-chrome-pdf.html:42:16)","meta":{"rootId":"vf7eva13i4rgneu","id":"vf7eva13i4rgneu"},"id":"v8fx85f766k5abv","previousOperationId":"ys33oawqx0mamsx"}
{"type":"log","timestamp":1705601181253,"level":"warn","message":"Page error: Identifier 'data' has already been declared , stack: SyntaxError: Identifier 'data' has already been declared","meta":{"rootId":"vf7eva13i4rgneu","id":"vf7eva13i4rgneu"},"id":"d6k89mkbhkblxmo","previousOperationId":"ys33oawqx0mamsx"}
{"type":"log","timestamp":1705601181275,"level":"debug","message":"Running chrome with params {\"printBackground\":true,\"marginTop\":\"4cm\",\"marginRight\":\"1.5cm\",\"marginBottom\":\"1.5cm\",\"marginLeft\":\"1.5cm\",\"waitForJS\":false,\"timeout\":59955,\"margin\":{\"top\":\"4cm\",\"right\":\"1.5cm\",\"bottom\":\"1.5cm\",\"left\":\"1.5cm\"}}","meta":{"rootId":"vf7eva13i4rgneu","id":"vf7eva13i4rgneu"},"id":"r02f8k8vpiuz54n","previousOperationId":"ys33oawqx0mamsx"}
{"type":"operationEnd","operationId":"ys33oawqx0mamsx","timestamp":1705601181337,"id":"y0rhl1fq4x6rauo","previousEventId":"0zv3vj3uqvby8v4","previousOperationId":"ys33oawqx0mamsx"}
{"type":"log","timestamp":1705601181337,"level":"info","message":"pdf-utils is starting pdf processing","meta":{"rootId":"vf7eva13i4rgneu","id":"vf7eva13i4rgneu"},"id":"7f082fzj1gx1yp4","previousOperationId":"ys33oawqx0mamsx"}
{"type":"operationStart","subtype":"pdfUtils","name":"pdf utils","timestamp":1705601181337,"id":"vjd0ohmbcvqt0x9","previousEventId":"y0rhl1fq4x6rauo","operationId":"wc9bld5eeicnfcv","previousOperationId":"ys33oawqx0mamsx"}
{"type":"log","timestamp":1705601181337,"level":"debug","message":"pdf-utils detected 1 pdf operation(s) to process","meta":{"rootId":"vf7eva13i4rgneu","id":"vf7eva13i4rgneu"},"id":"60zara0od9ys87u","previousOperationId":"wc9bld5eeicnfcv"}
{"type":"log","timestamp":1705601181351,"level":"debug","message":"pdf-utils running pdf operation merge","meta":{"rootId":"vf7eva13i4rgneu","id":"vf7eva13i4rgneu"},"id":"k2f4m3y6mh7vqrv","previousOperationId":"wc9bld5eeicnfcv"}
{"type":"operationStart","subtype":"pdfUtilsMerge","name":"pdf utils merge","previousOperationId":"wc9bld5eeicnfcv","timestamp":1705601181352,"id":"4rqk5q010g7109x","previousEventId":"vjd0ohmbcvqt0x9","operationId":"q5iq8k4d9eqpks6"}
{"type":"operationStart","subtype":"render","name":"orders-header","previousOperationId":"q5iq8k4d9eqpks6","timestamp":1705601181353,"id":"b1am05tyw96sxaf","previousEventId":"4rqk5q010g7109x","operationId":"qpx690gc1ihmksi"}
{"type":"log","timestamp":1705601181353,"level":"info","message":"Starting rendering (child) request","meta":{"rootId":"vf7eva13i4rgneu","id":"q1bo0jevzj8cjf2"},"id":"askmj9ewyt2ebsi","previousOperationId":"qpx690gc1ihmksi"}
{"type":"log","timestamp":1705601181353,"level":"info","message":"Rendering template { name: orders-header, recipe: chrome-pdf, engine: handlebars, preview: true }","meta":{"rootId":"vf7eva13i4rgneu","id":"q1bo0jevzj8cjf2"},"id":"uo1p3szgxl0z87j","previousOperationId":"qpx690gc1ihmksi"}
{"type":"log","timestamp":1705601181354,"level":"debug","message":"Inline data specified.","meta":{"rootId":"vf7eva13i4rgneu","id":"q1bo0jevzj8cjf2"},"id":"3ihfbknsr9fi76v","previousOperationId":"qpx690gc1ihmksi"}
{"type":"log","timestamp":1705601181355,"level":"debug","message":"Base url not specified, skipping its injection.","meta":{"rootId":"vf7eva13i4rgneu","id":"q1bo0jevzj8cjf2"},"id":"rxari4fwst5cmei","previousOperationId":"qpx690gc1ihmksi"}
{"type":"operationStart","subtype":"engine","name":"handlebars","timestamp":1705601181355,"id":"qoacoj02m39dyt7","previousEventId":"b1am05tyw96sxaf","operationId":"oujjr49tqphggx5","previousOperationId":"qpx690gc1ihmksi"}
{"type":"log","timestamp":1705601181355,"level":"debug","message":"Rendering engine handlebars","meta":{"rootId":"vf7eva13i4rgneu","id":"q1bo0jevzj8cjf2"},"id":"haaeec4ytgfisjf","previousOperationId":"oujjr49tqphggx5"}
{"type":"operationEnd","operationId":"oujjr49tqphggx5","timestamp":1705601181366,"id":"0jng2i9tahpdmbl","previousEventId":"qoacoj02m39dyt7","previousOperationId":"oujjr49tqphggx5"}
{"type":"operationStart","subtype":"recipe","name":"chrome-pdf","timestamp":1705601181366,"id":"oqb5vjklqw77y11","previousEventId":"0jng2i9tahpdmbl","operationId":"lf0xl1t79hs01fj","previousOperationId":"oujjr49tqphggx5"}
{"type":"log","timestamp":1705601181366,"level":"debug","message":"Executing recipe chrome-pdf","meta":{"rootId":"vf7eva13i4rgneu","id":"q1bo0jevzj8cjf2"},"id":"9er3lls3qbyxvzf","previousOperationId":"lf0xl1t79hs01fj"}
{"type":"log","timestamp":1705601181368,"level":"debug","message":"Converting with chrome HeadlessChrome/117.0.5938.149 using chrome-pool strategy","meta":{"rootId":"vf7eva13i4rgneu","id":"q1bo0jevzj8cjf2"},"id":"l9lz6m7u1mf0pm2","previousOperationId":"lf0xl1t79hs01fj"}
{"type":"log","timestamp":1705601181435,"level":"debug","message":"Page request: GET (document) file:///C:/Users/DANIEL~1/AppData/Local/Temp/jsreport/autocleanup/ef92fabe-b68c-4c28-8925-5c316f1db441-chrome-pdf.html","meta":{"rootId":"vf7eva13i4rgneu","id":"q1bo0jevzj8cjf2"},"id":"kn9z6vrwjowmtoy","previousOperationId":"lf0xl1t79hs01fj"}
{"type":"log","timestamp":1705601181443,"level":"debug","message":"Page request: GET (stylesheet) https://cdnjs.cloudflare.com/ajax/libs/metro/4.1.5/css/metro.min.css","meta":{"rootId":"vf7eva13i4rgneu","id":"q1bo0jevzj8cjf2"},"id":"l0rkojzzudw483y","previousOperationId":"lf0xl1t79hs01fj"}
{"type":"log","timestamp":1705601181444,"level":"debug","message":"Page request finished: GET (document) 200 file:///C:/Users/DANIEL~1/AppData/Local/Temp/jsreport/autocleanup/ef92fabe-b68c-4c28-8925-5c316f1db441-chrome-pdf.html","meta":{"rootId":"vf7eva13i4rgneu","id":"q1bo0jevzj8cjf2"},"id":"ad45knfh4qee3jg","previousOperationId":"lf0xl1t79hs01fj"}
{"type":"log","timestamp":1705601181455,"level":"debug","message":"Page request finished: GET (stylesheet) 200 https://cdnjs.cloudflare.com/ajax/libs/metro/4.1.5/css/metro.min.css","meta":{"rootId":"vf7eva13i4rgneu","id":"q1bo0jevzj8cjf2"},"id":"isjvcnyd7trpwk6","previousOperationId":"lf0xl1t79hs01fj"}
{"type":"log","timestamp":1705601181467,"level":"debug","message":"Running chrome with params {\"printBackground\":true,\"marginTop\":\"1.5cm\",\"marginRight\":\"1.5cm\",\"marginLeft\":\"1.cm\",\"timeout\":59710,\"margin\":{\"top\":\"1.5cm\",\"right\":\"1.5cm\",\"left\":\"1.cm\"}}","meta":{"rootId":"vf7eva13i4rgneu","id":"q1bo0jevzj8cjf2"},"id":"8tknpfjutho5fz2","previousOperationId":"lf0xl1t79hs01fj"}
{"type":"operationEnd","operationId":"lf0xl1t79hs01fj","timestamp":1705601181493,"id":"7ofokqzfltly97m","previousEventId":"oqb5vjklqw77y11","previousOperationId":"lf0xl1t79hs01fj"}
{"type":"log","timestamp":1705601181493,"level":"debug","message":"Skipping storing report.","meta":{"rootId":"vf7eva13i4rgneu","id":"q1bo0jevzj8cjf2"},"id":"d997ycgdq2ik4x3","previousOperationId":"lf0xl1t79hs01fj"}
{"type":"log","timestamp":1705601181493,"level":"info","message":"Rendering (child) request finished in 416 ms","meta":{"rootId":"vf7eva13i4rgneu","id":"q1bo0jevzj8cjf2"},"id":"88aq14tjdg3vtnx","previousOperationId":"lf0xl1t79hs01fj"}
{"type":"operationEnd","subtype":"render","operationId":"qpx690gc1ihmksi","timestamp":1705601181493,"id":"tpuea9trkbqswg9","previousEventId":"7ofokqzfltly97m","previousOperationId":"lf0xl1t79hs01fj"}
{"type":"operationEnd","operationId":"q5iq8k4d9eqpks6","timestamp":1705601181501,"id":"mve2evtp89fhakp","previousEventId":"4rqk5q010g7109x","previousOperationId":"q5iq8k4d9eqpks6"}
{"type":"log","timestamp":1705601181501,"level":"debug","message":"pdf-utils postproces start","meta":{"rootId":"vf7eva13i4rgneu","id":"vf7eva13i4rgneu"},"id":"ibmpvp92sa6lvrx","previousOperationId":"q5iq8k4d9eqpks6"}
{"type":"log","timestamp":1705601181507,"level":"debug","message":"pdf-utils postproces end","meta":{"rootId":"vf7eva13i4rgneu","id":"vf7eva13i4rgneu"},"id":"0bncluv6gh1qvtr","previousOperationId":"q5iq8k4d9eqpks6"}
{"type":"operationEnd","operationId":"wc9bld5eeicnfcv","timestamp":1705601181507,"id":"jp5gbeysy761tlz","previousEventId":"mve2evtp89fhakp","previousOperationId":"q5iq8k4d9eqpks6"}
{"type":"log","timestamp":1705601181507,"level":"info","message":"pdf-utils pdf processing was finished","meta":{"rootId":"vf7eva13i4rgneu","id":"vf7eva13i4rgneu"},"id":"m4cfa9ir2htgxs7","previousOperationId":"wc9bld5eeicnfcv"}
{"type":"log","timestamp":1705601181507,"level":"debug","message":"Skipping storing report.","meta":{"rootId":"vf7eva13i4rgneu","id":"vf7eva13i4rgneu"},"id":"k0jwezldk3xudru","previousOperationId":"wc9bld5eeicnfcv"}
{"type":"log","timestamp":1705601181507,"level":"info","message":"Rendering request 23 finished in 430 ms","meta":{"rootId":"vf7eva13i4rgneu","id":"vf7eva13i4rgneu"},"id":"0m78aynu5azvo8k","previousOperationId":"wc9bld5eeicnfcv"}
{"type":"operationEnd","subtype":"render","operationId":"lmlpngg9j6qkv1d","timestamp":1705601181507,"id":"f2ekb23866vr73m","previousEventId":"jp5gbeysy761tlz","previousOperationId":"wc9bld5eeicnfcv"}
{"type":"operationEnd","doDiffs":false,"previousEventId":"qkfaj32qfes4o7l","previousOperationId":"la2hm2x726muhxi","operationId":"la2hm2x726muhxi","timestamp":1705601181513,"id":"fw8y7galx2ks0yv"}
