{"type":"operationStart","subtype":"profile","data":{"_id":"UvU81n0Ieh5ZWkS1","timestamp":"2024-01-18T14:49:49.967Z","state":"queued","mode":"standard","creationDate":"2024-01-18T14:49:49.972Z","modificationDate":"2024-01-18T14:49:49.972Z","shortid":"tlKopqm","$entitySet":"profiles"},"doDiffs":false,"timestamp":1705589389969,"id":"3ca1tzyjtmgarfx","previousOperationId":null,"operationId":"q9exax2d6hpj7th"}
{"type":"log","level":"info","message":"Render request 13 queued for execution and waiting for available worker","previousOperationId":"q9exax2d6hpj7th","timestamp":1705589389970,"id":"sh1hdmcqfwdnb5w"}
{"type":"operationStart","subtype":"render","name":"orders-main","previousOperationId":"q9exax2d6hpj7th","timestamp":1705589389989,"id":"2wqn2vq4mio846v","previousEventId":"3ca1tzyjtmgarfx","operationId":"ljyv1kdrq3dyf3t"}
{"type":"log","timestamp":1705589389989,"level":"info","message":"Starting rendering request 13","meta":{"rootId":"vm9pdkhaw417wiy","id":"vm9pdkhaw417wiy"},"id":"zmgd388ht7gjtkj","previousOperationId":"ljyv1kdrq3dyf3t"}
{"type":"log","timestamp":1705589389989,"level":"info","message":"Rendering template { name: orders-main, recipe: chrome-pdf, engine: handlebars, preview: true }","meta":{"rootId":"vm9pdkhaw417wiy","id":"vm9pdkhaw417wiy"},"id":"6t7uc5g6ck1idyt","previousOperationId":"ljyv1kdrq3dyf3t"}
{"type":"log","timestamp":1705589389991,"level":"debug","message":"Data item not defined for this template.","meta":{"rootId":"vm9pdkhaw417wiy","id":"vm9pdkhaw417wiy"},"id":"yvqjub1nt2aasph","previousOperationId":"ljyv1kdrq3dyf3t"}
{"type":"log","timestamp":1705589389995,"level":"debug","message":"Executing script orders-script (beforeRender)","meta":{"rootId":"vm9pdkhaw417wiy","id":"vm9pdkhaw417wiy"},"id":"yovm2tdvf4z4q9r","previousOperationId":"ljyv1kdrq3dyf3t"}
{"type":"operationStart","subtype":"scriptsBeforeRender","name":"scripts beforeRender","timestamp":1705589390039,"id":"vpex65c34soe5om","previousEventId":"2wqn2vq4mio846v","operationId":"qlnxa2abt0rpnr2","previousOperationId":"ljyv1kdrq3dyf3t"}
{"type":"operationStart","subtype":"script","name":"scripts orders-script","previousOperationId":"qlnxa2abt0rpnr2","timestamp":1705589390039,"id":"vtyu5oiyb9doekv","previousEventId":"vpex65c34soe5om","operationId":"7hn71374z3echwt"}
{"type":"operationEnd","operationId":"7hn71374z3echwt","timestamp":1705589390062,"id":"t2oqm7aqiqx4wpy","previousEventId":"2wqn2vq4mio846v","previousOperationId":"ljyv1kdrq3dyf3t"}
{"type":"operationEnd","operationId":"qlnxa2abt0rpnr2","timestamp":1705589390062,"id":"ckvl47azfvc5som","previousEventId":"t2oqm7aqiqx4wpy","previousOperationId":"ljyv1kdrq3dyf3t"}
{"type":"log","timestamp":1705589390062,"level":"debug","message":"Base url not specified, skipping its injection.","meta":{"rootId":"vm9pdkhaw417wiy","id":"vm9pdkhaw417wiy"},"id":"p0m0oc9ehtpphe3","previousOperationId":"qlnxa2abt0rpnr2"}
{"type":"operationStart","subtype":"engine","name":"handlebars","timestamp":1705589390062,"id":"y2rc74jom3eqgrm","previousEventId":"ckvl47azfvc5som","operationId":"9mzrskh06adq3vt","previousOperationId":"qlnxa2abt0rpnr2"}
{"type":"log","timestamp":1705589390062,"level":"debug","message":"Rendering engine handlebars","meta":{"rootId":"vm9pdkhaw417wiy","id":"vm9pdkhaw417wiy"},"id":"ctglfxbmt7rvtuc","previousOperationId":"9mzrskh06adq3vt"}
{"type":"log","timestamp":1705589390088,"level":"debug","message":"(console:log) Pdf utils adding group field, value: \"Race1\"","meta":{"userLevel":true,"rootId":"vm9pdkhaw417wiy","id":"vm9pdkhaw417wiy"},"id":"q1mlz6u6rdv42wk","previousOperationId":"9mzrskh06adq3vt"}
{"type":"log","timestamp":1705589390088,"level":"debug","message":"(console:log) Pdf utils adding group field, value: \"Race2\"","meta":{"userLevel":true,"rootId":"vm9pdkhaw417wiy","id":"vm9pdkhaw417wiy"},"id":"j5ezupal7prpqeu","previousOperationId":"9mzrskh06adq3vt"}
{"type":"operationEnd","operationId":"9mzrskh06adq3vt","timestamp":1705589390089,"id":"ux4kp1ys61hieo8","previousEventId":"y2rc74jom3eqgrm","previousOperationId":"9mzrskh06adq3vt"}
{"type":"operationStart","subtype":"recipe","name":"chrome-pdf","timestamp":1705589390089,"id":"83vz05tom4evry3","previousEventId":"ux4kp1ys61hieo8","operationId":"vpbwpastozr4yqg","previousOperationId":"9mzrskh06adq3vt"}
{"type":"log","timestamp":1705589390089,"level":"debug","message":"Executing recipe chrome-pdf","meta":{"rootId":"vm9pdkhaw417wiy","id":"vm9pdkhaw417wiy"},"id":"qewycacitjqy5y8","previousOperationId":"vpbwpastozr4yqg"}
{"type":"log","timestamp":1705589390096,"level":"debug","message":"Converting with chrome HeadlessChrome/117.0.5938.149 using chrome-pool strategy","meta":{"rootId":"vm9pdkhaw417wiy","id":"vm9pdkhaw417wiy"},"id":"i53mirg8zbqwg3l","previousOperationId":"vpbwpastozr4yqg"}
{"type":"log","timestamp":1705589390245,"level":"debug","message":"Page request: GET (document) file:///C:/Users/DANIEL~1/AppData/Local/Temp/jsreport/autocleanup/f019ff9f-dba4-40f6-8954-809aa139f119-chrome-pdf.html","meta":{"rootId":"vm9pdkhaw417wiy","id":"vm9pdkhaw417wiy"},"id":"5l7iwuiu0retpcn","previousOperationId":"vpbwpastozr4yqg"}
{"type":"log","timestamp":1705589390288,"level":"debug","message":"Page request: GET (stylesheet) https://cdnjs.cloudflare.com/ajax/libs/metro/4.1.5/css/metro.min.css","meta":{"rootId":"vm9pdkhaw417wiy","id":"vm9pdkhaw417wiy"},"id":"rzjsmx3vv9uc00m","previousOperationId":"vpbwpastozr4yqg"}
{"type":"log","timestamp":1705589390289,"level":"debug","message":"Page request finished: GET (document) 200 file:///C:/Users/DANIEL~1/AppData/Local/Temp/jsreport/autocleanup/f019ff9f-dba4-40f6-8954-809aa139f119-chrome-pdf.html","meta":{"rootId":"vm9pdkhaw417wiy","id":"vm9pdkhaw417wiy"},"id":"ty7c98h13hgipc9","previousOperationId":"vpbwpastozr4yqg"}
{"type":"log","timestamp":1705589390290,"level":"debug","message":"Page request: GET (script) https://cdnjs.cloudflare.com/ajax/libs/Chart.js/2.9.4/Chart.js","meta":{"rootId":"vm9pdkhaw417wiy","id":"vm9pdkhaw417wiy"},"id":"7mdu6xrll38j526","previousOperationId":"vpbwpastozr4yqg"}
{"type":"log","timestamp":1705589390325,"level":"debug","message":"Page request finished: GET (stylesheet) 200 https://cdnjs.cloudflare.com/ajax/libs/metro/4.1.5/css/metro.min.css","meta":{"rootId":"vm9pdkhaw417wiy","id":"vm9pdkhaw417wiy"},"id":"lopzmciz2e43be0","previousOperationId":"vpbwpastozr4yqg"}
{"type":"log","timestamp":1705589390326,"level":"debug","message":"Page request finished: GET (script) 200 https://cdnjs.cloudflare.com/ajax/libs/Chart.js/2.9.4/Chart.js","meta":{"rootId":"vm9pdkhaw417wiy","id":"vm9pdkhaw417wiy"},"id":"j43c5fxtuwc17s5","previousOperationId":"vpbwpastozr4yqg"}
{"type":"log","timestamp":1705589390335,"level":"warn","message":"Page error: Unexpected token ';' , stack: SyntaxError: Unexpected token ';'","meta":{"rootId":"vm9pdkhaw417wiy","id":"vm9pdkhaw417wiy"},"id":"3fb5klmtl2qx20r","previousOperationId":"vpbwpastozr4yqg"}
{"type":"log","timestamp":1705589390372,"level":"debug","message":"Running chrome with params {\"printBackground\":true,\"marginTop\":\"4cm\",\"marginRight\":\"1.5cm\",\"marginBottom\":\"1.5cm\",\"marginLeft\":\"1.5cm\",\"waitForJS\":false,\"timeout\":59874,\"margin\":{\"top\":\"4cm\",\"right\":\"1.5cm\",\"bottom\":\"1.5cm\",\"left\":\"1.5cm\"}}","meta":{"rootId":"vm9pdkhaw417wiy","id":"vm9pdkhaw417wiy"},"id":"mvqoitev4wyxh3a","previousOperationId":"vpbwpastozr4yqg"}
{"type":"operationEnd","operationId":"vpbwpastozr4yqg","timestamp":1705589390486,"id":"fgj2quyfzher6sp","previousEventId":"83vz05tom4evry3","previousOperationId":"vpbwpastozr4yqg"}
{"type":"log","timestamp":1705589390486,"level":"info","message":"pdf-utils is starting pdf processing","meta":{"rootId":"vm9pdkhaw417wiy","id":"vm9pdkhaw417wiy"},"id":"o0wph95vy52aw0n","previousOperationId":"vpbwpastozr4yqg"}
{"type":"operationStart","subtype":"pdfUtils","name":"pdf utils","timestamp":1705589390486,"id":"15ggh6x8zbhnbke","previousEventId":"fgj2quyfzher6sp","operationId":"7swfocv0qjjm0me","previousOperationId":"vpbwpastozr4yqg"}
{"type":"log","timestamp":1705589390486,"level":"debug","message":"pdf-utils detected 1 pdf operation(s) to process","meta":{"rootId":"vm9pdkhaw417wiy","id":"vm9pdkhaw417wiy"},"id":"xi76tkakecsst7i","previousOperationId":"7swfocv0qjjm0me"}
{"type":"log","timestamp":1705589390525,"level":"debug","message":"pdf-utils running pdf operation merge","meta":{"rootId":"vm9pdkhaw417wiy","id":"vm9pdkhaw417wiy"},"id":"jjqeq9cjz0d6yiu","previousOperationId":"7swfocv0qjjm0me"}
{"type":"operationStart","subtype":"pdfUtilsMerge","name":"pdf utils merge","previousOperationId":"7swfocv0qjjm0me","timestamp":1705589390525,"id":"asc8e2nhelm0a5i","previousEventId":"15ggh6x8zbhnbke","operationId":"1o2wjziy8h869nq"}
{"type":"operationStart","subtype":"render","name":"orders-header","previousOperationId":"1o2wjziy8h869nq","timestamp":1705589390533,"id":"jkt3nv9rzwspgqu","previousEventId":"asc8e2nhelm0a5i","operationId":"5zoo4g2ohywbw56"}
{"type":"log","timestamp":1705589390533,"level":"info","message":"Starting rendering (child) request","meta":{"rootId":"vm9pdkhaw417wiy","id":"u56bi4opcfmq69i"},"id":"e6u9v2hgkxbq33b","previousOperationId":"5zoo4g2ohywbw56"}
{"type":"log","timestamp":1705589390533,"level":"info","message":"Rendering template { name: orders-header, recipe: chrome-pdf, engine: handlebars, preview: true }","meta":{"rootId":"vm9pdkhaw417wiy","id":"u56bi4opcfmq69i"},"id":"jnk9o0aki08kvoc","previousOperationId":"5zoo4g2ohywbw56"}
{"type":"log","timestamp":1705589390535,"level":"debug","message":"Inline data specified.","meta":{"rootId":"vm9pdkhaw417wiy","id":"u56bi4opcfmq69i"},"id":"fhfuovgt951yr6k","previousOperationId":"5zoo4g2ohywbw56"}
{"type":"log","timestamp":1705589390540,"level":"debug","message":"Base url not specified, skipping its injection.","meta":{"rootId":"vm9pdkhaw417wiy","id":"u56bi4opcfmq69i"},"id":"cgrj31wavsgqly8","previousOperationId":"5zoo4g2ohywbw56"}
{"type":"operationStart","subtype":"engine","name":"handlebars","timestamp":1705589390540,"id":"rf44131spu5x6a0","previousEventId":"jkt3nv9rzwspgqu","operationId":"8qr6pd9vb6e3ral","previousOperationId":"5zoo4g2ohywbw56"}
{"type":"log","timestamp":1705589390540,"level":"debug","message":"Rendering engine handlebars","meta":{"rootId":"vm9pdkhaw417wiy","id":"u56bi4opcfmq69i"},"id":"0gegdmg3lcbyv9d","previousOperationId":"8qr6pd9vb6e3ral"}
{"type":"operationEnd","operationId":"8qr6pd9vb6e3ral","timestamp":1705589390574,"id":"emvbcodjo6swcwd","previousEventId":"rf44131spu5x6a0","previousOperationId":"8qr6pd9vb6e3ral"}
{"type":"operationStart","subtype":"recipe","name":"chrome-pdf","timestamp":1705589390575,"id":"pxjacbe2y78ci63","previousEventId":"emvbcodjo6swcwd","operationId":"uzwikce95efplmm","previousOperationId":"8qr6pd9vb6e3ral"}
{"type":"log","timestamp":1705589390575,"level":"debug","message":"Executing recipe chrome-pdf","meta":{"rootId":"vm9pdkhaw417wiy","id":"u56bi4opcfmq69i"},"id":"jjc4x3gs039syft","previousOperationId":"uzwikce95efplmm"}
{"type":"log","timestamp":1705589390579,"level":"debug","message":"Converting with chrome HeadlessChrome/117.0.5938.149 using chrome-pool strategy","meta":{"rootId":"vm9pdkhaw417wiy","id":"u56bi4opcfmq69i"},"id":"re4az6bjnfnx4yy","previousOperationId":"uzwikce95efplmm"}
{"type":"log","timestamp":1705589390703,"level":"debug","message":"Page request: GET (document) file:///C:/Users/DANIEL~1/AppData/Local/Temp/jsreport/autocleanup/6af3cab7-fb48-481b-a91a-3ed2246a6a2c-chrome-pdf.html","meta":{"rootId":"vm9pdkhaw417wiy","id":"u56bi4opcfmq69i"},"id":"wh6zlz7ijvtv7iw","previousOperationId":"uzwikce95efplmm"}
{"type":"log","timestamp":1705589390720,"level":"debug","message":"Page request: GET (stylesheet) https://cdnjs.cloudflare.com/ajax/libs/metro/4.1.5/css/metro.min.css","meta":{"rootId":"vm9pdkhaw417wiy","id":"u56bi4opcfmq69i"},"id":"bufz7y9s6u24kze","previousOperationId":"uzwikce95efplmm"}
{"type":"log","timestamp":1705589390721,"level":"debug","message":"Page request finished: GET (document) 200 file:///C:/Users/DANIEL~1/AppData/Local/Temp/jsreport/autocleanup/6af3cab7-fb48-481b-a91a-3ed2246a6a2c-chrome-pdf.html","meta":{"rootId":"vm9pdkhaw417wiy","id":"u56bi4opcfmq69i"},"id":"pxh0q9v46uo1sn4","previousOperationId":"uzwikce95efplmm"}
{"type":"log","timestamp":1705589390747,"level":"debug","message":"Page request finished: GET (stylesheet) 200 https://cdnjs.cloudflare.com/ajax/libs/metro/4.1.5/css/metro.min.css","meta":{"rootId":"vm9pdkhaw417wiy","id":"u56bi4opcfmq69i"},"id":"sg77991pty36y3w","previousOperationId":"uzwikce95efplmm"}
{"type":"log","timestamp":1705589390772,"level":"debug","message":"Running chrome with params {\"printBackground\":true,\"marginTop\":\"1.5cm\",\"marginRight\":\"1.5cm\",\"marginLeft\":\"1.cm\",\"timeout\":59390,\"margin\":{\"top\":\"1.5cm\",\"right\":\"1.5cm\",\"left\":\"1.cm\"}}","meta":{"rootId":"vm9pdkhaw417wiy","id":"u56bi4opcfmq69i"},"id":"xaisa1wakksjqfx","previousOperationId":"uzwikce95efplmm"}
{"type":"operationEnd","operationId":"uzwikce95efplmm","timestamp":1705589390833,"id":"vtgpjus96v7ydme","previousEventId":"pxjacbe2y78ci63","previousOperationId":"uzwikce95efplmm"}
{"type":"log","timestamp":1705589390833,"level":"debug","message":"Skipping storing report.","meta":{"rootId":"vm9pdkhaw417wiy","id":"u56bi4opcfmq69i"},"id":"dtaffjtbzr2qzra","previousOperationId":"uzwikce95efplmm"}
{"type":"log","timestamp":1705589390833,"level":"info","message":"Rendering (child) request finished in 866 ms","meta":{"rootId":"vm9pdkhaw417wiy","id":"u56bi4opcfmq69i"},"id":"0suyxp0y3awm36y","previousOperationId":"uzwikce95efplmm"}
{"type":"operationEnd","subtype":"render","operationId":"5zoo4g2ohywbw56","timestamp":1705589390833,"id":"hkuq4b8lgql8psq","previousEventId":"vtgpjus96v7ydme","previousOperationId":"uzwikce95efplmm"}
{"type":"operationEnd","operationId":"1o2wjziy8h869nq","timestamp":1705589390850,"id":"41eb4swg5i5f6vo","previousEventId":"asc8e2nhelm0a5i","previousOperationId":"1o2wjziy8h869nq"}
{"type":"log","timestamp":1705589390850,"level":"debug","message":"pdf-utils postproces start","meta":{"rootId":"vm9pdkhaw417wiy","id":"vm9pdkhaw417wiy"},"id":"1tzuxtn46nffswq","previousOperationId":"1o2wjziy8h869nq"}
{"type":"log","timestamp":1705589390877,"level":"debug","message":"pdf-utils postproces end","meta":{"rootId":"vm9pdkhaw417wiy","id":"vm9pdkhaw417wiy"},"id":"3aw41my66c4r7bd","previousOperationId":"1o2wjziy8h869nq"}
{"type":"operationEnd","operationId":"7swfocv0qjjm0me","timestamp":1705589390877,"id":"dkf8tt0a9na2sxl","previousEventId":"41eb4swg5i5f6vo","previousOperationId":"1o2wjziy8h869nq"}
{"type":"log","timestamp":1705589390877,"level":"info","message":"pdf-utils pdf processing was finished","meta":{"rootId":"vm9pdkhaw417wiy","id":"vm9pdkhaw417wiy"},"id":"av8cbtt75mvapk0","previousOperationId":"7swfocv0qjjm0me"}
{"type":"log","timestamp":1705589390877,"level":"debug","message":"Skipping storing report.","meta":{"rootId":"vm9pdkhaw417wiy","id":"vm9pdkhaw417wiy"},"id":"wrqtx5b8qvh5zm6","previousOperationId":"7swfocv0qjjm0me"}
{"type":"log","timestamp":1705589390878,"level":"info","message":"Rendering request 13 finished in 911 ms","meta":{"rootId":"vm9pdkhaw417wiy","id":"vm9pdkhaw417wiy"},"id":"ef6j1t57y5m3xnu","previousOperationId":"7swfocv0qjjm0me"}
{"type":"operationEnd","subtype":"render","operationId":"ljyv1kdrq3dyf3t","timestamp":1705589390878,"id":"mfoosu4zard0ah8","previousEventId":"dkf8tt0a9na2sxl","previousOperationId":"7swfocv0qjjm0me"}
{"type":"operationEnd","doDiffs":false,"previousEventId":"3ca1tzyjtmgarfx","previousOperationId":"q9exax2d6hpj7th","operationId":"q9exax2d6hpj7th","timestamp":1705589390896,"id":"ipyo6emwzubdu8z"}
