{"type":"operationStart","subtype":"profile","data":{"_id":"2RW6bBmE2DHIlHMd","timestamp":"2024-01-18T15:22:40.859Z","state":"queued","mode":"standard","creationDate":"2024-01-18T15:22:40.861Z","modificationDate":"2024-01-18T15:22:40.861Z","shortid":"KYqtVHw","$entitySet":"profiles"},"doDiffs":false,"timestamp":1705591360860,"id":"a46ovni7yu33spp","previousOperationId":null,"operationId":"vb6tlkk9ic5rm6m"}
{"type":"log","level":"info","message":"Render request 42 queued for execution and waiting for available worker","previousOperationId":"vb6tlkk9ic5rm6m","timestamp":1705591360860,"id":"rddxulndv8c2r0c"}
{"type":"operationStart","subtype":"render","name":"orders-main","previousOperationId":"vb6tlkk9ic5rm6m","timestamp":1705591360866,"id":"w5xn3meym9lweb0","previousEventId":"a46ovni7yu33spp","operationId":"jqfhnbiq94h7vb6"}
{"type":"log","timestamp":1705591360866,"level":"info","message":"Starting rendering request 42","meta":{"rootId":"vvcpw9dlmfn941e","id":"vvcpw9dlmfn941e"},"id":"q9hll14ufvf4m5g","previousOperationId":"jqfhnbiq94h7vb6"}
{"type":"log","timestamp":1705591360867,"level":"info","message":"Rendering template { name: orders-main, recipe: chrome-pdf, engine: handlebars, preview: true }","meta":{"rootId":"vvcpw9dlmfn941e","id":"vvcpw9dlmfn941e"},"id":"xpma0zk2scakjb1","previousOperationId":"jqfhnbiq94h7vb6"}
{"type":"log","timestamp":1705591360867,"level":"debug","message":"Data item not defined for this template.","meta":{"rootId":"vvcpw9dlmfn941e","id":"vvcpw9dlmfn941e"},"id":"m2utlornvp1r8gi","previousOperationId":"jqfhnbiq94h7vb6"}
{"type":"log","timestamp":1705591360869,"level":"debug","message":"Executing script orders-script (beforeRender)","meta":{"rootId":"vvcpw9dlmfn941e","id":"vvcpw9dlmfn941e"},"id":"1ei7yomhbqx5n1x","previousOperationId":"jqfhnbiq94h7vb6"}
{"type":"operationStart","subtype":"scriptsBeforeRender","name":"scripts beforeRender","timestamp":1705591360878,"id":"junc6z2zb8haz5w","previousEventId":"w5xn3meym9lweb0","operationId":"57zed3b0xjvtrmh","previousOperationId":"jqfhnbiq94h7vb6"}
{"type":"operationStart","subtype":"script","name":"scripts orders-script","previousOperationId":"57zed3b0xjvtrmh","timestamp":1705591360878,"id":"s64x9jphg6vd1j1","previousEventId":"junc6z2zb8haz5w","operationId":"i1yp3kg606wrij5"}
{"type":"operationEnd","operationId":"i1yp3kg606wrij5","timestamp":1705591360887,"id":"jxdu64dmg8e6tp8","previousEventId":"w5xn3meym9lweb0","previousOperationId":"jqfhnbiq94h7vb6"}
{"type":"operationEnd","operationId":"57zed3b0xjvtrmh","timestamp":1705591360887,"id":"upiiavtkl7cgxoj","previousEventId":"jxdu64dmg8e6tp8","previousOperationId":"jqfhnbiq94h7vb6"}
{"type":"log","timestamp":1705591360887,"level":"debug","message":"Base url not specified, skipping its injection.","meta":{"rootId":"vvcpw9dlmfn941e","id":"vvcpw9dlmfn941e"},"id":"e4y5sl8us9rnnf9","previousOperationId":"57zed3b0xjvtrmh"}
{"type":"operationStart","subtype":"engine","name":"handlebars","timestamp":1705591360887,"id":"c2ky874y1ypkgau","previousEventId":"upiiavtkl7cgxoj","operationId":"ika54h1kq415up8","previousOperationId":"57zed3b0xjvtrmh"}
{"type":"log","timestamp":1705591360887,"level":"debug","message":"Rendering engine handlebars","meta":{"rootId":"vvcpw9dlmfn941e","id":"vvcpw9dlmfn941e"},"id":"9oht86bfjpmv1xr","previousOperationId":"ika54h1kq415up8"}
{"type":"log","timestamp":1705591360900,"level":"debug","message":"(console:log) Pdf utils adding group field, value: \"Race1\"","meta":{"userLevel":true,"rootId":"vvcpw9dlmfn941e","id":"vvcpw9dlmfn941e"},"id":"s6bi1pcin80e2ao","previousOperationId":"ika54h1kq415up8"}
{"type":"log","timestamp":1705591360900,"level":"debug","message":"(console:log) Pdf utils adding group field, value: \"Race2\"","meta":{"userLevel":true,"rootId":"vvcpw9dlmfn941e","id":"vvcpw9dlmfn941e"},"id":"5jhwsk63m3ur8w5","previousOperationId":"ika54h1kq415up8"}
{"type":"operationEnd","operationId":"ika54h1kq415up8","timestamp":1705591360900,"id":"ojhtsxibt5smokb","previousEventId":"c2ky874y1ypkgau","previousOperationId":"ika54h1kq415up8"}
{"type":"operationStart","subtype":"recipe","name":"chrome-pdf","timestamp":1705591360900,"id":"s80vwrshzjvmjej","previousEventId":"ojhtsxibt5smokb","operationId":"a4jj93z7q761xla","previousOperationId":"ika54h1kq415up8"}
{"type":"log","timestamp":1705591360900,"level":"debug","message":"Executing recipe chrome-pdf","meta":{"rootId":"vvcpw9dlmfn941e","id":"vvcpw9dlmfn941e"},"id":"zkuh8bqo60saazv","previousOperationId":"a4jj93z7q761xla"}
{"type":"log","timestamp":1705591360903,"level":"debug","message":"Converting with chrome HeadlessChrome/117.0.5938.149 using chrome-pool strategy","meta":{"rootId":"vvcpw9dlmfn941e","id":"vvcpw9dlmfn941e"},"id":"1h9upahpc49z9oo","previousOperationId":"a4jj93z7q761xla"}
{"type":"log","timestamp":1705591360977,"level":"debug","message":"Page request: GET (document) file:///C:/Users/DANIEL~1/AppData/Local/Temp/jsreport/autocleanup/6758992e-fd0b-48d5-acaa-8b12d0dbb61a-chrome-pdf.html","meta":{"rootId":"vvcpw9dlmfn941e","id":"vvcpw9dlmfn941e"},"id":"8za4zrevilc3cy3","previousOperationId":"a4jj93z7q761xla"}
{"type":"log","timestamp":1705591360996,"level":"debug","message":"Page request: GET (stylesheet) https://cdnjs.cloudflare.com/ajax/libs/metro/4.1.5/css/metro.min.css","meta":{"rootId":"vvcpw9dlmfn941e","id":"vvcpw9dlmfn941e"},"id":"f6cdoafl2w3c3ru","previousOperationId":"a4jj93z7q761xla"}
{"type":"log","timestamp":1705591360996,"level":"debug","message":"Page request: GET (script) https://cdnjs.cloudflare.com/ajax/libs/Chart.js/2.9.4/Chart.js","meta":{"rootId":"vvcpw9dlmfn941e","id":"vvcpw9dlmfn941e"},"id":"g6gyhlhsax6d5oy","previousOperationId":"a4jj93z7q761xla"}
{"type":"log","timestamp":1705591360996,"level":"debug","message":"Page request finished: GET (document) 200 file:///C:/Users/DANIEL~1/AppData/Local/Temp/jsreport/autocleanup/6758992e-fd0b-48d5-acaa-8b12d0dbb61a-chrome-pdf.html","meta":{"rootId":"vvcpw9dlmfn941e","id":"vvcpw9dlmfn941e"},"id":"iyrtsde4uko6tiy","previousOperationId":"a4jj93z7q761xla"}
{"type":"log","timestamp":1705591361010,"level":"debug","message":"Page request finished: GET (stylesheet) 200 https://cdnjs.cloudflare.com/ajax/libs/metro/4.1.5/css/metro.min.css","meta":{"rootId":"vvcpw9dlmfn941e","id":"vvcpw9dlmfn941e"},"id":"ruo0kvru4ii28ri","previousOperationId":"a4jj93z7q761xla"}
{"type":"log","timestamp":1705591361010,"level":"debug","message":"Page request finished: GET (script) 200 https://cdnjs.cloudflare.com/ajax/libs/Chart.js/2.9.4/Chart.js","meta":{"rootId":"vvcpw9dlmfn941e","id":"vvcpw9dlmfn941e"},"id":"9vgtna8v82fg8ds","previousOperationId":"a4jj93z7q761xla"}
{"type":"log","timestamp":1705591361014,"level":"warn","message":"Page error: Missing initializer in const declaration , stack: SyntaxError: Missing initializer in const declaration","meta":{"rootId":"vvcpw9dlmfn941e","id":"vvcpw9dlmfn941e"},"id":"ygqjeqmzur7090b","previousOperationId":"a4jj93z7q761xla"}
{"type":"log","timestamp":1705591361038,"level":"debug","message":"Running chrome with params {\"printBackground\":true,\"marginTop\":\"4cm\",\"marginRight\":\"1.5cm\",\"marginBottom\":\"1.5cm\",\"marginLeft\":\"1.5cm\",\"waitForJS\":false,\"timeout\":59957,\"margin\":{\"top\":\"4cm\",\"right\":\"1.5cm\",\"bottom\":\"1.5cm\",\"left\":\"1.5cm\"}}","meta":{"rootId":"vvcpw9dlmfn941e","id":"vvcpw9dlmfn941e"},"id":"alhib0znn1j16k5","previousOperationId":"a4jj93z7q761xla"}
{"type":"operationEnd","operationId":"a4jj93z7q761xla","timestamp":1705591361094,"id":"mvhermppgkhin6y","previousEventId":"s80vwrshzjvmjej","previousOperationId":"a4jj93z7q761xla"}
{"type":"log","timestamp":1705591361094,"level":"info","message":"pdf-utils is starting pdf processing","meta":{"rootId":"vvcpw9dlmfn941e","id":"vvcpw9dlmfn941e"},"id":"b91yhyu15960unv","previousOperationId":"a4jj93z7q761xla"}
{"type":"operationStart","subtype":"pdfUtils","name":"pdf utils","timestamp":1705591361094,"id":"lzbppi52v5nxrt9","previousEventId":"mvhermppgkhin6y","operationId":"di4ogjzjd9nc98f","previousOperationId":"a4jj93z7q761xla"}
{"type":"log","timestamp":1705591361094,"level":"debug","message":"pdf-utils detected 1 pdf operation(s) to process","meta":{"rootId":"vvcpw9dlmfn941e","id":"vvcpw9dlmfn941e"},"id":"qe6uneg5o6ovcgs","previousOperationId":"di4ogjzjd9nc98f"}
{"type":"log","timestamp":1705591361105,"level":"debug","message":"pdf-utils running pdf operation merge","meta":{"rootId":"vvcpw9dlmfn941e","id":"vvcpw9dlmfn941e"},"id":"oggl4uc0ixyr4qa","previousOperationId":"di4ogjzjd9nc98f"}
{"type":"operationStart","subtype":"pdfUtilsMerge","name":"pdf utils merge","previousOperationId":"di4ogjzjd9nc98f","timestamp":1705591361105,"id":"ev1peho3k4yd70q","previousEventId":"lzbppi52v5nxrt9","operationId":"gk3dpirm0sk3rdm"}
{"type":"operationStart","subtype":"render","name":"orders-header","previousOperationId":"gk3dpirm0sk3rdm","timestamp":1705591361107,"id":"l6v9nk8vhxfazui","previousEventId":"ev1peho3k4yd70q","operationId":"d1pjagkp8h1qb2c"}
{"type":"log","timestamp":1705591361107,"level":"info","message":"Starting rendering (child) request","meta":{"rootId":"vvcpw9dlmfn941e","id":"ytjro6vg9dbaqxj"},"id":"vz1r6a0tchse6ti","previousOperationId":"d1pjagkp8h1qb2c"}
{"type":"log","timestamp":1705591361107,"level":"info","message":"Rendering template { name: orders-header, recipe: chrome-pdf, engine: handlebars, preview: true }","meta":{"rootId":"vvcpw9dlmfn941e","id":"ytjro6vg9dbaqxj"},"id":"k1c1mv39bxxoe3i","previousOperationId":"d1pjagkp8h1qb2c"}
{"type":"log","timestamp":1705591361107,"level":"debug","message":"Inline data specified.","meta":{"rootId":"vvcpw9dlmfn941e","id":"ytjro6vg9dbaqxj"},"id":"srmamiv2tjanhpu","previousOperationId":"d1pjagkp8h1qb2c"}
{"type":"log","timestamp":1705591361109,"level":"debug","message":"Base url not specified, skipping its injection.","meta":{"rootId":"vvcpw9dlmfn941e","id":"ytjro6vg9dbaqxj"},"id":"p91ludksz6n07op","previousOperationId":"d1pjagkp8h1qb2c"}
{"type":"operationStart","subtype":"engine","name":"handlebars","timestamp":1705591361109,"id":"e0y3balphgee0da","previousEventId":"l6v9nk8vhxfazui","operationId":"jzjuz9zndzyi21q","previousOperationId":"d1pjagkp8h1qb2c"}
{"type":"log","timestamp":1705591361109,"level":"debug","message":"Rendering engine handlebars","meta":{"rootId":"vvcpw9dlmfn941e","id":"ytjro6vg9dbaqxj"},"id":"kbhsot4zm51937o","previousOperationId":"jzjuz9zndzyi21q"}
{"type":"operationEnd","operationId":"jzjuz9zndzyi21q","timestamp":1705591361126,"id":"sep8ni0aisyb8rb","previousEventId":"e0y3balphgee0da","previousOperationId":"jzjuz9zndzyi21q"}
{"type":"operationStart","subtype":"recipe","name":"chrome-pdf","timestamp":1705591361126,"id":"jshse042nlcdu0p","previousEventId":"sep8ni0aisyb8rb","operationId":"x29sttznhwqnlz1","previousOperationId":"jzjuz9zndzyi21q"}
{"type":"log","timestamp":1705591361126,"level":"debug","message":"Executing recipe chrome-pdf","meta":{"rootId":"vvcpw9dlmfn941e","id":"ytjro6vg9dbaqxj"},"id":"l7j96cz9d0lzs48","previousOperationId":"x29sttznhwqnlz1"}
{"type":"log","timestamp":1705591361129,"level":"debug","message":"Converting with chrome HeadlessChrome/117.0.5938.149 using chrome-pool strategy","meta":{"rootId":"vvcpw9dlmfn941e","id":"ytjro6vg9dbaqxj"},"id":"ljp5plte9v6kqxp","previousOperationId":"x29sttznhwqnlz1"}
{"type":"log","timestamp":1705591361193,"level":"debug","message":"Page request: GET (document) file:///C:/Users/DANIEL~1/AppData/Local/Temp/jsreport/autocleanup/b3e55341-a2ff-4026-8ad6-367694a92a85-chrome-pdf.html","meta":{"rootId":"vvcpw9dlmfn941e","id":"ytjro6vg9dbaqxj"},"id":"w3l4a6rknea2u05","previousOperationId":"x29sttznhwqnlz1"}
{"type":"log","timestamp":1705591361201,"level":"debug","message":"Page request finished: GET (document) 200 file:///C:/Users/DANIEL~1/AppData/Local/Temp/jsreport/autocleanup/b3e55341-a2ff-4026-8ad6-367694a92a85-chrome-pdf.html","meta":{"rootId":"vvcpw9dlmfn941e","id":"ytjro6vg9dbaqxj"},"id":"t0yom9ojue5xv6p","previousOperationId":"x29sttznhwqnlz1"}
{"type":"log","timestamp":1705591361201,"level":"debug","message":"Page request: GET (stylesheet) https://cdnjs.cloudflare.com/ajax/libs/metro/4.1.5/css/metro.min.css","meta":{"rootId":"vvcpw9dlmfn941e","id":"ytjro6vg9dbaqxj"},"id":"gzqxxwbtfh8g0fx","previousOperationId":"x29sttznhwqnlz1"}
{"type":"log","timestamp":1705591361212,"level":"debug","message":"Page request finished: GET (stylesheet) 200 https://cdnjs.cloudflare.com/ajax/libs/metro/4.1.5/css/metro.min.css","meta":{"rootId":"vvcpw9dlmfn941e","id":"ytjro6vg9dbaqxj"},"id":"qw6fp91gr4yprl5","previousOperationId":"x29sttznhwqnlz1"}
{"type":"log","timestamp":1705591361226,"level":"debug","message":"Running chrome with params {\"printBackground\":true,\"marginTop\":\"1.5cm\",\"marginRight\":\"1.5cm\",\"marginLeft\":\"1.cm\",\"timeout\":59731,\"margin\":{\"top\":\"1.5cm\",\"right\":\"1.5cm\",\"left\":\"1.cm\"}}","meta":{"rootId":"vvcpw9dlmfn941e","id":"ytjro6vg9dbaqxj"},"id":"p8jo6w0jtf9jnfm","previousOperationId":"x29sttznhwqnlz1"}
{"type":"operationEnd","operationId":"x29sttznhwqnlz1","timestamp":1705591361255,"id":"auvejp12levb24a","previousEventId":"jshse042nlcdu0p","previousOperationId":"x29sttznhwqnlz1"}
{"type":"log","timestamp":1705591361255,"level":"debug","message":"Skipping storing report.","meta":{"rootId":"vvcpw9dlmfn941e","id":"ytjro6vg9dbaqxj"},"id":"dttjrry17qarm6t","previousOperationId":"x29sttznhwqnlz1"}
{"type":"log","timestamp":1705591361255,"level":"info","message":"Rendering (child) request finished in 396 ms","meta":{"rootId":"vvcpw9dlmfn941e","id":"ytjro6vg9dbaqxj"},"id":"5bnn1p5vkxzz83q","previousOperationId":"x29sttznhwqnlz1"}
{"type":"operationEnd","subtype":"render","operationId":"d1pjagkp8h1qb2c","timestamp":1705591361255,"id":"9jbsvlqt4t23416","previousEventId":"auvejp12levb24a","previousOperationId":"x29sttznhwqnlz1"}
{"type":"operationEnd","operationId":"gk3dpirm0sk3rdm","timestamp":1705591361263,"id":"hbf23g1cylm6e7g","previousEventId":"ev1peho3k4yd70q","previousOperationId":"gk3dpirm0sk3rdm"}
{"type":"log","timestamp":1705591361263,"level":"debug","message":"pdf-utils postproces start","meta":{"rootId":"vvcpw9dlmfn941e","id":"vvcpw9dlmfn941e"},"id":"6rv8oaiz5u5h1c3","previousOperationId":"gk3dpirm0sk3rdm"}
{"type":"log","timestamp":1705591361271,"level":"debug","message":"pdf-utils postproces end","meta":{"rootId":"vvcpw9dlmfn941e","id":"vvcpw9dlmfn941e"},"id":"8fq02fiup9l32r8","previousOperationId":"gk3dpirm0sk3rdm"}
{"type":"operationEnd","operationId":"di4ogjzjd9nc98f","timestamp":1705591361271,"id":"7ekgvsfcqh5ku5u","previousEventId":"hbf23g1cylm6e7g","previousOperationId":"gk3dpirm0sk3rdm"}
{"type":"log","timestamp":1705591361271,"level":"info","message":"pdf-utils pdf processing was finished","meta":{"rootId":"vvcpw9dlmfn941e","id":"vvcpw9dlmfn941e"},"id":"r9b54pqqmjmg65s","previousOperationId":"di4ogjzjd9nc98f"}
{"type":"log","timestamp":1705591361271,"level":"debug","message":"Skipping storing report.","meta":{"rootId":"vvcpw9dlmfn941e","id":"vvcpw9dlmfn941e"},"id":"1hxr63xqrs1xp7r","previousOperationId":"di4ogjzjd9nc98f"}
{"type":"log","timestamp":1705591361271,"level":"info","message":"Rendering request 42 finished in 412 ms","meta":{"rootId":"vvcpw9dlmfn941e","id":"vvcpw9dlmfn941e"},"id":"kjt9v1djcbcml97","previousOperationId":"di4ogjzjd9nc98f"}
{"type":"operationEnd","subtype":"render","operationId":"jqfhnbiq94h7vb6","timestamp":1705591361271,"id":"uq3dyjkipz7mezw","previousEventId":"7ekgvsfcqh5ku5u","previousOperationId":"di4ogjzjd9nc98f"}
{"type":"operationEnd","doDiffs":false,"previousEventId":"a46ovni7yu33spp","previousOperationId":"vb6tlkk9ic5rm6m","operationId":"vb6tlkk9ic5rm6m","timestamp":1705591361278,"id":"f9xbx1qoqk0l6i4"}
