{"type":"operationStart","subtype":"profile","data":{"_id":"0NjPQXRXSTCY09RK","timestamp":"2024-01-18T15:24:12.470Z","state":"queued","mode":"standard","creationDate":"2024-01-18T15:24:12.471Z","modificationDate":"2024-01-18T15:24:12.471Z","shortid":"iQg9tpj","$entitySet":"profiles"},"doDiffs":false,"timestamp":1705591452471,"id":"2sxqsrw87f4gu6d","previousOperationId":null,"operationId":"ontsxtkzgrzt4wu"}
{"type":"log","level":"info","message":"Render request 44 queued for execution and waiting for available worker","previousOperationId":"ontsxtkzgrzt4wu","timestamp":1705591452471,"id":"2d3bf0r2i9n69fm"}
{"type":"operationStart","subtype":"render","name":"orders-main","previousOperationId":"ontsxtkzgrzt4wu","timestamp":1705591452477,"id":"0o2vllebbr8c2j2","previousEventId":"2sxqsrw87f4gu6d","operationId":"0rqdza4lzg6na3q"}
{"type":"log","timestamp":1705591452477,"level":"info","message":"Starting rendering request 44","meta":{"rootId":"wcetcsohik4jutd","id":"wcetcsohik4jutd"},"id":"y0rpwvaw1mk19hh","previousOperationId":"0rqdza4lzg6na3q"}
{"type":"log","timestamp":1705591452477,"level":"info","message":"Rendering template { name: orders-main, recipe: chrome-pdf, engine: handlebars, preview: true }","meta":{"rootId":"wcetcsohik4jutd","id":"wcetcsohik4jutd"},"id":"wc9x433upxwhd4p","previousOperationId":"0rqdza4lzg6na3q"}
{"type":"log","timestamp":1705591452477,"level":"debug","message":"Data item not defined for this template.","meta":{"rootId":"wcetcsohik4jutd","id":"wcetcsohik4jutd"},"id":"2begb37m8ufy6ci","previousOperationId":"0rqdza4lzg6na3q"}
{"type":"log","timestamp":1705591452479,"level":"debug","message":"Executing script orders-script (beforeRender)","meta":{"rootId":"wcetcsohik4jutd","id":"wcetcsohik4jutd"},"id":"0336bbe6sq1hcf1","previousOperationId":"0rqdza4lzg6na3q"}
{"type":"operationStart","subtype":"scriptsBeforeRender","name":"scripts beforeRender","timestamp":1705591452489,"id":"3o4j0yfs8afkdn9","previousEventId":"0o2vllebbr8c2j2","operationId":"63x4hommlvu6kvm","previousOperationId":"0rqdza4lzg6na3q"}
{"type":"operationStart","subtype":"script","name":"scripts orders-script","previousOperationId":"63x4hommlvu6kvm","timestamp":1705591452489,"id":"tr6f9e68n4b82pm","previousEventId":"3o4j0yfs8afkdn9","operationId":"yxtirywj9lspupg"}
{"type":"operationEnd","operationId":"yxtirywj9lspupg","timestamp":1705591452499,"id":"bl3fz9vxb53rm3c","previousEventId":"0o2vllebbr8c2j2","previousOperationId":"0rqdza4lzg6na3q"}
{"type":"operationEnd","operationId":"63x4hommlvu6kvm","timestamp":1705591452499,"id":"cmalbx6ibz20u6m","previousEventId":"bl3fz9vxb53rm3c","previousOperationId":"0rqdza4lzg6na3q"}
{"type":"log","timestamp":1705591452499,"level":"debug","message":"Base url not specified, skipping its injection.","meta":{"rootId":"wcetcsohik4jutd","id":"wcetcsohik4jutd"},"id":"9frgr2fz8p28kry","previousOperationId":"63x4hommlvu6kvm"}
{"type":"operationStart","subtype":"engine","name":"handlebars","timestamp":1705591452499,"id":"yfuj3nfdp5xd7xl","previousEventId":"cmalbx6ibz20u6m","operationId":"iwlm9paodkducig","previousOperationId":"63x4hommlvu6kvm"}
{"type":"log","timestamp":1705591452499,"level":"debug","message":"Rendering engine handlebars","meta":{"rootId":"wcetcsohik4jutd","id":"wcetcsohik4jutd"},"id":"7ahjyy97ey35on9","previousOperationId":"iwlm9paodkducig"}
{"type":"log","timestamp":1705591452510,"level":"debug","message":"(console:log) Pdf utils adding group field, value: \"Race1\"","meta":{"userLevel":true,"rootId":"wcetcsohik4jutd","id":"wcetcsohik4jutd"},"id":"7qa1snjlhsu79s6","previousOperationId":"iwlm9paodkducig"}
{"type":"log","timestamp":1705591452511,"level":"debug","message":"(console:log) Pdf utils adding group field, value: \"Race2\"","meta":{"userLevel":true,"rootId":"wcetcsohik4jutd","id":"wcetcsohik4jutd"},"id":"ohvseqyxygrltpi","previousOperationId":"iwlm9paodkducig"}
{"type":"operationEnd","operationId":"iwlm9paodkducig","timestamp":1705591452511,"id":"c9k7iee3zxr93kf","previousEventId":"yfuj3nfdp5xd7xl","previousOperationId":"iwlm9paodkducig"}
{"type":"operationStart","subtype":"recipe","name":"chrome-pdf","timestamp":1705591452511,"id":"5fhk5fuslhk2u3v","previousEventId":"c9k7iee3zxr93kf","operationId":"ac9rl0azv88e2zj","previousOperationId":"iwlm9paodkducig"}
{"type":"log","timestamp":1705591452511,"level":"debug","message":"Executing recipe chrome-pdf","meta":{"rootId":"wcetcsohik4jutd","id":"wcetcsohik4jutd"},"id":"85l8y71x4b64db9","previousOperationId":"ac9rl0azv88e2zj"}
{"type":"log","timestamp":1705591452513,"level":"debug","message":"Converting with chrome HeadlessChrome/117.0.5938.149 using chrome-pool strategy","meta":{"rootId":"wcetcsohik4jutd","id":"wcetcsohik4jutd"},"id":"gdcnpi8k6x5sfx6","previousOperationId":"ac9rl0azv88e2zj"}
{"type":"log","timestamp":1705591452576,"level":"debug","message":"Page request: GET (document) file:///C:/Users/DANIEL~1/AppData/Local/Temp/jsreport/autocleanup/e1375765-ef57-41df-888a-89b7f4e43654-chrome-pdf.html","meta":{"rootId":"wcetcsohik4jutd","id":"wcetcsohik4jutd"},"id":"j8cd8h13uvr1hc2","previousOperationId":"ac9rl0azv88e2zj"}
{"type":"log","timestamp":1705591452594,"level":"debug","message":"Page request: GET (stylesheet) https://cdnjs.cloudflare.com/ajax/libs/metro/4.1.5/css/metro.min.css","meta":{"rootId":"wcetcsohik4jutd","id":"wcetcsohik4jutd"},"id":"452cbo1jilwpnlw","previousOperationId":"ac9rl0azv88e2zj"}
{"type":"log","timestamp":1705591452594,"level":"debug","message":"Page request: GET (script) https://cdnjs.cloudflare.com/ajax/libs/Chart.js/2.9.4/Chart.js","meta":{"rootId":"wcetcsohik4jutd","id":"wcetcsohik4jutd"},"id":"49dnp0mi0aik3ur","previousOperationId":"ac9rl0azv88e2zj"}
{"type":"log","timestamp":1705591452594,"level":"debug","message":"Page request finished: GET (document) 200 file:///C:/Users/DANIEL~1/AppData/Local/Temp/jsreport/autocleanup/e1375765-ef57-41df-888a-89b7f4e43654-chrome-pdf.html","meta":{"rootId":"wcetcsohik4jutd","id":"wcetcsohik4jutd"},"id":"ybfpti7dam5cxem","previousOperationId":"ac9rl0azv88e2zj"}
{"type":"log","timestamp":1705591452606,"level":"debug","message":"Page request finished: GET (stylesheet) 200 https://cdnjs.cloudflare.com/ajax/libs/metro/4.1.5/css/metro.min.css","meta":{"rootId":"wcetcsohik4jutd","id":"wcetcsohik4jutd"},"id":"jw6hc454pohii8m","previousOperationId":"ac9rl0azv88e2zj"}
{"type":"log","timestamp":1705591452608,"level":"debug","message":"Page request finished: GET (script) 200 https://cdnjs.cloudflare.com/ajax/libs/Chart.js/2.9.4/Chart.js","meta":{"rootId":"wcetcsohik4jutd","id":"wcetcsohik4jutd"},"id":"lkces34lj9znrrk","previousOperationId":"ac9rl0azv88e2zj"}
{"type":"log","timestamp":1705591452611,"level":"warn","message":"Page error: Unexpected number , stack: SyntaxError: Unexpected number","meta":{"rootId":"wcetcsohik4jutd","id":"wcetcsohik4jutd"},"id":"tyo4zebpx4enewa","previousOperationId":"ac9rl0azv88e2zj"}
{"type":"log","timestamp":1705591452632,"level":"debug","message":"Running chrome with params {\"printBackground\":true,\"marginTop\":\"4cm\",\"marginRight\":\"1.5cm\",\"marginBottom\":\"1.5cm\",\"marginLeft\":\"1.5cm\",\"waitForJS\":false,\"timeout\":59958,\"margin\":{\"top\":\"4cm\",\"right\":\"1.5cm\",\"bottom\":\"1.5cm\",\"left\":\"1.5cm\"}}","meta":{"rootId":"wcetcsohik4jutd","id":"wcetcsohik4jutd"},"id":"j7bmvmjmzsmujon","previousOperationId":"ac9rl0azv88e2zj"}
{"type":"operationEnd","operationId":"ac9rl0azv88e2zj","timestamp":1705591452684,"id":"b56spx9jr9z1wnu","previousEventId":"5fhk5fuslhk2u3v","previousOperationId":"ac9rl0azv88e2zj"}
{"type":"log","timestamp":1705591452684,"level":"info","message":"pdf-utils is starting pdf processing","meta":{"rootId":"wcetcsohik4jutd","id":"wcetcsohik4jutd"},"id":"ws8plvamxz7nm9x","previousOperationId":"ac9rl0azv88e2zj"}
{"type":"operationStart","subtype":"pdfUtils","name":"pdf utils","timestamp":1705591452685,"id":"uie7zk9gp2s25ka","previousEventId":"b56spx9jr9z1wnu","operationId":"ctfmjxbx702oja9","previousOperationId":"ac9rl0azv88e2zj"}
{"type":"log","timestamp":1705591452685,"level":"debug","message":"pdf-utils detected 1 pdf operation(s) to process","meta":{"rootId":"wcetcsohik4jutd","id":"wcetcsohik4jutd"},"id":"1z1wube0n8h6j4c","previousOperationId":"ctfmjxbx702oja9"}
{"type":"log","timestamp":1705591452699,"level":"debug","message":"pdf-utils running pdf operation merge","meta":{"rootId":"wcetcsohik4jutd","id":"wcetcsohik4jutd"},"id":"2ugt7y12fp8djas","previousOperationId":"ctfmjxbx702oja9"}
{"type":"operationStart","subtype":"pdfUtilsMerge","name":"pdf utils merge","previousOperationId":"ctfmjxbx702oja9","timestamp":1705591452699,"id":"pcxlkqo3kfl74lo","previousEventId":"uie7zk9gp2s25ka","operationId":"qwytzvpexahvaoz"}
{"type":"operationStart","subtype":"render","name":"orders-header","previousOperationId":"qwytzvpexahvaoz","timestamp":1705591452700,"id":"j0a04g353csn9fi","previousEventId":"pcxlkqo3kfl74lo","operationId":"7866k9wk3y94u9n"}
{"type":"log","timestamp":1705591452700,"level":"info","message":"Starting rendering (child) request","meta":{"rootId":"wcetcsohik4jutd","id":"psqf4dzex632mma"},"id":"2nscicoaqhdda4d","previousOperationId":"7866k9wk3y94u9n"}
{"type":"log","timestamp":1705591452700,"level":"info","message":"Rendering template { name: orders-header, recipe: chrome-pdf, engine: handlebars, preview: true }","meta":{"rootId":"wcetcsohik4jutd","id":"psqf4dzex632mma"},"id":"n8nvimimg28nnz0","previousOperationId":"7866k9wk3y94u9n"}
{"type":"log","timestamp":1705591452701,"level":"debug","message":"Inline data specified.","meta":{"rootId":"wcetcsohik4jutd","id":"psqf4dzex632mma"},"id":"2m6gv9du0pydsz2","previousOperationId":"7866k9wk3y94u9n"}
{"type":"log","timestamp":1705591452702,"level":"debug","message":"Base url not specified, skipping its injection.","meta":{"rootId":"wcetcsohik4jutd","id":"psqf4dzex632mma"},"id":"k2ilufl0mmhba9e","previousOperationId":"7866k9wk3y94u9n"}
{"type":"operationStart","subtype":"engine","name":"handlebars","timestamp":1705591452703,"id":"3q3mbszgbthktv4","previousEventId":"j0a04g353csn9fi","operationId":"5jc6bdoqosee5ja","previousOperationId":"7866k9wk3y94u9n"}
{"type":"log","timestamp":1705591452703,"level":"debug","message":"Rendering engine handlebars","meta":{"rootId":"wcetcsohik4jutd","id":"psqf4dzex632mma"},"id":"bchx1wbt2vimcfa","previousOperationId":"5jc6bdoqosee5ja"}
{"type":"operationEnd","operationId":"5jc6bdoqosee5ja","timestamp":1705591452716,"id":"jdro1y7l8hlksas","previousEventId":"3q3mbszgbthktv4","previousOperationId":"5jc6bdoqosee5ja"}
{"type":"operationStart","subtype":"recipe","name":"chrome-pdf","timestamp":1705591452716,"id":"erayc1ijjs7qtek","previousEventId":"jdro1y7l8hlksas","operationId":"7luyohu1c1izkc3","previousOperationId":"5jc6bdoqosee5ja"}
{"type":"log","timestamp":1705591452716,"level":"debug","message":"Executing recipe chrome-pdf","meta":{"rootId":"wcetcsohik4jutd","id":"psqf4dzex632mma"},"id":"mdpc0mh39vupzyn","previousOperationId":"7luyohu1c1izkc3"}
{"type":"log","timestamp":1705591452718,"level":"debug","message":"Converting with chrome HeadlessChrome/117.0.5938.149 using chrome-pool strategy","meta":{"rootId":"wcetcsohik4jutd","id":"psqf4dzex632mma"},"id":"y2tffv1yilgb37w","previousOperationId":"7luyohu1c1izkc3"}
{"type":"log","timestamp":1705591452787,"level":"debug","message":"Page request: GET (document) file:///C:/Users/DANIEL~1/AppData/Local/Temp/jsreport/autocleanup/b76459c4-6dd9-4601-a345-1a9be24ce6be-chrome-pdf.html","meta":{"rootId":"wcetcsohik4jutd","id":"psqf4dzex632mma"},"id":"fci7egmv19ge6p2","previousOperationId":"7luyohu1c1izkc3"}
{"type":"log","timestamp":1705591452795,"level":"debug","message":"Page request: GET (stylesheet) https://cdnjs.cloudflare.com/ajax/libs/metro/4.1.5/css/metro.min.css","meta":{"rootId":"wcetcsohik4jutd","id":"psqf4dzex632mma"},"id":"6kjaeehm13afnnd","previousOperationId":"7luyohu1c1izkc3"}
{"type":"log","timestamp":1705591452796,"level":"debug","message":"Page request finished: GET (document) 200 file:///C:/Users/DANIEL~1/AppData/Local/Temp/jsreport/autocleanup/b76459c4-6dd9-4601-a345-1a9be24ce6be-chrome-pdf.html","meta":{"rootId":"wcetcsohik4jutd","id":"psqf4dzex632mma"},"id":"59l6ttsag7kfqfk","previousOperationId":"7luyohu1c1izkc3"}
{"type":"log","timestamp":1705591452807,"level":"debug","message":"Page request finished: GET (stylesheet) 200 https://cdnjs.cloudflare.com/ajax/libs/metro/4.1.5/css/metro.min.css","meta":{"rootId":"wcetcsohik4jutd","id":"psqf4dzex632mma"},"id":"hezsf3tc3hx2gic","previousOperationId":"7luyohu1c1izkc3"}
{"type":"log","timestamp":1705591452821,"level":"debug","message":"Running chrome with params {\"printBackground\":true,\"marginTop\":\"1.5cm\",\"marginRight\":\"1.5cm\",\"marginLeft\":\"1.cm\",\"timeout\":59753,\"margin\":{\"top\":\"1.5cm\",\"right\":\"1.5cm\",\"left\":\"1.cm\"}}","meta":{"rootId":"wcetcsohik4jutd","id":"psqf4dzex632mma"},"id":"izlmlswejqg5s3w","previousOperationId":"7luyohu1c1izkc3"}
{"type":"operationEnd","operationId":"7luyohu1c1izkc3","timestamp":1705591452852,"id":"mv33wy8bx6f91ln","previousEventId":"erayc1ijjs7qtek","previousOperationId":"7luyohu1c1izkc3"}
{"type":"log","timestamp":1705591452853,"level":"debug","message":"Skipping storing report.","meta":{"rootId":"wcetcsohik4jutd","id":"psqf4dzex632mma"},"id":"9pkda1ttouj6or4","previousOperationId":"7luyohu1c1izkc3"}
{"type":"log","timestamp":1705591452853,"level":"info","message":"Rendering (child) request finished in 383 ms","meta":{"rootId":"wcetcsohik4jutd","id":"psqf4dzex632mma"},"id":"uh3cg01oj6sizsa","previousOperationId":"7luyohu1c1izkc3"}
{"type":"operationEnd","subtype":"render","operationId":"7866k9wk3y94u9n","timestamp":1705591452853,"id":"23ij4g6xi3anl50","previousEventId":"mv33wy8bx6f91ln","previousOperationId":"7luyohu1c1izkc3"}
{"type":"operationEnd","operationId":"qwytzvpexahvaoz","timestamp":1705591452860,"id":"bpgewj3cyjbvtys","previousEventId":"pcxlkqo3kfl74lo","previousOperationId":"qwytzvpexahvaoz"}
{"type":"log","timestamp":1705591452860,"level":"debug","message":"pdf-utils postproces start","meta":{"rootId":"wcetcsohik4jutd","id":"wcetcsohik4jutd"},"id":"55usgg819cdx68w","previousOperationId":"qwytzvpexahvaoz"}
{"type":"log","timestamp":1705591452868,"level":"debug","message":"pdf-utils postproces end","meta":{"rootId":"wcetcsohik4jutd","id":"wcetcsohik4jutd"},"id":"k8ls2759ktbq4gw","previousOperationId":"qwytzvpexahvaoz"}
{"type":"operationEnd","operationId":"ctfmjxbx702oja9","timestamp":1705591452868,"id":"0lchnxpnsi1evaw","previousEventId":"bpgewj3cyjbvtys","previousOperationId":"qwytzvpexahvaoz"}
{"type":"log","timestamp":1705591452868,"level":"info","message":"pdf-utils pdf processing was finished","meta":{"rootId":"wcetcsohik4jutd","id":"wcetcsohik4jutd"},"id":"w4m60d5do7gi6s5","previousOperationId":"ctfmjxbx702oja9"}
{"type":"log","timestamp":1705591452868,"level":"debug","message":"Skipping storing report.","meta":{"rootId":"wcetcsohik4jutd","id":"wcetcsohik4jutd"},"id":"rggk9jjvps0rmy8","previousOperationId":"ctfmjxbx702oja9"}
{"type":"log","timestamp":1705591452868,"level":"info","message":"Rendering request 44 finished in 398 ms","meta":{"rootId":"wcetcsohik4jutd","id":"wcetcsohik4jutd"},"id":"r3w7ovu5ithdyue","previousOperationId":"ctfmjxbx702oja9"}
{"type":"operationEnd","subtype":"render","operationId":"0rqdza4lzg6na3q","timestamp":1705591452868,"id":"r7kr5zblsh1g2lv","previousEventId":"0lchnxpnsi1evaw","previousOperationId":"ctfmjxbx702oja9"}
{"type":"operationEnd","doDiffs":false,"previousEventId":"2sxqsrw87f4gu6d","previousOperationId":"ontsxtkzgrzt4wu","operationId":"ontsxtkzgrzt4wu","timestamp":1705591452874,"id":"208clnpebz58tlo"}
