{"type":"operationStart","subtype":"profile","data":{"_id":"XTijyJqoRyhm2LhK","timestamp":"2024-01-17T14:41:24.977Z","state":"queued","mode":"standard","creationDate":"2024-01-17T14:41:24.980Z","modificationDate":"2024-01-17T14:41:24.980Z","shortid":"meU4omP","$entitySet":"profiles"},"doDiffs":false,"timestamp":1705502484979,"id":"cx40ijur41t0ejj","previousOperationId":null,"operationId":"x3xtsfhsk0upvmj"}
{"type":"log","level":"info","message":"Render request 18 queued for execution and waiting for available worker","previousOperationId":"x3xtsfhsk0upvmj","timestamp":1705502484979,"id":"t4anq06c9t34tep"}
{"type":"operationStart","subtype":"render","name":"orders-main","previousOperationId":"x3xtsfhsk0upvmj","timestamp":1705502484996,"id":"0co269v0hryf735","previousEventId":"cx40ijur41t0ejj","operationId":"ifgv9ymygy0i4w9"}
{"type":"log","timestamp":1705502484996,"level":"info","message":"Starting rendering request 18","meta":{"rootId":"wcucbykrv3ou3n6","id":"wcucbykrv3ou3n6"},"id":"0uembmtbn0rt8ul","previousOperationId":"ifgv9ymygy0i4w9"}
{"type":"log","timestamp":1705502484996,"level":"info","message":"Rendering template { name: orders-main, recipe: chrome-pdf, engine: handlebars, preview: true }","meta":{"rootId":"wcucbykrv3ou3n6","id":"wcucbykrv3ou3n6"},"id":"3nmxde0xm3pmdbn","previousOperationId":"ifgv9ymygy0i4w9"}
{"type":"log","timestamp":1705502484997,"level":"debug","message":"Data item not defined for this template.","meta":{"rootId":"wcucbykrv3ou3n6","id":"wcucbykrv3ou3n6"},"id":"v6q06yf6991lp8m","previousOperationId":"ifgv9ymygy0i4w9"}
{"type":"log","timestamp":1705502485003,"level":"debug","message":"Executing script orders-script (beforeRender)","meta":{"rootId":"wcucbykrv3ou3n6","id":"wcucbykrv3ou3n6"},"id":"uiol73bevu11q4x","previousOperationId":"ifgv9ymygy0i4w9"}
{"type":"operationStart","subtype":"scriptsBeforeRender","name":"scripts beforeRender","timestamp":1705502485034,"id":"ir52t9zyskeocda","previousEventId":"0co269v0hryf735","operationId":"89b98slfp5kk67x","previousOperationId":"ifgv9ymygy0i4w9"}
{"type":"operationStart","subtype":"script","name":"scripts orders-script","previousOperationId":"89b98slfp5kk67x","timestamp":1705502485034,"id":"rlsfcaakd6r3hbu","previousEventId":"ir52t9zyskeocda","operationId":"df6djl7voa49f7k"}
{"type":"operationEnd","operationId":"df6djl7voa49f7k","timestamp":1705502485055,"id":"2jwgjlla7rfzs8b","previousEventId":"0co269v0hryf735","previousOperationId":"ifgv9ymygy0i4w9"}
{"type":"operationEnd","operationId":"89b98slfp5kk67x","timestamp":1705502485055,"id":"liwsg2ela2qcyps","previousEventId":"2jwgjlla7rfzs8b","previousOperationId":"ifgv9ymygy0i4w9"}
{"type":"log","timestamp":1705502485055,"level":"debug","message":"Base url not specified, skipping its injection.","meta":{"rootId":"wcucbykrv3ou3n6","id":"wcucbykrv3ou3n6"},"id":"79pe65iafif9eq6","previousOperationId":"89b98slfp5kk67x"}
{"type":"operationStart","subtype":"engine","name":"handlebars","timestamp":1705502485055,"id":"5x8w1xt7vmdzvd1","previousEventId":"liwsg2ela2qcyps","operationId":"4b8nkf5g2tgr4mz","previousOperationId":"89b98slfp5kk67x"}
{"type":"log","timestamp":1705502485055,"level":"debug","message":"Rendering engine handlebars","meta":{"rootId":"wcucbykrv3ou3n6","id":"wcucbykrv3ou3n6"},"id":"kgor92wnhco7crf","previousOperationId":"4b8nkf5g2tgr4mz"}
{"type":"log","timestamp":1705502485079,"level":"debug","message":"(console:log) Pdf utils adding group field, value: \"Race1\"","meta":{"userLevel":true,"rootId":"wcucbykrv3ou3n6","id":"wcucbykrv3ou3n6"},"id":"t5ge8qj1zq3fy0c","previousOperationId":"4b8nkf5g2tgr4mz"}
{"type":"log","timestamp":1705502485079,"level":"debug","message":"(console:log) Pdf utils adding group field, value: \"Race2\"","meta":{"userLevel":true,"rootId":"wcucbykrv3ou3n6","id":"wcucbykrv3ou3n6"},"id":"99p2ojjg50kpnku","previousOperationId":"4b8nkf5g2tgr4mz"}
{"type":"log","timestamp":1705502485080,"level":"debug","message":"(console:log) Pdf utils adding group field, value: \"rgver\"","meta":{"userLevel":true,"rootId":"wcucbykrv3ou3n6","id":"wcucbykrv3ou3n6"},"id":"u0ev6sgvja58yfx","previousOperationId":"4b8nkf5g2tgr4mz"}
{"type":"log","timestamp":1705502485080,"level":"debug","message":"(console:log) Pdf utils adding group field, value: \"revger\"","meta":{"userLevel":true,"rootId":"wcucbykrv3ou3n6","id":"wcucbykrv3ou3n6"},"id":"h3zwgcvtzj4sh39","previousOperationId":"4b8nkf5g2tgr4mz"}
{"type":"operationEnd","operationId":"4b8nkf5g2tgr4mz","timestamp":1705502485080,"id":"xdyb5wvq7ihuqor","previousEventId":"5x8w1xt7vmdzvd1","previousOperationId":"4b8nkf5g2tgr4mz"}
{"type":"operationStart","subtype":"recipe","name":"chrome-pdf","timestamp":1705502485080,"id":"k34uqzlpywyja9n","previousEventId":"xdyb5wvq7ihuqor","operationId":"msbsadd08tmcoqa","previousOperationId":"4b8nkf5g2tgr4mz"}
{"type":"log","timestamp":1705502485080,"level":"debug","message":"Executing recipe chrome-pdf","meta":{"rootId":"wcucbykrv3ou3n6","id":"wcucbykrv3ou3n6"},"id":"155yg0ozeha4vio","previousOperationId":"msbsadd08tmcoqa"}
{"type":"log","timestamp":1705502485084,"level":"debug","message":"Converting with chrome HeadlessChrome/117.0.5938.149 using chrome-pool strategy","meta":{"rootId":"wcucbykrv3ou3n6","id":"wcucbykrv3ou3n6"},"id":"9yzhy0sq721t8h2","previousOperationId":"msbsadd08tmcoqa"}
{"type":"log","timestamp":1705502485207,"level":"debug","message":"Page request: GET (document) file:///C:/Users/DANIEL~1/AppData/Local/Temp/jsreport/autocleanup/385c2f85-b909-4d61-a2e2-0d464101cb4e-chrome-pdf.html","meta":{"rootId":"wcucbykrv3ou3n6","id":"wcucbykrv3ou3n6"},"id":"23w7nstej5w01s7","previousOperationId":"msbsadd08tmcoqa"}
{"type":"log","timestamp":1705502485258,"level":"debug","message":"Page request: GET (stylesheet) https://cdnjs.cloudflare.com/ajax/libs/metro/4.1.5/css/metro.min.css","meta":{"rootId":"wcucbykrv3ou3n6","id":"wcucbykrv3ou3n6"},"id":"h4o41wzw7j7srw8","previousOperationId":"msbsadd08tmcoqa"}
{"type":"log","timestamp":1705502485258,"level":"debug","message":"Page request: GET (script) https://cdnjs.cloudflare.com/ajax/libs/Chart.js/2.7.2/Chart.min.js","meta":{"rootId":"wcucbykrv3ou3n6","id":"wcucbykrv3ou3n6"},"id":"pv2p43999av5e82","previousOperationId":"msbsadd08tmcoqa"}
{"type":"log","timestamp":1705502485259,"level":"debug","message":"Page request finished: GET (document) 200 file:///C:/Users/DANIEL~1/AppData/Local/Temp/jsreport/autocleanup/385c2f85-b909-4d61-a2e2-0d464101cb4e-chrome-pdf.html","meta":{"rootId":"wcucbykrv3ou3n6","id":"wcucbykrv3ou3n6"},"id":"e05ts3oqqxf29lu","previousOperationId":"msbsadd08tmcoqa"}
{"type":"log","timestamp":1705502485282,"level":"debug","message":"Page request finished: GET (stylesheet) 200 https://cdnjs.cloudflare.com/ajax/libs/metro/4.1.5/css/metro.min.css","meta":{"rootId":"wcucbykrv3ou3n6","id":"wcucbykrv3ou3n6"},"id":"fll98l5s0xvx4aj","previousOperationId":"msbsadd08tmcoqa"}
{"type":"log","timestamp":1705502485282,"level":"debug","message":"Page request finished: GET (script) 200 https://cdnjs.cloudflare.com/ajax/libs/Chart.js/2.7.2/Chart.min.js","meta":{"rootId":"wcucbykrv3ou3n6","id":"wcucbykrv3ou3n6"},"id":"9whlrj85e7xeyg3","previousOperationId":"msbsadd08tmcoqa"}
{"type":"log","timestamp":1705502485288,"level":"warn","message":"Page error: \"undefined\" is not valid JSON\nJSON.parse (<anonymous>) , stack: SyntaxError: \"undefined\" is not valid JSON\nJSON.parse (<anonymous>)\n    at <anonymous> (file:///C:/Users/DANIEL~1/AppData/Local/Temp/jsreport/autocleanup/385c2f85-b909-4d61-a2e2-0d464101cb4e-chrome-pdf.html:23:29)","meta":{"rootId":"wcucbykrv3ou3n6","id":"wcucbykrv3ou3n6"},"id":"vbih2zrgtpjv2fp","previousOperationId":"msbsadd08tmcoqa"}
{"type":"log","timestamp":1705502485289,"level":"warn","message":"Page error: \"undefined\" is not valid JSON\nJSON.parse (<anonymous>) , stack: SyntaxError: \"undefined\" is not valid JSON\nJSON.parse (<anonymous>)\n    at <anonymous> (file:///C:/Users/DANIEL~1/AppData/Local/Temp/jsreport/autocleanup/385c2f85-b909-4d61-a2e2-0d464101cb4e-chrome-pdf.html:68:29)","meta":{"rootId":"wcucbykrv3ou3n6","id":"wcucbykrv3ou3n6"},"id":"9iixt6hs7xijom6","previousOperationId":"msbsadd08tmcoqa"}
{"type":"log","timestamp":1705502485289,"level":"warn","message":"Page error: \"undefined\" is not valid JSON\nJSON.parse (<anonymous>) , stack: SyntaxError: \"undefined\" is not valid JSON\nJSON.parse (<anonymous>)\n    at <anonymous> (file:///C:/Users/DANIEL~1/AppData/Local/Temp/jsreport/autocleanup/385c2f85-b909-4d61-a2e2-0d464101cb4e-chrome-pdf.html:113:29)","meta":{"rootId":"wcucbykrv3ou3n6","id":"wcucbykrv3ou3n6"},"id":"90o3frafee0gdjt","previousOperationId":"msbsadd08tmcoqa"}
{"type":"log","timestamp":1705502485289,"level":"warn","message":"Page error: \"undefined\" is not valid JSON\nJSON.parse (<anonymous>) , stack: SyntaxError: \"undefined\" is not valid JSON\nJSON.parse (<anonymous>)\n    at <anonymous> (file:///C:/Users/DANIEL~1/AppData/Local/Temp/jsreport/autocleanup/385c2f85-b909-4d61-a2e2-0d464101cb4e-chrome-pdf.html:158:29)","meta":{"rootId":"wcucbykrv3ou3n6","id":"wcucbykrv3ou3n6"},"id":"nrf1ihcwv1zk8tc","previousOperationId":"msbsadd08tmcoqa"}
{"type":"log","timestamp":1705502485317,"level":"debug","message":"Running chrome with params {\"printBackground\":true,\"marginTop\":\"4cm\",\"marginRight\":\"1.5cm\",\"marginBottom\":\"1.5cm\",\"marginLeft\":\"1.5cm\",\"waitForJS\":false,\"timeout\":59894,\"margin\":{\"top\":\"4cm\",\"right\":\"1.5cm\",\"bottom\":\"1.5cm\",\"left\":\"1.5cm\"}}","meta":{"rootId":"wcucbykrv3ou3n6","id":"wcucbykrv3ou3n6"},"id":"u2qsgddrygfwekp","previousOperationId":"msbsadd08tmcoqa"}
{"type":"operationEnd","operationId":"msbsadd08tmcoqa","timestamp":1705502485385,"id":"yoj5bex2g4rwrl3","previousEventId":"k34uqzlpywyja9n","previousOperationId":"msbsadd08tmcoqa"}
{"type":"log","timestamp":1705502485385,"level":"info","message":"pdf-utils is starting pdf processing","meta":{"rootId":"wcucbykrv3ou3n6","id":"wcucbykrv3ou3n6"},"id":"qnl22y6eva0zqdp","previousOperationId":"msbsadd08tmcoqa"}
{"type":"operationStart","subtype":"pdfUtils","name":"pdf utils","timestamp":1705502485385,"id":"8rxn5q10i4zduku","previousEventId":"yoj5bex2g4rwrl3","operationId":"nyhdiaqn8x90bby","previousOperationId":"msbsadd08tmcoqa"}
{"type":"log","timestamp":1705502485385,"level":"debug","message":"pdf-utils detected 1 pdf operation(s) to process","meta":{"rootId":"wcucbykrv3ou3n6","id":"wcucbykrv3ou3n6"},"id":"q9xuv8px3o2nvhz","previousOperationId":"nyhdiaqn8x90bby"}
{"type":"log","timestamp":1705502485421,"level":"debug","message":"pdf-utils running pdf operation merge","meta":{"rootId":"wcucbykrv3ou3n6","id":"wcucbykrv3ou3n6"},"id":"wuiby3vs2daeczx","previousOperationId":"nyhdiaqn8x90bby"}
{"type":"operationStart","subtype":"pdfUtilsMerge","name":"pdf utils merge","previousOperationId":"nyhdiaqn8x90bby","timestamp":1705502485421,"id":"m9cf7ainztx9n3v","previousEventId":"8rxn5q10i4zduku","operationId":"rrqry8a6k6tq3du"}
{"type":"operationStart","subtype":"render","name":"orders-header","previousOperationId":"rrqry8a6k6tq3du","timestamp":1705502485423,"id":"g0cygw12biudwuc","previousEventId":"m9cf7ainztx9n3v","operationId":"4wfhlsmm8tpa0id"}
{"type":"log","timestamp":1705502485423,"level":"info","message":"Starting rendering (child) request","meta":{"rootId":"wcucbykrv3ou3n6","id":"exqj7v00xz8qhxl"},"id":"xpaiyymvicqxfxp","previousOperationId":"4wfhlsmm8tpa0id"}
{"type":"log","timestamp":1705502485423,"level":"info","message":"Rendering template { name: orders-header, recipe: chrome-pdf, engine: handlebars, preview: true }","meta":{"rootId":"wcucbykrv3ou3n6","id":"exqj7v00xz8qhxl"},"id":"f04hxms7uqfeqbx","previousOperationId":"4wfhlsmm8tpa0id"}
{"type":"log","timestamp":1705502485425,"level":"debug","message":"Inline data specified.","meta":{"rootId":"wcucbykrv3ou3n6","id":"exqj7v00xz8qhxl"},"id":"sd6frlniv3vsnke","previousOperationId":"4wfhlsmm8tpa0id"}
{"type":"log","timestamp":1705502485430,"level":"debug","message":"Base url not specified, skipping its injection.","meta":{"rootId":"wcucbykrv3ou3n6","id":"exqj7v00xz8qhxl"},"id":"65ukyuqhdig6dca","previousOperationId":"4wfhlsmm8tpa0id"}
{"type":"operationStart","subtype":"engine","name":"handlebars","timestamp":1705502485431,"id":"etc4zma8t3i2vxs","previousEventId":"g0cygw12biudwuc","operationId":"edffv8rp229essb","previousOperationId":"4wfhlsmm8tpa0id"}
{"type":"log","timestamp":1705502485431,"level":"debug","message":"Rendering engine handlebars","meta":{"rootId":"wcucbykrv3ou3n6","id":"exqj7v00xz8qhxl"},"id":"f7jetqvzzcd7w8l","previousOperationId":"edffv8rp229essb"}
{"type":"operationEnd","operationId":"edffv8rp229essb","timestamp":1705502485464,"id":"x16a6dknmvroias","previousEventId":"etc4zma8t3i2vxs","previousOperationId":"edffv8rp229essb"}
{"type":"operationStart","subtype":"recipe","name":"chrome-pdf","timestamp":1705502485464,"id":"760db7rr2tz5ugl","previousEventId":"x16a6dknmvroias","operationId":"4bi9lnzloz5wlm7","previousOperationId":"edffv8rp229essb"}
{"type":"log","timestamp":1705502485465,"level":"debug","message":"Executing recipe chrome-pdf","meta":{"rootId":"wcucbykrv3ou3n6","id":"exqj7v00xz8qhxl"},"id":"23se3uiyr5bgeu5","previousOperationId":"4bi9lnzloz5wlm7"}
{"type":"log","timestamp":1705502485469,"level":"debug","message":"Converting with chrome HeadlessChrome/117.0.5938.149 using chrome-pool strategy","meta":{"rootId":"wcucbykrv3ou3n6","id":"exqj7v00xz8qhxl"},"id":"q2g8tii3g7a7pzj","previousOperationId":"4bi9lnzloz5wlm7"}
{"type":"log","timestamp":1705502485602,"level":"debug","message":"Page request: GET (document) file:///C:/Users/DANIEL~1/AppData/Local/Temp/jsreport/autocleanup/e29b09da-cdfe-48f7-b329-dfb2f945db88-chrome-pdf.html","meta":{"rootId":"wcucbykrv3ou3n6","id":"exqj7v00xz8qhxl"},"id":"10lbl1brj6zgmde","previousOperationId":"4bi9lnzloz5wlm7"}
{"type":"log","timestamp":1705502485616,"level":"debug","message":"Page request: GET (stylesheet) https://cdnjs.cloudflare.com/ajax/libs/metro/4.1.5/css/metro.min.css","meta":{"rootId":"wcucbykrv3ou3n6","id":"exqj7v00xz8qhxl"},"id":"ymjb9vdk62tycq3","previousOperationId":"4bi9lnzloz5wlm7"}
{"type":"log","timestamp":1705502485616,"level":"debug","message":"Page request finished: GET (document) 200 file:///C:/Users/DANIEL~1/AppData/Local/Temp/jsreport/autocleanup/e29b09da-cdfe-48f7-b329-dfb2f945db88-chrome-pdf.html","meta":{"rootId":"wcucbykrv3ou3n6","id":"exqj7v00xz8qhxl"},"id":"d9ndmmg6260zxww","previousOperationId":"4bi9lnzloz5wlm7"}
{"type":"log","timestamp":1705502485638,"level":"debug","message":"Page request finished: GET (stylesheet) 200 https://cdnjs.cloudflare.com/ajax/libs/metro/4.1.5/css/metro.min.css","meta":{"rootId":"wcucbykrv3ou3n6","id":"exqj7v00xz8qhxl"},"id":"sool8aghgqxk3r6","previousOperationId":"4bi9lnzloz5wlm7"}
{"type":"log","timestamp":1705502485659,"level":"debug","message":"Running chrome with params {\"printBackground\":true,\"marginTop\":\"1.5cm\",\"marginRight\":\"1.5cm\",\"marginLeft\":\"1.cm\",\"timeout\":59510,\"margin\":{\"top\":\"1.5cm\",\"right\":\"1.5cm\",\"left\":\"1.cm\"}}","meta":{"rootId":"wcucbykrv3ou3n6","id":"exqj7v00xz8qhxl"},"id":"bxkn32d85yboeyk","previousOperationId":"4bi9lnzloz5wlm7"}
{"type":"operationEnd","operationId":"4bi9lnzloz5wlm7","timestamp":1705502485721,"id":"7q5j21gu98h97z6","previousEventId":"760db7rr2tz5ugl","previousOperationId":"4bi9lnzloz5wlm7"}
{"type":"log","timestamp":1705502485721,"level":"debug","message":"Skipping storing report.","meta":{"rootId":"wcucbykrv3ou3n6","id":"exqj7v00xz8qhxl"},"id":"05ows1x9v7ycfuj","previousOperationId":"4bi9lnzloz5wlm7"}
{"type":"log","timestamp":1705502485721,"level":"info","message":"Rendering (child) request finished in 744 ms","meta":{"rootId":"wcucbykrv3ou3n6","id":"exqj7v00xz8qhxl"},"id":"g0yd2nn1mfg1x5r","previousOperationId":"4bi9lnzloz5wlm7"}
{"type":"operationEnd","subtype":"render","operationId":"4wfhlsmm8tpa0id","timestamp":1705502485721,"id":"1zuwwqkv4uazxkq","previousEventId":"7q5j21gu98h97z6","previousOperationId":"4bi9lnzloz5wlm7"}
{"type":"operationEnd","operationId":"rrqry8a6k6tq3du","timestamp":1705502485740,"id":"z2ybrv0kmahi2hx","previousEventId":"m9cf7ainztx9n3v","previousOperationId":"rrqry8a6k6tq3du"}
{"type":"log","timestamp":1705502485740,"level":"debug","message":"pdf-utils postproces start","meta":{"rootId":"wcucbykrv3ou3n6","id":"wcucbykrv3ou3n6"},"id":"23daqco8hwx5cmd","previousOperationId":"rrqry8a6k6tq3du"}
{"type":"log","timestamp":1705502485764,"level":"debug","message":"pdf-utils postproces end","meta":{"rootId":"wcucbykrv3ou3n6","id":"wcucbykrv3ou3n6"},"id":"wyrin0zukcniqsd","previousOperationId":"rrqry8a6k6tq3du"}
{"type":"operationEnd","operationId":"nyhdiaqn8x90bby","timestamp":1705502485764,"id":"nx994quxe93tx9j","previousEventId":"z2ybrv0kmahi2hx","previousOperationId":"rrqry8a6k6tq3du"}
{"type":"log","timestamp":1705502485764,"level":"info","message":"pdf-utils pdf processing was finished","meta":{"rootId":"wcucbykrv3ou3n6","id":"wcucbykrv3ou3n6"},"id":"qpp34c31ypd8lmd","previousOperationId":"nyhdiaqn8x90bby"}
{"type":"log","timestamp":1705502485764,"level":"debug","message":"Skipping storing report.","meta":{"rootId":"wcucbykrv3ou3n6","id":"wcucbykrv3ou3n6"},"id":"2uerxate2p9pehp","previousOperationId":"nyhdiaqn8x90bby"}
{"type":"log","timestamp":1705502485764,"level":"info","message":"Rendering request 18 finished in 787 ms","meta":{"rootId":"wcucbykrv3ou3n6","id":"wcucbykrv3ou3n6"},"id":"r677gkw2bvgdvak","previousOperationId":"nyhdiaqn8x90bby"}
{"type":"operationEnd","subtype":"render","operationId":"ifgv9ymygy0i4w9","timestamp":1705502485764,"id":"uhzc4615df910zb","previousEventId":"nx994quxe93tx9j","previousOperationId":"nyhdiaqn8x90bby"}
{"type":"operationEnd","doDiffs":false,"previousEventId":"cx40ijur41t0ejj","previousOperationId":"x3xtsfhsk0upvmj","operationId":"x3xtsfhsk0upvmj","timestamp":1705502485816,"id":"3rysrptcsg3c4ik"}
