{"type":"operationStart","subtype":"profile","data":{"_id":"Q5f9kOTfHTEhXprx","timestamp":"2024-01-18T15:06:20.348Z","state":"queued","mode":"standard","creationDate":"2024-01-18T15:06:20.353Z","modificationDate":"2024-01-18T15:06:20.353Z","shortid":"Yv8K2Nj","$entitySet":"profiles"},"doDiffs":false,"timestamp":1705590380351,"id":"isdz2de5zhrsvbb","previousOperationId":null,"operationId":"bx9s4i3xbh5vjyp"}
{"type":"log","level":"info","message":"Render request 30 queued for execution and waiting for available worker","previousOperationId":"bx9s4i3xbh5vjyp","timestamp":1705590380351,"id":"focyq877it3npiu"}
{"type":"operationStart","subtype":"render","name":"orders-main","previousOperationId":"bx9s4i3xbh5vjyp","timestamp":1705590380367,"id":"llwtk58xptiahv8","previousEventId":"isdz2de5zhrsvbb","operationId":"99j1dcpqiajk2h7"}
{"type":"log","timestamp":1705590380367,"level":"info","message":"Starting rendering request 30","meta":{"rootId":"wgj5nek8s4959ix","id":"wgj5nek8s4959ix"},"id":"0vl9kyw185r53xh","previousOperationId":"99j1dcpqiajk2h7"}
{"type":"log","timestamp":1705590380367,"level":"info","message":"Rendering template { name: orders-main, recipe: chrome-pdf, engine: handlebars, preview: true }","meta":{"rootId":"wgj5nek8s4959ix","id":"wgj5nek8s4959ix"},"id":"dx9x8spy1ikuxgs","previousOperationId":"99j1dcpqiajk2h7"}
{"type":"log","timestamp":1705590380376,"level":"debug","message":"Data item not defined for this template.","meta":{"rootId":"wgj5nek8s4959ix","id":"wgj5nek8s4959ix"},"id":"vzzndz4tdj4anlr","previousOperationId":"99j1dcpqiajk2h7"}
{"type":"log","timestamp":1705590380389,"level":"debug","message":"Executing script orders-script (beforeRender)","meta":{"rootId":"wgj5nek8s4959ix","id":"wgj5nek8s4959ix"},"id":"1svjgndl6qk8jcw","previousOperationId":"99j1dcpqiajk2h7"}
{"type":"operationStart","subtype":"scriptsBeforeRender","name":"scripts beforeRender","timestamp":1705590380425,"id":"tnc71ysdhmqd8n9","previousEventId":"llwtk58xptiahv8","operationId":"qdpz5wlk5oy60uy","previousOperationId":"99j1dcpqiajk2h7"}
{"type":"operationStart","subtype":"script","name":"scripts orders-script","previousOperationId":"qdpz5wlk5oy60uy","timestamp":1705590380425,"id":"rjga4tkhpebnd0m","previousEventId":"tnc71ysdhmqd8n9","operationId":"ndx83hj2a7nsr7a"}
{"type":"operationEnd","operationId":"ndx83hj2a7nsr7a","timestamp":1705590380448,"id":"7xilx7c5yv1o0bh","previousEventId":"llwtk58xptiahv8","previousOperationId":"99j1dcpqiajk2h7"}
{"type":"operationEnd","operationId":"qdpz5wlk5oy60uy","timestamp":1705590380448,"id":"9ft44v8p0aput7s","previousEventId":"7xilx7c5yv1o0bh","previousOperationId":"99j1dcpqiajk2h7"}
{"type":"log","timestamp":1705590380448,"level":"debug","message":"Base url not specified, skipping its injection.","meta":{"rootId":"wgj5nek8s4959ix","id":"wgj5nek8s4959ix"},"id":"93vyzglej7cchsc","previousOperationId":"qdpz5wlk5oy60uy"}
{"type":"operationStart","subtype":"engine","name":"handlebars","timestamp":1705590380448,"id":"z07h3mmkorbyobu","previousEventId":"9ft44v8p0aput7s","operationId":"mg5kna9svknd4q1","previousOperationId":"qdpz5wlk5oy60uy"}
{"type":"log","timestamp":1705590380448,"level":"debug","message":"Rendering engine handlebars","meta":{"rootId":"wgj5nek8s4959ix","id":"wgj5nek8s4959ix"},"id":"vb77l3i795ww7k5","previousOperationId":"mg5kna9svknd4q1"}
{"type":"log","timestamp":1705590380470,"level":"debug","message":"(console:log) Pdf utils adding group field, value: \"Race1\"","meta":{"userLevel":true,"rootId":"wgj5nek8s4959ix","id":"wgj5nek8s4959ix"},"id":"ypqvjzkhabdgi3j","previousOperationId":"mg5kna9svknd4q1"}
{"type":"log","timestamp":1705590380470,"level":"debug","message":"(console:log) Pdf utils adding group field, value: \"Race2\"","meta":{"userLevel":true,"rootId":"wgj5nek8s4959ix","id":"wgj5nek8s4959ix"},"id":"cvvc7xwil2k1qad","previousOperationId":"mg5kna9svknd4q1"}
{"type":"operationEnd","operationId":"mg5kna9svknd4q1","timestamp":1705590380471,"id":"8fab83eoab64b4f","previousEventId":"z07h3mmkorbyobu","previousOperationId":"mg5kna9svknd4q1"}
{"type":"operationStart","subtype":"recipe","name":"chrome-pdf","timestamp":1705590380471,"id":"nwjyyw490cx0mkf","previousEventId":"8fab83eoab64b4f","operationId":"jcmm66tgisijw9r","previousOperationId":"mg5kna9svknd4q1"}
{"type":"log","timestamp":1705590380471,"level":"debug","message":"Executing recipe chrome-pdf","meta":{"rootId":"wgj5nek8s4959ix","id":"wgj5nek8s4959ix"},"id":"ihs7i13s37191yl","previousOperationId":"jcmm66tgisijw9r"}
{"type":"log","timestamp":1705590380476,"level":"debug","message":"Converting with chrome HeadlessChrome/117.0.5938.149 using chrome-pool strategy","meta":{"rootId":"wgj5nek8s4959ix","id":"wgj5nek8s4959ix"},"id":"2flntr3je1vu2xo","previousOperationId":"jcmm66tgisijw9r"}
{"type":"log","timestamp":1705590380611,"level":"debug","message":"Page request: GET (document) file:///C:/Users/DANIEL~1/AppData/Local/Temp/jsreport/autocleanup/5f2a4e1b-7fdd-4474-91c3-5ce5a3fb5d3a-chrome-pdf.html","meta":{"rootId":"wgj5nek8s4959ix","id":"wgj5nek8s4959ix"},"id":"5gydjka6x51zy5o","previousOperationId":"jcmm66tgisijw9r"}
{"type":"log","timestamp":1705590380652,"level":"debug","message":"Page request: GET (stylesheet) https://cdnjs.cloudflare.com/ajax/libs/metro/4.1.5/css/metro.min.css","meta":{"rootId":"wgj5nek8s4959ix","id":"wgj5nek8s4959ix"},"id":"0va16q4yxjczpa6","previousOperationId":"jcmm66tgisijw9r"}
{"type":"log","timestamp":1705590380653,"level":"debug","message":"Page request finished: GET (document) 200 file:///C:/Users/DANIEL~1/AppData/Local/Temp/jsreport/autocleanup/5f2a4e1b-7fdd-4474-91c3-5ce5a3fb5d3a-chrome-pdf.html","meta":{"rootId":"wgj5nek8s4959ix","id":"wgj5nek8s4959ix"},"id":"jumc2w33xd0g15i","previousOperationId":"jcmm66tgisijw9r"}
{"type":"log","timestamp":1705590380653,"level":"debug","message":"Page request: GET (script) https://cdnjs.cloudflare.com/ajax/libs/Chart.js/2.9.4/Chart.js","meta":{"rootId":"wgj5nek8s4959ix","id":"wgj5nek8s4959ix"},"id":"25b7st870scgu7y","previousOperationId":"jcmm66tgisijw9r"}
{"type":"log","timestamp":1705590380684,"level":"debug","message":"Page request finished: GET (stylesheet) 200 https://cdnjs.cloudflare.com/ajax/libs/metro/4.1.5/css/metro.min.css","meta":{"rootId":"wgj5nek8s4959ix","id":"wgj5nek8s4959ix"},"id":"4il88t7qx9ojs4z","previousOperationId":"jcmm66tgisijw9r"}
{"type":"log","timestamp":1705590380684,"level":"debug","message":"Page request finished: GET (script) 200 https://cdnjs.cloudflare.com/ajax/libs/Chart.js/2.9.4/Chart.js","meta":{"rootId":"wgj5nek8s4959ix","id":"wgj5nek8s4959ix"},"id":"uqr67wp4w7m274r","previousOperationId":"jcmm66tgisijw9r"}
{"type":"log","timestamp":1705590380692,"level":"warn","message":"Page error: Missing initializer in const declaration , stack: SyntaxError: Missing initializer in const declaration","meta":{"rootId":"wgj5nek8s4959ix","id":"wgj5nek8s4959ix"},"id":"aebtmgwmafgfiv0","previousOperationId":"jcmm66tgisijw9r"}
{"type":"log","timestamp":1705590380737,"level":"debug","message":"Running chrome with params {\"printBackground\":true,\"marginTop\":\"4cm\",\"marginRight\":\"1.5cm\",\"marginBottom\":\"1.5cm\",\"marginLeft\":\"1.5cm\",\"waitForJS\":false,\"timeout\":59874,\"margin\":{\"top\":\"4cm\",\"right\":\"1.5cm\",\"bottom\":\"1.5cm\",\"left\":\"1.5cm\"}}","meta":{"rootId":"wgj5nek8s4959ix","id":"wgj5nek8s4959ix"},"id":"bkcxjahk4mysgvw","previousOperationId":"jcmm66tgisijw9r"}
{"type":"operationEnd","operationId":"jcmm66tgisijw9r","timestamp":1705590380857,"id":"ziyh2cpo0yrmyvs","previousEventId":"nwjyyw490cx0mkf","previousOperationId":"jcmm66tgisijw9r"}
{"type":"log","timestamp":1705590380857,"level":"info","message":"pdf-utils is starting pdf processing","meta":{"rootId":"wgj5nek8s4959ix","id":"wgj5nek8s4959ix"},"id":"mlw0kmqj39mjyu9","previousOperationId":"jcmm66tgisijw9r"}
{"type":"operationStart","subtype":"pdfUtils","name":"pdf utils","timestamp":1705590380857,"id":"hat76pmiiwbqi6y","previousEventId":"ziyh2cpo0yrmyvs","operationId":"f04advdjci4wtxy","previousOperationId":"jcmm66tgisijw9r"}
{"type":"log","timestamp":1705590380857,"level":"debug","message":"pdf-utils detected 1 pdf operation(s) to process","meta":{"rootId":"wgj5nek8s4959ix","id":"wgj5nek8s4959ix"},"id":"fx23nyvocyv5z3d","previousOperationId":"f04advdjci4wtxy"}
{"type":"log","timestamp":1705590380883,"level":"debug","message":"pdf-utils running pdf operation merge","meta":{"rootId":"wgj5nek8s4959ix","id":"wgj5nek8s4959ix"},"id":"4mv6smws8p0zr5q","previousOperationId":"f04advdjci4wtxy"}
{"type":"operationStart","subtype":"pdfUtilsMerge","name":"pdf utils merge","previousOperationId":"f04advdjci4wtxy","timestamp":1705590380883,"id":"kgfvh1hblpgpolu","previousEventId":"hat76pmiiwbqi6y","operationId":"xslah6p8lvgv1rw"}
{"type":"operationStart","subtype":"render","name":"orders-header","previousOperationId":"xslah6p8lvgv1rw","timestamp":1705590380887,"id":"229nk8b7r903zh3","previousEventId":"kgfvh1hblpgpolu","operationId":"tl8ld8sra41iqfk"}
{"type":"log","timestamp":1705590380888,"level":"info","message":"Starting rendering (child) request","meta":{"rootId":"wgj5nek8s4959ix","id":"mnn71unjj96xzrk"},"id":"zpppfjr7pyatash","previousOperationId":"tl8ld8sra41iqfk"}
{"type":"log","timestamp":1705590380888,"level":"info","message":"Rendering template { name: orders-header, recipe: chrome-pdf, engine: handlebars, preview: true }","meta":{"rootId":"wgj5nek8s4959ix","id":"mnn71unjj96xzrk"},"id":"sdn4lfud7webyph","previousOperationId":"tl8ld8sra41iqfk"}
{"type":"log","timestamp":1705590380890,"level":"debug","message":"Inline data specified.","meta":{"rootId":"wgj5nek8s4959ix","id":"mnn71unjj96xzrk"},"id":"7whjfbyw1yv4zhn","previousOperationId":"tl8ld8sra41iqfk"}
{"type":"log","timestamp":1705590380906,"level":"debug","message":"Base url not specified, skipping its injection.","meta":{"rootId":"wgj5nek8s4959ix","id":"mnn71unjj96xzrk"},"id":"f04sc1hgldulkmb","previousOperationId":"tl8ld8sra41iqfk"}
{"type":"operationStart","subtype":"engine","name":"handlebars","timestamp":1705590380906,"id":"2cqo7rgsfi593m0","previousEventId":"229nk8b7r903zh3","operationId":"1ijjxwm6qtkemzn","previousOperationId":"tl8ld8sra41iqfk"}
{"type":"log","timestamp":1705590380906,"level":"debug","message":"Rendering engine handlebars","meta":{"rootId":"wgj5nek8s4959ix","id":"mnn71unjj96xzrk"},"id":"0bebev2bhukme4w","previousOperationId":"1ijjxwm6qtkemzn"}
{"type":"operationEnd","operationId":"1ijjxwm6qtkemzn","timestamp":1705590380936,"id":"lq1oqaq398d1kp4","previousEventId":"2cqo7rgsfi593m0","previousOperationId":"1ijjxwm6qtkemzn"}
{"type":"operationStart","subtype":"recipe","name":"chrome-pdf","timestamp":1705590380936,"id":"msjp2qj52osdzh2","previousEventId":"lq1oqaq398d1kp4","operationId":"f2v4lb533py3ym0","previousOperationId":"1ijjxwm6qtkemzn"}
{"type":"log","timestamp":1705590380936,"level":"debug","message":"Executing recipe chrome-pdf","meta":{"rootId":"wgj5nek8s4959ix","id":"mnn71unjj96xzrk"},"id":"89su0hlln8h57j3","previousOperationId":"f2v4lb533py3ym0"}
{"type":"log","timestamp":1705590380942,"level":"debug","message":"Converting with chrome HeadlessChrome/117.0.5938.149 using chrome-pool strategy","meta":{"rootId":"wgj5nek8s4959ix","id":"mnn71unjj96xzrk"},"id":"gyamcf8zv7dorf7","previousOperationId":"f2v4lb533py3ym0"}
{"type":"log","timestamp":1705590381078,"level":"debug","message":"Page request: GET (document) file:///C:/Users/DANIEL~1/AppData/Local/Temp/jsreport/autocleanup/b475be7a-ade7-497e-93fe-3a1190ae16d2-chrome-pdf.html","meta":{"rootId":"wgj5nek8s4959ix","id":"mnn71unjj96xzrk"},"id":"f11gqh7q0c55jpu","previousOperationId":"f2v4lb533py3ym0"}
{"type":"log","timestamp":1705590381096,"level":"debug","message":"Page request finished: GET (document) 200 file:///C:/Users/DANIEL~1/AppData/Local/Temp/jsreport/autocleanup/b475be7a-ade7-497e-93fe-3a1190ae16d2-chrome-pdf.html","meta":{"rootId":"wgj5nek8s4959ix","id":"mnn71unjj96xzrk"},"id":"c3te1qf503gyomr","previousOperationId":"f2v4lb533py3ym0"}
{"type":"log","timestamp":1705590381096,"level":"debug","message":"Page request: GET (stylesheet) https://cdnjs.cloudflare.com/ajax/libs/metro/4.1.5/css/metro.min.css","meta":{"rootId":"wgj5nek8s4959ix","id":"mnn71unjj96xzrk"},"id":"5z8j6j02603yaua","previousOperationId":"f2v4lb533py3ym0"}
{"type":"log","timestamp":1705590381122,"level":"debug","message":"Page request finished: GET (stylesheet) 200 https://cdnjs.cloudflare.com/ajax/libs/metro/4.1.5/css/metro.min.css","meta":{"rootId":"wgj5nek8s4959ix","id":"mnn71unjj96xzrk"},"id":"lumavds3oqkcdlw","previousOperationId":"f2v4lb533py3ym0"}
{"type":"log","timestamp":1705590381149,"level":"debug","message":"Running chrome with params {\"printBackground\":true,\"marginTop\":\"1.5cm\",\"marginRight\":\"1.5cm\",\"marginLeft\":\"1.cm\",\"timeout\":59408,\"margin\":{\"top\":\"1.5cm\",\"right\":\"1.5cm\",\"left\":\"1.cm\"}}","meta":{"rootId":"wgj5nek8s4959ix","id":"mnn71unjj96xzrk"},"id":"ujy6imb2ztua4b2","previousOperationId":"f2v4lb533py3ym0"}
{"type":"operationEnd","operationId":"f2v4lb533py3ym0","timestamp":1705590381211,"id":"v8eek73rhevd6a5","previousEventId":"msjp2qj52osdzh2","previousOperationId":"f2v4lb533py3ym0"}
{"type":"log","timestamp":1705590381211,"level":"debug","message":"Skipping storing report.","meta":{"rootId":"wgj5nek8s4959ix","id":"mnn71unjj96xzrk"},"id":"kfjjoimyrszgoc5","previousOperationId":"f2v4lb533py3ym0"}
{"type":"log","timestamp":1705590381211,"level":"info","message":"Rendering (child) request finished in 863 ms","meta":{"rootId":"wgj5nek8s4959ix","id":"mnn71unjj96xzrk"},"id":"4f40sznivrv34lt","previousOperationId":"f2v4lb533py3ym0"}
{"type":"operationEnd","subtype":"render","operationId":"tl8ld8sra41iqfk","timestamp":1705590381211,"id":"o1v1og6vk7hbyi7","previousEventId":"v8eek73rhevd6a5","previousOperationId":"f2v4lb533py3ym0"}
{"type":"operationEnd","operationId":"xslah6p8lvgv1rw","timestamp":1705590381233,"id":"z8snjjb9qxzku05","previousEventId":"kgfvh1hblpgpolu","previousOperationId":"xslah6p8lvgv1rw"}
{"type":"log","timestamp":1705590381233,"level":"debug","message":"pdf-utils postproces start","meta":{"rootId":"wgj5nek8s4959ix","id":"wgj5nek8s4959ix"},"id":"i9saz3pjto1fs1g","previousOperationId":"xslah6p8lvgv1rw"}
{"type":"log","timestamp":1705590381259,"level":"debug","message":"pdf-utils postproces end","meta":{"rootId":"wgj5nek8s4959ix","id":"wgj5nek8s4959ix"},"id":"d4tczipga9fuk7z","previousOperationId":"xslah6p8lvgv1rw"}
{"type":"operationEnd","operationId":"f04advdjci4wtxy","timestamp":1705590381259,"id":"e52ysjphyzoq20v","previousEventId":"z8snjjb9qxzku05","previousOperationId":"xslah6p8lvgv1rw"}
{"type":"log","timestamp":1705590381259,"level":"info","message":"pdf-utils pdf processing was finished","meta":{"rootId":"wgj5nek8s4959ix","id":"wgj5nek8s4959ix"},"id":"ws0ituhyc9myif1","previousOperationId":"f04advdjci4wtxy"}
{"type":"log","timestamp":1705590381259,"level":"debug","message":"Skipping storing report.","meta":{"rootId":"wgj5nek8s4959ix","id":"wgj5nek8s4959ix"},"id":"3hx5iyi43pk310p","previousOperationId":"f04advdjci4wtxy"}
{"type":"log","timestamp":1705590381259,"level":"info","message":"Rendering request 30 finished in 911 ms","meta":{"rootId":"wgj5nek8s4959ix","id":"wgj5nek8s4959ix"},"id":"6bkbayc6eusrrzg","previousOperationId":"f04advdjci4wtxy"}
{"type":"operationEnd","subtype":"render","operationId":"99j1dcpqiajk2h7","timestamp":1705590381259,"id":"l8k8fm0g4p2ff8t","previousEventId":"e52ysjphyzoq20v","previousOperationId":"f04advdjci4wtxy"}
{"type":"operationEnd","doDiffs":false,"previousEventId":"isdz2de5zhrsvbb","previousOperationId":"bx9s4i3xbh5vjyp","operationId":"bx9s4i3xbh5vjyp","timestamp":1705590381270,"id":"1hfo65x51xvvey0"}
