{"type":"operationStart","subtype":"profile","data":{"_id":"UQp6w2T9uv2Kz6Yt","timestamp":"2024-01-18T14:57:43.920Z","state":"queued","mode":"standard","creationDate":"2024-01-18T14:57:43.924Z","modificationDate":"2024-01-18T14:57:43.924Z","shortid":"tVv-brF","$entitySet":"profiles"},"doDiffs":false,"timestamp":1705589863922,"id":"sshkat0tbf7je32","previousOperationId":null,"operationId":"snurb22c0feyhm1"}
{"type":"log","level":"info","message":"Render request 19 queued for execution and waiting for available worker","previousOperationId":"snurb22c0feyhm1","timestamp":1705589863923,"id":"dsg2dv2ktufe7m5"}
{"type":"operationStart","subtype":"render","name":"orders-main","previousOperationId":"snurb22c0feyhm1","timestamp":1705589863939,"id":"le2ozshsqmr7duy","previousEventId":"sshkat0tbf7je32","operationId":"2hebm4zumcia555"}
{"type":"log","timestamp":1705589863940,"level":"info","message":"Starting rendering request 19","meta":{"rootId":"wjji86fbatvdyh3","id":"wjji86fbatvdyh3"},"id":"5mfxy2zmflbjw70","previousOperationId":"2hebm4zumcia555"}
{"type":"log","timestamp":1705589863940,"level":"info","message":"Rendering template { name: orders-main, recipe: chrome-pdf, engine: handlebars, preview: true }","meta":{"rootId":"wjji86fbatvdyh3","id":"wjji86fbatvdyh3"},"id":"pkolyrrmp0pvmg9","previousOperationId":"2hebm4zumcia555"}
{"type":"log","timestamp":1705589863947,"level":"debug","message":"Data item not defined for this template.","meta":{"rootId":"wjji86fbatvdyh3","id":"wjji86fbatvdyh3"},"id":"nf5uen53pzdyik3","previousOperationId":"2hebm4zumcia555"}
{"type":"log","timestamp":1705589863952,"level":"debug","message":"Executing script orders-script (beforeRender)","meta":{"rootId":"wjji86fbatvdyh3","id":"wjji86fbatvdyh3"},"id":"ezhh71xz9sumb48","previousOperationId":"2hebm4zumcia555"}
{"type":"operationStart","subtype":"scriptsBeforeRender","name":"scripts beforeRender","timestamp":1705589863975,"id":"z3a2wbapghv6oxw","previousEventId":"le2ozshsqmr7duy","operationId":"pkwnufb6c7cxkpb","previousOperationId":"2hebm4zumcia555"}
{"type":"operationStart","subtype":"script","name":"scripts orders-script","previousOperationId":"pkwnufb6c7cxkpb","timestamp":1705589863975,"id":"vz9etne8bbagbc5","previousEventId":"z3a2wbapghv6oxw","operationId":"u6usv0uhgw823s2"}
{"type":"operationEnd","operationId":"u6usv0uhgw823s2","timestamp":1705589863995,"id":"p60pierbww90vzw","previousEventId":"le2ozshsqmr7duy","previousOperationId":"2hebm4zumcia555"}
{"type":"operationEnd","operationId":"pkwnufb6c7cxkpb","timestamp":1705589863995,"id":"qv9dr52mxp3fcbr","previousEventId":"p60pierbww90vzw","previousOperationId":"2hebm4zumcia555"}
{"type":"log","timestamp":1705589863995,"level":"debug","message":"Base url not specified, skipping its injection.","meta":{"rootId":"wjji86fbatvdyh3","id":"wjji86fbatvdyh3"},"id":"rnrneib9lxstxa2","previousOperationId":"pkwnufb6c7cxkpb"}
{"type":"operationStart","subtype":"engine","name":"handlebars","timestamp":1705589863995,"id":"k7eae23p9tcs4cs","previousEventId":"qv9dr52mxp3fcbr","operationId":"ef83yetvtic371c","previousOperationId":"pkwnufb6c7cxkpb"}
{"type":"log","timestamp":1705589863995,"level":"debug","message":"Rendering engine handlebars","meta":{"rootId":"wjji86fbatvdyh3","id":"wjji86fbatvdyh3"},"id":"np5h5c6ds0t71qn","previousOperationId":"ef83yetvtic371c"}
{"type":"log","timestamp":1705589864034,"level":"debug","message":"(console:log) Pdf utils adding group field, value: \"Race1\"","meta":{"userLevel":true,"rootId":"wjji86fbatvdyh3","id":"wjji86fbatvdyh3"},"id":"srwkd5ukvi8l84y","previousOperationId":"ef83yetvtic371c"}
{"type":"log","timestamp":1705589864034,"level":"debug","message":"(console:log) Pdf utils adding group field, value: \"Race2\"","meta":{"userLevel":true,"rootId":"wjji86fbatvdyh3","id":"wjji86fbatvdyh3"},"id":"dlvbcxjpl8teivs","previousOperationId":"ef83yetvtic371c"}
{"type":"operationEnd","operationId":"ef83yetvtic371c","timestamp":1705589864035,"id":"frnkal3lb2775wk","previousEventId":"k7eae23p9tcs4cs","previousOperationId":"ef83yetvtic371c"}
{"type":"operationStart","subtype":"recipe","name":"chrome-pdf","timestamp":1705589864035,"id":"kw37kixl9ew6yo6","previousEventId":"frnkal3lb2775wk","operationId":"d3fvk71xhn5t335","previousOperationId":"ef83yetvtic371c"}
{"type":"log","timestamp":1705589864035,"level":"debug","message":"Executing recipe chrome-pdf","meta":{"rootId":"wjji86fbatvdyh3","id":"wjji86fbatvdyh3"},"id":"s8xr4f5hghqktdy","previousOperationId":"d3fvk71xhn5t335"}
{"type":"log","timestamp":1705589864062,"level":"debug","message":"Converting with chrome HeadlessChrome/117.0.5938.149 using chrome-pool strategy","meta":{"rootId":"wjji86fbatvdyh3","id":"wjji86fbatvdyh3"},"id":"las9ouhcs9zjucn","previousOperationId":"d3fvk71xhn5t335"}
{"type":"log","timestamp":1705589864186,"level":"debug","message":"Page request: GET (document) file:///C:/Users/DANIEL~1/AppData/Local/Temp/jsreport/autocleanup/7e791b06-0e08-4214-b950-e296f0749967-chrome-pdf.html","meta":{"rootId":"wjji86fbatvdyh3","id":"wjji86fbatvdyh3"},"id":"pxoiz0srx1b372o","previousOperationId":"d3fvk71xhn5t335"}
{"type":"log","timestamp":1705589864234,"level":"debug","message":"Page request: GET (stylesheet) https://cdnjs.cloudflare.com/ajax/libs/metro/4.1.5/css/metro.min.css","meta":{"rootId":"wjji86fbatvdyh3","id":"wjji86fbatvdyh3"},"id":"7w2b4jhtymj4t7r","previousOperationId":"d3fvk71xhn5t335"}
{"type":"log","timestamp":1705589864235,"level":"debug","message":"Page request: GET (script) https://cdnjs.cloudflare.com/ajax/libs/Chart.js/2.9.4/Chart.js","meta":{"rootId":"wjji86fbatvdyh3","id":"wjji86fbatvdyh3"},"id":"4vq57j1ou77r3i1","previousOperationId":"d3fvk71xhn5t335"}
{"type":"log","timestamp":1705589864235,"level":"debug","message":"Page request finished: GET (document) 200 file:///C:/Users/DANIEL~1/AppData/Local/Temp/jsreport/autocleanup/7e791b06-0e08-4214-b950-e296f0749967-chrome-pdf.html","meta":{"rootId":"wjji86fbatvdyh3","id":"wjji86fbatvdyh3"},"id":"pjlgk6j9rt5cvbb","previousOperationId":"d3fvk71xhn5t335"}
{"type":"log","timestamp":1705589864248,"level":"debug","message":"Page request finished: GET (script) 200 https://cdnjs.cloudflare.com/ajax/libs/Chart.js/2.9.4/Chart.js","meta":{"rootId":"wjji86fbatvdyh3","id":"wjji86fbatvdyh3"},"id":"j3px69bvre7yojs","previousOperationId":"d3fvk71xhn5t335"}
{"type":"log","timestamp":1705589864264,"level":"debug","message":"Page request finished: GET (stylesheet) 200 https://cdnjs.cloudflare.com/ajax/libs/metro/4.1.5/css/metro.min.css","meta":{"rootId":"wjji86fbatvdyh3","id":"wjji86fbatvdyh3"},"id":"qjtbx2vasghzf5j","previousOperationId":"d3fvk71xhn5t335"}
{"type":"log","timestamp":1705589864270,"level":"warn","message":"Page error: Unexpected token ';' , stack: SyntaxError: Unexpected token ';'","meta":{"rootId":"wjji86fbatvdyh3","id":"wjji86fbatvdyh3"},"id":"98tppzlr4s6boax","previousOperationId":"d3fvk71xhn5t335"}
{"type":"log","timestamp":1705589864307,"level":"debug","message":"Running chrome with params {\"printBackground\":true,\"marginTop\":\"4cm\",\"marginRight\":\"1.5cm\",\"marginBottom\":\"1.5cm\",\"marginLeft\":\"1.5cm\",\"waitForJS\":false,\"timeout\":59861,\"margin\":{\"top\":\"4cm\",\"right\":\"1.5cm\",\"bottom\":\"1.5cm\",\"left\":\"1.5cm\"}}","meta":{"rootId":"wjji86fbatvdyh3","id":"wjji86fbatvdyh3"},"id":"wmxnmi2k142gm0v","previousOperationId":"d3fvk71xhn5t335"}
{"type":"operationEnd","operationId":"d3fvk71xhn5t335","timestamp":1705589864421,"id":"y9qfzdl0g2nt49o","previousEventId":"kw37kixl9ew6yo6","previousOperationId":"d3fvk71xhn5t335"}
{"type":"log","timestamp":1705589864421,"level":"info","message":"pdf-utils is starting pdf processing","meta":{"rootId":"wjji86fbatvdyh3","id":"wjji86fbatvdyh3"},"id":"6d5gs7cq13xzfhw","previousOperationId":"d3fvk71xhn5t335"}
{"type":"operationStart","subtype":"pdfUtils","name":"pdf utils","timestamp":1705589864421,"id":"hyg16p02m9imtax","previousEventId":"y9qfzdl0g2nt49o","operationId":"jvzwg70hfxl537q","previousOperationId":"d3fvk71xhn5t335"}
{"type":"log","timestamp":1705589864421,"level":"debug","message":"pdf-utils detected 1 pdf operation(s) to process","meta":{"rootId":"wjji86fbatvdyh3","id":"wjji86fbatvdyh3"},"id":"mz7gd44wjcta35s","previousOperationId":"jvzwg70hfxl537q"}
{"type":"log","timestamp":1705589864448,"level":"debug","message":"pdf-utils running pdf operation merge","meta":{"rootId":"wjji86fbatvdyh3","id":"wjji86fbatvdyh3"},"id":"eu6i73do9wzy9gd","previousOperationId":"jvzwg70hfxl537q"}
{"type":"operationStart","subtype":"pdfUtilsMerge","name":"pdf utils merge","previousOperationId":"jvzwg70hfxl537q","timestamp":1705589864448,"id":"rryp6adv1i67jyw","previousEventId":"hyg16p02m9imtax","operationId":"f40set247gtzvgs"}
{"type":"operationStart","subtype":"render","name":"orders-header","previousOperationId":"f40set247gtzvgs","timestamp":1705589864451,"id":"qklp3qh03394rme","previousEventId":"rryp6adv1i67jyw","operationId":"5gi8qhg4ynvntej"}
{"type":"log","timestamp":1705589864451,"level":"info","message":"Starting rendering (child) request","meta":{"rootId":"wjji86fbatvdyh3","id":"e0ljfy86pn7zxxv"},"id":"edke5gsuoflq9q6","previousOperationId":"5gi8qhg4ynvntej"}
{"type":"log","timestamp":1705589864451,"level":"info","message":"Rendering template { name: orders-header, recipe: chrome-pdf, engine: handlebars, preview: true }","meta":{"rootId":"wjji86fbatvdyh3","id":"e0ljfy86pn7zxxv"},"id":"cjws1rcj2o9kcfq","previousOperationId":"5gi8qhg4ynvntej"}
{"type":"log","timestamp":1705589864453,"level":"debug","message":"Inline data specified.","meta":{"rootId":"wjji86fbatvdyh3","id":"e0ljfy86pn7zxxv"},"id":"ly6z5o9tz9ssdkj","previousOperationId":"5gi8qhg4ynvntej"}
{"type":"log","timestamp":1705589864457,"level":"debug","message":"Base url not specified, skipping its injection.","meta":{"rootId":"wjji86fbatvdyh3","id":"e0ljfy86pn7zxxv"},"id":"whf6cboeusuboqb","previousOperationId":"5gi8qhg4ynvntej"}
{"type":"operationStart","subtype":"engine","name":"handlebars","timestamp":1705589864458,"id":"d626qlahrpqr2x1","previousEventId":"qklp3qh03394rme","operationId":"o87wesu6gold4y6","previousOperationId":"5gi8qhg4ynvntej"}
{"type":"log","timestamp":1705589864458,"level":"debug","message":"Rendering engine handlebars","meta":{"rootId":"wjji86fbatvdyh3","id":"e0ljfy86pn7zxxv"},"id":"2y3xd47c1pbufpx","previousOperationId":"o87wesu6gold4y6"}
{"type":"operationEnd","operationId":"o87wesu6gold4y6","timestamp":1705589864494,"id":"x54z84aqw9zcb9x","previousEventId":"d626qlahrpqr2x1","previousOperationId":"o87wesu6gold4y6"}
{"type":"operationStart","subtype":"recipe","name":"chrome-pdf","timestamp":1705589864494,"id":"o7b2tv73jcl9vle","previousEventId":"x54z84aqw9zcb9x","operationId":"wyzyoq49swkwzud","previousOperationId":"o87wesu6gold4y6"}
{"type":"log","timestamp":1705589864494,"level":"debug","message":"Executing recipe chrome-pdf","meta":{"rootId":"wjji86fbatvdyh3","id":"e0ljfy86pn7zxxv"},"id":"okb0ltyi93pk6e7","previousOperationId":"wyzyoq49swkwzud"}
{"type":"log","timestamp":1705589864499,"level":"debug","message":"Converting with chrome HeadlessChrome/117.0.5938.149 using chrome-pool strategy","meta":{"rootId":"wjji86fbatvdyh3","id":"e0ljfy86pn7zxxv"},"id":"dw2joo853lcpzt2","previousOperationId":"wyzyoq49swkwzud"}
{"type":"log","timestamp":1705589864636,"level":"debug","message":"Page request: GET (document) file:///C:/Users/DANIEL~1/AppData/Local/Temp/jsreport/autocleanup/3df6c9ff-eafe-4d3d-ae4b-ccc1f6085e33-chrome-pdf.html","meta":{"rootId":"wjji86fbatvdyh3","id":"e0ljfy86pn7zxxv"},"id":"uxjdav21r37upa8","previousOperationId":"wyzyoq49swkwzud"}
{"type":"log","timestamp":1705589864652,"level":"debug","message":"Page request: GET (stylesheet) https://cdnjs.cloudflare.com/ajax/libs/metro/4.1.5/css/metro.min.css","meta":{"rootId":"wjji86fbatvdyh3","id":"e0ljfy86pn7zxxv"},"id":"s509zwhon9pohrp","previousOperationId":"wyzyoq49swkwzud"}
{"type":"log","timestamp":1705589864653,"level":"debug","message":"Page request finished: GET (document) 200 file:///C:/Users/DANIEL~1/AppData/Local/Temp/jsreport/autocleanup/3df6c9ff-eafe-4d3d-ae4b-ccc1f6085e33-chrome-pdf.html","meta":{"rootId":"wjji86fbatvdyh3","id":"e0ljfy86pn7zxxv"},"id":"gi40dpdxwdrohem","previousOperationId":"wyzyoq49swkwzud"}
{"type":"log","timestamp":1705589864678,"level":"debug","message":"Page request finished: GET (stylesheet) 200 https://cdnjs.cloudflare.com/ajax/libs/metro/4.1.5/css/metro.min.css","meta":{"rootId":"wjji86fbatvdyh3","id":"e0ljfy86pn7zxxv"},"id":"xsbiy1k07h393nc","previousOperationId":"wyzyoq49swkwzud"}
{"type":"log","timestamp":1705589864701,"level":"debug","message":"Running chrome with params {\"printBackground\":true,\"marginTop\":\"1.5cm\",\"marginRight\":\"1.5cm\",\"marginLeft\":\"1.cm\",\"timeout\":59423,\"margin\":{\"top\":\"1.5cm\",\"right\":\"1.5cm\",\"left\":\"1.cm\"}}","meta":{"rootId":"wjji86fbatvdyh3","id":"e0ljfy86pn7zxxv"},"id":"bj2b6d6rx9hefn8","previousOperationId":"wyzyoq49swkwzud"}
{"type":"operationEnd","operationId":"wyzyoq49swkwzud","timestamp":1705589864759,"id":"esy4ohp2co4pknb","previousEventId":"o7b2tv73jcl9vle","previousOperationId":"wyzyoq49swkwzud"}
{"type":"log","timestamp":1705589864759,"level":"debug","message":"Skipping storing report.","meta":{"rootId":"wjji86fbatvdyh3","id":"e0ljfy86pn7zxxv"},"id":"b9zwi2yxrmwzaxt","previousOperationId":"wyzyoq49swkwzud"}
{"type":"log","timestamp":1705589864759,"level":"info","message":"Rendering (child) request finished in 839 ms","meta":{"rootId":"wjji86fbatvdyh3","id":"e0ljfy86pn7zxxv"},"id":"wujawzqlqdbx6g4","previousOperationId":"wyzyoq49swkwzud"}
{"type":"operationEnd","subtype":"render","operationId":"5gi8qhg4ynvntej","timestamp":1705589864759,"id":"fnqq0qoi1gtt7sz","previousEventId":"esy4ohp2co4pknb","previousOperationId":"wyzyoq49swkwzud"}
{"type":"operationEnd","operationId":"f40set247gtzvgs","timestamp":1705589864780,"id":"esisik8nyo02pms","previousEventId":"rryp6adv1i67jyw","previousOperationId":"f40set247gtzvgs"}
{"type":"log","timestamp":1705589864780,"level":"debug","message":"pdf-utils postproces start","meta":{"rootId":"wjji86fbatvdyh3","id":"wjji86fbatvdyh3"},"id":"utoej98x9nl26m1","previousOperationId":"f40set247gtzvgs"}
{"type":"log","timestamp":1705589864795,"level":"debug","message":"pdf-utils postproces end","meta":{"rootId":"wjji86fbatvdyh3","id":"wjji86fbatvdyh3"},"id":"mqvyf4d5k5nbt86","previousOperationId":"f40set247gtzvgs"}
{"type":"operationEnd","operationId":"jvzwg70hfxl537q","timestamp":1705589864795,"id":"4taltzft1amcxqk","previousEventId":"esisik8nyo02pms","previousOperationId":"f40set247gtzvgs"}
{"type":"log","timestamp":1705589864795,"level":"info","message":"pdf-utils pdf processing was finished","meta":{"rootId":"wjji86fbatvdyh3","id":"wjji86fbatvdyh3"},"id":"tvt4cvpow5fm2y1","previousOperationId":"jvzwg70hfxl537q"}
{"type":"log","timestamp":1705589864795,"level":"debug","message":"Skipping storing report.","meta":{"rootId":"wjji86fbatvdyh3","id":"wjji86fbatvdyh3"},"id":"1eda2jz7fhee0l5","previousOperationId":"jvzwg70hfxl537q"}
{"type":"log","timestamp":1705589864795,"level":"info","message":"Rendering request 19 finished in 875 ms","meta":{"rootId":"wjji86fbatvdyh3","id":"wjji86fbatvdyh3"},"id":"wbbtand6dg4f4ts","previousOperationId":"jvzwg70hfxl537q"}
{"type":"operationEnd","subtype":"render","operationId":"2hebm4zumcia555","timestamp":1705589864795,"id":"9w4pivj6nmynr7v","previousEventId":"4taltzft1amcxqk","previousOperationId":"jvzwg70hfxl537q"}
{"type":"operationEnd","doDiffs":false,"previousEventId":"sshkat0tbf7je32","previousOperationId":"snurb22c0feyhm1","operationId":"snurb22c0feyhm1","timestamp":1705589864813,"id":"8hfclnq5hsfqzip"}
