{"type":"operationStart","subtype":"profile","data":{"_id":"86In6QDHel7ZlQbL","timestamp":"2024-01-18T15:39:06.913Z","state":"queued","mode":"standard","creationDate":"2024-01-18T15:39:06.915Z","modificationDate":"2024-01-18T15:39:06.915Z","shortid":"u6ANgLG","$entitySet":"profiles"},"doDiffs":false,"timestamp":1705592346914,"id":"28ld57k2pmob2ju","previousOperationId":null,"operationId":"2gl0on7tkfeth1k"}
{"type":"log","level":"info","message":"Render request 58 queued for execution and waiting for available worker","previousOperationId":"2gl0on7tkfeth1k","timestamp":1705592346914,"id":"9ypanmu3xxgiwe7"}
{"type":"operationStart","subtype":"render","name":"orders-main","previousOperationId":"2gl0on7tkfeth1k","timestamp":1705592346920,"id":"bgldbo9drlhcbc5","previousEventId":"28ld57k2pmob2ju","operationId":"2is2u1dquyyq0l1"}
{"type":"log","timestamp":1705592346920,"level":"info","message":"Starting rendering request 58","meta":{"rootId":"wseddr07ja77ev9","id":"wseddr07ja77ev9"},"id":"hrk4l0o8n1bc7yl","previousOperationId":"2is2u1dquyyq0l1"}
{"type":"log","timestamp":1705592346920,"level":"info","message":"Rendering template { name: orders-main, recipe: chrome-pdf, engine: handlebars, preview: true }","meta":{"rootId":"wseddr07ja77ev9","id":"wseddr07ja77ev9"},"id":"xunzp5okpuav8x5","previousOperationId":"2is2u1dquyyq0l1"}
{"type":"log","timestamp":1705592346921,"level":"debug","message":"Data item not defined for this template.","meta":{"rootId":"wseddr07ja77ev9","id":"wseddr07ja77ev9"},"id":"7mphn1oncis1xa5","previousOperationId":"2is2u1dquyyq0l1"}
{"type":"log","timestamp":1705592346922,"level":"debug","message":"Executing script orders-script (beforeRender)","meta":{"rootId":"wseddr07ja77ev9","id":"wseddr07ja77ev9"},"id":"vf77pl5ozknw4ts","previousOperationId":"2is2u1dquyyq0l1"}
{"type":"operationStart","subtype":"scriptsBeforeRender","name":"scripts beforeRender","timestamp":1705592346940,"id":"705ay34uz1xdz9j","previousEventId":"bgldbo9drlhcbc5","operationId":"7dc2f61nquw4iyg","previousOperationId":"2is2u1dquyyq0l1"}
{"type":"operationStart","subtype":"script","name":"scripts orders-script","previousOperationId":"7dc2f61nquw4iyg","timestamp":1705592346940,"id":"nnz9xjevbqh1puw","previousEventId":"705ay34uz1xdz9j","operationId":"3xmfc45un4niyc0"}
{"type":"log","timestamp":1705592346957,"level":"debug","message":"(console:log) [ 'Race1', 'Race2' ]","meta":{"userLevel":true,"rootId":"wseddr07ja77ev9","id":"wseddr07ja77ev9"},"id":"s689neic5f8po6d","previousOperationId":"3xmfc45un4niyc0"}
{"type":"log","timestamp":1705592346958,"level":"debug","message":"(console:log) [ 2, 1 ]","meta":{"userLevel":true,"rootId":"wseddr07ja77ev9","id":"wseddr07ja77ev9"},"id":"wer26eui75qjcmq","previousOperationId":"3xmfc45un4niyc0"}
{"type":"operationEnd","operationId":"3xmfc45un4niyc0","timestamp":1705592346958,"id":"zrle7ywcmjetzc4","previousEventId":"bgldbo9drlhcbc5","previousOperationId":"2is2u1dquyyq0l1"}
{"type":"operationEnd","operationId":"7dc2f61nquw4iyg","timestamp":1705592346958,"id":"ttex17qd280datr","previousEventId":"zrle7ywcmjetzc4","previousOperationId":"2is2u1dquyyq0l1"}
{"type":"log","timestamp":1705592346958,"level":"debug","message":"Base url not specified, skipping its injection.","meta":{"rootId":"wseddr07ja77ev9","id":"wseddr07ja77ev9"},"id":"0sf29ugsf9krsyd","previousOperationId":"7dc2f61nquw4iyg"}
{"type":"operationStart","subtype":"engine","name":"handlebars","timestamp":1705592346958,"id":"1hagzklad9919tu","previousEventId":"ttex17qd280datr","operationId":"273b8hs29o5anu1","previousOperationId":"7dc2f61nquw4iyg"}
{"type":"log","timestamp":1705592346958,"level":"debug","message":"Rendering engine handlebars","meta":{"rootId":"wseddr07ja77ev9","id":"wseddr07ja77ev9"},"id":"7t859ra1uvd162a","previousOperationId":"273b8hs29o5anu1"}
{"type":"log","timestamp":1705592346970,"level":"debug","message":"(console:log) Pdf utils adding group field, value: \"Race1\"","meta":{"userLevel":true,"rootId":"wseddr07ja77ev9","id":"wseddr07ja77ev9"},"id":"ag8i0uhxgmyoexn","previousOperationId":"273b8hs29o5anu1"}
{"type":"log","timestamp":1705592346970,"level":"debug","message":"(console:log) Pdf utils adding group field, value: \"Race2\"","meta":{"userLevel":true,"rootId":"wseddr07ja77ev9","id":"wseddr07ja77ev9"},"id":"coau51zk6nuctta","previousOperationId":"273b8hs29o5anu1"}
{"type":"operationEnd","operationId":"273b8hs29o5anu1","timestamp":1705592346970,"id":"jnod3b5lfggzdj1","previousEventId":"1hagzklad9919tu","previousOperationId":"273b8hs29o5anu1"}
{"type":"operationStart","subtype":"recipe","name":"chrome-pdf","timestamp":1705592346971,"id":"pz6xre0bufiazdp","previousEventId":"jnod3b5lfggzdj1","operationId":"i1u1nqh52wyzvi5","previousOperationId":"273b8hs29o5anu1"}
{"type":"log","timestamp":1705592346971,"level":"debug","message":"Executing recipe chrome-pdf","meta":{"rootId":"wseddr07ja77ev9","id":"wseddr07ja77ev9"},"id":"7t4l5h7j4ds8y7l","previousOperationId":"i1u1nqh52wyzvi5"}
{"type":"log","timestamp":1705592346973,"level":"debug","message":"Converting with chrome HeadlessChrome/117.0.5938.149 using chrome-pool strategy","meta":{"rootId":"wseddr07ja77ev9","id":"wseddr07ja77ev9"},"id":"hw60f4iy2174f98","previousOperationId":"i1u1nqh52wyzvi5"}
{"type":"log","timestamp":1705592347052,"level":"debug","message":"Page request: GET (document) file:///C:/Users/DANIEL~1/AppData/Local/Temp/jsreport/autocleanup/54deafab-c2c4-45e0-942f-9243fa341d3a-chrome-pdf.html","meta":{"rootId":"wseddr07ja77ev9","id":"wseddr07ja77ev9"},"id":"cbj0cuezddmue1m","previousOperationId":"i1u1nqh52wyzvi5"}
{"type":"log","timestamp":1705592347070,"level":"debug","message":"Page request: GET (stylesheet) https://cdnjs.cloudflare.com/ajax/libs/metro/4.1.5/css/metro.min.css","meta":{"rootId":"wseddr07ja77ev9","id":"wseddr07ja77ev9"},"id":"8f9bw2ewa27n9zl","previousOperationId":"i1u1nqh52wyzvi5"}
{"type":"log","timestamp":1705592347070,"level":"debug","message":"Page request: GET (script) https://cdnjs.cloudflare.com/ajax/libs/Chart.js/2.9.4/Chart.js","meta":{"rootId":"wseddr07ja77ev9","id":"wseddr07ja77ev9"},"id":"4i794p3a42ur9yw","previousOperationId":"i1u1nqh52wyzvi5"}
{"type":"log","timestamp":1705592347070,"level":"debug","message":"Page request finished: GET (document) 200 file:///C:/Users/DANIEL~1/AppData/Local/Temp/jsreport/autocleanup/54deafab-c2c4-45e0-942f-9243fa341d3a-chrome-pdf.html","meta":{"rootId":"wseddr07ja77ev9","id":"wseddr07ja77ev9"},"id":"868rt9620c89tqx","previousOperationId":"i1u1nqh52wyzvi5"}
{"type":"log","timestamp":1705592347084,"level":"debug","message":"Page request finished: GET (stylesheet) 200 https://cdnjs.cloudflare.com/ajax/libs/metro/4.1.5/css/metro.min.css","meta":{"rootId":"wseddr07ja77ev9","id":"wseddr07ja77ev9"},"id":"1j3txoyofzaznvb","previousOperationId":"i1u1nqh52wyzvi5"}
{"type":"log","timestamp":1705592347084,"level":"debug","message":"Page request finished: GET (script) 200 https://cdnjs.cloudflare.com/ajax/libs/Chart.js/2.9.4/Chart.js","meta":{"rootId":"wseddr07ja77ev9","id":"wseddr07ja77ev9"},"id":"5ue6dtxjuy18vy1","previousOperationId":"i1u1nqh52wyzvi5"}
{"type":"log","timestamp":1705592347090,"level":"warn","message":"Page error: Missing initializer in const declaration , stack: SyntaxError: Missing initializer in const declaration","meta":{"rootId":"wseddr07ja77ev9","id":"wseddr07ja77ev9"},"id":"d08mj1x7u02w2lj","previousOperationId":"i1u1nqh52wyzvi5"}
{"type":"log","timestamp":1705592347113,"level":"debug","message":"Running chrome with params {\"printBackground\":true,\"marginTop\":\"4cm\",\"marginRight\":\"1.5cm\",\"marginBottom\":\"1.5cm\",\"marginLeft\":\"1.5cm\",\"waitForJS\":false,\"timeout\":59941,\"margin\":{\"top\":\"4cm\",\"right\":\"1.5cm\",\"bottom\":\"1.5cm\",\"left\":\"1.5cm\"}}","meta":{"rootId":"wseddr07ja77ev9","id":"wseddr07ja77ev9"},"id":"vo9dlea3wua11qh","previousOperationId":"i1u1nqh52wyzvi5"}
{"type":"operationEnd","operationId":"i1u1nqh52wyzvi5","timestamp":1705592347173,"id":"06cljxnlt33g63t","previousEventId":"pz6xre0bufiazdp","previousOperationId":"i1u1nqh52wyzvi5"}
{"type":"log","timestamp":1705592347173,"level":"info","message":"pdf-utils is starting pdf processing","meta":{"rootId":"wseddr07ja77ev9","id":"wseddr07ja77ev9"},"id":"smbpmkjzen3r8b0","previousOperationId":"i1u1nqh52wyzvi5"}
{"type":"operationStart","subtype":"pdfUtils","name":"pdf utils","timestamp":1705592347174,"id":"ybm5mk46nu0aoim","previousEventId":"06cljxnlt33g63t","operationId":"j578tt28pyvocws","previousOperationId":"i1u1nqh52wyzvi5"}
{"type":"log","timestamp":1705592347174,"level":"debug","message":"pdf-utils detected 1 pdf operation(s) to process","meta":{"rootId":"wseddr07ja77ev9","id":"wseddr07ja77ev9"},"id":"9w5u1omyehryfnh","previousOperationId":"j578tt28pyvocws"}
{"type":"log","timestamp":1705592347199,"level":"debug","message":"pdf-utils running pdf operation merge","meta":{"rootId":"wseddr07ja77ev9","id":"wseddr07ja77ev9"},"id":"gncq4n48v7o12q5","previousOperationId":"j578tt28pyvocws"}
{"type":"operationStart","subtype":"pdfUtilsMerge","name":"pdf utils merge","previousOperationId":"j578tt28pyvocws","timestamp":1705592347199,"id":"mnmygx6jv4r4s7y","previousEventId":"ybm5mk46nu0aoim","operationId":"yomkqbrisahqp5h"}
{"type":"operationStart","subtype":"render","name":"orders-header","previousOperationId":"yomkqbrisahqp5h","timestamp":1705592347201,"id":"wplgffwasscu7ga","previousEventId":"mnmygx6jv4r4s7y","operationId":"xouzpmipum0g8rm"}
{"type":"log","timestamp":1705592347201,"level":"info","message":"Starting rendering (child) request","meta":{"rootId":"wseddr07ja77ev9","id":"ctpxjdclywfpbz2"},"id":"4uwl7jojmw1vzoi","previousOperationId":"xouzpmipum0g8rm"}
{"type":"log","timestamp":1705592347201,"level":"info","message":"Rendering template { name: orders-header, recipe: chrome-pdf, engine: handlebars, preview: true }","meta":{"rootId":"wseddr07ja77ev9","id":"ctpxjdclywfpbz2"},"id":"3iv0ixv1xsq9ea9","previousOperationId":"xouzpmipum0g8rm"}
{"type":"log","timestamp":1705592347207,"level":"debug","message":"Inline data specified.","meta":{"rootId":"wseddr07ja77ev9","id":"ctpxjdclywfpbz2"},"id":"udi7xxp7ql0nq6k","previousOperationId":"xouzpmipum0g8rm"}
{"type":"log","timestamp":1705592347208,"level":"debug","message":"Base url not specified, skipping its injection.","meta":{"rootId":"wseddr07ja77ev9","id":"ctpxjdclywfpbz2"},"id":"2yzpz8kg2ee8xpr","previousOperationId":"xouzpmipum0g8rm"}
{"type":"operationStart","subtype":"engine","name":"handlebars","timestamp":1705592347208,"id":"29pc608t90ftovy","previousEventId":"wplgffwasscu7ga","operationId":"nmgu1b9f2xjnp8j","previousOperationId":"xouzpmipum0g8rm"}
{"type":"log","timestamp":1705592347208,"level":"debug","message":"Rendering engine handlebars","meta":{"rootId":"wseddr07ja77ev9","id":"ctpxjdclywfpbz2"},"id":"deha0d1i4g5jwar","previousOperationId":"nmgu1b9f2xjnp8j"}
{"type":"operationEnd","operationId":"nmgu1b9f2xjnp8j","timestamp":1705592347219,"id":"aldqgo38dbnguoi","previousEventId":"29pc608t90ftovy","previousOperationId":"nmgu1b9f2xjnp8j"}
{"type":"operationStart","subtype":"recipe","name":"chrome-pdf","timestamp":1705592347219,"id":"3wxugr4cb5d6v2o","previousEventId":"aldqgo38dbnguoi","operationId":"r1o2i1w2ezq5cpf","previousOperationId":"nmgu1b9f2xjnp8j"}
{"type":"log","timestamp":1705592347219,"level":"debug","message":"Executing recipe chrome-pdf","meta":{"rootId":"wseddr07ja77ev9","id":"ctpxjdclywfpbz2"},"id":"bytj9o770jmbf5m","previousOperationId":"r1o2i1w2ezq5cpf"}
{"type":"log","timestamp":1705592347220,"level":"debug","message":"Converting with chrome HeadlessChrome/117.0.5938.149 using chrome-pool strategy","meta":{"rootId":"wseddr07ja77ev9","id":"ctpxjdclywfpbz2"},"id":"1g5btt5c88ti6tv","previousOperationId":"r1o2i1w2ezq5cpf"}
{"type":"log","timestamp":1705592347288,"level":"debug","message":"Page request: GET (document) file:///C:/Users/DANIEL~1/AppData/Local/Temp/jsreport/autocleanup/aad9660e-1a5d-458b-8dee-2f28f812f6bd-chrome-pdf.html","meta":{"rootId":"wseddr07ja77ev9","id":"ctpxjdclywfpbz2"},"id":"058tknqcurguvbp","previousOperationId":"r1o2i1w2ezq5cpf"}
{"type":"log","timestamp":1705592347295,"level":"debug","message":"Page request: GET (stylesheet) https://cdnjs.cloudflare.com/ajax/libs/metro/4.1.5/css/metro.min.css","meta":{"rootId":"wseddr07ja77ev9","id":"ctpxjdclywfpbz2"},"id":"bygtthq6dr8my9s","previousOperationId":"r1o2i1w2ezq5cpf"}
{"type":"log","timestamp":1705592347295,"level":"debug","message":"Page request finished: GET (document) 200 file:///C:/Users/DANIEL~1/AppData/Local/Temp/jsreport/autocleanup/aad9660e-1a5d-458b-8dee-2f28f812f6bd-chrome-pdf.html","meta":{"rootId":"wseddr07ja77ev9","id":"ctpxjdclywfpbz2"},"id":"ms6q0ikyww3fkql","previousOperationId":"r1o2i1w2ezq5cpf"}
{"type":"log","timestamp":1705592347306,"level":"debug","message":"Page request finished: GET (stylesheet) 200 https://cdnjs.cloudflare.com/ajax/libs/metro/4.1.5/css/metro.min.css","meta":{"rootId":"wseddr07ja77ev9","id":"ctpxjdclywfpbz2"},"id":"6782mta07t44u6t","previousOperationId":"r1o2i1w2ezq5cpf"}
{"type":"log","timestamp":1705592347320,"level":"debug","message":"Running chrome with params {\"printBackground\":true,\"marginTop\":\"1.5cm\",\"marginRight\":\"1.5cm\",\"marginLeft\":\"1.cm\",\"timeout\":59693,\"margin\":{\"top\":\"1.5cm\",\"right\":\"1.5cm\",\"left\":\"1.cm\"}}","meta":{"rootId":"wseddr07ja77ev9","id":"ctpxjdclywfpbz2"},"id":"zfytv605vpuooa9","previousOperationId":"r1o2i1w2ezq5cpf"}
{"type":"operationEnd","operationId":"r1o2i1w2ezq5cpf","timestamp":1705592347349,"id":"1uq7k07hgqbtmy4","previousEventId":"3wxugr4cb5d6v2o","previousOperationId":"r1o2i1w2ezq5cpf"}
{"type":"log","timestamp":1705592347350,"level":"debug","message":"Skipping storing report.","meta":{"rootId":"wseddr07ja77ev9","id":"ctpxjdclywfpbz2"},"id":"fpoh4j798vrxa6d","previousOperationId":"r1o2i1w2ezq5cpf"}
{"type":"log","timestamp":1705592347350,"level":"info","message":"Rendering (child) request finished in 437 ms","meta":{"rootId":"wseddr07ja77ev9","id":"ctpxjdclywfpbz2"},"id":"3rqapduu7nv8fbw","previousOperationId":"r1o2i1w2ezq5cpf"}
{"type":"operationEnd","subtype":"render","operationId":"xouzpmipum0g8rm","timestamp":1705592347350,"id":"06d44guh3tw0j2u","previousEventId":"1uq7k07hgqbtmy4","previousOperationId":"r1o2i1w2ezq5cpf"}
{"type":"operationEnd","operationId":"yomkqbrisahqp5h","timestamp":1705592347361,"id":"zmzulq5eqm4anpx","previousEventId":"mnmygx6jv4r4s7y","previousOperationId":"yomkqbrisahqp5h"}
{"type":"log","timestamp":1705592347361,"level":"debug","message":"pdf-utils postproces start","meta":{"rootId":"wseddr07ja77ev9","id":"wseddr07ja77ev9"},"id":"9f39r9g489m1i7i","previousOperationId":"yomkqbrisahqp5h"}
{"type":"log","timestamp":1705592347369,"level":"debug","message":"pdf-utils postproces end","meta":{"rootId":"wseddr07ja77ev9","id":"wseddr07ja77ev9"},"id":"vu27y1kwi7ixik0","previousOperationId":"yomkqbrisahqp5h"}
{"type":"operationEnd","operationId":"j578tt28pyvocws","timestamp":1705592347369,"id":"9db8ub5fbhrh5d1","previousEventId":"zmzulq5eqm4anpx","previousOperationId":"yomkqbrisahqp5h"}
{"type":"log","timestamp":1705592347369,"level":"info","message":"pdf-utils pdf processing was finished","meta":{"rootId":"wseddr07ja77ev9","id":"wseddr07ja77ev9"},"id":"zp27pbjzd5zyvdv","previousOperationId":"j578tt28pyvocws"}
{"type":"log","timestamp":1705592347369,"level":"debug","message":"Skipping storing report.","meta":{"rootId":"wseddr07ja77ev9","id":"wseddr07ja77ev9"},"id":"rap92gzfrfh9eq0","previousOperationId":"j578tt28pyvocws"}
{"type":"log","timestamp":1705592347369,"level":"info","message":"Rendering request 58 finished in 456 ms","meta":{"rootId":"wseddr07ja77ev9","id":"wseddr07ja77ev9"},"id":"btcu5vnn5bbudnk","previousOperationId":"j578tt28pyvocws"}
{"type":"operationEnd","subtype":"render","operationId":"2is2u1dquyyq0l1","timestamp":1705592347369,"id":"58utlsiha5t2usu","previousEventId":"9db8ub5fbhrh5d1","previousOperationId":"j578tt28pyvocws"}
{"type":"operationEnd","doDiffs":false,"previousEventId":"28ld57k2pmob2ju","previousOperationId":"2gl0on7tkfeth1k","operationId":"2gl0on7tkfeth1k","timestamp":1705592347374,"id":"2dsn2n95mj36u9l"}
