{"type":"operationStart","subtype":"profile","data":{"_id":"LwQwXtvhcYktJ2wy","timestamp":"2024-01-17T16:29:01.552Z","state":"queued","mode":"standard","creationDate":"2024-01-17T16:29:01.554Z","modificationDate":"2024-01-17T16:29:01.554Z","shortid":"u99G-zd","$entitySet":"profiles"},"doDiffs":false,"timestamp":1705508941553,"id":"gog8t4gqc96alyf","previousOperationId":null,"operationId":"guorm0tg1u9l113"}
{"type":"log","level":"info","message":"Render request 39 queued for execution and waiting for available worker","previousOperationId":"guorm0tg1u9l113","timestamp":1705508941553,"id":"2xdzdktvhnk6nsh"}
{"type":"operationStart","subtype":"render","name":"orders-main","previousOperationId":"guorm0tg1u9l113","timestamp":1705508941558,"id":"npqgm1t7vjngios","previousEventId":"gog8t4gqc96alyf","operationId":"cwwn5050qvxfbe5"}
{"type":"log","timestamp":1705508941558,"level":"info","message":"Starting rendering request 39","meta":{"rootId":"x0xkmx440kjdbe4","id":"x0xkmx440kjdbe4"},"id":"p5t23bajj0aoogk","previousOperationId":"cwwn5050qvxfbe5"}
{"type":"log","timestamp":1705508941558,"level":"info","message":"Rendering template { name: orders-main, recipe: chrome-pdf, engine: handlebars, preview: true }","meta":{"rootId":"x0xkmx440kjdbe4","id":"x0xkmx440kjdbe4"},"id":"h74slu2uvbutsb0","previousOperationId":"cwwn5050qvxfbe5"}
{"type":"log","timestamp":1705508941559,"level":"debug","message":"Data item not defined for this template.","meta":{"rootId":"x0xkmx440kjdbe4","id":"x0xkmx440kjdbe4"},"id":"5q4h5y83bgi6nlh","previousOperationId":"cwwn5050qvxfbe5"}
{"type":"log","timestamp":1705508941560,"level":"debug","message":"Executing script orders-script (beforeRender)","meta":{"rootId":"x0xkmx440kjdbe4","id":"x0xkmx440kjdbe4"},"id":"mkbnuggqbd5pab6","previousOperationId":"cwwn5050qvxfbe5"}
{"type":"operationStart","subtype":"scriptsBeforeRender","name":"scripts beforeRender","timestamp":1705508941573,"id":"tpha9ntxv7zo2oo","previousEventId":"npqgm1t7vjngios","operationId":"n2nzcb3e5c9uv10","previousOperationId":"cwwn5050qvxfbe5"}
{"type":"operationStart","subtype":"script","name":"scripts orders-script","previousOperationId":"n2nzcb3e5c9uv10","timestamp":1705508941573,"id":"orou9ll5jmd9yfd","previousEventId":"tpha9ntxv7zo2oo","operationId":"eyfyw48z6bxcd7l"}
{"type":"operationEnd","operationId":"eyfyw48z6bxcd7l","timestamp":1705508941585,"id":"87pfpgvjuwkl3wb","previousEventId":"npqgm1t7vjngios","previousOperationId":"cwwn5050qvxfbe5"}
{"type":"operationEnd","operationId":"n2nzcb3e5c9uv10","timestamp":1705508941585,"id":"dy7aox0xmyu22ck","previousEventId":"87pfpgvjuwkl3wb","previousOperationId":"cwwn5050qvxfbe5"}
{"type":"log","timestamp":1705508941585,"level":"debug","message":"Base url not specified, skipping its injection.","meta":{"rootId":"x0xkmx440kjdbe4","id":"x0xkmx440kjdbe4"},"id":"4k3i3i4lipnm81x","previousOperationId":"n2nzcb3e5c9uv10"}
{"type":"operationStart","subtype":"engine","name":"handlebars","timestamp":1705508941585,"id":"xr3llkk713f6xzs","previousEventId":"dy7aox0xmyu22ck","operationId":"oq7j13da7w419hq","previousOperationId":"n2nzcb3e5c9uv10"}
{"type":"log","timestamp":1705508941585,"level":"debug","message":"Rendering engine handlebars","meta":{"rootId":"x0xkmx440kjdbe4","id":"x0xkmx440kjdbe4"},"id":"aznfrrx39ck23yn","previousOperationId":"oq7j13da7w419hq"}
{"type":"log","timestamp":1705508941600,"level":"debug","message":"(console:log) Pdf utils adding group field, value: \"Race1\"","meta":{"userLevel":true,"rootId":"x0xkmx440kjdbe4","id":"x0xkmx440kjdbe4"},"id":"pingl1kaw8yd0ds","previousOperationId":"oq7j13da7w419hq"}
{"type":"log","timestamp":1705508941601,"level":"debug","message":"(console:log) Pdf utils adding group field, value: \"Race2\"","meta":{"userLevel":true,"rootId":"x0xkmx440kjdbe4","id":"x0xkmx440kjdbe4"},"id":"6gstxwwz5l3ak4c","previousOperationId":"oq7j13da7w419hq"}
{"type":"operationEnd","operationId":"oq7j13da7w419hq","timestamp":1705508941601,"id":"e50ddn75tvz5ptj","previousEventId":"xr3llkk713f6xzs","previousOperationId":"oq7j13da7w419hq"}
{"type":"operationStart","subtype":"recipe","name":"chrome-pdf","timestamp":1705508941601,"id":"hzqjxiv1kranj42","previousEventId":"e50ddn75tvz5ptj","operationId":"itjrrjp9dzg6vnc","previousOperationId":"oq7j13da7w419hq"}
{"type":"log","timestamp":1705508941601,"level":"debug","message":"Executing recipe chrome-pdf","meta":{"rootId":"x0xkmx440kjdbe4","id":"x0xkmx440kjdbe4"},"id":"gfcv3uc6wk14dop","previousOperationId":"itjrrjp9dzg6vnc"}
{"type":"log","timestamp":1705508941604,"level":"debug","message":"Converting with chrome HeadlessChrome/117.0.5938.149 using chrome-pool strategy","meta":{"rootId":"x0xkmx440kjdbe4","id":"x0xkmx440kjdbe4"},"id":"kb6bwh46nxex19k","previousOperationId":"itjrrjp9dzg6vnc"}
{"type":"log","timestamp":1705508941666,"level":"debug","message":"Page request: GET (document) file:///C:/Users/DANIEL~1/AppData/Local/Temp/jsreport/autocleanup/eedc28de-4a68-4019-b679-560da6e77354-chrome-pdf.html","meta":{"rootId":"x0xkmx440kjdbe4","id":"x0xkmx440kjdbe4"},"id":"dvvgpdqlxv2u7gj","previousOperationId":"itjrrjp9dzg6vnc"}
{"type":"log","timestamp":1705508941680,"level":"debug","message":"Page request: GET (stylesheet) https://cdnjs.cloudflare.com/ajax/libs/metro/4.1.5/css/metro.min.css","meta":{"rootId":"x0xkmx440kjdbe4","id":"x0xkmx440kjdbe4"},"id":"9rv57ipnln1ndyu","previousOperationId":"itjrrjp9dzg6vnc"}
{"type":"log","timestamp":1705508941680,"level":"debug","message":"Page request: GET (script) https://cdnjs.cloudflare.com/ajax/libs/Chart.js/2.7.2/Chart.min.js","meta":{"rootId":"x0xkmx440kjdbe4","id":"x0xkmx440kjdbe4"},"id":"3z0sn1r6aaqt8ey","previousOperationId":"itjrrjp9dzg6vnc"}
{"type":"log","timestamp":1705508941680,"level":"debug","message":"Page request finished: GET (document) 200 file:///C:/Users/DANIEL~1/AppData/Local/Temp/jsreport/autocleanup/eedc28de-4a68-4019-b679-560da6e77354-chrome-pdf.html","meta":{"rootId":"x0xkmx440kjdbe4","id":"x0xkmx440kjdbe4"},"id":"4grojmfyth6xqv1","previousOperationId":"itjrrjp9dzg6vnc"}
{"type":"log","timestamp":1705508941684,"level":"debug","message":"Page request finished: GET (script) 200 https://cdnjs.cloudflare.com/ajax/libs/Chart.js/2.7.2/Chart.min.js","meta":{"rootId":"x0xkmx440kjdbe4","id":"x0xkmx440kjdbe4"},"id":"0gga4d6dwnzf9b9","previousOperationId":"itjrrjp9dzg6vnc"}
{"type":"log","timestamp":1705508941693,"level":"debug","message":"Page request finished: GET (stylesheet) 200 https://cdnjs.cloudflare.com/ajax/libs/metro/4.1.5/css/metro.min.css","meta":{"rootId":"x0xkmx440kjdbe4","id":"x0xkmx440kjdbe4"},"id":"ev1rocpd1qnlhep","previousOperationId":"itjrrjp9dzg6vnc"}
{"type":"log","timestamp":1705508941714,"level":"debug","message":"Running chrome with params {\"printBackground\":true,\"marginTop\":\"4cm\",\"marginRight\":\"1.5cm\",\"marginBottom\":\"1.5cm\",\"marginLeft\":\"1.5cm\",\"waitForJS\":false,\"timeout\":59949,\"margin\":{\"top\":\"4cm\",\"right\":\"1.5cm\",\"bottom\":\"1.5cm\",\"left\":\"1.5cm\"}}","meta":{"rootId":"x0xkmx440kjdbe4","id":"x0xkmx440kjdbe4"},"id":"0vfsicimp1eh8hf","previousOperationId":"itjrrjp9dzg6vnc"}
{"type":"operationEnd","operationId":"itjrrjp9dzg6vnc","timestamp":1705508941766,"id":"mizxvdv5s6m3gwd","previousEventId":"hzqjxiv1kranj42","previousOperationId":"itjrrjp9dzg6vnc"}
{"type":"log","timestamp":1705508941766,"level":"info","message":"pdf-utils is starting pdf processing","meta":{"rootId":"x0xkmx440kjdbe4","id":"x0xkmx440kjdbe4"},"id":"504zukhgybqn8w6","previousOperationId":"itjrrjp9dzg6vnc"}
{"type":"operationStart","subtype":"pdfUtils","name":"pdf utils","timestamp":1705508941766,"id":"9zrnl2zqm4yymuk","previousEventId":"mizxvdv5s6m3gwd","operationId":"ezie3i2qt22wlwv","previousOperationId":"itjrrjp9dzg6vnc"}
{"type":"log","timestamp":1705508941766,"level":"debug","message":"pdf-utils detected 1 pdf operation(s) to process","meta":{"rootId":"x0xkmx440kjdbe4","id":"x0xkmx440kjdbe4"},"id":"xfkiwm2kjskh45o","previousOperationId":"ezie3i2qt22wlwv"}
{"type":"log","timestamp":1705508941779,"level":"debug","message":"pdf-utils running pdf operation merge","meta":{"rootId":"x0xkmx440kjdbe4","id":"x0xkmx440kjdbe4"},"id":"0tm75ml11u2ssrz","previousOperationId":"ezie3i2qt22wlwv"}
{"type":"operationStart","subtype":"pdfUtilsMerge","name":"pdf utils merge","previousOperationId":"ezie3i2qt22wlwv","timestamp":1705508941779,"id":"n7cijxf2g96ddch","previousEventId":"9zrnl2zqm4yymuk","operationId":"c6yyiepwntkddc6"}
{"type":"operationStart","subtype":"render","name":"orders-header","previousOperationId":"c6yyiepwntkddc6","timestamp":1705508941780,"id":"noj9ukyklwt9j88","previousEventId":"n7cijxf2g96ddch","operationId":"agfk73u7snjn774"}
{"type":"log","timestamp":1705508941780,"level":"info","message":"Starting rendering (child) request","meta":{"rootId":"x0xkmx440kjdbe4","id":"dqplq1mi5qhz0pe"},"id":"ynaqyol8to12ke7","previousOperationId":"agfk73u7snjn774"}
{"type":"log","timestamp":1705508941780,"level":"info","message":"Rendering template { name: orders-header, recipe: chrome-pdf, engine: handlebars, preview: true }","meta":{"rootId":"x0xkmx440kjdbe4","id":"dqplq1mi5qhz0pe"},"id":"7198mo0tsy3qgwq","previousOperationId":"agfk73u7snjn774"}
{"type":"log","timestamp":1705508941780,"level":"debug","message":"Inline data specified.","meta":{"rootId":"x0xkmx440kjdbe4","id":"dqplq1mi5qhz0pe"},"id":"k0cy8regmu1zcjp","previousOperationId":"agfk73u7snjn774"}
{"type":"log","timestamp":1705508941781,"level":"debug","message":"Base url not specified, skipping its injection.","meta":{"rootId":"x0xkmx440kjdbe4","id":"dqplq1mi5qhz0pe"},"id":"2clg63ipoeej7go","previousOperationId":"agfk73u7snjn774"}
{"type":"operationStart","subtype":"engine","name":"handlebars","timestamp":1705508941781,"id":"5ue4j0u7uk0qcea","previousEventId":"noj9ukyklwt9j88","operationId":"0y57m88i66hlx8u","previousOperationId":"agfk73u7snjn774"}
{"type":"log","timestamp":1705508941782,"level":"debug","message":"Rendering engine handlebars","meta":{"rootId":"x0xkmx440kjdbe4","id":"dqplq1mi5qhz0pe"},"id":"n6lhyofbc9mfs1b","previousOperationId":"0y57m88i66hlx8u"}
{"type":"operationEnd","operationId":"0y57m88i66hlx8u","timestamp":1705508941794,"id":"iznf8g9ngu9l9b0","previousEventId":"5ue4j0u7uk0qcea","previousOperationId":"0y57m88i66hlx8u"}
{"type":"operationStart","subtype":"recipe","name":"chrome-pdf","timestamp":1705508941794,"id":"q0ct8ls4nw8vy8n","previousEventId":"iznf8g9ngu9l9b0","operationId":"6czjroem4h8cqib","previousOperationId":"0y57m88i66hlx8u"}
{"type":"log","timestamp":1705508941794,"level":"debug","message":"Executing recipe chrome-pdf","meta":{"rootId":"x0xkmx440kjdbe4","id":"dqplq1mi5qhz0pe"},"id":"pimmqtxl7r8hc7f","previousOperationId":"6czjroem4h8cqib"}
{"type":"log","timestamp":1705508941796,"level":"debug","message":"Converting with chrome HeadlessChrome/117.0.5938.149 using chrome-pool strategy","meta":{"rootId":"x0xkmx440kjdbe4","id":"dqplq1mi5qhz0pe"},"id":"p5bu3akzrn5evcm","previousOperationId":"6czjroem4h8cqib"}
{"type":"log","timestamp":1705508941860,"level":"debug","message":"Page request: GET (document) file:///C:/Users/DANIEL~1/AppData/Local/Temp/jsreport/autocleanup/f41420c9-ab58-4229-8245-d2440765fffb-chrome-pdf.html","meta":{"rootId":"x0xkmx440kjdbe4","id":"dqplq1mi5qhz0pe"},"id":"c71wj2iwjlbuwl4","previousOperationId":"6czjroem4h8cqib"}
{"type":"log","timestamp":1705508941867,"level":"debug","message":"Page request: GET (stylesheet) https://cdnjs.cloudflare.com/ajax/libs/metro/4.1.5/css/metro.min.css","meta":{"rootId":"x0xkmx440kjdbe4","id":"dqplq1mi5qhz0pe"},"id":"zsk1qwfps0eww3d","previousOperationId":"6czjroem4h8cqib"}
{"type":"log","timestamp":1705508941868,"level":"debug","message":"Page request finished: GET (document) 200 file:///C:/Users/DANIEL~1/AppData/Local/Temp/jsreport/autocleanup/f41420c9-ab58-4229-8245-d2440765fffb-chrome-pdf.html","meta":{"rootId":"x0xkmx440kjdbe4","id":"dqplq1mi5qhz0pe"},"id":"4mookkhgx60c9ut","previousOperationId":"6czjroem4h8cqib"}
{"type":"log","timestamp":1705508941879,"level":"debug","message":"Page request finished: GET (stylesheet) 200 https://cdnjs.cloudflare.com/ajax/libs/metro/4.1.5/css/metro.min.css","meta":{"rootId":"x0xkmx440kjdbe4","id":"dqplq1mi5qhz0pe"},"id":"hhh3hwpt1jvblgl","previousOperationId":"6czjroem4h8cqib"}
{"type":"log","timestamp":1705508941892,"level":"debug","message":"Running chrome with params {\"printBackground\":true,\"marginTop\":\"1.5cm\",\"marginRight\":\"1.5cm\",\"marginLeft\":\"1.cm\",\"timeout\":59757,\"margin\":{\"top\":\"1.5cm\",\"right\":\"1.5cm\",\"left\":\"1.cm\"}}","meta":{"rootId":"x0xkmx440kjdbe4","id":"dqplq1mi5qhz0pe"},"id":"8io2znre8gd1slk","previousOperationId":"6czjroem4h8cqib"}
{"type":"operationEnd","operationId":"6czjroem4h8cqib","timestamp":1705508941919,"id":"d8hcx9wqp1xgcbn","previousEventId":"q0ct8ls4nw8vy8n","previousOperationId":"6czjroem4h8cqib"}
{"type":"log","timestamp":1705508941919,"level":"debug","message":"Skipping storing report.","meta":{"rootId":"x0xkmx440kjdbe4","id":"dqplq1mi5qhz0pe"},"id":"ma96ns1bsvv6xjb","previousOperationId":"6czjroem4h8cqib"}
{"type":"log","timestamp":1705508941919,"level":"info","message":"Rendering (child) request finished in 367 ms","meta":{"rootId":"x0xkmx440kjdbe4","id":"dqplq1mi5qhz0pe"},"id":"8dk2md6jzs5xu3m","previousOperationId":"6czjroem4h8cqib"}
{"type":"operationEnd","subtype":"render","operationId":"agfk73u7snjn774","timestamp":1705508941919,"id":"er2gpp7pbqmkyqr","previousEventId":"d8hcx9wqp1xgcbn","previousOperationId":"6czjroem4h8cqib"}
{"type":"operationEnd","operationId":"c6yyiepwntkddc6","timestamp":1705508941926,"id":"xeqj4sy5t6oz0iq","previousEventId":"n7cijxf2g96ddch","previousOperationId":"c6yyiepwntkddc6"}
{"type":"log","timestamp":1705508941926,"level":"debug","message":"pdf-utils postproces start","meta":{"rootId":"x0xkmx440kjdbe4","id":"x0xkmx440kjdbe4"},"id":"pkhvtkocect8kj4","previousOperationId":"c6yyiepwntkddc6"}
{"type":"log","timestamp":1705508941932,"level":"debug","message":"pdf-utils postproces end","meta":{"rootId":"x0xkmx440kjdbe4","id":"x0xkmx440kjdbe4"},"id":"8yd0bz8tixwuwtg","previousOperationId":"c6yyiepwntkddc6"}
{"type":"operationEnd","operationId":"ezie3i2qt22wlwv","timestamp":1705508941932,"id":"iy5fdwuqhrkj72r","previousEventId":"xeqj4sy5t6oz0iq","previousOperationId":"c6yyiepwntkddc6"}
{"type":"log","timestamp":1705508941932,"level":"info","message":"pdf-utils pdf processing was finished","meta":{"rootId":"x0xkmx440kjdbe4","id":"x0xkmx440kjdbe4"},"id":"m464nifhtrkjk7j","previousOperationId":"ezie3i2qt22wlwv"}
{"type":"log","timestamp":1705508941932,"level":"debug","message":"Skipping storing report.","meta":{"rootId":"x0xkmx440kjdbe4","id":"x0xkmx440kjdbe4"},"id":"akq50smj0503e5a","previousOperationId":"ezie3i2qt22wlwv"}
{"type":"log","timestamp":1705508941932,"level":"info","message":"Rendering request 39 finished in 380 ms","meta":{"rootId":"x0xkmx440kjdbe4","id":"x0xkmx440kjdbe4"},"id":"fjkn63za1h37m96","previousOperationId":"ezie3i2qt22wlwv"}
{"type":"operationEnd","subtype":"render","operationId":"cwwn5050qvxfbe5","timestamp":1705508941932,"id":"mgw4n7fivhdadfe","previousEventId":"iy5fdwuqhrkj72r","previousOperationId":"ezie3i2qt22wlwv"}
{"type":"operationEnd","doDiffs":false,"previousEventId":"gog8t4gqc96alyf","previousOperationId":"guorm0tg1u9l113","operationId":"guorm0tg1u9l113","timestamp":1705508941943,"id":"kjymnk3u90emnid"}
