{"type":"operationStart","subtype":"profile","data":{"_id":"DEWxPsFMh8F2otWv","timestamp":"2024-02-21T17:00:58.756Z","state":"queued","mode":"standard","creationDate":"2024-02-21T17:00:58.759Z","modificationDate":"2024-02-21T17:00:58.759Z","shortid":"1eTBIJE","$entitySet":"profiles"},"doDiffs":false,"timestamp":1708534858757,"id":"0z1u1gcwwmkh4yx","previousOperationId":null,"operationId":"ta3yl61trb4p4ah"}
{"type":"log","level":"info","message":"Render request 5 queued for execution and waiting for available worker","previousOperationId":"ta3yl61trb4p4ah","timestamp":1708534858758,"id":"o5bru2672u6xxxx"}
{"type":"operationStart","subtype":"render","name":"orders-main","previousOperationId":"ta3yl61trb4p4ah","timestamp":1708534858776,"id":"ig4uvzrqyjwpt60","previousEventId":"0z1u1gcwwmkh4yx","operationId":"b3tv864p2002vvi"}
{"type":"log","timestamp":1708534858776,"level":"info","message":"Starting rendering request 5","meta":{"rootId":"x3846six455wiyj","id":"x3846six455wiyj"},"id":"o6ndwc0qgn8luvp","previousOperationId":"b3tv864p2002vvi"}
{"type":"log","timestamp":1708534858777,"level":"info","message":"Rendering template { name: orders-main, recipe: chrome-pdf, engine: handlebars, preview: true }","meta":{"rootId":"x3846six455wiyj","id":"x3846six455wiyj"},"id":"6z73zwsb62u956d","previousOperationId":"b3tv864p2002vvi"}
{"type":"log","timestamp":1708534858777,"level":"debug","message":"Data item not defined for this template.","meta":{"rootId":"x3846six455wiyj","id":"x3846six455wiyj"},"id":"li0i3v5gvf0voiy","previousOperationId":"b3tv864p2002vvi"}
{"type":"log","timestamp":1708534858779,"level":"debug","message":"Executing script orders-script (beforeRender)","meta":{"rootId":"x3846six455wiyj","id":"x3846six455wiyj"},"id":"jmnq18p3dfg1dq1","previousOperationId":"b3tv864p2002vvi"}
{"type":"operationStart","subtype":"scriptsBeforeRender","name":"scripts beforeRender","timestamp":1708534858799,"id":"qc8h4zoi9dhyjsd","previousEventId":"ig4uvzrqyjwpt60","operationId":"anifi2q2i5hdsro","previousOperationId":"b3tv864p2002vvi"}
{"type":"operationStart","subtype":"script","name":"scripts orders-script","previousOperationId":"anifi2q2i5hdsro","timestamp":1708534858799,"id":"x90pkloxdliin3m","previousEventId":"qc8h4zoi9dhyjsd","operationId":"vtw2xgset6r05xq"}
{"type":"log","timestamp":1708534858890,"level":"debug","message":"(console:log) [ 'ola', 'oola', 'Race1', 'Race2' ]","meta":{"userLevel":true,"rootId":"x3846six455wiyj","id":"x3846six455wiyj"},"id":"brupa4n2uyshktc","previousOperationId":"vtw2xgset6r05xq"}
{"type":"log","timestamp":1708534858890,"level":"debug","message":"(console:log) [ 0, 0, 1, 1 ]","meta":{"userLevel":true,"rootId":"x3846six455wiyj","id":"x3846six455wiyj"},"id":"y2cdsizvmpww338","previousOperationId":"vtw2xgset6r05xq"}
{"type":"operationEnd","operationId":"vtw2xgset6r05xq","timestamp":1708534858891,"id":"b5afkpr4k7adi74","previousEventId":"ig4uvzrqyjwpt60","previousOperationId":"b3tv864p2002vvi"}
{"type":"operationEnd","operationId":"anifi2q2i5hdsro","timestamp":1708534858891,"id":"zshlzt2fdbncjoh","previousEventId":"b5afkpr4k7adi74","previousOperationId":"b3tv864p2002vvi"}
{"type":"log","timestamp":1708534858891,"level":"debug","message":"Base url not specified, skipping its injection.","meta":{"rootId":"x3846six455wiyj","id":"x3846six455wiyj"},"id":"rne19dhasurf95y","previousOperationId":"anifi2q2i5hdsro"}
{"type":"operationStart","subtype":"engine","name":"handlebars","timestamp":1708534858892,"id":"zc7958pt58h8ks5","previousEventId":"zshlzt2fdbncjoh","operationId":"qziey5iz435hn5g","previousOperationId":"anifi2q2i5hdsro"}
{"type":"log","timestamp":1708534858892,"level":"debug","message":"Rendering engine handlebars","meta":{"rootId":"x3846six455wiyj","id":"x3846six455wiyj"},"id":"3o1mxpo5phbjk9d","previousOperationId":"qziey5iz435hn5g"}
{"type":"log","timestamp":1708534859064,"level":"debug","message":"(console:log) Pdf utils adding group field, value: \"ola\"","meta":{"userLevel":true,"rootId":"x3846six455wiyj","id":"x3846six455wiyj"},"id":"xjludnwqi0j2paj","previousOperationId":"qziey5iz435hn5g"}
{"type":"log","timestamp":1708534859064,"level":"debug","message":"(console:log) Pdf utils adding group field, value: \"oola\"","meta":{"userLevel":true,"rootId":"x3846six455wiyj","id":"x3846six455wiyj"},"id":"ajowcc7zqyegjca","previousOperationId":"qziey5iz435hn5g"}
{"type":"log","timestamp":1708534859064,"level":"debug","message":"(console:log) Pdf utils adding group field, value: \"Race1\"","meta":{"userLevel":true,"rootId":"x3846six455wiyj","id":"x3846six455wiyj"},"id":"x4q78jbmf3x1dgx","previousOperationId":"qziey5iz435hn5g"}
{"type":"log","timestamp":1708534859064,"level":"debug","message":"(console:log) Pdf utils adding group field, value: \"Race2\"","meta":{"userLevel":true,"rootId":"x3846six455wiyj","id":"x3846six455wiyj"},"id":"lr6lte1vk080fe6","previousOperationId":"qziey5iz435hn5g"}
{"type":"operationEnd","operationId":"qziey5iz435hn5g","timestamp":1708534859064,"id":"8pivpma0d712hzz","previousEventId":"zc7958pt58h8ks5","previousOperationId":"qziey5iz435hn5g"}
{"type":"operationStart","subtype":"recipe","name":"chrome-pdf","timestamp":1708534859064,"id":"mxq9wvln7cv4fzv","previousEventId":"8pivpma0d712hzz","operationId":"23nxm5kuryi4bdz","previousOperationId":"qziey5iz435hn5g"}
{"type":"log","timestamp":1708534859064,"level":"debug","message":"Executing recipe chrome-pdf","meta":{"rootId":"x3846six455wiyj","id":"x3846six455wiyj"},"id":"irzu3svfszyemq8","previousOperationId":"23nxm5kuryi4bdz"}
{"type":"log","timestamp":1708534859945,"level":"debug","message":"Converting with chrome HeadlessChrome/117.0.5938.149 using chrome-pool strategy","meta":{"rootId":"x3846six455wiyj","id":"x3846six455wiyj"},"id":"y8y38o55b6i7sjq","previousOperationId":"23nxm5kuryi4bdz"}
{"type":"log","timestamp":1708534860049,"level":"debug","message":"Page request: GET (document) file:///var/folders/tp/6hccbwhd41s4hkmxw_2wkz640000gn/T/jsreport/autocleanup/08d79fe4-9b9d-4228-8e97-b542a77e4634-chrome-pdf.html","meta":{"rootId":"x3846six455wiyj","id":"x3846six455wiyj"},"id":"6uu1l47ukri5i3l","previousOperationId":"23nxm5kuryi4bdz"}
{"type":"log","timestamp":1708534860066,"level":"debug","message":"Page request: GET (stylesheet) https://cdnjs.cloudflare.com/ajax/libs/metro/4.1.5/css/metro.min.css","meta":{"rootId":"x3846six455wiyj","id":"x3846six455wiyj"},"id":"ugm74p9ekus7t7n","previousOperationId":"23nxm5kuryi4bdz"}
{"type":"log","timestamp":1708534860066,"level":"debug","message":"Page request: GET (script) https://cdn.jsdelivr.net/npm/chart.js","meta":{"rootId":"x3846six455wiyj","id":"x3846six455wiyj"},"id":"1zcw422vlrfxvrj","previousOperationId":"23nxm5kuryi4bdz"}
{"type":"log","timestamp":1708534860067,"level":"debug","message":"Page request finished: GET (document) 200 file:///var/folders/tp/6hccbwhd41s4hkmxw_2wkz640000gn/T/jsreport/autocleanup/08d79fe4-9b9d-4228-8e97-b542a77e4634-chrome-pdf.html","meta":{"rootId":"x3846six455wiyj","id":"x3846six455wiyj"},"id":"gchpkydtlbv8pbc","previousOperationId":"23nxm5kuryi4bdz"}
{"type":"log","timestamp":1708534860467,"level":"debug","message":"Page request finished: GET (stylesheet) 200 https://cdnjs.cloudflare.com/ajax/libs/metro/4.1.5/css/metro.min.css","meta":{"rootId":"x3846six455wiyj","id":"x3846six455wiyj"},"id":"4z1zg1otj3eqpje","previousOperationId":"23nxm5kuryi4bdz"}
{"type":"log","timestamp":1708534860530,"level":"debug","message":"Page request finished: GET (script) 200 https://cdn.jsdelivr.net/npm/chart.js","meta":{"rootId":"x3846six455wiyj","id":"x3846six455wiyj"},"id":"wi4dqqm8g9fbxu2","previousOperationId":"23nxm5kuryi4bdz"}
{"type":"log","timestamp":1708534860647,"level":"debug","message":"Running chrome with params {\"printBackground\":true,\"marginTop\":\"4cm\",\"marginRight\":\"1.5cm\",\"marginBottom\":\"1.5cm\",\"marginLeft\":\"1.5cm\",\"waitForJS\":false,\"timeout\":59504,\"margin\":{\"top\":\"4cm\",\"right\":\"1.5cm\",\"bottom\":\"1.5cm\",\"left\":\"1.5cm\"}}","meta":{"rootId":"x3846six455wiyj","id":"x3846six455wiyj"},"id":"wlh1xjrtxiegvda","previousOperationId":"23nxm5kuryi4bdz"}
{"type":"operationEnd","operationId":"23nxm5kuryi4bdz","timestamp":1708534860711,"id":"wbgmsjqk5go2a9v","previousEventId":"mxq9wvln7cv4fzv","previousOperationId":"23nxm5kuryi4bdz"}
{"type":"log","timestamp":1708534860711,"level":"info","message":"pdf-utils is starting pdf processing","meta":{"rootId":"x3846six455wiyj","id":"x3846six455wiyj"},"id":"ltbk8xvawhwfsqn","previousOperationId":"23nxm5kuryi4bdz"}
{"type":"operationStart","subtype":"pdfUtils","name":"pdf utils","timestamp":1708534860814,"id":"lxt7554ndzwgj0t","previousEventId":"wbgmsjqk5go2a9v","operationId":"vi2245n6s02mwnh","previousOperationId":"23nxm5kuryi4bdz"}
{"type":"log","timestamp":1708534860815,"level":"debug","message":"pdf-utils detected 1 pdf operation(s) to process","meta":{"rootId":"x3846six455wiyj","id":"x3846six455wiyj"},"id":"zcdk1nkinq53com","previousOperationId":"vi2245n6s02mwnh"}
{"type":"log","timestamp":1708534860946,"level":"debug","message":"pdf-utils running pdf operation merge","meta":{"rootId":"x3846six455wiyj","id":"x3846six455wiyj"},"id":"daxb7x8psp77k5b","previousOperationId":"vi2245n6s02mwnh"}
{"type":"operationStart","subtype":"pdfUtilsMerge","name":"pdf utils merge","previousOperationId":"vi2245n6s02mwnh","timestamp":1708534860946,"id":"wnccd40jd6xfl3w","previousEventId":"lxt7554ndzwgj0t","operationId":"b7wl2cejyx7l18l"}
{"type":"operationStart","subtype":"render","name":"orders-header","previousOperationId":"b7wl2cejyx7l18l","timestamp":1708534860947,"id":"c3036f0dd5o1za5","previousEventId":"wnccd40jd6xfl3w","operationId":"kxtssiedn5jas4w"}
{"type":"log","timestamp":1708534860947,"level":"info","message":"Starting rendering (child) request","meta":{"rootId":"x3846six455wiyj","id":"f6im3j4ytmvbjg8"},"id":"fsdso987c6shi1y","previousOperationId":"kxtssiedn5jas4w"}
{"type":"log","timestamp":1708534860947,"level":"info","message":"Rendering template { name: orders-header, recipe: chrome-pdf, engine: handlebars, preview: true }","meta":{"rootId":"x3846six455wiyj","id":"f6im3j4ytmvbjg8"},"id":"bf71epgui8h3n3l","previousOperationId":"kxtssiedn5jas4w"}
{"type":"log","timestamp":1708534860948,"level":"debug","message":"Inline data specified.","meta":{"rootId":"x3846six455wiyj","id":"f6im3j4ytmvbjg8"},"id":"ip2sztsel673243","previousOperationId":"kxtssiedn5jas4w"}
{"type":"log","timestamp":1708534860950,"level":"debug","message":"Base url not specified, skipping its injection.","meta":{"rootId":"x3846six455wiyj","id":"f6im3j4ytmvbjg8"},"id":"t3xodhi60z6ax5h","previousOperationId":"kxtssiedn5jas4w"}
{"type":"operationStart","subtype":"engine","name":"handlebars","timestamp":1708534860950,"id":"vqi5584tjw5cpbq","previousEventId":"c3036f0dd5o1za5","operationId":"kl4hq4x9u95n7mo","previousOperationId":"kxtssiedn5jas4w"}
{"type":"log","timestamp":1708534860950,"level":"debug","message":"Rendering engine handlebars","meta":{"rootId":"x3846six455wiyj","id":"f6im3j4ytmvbjg8"},"id":"n5lcgt47qmu0c4q","previousOperationId":"kl4hq4x9u95n7mo"}
{"type":"operationEnd","operationId":"kl4hq4x9u95n7mo","timestamp":1708534860968,"id":"sdb0hu4g6mwndoz","previousEventId":"vqi5584tjw5cpbq","previousOperationId":"kl4hq4x9u95n7mo"}
{"type":"operationStart","subtype":"recipe","name":"chrome-pdf","timestamp":1708534860968,"id":"3vl51rf9fzjf2i0","previousEventId":"sdb0hu4g6mwndoz","operationId":"4073mf22y9ddbms","previousOperationId":"kl4hq4x9u95n7mo"}
{"type":"log","timestamp":1708534860969,"level":"debug","message":"Executing recipe chrome-pdf","meta":{"rootId":"x3846six455wiyj","id":"f6im3j4ytmvbjg8"},"id":"rshqnv3jk68uwza","previousOperationId":"4073mf22y9ddbms"}
{"type":"log","timestamp":1708534860970,"level":"debug","message":"Converting with chrome HeadlessChrome/117.0.5938.149 using chrome-pool strategy","meta":{"rootId":"x3846six455wiyj","id":"f6im3j4ytmvbjg8"},"id":"62wjuk0wt0u5yqq","previousOperationId":"4073mf22y9ddbms"}
{"type":"log","timestamp":1708534861013,"level":"debug","message":"Page request: GET (document) file:///var/folders/tp/6hccbwhd41s4hkmxw_2wkz640000gn/T/jsreport/autocleanup/8b04861e-6588-4b67-b962-010c353965f4-chrome-pdf.html","meta":{"rootId":"x3846six455wiyj","id":"f6im3j4ytmvbjg8"},"id":"pylji694tqdqv2w","previousOperationId":"4073mf22y9ddbms"}
{"type":"log","timestamp":1708534861020,"level":"debug","message":"Page request: GET (stylesheet) https://cdnjs.cloudflare.com/ajax/libs/metro/4.1.5/css/metro.min.css","meta":{"rootId":"x3846six455wiyj","id":"f6im3j4ytmvbjg8"},"id":"2qt6hwf11jzzj3n","previousOperationId":"4073mf22y9ddbms"}
{"type":"log","timestamp":1708534861020,"level":"debug","message":"Page request finished: GET (document) 200 file:///var/folders/tp/6hccbwhd41s4hkmxw_2wkz640000gn/T/jsreport/autocleanup/8b04861e-6588-4b67-b962-010c353965f4-chrome-pdf.html","meta":{"rootId":"x3846six455wiyj","id":"f6im3j4ytmvbjg8"},"id":"9q5uase7wnhy65b","previousOperationId":"4073mf22y9ddbms"}
{"type":"log","timestamp":1708534861027,"level":"debug","message":"Page request finished: GET (stylesheet) 200 https://cdnjs.cloudflare.com/ajax/libs/metro/4.1.5/css/metro.min.css","meta":{"rootId":"x3846six455wiyj","id":"f6im3j4ytmvbjg8"},"id":"sokppbnbr0y3866","previousOperationId":"4073mf22y9ddbms"}
{"type":"log","timestamp":1708534861048,"level":"debug","message":"Running chrome with params {\"printBackground\":true,\"marginTop\":\"1.5cm\",\"marginRight\":\"1.5cm\",\"marginLeft\":\"1.cm\",\"timeout\":57786,\"margin\":{\"top\":\"1.5cm\",\"right\":\"1.5cm\",\"left\":\"1.cm\"}}","meta":{"rootId":"x3846six455wiyj","id":"f6im3j4ytmvbjg8"},"id":"vloys41ico4i0tr","previousOperationId":"4073mf22y9ddbms"}
{"type":"operationEnd","operationId":"4073mf22y9ddbms","timestamp":1708534861069,"id":"ps1980brzdi9iso","previousEventId":"3vl51rf9fzjf2i0","previousOperationId":"4073mf22y9ddbms"}
{"type":"log","timestamp":1708534861070,"level":"debug","message":"Skipping storing report.","meta":{"rootId":"x3846six455wiyj","id":"f6im3j4ytmvbjg8"},"id":"qx2axsy55splx9j","previousOperationId":"4073mf22y9ddbms"}
{"type":"log","timestamp":1708534861070,"level":"info","message":"Rendering (child) request finished in 2314 ms","meta":{"rootId":"x3846six455wiyj","id":"f6im3j4ytmvbjg8"},"id":"u8ftttxxj11qz9r","previousOperationId":"4073mf22y9ddbms"}
{"type":"operationEnd","subtype":"render","operationId":"kxtssiedn5jas4w","timestamp":1708534861070,"id":"yk5kioclcc4erva","previousEventId":"ps1980brzdi9iso","previousOperationId":"4073mf22y9ddbms"}
{"type":"operationEnd","operationId":"b7wl2cejyx7l18l","timestamp":1708534861107,"id":"oofqlubsbw1v08q","previousEventId":"wnccd40jd6xfl3w","previousOperationId":"b7wl2cejyx7l18l"}
{"type":"log","timestamp":1708534861107,"level":"debug","message":"pdf-utils postproces start","meta":{"rootId":"x3846six455wiyj","id":"x3846six455wiyj"},"id":"9fmvvbozz94nbi7","previousOperationId":"b7wl2cejyx7l18l"}
{"type":"log","timestamp":1708534861136,"level":"debug","message":"pdf-utils postproces end","meta":{"rootId":"x3846six455wiyj","id":"x3846six455wiyj"},"id":"93wcq27ztqp3q12","previousOperationId":"b7wl2cejyx7l18l"}
{"type":"operationEnd","operationId":"vi2245n6s02mwnh","timestamp":1708534861136,"id":"3x09gwe2ab8t9ib","previousEventId":"oofqlubsbw1v08q","previousOperationId":"b7wl2cejyx7l18l"}
{"type":"log","timestamp":1708534861137,"level":"info","message":"pdf-utils pdf processing was finished","meta":{"rootId":"x3846six455wiyj","id":"x3846six455wiyj"},"id":"zpi1u1szi8zqy7e","previousOperationId":"vi2245n6s02mwnh"}
{"type":"log","timestamp":1708534861137,"level":"debug","message":"Skipping storing report.","meta":{"rootId":"x3846six455wiyj","id":"x3846six455wiyj"},"id":"xjfmzcmn2z04ujf","previousOperationId":"vi2245n6s02mwnh"}
{"type":"log","timestamp":1708534861137,"level":"info","message":"Rendering request 5 finished in 2381 ms","meta":{"rootId":"x3846six455wiyj","id":"x3846six455wiyj"},"id":"4t41hqjq22ux26u","previousOperationId":"vi2245n6s02mwnh"}
{"type":"operationEnd","subtype":"render","operationId":"b3tv864p2002vvi","timestamp":1708534861137,"id":"w3mrol7kr1toghh","previousEventId":"3x09gwe2ab8t9ib","previousOperationId":"vi2245n6s02mwnh"}
{"type":"operationEnd","doDiffs":false,"previousEventId":"0z1u1gcwwmkh4yx","previousOperationId":"ta3yl61trb4p4ah","operationId":"ta3yl61trb4p4ah","timestamp":1708534861139,"id":"z04tcpr57cf8ojj"}
