{"type":"operationStart","subtype":"profile","data":{"_id":"7BAaKRhjwCQRwmyK","timestamp":"2024-01-18T15:07:57.928Z","state":"queued","mode":"standard","creationDate":"2024-01-18T15:07:57.933Z","modificationDate":"2024-01-18T15:07:57.933Z","shortid":"mUBNwoo","$entitySet":"profiles"},"doDiffs":false,"timestamp":1705590477931,"id":"sbmk1euqyo7zmkx","previousOperationId":null,"operationId":"fp6nu2w8q5dppa3"}
{"type":"log","level":"info","message":"Render request 32 queued for execution and waiting for available worker","previousOperationId":"fp6nu2w8q5dppa3","timestamp":1705590477931,"id":"de6fn06sv34ld3w"}
{"type":"operationStart","subtype":"render","name":"orders-main","previousOperationId":"fp6nu2w8q5dppa3","timestamp":1705590477948,"id":"cqmic8e0ups95sd","previousEventId":"sbmk1euqyo7zmkx","operationId":"g7kk5iops6mx8xm"}
{"type":"log","timestamp":1705590477948,"level":"info","message":"Starting rendering request 32","meta":{"rootId":"xgeo1nmay1m63nt","id":"xgeo1nmay1m63nt"},"id":"c509oawuko2opgs","previousOperationId":"g7kk5iops6mx8xm"}
{"type":"log","timestamp":1705590477949,"level":"info","message":"Rendering template { name: orders-main, recipe: chrome-pdf, engine: handlebars, preview: true }","meta":{"rootId":"xgeo1nmay1m63nt","id":"xgeo1nmay1m63nt"},"id":"ejt61kow6s0nto9","previousOperationId":"g7kk5iops6mx8xm"}
{"type":"log","timestamp":1705590477950,"level":"debug","message":"Data item not defined for this template.","meta":{"rootId":"xgeo1nmay1m63nt","id":"xgeo1nmay1m63nt"},"id":"c01b8n5zmcd5vnn","previousOperationId":"g7kk5iops6mx8xm"}
{"type":"log","timestamp":1705590477954,"level":"debug","message":"Executing script orders-script (beforeRender)","meta":{"rootId":"xgeo1nmay1m63nt","id":"xgeo1nmay1m63nt"},"id":"b1ky86adso67lwi","previousOperationId":"g7kk5iops6mx8xm"}
{"type":"operationStart","subtype":"scriptsBeforeRender","name":"scripts beforeRender","timestamp":1705590477980,"id":"ck51kgb1jfq7jxq","previousEventId":"cqmic8e0ups95sd","operationId":"tpigk94fp7bw0zu","previousOperationId":"g7kk5iops6mx8xm"}
{"type":"operationStart","subtype":"script","name":"scripts orders-script","previousOperationId":"tpigk94fp7bw0zu","timestamp":1705590477980,"id":"kgcw8vt07gd6nwq","previousEventId":"ck51kgb1jfq7jxq","operationId":"vulf9y5revwsizx"}
{"type":"operationEnd","operationId":"vulf9y5revwsizx","timestamp":1705590478003,"id":"0cjcafj70wk9xc2","previousEventId":"cqmic8e0ups95sd","previousOperationId":"g7kk5iops6mx8xm"}
{"type":"operationEnd","operationId":"tpigk94fp7bw0zu","timestamp":1705590478003,"id":"12ggef6g5rk85zg","previousEventId":"0cjcafj70wk9xc2","previousOperationId":"g7kk5iops6mx8xm"}
{"type":"log","timestamp":1705590478003,"level":"debug","message":"Base url not specified, skipping its injection.","meta":{"rootId":"xgeo1nmay1m63nt","id":"xgeo1nmay1m63nt"},"id":"ldrjttna7bj6n1l","previousOperationId":"tpigk94fp7bw0zu"}
{"type":"operationStart","subtype":"engine","name":"handlebars","timestamp":1705590478003,"id":"kdb16nblws6878g","previousEventId":"12ggef6g5rk85zg","operationId":"m7epf0vlabx9302","previousOperationId":"tpigk94fp7bw0zu"}
{"type":"log","timestamp":1705590478003,"level":"debug","message":"Rendering engine handlebars","meta":{"rootId":"xgeo1nmay1m63nt","id":"xgeo1nmay1m63nt"},"id":"bv19y2vneoos4vc","previousOperationId":"m7epf0vlabx9302"}
{"type":"log","timestamp":1705590478029,"level":"debug","message":"(console:log) Pdf utils adding group field, value: \"Race1\"","meta":{"userLevel":true,"rootId":"xgeo1nmay1m63nt","id":"xgeo1nmay1m63nt"},"id":"lz3a03novt3398u","previousOperationId":"m7epf0vlabx9302"}
{"type":"log","timestamp":1705590478029,"level":"debug","message":"(console:log) Pdf utils adding group field, value: \"Race2\"","meta":{"userLevel":true,"rootId":"xgeo1nmay1m63nt","id":"xgeo1nmay1m63nt"},"id":"sxks2qt6ruf9juj","previousOperationId":"m7epf0vlabx9302"}
{"type":"operationEnd","operationId":"m7epf0vlabx9302","timestamp":1705590478029,"id":"o2oc6rszrg5e528","previousEventId":"kdb16nblws6878g","previousOperationId":"m7epf0vlabx9302"}
{"type":"operationStart","subtype":"recipe","name":"chrome-pdf","timestamp":1705590478030,"id":"smy6xykrcijacas","previousEventId":"o2oc6rszrg5e528","operationId":"gx2awaxfm2m79jt","previousOperationId":"m7epf0vlabx9302"}
{"type":"log","timestamp":1705590478030,"level":"debug","message":"Executing recipe chrome-pdf","meta":{"rootId":"xgeo1nmay1m63nt","id":"xgeo1nmay1m63nt"},"id":"hpo541st3lext0y","previousOperationId":"gx2awaxfm2m79jt"}
{"type":"log","timestamp":1705590478034,"level":"debug","message":"Converting with chrome HeadlessChrome/117.0.5938.149 using chrome-pool strategy","meta":{"rootId":"xgeo1nmay1m63nt","id":"xgeo1nmay1m63nt"},"id":"94apmat21bo2ork","previousOperationId":"gx2awaxfm2m79jt"}
{"type":"log","timestamp":1705590478176,"level":"debug","message":"Page request: GET (document) file:///C:/Users/DANIEL~1/AppData/Local/Temp/jsreport/autocleanup/575fef94-e2e3-45ff-b1f3-b4840c4f8cb5-chrome-pdf.html","meta":{"rootId":"xgeo1nmay1m63nt","id":"xgeo1nmay1m63nt"},"id":"i51q3xi5vkgc8wr","previousOperationId":"gx2awaxfm2m79jt"}
{"type":"log","timestamp":1705590478214,"level":"debug","message":"Page request: GET (stylesheet) https://cdnjs.cloudflare.com/ajax/libs/metro/4.1.5/css/metro.min.css","meta":{"rootId":"xgeo1nmay1m63nt","id":"xgeo1nmay1m63nt"},"id":"492fudlu3iqw0ij","previousOperationId":"gx2awaxfm2m79jt"}
{"type":"log","timestamp":1705590478215,"level":"debug","message":"Page request: GET (script) https://cdnjs.cloudflare.com/ajax/libs/Chart.js/2.9.4/Chart.js","meta":{"rootId":"xgeo1nmay1m63nt","id":"xgeo1nmay1m63nt"},"id":"vkgqularzb7rnq5","previousOperationId":"gx2awaxfm2m79jt"}
{"type":"log","timestamp":1705590478216,"level":"debug","message":"Page request finished: GET (document) 200 file:///C:/Users/DANIEL~1/AppData/Local/Temp/jsreport/autocleanup/575fef94-e2e3-45ff-b1f3-b4840c4f8cb5-chrome-pdf.html","meta":{"rootId":"xgeo1nmay1m63nt","id":"xgeo1nmay1m63nt"},"id":"jeuhnvbc7ropfzm","previousOperationId":"gx2awaxfm2m79jt"}
{"type":"log","timestamp":1705590478243,"level":"debug","message":"Page request finished: GET (stylesheet) 200 https://cdnjs.cloudflare.com/ajax/libs/metro/4.1.5/css/metro.min.css","meta":{"rootId":"xgeo1nmay1m63nt","id":"xgeo1nmay1m63nt"},"id":"mv79ddc9ztddka2","previousOperationId":"gx2awaxfm2m79jt"}
{"type":"log","timestamp":1705590478244,"level":"debug","message":"Page request finished: GET (script) 200 https://cdnjs.cloudflare.com/ajax/libs/Chart.js/2.9.4/Chart.js","meta":{"rootId":"xgeo1nmay1m63nt","id":"xgeo1nmay1m63nt"},"id":"v2i9ir6dzynpyew","previousOperationId":"gx2awaxfm2m79jt"}
{"type":"log","timestamp":1705590478250,"level":"warn","message":"Page error: Unexpected token ';' , stack: SyntaxError: Unexpected token ';'","meta":{"rootId":"xgeo1nmay1m63nt","id":"xgeo1nmay1m63nt"},"id":"9jusep11pkfc1ag","previousOperationId":"gx2awaxfm2m79jt"}
{"type":"log","timestamp":1705590478296,"level":"debug","message":"Running chrome with params {\"printBackground\":true,\"marginTop\":\"4cm\",\"marginRight\":\"1.5cm\",\"marginBottom\":\"1.5cm\",\"marginLeft\":\"1.5cm\",\"waitForJS\":false,\"timeout\":59896,\"margin\":{\"top\":\"4cm\",\"right\":\"1.5cm\",\"bottom\":\"1.5cm\",\"left\":\"1.5cm\"}}","meta":{"rootId":"xgeo1nmay1m63nt","id":"xgeo1nmay1m63nt"},"id":"08w9xy2y25urbph","previousOperationId":"gx2awaxfm2m79jt"}
{"type":"operationEnd","operationId":"gx2awaxfm2m79jt","timestamp":1705590478404,"id":"hjg0vd2wet5pfcc","previousEventId":"smy6xykrcijacas","previousOperationId":"gx2awaxfm2m79jt"}
{"type":"log","timestamp":1705590478404,"level":"info","message":"pdf-utils is starting pdf processing","meta":{"rootId":"xgeo1nmay1m63nt","id":"xgeo1nmay1m63nt"},"id":"yugceu0r70hk5si","previousOperationId":"gx2awaxfm2m79jt"}
{"type":"operationStart","subtype":"pdfUtils","name":"pdf utils","timestamp":1705590478404,"id":"0xyc0liqqrr6i87","previousEventId":"hjg0vd2wet5pfcc","operationId":"p479a6i1fzkfxer","previousOperationId":"gx2awaxfm2m79jt"}
{"type":"log","timestamp":1705590478404,"level":"debug","message":"pdf-utils detected 1 pdf operation(s) to process","meta":{"rootId":"xgeo1nmay1m63nt","id":"xgeo1nmay1m63nt"},"id":"b4v5pm8eqshaa1m","previousOperationId":"p479a6i1fzkfxer"}
{"type":"log","timestamp":1705590478444,"level":"debug","message":"pdf-utils running pdf operation merge","meta":{"rootId":"xgeo1nmay1m63nt","id":"xgeo1nmay1m63nt"},"id":"auc2o2t6v6thjpc","previousOperationId":"p479a6i1fzkfxer"}
{"type":"operationStart","subtype":"pdfUtilsMerge","name":"pdf utils merge","previousOperationId":"p479a6i1fzkfxer","timestamp":1705590478444,"id":"9twkjlydrxdsnf1","previousEventId":"0xyc0liqqrr6i87","operationId":"dkbd7gkhd9gkrap"}
{"type":"operationStart","subtype":"render","name":"orders-header","previousOperationId":"dkbd7gkhd9gkrap","timestamp":1705590478446,"id":"rwazk7ho0zrrxmv","previousEventId":"9twkjlydrxdsnf1","operationId":"ybjhuk4vg9jtj4e"}
{"type":"log","timestamp":1705590478446,"level":"info","message":"Starting rendering (child) request","meta":{"rootId":"xgeo1nmay1m63nt","id":"f4pgcnzknzb67cm"},"id":"drdecm6zpl21owu","previousOperationId":"ybjhuk4vg9jtj4e"}
{"type":"log","timestamp":1705590478447,"level":"info","message":"Rendering template { name: orders-header, recipe: chrome-pdf, engine: handlebars, preview: true }","meta":{"rootId":"xgeo1nmay1m63nt","id":"f4pgcnzknzb67cm"},"id":"4htwdu390tadk64","previousOperationId":"ybjhuk4vg9jtj4e"}
{"type":"log","timestamp":1705590478449,"level":"debug","message":"Inline data specified.","meta":{"rootId":"xgeo1nmay1m63nt","id":"f4pgcnzknzb67cm"},"id":"0u0sr6i51nlobfc","previousOperationId":"ybjhuk4vg9jtj4e"}
{"type":"log","timestamp":1705590478453,"level":"debug","message":"Base url not specified, skipping its injection.","meta":{"rootId":"xgeo1nmay1m63nt","id":"f4pgcnzknzb67cm"},"id":"7pmncldtmr5rpx0","previousOperationId":"ybjhuk4vg9jtj4e"}
{"type":"operationStart","subtype":"engine","name":"handlebars","timestamp":1705590478453,"id":"pn97l544t8dkj0n","previousEventId":"rwazk7ho0zrrxmv","operationId":"uk09js04tslyo03","previousOperationId":"ybjhuk4vg9jtj4e"}
{"type":"log","timestamp":1705590478453,"level":"debug","message":"Rendering engine handlebars","meta":{"rootId":"xgeo1nmay1m63nt","id":"f4pgcnzknzb67cm"},"id":"rxgo801zie1jyqo","previousOperationId":"uk09js04tslyo03"}
{"type":"operationEnd","operationId":"uk09js04tslyo03","timestamp":1705590478488,"id":"svqdu3tn4hxpvn1","previousEventId":"pn97l544t8dkj0n","previousOperationId":"uk09js04tslyo03"}
{"type":"operationStart","subtype":"recipe","name":"chrome-pdf","timestamp":1705590478490,"id":"mskhhohipbf9byb","previousEventId":"svqdu3tn4hxpvn1","operationId":"vvr8m81kovipkpp","previousOperationId":"uk09js04tslyo03"}
{"type":"log","timestamp":1705590478490,"level":"debug","message":"Executing recipe chrome-pdf","meta":{"rootId":"xgeo1nmay1m63nt","id":"f4pgcnzknzb67cm"},"id":"ypb1z31z5frrk2m","previousOperationId":"vvr8m81kovipkpp"}
{"type":"log","timestamp":1705590478493,"level":"debug","message":"Converting with chrome HeadlessChrome/117.0.5938.149 using chrome-pool strategy","meta":{"rootId":"xgeo1nmay1m63nt","id":"f4pgcnzknzb67cm"},"id":"1ah6d4yhpag8e2g","previousOperationId":"vvr8m81kovipkpp"}
{"type":"log","timestamp":1705590478625,"level":"debug","message":"Page request: GET (document) file:///C:/Users/DANIEL~1/AppData/Local/Temp/jsreport/autocleanup/e208ea26-4623-4500-acb8-2ff01e8a2f4a-chrome-pdf.html","meta":{"rootId":"xgeo1nmay1m63nt","id":"f4pgcnzknzb67cm"},"id":"ud2t0loskal82ad","previousOperationId":"vvr8m81kovipkpp"}
{"type":"log","timestamp":1705590478643,"level":"debug","message":"Page request: GET (stylesheet) https://cdnjs.cloudflare.com/ajax/libs/metro/4.1.5/css/metro.min.css","meta":{"rootId":"xgeo1nmay1m63nt","id":"f4pgcnzknzb67cm"},"id":"89afdj12zovqg88","previousOperationId":"vvr8m81kovipkpp"}
{"type":"log","timestamp":1705590478643,"level":"debug","message":"Page request finished: GET (document) 200 file:///C:/Users/DANIEL~1/AppData/Local/Temp/jsreport/autocleanup/e208ea26-4623-4500-acb8-2ff01e8a2f4a-chrome-pdf.html","meta":{"rootId":"xgeo1nmay1m63nt","id":"f4pgcnzknzb67cm"},"id":"iaewlnnlem3n4bn","previousOperationId":"vvr8m81kovipkpp"}
{"type":"log","timestamp":1705590478662,"level":"debug","message":"Page request finished: GET (stylesheet) 200 https://cdnjs.cloudflare.com/ajax/libs/metro/4.1.5/css/metro.min.css","meta":{"rootId":"xgeo1nmay1m63nt","id":"f4pgcnzknzb67cm"},"id":"h69p112xzzqtaw4","previousOperationId":"vvr8m81kovipkpp"}
{"type":"log","timestamp":1705590478686,"level":"debug","message":"Running chrome with params {\"printBackground\":true,\"marginTop\":\"1.5cm\",\"marginRight\":\"1.5cm\",\"marginLeft\":\"1.cm\",\"timeout\":59436,\"margin\":{\"top\":\"1.5cm\",\"right\":\"1.5cm\",\"left\":\"1.cm\"}}","meta":{"rootId":"xgeo1nmay1m63nt","id":"f4pgcnzknzb67cm"},"id":"v76m41liki149ko","previousOperationId":"vvr8m81kovipkpp"}
{"type":"operationEnd","operationId":"vvr8m81kovipkpp","timestamp":1705590478744,"id":"jcbyl58jx89t0sp","previousEventId":"mskhhohipbf9byb","previousOperationId":"vvr8m81kovipkpp"}
{"type":"log","timestamp":1705590478745,"level":"debug","message":"Skipping storing report.","meta":{"rootId":"xgeo1nmay1m63nt","id":"f4pgcnzknzb67cm"},"id":"9g2y1yp8djiwmxs","previousOperationId":"vvr8m81kovipkpp"}
{"type":"log","timestamp":1705590478745,"level":"info","message":"Rendering (child) request finished in 817 ms","meta":{"rootId":"xgeo1nmay1m63nt","id":"f4pgcnzknzb67cm"},"id":"rpigvfih4upobxv","previousOperationId":"vvr8m81kovipkpp"}
{"type":"operationEnd","subtype":"render","operationId":"ybjhuk4vg9jtj4e","timestamp":1705590478745,"id":"5ig06sg4a7yzmy1","previousEventId":"jcbyl58jx89t0sp","previousOperationId":"vvr8m81kovipkpp"}
{"type":"operationEnd","operationId":"dkbd7gkhd9gkrap","timestamp":1705590478760,"id":"rhwoug90pwr7ukr","previousEventId":"9twkjlydrxdsnf1","previousOperationId":"dkbd7gkhd9gkrap"}
{"type":"log","timestamp":1705590478760,"level":"debug","message":"pdf-utils postproces start","meta":{"rootId":"xgeo1nmay1m63nt","id":"xgeo1nmay1m63nt"},"id":"qkg7ro934s9x86k","previousOperationId":"dkbd7gkhd9gkrap"}
{"type":"log","timestamp":1705590478776,"level":"debug","message":"pdf-utils postproces end","meta":{"rootId":"xgeo1nmay1m63nt","id":"xgeo1nmay1m63nt"},"id":"mpci0yp43c9d2y7","previousOperationId":"dkbd7gkhd9gkrap"}
{"type":"operationEnd","operationId":"p479a6i1fzkfxer","timestamp":1705590478776,"id":"3k5rlkogf7a5yq4","previousEventId":"rhwoug90pwr7ukr","previousOperationId":"dkbd7gkhd9gkrap"}
{"type":"log","timestamp":1705590478776,"level":"info","message":"pdf-utils pdf processing was finished","meta":{"rootId":"xgeo1nmay1m63nt","id":"xgeo1nmay1m63nt"},"id":"krvhicz3djz7uzg","previousOperationId":"p479a6i1fzkfxer"}
{"type":"log","timestamp":1705590478776,"level":"debug","message":"Skipping storing report.","meta":{"rootId":"xgeo1nmay1m63nt","id":"xgeo1nmay1m63nt"},"id":"bjazzf9zu79ner3","previousOperationId":"p479a6i1fzkfxer"}
{"type":"log","timestamp":1705590478776,"level":"info","message":"Rendering request 32 finished in 848 ms","meta":{"rootId":"xgeo1nmay1m63nt","id":"xgeo1nmay1m63nt"},"id":"vrcj3r9mlkb34w2","previousOperationId":"p479a6i1fzkfxer"}
{"type":"operationEnd","subtype":"render","operationId":"g7kk5iops6mx8xm","timestamp":1705590478776,"id":"y7cs9kmqr4pum0p","previousEventId":"3k5rlkogf7a5yq4","previousOperationId":"p479a6i1fzkfxer"}
{"type":"operationEnd","doDiffs":false,"previousEventId":"sbmk1euqyo7zmkx","previousOperationId":"fp6nu2w8q5dppa3","operationId":"fp6nu2w8q5dppa3","timestamp":1705590478784,"id":"0kqdsepg25xswdj"}
