{"type":"operationStart","subtype":"profile","data":{"_id":"4w17nEpUcxSYuI2R","timestamp":"2024-01-18T15:27:14.241Z","state":"queued","mode":"standard","creationDate":"2024-01-18T15:27:14.242Z","modificationDate":"2024-01-18T15:27:14.242Z","shortid":"wFYnAh5","$entitySet":"profiles"},"doDiffs":false,"timestamp":1705591634242,"id":"v965673n75o0uhc","previousOperationId":null,"operationId":"5wlzb5vilrygxue"}
{"type":"log","level":"info","message":"Render request 48 queued for execution and waiting for available worker","previousOperationId":"5wlzb5vilrygxue","timestamp":1705591634242,"id":"zjdyayriei1t6yj"}
{"type":"operationStart","subtype":"render","name":"orders-main","previousOperationId":"5wlzb5vilrygxue","timestamp":1705591634247,"id":"016hsshl4wk51af","previousEventId":"v965673n75o0uhc","operationId":"v0sr5v4n7a3b11j"}
{"type":"log","timestamp":1705591634247,"level":"info","message":"Starting rendering request 48","meta":{"rootId":"xoty6uqfnrsmqy7","id":"xoty6uqfnrsmqy7"},"id":"ee4pbrm94j9ounp","previousOperationId":"v0sr5v4n7a3b11j"}
{"type":"log","timestamp":1705591634247,"level":"info","message":"Rendering template { name: orders-main, recipe: chrome-pdf, engine: handlebars, preview: true }","meta":{"rootId":"xoty6uqfnrsmqy7","id":"xoty6uqfnrsmqy7"},"id":"p7taq7kfl7wu7hc","previousOperationId":"v0sr5v4n7a3b11j"}
{"type":"log","timestamp":1705591634248,"level":"debug","message":"Data item not defined for this template.","meta":{"rootId":"xoty6uqfnrsmqy7","id":"xoty6uqfnrsmqy7"},"id":"temyy9zkre7hy2z","previousOperationId":"v0sr5v4n7a3b11j"}
{"type":"log","timestamp":1705591634250,"level":"debug","message":"Executing script orders-script (beforeRender)","meta":{"rootId":"xoty6uqfnrsmqy7","id":"xoty6uqfnrsmqy7"},"id":"bgn8dsg7tn2f87a","previousOperationId":"v0sr5v4n7a3b11j"}
{"type":"operationStart","subtype":"scriptsBeforeRender","name":"scripts beforeRender","timestamp":1705591634267,"id":"jjzae5a7qpg5l8l","previousEventId":"016hsshl4wk51af","operationId":"s7rmzmdpp330qk1","previousOperationId":"v0sr5v4n7a3b11j"}
{"type":"operationStart","subtype":"script","name":"scripts orders-script","previousOperationId":"s7rmzmdpp330qk1","timestamp":1705591634267,"id":"u8dmiw9wd1io6aj","previousEventId":"jjzae5a7qpg5l8l","operationId":"qwrps4jm6msknnv"}
{"type":"log","timestamp":1705591634277,"level":"debug","message":"(console:log) [ 'Race1', 'Race2' ]","meta":{"userLevel":true,"rootId":"xoty6uqfnrsmqy7","id":"xoty6uqfnrsmqy7"},"id":"af4rqnew92vsbym","previousOperationId":"qwrps4jm6msknnv"}
{"type":"log","timestamp":1705591634278,"level":"debug","message":"(console:log) [ 2, 1 ]","meta":{"userLevel":true,"rootId":"xoty6uqfnrsmqy7","id":"xoty6uqfnrsmqy7"},"id":"bv8w13actmygihx","previousOperationId":"qwrps4jm6msknnv"}
{"type":"operationEnd","operationId":"qwrps4jm6msknnv","timestamp":1705591634278,"id":"9q0wr8lgslqiv8b","previousEventId":"016hsshl4wk51af","previousOperationId":"v0sr5v4n7a3b11j"}
{"type":"operationEnd","operationId":"s7rmzmdpp330qk1","timestamp":1705591634278,"id":"ad855b9qwuwwmpp","previousEventId":"9q0wr8lgslqiv8b","previousOperationId":"v0sr5v4n7a3b11j"}
{"type":"log","timestamp":1705591634278,"level":"debug","message":"Base url not specified, skipping its injection.","meta":{"rootId":"xoty6uqfnrsmqy7","id":"xoty6uqfnrsmqy7"},"id":"tf7cnyuzq6qw6zg","previousOperationId":"s7rmzmdpp330qk1"}
{"type":"operationStart","subtype":"engine","name":"handlebars","timestamp":1705591634278,"id":"40rpvlikyl9pcx2","previousEventId":"ad855b9qwuwwmpp","operationId":"76x6mxjx4k95e3g","previousOperationId":"s7rmzmdpp330qk1"}
{"type":"log","timestamp":1705591634278,"level":"debug","message":"Rendering engine handlebars","meta":{"rootId":"xoty6uqfnrsmqy7","id":"xoty6uqfnrsmqy7"},"id":"yt9jcxnid98nw0s","previousOperationId":"76x6mxjx4k95e3g"}
{"type":"log","timestamp":1705591634291,"level":"debug","message":"(console:log) Pdf utils adding group field, value: \"Race1\"","meta":{"userLevel":true,"rootId":"xoty6uqfnrsmqy7","id":"xoty6uqfnrsmqy7"},"id":"f1bvw84hx8y03rz","previousOperationId":"76x6mxjx4k95e3g"}
{"type":"log","timestamp":1705591634292,"level":"debug","message":"(console:log) Pdf utils adding group field, value: \"Race2\"","meta":{"userLevel":true,"rootId":"xoty6uqfnrsmqy7","id":"xoty6uqfnrsmqy7"},"id":"z6ql3gtq0t1etcl","previousOperationId":"76x6mxjx4k95e3g"}
{"type":"operationEnd","operationId":"76x6mxjx4k95e3g","timestamp":1705591634292,"id":"ab2u7enqblk9s5h","previousEventId":"40rpvlikyl9pcx2","previousOperationId":"76x6mxjx4k95e3g"}
{"type":"operationStart","subtype":"recipe","name":"chrome-pdf","timestamp":1705591634292,"id":"t3p86hmb0s2df0o","previousEventId":"ab2u7enqblk9s5h","operationId":"ib8gyppocfgcp6m","previousOperationId":"76x6mxjx4k95e3g"}
{"type":"log","timestamp":1705591634292,"level":"debug","message":"Executing recipe chrome-pdf","meta":{"rootId":"xoty6uqfnrsmqy7","id":"xoty6uqfnrsmqy7"},"id":"0e3bdkgurj5icq4","previousOperationId":"ib8gyppocfgcp6m"}
{"type":"log","timestamp":1705591634299,"level":"debug","message":"Converting with chrome HeadlessChrome/117.0.5938.149 using chrome-pool strategy","meta":{"rootId":"xoty6uqfnrsmqy7","id":"xoty6uqfnrsmqy7"},"id":"d3cwywg6762tgb5","previousOperationId":"ib8gyppocfgcp6m"}
{"type":"log","timestamp":1705591634369,"level":"debug","message":"Page request: GET (document) file:///C:/Users/DANIEL~1/AppData/Local/Temp/jsreport/autocleanup/d84efec0-bfc4-4637-8062-434231388fc5-chrome-pdf.html","meta":{"rootId":"xoty6uqfnrsmqy7","id":"xoty6uqfnrsmqy7"},"id":"3j8l9022m6133wt","previousOperationId":"ib8gyppocfgcp6m"}
{"type":"log","timestamp":1705591634387,"level":"debug","message":"Page request: GET (stylesheet) https://cdnjs.cloudflare.com/ajax/libs/metro/4.1.5/css/metro.min.css","meta":{"rootId":"xoty6uqfnrsmqy7","id":"xoty6uqfnrsmqy7"},"id":"5rchjshct0dhng8","previousOperationId":"ib8gyppocfgcp6m"}
{"type":"log","timestamp":1705591634387,"level":"debug","message":"Page request: GET (script) https://cdnjs.cloudflare.com/ajax/libs/Chart.js/2.9.4/Chart.js","meta":{"rootId":"xoty6uqfnrsmqy7","id":"xoty6uqfnrsmqy7"},"id":"3fa130dovdahl9z","previousOperationId":"ib8gyppocfgcp6m"}
{"type":"log","timestamp":1705591634387,"level":"debug","message":"Page request finished: GET (document) 200 file:///C:/Users/DANIEL~1/AppData/Local/Temp/jsreport/autocleanup/d84efec0-bfc4-4637-8062-434231388fc5-chrome-pdf.html","meta":{"rootId":"xoty6uqfnrsmqy7","id":"xoty6uqfnrsmqy7"},"id":"kmgpkg7vfjxa4ih","previousOperationId":"ib8gyppocfgcp6m"}
{"type":"log","timestamp":1705591634392,"level":"debug","message":"Page request finished: GET (script) 200 https://cdnjs.cloudflare.com/ajax/libs/Chart.js/2.9.4/Chart.js","meta":{"rootId":"xoty6uqfnrsmqy7","id":"xoty6uqfnrsmqy7"},"id":"a0h833znsybpp32","previousOperationId":"ib8gyppocfgcp6m"}
{"type":"log","timestamp":1705591634401,"level":"debug","message":"Page request finished: GET (stylesheet) 200 https://cdnjs.cloudflare.com/ajax/libs/metro/4.1.5/css/metro.min.css","meta":{"rootId":"xoty6uqfnrsmqy7","id":"xoty6uqfnrsmqy7"},"id":"9vfu0tkzjoy2dfl","previousOperationId":"ib8gyppocfgcp6m"}
{"type":"log","timestamp":1705591634445,"level":"debug","message":"Running chrome with params {\"printBackground\":true,\"marginTop\":\"4cm\",\"marginRight\":\"1.5cm\",\"marginBottom\":\"1.5cm\",\"marginLeft\":\"1.5cm\",\"waitForJS\":false,\"timeout\":59943,\"margin\":{\"top\":\"4cm\",\"right\":\"1.5cm\",\"bottom\":\"1.5cm\",\"left\":\"1.5cm\"}}","meta":{"rootId":"xoty6uqfnrsmqy7","id":"xoty6uqfnrsmqy7"},"id":"syvbzhgpubmb4c8","previousOperationId":"ib8gyppocfgcp6m"}
{"type":"operationEnd","operationId":"ib8gyppocfgcp6m","timestamp":1705591634508,"id":"tgptdbykvw1plvx","previousEventId":"t3p86hmb0s2df0o","previousOperationId":"ib8gyppocfgcp6m"}
{"type":"log","timestamp":1705591634508,"level":"info","message":"pdf-utils is starting pdf processing","meta":{"rootId":"xoty6uqfnrsmqy7","id":"xoty6uqfnrsmqy7"},"id":"twfpv4fwfx575tv","previousOperationId":"ib8gyppocfgcp6m"}
{"type":"operationStart","subtype":"pdfUtils","name":"pdf utils","timestamp":1705591634508,"id":"kltvs2y4u1gnt01","previousEventId":"tgptdbykvw1plvx","operationId":"1orn0r45wsg64zn","previousOperationId":"ib8gyppocfgcp6m"}
{"type":"log","timestamp":1705591634508,"level":"debug","message":"pdf-utils detected 1 pdf operation(s) to process","meta":{"rootId":"xoty6uqfnrsmqy7","id":"xoty6uqfnrsmqy7"},"id":"72acgcylzqj9ulm","previousOperationId":"1orn0r45wsg64zn"}
{"type":"log","timestamp":1705591634521,"level":"debug","message":"pdf-utils running pdf operation merge","meta":{"rootId":"xoty6uqfnrsmqy7","id":"xoty6uqfnrsmqy7"},"id":"euq3m1v52cof6yx","previousOperationId":"1orn0r45wsg64zn"}
{"type":"operationStart","subtype":"pdfUtilsMerge","name":"pdf utils merge","previousOperationId":"1orn0r45wsg64zn","timestamp":1705591634522,"id":"q33vnp3s2ubaoz0","previousEventId":"kltvs2y4u1gnt01","operationId":"artruu9lz6ehdko"}
{"type":"operationStart","subtype":"render","name":"orders-header","previousOperationId":"artruu9lz6ehdko","timestamp":1705591634522,"id":"khz0nqmi1w8mpt2","previousEventId":"q33vnp3s2ubaoz0","operationId":"axe009oqz0fgd85"}
{"type":"log","timestamp":1705591634523,"level":"info","message":"Starting rendering (child) request","meta":{"rootId":"xoty6uqfnrsmqy7","id":"optordtdfprvsl8"},"id":"bni759rfuu2ax0r","previousOperationId":"axe009oqz0fgd85"}
{"type":"log","timestamp":1705591634523,"level":"info","message":"Rendering template { name: orders-header, recipe: chrome-pdf, engine: handlebars, preview: true }","meta":{"rootId":"xoty6uqfnrsmqy7","id":"optordtdfprvsl8"},"id":"eqcgfblrbi6fbtk","previousOperationId":"axe009oqz0fgd85"}
{"type":"log","timestamp":1705591634523,"level":"debug","message":"Inline data specified.","meta":{"rootId":"xoty6uqfnrsmqy7","id":"optordtdfprvsl8"},"id":"vjwtt6exyp0i2qa","previousOperationId":"axe009oqz0fgd85"}
{"type":"log","timestamp":1705591634524,"level":"debug","message":"Base url not specified, skipping its injection.","meta":{"rootId":"xoty6uqfnrsmqy7","id":"optordtdfprvsl8"},"id":"g54d2yf7a4ymkzi","previousOperationId":"axe009oqz0fgd85"}
{"type":"operationStart","subtype":"engine","name":"handlebars","timestamp":1705591634524,"id":"0h2vhe0jym7qecx","previousEventId":"khz0nqmi1w8mpt2","operationId":"zyi56p1nfhhl9ei","previousOperationId":"axe009oqz0fgd85"}
{"type":"log","timestamp":1705591634524,"level":"debug","message":"Rendering engine handlebars","meta":{"rootId":"xoty6uqfnrsmqy7","id":"optordtdfprvsl8"},"id":"3fwd3g1dx0f0poj","previousOperationId":"zyi56p1nfhhl9ei"}
{"type":"operationEnd","operationId":"zyi56p1nfhhl9ei","timestamp":1705591634536,"id":"pn6t0ltvyvt62t3","previousEventId":"0h2vhe0jym7qecx","previousOperationId":"zyi56p1nfhhl9ei"}
{"type":"operationStart","subtype":"recipe","name":"chrome-pdf","timestamp":1705591634536,"id":"a3a21w52b8lbykg","previousEventId":"pn6t0ltvyvt62t3","operationId":"4p9rv3y2uqdkvp2","previousOperationId":"zyi56p1nfhhl9ei"}
{"type":"log","timestamp":1705591634536,"level":"debug","message":"Executing recipe chrome-pdf","meta":{"rootId":"xoty6uqfnrsmqy7","id":"optordtdfprvsl8"},"id":"ps76ti6sq0e2g4m","previousOperationId":"4p9rv3y2uqdkvp2"}
{"type":"log","timestamp":1705591634538,"level":"debug","message":"Converting with chrome HeadlessChrome/117.0.5938.149 using chrome-pool strategy","meta":{"rootId":"xoty6uqfnrsmqy7","id":"optordtdfprvsl8"},"id":"txdb6mpc23vx84h","previousOperationId":"4p9rv3y2uqdkvp2"}
{"type":"log","timestamp":1705591634603,"level":"debug","message":"Page request: GET (document) file:///C:/Users/DANIEL~1/AppData/Local/Temp/jsreport/autocleanup/7ad2abc4-279f-4acb-8908-53a9f73ed203-chrome-pdf.html","meta":{"rootId":"xoty6uqfnrsmqy7","id":"optordtdfprvsl8"},"id":"cohbmbqae59bxl0","previousOperationId":"4p9rv3y2uqdkvp2"}
{"type":"log","timestamp":1705591634610,"level":"debug","message":"Page request: GET (stylesheet) https://cdnjs.cloudflare.com/ajax/libs/metro/4.1.5/css/metro.min.css","meta":{"rootId":"xoty6uqfnrsmqy7","id":"optordtdfprvsl8"},"id":"ap6oyjpg1jwtkqs","previousOperationId":"4p9rv3y2uqdkvp2"}
{"type":"log","timestamp":1705591634610,"level":"debug","message":"Page request finished: GET (document) 200 file:///C:/Users/DANIEL~1/AppData/Local/Temp/jsreport/autocleanup/7ad2abc4-279f-4acb-8908-53a9f73ed203-chrome-pdf.html","meta":{"rootId":"xoty6uqfnrsmqy7","id":"optordtdfprvsl8"},"id":"goot3f4zzvya7kp","previousOperationId":"4p9rv3y2uqdkvp2"}
{"type":"log","timestamp":1705591634622,"level":"debug","message":"Page request finished: GET (stylesheet) 200 https://cdnjs.cloudflare.com/ajax/libs/metro/4.1.5/css/metro.min.css","meta":{"rootId":"xoty6uqfnrsmqy7","id":"optordtdfprvsl8"},"id":"jcukspg08r0ognv","previousOperationId":"4p9rv3y2uqdkvp2"}
{"type":"log","timestamp":1705591634635,"level":"debug","message":"Running chrome with params {\"printBackground\":true,\"marginTop\":\"1.5cm\",\"marginRight\":\"1.5cm\",\"marginLeft\":\"1.cm\",\"timeout\":59703,\"margin\":{\"top\":\"1.5cm\",\"right\":\"1.5cm\",\"left\":\"1.cm\"}}","meta":{"rootId":"xoty6uqfnrsmqy7","id":"optordtdfprvsl8"},"id":"0u7qkhmmwhiitzc","previousOperationId":"4p9rv3y2uqdkvp2"}
{"type":"operationEnd","operationId":"4p9rv3y2uqdkvp2","timestamp":1705591634665,"id":"dbrnbgc192y7x77","previousEventId":"a3a21w52b8lbykg","previousOperationId":"4p9rv3y2uqdkvp2"}
{"type":"log","timestamp":1705591634666,"level":"debug","message":"Skipping storing report.","meta":{"rootId":"xoty6uqfnrsmqy7","id":"optordtdfprvsl8"},"id":"o5dm65wamv7lx2u","previousOperationId":"4p9rv3y2uqdkvp2"}
{"type":"log","timestamp":1705591634666,"level":"info","message":"Rendering (child) request finished in 425 ms","meta":{"rootId":"xoty6uqfnrsmqy7","id":"optordtdfprvsl8"},"id":"8dx998cr34pfv07","previousOperationId":"4p9rv3y2uqdkvp2"}
{"type":"operationEnd","subtype":"render","operationId":"axe009oqz0fgd85","timestamp":1705591634666,"id":"jlm7lxsh9mcnwa8","previousEventId":"dbrnbgc192y7x77","previousOperationId":"4p9rv3y2uqdkvp2"}
{"type":"operationEnd","operationId":"artruu9lz6ehdko","timestamp":1705591634679,"id":"8culvo523ku2ibw","previousEventId":"q33vnp3s2ubaoz0","previousOperationId":"artruu9lz6ehdko"}
{"type":"log","timestamp":1705591634679,"level":"debug","message":"pdf-utils postproces start","meta":{"rootId":"xoty6uqfnrsmqy7","id":"xoty6uqfnrsmqy7"},"id":"e2nqx1n45weely1","previousOperationId":"artruu9lz6ehdko"}
{"type":"log","timestamp":1705591634688,"level":"debug","message":"pdf-utils postproces end","meta":{"rootId":"xoty6uqfnrsmqy7","id":"xoty6uqfnrsmqy7"},"id":"ic3f5mx4gg3i2ml","previousOperationId":"artruu9lz6ehdko"}
{"type":"operationEnd","operationId":"1orn0r45wsg64zn","timestamp":1705591634688,"id":"2akgukqnbirdrkf","previousEventId":"8culvo523ku2ibw","previousOperationId":"artruu9lz6ehdko"}
{"type":"log","timestamp":1705591634688,"level":"info","message":"pdf-utils pdf processing was finished","meta":{"rootId":"xoty6uqfnrsmqy7","id":"xoty6uqfnrsmqy7"},"id":"wf17sl2jdu7a7yw","previousOperationId":"1orn0r45wsg64zn"}
{"type":"log","timestamp":1705591634688,"level":"debug","message":"Skipping storing report.","meta":{"rootId":"xoty6uqfnrsmqy7","id":"xoty6uqfnrsmqy7"},"id":"059ayff3fl67jb8","previousOperationId":"1orn0r45wsg64zn"}
{"type":"log","timestamp":1705591634688,"level":"info","message":"Rendering request 48 finished in 447 ms","meta":{"rootId":"xoty6uqfnrsmqy7","id":"xoty6uqfnrsmqy7"},"id":"pc5lbajgvz84lug","previousOperationId":"1orn0r45wsg64zn"}
{"type":"operationEnd","subtype":"render","operationId":"v0sr5v4n7a3b11j","timestamp":1705591634688,"id":"7dswjinlbibj57y","previousEventId":"2akgukqnbirdrkf","previousOperationId":"1orn0r45wsg64zn"}
{"type":"operationEnd","doDiffs":false,"previousEventId":"v965673n75o0uhc","previousOperationId":"5wlzb5vilrygxue","operationId":"5wlzb5vilrygxue","timestamp":1705591634693,"id":"k4t12kpawew5mmm"}
