{"type":"operationStart","subtype":"profile","data":{"_id":"B06U2axUP7O501GT","timestamp":"2024-01-17T16:21:17.367Z","state":"queued","mode":"standard","creationDate":"2024-01-17T16:21:17.368Z","modificationDate":"2024-01-17T16:21:17.368Z","shortid":"9Q00R8W","$entitySet":"profiles"},"doDiffs":false,"timestamp":1705508477368,"id":"is8axi7cyx4wfjg","previousOperationId":null,"operationId":"vdie5kfyrn2cux7"}
{"type":"log","level":"info","message":"Render request 36 queued for execution and waiting for available worker","previousOperationId":"vdie5kfyrn2cux7","timestamp":1705508477368,"id":"a33chzqr332txvf"}
{"type":"operationStart","subtype":"render","name":"orders-main","previousOperationId":"vdie5kfyrn2cux7","timestamp":1705508477373,"id":"85k7kjupeasdjkb","previousEventId":"is8axi7cyx4wfjg","operationId":"l9ra7nm3vrq6ipw"}
{"type":"log","timestamp":1705508477373,"level":"info","message":"Starting rendering request 36","meta":{"rootId":"xwel74jbjgl092r","id":"xwel74jbjgl092r"},"id":"5cv82dp06bfcp1l","previousOperationId":"l9ra7nm3vrq6ipw"}
{"type":"log","timestamp":1705508477373,"level":"info","message":"Rendering template { name: orders-main, recipe: chrome-pdf, engine: handlebars, preview: true }","meta":{"rootId":"xwel74jbjgl092r","id":"xwel74jbjgl092r"},"id":"9w9ahhpwekv59w4","previousOperationId":"l9ra7nm3vrq6ipw"}
{"type":"log","timestamp":1705508477374,"level":"debug","message":"Data item not defined for this template.","meta":{"rootId":"xwel74jbjgl092r","id":"xwel74jbjgl092r"},"id":"yjpf8a914rybiff","previousOperationId":"l9ra7nm3vrq6ipw"}
{"type":"log","timestamp":1705508477376,"level":"debug","message":"Executing script orders-script (beforeRender)","meta":{"rootId":"xwel74jbjgl092r","id":"xwel74jbjgl092r"},"id":"nvsg33l17igaam7","previousOperationId":"l9ra7nm3vrq6ipw"}
{"type":"operationStart","subtype":"scriptsBeforeRender","name":"scripts beforeRender","timestamp":1705508477387,"id":"ucpyrd9zszb7hnu","previousEventId":"85k7kjupeasdjkb","operationId":"4ynvzsu66r5s1t1","previousOperationId":"l9ra7nm3vrq6ipw"}
{"type":"operationStart","subtype":"script","name":"scripts orders-script","previousOperationId":"4ynvzsu66r5s1t1","timestamp":1705508477387,"id":"1gowjuestuemwor","previousEventId":"ucpyrd9zszb7hnu","operationId":"5dz1sa7w8zn67t9"}
{"type":"operationEnd","operationId":"5dz1sa7w8zn67t9","timestamp":1705508477397,"id":"szdy7kf6a03klyf","previousEventId":"85k7kjupeasdjkb","previousOperationId":"l9ra7nm3vrq6ipw"}
{"type":"operationEnd","operationId":"4ynvzsu66r5s1t1","timestamp":1705508477397,"id":"z5yokavdrcerouj","previousEventId":"szdy7kf6a03klyf","previousOperationId":"l9ra7nm3vrq6ipw"}
{"type":"log","timestamp":1705508477397,"level":"debug","message":"Base url not specified, skipping its injection.","meta":{"rootId":"xwel74jbjgl092r","id":"xwel74jbjgl092r"},"id":"rzidipqol7xvevs","previousOperationId":"4ynvzsu66r5s1t1"}
{"type":"operationStart","subtype":"engine","name":"handlebars","timestamp":1705508477397,"id":"9qomtg1c8f6kj2e","previousEventId":"z5yokavdrcerouj","operationId":"0nyzxiqcqpnyutm","previousOperationId":"4ynvzsu66r5s1t1"}
{"type":"log","timestamp":1705508477397,"level":"debug","message":"Rendering engine handlebars","meta":{"rootId":"xwel74jbjgl092r","id":"xwel74jbjgl092r"},"id":"k1wuvnf8x6d82ok","previousOperationId":"0nyzxiqcqpnyutm"}
{"type":"log","timestamp":1705508477404,"level":"debug","message":"(console:log) Pdf utils adding group field, value: \"Race1\"","meta":{"userLevel":true,"rootId":"xwel74jbjgl092r","id":"xwel74jbjgl092r"},"id":"0kplrh0nk78t1tn","previousOperationId":"0nyzxiqcqpnyutm"}
{"type":"log","timestamp":1705508477404,"level":"debug","message":"(console:log) Pdf utils adding group field, value: \"Race2\"","meta":{"userLevel":true,"rootId":"xwel74jbjgl092r","id":"xwel74jbjgl092r"},"id":"s403fm8ibr1sbsm","previousOperationId":"0nyzxiqcqpnyutm"}
{"type":"operationEnd","operationId":"0nyzxiqcqpnyutm","timestamp":1705508477405,"id":"yuk5b9lo876xwhy","previousEventId":"9qomtg1c8f6kj2e","previousOperationId":"0nyzxiqcqpnyutm"}
{"type":"operationStart","subtype":"recipe","name":"chrome-pdf","timestamp":1705508477405,"id":"n5in8wa123dbf03","previousEventId":"yuk5b9lo876xwhy","operationId":"bbyfo486mij6rgi","previousOperationId":"0nyzxiqcqpnyutm"}
{"type":"log","timestamp":1705508477405,"level":"debug","message":"Executing recipe chrome-pdf","meta":{"rootId":"xwel74jbjgl092r","id":"xwel74jbjgl092r"},"id":"1b1j3kag28gxwow","previousOperationId":"bbyfo486mij6rgi"}
{"type":"log","timestamp":1705508477406,"level":"debug","message":"Converting with chrome HeadlessChrome/117.0.5938.149 using chrome-pool strategy","meta":{"rootId":"xwel74jbjgl092r","id":"xwel74jbjgl092r"},"id":"c7r9em7dfksha0x","previousOperationId":"bbyfo486mij6rgi"}
{"type":"log","timestamp":1705508477472,"level":"debug","message":"Page request: GET (document) file:///C:/Users/DANIEL~1/AppData/Local/Temp/jsreport/autocleanup/24cd50af-c424-4277-ba1f-c75fe95ecb98-chrome-pdf.html","meta":{"rootId":"xwel74jbjgl092r","id":"xwel74jbjgl092r"},"id":"immphzo4x91ixmx","previousOperationId":"bbyfo486mij6rgi"}
{"type":"log","timestamp":1705508477486,"level":"debug","message":"Page request: GET (stylesheet) https://cdnjs.cloudflare.com/ajax/libs/metro/4.1.5/css/metro.min.css","meta":{"rootId":"xwel74jbjgl092r","id":"xwel74jbjgl092r"},"id":"wwilkma9ibsv8hs","previousOperationId":"bbyfo486mij6rgi"}
{"type":"log","timestamp":1705508477486,"level":"debug","message":"Page request: GET (script) https://cdnjs.cloudflare.com/ajax/libs/Chart.js/2.7.2/Chart.min.js","meta":{"rootId":"xwel74jbjgl092r","id":"xwel74jbjgl092r"},"id":"6zv7m2z0xklbva7","previousOperationId":"bbyfo486mij6rgi"}
{"type":"log","timestamp":1705508477486,"level":"debug","message":"Page request finished: GET (document) 200 file:///C:/Users/DANIEL~1/AppData/Local/Temp/jsreport/autocleanup/24cd50af-c424-4277-ba1f-c75fe95ecb98-chrome-pdf.html","meta":{"rootId":"xwel74jbjgl092r","id":"xwel74jbjgl092r"},"id":"fmxrqt51qncdqiz","previousOperationId":"bbyfo486mij6rgi"}
{"type":"log","timestamp":1705508477489,"level":"debug","message":"Page request finished: GET (script) 200 https://cdnjs.cloudflare.com/ajax/libs/Chart.js/2.7.2/Chart.min.js","meta":{"rootId":"xwel74jbjgl092r","id":"xwel74jbjgl092r"},"id":"04acqzq49462w1v","previousOperationId":"bbyfo486mij6rgi"}
{"type":"log","timestamp":1705508477500,"level":"debug","message":"Page request finished: GET (stylesheet) 200 https://cdnjs.cloudflare.com/ajax/libs/metro/4.1.5/css/metro.min.css","meta":{"rootId":"xwel74jbjgl092r","id":"xwel74jbjgl092r"},"id":"0cfpmo5g057pbxg","previousOperationId":"bbyfo486mij6rgi"}
{"type":"log","timestamp":1705508477522,"level":"debug","message":"Running chrome with params {\"printBackground\":true,\"marginTop\":\"4cm\",\"marginRight\":\"1.5cm\",\"marginBottom\":\"1.5cm\",\"marginLeft\":\"1.5cm\",\"waitForJS\":false,\"timeout\":59961,\"margin\":{\"top\":\"4cm\",\"right\":\"1.5cm\",\"bottom\":\"1.5cm\",\"left\":\"1.5cm\"}}","meta":{"rootId":"xwel74jbjgl092r","id":"xwel74jbjgl092r"},"id":"vfz3gav7lymaowz","previousOperationId":"bbyfo486mij6rgi"}
{"type":"operationEnd","operationId":"bbyfo486mij6rgi","timestamp":1705508477573,"id":"b7iey2xbw565pmk","previousEventId":"n5in8wa123dbf03","previousOperationId":"bbyfo486mij6rgi"}
{"type":"log","timestamp":1705508477573,"level":"info","message":"pdf-utils is starting pdf processing","meta":{"rootId":"xwel74jbjgl092r","id":"xwel74jbjgl092r"},"id":"inia30bk13ejrov","previousOperationId":"bbyfo486mij6rgi"}
{"type":"operationStart","subtype":"pdfUtils","name":"pdf utils","timestamp":1705508477573,"id":"wgz4syt4v97y75s","previousEventId":"b7iey2xbw565pmk","operationId":"zc8q8ifp109l9hp","previousOperationId":"bbyfo486mij6rgi"}
{"type":"log","timestamp":1705508477573,"level":"debug","message":"pdf-utils detected 1 pdf operation(s) to process","meta":{"rootId":"xwel74jbjgl092r","id":"xwel74jbjgl092r"},"id":"rtrupvnbd3kxnik","previousOperationId":"zc8q8ifp109l9hp"}
{"type":"log","timestamp":1705508477584,"level":"debug","message":"pdf-utils running pdf operation merge","meta":{"rootId":"xwel74jbjgl092r","id":"xwel74jbjgl092r"},"id":"5e3e9b5b4c0nwz4","previousOperationId":"zc8q8ifp109l9hp"}
{"type":"operationStart","subtype":"pdfUtilsMerge","name":"pdf utils merge","previousOperationId":"zc8q8ifp109l9hp","timestamp":1705508477584,"id":"xwicotaw6kd2rs3","previousEventId":"wgz4syt4v97y75s","operationId":"qs6fcchi1lo7pl1"}
{"type":"operationStart","subtype":"render","name":"orders-header","previousOperationId":"qs6fcchi1lo7pl1","timestamp":1705508477585,"id":"yln0yeuwmdhdguo","previousEventId":"xwicotaw6kd2rs3","operationId":"l1kwg5oydvy5816"}
{"type":"log","timestamp":1705508477585,"level":"info","message":"Starting rendering (child) request","meta":{"rootId":"xwel74jbjgl092r","id":"37fp5h9mrl6dvo2"},"id":"mna65exhq7dzdrb","previousOperationId":"l1kwg5oydvy5816"}
{"type":"log","timestamp":1705508477585,"level":"info","message":"Rendering template { name: orders-header, recipe: chrome-pdf, engine: handlebars, preview: true }","meta":{"rootId":"xwel74jbjgl092r","id":"37fp5h9mrl6dvo2"},"id":"mhl0wupa6umwmkp","previousOperationId":"l1kwg5oydvy5816"}
{"type":"log","timestamp":1705508477586,"level":"debug","message":"Inline data specified.","meta":{"rootId":"xwel74jbjgl092r","id":"37fp5h9mrl6dvo2"},"id":"05ro0odt0f5g1cf","previousOperationId":"l1kwg5oydvy5816"}
{"type":"log","timestamp":1705508477587,"level":"debug","message":"Base url not specified, skipping its injection.","meta":{"rootId":"xwel74jbjgl092r","id":"37fp5h9mrl6dvo2"},"id":"c9ds5vbz5sfth3f","previousOperationId":"l1kwg5oydvy5816"}
{"type":"operationStart","subtype":"engine","name":"handlebars","timestamp":1705508477587,"id":"u0x0b0tnehum38v","previousEventId":"yln0yeuwmdhdguo","operationId":"2fq0bodlvxvq9t4","previousOperationId":"l1kwg5oydvy5816"}
{"type":"log","timestamp":1705508477587,"level":"debug","message":"Rendering engine handlebars","meta":{"rootId":"xwel74jbjgl092r","id":"37fp5h9mrl6dvo2"},"id":"c5mzhpoa0g46op8","previousOperationId":"2fq0bodlvxvq9t4"}
{"type":"operationEnd","operationId":"2fq0bodlvxvq9t4","timestamp":1705508477600,"id":"6l9235r0sj0gish","previousEventId":"u0x0b0tnehum38v","previousOperationId":"2fq0bodlvxvq9t4"}
{"type":"operationStart","subtype":"recipe","name":"chrome-pdf","timestamp":1705508477600,"id":"eihycghamdr6z6d","previousEventId":"6l9235r0sj0gish","operationId":"z1sx4csea7q6tly","previousOperationId":"2fq0bodlvxvq9t4"}
{"type":"log","timestamp":1705508477600,"level":"debug","message":"Executing recipe chrome-pdf","meta":{"rootId":"xwel74jbjgl092r","id":"37fp5h9mrl6dvo2"},"id":"6dng564dr6ziwhb","previousOperationId":"z1sx4csea7q6tly"}
{"type":"log","timestamp":1705508477602,"level":"debug","message":"Converting with chrome HeadlessChrome/117.0.5938.149 using chrome-pool strategy","meta":{"rootId":"xwel74jbjgl092r","id":"37fp5h9mrl6dvo2"},"id":"7fm0i5y5gbf7fw4","previousOperationId":"z1sx4csea7q6tly"}
{"type":"log","timestamp":1705508477664,"level":"debug","message":"Page request: GET (document) file:///C:/Users/DANIEL~1/AppData/Local/Temp/jsreport/autocleanup/4e9ef5b0-146f-458a-ad39-67b612b3dd9b-chrome-pdf.html","meta":{"rootId":"xwel74jbjgl092r","id":"37fp5h9mrl6dvo2"},"id":"rs654eubsk8u0us","previousOperationId":"z1sx4csea7q6tly"}
{"type":"log","timestamp":1705508477678,"level":"debug","message":"Page request: GET (stylesheet) https://cdnjs.cloudflare.com/ajax/libs/metro/4.1.5/css/metro.min.css","meta":{"rootId":"xwel74jbjgl092r","id":"37fp5h9mrl6dvo2"},"id":"hwnlsp4gwrhp1zf","previousOperationId":"z1sx4csea7q6tly"}
{"type":"log","timestamp":1705508477678,"level":"debug","message":"Page request finished: GET (document) 200 file:///C:/Users/DANIEL~1/AppData/Local/Temp/jsreport/autocleanup/4e9ef5b0-146f-458a-ad39-67b612b3dd9b-chrome-pdf.html","meta":{"rootId":"xwel74jbjgl092r","id":"37fp5h9mrl6dvo2"},"id":"im52uv65dx7yw9r","previousOperationId":"z1sx4csea7q6tly"}
{"type":"log","timestamp":1705508477690,"level":"debug","message":"Page request finished: GET (stylesheet) 200 https://cdnjs.cloudflare.com/ajax/libs/metro/4.1.5/css/metro.min.css","meta":{"rootId":"xwel74jbjgl092r","id":"37fp5h9mrl6dvo2"},"id":"zgu356mmzz3mhd5","previousOperationId":"z1sx4csea7q6tly"}
{"type":"log","timestamp":1705508477703,"level":"debug","message":"Running chrome with params {\"printBackground\":true,\"marginTop\":\"1.5cm\",\"marginRight\":\"1.5cm\",\"marginLeft\":\"1.cm\",\"timeout\":59766,\"margin\":{\"top\":\"1.5cm\",\"right\":\"1.5cm\",\"left\":\"1.cm\"}}","meta":{"rootId":"xwel74jbjgl092r","id":"37fp5h9mrl6dvo2"},"id":"f3x8pzzb27tys5b","previousOperationId":"z1sx4csea7q6tly"}
{"type":"operationEnd","operationId":"z1sx4csea7q6tly","timestamp":1705508477731,"id":"s3ww754ufrm9ny9","previousEventId":"eihycghamdr6z6d","previousOperationId":"z1sx4csea7q6tly"}
{"type":"log","timestamp":1705508477731,"level":"debug","message":"Skipping storing report.","meta":{"rootId":"xwel74jbjgl092r","id":"37fp5h9mrl6dvo2"},"id":"s6vxquyqgur413y","previousOperationId":"z1sx4csea7q6tly"}
{"type":"log","timestamp":1705508477731,"level":"info","message":"Rendering (child) request finished in 364 ms","meta":{"rootId":"xwel74jbjgl092r","id":"37fp5h9mrl6dvo2"},"id":"qtlpmjv5xuex7s5","previousOperationId":"z1sx4csea7q6tly"}
{"type":"operationEnd","subtype":"render","operationId":"l1kwg5oydvy5816","timestamp":1705508477731,"id":"u1nsh6zg7257175","previousEventId":"s3ww754ufrm9ny9","previousOperationId":"z1sx4csea7q6tly"}
{"type":"operationEnd","operationId":"qs6fcchi1lo7pl1","timestamp":1705508477737,"id":"zszhx4zoxc8ckj6","previousEventId":"xwicotaw6kd2rs3","previousOperationId":"qs6fcchi1lo7pl1"}
{"type":"log","timestamp":1705508477737,"level":"debug","message":"pdf-utils postproces start","meta":{"rootId":"xwel74jbjgl092r","id":"xwel74jbjgl092r"},"id":"seoa9wkgjrziyzt","previousOperationId":"qs6fcchi1lo7pl1"}
{"type":"log","timestamp":1705508477744,"level":"debug","message":"pdf-utils postproces end","meta":{"rootId":"xwel74jbjgl092r","id":"xwel74jbjgl092r"},"id":"bg94l8pyim1ykd4","previousOperationId":"qs6fcchi1lo7pl1"}
{"type":"operationEnd","operationId":"zc8q8ifp109l9hp","timestamp":1705508477744,"id":"t67v5p57b23xsvn","previousEventId":"zszhx4zoxc8ckj6","previousOperationId":"qs6fcchi1lo7pl1"}
{"type":"log","timestamp":1705508477744,"level":"info","message":"pdf-utils pdf processing was finished","meta":{"rootId":"xwel74jbjgl092r","id":"xwel74jbjgl092r"},"id":"ahaex7rvngjwd9c","previousOperationId":"zc8q8ifp109l9hp"}
{"type":"log","timestamp":1705508477744,"level":"debug","message":"Skipping storing report.","meta":{"rootId":"xwel74jbjgl092r","id":"xwel74jbjgl092r"},"id":"ls62o6yr3stl0j8","previousOperationId":"zc8q8ifp109l9hp"}
{"type":"log","timestamp":1705508477744,"level":"info","message":"Rendering request 36 finished in 377 ms","meta":{"rootId":"xwel74jbjgl092r","id":"xwel74jbjgl092r"},"id":"x10h0f2armvrzc8","previousOperationId":"zc8q8ifp109l9hp"}
{"type":"operationEnd","subtype":"render","operationId":"l9ra7nm3vrq6ipw","timestamp":1705508477744,"id":"s7nuf1oxzcdxjiv","previousEventId":"t67v5p57b23xsvn","previousOperationId":"zc8q8ifp109l9hp"}
{"type":"operationEnd","doDiffs":false,"previousEventId":"is8axi7cyx4wfjg","previousOperationId":"vdie5kfyrn2cux7","operationId":"vdie5kfyrn2cux7","timestamp":1705508477756,"id":"trgxo0txh4lceil"}
