{"type":"operationStart","subtype":"profile","data":{"_id":"xlpbBBpkrqSsiqr1","timestamp":"2024-01-18T15:21:41.858Z","state":"queued","mode":"standard","creationDate":"2024-01-18T15:21:41.860Z","modificationDate":"2024-01-18T15:21:41.860Z","shortid":"Etu0U16","$entitySet":"profiles"},"doDiffs":false,"timestamp":1705591301859,"id":"a86fi0azth2wk9g","previousOperationId":null,"operationId":"5sgh0sdbevf9940"}
{"type":"log","level":"info","message":"Render request 41 queued for execution and waiting for available worker","previousOperationId":"5sgh0sdbevf9940","timestamp":1705591301859,"id":"berds9vzhkviuxt"}
{"type":"operationStart","subtype":"render","name":"orders-main","previousOperationId":"5sgh0sdbevf9940","timestamp":1705591301864,"id":"olol5wg5cctpuxx","previousEventId":"a86fi0azth2wk9g","operationId":"uyixy0p5rf9pi0n"}
{"type":"log","timestamp":1705591301864,"level":"info","message":"Starting rendering request 41","meta":{"rootId":"xyrxmwyacxcpeq5","id":"xyrxmwyacxcpeq5"},"id":"khvnm9tl6m53w66","previousOperationId":"uyixy0p5rf9pi0n"}
{"type":"log","timestamp":1705591301865,"level":"info","message":"Rendering template { name: orders-main, recipe: chrome-pdf, engine: handlebars, preview: true }","meta":{"rootId":"xyrxmwyacxcpeq5","id":"xyrxmwyacxcpeq5"},"id":"u4wwtcxyj4hijxj","previousOperationId":"uyixy0p5rf9pi0n"}
{"type":"log","timestamp":1705591301866,"level":"debug","message":"Data item not defined for this template.","meta":{"rootId":"xyrxmwyacxcpeq5","id":"xyrxmwyacxcpeq5"},"id":"02c450n6hev6yfx","previousOperationId":"uyixy0p5rf9pi0n"}
{"type":"log","timestamp":1705591301867,"level":"debug","message":"Executing script orders-script (beforeRender)","meta":{"rootId":"xyrxmwyacxcpeq5","id":"xyrxmwyacxcpeq5"},"id":"ogl8ouj7znuvd8m","previousOperationId":"uyixy0p5rf9pi0n"}
{"type":"operationStart","subtype":"scriptsBeforeRender","name":"scripts beforeRender","timestamp":1705591301876,"id":"x1us6kh5gr0qai7","previousEventId":"olol5wg5cctpuxx","operationId":"s2tt1gij82pb15h","previousOperationId":"uyixy0p5rf9pi0n"}
{"type":"operationStart","subtype":"script","name":"scripts orders-script","previousOperationId":"s2tt1gij82pb15h","timestamp":1705591301876,"id":"5k6uquta7gpkgy2","previousEventId":"x1us6kh5gr0qai7","operationId":"iyp67d77xflb04z"}
{"type":"operationEnd","operationId":"iyp67d77xflb04z","timestamp":1705591301884,"id":"28sn6o4s69hpi0w","previousEventId":"olol5wg5cctpuxx","previousOperationId":"uyixy0p5rf9pi0n"}
{"type":"operationEnd","operationId":"s2tt1gij82pb15h","timestamp":1705591301884,"id":"ssqpw83uh19izv0","previousEventId":"28sn6o4s69hpi0w","previousOperationId":"uyixy0p5rf9pi0n"}
{"type":"log","timestamp":1705591301884,"level":"debug","message":"Base url not specified, skipping its injection.","meta":{"rootId":"xyrxmwyacxcpeq5","id":"xyrxmwyacxcpeq5"},"id":"63kurhu5xpsvl6y","previousOperationId":"s2tt1gij82pb15h"}
{"type":"operationStart","subtype":"engine","name":"handlebars","timestamp":1705591301884,"id":"7ue416i36b93hc1","previousEventId":"ssqpw83uh19izv0","operationId":"yb0xrbabozt1quq","previousOperationId":"s2tt1gij82pb15h"}
{"type":"log","timestamp":1705591301884,"level":"debug","message":"Rendering engine handlebars","meta":{"rootId":"xyrxmwyacxcpeq5","id":"xyrxmwyacxcpeq5"},"id":"68b7qgh4l6qs5x3","previousOperationId":"yb0xrbabozt1quq"}
{"type":"log","timestamp":1705591301896,"level":"debug","message":"(console:log) Pdf utils adding group field, value: \"Race1\"","meta":{"userLevel":true,"rootId":"xyrxmwyacxcpeq5","id":"xyrxmwyacxcpeq5"},"id":"6mfh89lbzghsqv8","previousOperationId":"yb0xrbabozt1quq"}
{"type":"log","timestamp":1705591301896,"level":"debug","message":"(console:log) Pdf utils adding group field, value: \"Race2\"","meta":{"userLevel":true,"rootId":"xyrxmwyacxcpeq5","id":"xyrxmwyacxcpeq5"},"id":"gjsobz0h5vu4mzx","previousOperationId":"yb0xrbabozt1quq"}
{"type":"operationEnd","operationId":"yb0xrbabozt1quq","timestamp":1705591301897,"id":"ik0yeid3q3emy14","previousEventId":"7ue416i36b93hc1","previousOperationId":"yb0xrbabozt1quq"}
{"type":"operationStart","subtype":"recipe","name":"chrome-pdf","timestamp":1705591301897,"id":"568fynvtb1cnekl","previousEventId":"ik0yeid3q3emy14","operationId":"7vt54vynt15a62g","previousOperationId":"yb0xrbabozt1quq"}
{"type":"log","timestamp":1705591301897,"level":"debug","message":"Executing recipe chrome-pdf","meta":{"rootId":"xyrxmwyacxcpeq5","id":"xyrxmwyacxcpeq5"},"id":"c4c0inu96lyqj02","previousOperationId":"7vt54vynt15a62g"}
{"type":"log","timestamp":1705591301899,"level":"debug","message":"Converting with chrome HeadlessChrome/117.0.5938.149 using chrome-pool strategy","meta":{"rootId":"xyrxmwyacxcpeq5","id":"xyrxmwyacxcpeq5"},"id":"b90p6a5kp7pd88e","previousOperationId":"7vt54vynt15a62g"}
{"type":"log","timestamp":1705591301967,"level":"debug","message":"Page request: GET (document) file:///C:/Users/DANIEL~1/AppData/Local/Temp/jsreport/autocleanup/7117af29-7c80-441e-b45e-de286c303456-chrome-pdf.html","meta":{"rootId":"xyrxmwyacxcpeq5","id":"xyrxmwyacxcpeq5"},"id":"d68lkah2hkmomwb","previousOperationId":"7vt54vynt15a62g"}
{"type":"log","timestamp":1705591301985,"level":"debug","message":"Page request: GET (stylesheet) https://cdnjs.cloudflare.com/ajax/libs/metro/4.1.5/css/metro.min.css","meta":{"rootId":"xyrxmwyacxcpeq5","id":"xyrxmwyacxcpeq5"},"id":"ktejqn8r9d1qkw3","previousOperationId":"7vt54vynt15a62g"}
{"type":"log","timestamp":1705591301985,"level":"debug","message":"Page request: GET (script) https://cdnjs.cloudflare.com/ajax/libs/Chart.js/2.9.4/Chart.js","meta":{"rootId":"xyrxmwyacxcpeq5","id":"xyrxmwyacxcpeq5"},"id":"twxsc52e88kha37","previousOperationId":"7vt54vynt15a62g"}
{"type":"log","timestamp":1705591301985,"level":"debug","message":"Page request finished: GET (document) 200 file:///C:/Users/DANIEL~1/AppData/Local/Temp/jsreport/autocleanup/7117af29-7c80-441e-b45e-de286c303456-chrome-pdf.html","meta":{"rootId":"xyrxmwyacxcpeq5","id":"xyrxmwyacxcpeq5"},"id":"d7b47s7f6ed7mnl","previousOperationId":"7vt54vynt15a62g"}
{"type":"log","timestamp":1705591301997,"level":"debug","message":"Page request finished: GET (stylesheet) 200 https://cdnjs.cloudflare.com/ajax/libs/metro/4.1.5/css/metro.min.css","meta":{"rootId":"xyrxmwyacxcpeq5","id":"xyrxmwyacxcpeq5"},"id":"4feibsyodm8uk1k","previousOperationId":"7vt54vynt15a62g"}
{"type":"log","timestamp":1705591301998,"level":"debug","message":"Page request finished: GET (script) 200 https://cdnjs.cloudflare.com/ajax/libs/Chart.js/2.9.4/Chart.js","meta":{"rootId":"xyrxmwyacxcpeq5","id":"xyrxmwyacxcpeq5"},"id":"ja3jw0o4nxdnk63","previousOperationId":"7vt54vynt15a62g"}
{"type":"log","timestamp":1705591302001,"level":"warn","message":"Page error: Missing initializer in const declaration , stack: SyntaxError: Missing initializer in const declaration","meta":{"rootId":"xyrxmwyacxcpeq5","id":"xyrxmwyacxcpeq5"},"id":"m4c3i7eqcefouha","previousOperationId":"7vt54vynt15a62g"}
{"type":"log","timestamp":1705591302021,"level":"debug","message":"Running chrome with params {\"printBackground\":true,\"marginTop\":\"4cm\",\"marginRight\":\"1.5cm\",\"marginBottom\":\"1.5cm\",\"marginLeft\":\"1.5cm\",\"waitForJS\":false,\"timeout\":59960,\"margin\":{\"top\":\"4cm\",\"right\":\"1.5cm\",\"bottom\":\"1.5cm\",\"left\":\"1.5cm\"}}","meta":{"rootId":"xyrxmwyacxcpeq5","id":"xyrxmwyacxcpeq5"},"id":"n8r5zj1vqt9cnpq","previousOperationId":"7vt54vynt15a62g"}
{"type":"operationEnd","operationId":"7vt54vynt15a62g","timestamp":1705591302081,"id":"op65wqer7t5emeo","previousEventId":"568fynvtb1cnekl","previousOperationId":"7vt54vynt15a62g"}
{"type":"log","timestamp":1705591302081,"level":"info","message":"pdf-utils is starting pdf processing","meta":{"rootId":"xyrxmwyacxcpeq5","id":"xyrxmwyacxcpeq5"},"id":"hr1d5w044xujfap","previousOperationId":"7vt54vynt15a62g"}
{"type":"operationStart","subtype":"pdfUtils","name":"pdf utils","timestamp":1705591302081,"id":"cwkuhri9lh5tlwc","previousEventId":"op65wqer7t5emeo","operationId":"fqghcxoj04zqeia","previousOperationId":"7vt54vynt15a62g"}
{"type":"log","timestamp":1705591302081,"level":"debug","message":"pdf-utils detected 1 pdf operation(s) to process","meta":{"rootId":"xyrxmwyacxcpeq5","id":"xyrxmwyacxcpeq5"},"id":"5t2dwe84d2uaeix","previousOperationId":"fqghcxoj04zqeia"}
{"type":"log","timestamp":1705591302091,"level":"debug","message":"pdf-utils running pdf operation merge","meta":{"rootId":"xyrxmwyacxcpeq5","id":"xyrxmwyacxcpeq5"},"id":"9k34h5m4imb8xhz","previousOperationId":"fqghcxoj04zqeia"}
{"type":"operationStart","subtype":"pdfUtilsMerge","name":"pdf utils merge","previousOperationId":"fqghcxoj04zqeia","timestamp":1705591302091,"id":"upb20huz791d3ft","previousEventId":"cwkuhri9lh5tlwc","operationId":"wwmfd79653xqf1a"}
{"type":"operationStart","subtype":"render","name":"orders-header","previousOperationId":"wwmfd79653xqf1a","timestamp":1705591302092,"id":"t6yznc9qu8eyj6b","previousEventId":"upb20huz791d3ft","operationId":"dwvav1he6s0nymp"}
{"type":"log","timestamp":1705591302092,"level":"info","message":"Starting rendering (child) request","meta":{"rootId":"xyrxmwyacxcpeq5","id":"5d7pxjtvkrktwg0"},"id":"t8o8q9vybyzufvl","previousOperationId":"dwvav1he6s0nymp"}
{"type":"log","timestamp":1705591302092,"level":"info","message":"Rendering template { name: orders-header, recipe: chrome-pdf, engine: handlebars, preview: true }","meta":{"rootId":"xyrxmwyacxcpeq5","id":"5d7pxjtvkrktwg0"},"id":"jxld8x7yqilgo0h","previousOperationId":"dwvav1he6s0nymp"}
{"type":"log","timestamp":1705591302092,"level":"debug","message":"Inline data specified.","meta":{"rootId":"xyrxmwyacxcpeq5","id":"5d7pxjtvkrktwg0"},"id":"bk8evo8d82udwk4","previousOperationId":"dwvav1he6s0nymp"}
{"type":"log","timestamp":1705591302094,"level":"debug","message":"Base url not specified, skipping its injection.","meta":{"rootId":"xyrxmwyacxcpeq5","id":"5d7pxjtvkrktwg0"},"id":"1ji6udpqmr92lp8","previousOperationId":"dwvav1he6s0nymp"}
{"type":"operationStart","subtype":"engine","name":"handlebars","timestamp":1705591302094,"id":"nl88ie9oq5e5k9i","previousEventId":"t6yznc9qu8eyj6b","operationId":"a664hxpc3q62j07","previousOperationId":"dwvav1he6s0nymp"}
{"type":"log","timestamp":1705591302094,"level":"debug","message":"Rendering engine handlebars","meta":{"rootId":"xyrxmwyacxcpeq5","id":"5d7pxjtvkrktwg0"},"id":"npxf6uhn3ornt2q","previousOperationId":"a664hxpc3q62j07"}
{"type":"operationEnd","operationId":"a664hxpc3q62j07","timestamp":1705591302102,"id":"5wm1ok6brlaa4dl","previousEventId":"nl88ie9oq5e5k9i","previousOperationId":"a664hxpc3q62j07"}
{"type":"operationStart","subtype":"recipe","name":"chrome-pdf","timestamp":1705591302102,"id":"95qk6lj1ys88mct","previousEventId":"5wm1ok6brlaa4dl","operationId":"snp0sjekzi9fkyl","previousOperationId":"a664hxpc3q62j07"}
{"type":"log","timestamp":1705591302102,"level":"debug","message":"Executing recipe chrome-pdf","meta":{"rootId":"xyrxmwyacxcpeq5","id":"5d7pxjtvkrktwg0"},"id":"cbrtbzl3xnlbell","previousOperationId":"snp0sjekzi9fkyl"}
{"type":"log","timestamp":1705591302104,"level":"debug","message":"Converting with chrome HeadlessChrome/117.0.5938.149 using chrome-pool strategy","meta":{"rootId":"xyrxmwyacxcpeq5","id":"5d7pxjtvkrktwg0"},"id":"t833fj969t6zbzx","previousOperationId":"snp0sjekzi9fkyl"}
{"type":"log","timestamp":1705591302169,"level":"debug","message":"Page request: GET (document) file:///C:/Users/DANIEL~1/AppData/Local/Temp/jsreport/autocleanup/97ffff46-4a1a-4aa8-9f09-ca822250e834-chrome-pdf.html","meta":{"rootId":"xyrxmwyacxcpeq5","id":"5d7pxjtvkrktwg0"},"id":"2nfjrzgol6i3xfi","previousOperationId":"snp0sjekzi9fkyl"}
{"type":"log","timestamp":1705591302177,"level":"debug","message":"Page request: GET (stylesheet) https://cdnjs.cloudflare.com/ajax/libs/metro/4.1.5/css/metro.min.css","meta":{"rootId":"xyrxmwyacxcpeq5","id":"5d7pxjtvkrktwg0"},"id":"2r6lza05d9ot2sk","previousOperationId":"snp0sjekzi9fkyl"}
{"type":"log","timestamp":1705591302177,"level":"debug","message":"Page request finished: GET (document) 200 file:///C:/Users/DANIEL~1/AppData/Local/Temp/jsreport/autocleanup/97ffff46-4a1a-4aa8-9f09-ca822250e834-chrome-pdf.html","meta":{"rootId":"xyrxmwyacxcpeq5","id":"5d7pxjtvkrktwg0"},"id":"fpbrvnk2ghkr8nt","previousOperationId":"snp0sjekzi9fkyl"}
{"type":"log","timestamp":1705591302193,"level":"debug","message":"Page request finished: GET (stylesheet) 200 https://cdnjs.cloudflare.com/ajax/libs/metro/4.1.5/css/metro.min.css","meta":{"rootId":"xyrxmwyacxcpeq5","id":"5d7pxjtvkrktwg0"},"id":"z4m9fy57dv3q0c8","previousOperationId":"snp0sjekzi9fkyl"}
{"type":"log","timestamp":1705591302209,"level":"debug","message":"Running chrome with params {\"printBackground\":true,\"marginTop\":\"1.5cm\",\"marginRight\":\"1.5cm\",\"marginLeft\":\"1.cm\",\"timeout\":59755,\"margin\":{\"top\":\"1.5cm\",\"right\":\"1.5cm\",\"left\":\"1.cm\"}}","meta":{"rootId":"xyrxmwyacxcpeq5","id":"5d7pxjtvkrktwg0"},"id":"13ekfl5wq0y6z9h","previousOperationId":"snp0sjekzi9fkyl"}
{"type":"operationEnd","operationId":"snp0sjekzi9fkyl","timestamp":1705591302235,"id":"i2bl3cs3wq6drf9","previousEventId":"95qk6lj1ys88mct","previousOperationId":"snp0sjekzi9fkyl"}
{"type":"log","timestamp":1705591302235,"level":"debug","message":"Skipping storing report.","meta":{"rootId":"xyrxmwyacxcpeq5","id":"5d7pxjtvkrktwg0"},"id":"ssk4hdr935wrr3v","previousOperationId":"snp0sjekzi9fkyl"}
{"type":"log","timestamp":1705591302235,"level":"info","message":"Rendering (child) request finished in 377 ms","meta":{"rootId":"xyrxmwyacxcpeq5","id":"5d7pxjtvkrktwg0"},"id":"ftdidrszmmklsj3","previousOperationId":"snp0sjekzi9fkyl"}
{"type":"operationEnd","subtype":"render","operationId":"dwvav1he6s0nymp","timestamp":1705591302235,"id":"1pey1n41o18acmj","previousEventId":"i2bl3cs3wq6drf9","previousOperationId":"snp0sjekzi9fkyl"}
{"type":"operationEnd","operationId":"wwmfd79653xqf1a","timestamp":1705591302241,"id":"7e2pvghhuqgn7e6","previousEventId":"upb20huz791d3ft","previousOperationId":"wwmfd79653xqf1a"}
{"type":"log","timestamp":1705591302241,"level":"debug","message":"pdf-utils postproces start","meta":{"rootId":"xyrxmwyacxcpeq5","id":"xyrxmwyacxcpeq5"},"id":"cyo8h43w8vlkqxw","previousOperationId":"wwmfd79653xqf1a"}
{"type":"log","timestamp":1705591302248,"level":"debug","message":"pdf-utils postproces end","meta":{"rootId":"xyrxmwyacxcpeq5","id":"xyrxmwyacxcpeq5"},"id":"gww5f9bjq3wfkv4","previousOperationId":"wwmfd79653xqf1a"}
{"type":"operationEnd","operationId":"fqghcxoj04zqeia","timestamp":1705591302248,"id":"fzq9nzb01f1kueh","previousEventId":"7e2pvghhuqgn7e6","previousOperationId":"wwmfd79653xqf1a"}
{"type":"log","timestamp":1705591302248,"level":"info","message":"pdf-utils pdf processing was finished","meta":{"rootId":"xyrxmwyacxcpeq5","id":"xyrxmwyacxcpeq5"},"id":"arall49rjmo3kck","previousOperationId":"fqghcxoj04zqeia"}
{"type":"log","timestamp":1705591302248,"level":"debug","message":"Skipping storing report.","meta":{"rootId":"xyrxmwyacxcpeq5","id":"xyrxmwyacxcpeq5"},"id":"smny46z0g2h5v77","previousOperationId":"fqghcxoj04zqeia"}
{"type":"log","timestamp":1705591302248,"level":"info","message":"Rendering request 41 finished in 390 ms","meta":{"rootId":"xyrxmwyacxcpeq5","id":"xyrxmwyacxcpeq5"},"id":"jl9br9ey51qlvpx","previousOperationId":"fqghcxoj04zqeia"}
{"type":"operationEnd","subtype":"render","operationId":"uyixy0p5rf9pi0n","timestamp":1705591302248,"id":"scw6kb7s41c6d1t","previousEventId":"fzq9nzb01f1kueh","previousOperationId":"fqghcxoj04zqeia"}
{"type":"operationEnd","doDiffs":false,"previousEventId":"a86fi0azth2wk9g","previousOperationId":"5sgh0sdbevf9940","operationId":"5sgh0sdbevf9940","timestamp":1705591302255,"id":"ec2y4z963x3vv4n"}
