{"type":"operationStart","subtype":"profile","data":{"_id":"JVwdIB69UsBY7ISu","timestamp":"2024-01-18T18:13:43.271Z","state":"queued","mode":"standard","creationDate":"2024-01-18T18:13:43.274Z","modificationDate":"2024-01-18T18:13:43.274Z","shortid":"GcydLE6","$entitySet":"profiles"},"doDiffs":false,"timestamp":1705601623272,"id":"oh79vny5lsfjkme","previousOperationId":null,"operationId":"b1x58c1cchnj2v8"}
{"type":"log","level":"info","message":"Render request 24 queued for execution and waiting for available worker","previousOperationId":"b1x58c1cchnj2v8","timestamp":1705601623272,"id":"7ons08hs4i5oi91"}
{"type":"operationStart","subtype":"render","name":"orders-main","previousOperationId":"b1x58c1cchnj2v8","timestamp":1705601623283,"id":"lqz12xvy4tnlpdg","previousEventId":"oh79vny5lsfjkme","operationId":"nemy7o0kcafsra3"}
{"type":"log","timestamp":1705601623284,"level":"info","message":"Starting rendering request 24","meta":{"rootId":"yclj5tdy7818k22","id":"yclj5tdy7818k22"},"id":"h16074e3jd8pohp","previousOperationId":"nemy7o0kcafsra3"}
{"type":"log","timestamp":1705601623284,"level":"info","message":"Rendering template { name: orders-main, recipe: chrome-pdf, engine: handlebars, preview: true }","meta":{"rootId":"yclj5tdy7818k22","id":"yclj5tdy7818k22"},"id":"hseyl57zjzmttuu","previousOperationId":"nemy7o0kcafsra3"}
{"type":"log","timestamp":1705601623285,"level":"debug","message":"Data item not defined for this template.","meta":{"rootId":"yclj5tdy7818k22","id":"yclj5tdy7818k22"},"id":"y1oki908ijz9rkr","previousOperationId":"nemy7o0kcafsra3"}
{"type":"log","timestamp":1705601623287,"level":"debug","message":"Executing script orders-script (beforeRender)","meta":{"rootId":"yclj5tdy7818k22","id":"yclj5tdy7818k22"},"id":"tqonq4g7nw4w0zx","previousOperationId":"nemy7o0kcafsra3"}
{"type":"operationStart","subtype":"scriptsBeforeRender","name":"scripts beforeRender","timestamp":1705601623297,"id":"2syymhov6mpmril","previousEventId":"lqz12xvy4tnlpdg","operationId":"vazv4r3ag73d51s","previousOperationId":"nemy7o0kcafsra3"}
{"type":"operationStart","subtype":"script","name":"scripts orders-script","previousOperationId":"vazv4r3ag73d51s","timestamp":1705601623297,"id":"6xbq3jhefhqydf8","previousEventId":"2syymhov6mpmril","operationId":"xrwdbfxrmla3ep9"}
{"type":"log","timestamp":1705601623307,"level":"debug","message":"(console:log) [ 'Race1', 'Race2' ]","meta":{"userLevel":true,"rootId":"yclj5tdy7818k22","id":"yclj5tdy7818k22"},"id":"26fjwoh3d3ujgis","previousOperationId":"xrwdbfxrmla3ep9"}
{"type":"log","timestamp":1705601623307,"level":"debug","message":"(console:log) [ 2, 1 ]","meta":{"userLevel":true,"rootId":"yclj5tdy7818k22","id":"yclj5tdy7818k22"},"id":"llwlmzt2wx13ish","previousOperationId":"xrwdbfxrmla3ep9"}
{"type":"operationEnd","operationId":"xrwdbfxrmla3ep9","timestamp":1705601623307,"id":"0l72bs33b7q4elk","previousEventId":"lqz12xvy4tnlpdg","previousOperationId":"nemy7o0kcafsra3"}
{"type":"operationEnd","operationId":"vazv4r3ag73d51s","timestamp":1705601623307,"id":"buhxar5149vrbdd","previousEventId":"0l72bs33b7q4elk","previousOperationId":"nemy7o0kcafsra3"}
{"type":"log","timestamp":1705601623307,"level":"debug","message":"Base url not specified, skipping its injection.","meta":{"rootId":"yclj5tdy7818k22","id":"yclj5tdy7818k22"},"id":"18rbwftnwgs2nyv","previousOperationId":"vazv4r3ag73d51s"}
{"type":"operationStart","subtype":"engine","name":"handlebars","timestamp":1705601623307,"id":"3uufs24qt9r3cbb","previousEventId":"buhxar5149vrbdd","operationId":"k2dhl24h2m5t1iz","previousOperationId":"vazv4r3ag73d51s"}
{"type":"log","timestamp":1705601623307,"level":"debug","message":"Rendering engine handlebars","meta":{"rootId":"yclj5tdy7818k22","id":"yclj5tdy7818k22"},"id":"lavm2o1z9o0pt2v","previousOperationId":"k2dhl24h2m5t1iz"}
{"type":"log","timestamp":1705601623320,"level":"debug","message":"(console:log) Pdf utils adding group field, value: \"Race1\"","meta":{"userLevel":true,"rootId":"yclj5tdy7818k22","id":"yclj5tdy7818k22"},"id":"cgbqfelmxdlf75o","previousOperationId":"k2dhl24h2m5t1iz"}
{"type":"log","timestamp":1705601623320,"level":"debug","message":"(console:log) Pdf utils adding group field, value: \"Race2\"","meta":{"userLevel":true,"rootId":"yclj5tdy7818k22","id":"yclj5tdy7818k22"},"id":"7j006vb8sq0unhm","previousOperationId":"k2dhl24h2m5t1iz"}
{"type":"operationEnd","operationId":"k2dhl24h2m5t1iz","timestamp":1705601623320,"id":"7dsnhfw57oxnhfh","previousEventId":"3uufs24qt9r3cbb","previousOperationId":"k2dhl24h2m5t1iz"}
{"type":"operationStart","subtype":"recipe","name":"chrome-pdf","timestamp":1705601623320,"id":"rpbs9a2dohg04ko","previousEventId":"7dsnhfw57oxnhfh","operationId":"lx4lb6qm1l1gkqm","previousOperationId":"k2dhl24h2m5t1iz"}
{"type":"log","timestamp":1705601623320,"level":"debug","message":"Executing recipe chrome-pdf","meta":{"rootId":"yclj5tdy7818k22","id":"yclj5tdy7818k22"},"id":"4tqvk8zsb3cdy2x","previousOperationId":"lx4lb6qm1l1gkqm"}
{"type":"log","timestamp":1705601623323,"level":"debug","message":"Converting with chrome HeadlessChrome/117.0.5938.149 using chrome-pool strategy","meta":{"rootId":"yclj5tdy7818k22","id":"yclj5tdy7818k22"},"id":"jf62r4bvr1b3d0y","previousOperationId":"lx4lb6qm1l1gkqm"}
{"type":"log","timestamp":1705601623394,"level":"debug","message":"Page request: GET (document) file:///C:/Users/DANIEL~1/AppData/Local/Temp/jsreport/autocleanup/9f08ef1e-e7dc-415e-8f81-3711610fbbc8-chrome-pdf.html","meta":{"rootId":"yclj5tdy7818k22","id":"yclj5tdy7818k22"},"id":"xd617oojwh7i3fk","previousOperationId":"lx4lb6qm1l1gkqm"}
{"type":"log","timestamp":1705601623411,"level":"debug","message":"Page request: GET (stylesheet) https://cdnjs.cloudflare.com/ajax/libs/metro/4.1.5/css/metro.min.css","meta":{"rootId":"yclj5tdy7818k22","id":"yclj5tdy7818k22"},"id":"1h5j39wt5o99ihn","previousOperationId":"lx4lb6qm1l1gkqm"}
{"type":"log","timestamp":1705601623411,"level":"debug","message":"Page request: GET (script) https://cdn.jsdelivr.net/npm/chart.js","meta":{"rootId":"yclj5tdy7818k22","id":"yclj5tdy7818k22"},"id":"sh3bz4b074gtiku","previousOperationId":"lx4lb6qm1l1gkqm"}
{"type":"log","timestamp":1705601623411,"level":"debug","message":"Page request finished: GET (document) 200 file:///C:/Users/DANIEL~1/AppData/Local/Temp/jsreport/autocleanup/9f08ef1e-e7dc-415e-8f81-3711610fbbc8-chrome-pdf.html","meta":{"rootId":"yclj5tdy7818k22","id":"yclj5tdy7818k22"},"id":"yuzj5c73h0rhvm2","previousOperationId":"lx4lb6qm1l1gkqm"}
{"type":"log","timestamp":1705601623415,"level":"debug","message":"Page request finished: GET (script) 200 https://cdn.jsdelivr.net/npm/chart.js","meta":{"rootId":"yclj5tdy7818k22","id":"yclj5tdy7818k22"},"id":"c9bbpukzk6grbd0","previousOperationId":"lx4lb6qm1l1gkqm"}
{"type":"log","timestamp":1705601623424,"level":"debug","message":"Page request finished: GET (stylesheet) 200 https://cdnjs.cloudflare.com/ajax/libs/metro/4.1.5/css/metro.min.css","meta":{"rootId":"yclj5tdy7818k22","id":"yclj5tdy7818k22"},"id":"fojox33r3kq6dhz","previousOperationId":"lx4lb6qm1l1gkqm"}
{"type":"log","timestamp":1705601623426,"level":"warn","message":"Page error: Unexpected token ';' , stack: SyntaxError: Unexpected token ';'","meta":{"rootId":"yclj5tdy7818k22","id":"yclj5tdy7818k22"},"id":"kq2xzor9syzaqop","previousOperationId":"lx4lb6qm1l1gkqm"}
{"type":"log","timestamp":1705601623448,"level":"debug","message":"Running chrome with params {\"printBackground\":true,\"marginTop\":\"4cm\",\"marginRight\":\"1.5cm\",\"marginBottom\":\"1.5cm\",\"marginLeft\":\"1.5cm\",\"waitForJS\":false,\"timeout\":59948,\"margin\":{\"top\":\"4cm\",\"right\":\"1.5cm\",\"bottom\":\"1.5cm\",\"left\":\"1.5cm\"}}","meta":{"rootId":"yclj5tdy7818k22","id":"yclj5tdy7818k22"},"id":"688i9q4zhu8mlih","previousOperationId":"lx4lb6qm1l1gkqm"}
{"type":"operationEnd","operationId":"lx4lb6qm1l1gkqm","timestamp":1705601623506,"id":"1sddfovxlztqqy9","previousEventId":"rpbs9a2dohg04ko","previousOperationId":"lx4lb6qm1l1gkqm"}
{"type":"log","timestamp":1705601623507,"level":"info","message":"pdf-utils is starting pdf processing","meta":{"rootId":"yclj5tdy7818k22","id":"yclj5tdy7818k22"},"id":"l34w7x9g06ty1dt","previousOperationId":"lx4lb6qm1l1gkqm"}
{"type":"operationStart","subtype":"pdfUtils","name":"pdf utils","timestamp":1705601623507,"id":"ays2bakr6rmk2r6","previousEventId":"1sddfovxlztqqy9","operationId":"f2w2grzroba1c0w","previousOperationId":"lx4lb6qm1l1gkqm"}
{"type":"log","timestamp":1705601623507,"level":"debug","message":"pdf-utils detected 1 pdf operation(s) to process","meta":{"rootId":"yclj5tdy7818k22","id":"yclj5tdy7818k22"},"id":"4lsqpw9t34kdbxq","previousOperationId":"f2w2grzroba1c0w"}
{"type":"log","timestamp":1705601623516,"level":"debug","message":"pdf-utils running pdf operation merge","meta":{"rootId":"yclj5tdy7818k22","id":"yclj5tdy7818k22"},"id":"gysoacm91joross","previousOperationId":"f2w2grzroba1c0w"}
{"type":"operationStart","subtype":"pdfUtilsMerge","name":"pdf utils merge","previousOperationId":"f2w2grzroba1c0w","timestamp":1705601623517,"id":"d1tvxzhec9n77uz","previousEventId":"ays2bakr6rmk2r6","operationId":"2jmwnm6l7fzdp5k"}
{"type":"operationStart","subtype":"render","name":"orders-header","previousOperationId":"2jmwnm6l7fzdp5k","timestamp":1705601623518,"id":"wol0tfkxt1zmjxa","previousEventId":"d1tvxzhec9n77uz","operationId":"8tu4dsw1gxp5ed3"}
{"type":"log","timestamp":1705601623518,"level":"info","message":"Starting rendering (child) request","meta":{"rootId":"yclj5tdy7818k22","id":"o3bm2wdq9skm8mj"},"id":"4qu7vmcapttfxl9","previousOperationId":"8tu4dsw1gxp5ed3"}
{"type":"log","timestamp":1705601623518,"level":"info","message":"Rendering template { name: orders-header, recipe: chrome-pdf, engine: handlebars, preview: true }","meta":{"rootId":"yclj5tdy7818k22","id":"o3bm2wdq9skm8mj"},"id":"05kydv1pnqy2clg","previousOperationId":"8tu4dsw1gxp5ed3"}
{"type":"log","timestamp":1705601623518,"level":"debug","message":"Inline data specified.","meta":{"rootId":"yclj5tdy7818k22","id":"o3bm2wdq9skm8mj"},"id":"541h8uplvy5y4t6","previousOperationId":"8tu4dsw1gxp5ed3"}
{"type":"log","timestamp":1705601623519,"level":"debug","message":"Base url not specified, skipping its injection.","meta":{"rootId":"yclj5tdy7818k22","id":"o3bm2wdq9skm8mj"},"id":"xpr40ynz3sed9xq","previousOperationId":"8tu4dsw1gxp5ed3"}
{"type":"operationStart","subtype":"engine","name":"handlebars","timestamp":1705601623519,"id":"nxyicqcxyuus7uq","previousEventId":"wol0tfkxt1zmjxa","operationId":"sippz4sznsda4ws","previousOperationId":"8tu4dsw1gxp5ed3"}
{"type":"log","timestamp":1705601623519,"level":"debug","message":"Rendering engine handlebars","meta":{"rootId":"yclj5tdy7818k22","id":"o3bm2wdq9skm8mj"},"id":"lqqjc7filfbc2q1","previousOperationId":"sippz4sznsda4ws"}
{"type":"operationEnd","operationId":"sippz4sznsda4ws","timestamp":1705601623529,"id":"2ugl3ybu7v9mwcf","previousEventId":"nxyicqcxyuus7uq","previousOperationId":"sippz4sznsda4ws"}
{"type":"operationStart","subtype":"recipe","name":"chrome-pdf","timestamp":1705601623529,"id":"h2w4c1suufb6wrb","previousEventId":"2ugl3ybu7v9mwcf","operationId":"xztspubksevcffd","previousOperationId":"sippz4sznsda4ws"}
{"type":"log","timestamp":1705601623529,"level":"debug","message":"Executing recipe chrome-pdf","meta":{"rootId":"yclj5tdy7818k22","id":"o3bm2wdq9skm8mj"},"id":"ns58lesif7wbgbi","previousOperationId":"xztspubksevcffd"}
{"type":"log","timestamp":1705601623531,"level":"debug","message":"Converting with chrome HeadlessChrome/117.0.5938.149 using chrome-pool strategy","meta":{"rootId":"yclj5tdy7818k22","id":"o3bm2wdq9skm8mj"},"id":"mawsxmbaqntafxj","previousOperationId":"xztspubksevcffd"}
{"type":"log","timestamp":1705601623604,"level":"debug","message":"Page request: GET (document) file:///C:/Users/DANIEL~1/AppData/Local/Temp/jsreport/autocleanup/ace8d633-2e8c-4acd-b1cb-681b6b05693b-chrome-pdf.html","meta":{"rootId":"yclj5tdy7818k22","id":"o3bm2wdq9skm8mj"},"id":"0zm0xaapoc50439","previousOperationId":"xztspubksevcffd"}
{"type":"log","timestamp":1705601623611,"level":"debug","message":"Page request: GET (stylesheet) https://cdnjs.cloudflare.com/ajax/libs/metro/4.1.5/css/metro.min.css","meta":{"rootId":"yclj5tdy7818k22","id":"o3bm2wdq9skm8mj"},"id":"oinodxd64iac7ok","previousOperationId":"xztspubksevcffd"}
{"type":"log","timestamp":1705601623612,"level":"debug","message":"Page request finished: GET (document) 200 file:///C:/Users/DANIEL~1/AppData/Local/Temp/jsreport/autocleanup/ace8d633-2e8c-4acd-b1cb-681b6b05693b-chrome-pdf.html","meta":{"rootId":"yclj5tdy7818k22","id":"o3bm2wdq9skm8mj"},"id":"1obu35mf7c7bdwd","previousOperationId":"xztspubksevcffd"}
{"type":"log","timestamp":1705601623623,"level":"debug","message":"Page request finished: GET (stylesheet) 200 https://cdnjs.cloudflare.com/ajax/libs/metro/4.1.5/css/metro.min.css","meta":{"rootId":"yclj5tdy7818k22","id":"o3bm2wdq9skm8mj"},"id":"yckfgj947nln7aa","previousOperationId":"xztspubksevcffd"}
{"type":"log","timestamp":1705601623635,"level":"debug","message":"Running chrome with params {\"printBackground\":true,\"marginTop\":\"1.5cm\",\"marginRight\":\"1.5cm\",\"marginLeft\":\"1.cm\",\"timeout\":59740,\"margin\":{\"top\":\"1.5cm\",\"right\":\"1.5cm\",\"left\":\"1.cm\"}}","meta":{"rootId":"yclj5tdy7818k22","id":"o3bm2wdq9skm8mj"},"id":"fft24w123ih3zt1","previousOperationId":"xztspubksevcffd"}
{"type":"operationEnd","operationId":"xztspubksevcffd","timestamp":1705601623663,"id":"fm7mt1p4eogi9yw","previousEventId":"h2w4c1suufb6wrb","previousOperationId":"xztspubksevcffd"}
{"type":"log","timestamp":1705601623663,"level":"debug","message":"Skipping storing report.","meta":{"rootId":"yclj5tdy7818k22","id":"o3bm2wdq9skm8mj"},"id":"rg6hc9llswjhap0","previousOperationId":"xztspubksevcffd"}
{"type":"log","timestamp":1705601623663,"level":"info","message":"Rendering (child) request finished in 393 ms","meta":{"rootId":"yclj5tdy7818k22","id":"o3bm2wdq9skm8mj"},"id":"sobk1vl21qlzusp","previousOperationId":"xztspubksevcffd"}
{"type":"operationEnd","subtype":"render","operationId":"8tu4dsw1gxp5ed3","timestamp":1705601623663,"id":"hmc1lgl2ik4wpg7","previousEventId":"fm7mt1p4eogi9yw","previousOperationId":"xztspubksevcffd"}
{"type":"operationEnd","operationId":"2jmwnm6l7fzdp5k","timestamp":1705601623673,"id":"see2f9aaynulojc","previousEventId":"d1tvxzhec9n77uz","previousOperationId":"2jmwnm6l7fzdp5k"}
{"type":"log","timestamp":1705601623673,"level":"debug","message":"pdf-utils postproces start","meta":{"rootId":"yclj5tdy7818k22","id":"yclj5tdy7818k22"},"id":"bziyngfbrlj7s9e","previousOperationId":"2jmwnm6l7fzdp5k"}
{"type":"log","timestamp":1705601623682,"level":"debug","message":"pdf-utils postproces end","meta":{"rootId":"yclj5tdy7818k22","id":"yclj5tdy7818k22"},"id":"fssk4f6od9cf1ox","previousOperationId":"2jmwnm6l7fzdp5k"}
{"type":"operationEnd","operationId":"f2w2grzroba1c0w","timestamp":1705601623683,"id":"ednnqkmdfzxgsvf","previousEventId":"see2f9aaynulojc","previousOperationId":"2jmwnm6l7fzdp5k"}
{"type":"log","timestamp":1705601623683,"level":"info","message":"pdf-utils pdf processing was finished","meta":{"rootId":"yclj5tdy7818k22","id":"yclj5tdy7818k22"},"id":"k81f118hkcgbkuv","previousOperationId":"f2w2grzroba1c0w"}
{"type":"log","timestamp":1705601623683,"level":"debug","message":"Skipping storing report.","meta":{"rootId":"yclj5tdy7818k22","id":"yclj5tdy7818k22"},"id":"tf0z7hysm699u39","previousOperationId":"f2w2grzroba1c0w"}
{"type":"log","timestamp":1705601623683,"level":"info","message":"Rendering request 24 finished in 413 ms","meta":{"rootId":"yclj5tdy7818k22","id":"yclj5tdy7818k22"},"id":"xce70pf8vmyscqz","previousOperationId":"f2w2grzroba1c0w"}
{"type":"operationEnd","subtype":"render","operationId":"nemy7o0kcafsra3","timestamp":1705601623683,"id":"i9wqzofc5s64hrx","previousEventId":"ednnqkmdfzxgsvf","previousOperationId":"f2w2grzroba1c0w"}
{"type":"operationEnd","doDiffs":false,"previousEventId":"oh79vny5lsfjkme","previousOperationId":"b1x58c1cchnj2v8","operationId":"b1x58c1cchnj2v8","timestamp":1705601623693,"id":"eutytcazvhl8c44"}
