{"type":"operationStart","subtype":"profile","data":{"_id":"FU2QvbKXMw56pSGo","timestamp":"2024-01-17T14:44:42.313Z","state":"queued","mode":"standard","creationDate":"2024-01-17T14:44:42.315Z","modificationDate":"2024-01-17T14:44:42.315Z","shortid":"FMF5OJy","$entitySet":"profiles"},"doDiffs":false,"timestamp":1705502682314,"id":"qbv5l72kigw1qrf","previousOperationId":null,"operationId":"ou7c4pn2krx3uhi"}
{"type":"log","level":"info","message":"Render request 22 queued for execution and waiting for available worker","previousOperationId":"ou7c4pn2krx3uhi","timestamp":1705502682314,"id":"8d8ifxycsfow0zg"}
{"type":"operationStart","subtype":"render","name":"orders-main","previousOperationId":"ou7c4pn2krx3uhi","timestamp":1705502682332,"id":"rpb18hj75u3iz1z","previousEventId":"qbv5l72kigw1qrf","operationId":"rozdvpo3iax8j2o"}
{"type":"log","timestamp":1705502682332,"level":"info","message":"Starting rendering request 22","meta":{"rootId":"ycnp5pds8h8ewrr","id":"ycnp5pds8h8ewrr"},"id":"hseisaz6np5uruc","previousOperationId":"rozdvpo3iax8j2o"}
{"type":"log","timestamp":1705502682332,"level":"info","message":"Rendering template { name: orders-main, recipe: chrome-pdf, engine: handlebars, preview: true }","meta":{"rootId":"ycnp5pds8h8ewrr","id":"ycnp5pds8h8ewrr"},"id":"2ey4kcxjyj9k1xf","previousOperationId":"rozdvpo3iax8j2o"}
{"type":"log","timestamp":1705502682334,"level":"debug","message":"Data item not defined for this template.","meta":{"rootId":"ycnp5pds8h8ewrr","id":"ycnp5pds8h8ewrr"},"id":"66udgbku97ovkmh","previousOperationId":"rozdvpo3iax8j2o"}
{"type":"log","timestamp":1705502682341,"level":"debug","message":"Executing script orders-script (beforeRender)","meta":{"rootId":"ycnp5pds8h8ewrr","id":"ycnp5pds8h8ewrr"},"id":"2udxmu4qvmuuveu","previousOperationId":"rozdvpo3iax8j2o"}
{"type":"operationStart","subtype":"scriptsBeforeRender","name":"scripts beforeRender","timestamp":1705502682367,"id":"1vcwdsm2phc2lzu","previousEventId":"rpb18hj75u3iz1z","operationId":"739nhfk1c9wxg6y","previousOperationId":"rozdvpo3iax8j2o"}
{"type":"operationStart","subtype":"script","name":"scripts orders-script","previousOperationId":"739nhfk1c9wxg6y","timestamp":1705502682367,"id":"dv4twszhkgcwz1k","previousEventId":"1vcwdsm2phc2lzu","operationId":"ul7rcvqn7xb6lu6"}
{"type":"operationEnd","operationId":"ul7rcvqn7xb6lu6","timestamp":1705502682387,"id":"wcxsc7pghqrzhnn","previousEventId":"rpb18hj75u3iz1z","previousOperationId":"rozdvpo3iax8j2o"}
{"type":"operationEnd","operationId":"739nhfk1c9wxg6y","timestamp":1705502682387,"id":"z1nzhl5dfxgbh8c","previousEventId":"wcxsc7pghqrzhnn","previousOperationId":"rozdvpo3iax8j2o"}
{"type":"log","timestamp":1705502682387,"level":"debug","message":"Base url not specified, skipping its injection.","meta":{"rootId":"ycnp5pds8h8ewrr","id":"ycnp5pds8h8ewrr"},"id":"rto8vrxty3jeghy","previousOperationId":"739nhfk1c9wxg6y"}
{"type":"operationStart","subtype":"engine","name":"handlebars","timestamp":1705502682387,"id":"bv6eqc9sd54dv4t","previousEventId":"z1nzhl5dfxgbh8c","operationId":"778dc3q5yredaea","previousOperationId":"739nhfk1c9wxg6y"}
{"type":"log","timestamp":1705502682387,"level":"debug","message":"Rendering engine handlebars","meta":{"rootId":"ycnp5pds8h8ewrr","id":"ycnp5pds8h8ewrr"},"id":"8mjbm07qdlicfmt","previousOperationId":"778dc3q5yredaea"}
{"type":"log","timestamp":1705502682411,"level":"debug","message":"(console:log) Pdf utils adding group field, value: \"Race1\"","meta":{"userLevel":true,"rootId":"ycnp5pds8h8ewrr","id":"ycnp5pds8h8ewrr"},"id":"h52ifa5q5z1toe1","previousOperationId":"778dc3q5yredaea"}
{"type":"log","timestamp":1705502682411,"level":"debug","message":"(console:log) Pdf utils adding group field, value: \"Race2\"","meta":{"userLevel":true,"rootId":"ycnp5pds8h8ewrr","id":"ycnp5pds8h8ewrr"},"id":"mz4owallrk6szuj","previousOperationId":"778dc3q5yredaea"}
{"type":"log","timestamp":1705502682411,"level":"debug","message":"(console:log) Pdf utils adding group field, value: \"rgver\"","meta":{"userLevel":true,"rootId":"ycnp5pds8h8ewrr","id":"ycnp5pds8h8ewrr"},"id":"8yo2jbeerl9wa72","previousOperationId":"778dc3q5yredaea"}
{"type":"log","timestamp":1705502682411,"level":"debug","message":"(console:log) Pdf utils adding group field, value: \"revger\"","meta":{"userLevel":true,"rootId":"ycnp5pds8h8ewrr","id":"ycnp5pds8h8ewrr"},"id":"1bjp1yg791v69zt","previousOperationId":"778dc3q5yredaea"}
{"type":"operationEnd","operationId":"778dc3q5yredaea","timestamp":1705502682411,"id":"un7oj18xbsyem08","previousEventId":"bv6eqc9sd54dv4t","previousOperationId":"778dc3q5yredaea"}
{"type":"operationStart","subtype":"recipe","name":"chrome-pdf","timestamp":1705502682411,"id":"5r68uc6wbth4268","previousEventId":"un7oj18xbsyem08","operationId":"vuny00pcwum6hxq","previousOperationId":"778dc3q5yredaea"}
{"type":"log","timestamp":1705502682411,"level":"debug","message":"Executing recipe chrome-pdf","meta":{"rootId":"ycnp5pds8h8ewrr","id":"ycnp5pds8h8ewrr"},"id":"io3azkdk9k6nghg","previousOperationId":"vuny00pcwum6hxq"}
{"type":"log","timestamp":1705502682416,"level":"debug","message":"Converting with chrome HeadlessChrome/117.0.5938.149 using chrome-pool strategy","meta":{"rootId":"ycnp5pds8h8ewrr","id":"ycnp5pds8h8ewrr"},"id":"kxcqwqps98rf81k","previousOperationId":"vuny00pcwum6hxq"}
{"type":"log","timestamp":1705502682535,"level":"debug","message":"Page request: GET (document) file:///C:/Users/DANIEL~1/AppData/Local/Temp/jsreport/autocleanup/f91aa590-3919-4a78-8985-5a697922ca2c-chrome-pdf.html","meta":{"rootId":"ycnp5pds8h8ewrr","id":"ycnp5pds8h8ewrr"},"id":"et9mvu0jngnbogk","previousOperationId":"vuny00pcwum6hxq"}
{"type":"log","timestamp":1705502682556,"level":"debug","message":"Page request: GET (stylesheet) https://cdnjs.cloudflare.com/ajax/libs/metro/4.1.5/css/metro.min.css","meta":{"rootId":"ycnp5pds8h8ewrr","id":"ycnp5pds8h8ewrr"},"id":"60rsh134mlvjfow","previousOperationId":"vuny00pcwum6hxq"}
{"type":"log","timestamp":1705502682557,"level":"debug","message":"Page request: GET (script) https://cdnjs.cloudflare.com/ajax/libs/Chart.js/2.7.2/Chart.min.js","meta":{"rootId":"ycnp5pds8h8ewrr","id":"ycnp5pds8h8ewrr"},"id":"yiq3o51clggla4q","previousOperationId":"vuny00pcwum6hxq"}
{"type":"log","timestamp":1705502682557,"level":"debug","message":"Page request finished: GET (document) 200 file:///C:/Users/DANIEL~1/AppData/Local/Temp/jsreport/autocleanup/f91aa590-3919-4a78-8985-5a697922ca2c-chrome-pdf.html","meta":{"rootId":"ycnp5pds8h8ewrr","id":"ycnp5pds8h8ewrr"},"id":"s9o3mlt08yu0m0r","previousOperationId":"vuny00pcwum6hxq"}
{"type":"log","timestamp":1705502682565,"level":"debug","message":"Page request finished: GET (script) 200 https://cdnjs.cloudflare.com/ajax/libs/Chart.js/2.7.2/Chart.min.js","meta":{"rootId":"ycnp5pds8h8ewrr","id":"ycnp5pds8h8ewrr"},"id":"7gi6gp9oclqj44l","previousOperationId":"vuny00pcwum6hxq"}
{"type":"log","timestamp":1705502682583,"level":"debug","message":"Page request finished: GET (stylesheet) 200 https://cdnjs.cloudflare.com/ajax/libs/metro/4.1.5/css/metro.min.css","meta":{"rootId":"ycnp5pds8h8ewrr","id":"ycnp5pds8h8ewrr"},"id":"upwup9gq8b3rgek","previousOperationId":"vuny00pcwum6hxq"}
{"type":"log","timestamp":1705502682609,"level":"debug","message":"Running chrome with params {\"printBackground\":true,\"marginTop\":\"4cm\",\"marginRight\":\"1.5cm\",\"marginBottom\":\"1.5cm\",\"marginLeft\":\"1.5cm\",\"waitForJS\":false,\"timeout\":59899,\"margin\":{\"top\":\"4cm\",\"right\":\"1.5cm\",\"bottom\":\"1.5cm\",\"left\":\"1.5cm\"}}","meta":{"rootId":"ycnp5pds8h8ewrr","id":"ycnp5pds8h8ewrr"},"id":"xseepmuifgonocs","previousOperationId":"vuny00pcwum6hxq"}
{"type":"operationEnd","operationId":"vuny00pcwum6hxq","timestamp":1705502682671,"id":"8lvg4vrq9wu60in","previousEventId":"5r68uc6wbth4268","previousOperationId":"vuny00pcwum6hxq"}
{"type":"log","timestamp":1705502682671,"level":"info","message":"pdf-utils is starting pdf processing","meta":{"rootId":"ycnp5pds8h8ewrr","id":"ycnp5pds8h8ewrr"},"id":"jjgrmns6dbwxdt2","previousOperationId":"vuny00pcwum6hxq"}
{"type":"operationStart","subtype":"pdfUtils","name":"pdf utils","timestamp":1705502682671,"id":"rqg44aro130jhzx","previousEventId":"8lvg4vrq9wu60in","operationId":"yg15xi54comy1pk","previousOperationId":"vuny00pcwum6hxq"}
{"type":"log","timestamp":1705502682671,"level":"debug","message":"pdf-utils detected 1 pdf operation(s) to process","meta":{"rootId":"ycnp5pds8h8ewrr","id":"ycnp5pds8h8ewrr"},"id":"8sdtjmrhygvnejk","previousOperationId":"yg15xi54comy1pk"}
{"type":"log","timestamp":1705502682689,"level":"debug","message":"pdf-utils running pdf operation merge","meta":{"rootId":"ycnp5pds8h8ewrr","id":"ycnp5pds8h8ewrr"},"id":"3lyuqx8rss2nb9k","previousOperationId":"yg15xi54comy1pk"}
{"type":"operationStart","subtype":"pdfUtilsMerge","name":"pdf utils merge","previousOperationId":"yg15xi54comy1pk","timestamp":1705502682689,"id":"ykyyil2g8ppqum1","previousEventId":"rqg44aro130jhzx","operationId":"3ir3anev26qxbu5"}
{"type":"operationStart","subtype":"render","name":"orders-header","previousOperationId":"3ir3anev26qxbu5","timestamp":1705502682690,"id":"xnjg424o18mhmdy","previousEventId":"ykyyil2g8ppqum1","operationId":"l3r6snxghr51wg1"}
{"type":"log","timestamp":1705502682690,"level":"info","message":"Starting rendering (child) request","meta":{"rootId":"ycnp5pds8h8ewrr","id":"c7s49fxsazlkwtj"},"id":"o0fvxievepoakuf","previousOperationId":"l3r6snxghr51wg1"}
{"type":"log","timestamp":1705502682691,"level":"info","message":"Rendering template { name: orders-header, recipe: chrome-pdf, engine: handlebars, preview: true }","meta":{"rootId":"ycnp5pds8h8ewrr","id":"c7s49fxsazlkwtj"},"id":"a97hgh8lmbfu0ri","previousOperationId":"l3r6snxghr51wg1"}
{"type":"log","timestamp":1705502682692,"level":"debug","message":"Inline data specified.","meta":{"rootId":"ycnp5pds8h8ewrr","id":"c7s49fxsazlkwtj"},"id":"oq41covn1tes4hf","previousOperationId":"l3r6snxghr51wg1"}
{"type":"log","timestamp":1705502682695,"level":"debug","message":"Base url not specified, skipping its injection.","meta":{"rootId":"ycnp5pds8h8ewrr","id":"c7s49fxsazlkwtj"},"id":"9g4hmdh9b2g7zj4","previousOperationId":"l3r6snxghr51wg1"}
{"type":"operationStart","subtype":"engine","name":"handlebars","timestamp":1705502682696,"id":"4pj1imuc7b56w7q","previousEventId":"xnjg424o18mhmdy","operationId":"rod26d57g3jd5oq","previousOperationId":"l3r6snxghr51wg1"}
{"type":"log","timestamp":1705502682696,"level":"debug","message":"Rendering engine handlebars","meta":{"rootId":"ycnp5pds8h8ewrr","id":"c7s49fxsazlkwtj"},"id":"ce0btew3evpeiz3","previousOperationId":"rod26d57g3jd5oq"}
{"type":"operationEnd","operationId":"rod26d57g3jd5oq","timestamp":1705502682724,"id":"o7bkfspdt59gmi3","previousEventId":"4pj1imuc7b56w7q","previousOperationId":"rod26d57g3jd5oq"}
{"type":"operationStart","subtype":"recipe","name":"chrome-pdf","timestamp":1705502682725,"id":"8b9f9gp40oso8qo","previousEventId":"o7bkfspdt59gmi3","operationId":"ggm2jf8l1jev53w","previousOperationId":"rod26d57g3jd5oq"}
{"type":"log","timestamp":1705502682725,"level":"debug","message":"Executing recipe chrome-pdf","meta":{"rootId":"ycnp5pds8h8ewrr","id":"c7s49fxsazlkwtj"},"id":"2dr211vussrc1ql","previousOperationId":"ggm2jf8l1jev53w"}
{"type":"log","timestamp":1705502682729,"level":"debug","message":"Converting with chrome HeadlessChrome/117.0.5938.149 using chrome-pool strategy","meta":{"rootId":"ycnp5pds8h8ewrr","id":"c7s49fxsazlkwtj"},"id":"n29y9lhcxiqcj1e","previousOperationId":"ggm2jf8l1jev53w"}
{"type":"log","timestamp":1705502682844,"level":"debug","message":"Page request: GET (document) file:///C:/Users/DANIEL~1/AppData/Local/Temp/jsreport/autocleanup/214ef63e-957f-47d4-aa13-64bed0817776-chrome-pdf.html","meta":{"rootId":"ycnp5pds8h8ewrr","id":"c7s49fxsazlkwtj"},"id":"ckhfcpilyea2fuh","previousOperationId":"ggm2jf8l1jev53w"}
{"type":"log","timestamp":1705502682861,"level":"debug","message":"Page request: GET (stylesheet) https://cdnjs.cloudflare.com/ajax/libs/metro/4.1.5/css/metro.min.css","meta":{"rootId":"ycnp5pds8h8ewrr","id":"c7s49fxsazlkwtj"},"id":"wkclu5ojwcsjq7s","previousOperationId":"ggm2jf8l1jev53w"}
{"type":"log","timestamp":1705502682862,"level":"debug","message":"Page request finished: GET (document) 200 file:///C:/Users/DANIEL~1/AppData/Local/Temp/jsreport/autocleanup/214ef63e-957f-47d4-aa13-64bed0817776-chrome-pdf.html","meta":{"rootId":"ycnp5pds8h8ewrr","id":"c7s49fxsazlkwtj"},"id":"t4myu48g26ij7af","previousOperationId":"ggm2jf8l1jev53w"}
{"type":"log","timestamp":1705502682883,"level":"debug","message":"Page request finished: GET (stylesheet) 200 https://cdnjs.cloudflare.com/ajax/libs/metro/4.1.5/css/metro.min.css","meta":{"rootId":"ycnp5pds8h8ewrr","id":"c7s49fxsazlkwtj"},"id":"7csw7wha7m6nz2a","previousOperationId":"ggm2jf8l1jev53w"}
{"type":"log","timestamp":1705502682903,"level":"debug","message":"Running chrome with params {\"printBackground\":true,\"marginTop\":\"1.5cm\",\"marginRight\":\"1.5cm\",\"marginLeft\":\"1.cm\",\"timeout\":59586,\"margin\":{\"top\":\"1.5cm\",\"right\":\"1.5cm\",\"left\":\"1.cm\"}}","meta":{"rootId":"ycnp5pds8h8ewrr","id":"c7s49fxsazlkwtj"},"id":"tbam0lowafnipnv","previousOperationId":"ggm2jf8l1jev53w"}
{"type":"operationEnd","operationId":"ggm2jf8l1jev53w","timestamp":1705502682961,"id":"ijs674j1fz68k0n","previousEventId":"8b9f9gp40oso8qo","previousOperationId":"ggm2jf8l1jev53w"}
{"type":"log","timestamp":1705502682961,"level":"debug","message":"Skipping storing report.","meta":{"rootId":"ycnp5pds8h8ewrr","id":"c7s49fxsazlkwtj"},"id":"ourow27uuwm8zjp","previousOperationId":"ggm2jf8l1jev53w"}
{"type":"log","timestamp":1705502682961,"level":"info","message":"Rendering (child) request finished in 648 ms","meta":{"rootId":"ycnp5pds8h8ewrr","id":"c7s49fxsazlkwtj"},"id":"my6sq4ab4ll4285","previousOperationId":"ggm2jf8l1jev53w"}
{"type":"operationEnd","subtype":"render","operationId":"l3r6snxghr51wg1","timestamp":1705502682961,"id":"asx5ihswwf59fn4","previousEventId":"ijs674j1fz68k0n","previousOperationId":"ggm2jf8l1jev53w"}
{"type":"operationEnd","operationId":"3ir3anev26qxbu5","timestamp":1705502682981,"id":"xxfe61nn6xsepaf","previousEventId":"ykyyil2g8ppqum1","previousOperationId":"3ir3anev26qxbu5"}
{"type":"log","timestamp":1705502682981,"level":"debug","message":"pdf-utils postproces start","meta":{"rootId":"ycnp5pds8h8ewrr","id":"ycnp5pds8h8ewrr"},"id":"21rehyespj4vs5j","previousOperationId":"3ir3anev26qxbu5"}
{"type":"log","timestamp":1705502683003,"level":"debug","message":"pdf-utils postproces end","meta":{"rootId":"ycnp5pds8h8ewrr","id":"ycnp5pds8h8ewrr"},"id":"tofjhclj8i7u487","previousOperationId":"3ir3anev26qxbu5"}
{"type":"operationEnd","operationId":"yg15xi54comy1pk","timestamp":1705502683003,"id":"f5pzf06rbmbd9kl","previousEventId":"xxfe61nn6xsepaf","previousOperationId":"3ir3anev26qxbu5"}
{"type":"log","timestamp":1705502683003,"level":"info","message":"pdf-utils pdf processing was finished","meta":{"rootId":"ycnp5pds8h8ewrr","id":"ycnp5pds8h8ewrr"},"id":"sqpbmijsedahoi6","previousOperationId":"yg15xi54comy1pk"}
{"type":"log","timestamp":1705502683003,"level":"debug","message":"Skipping storing report.","meta":{"rootId":"ycnp5pds8h8ewrr","id":"ycnp5pds8h8ewrr"},"id":"7ffu8zpzwuzbdux","previousOperationId":"yg15xi54comy1pk"}
{"type":"log","timestamp":1705502683003,"level":"info","message":"Rendering request 22 finished in 690 ms","meta":{"rootId":"ycnp5pds8h8ewrr","id":"ycnp5pds8h8ewrr"},"id":"jwum53ea4fxckb8","previousOperationId":"yg15xi54comy1pk"}
{"type":"operationEnd","subtype":"render","operationId":"rozdvpo3iax8j2o","timestamp":1705502683003,"id":"ou0ijevli1bn9ol","previousEventId":"f5pzf06rbmbd9kl","previousOperationId":"yg15xi54comy1pk"}
{"type":"operationEnd","doDiffs":false,"previousEventId":"qbv5l72kigw1qrf","previousOperationId":"ou7c4pn2krx3uhi","operationId":"ou7c4pn2krx3uhi","timestamp":1705502683027,"id":"3wxfbzv9ml7msqw"}
