{"type":"operationStart","subtype":"profile","data":{"_id":"UJeuM1Ysxnc6lypF","timestamp":"2024-01-18T14:29:06.808Z","state":"queued","mode":"standard","creationDate":"2024-01-18T14:29:06.815Z","modificationDate":"2024-01-18T14:29:06.815Z","shortid":"ISUyYm_","$entitySet":"profiles"},"doDiffs":false,"timestamp":1705588146810,"id":"0zoiq3a8oqudsph","previousOperationId":null,"operationId":"khsmchny4wp74cl"}
{"type":"log","level":"info","message":"Render request 1 queued for execution and waiting for available worker","previousOperationId":"khsmchny4wp74cl","timestamp":1705588146811,"id":"c0e32jiu7vxzd3u"}
{"type":"operationStart","subtype":"render","name":"orders-main","previousOperationId":"khsmchny4wp74cl","timestamp":1705588146870,"id":"8kwqijvfvuiek94","previousEventId":"0zoiq3a8oqudsph","operationId":"bctcf9agryolnic"}
{"type":"log","timestamp":1705588146871,"level":"info","message":"Starting rendering request 1","meta":{"rootId":"ykq082mevyscl51","id":"ykq082mevyscl51"},"id":"h1kt400fotqp7rd","previousOperationId":"bctcf9agryolnic"}
{"type":"log","timestamp":1705588146872,"level":"info","message":"Rendering template { name: orders-main, recipe: chrome-pdf, engine: handlebars, preview: true }","meta":{"rootId":"ykq082mevyscl51","id":"ykq082mevyscl51"},"id":"q7gzhzsolt549vl","previousOperationId":"bctcf9agryolnic"}
{"type":"log","timestamp":1705588146877,"level":"debug","message":"Data item not defined for this template.","meta":{"rootId":"ykq082mevyscl51","id":"ykq082mevyscl51"},"id":"g7puda1xp70jqxe","previousOperationId":"bctcf9agryolnic"}
{"type":"log","timestamp":1705588146885,"level":"debug","message":"Executing script orders-script (beforeRender)","meta":{"rootId":"ykq082mevyscl51","id":"ykq082mevyscl51"},"id":"9p7lg8c1c5nubx9","previousOperationId":"bctcf9agryolnic"}
{"type":"operationStart","subtype":"scriptsBeforeRender","name":"scripts beforeRender","timestamp":1705588147433,"id":"36wx5pcij8fto3v","previousEventId":"8kwqijvfvuiek94","operationId":"dksbn5ca8y1eibp","previousOperationId":"bctcf9agryolnic"}
{"type":"operationStart","subtype":"script","name":"scripts orders-script","previousOperationId":"dksbn5ca8y1eibp","timestamp":1705588147433,"id":"1lckor15iz7yb53","previousEventId":"36wx5pcij8fto3v","operationId":"997hp1xw28k7kem"}
{"type":"operationEnd","operationId":"997hp1xw28k7kem","timestamp":1705588147558,"id":"kn4kf1dpjekfp4r","previousEventId":"8kwqijvfvuiek94","previousOperationId":"bctcf9agryolnic"}
{"type":"operationEnd","operationId":"dksbn5ca8y1eibp","timestamp":1705588147559,"id":"z6rsxm7mf1p7b3b","previousEventId":"kn4kf1dpjekfp4r","previousOperationId":"bctcf9agryolnic"}
{"type":"log","timestamp":1705588147559,"level":"debug","message":"Base url not specified, skipping its injection.","meta":{"rootId":"ykq082mevyscl51","id":"ykq082mevyscl51"},"id":"e3zdjtciqshtuwy","previousOperationId":"dksbn5ca8y1eibp"}
{"type":"operationStart","subtype":"engine","name":"handlebars","timestamp":1705588147560,"id":"tzhsttzw50qr9jn","previousEventId":"z6rsxm7mf1p7b3b","operationId":"9yh95t4bofqlsl2","previousOperationId":"dksbn5ca8y1eibp"}
{"type":"log","timestamp":1705588147560,"level":"debug","message":"Rendering engine handlebars","meta":{"rootId":"ykq082mevyscl51","id":"ykq082mevyscl51"},"id":"whkaudc9g6f19cr","previousOperationId":"9yh95t4bofqlsl2"}
{"type":"log","timestamp":1705588148099,"level":"debug","message":"(console:log) Pdf utils adding group field, value: \"Race1\"","meta":{"userLevel":true,"rootId":"ykq082mevyscl51","id":"ykq082mevyscl51"},"id":"lzdnoi8qotx9z2e","previousOperationId":"9yh95t4bofqlsl2"}
{"type":"log","timestamp":1705588148100,"level":"debug","message":"(console:log) Pdf utils adding group field, value: \"Race2\"","meta":{"userLevel":true,"rootId":"ykq082mevyscl51","id":"ykq082mevyscl51"},"id":"pbvsehspg1fvxl8","previousOperationId":"9yh95t4bofqlsl2"}
{"type":"operationEnd","operationId":"9yh95t4bofqlsl2","timestamp":1705588148100,"id":"iygmhp7in18m3gf","previousEventId":"tzhsttzw50qr9jn","previousOperationId":"9yh95t4bofqlsl2"}
{"type":"operationStart","subtype":"recipe","name":"chrome-pdf","timestamp":1705588148100,"id":"r8xk3bctikmuyzw","previousEventId":"iygmhp7in18m3gf","operationId":"0ns3oi5sz14ys6g","previousOperationId":"9yh95t4bofqlsl2"}
{"type":"log","timestamp":1705588148100,"level":"debug","message":"Executing recipe chrome-pdf","meta":{"rootId":"ykq082mevyscl51","id":"ykq082mevyscl51"},"id":"ufnbwyjvoluf0jr","previousOperationId":"0ns3oi5sz14ys6g"}
{"type":"log","timestamp":1705588149658,"level":"debug","message":"Converting with chrome HeadlessChrome/117.0.5938.149 using chrome-pool strategy","meta":{"rootId":"ykq082mevyscl51","id":"ykq082mevyscl51"},"id":"43cu1cb4mhadekj","previousOperationId":"0ns3oi5sz14ys6g"}
{"type":"log","timestamp":1705588150219,"level":"debug","message":"Page request: GET (document) file:///C:/Users/DANIEL~1/AppData/Local/Temp/jsreport/autocleanup/decfed84-782d-4fb4-b877-efecadf263e6-chrome-pdf.html","meta":{"rootId":"ykq082mevyscl51","id":"ykq082mevyscl51"},"id":"xdc8rhfe4p5r9xt","previousOperationId":"0ns3oi5sz14ys6g"}
{"type":"log","timestamp":1705588150247,"level":"debug","message":"Page request: GET (stylesheet) https://cdnjs.cloudflare.com/ajax/libs/metro/4.1.5/css/metro.min.css","meta":{"rootId":"ykq082mevyscl51","id":"ykq082mevyscl51"},"id":"oqllq7gssho2zu7","previousOperationId":"0ns3oi5sz14ys6g"}
{"type":"log","timestamp":1705588150248,"level":"debug","message":"Page request: GET (script) https://cdnjs.cloudflare.com/ajax/libs/Chart.js/2.7.2/Chart.min.js","meta":{"rootId":"ykq082mevyscl51","id":"ykq082mevyscl51"},"id":"e2ex9xh90lyrl4b","previousOperationId":"0ns3oi5sz14ys6g"}
{"type":"log","timestamp":1705588150249,"level":"debug","message":"Page request finished: GET (document) 200 file:///C:/Users/DANIEL~1/AppData/Local/Temp/jsreport/autocleanup/decfed84-782d-4fb4-b877-efecadf263e6-chrome-pdf.html","meta":{"rootId":"ykq082mevyscl51","id":"ykq082mevyscl51"},"id":"r59rsfvt0d8r6is","previousOperationId":"0ns3oi5sz14ys6g"}
{"type":"log","timestamp":1705588152807,"level":"debug","message":"Page request finished: GET (script) 200 https://cdnjs.cloudflare.com/ajax/libs/Chart.js/2.7.2/Chart.min.js","meta":{"rootId":"ykq082mevyscl51","id":"ykq082mevyscl51"},"id":"t9qojkxxe40c3uc","previousOperationId":"0ns3oi5sz14ys6g"}
{"type":"log","timestamp":1705588152915,"level":"debug","message":"Page request finished: GET (stylesheet) 200 https://cdnjs.cloudflare.com/ajax/libs/metro/4.1.5/css/metro.min.css","meta":{"rootId":"ykq082mevyscl51","id":"ykq082mevyscl51"},"id":"uwnxq9pg2yp49lv","previousOperationId":"0ns3oi5sz14ys6g"}
{"type":"log","timestamp":1705588152969,"level":"debug","message":"Running chrome with params {\"printBackground\":true,\"marginTop\":\"4cm\",\"marginRight\":\"1.5cm\",\"marginBottom\":\"1.5cm\",\"marginLeft\":\"1.5cm\",\"waitForJS\":false,\"timeout\":58242,\"margin\":{\"top\":\"4cm\",\"right\":\"1.5cm\",\"bottom\":\"1.5cm\",\"left\":\"1.5cm\"}}","meta":{"rootId":"ykq082mevyscl51","id":"ykq082mevyscl51"},"id":"nf1h2t9es0h5emv","previousOperationId":"0ns3oi5sz14ys6g"}
{"type":"operationEnd","operationId":"0ns3oi5sz14ys6g","timestamp":1705588153077,"id":"rqf0ymv68e67nb4","previousEventId":"r8xk3bctikmuyzw","previousOperationId":"0ns3oi5sz14ys6g"}
{"type":"log","timestamp":1705588153078,"level":"info","message":"pdf-utils is starting pdf processing","meta":{"rootId":"ykq082mevyscl51","id":"ykq082mevyscl51"},"id":"rozlo9z7uk234j6","previousOperationId":"0ns3oi5sz14ys6g"}
{"type":"operationStart","subtype":"pdfUtils","name":"pdf utils","timestamp":1705588153532,"id":"bohvncdq9ticldc","previousEventId":"rqf0ymv68e67nb4","operationId":"6s79bc7xkxxq5dy","previousOperationId":"0ns3oi5sz14ys6g"}
{"type":"log","timestamp":1705588153533,"level":"debug","message":"pdf-utils detected 1 pdf operation(s) to process","meta":{"rootId":"ykq082mevyscl51","id":"ykq082mevyscl51"},"id":"iimf2690jsinamz","previousOperationId":"6s79bc7xkxxq5dy"}
{"type":"log","timestamp":1705588153909,"level":"debug","message":"pdf-utils running pdf operation merge","meta":{"rootId":"ykq082mevyscl51","id":"ykq082mevyscl51"},"id":"e0uoeqh3u7k766l","previousOperationId":"6s79bc7xkxxq5dy"}
{"type":"operationStart","subtype":"pdfUtilsMerge","name":"pdf utils merge","previousOperationId":"6s79bc7xkxxq5dy","timestamp":1705588153909,"id":"lcb526zlnzsgq4a","previousEventId":"bohvncdq9ticldc","operationId":"b8oqffi4r3tcykx"}
{"type":"operationStart","subtype":"render","name":"orders-header","previousOperationId":"b8oqffi4r3tcykx","timestamp":1705588153913,"id":"7cd91psc9apd2gy","previousEventId":"lcb526zlnzsgq4a","operationId":"ptcor7owwlvqq2b"}
{"type":"log","timestamp":1705588153913,"level":"info","message":"Starting rendering (child) request","meta":{"rootId":"ykq082mevyscl51","id":"dtobm05meblgj97"},"id":"n9eodpjd2gzm3fo","previousOperationId":"ptcor7owwlvqq2b"}
{"type":"log","timestamp":1705588153914,"level":"info","message":"Rendering template { name: orders-header, recipe: chrome-pdf, engine: handlebars, preview: true }","meta":{"rootId":"ykq082mevyscl51","id":"dtobm05meblgj97"},"id":"1yu1qkhx8x2ighf","previousOperationId":"ptcor7owwlvqq2b"}
{"type":"log","timestamp":1705588153926,"level":"debug","message":"Inline data specified.","meta":{"rootId":"ykq082mevyscl51","id":"dtobm05meblgj97"},"id":"d2jj03tr0gawhav","previousOperationId":"ptcor7owwlvqq2b"}
{"type":"log","timestamp":1705588153931,"level":"debug","message":"Base url not specified, skipping its injection.","meta":{"rootId":"ykq082mevyscl51","id":"dtobm05meblgj97"},"id":"f00fdyorcnk0m9q","previousOperationId":"ptcor7owwlvqq2b"}
{"type":"operationStart","subtype":"engine","name":"handlebars","timestamp":1705588153932,"id":"hr1hk1ocd7yowyb","previousEventId":"7cd91psc9apd2gy","operationId":"5sawrbjw1djtqze","previousOperationId":"ptcor7owwlvqq2b"}
{"type":"log","timestamp":1705588153932,"level":"debug","message":"Rendering engine handlebars","meta":{"rootId":"ykq082mevyscl51","id":"dtobm05meblgj97"},"id":"9eslgodn3bqt7pi","previousOperationId":"5sawrbjw1djtqze"}
{"type":"operationEnd","operationId":"5sawrbjw1djtqze","timestamp":1705588154089,"id":"j2kwcwjwaeztcxd","previousEventId":"hr1hk1ocd7yowyb","previousOperationId":"5sawrbjw1djtqze"}
{"type":"operationStart","subtype":"recipe","name":"chrome-pdf","timestamp":1705588154089,"id":"2cjck93do1x8mtt","previousEventId":"j2kwcwjwaeztcxd","operationId":"7h4jn59noucx22c","previousOperationId":"5sawrbjw1djtqze"}
{"type":"log","timestamp":1705588154089,"level":"debug","message":"Executing recipe chrome-pdf","meta":{"rootId":"ykq082mevyscl51","id":"dtobm05meblgj97"},"id":"0d4ozgyhukia2bm","previousOperationId":"7h4jn59noucx22c"}
{"type":"log","timestamp":1705588154094,"level":"debug","message":"Converting with chrome HeadlessChrome/117.0.5938.149 using chrome-pool strategy","meta":{"rootId":"ykq082mevyscl51","id":"dtobm05meblgj97"},"id":"xceihfjkvrqrpd3","previousOperationId":"7h4jn59noucx22c"}
{"type":"log","timestamp":1705588154230,"level":"debug","message":"Page request: GET (document) file:///C:/Users/DANIEL~1/AppData/Local/Temp/jsreport/autocleanup/6e1844c1-2dd1-408f-a7b7-2d3a044353d5-chrome-pdf.html","meta":{"rootId":"ykq082mevyscl51","id":"dtobm05meblgj97"},"id":"5xxdhnhxeghoh2l","previousOperationId":"7h4jn59noucx22c"}
{"type":"log","timestamp":1705588154267,"level":"debug","message":"Page request: GET (stylesheet) https://cdnjs.cloudflare.com/ajax/libs/metro/4.1.5/css/metro.min.css","meta":{"rootId":"ykq082mevyscl51","id":"dtobm05meblgj97"},"id":"zuxbune6uzlk9zk","previousOperationId":"7h4jn59noucx22c"}
{"type":"log","timestamp":1705588154268,"level":"debug","message":"Page request finished: GET (document) 200 file:///C:/Users/DANIEL~1/AppData/Local/Temp/jsreport/autocleanup/6e1844c1-2dd1-408f-a7b7-2d3a044353d5-chrome-pdf.html","meta":{"rootId":"ykq082mevyscl51","id":"dtobm05meblgj97"},"id":"88japfviqnclkb9","previousOperationId":"7h4jn59noucx22c"}
{"type":"log","timestamp":1705588154293,"level":"debug","message":"Page request finished: GET (stylesheet) 200 https://cdnjs.cloudflare.com/ajax/libs/metro/4.1.5/css/metro.min.css","meta":{"rootId":"ykq082mevyscl51","id":"dtobm05meblgj97"},"id":"lwrowmlma6oa7mn","previousOperationId":"7h4jn59noucx22c"}
{"type":"log","timestamp":1705588154321,"level":"debug","message":"Running chrome with params {\"printBackground\":true,\"marginTop\":\"1.5cm\",\"marginRight\":\"1.5cm\",\"marginLeft\":\"1.cm\",\"timeout\":52714,\"margin\":{\"top\":\"1.5cm\",\"right\":\"1.5cm\",\"left\":\"1.cm\"}}","meta":{"rootId":"ykq082mevyscl51","id":"dtobm05meblgj97"},"id":"8ry7xmeotrvcpx4","previousOperationId":"7h4jn59noucx22c"}
{"type":"operationEnd","operationId":"7h4jn59noucx22c","timestamp":1705588154382,"id":"yzfzsl56beq7gsu","previousEventId":"2cjck93do1x8mtt","previousOperationId":"7h4jn59noucx22c"}
{"type":"log","timestamp":1705588154384,"level":"debug","message":"Skipping storing report.","meta":{"rootId":"ykq082mevyscl51","id":"dtobm05meblgj97"},"id":"2vfeuwqacjtlt7s","previousOperationId":"7h4jn59noucx22c"}
{"type":"log","timestamp":1705588154384,"level":"info","message":"Rendering (child) request finished in 7577 ms","meta":{"rootId":"ykq082mevyscl51","id":"dtobm05meblgj97"},"id":"x3cqp7cu75hbu17","previousOperationId":"7h4jn59noucx22c"}
{"type":"operationEnd","subtype":"render","operationId":"ptcor7owwlvqq2b","timestamp":1705588154384,"id":"93ao8jrmf6oodgz","previousEventId":"yzfzsl56beq7gsu","previousOperationId":"7h4jn59noucx22c"}
{"type":"operationEnd","operationId":"b8oqffi4r3tcykx","timestamp":1705588154432,"id":"m4ty4c0vr15684c","previousEventId":"lcb526zlnzsgq4a","previousOperationId":"b8oqffi4r3tcykx"}
{"type":"log","timestamp":1705588154432,"level":"debug","message":"pdf-utils postproces start","meta":{"rootId":"ykq082mevyscl51","id":"ykq082mevyscl51"},"id":"pkhmfa6a2ceq1gk","previousOperationId":"b8oqffi4r3tcykx"}
{"type":"log","timestamp":1705588154464,"level":"debug","message":"pdf-utils postproces end","meta":{"rootId":"ykq082mevyscl51","id":"ykq082mevyscl51"},"id":"b8hg1j2p3t0x1ar","previousOperationId":"b8oqffi4r3tcykx"}
{"type":"operationEnd","operationId":"6s79bc7xkxxq5dy","timestamp":1705588154464,"id":"5x8qyiixelrxfi8","previousEventId":"m4ty4c0vr15684c","previousOperationId":"b8oqffi4r3tcykx"}
{"type":"log","timestamp":1705588154464,"level":"info","message":"pdf-utils pdf processing was finished","meta":{"rootId":"ykq082mevyscl51","id":"ykq082mevyscl51"},"id":"3e5tllxgnlppwx1","previousOperationId":"6s79bc7xkxxq5dy"}
{"type":"log","timestamp":1705588154464,"level":"debug","message":"Skipping storing report.","meta":{"rootId":"ykq082mevyscl51","id":"ykq082mevyscl51"},"id":"den6961h0t79kf6","previousOperationId":"6s79bc7xkxxq5dy"}
{"type":"log","timestamp":1705588154464,"level":"info","message":"Rendering request 1 finished in 7657 ms","meta":{"rootId":"ykq082mevyscl51","id":"ykq082mevyscl51"},"id":"xgma7s1ysveze5m","previousOperationId":"6s79bc7xkxxq5dy"}
{"type":"operationEnd","subtype":"render","operationId":"bctcf9agryolnic","timestamp":1705588154464,"id":"5lzd4eupto0ps3w","previousEventId":"5x8qyiixelrxfi8","previousOperationId":"6s79bc7xkxxq5dy"}
{"type":"operationEnd","doDiffs":false,"previousEventId":"0zoiq3a8oqudsph","previousOperationId":"khsmchny4wp74cl","operationId":"khsmchny4wp74cl","timestamp":1705588154486,"id":"p86y9yxbj8c30gs"}
