{"type":"operationStart","subtype":"profile","data":{"_id":"B4MBKNwh2ikP5Tye","timestamp":"2024-01-17T16:53:29.151Z","state":"queued","mode":"standard","creationDate":"2024-01-17T16:53:29.153Z","modificationDate":"2024-01-17T16:53:29.153Z","shortid":"u10SLZ1","$entitySet":"profiles"},"doDiffs":false,"timestamp":1705510409152,"id":"ce9i7g87t7bahf3","previousOperationId":null,"operationId":"s1qud3o14t7jn9v"}
{"type":"log","level":"info","message":"Render request 64 queued for execution and waiting for available worker","previousOperationId":"s1qud3o14t7jn9v","timestamp":1705510409152,"id":"9ioxfo94j87bqk1"}
{"type":"operationStart","subtype":"render","name":"orders-main","previousOperationId":"s1qud3o14t7jn9v","timestamp":1705510409157,"id":"iugjjdjojhhwokg","previousEventId":"ce9i7g87t7bahf3","operationId":"94nt1pmsokeedbm"}
{"type":"log","timestamp":1705510409157,"level":"info","message":"Starting rendering request 64","meta":{"rootId":"yqe19dlohb76ouh","id":"yqe19dlohb76ouh"},"id":"73hbzbxcwkmk8co","previousOperationId":"94nt1pmsokeedbm"}
{"type":"log","timestamp":1705510409157,"level":"info","message":"Rendering template { name: orders-main, recipe: chrome-pdf, engine: handlebars, preview: true }","meta":{"rootId":"yqe19dlohb76ouh","id":"yqe19dlohb76ouh"},"id":"y9b9ss67voy7ejc","previousOperationId":"94nt1pmsokeedbm"}
{"type":"log","timestamp":1705510409158,"level":"debug","message":"Data item not defined for this template.","meta":{"rootId":"yqe19dlohb76ouh","id":"yqe19dlohb76ouh"},"id":"9m8lbveatyg1mus","previousOperationId":"94nt1pmsokeedbm"}
{"type":"log","timestamp":1705510409159,"level":"debug","message":"Executing script orders-script (beforeRender)","meta":{"rootId":"yqe19dlohb76ouh","id":"yqe19dlohb76ouh"},"id":"qqj2pfflp3egyj4","previousOperationId":"94nt1pmsokeedbm"}
{"type":"operationStart","subtype":"scriptsBeforeRender","name":"scripts beforeRender","timestamp":1705510409180,"id":"3nnzjqp1t0m4mx8","previousEventId":"iugjjdjojhhwokg","operationId":"f7bmytz3cnfik86","previousOperationId":"94nt1pmsokeedbm"}
{"type":"operationStart","subtype":"script","name":"scripts orders-script","previousOperationId":"f7bmytz3cnfik86","timestamp":1705510409180,"id":"0nfecwv8z6n93u5","previousEventId":"3nnzjqp1t0m4mx8","operationId":"wp30sl9txsja9ms"}
{"type":"operationEnd","operationId":"wp30sl9txsja9ms","timestamp":1705510409198,"id":"aoxrtqphzw1d08f","previousEventId":"iugjjdjojhhwokg","previousOperationId":"94nt1pmsokeedbm"}
{"type":"operationEnd","operationId":"f7bmytz3cnfik86","timestamp":1705510409198,"id":"ec2q1jeu8llin93","previousEventId":"aoxrtqphzw1d08f","previousOperationId":"94nt1pmsokeedbm"}
{"type":"log","timestamp":1705510409198,"level":"debug","message":"Base url not specified, skipping its injection.","meta":{"rootId":"yqe19dlohb76ouh","id":"yqe19dlohb76ouh"},"id":"s9tp4l2f6nte79n","previousOperationId":"f7bmytz3cnfik86"}
{"type":"operationStart","subtype":"engine","name":"handlebars","timestamp":1705510409198,"id":"g4vf8c2sxidrep1","previousEventId":"ec2q1jeu8llin93","operationId":"7nbs3cgj92ruxbc","previousOperationId":"f7bmytz3cnfik86"}
{"type":"log","timestamp":1705510409198,"level":"debug","message":"Rendering engine handlebars","meta":{"rootId":"yqe19dlohb76ouh","id":"yqe19dlohb76ouh"},"id":"jw7l81kduq50srh","previousOperationId":"7nbs3cgj92ruxbc"}
{"type":"log","timestamp":1705510409206,"level":"debug","message":"(console:log) Pdf utils adding group field, value: \"Race1\"","meta":{"userLevel":true,"rootId":"yqe19dlohb76ouh","id":"yqe19dlohb76ouh"},"id":"0rp9nv94pts8wq6","previousOperationId":"7nbs3cgj92ruxbc"}
{"type":"log","timestamp":1705510409206,"level":"debug","message":"(console:log) Pdf utils adding group field, value: \"Race2\"","meta":{"userLevel":true,"rootId":"yqe19dlohb76ouh","id":"yqe19dlohb76ouh"},"id":"9symi8j15uoslei","previousOperationId":"7nbs3cgj92ruxbc"}
{"type":"operationEnd","operationId":"7nbs3cgj92ruxbc","timestamp":1705510409206,"id":"t5dv2vklm8zcoip","previousEventId":"g4vf8c2sxidrep1","previousOperationId":"7nbs3cgj92ruxbc"}
{"type":"operationStart","subtype":"recipe","name":"chrome-pdf","timestamp":1705510409206,"id":"zbd448pxdxjp0dt","previousEventId":"t5dv2vklm8zcoip","operationId":"plaochqed0u7sff","previousOperationId":"7nbs3cgj92ruxbc"}
{"type":"log","timestamp":1705510409206,"level":"debug","message":"Executing recipe chrome-pdf","meta":{"rootId":"yqe19dlohb76ouh","id":"yqe19dlohb76ouh"},"id":"baixxg1pgfv7fkp","previousOperationId":"plaochqed0u7sff"}
{"type":"log","timestamp":1705510409209,"level":"debug","message":"Converting with chrome HeadlessChrome/117.0.5938.149 using chrome-pool strategy","meta":{"rootId":"yqe19dlohb76ouh","id":"yqe19dlohb76ouh"},"id":"c3jq9byvq7wa175","previousOperationId":"plaochqed0u7sff"}
{"type":"log","timestamp":1705510409275,"level":"debug","message":"Page request: GET (document) file:///C:/Users/DANIEL~1/AppData/Local/Temp/jsreport/autocleanup/ac181c50-9c28-4f60-8296-ecd00ed2d389-chrome-pdf.html","meta":{"rootId":"yqe19dlohb76ouh","id":"yqe19dlohb76ouh"},"id":"exfq7r4cv51yl5i","previousOperationId":"plaochqed0u7sff"}
{"type":"log","timestamp":1705510409288,"level":"debug","message":"Page request: GET (stylesheet) https://cdnjs.cloudflare.com/ajax/libs/metro/4.1.5/css/metro.min.css","meta":{"rootId":"yqe19dlohb76ouh","id":"yqe19dlohb76ouh"},"id":"l91gbt5wuitmt16","previousOperationId":"plaochqed0u7sff"}
{"type":"log","timestamp":1705510409288,"level":"debug","message":"Page request: GET (script) https://cdnjs.cloudflare.com/ajax/libs/Chart.js/2.7.2/Chart.min.js","meta":{"rootId":"yqe19dlohb76ouh","id":"yqe19dlohb76ouh"},"id":"xigm47vwqc7zqzr","previousOperationId":"plaochqed0u7sff"}
{"type":"log","timestamp":1705510409288,"level":"debug","message":"Page request finished: GET (document) 200 file:///C:/Users/DANIEL~1/AppData/Local/Temp/jsreport/autocleanup/ac181c50-9c28-4f60-8296-ecd00ed2d389-chrome-pdf.html","meta":{"rootId":"yqe19dlohb76ouh","id":"yqe19dlohb76ouh"},"id":"lzx7c1m8uivrw2k","previousOperationId":"plaochqed0u7sff"}
{"type":"log","timestamp":1705510409300,"level":"debug","message":"Page request finished: GET (stylesheet) 200 https://cdnjs.cloudflare.com/ajax/libs/metro/4.1.5/css/metro.min.css","meta":{"rootId":"yqe19dlohb76ouh","id":"yqe19dlohb76ouh"},"id":"u459w629b6izmre","previousOperationId":"plaochqed0u7sff"}
{"type":"log","timestamp":1705510409300,"level":"debug","message":"Page request finished: GET (script) 200 https://cdnjs.cloudflare.com/ajax/libs/Chart.js/2.7.2/Chart.min.js","meta":{"rootId":"yqe19dlohb76ouh","id":"yqe19dlohb76ouh"},"id":"344oaw11y4k44ej","previousOperationId":"plaochqed0u7sff"}
{"type":"log","timestamp":1705510409328,"level":"debug","message":"Running chrome with params {\"printBackground\":true,\"marginTop\":\"4cm\",\"marginRight\":\"1.5cm\",\"marginBottom\":\"1.5cm\",\"marginLeft\":\"1.5cm\",\"waitForJS\":false,\"timeout\":59943,\"margin\":{\"top\":\"4cm\",\"right\":\"1.5cm\",\"bottom\":\"1.5cm\",\"left\":\"1.5cm\"}}","meta":{"rootId":"yqe19dlohb76ouh","id":"yqe19dlohb76ouh"},"id":"q3nq4bxh2gxv2do","previousOperationId":"plaochqed0u7sff"}
{"type":"operationEnd","operationId":"plaochqed0u7sff","timestamp":1705510409382,"id":"hys93lxl6xz4c6m","previousEventId":"zbd448pxdxjp0dt","previousOperationId":"plaochqed0u7sff"}
{"type":"log","timestamp":1705510409382,"level":"info","message":"pdf-utils is starting pdf processing","meta":{"rootId":"yqe19dlohb76ouh","id":"yqe19dlohb76ouh"},"id":"lntags1iqv43ave","previousOperationId":"plaochqed0u7sff"}
{"type":"operationStart","subtype":"pdfUtils","name":"pdf utils","timestamp":1705510409382,"id":"dj7zqqt4gkcqpmw","previousEventId":"hys93lxl6xz4c6m","operationId":"zbltfc8y340h0fu","previousOperationId":"plaochqed0u7sff"}
{"type":"log","timestamp":1705510409383,"level":"debug","message":"pdf-utils detected 1 pdf operation(s) to process","meta":{"rootId":"yqe19dlohb76ouh","id":"yqe19dlohb76ouh"},"id":"lsanqbahiez3go1","previousOperationId":"zbltfc8y340h0fu"}
{"type":"log","timestamp":1705510409404,"level":"debug","message":"pdf-utils running pdf operation merge","meta":{"rootId":"yqe19dlohb76ouh","id":"yqe19dlohb76ouh"},"id":"7hndnwebzr96xsx","previousOperationId":"zbltfc8y340h0fu"}
{"type":"operationStart","subtype":"pdfUtilsMerge","name":"pdf utils merge","previousOperationId":"zbltfc8y340h0fu","timestamp":1705510409404,"id":"xkhqan7ehzvdu0x","previousEventId":"dj7zqqt4gkcqpmw","operationId":"v84cwpogmag5riy"}
{"type":"operationStart","subtype":"render","name":"orders-header","previousOperationId":"v84cwpogmag5riy","timestamp":1705510409406,"id":"0vnesgrmnk81cgn","previousEventId":"xkhqan7ehzvdu0x","operationId":"c9en52yvc9w5m8m"}
{"type":"log","timestamp":1705510409406,"level":"info","message":"Starting rendering (child) request","meta":{"rootId":"yqe19dlohb76ouh","id":"7l2216hfo8moaad"},"id":"h2pinyhqvns9vbg","previousOperationId":"c9en52yvc9w5m8m"}
{"type":"log","timestamp":1705510409406,"level":"info","message":"Rendering template { name: orders-header, recipe: chrome-pdf, engine: handlebars, preview: true }","meta":{"rootId":"yqe19dlohb76ouh","id":"7l2216hfo8moaad"},"id":"9vlyphpbfjtwg9o","previousOperationId":"c9en52yvc9w5m8m"}
{"type":"log","timestamp":1705510409406,"level":"debug","message":"Inline data specified.","meta":{"rootId":"yqe19dlohb76ouh","id":"7l2216hfo8moaad"},"id":"ulkj1wkkp29ff9t","previousOperationId":"c9en52yvc9w5m8m"}
{"type":"log","timestamp":1705510409407,"level":"debug","message":"Base url not specified, skipping its injection.","meta":{"rootId":"yqe19dlohb76ouh","id":"7l2216hfo8moaad"},"id":"jkw00klvc8innv6","previousOperationId":"c9en52yvc9w5m8m"}
{"type":"operationStart","subtype":"engine","name":"handlebars","timestamp":1705510409407,"id":"wjpw7rv1b2lve0u","previousEventId":"0vnesgrmnk81cgn","operationId":"9qgjremimcho04q","previousOperationId":"c9en52yvc9w5m8m"}
{"type":"log","timestamp":1705510409407,"level":"debug","message":"Rendering engine handlebars","meta":{"rootId":"yqe19dlohb76ouh","id":"7l2216hfo8moaad"},"id":"0h2zuz5yprhf7ox","previousOperationId":"9qgjremimcho04q"}
{"type":"operationEnd","operationId":"9qgjremimcho04q","timestamp":1705510409421,"id":"iij4q8miw9hssje","previousEventId":"wjpw7rv1b2lve0u","previousOperationId":"9qgjremimcho04q"}
{"type":"operationStart","subtype":"recipe","name":"chrome-pdf","timestamp":1705510409421,"id":"ry52a8h5ebhloi3","previousEventId":"iij4q8miw9hssje","operationId":"l7b15ag5dc90z6l","previousOperationId":"9qgjremimcho04q"}
{"type":"log","timestamp":1705510409421,"level":"debug","message":"Executing recipe chrome-pdf","meta":{"rootId":"yqe19dlohb76ouh","id":"7l2216hfo8moaad"},"id":"6j54nbcmb7i4sxh","previousOperationId":"l7b15ag5dc90z6l"}
{"type":"log","timestamp":1705510409422,"level":"debug","message":"Converting with chrome HeadlessChrome/117.0.5938.149 using chrome-pool strategy","meta":{"rootId":"yqe19dlohb76ouh","id":"7l2216hfo8moaad"},"id":"77cgstsk3jr75si","previousOperationId":"l7b15ag5dc90z6l"}
{"type":"log","timestamp":1705510409482,"level":"debug","message":"Page request: GET (document) file:///C:/Users/DANIEL~1/AppData/Local/Temp/jsreport/autocleanup/27a50109-51f9-457e-bf9c-d85b4a678b0f-chrome-pdf.html","meta":{"rootId":"yqe19dlohb76ouh","id":"7l2216hfo8moaad"},"id":"d49ifbx8637m1dz","previousOperationId":"l7b15ag5dc90z6l"}
{"type":"log","timestamp":1705510409490,"level":"debug","message":"Page request: GET (stylesheet) https://cdnjs.cloudflare.com/ajax/libs/metro/4.1.5/css/metro.min.css","meta":{"rootId":"yqe19dlohb76ouh","id":"7l2216hfo8moaad"},"id":"3ssyr9arxbp351y","previousOperationId":"l7b15ag5dc90z6l"}
{"type":"log","timestamp":1705510409490,"level":"debug","message":"Page request finished: GET (document) 200 file:///C:/Users/DANIEL~1/AppData/Local/Temp/jsreport/autocleanup/27a50109-51f9-457e-bf9c-d85b4a678b0f-chrome-pdf.html","meta":{"rootId":"yqe19dlohb76ouh","id":"7l2216hfo8moaad"},"id":"er1l4gjiscch5lh","previousOperationId":"l7b15ag5dc90z6l"}
{"type":"log","timestamp":1705510409502,"level":"debug","message":"Page request finished: GET (stylesheet) 200 https://cdnjs.cloudflare.com/ajax/libs/metro/4.1.5/css/metro.min.css","meta":{"rootId":"yqe19dlohb76ouh","id":"7l2216hfo8moaad"},"id":"h256vid7o79u0x4","previousOperationId":"l7b15ag5dc90z6l"}
{"type":"log","timestamp":1705510409514,"level":"debug","message":"Running chrome with params {\"printBackground\":true,\"marginTop\":\"1.5cm\",\"marginRight\":\"1.5cm\",\"marginLeft\":\"1.cm\",\"timeout\":59729,\"margin\":{\"top\":\"1.5cm\",\"right\":\"1.5cm\",\"left\":\"1.cm\"}}","meta":{"rootId":"yqe19dlohb76ouh","id":"7l2216hfo8moaad"},"id":"kzmaum2ej07xvmt","previousOperationId":"l7b15ag5dc90z6l"}
{"type":"operationEnd","operationId":"l7b15ag5dc90z6l","timestamp":1705510409538,"id":"8odjfuvmhahs1on","previousEventId":"ry52a8h5ebhloi3","previousOperationId":"l7b15ag5dc90z6l"}
{"type":"log","timestamp":1705510409538,"level":"debug","message":"Skipping storing report.","meta":{"rootId":"yqe19dlohb76ouh","id":"7l2216hfo8moaad"},"id":"2v4imw0pnxqvuc3","previousOperationId":"l7b15ag5dc90z6l"}
{"type":"log","timestamp":1705510409538,"level":"info","message":"Rendering (child) request finished in 387 ms","meta":{"rootId":"yqe19dlohb76ouh","id":"7l2216hfo8moaad"},"id":"omtuqqc0mk56484","previousOperationId":"l7b15ag5dc90z6l"}
{"type":"operationEnd","subtype":"render","operationId":"c9en52yvc9w5m8m","timestamp":1705510409538,"id":"ir5bghpyylti3xo","previousEventId":"8odjfuvmhahs1on","previousOperationId":"l7b15ag5dc90z6l"}
{"type":"operationEnd","operationId":"v84cwpogmag5riy","timestamp":1705510409547,"id":"n1cuv8vrsc1knhl","previousEventId":"xkhqan7ehzvdu0x","previousOperationId":"v84cwpogmag5riy"}
{"type":"log","timestamp":1705510409547,"level":"debug","message":"pdf-utils postproces start","meta":{"rootId":"yqe19dlohb76ouh","id":"yqe19dlohb76ouh"},"id":"pdww4301j3ohnx9","previousOperationId":"v84cwpogmag5riy"}
{"type":"log","timestamp":1705510409555,"level":"debug","message":"pdf-utils postproces end","meta":{"rootId":"yqe19dlohb76ouh","id":"yqe19dlohb76ouh"},"id":"nyq9oahk8jmkleu","previousOperationId":"v84cwpogmag5riy"}
{"type":"operationEnd","operationId":"zbltfc8y340h0fu","timestamp":1705510409555,"id":"suzato9eq5o6crr","previousEventId":"n1cuv8vrsc1knhl","previousOperationId":"v84cwpogmag5riy"}
{"type":"log","timestamp":1705510409555,"level":"info","message":"pdf-utils pdf processing was finished","meta":{"rootId":"yqe19dlohb76ouh","id":"yqe19dlohb76ouh"},"id":"63warfc3fpp6enl","previousOperationId":"zbltfc8y340h0fu"}
{"type":"log","timestamp":1705510409555,"level":"debug","message":"Skipping storing report.","meta":{"rootId":"yqe19dlohb76ouh","id":"yqe19dlohb76ouh"},"id":"uuefj7xesnkfze6","previousOperationId":"zbltfc8y340h0fu"}
{"type":"log","timestamp":1705510409555,"level":"info","message":"Rendering request 64 finished in 404 ms","meta":{"rootId":"yqe19dlohb76ouh","id":"yqe19dlohb76ouh"},"id":"rijnxdas9p6cpm6","previousOperationId":"zbltfc8y340h0fu"}
{"type":"operationEnd","subtype":"render","operationId":"94nt1pmsokeedbm","timestamp":1705510409555,"id":"k1tlkvfrj2wdwl2","previousEventId":"suzato9eq5o6crr","previousOperationId":"zbltfc8y340h0fu"}
{"type":"operationEnd","doDiffs":false,"previousEventId":"ce9i7g87t7bahf3","previousOperationId":"s1qud3o14t7jn9v","operationId":"s1qud3o14t7jn9v","timestamp":1705510409567,"id":"epqt1eso1dwo6jj"}
