{"type":"operationStart","subtype":"profile","data":{"_id":"J4lnldXxhGFzPqdZ","timestamp":"2024-02-21T18:20:26.851Z","state":"queued","mode":"standard","creationDate":"2024-02-21T18:20:26.852Z","modificationDate":"2024-02-21T18:20:26.852Z","shortid":"Z53z1oy","$entitySet":"profiles"},"doDiffs":false,"timestamp":1708539626852,"id":"7gin3pcz6ltnid5","previousOperationId":null,"operationId":"etaj167y98gwg61"}
{"type":"log","level":"info","message":"Render request 2 queued for execution and waiting for available worker","previousOperationId":"etaj167y98gwg61","timestamp":1708539626852,"id":"eyb29v3cv7yosg2"}
{"type":"operationStart","subtype":"render","name":"orders-main","previousOperationId":"etaj167y98gwg61","timestamp":1708539626863,"id":"b3htnofluemi6a3","previousEventId":"7gin3pcz6ltnid5","operationId":"yz6khzunly9spyk"}
{"type":"log","timestamp":1708539626864,"level":"info","message":"Starting rendering request 2","meta":{"rootId":"ysotz9aksl1n9c4","id":"ysotz9aksl1n9c4"},"id":"4a9wrtgeujoisy9","previousOperationId":"yz6khzunly9spyk"}
{"type":"log","timestamp":1708539626864,"level":"info","message":"Rendering template { name: orders-main, recipe: chrome-pdf, engine: handlebars, preview: true }","meta":{"rootId":"ysotz9aksl1n9c4","id":"ysotz9aksl1n9c4"},"id":"my53aohtuaiinwf","previousOperationId":"yz6khzunly9spyk"}
{"type":"log","timestamp":1708539626865,"level":"debug","message":"Data item not defined for this template.","meta":{"rootId":"ysotz9aksl1n9c4","id":"ysotz9aksl1n9c4"},"id":"i8p9bcxjfhght7d","previousOperationId":"yz6khzunly9spyk"}
{"type":"log","timestamp":1708539626867,"level":"debug","message":"Executing script orders-script (beforeRender)","meta":{"rootId":"ysotz9aksl1n9c4","id":"ysotz9aksl1n9c4"},"id":"ejvcildoabqh8f3","previousOperationId":"yz6khzunly9spyk"}
{"type":"operationStart","subtype":"scriptsBeforeRender","name":"scripts beforeRender","timestamp":1708539627028,"id":"x19bp980znqqgg6","previousEventId":"b3htnofluemi6a3","operationId":"0bli5twfiicajo6","previousOperationId":"yz6khzunly9spyk"}
{"type":"operationStart","subtype":"script","name":"scripts orders-script","previousOperationId":"0bli5twfiicajo6","timestamp":1708539627028,"id":"3m4685x31ttfrv2","previousEventId":"x19bp980znqqgg6","operationId":"m6gkvhegbedhl2s"}
{"type":"log","timestamp":1708539627058,"level":"debug","message":"(console:log) [ 'ola', 'oola', 'Race1', 'Race2' ]","meta":{"userLevel":true,"rootId":"ysotz9aksl1n9c4","id":"ysotz9aksl1n9c4"},"id":"pdqrluctlcshqmn","previousOperationId":"m6gkvhegbedhl2s"}
{"type":"log","timestamp":1708539627058,"level":"debug","message":"(console:log) [ 0, 0, 1, 1 ]","meta":{"userLevel":true,"rootId":"ysotz9aksl1n9c4","id":"ysotz9aksl1n9c4"},"id":"n8cmw1zt94wukjw","previousOperationId":"m6gkvhegbedhl2s"}
{"type":"operationEnd","operationId":"m6gkvhegbedhl2s","timestamp":1708539627059,"id":"9hit3kvq78i3y01","previousEventId":"b3htnofluemi6a3","previousOperationId":"yz6khzunly9spyk"}
{"type":"operationEnd","operationId":"0bli5twfiicajo6","timestamp":1708539627059,"id":"3baejsjq3aqqu55","previousEventId":"9hit3kvq78i3y01","previousOperationId":"yz6khzunly9spyk"}
{"type":"log","timestamp":1708539627059,"level":"debug","message":"Base url not specified, skipping its injection.","meta":{"rootId":"ysotz9aksl1n9c4","id":"ysotz9aksl1n9c4"},"id":"ouozvtlkee84h4o","previousOperationId":"0bli5twfiicajo6"}
{"type":"operationStart","subtype":"engine","name":"handlebars","timestamp":1708539627059,"id":"42aho1wx7r55mv4","previousEventId":"3baejsjq3aqqu55","operationId":"9j7brcsddkmz1ow","previousOperationId":"0bli5twfiicajo6"}
{"type":"log","timestamp":1708539627059,"level":"debug","message":"Rendering engine handlebars","meta":{"rootId":"ysotz9aksl1n9c4","id":"ysotz9aksl1n9c4"},"id":"j2m157zfpen5yx1","previousOperationId":"9j7brcsddkmz1ow"}
{"type":"log","timestamp":1708539627225,"level":"debug","message":"(console:log) Pdf utils adding group field, value: \"ola\"","meta":{"userLevel":true,"rootId":"ysotz9aksl1n9c4","id":"ysotz9aksl1n9c4"},"id":"vfcz1sidq0qntt5","previousOperationId":"9j7brcsddkmz1ow"}
{"type":"log","timestamp":1708539627225,"level":"debug","message":"(console:log) Pdf utils adding group field, value: \"oola\"","meta":{"userLevel":true,"rootId":"ysotz9aksl1n9c4","id":"ysotz9aksl1n9c4"},"id":"stc60qzu2tz8lsi","previousOperationId":"9j7brcsddkmz1ow"}
{"type":"log","timestamp":1708539627225,"level":"debug","message":"(console:log) Pdf utils adding group field, value: \"Race1\"","meta":{"userLevel":true,"rootId":"ysotz9aksl1n9c4","id":"ysotz9aksl1n9c4"},"id":"6yrztd78uidoyof","previousOperationId":"9j7brcsddkmz1ow"}
{"type":"log","timestamp":1708539627225,"level":"debug","message":"(console:log) Pdf utils adding group field, value: \"Race2\"","meta":{"userLevel":true,"rootId":"ysotz9aksl1n9c4","id":"ysotz9aksl1n9c4"},"id":"oiy5w6lrjd5ynb1","previousOperationId":"9j7brcsddkmz1ow"}
{"type":"operationEnd","operationId":"9j7brcsddkmz1ow","timestamp":1708539627225,"id":"339quto0tpkbgvc","previousEventId":"42aho1wx7r55mv4","previousOperationId":"9j7brcsddkmz1ow"}
{"type":"operationStart","subtype":"recipe","name":"chrome-pdf","timestamp":1708539627225,"id":"qc1wzipd7722816","previousEventId":"339quto0tpkbgvc","operationId":"9qg7rvqfkdk4m2k","previousOperationId":"9j7brcsddkmz1ow"}
{"type":"log","timestamp":1708539627225,"level":"debug","message":"Executing recipe chrome-pdf","meta":{"rootId":"ysotz9aksl1n9c4","id":"ysotz9aksl1n9c4"},"id":"ofxb0hlcaff20kf","previousOperationId":"9qg7rvqfkdk4m2k"}
{"type":"log","timestamp":1708539627587,"level":"debug","message":"Converting with chrome HeadlessChrome/117.0.5938.149 using chrome-pool strategy","meta":{"rootId":"ysotz9aksl1n9c4","id":"ysotz9aksl1n9c4"},"id":"qdtssoitj8e63ww","previousOperationId":"9qg7rvqfkdk4m2k"}
{"type":"log","timestamp":1708539627666,"level":"debug","message":"Page request: GET (document) file:///var/folders/tp/6hccbwhd41s4hkmxw_2wkz640000gn/T/jsreport/autocleanup/c9c3bf5e-5871-4273-8f04-6529a4dcc6d5-chrome-pdf.html","meta":{"rootId":"ysotz9aksl1n9c4","id":"ysotz9aksl1n9c4"},"id":"od559fngvevbu0c","previousOperationId":"9qg7rvqfkdk4m2k"}
{"type":"log","timestamp":1708539627671,"level":"debug","message":"Page request: GET (stylesheet) https://cdnjs.cloudflare.com/ajax/libs/metro/4.1.5/css/metro.min.css","meta":{"rootId":"ysotz9aksl1n9c4","id":"ysotz9aksl1n9c4"},"id":"8czo3vl2zahgfm0","previousOperationId":"9qg7rvqfkdk4m2k"}
{"type":"log","timestamp":1708539627671,"level":"debug","message":"Page request: GET (script) https://cdn.jsdelivr.net/npm/chart.js","meta":{"rootId":"ysotz9aksl1n9c4","id":"ysotz9aksl1n9c4"},"id":"bgrs6cv10ikl2xb","previousOperationId":"9qg7rvqfkdk4m2k"}
{"type":"log","timestamp":1708539627672,"level":"debug","message":"Page request finished: GET (document) 200 file:///var/folders/tp/6hccbwhd41s4hkmxw_2wkz640000gn/T/jsreport/autocleanup/c9c3bf5e-5871-4273-8f04-6529a4dcc6d5-chrome-pdf.html","meta":{"rootId":"ysotz9aksl1n9c4","id":"ysotz9aksl1n9c4"},"id":"3x7ys3e4qvsa23x","previousOperationId":"9qg7rvqfkdk4m2k"}
{"type":"log","timestamp":1708539628084,"level":"debug","message":"Page request finished: GET (stylesheet) 200 https://cdnjs.cloudflare.com/ajax/libs/metro/4.1.5/css/metro.min.css","meta":{"rootId":"ysotz9aksl1n9c4","id":"ysotz9aksl1n9c4"},"id":"0jkq4ymhs1c3ytc","previousOperationId":"9qg7rvqfkdk4m2k"}
{"type":"log","timestamp":1708539628234,"level":"debug","message":"Page request finished: GET (script) 200 https://cdn.jsdelivr.net/npm/chart.js","meta":{"rootId":"ysotz9aksl1n9c4","id":"ysotz9aksl1n9c4"},"id":"3gobwe4k4zlroxv","previousOperationId":"9qg7rvqfkdk4m2k"}
{"type":"log","timestamp":1708539628284,"level":"debug","message":"Running chrome with params {\"printBackground\":true,\"marginTop\":\"4cm\",\"marginRight\":\"1.5cm\",\"marginBottom\":\"1.5cm\",\"marginLeft\":\"1.5cm\",\"waitForJS\":false,\"timeout\":59454,\"margin\":{\"top\":\"4cm\",\"right\":\"1.5cm\",\"bottom\":\"1.5cm\",\"left\":\"1.5cm\"}}","meta":{"rootId":"ysotz9aksl1n9c4","id":"ysotz9aksl1n9c4"},"id":"dj8an7jmiaobcvq","previousOperationId":"9qg7rvqfkdk4m2k"}
{"type":"operationEnd","operationId":"9qg7rvqfkdk4m2k","timestamp":1708539628331,"id":"4p3a8v3gbwgrze8","previousEventId":"qc1wzipd7722816","previousOperationId":"9qg7rvqfkdk4m2k"}
{"type":"log","timestamp":1708539628331,"level":"info","message":"pdf-utils is starting pdf processing","meta":{"rootId":"ysotz9aksl1n9c4","id":"ysotz9aksl1n9c4"},"id":"i9j0hx7kefr7xyg","previousOperationId":"9qg7rvqfkdk4m2k"}
{"type":"operationStart","subtype":"pdfUtils","name":"pdf utils","timestamp":1708539628434,"id":"63uj8fb0c0iie5g","previousEventId":"4p3a8v3gbwgrze8","operationId":"foecoz99g2jwf4w","previousOperationId":"9qg7rvqfkdk4m2k"}
{"type":"log","timestamp":1708539628434,"level":"debug","message":"pdf-utils detected 1 pdf operation(s) to process","meta":{"rootId":"ysotz9aksl1n9c4","id":"ysotz9aksl1n9c4"},"id":"72g824h86elh7xt","previousOperationId":"foecoz99g2jwf4w"}
{"type":"log","timestamp":1708539628566,"level":"debug","message":"pdf-utils running pdf operation merge","meta":{"rootId":"ysotz9aksl1n9c4","id":"ysotz9aksl1n9c4"},"id":"7l3t7dkpq1t2n2d","previousOperationId":"foecoz99g2jwf4w"}
{"type":"operationStart","subtype":"pdfUtilsMerge","name":"pdf utils merge","previousOperationId":"foecoz99g2jwf4w","timestamp":1708539628566,"id":"85arca45trkwh7x","previousEventId":"63uj8fb0c0iie5g","operationId":"57tyzspo23urbwi"}
{"type":"operationStart","subtype":"render","name":"orders-header","previousOperationId":"57tyzspo23urbwi","timestamp":1708539628568,"id":"fu730f6d1ahdttv","previousEventId":"85arca45trkwh7x","operationId":"ahvp9qexrkiaws1"}
{"type":"log","timestamp":1708539628568,"level":"info","message":"Starting rendering (child) request","meta":{"rootId":"ysotz9aksl1n9c4","id":"cx5d2tqi64k9vq5"},"id":"0x7c63junkracrn","previousOperationId":"ahvp9qexrkiaws1"}
{"type":"log","timestamp":1708539628568,"level":"info","message":"Rendering template { name: orders-header, recipe: chrome-pdf, engine: handlebars, preview: true }","meta":{"rootId":"ysotz9aksl1n9c4","id":"cx5d2tqi64k9vq5"},"id":"8sk5od3r8yljl69","previousOperationId":"ahvp9qexrkiaws1"}
{"type":"log","timestamp":1708539628569,"level":"debug","message":"Inline data specified.","meta":{"rootId":"ysotz9aksl1n9c4","id":"cx5d2tqi64k9vq5"},"id":"3oymqoevhk07z9z","previousOperationId":"ahvp9qexrkiaws1"}
{"type":"log","timestamp":1708539628570,"level":"debug","message":"Base url not specified, skipping its injection.","meta":{"rootId":"ysotz9aksl1n9c4","id":"cx5d2tqi64k9vq5"},"id":"xawecwdygid2mvo","previousOperationId":"ahvp9qexrkiaws1"}
{"type":"operationStart","subtype":"engine","name":"handlebars","timestamp":1708539628570,"id":"l6ms30whp9keyfg","previousEventId":"fu730f6d1ahdttv","operationId":"nq5060reruuk4dt","previousOperationId":"ahvp9qexrkiaws1"}
{"type":"log","timestamp":1708539628570,"level":"debug","message":"Rendering engine handlebars","meta":{"rootId":"ysotz9aksl1n9c4","id":"cx5d2tqi64k9vq5"},"id":"06kj46mcstz79w8","previousOperationId":"nq5060reruuk4dt"}
{"type":"operationEnd","operationId":"nq5060reruuk4dt","timestamp":1708539628580,"id":"gv6fifx5s0zs7is","previousEventId":"l6ms30whp9keyfg","previousOperationId":"nq5060reruuk4dt"}
{"type":"operationStart","subtype":"recipe","name":"chrome-pdf","timestamp":1708539628580,"id":"c1azu6w7sjuk3o3","previousEventId":"gv6fifx5s0zs7is","operationId":"nav3ihzurlgzn08","previousOperationId":"nq5060reruuk4dt"}
{"type":"log","timestamp":1708539628580,"level":"debug","message":"Executing recipe chrome-pdf","meta":{"rootId":"ysotz9aksl1n9c4","id":"cx5d2tqi64k9vq5"},"id":"7nxkx4dpwrmcgvf","previousOperationId":"nav3ihzurlgzn08"}
{"type":"log","timestamp":1708539628584,"level":"debug","message":"Converting with chrome HeadlessChrome/117.0.5938.149 using chrome-pool strategy","meta":{"rootId":"ysotz9aksl1n9c4","id":"cx5d2tqi64k9vq5"},"id":"cg3b4t0gox1y2dq","previousOperationId":"nav3ihzurlgzn08"}
{"type":"log","timestamp":1708539628626,"level":"debug","message":"Page request: GET (document) file:///var/folders/tp/6hccbwhd41s4hkmxw_2wkz640000gn/T/jsreport/autocleanup/77f3b0b9-49c5-4d30-a26d-9cb04fb0a7d7-chrome-pdf.html","meta":{"rootId":"ysotz9aksl1n9c4","id":"cx5d2tqi64k9vq5"},"id":"ai5ccrlylhh9fg0","previousOperationId":"nav3ihzurlgzn08"}
{"type":"log","timestamp":1708539628631,"level":"debug","message":"Page request: GET (stylesheet) https://cdnjs.cloudflare.com/ajax/libs/metro/4.1.5/css/metro.min.css","meta":{"rootId":"ysotz9aksl1n9c4","id":"cx5d2tqi64k9vq5"},"id":"5y759nmsnegacta","previousOperationId":"nav3ihzurlgzn08"}
{"type":"log","timestamp":1708539628631,"level":"debug","message":"Page request finished: GET (document) 200 file:///var/folders/tp/6hccbwhd41s4hkmxw_2wkz640000gn/T/jsreport/autocleanup/77f3b0b9-49c5-4d30-a26d-9cb04fb0a7d7-chrome-pdf.html","meta":{"rootId":"ysotz9aksl1n9c4","id":"cx5d2tqi64k9vq5"},"id":"psj3w7coi0pl07y","previousOperationId":"nav3ihzurlgzn08"}
{"type":"log","timestamp":1708539628638,"level":"debug","message":"Page request finished: GET (stylesheet) 200 https://cdnjs.cloudflare.com/ajax/libs/metro/4.1.5/css/metro.min.css","meta":{"rootId":"ysotz9aksl1n9c4","id":"cx5d2tqi64k9vq5"},"id":"kydommupcvf63k0","previousOperationId":"nav3ihzurlgzn08"}
{"type":"log","timestamp":1708539628657,"level":"debug","message":"Running chrome with params {\"printBackground\":true,\"marginTop\":\"1.5cm\",\"marginRight\":\"1.5cm\",\"marginLeft\":\"1.cm\",\"timeout\":58264,\"margin\":{\"top\":\"1.5cm\",\"right\":\"1.5cm\",\"left\":\"1.cm\"}}","meta":{"rootId":"ysotz9aksl1n9c4","id":"cx5d2tqi64k9vq5"},"id":"0v31m53w1yz43kq","previousOperationId":"nav3ihzurlgzn08"}
{"type":"operationEnd","operationId":"nav3ihzurlgzn08","timestamp":1708539628679,"id":"y1wu0crc57syn0h","previousEventId":"c1azu6w7sjuk3o3","previousOperationId":"nav3ihzurlgzn08"}
{"type":"log","timestamp":1708539628680,"level":"debug","message":"Skipping storing report.","meta":{"rootId":"ysotz9aksl1n9c4","id":"cx5d2tqi64k9vq5"},"id":"8zx7kv8olq2wonp","previousOperationId":"nav3ihzurlgzn08"}
{"type":"log","timestamp":1708539628680,"level":"info","message":"Rendering (child) request finished in 1832 ms","meta":{"rootId":"ysotz9aksl1n9c4","id":"cx5d2tqi64k9vq5"},"id":"h6fqpiq49gm0zrm","previousOperationId":"nav3ihzurlgzn08"}
{"type":"operationEnd","subtype":"render","operationId":"ahvp9qexrkiaws1","timestamp":1708539628680,"id":"00rvha0ind7n9qu","previousEventId":"y1wu0crc57syn0h","previousOperationId":"nav3ihzurlgzn08"}
{"type":"operationEnd","operationId":"57tyzspo23urbwi","timestamp":1708539628715,"id":"fi8g5izzv8rse9c","previousEventId":"85arca45trkwh7x","previousOperationId":"57tyzspo23urbwi"}
{"type":"log","timestamp":1708539628715,"level":"debug","message":"pdf-utils postproces start","meta":{"rootId":"ysotz9aksl1n9c4","id":"ysotz9aksl1n9c4"},"id":"z0rzagyt0lls5it","previousOperationId":"57tyzspo23urbwi"}
{"type":"log","timestamp":1708539628746,"level":"debug","message":"pdf-utils postproces end","meta":{"rootId":"ysotz9aksl1n9c4","id":"ysotz9aksl1n9c4"},"id":"kb38o0tc1kvsu44","previousOperationId":"57tyzspo23urbwi"}
{"type":"operationEnd","operationId":"foecoz99g2jwf4w","timestamp":1708539628746,"id":"6iz1tne2l9zf8hg","previousEventId":"fi8g5izzv8rse9c","previousOperationId":"57tyzspo23urbwi"}
{"type":"log","timestamp":1708539628746,"level":"info","message":"pdf-utils pdf processing was finished","meta":{"rootId":"ysotz9aksl1n9c4","id":"ysotz9aksl1n9c4"},"id":"u48a56s8mbczcjq","previousOperationId":"foecoz99g2jwf4w"}
{"type":"log","timestamp":1708539628746,"level":"debug","message":"Skipping storing report.","meta":{"rootId":"ysotz9aksl1n9c4","id":"ysotz9aksl1n9c4"},"id":"5wrnez2t1sz2mg7","previousOperationId":"foecoz99g2jwf4w"}
{"type":"log","timestamp":1708539628746,"level":"info","message":"Rendering request 2 finished in 1898 ms","meta":{"rootId":"ysotz9aksl1n9c4","id":"ysotz9aksl1n9c4"},"id":"silovblsvt0kn2b","previousOperationId":"foecoz99g2jwf4w"}
{"type":"operationEnd","subtype":"render","operationId":"yz6khzunly9spyk","timestamp":1708539628746,"id":"hr6hyeiojse360z","previousEventId":"6iz1tne2l9zf8hg","previousOperationId":"foecoz99g2jwf4w"}
{"type":"operationEnd","doDiffs":false,"previousEventId":"7gin3pcz6ltnid5","previousOperationId":"etaj167y98gwg61","operationId":"etaj167y98gwg61","timestamp":1708539628750,"id":"zj1kfuzh5hmhsyv"}
