{"type":"operationStart","subtype":"profile","data":{"_id":"gsMMKrPMi5K4ftRi","timestamp":"2024-02-19T16:19:27.406Z","state":"queued","mode":"standard","creationDate":"2024-02-19T16:19:27.409Z","modificationDate":"2024-02-19T16:19:27.409Z","shortid":"pszyKgA","$entitySet":"profiles"},"doDiffs":false,"timestamp":1708359567408,"id":"ktabe3duxxe2x6b","previousOperationId":null,"operationId":"j81l8n80n97cw6k"}
{"type":"log","level":"info","message":"Render request 5 queued for execution and waiting for available worker","previousOperationId":"j81l8n80n97cw6k","timestamp":1708359567408,"id":"x0kvqyhgkjzdkxs"}
{"type":"operationStart","subtype":"render","name":"orders-main","previousOperationId":"j81l8n80n97cw6k","timestamp":1708359567422,"id":"j91j8ssta6ik2ey","previousEventId":"ktabe3duxxe2x6b","operationId":"hkpf3osnneqt25o"}
{"type":"log","timestamp":1708359567423,"level":"info","message":"Starting rendering request 5","meta":{"rootId":"yt5d1axx2iyzzmc","id":"yt5d1axx2iyzzmc"},"id":"iftv73rercb22u0","previousOperationId":"hkpf3osnneqt25o"}
{"type":"log","timestamp":1708359567424,"level":"info","message":"Rendering template { name: orders-main, recipe: chrome-pdf, engine: handlebars, preview: true }","meta":{"rootId":"yt5d1axx2iyzzmc","id":"yt5d1axx2iyzzmc"},"id":"wp90i8x04tjumg2","previousOperationId":"hkpf3osnneqt25o"}
{"type":"log","timestamp":1708359567427,"level":"debug","message":"Data item not defined for this template.","meta":{"rootId":"yt5d1axx2iyzzmc","id":"yt5d1axx2iyzzmc"},"id":"qxu0r1py5x4f5p6","previousOperationId":"hkpf3osnneqt25o"}
{"type":"log","timestamp":1708359567430,"level":"debug","message":"Executing script orders-script (beforeRender)","meta":{"rootId":"yt5d1axx2iyzzmc","id":"yt5d1axx2iyzzmc"},"id":"jvwd5wihyfpyd99","previousOperationId":"hkpf3osnneqt25o"}
{"type":"operationStart","subtype":"scriptsBeforeRender","name":"scripts beforeRender","timestamp":1708359567572,"id":"massxrjsdf4bgxp","previousEventId":"j91j8ssta6ik2ey","operationId":"cos8d223rasozyf","previousOperationId":"hkpf3osnneqt25o"}
{"type":"operationStart","subtype":"script","name":"scripts orders-script","previousOperationId":"cos8d223rasozyf","timestamp":1708359567572,"id":"9m2ap5ogzzp3v5y","previousEventId":"massxrjsdf4bgxp","operationId":"862mpr47zl22ntz"}
{"type":"log","timestamp":1708359567595,"level":"debug","message":"(console:log) [ 'ola' ]","meta":{"userLevel":true,"rootId":"yt5d1axx2iyzzmc","id":"yt5d1axx2iyzzmc"},"id":"i3oyxcn1nw36uws","previousOperationId":"862mpr47zl22ntz"}
{"type":"log","timestamp":1708359567595,"level":"debug","message":"(console:log) [ 1 ]","meta":{"userLevel":true,"rootId":"yt5d1axx2iyzzmc","id":"yt5d1axx2iyzzmc"},"id":"3m0i2idq8gfkp6c","previousOperationId":"862mpr47zl22ntz"}
{"type":"operationEnd","operationId":"862mpr47zl22ntz","timestamp":1708359567596,"id":"thagi2t1slpx2e0","previousEventId":"j91j8ssta6ik2ey","previousOperationId":"hkpf3osnneqt25o"}
{"type":"operationEnd","operationId":"cos8d223rasozyf","timestamp":1708359567596,"id":"x7aiwbposuosodw","previousEventId":"thagi2t1slpx2e0","previousOperationId":"hkpf3osnneqt25o"}
{"type":"log","timestamp":1708359567596,"level":"debug","message":"Base url not specified, skipping its injection.","meta":{"rootId":"yt5d1axx2iyzzmc","id":"yt5d1axx2iyzzmc"},"id":"5zeammhwmv8e45t","previousOperationId":"cos8d223rasozyf"}
{"type":"operationStart","subtype":"engine","name":"handlebars","timestamp":1708359567596,"id":"8tqcytkypf8nwrr","previousEventId":"x7aiwbposuosodw","operationId":"omhi4nrm4nisr1h","previousOperationId":"cos8d223rasozyf"}
{"type":"log","timestamp":1708359567596,"level":"debug","message":"Rendering engine handlebars","meta":{"rootId":"yt5d1axx2iyzzmc","id":"yt5d1axx2iyzzmc"},"id":"dek3tugh6i28ncf","previousOperationId":"omhi4nrm4nisr1h"}
{"type":"log","timestamp":1708359567768,"level":"debug","message":"(console:log) Pdf utils adding group field, value: \"ola\"","meta":{"userLevel":true,"rootId":"yt5d1axx2iyzzmc","id":"yt5d1axx2iyzzmc"},"id":"65i9fxtnvowdajz","previousOperationId":"omhi4nrm4nisr1h"}
{"type":"operationEnd","operationId":"omhi4nrm4nisr1h","timestamp":1708359567768,"id":"mjs83dx42m2a3a3","previousEventId":"8tqcytkypf8nwrr","previousOperationId":"omhi4nrm4nisr1h"}
{"type":"operationStart","subtype":"recipe","name":"chrome-pdf","timestamp":1708359567768,"id":"0ntpffanhk1xjqj","previousEventId":"mjs83dx42m2a3a3","operationId":"vkly3lv0nlp5g16","previousOperationId":"omhi4nrm4nisr1h"}
{"type":"log","timestamp":1708359567768,"level":"debug","message":"Executing recipe chrome-pdf","meta":{"rootId":"yt5d1axx2iyzzmc","id":"yt5d1axx2iyzzmc"},"id":"yv5fyfbx8au08pw","previousOperationId":"vkly3lv0nlp5g16"}
{"type":"log","timestamp":1708359568247,"level":"debug","message":"Converting with chrome HeadlessChrome/117.0.5938.149 using chrome-pool strategy","meta":{"rootId":"yt5d1axx2iyzzmc","id":"yt5d1axx2iyzzmc"},"id":"5qhuk88uavmpiot","previousOperationId":"vkly3lv0nlp5g16"}
{"type":"log","timestamp":1708359568303,"level":"debug","message":"Page request: GET (document) file:///var/folders/tp/6hccbwhd41s4hkmxw_2wkz640000gn/T/jsreport/autocleanup/0765d3ed-d276-4a42-8228-0bac3b037fd5-chrome-pdf.html","meta":{"rootId":"yt5d1axx2iyzzmc","id":"yt5d1axx2iyzzmc"},"id":"n9gaovlr7zut001","previousOperationId":"vkly3lv0nlp5g16"}
{"type":"log","timestamp":1708359568309,"level":"debug","message":"Page request: GET (stylesheet) https://cdnjs.cloudflare.com/ajax/libs/metro/4.1.5/css/metro.min.css","meta":{"rootId":"yt5d1axx2iyzzmc","id":"yt5d1axx2iyzzmc"},"id":"kvjtplpbc1sqeg1","previousOperationId":"vkly3lv0nlp5g16"}
{"type":"log","timestamp":1708359568309,"level":"debug","message":"Page request: GET (script) https://cdn.jsdelivr.net/npm/chart.js","meta":{"rootId":"yt5d1axx2iyzzmc","id":"yt5d1axx2iyzzmc"},"id":"99664te2bp1br8g","previousOperationId":"vkly3lv0nlp5g16"}
{"type":"log","timestamp":1708359568309,"level":"debug","message":"Page request finished: GET (document) 200 file:///var/folders/tp/6hccbwhd41s4hkmxw_2wkz640000gn/T/jsreport/autocleanup/0765d3ed-d276-4a42-8228-0bac3b037fd5-chrome-pdf.html","meta":{"rootId":"yt5d1axx2iyzzmc","id":"yt5d1axx2iyzzmc"},"id":"fj5b26dpjvjmg84","previousOperationId":"vkly3lv0nlp5g16"}
{"type":"log","timestamp":1708359568707,"level":"debug","message":"Page request finished: GET (stylesheet) 200 https://cdnjs.cloudflare.com/ajax/libs/metro/4.1.5/css/metro.min.css","meta":{"rootId":"yt5d1axx2iyzzmc","id":"yt5d1axx2iyzzmc"},"id":"7ffskcxcywuxers","previousOperationId":"vkly3lv0nlp5g16"}
{"type":"log","timestamp":1708359568925,"level":"debug","message":"Page request finished: GET (script) 200 https://cdn.jsdelivr.net/npm/chart.js","meta":{"rootId":"yt5d1axx2iyzzmc","id":"yt5d1axx2iyzzmc"},"id":"33x0o9m4os5d0pd","previousOperationId":"vkly3lv0nlp5g16"}
{"type":"log","timestamp":1708359569010,"level":"debug","message":"Running chrome with params {\"printBackground\":true,\"marginTop\":\"4cm\",\"marginRight\":\"1.5cm\",\"marginBottom\":\"1.5cm\",\"marginLeft\":\"1.5cm\",\"waitForJS\":false,\"timeout\":59458,\"margin\":{\"top\":\"4cm\",\"right\":\"1.5cm\",\"bottom\":\"1.5cm\",\"left\":\"1.5cm\"}}","meta":{"rootId":"yt5d1axx2iyzzmc","id":"yt5d1axx2iyzzmc"},"id":"8tkb2roj3rh1tmt","previousOperationId":"vkly3lv0nlp5g16"}
{"type":"operationEnd","operationId":"vkly3lv0nlp5g16","timestamp":1708359569041,"id":"oadcv95wo19flh3","previousEventId":"0ntpffanhk1xjqj","previousOperationId":"vkly3lv0nlp5g16"}
{"type":"log","timestamp":1708359569041,"level":"info","message":"pdf-utils is starting pdf processing","meta":{"rootId":"yt5d1axx2iyzzmc","id":"yt5d1axx2iyzzmc"},"id":"ni0p3dcahzqy46c","previousOperationId":"vkly3lv0nlp5g16"}
{"type":"operationStart","subtype":"pdfUtils","name":"pdf utils","timestamp":1708359569140,"id":"17x2f84t26hdcb3","previousEventId":"oadcv95wo19flh3","operationId":"44cfzi4y53rhyvy","previousOperationId":"vkly3lv0nlp5g16"}
{"type":"log","timestamp":1708359569140,"level":"debug","message":"pdf-utils detected 1 pdf operation(s) to process","meta":{"rootId":"yt5d1axx2iyzzmc","id":"yt5d1axx2iyzzmc"},"id":"w2szadn4ggpwmpb","previousOperationId":"44cfzi4y53rhyvy"}
{"type":"log","timestamp":1708359569260,"level":"debug","message":"pdf-utils running pdf operation merge","meta":{"rootId":"yt5d1axx2iyzzmc","id":"yt5d1axx2iyzzmc"},"id":"cy5aiwntu6zai00","previousOperationId":"44cfzi4y53rhyvy"}
{"type":"operationStart","subtype":"pdfUtilsMerge","name":"pdf utils merge","previousOperationId":"44cfzi4y53rhyvy","timestamp":1708359569261,"id":"29pmxoxq9p7k43w","previousEventId":"17x2f84t26hdcb3","operationId":"uymcqyfqct5sz7u"}
{"type":"operationStart","subtype":"render","name":"orders-header","previousOperationId":"uymcqyfqct5sz7u","timestamp":1708359569261,"id":"fjv71eq9oaid1vm","previousEventId":"29pmxoxq9p7k43w","operationId":"v65o8x9jqleo0c5"}
{"type":"log","timestamp":1708359569261,"level":"info","message":"Starting rendering (child) request","meta":{"rootId":"yt5d1axx2iyzzmc","id":"8wa1cwjdnv2ru6p"},"id":"5ecaswauhpf02bm","previousOperationId":"v65o8x9jqleo0c5"}
{"type":"log","timestamp":1708359569261,"level":"info","message":"Rendering template { name: orders-header, recipe: chrome-pdf, engine: handlebars, preview: true }","meta":{"rootId":"yt5d1axx2iyzzmc","id":"8wa1cwjdnv2ru6p"},"id":"nw3nycf93ku9fna","previousOperationId":"v65o8x9jqleo0c5"}
{"type":"log","timestamp":1708359569263,"level":"debug","message":"Inline data specified.","meta":{"rootId":"yt5d1axx2iyzzmc","id":"8wa1cwjdnv2ru6p"},"id":"cl5o8139rmbi6u9","previousOperationId":"v65o8x9jqleo0c5"}
{"type":"log","timestamp":1708359569264,"level":"debug","message":"Base url not specified, skipping its injection.","meta":{"rootId":"yt5d1axx2iyzzmc","id":"8wa1cwjdnv2ru6p"},"id":"yu7ohuitd1pzzz5","previousOperationId":"v65o8x9jqleo0c5"}
{"type":"operationStart","subtype":"engine","name":"handlebars","timestamp":1708359569264,"id":"2ck4l8uxc2tv905","previousEventId":"fjv71eq9oaid1vm","operationId":"477od1y1gd4bwfc","previousOperationId":"v65o8x9jqleo0c5"}
{"type":"log","timestamp":1708359569264,"level":"debug","message":"Rendering engine handlebars","meta":{"rootId":"yt5d1axx2iyzzmc","id":"8wa1cwjdnv2ru6p"},"id":"66j4emk5pi79lc8","previousOperationId":"477od1y1gd4bwfc"}
{"type":"operationEnd","operationId":"477od1y1gd4bwfc","timestamp":1708359569272,"id":"ira6mo1lkwz5fv3","previousEventId":"2ck4l8uxc2tv905","previousOperationId":"477od1y1gd4bwfc"}
{"type":"operationStart","subtype":"recipe","name":"chrome-pdf","timestamp":1708359569273,"id":"hwt3w6ro3tuvkn9","previousEventId":"ira6mo1lkwz5fv3","operationId":"klfkthqx1bhjqze","previousOperationId":"477od1y1gd4bwfc"}
{"type":"log","timestamp":1708359569273,"level":"debug","message":"Executing recipe chrome-pdf","meta":{"rootId":"yt5d1axx2iyzzmc","id":"8wa1cwjdnv2ru6p"},"id":"33w1mzvhiutcmlq","previousOperationId":"klfkthqx1bhjqze"}
{"type":"log","timestamp":1708359569273,"level":"debug","message":"Converting with chrome HeadlessChrome/117.0.5938.149 using chrome-pool strategy","meta":{"rootId":"yt5d1axx2iyzzmc","id":"8wa1cwjdnv2ru6p"},"id":"onxtuducnzsnz50","previousOperationId":"klfkthqx1bhjqze"}
{"type":"log","timestamp":1708359569315,"level":"debug","message":"Page request: GET (document) file:///var/folders/tp/6hccbwhd41s4hkmxw_2wkz640000gn/T/jsreport/autocleanup/81cbc735-ad1d-41dc-b0ff-016ff785b82b-chrome-pdf.html","meta":{"rootId":"yt5d1axx2iyzzmc","id":"8wa1cwjdnv2ru6p"},"id":"hy69l9qs9lgxvg2","previousOperationId":"klfkthqx1bhjqze"}
{"type":"log","timestamp":1708359569320,"level":"debug","message":"Page request: GET (stylesheet) https://cdnjs.cloudflare.com/ajax/libs/metro/4.1.5/css/metro.min.css","meta":{"rootId":"yt5d1axx2iyzzmc","id":"8wa1cwjdnv2ru6p"},"id":"whe1tf6l0ytbya8","previousOperationId":"klfkthqx1bhjqze"}
{"type":"log","timestamp":1708359569320,"level":"debug","message":"Page request finished: GET (document) 200 file:///var/folders/tp/6hccbwhd41s4hkmxw_2wkz640000gn/T/jsreport/autocleanup/81cbc735-ad1d-41dc-b0ff-016ff785b82b-chrome-pdf.html","meta":{"rootId":"yt5d1axx2iyzzmc","id":"8wa1cwjdnv2ru6p"},"id":"pixh0h91a0saedf","previousOperationId":"klfkthqx1bhjqze"}
{"type":"log","timestamp":1708359569327,"level":"debug","message":"Page request finished: GET (stylesheet) 200 https://cdnjs.cloudflare.com/ajax/libs/metro/4.1.5/css/metro.min.css","meta":{"rootId":"yt5d1axx2iyzzmc","id":"8wa1cwjdnv2ru6p"},"id":"arekt0pl1cjjp49","previousOperationId":"klfkthqx1bhjqze"}
{"type":"log","timestamp":1708359569344,"level":"debug","message":"Running chrome with params {\"printBackground\":true,\"marginTop\":\"1.5cm\",\"marginRight\":\"1.5cm\",\"marginLeft\":\"1.cm\",\"timeout\":58133,\"margin\":{\"top\":\"1.5cm\",\"right\":\"1.5cm\",\"left\":\"1.cm\"}}","meta":{"rootId":"yt5d1axx2iyzzmc","id":"8wa1cwjdnv2ru6p"},"id":"4doq3qaxucsbv0v","previousOperationId":"klfkthqx1bhjqze"}
{"type":"operationEnd","operationId":"klfkthqx1bhjqze","timestamp":1708359569361,"id":"ujy299forphf662","previousEventId":"hwt3w6ro3tuvkn9","previousOperationId":"klfkthqx1bhjqze"}
{"type":"log","timestamp":1708359569362,"level":"debug","message":"Skipping storing report.","meta":{"rootId":"yt5d1axx2iyzzmc","id":"8wa1cwjdnv2ru6p"},"id":"w4fmh2eaj842z0i","previousOperationId":"klfkthqx1bhjqze"}
{"type":"log","timestamp":1708359569362,"level":"info","message":"Rendering (child) request finished in 1956 ms","meta":{"rootId":"yt5d1axx2iyzzmc","id":"8wa1cwjdnv2ru6p"},"id":"92oogii8ksncal5","previousOperationId":"klfkthqx1bhjqze"}
{"type":"operationEnd","subtype":"render","operationId":"v65o8x9jqleo0c5","timestamp":1708359569362,"id":"2f5ajp50nuok2bg","previousEventId":"ujy299forphf662","previousOperationId":"klfkthqx1bhjqze"}
{"type":"operationEnd","operationId":"uymcqyfqct5sz7u","timestamp":1708359569393,"id":"yaozzs8unzrjoeq","previousEventId":"29pmxoxq9p7k43w","previousOperationId":"uymcqyfqct5sz7u"}
{"type":"log","timestamp":1708359569393,"level":"debug","message":"pdf-utils postproces start","meta":{"rootId":"yt5d1axx2iyzzmc","id":"yt5d1axx2iyzzmc"},"id":"yu6emk0wmd1p6g5","previousOperationId":"uymcqyfqct5sz7u"}
{"type":"log","timestamp":1708359569414,"level":"debug","message":"pdf-utils postproces end","meta":{"rootId":"yt5d1axx2iyzzmc","id":"yt5d1axx2iyzzmc"},"id":"tckn1oo4kdd09s9","previousOperationId":"uymcqyfqct5sz7u"}
{"type":"operationEnd","operationId":"44cfzi4y53rhyvy","timestamp":1708359569414,"id":"arvas0awcf6dcdr","previousEventId":"yaozzs8unzrjoeq","previousOperationId":"uymcqyfqct5sz7u"}
{"type":"log","timestamp":1708359569414,"level":"info","message":"pdf-utils pdf processing was finished","meta":{"rootId":"yt5d1axx2iyzzmc","id":"yt5d1axx2iyzzmc"},"id":"k1dlutb2bnczxzz","previousOperationId":"44cfzi4y53rhyvy"}
{"type":"log","timestamp":1708359569414,"level":"debug","message":"Skipping storing report.","meta":{"rootId":"yt5d1axx2iyzzmc","id":"yt5d1axx2iyzzmc"},"id":"ykpcfz3mzemuiu7","previousOperationId":"44cfzi4y53rhyvy"}
{"type":"log","timestamp":1708359569414,"level":"info","message":"Rendering request 5 finished in 2008 ms","meta":{"rootId":"yt5d1axx2iyzzmc","id":"yt5d1axx2iyzzmc"},"id":"c044kntpuzdvyq2","previousOperationId":"44cfzi4y53rhyvy"}
{"type":"operationEnd","subtype":"render","operationId":"hkpf3osnneqt25o","timestamp":1708359569414,"id":"y2pzlujqgldcf6q","previousEventId":"arvas0awcf6dcdr","previousOperationId":"44cfzi4y53rhyvy"}
{"type":"operationEnd","doDiffs":false,"previousEventId":"ktabe3duxxe2x6b","previousOperationId":"j81l8n80n97cw6k","operationId":"j81l8n80n97cw6k","timestamp":1708359569416,"id":"yoxyca9m1bic2ss"}
