{"type":"operationStart","subtype":"profile","data":{"_id":"ytzmwuyx3aiugnVY","timestamp":"2024-01-17T14:44:27.723Z","state":"queued","mode":"standard","creationDate":"2024-01-17T14:44:27.727Z","modificationDate":"2024-01-17T14:44:27.727Z","shortid":"lUNL47e","$entitySet":"profiles"},"doDiffs":false,"timestamp":1705502667725,"id":"5ubho7fo0c1bnfh","previousOperationId":null,"operationId":"7dagslouuuqpp63"}
{"type":"log","level":"info","message":"Render request 21 queued for execution and waiting for available worker","previousOperationId":"7dagslouuuqpp63","timestamp":1705502667725,"id":"umywf7iifwt8jht"}
{"type":"operationStart","subtype":"render","name":"orders-main","previousOperationId":"7dagslouuuqpp63","timestamp":1705502667744,"id":"qgfbvk6ytyzs5ln","previousEventId":"5ubho7fo0c1bnfh","operationId":"94ypk25dkr6kzpa"}
{"type":"log","timestamp":1705502667744,"level":"info","message":"Starting rendering request 21","meta":{"rootId":"z0ac0ic2od8hl2n","id":"z0ac0ic2od8hl2n"},"id":"jhydv2n6my077wu","previousOperationId":"94ypk25dkr6kzpa"}
{"type":"log","timestamp":1705502667745,"level":"info","message":"Rendering template { name: orders-main, recipe: chrome-pdf, engine: handlebars, preview: true }","meta":{"rootId":"z0ac0ic2od8hl2n","id":"z0ac0ic2od8hl2n"},"id":"g119x64alsy4sby","previousOperationId":"94ypk25dkr6kzpa"}
{"type":"log","timestamp":1705502667747,"level":"debug","message":"Data item not defined for this template.","meta":{"rootId":"z0ac0ic2od8hl2n","id":"z0ac0ic2od8hl2n"},"id":"y4yn9z7x9ec88fn","previousOperationId":"94ypk25dkr6kzpa"}
{"type":"log","timestamp":1705502667752,"level":"debug","message":"Executing script orders-script (beforeRender)","meta":{"rootId":"z0ac0ic2od8hl2n","id":"z0ac0ic2od8hl2n"},"id":"c6ahc7y36knbxhi","previousOperationId":"94ypk25dkr6kzpa"}
{"type":"operationStart","subtype":"scriptsBeforeRender","name":"scripts beforeRender","timestamp":1705502667794,"id":"2s5f8jvrn39hpxq","previousEventId":"qgfbvk6ytyzs5ln","operationId":"4pcjdibnd51yxil","previousOperationId":"94ypk25dkr6kzpa"}
{"type":"operationStart","subtype":"script","name":"scripts orders-script","previousOperationId":"4pcjdibnd51yxil","timestamp":1705502667794,"id":"0y70j1l6t8lga32","previousEventId":"2s5f8jvrn39hpxq","operationId":"nxbpegpp4hqbwsu"}
{"type":"operationEnd","operationId":"nxbpegpp4hqbwsu","timestamp":1705502667832,"id":"cbqwusp038e5elr","previousEventId":"qgfbvk6ytyzs5ln","previousOperationId":"94ypk25dkr6kzpa"}
{"type":"operationEnd","operationId":"4pcjdibnd51yxil","timestamp":1705502667832,"id":"gmjal0b9en5qk3p","previousEventId":"cbqwusp038e5elr","previousOperationId":"94ypk25dkr6kzpa"}
{"type":"log","timestamp":1705502667832,"level":"debug","message":"Base url not specified, skipping its injection.","meta":{"rootId":"z0ac0ic2od8hl2n","id":"z0ac0ic2od8hl2n"},"id":"19cma6vi3y6zjx8","previousOperationId":"4pcjdibnd51yxil"}
{"type":"operationStart","subtype":"engine","name":"handlebars","timestamp":1705502667833,"id":"8t7y8ctlx4em8ni","previousEventId":"gmjal0b9en5qk3p","operationId":"8soq2b4zw1rhj5k","previousOperationId":"4pcjdibnd51yxil"}
{"type":"log","timestamp":1705502667833,"level":"debug","message":"Rendering engine handlebars","meta":{"rootId":"z0ac0ic2od8hl2n","id":"z0ac0ic2od8hl2n"},"id":"3ieav6r1q1nydzk","previousOperationId":"8soq2b4zw1rhj5k"}
{"type":"log","timestamp":1705502667851,"level":"debug","message":"(console:log) Pdf utils adding group field, value: \"Race1\"","meta":{"userLevel":true,"rootId":"z0ac0ic2od8hl2n","id":"z0ac0ic2od8hl2n"},"id":"f0cbz5uyf0r8o5u","previousOperationId":"8soq2b4zw1rhj5k"}
{"type":"log","timestamp":1705502667852,"level":"debug","message":"(console:log) Pdf utils adding group field, value: \"Race2\"","meta":{"userLevel":true,"rootId":"z0ac0ic2od8hl2n","id":"z0ac0ic2od8hl2n"},"id":"x7ndg4ynymp2z15","previousOperationId":"8soq2b4zw1rhj5k"}
{"type":"log","timestamp":1705502667852,"level":"debug","message":"(console:log) Pdf utils adding group field, value: \"rgver\"","meta":{"userLevel":true,"rootId":"z0ac0ic2od8hl2n","id":"z0ac0ic2od8hl2n"},"id":"phhqducz2x8iwkl","previousOperationId":"8soq2b4zw1rhj5k"}
{"type":"log","timestamp":1705502667852,"level":"debug","message":"(console:log) Pdf utils adding group field, value: \"revger\"","meta":{"userLevel":true,"rootId":"z0ac0ic2od8hl2n","id":"z0ac0ic2od8hl2n"},"id":"dbqf290lfvjl60a","previousOperationId":"8soq2b4zw1rhj5k"}
{"type":"operationEnd","operationId":"8soq2b4zw1rhj5k","timestamp":1705502667852,"id":"dh5x85gr1fgx6im","previousEventId":"8t7y8ctlx4em8ni","previousOperationId":"8soq2b4zw1rhj5k"}
{"type":"operationStart","subtype":"recipe","name":"chrome-pdf","timestamp":1705502667853,"id":"1njnkkstyzorokn","previousEventId":"dh5x85gr1fgx6im","operationId":"5uaibg68cw62a74","previousOperationId":"8soq2b4zw1rhj5k"}
{"type":"log","timestamp":1705502667853,"level":"debug","message":"Executing recipe chrome-pdf","meta":{"rootId":"z0ac0ic2od8hl2n","id":"z0ac0ic2od8hl2n"},"id":"h0zx19vrsw2xtm9","previousOperationId":"5uaibg68cw62a74"}
{"type":"log","timestamp":1705502667857,"level":"debug","message":"Converting with chrome HeadlessChrome/117.0.5938.149 using chrome-pool strategy","meta":{"rootId":"z0ac0ic2od8hl2n","id":"z0ac0ic2od8hl2n"},"id":"x5ieodgn7pgyu3x","previousOperationId":"5uaibg68cw62a74"}
{"type":"log","timestamp":1705502667978,"level":"debug","message":"Page request: GET (document) file:///C:/Users/DANIEL~1/AppData/Local/Temp/jsreport/autocleanup/d0d1ff7e-ce59-41d5-984d-24acfc3be131-chrome-pdf.html","meta":{"rootId":"z0ac0ic2od8hl2n","id":"z0ac0ic2od8hl2n"},"id":"77v4uvj4i7qecfj","previousOperationId":"5uaibg68cw62a74"}
{"type":"log","timestamp":1705502668053,"level":"debug","message":"Page request: GET (stylesheet) https://cdnjs.cloudflare.com/ajax/libs/metro/4.1.5/css/metro.min.css","meta":{"rootId":"z0ac0ic2od8hl2n","id":"z0ac0ic2od8hl2n"},"id":"b0j77a0t44zocfr","previousOperationId":"5uaibg68cw62a74"}
{"type":"log","timestamp":1705502668054,"level":"debug","message":"Page request finished: GET (document) 200 file:///C:/Users/DANIEL~1/AppData/Local/Temp/jsreport/autocleanup/d0d1ff7e-ce59-41d5-984d-24acfc3be131-chrome-pdf.html","meta":{"rootId":"z0ac0ic2od8hl2n","id":"z0ac0ic2od8hl2n"},"id":"vjragp7po5kyop1","previousOperationId":"5uaibg68cw62a74"}
{"type":"log","timestamp":1705502668054,"level":"debug","message":"Page request: GET (script) https://cdnjs.cloudflare.com/ajax/libs/Chart.js/2.7.2/Chart.min.js","meta":{"rootId":"z0ac0ic2od8hl2n","id":"z0ac0ic2od8hl2n"},"id":"htsvn8kzmbh6jl9","previousOperationId":"5uaibg68cw62a74"}
{"type":"log","timestamp":1705502668083,"level":"debug","message":"Page request finished: GET (stylesheet) 200 https://cdnjs.cloudflare.com/ajax/libs/metro/4.1.5/css/metro.min.css","meta":{"rootId":"z0ac0ic2od8hl2n","id":"z0ac0ic2od8hl2n"},"id":"j2bobtsybse6gcn","previousOperationId":"5uaibg68cw62a74"}
{"type":"log","timestamp":1705502668083,"level":"debug","message":"Page request finished: GET (script) 200 https://cdnjs.cloudflare.com/ajax/libs/Chart.js/2.7.2/Chart.min.js","meta":{"rootId":"z0ac0ic2od8hl2n","id":"z0ac0ic2od8hl2n"},"id":"gkwvt6tcufo3y5o","previousOperationId":"5uaibg68cw62a74"}
{"type":"log","timestamp":1705502668102,"level":"warn","message":"Page error: \"undefined\" is not valid JSON\nJSON.parse (<anonymous>) , stack: SyntaxError: \"undefined\" is not valid JSON\nJSON.parse (<anonymous>)\n    at <anonymous> (file:///C:/Users/DANIEL~1/AppData/Local/Temp/jsreport/autocleanup/d0d1ff7e-ce59-41d5-984d-24acfc3be131-chrome-pdf.html:21:29)","meta":{"rootId":"z0ac0ic2od8hl2n","id":"z0ac0ic2od8hl2n"},"id":"7prsjxa6d716jxf","previousOperationId":"5uaibg68cw62a74"}
{"type":"log","timestamp":1705502668104,"level":"warn","message":"Page error: \"undefined\" is not valid JSON\nJSON.parse (<anonymous>) , stack: SyntaxError: \"undefined\" is not valid JSON\nJSON.parse (<anonymous>)\n    at <anonymous> (file:///C:/Users/DANIEL~1/AppData/Local/Temp/jsreport/autocleanup/d0d1ff7e-ce59-41d5-984d-24acfc3be131-chrome-pdf.html:64:29)","meta":{"rootId":"z0ac0ic2od8hl2n","id":"z0ac0ic2od8hl2n"},"id":"22f8ptatxcptki8","previousOperationId":"5uaibg68cw62a74"}
{"type":"log","timestamp":1705502668104,"level":"warn","message":"Page error: \"undefined\" is not valid JSON\nJSON.parse (<anonymous>) , stack: SyntaxError: \"undefined\" is not valid JSON\nJSON.parse (<anonymous>)\n    at <anonymous> (file:///C:/Users/DANIEL~1/AppData/Local/Temp/jsreport/autocleanup/d0d1ff7e-ce59-41d5-984d-24acfc3be131-chrome-pdf.html:107:29)","meta":{"rootId":"z0ac0ic2od8hl2n","id":"z0ac0ic2od8hl2n"},"id":"5bhcxbb8wa72ibr","previousOperationId":"5uaibg68cw62a74"}
{"type":"log","timestamp":1705502668104,"level":"warn","message":"Page error: \"undefined\" is not valid JSON\nJSON.parse (<anonymous>) , stack: SyntaxError: \"undefined\" is not valid JSON\nJSON.parse (<anonymous>)\n    at <anonymous> (file:///C:/Users/DANIEL~1/AppData/Local/Temp/jsreport/autocleanup/d0d1ff7e-ce59-41d5-984d-24acfc3be131-chrome-pdf.html:150:29)","meta":{"rootId":"z0ac0ic2od8hl2n","id":"z0ac0ic2od8hl2n"},"id":"brojatuzizgxcv4","previousOperationId":"5uaibg68cw62a74"}
{"type":"log","timestamp":1705502668141,"level":"debug","message":"Running chrome with params {\"printBackground\":true,\"marginTop\":\"4cm\",\"marginRight\":\"1.5cm\",\"marginBottom\":\"1.5cm\",\"marginLeft\":\"1.5cm\",\"waitForJS\":false,\"timeout\":59867,\"margin\":{\"top\":\"4cm\",\"right\":\"1.5cm\",\"bottom\":\"1.5cm\",\"left\":\"1.5cm\"}}","meta":{"rootId":"z0ac0ic2od8hl2n","id":"z0ac0ic2od8hl2n"},"id":"2q1hd6btzawzyd4","previousOperationId":"5uaibg68cw62a74"}
{"type":"operationEnd","operationId":"5uaibg68cw62a74","timestamp":1705502668229,"id":"ofo531pvrigk0is","previousEventId":"1njnkkstyzorokn","previousOperationId":"5uaibg68cw62a74"}
{"type":"log","timestamp":1705502668229,"level":"info","message":"pdf-utils is starting pdf processing","meta":{"rootId":"z0ac0ic2od8hl2n","id":"z0ac0ic2od8hl2n"},"id":"bbe8dtxxc16sm5k","previousOperationId":"5uaibg68cw62a74"}
{"type":"operationStart","subtype":"pdfUtils","name":"pdf utils","timestamp":1705502668229,"id":"vhei75e72is9zvc","previousEventId":"ofo531pvrigk0is","operationId":"dhpyn3pr7xp299u","previousOperationId":"5uaibg68cw62a74"}
{"type":"log","timestamp":1705502668230,"level":"debug","message":"pdf-utils detected 1 pdf operation(s) to process","meta":{"rootId":"z0ac0ic2od8hl2n","id":"z0ac0ic2od8hl2n"},"id":"r7wjede2ckyjs1x","previousOperationId":"dhpyn3pr7xp299u"}
{"type":"log","timestamp":1705502668301,"level":"debug","message":"pdf-utils running pdf operation merge","meta":{"rootId":"z0ac0ic2od8hl2n","id":"z0ac0ic2od8hl2n"},"id":"q5ozemieteho78b","previousOperationId":"dhpyn3pr7xp299u"}
{"type":"operationStart","subtype":"pdfUtilsMerge","name":"pdf utils merge","previousOperationId":"dhpyn3pr7xp299u","timestamp":1705502668301,"id":"zpf3kkpnu5aoohs","previousEventId":"vhei75e72is9zvc","operationId":"pk4qoaxsxywzbtr"}
{"type":"operationStart","subtype":"render","name":"orders-header","previousOperationId":"pk4qoaxsxywzbtr","timestamp":1705502668303,"id":"ppalr6mldvbawkg","previousEventId":"zpf3kkpnu5aoohs","operationId":"u1trjzxeho81m01"}
{"type":"log","timestamp":1705502668303,"level":"info","message":"Starting rendering (child) request","meta":{"rootId":"z0ac0ic2od8hl2n","id":"cl5l4enbjlqfstu"},"id":"v6tg9h6dq7tnb94","previousOperationId":"u1trjzxeho81m01"}
{"type":"log","timestamp":1705502668303,"level":"info","message":"Rendering template { name: orders-header, recipe: chrome-pdf, engine: handlebars, preview: true }","meta":{"rootId":"z0ac0ic2od8hl2n","id":"cl5l4enbjlqfstu"},"id":"utv7fdohrozclm1","previousOperationId":"u1trjzxeho81m01"}
{"type":"log","timestamp":1705502668311,"level":"debug","message":"Inline data specified.","meta":{"rootId":"z0ac0ic2od8hl2n","id":"cl5l4enbjlqfstu"},"id":"vsfp190djuu0utf","previousOperationId":"u1trjzxeho81m01"}
{"type":"log","timestamp":1705502668316,"level":"debug","message":"Base url not specified, skipping its injection.","meta":{"rootId":"z0ac0ic2od8hl2n","id":"cl5l4enbjlqfstu"},"id":"1tzq7e0yttip8i7","previousOperationId":"u1trjzxeho81m01"}
{"type":"operationStart","subtype":"engine","name":"handlebars","timestamp":1705502668316,"id":"gikbza3vuxc8us4","previousEventId":"ppalr6mldvbawkg","operationId":"nb331cpa61uvpjf","previousOperationId":"u1trjzxeho81m01"}
{"type":"log","timestamp":1705502668316,"level":"debug","message":"Rendering engine handlebars","meta":{"rootId":"z0ac0ic2od8hl2n","id":"cl5l4enbjlqfstu"},"id":"9ocz15c81um2sbx","previousOperationId":"nb331cpa61uvpjf"}
{"type":"operationEnd","operationId":"nb331cpa61uvpjf","timestamp":1705502668344,"id":"l1sfgtarb1b9urp","previousEventId":"gikbza3vuxc8us4","previousOperationId":"nb331cpa61uvpjf"}
{"type":"operationStart","subtype":"recipe","name":"chrome-pdf","timestamp":1705502668345,"id":"ofw9llz0yi7rvjx","previousEventId":"l1sfgtarb1b9urp","operationId":"hn9tr2qktmqo0b2","previousOperationId":"nb331cpa61uvpjf"}
{"type":"log","timestamp":1705502668345,"level":"debug","message":"Executing recipe chrome-pdf","meta":{"rootId":"z0ac0ic2od8hl2n","id":"cl5l4enbjlqfstu"},"id":"p350peretkcqdcj","previousOperationId":"hn9tr2qktmqo0b2"}
{"type":"log","timestamp":1705502668349,"level":"debug","message":"Converting with chrome HeadlessChrome/117.0.5938.149 using chrome-pool strategy","meta":{"rootId":"z0ac0ic2od8hl2n","id":"cl5l4enbjlqfstu"},"id":"bz9znpfqucy6ueh","previousOperationId":"hn9tr2qktmqo0b2"}
{"type":"log","timestamp":1705502668476,"level":"debug","message":"Page request: GET (document) file:///C:/Users/DANIEL~1/AppData/Local/Temp/jsreport/autocleanup/dfa998ee-a834-4c04-ba24-38f053a60026-chrome-pdf.html","meta":{"rootId":"z0ac0ic2od8hl2n","id":"cl5l4enbjlqfstu"},"id":"0dr746vabvwyzlv","previousOperationId":"hn9tr2qktmqo0b2"}
{"type":"log","timestamp":1705502668493,"level":"debug","message":"Page request finished: GET (document) 200 file:///C:/Users/DANIEL~1/AppData/Local/Temp/jsreport/autocleanup/dfa998ee-a834-4c04-ba24-38f053a60026-chrome-pdf.html","meta":{"rootId":"z0ac0ic2od8hl2n","id":"cl5l4enbjlqfstu"},"id":"g82wee3qhyo37ng","previousOperationId":"hn9tr2qktmqo0b2"}
{"type":"log","timestamp":1705502668494,"level":"debug","message":"Page request: GET (stylesheet) https://cdnjs.cloudflare.com/ajax/libs/metro/4.1.5/css/metro.min.css","meta":{"rootId":"z0ac0ic2od8hl2n","id":"cl5l4enbjlqfstu"},"id":"wfj3pshyjez5xkc","previousOperationId":"hn9tr2qktmqo0b2"}
{"type":"log","timestamp":1705502668518,"level":"debug","message":"Page request finished: GET (stylesheet) 200 https://cdnjs.cloudflare.com/ajax/libs/metro/4.1.5/css/metro.min.css","meta":{"rootId":"z0ac0ic2od8hl2n","id":"cl5l4enbjlqfstu"},"id":"gcomk8yhpc262fc","previousOperationId":"hn9tr2qktmqo0b2"}
{"type":"log","timestamp":1705502668544,"level":"debug","message":"Running chrome with params {\"printBackground\":true,\"marginTop\":\"1.5cm\",\"marginRight\":\"1.5cm\",\"marginLeft\":\"1.cm\",\"timeout\":59375,\"margin\":{\"top\":\"1.5cm\",\"right\":\"1.5cm\",\"left\":\"1.cm\"}}","meta":{"rootId":"z0ac0ic2od8hl2n","id":"cl5l4enbjlqfstu"},"id":"gxhkvky8j6npgdj","previousOperationId":"hn9tr2qktmqo0b2"}
{"type":"operationEnd","operationId":"hn9tr2qktmqo0b2","timestamp":1705502668602,"id":"9ss6ymvbd57hqrf","previousEventId":"ofw9llz0yi7rvjx","previousOperationId":"hn9tr2qktmqo0b2"}
{"type":"log","timestamp":1705502668602,"level":"debug","message":"Skipping storing report.","meta":{"rootId":"z0ac0ic2od8hl2n","id":"cl5l4enbjlqfstu"},"id":"ir3253k768c7xj1","previousOperationId":"hn9tr2qktmqo0b2"}
{"type":"log","timestamp":1705502668602,"level":"info","message":"Rendering (child) request finished in 880 ms","meta":{"rootId":"z0ac0ic2od8hl2n","id":"cl5l4enbjlqfstu"},"id":"0m3bmsp03k863on","previousOperationId":"hn9tr2qktmqo0b2"}
{"type":"operationEnd","subtype":"render","operationId":"u1trjzxeho81m01","timestamp":1705502668602,"id":"cupi3m808xevnkq","previousEventId":"9ss6ymvbd57hqrf","previousOperationId":"hn9tr2qktmqo0b2"}
{"type":"operationEnd","operationId":"pk4qoaxsxywzbtr","timestamp":1705502668621,"id":"xte8pp8iq49am9a","previousEventId":"zpf3kkpnu5aoohs","previousOperationId":"pk4qoaxsxywzbtr"}
{"type":"log","timestamp":1705502668622,"level":"debug","message":"pdf-utils postproces start","meta":{"rootId":"z0ac0ic2od8hl2n","id":"z0ac0ic2od8hl2n"},"id":"z9zicp6cgzv8wvz","previousOperationId":"pk4qoaxsxywzbtr"}
{"type":"log","timestamp":1705502668644,"level":"debug","message":"pdf-utils postproces end","meta":{"rootId":"z0ac0ic2od8hl2n","id":"z0ac0ic2od8hl2n"},"id":"d9ecp9oqs6rtfu0","previousOperationId":"pk4qoaxsxywzbtr"}
{"type":"operationEnd","operationId":"dhpyn3pr7xp299u","timestamp":1705502668644,"id":"1kh59522t87llxn","previousEventId":"xte8pp8iq49am9a","previousOperationId":"pk4qoaxsxywzbtr"}
{"type":"log","timestamp":1705502668644,"level":"info","message":"pdf-utils pdf processing was finished","meta":{"rootId":"z0ac0ic2od8hl2n","id":"z0ac0ic2od8hl2n"},"id":"74l6li3e2na7wgv","previousOperationId":"dhpyn3pr7xp299u"}
{"type":"log","timestamp":1705502668644,"level":"debug","message":"Skipping storing report.","meta":{"rootId":"z0ac0ic2od8hl2n","id":"z0ac0ic2od8hl2n"},"id":"3u49nglltovw2uj","previousOperationId":"dhpyn3pr7xp299u"}
{"type":"log","timestamp":1705502668644,"level":"info","message":"Rendering request 21 finished in 922 ms","meta":{"rootId":"z0ac0ic2od8hl2n","id":"z0ac0ic2od8hl2n"},"id":"z4c9svwulhdgv2s","previousOperationId":"dhpyn3pr7xp299u"}
{"type":"operationEnd","subtype":"render","operationId":"94ypk25dkr6kzpa","timestamp":1705502668644,"id":"60vkokbe5wcr7rd","previousEventId":"1kh59522t87llxn","previousOperationId":"dhpyn3pr7xp299u"}
{"type":"operationEnd","doDiffs":false,"previousEventId":"5ubho7fo0c1bnfh","previousOperationId":"7dagslouuuqpp63","operationId":"7dagslouuuqpp63","timestamp":1705502668677,"id":"jr5148v46zw89d6"}
