{"type":"operationStart","subtype":"profile","data":{"_id":"k1JzubTymL4NteE6","timestamp":"2024-01-18T17:22:53.511Z","state":"queued","mode":"standard","creationDate":"2024-01-18T17:22:53.513Z","modificationDate":"2024-01-18T17:22:53.513Z","shortid":"A9V7KWj","$entitySet":"profiles"},"doDiffs":false,"timestamp":1705598573512,"id":"18md9hetnqjs902","previousOperationId":null,"operationId":"d7y9jcnu8wngko8"}
{"type":"log","level":"info","message":"Render request 1 queued for execution and waiting for available worker","previousOperationId":"d7y9jcnu8wngko8","timestamp":1705598573512,"id":"ecxfmpiqm5q7666"}
{"type":"operationStart","subtype":"render","name":"orders-main","previousOperationId":"d7y9jcnu8wngko8","timestamp":1705598573530,"id":"6j374vosbk73a9h","previousEventId":"18md9hetnqjs902","operationId":"gtmja6ngkp93ovd"}
{"type":"log","timestamp":1705598573530,"level":"info","message":"Starting rendering request 1","meta":{"rootId":"z8cdb5x1sjl3yo1","id":"z8cdb5x1sjl3yo1"},"id":"o7fmm1j3lbmaiyo","previousOperationId":"gtmja6ngkp93ovd"}
{"type":"log","timestamp":1705598573531,"level":"info","message":"Rendering template { name: orders-main, recipe: chrome-pdf, engine: handlebars, preview: true }","meta":{"rootId":"z8cdb5x1sjl3yo1","id":"z8cdb5x1sjl3yo1"},"id":"y6fgcthyn4alq42","previousOperationId":"gtmja6ngkp93ovd"}
{"type":"log","timestamp":1705598573537,"level":"debug","message":"Data item not defined for this template.","meta":{"rootId":"z8cdb5x1sjl3yo1","id":"z8cdb5x1sjl3yo1"},"id":"lmw3t8cif0x9d7d","previousOperationId":"gtmja6ngkp93ovd"}
{"type":"log","timestamp":1705598573540,"level":"debug","message":"Executing script orders-script (beforeRender)","meta":{"rootId":"z8cdb5x1sjl3yo1","id":"z8cdb5x1sjl3yo1"},"id":"xgn0zmzpr2rihv9","previousOperationId":"gtmja6ngkp93ovd"}
{"type":"operationStart","subtype":"scriptsBeforeRender","name":"scripts beforeRender","timestamp":1705598573729,"id":"du6rr4wh0jd8iuy","previousEventId":"6j374vosbk73a9h","operationId":"swumngsuebpqmqy","previousOperationId":"gtmja6ngkp93ovd"}
{"type":"operationStart","subtype":"script","name":"scripts orders-script","previousOperationId":"swumngsuebpqmqy","timestamp":1705598573729,"id":"4l6356pu8bhb8ra","previousEventId":"du6rr4wh0jd8iuy","operationId":"7iwzqnj14bb5wlw"}
{"type":"log","timestamp":1705598573755,"level":"debug","message":"(console:log) [ 'Race1', 'Race2' ]","meta":{"userLevel":true,"rootId":"z8cdb5x1sjl3yo1","id":"z8cdb5x1sjl3yo1"},"id":"vp65yzdiikbzr1j","previousOperationId":"7iwzqnj14bb5wlw"}
{"type":"log","timestamp":1705598573756,"level":"debug","message":"(console:log) [ 2, 1 ]","meta":{"userLevel":true,"rootId":"z8cdb5x1sjl3yo1","id":"z8cdb5x1sjl3yo1"},"id":"59737wro52qkcuo","previousOperationId":"7iwzqnj14bb5wlw"}
{"type":"operationEnd","operationId":"7iwzqnj14bb5wlw","timestamp":1705598573756,"id":"be97sg5zitm90f9","previousEventId":"6j374vosbk73a9h","previousOperationId":"gtmja6ngkp93ovd"}
{"type":"operationEnd","operationId":"swumngsuebpqmqy","timestamp":1705598573756,"id":"0eympuk63l6jax7","previousEventId":"be97sg5zitm90f9","previousOperationId":"gtmja6ngkp93ovd"}
{"type":"log","timestamp":1705598573756,"level":"debug","message":"Base url not specified, skipping its injection.","meta":{"rootId":"z8cdb5x1sjl3yo1","id":"z8cdb5x1sjl3yo1"},"id":"aivfp0m8c2psvxj","previousOperationId":"swumngsuebpqmqy"}
{"type":"operationStart","subtype":"engine","name":"handlebars","timestamp":1705598573757,"id":"zf1ryfxwpqqx5bx","previousEventId":"0eympuk63l6jax7","operationId":"6ykp9b4ri06v44d","previousOperationId":"swumngsuebpqmqy"}
{"type":"log","timestamp":1705598573757,"level":"debug","message":"Rendering engine handlebars","meta":{"rootId":"z8cdb5x1sjl3yo1","id":"z8cdb5x1sjl3yo1"},"id":"2n6yj5mr03enhfx","previousOperationId":"6ykp9b4ri06v44d"}
{"type":"log","timestamp":1705598573951,"level":"debug","message":"(console:log) Pdf utils adding group field, value: \"Race1\"","meta":{"userLevel":true,"rootId":"z8cdb5x1sjl3yo1","id":"z8cdb5x1sjl3yo1"},"id":"s3bv9148e4jdbyh","previousOperationId":"6ykp9b4ri06v44d"}
{"type":"log","timestamp":1705598573951,"level":"debug","message":"(console:log) Pdf utils adding group field, value: \"Race2\"","meta":{"userLevel":true,"rootId":"z8cdb5x1sjl3yo1","id":"z8cdb5x1sjl3yo1"},"id":"xzox8hc3pc4a3ve","previousOperationId":"6ykp9b4ri06v44d"}
{"type":"operationEnd","operationId":"6ykp9b4ri06v44d","timestamp":1705598573951,"id":"8rund7fba99c32o","previousEventId":"zf1ryfxwpqqx5bx","previousOperationId":"6ykp9b4ri06v44d"}
{"type":"operationStart","subtype":"recipe","name":"chrome-pdf","timestamp":1705598573952,"id":"a9e4jmpvg8fjg5u","previousEventId":"8rund7fba99c32o","operationId":"lt1wic3sozw8mn5","previousOperationId":"6ykp9b4ri06v44d"}
{"type":"log","timestamp":1705598573952,"level":"debug","message":"Executing recipe chrome-pdf","meta":{"rootId":"z8cdb5x1sjl3yo1","id":"z8cdb5x1sjl3yo1"},"id":"xj8p06h7hofzbok","previousOperationId":"lt1wic3sozw8mn5"}
{"type":"log","timestamp":1705598574379,"level":"debug","message":"Converting with chrome HeadlessChrome/117.0.5938.149 using chrome-pool strategy","meta":{"rootId":"z8cdb5x1sjl3yo1","id":"z8cdb5x1sjl3yo1"},"id":"kwp9agzghrdivf9","previousOperationId":"lt1wic3sozw8mn5"}
{"type":"log","timestamp":1705598575696,"level":"debug","message":"Page request: GET (document) file:///C:/Users/DANIEL~1/AppData/Local/Temp/jsreport/autocleanup/31de999a-5707-45bd-86b5-9bfe0461fa6c-chrome-pdf.html","meta":{"rootId":"z8cdb5x1sjl3yo1","id":"z8cdb5x1sjl3yo1"},"id":"fhtb40scej3se7s","previousOperationId":"lt1wic3sozw8mn5"}
{"type":"log","timestamp":1705598575715,"level":"debug","message":"Page request: GET (stylesheet) https://cdnjs.cloudflare.com/ajax/libs/metro/4.1.5/css/metro.min.css","meta":{"rootId":"z8cdb5x1sjl3yo1","id":"z8cdb5x1sjl3yo1"},"id":"08owiouvq1lv0p8","previousOperationId":"lt1wic3sozw8mn5"}
{"type":"log","timestamp":1705598575716,"level":"debug","message":"Page request: GET (script) https://cdn.jsdelivr.net/npm/chart.js","meta":{"rootId":"z8cdb5x1sjl3yo1","id":"z8cdb5x1sjl3yo1"},"id":"eenauls0bxwenny","previousOperationId":"lt1wic3sozw8mn5"}
{"type":"log","timestamp":1705598575716,"level":"debug","message":"Page request finished: GET (document) 200 file:///C:/Users/DANIEL~1/AppData/Local/Temp/jsreport/autocleanup/31de999a-5707-45bd-86b5-9bfe0461fa6c-chrome-pdf.html","meta":{"rootId":"z8cdb5x1sjl3yo1","id":"z8cdb5x1sjl3yo1"},"id":"0n1x0hhy2lg470u","previousOperationId":"lt1wic3sozw8mn5"}
{"type":"log","timestamp":1705598575923,"level":"debug","message":"Page request finished: GET (stylesheet) 200 https://cdnjs.cloudflare.com/ajax/libs/metro/4.1.5/css/metro.min.css","meta":{"rootId":"z8cdb5x1sjl3yo1","id":"z8cdb5x1sjl3yo1"},"id":"5a0wuzzg38zyhbs","previousOperationId":"lt1wic3sozw8mn5"}
{"type":"log","timestamp":1705598575993,"level":"debug","message":"Page request finished: GET (script) 200 https://cdn.jsdelivr.net/npm/chart.js","meta":{"rootId":"z8cdb5x1sjl3yo1","id":"z8cdb5x1sjl3yo1"},"id":"6m4cy05kdk6gd1q","previousOperationId":"lt1wic3sozw8mn5"}
{"type":"log","timestamp":1705598575997,"level":"warn","message":"Page error: Missing initializer in const declaration , stack: SyntaxError: Missing initializer in const declaration","meta":{"rootId":"z8cdb5x1sjl3yo1","id":"z8cdb5x1sjl3yo1"},"id":"tfy3m5xixl1otv0","previousOperationId":"lt1wic3sozw8mn5"}
{"type":"log","timestamp":1705598576022,"level":"debug","message":"Running chrome with params {\"printBackground\":true,\"marginTop\":\"4cm\",\"marginRight\":\"1.5cm\",\"marginBottom\":\"1.5cm\",\"marginLeft\":\"1.5cm\",\"waitForJS\":false,\"timeout\":59264,\"margin\":{\"top\":\"4cm\",\"right\":\"1.5cm\",\"bottom\":\"1.5cm\",\"left\":\"1.5cm\"}}","meta":{"rootId":"z8cdb5x1sjl3yo1","id":"z8cdb5x1sjl3yo1"},"id":"umkkuvupjf9ubrt","previousOperationId":"lt1wic3sozw8mn5"}
{"type":"operationEnd","operationId":"lt1wic3sozw8mn5","timestamp":1705598576076,"id":"tb2pbif0115ba9k","previousEventId":"a9e4jmpvg8fjg5u","previousOperationId":"lt1wic3sozw8mn5"}
{"type":"log","timestamp":1705598576076,"level":"info","message":"pdf-utils is starting pdf processing","meta":{"rootId":"z8cdb5x1sjl3yo1","id":"z8cdb5x1sjl3yo1"},"id":"c85suxspdonyvci","previousOperationId":"lt1wic3sozw8mn5"}
{"type":"operationStart","subtype":"pdfUtils","name":"pdf utils","timestamp":1705598576216,"id":"nue5zn70zzr0sy4","previousEventId":"tb2pbif0115ba9k","operationId":"u5u5mmn1gm1l0lu","previousOperationId":"lt1wic3sozw8mn5"}
{"type":"log","timestamp":1705598576216,"level":"debug","message":"pdf-utils detected 1 pdf operation(s) to process","meta":{"rootId":"z8cdb5x1sjl3yo1","id":"z8cdb5x1sjl3yo1"},"id":"bcjfuists4a7u1b","previousOperationId":"u5u5mmn1gm1l0lu"}
{"type":"log","timestamp":1705598576393,"level":"debug","message":"pdf-utils running pdf operation merge","meta":{"rootId":"z8cdb5x1sjl3yo1","id":"z8cdb5x1sjl3yo1"},"id":"7f2hyyyzfucwe4w","previousOperationId":"u5u5mmn1gm1l0lu"}
{"type":"operationStart","subtype":"pdfUtilsMerge","name":"pdf utils merge","previousOperationId":"u5u5mmn1gm1l0lu","timestamp":1705598576393,"id":"84l67i1rat78ade","previousEventId":"nue5zn70zzr0sy4","operationId":"h9pp7sk8dn1pssd"}
{"type":"operationStart","subtype":"render","name":"orders-header","previousOperationId":"h9pp7sk8dn1pssd","timestamp":1705598576395,"id":"b0moowlgt2zwuct","previousEventId":"84l67i1rat78ade","operationId":"vidgbhevmpzynms"}
{"type":"log","timestamp":1705598576395,"level":"info","message":"Starting rendering (child) request","meta":{"rootId":"z8cdb5x1sjl3yo1","id":"096yuffckusqhpr"},"id":"ojt58kv8pqcpxku","previousOperationId":"vidgbhevmpzynms"}
{"type":"log","timestamp":1705598576395,"level":"info","message":"Rendering template { name: orders-header, recipe: chrome-pdf, engine: handlebars, preview: true }","meta":{"rootId":"z8cdb5x1sjl3yo1","id":"096yuffckusqhpr"},"id":"6j2lta724hcrpie","previousOperationId":"vidgbhevmpzynms"}
{"type":"log","timestamp":1705598576399,"level":"debug","message":"Inline data specified.","meta":{"rootId":"z8cdb5x1sjl3yo1","id":"096yuffckusqhpr"},"id":"e3v0qqhbba3gpsl","previousOperationId":"vidgbhevmpzynms"}
{"type":"log","timestamp":1705598576401,"level":"debug","message":"Base url not specified, skipping its injection.","meta":{"rootId":"z8cdb5x1sjl3yo1","id":"096yuffckusqhpr"},"id":"7ddi86axro8ycoz","previousOperationId":"vidgbhevmpzynms"}
{"type":"operationStart","subtype":"engine","name":"handlebars","timestamp":1705598576401,"id":"jdi078ydna5011o","previousEventId":"b0moowlgt2zwuct","operationId":"58ojj5pdgpt5dhb","previousOperationId":"vidgbhevmpzynms"}
{"type":"log","timestamp":1705598576401,"level":"debug","message":"Rendering engine handlebars","meta":{"rootId":"z8cdb5x1sjl3yo1","id":"096yuffckusqhpr"},"id":"k7xfmzfg0x2bpbf","previousOperationId":"58ojj5pdgpt5dhb"}
{"type":"operationEnd","operationId":"58ojj5pdgpt5dhb","timestamp":1705598576432,"id":"kh01f8bm65ul2ur","previousEventId":"jdi078ydna5011o","previousOperationId":"58ojj5pdgpt5dhb"}
{"type":"operationStart","subtype":"recipe","name":"chrome-pdf","timestamp":1705598576432,"id":"amnlh4ghx94jd00","previousEventId":"kh01f8bm65ul2ur","operationId":"fj3gfdnakecj91j","previousOperationId":"58ojj5pdgpt5dhb"}
{"type":"log","timestamp":1705598576432,"level":"debug","message":"Executing recipe chrome-pdf","meta":{"rootId":"z8cdb5x1sjl3yo1","id":"096yuffckusqhpr"},"id":"5un8lj6ric980b9","previousOperationId":"fj3gfdnakecj91j"}
{"type":"log","timestamp":1705598576435,"level":"debug","message":"Converting with chrome HeadlessChrome/117.0.5938.149 using chrome-pool strategy","meta":{"rootId":"z8cdb5x1sjl3yo1","id":"096yuffckusqhpr"},"id":"0u6j9yj9k8ewo2p","previousOperationId":"fj3gfdnakecj91j"}
{"type":"log","timestamp":1705598576498,"level":"debug","message":"Page request: GET (document) file:///C:/Users/DANIEL~1/AppData/Local/Temp/jsreport/autocleanup/18637316-18fd-4d5d-a820-b08e3a97a2a0-chrome-pdf.html","meta":{"rootId":"z8cdb5x1sjl3yo1","id":"096yuffckusqhpr"},"id":"1x7jox1f163svtm","previousOperationId":"fj3gfdnakecj91j"}
{"type":"log","timestamp":1705598576506,"level":"debug","message":"Page request: GET (stylesheet) https://cdnjs.cloudflare.com/ajax/libs/metro/4.1.5/css/metro.min.css","meta":{"rootId":"z8cdb5x1sjl3yo1","id":"096yuffckusqhpr"},"id":"u875c0fug5wm7in","previousOperationId":"fj3gfdnakecj91j"}
{"type":"log","timestamp":1705598576506,"level":"debug","message":"Page request finished: GET (document) 200 file:///C:/Users/DANIEL~1/AppData/Local/Temp/jsreport/autocleanup/18637316-18fd-4d5d-a820-b08e3a97a2a0-chrome-pdf.html","meta":{"rootId":"z8cdb5x1sjl3yo1","id":"096yuffckusqhpr"},"id":"npdf4fllzpl3nu5","previousOperationId":"fj3gfdnakecj91j"}
{"type":"log","timestamp":1705598576518,"level":"debug","message":"Page request finished: GET (stylesheet) 200 https://cdnjs.cloudflare.com/ajax/libs/metro/4.1.5/css/metro.min.css","meta":{"rootId":"z8cdb5x1sjl3yo1","id":"096yuffckusqhpr"},"id":"v086wo8xqawrvg1","previousOperationId":"fj3gfdnakecj91j"}
{"type":"log","timestamp":1705598576530,"level":"debug","message":"Running chrome with params {\"printBackground\":true,\"marginTop\":\"1.5cm\",\"marginRight\":\"1.5cm\",\"marginLeft\":\"1.cm\",\"timeout\":57076,\"margin\":{\"top\":\"1.5cm\",\"right\":\"1.5cm\",\"left\":\"1.cm\"}}","meta":{"rootId":"z8cdb5x1sjl3yo1","id":"096yuffckusqhpr"},"id":"m4yysp5hysmexv7","previousOperationId":"fj3gfdnakecj91j"}
{"type":"operationEnd","operationId":"fj3gfdnakecj91j","timestamp":1705598576558,"id":"04ybgmrbz9o9zb8","previousEventId":"amnlh4ghx94jd00","previousOperationId":"fj3gfdnakecj91j"}
{"type":"log","timestamp":1705598576558,"level":"debug","message":"Skipping storing report.","meta":{"rootId":"z8cdb5x1sjl3yo1","id":"096yuffckusqhpr"},"id":"i8587wjm9dm1fdj","previousOperationId":"fj3gfdnakecj91j"}
{"type":"log","timestamp":1705598576559,"level":"info","message":"Rendering (child) request finished in 3049 ms","meta":{"rootId":"z8cdb5x1sjl3yo1","id":"096yuffckusqhpr"},"id":"jy0c9r125ajb88a","previousOperationId":"fj3gfdnakecj91j"}
{"type":"operationEnd","subtype":"render","operationId":"vidgbhevmpzynms","timestamp":1705598576559,"id":"2x9c63h1fbkjvyq","previousEventId":"04ybgmrbz9o9zb8","previousOperationId":"fj3gfdnakecj91j"}
{"type":"operationEnd","operationId":"h9pp7sk8dn1pssd","timestamp":1705598576574,"id":"rabyr4l8m7jeave","previousEventId":"84l67i1rat78ade","previousOperationId":"h9pp7sk8dn1pssd"}
{"type":"log","timestamp":1705598576574,"level":"debug","message":"pdf-utils postproces start","meta":{"rootId":"z8cdb5x1sjl3yo1","id":"z8cdb5x1sjl3yo1"},"id":"yto996utxyfgcj6","previousOperationId":"h9pp7sk8dn1pssd"}
{"type":"log","timestamp":1705598576586,"level":"debug","message":"pdf-utils postproces end","meta":{"rootId":"z8cdb5x1sjl3yo1","id":"z8cdb5x1sjl3yo1"},"id":"so4fgi9cbufuz8r","previousOperationId":"h9pp7sk8dn1pssd"}
{"type":"operationEnd","operationId":"u5u5mmn1gm1l0lu","timestamp":1705598576586,"id":"i91m94286wg90y2","previousEventId":"rabyr4l8m7jeave","previousOperationId":"h9pp7sk8dn1pssd"}
{"type":"log","timestamp":1705598576586,"level":"info","message":"pdf-utils pdf processing was finished","meta":{"rootId":"z8cdb5x1sjl3yo1","id":"z8cdb5x1sjl3yo1"},"id":"neav6jqd8cyn85b","previousOperationId":"u5u5mmn1gm1l0lu"}
{"type":"log","timestamp":1705598576586,"level":"debug","message":"Skipping storing report.","meta":{"rootId":"z8cdb5x1sjl3yo1","id":"z8cdb5x1sjl3yo1"},"id":"vxk4vrz5ov8sp7n","previousOperationId":"u5u5mmn1gm1l0lu"}
{"type":"log","timestamp":1705598576586,"level":"info","message":"Rendering request 1 finished in 3076 ms","meta":{"rootId":"z8cdb5x1sjl3yo1","id":"z8cdb5x1sjl3yo1"},"id":"ak8vytcwuwiuq1b","previousOperationId":"u5u5mmn1gm1l0lu"}
{"type":"operationEnd","subtype":"render","operationId":"gtmja6ngkp93ovd","timestamp":1705598576586,"id":"svyv9calmhud94l","previousEventId":"i91m94286wg90y2","previousOperationId":"u5u5mmn1gm1l0lu"}
{"type":"operationEnd","doDiffs":false,"previousEventId":"18md9hetnqjs902","previousOperationId":"d7y9jcnu8wngko8","operationId":"d7y9jcnu8wngko8","timestamp":1705598576597,"id":"qjg62wj89zlp8sm"}
