{"type":"operationStart","subtype":"profile","data":{"_id":"FQqb1qIAmr7p0KdH","timestamp":"2024-01-20T13:01:14.906Z","state":"queued","mode":"standard","creationDate":"2024-01-20T13:01:14.909Z","modificationDate":"2024-01-20T13:01:14.909Z","shortid":"DZnpBkO","$entitySet":"profiles"},"doDiffs":false,"timestamp":1705755674907,"id":"utzurfwafae983w","previousOperationId":null,"operationId":"zw25l1zwfy11fg3"}
{"type":"log","level":"info","message":"Render request 1 queued for execution and waiting for available worker","previousOperationId":"zw25l1zwfy11fg3","timestamp":1705755674908,"id":"xnphky49zqljpcm"}
{"type":"operationStart","subtype":"render","name":"orders-main","previousOperationId":"zw25l1zwfy11fg3","timestamp":1705755674921,"id":"xz5oj9o7yj0saui","previousEventId":"utzurfwafae983w","operationId":"iz9d055696aw5ic"}
{"type":"log","timestamp":1705755674923,"level":"info","message":"Starting rendering request 1","meta":{"rootId":"zd7hjfubo7cks10","id":"zd7hjfubo7cks10"},"id":"gjfp6yfdwui5hbu","previousOperationId":"iz9d055696aw5ic"}
{"type":"log","timestamp":1705755674924,"level":"info","message":"Rendering template { name: orders-main, recipe: chrome-pdf, engine: handlebars, preview: false }","meta":{"rootId":"zd7hjfubo7cks10","id":"zd7hjfubo7cks10"},"id":"et3x36kig26bh03","previousOperationId":"iz9d055696aw5ic"}
{"type":"log","timestamp":1705755674926,"level":"debug","message":"Data item not defined for this template.","meta":{"rootId":"zd7hjfubo7cks10","id":"zd7hjfubo7cks10"},"id":"n5j2m9kx0y0an38","previousOperationId":"iz9d055696aw5ic"}
{"type":"log","timestamp":1705755674929,"level":"debug","message":"Executing script orders-script (beforeRender)","meta":{"rootId":"zd7hjfubo7cks10","id":"zd7hjfubo7cks10"},"id":"lbsml795q30bmru","previousOperationId":"iz9d055696aw5ic"}
{"type":"operationStart","subtype":"scriptsBeforeRender","name":"scripts beforeRender","timestamp":1705755675241,"id":"miilbzaisr73vkz","previousEventId":"xz5oj9o7yj0saui","operationId":"sm4lywefbdkqylg","previousOperationId":"iz9d055696aw5ic"}
{"type":"operationStart","subtype":"script","name":"scripts orders-script","previousOperationId":"sm4lywefbdkqylg","timestamp":1705755675241,"id":"1eobn4rm33ckg2r","previousEventId":"miilbzaisr73vkz","operationId":"8aia3gea5u7hj89"}
{"type":"log","timestamp":1705755675266,"level":"debug","message":"(console:log) [ 'Race1', 'Race2' ]","meta":{"userLevel":true,"rootId":"zd7hjfubo7cks10","id":"zd7hjfubo7cks10"},"id":"rvh4q6l9i1b52ap","previousOperationId":"8aia3gea5u7hj89"}
{"type":"log","timestamp":1705755675267,"level":"debug","message":"(console:log) [ 2, 1 ]","meta":{"userLevel":true,"rootId":"zd7hjfubo7cks10","id":"zd7hjfubo7cks10"},"id":"1irtpu1xi9ay108","previousOperationId":"8aia3gea5u7hj89"}
{"type":"operationEnd","operationId":"8aia3gea5u7hj89","timestamp":1705755675267,"id":"m37jrlf68q8ut34","previousEventId":"xz5oj9o7yj0saui","previousOperationId":"iz9d055696aw5ic"}
{"type":"operationEnd","operationId":"sm4lywefbdkqylg","timestamp":1705755675267,"id":"edw95mn3mj7dewj","previousEventId":"m37jrlf68q8ut34","previousOperationId":"iz9d055696aw5ic"}
{"type":"log","timestamp":1705755675267,"level":"debug","message":"Base url not specified, skipping its injection.","meta":{"rootId":"zd7hjfubo7cks10","id":"zd7hjfubo7cks10"},"id":"xjmy6hst4hxhgz0","previousOperationId":"sm4lywefbdkqylg"}
{"type":"operationStart","subtype":"engine","name":"handlebars","timestamp":1705755675268,"id":"dvw58yk3xs6utqa","previousEventId":"edw95mn3mj7dewj","operationId":"aj681xd7z30je8o","previousOperationId":"sm4lywefbdkqylg"}
{"type":"log","timestamp":1705755675268,"level":"debug","message":"Rendering engine handlebars","meta":{"rootId":"zd7hjfubo7cks10","id":"zd7hjfubo7cks10"},"id":"3sg5z4cfpl28gy3","previousOperationId":"aj681xd7z30je8o"}
{"type":"log","timestamp":1705755675501,"level":"debug","message":"(console:log) Pdf utils adding group field, value: \"Race1\"","meta":{"userLevel":true,"rootId":"zd7hjfubo7cks10","id":"zd7hjfubo7cks10"},"id":"d2o4rftf4hl1nel","previousOperationId":"aj681xd7z30je8o"}
{"type":"log","timestamp":1705755675501,"level":"debug","message":"(console:log) Pdf utils adding group field, value: \"Race2\"","meta":{"userLevel":true,"rootId":"zd7hjfubo7cks10","id":"zd7hjfubo7cks10"},"id":"q6d7sso6eu7cxkb","previousOperationId":"aj681xd7z30je8o"}
{"type":"operationEnd","operationId":"aj681xd7z30je8o","timestamp":1705755675502,"id":"tq08kdpyhgp41bf","previousEventId":"dvw58yk3xs6utqa","previousOperationId":"aj681xd7z30je8o"}
{"type":"operationStart","subtype":"recipe","name":"chrome-pdf","timestamp":1705755675502,"id":"mwdd8jti02d5vty","previousEventId":"tq08kdpyhgp41bf","operationId":"68smqkssg1nixdr","previousOperationId":"aj681xd7z30je8o"}
{"type":"log","timestamp":1705755675502,"level":"debug","message":"Executing recipe chrome-pdf","meta":{"rootId":"zd7hjfubo7cks10","id":"zd7hjfubo7cks10"},"id":"w9p7b7ummoe8l97","previousOperationId":"68smqkssg1nixdr"}
{"type":"log","timestamp":1705755676447,"level":"debug","message":"Converting with chrome HeadlessChrome/117.0.5938.149 using chrome-pool strategy","meta":{"rootId":"zd7hjfubo7cks10","id":"zd7hjfubo7cks10"},"id":"o2421dsaawz4wkp","previousOperationId":"68smqkssg1nixdr"}
{"type":"log","timestamp":1705755676802,"level":"debug","message":"Page request: GET (document) file:///C:/Users/DANIEL~1/AppData/Local/Temp/jsreport/autocleanup/6d42ceb0-44de-42c1-ae58-f47bbc70e683-chrome-pdf.html","meta":{"rootId":"zd7hjfubo7cks10","id":"zd7hjfubo7cks10"},"id":"vwxlbyo75srltzv","previousOperationId":"68smqkssg1nixdr"}
{"type":"log","timestamp":1705755676819,"level":"debug","message":"Page request: GET (stylesheet) https://cdnjs.cloudflare.com/ajax/libs/metro/4.1.5/css/metro.min.css","meta":{"rootId":"zd7hjfubo7cks10","id":"zd7hjfubo7cks10"},"id":"30ctkk3w0hn9rfm","previousOperationId":"68smqkssg1nixdr"}
{"type":"log","timestamp":1705755676820,"level":"debug","message":"Page request: GET (script) https://cdn.jsdelivr.net/npm/chart.js","meta":{"rootId":"zd7hjfubo7cks10","id":"zd7hjfubo7cks10"},"id":"4hiys4t4m5b3smm","previousOperationId":"68smqkssg1nixdr"}
{"type":"log","timestamp":1705755676820,"level":"debug","message":"Page request finished: GET (document) 200 file:///C:/Users/DANIEL~1/AppData/Local/Temp/jsreport/autocleanup/6d42ceb0-44de-42c1-ae58-f47bbc70e683-chrome-pdf.html","meta":{"rootId":"zd7hjfubo7cks10","id":"zd7hjfubo7cks10"},"id":"7uvcs3etrt8l5u7","previousOperationId":"68smqkssg1nixdr"}
{"type":"log","timestamp":1705755679509,"level":"debug","message":"Page request finished: GET (stylesheet) 200 https://cdnjs.cloudflare.com/ajax/libs/metro/4.1.5/css/metro.min.css","meta":{"rootId":"zd7hjfubo7cks10","id":"zd7hjfubo7cks10"},"id":"p7obrhkh23cqubz","previousOperationId":"68smqkssg1nixdr"}
{"type":"log","timestamp":1705755679661,"level":"debug","message":"Page request finished: GET (script) 200 https://cdn.jsdelivr.net/npm/chart.js","meta":{"rootId":"zd7hjfubo7cks10","id":"zd7hjfubo7cks10"},"id":"8kogrws1ebgz096","previousOperationId":"68smqkssg1nixdr"}
{"type":"log","timestamp":1705755679746,"level":"debug","message":"Running chrome with params {\"printBackground\":true,\"marginTop\":\"4cm\",\"marginRight\":\"1.5cm\",\"marginBottom\":\"1.5cm\",\"marginLeft\":\"1.5cm\",\"waitForJS\":false,\"timeout\":59121,\"margin\":{\"top\":\"4cm\",\"right\":\"1.5cm\",\"bottom\":\"1.5cm\",\"left\":\"1.5cm\"}}","meta":{"rootId":"zd7hjfubo7cks10","id":"zd7hjfubo7cks10"},"id":"5ouwxlrapisnt2w","previousOperationId":"68smqkssg1nixdr"}
{"type":"operationEnd","operationId":"68smqkssg1nixdr","timestamp":1705755679814,"id":"xc636f9hpca9v63","previousEventId":"mwdd8jti02d5vty","previousOperationId":"68smqkssg1nixdr"}
{"type":"log","timestamp":1705755679815,"level":"info","message":"pdf-utils is starting pdf processing","meta":{"rootId":"zd7hjfubo7cks10","id":"zd7hjfubo7cks10"},"id":"gxilu480fwkz1am","previousOperationId":"68smqkssg1nixdr"}
{"type":"operationStart","subtype":"pdfUtils","name":"pdf utils","timestamp":1705755680054,"id":"y3aldbv57gpg305","previousEventId":"xc636f9hpca9v63","operationId":"e4sy7lm1yd6khuj","previousOperationId":"68smqkssg1nixdr"}
{"type":"log","timestamp":1705755680055,"level":"debug","message":"pdf-utils detected 1 pdf operation(s) to process","meta":{"rootId":"zd7hjfubo7cks10","id":"zd7hjfubo7cks10"},"id":"n9e9ncckwmuh7eu","previousOperationId":"e4sy7lm1yd6khuj"}
{"type":"log","timestamp":1705755680239,"level":"debug","message":"pdf-utils running pdf operation merge","meta":{"rootId":"zd7hjfubo7cks10","id":"zd7hjfubo7cks10"},"id":"nj9y32th4ywr86a","previousOperationId":"e4sy7lm1yd6khuj"}
{"type":"operationStart","subtype":"pdfUtilsMerge","name":"pdf utils merge","previousOperationId":"e4sy7lm1yd6khuj","timestamp":1705755680239,"id":"ksh0ueee1ekax6g","previousEventId":"y3aldbv57gpg305","operationId":"ziiiafr1bvl4h8j"}
{"type":"operationStart","subtype":"render","name":"orders-header","previousOperationId":"ziiiafr1bvl4h8j","timestamp":1705755680240,"id":"7otdwke4j5hjgsb","previousEventId":"ksh0ueee1ekax6g","operationId":"y074147g1yms7tz"}
{"type":"log","timestamp":1705755680240,"level":"info","message":"Starting rendering (child) request","meta":{"rootId":"zd7hjfubo7cks10","id":"8a6otig9ng4gpuu"},"id":"8dqhukvaeqvians","previousOperationId":"y074147g1yms7tz"}
{"type":"log","timestamp":1705755680241,"level":"info","message":"Rendering template { name: orders-header, recipe: chrome-pdf, engine: handlebars, preview: false }","meta":{"rootId":"zd7hjfubo7cks10","id":"8a6otig9ng4gpuu"},"id":"39a05n2kz053zru","previousOperationId":"y074147g1yms7tz"}
{"type":"log","timestamp":1705755680244,"level":"debug","message":"Inline data specified.","meta":{"rootId":"zd7hjfubo7cks10","id":"8a6otig9ng4gpuu"},"id":"o87x2rkwd9tpmi7","previousOperationId":"y074147g1yms7tz"}
{"type":"log","timestamp":1705755680246,"level":"debug","message":"Base url not specified, skipping its injection.","meta":{"rootId":"zd7hjfubo7cks10","id":"8a6otig9ng4gpuu"},"id":"uc3iq7ln1xz22us","previousOperationId":"y074147g1yms7tz"}
{"type":"operationStart","subtype":"engine","name":"handlebars","timestamp":1705755680246,"id":"g5qlm01i2qfn0xa","previousEventId":"7otdwke4j5hjgsb","operationId":"1pkfckt63n05wju","previousOperationId":"y074147g1yms7tz"}
{"type":"log","timestamp":1705755680246,"level":"debug","message":"Rendering engine handlebars","meta":{"rootId":"zd7hjfubo7cks10","id":"8a6otig9ng4gpuu"},"id":"zwctkaiyn75kn4m","previousOperationId":"1pkfckt63n05wju"}
{"type":"operationEnd","operationId":"1pkfckt63n05wju","timestamp":1705755680307,"id":"c3q8425mir5hi3f","previousEventId":"g5qlm01i2qfn0xa","previousOperationId":"1pkfckt63n05wju"}
{"type":"operationStart","subtype":"recipe","name":"chrome-pdf","timestamp":1705755680308,"id":"5p8f2514ysq3af9","previousEventId":"c3q8425mir5hi3f","operationId":"ey342aroovdfia3","previousOperationId":"1pkfckt63n05wju"}
{"type":"log","timestamp":1705755680308,"level":"debug","message":"Executing recipe chrome-pdf","meta":{"rootId":"zd7hjfubo7cks10","id":"8a6otig9ng4gpuu"},"id":"ikvavl2shj3w82r","previousOperationId":"ey342aroovdfia3"}
{"type":"log","timestamp":1705755680310,"level":"debug","message":"Converting with chrome HeadlessChrome/117.0.5938.149 using chrome-pool strategy","meta":{"rootId":"zd7hjfubo7cks10","id":"8a6otig9ng4gpuu"},"id":"pildpxwfyz8h6hi","previousOperationId":"ey342aroovdfia3"}
{"type":"log","timestamp":1705755680380,"level":"debug","message":"Page request: GET (document) file:///C:/Users/DANIEL~1/AppData/Local/Temp/jsreport/autocleanup/c3cb1a3c-e291-4e65-9756-4602e5f9afc5-chrome-pdf.html","meta":{"rootId":"zd7hjfubo7cks10","id":"8a6otig9ng4gpuu"},"id":"yao4vc3xdzsj50m","previousOperationId":"ey342aroovdfia3"}
{"type":"log","timestamp":1705755680393,"level":"debug","message":"Page request: GET (stylesheet) https://cdnjs.cloudflare.com/ajax/libs/metro/4.1.5/css/metro.min.css","meta":{"rootId":"zd7hjfubo7cks10","id":"8a6otig9ng4gpuu"},"id":"be3qevwzfaeizla","previousOperationId":"ey342aroovdfia3"}
{"type":"log","timestamp":1705755680393,"level":"debug","message":"Page request finished: GET (document) 200 file:///C:/Users/DANIEL~1/AppData/Local/Temp/jsreport/autocleanup/c3cb1a3c-e291-4e65-9756-4602e5f9afc5-chrome-pdf.html","meta":{"rootId":"zd7hjfubo7cks10","id":"8a6otig9ng4gpuu"},"id":"r8aohhcsax0tv3u","previousOperationId":"ey342aroovdfia3"}
{"type":"log","timestamp":1705755680405,"level":"debug","message":"Page request finished: GET (stylesheet) 200 https://cdnjs.cloudflare.com/ajax/libs/metro/4.1.5/css/metro.min.css","meta":{"rootId":"zd7hjfubo7cks10","id":"8a6otig9ng4gpuu"},"id":"kg5sxclnhrwzgja","previousOperationId":"ey342aroovdfia3"}
{"type":"log","timestamp":1705755680421,"level":"debug","message":"Running chrome with params {\"printBackground\":true,\"marginTop\":\"1.5cm\",\"marginRight\":\"1.5cm\",\"marginLeft\":\"1.cm\",\"timeout\":54597,\"margin\":{\"top\":\"1.5cm\",\"right\":\"1.5cm\",\"left\":\"1.cm\"}}","meta":{"rootId":"zd7hjfubo7cks10","id":"8a6otig9ng4gpuu"},"id":"t7j6tx0pip4my2a","previousOperationId":"ey342aroovdfia3"}
{"type":"operationEnd","operationId":"ey342aroovdfia3","timestamp":1705755680446,"id":"e8j1sd4tjqwbq88","previousEventId":"5p8f2514ysq3af9","previousOperationId":"ey342aroovdfia3"}
{"type":"log","timestamp":1705755680446,"level":"debug","message":"Skipping storing report.","meta":{"rootId":"zd7hjfubo7cks10","id":"8a6otig9ng4gpuu"},"id":"1jn34xv1x3mzhjc","previousOperationId":"ey342aroovdfia3"}
{"type":"log","timestamp":1705755680446,"level":"info","message":"Rendering (child) request finished in 5540 ms","meta":{"rootId":"zd7hjfubo7cks10","id":"8a6otig9ng4gpuu"},"id":"r0uvld8aust8tnw","previousOperationId":"ey342aroovdfia3"}
{"type":"operationEnd","subtype":"render","operationId":"y074147g1yms7tz","timestamp":1705755680447,"id":"rzqoxavh74ij1zt","previousEventId":"e8j1sd4tjqwbq88","previousOperationId":"ey342aroovdfia3"}
{"type":"operationEnd","operationId":"ziiiafr1bvl4h8j","timestamp":1705755680466,"id":"j4n4d8kt54s9ew1","previousEventId":"ksh0ueee1ekax6g","previousOperationId":"ziiiafr1bvl4h8j"}
{"type":"log","timestamp":1705755680466,"level":"debug","message":"pdf-utils postproces start","meta":{"rootId":"zd7hjfubo7cks10","id":"zd7hjfubo7cks10"},"id":"lzfl67u9nyc3blc","previousOperationId":"ziiiafr1bvl4h8j"}
{"type":"log","timestamp":1705755680480,"level":"debug","message":"pdf-utils postproces end","meta":{"rootId":"zd7hjfubo7cks10","id":"zd7hjfubo7cks10"},"id":"obhqil9e9rkweu8","previousOperationId":"ziiiafr1bvl4h8j"}
{"type":"operationEnd","operationId":"e4sy7lm1yd6khuj","timestamp":1705755680480,"id":"s4v1tl3jurk0jru","previousEventId":"j4n4d8kt54s9ew1","previousOperationId":"ziiiafr1bvl4h8j"}
{"type":"log","timestamp":1705755680480,"level":"info","message":"pdf-utils pdf processing was finished","meta":{"rootId":"zd7hjfubo7cks10","id":"zd7hjfubo7cks10"},"id":"6apowdyu14x7tep","previousOperationId":"e4sy7lm1yd6khuj"}
{"type":"log","timestamp":1705755680480,"level":"debug","message":"Skipping storing report.","meta":{"rootId":"zd7hjfubo7cks10","id":"zd7hjfubo7cks10"},"id":"po63nx14isa1u30","previousOperationId":"e4sy7lm1yd6khuj"}
{"type":"log","timestamp":1705755680480,"level":"info","message":"Rendering request 1 finished in 5574 ms","meta":{"rootId":"zd7hjfubo7cks10","id":"zd7hjfubo7cks10"},"id":"75exjcamkeg9xev","previousOperationId":"e4sy7lm1yd6khuj"}
{"type":"operationEnd","subtype":"render","operationId":"iz9d055696aw5ic","timestamp":1705755680480,"id":"190ygtwhhkubfzb","previousEventId":"s4v1tl3jurk0jru","previousOperationId":"e4sy7lm1yd6khuj"}
{"type":"operationEnd","doDiffs":false,"previousEventId":"utzurfwafae983w","previousOperationId":"zw25l1zwfy11fg3","operationId":"zw25l1zwfy11fg3","timestamp":1705755680487,"id":"9mexk91fs9wclqb"}
