{"type":"operationStart","subtype":"profile","data":{"_id":"rQKF63VSEDnbsTtE","timestamp":"2024-01-17T16:30:56.852Z","state":"queued","mode":"standard","creationDate":"2024-01-17T16:30:56.853Z","modificationDate":"2024-01-17T16:30:56.853Z","shortid":"H_ePBq2","$entitySet":"profiles"},"doDiffs":false,"timestamp":1705509056853,"id":"knlykzlgemh7437","previousOperationId":null,"operationId":"g5kbf2gfw86wett"}
{"type":"log","level":"info","message":"Render request 42 queued for execution and waiting for available worker","previousOperationId":"g5kbf2gfw86wett","timestamp":1705509056853,"id":"gxvajdd55ekyxhp"}
{"type":"operationStart","subtype":"render","name":"orders-main","previousOperationId":"g5kbf2gfw86wett","timestamp":1705509056858,"id":"619kouxx4phh5nt","previousEventId":"knlykzlgemh7437","operationId":"xcez3sof74huile"}
{"type":"log","timestamp":1705509056858,"level":"info","message":"Starting rendering request 42","meta":{"rootId":"zdfunzo01cwdd9k","id":"zdfunzo01cwdd9k"},"id":"r1ogn0x37w4orlv","previousOperationId":"xcez3sof74huile"}
{"type":"log","timestamp":1705509056858,"level":"info","message":"Rendering template { name: orders-main, recipe: chrome-pdf, engine: handlebars, preview: true }","meta":{"rootId":"zdfunzo01cwdd9k","id":"zdfunzo01cwdd9k"},"id":"159q6n7138lidq4","previousOperationId":"xcez3sof74huile"}
{"type":"log","timestamp":1705509056859,"level":"debug","message":"Data item not defined for this template.","meta":{"rootId":"zdfunzo01cwdd9k","id":"zdfunzo01cwdd9k"},"id":"vip9js46a8g2qe4","previousOperationId":"xcez3sof74huile"}
{"type":"log","timestamp":1705509056861,"level":"debug","message":"Executing script orders-script (beforeRender)","meta":{"rootId":"zdfunzo01cwdd9k","id":"zdfunzo01cwdd9k"},"id":"pbdt502e1r2ek0u","previousOperationId":"xcez3sof74huile"}
{"type":"operationStart","subtype":"scriptsBeforeRender","name":"scripts beforeRender","timestamp":1705509056873,"id":"5qb8yg5s7vpuqir","previousEventId":"619kouxx4phh5nt","operationId":"kvlz3v1ohudq77u","previousOperationId":"xcez3sof74huile"}
{"type":"operationStart","subtype":"script","name":"scripts orders-script","previousOperationId":"kvlz3v1ohudq77u","timestamp":1705509056873,"id":"ztemtpyhrfgvlon","previousEventId":"5qb8yg5s7vpuqir","operationId":"38bi8xi98u2m6cn"}
{"type":"operationEnd","operationId":"38bi8xi98u2m6cn","timestamp":1705509056883,"id":"e0ojd3lzya433u4","previousEventId":"619kouxx4phh5nt","previousOperationId":"xcez3sof74huile"}
{"type":"operationEnd","operationId":"kvlz3v1ohudq77u","timestamp":1705509056883,"id":"4jtgmm5ujfn6ve5","previousEventId":"e0ojd3lzya433u4","previousOperationId":"xcez3sof74huile"}
{"type":"log","timestamp":1705509056883,"level":"debug","message":"Base url not specified, skipping its injection.","meta":{"rootId":"zdfunzo01cwdd9k","id":"zdfunzo01cwdd9k"},"id":"rsspompa0lxi4kn","previousOperationId":"kvlz3v1ohudq77u"}
{"type":"operationStart","subtype":"engine","name":"handlebars","timestamp":1705509056883,"id":"9007uf8jltvogo0","previousEventId":"4jtgmm5ujfn6ve5","operationId":"961jwed5gn5khiz","previousOperationId":"kvlz3v1ohudq77u"}
{"type":"log","timestamp":1705509056883,"level":"debug","message":"Rendering engine handlebars","meta":{"rootId":"zdfunzo01cwdd9k","id":"zdfunzo01cwdd9k"},"id":"a7wv7u26lok3w6p","previousOperationId":"961jwed5gn5khiz"}
{"type":"log","timestamp":1705509056892,"level":"debug","message":"(console:log) Pdf utils adding group field, value: \"Race1\"","meta":{"userLevel":true,"rootId":"zdfunzo01cwdd9k","id":"zdfunzo01cwdd9k"},"id":"d65yi99l3pdwth4","previousOperationId":"961jwed5gn5khiz"}
{"type":"log","timestamp":1705509056892,"level":"debug","message":"(console:log) Pdf utils adding group field, value: \"Race1\"","meta":{"userLevel":true,"rootId":"zdfunzo01cwdd9k","id":"zdfunzo01cwdd9k"},"id":"0a406m61htnkw6y","previousOperationId":"961jwed5gn5khiz"}
{"type":"log","timestamp":1705509056892,"level":"debug","message":"(console:log) Pdf utils adding group field, value: \"Race2\"","meta":{"userLevel":true,"rootId":"zdfunzo01cwdd9k","id":"zdfunzo01cwdd9k"},"id":"tu92emukxpp7fnv","previousOperationId":"961jwed5gn5khiz"}
{"type":"operationEnd","operationId":"961jwed5gn5khiz","timestamp":1705509056892,"id":"3f4c82njnujmgnr","previousEventId":"9007uf8jltvogo0","previousOperationId":"961jwed5gn5khiz"}
{"type":"operationStart","subtype":"recipe","name":"chrome-pdf","timestamp":1705509056892,"id":"ob93tb8rs7zuh2m","previousEventId":"3f4c82njnujmgnr","operationId":"ba5aea3zjnnnjbv","previousOperationId":"961jwed5gn5khiz"}
{"type":"log","timestamp":1705509056892,"level":"debug","message":"Executing recipe chrome-pdf","meta":{"rootId":"zdfunzo01cwdd9k","id":"zdfunzo01cwdd9k"},"id":"ek5dzw5mkhgj8g6","previousOperationId":"ba5aea3zjnnnjbv"}
{"type":"log","timestamp":1705509056893,"level":"debug","message":"Converting with chrome HeadlessChrome/117.0.5938.149 using chrome-pool strategy","meta":{"rootId":"zdfunzo01cwdd9k","id":"zdfunzo01cwdd9k"},"id":"evduji0jv3nwdci","previousOperationId":"ba5aea3zjnnnjbv"}
{"type":"log","timestamp":1705509056957,"level":"debug","message":"Page request: GET (document) file:///C:/Users/DANIEL~1/AppData/Local/Temp/jsreport/autocleanup/e4861a35-d7a6-4f8a-895c-8776d914469c-chrome-pdf.html","meta":{"rootId":"zdfunzo01cwdd9k","id":"zdfunzo01cwdd9k"},"id":"toctde0a08l05iu","previousOperationId":"ba5aea3zjnnnjbv"}
{"type":"log","timestamp":1705509056970,"level":"debug","message":"Page request: GET (stylesheet) https://cdnjs.cloudflare.com/ajax/libs/metro/4.1.5/css/metro.min.css","meta":{"rootId":"zdfunzo01cwdd9k","id":"zdfunzo01cwdd9k"},"id":"0x57ajyt2xut3v8","previousOperationId":"ba5aea3zjnnnjbv"}
{"type":"log","timestamp":1705509056971,"level":"debug","message":"Page request: GET (script) https://cdnjs.cloudflare.com/ajax/libs/Chart.js/2.7.2/Chart.min.js","meta":{"rootId":"zdfunzo01cwdd9k","id":"zdfunzo01cwdd9k"},"id":"dlvnsvk5zrbo6fh","previousOperationId":"ba5aea3zjnnnjbv"}
{"type":"log","timestamp":1705509056971,"level":"debug","message":"Page request finished: GET (document) 200 file:///C:/Users/DANIEL~1/AppData/Local/Temp/jsreport/autocleanup/e4861a35-d7a6-4f8a-895c-8776d914469c-chrome-pdf.html","meta":{"rootId":"zdfunzo01cwdd9k","id":"zdfunzo01cwdd9k"},"id":"9otas1q7tylvpww","previousOperationId":"ba5aea3zjnnnjbv"}
{"type":"log","timestamp":1705509056974,"level":"debug","message":"Page request finished: GET (script) 200 https://cdnjs.cloudflare.com/ajax/libs/Chart.js/2.7.2/Chart.min.js","meta":{"rootId":"zdfunzo01cwdd9k","id":"zdfunzo01cwdd9k"},"id":"0cjuxiv7ju1xxgz","previousOperationId":"ba5aea3zjnnnjbv"}
{"type":"log","timestamp":1705509056983,"level":"debug","message":"Page request finished: GET (stylesheet) 200 https://cdnjs.cloudflare.com/ajax/libs/metro/4.1.5/css/metro.min.css","meta":{"rootId":"zdfunzo01cwdd9k","id":"zdfunzo01cwdd9k"},"id":"6jxdb89d875p3ls","previousOperationId":"ba5aea3zjnnnjbv"}
{"type":"log","timestamp":1705509057005,"level":"debug","message":"Running chrome with params {\"printBackground\":true,\"marginTop\":\"4cm\",\"marginRight\":\"1.5cm\",\"marginBottom\":\"1.5cm\",\"marginLeft\":\"1.5cm\",\"waitForJS\":false,\"timeout\":59959,\"margin\":{\"top\":\"4cm\",\"right\":\"1.5cm\",\"bottom\":\"1.5cm\",\"left\":\"1.5cm\"}}","meta":{"rootId":"zdfunzo01cwdd9k","id":"zdfunzo01cwdd9k"},"id":"6jtown77ux20vt4","previousOperationId":"ba5aea3zjnnnjbv"}
{"type":"operationEnd","operationId":"ba5aea3zjnnnjbv","timestamp":1705509057061,"id":"y6vnb6uqq1hcabw","previousEventId":"ob93tb8rs7zuh2m","previousOperationId":"ba5aea3zjnnnjbv"}
{"type":"log","timestamp":1705509057061,"level":"info","message":"pdf-utils is starting pdf processing","meta":{"rootId":"zdfunzo01cwdd9k","id":"zdfunzo01cwdd9k"},"id":"0ixzfey8tkbeaej","previousOperationId":"ba5aea3zjnnnjbv"}
{"type":"operationStart","subtype":"pdfUtils","name":"pdf utils","timestamp":1705509057061,"id":"qdu2lyvzequpu5k","previousEventId":"y6vnb6uqq1hcabw","operationId":"toiyudjc4nmslwm","previousOperationId":"ba5aea3zjnnnjbv"}
{"type":"log","timestamp":1705509057061,"level":"debug","message":"pdf-utils detected 1 pdf operation(s) to process","meta":{"rootId":"zdfunzo01cwdd9k","id":"zdfunzo01cwdd9k"},"id":"f7dzshoanvpttv6","previousOperationId":"toiyudjc4nmslwm"}
{"type":"log","timestamp":1705509057074,"level":"debug","message":"pdf-utils running pdf operation merge","meta":{"rootId":"zdfunzo01cwdd9k","id":"zdfunzo01cwdd9k"},"id":"llhm42wrasuxf7f","previousOperationId":"toiyudjc4nmslwm"}
{"type":"operationStart","subtype":"pdfUtilsMerge","name":"pdf utils merge","previousOperationId":"toiyudjc4nmslwm","timestamp":1705509057074,"id":"8bxggeg8t8o7zby","previousEventId":"qdu2lyvzequpu5k","operationId":"ce2tzzjz1ufcgxn"}
{"type":"operationStart","subtype":"render","name":"orders-header","previousOperationId":"ce2tzzjz1ufcgxn","timestamp":1705509057075,"id":"hl5xd1y94yrmm1d","previousEventId":"8bxggeg8t8o7zby","operationId":"42jyoa2wt5wf9md"}
{"type":"log","timestamp":1705509057075,"level":"info","message":"Starting rendering (child) request","meta":{"rootId":"zdfunzo01cwdd9k","id":"ijbpnl41rzy309e"},"id":"won030kbzbq0x3i","previousOperationId":"42jyoa2wt5wf9md"}
{"type":"log","timestamp":1705509057075,"level":"info","message":"Rendering template { name: orders-header, recipe: chrome-pdf, engine: handlebars, preview: true }","meta":{"rootId":"zdfunzo01cwdd9k","id":"ijbpnl41rzy309e"},"id":"06meylmu6dsashj","previousOperationId":"42jyoa2wt5wf9md"}
{"type":"log","timestamp":1705509057076,"level":"debug","message":"Inline data specified.","meta":{"rootId":"zdfunzo01cwdd9k","id":"ijbpnl41rzy309e"},"id":"9i8r391y011lppv","previousOperationId":"42jyoa2wt5wf9md"}
{"type":"log","timestamp":1705509057078,"level":"debug","message":"Base url not specified, skipping its injection.","meta":{"rootId":"zdfunzo01cwdd9k","id":"ijbpnl41rzy309e"},"id":"l3mltkhmfeknru3","previousOperationId":"42jyoa2wt5wf9md"}
{"type":"operationStart","subtype":"engine","name":"handlebars","timestamp":1705509057078,"id":"o4wzw2l2mpdp1gq","previousEventId":"hl5xd1y94yrmm1d","operationId":"j3iu05f86na2cp6","previousOperationId":"42jyoa2wt5wf9md"}
{"type":"log","timestamp":1705509057078,"level":"debug","message":"Rendering engine handlebars","meta":{"rootId":"zdfunzo01cwdd9k","id":"ijbpnl41rzy309e"},"id":"ik9w2u3qhaus3y6","previousOperationId":"j3iu05f86na2cp6"}
{"type":"operationEnd","operationId":"j3iu05f86na2cp6","timestamp":1705509057093,"id":"0t92xlfg7jhel7m","previousEventId":"o4wzw2l2mpdp1gq","previousOperationId":"j3iu05f86na2cp6"}
{"type":"operationStart","subtype":"recipe","name":"chrome-pdf","timestamp":1705509057093,"id":"e4430le0z6fwjh2","previousEventId":"0t92xlfg7jhel7m","operationId":"rmx9as9hwl1991b","previousOperationId":"j3iu05f86na2cp6"}
{"type":"log","timestamp":1705509057093,"level":"debug","message":"Executing recipe chrome-pdf","meta":{"rootId":"zdfunzo01cwdd9k","id":"ijbpnl41rzy309e"},"id":"omfu7mptoiuu73h","previousOperationId":"rmx9as9hwl1991b"}
{"type":"log","timestamp":1705509057095,"level":"debug","message":"Converting with chrome HeadlessChrome/117.0.5938.149 using chrome-pool strategy","meta":{"rootId":"zdfunzo01cwdd9k","id":"ijbpnl41rzy309e"},"id":"6hwuxsj90f3kqvx","previousOperationId":"rmx9as9hwl1991b"}
{"type":"log","timestamp":1705509057158,"level":"debug","message":"Page request: GET (document) file:///C:/Users/DANIEL~1/AppData/Local/Temp/jsreport/autocleanup/6f5065bf-6681-4b59-9c11-4c816997d6af-chrome-pdf.html","meta":{"rootId":"zdfunzo01cwdd9k","id":"ijbpnl41rzy309e"},"id":"emyjpnwje8sp2tm","previousOperationId":"rmx9as9hwl1991b"}
{"type":"log","timestamp":1705509057172,"level":"debug","message":"Page request: GET (stylesheet) https://cdnjs.cloudflare.com/ajax/libs/metro/4.1.5/css/metro.min.css","meta":{"rootId":"zdfunzo01cwdd9k","id":"ijbpnl41rzy309e"},"id":"fxhsmo5esn751dd","previousOperationId":"rmx9as9hwl1991b"}
{"type":"log","timestamp":1705509057172,"level":"debug","message":"Page request finished: GET (document) 200 file:///C:/Users/DANIEL~1/AppData/Local/Temp/jsreport/autocleanup/6f5065bf-6681-4b59-9c11-4c816997d6af-chrome-pdf.html","meta":{"rootId":"zdfunzo01cwdd9k","id":"ijbpnl41rzy309e"},"id":"psa0czwhdr49ole","previousOperationId":"rmx9as9hwl1991b"}
{"type":"log","timestamp":1705509057184,"level":"debug","message":"Page request finished: GET (stylesheet) 200 https://cdnjs.cloudflare.com/ajax/libs/metro/4.1.5/css/metro.min.css","meta":{"rootId":"zdfunzo01cwdd9k","id":"ijbpnl41rzy309e"},"id":"8j6mjkqawpsbmmi","previousOperationId":"rmx9as9hwl1991b"}
{"type":"log","timestamp":1705509057196,"level":"debug","message":"Running chrome with params {\"printBackground\":true,\"marginTop\":\"1.5cm\",\"marginRight\":\"1.5cm\",\"marginLeft\":\"1.cm\",\"timeout\":59758,\"margin\":{\"top\":\"1.5cm\",\"right\":\"1.5cm\",\"left\":\"1.cm\"}}","meta":{"rootId":"zdfunzo01cwdd9k","id":"ijbpnl41rzy309e"},"id":"efj9zuzl1zizdrl","previousOperationId":"rmx9as9hwl1991b"}
{"type":"operationEnd","operationId":"rmx9as9hwl1991b","timestamp":1705509057222,"id":"hwhfduv68gpqige","previousEventId":"e4430le0z6fwjh2","previousOperationId":"rmx9as9hwl1991b"}
{"type":"log","timestamp":1705509057222,"level":"debug","message":"Skipping storing report.","meta":{"rootId":"zdfunzo01cwdd9k","id":"ijbpnl41rzy309e"},"id":"598pjt3lb8iwxv3","previousOperationId":"rmx9as9hwl1991b"}
{"type":"log","timestamp":1705509057222,"level":"info","message":"Rendering (child) request finished in 370 ms","meta":{"rootId":"zdfunzo01cwdd9k","id":"ijbpnl41rzy309e"},"id":"7yqebyhwfhq8o25","previousOperationId":"rmx9as9hwl1991b"}
{"type":"operationEnd","subtype":"render","operationId":"42jyoa2wt5wf9md","timestamp":1705509057222,"id":"bhx6wk8nqmkko8r","previousEventId":"hwhfduv68gpqige","previousOperationId":"rmx9as9hwl1991b"}
{"type":"operationEnd","operationId":"ce2tzzjz1ufcgxn","timestamp":1705509057229,"id":"117jqu7vpxroqa3","previousEventId":"8bxggeg8t8o7zby","previousOperationId":"ce2tzzjz1ufcgxn"}
{"type":"log","timestamp":1705509057229,"level":"debug","message":"pdf-utils postproces start","meta":{"rootId":"zdfunzo01cwdd9k","id":"zdfunzo01cwdd9k"},"id":"xz2zshuz127ffi1","previousOperationId":"ce2tzzjz1ufcgxn"}
{"type":"log","timestamp":1705509057237,"level":"debug","message":"pdf-utils postproces end","meta":{"rootId":"zdfunzo01cwdd9k","id":"zdfunzo01cwdd9k"},"id":"ffq9telqe9uf4ym","previousOperationId":"ce2tzzjz1ufcgxn"}
{"type":"operationEnd","operationId":"toiyudjc4nmslwm","timestamp":1705509057237,"id":"nijytogy7mq7dxc","previousEventId":"117jqu7vpxroqa3","previousOperationId":"ce2tzzjz1ufcgxn"}
{"type":"log","timestamp":1705509057237,"level":"info","message":"pdf-utils pdf processing was finished","meta":{"rootId":"zdfunzo01cwdd9k","id":"zdfunzo01cwdd9k"},"id":"ne0e5vl0lyuh9kk","previousOperationId":"toiyudjc4nmslwm"}
{"type":"log","timestamp":1705509057237,"level":"debug","message":"Skipping storing report.","meta":{"rootId":"zdfunzo01cwdd9k","id":"zdfunzo01cwdd9k"},"id":"gij8nzmtvveq3cd","previousOperationId":"toiyudjc4nmslwm"}
{"type":"log","timestamp":1705509057237,"level":"info","message":"Rendering request 42 finished in 385 ms","meta":{"rootId":"zdfunzo01cwdd9k","id":"zdfunzo01cwdd9k"},"id":"5u1sjsdawp0uxhj","previousOperationId":"toiyudjc4nmslwm"}
{"type":"operationEnd","subtype":"render","operationId":"xcez3sof74huile","timestamp":1705509057237,"id":"27qv2undlf7yyuj","previousEventId":"nijytogy7mq7dxc","previousOperationId":"toiyudjc4nmslwm"}
{"type":"operationEnd","doDiffs":false,"previousEventId":"knlykzlgemh7437","previousOperationId":"g5kbf2gfw86wett","operationId":"g5kbf2gfw86wett","timestamp":1705509057247,"id":"3sav200pdh50ier"}
