{"type":"operationStart","subtype":"profile","data":{"_id":"9C9CJgzMX6EnNJEI","timestamp":"2024-01-19T17:05:34.372Z","state":"queued","mode":"standard","creationDate":"2024-01-19T17:05:34.373Z","modificationDate":"2024-01-19T17:05:34.373Z","shortid":"CT5WPuv","$entitySet":"profiles"},"doDiffs":false,"timestamp":1705683934373,"id":"otkpvsy370mxk7e","previousOperationId":null,"operationId":"evps94qehe7832r"}
{"type":"log","level":"info","message":"Render request 14 queued for execution and waiting for available worker","previousOperationId":"evps94qehe7832r","timestamp":1705683934373,"id":"o2dvzjisflb9f61"}
{"type":"operationStart","subtype":"render","name":"orders-main","previousOperationId":"evps94qehe7832r","timestamp":1705683934379,"id":"wc3sxf2ta3fo59c","previousEventId":"otkpvsy370mxk7e","operationId":"k0wurixvdtwqsou"}
{"type":"log","timestamp":1705683934379,"level":"info","message":"Starting rendering request 14","meta":{"rootId":"zg1hkh1iw2m2969","id":"zg1hkh1iw2m2969"},"id":"tkz1s6ssluj2h25","previousOperationId":"k0wurixvdtwqsou"}
{"type":"log","timestamp":1705683934379,"level":"info","message":"Rendering template { name: orders-main, recipe: chrome-pdf, engine: handlebars, preview: true }","meta":{"rootId":"zg1hkh1iw2m2969","id":"zg1hkh1iw2m2969"},"id":"94a5ir8dv853ct2","previousOperationId":"k0wurixvdtwqsou"}
{"type":"log","timestamp":1705683934380,"level":"debug","message":"Data item not defined for this template.","meta":{"rootId":"zg1hkh1iw2m2969","id":"zg1hkh1iw2m2969"},"id":"6yuwteyt5mffu26","previousOperationId":"k0wurixvdtwqsou"}
{"type":"log","timestamp":1705683934381,"level":"debug","message":"Executing script orders-script (beforeRender)","meta":{"rootId":"zg1hkh1iw2m2969","id":"zg1hkh1iw2m2969"},"id":"yye623mrgoebnx0","previousOperationId":"k0wurixvdtwqsou"}
{"type":"operationStart","subtype":"scriptsBeforeRender","name":"scripts beforeRender","timestamp":1705683934399,"id":"n9zuzp8oozkj7q2","previousEventId":"wc3sxf2ta3fo59c","operationId":"e25es5h54chkjit","previousOperationId":"k0wurixvdtwqsou"}
{"type":"operationStart","subtype":"script","name":"scripts orders-script","previousOperationId":"e25es5h54chkjit","timestamp":1705683934399,"id":"rd0qssitijjilxm","previousEventId":"n9zuzp8oozkj7q2","operationId":"9g7lxk3tvb6xrro"}
{"type":"log","timestamp":1705683934410,"level":"debug","message":"(console:log) [ 'Race1', 'Race2' ]","meta":{"userLevel":true,"rootId":"zg1hkh1iw2m2969","id":"zg1hkh1iw2m2969"},"id":"qz493ufrwjm6w8i","previousOperationId":"9g7lxk3tvb6xrro"}
{"type":"log","timestamp":1705683934410,"level":"debug","message":"(console:log) [ 2, 1 ]","meta":{"userLevel":true,"rootId":"zg1hkh1iw2m2969","id":"zg1hkh1iw2m2969"},"id":"kq6l8w3riwgvorl","previousOperationId":"9g7lxk3tvb6xrro"}
{"type":"operationEnd","operationId":"9g7lxk3tvb6xrro","timestamp":1705683934411,"id":"gy4v4j0pi2jggn5","previousEventId":"wc3sxf2ta3fo59c","previousOperationId":"k0wurixvdtwqsou"}
{"type":"operationEnd","operationId":"e25es5h54chkjit","timestamp":1705683934411,"id":"gwwpomuior0wtqq","previousEventId":"gy4v4j0pi2jggn5","previousOperationId":"k0wurixvdtwqsou"}
{"type":"log","timestamp":1705683934411,"level":"debug","message":"Base url not specified, skipping its injection.","meta":{"rootId":"zg1hkh1iw2m2969","id":"zg1hkh1iw2m2969"},"id":"vb29qt895fesj0j","previousOperationId":"e25es5h54chkjit"}
{"type":"operationStart","subtype":"engine","name":"handlebars","timestamp":1705683934411,"id":"yclvw8mfw6u2wu5","previousEventId":"gwwpomuior0wtqq","operationId":"yxa4948s8a5nukp","previousOperationId":"e25es5h54chkjit"}
{"type":"log","timestamp":1705683934411,"level":"debug","message":"Rendering engine handlebars","meta":{"rootId":"zg1hkh1iw2m2969","id":"zg1hkh1iw2m2969"},"id":"is2aep43lfwh35w","previousOperationId":"yxa4948s8a5nukp"}
{"type":"log","timestamp":1705683934429,"level":"debug","message":"(console:log) Pdf utils adding group field, value: \"Race1\"","meta":{"userLevel":true,"rootId":"zg1hkh1iw2m2969","id":"zg1hkh1iw2m2969"},"id":"49cn5ibk0h7osw8","previousOperationId":"yxa4948s8a5nukp"}
{"type":"log","timestamp":1705683934429,"level":"debug","message":"(console:log) Pdf utils adding group field, value: \"Race2\"","meta":{"userLevel":true,"rootId":"zg1hkh1iw2m2969","id":"zg1hkh1iw2m2969"},"id":"gg7fzpx8bmy064c","previousOperationId":"yxa4948s8a5nukp"}
{"type":"operationEnd","operationId":"yxa4948s8a5nukp","timestamp":1705683934429,"id":"zatj97c9k3e0cjh","previousEventId":"yclvw8mfw6u2wu5","previousOperationId":"yxa4948s8a5nukp"}
{"type":"operationStart","subtype":"recipe","name":"chrome-pdf","timestamp":1705683934429,"id":"8m6qc4000i9h26q","previousEventId":"zatj97c9k3e0cjh","operationId":"83lp6vlifwymr3p","previousOperationId":"yxa4948s8a5nukp"}
{"type":"log","timestamp":1705683934429,"level":"debug","message":"Executing recipe chrome-pdf","meta":{"rootId":"zg1hkh1iw2m2969","id":"zg1hkh1iw2m2969"},"id":"9bguyk3prf058t0","previousOperationId":"83lp6vlifwymr3p"}
{"type":"log","timestamp":1705683934432,"level":"debug","message":"Converting with chrome HeadlessChrome/117.0.5938.149 using chrome-pool strategy","meta":{"rootId":"zg1hkh1iw2m2969","id":"zg1hkh1iw2m2969"},"id":"3x964k1aq3mszml","previousOperationId":"83lp6vlifwymr3p"}
{"type":"log","timestamp":1705683934501,"level":"debug","message":"Page request: GET (document) file:///C:/Users/DANIEL~1/AppData/Local/Temp/jsreport/autocleanup/f73ca8f1-6752-4cb1-9dbf-0be617c4bc5d-chrome-pdf.html","meta":{"rootId":"zg1hkh1iw2m2969","id":"zg1hkh1iw2m2969"},"id":"04h3vwres27o5z0","previousOperationId":"83lp6vlifwymr3p"}
{"type":"log","timestamp":1705683934521,"level":"debug","message":"Page request: GET (stylesheet) https://cdnjs.cloudflare.com/ajax/libs/metro/4.1.5/css/metro.min.css","meta":{"rootId":"zg1hkh1iw2m2969","id":"zg1hkh1iw2m2969"},"id":"4f7pvyn82g854va","previousOperationId":"83lp6vlifwymr3p"}
{"type":"log","timestamp":1705683934522,"level":"debug","message":"Page request: GET (script) https://cdn.jsdelivr.net/npm/chart.js","meta":{"rootId":"zg1hkh1iw2m2969","id":"zg1hkh1iw2m2969"},"id":"8zugi065adzudml","previousOperationId":"83lp6vlifwymr3p"}
{"type":"log","timestamp":1705683934522,"level":"debug","message":"Page request finished: GET (document) 200 file:///C:/Users/DANIEL~1/AppData/Local/Temp/jsreport/autocleanup/f73ca8f1-6752-4cb1-9dbf-0be617c4bc5d-chrome-pdf.html","meta":{"rootId":"zg1hkh1iw2m2969","id":"zg1hkh1iw2m2969"},"id":"iamnbzcp7ryc8h1","previousOperationId":"83lp6vlifwymr3p"}
{"type":"log","timestamp":1705683934525,"level":"debug","message":"Page request finished: GET (script) 200 https://cdn.jsdelivr.net/npm/chart.js","meta":{"rootId":"zg1hkh1iw2m2969","id":"zg1hkh1iw2m2969"},"id":"q6mjblsj03ql0z1","previousOperationId":"83lp6vlifwymr3p"}
{"type":"log","timestamp":1705683934534,"level":"debug","message":"Page request finished: GET (stylesheet) 200 https://cdnjs.cloudflare.com/ajax/libs/metro/4.1.5/css/metro.min.css","meta":{"rootId":"zg1hkh1iw2m2969","id":"zg1hkh1iw2m2969"},"id":"8xrp8e9cr0shzyc","previousOperationId":"83lp6vlifwymr3p"}
{"type":"log","timestamp":1705683934593,"level":"debug","message":"Running chrome with params {\"printBackground\":true,\"marginTop\":\"4cm\",\"marginRight\":\"1.5cm\",\"marginBottom\":\"1.5cm\",\"marginLeft\":\"1.5cm\",\"waitForJS\":false,\"timeout\":59941,\"margin\":{\"top\":\"4cm\",\"right\":\"1.5cm\",\"bottom\":\"1.5cm\",\"left\":\"1.5cm\"}}","meta":{"rootId":"zg1hkh1iw2m2969","id":"zg1hkh1iw2m2969"},"id":"uad93lh840jgh7g","previousOperationId":"83lp6vlifwymr3p"}
{"type":"operationEnd","operationId":"83lp6vlifwymr3p","timestamp":1705683934663,"id":"wtwhurazloigjpk","previousEventId":"8m6qc4000i9h26q","previousOperationId":"83lp6vlifwymr3p"}
{"type":"log","timestamp":1705683934664,"level":"info","message":"pdf-utils is starting pdf processing","meta":{"rootId":"zg1hkh1iw2m2969","id":"zg1hkh1iw2m2969"},"id":"hn1gmj3bq4qks60","previousOperationId":"83lp6vlifwymr3p"}
{"type":"operationStart","subtype":"pdfUtils","name":"pdf utils","timestamp":1705683934664,"id":"jpx0fwym973vnvq","previousEventId":"wtwhurazloigjpk","operationId":"ww07ixo2bu73u1q","previousOperationId":"83lp6vlifwymr3p"}
{"type":"log","timestamp":1705683934664,"level":"debug","message":"pdf-utils detected 1 pdf operation(s) to process","meta":{"rootId":"zg1hkh1iw2m2969","id":"zg1hkh1iw2m2969"},"id":"gmqy7cdk18n05uk","previousOperationId":"ww07ixo2bu73u1q"}
{"type":"log","timestamp":1705683934677,"level":"debug","message":"pdf-utils running pdf operation merge","meta":{"rootId":"zg1hkh1iw2m2969","id":"zg1hkh1iw2m2969"},"id":"clsovq7nk20rsuh","previousOperationId":"ww07ixo2bu73u1q"}
{"type":"operationStart","subtype":"pdfUtilsMerge","name":"pdf utils merge","previousOperationId":"ww07ixo2bu73u1q","timestamp":1705683934677,"id":"9tpaqigw192ix5d","previousEventId":"jpx0fwym973vnvq","operationId":"gown7zvpoagvdio"}
{"type":"operationStart","subtype":"render","name":"orders-header","previousOperationId":"gown7zvpoagvdio","timestamp":1705683934678,"id":"uyweh3mg83p2ita","previousEventId":"9tpaqigw192ix5d","operationId":"lyxzm1d3bwytm84"}
{"type":"log","timestamp":1705683934678,"level":"info","message":"Starting rendering (child) request","meta":{"rootId":"zg1hkh1iw2m2969","id":"tj5oronloonjmcb"},"id":"9x2ve9c6nkzss14","previousOperationId":"lyxzm1d3bwytm84"}
{"type":"log","timestamp":1705683934678,"level":"info","message":"Rendering template { name: orders-header, recipe: chrome-pdf, engine: handlebars, preview: true }","meta":{"rootId":"zg1hkh1iw2m2969","id":"tj5oronloonjmcb"},"id":"pmjv5rs03jid9ac","previousOperationId":"lyxzm1d3bwytm84"}
{"type":"log","timestamp":1705683934679,"level":"debug","message":"Inline data specified.","meta":{"rootId":"zg1hkh1iw2m2969","id":"tj5oronloonjmcb"},"id":"34fv3pn4v0bft8x","previousOperationId":"lyxzm1d3bwytm84"}
{"type":"log","timestamp":1705683934680,"level":"debug","message":"Base url not specified, skipping its injection.","meta":{"rootId":"zg1hkh1iw2m2969","id":"tj5oronloonjmcb"},"id":"w8kf2mc6p1l2ld9","previousOperationId":"lyxzm1d3bwytm84"}
{"type":"operationStart","subtype":"engine","name":"handlebars","timestamp":1705683934681,"id":"tru3lcgqon0pkk7","previousEventId":"uyweh3mg83p2ita","operationId":"jj4wiz14gxph6k2","previousOperationId":"lyxzm1d3bwytm84"}
{"type":"log","timestamp":1705683934681,"level":"debug","message":"Rendering engine handlebars","meta":{"rootId":"zg1hkh1iw2m2969","id":"tj5oronloonjmcb"},"id":"8f882lo7wytm798","previousOperationId":"jj4wiz14gxph6k2"}
{"type":"operationEnd","operationId":"jj4wiz14gxph6k2","timestamp":1705683934692,"id":"xhhov57biwny8sy","previousEventId":"tru3lcgqon0pkk7","previousOperationId":"jj4wiz14gxph6k2"}
{"type":"operationStart","subtype":"recipe","name":"chrome-pdf","timestamp":1705683934692,"id":"3ax4b9boupg91if","previousEventId":"xhhov57biwny8sy","operationId":"f36f202h5rwk32g","previousOperationId":"jj4wiz14gxph6k2"}
{"type":"log","timestamp":1705683934692,"level":"debug","message":"Executing recipe chrome-pdf","meta":{"rootId":"zg1hkh1iw2m2969","id":"tj5oronloonjmcb"},"id":"ku68jagmtuoqpzz","previousOperationId":"f36f202h5rwk32g"}
{"type":"log","timestamp":1705683934694,"level":"debug","message":"Converting with chrome HeadlessChrome/117.0.5938.149 using chrome-pool strategy","meta":{"rootId":"zg1hkh1iw2m2969","id":"tj5oronloonjmcb"},"id":"amj29hlt4jsvzfb","previousOperationId":"f36f202h5rwk32g"}
{"type":"log","timestamp":1705683934760,"level":"debug","message":"Page request: GET (document) file:///C:/Users/DANIEL~1/AppData/Local/Temp/jsreport/autocleanup/0cc048b6-1363-4c36-89d3-515e7cabc898-chrome-pdf.html","meta":{"rootId":"zg1hkh1iw2m2969","id":"tj5oronloonjmcb"},"id":"aqc5dh00mruh7m5","previousOperationId":"f36f202h5rwk32g"}
{"type":"log","timestamp":1705683934767,"level":"debug","message":"Page request finished: GET (document) 200 file:///C:/Users/DANIEL~1/AppData/Local/Temp/jsreport/autocleanup/0cc048b6-1363-4c36-89d3-515e7cabc898-chrome-pdf.html","meta":{"rootId":"zg1hkh1iw2m2969","id":"tj5oronloonjmcb"},"id":"zvx4i1cc0b2vjvu","previousOperationId":"f36f202h5rwk32g"}
{"type":"log","timestamp":1705683934768,"level":"debug","message":"Page request: GET (stylesheet) https://cdnjs.cloudflare.com/ajax/libs/metro/4.1.5/css/metro.min.css","meta":{"rootId":"zg1hkh1iw2m2969","id":"tj5oronloonjmcb"},"id":"zgnfwgm9wl8mrt4","previousOperationId":"f36f202h5rwk32g"}
{"type":"log","timestamp":1705683934780,"level":"debug","message":"Page request finished: GET (stylesheet) 200 https://cdnjs.cloudflare.com/ajax/libs/metro/4.1.5/css/metro.min.css","meta":{"rootId":"zg1hkh1iw2m2969","id":"tj5oronloonjmcb"},"id":"6zy7y6i04rdwf63","previousOperationId":"f36f202h5rwk32g"}
{"type":"log","timestamp":1705683934792,"level":"debug","message":"Running chrome with params {\"printBackground\":true,\"marginTop\":\"1.5cm\",\"marginRight\":\"1.5cm\",\"marginLeft\":\"1.cm\",\"timeout\":59679,\"margin\":{\"top\":\"1.5cm\",\"right\":\"1.5cm\",\"left\":\"1.cm\"}}","meta":{"rootId":"zg1hkh1iw2m2969","id":"tj5oronloonjmcb"},"id":"54bognamjitk0pf","previousOperationId":"f36f202h5rwk32g"}
{"type":"operationEnd","operationId":"f36f202h5rwk32g","timestamp":1705683934822,"id":"86ilz5wuozlg36q","previousEventId":"3ax4b9boupg91if","previousOperationId":"f36f202h5rwk32g"}
{"type":"log","timestamp":1705683934822,"level":"debug","message":"Skipping storing report.","meta":{"rootId":"zg1hkh1iw2m2969","id":"tj5oronloonjmcb"},"id":"3639vcerqerj1h6","previousOperationId":"f36f202h5rwk32g"}
{"type":"log","timestamp":1705683934822,"level":"info","message":"Rendering (child) request finished in 450 ms","meta":{"rootId":"zg1hkh1iw2m2969","id":"tj5oronloonjmcb"},"id":"bpfzk8ou3zw2km2","previousOperationId":"f36f202h5rwk32g"}
{"type":"operationEnd","subtype":"render","operationId":"lyxzm1d3bwytm84","timestamp":1705683934822,"id":"i42p7xd5crsexyw","previousEventId":"86ilz5wuozlg36q","previousOperationId":"f36f202h5rwk32g"}
{"type":"operationEnd","operationId":"gown7zvpoagvdio","timestamp":1705683934831,"id":"dk7kmemhvivxvtl","previousEventId":"9tpaqigw192ix5d","previousOperationId":"gown7zvpoagvdio"}
{"type":"log","timestamp":1705683934831,"level":"debug","message":"pdf-utils postproces start","meta":{"rootId":"zg1hkh1iw2m2969","id":"zg1hkh1iw2m2969"},"id":"r7zyuypuatm7ew1","previousOperationId":"gown7zvpoagvdio"}
{"type":"log","timestamp":1705683934839,"level":"debug","message":"pdf-utils postproces end","meta":{"rootId":"zg1hkh1iw2m2969","id":"zg1hkh1iw2m2969"},"id":"rb9yxi2k88hp6ek","previousOperationId":"gown7zvpoagvdio"}
{"type":"operationEnd","operationId":"ww07ixo2bu73u1q","timestamp":1705683934839,"id":"8huazu6fx09yhyy","previousEventId":"dk7kmemhvivxvtl","previousOperationId":"gown7zvpoagvdio"}
{"type":"log","timestamp":1705683934839,"level":"info","message":"pdf-utils pdf processing was finished","meta":{"rootId":"zg1hkh1iw2m2969","id":"zg1hkh1iw2m2969"},"id":"xp7390g058hmq3f","previousOperationId":"ww07ixo2bu73u1q"}
{"type":"log","timestamp":1705683934839,"level":"debug","message":"Skipping storing report.","meta":{"rootId":"zg1hkh1iw2m2969","id":"zg1hkh1iw2m2969"},"id":"byjzo5w8auvtmvz","previousOperationId":"ww07ixo2bu73u1q"}
{"type":"log","timestamp":1705683934839,"level":"info","message":"Rendering request 14 finished in 467 ms","meta":{"rootId":"zg1hkh1iw2m2969","id":"zg1hkh1iw2m2969"},"id":"gwq6eesllidvvgl","previousOperationId":"ww07ixo2bu73u1q"}
{"type":"operationEnd","subtype":"render","operationId":"k0wurixvdtwqsou","timestamp":1705683934839,"id":"m9goeywl5kx4g4l","previousEventId":"8huazu6fx09yhyy","previousOperationId":"ww07ixo2bu73u1q"}
{"type":"operationEnd","doDiffs":false,"previousEventId":"otkpvsy370mxk7e","previousOperationId":"evps94qehe7832r","operationId":"evps94qehe7832r","timestamp":1705683934845,"id":"zyap435uo57ngxj"}
