{"type":"operationStart","subtype":"profile","data":{"_id":"8nG3MfHwwEjp01JL","timestamp":"2024-01-18T17:08:20.799Z","state":"queued","mode":"standard","creationDate":"2024-01-18T17:08:20.801Z","modificationDate":"2024-01-18T17:08:20.801Z","shortid":"U9-i4Kr","$entitySet":"profiles"},"doDiffs":false,"timestamp":1705597700800,"id":"9wk5hwwrgl63vo9","previousOperationId":null,"operationId":"b00671y37yi0n9b"}
{"type":"log","level":"info","message":"Render request 10 queued for execution and waiting for available worker","previousOperationId":"b00671y37yi0n9b","timestamp":1705597700800,"id":"d73jbeljk99t68c"}
{"type":"operationStart","subtype":"render","name":"orders-main","previousOperationId":"b00671y37yi0n9b","timestamp":1705597700806,"id":"isf0gygocbva9ys","previousEventId":"9wk5hwwrgl63vo9","operationId":"v38rnpgpt63sita"}
{"type":"log","timestamp":1705597700806,"level":"info","message":"Starting rendering request 10","meta":{"rootId":"zhi11anzcp7s9nc","id":"zhi11anzcp7s9nc"},"id":"8g5ibpz9x6b987s","previousOperationId":"v38rnpgpt63sita"}
{"type":"log","timestamp":1705597700806,"level":"info","message":"Rendering template { name: orders-main, recipe: chrome-pdf, engine: handlebars, preview: true }","meta":{"rootId":"zhi11anzcp7s9nc","id":"zhi11anzcp7s9nc"},"id":"30z5d4cllelyoyr","previousOperationId":"v38rnpgpt63sita"}
{"type":"log","timestamp":1705597700807,"level":"debug","message":"Data item not defined for this template.","meta":{"rootId":"zhi11anzcp7s9nc","id":"zhi11anzcp7s9nc"},"id":"6hurf4m1tr5gr97","previousOperationId":"v38rnpgpt63sita"}
{"type":"log","timestamp":1705597700808,"level":"debug","message":"Executing script orders-script (beforeRender)","meta":{"rootId":"zhi11anzcp7s9nc","id":"zhi11anzcp7s9nc"},"id":"xehzr73awx3pfw0","previousOperationId":"v38rnpgpt63sita"}
{"type":"operationStart","subtype":"scriptsBeforeRender","name":"scripts beforeRender","timestamp":1705597700823,"id":"jyvs6erlr07tije","previousEventId":"isf0gygocbva9ys","operationId":"k9nml1h3gwcpc8t","previousOperationId":"v38rnpgpt63sita"}
{"type":"operationStart","subtype":"script","name":"scripts orders-script","previousOperationId":"k9nml1h3gwcpc8t","timestamp":1705597700823,"id":"sekfuik0lqn1xk7","previousEventId":"jyvs6erlr07tije","operationId":"qsa6la2adg149qf"}
{"type":"log","timestamp":1705597700833,"level":"debug","message":"(console:log) [ 'Race1', 'Race2' ]","meta":{"userLevel":true,"rootId":"zhi11anzcp7s9nc","id":"zhi11anzcp7s9nc"},"id":"g4pr20kw640jvk5","previousOperationId":"qsa6la2adg149qf"}
{"type":"log","timestamp":1705597700833,"level":"debug","message":"(console:log) [ 2, 1 ]","meta":{"userLevel":true,"rootId":"zhi11anzcp7s9nc","id":"zhi11anzcp7s9nc"},"id":"6yq688v7dioad8c","previousOperationId":"qsa6la2adg149qf"}
{"type":"operationEnd","operationId":"qsa6la2adg149qf","timestamp":1705597700833,"id":"t1orlj62em31yrk","previousEventId":"isf0gygocbva9ys","previousOperationId":"v38rnpgpt63sita"}
{"type":"operationEnd","operationId":"k9nml1h3gwcpc8t","timestamp":1705597700833,"id":"utdz35bngcmqt2s","previousEventId":"t1orlj62em31yrk","previousOperationId":"v38rnpgpt63sita"}
{"type":"log","timestamp":1705597700833,"level":"debug","message":"Base url not specified, skipping its injection.","meta":{"rootId":"zhi11anzcp7s9nc","id":"zhi11anzcp7s9nc"},"id":"n1gjbs06na391b7","previousOperationId":"k9nml1h3gwcpc8t"}
{"type":"operationStart","subtype":"engine","name":"handlebars","timestamp":1705597700833,"id":"zqw4kuzy83is382","previousEventId":"utdz35bngcmqt2s","operationId":"3zeiviveft31xg5","previousOperationId":"k9nml1h3gwcpc8t"}
{"type":"log","timestamp":1705597700833,"level":"debug","message":"Rendering engine handlebars","meta":{"rootId":"zhi11anzcp7s9nc","id":"zhi11anzcp7s9nc"},"id":"di5bhurxuduw076","previousOperationId":"3zeiviveft31xg5"}
{"type":"log","timestamp":1705597700841,"level":"debug","message":"(console:log) Pdf utils adding group field, value: \"Race1\"","meta":{"userLevel":true,"rootId":"zhi11anzcp7s9nc","id":"zhi11anzcp7s9nc"},"id":"xrl2xd59ywowj71","previousOperationId":"3zeiviveft31xg5"}
{"type":"log","timestamp":1705597700841,"level":"debug","message":"(console:log) Pdf utils adding group field, value: \"Race2\"","meta":{"userLevel":true,"rootId":"zhi11anzcp7s9nc","id":"zhi11anzcp7s9nc"},"id":"sfehxk7ncsm2myj","previousOperationId":"3zeiviveft31xg5"}
{"type":"operationEnd","operationId":"3zeiviveft31xg5","timestamp":1705597700842,"id":"h8r92wb0ercei5a","previousEventId":"zqw4kuzy83is382","previousOperationId":"3zeiviveft31xg5"}
{"type":"operationStart","subtype":"recipe","name":"chrome-pdf","timestamp":1705597700842,"id":"p2hp00s6djazgkm","previousEventId":"h8r92wb0ercei5a","operationId":"x7tugh2qqtthqw6","previousOperationId":"3zeiviveft31xg5"}
{"type":"log","timestamp":1705597700842,"level":"debug","message":"Executing recipe chrome-pdf","meta":{"rootId":"zhi11anzcp7s9nc","id":"zhi11anzcp7s9nc"},"id":"31rqf12o7t8fzpy","previousOperationId":"x7tugh2qqtthqw6"}
{"type":"log","timestamp":1705597700844,"level":"debug","message":"Converting with chrome HeadlessChrome/117.0.5938.149 using chrome-pool strategy","meta":{"rootId":"zhi11anzcp7s9nc","id":"zhi11anzcp7s9nc"},"id":"f0p7k60xget9n7c","previousOperationId":"x7tugh2qqtthqw6"}
{"type":"log","timestamp":1705597700909,"level":"debug","message":"Page request: GET (document) file:///C:/Users/DANIEL~1/AppData/Local/Temp/jsreport/autocleanup/32512f78-d93c-42fd-97a8-8b5c4a4ff38a-chrome-pdf.html","meta":{"rootId":"zhi11anzcp7s9nc","id":"zhi11anzcp7s9nc"},"id":"akg4pizoyj3c9an","previousOperationId":"x7tugh2qqtthqw6"}
{"type":"log","timestamp":1705597700926,"level":"debug","message":"Page request: GET (stylesheet) https://cdnjs.cloudflare.com/ajax/libs/metro/4.1.5/css/metro.min.css","meta":{"rootId":"zhi11anzcp7s9nc","id":"zhi11anzcp7s9nc"},"id":"fjumjs15g4u331u","previousOperationId":"x7tugh2qqtthqw6"}
{"type":"log","timestamp":1705597700926,"level":"debug","message":"Page request: GET (script) https://cdnjs.cloudflare.com/ajax/libs/Chart.js/2.9.4/Chart.js","meta":{"rootId":"zhi11anzcp7s9nc","id":"zhi11anzcp7s9nc"},"id":"xns3dvyyc3rwozj","previousOperationId":"x7tugh2qqtthqw6"}
{"type":"log","timestamp":1705597700927,"level":"debug","message":"Page request finished: GET (document) 200 file:///C:/Users/DANIEL~1/AppData/Local/Temp/jsreport/autocleanup/32512f78-d93c-42fd-97a8-8b5c4a4ff38a-chrome-pdf.html","meta":{"rootId":"zhi11anzcp7s9nc","id":"zhi11anzcp7s9nc"},"id":"84804k2x0mz5u1h","previousOperationId":"x7tugh2qqtthqw6"}
{"type":"log","timestamp":1705597700939,"level":"debug","message":"Page request finished: GET (stylesheet) 200 https://cdnjs.cloudflare.com/ajax/libs/metro/4.1.5/css/metro.min.css","meta":{"rootId":"zhi11anzcp7s9nc","id":"zhi11anzcp7s9nc"},"id":"1vu9lqrbfbjcel1","previousOperationId":"x7tugh2qqtthqw6"}
{"type":"log","timestamp":1705597700939,"level":"debug","message":"Page request finished: GET (script) 200 https://cdnjs.cloudflare.com/ajax/libs/Chart.js/2.9.4/Chart.js","meta":{"rootId":"zhi11anzcp7s9nc","id":"zhi11anzcp7s9nc"},"id":"zmxqasmlwks26b0","previousOperationId":"x7tugh2qqtthqw6"}
{"type":"log","timestamp":1705597700942,"level":"warn","message":"Page error: Missing initializer in const declaration , stack: SyntaxError: Missing initializer in const declaration","meta":{"rootId":"zhi11anzcp7s9nc","id":"zhi11anzcp7s9nc"},"id":"v1amu7wgm4klpv6","previousOperationId":"x7tugh2qqtthqw6"}
{"type":"log","timestamp":1705597700961,"level":"debug","message":"Running chrome with params {\"printBackground\":true,\"marginTop\":\"4cm\",\"marginRight\":\"1.5cm\",\"marginBottom\":\"1.5cm\",\"marginLeft\":\"1.5cm\",\"waitForJS\":false,\"timeout\":59956,\"margin\":{\"top\":\"4cm\",\"right\":\"1.5cm\",\"bottom\":\"1.5cm\",\"left\":\"1.5cm\"}}","meta":{"rootId":"zhi11anzcp7s9nc","id":"zhi11anzcp7s9nc"},"id":"4651utsa6y5ayyh","previousOperationId":"x7tugh2qqtthqw6"}
{"type":"operationEnd","operationId":"x7tugh2qqtthqw6","timestamp":1705597701015,"id":"u6uat2uddoaav8u","previousEventId":"p2hp00s6djazgkm","previousOperationId":"x7tugh2qqtthqw6"}
{"type":"log","timestamp":1705597701015,"level":"info","message":"pdf-utils is starting pdf processing","meta":{"rootId":"zhi11anzcp7s9nc","id":"zhi11anzcp7s9nc"},"id":"j03gg5dyquq99hw","previousOperationId":"x7tugh2qqtthqw6"}
{"type":"operationStart","subtype":"pdfUtils","name":"pdf utils","timestamp":1705597701015,"id":"k4ndddwohnsf8wo","previousEventId":"u6uat2uddoaav8u","operationId":"ecceed4donn1hlt","previousOperationId":"x7tugh2qqtthqw6"}
{"type":"log","timestamp":1705597701015,"level":"debug","message":"pdf-utils detected 1 pdf operation(s) to process","meta":{"rootId":"zhi11anzcp7s9nc","id":"zhi11anzcp7s9nc"},"id":"o239e0f2awx8m2x","previousOperationId":"ecceed4donn1hlt"}
{"type":"log","timestamp":1705597701026,"level":"debug","message":"pdf-utils running pdf operation merge","meta":{"rootId":"zhi11anzcp7s9nc","id":"zhi11anzcp7s9nc"},"id":"b72wxemvubtrx35","previousOperationId":"ecceed4donn1hlt"}
{"type":"operationStart","subtype":"pdfUtilsMerge","name":"pdf utils merge","previousOperationId":"ecceed4donn1hlt","timestamp":1705597701026,"id":"thh9fcpgqr3l26o","previousEventId":"k4ndddwohnsf8wo","operationId":"nyi4kuw7km1b02b"}
{"type":"operationStart","subtype":"render","name":"orders-header","previousOperationId":"nyi4kuw7km1b02b","timestamp":1705597701027,"id":"c2hnwzuh9acf8ph","previousEventId":"thh9fcpgqr3l26o","operationId":"xsr60ki3xeio213"}
{"type":"log","timestamp":1705597701027,"level":"info","message":"Starting rendering (child) request","meta":{"rootId":"zhi11anzcp7s9nc","id":"1mqocwvzf836qgl"},"id":"moovxlzd81dmsfn","previousOperationId":"xsr60ki3xeio213"}
{"type":"log","timestamp":1705597701027,"level":"info","message":"Rendering template { name: orders-header, recipe: chrome-pdf, engine: handlebars, preview: true }","meta":{"rootId":"zhi11anzcp7s9nc","id":"1mqocwvzf836qgl"},"id":"skw1g0p88h86jy7","previousOperationId":"xsr60ki3xeio213"}
{"type":"log","timestamp":1705597701027,"level":"debug","message":"Inline data specified.","meta":{"rootId":"zhi11anzcp7s9nc","id":"1mqocwvzf836qgl"},"id":"ms748xtkoncynf0","previousOperationId":"xsr60ki3xeio213"}
{"type":"log","timestamp":1705597701028,"level":"debug","message":"Base url not specified, skipping its injection.","meta":{"rootId":"zhi11anzcp7s9nc","id":"1mqocwvzf836qgl"},"id":"fq9m6im8tnyhe0u","previousOperationId":"xsr60ki3xeio213"}
{"type":"operationStart","subtype":"engine","name":"handlebars","timestamp":1705597701029,"id":"7x3et8waxg6tw9l","previousEventId":"c2hnwzuh9acf8ph","operationId":"9iv2045cdgs2vhw","previousOperationId":"xsr60ki3xeio213"}
{"type":"log","timestamp":1705597701029,"level":"debug","message":"Rendering engine handlebars","meta":{"rootId":"zhi11anzcp7s9nc","id":"1mqocwvzf836qgl"},"id":"ijiz6adxn0tcwse","previousOperationId":"9iv2045cdgs2vhw"}
{"type":"operationEnd","operationId":"9iv2045cdgs2vhw","timestamp":1705597701039,"id":"v4u3cqgumls54hs","previousEventId":"7x3et8waxg6tw9l","previousOperationId":"9iv2045cdgs2vhw"}
{"type":"operationStart","subtype":"recipe","name":"chrome-pdf","timestamp":1705597701039,"id":"czwtgnea28pgj27","previousEventId":"v4u3cqgumls54hs","operationId":"eqohuo7jrpoycgh","previousOperationId":"9iv2045cdgs2vhw"}
{"type":"log","timestamp":1705597701039,"level":"debug","message":"Executing recipe chrome-pdf","meta":{"rootId":"zhi11anzcp7s9nc","id":"1mqocwvzf836qgl"},"id":"uqbo19o5mj0n9ul","previousOperationId":"eqohuo7jrpoycgh"}
{"type":"log","timestamp":1705597701040,"level":"debug","message":"Converting with chrome HeadlessChrome/117.0.5938.149 using chrome-pool strategy","meta":{"rootId":"zhi11anzcp7s9nc","id":"1mqocwvzf836qgl"},"id":"r2vekzdxd997na8","previousOperationId":"eqohuo7jrpoycgh"}
{"type":"log","timestamp":1705597701105,"level":"debug","message":"Page request: GET (document) file:///C:/Users/DANIEL~1/AppData/Local/Temp/jsreport/autocleanup/6f91986a-5a03-4e5e-ba5d-12c9e086b74d-chrome-pdf.html","meta":{"rootId":"zhi11anzcp7s9nc","id":"1mqocwvzf836qgl"},"id":"n73126f086hsml8","previousOperationId":"eqohuo7jrpoycgh"}
{"type":"log","timestamp":1705597701112,"level":"debug","message":"Page request: GET (stylesheet) https://cdnjs.cloudflare.com/ajax/libs/metro/4.1.5/css/metro.min.css","meta":{"rootId":"zhi11anzcp7s9nc","id":"1mqocwvzf836qgl"},"id":"fqakchq9lcwx2qr","previousOperationId":"eqohuo7jrpoycgh"}
{"type":"log","timestamp":1705597701112,"level":"debug","message":"Page request finished: GET (document) 200 file:///C:/Users/DANIEL~1/AppData/Local/Temp/jsreport/autocleanup/6f91986a-5a03-4e5e-ba5d-12c9e086b74d-chrome-pdf.html","meta":{"rootId":"zhi11anzcp7s9nc","id":"1mqocwvzf836qgl"},"id":"mko01s9c16axmqh","previousOperationId":"eqohuo7jrpoycgh"}
{"type":"log","timestamp":1705597701124,"level":"debug","message":"Page request finished: GET (stylesheet) 200 https://cdnjs.cloudflare.com/ajax/libs/metro/4.1.5/css/metro.min.css","meta":{"rootId":"zhi11anzcp7s9nc","id":"1mqocwvzf836qgl"},"id":"tfu9dejkr0u4kqb","previousOperationId":"eqohuo7jrpoycgh"}
{"type":"log","timestamp":1705597701137,"level":"debug","message":"Running chrome with params {\"printBackground\":true,\"marginTop\":\"1.5cm\",\"marginRight\":\"1.5cm\",\"marginLeft\":\"1.cm\",\"timeout\":59760,\"margin\":{\"top\":\"1.5cm\",\"right\":\"1.5cm\",\"left\":\"1.cm\"}}","meta":{"rootId":"zhi11anzcp7s9nc","id":"1mqocwvzf836qgl"},"id":"8h4qqx1uanf5i4c","previousOperationId":"eqohuo7jrpoycgh"}
{"type":"operationEnd","operationId":"eqohuo7jrpoycgh","timestamp":1705597701163,"id":"z5mu1vwgo0fs941","previousEventId":"czwtgnea28pgj27","previousOperationId":"eqohuo7jrpoycgh"}
{"type":"log","timestamp":1705597701163,"level":"debug","message":"Skipping storing report.","meta":{"rootId":"zhi11anzcp7s9nc","id":"1mqocwvzf836qgl"},"id":"c662d6mqox2y19u","previousOperationId":"eqohuo7jrpoycgh"}
{"type":"log","timestamp":1705597701163,"level":"info","message":"Rendering (child) request finished in 364 ms","meta":{"rootId":"zhi11anzcp7s9nc","id":"1mqocwvzf836qgl"},"id":"nhhaik3o37m4ncu","previousOperationId":"eqohuo7jrpoycgh"}
{"type":"operationEnd","subtype":"render","operationId":"xsr60ki3xeio213","timestamp":1705597701163,"id":"8mdll3kmbudli4z","previousEventId":"z5mu1vwgo0fs941","previousOperationId":"eqohuo7jrpoycgh"}
{"type":"operationEnd","operationId":"nyi4kuw7km1b02b","timestamp":1705597701170,"id":"w4bdj6415ndyugm","previousEventId":"thh9fcpgqr3l26o","previousOperationId":"nyi4kuw7km1b02b"}
{"type":"log","timestamp":1705597701170,"level":"debug","message":"pdf-utils postproces start","meta":{"rootId":"zhi11anzcp7s9nc","id":"zhi11anzcp7s9nc"},"id":"71up4itzj3o05t5","previousOperationId":"nyi4kuw7km1b02b"}
{"type":"log","timestamp":1705597701177,"level":"debug","message":"pdf-utils postproces end","meta":{"rootId":"zhi11anzcp7s9nc","id":"zhi11anzcp7s9nc"},"id":"qdutgbejii0itby","previousOperationId":"nyi4kuw7km1b02b"}
{"type":"operationEnd","operationId":"ecceed4donn1hlt","timestamp":1705597701177,"id":"ldxhs2clb085twy","previousEventId":"w4bdj6415ndyugm","previousOperationId":"nyi4kuw7km1b02b"}
{"type":"log","timestamp":1705597701177,"level":"info","message":"pdf-utils pdf processing was finished","meta":{"rootId":"zhi11anzcp7s9nc","id":"zhi11anzcp7s9nc"},"id":"s0vy02uxn6yh36u","previousOperationId":"ecceed4donn1hlt"}
{"type":"log","timestamp":1705597701177,"level":"debug","message":"Skipping storing report.","meta":{"rootId":"zhi11anzcp7s9nc","id":"zhi11anzcp7s9nc"},"id":"phx68cpw3vmlcpt","previousOperationId":"ecceed4donn1hlt"}
{"type":"log","timestamp":1705597701177,"level":"info","message":"Rendering request 10 finished in 378 ms","meta":{"rootId":"zhi11anzcp7s9nc","id":"zhi11anzcp7s9nc"},"id":"mzxm0ummeagk8ct","previousOperationId":"ecceed4donn1hlt"}
{"type":"operationEnd","subtype":"render","operationId":"v38rnpgpt63sita","timestamp":1705597701177,"id":"w9tildbw115yx01","previousEventId":"ldxhs2clb085twy","previousOperationId":"ecceed4donn1hlt"}
{"type":"operationEnd","doDiffs":false,"previousEventId":"9wk5hwwrgl63vo9","previousOperationId":"b00671y37yi0n9b","operationId":"b00671y37yi0n9b","timestamp":1705597701182,"id":"iisi01p2yfj4by0"}
