{"type":"operationStart","subtype":"profile","data":{"_id":"Ej8l1zrAvpOqZKJo","timestamp":"2024-01-17T17:39:01.100Z","state":"queued","mode":"standard","creationDate":"2024-01-17T17:39:01.102Z","modificationDate":"2024-01-17T17:39:01.102Z","shortid":"KhNZHxy","$entitySet":"profiles"},"doDiffs":false,"timestamp":1705513141101,"id":"wc6ieuvpzjchz4e","previousOperationId":null,"operationId":"fa6hebm90q5xhmf"}
{"type":"log","level":"info","message":"Render request 2 queued for execution and waiting for available worker","previousOperationId":"fa6hebm90q5xhmf","timestamp":1705513141101,"id":"ngqz7ybcfcyn9aa"}
{"type":"operationStart","subtype":"render","name":"orders-main","previousOperationId":"fa6hebm90q5xhmf","timestamp":1705513141108,"id":"l8588a98rj721ui","previousEventId":"wc6ieuvpzjchz4e","operationId":"8kcz0i5mbltvumy"}
{"type":"log","timestamp":1705513141109,"level":"info","message":"Starting rendering request 2","meta":{"rootId":"zn2sh1x1cobufif","id":"zn2sh1x1cobufif"},"id":"b3e6eadsctlqs1f","previousOperationId":"8kcz0i5mbltvumy"}
{"type":"log","timestamp":1705513141109,"level":"info","message":"Rendering template { name: orders-main, recipe: chrome-pdf, engine: handlebars, preview: true }","meta":{"rootId":"zn2sh1x1cobufif","id":"zn2sh1x1cobufif"},"id":"cnricdcafzfq2ro","previousOperationId":"8kcz0i5mbltvumy"}
{"type":"log","timestamp":1705513141110,"level":"debug","message":"Data item not defined for this template.","meta":{"rootId":"zn2sh1x1cobufif","id":"zn2sh1x1cobufif"},"id":"whb18qe3xk4qdw7","previousOperationId":"8kcz0i5mbltvumy"}
{"type":"log","timestamp":1705513141112,"level":"debug","message":"Executing script orders-script (beforeRender)","meta":{"rootId":"zn2sh1x1cobufif","id":"zn2sh1x1cobufif"},"id":"7zbxrpj75520if9","previousOperationId":"8kcz0i5mbltvumy"}
{"type":"operationStart","subtype":"scriptsBeforeRender","name":"scripts beforeRender","timestamp":1705513141309,"id":"fxmsqnu926wruwr","previousEventId":"l8588a98rj721ui","operationId":"88m9t4xmxdewd2j","previousOperationId":"8kcz0i5mbltvumy"}
{"type":"operationStart","subtype":"script","name":"scripts orders-script","previousOperationId":"88m9t4xmxdewd2j","timestamp":1705513141309,"id":"ju05iioui267vve","previousEventId":"fxmsqnu926wruwr","operationId":"67ii2aq27ugd1wd"}
{"type":"operationEnd","operationId":"67ii2aq27ugd1wd","timestamp":1705513141337,"id":"f2cn3wrsj35h8kq","previousEventId":"l8588a98rj721ui","previousOperationId":"8kcz0i5mbltvumy"}
{"type":"operationEnd","operationId":"88m9t4xmxdewd2j","timestamp":1705513141337,"id":"45igpyd7rza3wq3","previousEventId":"f2cn3wrsj35h8kq","previousOperationId":"8kcz0i5mbltvumy"}
{"type":"log","timestamp":1705513141337,"level":"debug","message":"Base url not specified, skipping its injection.","meta":{"rootId":"zn2sh1x1cobufif","id":"zn2sh1x1cobufif"},"id":"eqfrc3qrhunwz7d","previousOperationId":"88m9t4xmxdewd2j"}
{"type":"operationStart","subtype":"engine","name":"handlebars","timestamp":1705513141338,"id":"u8r6bl4ikwjjksf","previousEventId":"45igpyd7rza3wq3","operationId":"3mhza5vp83ircul","previousOperationId":"88m9t4xmxdewd2j"}
{"type":"log","timestamp":1705513141338,"level":"debug","message":"Rendering engine handlebars","meta":{"rootId":"zn2sh1x1cobufif","id":"zn2sh1x1cobufif"},"id":"sk7hysra3hqxqfg","previousOperationId":"3mhza5vp83ircul"}
{"type":"log","timestamp":1705513141538,"level":"debug","message":"(console:log) Pdf utils adding group field, value: \"Race1\"","meta":{"userLevel":true,"rootId":"zn2sh1x1cobufif","id":"zn2sh1x1cobufif"},"id":"2sx2j2ahvnz1td3","previousOperationId":"3mhza5vp83ircul"}
{"type":"log","timestamp":1705513141538,"level":"debug","message":"(console:log) Pdf utils adding group field, value: \"Race2\"","meta":{"userLevel":true,"rootId":"zn2sh1x1cobufif","id":"zn2sh1x1cobufif"},"id":"dq0019xb5j0r73i","previousOperationId":"3mhza5vp83ircul"}
{"type":"operationEnd","operationId":"3mhza5vp83ircul","timestamp":1705513141539,"id":"wuh2o4z71gw34px","previousEventId":"u8r6bl4ikwjjksf","previousOperationId":"3mhza5vp83ircul"}
{"type":"operationStart","subtype":"recipe","name":"chrome-pdf","timestamp":1705513141539,"id":"ssd8vs3c24c16mz","previousEventId":"wuh2o4z71gw34px","operationId":"9kxbze6wivqgnp7","previousOperationId":"3mhza5vp83ircul"}
{"type":"log","timestamp":1705513141539,"level":"debug","message":"Executing recipe chrome-pdf","meta":{"rootId":"zn2sh1x1cobufif","id":"zn2sh1x1cobufif"},"id":"um6tzz1iypy2tp7","previousOperationId":"9kxbze6wivqgnp7"}
{"type":"log","timestamp":1705513141935,"level":"debug","message":"Converting with chrome HeadlessChrome/117.0.5938.149 using chrome-pool strategy","meta":{"rootId":"zn2sh1x1cobufif","id":"zn2sh1x1cobufif"},"id":"m4nvkd8l2js0tcq","previousOperationId":"9kxbze6wivqgnp7"}
{"type":"log","timestamp":1705513143249,"level":"debug","message":"Page request: GET (document) file:///C:/Users/DANIEL~1/AppData/Local/Temp/jsreport/autocleanup/52c4b6e5-4cd7-4498-9343-0719842cf7a4-chrome-pdf.html","meta":{"rootId":"zn2sh1x1cobufif","id":"zn2sh1x1cobufif"},"id":"brxx69avsipe86k","previousOperationId":"9kxbze6wivqgnp7"}
{"type":"log","timestamp":1705513143263,"level":"debug","message":"Page request: GET (stylesheet) https://cdnjs.cloudflare.com/ajax/libs/metro/4.1.5/css/metro.min.css","meta":{"rootId":"zn2sh1x1cobufif","id":"zn2sh1x1cobufif"},"id":"aya5eowq3694r8o","previousOperationId":"9kxbze6wivqgnp7"}
{"type":"log","timestamp":1705513143263,"level":"debug","message":"Page request: GET (script) https://cdnjs.cloudflare.com/ajax/libs/Chart.js/2.7.2/Chart.min.js","meta":{"rootId":"zn2sh1x1cobufif","id":"zn2sh1x1cobufif"},"id":"i3zs5wu3ox5sbzk","previousOperationId":"9kxbze6wivqgnp7"}
{"type":"log","timestamp":1705513143264,"level":"debug","message":"Page request finished: GET (document) 200 file:///C:/Users/DANIEL~1/AppData/Local/Temp/jsreport/autocleanup/52c4b6e5-4cd7-4498-9343-0719842cf7a4-chrome-pdf.html","meta":{"rootId":"zn2sh1x1cobufif","id":"zn2sh1x1cobufif"},"id":"jhoaaw2jsdyhbr9","previousOperationId":"9kxbze6wivqgnp7"}
{"type":"log","timestamp":1705513145755,"level":"debug","message":"Page request finished: GET (stylesheet) 200 https://cdnjs.cloudflare.com/ajax/libs/metro/4.1.5/css/metro.min.css","meta":{"rootId":"zn2sh1x1cobufif","id":"zn2sh1x1cobufif"},"id":"r1md09c89lt69wy","previousOperationId":"9kxbze6wivqgnp7"}
{"type":"log","timestamp":1705513145770,"level":"debug","message":"Page request finished: GET (script) 200 https://cdnjs.cloudflare.com/ajax/libs/Chart.js/2.7.2/Chart.min.js","meta":{"rootId":"zn2sh1x1cobufif","id":"zn2sh1x1cobufif"},"id":"hz1416ruzppvt1z","previousOperationId":"9kxbze6wivqgnp7"}
{"type":"log","timestamp":1705513145796,"level":"debug","message":"Running chrome with params {\"printBackground\":true,\"marginTop\":\"4cm\",\"marginRight\":\"1.5cm\",\"marginBottom\":\"1.5cm\",\"marginLeft\":\"1.5cm\",\"waitForJS\":false,\"timeout\":59293,\"margin\":{\"top\":\"4cm\",\"right\":\"1.5cm\",\"bottom\":\"1.5cm\",\"left\":\"1.5cm\"}}","meta":{"rootId":"zn2sh1x1cobufif","id":"zn2sh1x1cobufif"},"id":"jyk8yja86tvshse","previousOperationId":"9kxbze6wivqgnp7"}
{"type":"operationEnd","operationId":"9kxbze6wivqgnp7","timestamp":1705513145853,"id":"3mdklosfwm42euo","previousEventId":"ssd8vs3c24c16mz","previousOperationId":"9kxbze6wivqgnp7"}
{"type":"log","timestamp":1705513145854,"level":"info","message":"pdf-utils is starting pdf processing","meta":{"rootId":"zn2sh1x1cobufif","id":"zn2sh1x1cobufif"},"id":"o3mm2f8e5ko9kf0","previousOperationId":"9kxbze6wivqgnp7"}
{"type":"operationStart","subtype":"pdfUtils","name":"pdf utils","timestamp":1705513145996,"id":"h0i92dgj0ccupo6","previousEventId":"3mdklosfwm42euo","operationId":"ad3g0rwrgiz2h42","previousOperationId":"9kxbze6wivqgnp7"}
{"type":"log","timestamp":1705513145996,"level":"debug","message":"pdf-utils detected 1 pdf operation(s) to process","meta":{"rootId":"zn2sh1x1cobufif","id":"zn2sh1x1cobufif"},"id":"i2mogynzkellzo0","previousOperationId":"ad3g0rwrgiz2h42"}
{"type":"log","timestamp":1705513146168,"level":"debug","message":"pdf-utils running pdf operation merge","meta":{"rootId":"zn2sh1x1cobufif","id":"zn2sh1x1cobufif"},"id":"apeiemn95k7sz7f","previousOperationId":"ad3g0rwrgiz2h42"}
{"type":"operationStart","subtype":"pdfUtilsMerge","name":"pdf utils merge","previousOperationId":"ad3g0rwrgiz2h42","timestamp":1705513146168,"id":"pt0sknz3jloc9fj","previousEventId":"h0i92dgj0ccupo6","operationId":"43y54ykh3gy3nil"}
{"type":"operationStart","subtype":"render","name":"orders-header","previousOperationId":"43y54ykh3gy3nil","timestamp":1705513146170,"id":"f6e6il5h7ivv31d","previousEventId":"pt0sknz3jloc9fj","operationId":"nv440lreqvb1uku"}
{"type":"log","timestamp":1705513146170,"level":"info","message":"Starting rendering (child) request","meta":{"rootId":"zn2sh1x1cobufif","id":"9t0942z27cm4buf"},"id":"n8lqn53b9k2ihou","previousOperationId":"nv440lreqvb1uku"}
{"type":"log","timestamp":1705513146170,"level":"info","message":"Rendering template { name: orders-header, recipe: chrome-pdf, engine: handlebars, preview: true }","meta":{"rootId":"zn2sh1x1cobufif","id":"9t0942z27cm4buf"},"id":"g414yw2f9i78ymf","previousOperationId":"nv440lreqvb1uku"}
{"type":"log","timestamp":1705513146173,"level":"debug","message":"Inline data specified.","meta":{"rootId":"zn2sh1x1cobufif","id":"9t0942z27cm4buf"},"id":"bdb0qcc6ogskmq2","previousOperationId":"nv440lreqvb1uku"}
{"type":"log","timestamp":1705513146174,"level":"debug","message":"Base url not specified, skipping its injection.","meta":{"rootId":"zn2sh1x1cobufif","id":"9t0942z27cm4buf"},"id":"dlm9a6476x0b339","previousOperationId":"nv440lreqvb1uku"}
{"type":"operationStart","subtype":"engine","name":"handlebars","timestamp":1705513146175,"id":"b0i5c9njz5jcdhq","previousEventId":"f6e6il5h7ivv31d","operationId":"6oxafjlgrnw6dd3","previousOperationId":"nv440lreqvb1uku"}
{"type":"log","timestamp":1705513146175,"level":"debug","message":"Rendering engine handlebars","meta":{"rootId":"zn2sh1x1cobufif","id":"9t0942z27cm4buf"},"id":"r41jr4tva4a6q7p","previousOperationId":"6oxafjlgrnw6dd3"}
{"type":"operationEnd","operationId":"6oxafjlgrnw6dd3","timestamp":1705513146207,"id":"1kl5glxb1svozm5","previousEventId":"b0i5c9njz5jcdhq","previousOperationId":"6oxafjlgrnw6dd3"}
{"type":"operationStart","subtype":"recipe","name":"chrome-pdf","timestamp":1705513146207,"id":"6lriizycie6cjyb","previousEventId":"1kl5glxb1svozm5","operationId":"y80olhn0yw6vkqc","previousOperationId":"6oxafjlgrnw6dd3"}
{"type":"log","timestamp":1705513146207,"level":"debug","message":"Executing recipe chrome-pdf","meta":{"rootId":"zn2sh1x1cobufif","id":"9t0942z27cm4buf"},"id":"h64lrtmon65ov0a","previousOperationId":"y80olhn0yw6vkqc"}
{"type":"log","timestamp":1705513146209,"level":"debug","message":"Converting with chrome HeadlessChrome/117.0.5938.149 using chrome-pool strategy","meta":{"rootId":"zn2sh1x1cobufif","id":"9t0942z27cm4buf"},"id":"fwewffhca0tgu5a","previousOperationId":"y80olhn0yw6vkqc"}
{"type":"log","timestamp":1705513146270,"level":"debug","message":"Page request: GET (document) file:///C:/Users/DANIEL~1/AppData/Local/Temp/jsreport/autocleanup/9a5fdcbd-796b-4982-a2f5-9fa1a645c019-chrome-pdf.html","meta":{"rootId":"zn2sh1x1cobufif","id":"9t0942z27cm4buf"},"id":"5x654tzwjhhr9rt","previousOperationId":"y80olhn0yw6vkqc"}
{"type":"log","timestamp":1705513146276,"level":"debug","message":"Page request: GET (stylesheet) https://cdnjs.cloudflare.com/ajax/libs/metro/4.1.5/css/metro.min.css","meta":{"rootId":"zn2sh1x1cobufif","id":"9t0942z27cm4buf"},"id":"myz7u30ru9otujs","previousOperationId":"y80olhn0yw6vkqc"}
{"type":"log","timestamp":1705513146277,"level":"debug","message":"Page request finished: GET (document) 200 file:///C:/Users/DANIEL~1/AppData/Local/Temp/jsreport/autocleanup/9a5fdcbd-796b-4982-a2f5-9fa1a645c019-chrome-pdf.html","meta":{"rootId":"zn2sh1x1cobufif","id":"9t0942z27cm4buf"},"id":"3wacj10u12qx0mo","previousOperationId":"y80olhn0yw6vkqc"}
{"type":"log","timestamp":1705513146288,"level":"debug","message":"Page request finished: GET (stylesheet) 200 https://cdnjs.cloudflare.com/ajax/libs/metro/4.1.5/css/metro.min.css","meta":{"rootId":"zn2sh1x1cobufif","id":"9t0942z27cm4buf"},"id":"x25vf9q16ntlujh","previousOperationId":"y80olhn0yw6vkqc"}
{"type":"log","timestamp":1705513146302,"level":"debug","message":"Running chrome with params {\"printBackground\":true,\"marginTop\":\"1.5cm\",\"marginRight\":\"1.5cm\",\"marginLeft\":\"1.cm\",\"timeout\":54892,\"margin\":{\"top\":\"1.5cm\",\"right\":\"1.5cm\",\"left\":\"1.cm\"}}","meta":{"rootId":"zn2sh1x1cobufif","id":"9t0942z27cm4buf"},"id":"xn49aekae00inl5","previousOperationId":"y80olhn0yw6vkqc"}
{"type":"operationEnd","operationId":"y80olhn0yw6vkqc","timestamp":1705513146328,"id":"wu2nju18yhe0if3","previousEventId":"6lriizycie6cjyb","previousOperationId":"y80olhn0yw6vkqc"}
{"type":"log","timestamp":1705513146329,"level":"debug","message":"Skipping storing report.","meta":{"rootId":"zn2sh1x1cobufif","id":"9t0942z27cm4buf"},"id":"tvetbi0qdo72c2r","previousOperationId":"y80olhn0yw6vkqc"}
{"type":"log","timestamp":1705513146329,"level":"info","message":"Rendering (child) request finished in 5229 ms","meta":{"rootId":"zn2sh1x1cobufif","id":"9t0942z27cm4buf"},"id":"gw27uykw4rswd35","previousOperationId":"y80olhn0yw6vkqc"}
{"type":"operationEnd","subtype":"render","operationId":"nv440lreqvb1uku","timestamp":1705513146329,"id":"lubwp4pxia6se0d","previousEventId":"wu2nju18yhe0if3","previousOperationId":"y80olhn0yw6vkqc"}
{"type":"operationEnd","operationId":"43y54ykh3gy3nil","timestamp":1705513146344,"id":"b5a55p1l8ilxtxp","previousEventId":"pt0sknz3jloc9fj","previousOperationId":"43y54ykh3gy3nil"}
{"type":"log","timestamp":1705513146344,"level":"debug","message":"pdf-utils postproces start","meta":{"rootId":"zn2sh1x1cobufif","id":"zn2sh1x1cobufif"},"id":"ylpp6mbcqps73en","previousOperationId":"43y54ykh3gy3nil"}
{"type":"log","timestamp":1705513146355,"level":"debug","message":"pdf-utils postproces end","meta":{"rootId":"zn2sh1x1cobufif","id":"zn2sh1x1cobufif"},"id":"go0s0znhmi29ype","previousOperationId":"43y54ykh3gy3nil"}
{"type":"operationEnd","operationId":"ad3g0rwrgiz2h42","timestamp":1705513146355,"id":"m6p71ln6g6el0kf","previousEventId":"b5a55p1l8ilxtxp","previousOperationId":"43y54ykh3gy3nil"}
{"type":"log","timestamp":1705513146355,"level":"info","message":"pdf-utils pdf processing was finished","meta":{"rootId":"zn2sh1x1cobufif","id":"zn2sh1x1cobufif"},"id":"8ncqtkyp1vntgjt","previousOperationId":"ad3g0rwrgiz2h42"}
{"type":"log","timestamp":1705513146355,"level":"debug","message":"Skipping storing report.","meta":{"rootId":"zn2sh1x1cobufif","id":"zn2sh1x1cobufif"},"id":"5l7cm4hz3anyirx","previousOperationId":"ad3g0rwrgiz2h42"}
{"type":"log","timestamp":1705513146355,"level":"info","message":"Rendering request 2 finished in 5255 ms","meta":{"rootId":"zn2sh1x1cobufif","id":"zn2sh1x1cobufif"},"id":"s2hzgrluigjfeix","previousOperationId":"ad3g0rwrgiz2h42"}
{"type":"operationEnd","subtype":"render","operationId":"8kcz0i5mbltvumy","timestamp":1705513146355,"id":"p2ifhjbtvphc49k","previousEventId":"m6p71ln6g6el0kf","previousOperationId":"ad3g0rwrgiz2h42"}
{"type":"operationEnd","doDiffs":false,"previousEventId":"wc6ieuvpzjchz4e","previousOperationId":"fa6hebm90q5xhmf","operationId":"fa6hebm90q5xhmf","timestamp":1705513146364,"id":"fmnyhdybroadi8m"}
