{"type":"operationStart","subtype":"profile","data":{"_id":"Ml29j5TcMbCYNBXk","timestamp":"2024-02-19T15:33:28.191Z","state":"queued","mode":"standard","creationDate":"2024-02-19T15:33:28.194Z","modificationDate":"2024-02-19T15:33:28.194Z","shortid":"1mMnwZa","$entitySet":"profiles"},"doDiffs":false,"timestamp":1708356808192,"id":"rsw7cy468fsn9u9","previousOperationId":null,"operationId":"d3eurvr3ctwhqs1"}
{"type":"log","level":"info","message":"Render request 1 queued for execution and waiting for available worker","previousOperationId":"d3eurvr3ctwhqs1","timestamp":1708356808192,"id":"ar3if7xlwvscjpe"}
{"type":"operationStart","subtype":"render","name":"orders-main","previousOperationId":"d3eurvr3ctwhqs1","timestamp":1708356808205,"id":"y5tnn0nvaelcmjr","previousEventId":"rsw7cy468fsn9u9","operationId":"vjn50u5azfzq5u5"}
{"type":"log","timestamp":1708356808207,"level":"info","message":"Starting rendering request 1","meta":{"rootId":"zp55c18tzd4ifr8","id":"zp55c18tzd4ifr8"},"id":"y8dee7tdfwdhfyu","previousOperationId":"vjn50u5azfzq5u5"}
{"type":"log","timestamp":1708356808208,"level":"info","message":"Rendering template { name: orders-main, recipe: chrome-pdf, engine: handlebars, preview: false }","meta":{"rootId":"zp55c18tzd4ifr8","id":"zp55c18tzd4ifr8"},"id":"oobh274e0p4dh0q","previousOperationId":"vjn50u5azfzq5u5"}
{"type":"log","timestamp":1708356808212,"level":"debug","message":"Data item not defined for this template.","meta":{"rootId":"zp55c18tzd4ifr8","id":"zp55c18tzd4ifr8"},"id":"bueckxqz22ln4al","previousOperationId":"vjn50u5azfzq5u5"}
{"type":"log","timestamp":1708356808217,"level":"debug","message":"Executing script orders-script (beforeRender)","meta":{"rootId":"zp55c18tzd4ifr8","id":"zp55c18tzd4ifr8"},"id":"wj1w6bp30j2wpa7","previousOperationId":"vjn50u5azfzq5u5"}
{"type":"operationStart","subtype":"scriptsBeforeRender","name":"scripts beforeRender","timestamp":1708356808429,"id":"j97hdy76y284mz6","previousEventId":"y5tnn0nvaelcmjr","operationId":"j7rtjm2ppjzwjq7","previousOperationId":"vjn50u5azfzq5u5"}
{"type":"operationStart","subtype":"script","name":"scripts orders-script","previousOperationId":"j7rtjm2ppjzwjq7","timestamp":1708356808429,"id":"mar1i0tva99gviq","previousEventId":"j97hdy76y284mz6","operationId":"efwsrazroop0duk"}
{"type":"log","timestamp":1708356808468,"level":"debug","message":"(console:log) [ 'Race1', 'Race2' ]","meta":{"userLevel":true,"rootId":"zp55c18tzd4ifr8","id":"zp55c18tzd4ifr8"},"id":"yz0ymry4tazo7os","previousOperationId":"efwsrazroop0duk"}
{"type":"log","timestamp":1708356808468,"level":"debug","message":"(console:log) [ 1, 1 ]","meta":{"userLevel":true,"rootId":"zp55c18tzd4ifr8","id":"zp55c18tzd4ifr8"},"id":"7oxylhs08tjvw6p","previousOperationId":"efwsrazroop0duk"}
{"type":"operationEnd","operationId":"efwsrazroop0duk","timestamp":1708356808469,"id":"5t19abb2e509tjp","previousEventId":"y5tnn0nvaelcmjr","previousOperationId":"vjn50u5azfzq5u5"}
{"type":"operationEnd","operationId":"j7rtjm2ppjzwjq7","timestamp":1708356808469,"id":"b9nw6opfygv69iq","previousEventId":"5t19abb2e509tjp","previousOperationId":"vjn50u5azfzq5u5"}
{"type":"log","timestamp":1708356808469,"level":"debug","message":"Base url not specified, skipping its injection.","meta":{"rootId":"zp55c18tzd4ifr8","id":"zp55c18tzd4ifr8"},"id":"h3hqun3nhdhpwz5","previousOperationId":"j7rtjm2ppjzwjq7"}
{"type":"operationStart","subtype":"engine","name":"handlebars","timestamp":1708356808469,"id":"f0tvg1qni69g2fq","previousEventId":"b9nw6opfygv69iq","operationId":"2lnapeb43emr4ct","previousOperationId":"j7rtjm2ppjzwjq7"}
{"type":"log","timestamp":1708356808469,"level":"debug","message":"Rendering engine handlebars","meta":{"rootId":"zp55c18tzd4ifr8","id":"zp55c18tzd4ifr8"},"id":"e403ic2eykmu63p","previousOperationId":"2lnapeb43emr4ct"}
{"type":"log","timestamp":1708356808669,"level":"debug","message":"(console:log) Pdf utils adding group field, value: \"Race1\"","meta":{"userLevel":true,"rootId":"zp55c18tzd4ifr8","id":"zp55c18tzd4ifr8"},"id":"ahdfx02ie02bf18","previousOperationId":"2lnapeb43emr4ct"}
{"type":"log","timestamp":1708356808669,"level":"debug","message":"(console:log) Pdf utils adding group field, value: \"Race2\"","meta":{"userLevel":true,"rootId":"zp55c18tzd4ifr8","id":"zp55c18tzd4ifr8"},"id":"fffghus9ii7dho2","previousOperationId":"2lnapeb43emr4ct"}
{"type":"operationEnd","operationId":"2lnapeb43emr4ct","timestamp":1708356808669,"id":"26c6ctuly6li2w2","previousEventId":"f0tvg1qni69g2fq","previousOperationId":"2lnapeb43emr4ct"}
{"type":"operationStart","subtype":"recipe","name":"chrome-pdf","timestamp":1708356808670,"id":"vpaol2yktu3gdpi","previousEventId":"26c6ctuly6li2w2","operationId":"w9zalqmc61w3121","previousOperationId":"2lnapeb43emr4ct"}
{"type":"log","timestamp":1708356808670,"level":"debug","message":"Executing recipe chrome-pdf","meta":{"rootId":"zp55c18tzd4ifr8","id":"zp55c18tzd4ifr8"},"id":"vxxi1hq2ayhjdov","previousOperationId":"w9zalqmc61w3121"}
{"type":"log","timestamp":1708356809592,"level":"debug","message":"Converting with chrome HeadlessChrome/117.0.5938.149 using chrome-pool strategy","meta":{"rootId":"zp55c18tzd4ifr8","id":"zp55c18tzd4ifr8"},"id":"s66716b1uk79vgj","previousOperationId":"w9zalqmc61w3121"}
{"type":"log","timestamp":1708356811158,"level":"debug","message":"Page request: GET (document) file:///C:/Users/DANIEL~1/AppData/Local/Temp/jsreport/autocleanup/6cdb4156-8fc1-4574-ba27-a1c3fa0b12b8-chrome-pdf.html","meta":{"rootId":"zp55c18tzd4ifr8","id":"zp55c18tzd4ifr8"},"id":"qnpapidsr3lcp1c","previousOperationId":"w9zalqmc61w3121"}
{"type":"log","timestamp":1708356811177,"level":"debug","message":"Page request: GET (stylesheet) https://cdnjs.cloudflare.com/ajax/libs/metro/4.1.5/css/metro.min.css","meta":{"rootId":"zp55c18tzd4ifr8","id":"zp55c18tzd4ifr8"},"id":"yrd144afsyhliw6","previousOperationId":"w9zalqmc61w3121"}
{"type":"log","timestamp":1708356811177,"level":"debug","message":"Page request: GET (script) https://cdn.jsdelivr.net/npm/chart.js","meta":{"rootId":"zp55c18tzd4ifr8","id":"zp55c18tzd4ifr8"},"id":"4ztx6c4ko0m96dm","previousOperationId":"w9zalqmc61w3121"}
{"type":"log","timestamp":1708356811177,"level":"debug","message":"Page request finished: GET (document) 200 file:///C:/Users/DANIEL~1/AppData/Local/Temp/jsreport/autocleanup/6cdb4156-8fc1-4574-ba27-a1c3fa0b12b8-chrome-pdf.html","meta":{"rootId":"zp55c18tzd4ifr8","id":"zp55c18tzd4ifr8"},"id":"6h8msqs9mviuqi4","previousOperationId":"w9zalqmc61w3121"}
{"type":"log","timestamp":1708356813685,"level":"debug","message":"Page request finished: GET (stylesheet) 200 https://cdnjs.cloudflare.com/ajax/libs/metro/4.1.5/css/metro.min.css","meta":{"rootId":"zp55c18tzd4ifr8","id":"zp55c18tzd4ifr8"},"id":"mqez9bv0rrj6tpw","previousOperationId":"w9zalqmc61w3121"}
{"type":"log","timestamp":1708356813685,"level":"debug","message":"Page request finished: GET (script) 200 https://cdn.jsdelivr.net/npm/chart.js","meta":{"rootId":"zp55c18tzd4ifr8","id":"zp55c18tzd4ifr8"},"id":"fxstqnxa0av36f5","previousOperationId":"w9zalqmc61w3121"}
{"type":"log","timestamp":1708356813757,"level":"debug","message":"Running chrome with params {\"printBackground\":true,\"marginTop\":\"4cm\",\"marginRight\":\"1.5cm\",\"marginBottom\":\"1.5cm\",\"marginLeft\":\"1.5cm\",\"waitForJS\":false,\"timeout\":59235,\"margin\":{\"top\":\"4cm\",\"right\":\"1.5cm\",\"bottom\":\"1.5cm\",\"left\":\"1.5cm\"}}","meta":{"rootId":"zp55c18tzd4ifr8","id":"zp55c18tzd4ifr8"},"id":"9mcs4wx43x4zi8c","previousOperationId":"w9zalqmc61w3121"}
{"type":"operationEnd","operationId":"w9zalqmc61w3121","timestamp":1708356813827,"id":"uuhowgyqe9elhjb","previousEventId":"vpaol2yktu3gdpi","previousOperationId":"w9zalqmc61w3121"}
{"type":"log","timestamp":1708356813828,"level":"info","message":"pdf-utils is starting pdf processing","meta":{"rootId":"zp55c18tzd4ifr8","id":"zp55c18tzd4ifr8"},"id":"jep79ffusgvkdh1","previousOperationId":"w9zalqmc61w3121"}
{"type":"operationStart","subtype":"pdfUtils","name":"pdf utils","timestamp":1708356813967,"id":"5rrnz98y8c0x9fv","previousEventId":"uuhowgyqe9elhjb","operationId":"rc03ah0xditso3f","previousOperationId":"w9zalqmc61w3121"}
{"type":"log","timestamp":1708356813967,"level":"debug","message":"pdf-utils detected 1 pdf operation(s) to process","meta":{"rootId":"zp55c18tzd4ifr8","id":"zp55c18tzd4ifr8"},"id":"02mi0dsuf0thfnj","previousOperationId":"rc03ah0xditso3f"}
{"type":"log","timestamp":1708356814142,"level":"debug","message":"pdf-utils running pdf operation merge","meta":{"rootId":"zp55c18tzd4ifr8","id":"zp55c18tzd4ifr8"},"id":"aao6yb84iymfusg","previousOperationId":"rc03ah0xditso3f"}
{"type":"operationStart","subtype":"pdfUtilsMerge","name":"pdf utils merge","previousOperationId":"rc03ah0xditso3f","timestamp":1708356814142,"id":"f0pvj94tdw05feq","previousEventId":"5rrnz98y8c0x9fv","operationId":"8hyonb3p6j13n4f"}
{"type":"operationStart","subtype":"render","name":"orders-header","previousOperationId":"8hyonb3p6j13n4f","timestamp":1708356814146,"id":"3chljyu61hew5c7","previousEventId":"f0pvj94tdw05feq","operationId":"tty848pi6i7q2be"}
{"type":"log","timestamp":1708356814146,"level":"info","message":"Starting rendering (child) request","meta":{"rootId":"zp55c18tzd4ifr8","id":"tayihhew6j1ldpu"},"id":"lvadtadh0q67xvy","previousOperationId":"tty848pi6i7q2be"}
{"type":"log","timestamp":1708356814146,"level":"info","message":"Rendering template { name: orders-header, recipe: chrome-pdf, engine: handlebars, preview: false }","meta":{"rootId":"zp55c18tzd4ifr8","id":"tayihhew6j1ldpu"},"id":"e9pn3xan575l0ev","previousOperationId":"tty848pi6i7q2be"}
{"type":"log","timestamp":1708356814149,"level":"debug","message":"Inline data specified.","meta":{"rootId":"zp55c18tzd4ifr8","id":"tayihhew6j1ldpu"},"id":"qavbg7zzpllpwer","previousOperationId":"tty848pi6i7q2be"}
{"type":"log","timestamp":1708356814151,"level":"debug","message":"Base url not specified, skipping its injection.","meta":{"rootId":"zp55c18tzd4ifr8","id":"tayihhew6j1ldpu"},"id":"idhqhoo7sw0f2va","previousOperationId":"tty848pi6i7q2be"}
{"type":"operationStart","subtype":"engine","name":"handlebars","timestamp":1708356814151,"id":"4vprpzjr8xq85qh","previousEventId":"3chljyu61hew5c7","operationId":"xwr4u0pfxkfz057","previousOperationId":"tty848pi6i7q2be"}
{"type":"log","timestamp":1708356814151,"level":"debug","message":"Rendering engine handlebars","meta":{"rootId":"zp55c18tzd4ifr8","id":"tayihhew6j1ldpu"},"id":"uj01uix4na8iqxg","previousOperationId":"xwr4u0pfxkfz057"}
{"type":"operationEnd","operationId":"xwr4u0pfxkfz057","timestamp":1708356814212,"id":"88n2d627hnnocm5","previousEventId":"4vprpzjr8xq85qh","previousOperationId":"xwr4u0pfxkfz057"}
{"type":"operationStart","subtype":"recipe","name":"chrome-pdf","timestamp":1708356814212,"id":"9yugu1b87c978o2","previousEventId":"88n2d627hnnocm5","operationId":"xs7i3ic7kf50fig","previousOperationId":"xwr4u0pfxkfz057"}
{"type":"log","timestamp":1708356814212,"level":"debug","message":"Executing recipe chrome-pdf","meta":{"rootId":"zp55c18tzd4ifr8","id":"tayihhew6j1ldpu"},"id":"i4aft3j9siso673","previousOperationId":"xs7i3ic7kf50fig"}
{"type":"log","timestamp":1708356814214,"level":"debug","message":"Converting with chrome HeadlessChrome/117.0.5938.149 using chrome-pool strategy","meta":{"rootId":"zp55c18tzd4ifr8","id":"tayihhew6j1ldpu"},"id":"k15smihejkysgaf","previousOperationId":"xs7i3ic7kf50fig"}
{"type":"log","timestamp":1708356814274,"level":"debug","message":"Page request: GET (document) file:///C:/Users/DANIEL~1/AppData/Local/Temp/jsreport/autocleanup/5be3a4fe-b9fa-45f1-b673-1970d71626b3-chrome-pdf.html","meta":{"rootId":"zp55c18tzd4ifr8","id":"tayihhew6j1ldpu"},"id":"n7pvf35uq9qyyo6","previousOperationId":"xs7i3ic7kf50fig"}
{"type":"log","timestamp":1708356814288,"level":"debug","message":"Page request: GET (stylesheet) https://cdnjs.cloudflare.com/ajax/libs/metro/4.1.5/css/metro.min.css","meta":{"rootId":"zp55c18tzd4ifr8","id":"tayihhew6j1ldpu"},"id":"v0pa68gbc4caf11","previousOperationId":"xs7i3ic7kf50fig"}
{"type":"log","timestamp":1708356814288,"level":"debug","message":"Page request finished: GET (document) 200 file:///C:/Users/DANIEL~1/AppData/Local/Temp/jsreport/autocleanup/5be3a4fe-b9fa-45f1-b673-1970d71626b3-chrome-pdf.html","meta":{"rootId":"zp55c18tzd4ifr8","id":"tayihhew6j1ldpu"},"id":"atrukrqfl2ayci5","previousOperationId":"xs7i3ic7kf50fig"}
{"type":"log","timestamp":1708356814299,"level":"debug","message":"Page request finished: GET (stylesheet) 200 https://cdnjs.cloudflare.com/ajax/libs/metro/4.1.5/css/metro.min.css","meta":{"rootId":"zp55c18tzd4ifr8","id":"tayihhew6j1ldpu"},"id":"eprtlh0pkixi8mb","previousOperationId":"xs7i3ic7kf50fig"}
{"type":"log","timestamp":1708356814312,"level":"debug","message":"Running chrome with params {\"printBackground\":true,\"marginTop\":\"1.5cm\",\"marginRight\":\"1.5cm\",\"marginLeft\":\"1.cm\",\"timeout\":53977,\"margin\":{\"top\":\"1.5cm\",\"right\":\"1.5cm\",\"left\":\"1.cm\"}}","meta":{"rootId":"zp55c18tzd4ifr8","id":"tayihhew6j1ldpu"},"id":"lhn0x41780ozfiu","previousOperationId":"xs7i3ic7kf50fig"}
{"type":"operationEnd","operationId":"xs7i3ic7kf50fig","timestamp":1708356814337,"id":"fxrilftd9el2cn9","previousEventId":"9yugu1b87c978o2","previousOperationId":"xs7i3ic7kf50fig"}
{"type":"log","timestamp":1708356814338,"level":"debug","message":"Skipping storing report.","meta":{"rootId":"zp55c18tzd4ifr8","id":"tayihhew6j1ldpu"},"id":"fuy7nqp3tywr2xn","previousOperationId":"xs7i3ic7kf50fig"}
{"type":"log","timestamp":1708356814338,"level":"info","message":"Rendering (child) request finished in 6148 ms","meta":{"rootId":"zp55c18tzd4ifr8","id":"tayihhew6j1ldpu"},"id":"lki8dpp8t7qgupq","previousOperationId":"xs7i3ic7kf50fig"}
{"type":"operationEnd","subtype":"render","operationId":"tty848pi6i7q2be","timestamp":1708356814338,"id":"49pt53mxu4hhhlv","previousEventId":"fxrilftd9el2cn9","previousOperationId":"xs7i3ic7kf50fig"}
{"type":"operationEnd","operationId":"8hyonb3p6j13n4f","timestamp":1708356814354,"id":"569jijfpry0pzh8","previousEventId":"f0pvj94tdw05feq","previousOperationId":"8hyonb3p6j13n4f"}
{"type":"log","timestamp":1708356814354,"level":"debug","message":"pdf-utils postproces start","meta":{"rootId":"zp55c18tzd4ifr8","id":"zp55c18tzd4ifr8"},"id":"hx51o8gkmwbplff","previousOperationId":"8hyonb3p6j13n4f"}
{"type":"log","timestamp":1708356814366,"level":"debug","message":"pdf-utils postproces end","meta":{"rootId":"zp55c18tzd4ifr8","id":"zp55c18tzd4ifr8"},"id":"hey1z7sedly4zkw","previousOperationId":"8hyonb3p6j13n4f"}
{"type":"operationEnd","operationId":"rc03ah0xditso3f","timestamp":1708356814366,"id":"cb08oiugnwargyr","previousEventId":"569jijfpry0pzh8","previousOperationId":"8hyonb3p6j13n4f"}
{"type":"log","timestamp":1708356814366,"level":"info","message":"pdf-utils pdf processing was finished","meta":{"rootId":"zp55c18tzd4ifr8","id":"zp55c18tzd4ifr8"},"id":"x34mcv86loh2qh4","previousOperationId":"rc03ah0xditso3f"}
{"type":"log","timestamp":1708356814366,"level":"debug","message":"Skipping storing report.","meta":{"rootId":"zp55c18tzd4ifr8","id":"zp55c18tzd4ifr8"},"id":"6g0p3unze006bgy","previousOperationId":"rc03ah0xditso3f"}
{"type":"log","timestamp":1708356814366,"level":"info","message":"Rendering request 1 finished in 6176 ms","meta":{"rootId":"zp55c18tzd4ifr8","id":"zp55c18tzd4ifr8"},"id":"bn1w4lv1kku3pbn","previousOperationId":"rc03ah0xditso3f"}
{"type":"operationEnd","subtype":"render","operationId":"vjn50u5azfzq5u5","timestamp":1708356814366,"id":"g3br2goyrnpzkl1","previousEventId":"cb08oiugnwargyr","previousOperationId":"rc03ah0xditso3f"}
{"type":"operationEnd","doDiffs":false,"previousEventId":"rsw7cy468fsn9u9","previousOperationId":"d3eurvr3ctwhqs1","operationId":"d3eurvr3ctwhqs1","timestamp":1708356814372,"id":"4vffhot0tmll39z"}
