{"type":"operationStart","subtype":"profile","data":{"_id":"Mwf180YfHXxugPCy","timestamp":"2024-01-18T14:40:40.449Z","state":"queued","mode":"standard","creationDate":"2024-01-18T14:40:40.454Z","modificationDate":"2024-01-18T14:40:40.454Z","shortid":"iO4PFPy","$entitySet":"profiles"},"doDiffs":false,"timestamp":1705588840451,"id":"clflf4bvxdnhqk5","previousOperationId":null,"operationId":"uf08zmoeung8c36"}
{"type":"log","level":"info","message":"Render request 8 queued for execution and waiting for available worker","previousOperationId":"uf08zmoeung8c36","timestamp":1705588840452,"id":"ukkpvipbxh9dja0"}
{"type":"operationStart","subtype":"render","name":"orders-main","previousOperationId":"uf08zmoeung8c36","timestamp":1705588840472,"id":"vqdi2u9kaqe15dx","previousEventId":"clflf4bvxdnhqk5","operationId":"e9c47gy3c7b650b"}
{"type":"log","timestamp":1705588840473,"level":"info","message":"Starting rendering request 8","meta":{"rootId":"zryx3julfscvby9","id":"zryx3julfscvby9"},"id":"nmvsonvwhh9kgx1","previousOperationId":"e9c47gy3c7b650b"}
{"type":"log","timestamp":1705588840473,"level":"info","message":"Rendering template { name: orders-main, recipe: chrome-pdf, engine: handlebars, preview: true }","meta":{"rootId":"zryx3julfscvby9","id":"zryx3julfscvby9"},"id":"c2o3sdqetwpbxp8","previousOperationId":"e9c47gy3c7b650b"}
{"type":"log","timestamp":1705588840482,"level":"debug","message":"Data item not defined for this template.","meta":{"rootId":"zryx3julfscvby9","id":"zryx3julfscvby9"},"id":"6zjka163ua6pre9","previousOperationId":"e9c47gy3c7b650b"}
{"type":"log","timestamp":1705588840489,"level":"debug","message":"Executing script orders-script (beforeRender)","meta":{"rootId":"zryx3julfscvby9","id":"zryx3julfscvby9"},"id":"mow4h2ov4t8e4pu","previousOperationId":"e9c47gy3c7b650b"}
{"type":"operationStart","subtype":"scriptsBeforeRender","name":"scripts beforeRender","timestamp":1705588840541,"id":"grwlfy5qel9wfsf","previousEventId":"vqdi2u9kaqe15dx","operationId":"9a2jd3hpucbxlsn","previousOperationId":"e9c47gy3c7b650b"}
{"type":"operationStart","subtype":"script","name":"scripts orders-script","previousOperationId":"9a2jd3hpucbxlsn","timestamp":1705588840541,"id":"38plgla14729oc6","previousEventId":"grwlfy5qel9wfsf","operationId":"cmi9bhrfneidjkq"}
{"type":"operationEnd","operationId":"cmi9bhrfneidjkq","timestamp":1705588840579,"id":"w2bxlwjftcqgl5d","previousEventId":"vqdi2u9kaqe15dx","previousOperationId":"e9c47gy3c7b650b"}
{"type":"operationEnd","operationId":"9a2jd3hpucbxlsn","timestamp":1705588840579,"id":"hqrsi4ti2tmpq7y","previousEventId":"w2bxlwjftcqgl5d","previousOperationId":"e9c47gy3c7b650b"}
{"type":"log","timestamp":1705588840579,"level":"debug","message":"Base url not specified, skipping its injection.","meta":{"rootId":"zryx3julfscvby9","id":"zryx3julfscvby9"},"id":"v5zygnoqr6f01hx","previousOperationId":"9a2jd3hpucbxlsn"}
{"type":"operationStart","subtype":"engine","name":"handlebars","timestamp":1705588840580,"id":"c1zf5pdk83h5bei","previousEventId":"hqrsi4ti2tmpq7y","operationId":"q1vkpvih69kthmw","previousOperationId":"9a2jd3hpucbxlsn"}
{"type":"log","timestamp":1705588840580,"level":"debug","message":"Rendering engine handlebars","meta":{"rootId":"zryx3julfscvby9","id":"zryx3julfscvby9"},"id":"ukmecqwq6wyedrn","previousOperationId":"q1vkpvih69kthmw"}
{"type":"log","timestamp":1705588840613,"level":"debug","message":"(console:log) Pdf utils adding group field, value: \"Race1\"","meta":{"userLevel":true,"rootId":"zryx3julfscvby9","id":"zryx3julfscvby9"},"id":"1ns4o2gsm05l2nz","previousOperationId":"q1vkpvih69kthmw"}
{"type":"log","timestamp":1705588840613,"level":"debug","message":"(console:log) Pdf utils adding group field, value: \"Race2\"","meta":{"userLevel":true,"rootId":"zryx3julfscvby9","id":"zryx3julfscvby9"},"id":"sadev3lamuvjwkt","previousOperationId":"q1vkpvih69kthmw"}
{"type":"operationEnd","operationId":"q1vkpvih69kthmw","timestamp":1705588840614,"id":"uc2vx9p3gzhpuaj","previousEventId":"c1zf5pdk83h5bei","previousOperationId":"q1vkpvih69kthmw"}
{"type":"operationStart","subtype":"recipe","name":"chrome-pdf","timestamp":1705588840614,"id":"y1kqqol78secm5f","previousEventId":"uc2vx9p3gzhpuaj","operationId":"xg2uqfgede0ptqy","previousOperationId":"q1vkpvih69kthmw"}
{"type":"log","timestamp":1705588840614,"level":"debug","message":"Executing recipe chrome-pdf","meta":{"rootId":"zryx3julfscvby9","id":"zryx3julfscvby9"},"id":"ifih1kux0cs4c99","previousOperationId":"xg2uqfgede0ptqy"}
{"type":"log","timestamp":1705588840620,"level":"debug","message":"Converting with chrome HeadlessChrome/117.0.5938.149 using chrome-pool strategy","meta":{"rootId":"zryx3julfscvby9","id":"zryx3julfscvby9"},"id":"db0tpxlnyh1vj1p","previousOperationId":"xg2uqfgede0ptqy"}
{"type":"log","timestamp":1705588840769,"level":"debug","message":"Page request: GET (document) file:///C:/Users/DANIEL~1/AppData/Local/Temp/jsreport/autocleanup/2eb2b85b-4350-4bcd-b766-ffb587318f2f-chrome-pdf.html","meta":{"rootId":"zryx3julfscvby9","id":"zryx3julfscvby9"},"id":"tt6lsye9fmhm0xs","previousOperationId":"xg2uqfgede0ptqy"}
{"type":"log","timestamp":1705588840817,"level":"debug","message":"Page request: GET (stylesheet) https://cdnjs.cloudflare.com/ajax/libs/metro/4.1.5/css/metro.min.css","meta":{"rootId":"zryx3julfscvby9","id":"zryx3julfscvby9"},"id":"7q3uvvhjdmo8357","previousOperationId":"xg2uqfgede0ptqy"}
{"type":"log","timestamp":1705588840818,"level":"debug","message":"Page request: GET (script) https://cdnjs.cloudflare.com/ajax/libs/Chart.js/2.9.4/Chart.js","meta":{"rootId":"zryx3julfscvby9","id":"zryx3julfscvby9"},"id":"cszf6e8fi51j5q3","previousOperationId":"xg2uqfgede0ptqy"}
{"type":"log","timestamp":1705588840818,"level":"debug","message":"Page request finished: GET (document) 200 file:///C:/Users/DANIEL~1/AppData/Local/Temp/jsreport/autocleanup/2eb2b85b-4350-4bcd-b766-ffb587318f2f-chrome-pdf.html","meta":{"rootId":"zryx3julfscvby9","id":"zryx3julfscvby9"},"id":"yhgzh1tlbkzz3ax","previousOperationId":"xg2uqfgede0ptqy"}
{"type":"log","timestamp":1705588840852,"level":"debug","message":"Page request finished: GET (stylesheet) 200 https://cdnjs.cloudflare.com/ajax/libs/metro/4.1.5/css/metro.min.css","meta":{"rootId":"zryx3julfscvby9","id":"zryx3julfscvby9"},"id":"aoyfxk93jmbhydb","previousOperationId":"xg2uqfgede0ptqy"}
{"type":"log","timestamp":1705588840852,"level":"debug","message":"Page request finished: GET (script) 200 https://cdnjs.cloudflare.com/ajax/libs/Chart.js/2.9.4/Chart.js","meta":{"rootId":"zryx3julfscvby9","id":"zryx3julfscvby9"},"id":"41kknjocd2fzsit","previousOperationId":"xg2uqfgede0ptqy"}
{"type":"log","timestamp":1705588840865,"level":"warn","message":"Page error: transformedData is not defined , stack: ReferenceError: transformedData is not defined\n    at <anonymous> (file:///C:/Users/DANIEL~1/AppData/Local/Temp/jsreport/autocleanup/2eb2b85b-4350-4bcd-b766-ffb587318f2f-chrome-pdf.html:104:17)","meta":{"rootId":"zryx3julfscvby9","id":"zryx3julfscvby9"},"id":"zrpy3kb9gta2w1h","previousOperationId":"xg2uqfgede0ptqy"}
{"type":"log","timestamp":1705588840901,"level":"debug","message":"Running chrome with params {\"printBackground\":true,\"marginTop\":\"4cm\",\"marginRight\":\"1.5cm\",\"marginBottom\":\"1.5cm\",\"marginLeft\":\"1.5cm\",\"waitForJS\":false,\"timeout\":59831,\"margin\":{\"top\":\"4cm\",\"right\":\"1.5cm\",\"bottom\":\"1.5cm\",\"left\":\"1.5cm\"}}","meta":{"rootId":"zryx3julfscvby9","id":"zryx3julfscvby9"},"id":"abtr49frsmqm7m3","previousOperationId":"xg2uqfgede0ptqy"}
{"type":"operationEnd","operationId":"xg2uqfgede0ptqy","timestamp":1705588841008,"id":"skzoexebilq6qsw","previousEventId":"y1kqqol78secm5f","previousOperationId":"xg2uqfgede0ptqy"}
{"type":"log","timestamp":1705588841008,"level":"info","message":"pdf-utils is starting pdf processing","meta":{"rootId":"zryx3julfscvby9","id":"zryx3julfscvby9"},"id":"mnalyb5nfsjf33m","previousOperationId":"xg2uqfgede0ptqy"}
{"type":"operationStart","subtype":"pdfUtils","name":"pdf utils","timestamp":1705588841008,"id":"8djeem4632pcb6h","previousEventId":"skzoexebilq6qsw","operationId":"lkdpc6969fknn08","previousOperationId":"xg2uqfgede0ptqy"}
{"type":"log","timestamp":1705588841008,"level":"debug","message":"pdf-utils detected 1 pdf operation(s) to process","meta":{"rootId":"zryx3julfscvby9","id":"zryx3julfscvby9"},"id":"disgp3b9vwj85vt","previousOperationId":"lkdpc6969fknn08"}
{"type":"log","timestamp":1705588841073,"level":"debug","message":"pdf-utils running pdf operation merge","meta":{"rootId":"zryx3julfscvby9","id":"zryx3julfscvby9"},"id":"4lh9gwnqa9s48k4","previousOperationId":"lkdpc6969fknn08"}
{"type":"operationStart","subtype":"pdfUtilsMerge","name":"pdf utils merge","previousOperationId":"lkdpc6969fknn08","timestamp":1705588841073,"id":"ss1d84k3xz23rgn","previousEventId":"8djeem4632pcb6h","operationId":"e2ag8659kziqvyr"}
{"type":"operationStart","subtype":"render","name":"orders-header","previousOperationId":"e2ag8659kziqvyr","timestamp":1705588841074,"id":"kwmcx0v0slmxisd","previousEventId":"ss1d84k3xz23rgn","operationId":"td78b1291d4xuer"}
{"type":"log","timestamp":1705588841074,"level":"info","message":"Starting rendering (child) request","meta":{"rootId":"zryx3julfscvby9","id":"5swpw26oamvxw8d"},"id":"x4n03ff56n32ze6","previousOperationId":"td78b1291d4xuer"}
{"type":"log","timestamp":1705588841074,"level":"info","message":"Rendering template { name: orders-header, recipe: chrome-pdf, engine: handlebars, preview: true }","meta":{"rootId":"zryx3julfscvby9","id":"5swpw26oamvxw8d"},"id":"lbcmfybov816opu","previousOperationId":"td78b1291d4xuer"}
{"type":"log","timestamp":1705588841076,"level":"debug","message":"Inline data specified.","meta":{"rootId":"zryx3julfscvby9","id":"5swpw26oamvxw8d"},"id":"84rzifxoyenvc7s","previousOperationId":"td78b1291d4xuer"}
{"type":"log","timestamp":1705588841081,"level":"debug","message":"Base url not specified, skipping its injection.","meta":{"rootId":"zryx3julfscvby9","id":"5swpw26oamvxw8d"},"id":"nakhwpcjrw4s4ux","previousOperationId":"td78b1291d4xuer"}
{"type":"operationStart","subtype":"engine","name":"handlebars","timestamp":1705588841081,"id":"ido8y5beekwfrwc","previousEventId":"kwmcx0v0slmxisd","operationId":"bxf4ur9pmf8uyjt","previousOperationId":"td78b1291d4xuer"}
{"type":"log","timestamp":1705588841081,"level":"debug","message":"Rendering engine handlebars","meta":{"rootId":"zryx3julfscvby9","id":"5swpw26oamvxw8d"},"id":"i87hm9v02sfwdut","previousOperationId":"bxf4ur9pmf8uyjt"}
{"type":"operationEnd","operationId":"bxf4ur9pmf8uyjt","timestamp":1705588841122,"id":"u7eikhwbgapz6kt","previousEventId":"ido8y5beekwfrwc","previousOperationId":"bxf4ur9pmf8uyjt"}
{"type":"operationStart","subtype":"recipe","name":"chrome-pdf","timestamp":1705588841123,"id":"shhzvifgxi7utzr","previousEventId":"u7eikhwbgapz6kt","operationId":"sj6l6fh6l76tdyg","previousOperationId":"bxf4ur9pmf8uyjt"}
{"type":"log","timestamp":1705588841123,"level":"debug","message":"Executing recipe chrome-pdf","meta":{"rootId":"zryx3julfscvby9","id":"5swpw26oamvxw8d"},"id":"9xhp7y0rf5m1hvd","previousOperationId":"sj6l6fh6l76tdyg"}
{"type":"log","timestamp":1705588841127,"level":"debug","message":"Converting with chrome HeadlessChrome/117.0.5938.149 using chrome-pool strategy","meta":{"rootId":"zryx3julfscvby9","id":"5swpw26oamvxw8d"},"id":"et0evenp2u5w8yl","previousOperationId":"sj6l6fh6l76tdyg"}
{"type":"log","timestamp":1705588841256,"level":"debug","message":"Page request: GET (document) file:///C:/Users/DANIEL~1/AppData/Local/Temp/jsreport/autocleanup/aebda13a-c26b-40dc-8aa9-0079a008a39e-chrome-pdf.html","meta":{"rootId":"zryx3julfscvby9","id":"5swpw26oamvxw8d"},"id":"8pka60bx94765as","previousOperationId":"sj6l6fh6l76tdyg"}
{"type":"log","timestamp":1705588841274,"level":"debug","message":"Page request: GET (stylesheet) https://cdnjs.cloudflare.com/ajax/libs/metro/4.1.5/css/metro.min.css","meta":{"rootId":"zryx3julfscvby9","id":"5swpw26oamvxw8d"},"id":"uvsu1ppn4bftl6x","previousOperationId":"sj6l6fh6l76tdyg"}
{"type":"log","timestamp":1705588841275,"level":"debug","message":"Page request finished: GET (document) 200 file:///C:/Users/DANIEL~1/AppData/Local/Temp/jsreport/autocleanup/aebda13a-c26b-40dc-8aa9-0079a008a39e-chrome-pdf.html","meta":{"rootId":"zryx3julfscvby9","id":"5swpw26oamvxw8d"},"id":"x654h5dg4uww4az","previousOperationId":"sj6l6fh6l76tdyg"}
{"type":"log","timestamp":1705588841297,"level":"debug","message":"Page request finished: GET (stylesheet) 200 https://cdnjs.cloudflare.com/ajax/libs/metro/4.1.5/css/metro.min.css","meta":{"rootId":"zryx3julfscvby9","id":"5swpw26oamvxw8d"},"id":"w07xi862ifny2ae","previousOperationId":"sj6l6fh6l76tdyg"}
{"type":"log","timestamp":1705588841327,"level":"debug","message":"Running chrome with params {\"printBackground\":true,\"marginTop\":\"1.5cm\",\"marginRight\":\"1.5cm\",\"marginLeft\":\"1.cm\",\"timeout\":59323,\"margin\":{\"top\":\"1.5cm\",\"right\":\"1.5cm\",\"left\":\"1.cm\"}}","meta":{"rootId":"zryx3julfscvby9","id":"5swpw26oamvxw8d"},"id":"ezwh8kags4556g6","previousOperationId":"sj6l6fh6l76tdyg"}
{"type":"operationEnd","operationId":"sj6l6fh6l76tdyg","timestamp":1705588841391,"id":"4tdpwezu0xmdshc","previousEventId":"shhzvifgxi7utzr","previousOperationId":"sj6l6fh6l76tdyg"}
{"type":"log","timestamp":1705588841391,"level":"debug","message":"Skipping storing report.","meta":{"rootId":"zryx3julfscvby9","id":"5swpw26oamvxw8d"},"id":"4zvvi7mpma7uucc","previousOperationId":"sj6l6fh6l76tdyg"}
{"type":"log","timestamp":1705588841392,"level":"info","message":"Rendering (child) request finished in 943 ms","meta":{"rootId":"zryx3julfscvby9","id":"5swpw26oamvxw8d"},"id":"94jgkguutb5mxed","previousOperationId":"sj6l6fh6l76tdyg"}
{"type":"operationEnd","subtype":"render","operationId":"td78b1291d4xuer","timestamp":1705588841392,"id":"athnw943a4gikm2","previousEventId":"4tdpwezu0xmdshc","previousOperationId":"sj6l6fh6l76tdyg"}
{"type":"operationEnd","operationId":"e2ag8659kziqvyr","timestamp":1705588841416,"id":"1kyd84azxjqj34z","previousEventId":"ss1d84k3xz23rgn","previousOperationId":"e2ag8659kziqvyr"}
{"type":"log","timestamp":1705588841416,"level":"debug","message":"pdf-utils postproces start","meta":{"rootId":"zryx3julfscvby9","id":"zryx3julfscvby9"},"id":"y9wwnowj1zw8end","previousOperationId":"e2ag8659kziqvyr"}
{"type":"log","timestamp":1705588841440,"level":"debug","message":"pdf-utils postproces end","meta":{"rootId":"zryx3julfscvby9","id":"zryx3julfscvby9"},"id":"3zg4g5cc13tjrp6","previousOperationId":"e2ag8659kziqvyr"}
{"type":"operationEnd","operationId":"lkdpc6969fknn08","timestamp":1705588841440,"id":"fc1btgaaen22ahm","previousEventId":"1kyd84azxjqj34z","previousOperationId":"e2ag8659kziqvyr"}
{"type":"log","timestamp":1705588841440,"level":"info","message":"pdf-utils pdf processing was finished","meta":{"rootId":"zryx3julfscvby9","id":"zryx3julfscvby9"},"id":"tq7kdzseihr51l1","previousOperationId":"lkdpc6969fknn08"}
{"type":"log","timestamp":1705588841440,"level":"debug","message":"Skipping storing report.","meta":{"rootId":"zryx3julfscvby9","id":"zryx3julfscvby9"},"id":"wft0nurdmivvnvi","previousOperationId":"lkdpc6969fknn08"}
{"type":"log","timestamp":1705588841440,"level":"info","message":"Rendering request 8 finished in 991 ms","meta":{"rootId":"zryx3julfscvby9","id":"zryx3julfscvby9"},"id":"72m0mu4d9idihy1","previousOperationId":"lkdpc6969fknn08"}
{"type":"operationEnd","subtype":"render","operationId":"e9c47gy3c7b650b","timestamp":1705588841440,"id":"pfkihopba5ykfrc","previousEventId":"fc1btgaaen22ahm","previousOperationId":"lkdpc6969fknn08"}
{"type":"operationEnd","doDiffs":false,"previousEventId":"clflf4bvxdnhqk5","previousOperationId":"uf08zmoeung8c36","operationId":"uf08zmoeung8c36","timestamp":1705588841460,"id":"0fa7uto5cq0sx6l"}
