{"type":"operationStart","subtype":"profile","data":{"_id":"GZVR19aLr1BBkKdg","timestamp":"2024-01-17T14:39:08.351Z","state":"queued","mode":"standard","creationDate":"2024-01-17T14:39:08.355Z","modificationDate":"2024-01-17T14:39:08.355Z","shortid":"KD8b0a0","$entitySet":"profiles"},"doDiffs":false,"timestamp":1705502348353,"id":"jb04zpkokkbunb0","previousOperationId":null,"operationId":"cfzviqnkowfjgsi"}
{"type":"log","level":"info","message":"Render request 15 queued for execution and waiting for available worker","previousOperationId":"cfzviqnkowfjgsi","timestamp":1705502348354,"id":"eiip0aca7twgb86"}
{"type":"operationStart","subtype":"render","name":"orders-main","previousOperationId":"cfzviqnkowfjgsi","timestamp":1705502348373,"id":"je3ntrajpzxtxjg","previousEventId":"jb04zpkokkbunb0","operationId":"yn32oto1nr6mvxx"}
{"type":"log","timestamp":1705502348373,"level":"info","message":"Starting rendering request 15","meta":{"rootId":"ztiwvlvwa0u3dix","id":"ztiwvlvwa0u3dix"},"id":"tm5nj9vsl9j09k2","previousOperationId":"yn32oto1nr6mvxx"}
{"type":"log","timestamp":1705502348373,"level":"info","message":"Rendering template { name: orders-main, recipe: chrome-pdf, engine: handlebars, preview: true }","meta":{"rootId":"ztiwvlvwa0u3dix","id":"ztiwvlvwa0u3dix"},"id":"shda5cbfpcurtvi","previousOperationId":"yn32oto1nr6mvxx"}
{"type":"log","timestamp":1705502348375,"level":"debug","message":"Data item not defined for this template.","meta":{"rootId":"ztiwvlvwa0u3dix","id":"ztiwvlvwa0u3dix"},"id":"r9l8fmx5pqlam8a","previousOperationId":"yn32oto1nr6mvxx"}
{"type":"log","timestamp":1705502348380,"level":"debug","message":"Executing script orders-script (beforeRender)","meta":{"rootId":"ztiwvlvwa0u3dix","id":"ztiwvlvwa0u3dix"},"id":"qyb0s6q1fnczvho","previousOperationId":"yn32oto1nr6mvxx"}
{"type":"operationStart","subtype":"scriptsBeforeRender","name":"scripts beforeRender","timestamp":1705502348455,"id":"i6d2xb6wv1l1oit","previousEventId":"je3ntrajpzxtxjg","operationId":"mh1a8lhefg9xh71","previousOperationId":"yn32oto1nr6mvxx"}
{"type":"operationStart","subtype":"script","name":"scripts orders-script","previousOperationId":"mh1a8lhefg9xh71","timestamp":1705502348455,"id":"q1ve6fcttxtnsdy","previousEventId":"i6d2xb6wv1l1oit","operationId":"9g1q7nlj9cahj1o"}
{"type":"operationEnd","operationId":"9g1q7nlj9cahj1o","timestamp":1705502348489,"id":"fnud3imwzxm0yt5","previousEventId":"je3ntrajpzxtxjg","previousOperationId":"yn32oto1nr6mvxx"}
{"type":"operationEnd","operationId":"mh1a8lhefg9xh71","timestamp":1705502348490,"id":"jio1fprve7as6ok","previousEventId":"fnud3imwzxm0yt5","previousOperationId":"yn32oto1nr6mvxx"}
{"type":"log","timestamp":1705502348490,"level":"debug","message":"Base url not specified, skipping its injection.","meta":{"rootId":"ztiwvlvwa0u3dix","id":"ztiwvlvwa0u3dix"},"id":"ccw2pz1c8suzd1p","previousOperationId":"mh1a8lhefg9xh71"}
{"type":"operationStart","subtype":"engine","name":"handlebars","timestamp":1705502348490,"id":"8fkfcxs2t8dzd0g","previousEventId":"jio1fprve7as6ok","operationId":"wewbttuq8glogii","previousOperationId":"mh1a8lhefg9xh71"}
{"type":"log","timestamp":1705502348490,"level":"debug","message":"Rendering engine handlebars","meta":{"rootId":"ztiwvlvwa0u3dix","id":"ztiwvlvwa0u3dix"},"id":"vizquhr8bgvzouh","previousOperationId":"wewbttuq8glogii"}
{"type":"log","timestamp":1705502348511,"level":"debug","message":"(console:log) Pdf utils adding group field, value: \"Race1\"","meta":{"userLevel":true,"rootId":"ztiwvlvwa0u3dix","id":"ztiwvlvwa0u3dix"},"id":"yhiazw7whda7643","previousOperationId":"wewbttuq8glogii"}
{"type":"log","timestamp":1705502348512,"level":"debug","message":"(console:log) Pdf utils adding group field, value: \"Race2\"","meta":{"userLevel":true,"rootId":"ztiwvlvwa0u3dix","id":"ztiwvlvwa0u3dix"},"id":"dquo0v4ftwv9gtl","previousOperationId":"wewbttuq8glogii"}
{"type":"log","timestamp":1705502348512,"level":"debug","message":"(console:log) Pdf utils adding group field, value: \"rgver\"","meta":{"userLevel":true,"rootId":"ztiwvlvwa0u3dix","id":"ztiwvlvwa0u3dix"},"id":"auwhurt5f7siv87","previousOperationId":"wewbttuq8glogii"}
{"type":"log","timestamp":1705502348512,"level":"debug","message":"(console:log) Pdf utils adding group field, value: \"revger\"","meta":{"userLevel":true,"rootId":"ztiwvlvwa0u3dix","id":"ztiwvlvwa0u3dix"},"id":"w2h3b7x697rozc3","previousOperationId":"wewbttuq8glogii"}
{"type":"operationEnd","operationId":"wewbttuq8glogii","timestamp":1705502348512,"id":"ok03f3noyg9b7hy","previousEventId":"8fkfcxs2t8dzd0g","previousOperationId":"wewbttuq8glogii"}
{"type":"operationStart","subtype":"recipe","name":"chrome-pdf","timestamp":1705502348513,"id":"o2dzr29ops2vt6n","previousEventId":"ok03f3noyg9b7hy","operationId":"502i62w9tjtunwa","previousOperationId":"wewbttuq8glogii"}
{"type":"log","timestamp":1705502348513,"level":"debug","message":"Executing recipe chrome-pdf","meta":{"rootId":"ztiwvlvwa0u3dix","id":"ztiwvlvwa0u3dix"},"id":"q7ay08ao7bonkd9","previousOperationId":"502i62w9tjtunwa"}
{"type":"log","timestamp":1705502348518,"level":"debug","message":"Converting with chrome HeadlessChrome/117.0.5938.149 using chrome-pool strategy","meta":{"rootId":"ztiwvlvwa0u3dix","id":"ztiwvlvwa0u3dix"},"id":"r3rhswjlt3rvt1x","previousOperationId":"502i62w9tjtunwa"}
{"type":"log","timestamp":1705502348638,"level":"debug","message":"Page request: GET (document) file:///C:/Users/DANIEL~1/AppData/Local/Temp/jsreport/autocleanup/facf81e2-3b63-4b3c-a683-799b5deffd50-chrome-pdf.html","meta":{"rootId":"ztiwvlvwa0u3dix","id":"ztiwvlvwa0u3dix"},"id":"35ai5w2apdf5nfc","previousOperationId":"502i62w9tjtunwa"}
{"type":"log","timestamp":1705502348694,"level":"debug","message":"Page request: GET (stylesheet) https://cdnjs.cloudflare.com/ajax/libs/metro/4.1.5/css/metro.min.css","meta":{"rootId":"ztiwvlvwa0u3dix","id":"ztiwvlvwa0u3dix"},"id":"o63dmib03hgx7on","previousOperationId":"502i62w9tjtunwa"}
{"type":"log","timestamp":1705502348695,"level":"debug","message":"Page request: GET (script) https://cdnjs.cloudflare.com/ajax/libs/Chart.js/2.7.2/Chart.min.js","meta":{"rootId":"ztiwvlvwa0u3dix","id":"ztiwvlvwa0u3dix"},"id":"nk8fxnonnhuoulv","previousOperationId":"502i62w9tjtunwa"}
{"type":"log","timestamp":1705502348695,"level":"debug","message":"Page request finished: GET (document) 200 file:///C:/Users/DANIEL~1/AppData/Local/Temp/jsreport/autocleanup/facf81e2-3b63-4b3c-a683-799b5deffd50-chrome-pdf.html","meta":{"rootId":"ztiwvlvwa0u3dix","id":"ztiwvlvwa0u3dix"},"id":"jybzb6klu5b4vfp","previousOperationId":"502i62w9tjtunwa"}
{"type":"log","timestamp":1705502348718,"level":"debug","message":"Page request finished: GET (stylesheet) 200 https://cdnjs.cloudflare.com/ajax/libs/metro/4.1.5/css/metro.min.css","meta":{"rootId":"ztiwvlvwa0u3dix","id":"ztiwvlvwa0u3dix"},"id":"42k1d9qsbakhhxv","previousOperationId":"502i62w9tjtunwa"}
{"type":"log","timestamp":1705502348718,"level":"debug","message":"Page request finished: GET (script) 200 https://cdnjs.cloudflare.com/ajax/libs/Chart.js/2.7.2/Chart.min.js","meta":{"rootId":"ztiwvlvwa0u3dix","id":"ztiwvlvwa0u3dix"},"id":"jy8bmu0y8sok3q4","previousOperationId":"502i62w9tjtunwa"}
{"type":"log","timestamp":1705502348729,"level":"warn","message":"Page error: \"undefined\" is not valid JSON\nJSON.parse (<anonymous>) , stack: SyntaxError: \"undefined\" is not valid JSON\nJSON.parse (<anonymous>)\n    at <anonymous> (file:///C:/Users/DANIEL~1/AppData/Local/Temp/jsreport/autocleanup/facf81e2-3b63-4b3c-a683-799b5deffd50-chrome-pdf.html:40:29)","meta":{"rootId":"ztiwvlvwa0u3dix","id":"ztiwvlvwa0u3dix"},"id":"37l91vowzugwahz","previousOperationId":"502i62w9tjtunwa"}
{"type":"log","timestamp":1705502348729,"level":"warn","message":"Page error: \"undefined\" is not valid JSON\nJSON.parse (<anonymous>) , stack: SyntaxError: \"undefined\" is not valid JSON\nJSON.parse (<anonymous>)\n    at <anonymous> (file:///C:/Users/DANIEL~1/AppData/Local/Temp/jsreport/autocleanup/facf81e2-3b63-4b3c-a683-799b5deffd50-chrome-pdf.html:90:29)","meta":{"rootId":"ztiwvlvwa0u3dix","id":"ztiwvlvwa0u3dix"},"id":"06jectmbdmz6jku","previousOperationId":"502i62w9tjtunwa"}
{"type":"log","timestamp":1705502348730,"level":"warn","message":"Page error: \"undefined\" is not valid JSON\nJSON.parse (<anonymous>) , stack: SyntaxError: \"undefined\" is not valid JSON\nJSON.parse (<anonymous>)\n    at <anonymous> (file:///C:/Users/DANIEL~1/AppData/Local/Temp/jsreport/autocleanup/facf81e2-3b63-4b3c-a683-799b5deffd50-chrome-pdf.html:140:29)","meta":{"rootId":"ztiwvlvwa0u3dix","id":"ztiwvlvwa0u3dix"},"id":"2dzgxc66e2p9kq7","previousOperationId":"502i62w9tjtunwa"}
{"type":"log","timestamp":1705502348731,"level":"warn","message":"Page error: \"undefined\" is not valid JSON\nJSON.parse (<anonymous>) , stack: SyntaxError: \"undefined\" is not valid JSON\nJSON.parse (<anonymous>)\n    at <anonymous> (file:///C:/Users/DANIEL~1/AppData/Local/Temp/jsreport/autocleanup/facf81e2-3b63-4b3c-a683-799b5deffd50-chrome-pdf.html:190:29)","meta":{"rootId":"ztiwvlvwa0u3dix","id":"ztiwvlvwa0u3dix"},"id":"orrjmz1cx3ehgnu","previousOperationId":"502i62w9tjtunwa"}
{"type":"log","timestamp":1705502348757,"level":"debug","message":"Running chrome with params {\"printBackground\":true,\"marginTop\":\"4cm\",\"marginRight\":\"1.5cm\",\"marginBottom\":\"1.5cm\",\"marginLeft\":\"1.5cm\",\"waitForJS\":false,\"timeout\":59835,\"margin\":{\"top\":\"4cm\",\"right\":\"1.5cm\",\"bottom\":\"1.5cm\",\"left\":\"1.5cm\"}}","meta":{"rootId":"ztiwvlvwa0u3dix","id":"ztiwvlvwa0u3dix"},"id":"grtsbfjft661nx6","previousOperationId":"502i62w9tjtunwa"}
{"type":"operationEnd","operationId":"502i62w9tjtunwa","timestamp":1705502348821,"id":"cyj9ia5gvwsfest","previousEventId":"o2dzr29ops2vt6n","previousOperationId":"502i62w9tjtunwa"}
{"type":"log","timestamp":1705502348821,"level":"info","message":"pdf-utils is starting pdf processing","meta":{"rootId":"ztiwvlvwa0u3dix","id":"ztiwvlvwa0u3dix"},"id":"mdgkgkaljxqylep","previousOperationId":"502i62w9tjtunwa"}
{"type":"operationStart","subtype":"pdfUtils","name":"pdf utils","timestamp":1705502348822,"id":"tg9n4tw6ughb1fq","previousEventId":"cyj9ia5gvwsfest","operationId":"q72a0tyguzwzzcc","previousOperationId":"502i62w9tjtunwa"}
{"type":"log","timestamp":1705502348822,"level":"debug","message":"pdf-utils detected 1 pdf operation(s) to process","meta":{"rootId":"ztiwvlvwa0u3dix","id":"ztiwvlvwa0u3dix"},"id":"uxrnsq8hzi8jwq6","previousOperationId":"q72a0tyguzwzzcc"}
{"type":"log","timestamp":1705502348875,"level":"debug","message":"pdf-utils running pdf operation merge","meta":{"rootId":"ztiwvlvwa0u3dix","id":"ztiwvlvwa0u3dix"},"id":"l4cbq1wyrexhyz7","previousOperationId":"q72a0tyguzwzzcc"}
{"type":"operationStart","subtype":"pdfUtilsMerge","name":"pdf utils merge","previousOperationId":"q72a0tyguzwzzcc","timestamp":1705502348875,"id":"bnac6cbpel8941y","previousEventId":"tg9n4tw6ughb1fq","operationId":"y96f6z16nhnxdsr"}
{"type":"operationStart","subtype":"render","name":"orders-header","previousOperationId":"y96f6z16nhnxdsr","timestamp":1705502348878,"id":"wq2laikhxp875iz","previousEventId":"bnac6cbpel8941y","operationId":"vgchp34236op504"}
{"type":"log","timestamp":1705502348878,"level":"info","message":"Starting rendering (child) request","meta":{"rootId":"ztiwvlvwa0u3dix","id":"oa19nd6x8s9irnt"},"id":"o95tccr4hujj76g","previousOperationId":"vgchp34236op504"}
{"type":"log","timestamp":1705502348878,"level":"info","message":"Rendering template { name: orders-header, recipe: chrome-pdf, engine: handlebars, preview: true }","meta":{"rootId":"ztiwvlvwa0u3dix","id":"oa19nd6x8s9irnt"},"id":"rrulbazv3om63n0","previousOperationId":"vgchp34236op504"}
{"type":"log","timestamp":1705502348880,"level":"debug","message":"Inline data specified.","meta":{"rootId":"ztiwvlvwa0u3dix","id":"oa19nd6x8s9irnt"},"id":"6n1loo7hlz8amd1","previousOperationId":"vgchp34236op504"}
{"type":"log","timestamp":1705502348885,"level":"debug","message":"Base url not specified, skipping its injection.","meta":{"rootId":"ztiwvlvwa0u3dix","id":"oa19nd6x8s9irnt"},"id":"3ktamwcud72ok4j","previousOperationId":"vgchp34236op504"}
{"type":"operationStart","subtype":"engine","name":"handlebars","timestamp":1705502348885,"id":"b44svvfndctwiqb","previousEventId":"wq2laikhxp875iz","operationId":"ahitydmiki9t55i","previousOperationId":"vgchp34236op504"}
{"type":"log","timestamp":1705502348885,"level":"debug","message":"Rendering engine handlebars","meta":{"rootId":"ztiwvlvwa0u3dix","id":"oa19nd6x8s9irnt"},"id":"yttbrbsq49nyzad","previousOperationId":"ahitydmiki9t55i"}
{"type":"operationEnd","operationId":"ahitydmiki9t55i","timestamp":1705502348932,"id":"i08csk4svx1j83r","previousEventId":"b44svvfndctwiqb","previousOperationId":"ahitydmiki9t55i"}
{"type":"operationStart","subtype":"recipe","name":"chrome-pdf","timestamp":1705502348933,"id":"8avbr63imvj1wxa","previousEventId":"i08csk4svx1j83r","operationId":"nbrgual3zcn5ah2","previousOperationId":"ahitydmiki9t55i"}
{"type":"log","timestamp":1705502348933,"level":"debug","message":"Executing recipe chrome-pdf","meta":{"rootId":"ztiwvlvwa0u3dix","id":"oa19nd6x8s9irnt"},"id":"4vnsqrpk3oxr453","previousOperationId":"nbrgual3zcn5ah2"}
{"type":"log","timestamp":1705502348936,"level":"debug","message":"Converting with chrome HeadlessChrome/117.0.5938.149 using chrome-pool strategy","meta":{"rootId":"ztiwvlvwa0u3dix","id":"oa19nd6x8s9irnt"},"id":"ff8g9cyesohaduc","previousOperationId":"nbrgual3zcn5ah2"}
{"type":"log","timestamp":1705502349061,"level":"debug","message":"Page request: GET (document) file:///C:/Users/DANIEL~1/AppData/Local/Temp/jsreport/autocleanup/db21427a-655a-41bf-87a0-d87cf3d46d91-chrome-pdf.html","meta":{"rootId":"ztiwvlvwa0u3dix","id":"oa19nd6x8s9irnt"},"id":"bkiloji26uh1wf9","previousOperationId":"nbrgual3zcn5ah2"}
{"type":"log","timestamp":1705502349076,"level":"debug","message":"Page request finished: GET (document) 200 file:///C:/Users/DANIEL~1/AppData/Local/Temp/jsreport/autocleanup/db21427a-655a-41bf-87a0-d87cf3d46d91-chrome-pdf.html","meta":{"rootId":"ztiwvlvwa0u3dix","id":"oa19nd6x8s9irnt"},"id":"gt33ppsjskpigak","previousOperationId":"nbrgual3zcn5ah2"}
{"type":"log","timestamp":1705502349078,"level":"debug","message":"Page request: GET (stylesheet) https://cdnjs.cloudflare.com/ajax/libs/metro/4.1.5/css/metro.min.css","meta":{"rootId":"ztiwvlvwa0u3dix","id":"oa19nd6x8s9irnt"},"id":"nwuyca5jdndwaq5","previousOperationId":"nbrgual3zcn5ah2"}
{"type":"log","timestamp":1705502349103,"level":"debug","message":"Page request finished: GET (stylesheet) 200 https://cdnjs.cloudflare.com/ajax/libs/metro/4.1.5/css/metro.min.css","meta":{"rootId":"ztiwvlvwa0u3dix","id":"oa19nd6x8s9irnt"},"id":"2aerwjk4iu9lihq","previousOperationId":"nbrgual3zcn5ah2"}
{"type":"log","timestamp":1705502349130,"level":"debug","message":"Running chrome with params {\"printBackground\":true,\"marginTop\":\"1.5cm\",\"marginRight\":\"1.5cm\",\"marginLeft\":\"1.cm\",\"timeout\":59416,\"margin\":{\"top\":\"1.5cm\",\"right\":\"1.5cm\",\"left\":\"1.cm\"}}","meta":{"rootId":"ztiwvlvwa0u3dix","id":"oa19nd6x8s9irnt"},"id":"u9lyffm40u2e36m","previousOperationId":"nbrgual3zcn5ah2"}
{"type":"operationEnd","operationId":"nbrgual3zcn5ah2","timestamp":1705502349185,"id":"i0jsh3vwjtoofil","previousEventId":"8avbr63imvj1wxa","previousOperationId":"nbrgual3zcn5ah2"}
{"type":"log","timestamp":1705502349185,"level":"debug","message":"Skipping storing report.","meta":{"rootId":"ztiwvlvwa0u3dix","id":"oa19nd6x8s9irnt"},"id":"5ksqxzg0cis190u","previousOperationId":"nbrgual3zcn5ah2"}
{"type":"log","timestamp":1705502349186,"level":"info","message":"Rendering (child) request finished in 835 ms","meta":{"rootId":"ztiwvlvwa0u3dix","id":"oa19nd6x8s9irnt"},"id":"b2a7gpa0k0m0a2u","previousOperationId":"nbrgual3zcn5ah2"}
{"type":"operationEnd","subtype":"render","operationId":"vgchp34236op504","timestamp":1705502349186,"id":"3a3cfx7ec6gl64m","previousEventId":"i0jsh3vwjtoofil","previousOperationId":"nbrgual3zcn5ah2"}
{"type":"operationEnd","operationId":"y96f6z16nhnxdsr","timestamp":1705502349205,"id":"nernkw3enuyshg1","previousEventId":"bnac6cbpel8941y","previousOperationId":"y96f6z16nhnxdsr"}
{"type":"log","timestamp":1705502349205,"level":"debug","message":"pdf-utils postproces start","meta":{"rootId":"ztiwvlvwa0u3dix","id":"ztiwvlvwa0u3dix"},"id":"lpud2a3fdn3yth2","previousOperationId":"y96f6z16nhnxdsr"}
{"type":"log","timestamp":1705502349223,"level":"debug","message":"pdf-utils postproces end","meta":{"rootId":"ztiwvlvwa0u3dix","id":"ztiwvlvwa0u3dix"},"id":"ipa874tavw059aq","previousOperationId":"y96f6z16nhnxdsr"}
{"type":"operationEnd","operationId":"q72a0tyguzwzzcc","timestamp":1705502349223,"id":"ny61swb6qa3u66n","previousEventId":"nernkw3enuyshg1","previousOperationId":"y96f6z16nhnxdsr"}
{"type":"log","timestamp":1705502349223,"level":"info","message":"pdf-utils pdf processing was finished","meta":{"rootId":"ztiwvlvwa0u3dix","id":"ztiwvlvwa0u3dix"},"id":"0tbeqtw8gciykyd","previousOperationId":"q72a0tyguzwzzcc"}
{"type":"log","timestamp":1705502349223,"level":"debug","message":"Skipping storing report.","meta":{"rootId":"ztiwvlvwa0u3dix","id":"ztiwvlvwa0u3dix"},"id":"srgx5o3ij4f4yvr","previousOperationId":"q72a0tyguzwzzcc"}
{"type":"log","timestamp":1705502349223,"level":"info","message":"Rendering request 15 finished in 872 ms","meta":{"rootId":"ztiwvlvwa0u3dix","id":"ztiwvlvwa0u3dix"},"id":"lgcc9m28k18pv2i","previousOperationId":"q72a0tyguzwzzcc"}
{"type":"operationEnd","subtype":"render","operationId":"yn32oto1nr6mvxx","timestamp":1705502349223,"id":"irqw4it37epblm0","previousEventId":"ny61swb6qa3u66n","previousOperationId":"q72a0tyguzwzzcc"}
{"type":"operationEnd","doDiffs":false,"previousEventId":"jb04zpkokkbunb0","previousOperationId":"cfzviqnkowfjgsi","operationId":"cfzviqnkowfjgsi","timestamp":1705502349261,"id":"xjlc5tqnkhq431k"}
