2024-01-17T14:15:13.668Z - error: Report render failed
(because) res.end is not a function
TypeError: res.end is not a function
    at sandbox.js:40:11
    at process.processTicksAndRejections (node:internal/process/task_queues:95:5) rootId=rexvt51yrzex7ok, id=rexvt51yrzex7ok
2024-01-17T14:29:40.647Z - error: Report render failed
(because) res.end is not a function
TypeError: res.end is not a function
    at sandbox.js:64:11
    at process.processTicksAndRejections (node:internal/process/task_queues:95:5) rootId=6i3ij69dxc9awih, id=6i3ij69dxc9awih
2024-01-17T14:30:29.816Z - error: Report render failed
(because) res.end is not a function
TypeError: res.end is not a function
    at sandbox.js:50:11
    at process.processTicksAndRejections (node:internal/process/task_queues:95:5) rootId=m390kdgbe7396c6, id=m390kdgbe7396c6
2024-01-17T14:31:00.348Z - error: Report render failed
(because) res.end is not a function
TypeError: res.end is not a function
    at sandbox.js:50:11
    at process.processTicksAndRejections (node:internal/process/task_queues:95:5) rootId=fn3hiqz87ftn7m7, id=fn3hiqz87ftn7m7
2024-01-17T14:31:36.931Z - error: Report render failed
(because) res.end is not a function
TypeError: res.end is not a function
    at sandbox.js:46:11
    at process.processTicksAndRejections (node:internal/process/task_queues:95:5) rootId=eyeq725atg5gigz, id=eyeq725atg5gigz
2024-01-17T14:32:36.466Z - error: Report render failed
(because) res.end is not a function
TypeError: res.end is not a function
    at sandbox.js:64:11
    at process.processTicksAndRejections (node:internal/process/task_queues:95:5) rootId=p2axr7ab4z1jzwn, id=p2axr7ab4z1jzwn
2024-01-17T14:33:01.191Z - error: Report render failed
(because) res.end is not a function
TypeError: res.end is not a function
    at sandbox.js:65:11
    at process.processTicksAndRejections (node:internal/process/task_queues:95:5) rootId=ohki5stsvamemdf, id=ohki5stsvamemdf
2024-01-17T14:33:28.047Z - error: Report render failed
(because) res.end is not a function
TypeError: res.end is not a function
    at sandbox.js:65:11
    at process.processTicksAndRejections (node:internal/process/task_queues:95:5) rootId=j0phahuo0jjfy0u, id=j0phahuo0jjfy0u
2024-01-17T14:36:26.417Z - error: Report render failed
(because) res.end is not a function
TypeError: res.end is not a function
    at sandbox.js:49:11
    at process.processTicksAndRejections (node:internal/process/task_queues:95:5) rootId=5ic4caqo285pfe1, id=5ic4caqo285pfe1
2024-01-17T14:41:09.892Z - error: Report render failed
(because) res.end is not a function
TypeError: res.end is not a function
    at sandbox.js:37:11
    at process.processTicksAndRejections (node:internal/process/task_queues:95:5) rootId=mkwni9p3gwmlz3i, id=mkwni9p3gwmlz3i
2024-01-17T16:41:08.953Z - error: Report render failed
(because) res.end is not a function
TypeError: res.end is not a function
    at sandbox.js:58:11
    at process.processTicksAndRejections (node:internal/process/task_queues:95:5) rootId=xps90ojh1ai5tks, id=xps90ojh1ai5tks
2024-01-17T17:43:23.844Z - error: Report render failed
(because) res.end is not a function
TypeError: res.end is not a function
    at sandbox.js:84:11
    at process.processTicksAndRejections (node:internal/process/task_queues:95:5) rootId=zojprhhfluqhaql, id=zojprhhfluqhaql
2024-01-18T15:33:36.362Z - error: Report render failed
(because) res.end is not a function
TypeError: res.end is not a function
    at sandbox.js:66:11
    at process.processTicksAndRejections (node:internal/process/task_queues:95:5) rootId=5hgcx9mmjz9xtql, id=5hgcx9mmjz9xtql
2024-01-18T15:46:38.787Z - error: Report render failed
(because) res.end is not a function
TypeError: res.end is not a function
    at sandbox.js:101:11
    at process.processTicksAndRejections (node:internal/process/task_queues:95:5) rootId=163uedoo26gmz6m, id=163uedoo26gmz6m
2024-01-18T17:06:53.981Z - error: Report render failed
(because) res.end is not a function
TypeError: res.end is not a function
    at sandbox.js:56:11
    at process.processTicksAndRejections (node:internal/process/task_queues:95:5) rootId=3iktueuymy7an72, id=3iktueuymy7an72
2024-01-18T18:27:52.399Z - error: Report render failed
(because) res.end is not a function
TypeError: res.end is not a function
    at sandbox.js:73:11
    at process.processTicksAndRejections (node:internal/process/task_queues:95:5) rootId=wrfiqam9uyuqe7d, id=wrfiqam9uyuqe7d
2024-01-18T20:02:50.807Z - error: Report render failed
(because) res.end is not a function
TypeError: res.end is not a function
    at sandbox.js:72:11
    at process.processTicksAndRejections (node:internal/process/task_queues:95:5) rootId=vyhnk32jiboyvqk, id=vyhnk32jiboyvqk
2024-02-19T15:49:21.545Z - error: Report render failed
(because) res.end is not a function
TypeError: res.end is not a function
    at sandbox.js:40:11
    at process.processTicksAndRejections (node:internal/process/task_queues:95:5) rootId=2zn9cag7i08yzbj, id=2zn9cag7i08yzbj
2024-02-19T15:50:35.158Z - error: Report render failed
(because) res.end is not a function
TypeError: res.end is not a function
    at sandbox.js:40:11
    at process.processTicksAndRejections (node:internal/process/task_queues:95:5) rootId=5vc9angamq7heri, id=5vc9angamq7heri
2024-02-19T15:51:02.745Z - error: Report render failed
(because) res.end is not a function
TypeError: res.end is not a function
    at sandbox.js:40:11
    at process.processTicksAndRejections (node:internal/process/task_queues:95:5) rootId=dnaq81s9ny6kpfn, id=dnaq81s9ny6kpfn
2024-02-19T15:51:59.650Z - error: Report render failed
(because) res.end is not a function
TypeError: res.end is not a function
    at sandbox.js:39:11
    at process.processTicksAndRejections (node:internal/process/task_queues:95:5) rootId=w6qn38eqea1sae2, id=w6qn38eqea1sae2
2024-02-19T15:52:22.432Z - error: Report render failed
(because) res.end is not a function
TypeError: res.end is not a function
    at sandbox.js:40:11
    at process.processTicksAndRejections (node:internal/process/task_queues:95:5) rootId=icu82rotlca74si, id=icu82rotlca74si
2024-02-19T15:52:46.126Z - error: Report render failed
(because) res.end is not a function
TypeError: res.end is not a function
    at sandbox.js:40:11
    at process.processTicksAndRejections (node:internal/process/task_queues:95:5) rootId=ldwuywrrlcx59cx, id=ldwuywrrlcx59cx
2024-02-19T15:53:08.531Z - error: Report render failed
(because) res.end is not a function
TypeError: res.end is not a function
    at sandbox.js:40:11
    at process.processTicksAndRejections (node:internal/process/task_queues:95:5) rootId=rydmhvws91ag1ml, id=rydmhvws91ag1ml
2024-02-19T15:53:11.503Z - error: Report render failed
(because) res.end is not a function
TypeError: res.end is not a function
    at sandbox.js:40:11
    at process.processTicksAndRejections (node:internal/process/task_queues:95:5) rootId=vtm4d1sj1xwnrxr, id=vtm4d1sj1xwnrxr
2024-02-19T15:53:15.696Z - error: Report render failed
(because) res.end is not a function
TypeError: res.end is not a function
    at sandbox.js:39:11
    at process.processTicksAndRejections (node:internal/process/task_queues:95:5) rootId=n1inhkxgk38trt9, id=n1inhkxgk38trt9
2024-02-19T15:54:00.670Z - error: Report render failed
(because) res.end is not a function
TypeError: res.end is not a function
    at sandbox.js:40:11
    at process.processTicksAndRejections (node:internal/process/task_queues:95:5) rootId=5h09zeyn974sa72, id=5h09zeyn974sa72
2024-02-19T15:54:08.660Z - error: Report render failed
(because) res.end is not a function
TypeError: res.end is not a function
    at sandbox.js:40:11
    at process.processTicksAndRejections (node:internal/process/task_queues:95:5) rootId=4w0dvxo36c9n031, id=4w0dvxo36c9n031
2024-02-19T15:54:20.757Z - error: Report render failed
(because) res.end is not a function
TypeError: res.end is not a function
    at sandbox.js:40:11
    at process.processTicksAndRejections (node:internal/process/task_queues:95:5) rootId=lo3wczaes3bfqm3, id=lo3wczaes3bfqm3
2024-02-19T15:56:27.246Z - error: Report render failed
(because) res.end is not a function
TypeError: res.end is not a function
    at sandbox.js:40:11
    at process.processTicksAndRejections (node:internal/process/task_queues:95:5) rootId=xz8qbyht23ivgcr, id=xz8qbyht23ivgcr
2024-02-19T15:56:49.809Z - error: Report render failed
(because) res.end is not a function
TypeError: res.end is not a function
    at sandbox.js:40:11
    at process.processTicksAndRejections (node:internal/process/task_queues:95:5) rootId=58yrym6qrqhzqmg, id=58yrym6qrqhzqmg
2024-02-19T15:57:00.099Z - error: Report render failed
(because) res.end is not a function
TypeError: res.end is not a function
    at sandbox.js:40:11
    at process.processTicksAndRejections (node:internal/process/task_queues:95:5) rootId=8v8a4529vr94zbi, id=8v8a4529vr94zbi
2024-02-19T15:57:47.503Z - error: Report render failed
(because) res.end is not a function
TypeError: res.end is not a function
    at sandbox.js:40:11
    at process.processTicksAndRejections (node:internal/process/task_queues:95:5) rootId=npxkpr4w625lwgl, id=npxkpr4w625lwgl
2024-02-19T15:59:52.237Z - error: Report render failed
(because) res.end is not a function
TypeError: res.end is not a function
    at sandbox.js:37:11
    at process.processTicksAndRejections (node:internal/process/task_queues:95:5) rootId=7hsecgizyuve3i8, id=7hsecgizyuve3i8
2024-02-19T16:00:12.443Z - error: Report render failed
(because) res.end is not a function
TypeError: res.end is not a function
    at sandbox.js:37:11
    at process.processTicksAndRejections (node:internal/process/task_queues:95:5) rootId=2z73y63kf6jfs3f, id=2z73y63kf6jfs3f
2024-02-19T16:01:15.352Z - error: Report render failed
(because) res.end is not a function
TypeError: res.end is not a function
    at sandbox.js:37:11
    at process.processTicksAndRejections (node:internal/process/task_queues:95:5) rootId=wlkp7zehwv11fnr, id=wlkp7zehwv11fnr
2024-02-19T16:05:20.938Z - error: Report render failed
(because) res.end is not a function
TypeError: res.end is not a function
    at sandbox.js:40:11
    at process.processTicksAndRejections (node:internal/process/task_queues:95:5) rootId=orgkl93jp7k0pr1, id=orgkl93jp7k0pr1
2024-02-19T16:06:02.870Z - error: Report render failed
(because) res.end is not a function
TypeError: res.end is not a function
    at sandbox.js:40:11
    at process.processTicksAndRejections (node:internal/process/task_queues:95:5) rootId=crmpg4fklxeeqmi, id=crmpg4fklxeeqmi
2024-02-19T16:08:12.861Z - error: Report render failed
(because) res.end is not a function
TypeError: res.end is not a function
    at sandbox.js:40:11
    at process.processTicksAndRejections (node:internal/process/task_queues:95:5) rootId=epyki79038w6ror, id=epyki79038w6ror
2024-02-19T16:09:06.878Z - error: Report render failed
(because) res.end is not a function
TypeError: res.end is not a function
    at sandbox.js:40:11
    at process.processTicksAndRejections (node:internal/process/task_queues:95:5) rootId=cf11h9gp4y3ea5p, id=cf11h9gp4y3ea5p
2024-02-19T16:09:08.862Z - error: Report render failed
(because) res.end is not a function
TypeError: res.end is not a function
    at sandbox.js:40:11
    at process.processTicksAndRejections (node:internal/process/task_queues:95:5) rootId=kfxkewp7flu19lt, id=kfxkewp7flu19lt
2024-02-19T16:09:20.248Z - error: Report render failed
(because) res.end is not a function
TypeError: res.end is not a function
    at sandbox.js:40:11
    at process.processTicksAndRejections (node:internal/process/task_queues:95:5) rootId=ifikpl79igrzjgp, id=ifikpl79igrzjgp
2024-02-19T16:10:57.546Z - error: Report render failed
(because) res.end is not a function
TypeError: res.end is not a function
    at sandbox.js:40:11
    at process.processTicksAndRejections (node:internal/process/task_queues:95:5) rootId=pxgztk4lryirkhe, id=pxgztk4lryirkhe
2024-02-19T16:13:16.548Z - error: Report render failed
(because) res.end is not a function
TypeError: res.end is not a function
    at sandbox.js:38:11
    at process.processTicksAndRejections (node:internal/process/task_queues:95:5) rootId=5iec75ltz944bh0, id=5iec75ltz944bh0
2024-02-19T16:14:10.723Z - error: Report render failed
(because) res.end is not a function
TypeError: res.end is not a function
    at sandbox.js:38:11
    at process.processTicksAndRejections (node:internal/process/task_queues:95:5) rootId=7vwr9q009gy2lpa, id=7vwr9q009gy2lpa
2024-02-19T16:14:56.927Z - error: Report render failed
(because) res.end is not a function
TypeError: res.end is not a function
    at sandbox.js:38:11
    at process.processTicksAndRejections (node:internal/process/task_queues:95:5) rootId=do685ngt3sj9dj4, id=do685ngt3sj9dj4
2024-02-19T16:18:05.855Z - error: Report render failed
(because) res.end is not a function
TypeError: res.end is not a function
    at sandbox.js:38:11
    at process.processTicksAndRejections (node:internal/process/task_queues:95:5) rootId=hjscoi1r9zb8k7l, id=hjscoi1r9zb8k7l
2024-02-19T16:18:17.109Z - error: Report render failed
(because) res.end is not a function
TypeError: res.end is not a function
    at sandbox.js:38:11
    at process.processTicksAndRejections (node:internal/process/task_queues:95:5) rootId=gtepr2l7kbw9vru, id=gtepr2l7kbw9vru
2024-02-19T16:18:35.239Z - error: Report render failed
(because) res.end is not a function
TypeError: res.end is not a function
    at sandbox.js:38:11
    at process.processTicksAndRejections (node:internal/process/task_queues:95:5) rootId=ufly8w1zufqv5of, id=ufly8w1zufqv5of
2024-02-19T16:22:09.706Z - error: Report render failed
(because) res.end is not a function
TypeError: res.end is not a function
    at sandbox.js:38:11
    at process.processTicksAndRejections (node:internal/process/task_queues:95:5) rootId=avp4typflij19rd, id=avp4typflij19rd
2024-02-19T16:23:31.809Z - error: Report render failed
(because) res.end is not a function
TypeError: res.end is not a function
    at sandbox.js:62:11
    at process.processTicksAndRejections (node:internal/process/task_queues:95:5) rootId=xfyyx3mie34wza7, id=xfyyx3mie34wza7
2024-02-19T16:23:44.243Z - error: Report render failed
(because) res.end is not a function
TypeError: res.end is not a function
    at sandbox.js:62:11
    at process.processTicksAndRejections (node:internal/process/task_queues:95:5) rootId=5lqd2wkmudnk5r4, id=5lqd2wkmudnk5r4
2024-02-19T16:29:26.582Z - error: Report render failed
(because) res.end is not a function
TypeError: res.end is not a function
    at sandbox.js:62:11
    at process.processTicksAndRejections (node:internal/process/task_queues:95:5) rootId=fuwuvdf35mrm9wv, id=fuwuvdf35mrm9wv
2024-02-19T16:30:53.536Z - error: Report render failed
(because) res.end is not a function
TypeError: res.end is not a function
    at sandbox.js:62:11
    at process.processTicksAndRejections (node:internal/process/task_queues:95:5) rootId=ab9s5waj475zngz, id=ab9s5waj475zngz
2024-02-19T16:31:01.451Z - error: Report render failed
(because) res.end is not a function
TypeError: res.end is not a function
    at sandbox.js:62:11
    at process.processTicksAndRejections (node:internal/process/task_queues:95:5) rootId=k2688d09x6zzkx2, id=k2688d09x6zzkx2
2024-02-19T16:32:02.083Z - error: Report render failed
(because) res.end is not a function
TypeError: res.end is not a function
    at sandbox.js:62:11
    at process.processTicksAndRejections (node:internal/process/task_queues:95:5) rootId=ce0gj4925mqaz0s, id=ce0gj4925mqaz0s
2024-02-19T16:34:41.559Z - error: Report render failed
(because) res.end is not a function
TypeError: res.end is not a function
    at sandbox.js:57:11
    at process.processTicksAndRejections (node:internal/process/task_queues:95:5) rootId=0py094qupmjumex, id=0py094qupmjumex
2024-02-19T16:34:48.699Z - error: Report render failed
(because) res.end is not a function
TypeError: res.end is not a function
    at sandbox.js:51:11
    at process.processTicksAndRejections (node:internal/process/task_queues:95:5) rootId=59em4eaqrwo9qn7, id=59em4eaqrwo9qn7
2024-02-19T16:34:54.188Z - error: Report render failed
(because) res.end is not a function
TypeError: res.end is not a function
    at sandbox.js:45:11
    at process.processTicksAndRejections (node:internal/process/task_queues:95:5) rootId=3fq4xnnxdvpbhtk, id=3fq4xnnxdvpbhtk
2024-02-19T16:37:01.735Z - error: Report render failed
(because) res.end is not a function
TypeError: res.end is not a function
    at sandbox.js:52:17
    at process.processTicksAndRejections (node:internal/process/task_queues:95:5) rootId=m7ibzxf3ilztazm, id=m7ibzxf3ilztazm
2024-02-19T16:37:21.496Z - error: Report render failed
(because) res.end is not a function
TypeError: res.end is not a function
    at sandbox.js:52:17
    at process.processTicksAndRejections (node:internal/process/task_queues:95:5) rootId=p913rdlj5gbabnv, id=p913rdlj5gbabnv
2024-02-19T16:37:29.908Z - error: Report render failed
(because) res.end is not a function
TypeError: res.end is not a function
    at sandbox.js:46:17
    at process.processTicksAndRejections (node:internal/process/task_queues:95:5) rootId=nmzf5nbbccodhpx, id=nmzf5nbbccodhpx
2024-02-19T16:37:35.610Z - error: Report render failed
(because) res.end is not a function
TypeError: res.end is not a function
    at sandbox.js:40:17
    at process.processTicksAndRejections (node:internal/process/task_queues:95:5) rootId=sssz9iksj0840bk, id=sssz9iksj0840bk
2024-02-19T16:38:15.023Z - error: Report render failed
(because) res.end is not a function
TypeError: res.end is not a function
    at sandbox.js:52:17
    at process.processTicksAndRejections (node:internal/process/task_queues:95:5) rootId=3of5wfmazsohupr, id=3of5wfmazsohupr
2024-02-19T16:38:46.847Z - error: Report render failed
(because) res.end is not a function
TypeError: res.end is not a function
    at sandbox.js:51:17
    at process.processTicksAndRejections (node:internal/process/task_queues:95:5) rootId=vbjo64wro3g9bch, id=vbjo64wro3g9bch
2024-02-19T16:40:06.448Z - error: Report render failed
(because) res.end is not a function
TypeError: res.end is not a function
    at sandbox.js:45:17
    at process.processTicksAndRejections (node:internal/process/task_queues:95:5) rootId=mpsj8ozwnj4n1iu, id=mpsj8ozwnj4n1iu
2024-02-19T16:40:22.579Z - error: Report render failed
(because) res.end is not a function
TypeError: res.end is not a function
    at sandbox.js:45:17
    at process.processTicksAndRejections (node:internal/process/task_queues:95:5) rootId=l9rvralhzghdegi, id=l9rvralhzghdegi
2024-02-19T16:41:35.715Z - error: Report render failed
(because) res.end is not a function
TypeError: res.end is not a function
    at sandbox.js:45:17
    at process.processTicksAndRejections (node:internal/process/task_queues:95:5) rootId=bg0em72hy4j8n6o, id=bg0em72hy4j8n6o
2024-02-19T16:41:36.795Z - error: Report render failed
(because) res.end is not a function
TypeError: res.end is not a function
    at sandbox.js:45:17
    at process.processTicksAndRejections (node:internal/process/task_queues:95:5) rootId=ptc2vj3vbzojrcz, id=ptc2vj3vbzojrcz
2024-02-19T16:43:51.394Z - error: Report render failed
(because) res.end is not a function
TypeError: res.end is not a function
    at sandbox.js:45:17
    at process.processTicksAndRejections (node:internal/process/task_queues:95:5) rootId=huc6u2dew4nll9m, id=huc6u2dew4nll9m
2024-02-19T16:44:15.414Z - error: Report render failed
(because) res.end is not a function
TypeError: res.end is not a function
    at sandbox.js:45:17
    at process.processTicksAndRejections (node:internal/process/task_queues:95:5) rootId=fn1na7u3ldhuqhf, id=fn1na7u3ldhuqhf
2024-02-19T16:44:16.831Z - error: Report render failed
(because) res.end is not a function
TypeError: res.end is not a function
    at sandbox.js:45:17
    at process.processTicksAndRejections (node:internal/process/task_queues:95:5) rootId=8w7682wqsmz7g2u, id=8w7682wqsmz7g2u
2024-02-19T16:46:14.507Z - error: Report render failed
(because) res.end is not a function
TypeError: res.end is not a function
    at sandbox.js:45:17
    at process.processTicksAndRejections (node:internal/process/task_queues:95:5) rootId=ce6g9i3z1cvkf8a, id=ce6g9i3z1cvkf8a
2024-02-19T16:46:28.601Z - error: Report render failed
(because) res.end is not a function
TypeError: res.end is not a function
    at sandbox.js:45:17
    at process.processTicksAndRejections (node:internal/process/task_queues:95:5) rootId=nle8zj9ssca7zh5, id=nle8zj9ssca7zh5
