{"type":"operationStart","subtype":"profile","data":{"_id":"B15VOIVwIE6qbep9","timestamp":"2024-02-21T16:38:50.787Z","state":"queued","mode":"standard","creationDate":"2024-02-21T16:38:50.788Z","modificationDate":"2024-02-21T16:38:50.788Z","shortid":"DtXZT6e","$entitySet":"profiles"},"doDiffs":false,"timestamp":1708533530787,"id":"m8wdtykp9k6fam1","previousOperationId":null,"operationId":"57ti9upczexjwlh"}
{"type":"log","level":"info","message":"Render request 3 queued for execution and waiting for available worker","previousOperationId":"57ti9upczexjwlh","timestamp":1708533530788,"id":"m0slc9jue3yajgm"}
{"type":"operationStart","subtype":"render","name":"orders-header","previousOperationId":"57ti9upczexjwlh","timestamp":1708533530823,"id":"3ahxnraapo66xwc","previousEventId":"m8wdtykp9k6fam1","operationId":"c3dnwbtjov6e3g1"}
{"type":"log","timestamp":1708533530823,"level":"info","message":"Starting rendering request 3","meta":{"rootId":"3j4xsbuwjjgi6bf","id":"3j4xsbuwjjgi6bf"},"id":"33cq44ivn086xtl","previousOperationId":"c3dnwbtjov6e3g1"}
{"type":"log","timestamp":1708533530823,"level":"info","message":"Rendering template { name: orders-header, recipe: chrome-pdf, engine: handlebars, preview: true }","meta":{"rootId":"3j4xsbuwjjgi6bf","id":"3j4xsbuwjjgi6bf"},"id":"wm2wkxwqfpkur1q","previousOperationId":"c3dnwbtjov6e3g1"}
{"type":"log","timestamp":1708533530823,"level":"debug","message":"Data item not defined for this template.","meta":{"rootId":"3j4xsbuwjjgi6bf","id":"3j4xsbuwjjgi6bf"},"id":"8y1tkboyw82eccr","previousOperationId":"c3dnwbtjov6e3g1"}
{"type":"log","timestamp":1708533530824,"level":"debug","message":"Base url not specified, skipping its injection.","meta":{"rootId":"3j4xsbuwjjgi6bf","id":"3j4xsbuwjjgi6bf"},"id":"do06nagmmv0sn88","previousOperationId":"c3dnwbtjov6e3g1"}
{"type":"operationStart","subtype":"engine","name":"handlebars","timestamp":1708533530824,"id":"4mkmosa9sgffk9f","previousEventId":"3ahxnraapo66xwc","operationId":"7axpl0jojcd3vm9","previousOperationId":"c3dnwbtjov6e3g1"}
{"type":"log","timestamp":1708533530824,"level":"debug","message":"Rendering engine handlebars","meta":{"rootId":"3j4xsbuwjjgi6bf","id":"3j4xsbuwjjgi6bf"},"id":"sibwpomuni37f5p","previousOperationId":"7axpl0jojcd3vm9"}
{"type":"operationEnd","operationId":"7axpl0jojcd3vm9","timestamp":1708533530830,"id":"viv4bu07ezknqen","previousEventId":"4mkmosa9sgffk9f","previousOperationId":"7axpl0jojcd3vm9"}
{"type":"operationStart","subtype":"recipe","name":"chrome-pdf","timestamp":1708533530831,"id":"x0wyzekxmz4zjzr","previousEventId":"viv4bu07ezknqen","operationId":"3tweg265ygmucnz","previousOperationId":"7axpl0jojcd3vm9"}
{"type":"log","timestamp":1708533530831,"level":"debug","message":"Executing recipe chrome-pdf","meta":{"rootId":"3j4xsbuwjjgi6bf","id":"3j4xsbuwjjgi6bf"},"id":"ulxxvtwxct43j4t","previousOperationId":"3tweg265ygmucnz"}
{"type":"log","timestamp":1708533530832,"level":"debug","message":"Converting with chrome HeadlessChrome/117.0.5938.149 using chrome-pool strategy","meta":{"rootId":"3j4xsbuwjjgi6bf","id":"3j4xsbuwjjgi6bf"},"id":"wx8b4yws26rfgk6","previousOperationId":"3tweg265ygmucnz"}
{"type":"log","timestamp":1708533530878,"level":"debug","message":"Page request: GET (document) file:///var/folders/tp/6hccbwhd41s4hkmxw_2wkz640000gn/T/jsreport/autocleanup/28868144-d787-4ecc-8b2d-3b3f5c9bfd99-chrome-pdf.html","meta":{"rootId":"3j4xsbuwjjgi6bf","id":"3j4xsbuwjjgi6bf"},"id":"nefwkwcwv6i9epd","previousOperationId":"3tweg265ygmucnz"}
{"type":"log","timestamp":1708533530885,"level":"debug","message":"Page request: GET (stylesheet) https://cdnjs.cloudflare.com/ajax/libs/metro/4.1.5/css/metro.min.css","meta":{"rootId":"3j4xsbuwjjgi6bf","id":"3j4xsbuwjjgi6bf"},"id":"1tq6tpfg2dynd82","previousOperationId":"3tweg265ygmucnz"}
{"type":"log","timestamp":1708533530885,"level":"debug","message":"Page request finished: GET (document) 200 file:///var/folders/tp/6hccbwhd41s4hkmxw_2wkz640000gn/T/jsreport/autocleanup/28868144-d787-4ecc-8b2d-3b3f5c9bfd99-chrome-pdf.html","meta":{"rootId":"3j4xsbuwjjgi6bf","id":"3j4xsbuwjjgi6bf"},"id":"is16dxdzug7w762","previousOperationId":"3tweg265ygmucnz"}
{"type":"log","timestamp":1708533530894,"level":"debug","message":"Page request finished: GET (stylesheet) 200 https://cdnjs.cloudflare.com/ajax/libs/metro/4.1.5/css/metro.min.css","meta":{"rootId":"3j4xsbuwjjgi6bf","id":"3j4xsbuwjjgi6bf"},"id":"mb9haucu8tc42ui","previousOperationId":"3tweg265ygmucnz"}
{"type":"log","timestamp":1708533530897,"level":"debug","message":"Running chrome with params {\"printBackground\":true,\"marginTop\":\"1.5cm\",\"marginRight\":\"1.5cm\",\"marginLeft\":\"1.cm\",\"timeout\":59956,\"margin\":{\"top\":\"1.5cm\",\"right\":\"1.5cm\",\"left\":\"1.cm\"}}","meta":{"rootId":"3j4xsbuwjjgi6bf","id":"3j4xsbuwjjgi6bf"},"id":"3bq5jzrhzv9v4u1","previousOperationId":"3tweg265ygmucnz"}
{"type":"operationEnd","operationId":"3tweg265ygmucnz","timestamp":1708533530907,"id":"15q3913tmn4kwmj","previousEventId":"x0wyzekxmz4zjzr","previousOperationId":"3tweg265ygmucnz"}
{"type":"log","timestamp":1708533530907,"level":"debug","message":"Skipping storing report.","meta":{"rootId":"3j4xsbuwjjgi6bf","id":"3j4xsbuwjjgi6bf"},"id":"5uen79cejniu5q9","previousOperationId":"3tweg265ygmucnz"}
{"type":"log","timestamp":1708533530907,"level":"info","message":"Rendering request 3 finished in 120 ms","meta":{"rootId":"3j4xsbuwjjgi6bf","id":"3j4xsbuwjjgi6bf"},"id":"qy7owjy2nwt4ryu","previousOperationId":"3tweg265ygmucnz"}
{"type":"operationEnd","subtype":"render","operationId":"c3dnwbtjov6e3g1","timestamp":1708533530907,"id":"6el3eqz0c91l2pm","previousEventId":"15q3913tmn4kwmj","previousOperationId":"3tweg265ygmucnz"}
{"type":"operationEnd","doDiffs":false,"previousEventId":"m8wdtykp9k6fam1","previousOperationId":"57ti9upczexjwlh","operationId":"57ti9upczexjwlh","timestamp":1708533530910,"id":"llxkg08nkeudohs"}
