{"type":"operationStart","subtype":"profile","data":{"_id":"HbnoJs0glXKpsdhN","timestamp":"2024-02-21T16:40:16.595Z","state":"queued","mode":"standard","creationDate":"2024-02-21T16:40:16.597Z","modificationDate":"2024-02-21T16:40:16.597Z","shortid":"o9FgW0T","$entitySet":"profiles"},"doDiffs":false,"timestamp":1708533616596,"id":"7ixkknxh9k3dcsl","previousOperationId":null,"operationId":"ae9s2emnzkcrn7l"}
{"type":"log","level":"info","message":"Render request 7 queued for execution and waiting for available worker","previousOperationId":"ae9s2emnzkcrn7l","timestamp":1708533616597,"id":"ueymtzpcfvuw061"}
{"type":"operationStart","subtype":"render","name":"orders-header","previousOperationId":"ae9s2emnzkcrn7l","timestamp":1708533616606,"id":"3mem89vvcpx7yc2","previousEventId":"7ixkknxh9k3dcsl","operationId":"b14ocvyrp1swek9"}
{"type":"log","timestamp":1708533616607,"level":"info","message":"Starting rendering request 7","meta":{"rootId":"eusftcs4dgbppr8","id":"eusftcs4dgbppr8"},"id":"3cyh2yjqcl7hfih","previousOperationId":"b14ocvyrp1swek9"}
{"type":"log","timestamp":1708533616608,"level":"info","message":"Rendering template { name: orders-header, recipe: chrome-pdf, engine: handlebars, preview: true }","meta":{"rootId":"eusftcs4dgbppr8","id":"eusftcs4dgbppr8"},"id":"br65r9r9novdka2","previousOperationId":"b14ocvyrp1swek9"}
{"type":"log","timestamp":1708533616610,"level":"debug","message":"Data item not defined for this template.","meta":{"rootId":"eusftcs4dgbppr8","id":"eusftcs4dgbppr8"},"id":"s8vwxgzeive7yfc","previousOperationId":"b14ocvyrp1swek9"}
{"type":"log","timestamp":1708533616612,"level":"debug","message":"Base url not specified, skipping its injection.","meta":{"rootId":"eusftcs4dgbppr8","id":"eusftcs4dgbppr8"},"id":"xq3tejel21pcsro","previousOperationId":"b14ocvyrp1swek9"}
{"type":"operationStart","subtype":"engine","name":"handlebars","timestamp":1708533616614,"id":"4zzrbjtbx7846ko","previousEventId":"3mem89vvcpx7yc2","operationId":"wr7wn09s1gtxc19","previousOperationId":"b14ocvyrp1swek9"}
{"type":"log","timestamp":1708533616614,"level":"debug","message":"Rendering engine handlebars","meta":{"rootId":"eusftcs4dgbppr8","id":"eusftcs4dgbppr8"},"id":"j7zkg56tvayp6zl","previousOperationId":"wr7wn09s1gtxc19"}
{"type":"operationEnd","operationId":"wr7wn09s1gtxc19","timestamp":1708533616880,"id":"sgond09em0lrgh3","previousEventId":"4zzrbjtbx7846ko","previousOperationId":"wr7wn09s1gtxc19"}
{"type":"operationStart","subtype":"recipe","name":"chrome-pdf","timestamp":1708533616880,"id":"zneyot10loc59lq","previousEventId":"sgond09em0lrgh3","operationId":"mfb45dczu0unnkt","previousOperationId":"wr7wn09s1gtxc19"}
{"type":"log","timestamp":1708533616880,"level":"debug","message":"Executing recipe chrome-pdf","meta":{"rootId":"eusftcs4dgbppr8","id":"eusftcs4dgbppr8"},"id":"q1tues0gio1cg8e","previousOperationId":"mfb45dczu0unnkt"}
{"type":"log","timestamp":1708533617359,"level":"debug","message":"Converting with chrome HeadlessChrome/117.0.5938.149 using chrome-pool strategy","meta":{"rootId":"eusftcs4dgbppr8","id":"eusftcs4dgbppr8"},"id":"8o94z220c8w56kp","previousOperationId":"mfb45dczu0unnkt"}
{"type":"log","timestamp":1708533617405,"level":"debug","message":"Page request: GET (document) file:///var/folders/tp/6hccbwhd41s4hkmxw_2wkz640000gn/T/jsreport/autocleanup/b6f8ad3d-ca54-453d-b434-62eda4a68098-chrome-pdf.html","meta":{"rootId":"eusftcs4dgbppr8","id":"eusftcs4dgbppr8"},"id":"ym4s753z8mpfstr","previousOperationId":"mfb45dczu0unnkt"}
{"type":"log","timestamp":1708533617411,"level":"debug","message":"Page request: GET (stylesheet) https://cdnjs.cloudflare.com/ajax/libs/metro/4.1.5/css/metro.min.css","meta":{"rootId":"eusftcs4dgbppr8","id":"eusftcs4dgbppr8"},"id":"o1w8tp1dxrl1k0k","previousOperationId":"mfb45dczu0unnkt"}
{"type":"log","timestamp":1708533617412,"level":"debug","message":"Page request finished: GET (document) 200 file:///var/folders/tp/6hccbwhd41s4hkmxw_2wkz640000gn/T/jsreport/autocleanup/b6f8ad3d-ca54-453d-b434-62eda4a68098-chrome-pdf.html","meta":{"rootId":"eusftcs4dgbppr8","id":"eusftcs4dgbppr8"},"id":"3un4d9q4tf03fyv","previousOperationId":"mfb45dczu0unnkt"}
{"type":"log","timestamp":1708533617713,"level":"debug","message":"Page request finished: GET (stylesheet) 200 https://cdnjs.cloudflare.com/ajax/libs/metro/4.1.5/css/metro.min.css","meta":{"rootId":"eusftcs4dgbppr8","id":"eusftcs4dgbppr8"},"id":"4lsyflnkig5jr1m","previousOperationId":"mfb45dczu0unnkt"}
{"type":"log","timestamp":1708533617715,"level":"debug","message":"Running chrome with params {\"printBackground\":true,\"marginTop\":\"1.5cm\",\"marginRight\":\"1.5cm\",\"marginLeft\":\"1.cm\",\"timeout\":59536,\"margin\":{\"top\":\"1.5cm\",\"right\":\"1.5cm\",\"left\":\"1.cm\"}}","meta":{"rootId":"eusftcs4dgbppr8","id":"eusftcs4dgbppr8"},"id":"2mm93seap7gqkhn","previousOperationId":"mfb45dczu0unnkt"}
{"type":"operationEnd","operationId":"mfb45dczu0unnkt","timestamp":1708533617725,"id":"the1e82tuq8nxtw","previousEventId":"zneyot10loc59lq","previousOperationId":"mfb45dczu0unnkt"}
{"type":"log","timestamp":1708533617726,"level":"debug","message":"Skipping storing report.","meta":{"rootId":"eusftcs4dgbppr8","id":"eusftcs4dgbppr8"},"id":"9g8zibaqn31urs4","previousOperationId":"mfb45dczu0unnkt"}
{"type":"log","timestamp":1708533617726,"level":"info","message":"Rendering request 7 finished in 1131 ms","meta":{"rootId":"eusftcs4dgbppr8","id":"eusftcs4dgbppr8"},"id":"qr6z9g0aj2eezoz","previousOperationId":"mfb45dczu0unnkt"}
{"type":"operationEnd","subtype":"render","operationId":"b14ocvyrp1swek9","timestamp":1708533617726,"id":"7uuoknyrd3h60i7","previousEventId":"the1e82tuq8nxtw","previousOperationId":"mfb45dczu0unnkt"}
{"type":"operationEnd","doDiffs":false,"previousEventId":"7ixkknxh9k3dcsl","previousOperationId":"ae9s2emnzkcrn7l","operationId":"ae9s2emnzkcrn7l","timestamp":1708533617727,"id":"5eyfzfyexeb3qkj"}
