{"type":"operationStart","subtype":"profile","data":{"_id":"C2t4weQm0KvWoNWc","timestamp":"2024-02-21T16:38:46.749Z","state":"queued","mode":"standard","creationDate":"2024-02-21T16:38:46.751Z","modificationDate":"2024-02-21T16:38:46.751Z","shortid":"RlDIqxl","$entitySet":"profiles"},"doDiffs":false,"timestamp":1708533526750,"id":"wir4ktw51x83oam","previousOperationId":null,"operationId":"mem9tbh3xsbaqfw"}
{"type":"log","level":"info","message":"Render request 2 queued for execution and waiting for available worker","previousOperationId":"mem9tbh3xsbaqfw","timestamp":1708533526750,"id":"wrgpo6k0afpivw8"}
{"type":"operationStart","subtype":"render","name":"orders-header","previousOperationId":"mem9tbh3xsbaqfw","timestamp":1708533526775,"id":"n06rscnuny1ks50","previousEventId":"wir4ktw51x83oam","operationId":"lbij1phbbc2d8l8"}
{"type":"log","timestamp":1708533526776,"level":"info","message":"Starting rendering request 2","meta":{"rootId":"mn182xitoqjin6n","id":"mn182xitoqjin6n"},"id":"ls8emy9a910z8m7","previousOperationId":"lbij1phbbc2d8l8"}
{"type":"log","timestamp":1708533526776,"level":"info","message":"Rendering template { name: orders-header, recipe: chrome-pdf, engine: handlebars, preview: true }","meta":{"rootId":"mn182xitoqjin6n","id":"mn182xitoqjin6n"},"id":"52ip3z3t8c8s35m","previousOperationId":"lbij1phbbc2d8l8"}
{"type":"log","timestamp":1708533526783,"level":"debug","message":"Data item not defined for this template.","meta":{"rootId":"mn182xitoqjin6n","id":"mn182xitoqjin6n"},"id":"vhjt2n0rt9la9gy","previousOperationId":"lbij1phbbc2d8l8"}
{"type":"log","timestamp":1708533526786,"level":"debug","message":"Base url not specified, skipping its injection.","meta":{"rootId":"mn182xitoqjin6n","id":"mn182xitoqjin6n"},"id":"86tropck0i4rb8x","previousOperationId":"lbij1phbbc2d8l8"}
{"type":"operationStart","subtype":"engine","name":"handlebars","timestamp":1708533526787,"id":"q3103z1e9xhhs2z","previousEventId":"n06rscnuny1ks50","operationId":"igcx4dgbq290i0m","previousOperationId":"lbij1phbbc2d8l8"}
{"type":"log","timestamp":1708533526787,"level":"debug","message":"Rendering engine handlebars","meta":{"rootId":"mn182xitoqjin6n","id":"mn182xitoqjin6n"},"id":"l9b7s10ctt4n03b","previousOperationId":"igcx4dgbq290i0m"}
{"type":"operationEnd","operationId":"igcx4dgbq290i0m","timestamp":1708533527059,"id":"sfzsjzhp27pp8a0","previousEventId":"q3103z1e9xhhs2z","previousOperationId":"igcx4dgbq290i0m"}
{"type":"operationStart","subtype":"recipe","name":"chrome-pdf","timestamp":1708533527060,"id":"ezx86mye9x3onbc","previousEventId":"sfzsjzhp27pp8a0","operationId":"a9o5ktokxbhipup","previousOperationId":"igcx4dgbq290i0m"}
{"type":"log","timestamp":1708533527060,"level":"debug","message":"Executing recipe chrome-pdf","meta":{"rootId":"mn182xitoqjin6n","id":"mn182xitoqjin6n"},"id":"pgmrcxwlosl6yo1","previousOperationId":"a9o5ktokxbhipup"}
{"type":"log","timestamp":1708533527437,"level":"debug","message":"Converting with chrome HeadlessChrome/117.0.5938.149 using chrome-pool strategy","meta":{"rootId":"mn182xitoqjin6n","id":"mn182xitoqjin6n"},"id":"3f8xgj1hi81s265","previousOperationId":"a9o5ktokxbhipup"}
{"type":"log","timestamp":1708533527485,"level":"debug","message":"Page request: GET (document) file:///var/folders/tp/6hccbwhd41s4hkmxw_2wkz640000gn/T/jsreport/autocleanup/77e7be3e-3e78-4d57-8ae0-4e562aa9205c-chrome-pdf.html","meta":{"rootId":"mn182xitoqjin6n","id":"mn182xitoqjin6n"},"id":"kdu3mh1gr7ubs6f","previousOperationId":"a9o5ktokxbhipup"}
{"type":"log","timestamp":1708533527491,"level":"debug","message":"Page request: GET (stylesheet) https://cdnjs.cloudflare.com/ajax/libs/metro/4.1.5/css/metro.min.css","meta":{"rootId":"mn182xitoqjin6n","id":"mn182xitoqjin6n"},"id":"jpak8zqsesc1f4o","previousOperationId":"a9o5ktokxbhipup"}
{"type":"log","timestamp":1708533527492,"level":"debug","message":"Page request finished: GET (document) 200 file:///var/folders/tp/6hccbwhd41s4hkmxw_2wkz640000gn/T/jsreport/autocleanup/77e7be3e-3e78-4d57-8ae0-4e562aa9205c-chrome-pdf.html","meta":{"rootId":"mn182xitoqjin6n","id":"mn182xitoqjin6n"},"id":"v34gz0yiyau7zu7","previousOperationId":"a9o5ktokxbhipup"}
{"type":"log","timestamp":1708533527794,"level":"debug","message":"Page request finished: GET (stylesheet) 200 https://cdnjs.cloudflare.com/ajax/libs/metro/4.1.5/css/metro.min.css","meta":{"rootId":"mn182xitoqjin6n","id":"mn182xitoqjin6n"},"id":"zycmnvwjyb05et8","previousOperationId":"a9o5ktokxbhipup"}
{"type":"log","timestamp":1708533527797,"level":"debug","message":"Running chrome with params {\"printBackground\":true,\"marginTop\":\"1.5cm\",\"marginRight\":\"1.5cm\",\"marginLeft\":\"1.cm\",\"timeout\":59512,\"margin\":{\"top\":\"1.5cm\",\"right\":\"1.5cm\",\"left\":\"1.cm\"}}","meta":{"rootId":"mn182xitoqjin6n","id":"mn182xitoqjin6n"},"id":"ye1znlq9m4q67cp","previousOperationId":"a9o5ktokxbhipup"}
{"type":"operationEnd","operationId":"a9o5ktokxbhipup","timestamp":1708533527806,"id":"9h3fgd8nh8ag53o","previousEventId":"ezx86mye9x3onbc","previousOperationId":"a9o5ktokxbhipup"}
{"type":"log","timestamp":1708533527807,"level":"debug","message":"Skipping storing report.","meta":{"rootId":"mn182xitoqjin6n","id":"mn182xitoqjin6n"},"id":"8jvdfs5hx3q8w20","previousOperationId":"a9o5ktokxbhipup"}
{"type":"log","timestamp":1708533527807,"level":"info","message":"Rendering request 2 finished in 1058 ms","meta":{"rootId":"mn182xitoqjin6n","id":"mn182xitoqjin6n"},"id":"v8migxxlsy8wkdt","previousOperationId":"a9o5ktokxbhipup"}
{"type":"operationEnd","subtype":"render","operationId":"lbij1phbbc2d8l8","timestamp":1708533527807,"id":"s5mtfznfx1k9ezu","previousEventId":"9h3fgd8nh8ag53o","previousOperationId":"a9o5ktokxbhipup"}
{"type":"operationEnd","doDiffs":false,"previousEventId":"wir4ktw51x83oam","previousOperationId":"mem9tbh3xsbaqfw","operationId":"mem9tbh3xsbaqfw","timestamp":1708533527808,"id":"bail6lxrwu59f54"}
