{"type":"operationStart","subtype":"profile","data":{"_id":"Se7Ivdtq221Vk3nF","timestamp":"2024-02-21T16:38:36.937Z","state":"queued","mode":"standard","creationDate":"2024-02-21T16:38:36.939Z","modificationDate":"2024-02-21T16:38:36.939Z","shortid":"m4bNytS","$entitySet":"profiles"},"doDiffs":false,"timestamp":1708533516938,"id":"e1zb2fv1urrfnl9","previousOperationId":null,"operationId":"xu8v6vvcqzx834m"}
{"type":"log","level":"info","message":"Render request 1 queued for execution and waiting for available worker","previousOperationId":"xu8v6vvcqzx834m","timestamp":1708533516939,"id":"3cp8rw42mc7bjzb"}
{"type":"operationStart","subtype":"render","name":"orders-header","previousOperationId":"xu8v6vvcqzx834m","timestamp":1708533516952,"id":"w5bjkiahv3dfeg7","previousEventId":"e1zb2fv1urrfnl9","operationId":"yw58emwpfz7mr1u"}
{"type":"log","timestamp":1708533516952,"level":"info","message":"Starting rendering request 1","meta":{"rootId":"mnhtluv5pa7ao4x","id":"mnhtluv5pa7ao4x"},"id":"0ojamgstu6w8wab","previousOperationId":"yw58emwpfz7mr1u"}
{"type":"log","timestamp":1708533516953,"level":"info","message":"Rendering template { name: orders-header, recipe: chrome-pdf, engine: handlebars, preview: true }","meta":{"rootId":"mnhtluv5pa7ao4x","id":"mnhtluv5pa7ao4x"},"id":"9d50an6q36pue5f","previousOperationId":"yw58emwpfz7mr1u"}
{"type":"log","timestamp":1708533516953,"level":"debug","message":"Data item not defined for this template.","meta":{"rootId":"mnhtluv5pa7ao4x","id":"mnhtluv5pa7ao4x"},"id":"q4bqeynhiwksj2s","previousOperationId":"yw58emwpfz7mr1u"}
{"type":"log","timestamp":1708533516955,"level":"debug","message":"Base url not specified, skipping its injection.","meta":{"rootId":"mnhtluv5pa7ao4x","id":"mnhtluv5pa7ao4x"},"id":"9suu8xjqigrdttc","previousOperationId":"yw58emwpfz7mr1u"}
{"type":"operationStart","subtype":"engine","name":"handlebars","timestamp":1708533516955,"id":"nyfh6kzpmq2979t","previousEventId":"w5bjkiahv3dfeg7","operationId":"imfr4mmcnm0d6mz","previousOperationId":"yw58emwpfz7mr1u"}
{"type":"log","timestamp":1708533516955,"level":"debug","message":"Rendering engine handlebars","meta":{"rootId":"mnhtluv5pa7ao4x","id":"mnhtluv5pa7ao4x"},"id":"qjoguc4stjsalyh","previousOperationId":"imfr4mmcnm0d6mz"}
{"type":"operationEnd","operationId":"imfr4mmcnm0d6mz","timestamp":1708533517236,"id":"s4hjx5jddi6ro5h","previousEventId":"nyfh6kzpmq2979t","previousOperationId":"imfr4mmcnm0d6mz"}
{"type":"operationStart","subtype":"recipe","name":"chrome-pdf","timestamp":1708533517236,"id":"2rff7py9o56jzht","previousEventId":"s4hjx5jddi6ro5h","operationId":"v8c1q6dq1y7hy6z","previousOperationId":"imfr4mmcnm0d6mz"}
{"type":"log","timestamp":1708533517237,"level":"debug","message":"Executing recipe chrome-pdf","meta":{"rootId":"mnhtluv5pa7ao4x","id":"mnhtluv5pa7ao4x"},"id":"mqv8167cx7z6qos","previousOperationId":"v8c1q6dq1y7hy6z"}
{"type":"log","timestamp":1708533517922,"level":"debug","message":"Converting with chrome HeadlessChrome/117.0.5938.149 using chrome-pool strategy","meta":{"rootId":"mnhtluv5pa7ao4x","id":"mnhtluv5pa7ao4x"},"id":"eodjwwyedbt6m6d","previousOperationId":"v8c1q6dq1y7hy6z"}
{"type":"log","timestamp":1708533518032,"level":"debug","message":"Page request: GET (document) file:///var/folders/tp/6hccbwhd41s4hkmxw_2wkz640000gn/T/jsreport/autocleanup/44681cad-8004-462b-ab3d-eaa373dff972-chrome-pdf.html","meta":{"rootId":"mnhtluv5pa7ao4x","id":"mnhtluv5pa7ao4x"},"id":"qy88cab7wgnbiot","previousOperationId":"v8c1q6dq1y7hy6z"}
{"type":"log","timestamp":1708533518047,"level":"debug","message":"Page request: GET (stylesheet) https://cdnjs.cloudflare.com/ajax/libs/metro/4.1.5/css/metro.min.css","meta":{"rootId":"mnhtluv5pa7ao4x","id":"mnhtluv5pa7ao4x"},"id":"yqo7whg02n7x7q5","previousOperationId":"v8c1q6dq1y7hy6z"}
{"type":"log","timestamp":1708533518048,"level":"debug","message":"Page request finished: GET (document) 200 file:///var/folders/tp/6hccbwhd41s4hkmxw_2wkz640000gn/T/jsreport/autocleanup/44681cad-8004-462b-ab3d-eaa373dff972-chrome-pdf.html","meta":{"rootId":"mnhtluv5pa7ao4x","id":"mnhtluv5pa7ao4x"},"id":"lvb6h0gq3of19ff","previousOperationId":"v8c1q6dq1y7hy6z"}
{"type":"log","timestamp":1708533518516,"level":"debug","message":"Page request finished: GET (stylesheet) 200 https://cdnjs.cloudflare.com/ajax/libs/metro/4.1.5/css/metro.min.css","meta":{"rootId":"mnhtluv5pa7ao4x","id":"mnhtluv5pa7ao4x"},"id":"1znfkcpks4p9tsu","previousOperationId":"v8c1q6dq1y7hy6z"}
{"type":"log","timestamp":1708533518521,"level":"debug","message":"Running chrome with params {\"printBackground\":true,\"marginTop\":\"1.5cm\",\"marginRight\":\"1.5cm\",\"marginLeft\":\"1.cm\",\"timeout\":59598,\"margin\":{\"top\":\"1.5cm\",\"right\":\"1.5cm\",\"left\":\"1.cm\"}}","meta":{"rootId":"mnhtluv5pa7ao4x","id":"mnhtluv5pa7ao4x"},"id":"hnqwa79tm7l8r77","previousOperationId":"v8c1q6dq1y7hy6z"}
{"type":"operationEnd","operationId":"v8c1q6dq1y7hy6z","timestamp":1708533518554,"id":"xzjprm3137n8g9w","previousEventId":"2rff7py9o56jzht","previousOperationId":"v8c1q6dq1y7hy6z"}
{"type":"log","timestamp":1708533518554,"level":"debug","message":"Skipping storing report.","meta":{"rootId":"mnhtluv5pa7ao4x","id":"mnhtluv5pa7ao4x"},"id":"efzqa4x18576j4e","previousOperationId":"v8c1q6dq1y7hy6z"}
{"type":"log","timestamp":1708533518554,"level":"info","message":"Rendering request 1 finished in 1617 ms","meta":{"rootId":"mnhtluv5pa7ao4x","id":"mnhtluv5pa7ao4x"},"id":"alv072cjsnflsck","previousOperationId":"v8c1q6dq1y7hy6z"}
{"type":"operationEnd","subtype":"render","operationId":"yw58emwpfz7mr1u","timestamp":1708533518554,"id":"2l7qti3r07ndwpi","previousEventId":"xzjprm3137n8g9w","previousOperationId":"v8c1q6dq1y7hy6z"}
{"type":"operationEnd","doDiffs":false,"previousEventId":"e1zb2fv1urrfnl9","previousOperationId":"xu8v6vvcqzx834m","operationId":"xu8v6vvcqzx834m","timestamp":1708533518556,"id":"7x0s9w1bv0svdx1"}
