{"type":"operationStart","subtype":"profile","data":{"_id":"ekUYTeNOR7sOfeGB","timestamp":"2024-02-19T16:32:20.089Z","state":"queued","mode":"standard","creationDate":"2024-02-19T16:32:20.090Z","modificationDate":"2024-02-19T16:32:20.090Z","shortid":"bU9IgM0","$entitySet":"profiles"},"doDiffs":false,"timestamp":1708360340089,"id":"ll0yby1kwxtlbzv","previousOperationId":null,"operationId":"6wqfyritfe3wsfu"}
{"type":"log","level":"info","message":"Render request 24 queued for execution and waiting for available worker","previousOperationId":"6wqfyritfe3wsfu","timestamp":1708360340089,"id":"e6s90cgixkpe31b"}
{"type":"operationStart","subtype":"render","name":"orders-main","previousOperationId":"6wqfyritfe3wsfu","timestamp":1708360340098,"id":"g27uq1i2onrbwjs","previousEventId":"ll0yby1kwxtlbzv","operationId":"2cnm9zzfmxaw7py"}
{"type":"log","timestamp":1708360340100,"level":"info","message":"Starting rendering request 24","meta":{"rootId":"1nvxwznyjkwmcsj","id":"1nvxwznyjkwmcsj"},"id":"8dpcq8cnj53by4r","previousOperationId":"2cnm9zzfmxaw7py"}
{"type":"log","timestamp":1708360340101,"level":"info","message":"Rendering template { name: orders-main, recipe: chrome-pdf, engine: handlebars, preview: true }","meta":{"rootId":"1nvxwznyjkwmcsj","id":"1nvxwznyjkwmcsj"},"id":"ei3wwo4xkgwwk2x","previousOperationId":"2cnm9zzfmxaw7py"}
{"type":"log","timestamp":1708360340103,"level":"debug","message":"Data item not defined for this template.","meta":{"rootId":"1nvxwznyjkwmcsj","id":"1nvxwznyjkwmcsj"},"id":"ym9b00v5plblrt2","previousOperationId":"2cnm9zzfmxaw7py"}
{"type":"log","timestamp":1708360340105,"level":"debug","message":"Executing script orders-script (beforeRender)","meta":{"rootId":"1nvxwznyjkwmcsj","id":"1nvxwznyjkwmcsj"},"id":"36vday06g33kyqt","previousOperationId":"2cnm9zzfmxaw7py"}
{"type":"operationStart","subtype":"scriptsBeforeRender","name":"scripts beforeRender","timestamp":1708360340268,"id":"lvn6buh9l4uycft","previousEventId":"g27uq1i2onrbwjs","operationId":"bjgflt85t0gg5op","previousOperationId":"2cnm9zzfmxaw7py"}
{"type":"operationStart","subtype":"script","name":"scripts orders-script","previousOperationId":"bjgflt85t0gg5op","timestamp":1708360340268,"id":"hla8yeplpizc7dp","previousEventId":"lvn6buh9l4uycft","operationId":"z2qhrxm25g0zm5a"}
{"type":"operationEnd","operationId":"z2qhrxm25g0zm5a","timestamp":1708360340286,"id":"65keku1c1a8tpjc","previousEventId":"g27uq1i2onrbwjs","previousOperationId":"2cnm9zzfmxaw7py"}
{"type":"operationEnd","operationId":"bjgflt85t0gg5op","timestamp":1708360340286,"id":"dt61k0y8diwfcob","previousEventId":"65keku1c1a8tpjc","previousOperationId":"2cnm9zzfmxaw7py"}
{"type":"log","timestamp":1708360340286,"level":"debug","message":"Base url not specified, skipping its injection.","meta":{"rootId":"1nvxwznyjkwmcsj","id":"1nvxwznyjkwmcsj"},"id":"ty8wcuv9sm5wk8v","previousOperationId":"bjgflt85t0gg5op"}
{"type":"operationStart","subtype":"engine","name":"handlebars","timestamp":1708360340286,"id":"ypk0orh36h9zts8","previousEventId":"dt61k0y8diwfcob","operationId":"ql4n6cx4iv4mi3p","previousOperationId":"bjgflt85t0gg5op"}
{"type":"log","timestamp":1708360340286,"level":"debug","message":"Rendering engine handlebars","meta":{"rootId":"1nvxwznyjkwmcsj","id":"1nvxwznyjkwmcsj"},"id":"i036nui66ufjz64","previousOperationId":"ql4n6cx4iv4mi3p"}
{"type":"operationEnd","operationId":"ql4n6cx4iv4mi3p","timestamp":1708360340451,"id":"flcvups84mhicrk","previousEventId":"ypk0orh36h9zts8","previousOperationId":"ql4n6cx4iv4mi3p"}
{"type":"operationStart","subtype":"recipe","name":"chrome-pdf","timestamp":1708360340451,"id":"ekwy2mtz982a0jb","previousEventId":"flcvups84mhicrk","operationId":"sgkwk9bg9rjejvw","previousOperationId":"ql4n6cx4iv4mi3p"}
{"type":"log","timestamp":1708360340451,"level":"debug","message":"Executing recipe chrome-pdf","meta":{"rootId":"1nvxwznyjkwmcsj","id":"1nvxwznyjkwmcsj"},"id":"tg4py5lddqv9j3i","previousOperationId":"sgkwk9bg9rjejvw"}
{"type":"log","timestamp":1708360340948,"level":"debug","message":"Converting with chrome HeadlessChrome/117.0.5938.149 using chrome-pool strategy","meta":{"rootId":"1nvxwznyjkwmcsj","id":"1nvxwznyjkwmcsj"},"id":"ztk9gewdamyo41m","previousOperationId":"sgkwk9bg9rjejvw"}
{"type":"log","timestamp":1708360341000,"level":"debug","message":"Page request: GET (document) file:///var/folders/tp/6hccbwhd41s4hkmxw_2wkz640000gn/T/jsreport/autocleanup/25f81a54-992c-4382-b945-9b625460e834-chrome-pdf.html","meta":{"rootId":"1nvxwznyjkwmcsj","id":"1nvxwznyjkwmcsj"},"id":"3wi19jy826dafab","previousOperationId":"sgkwk9bg9rjejvw"}
{"type":"log","timestamp":1708360341005,"level":"debug","message":"Page request: GET (stylesheet) https://cdnjs.cloudflare.com/ajax/libs/metro/4.1.5/css/metro.min.css","meta":{"rootId":"1nvxwznyjkwmcsj","id":"1nvxwznyjkwmcsj"},"id":"ruv1m63fqppja5v","previousOperationId":"sgkwk9bg9rjejvw"}
{"type":"log","timestamp":1708360341005,"level":"debug","message":"Page request: GET (script) https://cdn.jsdelivr.net/npm/chart.js","meta":{"rootId":"1nvxwznyjkwmcsj","id":"1nvxwznyjkwmcsj"},"id":"1bol6ofur6z0uv9","previousOperationId":"sgkwk9bg9rjejvw"}
{"type":"log","timestamp":1708360341006,"level":"debug","message":"Page request finished: GET (document) 200 file:///var/folders/tp/6hccbwhd41s4hkmxw_2wkz640000gn/T/jsreport/autocleanup/25f81a54-992c-4382-b945-9b625460e834-chrome-pdf.html","meta":{"rootId":"1nvxwznyjkwmcsj","id":"1nvxwznyjkwmcsj"},"id":"9h7w4tzp7hozso6","previousOperationId":"sgkwk9bg9rjejvw"}
{"type":"log","timestamp":1708360341345,"level":"debug","message":"Page request finished: GET (stylesheet) 200 https://cdnjs.cloudflare.com/ajax/libs/metro/4.1.5/css/metro.min.css","meta":{"rootId":"1nvxwznyjkwmcsj","id":"1nvxwznyjkwmcsj"},"id":"lxd93vfyowvuzy2","previousOperationId":"sgkwk9bg9rjejvw"}
{"type":"log","timestamp":1708360341501,"level":"debug","message":"Page request finished: GET (script) 200 https://cdn.jsdelivr.net/npm/chart.js","meta":{"rootId":"1nvxwznyjkwmcsj","id":"1nvxwznyjkwmcsj"},"id":"awl9bu6s50uc14e","previousOperationId":"sgkwk9bg9rjejvw"}
{"type":"log","timestamp":1708360341514,"level":"debug","message":"Running chrome with params {\"printBackground\":true,\"marginTop\":\"4cm\",\"marginRight\":\"1.5cm\",\"marginBottom\":\"1.5cm\",\"marginLeft\":\"1.5cm\",\"waitForJS\":false,\"timeout\":59462,\"margin\":{\"top\":\"4cm\",\"right\":\"1.5cm\",\"bottom\":\"1.5cm\",\"left\":\"1.5cm\"}}","meta":{"rootId":"1nvxwznyjkwmcsj","id":"1nvxwznyjkwmcsj"},"id":"jqxjkex4ndmq1fb","previousOperationId":"sgkwk9bg9rjejvw"}
{"type":"operationEnd","operationId":"sgkwk9bg9rjejvw","timestamp":1708360341527,"id":"ycniektwy83ht5k","previousEventId":"ekwy2mtz982a0jb","previousOperationId":"sgkwk9bg9rjejvw"}
{"type":"log","timestamp":1708360341527,"level":"info","message":"pdf-utils is starting pdf processing","meta":{"rootId":"1nvxwznyjkwmcsj","id":"1nvxwznyjkwmcsj"},"id":"2bz7pchsom7huju","previousOperationId":"sgkwk9bg9rjejvw"}
{"type":"operationStart","subtype":"pdfUtils","name":"pdf utils","timestamp":1708360341626,"id":"2eca6vocp8t0sbv","previousEventId":"ycniektwy83ht5k","operationId":"7qrpuil1cg9c2sz","previousOperationId":"sgkwk9bg9rjejvw"}
{"type":"log","timestamp":1708360341626,"level":"debug","message":"pdf-utils detected 1 pdf operation(s) to process","meta":{"rootId":"1nvxwznyjkwmcsj","id":"1nvxwznyjkwmcsj"},"id":"2k9k90bm3l50zhq","previousOperationId":"7qrpuil1cg9c2sz"}
{"type":"log","timestamp":1708360341707,"level":"debug","message":"pdf-utils running pdf operation merge","meta":{"rootId":"1nvxwznyjkwmcsj","id":"1nvxwznyjkwmcsj"},"id":"6ra7j25csmpw07e","previousOperationId":"7qrpuil1cg9c2sz"}
{"type":"operationStart","subtype":"pdfUtilsMerge","name":"pdf utils merge","previousOperationId":"7qrpuil1cg9c2sz","timestamp":1708360341707,"id":"h470ktor60my7s0","previousEventId":"2eca6vocp8t0sbv","operationId":"hmkrmw34m3l8n49"}
{"type":"operationStart","subtype":"render","name":"orders-header","previousOperationId":"hmkrmw34m3l8n49","timestamp":1708360341707,"id":"9eq7h1iixnpqv5f","previousEventId":"h470ktor60my7s0","operationId":"03k70940jvc4txl"}
{"type":"log","timestamp":1708360341707,"level":"info","message":"Starting rendering (child) request","meta":{"rootId":"1nvxwznyjkwmcsj","id":"czsad6yokjid6n1"},"id":"f2kqjkv2fond3k9","previousOperationId":"03k70940jvc4txl"}
{"type":"log","timestamp":1708360341708,"level":"info","message":"Rendering template { name: orders-header, recipe: chrome-pdf, engine: handlebars, preview: true }","meta":{"rootId":"1nvxwznyjkwmcsj","id":"czsad6yokjid6n1"},"id":"v3rygkr7lgtv09b","previousOperationId":"03k70940jvc4txl"}
{"type":"log","timestamp":1708360341708,"level":"debug","message":"Inline data specified.","meta":{"rootId":"1nvxwznyjkwmcsj","id":"czsad6yokjid6n1"},"id":"e2ggl8b38lsff49","previousOperationId":"03k70940jvc4txl"}
{"type":"log","timestamp":1708360341709,"level":"debug","message":"Base url not specified, skipping its injection.","meta":{"rootId":"1nvxwznyjkwmcsj","id":"czsad6yokjid6n1"},"id":"9po1b7ysm8w7i6p","previousOperationId":"03k70940jvc4txl"}
{"type":"operationStart","subtype":"engine","name":"handlebars","timestamp":1708360341709,"id":"p3o8pe0yk6o7sz3","previousEventId":"9eq7h1iixnpqv5f","operationId":"rcmuqps7tbajcj6","previousOperationId":"03k70940jvc4txl"}
{"type":"log","timestamp":1708360341709,"level":"debug","message":"Rendering engine handlebars","meta":{"rootId":"1nvxwznyjkwmcsj","id":"czsad6yokjid6n1"},"id":"5l1kqo3fbeu5lxc","previousOperationId":"rcmuqps7tbajcj6"}
{"type":"operationEnd","operationId":"rcmuqps7tbajcj6","timestamp":1708360341718,"id":"55fxobcdssdf42c","previousEventId":"p3o8pe0yk6o7sz3","previousOperationId":"rcmuqps7tbajcj6"}
{"type":"operationStart","subtype":"recipe","name":"chrome-pdf","timestamp":1708360341718,"id":"toucsuo6nhar08z","previousEventId":"55fxobcdssdf42c","operationId":"rri83x5p3fsid5i","previousOperationId":"rcmuqps7tbajcj6"}
{"type":"log","timestamp":1708360341718,"level":"debug","message":"Executing recipe chrome-pdf","meta":{"rootId":"1nvxwznyjkwmcsj","id":"czsad6yokjid6n1"},"id":"uqziefgzpulrg7y","previousOperationId":"rri83x5p3fsid5i"}
{"type":"log","timestamp":1708360341719,"level":"debug","message":"Converting with chrome HeadlessChrome/117.0.5938.149 using chrome-pool strategy","meta":{"rootId":"1nvxwznyjkwmcsj","id":"czsad6yokjid6n1"},"id":"lzuz90nil8gvwvg","previousOperationId":"rri83x5p3fsid5i"}
{"type":"log","timestamp":1708360341758,"level":"debug","message":"Page request: GET (document) file:///var/folders/tp/6hccbwhd41s4hkmxw_2wkz640000gn/T/jsreport/autocleanup/dd44a239-73b5-4da4-b80e-cba80c6bb66e-chrome-pdf.html","meta":{"rootId":"1nvxwznyjkwmcsj","id":"czsad6yokjid6n1"},"id":"8kqraoafobp1tou","previousOperationId":"rri83x5p3fsid5i"}
{"type":"log","timestamp":1708360341764,"level":"debug","message":"Page request: GET (stylesheet) https://cdnjs.cloudflare.com/ajax/libs/metro/4.1.5/css/metro.min.css","meta":{"rootId":"1nvxwznyjkwmcsj","id":"czsad6yokjid6n1"},"id":"btzh8onjvl8peo6","previousOperationId":"rri83x5p3fsid5i"}
{"type":"log","timestamp":1708360341764,"level":"debug","message":"Page request finished: GET (document) 200 file:///var/folders/tp/6hccbwhd41s4hkmxw_2wkz640000gn/T/jsreport/autocleanup/dd44a239-73b5-4da4-b80e-cba80c6bb66e-chrome-pdf.html","meta":{"rootId":"1nvxwznyjkwmcsj","id":"czsad6yokjid6n1"},"id":"z986s3taa74c4nx","previousOperationId":"rri83x5p3fsid5i"}
{"type":"log","timestamp":1708360341771,"level":"debug","message":"Page request finished: GET (stylesheet) 200 https://cdnjs.cloudflare.com/ajax/libs/metro/4.1.5/css/metro.min.css","meta":{"rootId":"1nvxwznyjkwmcsj","id":"czsad6yokjid6n1"},"id":"jmes3n9fg1msl3h","previousOperationId":"rri83x5p3fsid5i"}
{"type":"log","timestamp":1708360341785,"level":"debug","message":"Running chrome with params {\"printBackground\":true,\"marginTop\":\"1.5cm\",\"marginRight\":\"1.5cm\",\"marginLeft\":\"1.cm\",\"timeout\":58371,\"margin\":{\"top\":\"1.5cm\",\"right\":\"1.5cm\",\"left\":\"1.cm\"}}","meta":{"rootId":"1nvxwznyjkwmcsj","id":"czsad6yokjid6n1"},"id":"ulj0vkl62ftxdsw","previousOperationId":"rri83x5p3fsid5i"}
{"type":"operationEnd","operationId":"rri83x5p3fsid5i","timestamp":1708360341799,"id":"pri9kfbccul6r0x","previousEventId":"toucsuo6nhar08z","previousOperationId":"rri83x5p3fsid5i"}
{"type":"log","timestamp":1708360341799,"level":"debug","message":"Skipping storing report.","meta":{"rootId":"1nvxwznyjkwmcsj","id":"czsad6yokjid6n1"},"id":"9u5d7b4egyuwx14","previousOperationId":"rri83x5p3fsid5i"}
{"type":"log","timestamp":1708360341799,"level":"info","message":"Rendering (child) request finished in 1710 ms","meta":{"rootId":"1nvxwznyjkwmcsj","id":"czsad6yokjid6n1"},"id":"jtv5vtu43vfj6j7","previousOperationId":"rri83x5p3fsid5i"}
{"type":"operationEnd","subtype":"render","operationId":"03k70940jvc4txl","timestamp":1708360341800,"id":"yru0tm28t8yacjv","previousEventId":"pri9kfbccul6r0x","previousOperationId":"rri83x5p3fsid5i"}
{"type":"operationEnd","operationId":"hmkrmw34m3l8n49","timestamp":1708360341813,"id":"md5z2ackvmh07h5","previousEventId":"h470ktor60my7s0","previousOperationId":"hmkrmw34m3l8n49"}
{"type":"log","timestamp":1708360341813,"level":"debug","message":"pdf-utils postproces start","meta":{"rootId":"1nvxwznyjkwmcsj","id":"1nvxwznyjkwmcsj"},"id":"d1qpg2viw87jzcm","previousOperationId":"hmkrmw34m3l8n49"}
{"type":"log","timestamp":1708360341821,"level":"debug","message":"pdf-utils postproces end","meta":{"rootId":"1nvxwznyjkwmcsj","id":"1nvxwznyjkwmcsj"},"id":"sl1a03wx1heewe5","previousOperationId":"hmkrmw34m3l8n49"}
{"type":"operationEnd","operationId":"7qrpuil1cg9c2sz","timestamp":1708360341821,"id":"zy6inz4pcp8iux9","previousEventId":"md5z2ackvmh07h5","previousOperationId":"hmkrmw34m3l8n49"}
{"type":"log","timestamp":1708360341821,"level":"info","message":"pdf-utils pdf processing was finished","meta":{"rootId":"1nvxwznyjkwmcsj","id":"1nvxwznyjkwmcsj"},"id":"37s474luy3cn3br","previousOperationId":"7qrpuil1cg9c2sz"}
{"type":"log","timestamp":1708360341821,"level":"debug","message":"Skipping storing report.","meta":{"rootId":"1nvxwznyjkwmcsj","id":"1nvxwznyjkwmcsj"},"id":"hkaqozydqupbbtu","previousOperationId":"7qrpuil1cg9c2sz"}
{"type":"log","timestamp":1708360341821,"level":"info","message":"Rendering request 24 finished in 1732 ms","meta":{"rootId":"1nvxwznyjkwmcsj","id":"1nvxwznyjkwmcsj"},"id":"y4vq0dyoufbkzdu","previousOperationId":"7qrpuil1cg9c2sz"}
{"type":"operationEnd","subtype":"render","operationId":"2cnm9zzfmxaw7py","timestamp":1708360341821,"id":"4myz2zbt2hl9qp2","previousEventId":"zy6inz4pcp8iux9","previousOperationId":"7qrpuil1cg9c2sz"}
{"type":"operationEnd","doDiffs":false,"previousEventId":"ll0yby1kwxtlbzv","previousOperationId":"6wqfyritfe3wsfu","operationId":"6wqfyritfe3wsfu","timestamp":1708360341823,"id":"3jicuux913wcjkl"}
