{"type":"operationStart","subtype":"profile","data":{"_id":"9wnZNfetSXBCFcdS","timestamp":"2024-02-21T19:11:20.705Z","state":"queued","mode":"standard","creationDate":"2024-02-21T19:11:20.706Z","modificationDate":"2024-02-21T19:11:20.706Z","shortid":"c17QMG1","$entitySet":"profiles"},"doDiffs":false,"timestamp":1708542680706,"id":"rg31xfgoew0g5vo","previousOperationId":null,"operationId":"mx2md5e45up7c8v"}
{"type":"log","level":"info","message":"Render request 26 queued for execution and waiting for available worker","previousOperationId":"mx2md5e45up7c8v","timestamp":1708542680706,"id":"k1y3hq012zdjzgg"}
{"type":"operationStart","subtype":"render","name":"orders-main","previousOperationId":"mx2md5e45up7c8v","timestamp":1708542680713,"id":"m742dgrda5vq4zw","previousEventId":"rg31xfgoew0g5vo","operationId":"bme6pso6g1j5jpk"}
{"type":"log","timestamp":1708542680713,"level":"info","message":"Starting rendering request 26","meta":{"rootId":"4zhzjmwhglrmsn3","id":"4zhzjmwhglrmsn3"},"id":"9pkonvgwaef180m","previousOperationId":"bme6pso6g1j5jpk"}
{"type":"log","timestamp":1708542680714,"level":"info","message":"Rendering template { name: orders-main, recipe: chrome-pdf, engine: handlebars, preview: false }","meta":{"rootId":"4zhzjmwhglrmsn3","id":"4zhzjmwhglrmsn3"},"id":"krrq9b1ncysy7g5","previousOperationId":"bme6pso6g1j5jpk"}
{"type":"log","timestamp":1708542680715,"level":"debug","message":"Data item not defined for this template.","meta":{"rootId":"4zhzjmwhglrmsn3","id":"4zhzjmwhglrmsn3"},"id":"7iqu6ozs47ptq9v","previousOperationId":"bme6pso6g1j5jpk"}
{"type":"log","timestamp":1708542680717,"level":"debug","message":"Executing script orders-script (beforeRender)","meta":{"rootId":"4zhzjmwhglrmsn3","id":"4zhzjmwhglrmsn3"},"id":"8qmglfzlxeaoelw","previousOperationId":"bme6pso6g1j5jpk"}
{"type":"operationStart","subtype":"scriptsBeforeRender","name":"scripts beforeRender","timestamp":1708542680731,"id":"gp1w7uvtwm2zhs8","previousEventId":"m742dgrda5vq4zw","operationId":"ab81r213dlmnlq0","previousOperationId":"bme6pso6g1j5jpk"}
{"type":"operationStart","subtype":"script","name":"scripts orders-script","previousOperationId":"ab81r213dlmnlq0","timestamp":1708542680731,"id":"0l9jq745wfcuqwp","previousEventId":"gp1w7uvtwm2zhs8","operationId":"aj40r3spdzqigg8"}
{"type":"operationEnd","operationId":"aj40r3spdzqigg8","timestamp":1708542680739,"id":"8kzq4cvrpsm5z0s","previousEventId":"m742dgrda5vq4zw","previousOperationId":"bme6pso6g1j5jpk"}
{"type":"operationEnd","operationId":"ab81r213dlmnlq0","timestamp":1708542680739,"id":"z1ba67hnbgmbxwc","previousEventId":"8kzq4cvrpsm5z0s","previousOperationId":"bme6pso6g1j5jpk"}
{"type":"log","timestamp":1708542680739,"level":"debug","message":"Base url not specified, skipping its injection.","meta":{"rootId":"4zhzjmwhglrmsn3","id":"4zhzjmwhglrmsn3"},"id":"i3wtl1nmaj924o2","previousOperationId":"ab81r213dlmnlq0"}
{"type":"operationStart","subtype":"engine","name":"handlebars","timestamp":1708542680739,"id":"bhif2i64m2fe0o1","previousEventId":"z1ba67hnbgmbxwc","operationId":"ulojs5q3xheqgsj","previousOperationId":"ab81r213dlmnlq0"}
{"type":"log","timestamp":1708542680739,"level":"debug","message":"Rendering engine handlebars","meta":{"rootId":"4zhzjmwhglrmsn3","id":"4zhzjmwhglrmsn3"},"id":"ogpi42uvuxk2424","previousOperationId":"ulojs5q3xheqgsj"}
{"type":"operationEnd","operationId":"ulojs5q3xheqgsj","timestamp":1708542680743,"id":"ydg4m0s5v0ltnj3","previousEventId":"bhif2i64m2fe0o1","previousOperationId":"ulojs5q3xheqgsj"}
{"type":"operationStart","subtype":"recipe","name":"chrome-pdf","timestamp":1708542680743,"id":"rsq45y5bbpyeb63","previousEventId":"ydg4m0s5v0ltnj3","operationId":"6j4prwd6vadeqvl","previousOperationId":"ulojs5q3xheqgsj"}
{"type":"log","timestamp":1708542680743,"level":"debug","message":"Executing recipe chrome-pdf","meta":{"rootId":"4zhzjmwhglrmsn3","id":"4zhzjmwhglrmsn3"},"id":"yvjur6ilu7uth9b","previousOperationId":"6j4prwd6vadeqvl"}
{"type":"log","timestamp":1708542680745,"level":"debug","message":"Converting with chrome HeadlessChrome/117.0.5938.149 using chrome-pool strategy","meta":{"rootId":"4zhzjmwhglrmsn3","id":"4zhzjmwhglrmsn3"},"id":"zpcdy23v0aa9ye4","previousOperationId":"6j4prwd6vadeqvl"}
{"type":"log","timestamp":1708542680790,"level":"debug","message":"Page request: GET (document) file:///var/folders/tp/6hccbwhd41s4hkmxw_2wkz640000gn/T/jsreport/autocleanup/78ac8505-6f0c-4899-8b1e-3da051ba45eb-chrome-pdf.html","meta":{"rootId":"4zhzjmwhglrmsn3","id":"4zhzjmwhglrmsn3"},"id":"nhlvbukqy2no4yd","previousOperationId":"6j4prwd6vadeqvl"}
{"type":"log","timestamp":1708542680796,"level":"debug","message":"Page request: GET (stylesheet) https://cdnjs.cloudflare.com/ajax/libs/metro/4.1.5/css/metro.min.css","meta":{"rootId":"4zhzjmwhglrmsn3","id":"4zhzjmwhglrmsn3"},"id":"g0fknfy5ii1hqq3","previousOperationId":"6j4prwd6vadeqvl"}
{"type":"log","timestamp":1708542680796,"level":"debug","message":"Page request: GET (script) https://cdn.jsdelivr.net/npm/chart.js","meta":{"rootId":"4zhzjmwhglrmsn3","id":"4zhzjmwhglrmsn3"},"id":"y8f68i9t5gtvkfc","previousOperationId":"6j4prwd6vadeqvl"}
{"type":"log","timestamp":1708542680796,"level":"debug","message":"Page request finished: GET (document) 200 file:///var/folders/tp/6hccbwhd41s4hkmxw_2wkz640000gn/T/jsreport/autocleanup/78ac8505-6f0c-4899-8b1e-3da051ba45eb-chrome-pdf.html","meta":{"rootId":"4zhzjmwhglrmsn3","id":"4zhzjmwhglrmsn3"},"id":"7zszxh3cgijesf8","previousOperationId":"6j4prwd6vadeqvl"}
{"type":"log","timestamp":1708542680804,"level":"debug","message":"Page request finished: GET (stylesheet) 200 https://cdnjs.cloudflare.com/ajax/libs/metro/4.1.5/css/metro.min.css","meta":{"rootId":"4zhzjmwhglrmsn3","id":"4zhzjmwhglrmsn3"},"id":"q9bg3yq3k1gz85j","previousOperationId":"6j4prwd6vadeqvl"}
{"type":"log","timestamp":1708542680804,"level":"debug","message":"Page request finished: GET (script) 200 https://cdn.jsdelivr.net/npm/chart.js","meta":{"rootId":"4zhzjmwhglrmsn3","id":"4zhzjmwhglrmsn3"},"id":"j9u09wj593o99a9","previousOperationId":"6j4prwd6vadeqvl"}
{"type":"log","timestamp":1708542680850,"level":"debug","message":"Running chrome with params {\"printBackground\":true,\"marginTop\":\"4cm\",\"marginRight\":\"1.5cm\",\"marginBottom\":\"1.5cm\",\"marginLeft\":\"1.5cm\",\"waitForJS\":false,\"timeout\":59961,\"margin\":{\"top\":\"4cm\",\"right\":\"1.5cm\",\"bottom\":\"1.5cm\",\"left\":\"1.5cm\"}}","meta":{"rootId":"4zhzjmwhglrmsn3","id":"4zhzjmwhglrmsn3"},"id":"gxk3h7447pqtngh","previousOperationId":"6j4prwd6vadeqvl"}
{"type":"operationEnd","operationId":"6j4prwd6vadeqvl","timestamp":1708542680881,"id":"4un2e94ae6ufrhc","previousEventId":"rsq45y5bbpyeb63","previousOperationId":"6j4prwd6vadeqvl"}
{"type":"log","timestamp":1708542680881,"level":"info","message":"pdf-utils is starting pdf processing","meta":{"rootId":"4zhzjmwhglrmsn3","id":"4zhzjmwhglrmsn3"},"id":"05h2sghpkgeamhj","previousOperationId":"6j4prwd6vadeqvl"}
{"type":"operationStart","subtype":"pdfUtils","name":"pdf utils","timestamp":1708542680881,"id":"arq3mxzmb9j3pge","previousEventId":"4un2e94ae6ufrhc","operationId":"irn61jxznhw1dmh","previousOperationId":"6j4prwd6vadeqvl"}
{"type":"log","timestamp":1708542680881,"level":"debug","message":"pdf-utils detected 1 pdf operation(s) to process","meta":{"rootId":"4zhzjmwhglrmsn3","id":"4zhzjmwhglrmsn3"},"id":"rshbjwvhnlq76il","previousOperationId":"irn61jxznhw1dmh"}
{"type":"log","timestamp":1708542680897,"level":"debug","message":"pdf-utils running pdf operation merge","meta":{"rootId":"4zhzjmwhglrmsn3","id":"4zhzjmwhglrmsn3"},"id":"m52lh9ev10w4gyx","previousOperationId":"irn61jxznhw1dmh"}
{"type":"operationStart","subtype":"pdfUtilsMerge","name":"pdf utils merge","previousOperationId":"irn61jxznhw1dmh","timestamp":1708542680897,"id":"gk854rsuw9b10vh","previousEventId":"arq3mxzmb9j3pge","operationId":"flvw721w0nbd8fe"}
{"type":"operationStart","subtype":"render","name":"orders-header","previousOperationId":"flvw721w0nbd8fe","timestamp":1708542680898,"id":"4hjqaosqokqyrgd","previousEventId":"gk854rsuw9b10vh","operationId":"q4niemp0t74eq98"}
{"type":"log","timestamp":1708542680898,"level":"info","message":"Starting rendering (child) request","meta":{"rootId":"4zhzjmwhglrmsn3","id":"rwrsam3pudv4pla"},"id":"47vtpu2clgjbaoe","previousOperationId":"q4niemp0t74eq98"}
{"type":"log","timestamp":1708542680898,"level":"info","message":"Rendering template { name: orders-header, recipe: chrome-pdf, engine: handlebars, preview: false }","meta":{"rootId":"4zhzjmwhglrmsn3","id":"rwrsam3pudv4pla"},"id":"938fg6qwc21dm4e","previousOperationId":"q4niemp0t74eq98"}
{"type":"log","timestamp":1708542680899,"level":"debug","message":"Inline data specified.","meta":{"rootId":"4zhzjmwhglrmsn3","id":"rwrsam3pudv4pla"},"id":"vwm4jct55ng1kjj","previousOperationId":"q4niemp0t74eq98"}
{"type":"log","timestamp":1708542680899,"level":"debug","message":"Base url not specified, skipping its injection.","meta":{"rootId":"4zhzjmwhglrmsn3","id":"rwrsam3pudv4pla"},"id":"nxy4idxlemu4u0e","previousOperationId":"q4niemp0t74eq98"}
{"type":"operationStart","subtype":"engine","name":"handlebars","timestamp":1708542680899,"id":"pvqy46u922hzmmi","previousEventId":"4hjqaosqokqyrgd","operationId":"81wo0yks2k987kw","previousOperationId":"q4niemp0t74eq98"}
{"type":"log","timestamp":1708542680899,"level":"debug","message":"Rendering engine handlebars","meta":{"rootId":"4zhzjmwhglrmsn3","id":"rwrsam3pudv4pla"},"id":"e40rzmko5tgdinr","previousOperationId":"81wo0yks2k987kw"}
{"type":"operationEnd","operationId":"81wo0yks2k987kw","timestamp":1708542680902,"id":"ftjuczcw3j8v8ae","previousEventId":"pvqy46u922hzmmi","previousOperationId":"81wo0yks2k987kw"}
{"type":"operationStart","subtype":"recipe","name":"chrome-pdf","timestamp":1708542680902,"id":"e18ygudp28f93yw","previousEventId":"ftjuczcw3j8v8ae","operationId":"ggpdtmqwysj313p","previousOperationId":"81wo0yks2k987kw"}
{"type":"log","timestamp":1708542680902,"level":"debug","message":"Executing recipe chrome-pdf","meta":{"rootId":"4zhzjmwhglrmsn3","id":"rwrsam3pudv4pla"},"id":"ues4jx9ngaooso5","previousOperationId":"ggpdtmqwysj313p"}
{"type":"log","timestamp":1708542680903,"level":"debug","message":"Converting with chrome HeadlessChrome/117.0.5938.149 using chrome-pool strategy","meta":{"rootId":"4zhzjmwhglrmsn3","id":"rwrsam3pudv4pla"},"id":"izg7m79wh2rsi7h","previousOperationId":"ggpdtmqwysj313p"}
{"type":"log","timestamp":1708542680944,"level":"debug","message":"Page request: GET (document) file:///var/folders/tp/6hccbwhd41s4hkmxw_2wkz640000gn/T/jsreport/autocleanup/e939c105-9236-496e-9692-f968802b6d75-chrome-pdf.html","meta":{"rootId":"4zhzjmwhglrmsn3","id":"rwrsam3pudv4pla"},"id":"k86ghp22e1k4n1n","previousOperationId":"ggpdtmqwysj313p"}
{"type":"log","timestamp":1708542680949,"level":"debug","message":"Page request finished: GET (document) 200 file:///var/folders/tp/6hccbwhd41s4hkmxw_2wkz640000gn/T/jsreport/autocleanup/e939c105-9236-496e-9692-f968802b6d75-chrome-pdf.html","meta":{"rootId":"4zhzjmwhglrmsn3","id":"rwrsam3pudv4pla"},"id":"bex9e0vz260vvuu","previousOperationId":"ggpdtmqwysj313p"}
{"type":"log","timestamp":1708542680949,"level":"debug","message":"Page request: GET (stylesheet) https://cdnjs.cloudflare.com/ajax/libs/metro/4.1.5/css/metro.min.css","meta":{"rootId":"4zhzjmwhglrmsn3","id":"rwrsam3pudv4pla"},"id":"e6njw0psq5dknr5","previousOperationId":"ggpdtmqwysj313p"}
{"type":"log","timestamp":1708542680956,"level":"debug","message":"Page request finished: GET (stylesheet) 200 https://cdnjs.cloudflare.com/ajax/libs/metro/4.1.5/css/metro.min.css","meta":{"rootId":"4zhzjmwhglrmsn3","id":"rwrsam3pudv4pla"},"id":"et0nskg97walhzy","previousOperationId":"ggpdtmqwysj313p"}
{"type":"log","timestamp":1708542680969,"level":"debug","message":"Running chrome with params {\"printBackground\":true,\"marginTop\":\"1.5cm\",\"marginRight\":\"1.5cm\",\"marginLeft\":\"1.cm\",\"timeout\":59803,\"margin\":{\"top\":\"1.5cm\",\"right\":\"1.5cm\",\"left\":\"1.cm\"}}","meta":{"rootId":"4zhzjmwhglrmsn3","id":"rwrsam3pudv4pla"},"id":"7v9tr0yxdz3r9rw","previousOperationId":"ggpdtmqwysj313p"}
{"type":"operationEnd","operationId":"ggpdtmqwysj313p","timestamp":1708542680982,"id":"g5iuygnzn0ylxiv","previousEventId":"e18ygudp28f93yw","previousOperationId":"ggpdtmqwysj313p"}
{"type":"log","timestamp":1708542680983,"level":"debug","message":"Skipping storing report.","meta":{"rootId":"4zhzjmwhglrmsn3","id":"rwrsam3pudv4pla"},"id":"7see2wv38b0y4fp","previousOperationId":"ggpdtmqwysj313p"}
{"type":"log","timestamp":1708542680983,"level":"info","message":"Rendering (child) request finished in 278 ms","meta":{"rootId":"4zhzjmwhglrmsn3","id":"rwrsam3pudv4pla"},"id":"mvbyh2ruf7vqdw3","previousOperationId":"ggpdtmqwysj313p"}
{"type":"operationEnd","subtype":"render","operationId":"q4niemp0t74eq98","timestamp":1708542680983,"id":"0uvg2kx5yr2xs66","previousEventId":"g5iuygnzn0ylxiv","previousOperationId":"ggpdtmqwysj313p"}
{"type":"operationEnd","operationId":"flvw721w0nbd8fe","timestamp":1708542680995,"id":"rzgrxbl5dzuw6z4","previousEventId":"gk854rsuw9b10vh","previousOperationId":"flvw721w0nbd8fe"}
{"type":"log","timestamp":1708542680995,"level":"debug","message":"pdf-utils postproces start","meta":{"rootId":"4zhzjmwhglrmsn3","id":"4zhzjmwhglrmsn3"},"id":"nj74t0s18qa44p2","previousOperationId":"flvw721w0nbd8fe"}
{"type":"log","timestamp":1708542681008,"level":"debug","message":"pdf-utils postproces end","meta":{"rootId":"4zhzjmwhglrmsn3","id":"4zhzjmwhglrmsn3"},"id":"s8aqvu5ylkg1214","previousOperationId":"flvw721w0nbd8fe"}
{"type":"operationEnd","operationId":"irn61jxznhw1dmh","timestamp":1708542681008,"id":"6knbjen9g54o9oh","previousEventId":"rzgrxbl5dzuw6z4","previousOperationId":"flvw721w0nbd8fe"}
{"type":"log","timestamp":1708542681008,"level":"info","message":"pdf-utils pdf processing was finished","meta":{"rootId":"4zhzjmwhglrmsn3","id":"4zhzjmwhglrmsn3"},"id":"oqech9jcfh4ztpi","previousOperationId":"irn61jxznhw1dmh"}
{"type":"log","timestamp":1708542681008,"level":"debug","message":"Skipping storing report.","meta":{"rootId":"4zhzjmwhglrmsn3","id":"4zhzjmwhglrmsn3"},"id":"e442gaqnzc37dde","previousOperationId":"irn61jxznhw1dmh"}
{"type":"log","timestamp":1708542681008,"level":"info","message":"Rendering request 26 finished in 303 ms","meta":{"rootId":"4zhzjmwhglrmsn3","id":"4zhzjmwhglrmsn3"},"id":"lewbowsvd4nvxr5","previousOperationId":"irn61jxznhw1dmh"}
{"type":"operationEnd","subtype":"render","operationId":"bme6pso6g1j5jpk","timestamp":1708542681008,"id":"tlf6jimhqyt7p87","previousEventId":"6knbjen9g54o9oh","previousOperationId":"irn61jxznhw1dmh"}
{"type":"operationEnd","doDiffs":false,"previousEventId":"rg31xfgoew0g5vo","previousOperationId":"mx2md5e45up7c8v","operationId":"mx2md5e45up7c8v","timestamp":1708542681008,"id":"n7snjktqsnw63j0"}
