{"type":"operationStart","subtype":"profile","data":{"_id":"Nnc8wc2lHTSvD0OZ","timestamp":"2024-02-21T19:17:17.716Z","state":"queued","mode":"standard","creationDate":"2024-02-21T19:17:17.720Z","modificationDate":"2024-02-21T19:17:17.720Z","shortid":"__A1qxp","$entitySet":"profiles"},"doDiffs":false,"timestamp":1708543037719,"id":"f0s109mxrvqb76k","previousOperationId":null,"operationId":"eq5jmkc0o2orbsg"}
{"type":"log","level":"info","message":"Render request 32 queued for execution and waiting for available worker","previousOperationId":"eq5jmkc0o2orbsg","timestamp":1708543037719,"id":"5x83iija6r265ck"}
{"type":"operationStart","subtype":"render","name":"orders-main","previousOperationId":"eq5jmkc0o2orbsg","timestamp":1708543037725,"id":"sfc709n6irsroca","previousEventId":"f0s109mxrvqb76k","operationId":"6nrcpso3rpbm3jh"}
{"type":"log","timestamp":1708543037726,"level":"info","message":"Starting rendering request 32","meta":{"rootId":"4zwclcavbr3oti8","id":"4zwclcavbr3oti8"},"id":"7wyoddnm4r1qesv","previousOperationId":"6nrcpso3rpbm3jh"}
{"type":"log","timestamp":1708543037726,"level":"info","message":"Rendering template { name: orders-main, recipe: chrome-pdf, engine: handlebars, preview: false }","meta":{"rootId":"4zwclcavbr3oti8","id":"4zwclcavbr3oti8"},"id":"yuxi9gdixtxe2f6","previousOperationId":"6nrcpso3rpbm3jh"}
{"type":"log","timestamp":1708543037729,"level":"debug","message":"Data item not defined for this template.","meta":{"rootId":"4zwclcavbr3oti8","id":"4zwclcavbr3oti8"},"id":"11ahwoexp4w6g9b","previousOperationId":"6nrcpso3rpbm3jh"}
{"type":"log","timestamp":1708543037732,"level":"debug","message":"Executing script orders-script (beforeRender)","meta":{"rootId":"4zwclcavbr3oti8","id":"4zwclcavbr3oti8"},"id":"ow43lzcqgcpmter","previousOperationId":"6nrcpso3rpbm3jh"}
{"type":"operationStart","subtype":"scriptsBeforeRender","name":"scripts beforeRender","timestamp":1708543037746,"id":"k8a8amt8nr7nq3e","previousEventId":"sfc709n6irsroca","operationId":"7kkzy2jqzdlp1v4","previousOperationId":"6nrcpso3rpbm3jh"}
{"type":"operationStart","subtype":"script","name":"scripts orders-script","previousOperationId":"7kkzy2jqzdlp1v4","timestamp":1708543037746,"id":"m8pqx1uhsgjk4gb","previousEventId":"k8a8amt8nr7nq3e","operationId":"cjugvks1d70aaww"}
{"type":"operationEnd","operationId":"cjugvks1d70aaww","timestamp":1708543037952,"id":"xljbx90rfzgtdq8","previousEventId":"sfc709n6irsroca","previousOperationId":"6nrcpso3rpbm3jh"}
{"type":"operationEnd","operationId":"7kkzy2jqzdlp1v4","timestamp":1708543037952,"id":"6dn6krddymzbhvc","previousEventId":"xljbx90rfzgtdq8","previousOperationId":"6nrcpso3rpbm3jh"}
{"type":"log","timestamp":1708543037952,"level":"debug","message":"Base url not specified, skipping its injection.","meta":{"rootId":"4zwclcavbr3oti8","id":"4zwclcavbr3oti8"},"id":"qkt71sgoka2qhtq","previousOperationId":"7kkzy2jqzdlp1v4"}
{"type":"operationStart","subtype":"engine","name":"handlebars","timestamp":1708543037952,"id":"o4is6mc1y0bdh3g","previousEventId":"6dn6krddymzbhvc","operationId":"cwly0l4y5yt743i","previousOperationId":"7kkzy2jqzdlp1v4"}
{"type":"log","timestamp":1708543037952,"level":"debug","message":"Rendering engine handlebars","meta":{"rootId":"4zwclcavbr3oti8","id":"4zwclcavbr3oti8"},"id":"y5dslpcy7sp3sfk","previousOperationId":"cwly0l4y5yt743i"}
{"type":"operationEnd","operationId":"cwly0l4y5yt743i","timestamp":1708543037963,"id":"u278vh944nw1ses","previousEventId":"o4is6mc1y0bdh3g","previousOperationId":"cwly0l4y5yt743i"}
{"type":"operationStart","subtype":"recipe","name":"chrome-pdf","timestamp":1708543037963,"id":"nn7h7h6mjua1ea5","previousEventId":"u278vh944nw1ses","operationId":"53vq8xgjjrzt5i7","previousOperationId":"cwly0l4y5yt743i"}
{"type":"log","timestamp":1708543037963,"level":"debug","message":"Executing recipe chrome-pdf","meta":{"rootId":"4zwclcavbr3oti8","id":"4zwclcavbr3oti8"},"id":"hxjtxqqzg4fvwpo","previousOperationId":"53vq8xgjjrzt5i7"}
{"type":"log","timestamp":1708543037967,"level":"debug","message":"Converting with chrome HeadlessChrome/117.0.5938.149 using chrome-pool strategy","meta":{"rootId":"4zwclcavbr3oti8","id":"4zwclcavbr3oti8"},"id":"um0qxclaamf4rpv","previousOperationId":"53vq8xgjjrzt5i7"}
{"type":"log","timestamp":1708543038093,"level":"debug","message":"Page request: GET (document) file:///var/folders/tp/6hccbwhd41s4hkmxw_2wkz640000gn/T/jsreport/autocleanup/9645d985-7121-4692-9c38-05919f8a6981-chrome-pdf.html","meta":{"rootId":"4zwclcavbr3oti8","id":"4zwclcavbr3oti8"},"id":"0qou47iddz4hx4x","previousOperationId":"53vq8xgjjrzt5i7"}
{"type":"log","timestamp":1708543038098,"level":"debug","message":"Page request: GET (stylesheet) https://cdnjs.cloudflare.com/ajax/libs/metro/4.1.5/css/metro.min.css","meta":{"rootId":"4zwclcavbr3oti8","id":"4zwclcavbr3oti8"},"id":"ogw583wanp53r1e","previousOperationId":"53vq8xgjjrzt5i7"}
{"type":"log","timestamp":1708543038098,"level":"debug","message":"Page request: GET (script) https://cdn.jsdelivr.net/npm/chart.js","meta":{"rootId":"4zwclcavbr3oti8","id":"4zwclcavbr3oti8"},"id":"vkpt3aqtr4ylz5q","previousOperationId":"53vq8xgjjrzt5i7"}
{"type":"log","timestamp":1708543038099,"level":"debug","message":"Page request finished: GET (document) 200 file:///var/folders/tp/6hccbwhd41s4hkmxw_2wkz640000gn/T/jsreport/autocleanup/9645d985-7121-4692-9c38-05919f8a6981-chrome-pdf.html","meta":{"rootId":"4zwclcavbr3oti8","id":"4zwclcavbr3oti8"},"id":"jqsctuf2bzd40v4","previousOperationId":"53vq8xgjjrzt5i7"}
{"type":"log","timestamp":1708543038101,"level":"debug","message":"Page request finished: GET (script) 200 https://cdn.jsdelivr.net/npm/chart.js","meta":{"rootId":"4zwclcavbr3oti8","id":"4zwclcavbr3oti8"},"id":"8t6bto93g0qrrqf","previousOperationId":"53vq8xgjjrzt5i7"}
{"type":"log","timestamp":1708543038107,"level":"debug","message":"Page request finished: GET (stylesheet) 200 https://cdnjs.cloudflare.com/ajax/libs/metro/4.1.5/css/metro.min.css","meta":{"rootId":"4zwclcavbr3oti8","id":"4zwclcavbr3oti8"},"id":"u6s3x2xko40n3be","previousOperationId":"53vq8xgjjrzt5i7"}
{"type":"log","timestamp":1708543038158,"level":"debug","message":"Running chrome with params {\"printBackground\":true,\"marginTop\":\"4cm\",\"marginRight\":\"1.5cm\",\"marginBottom\":\"1.5cm\",\"marginLeft\":\"1.5cm\",\"waitForJS\":false,\"timeout\":59751,\"margin\":{\"top\":\"4cm\",\"right\":\"1.5cm\",\"bottom\":\"1.5cm\",\"left\":\"1.5cm\"}}","meta":{"rootId":"4zwclcavbr3oti8","id":"4zwclcavbr3oti8"},"id":"aesvcd1z4567sf4","previousOperationId":"53vq8xgjjrzt5i7"}
{"type":"operationEnd","operationId":"53vq8xgjjrzt5i7","timestamp":1708543038189,"id":"vhz322epjm4010w","previousEventId":"nn7h7h6mjua1ea5","previousOperationId":"53vq8xgjjrzt5i7"}
{"type":"log","timestamp":1708543038189,"level":"info","message":"pdf-utils is starting pdf processing","meta":{"rootId":"4zwclcavbr3oti8","id":"4zwclcavbr3oti8"},"id":"04o72ga2okf7lre","previousOperationId":"53vq8xgjjrzt5i7"}
{"type":"operationStart","subtype":"pdfUtils","name":"pdf utils","timestamp":1708543038189,"id":"40k230sjcw5gyxi","previousEventId":"vhz322epjm4010w","operationId":"oxtdvlks9pd9j82","previousOperationId":"53vq8xgjjrzt5i7"}
{"type":"log","timestamp":1708543038189,"level":"debug","message":"pdf-utils detected 1 pdf operation(s) to process","meta":{"rootId":"4zwclcavbr3oti8","id":"4zwclcavbr3oti8"},"id":"zp062qkhi4hwoi7","previousOperationId":"oxtdvlks9pd9j82"}
{"type":"log","timestamp":1708543038204,"level":"debug","message":"pdf-utils running pdf operation merge","meta":{"rootId":"4zwclcavbr3oti8","id":"4zwclcavbr3oti8"},"id":"7x2xwrawbrs8sf2","previousOperationId":"oxtdvlks9pd9j82"}
{"type":"operationStart","subtype":"pdfUtilsMerge","name":"pdf utils merge","previousOperationId":"oxtdvlks9pd9j82","timestamp":1708543038204,"id":"5ugkt7ri4dydqyc","previousEventId":"40k230sjcw5gyxi","operationId":"vjp4mp0jeahjia1"}
{"type":"operationStart","subtype":"render","name":"orders-header","previousOperationId":"vjp4mp0jeahjia1","timestamp":1708543038205,"id":"yjrxxq9iwxytwuq","previousEventId":"5ugkt7ri4dydqyc","operationId":"579q4bij0ay8226"}
{"type":"log","timestamp":1708543038205,"level":"info","message":"Starting rendering (child) request","meta":{"rootId":"4zwclcavbr3oti8","id":"knwv6nl9wi3o465"},"id":"xl11pim3cwbkwo9","previousOperationId":"579q4bij0ay8226"}
{"type":"log","timestamp":1708543038205,"level":"info","message":"Rendering template { name: orders-header, recipe: chrome-pdf, engine: handlebars, preview: false }","meta":{"rootId":"4zwclcavbr3oti8","id":"knwv6nl9wi3o465"},"id":"q3jhgctfok8dg22","previousOperationId":"579q4bij0ay8226"}
{"type":"log","timestamp":1708543038205,"level":"debug","message":"Inline data specified.","meta":{"rootId":"4zwclcavbr3oti8","id":"knwv6nl9wi3o465"},"id":"s9xm28htzimss7m","previousOperationId":"579q4bij0ay8226"}
{"type":"log","timestamp":1708543038205,"level":"debug","message":"Base url not specified, skipping its injection.","meta":{"rootId":"4zwclcavbr3oti8","id":"knwv6nl9wi3o465"},"id":"crldw773omb6fhw","previousOperationId":"579q4bij0ay8226"}
{"type":"operationStart","subtype":"engine","name":"handlebars","timestamp":1708543038205,"id":"vx3m9529omqjap2","previousEventId":"yjrxxq9iwxytwuq","operationId":"69fux8jw85mxy69","previousOperationId":"579q4bij0ay8226"}
{"type":"log","timestamp":1708543038205,"level":"debug","message":"Rendering engine handlebars","meta":{"rootId":"4zwclcavbr3oti8","id":"knwv6nl9wi3o465"},"id":"qchdwd0q3r06pk3","previousOperationId":"69fux8jw85mxy69"}
{"type":"operationEnd","operationId":"69fux8jw85mxy69","timestamp":1708543038210,"id":"r12vy3kw176yn8h","previousEventId":"vx3m9529omqjap2","previousOperationId":"69fux8jw85mxy69"}
{"type":"operationStart","subtype":"recipe","name":"chrome-pdf","timestamp":1708543038210,"id":"jq6am81pi5sp8gp","previousEventId":"r12vy3kw176yn8h","operationId":"qyubzuypcm6grhi","previousOperationId":"69fux8jw85mxy69"}
{"type":"log","timestamp":1708543038210,"level":"debug","message":"Executing recipe chrome-pdf","meta":{"rootId":"4zwclcavbr3oti8","id":"knwv6nl9wi3o465"},"id":"pk25slmcn3vglte","previousOperationId":"qyubzuypcm6grhi"}
{"type":"log","timestamp":1708543038210,"level":"debug","message":"Converting with chrome HeadlessChrome/117.0.5938.149 using chrome-pool strategy","meta":{"rootId":"4zwclcavbr3oti8","id":"knwv6nl9wi3o465"},"id":"50q0cjdi2bhq430","previousOperationId":"qyubzuypcm6grhi"}
{"type":"log","timestamp":1708543038247,"level":"debug","message":"Page request: GET (document) file:///var/folders/tp/6hccbwhd41s4hkmxw_2wkz640000gn/T/jsreport/autocleanup/fe745e36-99fb-471b-9e0a-360554cfab86-chrome-pdf.html","meta":{"rootId":"4zwclcavbr3oti8","id":"knwv6nl9wi3o465"},"id":"qn7u314pipabc65","previousOperationId":"qyubzuypcm6grhi"}
{"type":"log","timestamp":1708543038252,"level":"debug","message":"Page request: GET (stylesheet) https://cdnjs.cloudflare.com/ajax/libs/metro/4.1.5/css/metro.min.css","meta":{"rootId":"4zwclcavbr3oti8","id":"knwv6nl9wi3o465"},"id":"ax67f4iotbyt2ec","previousOperationId":"qyubzuypcm6grhi"}
{"type":"log","timestamp":1708543038252,"level":"debug","message":"Page request finished: GET (document) 200 file:///var/folders/tp/6hccbwhd41s4hkmxw_2wkz640000gn/T/jsreport/autocleanup/fe745e36-99fb-471b-9e0a-360554cfab86-chrome-pdf.html","meta":{"rootId":"4zwclcavbr3oti8","id":"knwv6nl9wi3o465"},"id":"s3y8yvnxmn4fv01","previousOperationId":"qyubzuypcm6grhi"}
{"type":"log","timestamp":1708543038259,"level":"debug","message":"Page request finished: GET (stylesheet) 200 https://cdnjs.cloudflare.com/ajax/libs/metro/4.1.5/css/metro.min.css","meta":{"rootId":"4zwclcavbr3oti8","id":"knwv6nl9wi3o465"},"id":"h2yhw3ghf4uhmqk","previousOperationId":"qyubzuypcm6grhi"}
{"type":"log","timestamp":1708543038271,"level":"debug","message":"Running chrome with params {\"printBackground\":true,\"marginTop\":\"1.5cm\",\"marginRight\":\"1.5cm\",\"marginLeft\":\"1.cm\",\"timeout\":59505,\"margin\":{\"top\":\"1.5cm\",\"right\":\"1.5cm\",\"left\":\"1.cm\"}}","meta":{"rootId":"4zwclcavbr3oti8","id":"knwv6nl9wi3o465"},"id":"h6i07g4b4kuv38v","previousOperationId":"qyubzuypcm6grhi"}
{"type":"operationEnd","operationId":"qyubzuypcm6grhi","timestamp":1708543038285,"id":"0hhtqs87pdf9mh1","previousEventId":"jq6am81pi5sp8gp","previousOperationId":"qyubzuypcm6grhi"}
{"type":"log","timestamp":1708543038285,"level":"debug","message":"Skipping storing report.","meta":{"rootId":"4zwclcavbr3oti8","id":"knwv6nl9wi3o465"},"id":"8r2z47zpdxlmclp","previousOperationId":"qyubzuypcm6grhi"}
{"type":"log","timestamp":1708543038285,"level":"info","message":"Rendering (child) request finished in 570 ms","meta":{"rootId":"4zwclcavbr3oti8","id":"knwv6nl9wi3o465"},"id":"gtyhuq5o4g9xc7b","previousOperationId":"qyubzuypcm6grhi"}
{"type":"operationEnd","subtype":"render","operationId":"579q4bij0ay8226","timestamp":1708543038285,"id":"egmn162uvcwvd1w","previousEventId":"0hhtqs87pdf9mh1","previousOperationId":"qyubzuypcm6grhi"}
{"type":"operationEnd","operationId":"vjp4mp0jeahjia1","timestamp":1708543038300,"id":"s0gztm0ux2973vb","previousEventId":"5ugkt7ri4dydqyc","previousOperationId":"vjp4mp0jeahjia1"}
{"type":"log","timestamp":1708543038300,"level":"debug","message":"pdf-utils postproces start","meta":{"rootId":"4zwclcavbr3oti8","id":"4zwclcavbr3oti8"},"id":"w6w0axthji1ho9e","previousOperationId":"vjp4mp0jeahjia1"}
{"type":"log","timestamp":1708543038312,"level":"debug","message":"pdf-utils postproces end","meta":{"rootId":"4zwclcavbr3oti8","id":"4zwclcavbr3oti8"},"id":"9l50fhi207v6ng0","previousOperationId":"vjp4mp0jeahjia1"}
{"type":"operationEnd","operationId":"oxtdvlks9pd9j82","timestamp":1708543038312,"id":"205088jxpyejtbl","previousEventId":"s0gztm0ux2973vb","previousOperationId":"vjp4mp0jeahjia1"}
{"type":"log","timestamp":1708543038312,"level":"info","message":"pdf-utils pdf processing was finished","meta":{"rootId":"4zwclcavbr3oti8","id":"4zwclcavbr3oti8"},"id":"2tb4b2ifqrhwlrl","previousOperationId":"oxtdvlks9pd9j82"}
{"type":"log","timestamp":1708543038312,"level":"debug","message":"Skipping storing report.","meta":{"rootId":"4zwclcavbr3oti8","id":"4zwclcavbr3oti8"},"id":"me0ov4f6oi17azd","previousOperationId":"oxtdvlks9pd9j82"}
{"type":"log","timestamp":1708543038312,"level":"info","message":"Rendering request 32 finished in 597 ms","meta":{"rootId":"4zwclcavbr3oti8","id":"4zwclcavbr3oti8"},"id":"yofr9vtlifkfp4b","previousOperationId":"oxtdvlks9pd9j82"}
{"type":"operationEnd","subtype":"render","operationId":"6nrcpso3rpbm3jh","timestamp":1708543038312,"id":"wfyuszkkrw81008","previousEventId":"205088jxpyejtbl","previousOperationId":"oxtdvlks9pd9j82"}
{"type":"operationEnd","doDiffs":false,"previousEventId":"f0s109mxrvqb76k","previousOperationId":"eq5jmkc0o2orbsg","operationId":"eq5jmkc0o2orbsg","timestamp":1708543038313,"id":"j7kxibz27vsztoe"}
