{"type":"operationStart","subtype":"profile","data":{"_id":"h3RegpibvpYc3mR0","timestamp":"2024-02-21T18:30:40.424Z","state":"queued","mode":"standard","creationDate":"2024-02-21T18:30:40.425Z","modificationDate":"2024-02-21T18:30:40.425Z","shortid":"NORCpVU","$entitySet":"profiles"},"doDiffs":false,"timestamp":1708540240424,"id":"sv9qhuztjwap2uo","previousOperationId":null,"operationId":"4a6vayk3sqf53t3"}
{"type":"log","level":"info","message":"Render request 13 queued for execution and waiting for available worker","previousOperationId":"4a6vayk3sqf53t3","timestamp":1708540240425,"id":"1gtiy0gc4jsgfjz"}
{"type":"operationStart","subtype":"render","name":"orders-main","previousOperationId":"4a6vayk3sqf53t3","timestamp":1708540240441,"id":"hihtlf2ew1wr0rt","previousEventId":"sv9qhuztjwap2uo","operationId":"yvxt5tvvr8og0ym"}
{"type":"log","timestamp":1708540240441,"level":"info","message":"Starting rendering request 13","meta":{"rootId":"83m7trhn9903fuf","id":"83m7trhn9903fuf"},"id":"hodbvbvsu2oqj3y","previousOperationId":"yvxt5tvvr8og0ym"}
{"type":"log","timestamp":1708540240441,"level":"info","message":"Rendering template { name: orders-main, recipe: chrome-pdf, engine: handlebars, preview: true }","meta":{"rootId":"83m7trhn9903fuf","id":"83m7trhn9903fuf"},"id":"eqlcbx8jwvbg9jy","previousOperationId":"yvxt5tvvr8og0ym"}
{"type":"log","timestamp":1708540240442,"level":"debug","message":"Data item not defined for this template.","meta":{"rootId":"83m7trhn9903fuf","id":"83m7trhn9903fuf"},"id":"m6yz97n0zcec6hy","previousOperationId":"yvxt5tvvr8og0ym"}
{"type":"log","timestamp":1708540240445,"level":"debug","message":"Executing script orders-script (beforeRender)","meta":{"rootId":"83m7trhn9903fuf","id":"83m7trhn9903fuf"},"id":"r72maldg1cpirks","previousOperationId":"yvxt5tvvr8og0ym"}
{"type":"operationStart","subtype":"scriptsBeforeRender","name":"scripts beforeRender","timestamp":1708540240473,"id":"lvu04zw8aqnkfek","previousEventId":"hihtlf2ew1wr0rt","operationId":"hpgbyzi02o8ojxd","previousOperationId":"yvxt5tvvr8og0ym"}
{"type":"operationStart","subtype":"script","name":"scripts orders-script","previousOperationId":"hpgbyzi02o8ojxd","timestamp":1708540240473,"id":"88z6cxsnf5direr","previousEventId":"lvu04zw8aqnkfek","operationId":"idurk27wuceeujx"}
{"type":"operationEnd","operationId":"idurk27wuceeujx","timestamp":1708540240487,"id":"qj7pede1c8rvlnm","previousEventId":"hihtlf2ew1wr0rt","previousOperationId":"yvxt5tvvr8og0ym"}
{"type":"operationEnd","operationId":"hpgbyzi02o8ojxd","timestamp":1708540240487,"id":"x51zousxf42zwkp","previousEventId":"qj7pede1c8rvlnm","previousOperationId":"yvxt5tvvr8og0ym"}
{"type":"log","timestamp":1708540240487,"level":"debug","message":"Base url not specified, skipping its injection.","meta":{"rootId":"83m7trhn9903fuf","id":"83m7trhn9903fuf"},"id":"q9m1icrjmq86fhp","previousOperationId":"hpgbyzi02o8ojxd"}
{"type":"operationStart","subtype":"engine","name":"handlebars","timestamp":1708540240487,"id":"uzsj7ru3tfo8b72","previousEventId":"x51zousxf42zwkp","operationId":"9wgmno6jeqou9xg","previousOperationId":"hpgbyzi02o8ojxd"}
{"type":"log","timestamp":1708540240487,"level":"debug","message":"Rendering engine handlebars","meta":{"rootId":"83m7trhn9903fuf","id":"83m7trhn9903fuf"},"id":"i1c96olraxn4w0v","previousOperationId":"9wgmno6jeqou9xg"}
{"type":"operationEnd","operationId":"9wgmno6jeqou9xg","timestamp":1708540240492,"id":"542li7h6372u7fo","previousEventId":"uzsj7ru3tfo8b72","previousOperationId":"9wgmno6jeqou9xg"}
{"type":"operationStart","subtype":"recipe","name":"chrome-pdf","timestamp":1708540240492,"id":"r3sag2vvj0v81g7","previousEventId":"542li7h6372u7fo","operationId":"s0jick1vd6tdxwx","previousOperationId":"9wgmno6jeqou9xg"}
{"type":"log","timestamp":1708540240492,"level":"debug","message":"Executing recipe chrome-pdf","meta":{"rootId":"83m7trhn9903fuf","id":"83m7trhn9903fuf"},"id":"igrnetswvak21v1","previousOperationId":"s0jick1vd6tdxwx"}
{"type":"log","timestamp":1708540240504,"level":"debug","message":"Converting with chrome HeadlessChrome/117.0.5938.149 using chrome-pool strategy","meta":{"rootId":"83m7trhn9903fuf","id":"83m7trhn9903fuf"},"id":"xf8h86r8jnie1s9","previousOperationId":"s0jick1vd6tdxwx"}
{"type":"log","timestamp":1708540241026,"level":"debug","message":"Page request: GET (document) file:///var/folders/tp/6hccbwhd41s4hkmxw_2wkz640000gn/T/jsreport/autocleanup/c6e9c9ec-9a8d-46f5-8f26-b0b3a8ef6549-chrome-pdf.html","meta":{"rootId":"83m7trhn9903fuf","id":"83m7trhn9903fuf"},"id":"of9h7p9muznl7ce","previousOperationId":"s0jick1vd6tdxwx"}
{"type":"log","timestamp":1708540241042,"level":"debug","message":"Page request finished: GET (document) 200 file:///var/folders/tp/6hccbwhd41s4hkmxw_2wkz640000gn/T/jsreport/autocleanup/c6e9c9ec-9a8d-46f5-8f26-b0b3a8ef6549-chrome-pdf.html","meta":{"rootId":"83m7trhn9903fuf","id":"83m7trhn9903fuf"},"id":"b3x76cll4oacps8","previousOperationId":"s0jick1vd6tdxwx"}
{"type":"log","timestamp":1708540241043,"level":"debug","message":"Page request: GET (stylesheet) https://cdnjs.cloudflare.com/ajax/libs/metro/4.1.5/css/metro.min.css","meta":{"rootId":"83m7trhn9903fuf","id":"83m7trhn9903fuf"},"id":"64bd5xa98sqe19l","previousOperationId":"s0jick1vd6tdxwx"}
{"type":"log","timestamp":1708540241043,"level":"debug","message":"Page request: GET (script) https://cdn.jsdelivr.net/npm/chart.js","meta":{"rootId":"83m7trhn9903fuf","id":"83m7trhn9903fuf"},"id":"3dpybrcw2v4osur","previousOperationId":"s0jick1vd6tdxwx"}
{"type":"log","timestamp":1708540241057,"level":"debug","message":"Page request finished: GET (stylesheet) 200 https://cdnjs.cloudflare.com/ajax/libs/metro/4.1.5/css/metro.min.css","meta":{"rootId":"83m7trhn9903fuf","id":"83m7trhn9903fuf"},"id":"begnegdn45f882d","previousOperationId":"s0jick1vd6tdxwx"}
{"type":"log","timestamp":1708540241058,"level":"debug","message":"Page request finished: GET (script) 200 https://cdn.jsdelivr.net/npm/chart.js","meta":{"rootId":"83m7trhn9903fuf","id":"83m7trhn9903fuf"},"id":"85j10ss4tvnhpuz","previousOperationId":"s0jick1vd6tdxwx"}
{"type":"log","timestamp":1708540241128,"level":"debug","message":"Running chrome with params {\"printBackground\":true,\"marginTop\":\"4cm\",\"marginRight\":\"1.5cm\",\"marginBottom\":\"1.5cm\",\"marginLeft\":\"1.5cm\",\"waitForJS\":false,\"timeout\":59932,\"margin\":{\"top\":\"4cm\",\"right\":\"1.5cm\",\"bottom\":\"1.5cm\",\"left\":\"1.5cm\"}}","meta":{"rootId":"83m7trhn9903fuf","id":"83m7trhn9903fuf"},"id":"tyj8742mxkt39ov","previousOperationId":"s0jick1vd6tdxwx"}
{"type":"operationEnd","operationId":"s0jick1vd6tdxwx","timestamp":1708540241182,"id":"8mqqklqtyhnwx0n","previousEventId":"r3sag2vvj0v81g7","previousOperationId":"s0jick1vd6tdxwx"}
{"type":"log","timestamp":1708540241182,"level":"info","message":"pdf-utils is starting pdf processing","meta":{"rootId":"83m7trhn9903fuf","id":"83m7trhn9903fuf"},"id":"a1dq346odw6ltzk","previousOperationId":"s0jick1vd6tdxwx"}
{"type":"operationStart","subtype":"pdfUtils","name":"pdf utils","timestamp":1708540241182,"id":"6kg3qrnfvwllok4","previousEventId":"8mqqklqtyhnwx0n","operationId":"xmqiscx0vplq6ft","previousOperationId":"s0jick1vd6tdxwx"}
{"type":"log","timestamp":1708540241183,"level":"debug","message":"pdf-utils detected 1 pdf operation(s) to process","meta":{"rootId":"83m7trhn9903fuf","id":"83m7trhn9903fuf"},"id":"6qob717emfevcqu","previousOperationId":"xmqiscx0vplq6ft"}
{"type":"log","timestamp":1708540241204,"level":"debug","message":"pdf-utils running pdf operation merge","meta":{"rootId":"83m7trhn9903fuf","id":"83m7trhn9903fuf"},"id":"7aq0j5agh9gh62x","previousOperationId":"xmqiscx0vplq6ft"}
{"type":"operationStart","subtype":"pdfUtilsMerge","name":"pdf utils merge","previousOperationId":"xmqiscx0vplq6ft","timestamp":1708540241204,"id":"0ow5j5v2xbbsfyu","previousEventId":"6kg3qrnfvwllok4","operationId":"6fdt5108l21e20t"}
{"type":"operationStart","subtype":"render","name":"orders-header","previousOperationId":"6fdt5108l21e20t","timestamp":1708540241205,"id":"zw9w5lmb54ko71g","previousEventId":"0ow5j5v2xbbsfyu","operationId":"ipmmid17nplw4yd"}
{"type":"log","timestamp":1708540241205,"level":"info","message":"Starting rendering (child) request","meta":{"rootId":"83m7trhn9903fuf","id":"fa1wnew3g647wbo"},"id":"3yi2wo6not82as8","previousOperationId":"ipmmid17nplw4yd"}
{"type":"log","timestamp":1708540241205,"level":"info","message":"Rendering template { name: orders-header, recipe: chrome-pdf, engine: handlebars, preview: true }","meta":{"rootId":"83m7trhn9903fuf","id":"fa1wnew3g647wbo"},"id":"29hxa0cc8kzbyjt","previousOperationId":"ipmmid17nplw4yd"}
{"type":"log","timestamp":1708540241205,"level":"debug","message":"Inline data specified.","meta":{"rootId":"83m7trhn9903fuf","id":"fa1wnew3g647wbo"},"id":"2a0ru56pf50x5un","previousOperationId":"ipmmid17nplw4yd"}
{"type":"log","timestamp":1708540241206,"level":"debug","message":"Base url not specified, skipping its injection.","meta":{"rootId":"83m7trhn9903fuf","id":"fa1wnew3g647wbo"},"id":"3jexyo1cp7b3r5v","previousOperationId":"ipmmid17nplw4yd"}
{"type":"operationStart","subtype":"engine","name":"handlebars","timestamp":1708540241206,"id":"ijp1uu302zgumwr","previousEventId":"zw9w5lmb54ko71g","operationId":"65by7saex00ccm8","previousOperationId":"ipmmid17nplw4yd"}
{"type":"log","timestamp":1708540241206,"level":"debug","message":"Rendering engine handlebars","meta":{"rootId":"83m7trhn9903fuf","id":"fa1wnew3g647wbo"},"id":"19gbj0eok5bope2","previousOperationId":"65by7saex00ccm8"}
{"type":"operationEnd","operationId":"65by7saex00ccm8","timestamp":1708540241216,"id":"m1mmbcr78xrm1pu","previousEventId":"ijp1uu302zgumwr","previousOperationId":"65by7saex00ccm8"}
{"type":"operationStart","subtype":"recipe","name":"chrome-pdf","timestamp":1708540241216,"id":"jlgifxk1804llnv","previousEventId":"m1mmbcr78xrm1pu","operationId":"ykkmy4wxp1sf43z","previousOperationId":"65by7saex00ccm8"}
{"type":"log","timestamp":1708540241216,"level":"debug","message":"Executing recipe chrome-pdf","meta":{"rootId":"83m7trhn9903fuf","id":"fa1wnew3g647wbo"},"id":"hgo9qbmtgutwzgx","previousOperationId":"ykkmy4wxp1sf43z"}
{"type":"log","timestamp":1708540241216,"level":"debug","message":"Converting with chrome HeadlessChrome/117.0.5938.149 using chrome-pool strategy","meta":{"rootId":"83m7trhn9903fuf","id":"fa1wnew3g647wbo"},"id":"n2l852kg7qqqs88","previousOperationId":"ykkmy4wxp1sf43z"}
{"type":"log","timestamp":1708540241267,"level":"debug","message":"Page request: GET (document) file:///var/folders/tp/6hccbwhd41s4hkmxw_2wkz640000gn/T/jsreport/autocleanup/8618ef9d-a573-45f7-912a-5b2eb9e8dfa8-chrome-pdf.html","meta":{"rootId":"83m7trhn9903fuf","id":"fa1wnew3g647wbo"},"id":"q71edk5jffvrg94","previousOperationId":"ykkmy4wxp1sf43z"}
{"type":"log","timestamp":1708540241276,"level":"debug","message":"Page request: GET (stylesheet) https://cdnjs.cloudflare.com/ajax/libs/metro/4.1.5/css/metro.min.css","meta":{"rootId":"83m7trhn9903fuf","id":"fa1wnew3g647wbo"},"id":"k0041ixlrtxkusz","previousOperationId":"ykkmy4wxp1sf43z"}
{"type":"log","timestamp":1708540241276,"level":"debug","message":"Page request finished: GET (document) 200 file:///var/folders/tp/6hccbwhd41s4hkmxw_2wkz640000gn/T/jsreport/autocleanup/8618ef9d-a573-45f7-912a-5b2eb9e8dfa8-chrome-pdf.html","meta":{"rootId":"83m7trhn9903fuf","id":"fa1wnew3g647wbo"},"id":"sfg66jzeaiovif8","previousOperationId":"ykkmy4wxp1sf43z"}
{"type":"log","timestamp":1708540241285,"level":"debug","message":"Page request finished: GET (stylesheet) 200 https://cdnjs.cloudflare.com/ajax/libs/metro/4.1.5/css/metro.min.css","meta":{"rootId":"83m7trhn9903fuf","id":"fa1wnew3g647wbo"},"id":"reqvju4gmf4x0cp","previousOperationId":"ykkmy4wxp1sf43z"}
{"type":"log","timestamp":1708540241303,"level":"debug","message":"Running chrome with params {\"printBackground\":true,\"marginTop\":\"1.5cm\",\"marginRight\":\"1.5cm\",\"marginLeft\":\"1.cm\",\"timeout\":59208,\"margin\":{\"top\":\"1.5cm\",\"right\":\"1.5cm\",\"left\":\"1.cm\"}}","meta":{"rootId":"83m7trhn9903fuf","id":"fa1wnew3g647wbo"},"id":"q30rosiq3nih4p6","previousOperationId":"ykkmy4wxp1sf43z"}
{"type":"operationEnd","operationId":"ykkmy4wxp1sf43z","timestamp":1708540241325,"id":"ycjxfubzozziomh","previousEventId":"jlgifxk1804llnv","previousOperationId":"ykkmy4wxp1sf43z"}
{"type":"log","timestamp":1708540241325,"level":"debug","message":"Skipping storing report.","meta":{"rootId":"83m7trhn9903fuf","id":"fa1wnew3g647wbo"},"id":"0c7gk8ply94i0jq","previousOperationId":"ykkmy4wxp1sf43z"}
{"type":"log","timestamp":1708540241325,"level":"info","message":"Rendering (child) request finished in 901 ms","meta":{"rootId":"83m7trhn9903fuf","id":"fa1wnew3g647wbo"},"id":"2mew8edo4d88mes","previousOperationId":"ykkmy4wxp1sf43z"}
{"type":"operationEnd","subtype":"render","operationId":"ipmmid17nplw4yd","timestamp":1708540241325,"id":"ttvy7uny8j7lzmo","previousEventId":"ycjxfubzozziomh","previousOperationId":"ykkmy4wxp1sf43z"}
{"type":"operationEnd","operationId":"6fdt5108l21e20t","timestamp":1708540241341,"id":"nht4tqp994w91ov","previousEventId":"0ow5j5v2xbbsfyu","previousOperationId":"6fdt5108l21e20t"}
{"type":"log","timestamp":1708540241341,"level":"debug","message":"pdf-utils postproces start","meta":{"rootId":"83m7trhn9903fuf","id":"83m7trhn9903fuf"},"id":"g731cn17hv1vlfg","previousOperationId":"6fdt5108l21e20t"}
{"type":"log","timestamp":1708540241358,"level":"debug","message":"pdf-utils postproces end","meta":{"rootId":"83m7trhn9903fuf","id":"83m7trhn9903fuf"},"id":"rdmjgmno1c2vrev","previousOperationId":"6fdt5108l21e20t"}
{"type":"operationEnd","operationId":"xmqiscx0vplq6ft","timestamp":1708540241358,"id":"8xx1svvjh1a9b2v","previousEventId":"nht4tqp994w91ov","previousOperationId":"6fdt5108l21e20t"}
{"type":"log","timestamp":1708540241358,"level":"info","message":"pdf-utils pdf processing was finished","meta":{"rootId":"83m7trhn9903fuf","id":"83m7trhn9903fuf"},"id":"ygybbydxyl1drua","previousOperationId":"xmqiscx0vplq6ft"}
{"type":"log","timestamp":1708540241358,"level":"debug","message":"Skipping storing report.","meta":{"rootId":"83m7trhn9903fuf","id":"83m7trhn9903fuf"},"id":"ozcr2di77ftjrog","previousOperationId":"xmqiscx0vplq6ft"}
{"type":"log","timestamp":1708540241358,"level":"info","message":"Rendering request 13 finished in 934 ms","meta":{"rootId":"83m7trhn9903fuf","id":"83m7trhn9903fuf"},"id":"4fwywx2ax85wycv","previousOperationId":"xmqiscx0vplq6ft"}
{"type":"operationEnd","subtype":"render","operationId":"yvxt5tvvr8og0ym","timestamp":1708540241358,"id":"j16p9bh3x73p8zh","previousEventId":"8xx1svvjh1a9b2v","previousOperationId":"xmqiscx0vplq6ft"}
{"type":"operationEnd","doDiffs":false,"previousEventId":"sv9qhuztjwap2uo","previousOperationId":"4a6vayk3sqf53t3","operationId":"4a6vayk3sqf53t3","timestamp":1708540241362,"id":"begwzyxtsa5prx6"}
