{"type":"operationStart","subtype":"profile","data":{"_id":"1DQa3ru2CKvrajJ7","timestamp":"2024-02-21T18:31:17.668Z","state":"queued","mode":"standard","creationDate":"2024-02-21T18:31:17.671Z","modificationDate":"2024-02-21T18:31:17.671Z","shortid":"LcTeVBw","$entitySet":"profiles"},"doDiffs":false,"timestamp":1708540277671,"id":"80yr8vl3e8qdf9f","previousOperationId":null,"operationId":"z722kp2fmkk4hvv"}
{"type":"log","level":"info","message":"Render request 15 queued for execution and waiting for available worker","previousOperationId":"z722kp2fmkk4hvv","timestamp":1708540277671,"id":"32hlyvahm827a2y"}
{"type":"operationStart","subtype":"render","name":"orders-main","previousOperationId":"z722kp2fmkk4hvv","timestamp":1708540277681,"id":"dizt0p6ptss4v15","previousEventId":"80yr8vl3e8qdf9f","operationId":"8ox7gff2nvzh3w7"}
{"type":"log","timestamp":1708540277682,"level":"info","message":"Starting rendering request 15","meta":{"rootId":"8uxakg7w1m02634","id":"8uxakg7w1m02634"},"id":"pplw803no13cou5","previousOperationId":"8ox7gff2nvzh3w7"}
{"type":"log","timestamp":1708540277682,"level":"info","message":"Rendering template { name: orders-main, recipe: chrome-pdf, engine: handlebars, preview: true }","meta":{"rootId":"8uxakg7w1m02634","id":"8uxakg7w1m02634"},"id":"1kkvgauq37gc636","previousOperationId":"8ox7gff2nvzh3w7"}
{"type":"log","timestamp":1708540277683,"level":"debug","message":"Data item not defined for this template.","meta":{"rootId":"8uxakg7w1m02634","id":"8uxakg7w1m02634"},"id":"nj29eb60o1z8zpl","previousOperationId":"8ox7gff2nvzh3w7"}
{"type":"log","timestamp":1708540277684,"level":"debug","message":"Executing script orders-script (beforeRender)","meta":{"rootId":"8uxakg7w1m02634","id":"8uxakg7w1m02634"},"id":"md746i796rc8g6w","previousOperationId":"8ox7gff2nvzh3w7"}
{"type":"operationStart","subtype":"scriptsBeforeRender","name":"scripts beforeRender","timestamp":1708540277692,"id":"rn2jzxpwlbe07pd","previousEventId":"dizt0p6ptss4v15","operationId":"53uttlys91jfin1","previousOperationId":"8ox7gff2nvzh3w7"}
{"type":"operationStart","subtype":"script","name":"scripts orders-script","previousOperationId":"53uttlys91jfin1","timestamp":1708540277692,"id":"bdrxk727qrypg18","previousEventId":"rn2jzxpwlbe07pd","operationId":"n2hd0mu6ilip761"}
{"type":"operationEnd","operationId":"n2hd0mu6ilip761","timestamp":1708540277716,"id":"keg0g1zshx5l6i2","previousEventId":"dizt0p6ptss4v15","previousOperationId":"8ox7gff2nvzh3w7"}
{"type":"operationEnd","operationId":"53uttlys91jfin1","timestamp":1708540277716,"id":"wxq9139v5dgvopl","previousEventId":"keg0g1zshx5l6i2","previousOperationId":"8ox7gff2nvzh3w7"}
{"type":"log","timestamp":1708540277716,"level":"debug","message":"Base url not specified, skipping its injection.","meta":{"rootId":"8uxakg7w1m02634","id":"8uxakg7w1m02634"},"id":"0pq13nkyogye0dk","previousOperationId":"53uttlys91jfin1"}
{"type":"operationStart","subtype":"engine","name":"handlebars","timestamp":1708540277716,"id":"r1apfxx8bt117d3","previousEventId":"wxq9139v5dgvopl","operationId":"axsu7k6zsujsa4f","previousOperationId":"53uttlys91jfin1"}
{"type":"log","timestamp":1708540277716,"level":"debug","message":"Rendering engine handlebars","meta":{"rootId":"8uxakg7w1m02634","id":"8uxakg7w1m02634"},"id":"9udhnv6ofgry3xh","previousOperationId":"axsu7k6zsujsa4f"}
{"type":"operationEnd","operationId":"axsu7k6zsujsa4f","timestamp":1708540277722,"id":"3scriyj068prqfs","previousEventId":"r1apfxx8bt117d3","previousOperationId":"axsu7k6zsujsa4f"}
{"type":"operationStart","subtype":"recipe","name":"chrome-pdf","timestamp":1708540277722,"id":"ig8e4de00ubhaiz","previousEventId":"3scriyj068prqfs","operationId":"cakj0mlqsz6e4nb","previousOperationId":"axsu7k6zsujsa4f"}
{"type":"log","timestamp":1708540277722,"level":"debug","message":"Executing recipe chrome-pdf","meta":{"rootId":"8uxakg7w1m02634","id":"8uxakg7w1m02634"},"id":"6ybjc00eom5at5b","previousOperationId":"cakj0mlqsz6e4nb"}
{"type":"log","timestamp":1708540277723,"level":"debug","message":"Converting with chrome HeadlessChrome/117.0.5938.149 using chrome-pool strategy","meta":{"rootId":"8uxakg7w1m02634","id":"8uxakg7w1m02634"},"id":"9n2vfmolwiucvix","previousOperationId":"cakj0mlqsz6e4nb"}
{"type":"log","timestamp":1708540277777,"level":"debug","message":"Page request: GET (document) file:///var/folders/tp/6hccbwhd41s4hkmxw_2wkz640000gn/T/jsreport/autocleanup/844f6004-8ea0-4ee2-9165-6eaacbc4d3be-chrome-pdf.html","meta":{"rootId":"8uxakg7w1m02634","id":"8uxakg7w1m02634"},"id":"67swekw39lp7sy4","previousOperationId":"cakj0mlqsz6e4nb"}
{"type":"log","timestamp":1708540277783,"level":"debug","message":"Page request: GET (stylesheet) https://cdnjs.cloudflare.com/ajax/libs/metro/4.1.5/css/metro.min.css","meta":{"rootId":"8uxakg7w1m02634","id":"8uxakg7w1m02634"},"id":"m4c6srl2y3g8fvw","previousOperationId":"cakj0mlqsz6e4nb"}
{"type":"log","timestamp":1708540277783,"level":"debug","message":"Page request: GET (script) https://cdn.jsdelivr.net/npm/chart.js","meta":{"rootId":"8uxakg7w1m02634","id":"8uxakg7w1m02634"},"id":"gwyg1tjcqgs88y1","previousOperationId":"cakj0mlqsz6e4nb"}
{"type":"log","timestamp":1708540277783,"level":"debug","message":"Page request finished: GET (document) 200 file:///var/folders/tp/6hccbwhd41s4hkmxw_2wkz640000gn/T/jsreport/autocleanup/844f6004-8ea0-4ee2-9165-6eaacbc4d3be-chrome-pdf.html","meta":{"rootId":"8uxakg7w1m02634","id":"8uxakg7w1m02634"},"id":"08pz8jak8bf6o3o","previousOperationId":"cakj0mlqsz6e4nb"}
{"type":"log","timestamp":1708540277786,"level":"debug","message":"Page request finished: GET (script) 200 https://cdn.jsdelivr.net/npm/chart.js","meta":{"rootId":"8uxakg7w1m02634","id":"8uxakg7w1m02634"},"id":"jkjwwwf3293ey2p","previousOperationId":"cakj0mlqsz6e4nb"}
{"type":"log","timestamp":1708540277792,"level":"debug","message":"Page request finished: GET (stylesheet) 200 https://cdnjs.cloudflare.com/ajax/libs/metro/4.1.5/css/metro.min.css","meta":{"rootId":"8uxakg7w1m02634","id":"8uxakg7w1m02634"},"id":"w1nzm8xywfyuaqp","previousOperationId":"cakj0mlqsz6e4nb"}
{"type":"log","timestamp":1708540277813,"level":"debug","message":"Running chrome with params {\"printBackground\":true,\"marginTop\":\"4cm\",\"marginRight\":\"1.5cm\",\"marginBottom\":\"1.5cm\",\"marginLeft\":\"1.5cm\",\"waitForJS\":false,\"timeout\":59945,\"margin\":{\"top\":\"4cm\",\"right\":\"1.5cm\",\"bottom\":\"1.5cm\",\"left\":\"1.5cm\"}}","meta":{"rootId":"8uxakg7w1m02634","id":"8uxakg7w1m02634"},"id":"ozknoecq3nokelh","previousOperationId":"cakj0mlqsz6e4nb"}
{"type":"operationEnd","operationId":"cakj0mlqsz6e4nb","timestamp":1708540277839,"id":"mcn9oavn66w6go0","previousEventId":"ig8e4de00ubhaiz","previousOperationId":"cakj0mlqsz6e4nb"}
{"type":"log","timestamp":1708540277839,"level":"info","message":"pdf-utils is starting pdf processing","meta":{"rootId":"8uxakg7w1m02634","id":"8uxakg7w1m02634"},"id":"f7crpjm2qbwhz3j","previousOperationId":"cakj0mlqsz6e4nb"}
{"type":"operationStart","subtype":"pdfUtils","name":"pdf utils","timestamp":1708540277839,"id":"55g426tutdhc68f","previousEventId":"mcn9oavn66w6go0","operationId":"fnm8bxif77imp2s","previousOperationId":"cakj0mlqsz6e4nb"}
{"type":"log","timestamp":1708540277839,"level":"debug","message":"pdf-utils detected 1 pdf operation(s) to process","meta":{"rootId":"8uxakg7w1m02634","id":"8uxakg7w1m02634"},"id":"j2ighhm9wx99j7i","previousOperationId":"fnm8bxif77imp2s"}
{"type":"log","timestamp":1708540277861,"level":"debug","message":"pdf-utils running pdf operation merge","meta":{"rootId":"8uxakg7w1m02634","id":"8uxakg7w1m02634"},"id":"np0ab185kgviinw","previousOperationId":"fnm8bxif77imp2s"}
{"type":"operationStart","subtype":"pdfUtilsMerge","name":"pdf utils merge","previousOperationId":"fnm8bxif77imp2s","timestamp":1708540277861,"id":"fqw823bx75b9pdg","previousEventId":"55g426tutdhc68f","operationId":"sk8dl6w75sygb4i"}
{"type":"operationStart","subtype":"render","name":"orders-header","previousOperationId":"sk8dl6w75sygb4i","timestamp":1708540277861,"id":"9ojjilq2l5wnzxk","previousEventId":"fqw823bx75b9pdg","operationId":"ryz7rr3cpwo6pg9"}
{"type":"log","timestamp":1708540277861,"level":"info","message":"Starting rendering (child) request","meta":{"rootId":"8uxakg7w1m02634","id":"aq0sn9haxdayfm0"},"id":"8fr5jxyn9rordj7","previousOperationId":"ryz7rr3cpwo6pg9"}
{"type":"log","timestamp":1708540277861,"level":"info","message":"Rendering template { name: orders-header, recipe: chrome-pdf, engine: handlebars, preview: true }","meta":{"rootId":"8uxakg7w1m02634","id":"aq0sn9haxdayfm0"},"id":"6263r41scooxgdy","previousOperationId":"ryz7rr3cpwo6pg9"}
{"type":"log","timestamp":1708540277862,"level":"debug","message":"Inline data specified.","meta":{"rootId":"8uxakg7w1m02634","id":"aq0sn9haxdayfm0"},"id":"poflpdab34abo2u","previousOperationId":"ryz7rr3cpwo6pg9"}
{"type":"log","timestamp":1708540277863,"level":"debug","message":"Base url not specified, skipping its injection.","meta":{"rootId":"8uxakg7w1m02634","id":"aq0sn9haxdayfm0"},"id":"s1i88yg1ya99nv1","previousOperationId":"ryz7rr3cpwo6pg9"}
{"type":"operationStart","subtype":"engine","name":"handlebars","timestamp":1708540277863,"id":"4a2nigxc0ow4mqq","previousEventId":"9ojjilq2l5wnzxk","operationId":"rpsikvx0ma3sxus","previousOperationId":"ryz7rr3cpwo6pg9"}
{"type":"log","timestamp":1708540277863,"level":"debug","message":"Rendering engine handlebars","meta":{"rootId":"8uxakg7w1m02634","id":"aq0sn9haxdayfm0"},"id":"buuvu73mu8fhzau","previousOperationId":"rpsikvx0ma3sxus"}
{"type":"operationEnd","operationId":"rpsikvx0ma3sxus","timestamp":1708540277869,"id":"1x3ppc1cdxe29um","previousEventId":"4a2nigxc0ow4mqq","previousOperationId":"rpsikvx0ma3sxus"}
{"type":"operationStart","subtype":"recipe","name":"chrome-pdf","timestamp":1708540277869,"id":"p629agy9antrqsi","previousEventId":"1x3ppc1cdxe29um","operationId":"vmohkvs9gtk45zn","previousOperationId":"rpsikvx0ma3sxus"}
{"type":"log","timestamp":1708540277869,"level":"debug","message":"Executing recipe chrome-pdf","meta":{"rootId":"8uxakg7w1m02634","id":"aq0sn9haxdayfm0"},"id":"gm3rlw616rkngzd","previousOperationId":"vmohkvs9gtk45zn"}
{"type":"log","timestamp":1708540277870,"level":"debug","message":"Converting with chrome HeadlessChrome/117.0.5938.149 using chrome-pool strategy","meta":{"rootId":"8uxakg7w1m02634","id":"aq0sn9haxdayfm0"},"id":"095yt517tb33he8","previousOperationId":"vmohkvs9gtk45zn"}
{"type":"log","timestamp":1708540277910,"level":"debug","message":"Page request: GET (document) file:///var/folders/tp/6hccbwhd41s4hkmxw_2wkz640000gn/T/jsreport/autocleanup/d4733fab-4279-406e-8f34-0f03ad4f2e99-chrome-pdf.html","meta":{"rootId":"8uxakg7w1m02634","id":"aq0sn9haxdayfm0"},"id":"svj5aukfxdqajth","previousOperationId":"vmohkvs9gtk45zn"}
{"type":"log","timestamp":1708540277916,"level":"debug","message":"Page request: GET (stylesheet) https://cdnjs.cloudflare.com/ajax/libs/metro/4.1.5/css/metro.min.css","meta":{"rootId":"8uxakg7w1m02634","id":"aq0sn9haxdayfm0"},"id":"as8lab1e985dxu3","previousOperationId":"vmohkvs9gtk45zn"}
{"type":"log","timestamp":1708540277916,"level":"debug","message":"Page request finished: GET (document) 200 file:///var/folders/tp/6hccbwhd41s4hkmxw_2wkz640000gn/T/jsreport/autocleanup/d4733fab-4279-406e-8f34-0f03ad4f2e99-chrome-pdf.html","meta":{"rootId":"8uxakg7w1m02634","id":"aq0sn9haxdayfm0"},"id":"pv5rz2gyx8sojie","previousOperationId":"vmohkvs9gtk45zn"}
{"type":"log","timestamp":1708540277923,"level":"debug","message":"Page request finished: GET (stylesheet) 200 https://cdnjs.cloudflare.com/ajax/libs/metro/4.1.5/css/metro.min.css","meta":{"rootId":"8uxakg7w1m02634","id":"aq0sn9haxdayfm0"},"id":"0co66t88kaztyg8","previousOperationId":"vmohkvs9gtk45zn"}
{"type":"log","timestamp":1708540277937,"level":"debug","message":"Running chrome with params {\"printBackground\":true,\"marginTop\":\"1.5cm\",\"marginRight\":\"1.5cm\",\"marginLeft\":\"1.cm\",\"timeout\":59799,\"margin\":{\"top\":\"1.5cm\",\"right\":\"1.5cm\",\"left\":\"1.cm\"}}","meta":{"rootId":"8uxakg7w1m02634","id":"aq0sn9haxdayfm0"},"id":"mp2mm82spyj6885","previousOperationId":"vmohkvs9gtk45zn"}
{"type":"operationEnd","operationId":"vmohkvs9gtk45zn","timestamp":1708540277954,"id":"90muggka4z1x3or","previousEventId":"p629agy9antrqsi","previousOperationId":"vmohkvs9gtk45zn"}
{"type":"log","timestamp":1708540277954,"level":"debug","message":"Skipping storing report.","meta":{"rootId":"8uxakg7w1m02634","id":"aq0sn9haxdayfm0"},"id":"r1z4a0a4k39kbk6","previousOperationId":"vmohkvs9gtk45zn"}
{"type":"log","timestamp":1708540277954,"level":"info","message":"Rendering (child) request finished in 286 ms","meta":{"rootId":"8uxakg7w1m02634","id":"aq0sn9haxdayfm0"},"id":"0j2blqrhn7t7zbt","previousOperationId":"vmohkvs9gtk45zn"}
{"type":"operationEnd","subtype":"render","operationId":"ryz7rr3cpwo6pg9","timestamp":1708540277954,"id":"mf0spi8so51j6p9","previousEventId":"90muggka4z1x3or","previousOperationId":"vmohkvs9gtk45zn"}
{"type":"operationEnd","operationId":"sk8dl6w75sygb4i","timestamp":1708540277969,"id":"zrf6v52bdhky8zq","previousEventId":"fqw823bx75b9pdg","previousOperationId":"sk8dl6w75sygb4i"}
{"type":"log","timestamp":1708540277969,"level":"debug","message":"pdf-utils postproces start","meta":{"rootId":"8uxakg7w1m02634","id":"8uxakg7w1m02634"},"id":"bwmopzuj3j1jel6","previousOperationId":"sk8dl6w75sygb4i"}
{"type":"log","timestamp":1708540277984,"level":"debug","message":"pdf-utils postproces end","meta":{"rootId":"8uxakg7w1m02634","id":"8uxakg7w1m02634"},"id":"lz4j2uq007phe8y","previousOperationId":"sk8dl6w75sygb4i"}
{"type":"operationEnd","operationId":"fnm8bxif77imp2s","timestamp":1708540277984,"id":"3s451ita3fj3ygs","previousEventId":"zrf6v52bdhky8zq","previousOperationId":"sk8dl6w75sygb4i"}
{"type":"log","timestamp":1708540277984,"level":"info","message":"pdf-utils pdf processing was finished","meta":{"rootId":"8uxakg7w1m02634","id":"8uxakg7w1m02634"},"id":"wbzilf9h5pm2naf","previousOperationId":"fnm8bxif77imp2s"}
{"type":"log","timestamp":1708540277984,"level":"debug","message":"Skipping storing report.","meta":{"rootId":"8uxakg7w1m02634","id":"8uxakg7w1m02634"},"id":"35gp2rz3ovtf8bi","previousOperationId":"fnm8bxif77imp2s"}
{"type":"log","timestamp":1708540277984,"level":"info","message":"Rendering request 15 finished in 316 ms","meta":{"rootId":"8uxakg7w1m02634","id":"8uxakg7w1m02634"},"id":"8ac74u7m7s25urc","previousOperationId":"fnm8bxif77imp2s"}
{"type":"operationEnd","subtype":"render","operationId":"8ox7gff2nvzh3w7","timestamp":1708540277984,"id":"fbjjdrqjdbvmfhz","previousEventId":"3s451ita3fj3ygs","previousOperationId":"fnm8bxif77imp2s"}
{"type":"operationEnd","doDiffs":false,"previousEventId":"80yr8vl3e8qdf9f","previousOperationId":"z722kp2fmkk4hvv","operationId":"z722kp2fmkk4hvv","timestamp":1708540277987,"id":"rz2qgngxyz4wi7l"}
