{"type":"operationStart","subtype":"profile","data":{"_id":"ZkNa2ihWAOmIKt8R","timestamp":"2024-02-21T18:33:37.278Z","state":"queued","mode":"standard","creationDate":"2024-02-21T18:33:37.279Z","modificationDate":"2024-02-21T18:33:37.279Z","shortid":"vC8_piS","$entitySet":"profiles"},"doDiffs":false,"timestamp":1708540417279,"id":"ah0cpooxtysmv4g","previousOperationId":null,"operationId":"mlmv97s5t1rqhao"}
{"type":"log","level":"info","message":"Render request 17 queued for execution and waiting for available worker","previousOperationId":"mlmv97s5t1rqhao","timestamp":1708540417279,"id":"8zho1tmwwrtswaq"}
{"type":"operationStart","subtype":"render","name":"orders-main","previousOperationId":"mlmv97s5t1rqhao","timestamp":1708540417286,"id":"s2g47uwogqfoaoz","previousEventId":"ah0cpooxtysmv4g","operationId":"0vmwnfmofpuvzet"}
{"type":"log","timestamp":1708540417286,"level":"info","message":"Starting rendering request 17","meta":{"rootId":"95qvh3fyyu7dnmj","id":"95qvh3fyyu7dnmj"},"id":"xkjhkf6sr1xzein","previousOperationId":"0vmwnfmofpuvzet"}
{"type":"log","timestamp":1708540417286,"level":"info","message":"Rendering template { name: orders-main, recipe: chrome-pdf, engine: handlebars, preview: true }","meta":{"rootId":"95qvh3fyyu7dnmj","id":"95qvh3fyyu7dnmj"},"id":"lmayfimhkuz9cxw","previousOperationId":"0vmwnfmofpuvzet"}
{"type":"log","timestamp":1708540417287,"level":"debug","message":"Data item not defined for this template.","meta":{"rootId":"95qvh3fyyu7dnmj","id":"95qvh3fyyu7dnmj"},"id":"lzj3n1thh66bycc","previousOperationId":"0vmwnfmofpuvzet"}
{"type":"log","timestamp":1708540417288,"level":"debug","message":"Executing script orders-script (beforeRender)","meta":{"rootId":"95qvh3fyyu7dnmj","id":"95qvh3fyyu7dnmj"},"id":"qno6bounsort7zj","previousOperationId":"0vmwnfmofpuvzet"}
{"type":"operationStart","subtype":"scriptsBeforeRender","name":"scripts beforeRender","timestamp":1708540417310,"id":"qzskrboy44kwyv2","previousEventId":"s2g47uwogqfoaoz","operationId":"tia5pcx50bcugn0","previousOperationId":"0vmwnfmofpuvzet"}
{"type":"operationStart","subtype":"script","name":"scripts orders-script","previousOperationId":"tia5pcx50bcugn0","timestamp":1708540417310,"id":"fuvgruhdq7wzatr","previousEventId":"qzskrboy44kwyv2","operationId":"lma3unsuswcm94z"}
{"type":"operationEnd","operationId":"lma3unsuswcm94z","timestamp":1708540417350,"id":"plnf73tv6rtwzvw","previousEventId":"s2g47uwogqfoaoz","previousOperationId":"0vmwnfmofpuvzet"}
{"type":"operationEnd","operationId":"tia5pcx50bcugn0","timestamp":1708540417350,"id":"t4qlndyvgedqb30","previousEventId":"plnf73tv6rtwzvw","previousOperationId":"0vmwnfmofpuvzet"}
{"type":"log","timestamp":1708540417350,"level":"debug","message":"Base url not specified, skipping its injection.","meta":{"rootId":"95qvh3fyyu7dnmj","id":"95qvh3fyyu7dnmj"},"id":"2velpo90izqoucr","previousOperationId":"tia5pcx50bcugn0"}
{"type":"operationStart","subtype":"engine","name":"handlebars","timestamp":1708540417350,"id":"ksblakrod3t8uff","previousEventId":"t4qlndyvgedqb30","operationId":"r4uaw1ndk0w12ur","previousOperationId":"tia5pcx50bcugn0"}
{"type":"log","timestamp":1708540417350,"level":"debug","message":"Rendering engine handlebars","meta":{"rootId":"95qvh3fyyu7dnmj","id":"95qvh3fyyu7dnmj"},"id":"ko6dvh4s4k7tjb6","previousOperationId":"r4uaw1ndk0w12ur"}
{"type":"operationEnd","operationId":"r4uaw1ndk0w12ur","timestamp":1708540417356,"id":"6gtn1q3t2xiff9e","previousEventId":"ksblakrod3t8uff","previousOperationId":"r4uaw1ndk0w12ur"}
{"type":"operationStart","subtype":"recipe","name":"chrome-pdf","timestamp":1708540417356,"id":"5gnrd938ze67qtd","previousEventId":"6gtn1q3t2xiff9e","operationId":"krp78mezn5z18yx","previousOperationId":"r4uaw1ndk0w12ur"}
{"type":"log","timestamp":1708540417356,"level":"debug","message":"Executing recipe chrome-pdf","meta":{"rootId":"95qvh3fyyu7dnmj","id":"95qvh3fyyu7dnmj"},"id":"kwglq2afow2xye8","previousOperationId":"krp78mezn5z18yx"}
{"type":"log","timestamp":1708540417357,"level":"debug","message":"Converting with chrome HeadlessChrome/117.0.5938.149 using chrome-pool strategy","meta":{"rootId":"95qvh3fyyu7dnmj","id":"95qvh3fyyu7dnmj"},"id":"ydpri2mlpnxmsqy","previousOperationId":"krp78mezn5z18yx"}
{"type":"log","timestamp":1708540417409,"level":"debug","message":"Page request: GET (document) file:///var/folders/tp/6hccbwhd41s4hkmxw_2wkz640000gn/T/jsreport/autocleanup/375b1d58-292d-4221-9bfb-55b1a077148a-chrome-pdf.html","meta":{"rootId":"95qvh3fyyu7dnmj","id":"95qvh3fyyu7dnmj"},"id":"bh1zuwevwfcnq40","previousOperationId":"krp78mezn5z18yx"}
{"type":"log","timestamp":1708540417415,"level":"debug","message":"Page request: GET (stylesheet) https://cdnjs.cloudflare.com/ajax/libs/metro/4.1.5/css/metro.min.css","meta":{"rootId":"95qvh3fyyu7dnmj","id":"95qvh3fyyu7dnmj"},"id":"38qam9p46zyplar","previousOperationId":"krp78mezn5z18yx"}
{"type":"log","timestamp":1708540417415,"level":"debug","message":"Page request: GET (script) https://cdn.jsdelivr.net/npm/chart.js","meta":{"rootId":"95qvh3fyyu7dnmj","id":"95qvh3fyyu7dnmj"},"id":"r6motchob6epgh6","previousOperationId":"krp78mezn5z18yx"}
{"type":"log","timestamp":1708540417415,"level":"debug","message":"Page request finished: GET (document) 200 file:///var/folders/tp/6hccbwhd41s4hkmxw_2wkz640000gn/T/jsreport/autocleanup/375b1d58-292d-4221-9bfb-55b1a077148a-chrome-pdf.html","meta":{"rootId":"95qvh3fyyu7dnmj","id":"95qvh3fyyu7dnmj"},"id":"ggb9wu0r9z4q3kr","previousOperationId":"krp78mezn5z18yx"}
{"type":"log","timestamp":1708540417423,"level":"debug","message":"Page request finished: GET (stylesheet) 200 https://cdnjs.cloudflare.com/ajax/libs/metro/4.1.5/css/metro.min.css","meta":{"rootId":"95qvh3fyyu7dnmj","id":"95qvh3fyyu7dnmj"},"id":"cy56p7teb5kd9co","previousOperationId":"krp78mezn5z18yx"}
{"type":"log","timestamp":1708540417423,"level":"debug","message":"Page request finished: GET (script) 200 https://cdn.jsdelivr.net/npm/chart.js","meta":{"rootId":"95qvh3fyyu7dnmj","id":"95qvh3fyyu7dnmj"},"id":"xjoluepirebpcah","previousOperationId":"krp78mezn5z18yx"}
{"type":"log","timestamp":1708540417503,"level":"debug","message":"Running chrome with params {\"printBackground\":true,\"marginTop\":\"4cm\",\"marginRight\":\"1.5cm\",\"marginBottom\":\"1.5cm\",\"marginLeft\":\"1.5cm\",\"waitForJS\":false,\"timeout\":59921,\"margin\":{\"top\":\"4cm\",\"right\":\"1.5cm\",\"bottom\":\"1.5cm\",\"left\":\"1.5cm\"}}","meta":{"rootId":"95qvh3fyyu7dnmj","id":"95qvh3fyyu7dnmj"},"id":"yohbj96ybmuybzc","previousOperationId":"krp78mezn5z18yx"}
{"type":"operationEnd","operationId":"krp78mezn5z18yx","timestamp":1708540417536,"id":"s8x8prp29dt8ecg","previousEventId":"5gnrd938ze67qtd","previousOperationId":"krp78mezn5z18yx"}
{"type":"log","timestamp":1708540417536,"level":"info","message":"pdf-utils is starting pdf processing","meta":{"rootId":"95qvh3fyyu7dnmj","id":"95qvh3fyyu7dnmj"},"id":"8xcisb3ogqd7jlp","previousOperationId":"krp78mezn5z18yx"}
{"type":"operationStart","subtype":"pdfUtils","name":"pdf utils","timestamp":1708540417536,"id":"ede1cms8xh6c4c2","previousEventId":"s8x8prp29dt8ecg","operationId":"onq9x18t501099h","previousOperationId":"krp78mezn5z18yx"}
{"type":"log","timestamp":1708540417537,"level":"debug","message":"pdf-utils detected 1 pdf operation(s) to process","meta":{"rootId":"95qvh3fyyu7dnmj","id":"95qvh3fyyu7dnmj"},"id":"ws0fkr67iajyep7","previousOperationId":"onq9x18t501099h"}
{"type":"log","timestamp":1708540417549,"level":"debug","message":"pdf-utils running pdf operation merge","meta":{"rootId":"95qvh3fyyu7dnmj","id":"95qvh3fyyu7dnmj"},"id":"oatnwgu8eiodmlh","previousOperationId":"onq9x18t501099h"}
{"type":"operationStart","subtype":"pdfUtilsMerge","name":"pdf utils merge","previousOperationId":"onq9x18t501099h","timestamp":1708540417549,"id":"64ktdwsk6czmzmv","previousEventId":"ede1cms8xh6c4c2","operationId":"bhpqxrt6p3qcbl0"}
{"type":"operationStart","subtype":"render","name":"orders-header","previousOperationId":"bhpqxrt6p3qcbl0","timestamp":1708540417550,"id":"zipm9l8crzi7t23","previousEventId":"64ktdwsk6czmzmv","operationId":"75q5tuncs5qzeiu"}
{"type":"log","timestamp":1708540417550,"level":"info","message":"Starting rendering (child) request","meta":{"rootId":"95qvh3fyyu7dnmj","id":"subdqvujr9ud3mr"},"id":"jy9j2w9w2g83alq","previousOperationId":"75q5tuncs5qzeiu"}
{"type":"log","timestamp":1708540417550,"level":"info","message":"Rendering template { name: orders-header, recipe: chrome-pdf, engine: handlebars, preview: true }","meta":{"rootId":"95qvh3fyyu7dnmj","id":"subdqvujr9ud3mr"},"id":"9joe1avfalo72l1","previousOperationId":"75q5tuncs5qzeiu"}
{"type":"log","timestamp":1708540417550,"level":"debug","message":"Inline data specified.","meta":{"rootId":"95qvh3fyyu7dnmj","id":"subdqvujr9ud3mr"},"id":"gmq2vcptkpv6qy6","previousOperationId":"75q5tuncs5qzeiu"}
{"type":"log","timestamp":1708540417550,"level":"debug","message":"Base url not specified, skipping its injection.","meta":{"rootId":"95qvh3fyyu7dnmj","id":"subdqvujr9ud3mr"},"id":"d3k92udhl67xr73","previousOperationId":"75q5tuncs5qzeiu"}
{"type":"operationStart","subtype":"engine","name":"handlebars","timestamp":1708540417551,"id":"lff8kv0xk9l3zdr","previousEventId":"zipm9l8crzi7t23","operationId":"h50niukfpsgq4jn","previousOperationId":"75q5tuncs5qzeiu"}
{"type":"log","timestamp":1708540417551,"level":"debug","message":"Rendering engine handlebars","meta":{"rootId":"95qvh3fyyu7dnmj","id":"subdqvujr9ud3mr"},"id":"0y8fc6zobg8zxaw","previousOperationId":"h50niukfpsgq4jn"}
{"type":"operationEnd","operationId":"h50niukfpsgq4jn","timestamp":1708540417555,"id":"eyud2nfvxufhy28","previousEventId":"lff8kv0xk9l3zdr","previousOperationId":"h50niukfpsgq4jn"}
{"type":"operationStart","subtype":"recipe","name":"chrome-pdf","timestamp":1708540417555,"id":"879abi9z45qe5yn","previousEventId":"eyud2nfvxufhy28","operationId":"8t8fah35dk6z81g","previousOperationId":"h50niukfpsgq4jn"}
{"type":"log","timestamp":1708540417555,"level":"debug","message":"Executing recipe chrome-pdf","meta":{"rootId":"95qvh3fyyu7dnmj","id":"subdqvujr9ud3mr"},"id":"n9t6976d5iq9p2e","previousOperationId":"8t8fah35dk6z81g"}
{"type":"log","timestamp":1708540417556,"level":"debug","message":"Converting with chrome HeadlessChrome/117.0.5938.149 using chrome-pool strategy","meta":{"rootId":"95qvh3fyyu7dnmj","id":"subdqvujr9ud3mr"},"id":"on6vl8mnzaqar41","previousOperationId":"8t8fah35dk6z81g"}
{"type":"log","timestamp":1708540417602,"level":"debug","message":"Page request: GET (document) file:///var/folders/tp/6hccbwhd41s4hkmxw_2wkz640000gn/T/jsreport/autocleanup/6001aafd-f71d-49c8-b869-7a61ae1bb5de-chrome-pdf.html","meta":{"rootId":"95qvh3fyyu7dnmj","id":"subdqvujr9ud3mr"},"id":"sexbnirpipeph54","previousOperationId":"8t8fah35dk6z81g"}
{"type":"log","timestamp":1708540417608,"level":"debug","message":"Page request: GET (stylesheet) https://cdnjs.cloudflare.com/ajax/libs/metro/4.1.5/css/metro.min.css","meta":{"rootId":"95qvh3fyyu7dnmj","id":"subdqvujr9ud3mr"},"id":"zobz1snof14c6mb","previousOperationId":"8t8fah35dk6z81g"}
{"type":"log","timestamp":1708540417608,"level":"debug","message":"Page request finished: GET (document) 200 file:///var/folders/tp/6hccbwhd41s4hkmxw_2wkz640000gn/T/jsreport/autocleanup/6001aafd-f71d-49c8-b869-7a61ae1bb5de-chrome-pdf.html","meta":{"rootId":"95qvh3fyyu7dnmj","id":"subdqvujr9ud3mr"},"id":"2noxk408xqtpppy","previousOperationId":"8t8fah35dk6z81g"}
{"type":"log","timestamp":1708540417616,"level":"debug","message":"Page request finished: GET (stylesheet) 200 https://cdnjs.cloudflare.com/ajax/libs/metro/4.1.5/css/metro.min.css","meta":{"rootId":"95qvh3fyyu7dnmj","id":"subdqvujr9ud3mr"},"id":"knt5t4qbu3oxfw8","previousOperationId":"8t8fah35dk6z81g"}
{"type":"log","timestamp":1708540417629,"level":"debug","message":"Running chrome with params {\"printBackground\":true,\"marginTop\":\"1.5cm\",\"marginRight\":\"1.5cm\",\"marginLeft\":\"1.cm\",\"timeout\":59723,\"margin\":{\"top\":\"1.5cm\",\"right\":\"1.5cm\",\"left\":\"1.cm\"}}","meta":{"rootId":"95qvh3fyyu7dnmj","id":"subdqvujr9ud3mr"},"id":"s0ke5j1du5npd5u","previousOperationId":"8t8fah35dk6z81g"}
{"type":"operationEnd","operationId":"8t8fah35dk6z81g","timestamp":1708540417643,"id":"fk4m8zci8zix191","previousEventId":"879abi9z45qe5yn","previousOperationId":"8t8fah35dk6z81g"}
{"type":"log","timestamp":1708540417643,"level":"debug","message":"Skipping storing report.","meta":{"rootId":"95qvh3fyyu7dnmj","id":"subdqvujr9ud3mr"},"id":"76xzeptcydhjlge","previousOperationId":"8t8fah35dk6z81g"}
{"type":"log","timestamp":1708540417643,"level":"info","message":"Rendering (child) request finished in 365 ms","meta":{"rootId":"95qvh3fyyu7dnmj","id":"subdqvujr9ud3mr"},"id":"z3y73mkt2sb6r2o","previousOperationId":"8t8fah35dk6z81g"}
{"type":"operationEnd","subtype":"render","operationId":"75q5tuncs5qzeiu","timestamp":1708540417643,"id":"0yey43htw3f7bdv","previousEventId":"fk4m8zci8zix191","previousOperationId":"8t8fah35dk6z81g"}
{"type":"operationEnd","operationId":"bhpqxrt6p3qcbl0","timestamp":1708540417655,"id":"kpp3toz4jk0kccr","previousEventId":"64ktdwsk6czmzmv","previousOperationId":"bhpqxrt6p3qcbl0"}
{"type":"log","timestamp":1708540417655,"level":"debug","message":"pdf-utils postproces start","meta":{"rootId":"95qvh3fyyu7dnmj","id":"95qvh3fyyu7dnmj"},"id":"v0zw4qd44zn0v4e","previousOperationId":"bhpqxrt6p3qcbl0"}
{"type":"log","timestamp":1708540417666,"level":"debug","message":"pdf-utils postproces end","meta":{"rootId":"95qvh3fyyu7dnmj","id":"95qvh3fyyu7dnmj"},"id":"l3cptgjab5uq1nl","previousOperationId":"bhpqxrt6p3qcbl0"}
{"type":"operationEnd","operationId":"onq9x18t501099h","timestamp":1708540417667,"id":"thmixrku34qm0q1","previousEventId":"kpp3toz4jk0kccr","previousOperationId":"bhpqxrt6p3qcbl0"}
{"type":"log","timestamp":1708540417667,"level":"info","message":"pdf-utils pdf processing was finished","meta":{"rootId":"95qvh3fyyu7dnmj","id":"95qvh3fyyu7dnmj"},"id":"w97nbl1c9fsk83s","previousOperationId":"onq9x18t501099h"}
{"type":"log","timestamp":1708540417667,"level":"debug","message":"Skipping storing report.","meta":{"rootId":"95qvh3fyyu7dnmj","id":"95qvh3fyyu7dnmj"},"id":"uirl33j0vm9k2jr","previousOperationId":"onq9x18t501099h"}
{"type":"log","timestamp":1708540417667,"level":"info","message":"Rendering request 17 finished in 389 ms","meta":{"rootId":"95qvh3fyyu7dnmj","id":"95qvh3fyyu7dnmj"},"id":"hkzmg7vg4q3631a","previousOperationId":"onq9x18t501099h"}
{"type":"operationEnd","subtype":"render","operationId":"0vmwnfmofpuvzet","timestamp":1708540417667,"id":"chag4nm8u1hncua","previousEventId":"thmixrku34qm0q1","previousOperationId":"onq9x18t501099h"}
{"type":"operationEnd","doDiffs":false,"previousEventId":"ah0cpooxtysmv4g","previousOperationId":"mlmv97s5t1rqhao","operationId":"mlmv97s5t1rqhao","timestamp":1708540417669,"id":"vjql9zy2qh9ut7f"}
