{"type":"operationStart","subtype":"profile","data":{"_id":"HIDmPDzCTQsPFalb","timestamp":"2024-02-21T18:22:00.378Z","state":"queued","mode":"standard","creationDate":"2024-02-21T18:22:00.380Z","modificationDate":"2024-02-21T18:22:00.380Z","shortid":"xF_zxh6","$entitySet":"profiles"},"doDiffs":false,"timestamp":1708539720379,"id":"7dq5h2f98hbbno6","previousOperationId":null,"operationId":"i95agdkc681sd51"}
{"type":"log","level":"info","message":"Render request 4 queued for execution and waiting for available worker","previousOperationId":"i95agdkc681sd51","timestamp":1708539720379,"id":"qxb3rqmioalhvoz"}
{"type":"operationStart","subtype":"render","name":"orders-main","previousOperationId":"i95agdkc681sd51","timestamp":1708539720401,"id":"n4ltlevoxue18hw","previousEventId":"7dq5h2f98hbbno6","operationId":"ewrtuuhwjdh8ows"}
{"type":"log","timestamp":1708539720401,"level":"info","message":"Starting rendering request 4","meta":{"rootId":"9yephujl7bgva67","id":"9yephujl7bgva67"},"id":"hbm9xp67aq67w8k","previousOperationId":"ewrtuuhwjdh8ows"}
{"type":"log","timestamp":1708539720402,"level":"info","message":"Rendering template { name: orders-main, recipe: chrome-pdf, engine: handlebars, preview: true }","meta":{"rootId":"9yephujl7bgva67","id":"9yephujl7bgva67"},"id":"ejg8i7tmkqoi1a0","previousOperationId":"ewrtuuhwjdh8ows"}
{"type":"log","timestamp":1708539720403,"level":"debug","message":"Data item not defined for this template.","meta":{"rootId":"9yephujl7bgva67","id":"9yephujl7bgva67"},"id":"hko3ncr6x9ymomm","previousOperationId":"ewrtuuhwjdh8ows"}
{"type":"log","timestamp":1708539720405,"level":"debug","message":"Executing script orders-script (beforeRender)","meta":{"rootId":"9yephujl7bgva67","id":"9yephujl7bgva67"},"id":"b0lrycpnx8qrd7k","previousOperationId":"ewrtuuhwjdh8ows"}
{"type":"operationStart","subtype":"scriptsBeforeRender","name":"scripts beforeRender","timestamp":1708539720424,"id":"2mq9oo7q1suo9p9","previousEventId":"n4ltlevoxue18hw","operationId":"w92omytdgcxx2m5","previousOperationId":"ewrtuuhwjdh8ows"}
{"type":"operationStart","subtype":"script","name":"scripts orders-script","previousOperationId":"w92omytdgcxx2m5","timestamp":1708539720424,"id":"ioatq6dn93t0qpq","previousEventId":"2mq9oo7q1suo9p9","operationId":"dtr8i5islg7pm8l"}
{"type":"log","timestamp":1708539720438,"level":"debug","message":"(console:log) [ 'ola', 'oola', 'Race1', 'Race2' ]","meta":{"userLevel":true,"rootId":"9yephujl7bgva67","id":"9yephujl7bgva67"},"id":"wrm2zg10k8t5k2v","previousOperationId":"dtr8i5islg7pm8l"}
{"type":"log","timestamp":1708539720438,"level":"debug","message":"(console:log) [ 0, 0, 1, 1 ]","meta":{"userLevel":true,"rootId":"9yephujl7bgva67","id":"9yephujl7bgva67"},"id":"vap8ltvx1y302bp","previousOperationId":"dtr8i5islg7pm8l"}
{"type":"operationEnd","operationId":"dtr8i5islg7pm8l","timestamp":1708539720438,"id":"rnbtzay7vv9zrus","previousEventId":"n4ltlevoxue18hw","previousOperationId":"ewrtuuhwjdh8ows"}
{"type":"operationEnd","operationId":"w92omytdgcxx2m5","timestamp":1708539720438,"id":"frtpubirur25rcs","previousEventId":"rnbtzay7vv9zrus","previousOperationId":"ewrtuuhwjdh8ows"}
{"type":"log","timestamp":1708539720438,"level":"debug","message":"Base url not specified, skipping its injection.","meta":{"rootId":"9yephujl7bgva67","id":"9yephujl7bgva67"},"id":"01mb6dityv7jwnk","previousOperationId":"w92omytdgcxx2m5"}
{"type":"operationStart","subtype":"engine","name":"handlebars","timestamp":1708539720438,"id":"2swtxktd5qmym8f","previousEventId":"frtpubirur25rcs","operationId":"ob2297wnewhsfha","previousOperationId":"w92omytdgcxx2m5"}
{"type":"log","timestamp":1708539720438,"level":"debug","message":"Rendering engine handlebars","meta":{"rootId":"9yephujl7bgva67","id":"9yephujl7bgva67"},"id":"7srm1h5zq29jgox","previousOperationId":"ob2297wnewhsfha"}
{"type":"log","timestamp":1708539720442,"level":"debug","message":"(console:log) Pdf utils adding group field, value: \"ola\"","meta":{"userLevel":true,"rootId":"9yephujl7bgva67","id":"9yephujl7bgva67"},"id":"w8lukzm1i49wtzp","previousOperationId":"ob2297wnewhsfha"}
{"type":"log","timestamp":1708539720442,"level":"debug","message":"(console:log) Pdf utils adding group field, value: \"oola\"","meta":{"userLevel":true,"rootId":"9yephujl7bgva67","id":"9yephujl7bgva67"},"id":"ln2poamx0f1zxi3","previousOperationId":"ob2297wnewhsfha"}
{"type":"log","timestamp":1708539720442,"level":"debug","message":"(console:log) Pdf utils adding group field, value: \"Race1\"","meta":{"userLevel":true,"rootId":"9yephujl7bgva67","id":"9yephujl7bgva67"},"id":"x6a4280nvzc3lt9","previousOperationId":"ob2297wnewhsfha"}
{"type":"log","timestamp":1708539720442,"level":"debug","message":"(console:log) Pdf utils adding group field, value: \"Race2\"","meta":{"userLevel":true,"rootId":"9yephujl7bgva67","id":"9yephujl7bgva67"},"id":"vdxtf6j0nw7k4xz","previousOperationId":"ob2297wnewhsfha"}
{"type":"operationEnd","operationId":"ob2297wnewhsfha","timestamp":1708539720442,"id":"40rpw328g7353um","previousEventId":"2swtxktd5qmym8f","previousOperationId":"ob2297wnewhsfha"}
{"type":"operationStart","subtype":"recipe","name":"chrome-pdf","timestamp":1708539720443,"id":"nte4mu6oehk51mz","previousEventId":"40rpw328g7353um","operationId":"q0saw0827yedsrb","previousOperationId":"ob2297wnewhsfha"}
{"type":"log","timestamp":1708539720443,"level":"debug","message":"Executing recipe chrome-pdf","meta":{"rootId":"9yephujl7bgva67","id":"9yephujl7bgva67"},"id":"x2p1b5f7we59n4p","previousOperationId":"q0saw0827yedsrb"}
{"type":"log","timestamp":1708539720444,"level":"debug","message":"Converting with chrome HeadlessChrome/117.0.5938.149 using chrome-pool strategy","meta":{"rootId":"9yephujl7bgva67","id":"9yephujl7bgva67"},"id":"ckz1a2l7yc28kn4","previousOperationId":"q0saw0827yedsrb"}
{"type":"log","timestamp":1708539720510,"level":"debug","message":"Page request: GET (document) file:///var/folders/tp/6hccbwhd41s4hkmxw_2wkz640000gn/T/jsreport/autocleanup/ae92e087-689d-4391-917d-4c85547819ff-chrome-pdf.html","meta":{"rootId":"9yephujl7bgva67","id":"9yephujl7bgva67"},"id":"6exlgl66evzgfdx","previousOperationId":"q0saw0827yedsrb"}
{"type":"log","timestamp":1708539720517,"level":"debug","message":"Page request: GET (stylesheet) https://cdnjs.cloudflare.com/ajax/libs/metro/4.1.5/css/metro.min.css","meta":{"rootId":"9yephujl7bgva67","id":"9yephujl7bgva67"},"id":"ksvqtlqp8l1yiov","previousOperationId":"q0saw0827yedsrb"}
{"type":"log","timestamp":1708539720517,"level":"debug","message":"Page request: GET (script) https://cdn.jsdelivr.net/npm/chart.js","meta":{"rootId":"9yephujl7bgva67","id":"9yephujl7bgva67"},"id":"vvhsvn4lb7gnq1g","previousOperationId":"q0saw0827yedsrb"}
{"type":"log","timestamp":1708539720518,"level":"debug","message":"Page request finished: GET (document) 200 file:///var/folders/tp/6hccbwhd41s4hkmxw_2wkz640000gn/T/jsreport/autocleanup/ae92e087-689d-4391-917d-4c85547819ff-chrome-pdf.html","meta":{"rootId":"9yephujl7bgva67","id":"9yephujl7bgva67"},"id":"761x6pvv8ufho57","previousOperationId":"q0saw0827yedsrb"}
{"type":"log","timestamp":1708539720528,"level":"debug","message":"Page request finished: GET (stylesheet) 200 https://cdnjs.cloudflare.com/ajax/libs/metro/4.1.5/css/metro.min.css","meta":{"rootId":"9yephujl7bgva67","id":"9yephujl7bgva67"},"id":"xzjkburhxd4goya","previousOperationId":"q0saw0827yedsrb"}
{"type":"log","timestamp":1708539720528,"level":"debug","message":"Page request finished: GET (script) 200 https://cdn.jsdelivr.net/npm/chart.js","meta":{"rootId":"9yephujl7bgva67","id":"9yephujl7bgva67"},"id":"xe9grg7sivlomp8","previousOperationId":"q0saw0827yedsrb"}
{"type":"log","timestamp":1708539720580,"level":"debug","message":"Running chrome with params {\"printBackground\":true,\"marginTop\":\"4cm\",\"marginRight\":\"1.5cm\",\"marginBottom\":\"1.5cm\",\"marginLeft\":\"1.5cm\",\"waitForJS\":false,\"timeout\":59935,\"margin\":{\"top\":\"4cm\",\"right\":\"1.5cm\",\"bottom\":\"1.5cm\",\"left\":\"1.5cm\"}}","meta":{"rootId":"9yephujl7bgva67","id":"9yephujl7bgva67"},"id":"fsb3pxaklj67d6g","previousOperationId":"q0saw0827yedsrb"}
{"type":"operationEnd","operationId":"q0saw0827yedsrb","timestamp":1708539720620,"id":"51d52p67yaaf5rl","previousEventId":"nte4mu6oehk51mz","previousOperationId":"q0saw0827yedsrb"}
{"type":"log","timestamp":1708539720620,"level":"info","message":"pdf-utils is starting pdf processing","meta":{"rootId":"9yephujl7bgva67","id":"9yephujl7bgva67"},"id":"u24gnw8334t3rnn","previousOperationId":"q0saw0827yedsrb"}
{"type":"operationStart","subtype":"pdfUtils","name":"pdf utils","timestamp":1708539720621,"id":"q3pk4xnx7crpjxq","previousEventId":"51d52p67yaaf5rl","operationId":"p8a7ueddlwljc06","previousOperationId":"q0saw0827yedsrb"}
{"type":"log","timestamp":1708539720621,"level":"debug","message":"pdf-utils detected 1 pdf operation(s) to process","meta":{"rootId":"9yephujl7bgva67","id":"9yephujl7bgva67"},"id":"tgqw4voyz5smnhb","previousOperationId":"p8a7ueddlwljc06"}
{"type":"log","timestamp":1708539720663,"level":"debug","message":"pdf-utils running pdf operation merge","meta":{"rootId":"9yephujl7bgva67","id":"9yephujl7bgva67"},"id":"tznteh59kl2bk1d","previousOperationId":"p8a7ueddlwljc06"}
{"type":"operationStart","subtype":"pdfUtilsMerge","name":"pdf utils merge","previousOperationId":"p8a7ueddlwljc06","timestamp":1708539720663,"id":"ouhjogapbbbe0z9","previousEventId":"q3pk4xnx7crpjxq","operationId":"vwcg7eacnemq00u"}
{"type":"operationStart","subtype":"render","name":"orders-header","previousOperationId":"vwcg7eacnemq00u","timestamp":1708539720664,"id":"gnq1832dtjfdmep","previousEventId":"ouhjogapbbbe0z9","operationId":"v92zbtyzzgezkeb"}
{"type":"log","timestamp":1708539720664,"level":"info","message":"Starting rendering (child) request","meta":{"rootId":"9yephujl7bgva67","id":"g0sdchbotoo1rmx"},"id":"yfjgrd59zf1ub6u","previousOperationId":"v92zbtyzzgezkeb"}
{"type":"log","timestamp":1708539720664,"level":"info","message":"Rendering template { name: orders-header, recipe: chrome-pdf, engine: handlebars, preview: true }","meta":{"rootId":"9yephujl7bgva67","id":"g0sdchbotoo1rmx"},"id":"z6kqk792zjg6bcx","previousOperationId":"v92zbtyzzgezkeb"}
{"type":"log","timestamp":1708539720664,"level":"debug","message":"Inline data specified.","meta":{"rootId":"9yephujl7bgva67","id":"g0sdchbotoo1rmx"},"id":"2nt6ebrgbiq3j8i","previousOperationId":"v92zbtyzzgezkeb"}
{"type":"log","timestamp":1708539720665,"level":"debug","message":"Base url not specified, skipping its injection.","meta":{"rootId":"9yephujl7bgva67","id":"g0sdchbotoo1rmx"},"id":"3078r7lnfrh0xhv","previousOperationId":"v92zbtyzzgezkeb"}
{"type":"operationStart","subtype":"engine","name":"handlebars","timestamp":1708539720665,"id":"qtb7gaszttw0td5","previousEventId":"gnq1832dtjfdmep","operationId":"skptsgzbpsxkamt","previousOperationId":"v92zbtyzzgezkeb"}
{"type":"log","timestamp":1708539720665,"level":"debug","message":"Rendering engine handlebars","meta":{"rootId":"9yephujl7bgva67","id":"g0sdchbotoo1rmx"},"id":"4ukmvivbjxeonyu","previousOperationId":"skptsgzbpsxkamt"}
{"type":"operationEnd","operationId":"skptsgzbpsxkamt","timestamp":1708539720671,"id":"vk0p8uxljt2z2ip","previousEventId":"qtb7gaszttw0td5","previousOperationId":"skptsgzbpsxkamt"}
{"type":"operationStart","subtype":"recipe","name":"chrome-pdf","timestamp":1708539720671,"id":"16issuahsydm9q9","previousEventId":"vk0p8uxljt2z2ip","operationId":"c202lxtib9fk8le","previousOperationId":"skptsgzbpsxkamt"}
{"type":"log","timestamp":1708539720671,"level":"debug","message":"Executing recipe chrome-pdf","meta":{"rootId":"9yephujl7bgva67","id":"g0sdchbotoo1rmx"},"id":"wz481c0krlorfhw","previousOperationId":"c202lxtib9fk8le"}
{"type":"log","timestamp":1708539720671,"level":"debug","message":"Converting with chrome HeadlessChrome/117.0.5938.149 using chrome-pool strategy","meta":{"rootId":"9yephujl7bgva67","id":"g0sdchbotoo1rmx"},"id":"1o68c3hllcndxkc","previousOperationId":"c202lxtib9fk8le"}
{"type":"log","timestamp":1708539720716,"level":"debug","message":"Page request: GET (document) file:///var/folders/tp/6hccbwhd41s4hkmxw_2wkz640000gn/T/jsreport/autocleanup/eec1321e-9f72-451b-b472-aac0679e863a-chrome-pdf.html","meta":{"rootId":"9yephujl7bgva67","id":"g0sdchbotoo1rmx"},"id":"hkf31omjegaxgkd","previousOperationId":"c202lxtib9fk8le"}
{"type":"log","timestamp":1708539720722,"level":"debug","message":"Page request: GET (stylesheet) https://cdnjs.cloudflare.com/ajax/libs/metro/4.1.5/css/metro.min.css","meta":{"rootId":"9yephujl7bgva67","id":"g0sdchbotoo1rmx"},"id":"ad1g711l6nts6k9","previousOperationId":"c202lxtib9fk8le"}
{"type":"log","timestamp":1708539720722,"level":"debug","message":"Page request finished: GET (document) 200 file:///var/folders/tp/6hccbwhd41s4hkmxw_2wkz640000gn/T/jsreport/autocleanup/eec1321e-9f72-451b-b472-aac0679e863a-chrome-pdf.html","meta":{"rootId":"9yephujl7bgva67","id":"g0sdchbotoo1rmx"},"id":"npv2nhaaiz728jp","previousOperationId":"c202lxtib9fk8le"}
{"type":"log","timestamp":1708539720728,"level":"debug","message":"Page request finished: GET (stylesheet) 200 https://cdnjs.cloudflare.com/ajax/libs/metro/4.1.5/css/metro.min.css","meta":{"rootId":"9yephujl7bgva67","id":"g0sdchbotoo1rmx"},"id":"6sssa6cwskxq6v6","previousOperationId":"c202lxtib9fk8le"}
{"type":"log","timestamp":1708539720746,"level":"debug","message":"Running chrome with params {\"printBackground\":true,\"marginTop\":\"1.5cm\",\"marginRight\":\"1.5cm\",\"marginLeft\":\"1.cm\",\"timeout\":59707,\"margin\":{\"top\":\"1.5cm\",\"right\":\"1.5cm\",\"left\":\"1.cm\"}}","meta":{"rootId":"9yephujl7bgva67","id":"g0sdchbotoo1rmx"},"id":"gkt37fju5cj3xqd","previousOperationId":"c202lxtib9fk8le"}
{"type":"operationEnd","operationId":"c202lxtib9fk8le","timestamp":1708539720766,"id":"68q7t2x8pivxoc4","previousEventId":"16issuahsydm9q9","previousOperationId":"c202lxtib9fk8le"}
{"type":"log","timestamp":1708539720766,"level":"debug","message":"Skipping storing report.","meta":{"rootId":"9yephujl7bgva67","id":"g0sdchbotoo1rmx"},"id":"2duzk6skgpqfrpj","previousOperationId":"c202lxtib9fk8le"}
{"type":"log","timestamp":1708539720766,"level":"info","message":"Rendering (child) request finished in 388 ms","meta":{"rootId":"9yephujl7bgva67","id":"g0sdchbotoo1rmx"},"id":"v40zubp87c0j29z","previousOperationId":"c202lxtib9fk8le"}
{"type":"operationEnd","subtype":"render","operationId":"v92zbtyzzgezkeb","timestamp":1708539720766,"id":"rwgiblum7rizr2e","previousEventId":"68q7t2x8pivxoc4","previousOperationId":"c202lxtib9fk8le"}
{"type":"operationEnd","operationId":"vwcg7eacnemq00u","timestamp":1708539720793,"id":"0nemeo6hb700yhf","previousEventId":"ouhjogapbbbe0z9","previousOperationId":"vwcg7eacnemq00u"}
{"type":"log","timestamp":1708539720793,"level":"debug","message":"pdf-utils postproces start","meta":{"rootId":"9yephujl7bgva67","id":"9yephujl7bgva67"},"id":"imexabtez657x5r","previousOperationId":"vwcg7eacnemq00u"}
{"type":"log","timestamp":1708539720821,"level":"debug","message":"pdf-utils postproces end","meta":{"rootId":"9yephujl7bgva67","id":"9yephujl7bgva67"},"id":"x91b6iv0loy7bg3","previousOperationId":"vwcg7eacnemq00u"}
{"type":"operationEnd","operationId":"p8a7ueddlwljc06","timestamp":1708539720821,"id":"lhnn4umnxnb79y8","previousEventId":"0nemeo6hb700yhf","previousOperationId":"vwcg7eacnemq00u"}
{"type":"log","timestamp":1708539720821,"level":"info","message":"pdf-utils pdf processing was finished","meta":{"rootId":"9yephujl7bgva67","id":"9yephujl7bgva67"},"id":"18dtdt0yh79oxyn","previousOperationId":"p8a7ueddlwljc06"}
{"type":"log","timestamp":1708539720821,"level":"debug","message":"Skipping storing report.","meta":{"rootId":"9yephujl7bgva67","id":"9yephujl7bgva67"},"id":"nogxtyvtlot2s63","previousOperationId":"p8a7ueddlwljc06"}
{"type":"log","timestamp":1708539720821,"level":"info","message":"Rendering request 4 finished in 443 ms","meta":{"rootId":"9yephujl7bgva67","id":"9yephujl7bgva67"},"id":"94mbs3lmaq3f1yt","previousOperationId":"p8a7ueddlwljc06"}
{"type":"operationEnd","subtype":"render","operationId":"ewrtuuhwjdh8ows","timestamp":1708539720821,"id":"jfozdpxvvna3msk","previousEventId":"lhnn4umnxnb79y8","previousOperationId":"p8a7ueddlwljc06"}
{"type":"operationEnd","doDiffs":false,"previousEventId":"7dq5h2f98hbbno6","previousOperationId":"i95agdkc681sd51","operationId":"i95agdkc681sd51","timestamp":1708539720827,"id":"zv1x6nwa2hb9qjw"}
