{"type":"operationStart","subtype":"profile","data":{"_id":"3ezq6ftsk6UA2Mur","timestamp":"2024-02-21T18:31:07.795Z","state":"queued","mode":"standard","creationDate":"2024-02-21T18:31:07.797Z","modificationDate":"2024-02-21T18:31:07.797Z","shortid":"Drv_5tx","$entitySet":"profiles"},"doDiffs":false,"timestamp":1708540267796,"id":"0u7ne8a3t25l38b","previousOperationId":null,"operationId":"bk3wsam029nkrju"}
{"type":"log","level":"info","message":"Render request 14 queued for execution and waiting for available worker","previousOperationId":"bk3wsam029nkrju","timestamp":1708540267796,"id":"qv24drpnu4a52uc"}
{"type":"operationStart","subtype":"render","name":"orders-main","previousOperationId":"bk3wsam029nkrju","timestamp":1708540267807,"id":"wf8mrzp08rz36fs","previousEventId":"0u7ne8a3t25l38b","operationId":"21qktu1ksoje1nc"}
{"type":"log","timestamp":1708540267808,"level":"info","message":"Starting rendering request 14","meta":{"rootId":"hti8fnrtmcqigns","id":"hti8fnrtmcqigns"},"id":"tn5eveyfzmvpiq9","previousOperationId":"21qktu1ksoje1nc"}
{"type":"log","timestamp":1708540267809,"level":"info","message":"Rendering template { name: orders-main, recipe: chrome-pdf, engine: handlebars, preview: true }","meta":{"rootId":"hti8fnrtmcqigns","id":"hti8fnrtmcqigns"},"id":"vangle3gznfszfv","previousOperationId":"21qktu1ksoje1nc"}
{"type":"log","timestamp":1708540267811,"level":"debug","message":"Data item not defined for this template.","meta":{"rootId":"hti8fnrtmcqigns","id":"hti8fnrtmcqigns"},"id":"j7ajdwgxj1p3une","previousOperationId":"21qktu1ksoje1nc"}
{"type":"log","timestamp":1708540267816,"level":"debug","message":"Executing script orders-script (beforeRender)","meta":{"rootId":"hti8fnrtmcqigns","id":"hti8fnrtmcqigns"},"id":"d9hbiab16qf5gwl","previousOperationId":"21qktu1ksoje1nc"}
{"type":"operationStart","subtype":"scriptsBeforeRender","name":"scripts beforeRender","timestamp":1708540267853,"id":"x5vmp4fxfpm5rt3","previousEventId":"wf8mrzp08rz36fs","operationId":"8trehp37kknmlj0","previousOperationId":"21qktu1ksoje1nc"}
{"type":"operationStart","subtype":"script","name":"scripts orders-script","previousOperationId":"8trehp37kknmlj0","timestamp":1708540267853,"id":"zqsnito0ne2onr9","previousEventId":"x5vmp4fxfpm5rt3","operationId":"ze43ciaggq3c48x"}
{"type":"operationEnd","operationId":"ze43ciaggq3c48x","timestamp":1708540267882,"id":"cwxxzkdnlp2jd6o","previousEventId":"wf8mrzp08rz36fs","previousOperationId":"21qktu1ksoje1nc"}
{"type":"operationEnd","operationId":"8trehp37kknmlj0","timestamp":1708540267882,"id":"7kd32yr1lqvaeq9","previousEventId":"cwxxzkdnlp2jd6o","previousOperationId":"21qktu1ksoje1nc"}
{"type":"log","timestamp":1708540267882,"level":"debug","message":"Base url not specified, skipping its injection.","meta":{"rootId":"hti8fnrtmcqigns","id":"hti8fnrtmcqigns"},"id":"chyi4gwfcr3pv2l","previousOperationId":"8trehp37kknmlj0"}
{"type":"operationStart","subtype":"engine","name":"handlebars","timestamp":1708540267883,"id":"u6jypi1x884wutn","previousEventId":"7kd32yr1lqvaeq9","operationId":"g3czo3inq079ng4","previousOperationId":"8trehp37kknmlj0"}
{"type":"log","timestamp":1708540267883,"level":"debug","message":"Rendering engine handlebars","meta":{"rootId":"hti8fnrtmcqigns","id":"hti8fnrtmcqigns"},"id":"4k7s0w5r5kg78r3","previousOperationId":"g3czo3inq079ng4"}
{"type":"operationEnd","operationId":"g3czo3inq079ng4","timestamp":1708540268059,"id":"v0ai3qe5thprzak","previousEventId":"u6jypi1x884wutn","previousOperationId":"g3czo3inq079ng4"}
{"type":"operationStart","subtype":"recipe","name":"chrome-pdf","timestamp":1708540268059,"id":"627ay8a8sepsvad","previousEventId":"v0ai3qe5thprzak","operationId":"71ttxr6jpqgs2xp","previousOperationId":"g3czo3inq079ng4"}
{"type":"log","timestamp":1708540268059,"level":"debug","message":"Executing recipe chrome-pdf","meta":{"rootId":"hti8fnrtmcqigns","id":"hti8fnrtmcqigns"},"id":"7frxuqdkus937wc","previousOperationId":"71ttxr6jpqgs2xp"}
{"type":"log","timestamp":1708540268653,"level":"debug","message":"Converting with chrome HeadlessChrome/117.0.5938.149 using chrome-pool strategy","meta":{"rootId":"hti8fnrtmcqigns","id":"hti8fnrtmcqigns"},"id":"rxxcg402tfla0gf","previousOperationId":"71ttxr6jpqgs2xp"}
{"type":"log","timestamp":1708540268710,"level":"debug","message":"Page request: GET (document) file:///var/folders/tp/6hccbwhd41s4hkmxw_2wkz640000gn/T/jsreport/autocleanup/ac2fa0d6-6121-4d18-b4c7-c2fc5a4da154-chrome-pdf.html","meta":{"rootId":"hti8fnrtmcqigns","id":"hti8fnrtmcqigns"},"id":"l7i1nhe8o9e7dox","previousOperationId":"71ttxr6jpqgs2xp"}
{"type":"log","timestamp":1708540268716,"level":"debug","message":"Page request: GET (stylesheet) https://cdnjs.cloudflare.com/ajax/libs/metro/4.1.5/css/metro.min.css","meta":{"rootId":"hti8fnrtmcqigns","id":"hti8fnrtmcqigns"},"id":"l0z7i9wkhr6ecex","previousOperationId":"71ttxr6jpqgs2xp"}
{"type":"log","timestamp":1708540268716,"level":"debug","message":"Page request: GET (script) https://cdn.jsdelivr.net/npm/chart.js","meta":{"rootId":"hti8fnrtmcqigns","id":"hti8fnrtmcqigns"},"id":"so7vfg8ohwcf0k9","previousOperationId":"71ttxr6jpqgs2xp"}
{"type":"log","timestamp":1708540268716,"level":"debug","message":"Page request finished: GET (document) 200 file:///var/folders/tp/6hccbwhd41s4hkmxw_2wkz640000gn/T/jsreport/autocleanup/ac2fa0d6-6121-4d18-b4c7-c2fc5a4da154-chrome-pdf.html","meta":{"rootId":"hti8fnrtmcqigns","id":"hti8fnrtmcqigns"},"id":"oi3td3hkssdxfay","previousOperationId":"71ttxr6jpqgs2xp"}
{"type":"log","timestamp":1708540269069,"level":"debug","message":"Page request finished: GET (stylesheet) 200 https://cdnjs.cloudflare.com/ajax/libs/metro/4.1.5/css/metro.min.css","meta":{"rootId":"hti8fnrtmcqigns","id":"hti8fnrtmcqigns"},"id":"1ezj8ku3i1nxg7a","previousOperationId":"71ttxr6jpqgs2xp"}
{"type":"log","timestamp":1708540269159,"level":"debug","message":"Page request finished: GET (script) 200 https://cdn.jsdelivr.net/npm/chart.js","meta":{"rootId":"hti8fnrtmcqigns","id":"hti8fnrtmcqigns"},"id":"o3948mrw01npo5v","previousOperationId":"71ttxr6jpqgs2xp"}
{"type":"log","timestamp":1708540269193,"level":"debug","message":"Running chrome with params {\"printBackground\":true,\"marginTop\":\"4cm\",\"marginRight\":\"1.5cm\",\"marginBottom\":\"1.5cm\",\"marginLeft\":\"1.5cm\",\"waitForJS\":false,\"timeout\":59539,\"margin\":{\"top\":\"4cm\",\"right\":\"1.5cm\",\"bottom\":\"1.5cm\",\"left\":\"1.5cm\"}}","meta":{"rootId":"hti8fnrtmcqigns","id":"hti8fnrtmcqigns"},"id":"5xf8end1hrhyyud","previousOperationId":"71ttxr6jpqgs2xp"}
{"type":"operationEnd","operationId":"71ttxr6jpqgs2xp","timestamp":1708540269221,"id":"xgmtniuqrqe62qg","previousEventId":"627ay8a8sepsvad","previousOperationId":"71ttxr6jpqgs2xp"}
{"type":"log","timestamp":1708540269221,"level":"info","message":"pdf-utils is starting pdf processing","meta":{"rootId":"hti8fnrtmcqigns","id":"hti8fnrtmcqigns"},"id":"b6o2cih5w6hf2v8","previousOperationId":"71ttxr6jpqgs2xp"}
{"type":"operationStart","subtype":"pdfUtils","name":"pdf utils","timestamp":1708540269329,"id":"vgl1o9my6whkzik","previousEventId":"xgmtniuqrqe62qg","operationId":"tp1e4s50eu5oh1g","previousOperationId":"71ttxr6jpqgs2xp"}
{"type":"log","timestamp":1708540269330,"level":"debug","message":"pdf-utils detected 1 pdf operation(s) to process","meta":{"rootId":"hti8fnrtmcqigns","id":"hti8fnrtmcqigns"},"id":"af927o0knk4hv5v","previousOperationId":"tp1e4s50eu5oh1g"}
{"type":"log","timestamp":1708540269452,"level":"debug","message":"pdf-utils running pdf operation merge","meta":{"rootId":"hti8fnrtmcqigns","id":"hti8fnrtmcqigns"},"id":"tinfe4m66de20jl","previousOperationId":"tp1e4s50eu5oh1g"}
{"type":"operationStart","subtype":"pdfUtilsMerge","name":"pdf utils merge","previousOperationId":"tp1e4s50eu5oh1g","timestamp":1708540269452,"id":"rg6301yj16fh7u5","previousEventId":"vgl1o9my6whkzik","operationId":"fbsvg8wc6r5owuh"}
{"type":"operationStart","subtype":"render","name":"orders-header","previousOperationId":"fbsvg8wc6r5owuh","timestamp":1708540269453,"id":"6s5640rs22gnytd","previousEventId":"rg6301yj16fh7u5","operationId":"snaoyzdj81fbw7y"}
{"type":"log","timestamp":1708540269453,"level":"info","message":"Starting rendering (child) request","meta":{"rootId":"hti8fnrtmcqigns","id":"t124c29611ilbzl"},"id":"2x2tozb2bygoisn","previousOperationId":"snaoyzdj81fbw7y"}
{"type":"log","timestamp":1708540269453,"level":"info","message":"Rendering template { name: orders-header, recipe: chrome-pdf, engine: handlebars, preview: true }","meta":{"rootId":"hti8fnrtmcqigns","id":"t124c29611ilbzl"},"id":"ef3f9ensut043d2","previousOperationId":"snaoyzdj81fbw7y"}
{"type":"log","timestamp":1708540269454,"level":"debug","message":"Inline data specified.","meta":{"rootId":"hti8fnrtmcqigns","id":"t124c29611ilbzl"},"id":"8r4b3um392za71p","previousOperationId":"snaoyzdj81fbw7y"}
{"type":"log","timestamp":1708540269455,"level":"debug","message":"Base url not specified, skipping its injection.","meta":{"rootId":"hti8fnrtmcqigns","id":"t124c29611ilbzl"},"id":"ompzhu0dm5w3fb9","previousOperationId":"snaoyzdj81fbw7y"}
{"type":"operationStart","subtype":"engine","name":"handlebars","timestamp":1708540269455,"id":"0galpypqncr9cmq","previousEventId":"6s5640rs22gnytd","operationId":"pzq59ciwu9guj1u","previousOperationId":"snaoyzdj81fbw7y"}
{"type":"log","timestamp":1708540269455,"level":"debug","message":"Rendering engine handlebars","meta":{"rootId":"hti8fnrtmcqigns","id":"t124c29611ilbzl"},"id":"w016rikv9p70vvh","previousOperationId":"pzq59ciwu9guj1u"}
{"type":"operationEnd","operationId":"pzq59ciwu9guj1u","timestamp":1708540269473,"id":"hullgrr2l22otwk","previousEventId":"0galpypqncr9cmq","previousOperationId":"pzq59ciwu9guj1u"}
{"type":"operationStart","subtype":"recipe","name":"chrome-pdf","timestamp":1708540269473,"id":"vfq6ror85lzte4g","previousEventId":"hullgrr2l22otwk","operationId":"5u9veu40xbug98j","previousOperationId":"pzq59ciwu9guj1u"}
{"type":"log","timestamp":1708540269473,"level":"debug","message":"Executing recipe chrome-pdf","meta":{"rootId":"hti8fnrtmcqigns","id":"t124c29611ilbzl"},"id":"nb1tgzyw2rvclfm","previousOperationId":"5u9veu40xbug98j"}
{"type":"log","timestamp":1708540269474,"level":"debug","message":"Converting with chrome HeadlessChrome/117.0.5938.149 using chrome-pool strategy","meta":{"rootId":"hti8fnrtmcqigns","id":"t124c29611ilbzl"},"id":"0wd1ue88t3r594o","previousOperationId":"5u9veu40xbug98j"}
{"type":"log","timestamp":1708540269518,"level":"debug","message":"Page request: GET (document) file:///var/folders/tp/6hccbwhd41s4hkmxw_2wkz640000gn/T/jsreport/autocleanup/f91f1c88-4035-4e8a-bfeb-cd323a6fb024-chrome-pdf.html","meta":{"rootId":"hti8fnrtmcqigns","id":"t124c29611ilbzl"},"id":"l5iuxrxb19wvnh1","previousOperationId":"5u9veu40xbug98j"}
{"type":"log","timestamp":1708540269523,"level":"debug","message":"Page request: GET (stylesheet) https://cdnjs.cloudflare.com/ajax/libs/metro/4.1.5/css/metro.min.css","meta":{"rootId":"hti8fnrtmcqigns","id":"t124c29611ilbzl"},"id":"bide70w7katlurm","previousOperationId":"5u9veu40xbug98j"}
{"type":"log","timestamp":1708540269523,"level":"debug","message":"Page request finished: GET (document) 200 file:///var/folders/tp/6hccbwhd41s4hkmxw_2wkz640000gn/T/jsreport/autocleanup/f91f1c88-4035-4e8a-bfeb-cd323a6fb024-chrome-pdf.html","meta":{"rootId":"hti8fnrtmcqigns","id":"t124c29611ilbzl"},"id":"1wkostoihwljt49","previousOperationId":"5u9veu40xbug98j"}
{"type":"log","timestamp":1708540269530,"level":"debug","message":"Page request finished: GET (stylesheet) 200 https://cdnjs.cloudflare.com/ajax/libs/metro/4.1.5/css/metro.min.css","meta":{"rootId":"hti8fnrtmcqigns","id":"t124c29611ilbzl"},"id":"g098ru4tq2kcjct","previousOperationId":"5u9veu40xbug98j"}
{"type":"log","timestamp":1708540269543,"level":"debug","message":"Running chrome with params {\"printBackground\":true,\"marginTop\":\"1.5cm\",\"marginRight\":\"1.5cm\",\"marginLeft\":\"1.cm\",\"timeout\":58322,\"margin\":{\"top\":\"1.5cm\",\"right\":\"1.5cm\",\"left\":\"1.cm\"}}","meta":{"rootId":"hti8fnrtmcqigns","id":"t124c29611ilbzl"},"id":"l3mgiynedu2i5j1","previousOperationId":"5u9veu40xbug98j"}
{"type":"operationEnd","operationId":"5u9veu40xbug98j","timestamp":1708540269559,"id":"3kqc7xyxec9y3mu","previousEventId":"vfq6ror85lzte4g","previousOperationId":"5u9veu40xbug98j"}
{"type":"log","timestamp":1708540269559,"level":"debug","message":"Skipping storing report.","meta":{"rootId":"hti8fnrtmcqigns","id":"t124c29611ilbzl"},"id":"g5t1u3tu988sawv","previousOperationId":"5u9veu40xbug98j"}
{"type":"log","timestamp":1708540269559,"level":"info","message":"Rendering (child) request finished in 1764 ms","meta":{"rootId":"hti8fnrtmcqigns","id":"t124c29611ilbzl"},"id":"9n9fhsbdyf4ac3c","previousOperationId":"5u9veu40xbug98j"}
{"type":"operationEnd","subtype":"render","operationId":"snaoyzdj81fbw7y","timestamp":1708540269559,"id":"ix5dahgruvu6qqt","previousEventId":"3kqc7xyxec9y3mu","previousOperationId":"5u9veu40xbug98j"}
{"type":"operationEnd","operationId":"fbsvg8wc6r5owuh","timestamp":1708540269594,"id":"h0cyyuditoc8b7w","previousEventId":"rg6301yj16fh7u5","previousOperationId":"fbsvg8wc6r5owuh"}
{"type":"log","timestamp":1708540269594,"level":"debug","message":"pdf-utils postproces start","meta":{"rootId":"hti8fnrtmcqigns","id":"hti8fnrtmcqigns"},"id":"v196a30tt2kfa2k","previousOperationId":"fbsvg8wc6r5owuh"}
{"type":"log","timestamp":1708540269620,"level":"debug","message":"pdf-utils postproces end","meta":{"rootId":"hti8fnrtmcqigns","id":"hti8fnrtmcqigns"},"id":"4ztnbgpba8qvotd","previousOperationId":"fbsvg8wc6r5owuh"}
{"type":"operationEnd","operationId":"tp1e4s50eu5oh1g","timestamp":1708540269620,"id":"qz0vy2by9c8vnix","previousEventId":"h0cyyuditoc8b7w","previousOperationId":"fbsvg8wc6r5owuh"}
{"type":"log","timestamp":1708540269620,"level":"info","message":"pdf-utils pdf processing was finished","meta":{"rootId":"hti8fnrtmcqigns","id":"hti8fnrtmcqigns"},"id":"a70a8y5syr4s9hc","previousOperationId":"tp1e4s50eu5oh1g"}
{"type":"log","timestamp":1708540269620,"level":"debug","message":"Skipping storing report.","meta":{"rootId":"hti8fnrtmcqigns","id":"hti8fnrtmcqigns"},"id":"au9e1hezeww8mqh","previousOperationId":"tp1e4s50eu5oh1g"}
{"type":"log","timestamp":1708540269620,"level":"info","message":"Rendering request 14 finished in 1825 ms","meta":{"rootId":"hti8fnrtmcqigns","id":"hti8fnrtmcqigns"},"id":"2hec97cvt96iofb","previousOperationId":"tp1e4s50eu5oh1g"}
{"type":"operationEnd","subtype":"render","operationId":"21qktu1ksoje1nc","timestamp":1708540269620,"id":"0zzxlk8adk6s57j","previousEventId":"qz0vy2by9c8vnix","previousOperationId":"tp1e4s50eu5oh1g"}
{"type":"operationEnd","doDiffs":false,"previousEventId":"0u7ne8a3t25l38b","previousOperationId":"bk3wsam029nkrju","operationId":"bk3wsam029nkrju","timestamp":1708540269622,"id":"0y8wp6du5qqb6wo"}
