{"type":"operationStart","subtype":"profile","data":{"_id":"kVuEfHomZiiTquiu","timestamp":"2024-02-21T18:23:23.903Z","state":"queued","mode":"standard","creationDate":"2024-02-21T18:23:23.904Z","modificationDate":"2024-02-21T18:23:23.904Z","shortid":"j--AoyC","$entitySet":"profiles"},"doDiffs":false,"timestamp":1708539803904,"id":"og46katxcesz8p1","previousOperationId":null,"operationId":"v33hm9viuvma42h"}
{"type":"log","level":"info","message":"Render request 6 queued for execution and waiting for available worker","previousOperationId":"v33hm9viuvma42h","timestamp":1708539803904,"id":"pijl1muog3j78u1"}
{"type":"operationStart","subtype":"render","name":"orders-main","previousOperationId":"v33hm9viuvma42h","timestamp":1708539803910,"id":"sv54emx8a5wh52p","previousEventId":"og46katxcesz8p1","operationId":"vn1sb578f071z1d"}
{"type":"log","timestamp":1708539803910,"level":"info","message":"Starting rendering request 6","meta":{"rootId":"ibk3uioifafw22h","id":"ibk3uioifafw22h"},"id":"klfgir21nun9l8l","previousOperationId":"vn1sb578f071z1d"}
{"type":"log","timestamp":1708539803911,"level":"info","message":"Rendering template { name: orders-main, recipe: chrome-pdf, engine: handlebars, preview: true }","meta":{"rootId":"ibk3uioifafw22h","id":"ibk3uioifafw22h"},"id":"dqee7ac7fhaud1w","previousOperationId":"vn1sb578f071z1d"}
{"type":"log","timestamp":1708539803913,"level":"debug","message":"Data item not defined for this template.","meta":{"rootId":"ibk3uioifafw22h","id":"ibk3uioifafw22h"},"id":"ww3u7hovyzryllc","previousOperationId":"vn1sb578f071z1d"}
{"type":"log","timestamp":1708539803915,"level":"debug","message":"Executing script orders-script (beforeRender)","meta":{"rootId":"ibk3uioifafw22h","id":"ibk3uioifafw22h"},"id":"mokr1pqcyf86y3z","previousOperationId":"vn1sb578f071z1d"}
{"type":"operationStart","subtype":"scriptsBeforeRender","name":"scripts beforeRender","timestamp":1708539803930,"id":"tdpvp6smmxk8ytm","previousEventId":"sv54emx8a5wh52p","operationId":"mz9qwzbsynj5g9e","previousOperationId":"vn1sb578f071z1d"}
{"type":"operationStart","subtype":"script","name":"scripts orders-script","previousOperationId":"mz9qwzbsynj5g9e","timestamp":1708539803930,"id":"6tqlt5160rgnwei","previousEventId":"tdpvp6smmxk8ytm","operationId":"g6kmcdotygm6upc"}
{"type":"log","timestamp":1708539804908,"level":"debug","message":"(console:log) [ 'ola', 'oola', 'Race1', 'Race2' ]","meta":{"userLevel":true,"rootId":"ibk3uioifafw22h","id":"ibk3uioifafw22h"},"id":"gdslbiknwqthnmt","previousOperationId":"g6kmcdotygm6upc"}
{"type":"log","timestamp":1708539804909,"level":"debug","message":"(console:log) [ 0, 0, 1, 1 ]","meta":{"userLevel":true,"rootId":"ibk3uioifafw22h","id":"ibk3uioifafw22h"},"id":"aje5zl9prr6ossw","previousOperationId":"g6kmcdotygm6upc"}
{"type":"operationEnd","operationId":"g6kmcdotygm6upc","timestamp":1708539804909,"id":"2jwpjxn738uidnu","previousEventId":"sv54emx8a5wh52p","previousOperationId":"vn1sb578f071z1d"}
{"type":"operationEnd","operationId":"mz9qwzbsynj5g9e","timestamp":1708539804909,"id":"vybopehzg68bda0","previousEventId":"2jwpjxn738uidnu","previousOperationId":"vn1sb578f071z1d"}
{"type":"log","timestamp":1708539804909,"level":"debug","message":"Base url not specified, skipping its injection.","meta":{"rootId":"ibk3uioifafw22h","id":"ibk3uioifafw22h"},"id":"eudaw6zf9f8shek","previousOperationId":"mz9qwzbsynj5g9e"}
{"type":"operationStart","subtype":"engine","name":"handlebars","timestamp":1708539804910,"id":"iocl9m3q2abrjlc","previousEventId":"vybopehzg68bda0","operationId":"6vss4rfmo4zx7il","previousOperationId":"mz9qwzbsynj5g9e"}
{"type":"log","timestamp":1708539804910,"level":"debug","message":"Rendering engine handlebars","meta":{"rootId":"ibk3uioifafw22h","id":"ibk3uioifafw22h"},"id":"kx0bp9kebgob39q","previousOperationId":"6vss4rfmo4zx7il"}
{"type":"log","timestamp":1708539804928,"level":"debug","message":"(console:log) Pdf utils adding group field, value: \"ola\"","meta":{"userLevel":true,"rootId":"ibk3uioifafw22h","id":"ibk3uioifafw22h"},"id":"wm7800vwfqu6avm","previousOperationId":"6vss4rfmo4zx7il"}
{"type":"log","timestamp":1708539804928,"level":"debug","message":"(console:log) Pdf utils adding group field, value: \"oola\"","meta":{"userLevel":true,"rootId":"ibk3uioifafw22h","id":"ibk3uioifafw22h"},"id":"o7wrtgftdqss7tw","previousOperationId":"6vss4rfmo4zx7il"}
{"type":"log","timestamp":1708539804928,"level":"debug","message":"(console:log) Pdf utils adding group field, value: \"Race1\"","meta":{"userLevel":true,"rootId":"ibk3uioifafw22h","id":"ibk3uioifafw22h"},"id":"k95gg0gu1tn7s6c","previousOperationId":"6vss4rfmo4zx7il"}
{"type":"log","timestamp":1708539804928,"level":"debug","message":"(console:log) Pdf utils adding group field, value: \"Race2\"","meta":{"userLevel":true,"rootId":"ibk3uioifafw22h","id":"ibk3uioifafw22h"},"id":"s8rpmpgwi1z4kpo","previousOperationId":"6vss4rfmo4zx7il"}
{"type":"operationEnd","operationId":"6vss4rfmo4zx7il","timestamp":1708539804928,"id":"54gyr3xsozr9rtq","previousEventId":"iocl9m3q2abrjlc","previousOperationId":"6vss4rfmo4zx7il"}
{"type":"operationStart","subtype":"recipe","name":"chrome-pdf","timestamp":1708539804928,"id":"y2nld2trpzwbn52","previousEventId":"54gyr3xsozr9rtq","operationId":"r14uhievxb13uox","previousOperationId":"6vss4rfmo4zx7il"}
{"type":"log","timestamp":1708539804928,"level":"debug","message":"Executing recipe chrome-pdf","meta":{"rootId":"ibk3uioifafw22h","id":"ibk3uioifafw22h"},"id":"xrl2k5r5dgd04y9","previousOperationId":"r14uhievxb13uox"}
{"type":"log","timestamp":1708539804933,"level":"debug","message":"Converting with chrome HeadlessChrome/117.0.5938.149 using chrome-pool strategy","meta":{"rootId":"ibk3uioifafw22h","id":"ibk3uioifafw22h"},"id":"dthtzrxa5d4dlut","previousOperationId":"r14uhievxb13uox"}
{"type":"log","timestamp":1708539805083,"level":"debug","message":"Page request: GET (document) file:///var/folders/tp/6hccbwhd41s4hkmxw_2wkz640000gn/T/jsreport/autocleanup/70dadbd7-92a4-4042-b2ee-f74dc042cfff-chrome-pdf.html","meta":{"rootId":"ibk3uioifafw22h","id":"ibk3uioifafw22h"},"id":"2u8lwe8odrcbb52","previousOperationId":"r14uhievxb13uox"}
{"type":"log","timestamp":1708539805088,"level":"debug","message":"Page request: GET (stylesheet) https://cdnjs.cloudflare.com/ajax/libs/metro/4.1.5/css/metro.min.css","meta":{"rootId":"ibk3uioifafw22h","id":"ibk3uioifafw22h"},"id":"4ze8gcdnczmsfs8","previousOperationId":"r14uhievxb13uox"}
{"type":"log","timestamp":1708539805089,"level":"debug","message":"Page request: GET (script) https://cdn.jsdelivr.net/npm/chart.js","meta":{"rootId":"ibk3uioifafw22h","id":"ibk3uioifafw22h"},"id":"w5juj71m1mqddsq","previousOperationId":"r14uhievxb13uox"}
{"type":"log","timestamp":1708539805089,"level":"debug","message":"Page request finished: GET (document) 200 file:///var/folders/tp/6hccbwhd41s4hkmxw_2wkz640000gn/T/jsreport/autocleanup/70dadbd7-92a4-4042-b2ee-f74dc042cfff-chrome-pdf.html","meta":{"rootId":"ibk3uioifafw22h","id":"ibk3uioifafw22h"},"id":"5hbkku8y4jh1vwk","previousOperationId":"r14uhievxb13uox"}
{"type":"log","timestamp":1708539805092,"level":"debug","message":"Page request finished: GET (script) 200 https://cdn.jsdelivr.net/npm/chart.js","meta":{"rootId":"ibk3uioifafw22h","id":"ibk3uioifafw22h"},"id":"kr6xldodb334eqv","previousOperationId":"r14uhievxb13uox"}
{"type":"log","timestamp":1708539805097,"level":"debug","message":"Page request finished: GET (stylesheet) 200 https://cdnjs.cloudflare.com/ajax/libs/metro/4.1.5/css/metro.min.css","meta":{"rootId":"ibk3uioifafw22h","id":"ibk3uioifafw22h"},"id":"wb6ht8imjxkcrjz","previousOperationId":"r14uhievxb13uox"}
{"type":"log","timestamp":1708539805150,"level":"debug","message":"Running chrome with params {\"printBackground\":true,\"marginTop\":\"4cm\",\"marginRight\":\"1.5cm\",\"marginBottom\":\"1.5cm\",\"marginLeft\":\"1.5cm\",\"waitForJS\":false,\"timeout\":58971,\"margin\":{\"top\":\"4cm\",\"right\":\"1.5cm\",\"bottom\":\"1.5cm\",\"left\":\"1.5cm\"}}","meta":{"rootId":"ibk3uioifafw22h","id":"ibk3uioifafw22h"},"id":"rhjrwyscj2h9x1z","previousOperationId":"r14uhievxb13uox"}
{"type":"operationEnd","operationId":"r14uhievxb13uox","timestamp":1708539805188,"id":"72u60khju7ra4hl","previousEventId":"y2nld2trpzwbn52","previousOperationId":"r14uhievxb13uox"}
{"type":"log","timestamp":1708539805188,"level":"info","message":"pdf-utils is starting pdf processing","meta":{"rootId":"ibk3uioifafw22h","id":"ibk3uioifafw22h"},"id":"vwroln0x83f9yuo","previousOperationId":"r14uhievxb13uox"}
{"type":"operationStart","subtype":"pdfUtils","name":"pdf utils","timestamp":1708539805188,"id":"whyua85rd57t4v2","previousEventId":"72u60khju7ra4hl","operationId":"heur4nzstdiwkyk","previousOperationId":"r14uhievxb13uox"}
{"type":"log","timestamp":1708539805188,"level":"debug","message":"pdf-utils detected 1 pdf operation(s) to process","meta":{"rootId":"ibk3uioifafw22h","id":"ibk3uioifafw22h"},"id":"pnhae3t3rdd5r52","previousOperationId":"heur4nzstdiwkyk"}
{"type":"log","timestamp":1708539805215,"level":"debug","message":"pdf-utils running pdf operation merge","meta":{"rootId":"ibk3uioifafw22h","id":"ibk3uioifafw22h"},"id":"3s70j24yhij35pi","previousOperationId":"heur4nzstdiwkyk"}
{"type":"operationStart","subtype":"pdfUtilsMerge","name":"pdf utils merge","previousOperationId":"heur4nzstdiwkyk","timestamp":1708539805215,"id":"egkprp2h042j0zj","previousEventId":"whyua85rd57t4v2","operationId":"2hbome6q6i8eyae"}
{"type":"operationStart","subtype":"render","name":"orders-header","previousOperationId":"2hbome6q6i8eyae","timestamp":1708539805215,"id":"mr13r4a6fea1cgv","previousEventId":"egkprp2h042j0zj","operationId":"td89m3b4rge7a7m"}
{"type":"log","timestamp":1708539805215,"level":"info","message":"Starting rendering (child) request","meta":{"rootId":"ibk3uioifafw22h","id":"am184tqgcuwvony"},"id":"0jqob2alrxi6khu","previousOperationId":"td89m3b4rge7a7m"}
{"type":"log","timestamp":1708539805215,"level":"info","message":"Rendering template { name: orders-header, recipe: chrome-pdf, engine: handlebars, preview: true }","meta":{"rootId":"ibk3uioifafw22h","id":"am184tqgcuwvony"},"id":"7cysnnt5hl9k8hh","previousOperationId":"td89m3b4rge7a7m"}
{"type":"log","timestamp":1708539805217,"level":"debug","message":"Inline data specified.","meta":{"rootId":"ibk3uioifafw22h","id":"am184tqgcuwvony"},"id":"gbihzsfoehq6q8y","previousOperationId":"td89m3b4rge7a7m"}
{"type":"log","timestamp":1708539805217,"level":"debug","message":"Base url not specified, skipping its injection.","meta":{"rootId":"ibk3uioifafw22h","id":"am184tqgcuwvony"},"id":"a0ecmi3roknh48h","previousOperationId":"td89m3b4rge7a7m"}
{"type":"operationStart","subtype":"engine","name":"handlebars","timestamp":1708539805217,"id":"ezol87o9zfmvvzl","previousEventId":"mr13r4a6fea1cgv","operationId":"yocxc3yi93x7nd8","previousOperationId":"td89m3b4rge7a7m"}
{"type":"log","timestamp":1708539805217,"level":"debug","message":"Rendering engine handlebars","meta":{"rootId":"ibk3uioifafw22h","id":"am184tqgcuwvony"},"id":"pi47v8v77jgox74","previousOperationId":"yocxc3yi93x7nd8"}
{"type":"operationEnd","operationId":"yocxc3yi93x7nd8","timestamp":1708539805222,"id":"a1r71oe7olv7d9d","previousEventId":"ezol87o9zfmvvzl","previousOperationId":"yocxc3yi93x7nd8"}
{"type":"operationStart","subtype":"recipe","name":"chrome-pdf","timestamp":1708539805222,"id":"7ut1xk9lt5axv3j","previousEventId":"a1r71oe7olv7d9d","operationId":"7ljlbi45t9wxwog","previousOperationId":"yocxc3yi93x7nd8"}
{"type":"log","timestamp":1708539805222,"level":"debug","message":"Executing recipe chrome-pdf","meta":{"rootId":"ibk3uioifafw22h","id":"am184tqgcuwvony"},"id":"kysfnr0jrco291w","previousOperationId":"7ljlbi45t9wxwog"}
{"type":"log","timestamp":1708539805223,"level":"debug","message":"Converting with chrome HeadlessChrome/117.0.5938.149 using chrome-pool strategy","meta":{"rootId":"ibk3uioifafw22h","id":"am184tqgcuwvony"},"id":"6h17rgb9f03tgku","previousOperationId":"7ljlbi45t9wxwog"}
{"type":"log","timestamp":1708539805263,"level":"debug","message":"Page request: GET (document) file:///var/folders/tp/6hccbwhd41s4hkmxw_2wkz640000gn/T/jsreport/autocleanup/6e7a1af1-54e1-4edc-a011-db6fbea50160-chrome-pdf.html","meta":{"rootId":"ibk3uioifafw22h","id":"am184tqgcuwvony"},"id":"z14qql795v72mb0","previousOperationId":"7ljlbi45t9wxwog"}
{"type":"log","timestamp":1708539805270,"level":"debug","message":"Page request: GET (stylesheet) https://cdnjs.cloudflare.com/ajax/libs/metro/4.1.5/css/metro.min.css","meta":{"rootId":"ibk3uioifafw22h","id":"am184tqgcuwvony"},"id":"h6iwc2zbowp7ynb","previousOperationId":"7ljlbi45t9wxwog"}
{"type":"log","timestamp":1708539805270,"level":"debug","message":"Page request finished: GET (document) 200 file:///var/folders/tp/6hccbwhd41s4hkmxw_2wkz640000gn/T/jsreport/autocleanup/6e7a1af1-54e1-4edc-a011-db6fbea50160-chrome-pdf.html","meta":{"rootId":"ibk3uioifafw22h","id":"am184tqgcuwvony"},"id":"h23vlxqa7nydo5k","previousOperationId":"7ljlbi45t9wxwog"}
{"type":"log","timestamp":1708539805277,"level":"debug","message":"Page request finished: GET (stylesheet) 200 https://cdnjs.cloudflare.com/ajax/libs/metro/4.1.5/css/metro.min.css","meta":{"rootId":"ibk3uioifafw22h","id":"am184tqgcuwvony"},"id":"521wtl5odqnw71l","previousOperationId":"7ljlbi45t9wxwog"}
{"type":"log","timestamp":1708539805294,"level":"debug","message":"Running chrome with params {\"printBackground\":true,\"marginTop\":\"1.5cm\",\"marginRight\":\"1.5cm\",\"marginLeft\":\"1.cm\",\"timeout\":58681,\"margin\":{\"top\":\"1.5cm\",\"right\":\"1.5cm\",\"left\":\"1.cm\"}}","meta":{"rootId":"ibk3uioifafw22h","id":"am184tqgcuwvony"},"id":"jeq64tz6g234cwm","previousOperationId":"7ljlbi45t9wxwog"}
{"type":"operationEnd","operationId":"7ljlbi45t9wxwog","timestamp":1708539805315,"id":"dhm57ikyak5thph","previousEventId":"7ut1xk9lt5axv3j","previousOperationId":"7ljlbi45t9wxwog"}
{"type":"log","timestamp":1708539805315,"level":"debug","message":"Skipping storing report.","meta":{"rootId":"ibk3uioifafw22h","id":"am184tqgcuwvony"},"id":"cybf42i7v7c5wzp","previousOperationId":"7ljlbi45t9wxwog"}
{"type":"log","timestamp":1708539805315,"level":"info","message":"Rendering (child) request finished in 1412 ms","meta":{"rootId":"ibk3uioifafw22h","id":"am184tqgcuwvony"},"id":"3klrnzsxked0to8","previousOperationId":"7ljlbi45t9wxwog"}
{"type":"operationEnd","subtype":"render","operationId":"td89m3b4rge7a7m","timestamp":1708539805315,"id":"y96na5wkwxzs165","previousEventId":"dhm57ikyak5thph","previousOperationId":"7ljlbi45t9wxwog"}
{"type":"operationEnd","operationId":"2hbome6q6i8eyae","timestamp":1708539805334,"id":"u6ykvux61xtf7kt","previousEventId":"egkprp2h042j0zj","previousOperationId":"2hbome6q6i8eyae"}
{"type":"log","timestamp":1708539805334,"level":"debug","message":"pdf-utils postproces start","meta":{"rootId":"ibk3uioifafw22h","id":"ibk3uioifafw22h"},"id":"qsqlhmm7nnay0zo","previousOperationId":"2hbome6q6i8eyae"}
{"type":"log","timestamp":1708539805356,"level":"debug","message":"pdf-utils postproces end","meta":{"rootId":"ibk3uioifafw22h","id":"ibk3uioifafw22h"},"id":"d3tzcflb39eqy7k","previousOperationId":"2hbome6q6i8eyae"}
{"type":"operationEnd","operationId":"heur4nzstdiwkyk","timestamp":1708539805356,"id":"4zptrxtm68aq1w2","previousEventId":"u6ykvux61xtf7kt","previousOperationId":"2hbome6q6i8eyae"}
{"type":"log","timestamp":1708539805356,"level":"info","message":"pdf-utils pdf processing was finished","meta":{"rootId":"ibk3uioifafw22h","id":"ibk3uioifafw22h"},"id":"9yo3j350bl91bwr","previousOperationId":"heur4nzstdiwkyk"}
{"type":"log","timestamp":1708539805357,"level":"debug","message":"Skipping storing report.","meta":{"rootId":"ibk3uioifafw22h","id":"ibk3uioifafw22h"},"id":"j9fxdhqzigewetp","previousOperationId":"heur4nzstdiwkyk"}
{"type":"log","timestamp":1708539805357,"level":"info","message":"Rendering request 6 finished in 1454 ms","meta":{"rootId":"ibk3uioifafw22h","id":"ibk3uioifafw22h"},"id":"qv84bygzj1ia7u8","previousOperationId":"heur4nzstdiwkyk"}
{"type":"operationEnd","subtype":"render","operationId":"vn1sb578f071z1d","timestamp":1708539805357,"id":"a9m0t5kicz4u2ks","previousEventId":"4zptrxtm68aq1w2","previousOperationId":"heur4nzstdiwkyk"}
{"type":"operationEnd","doDiffs":false,"previousEventId":"og46katxcesz8p1","previousOperationId":"v33hm9viuvma42h","operationId":"v33hm9viuvma42h","timestamp":1708539805359,"id":"pnppj8k8sr0z8cl"}
