{"type":"operationStart","subtype":"profile","data":{"_id":"kMJQJhiK53LJewEU","timestamp":"2024-02-21T19:54:23.853Z","state":"queued","mode":"standard","creationDate":"2024-02-21T19:54:23.857Z","modificationDate":"2024-02-21T19:54:23.857Z","shortid":"YCXuV1M","$entitySet":"profiles"},"doDiffs":false,"timestamp":1708545263855,"id":"uapx6lxo4e05jdf","previousOperationId":null,"operationId":"y1y6ufeaexefztl"}
{"type":"log","level":"info","message":"Render request 1 queued for execution and waiting for available worker","previousOperationId":"y1y6ufeaexefztl","timestamp":1708545263855,"id":"l90lew8xnn12qtv"}
{"type":"operationStart","subtype":"render","name":"orders-main","previousOperationId":"y1y6ufeaexefztl","timestamp":1708545263873,"id":"8ssf58yevw4wyo7","previousEventId":"uapx6lxo4e05jdf","operationId":"s8dtivfj292nosu"}
{"type":"log","timestamp":1708545263874,"level":"info","message":"Starting rendering request 1","meta":{"rootId":"jo3j13i65qaakpi","id":"jo3j13i65qaakpi"},"id":"f4ntrb6g53hvai1","previousOperationId":"s8dtivfj292nosu"}
{"type":"log","timestamp":1708545263875,"level":"info","message":"Rendering template { name: orders-main, recipe: chrome-pdf, engine: handlebars, preview: false }","meta":{"rootId":"jo3j13i65qaakpi","id":"jo3j13i65qaakpi"},"id":"9owrtqkk2e42lab","previousOperationId":"s8dtivfj292nosu"}
{"type":"log","timestamp":1708545263877,"level":"debug","message":"Data item not defined for this template.","meta":{"rootId":"jo3j13i65qaakpi","id":"jo3j13i65qaakpi"},"id":"vzsxg6tcsaeirya","previousOperationId":"s8dtivfj292nosu"}
{"type":"log","timestamp":1708545263881,"level":"debug","message":"Executing script orders-script (beforeRender)","meta":{"rootId":"jo3j13i65qaakpi","id":"jo3j13i65qaakpi"},"id":"yfh44jsjm8wpvu3","previousOperationId":"s8dtivfj292nosu"}
{"type":"operationStart","subtype":"scriptsBeforeRender","name":"scripts beforeRender","timestamp":1708545264050,"id":"3swpjfqwps5z3d6","previousEventId":"8ssf58yevw4wyo7","operationId":"m0kip574f1yyght","previousOperationId":"s8dtivfj292nosu"}
{"type":"operationStart","subtype":"script","name":"scripts orders-script","previousOperationId":"m0kip574f1yyght","timestamp":1708545264050,"id":"14ss3e0j7ko87t4","previousEventId":"3swpjfqwps5z3d6","operationId":"5r5zudmniua77ie"}
{"type":"operationEnd","operationId":"5r5zudmniua77ie","timestamp":1708545264091,"id":"a4b66k1xf7e1nnm","previousEventId":"8ssf58yevw4wyo7","previousOperationId":"s8dtivfj292nosu"}
{"type":"operationEnd","operationId":"m0kip574f1yyght","timestamp":1708545264091,"id":"rmi1fkl5sdvt17z","previousEventId":"a4b66k1xf7e1nnm","previousOperationId":"s8dtivfj292nosu"}
{"type":"log","timestamp":1708545264091,"level":"debug","message":"Base url not specified, skipping its injection.","meta":{"rootId":"jo3j13i65qaakpi","id":"jo3j13i65qaakpi"},"id":"pqpi7kwkutl5351","previousOperationId":"m0kip574f1yyght"}
{"type":"operationStart","subtype":"engine","name":"handlebars","timestamp":1708545264091,"id":"u2nars99vju6g7l","previousEventId":"rmi1fkl5sdvt17z","operationId":"1e52nb8ugvpqsc9","previousOperationId":"m0kip574f1yyght"}
{"type":"log","timestamp":1708545264091,"level":"debug","message":"Rendering engine handlebars","meta":{"rootId":"jo3j13i65qaakpi","id":"jo3j13i65qaakpi"},"id":"so0o6ze2zo9aopc","previousOperationId":"1e52nb8ugvpqsc9"}
{"type":"operationEnd","operationId":"1e52nb8ugvpqsc9","timestamp":1708545264241,"id":"aguppx3h6udxj25","previousEventId":"u2nars99vju6g7l","previousOperationId":"1e52nb8ugvpqsc9"}
{"type":"operationStart","subtype":"recipe","name":"chrome-pdf","timestamp":1708545264242,"id":"rvrevoy7mcapvxj","previousEventId":"aguppx3h6udxj25","operationId":"rqccqupe6gwn9va","previousOperationId":"1e52nb8ugvpqsc9"}
{"type":"log","timestamp":1708545264242,"level":"debug","message":"Executing recipe chrome-pdf","meta":{"rootId":"jo3j13i65qaakpi","id":"jo3j13i65qaakpi"},"id":"bxoxqhptbjb8gr3","previousOperationId":"rqccqupe6gwn9va"}
{"type":"log","timestamp":1708545265079,"level":"debug","message":"Converting with chrome HeadlessChrome/117.0.5938.149 using chrome-pool strategy","meta":{"rootId":"jo3j13i65qaakpi","id":"jo3j13i65qaakpi"},"id":"uxilza2qcom8bv0","previousOperationId":"rqccqupe6gwn9va"}
{"type":"log","timestamp":1708545265167,"level":"debug","message":"Page request: GET (document) file:///var/folders/tp/6hccbwhd41s4hkmxw_2wkz640000gn/T/jsreport/autocleanup/4e39bc94-b3c5-4c3d-9a6a-f9108398ce50-chrome-pdf.html","meta":{"rootId":"jo3j13i65qaakpi","id":"jo3j13i65qaakpi"},"id":"u4dtg3draatmdaa","previousOperationId":"rqccqupe6gwn9va"}
{"type":"log","timestamp":1708545265181,"level":"debug","message":"Page request: GET (stylesheet) https://cdnjs.cloudflare.com/ajax/libs/metro/4.1.5/css/metro.min.css","meta":{"rootId":"jo3j13i65qaakpi","id":"jo3j13i65qaakpi"},"id":"rs62bfgr71guug6","previousOperationId":"rqccqupe6gwn9va"}
{"type":"log","timestamp":1708545265182,"level":"debug","message":"Page request: GET (script) https://cdn.jsdelivr.net/npm/chart.js","meta":{"rootId":"jo3j13i65qaakpi","id":"jo3j13i65qaakpi"},"id":"9bmpmz96x0hpq7b","previousOperationId":"rqccqupe6gwn9va"}
{"type":"log","timestamp":1708545265182,"level":"debug","message":"Page request finished: GET (document) 200 file:///var/folders/tp/6hccbwhd41s4hkmxw_2wkz640000gn/T/jsreport/autocleanup/4e39bc94-b3c5-4c3d-9a6a-f9108398ce50-chrome-pdf.html","meta":{"rootId":"jo3j13i65qaakpi","id":"jo3j13i65qaakpi"},"id":"zyg96sjwoayk82w","previousOperationId":"rqccqupe6gwn9va"}
{"type":"log","timestamp":1708545265518,"level":"debug","message":"Page request finished: GET (stylesheet) 200 https://cdnjs.cloudflare.com/ajax/libs/metro/4.1.5/css/metro.min.css","meta":{"rootId":"jo3j13i65qaakpi","id":"jo3j13i65qaakpi"},"id":"olxvclxrp0j75m9","previousOperationId":"rqccqupe6gwn9va"}
{"type":"log","timestamp":1708545265526,"level":"debug","message":"Page request finished: GET (script) 200 https://cdn.jsdelivr.net/npm/chart.js","meta":{"rootId":"jo3j13i65qaakpi","id":"jo3j13i65qaakpi"},"id":"oqo5bl74votqlj6","previousOperationId":"rqccqupe6gwn9va"}
{"type":"log","timestamp":1708545265641,"level":"debug","message":"Running chrome with params {\"printBackground\":true,\"marginTop\":\"4cm\",\"marginRight\":\"1.5cm\",\"marginBottom\":\"1.5cm\",\"marginLeft\":\"1.5cm\",\"waitForJS\":false,\"timeout\":59429,\"margin\":{\"top\":\"4cm\",\"right\":\"1.5cm\",\"bottom\":\"1.5cm\",\"left\":\"1.5cm\"}}","meta":{"rootId":"jo3j13i65qaakpi","id":"jo3j13i65qaakpi"},"id":"6crnasy0jso59ad","previousOperationId":"rqccqupe6gwn9va"}
{"type":"operationEnd","operationId":"rqccqupe6gwn9va","timestamp":1708545265692,"id":"5eozs0wn6v3lc4q","previousEventId":"rvrevoy7mcapvxj","previousOperationId":"rqccqupe6gwn9va"}
{"type":"log","timestamp":1708545265693,"level":"info","message":"pdf-utils is starting pdf processing","meta":{"rootId":"jo3j13i65qaakpi","id":"jo3j13i65qaakpi"},"id":"whosb2fvsksj6ja","previousOperationId":"rqccqupe6gwn9va"}
{"type":"operationStart","subtype":"pdfUtils","name":"pdf utils","timestamp":1708545265809,"id":"wcowvculy0bc0dx","previousEventId":"5eozs0wn6v3lc4q","operationId":"1lxt2y5ud4lzrf4","previousOperationId":"rqccqupe6gwn9va"}
{"type":"log","timestamp":1708545265809,"level":"debug","message":"pdf-utils detected 1 pdf operation(s) to process","meta":{"rootId":"jo3j13i65qaakpi","id":"jo3j13i65qaakpi"},"id":"2xjx3jlxcomxsp5","previousOperationId":"1lxt2y5ud4lzrf4"}
{"type":"log","timestamp":1708545265919,"level":"debug","message":"pdf-utils running pdf operation merge","meta":{"rootId":"jo3j13i65qaakpi","id":"jo3j13i65qaakpi"},"id":"1am7jj4ftn7ohj6","previousOperationId":"1lxt2y5ud4lzrf4"}
{"type":"operationStart","subtype":"pdfUtilsMerge","name":"pdf utils merge","previousOperationId":"1lxt2y5ud4lzrf4","timestamp":1708545265919,"id":"f6406i9r94h7c4y","previousEventId":"wcowvculy0bc0dx","operationId":"oq224yvfkxmcwae"}
{"type":"operationStart","subtype":"render","name":"orders-header","previousOperationId":"oq224yvfkxmcwae","timestamp":1708545265920,"id":"uipyrkd3ky7do1r","previousEventId":"f6406i9r94h7c4y","operationId":"cz4g2hd1t0eu3is"}
{"type":"log","timestamp":1708545265920,"level":"info","message":"Starting rendering (child) request","meta":{"rootId":"jo3j13i65qaakpi","id":"xomcg42290r0tta"},"id":"65n7a26z7vtfqr3","previousOperationId":"cz4g2hd1t0eu3is"}
{"type":"log","timestamp":1708545265920,"level":"info","message":"Rendering template { name: orders-header, recipe: chrome-pdf, engine: handlebars, preview: false }","meta":{"rootId":"jo3j13i65qaakpi","id":"xomcg42290r0tta"},"id":"30rz33v5l6sd7j6","previousOperationId":"cz4g2hd1t0eu3is"}
{"type":"log","timestamp":1708545265921,"level":"debug","message":"Inline data specified.","meta":{"rootId":"jo3j13i65qaakpi","id":"xomcg42290r0tta"},"id":"n4uq848jfqwysrk","previousOperationId":"cz4g2hd1t0eu3is"}
{"type":"log","timestamp":1708545265921,"level":"debug","message":"Base url not specified, skipping its injection.","meta":{"rootId":"jo3j13i65qaakpi","id":"xomcg42290r0tta"},"id":"8vrhmndloapzvac","previousOperationId":"cz4g2hd1t0eu3is"}
{"type":"operationStart","subtype":"engine","name":"handlebars","timestamp":1708545265922,"id":"i633mv40gudymjj","previousEventId":"uipyrkd3ky7do1r","operationId":"g47cbgcmlh765px","previousOperationId":"cz4g2hd1t0eu3is"}
{"type":"log","timestamp":1708545265922,"level":"debug","message":"Rendering engine handlebars","meta":{"rootId":"jo3j13i65qaakpi","id":"xomcg42290r0tta"},"id":"5y68kyxtbeuhs57","previousOperationId":"g47cbgcmlh765px"}
{"type":"operationEnd","operationId":"g47cbgcmlh765px","timestamp":1708545265957,"id":"hhtckg8r7nrmid2","previousEventId":"i633mv40gudymjj","previousOperationId":"g47cbgcmlh765px"}
{"type":"operationStart","subtype":"recipe","name":"chrome-pdf","timestamp":1708545265957,"id":"cpkdy4m1uibqkmq","previousEventId":"hhtckg8r7nrmid2","operationId":"e132t0hw4qq4xl7","previousOperationId":"g47cbgcmlh765px"}
{"type":"log","timestamp":1708545265957,"level":"debug","message":"Executing recipe chrome-pdf","meta":{"rootId":"jo3j13i65qaakpi","id":"xomcg42290r0tta"},"id":"sg89ntldrt9et7z","previousOperationId":"e132t0hw4qq4xl7"}
{"type":"log","timestamp":1708545265959,"level":"debug","message":"Converting with chrome HeadlessChrome/117.0.5938.149 using chrome-pool strategy","meta":{"rootId":"jo3j13i65qaakpi","id":"xomcg42290r0tta"},"id":"rqule660edcmebv","previousOperationId":"e132t0hw4qq4xl7"}
{"type":"log","timestamp":1708545265996,"level":"debug","message":"Page request: GET (document) file:///var/folders/tp/6hccbwhd41s4hkmxw_2wkz640000gn/T/jsreport/autocleanup/ba4f0b31-e2ec-467b-99ab-4fda8d7e9d37-chrome-pdf.html","meta":{"rootId":"jo3j13i65qaakpi","id":"xomcg42290r0tta"},"id":"j77whe83pl46b9i","previousOperationId":"e132t0hw4qq4xl7"}
{"type":"log","timestamp":1708545266002,"level":"debug","message":"Page request: GET (stylesheet) https://cdnjs.cloudflare.com/ajax/libs/metro/4.1.5/css/metro.min.css","meta":{"rootId":"jo3j13i65qaakpi","id":"xomcg42290r0tta"},"id":"gfvp3l2rwtffsez","previousOperationId":"e132t0hw4qq4xl7"}
{"type":"log","timestamp":1708545266003,"level":"debug","message":"Page request finished: GET (document) 200 file:///var/folders/tp/6hccbwhd41s4hkmxw_2wkz640000gn/T/jsreport/autocleanup/ba4f0b31-e2ec-467b-99ab-4fda8d7e9d37-chrome-pdf.html","meta":{"rootId":"jo3j13i65qaakpi","id":"xomcg42290r0tta"},"id":"559vk93u3bihojd","previousOperationId":"e132t0hw4qq4xl7"}
{"type":"log","timestamp":1708545266009,"level":"debug","message":"Page request finished: GET (stylesheet) 200 https://cdnjs.cloudflare.com/ajax/libs/metro/4.1.5/css/metro.min.css","meta":{"rootId":"jo3j13i65qaakpi","id":"xomcg42290r0tta"},"id":"gtag6kzswgn01lh","previousOperationId":"e132t0hw4qq4xl7"}
{"type":"log","timestamp":1708545266022,"level":"debug","message":"Running chrome with params {\"printBackground\":true,\"marginTop\":\"1.5cm\",\"marginRight\":\"1.5cm\",\"marginLeft\":\"1.cm\",\"timeout\":57893,\"margin\":{\"top\":\"1.5cm\",\"right\":\"1.5cm\",\"left\":\"1.cm\"}}","meta":{"rootId":"jo3j13i65qaakpi","id":"xomcg42290r0tta"},"id":"m3jgtzsv63ajd36","previousOperationId":"e132t0hw4qq4xl7"}
{"type":"operationEnd","operationId":"e132t0hw4qq4xl7","timestamp":1708545266038,"id":"0hengv3ooikjt50","previousEventId":"cpkdy4m1uibqkmq","previousOperationId":"e132t0hw4qq4xl7"}
{"type":"log","timestamp":1708545266038,"level":"debug","message":"Skipping storing report.","meta":{"rootId":"jo3j13i65qaakpi","id":"xomcg42290r0tta"},"id":"7gmmd1t0bmngr1u","previousOperationId":"e132t0hw4qq4xl7"}
{"type":"log","timestamp":1708545266039,"level":"info","message":"Rendering (child) request finished in 2188 ms","meta":{"rootId":"jo3j13i65qaakpi","id":"xomcg42290r0tta"},"id":"8bupx5eyjqmtwgg","previousOperationId":"e132t0hw4qq4xl7"}
{"type":"operationEnd","subtype":"render","operationId":"cz4g2hd1t0eu3is","timestamp":1708545266039,"id":"fcxth9lf759e2co","previousEventId":"0hengv3ooikjt50","previousOperationId":"e132t0hw4qq4xl7"}
{"type":"operationEnd","operationId":"oq224yvfkxmcwae","timestamp":1708545266063,"id":"z9vka3w73lfw473","previousEventId":"f6406i9r94h7c4y","previousOperationId":"oq224yvfkxmcwae"}
{"type":"log","timestamp":1708545266063,"level":"debug","message":"pdf-utils postproces start","meta":{"rootId":"jo3j13i65qaakpi","id":"jo3j13i65qaakpi"},"id":"2uov8p94h2xx5t5","previousOperationId":"oq224yvfkxmcwae"}
{"type":"log","timestamp":1708545266079,"level":"debug","message":"pdf-utils postproces end","meta":{"rootId":"jo3j13i65qaakpi","id":"jo3j13i65qaakpi"},"id":"kjghoc1sh9hfhnu","previousOperationId":"oq224yvfkxmcwae"}
{"type":"operationEnd","operationId":"1lxt2y5ud4lzrf4","timestamp":1708545266079,"id":"ldjqspj9s0lin6l","previousEventId":"z9vka3w73lfw473","previousOperationId":"oq224yvfkxmcwae"}
{"type":"log","timestamp":1708545266079,"level":"info","message":"pdf-utils pdf processing was finished","meta":{"rootId":"jo3j13i65qaakpi","id":"jo3j13i65qaakpi"},"id":"m6pwr20ca6ny0xy","previousOperationId":"1lxt2y5ud4lzrf4"}
{"type":"log","timestamp":1708545266079,"level":"debug","message":"Skipping storing report.","meta":{"rootId":"jo3j13i65qaakpi","id":"jo3j13i65qaakpi"},"id":"aue832f7c2wkyqi","previousOperationId":"1lxt2y5ud4lzrf4"}
{"type":"log","timestamp":1708545266079,"level":"info","message":"Rendering request 1 finished in 2228 ms","meta":{"rootId":"jo3j13i65qaakpi","id":"jo3j13i65qaakpi"},"id":"03e32pyg0e2vxob","previousOperationId":"1lxt2y5ud4lzrf4"}
{"type":"operationEnd","subtype":"render","operationId":"s8dtivfj292nosu","timestamp":1708545266079,"id":"8punkf68lt6jm7t","previousEventId":"ldjqspj9s0lin6l","previousOperationId":"1lxt2y5ud4lzrf4"}
{"type":"operationEnd","doDiffs":false,"previousEventId":"uapx6lxo4e05jdf","previousOperationId":"y1y6ufeaexefztl","operationId":"y1y6ufeaexefztl","timestamp":1708545266081,"id":"x446ft8ufbuf2nt"}
