{"type":"operationStart","subtype":"profile","data":{"_id":"VE6a8R7aM9YYP61g","timestamp":"2024-02-21T19:11:33.657Z","state":"queued","mode":"standard","creationDate":"2024-02-21T19:11:33.661Z","modificationDate":"2024-02-21T19:11:33.661Z","shortid":"bp-T6cN","$entitySet":"profiles"},"doDiffs":false,"timestamp":1708542693661,"id":"c3ycql6ue75n48c","previousOperationId":null,"operationId":"9zewrop7tp8q2xj"}
{"type":"log","level":"info","message":"Render request 28 queued for execution and waiting for available worker","previousOperationId":"9zewrop7tp8q2xj","timestamp":1708542693661,"id":"fmc90wkbq7bwjgs"}
{"type":"operationStart","subtype":"render","name":"orders-main","previousOperationId":"9zewrop7tp8q2xj","timestamp":1708542693673,"id":"dc48qanp29wmmoe","previousEventId":"c3ycql6ue75n48c","operationId":"neutw46fsv46891"}
{"type":"log","timestamp":1708542693675,"level":"info","message":"Starting rendering request 28","meta":{"rootId":"k6x65v64l25a33i","id":"k6x65v64l25a33i"},"id":"9b24go9tskenays","previousOperationId":"neutw46fsv46891"}
{"type":"log","timestamp":1708542693676,"level":"info","message":"Rendering template { name: orders-main, recipe: chrome-pdf, engine: handlebars, preview: false }","meta":{"rootId":"k6x65v64l25a33i","id":"k6x65v64l25a33i"},"id":"uprl75qd9vj2ohg","previousOperationId":"neutw46fsv46891"}
{"type":"log","timestamp":1708542693677,"level":"debug","message":"Data item not defined for this template.","meta":{"rootId":"k6x65v64l25a33i","id":"k6x65v64l25a33i"},"id":"p2i2mq8bxfw0cwp","previousOperationId":"neutw46fsv46891"}
{"type":"log","timestamp":1708542693679,"level":"debug","message":"Executing script orders-script (beforeRender)","meta":{"rootId":"k6x65v64l25a33i","id":"k6x65v64l25a33i"},"id":"rurq31anemascun","previousOperationId":"neutw46fsv46891"}
{"type":"operationStart","subtype":"scriptsBeforeRender","name":"scripts beforeRender","timestamp":1708542693687,"id":"v6plxoyazdqhjrm","previousEventId":"dc48qanp29wmmoe","operationId":"oqcv2d0fb5e3d8g","previousOperationId":"neutw46fsv46891"}
{"type":"operationStart","subtype":"script","name":"scripts orders-script","previousOperationId":"oqcv2d0fb5e3d8g","timestamp":1708542693687,"id":"5yzr8tvpaw0vxzy","previousEventId":"v6plxoyazdqhjrm","operationId":"x54e2lwbna7z7vf"}
{"type":"operationEnd","operationId":"x54e2lwbna7z7vf","timestamp":1708542693743,"id":"4p9obwslw63ctky","previousEventId":"dc48qanp29wmmoe","previousOperationId":"neutw46fsv46891"}
{"type":"operationEnd","operationId":"oqcv2d0fb5e3d8g","timestamp":1708542693743,"id":"u0y01yj9dgsbv0v","previousEventId":"4p9obwslw63ctky","previousOperationId":"neutw46fsv46891"}
{"type":"log","timestamp":1708542693743,"level":"debug","message":"Base url not specified, skipping its injection.","meta":{"rootId":"k6x65v64l25a33i","id":"k6x65v64l25a33i"},"id":"lylqr51rkeou94e","previousOperationId":"oqcv2d0fb5e3d8g"}
{"type":"operationStart","subtype":"engine","name":"handlebars","timestamp":1708542693743,"id":"exfbxodxxk4lis0","previousEventId":"u0y01yj9dgsbv0v","operationId":"j0ax5thpral6pip","previousOperationId":"oqcv2d0fb5e3d8g"}
{"type":"log","timestamp":1708542693743,"level":"debug","message":"Rendering engine handlebars","meta":{"rootId":"k6x65v64l25a33i","id":"k6x65v64l25a33i"},"id":"envm7l6o7rzrvkf","previousOperationId":"j0ax5thpral6pip"}
{"type":"operationEnd","operationId":"j0ax5thpral6pip","timestamp":1708542693748,"id":"ql5gu2y538tc73s","previousEventId":"exfbxodxxk4lis0","previousOperationId":"j0ax5thpral6pip"}
{"type":"operationStart","subtype":"recipe","name":"chrome-pdf","timestamp":1708542693748,"id":"eau6jev6rornud5","previousEventId":"ql5gu2y538tc73s","operationId":"t5ncu5k6kb0ax61","previousOperationId":"j0ax5thpral6pip"}
{"type":"log","timestamp":1708542693748,"level":"debug","message":"Executing recipe chrome-pdf","meta":{"rootId":"k6x65v64l25a33i","id":"k6x65v64l25a33i"},"id":"4ets5xlfp9jiixf","previousOperationId":"t5ncu5k6kb0ax61"}
{"type":"log","timestamp":1708542693750,"level":"debug","message":"Converting with chrome HeadlessChrome/117.0.5938.149 using chrome-pool strategy","meta":{"rootId":"k6x65v64l25a33i","id":"k6x65v64l25a33i"},"id":"np99j6nkpdk9nsr","previousOperationId":"t5ncu5k6kb0ax61"}
{"type":"log","timestamp":1708542693803,"level":"debug","message":"Page request: GET (document) file:///var/folders/tp/6hccbwhd41s4hkmxw_2wkz640000gn/T/jsreport/autocleanup/6ac3ad57-247c-49c5-9c46-89a83bb0716a-chrome-pdf.html","meta":{"rootId":"k6x65v64l25a33i","id":"k6x65v64l25a33i"},"id":"xq2ih1mw6n1zl92","previousOperationId":"t5ncu5k6kb0ax61"}
{"type":"log","timestamp":1708542693808,"level":"debug","message":"Page request: GET (stylesheet) https://cdnjs.cloudflare.com/ajax/libs/metro/4.1.5/css/metro.min.css","meta":{"rootId":"k6x65v64l25a33i","id":"k6x65v64l25a33i"},"id":"zp42ipu9hpe8vbd","previousOperationId":"t5ncu5k6kb0ax61"}
{"type":"log","timestamp":1708542693809,"level":"debug","message":"Page request: GET (script) https://cdn.jsdelivr.net/npm/chart.js","meta":{"rootId":"k6x65v64l25a33i","id":"k6x65v64l25a33i"},"id":"6ymy3c49mjxkyy5","previousOperationId":"t5ncu5k6kb0ax61"}
{"type":"log","timestamp":1708542693809,"level":"debug","message":"Page request finished: GET (document) 200 file:///var/folders/tp/6hccbwhd41s4hkmxw_2wkz640000gn/T/jsreport/autocleanup/6ac3ad57-247c-49c5-9c46-89a83bb0716a-chrome-pdf.html","meta":{"rootId":"k6x65v64l25a33i","id":"k6x65v64l25a33i"},"id":"x7u6zihyq8dn8ts","previousOperationId":"t5ncu5k6kb0ax61"}
{"type":"log","timestamp":1708542693817,"level":"debug","message":"Page request finished: GET (stylesheet) 200 https://cdnjs.cloudflare.com/ajax/libs/metro/4.1.5/css/metro.min.css","meta":{"rootId":"k6x65v64l25a33i","id":"k6x65v64l25a33i"},"id":"p2li7a7lyz5w3ah","previousOperationId":"t5ncu5k6kb0ax61"}
{"type":"log","timestamp":1708542693818,"level":"debug","message":"Page request finished: GET (script) 200 https://cdn.jsdelivr.net/npm/chart.js","meta":{"rootId":"k6x65v64l25a33i","id":"k6x65v64l25a33i"},"id":"p2jmlrust3ajhut","previousOperationId":"t5ncu5k6kb0ax61"}
{"type":"log","timestamp":1708542693875,"level":"debug","message":"Running chrome with params {\"printBackground\":true,\"marginTop\":\"4cm\",\"marginRight\":\"1.5cm\",\"marginBottom\":\"1.5cm\",\"marginLeft\":\"1.5cm\",\"waitForJS\":false,\"timeout\":59908,\"margin\":{\"top\":\"4cm\",\"right\":\"1.5cm\",\"bottom\":\"1.5cm\",\"left\":\"1.5cm\"}}","meta":{"rootId":"k6x65v64l25a33i","id":"k6x65v64l25a33i"},"id":"uidy8cvzr2yvd9v","previousOperationId":"t5ncu5k6kb0ax61"}
{"type":"operationEnd","operationId":"t5ncu5k6kb0ax61","timestamp":1708542693910,"id":"ql9ccruknqcytrz","previousEventId":"eau6jev6rornud5","previousOperationId":"t5ncu5k6kb0ax61"}
{"type":"log","timestamp":1708542693910,"level":"info","message":"pdf-utils is starting pdf processing","meta":{"rootId":"k6x65v64l25a33i","id":"k6x65v64l25a33i"},"id":"9ji9pkdl81x77zq","previousOperationId":"t5ncu5k6kb0ax61"}
{"type":"operationStart","subtype":"pdfUtils","name":"pdf utils","timestamp":1708542693910,"id":"7u3yvalt2wx85aw","previousEventId":"ql9ccruknqcytrz","operationId":"2awily3tg0jlv2t","previousOperationId":"t5ncu5k6kb0ax61"}
{"type":"log","timestamp":1708542693911,"level":"debug","message":"pdf-utils detected 1 pdf operation(s) to process","meta":{"rootId":"k6x65v64l25a33i","id":"k6x65v64l25a33i"},"id":"wjc7vbnoccuq2vc","previousOperationId":"2awily3tg0jlv2t"}
{"type":"log","timestamp":1708542693929,"level":"debug","message":"pdf-utils running pdf operation merge","meta":{"rootId":"k6x65v64l25a33i","id":"k6x65v64l25a33i"},"id":"dlot9hlqtlayszs","previousOperationId":"2awily3tg0jlv2t"}
{"type":"operationStart","subtype":"pdfUtilsMerge","name":"pdf utils merge","previousOperationId":"2awily3tg0jlv2t","timestamp":1708542693929,"id":"7k908zn46yuowk9","previousEventId":"7u3yvalt2wx85aw","operationId":"0jkacje1entejzr"}
{"type":"operationStart","subtype":"render","name":"orders-header","previousOperationId":"0jkacje1entejzr","timestamp":1708542693929,"id":"2wn7hw9miw3tb4a","previousEventId":"7k908zn46yuowk9","operationId":"1amygulheprd1c2"}
{"type":"log","timestamp":1708542693929,"level":"info","message":"Starting rendering (child) request","meta":{"rootId":"k6x65v64l25a33i","id":"0s0rwdo3qapslto"},"id":"lbcbn9kr7awwvrl","previousOperationId":"1amygulheprd1c2"}
{"type":"log","timestamp":1708542693929,"level":"info","message":"Rendering template { name: orders-header, recipe: chrome-pdf, engine: handlebars, preview: false }","meta":{"rootId":"k6x65v64l25a33i","id":"0s0rwdo3qapslto"},"id":"b6hh58mzxmxdelb","previousOperationId":"1amygulheprd1c2"}
{"type":"log","timestamp":1708542693930,"level":"debug","message":"Inline data specified.","meta":{"rootId":"k6x65v64l25a33i","id":"0s0rwdo3qapslto"},"id":"a06t20dxjkxsws3","previousOperationId":"1amygulheprd1c2"}
{"type":"log","timestamp":1708542693931,"level":"debug","message":"Base url not specified, skipping its injection.","meta":{"rootId":"k6x65v64l25a33i","id":"0s0rwdo3qapslto"},"id":"q30a32h0vkg9djl","previousOperationId":"1amygulheprd1c2"}
{"type":"operationStart","subtype":"engine","name":"handlebars","timestamp":1708542693931,"id":"f5d1suqjc07ukfx","previousEventId":"2wn7hw9miw3tb4a","operationId":"clq7veeg1vjo4di","previousOperationId":"1amygulheprd1c2"}
{"type":"log","timestamp":1708542693931,"level":"debug","message":"Rendering engine handlebars","meta":{"rootId":"k6x65v64l25a33i","id":"0s0rwdo3qapslto"},"id":"y2lzhua4zkdwzkq","previousOperationId":"clq7veeg1vjo4di"}
{"type":"operationEnd","operationId":"clq7veeg1vjo4di","timestamp":1708542693934,"id":"0dl11ik2m7cl1uh","previousEventId":"f5d1suqjc07ukfx","previousOperationId":"clq7veeg1vjo4di"}
{"type":"operationStart","subtype":"recipe","name":"chrome-pdf","timestamp":1708542693934,"id":"nh5bmr12s6fzvh8","previousEventId":"0dl11ik2m7cl1uh","operationId":"25ce4gkluoqoa0u","previousOperationId":"clq7veeg1vjo4di"}
{"type":"log","timestamp":1708542693934,"level":"debug","message":"Executing recipe chrome-pdf","meta":{"rootId":"k6x65v64l25a33i","id":"0s0rwdo3qapslto"},"id":"y4vta72gcrnt6em","previousOperationId":"25ce4gkluoqoa0u"}
{"type":"log","timestamp":1708542693935,"level":"debug","message":"Converting with chrome HeadlessChrome/117.0.5938.149 using chrome-pool strategy","meta":{"rootId":"k6x65v64l25a33i","id":"0s0rwdo3qapslto"},"id":"x6gch38i0ff3rye","previousOperationId":"25ce4gkluoqoa0u"}
{"type":"log","timestamp":1708542693981,"level":"debug","message":"Page request: GET (document) file:///var/folders/tp/6hccbwhd41s4hkmxw_2wkz640000gn/T/jsreport/autocleanup/2e2328ae-3cb3-4f85-9011-cb753a2f69ec-chrome-pdf.html","meta":{"rootId":"k6x65v64l25a33i","id":"0s0rwdo3qapslto"},"id":"xry4owqi8xjbsz5","previousOperationId":"25ce4gkluoqoa0u"}
{"type":"log","timestamp":1708542693986,"level":"debug","message":"Page request: GET (stylesheet) https://cdnjs.cloudflare.com/ajax/libs/metro/4.1.5/css/metro.min.css","meta":{"rootId":"k6x65v64l25a33i","id":"0s0rwdo3qapslto"},"id":"dmij4xpuzfkjl64","previousOperationId":"25ce4gkluoqoa0u"}
{"type":"log","timestamp":1708542693987,"level":"debug","message":"Page request finished: GET (document) 200 file:///var/folders/tp/6hccbwhd41s4hkmxw_2wkz640000gn/T/jsreport/autocleanup/2e2328ae-3cb3-4f85-9011-cb753a2f69ec-chrome-pdf.html","meta":{"rootId":"k6x65v64l25a33i","id":"0s0rwdo3qapslto"},"id":"gg65w46igeid8jl","previousOperationId":"25ce4gkluoqoa0u"}
{"type":"log","timestamp":1708542693994,"level":"debug","message":"Page request finished: GET (stylesheet) 200 https://cdnjs.cloudflare.com/ajax/libs/metro/4.1.5/css/metro.min.css","meta":{"rootId":"k6x65v64l25a33i","id":"0s0rwdo3qapslto"},"id":"rindcf2mgryfxfm","previousOperationId":"25ce4gkluoqoa0u"}
{"type":"log","timestamp":1708542694007,"level":"debug","message":"Running chrome with params {\"printBackground\":true,\"marginTop\":\"1.5cm\",\"marginRight\":\"1.5cm\",\"marginLeft\":\"1.cm\",\"timeout\":59722,\"margin\":{\"top\":\"1.5cm\",\"right\":\"1.5cm\",\"left\":\"1.cm\"}}","meta":{"rootId":"k6x65v64l25a33i","id":"0s0rwdo3qapslto"},"id":"fismcm1yvcr4wj8","previousOperationId":"25ce4gkluoqoa0u"}
{"type":"operationEnd","operationId":"25ce4gkluoqoa0u","timestamp":1708542694023,"id":"z73qe0378s78st3","previousEventId":"nh5bmr12s6fzvh8","previousOperationId":"25ce4gkluoqoa0u"}
{"type":"log","timestamp":1708542694023,"level":"debug","message":"Skipping storing report.","meta":{"rootId":"k6x65v64l25a33i","id":"0s0rwdo3qapslto"},"id":"sj66dwri9i23lbg","previousOperationId":"25ce4gkluoqoa0u"}
{"type":"log","timestamp":1708542694023,"level":"info","message":"Rendering (child) request finished in 366 ms","meta":{"rootId":"k6x65v64l25a33i","id":"0s0rwdo3qapslto"},"id":"r3o1kyy0o4lb52a","previousOperationId":"25ce4gkluoqoa0u"}
{"type":"operationEnd","subtype":"render","operationId":"1amygulheprd1c2","timestamp":1708542694023,"id":"wmmwq1a1z8flz8f","previousEventId":"z73qe0378s78st3","previousOperationId":"25ce4gkluoqoa0u"}
{"type":"operationEnd","operationId":"0jkacje1entejzr","timestamp":1708542694039,"id":"kq0nsgsa0bbhgy3","previousEventId":"7k908zn46yuowk9","previousOperationId":"0jkacje1entejzr"}
{"type":"log","timestamp":1708542694039,"level":"debug","message":"pdf-utils postproces start","meta":{"rootId":"k6x65v64l25a33i","id":"k6x65v64l25a33i"},"id":"hdgik9x892ewarv","previousOperationId":"0jkacje1entejzr"}
{"type":"log","timestamp":1708542694052,"level":"debug","message":"pdf-utils postproces end","meta":{"rootId":"k6x65v64l25a33i","id":"k6x65v64l25a33i"},"id":"tzsa3lvi41qzgtq","previousOperationId":"0jkacje1entejzr"}
{"type":"operationEnd","operationId":"2awily3tg0jlv2t","timestamp":1708542694052,"id":"dthvqjv1nxoe9yh","previousEventId":"kq0nsgsa0bbhgy3","previousOperationId":"0jkacje1entejzr"}
{"type":"log","timestamp":1708542694052,"level":"info","message":"pdf-utils pdf processing was finished","meta":{"rootId":"k6x65v64l25a33i","id":"k6x65v64l25a33i"},"id":"0gdu6iqids4bipq","previousOperationId":"2awily3tg0jlv2t"}
{"type":"log","timestamp":1708542694052,"level":"debug","message":"Skipping storing report.","meta":{"rootId":"k6x65v64l25a33i","id":"k6x65v64l25a33i"},"id":"80pjjduv9to7v2u","previousOperationId":"2awily3tg0jlv2t"}
{"type":"log","timestamp":1708542694052,"level":"info","message":"Rendering request 28 finished in 395 ms","meta":{"rootId":"k6x65v64l25a33i","id":"k6x65v64l25a33i"},"id":"04cef95l6bs4map","previousOperationId":"2awily3tg0jlv2t"}
{"type":"operationEnd","subtype":"render","operationId":"neutw46fsv46891","timestamp":1708542694052,"id":"jjg76f6ylae701e","previousEventId":"dthvqjv1nxoe9yh","previousOperationId":"2awily3tg0jlv2t"}
{"type":"operationEnd","doDiffs":false,"previousEventId":"c3ycql6ue75n48c","previousOperationId":"9zewrop7tp8q2xj","operationId":"9zewrop7tp8q2xj","timestamp":1708542694053,"id":"540cc5v7wiyl3pw"}
