{"type":"operationStart","subtype":"profile","data":{"_id":"D7CRt88MwCZELBmP","timestamp":"2024-02-21T19:15:21.396Z","state":"queued","mode":"standard","creationDate":"2024-02-21T19:15:21.400Z","modificationDate":"2024-02-21T19:15:21.400Z","shortid":"lWOWj2E","$entitySet":"profiles"},"doDiffs":false,"timestamp":1708542921399,"id":"005m4tc1cuez8jl","previousOperationId":null,"operationId":"lsi4z1ieh8hlayd"}
{"type":"log","level":"info","message":"Render request 30 queued for execution and waiting for available worker","previousOperationId":"lsi4z1ieh8hlayd","timestamp":1708542921399,"id":"noc7e3yui3xjk5k"}
{"type":"operationStart","subtype":"render","name":"orders-main","previousOperationId":"lsi4z1ieh8hlayd","timestamp":1708542921405,"id":"7la5dn15zfs3qv3","previousEventId":"005m4tc1cuez8jl","operationId":"wnah29a3wfnpu14"}
{"type":"log","timestamp":1708542921406,"level":"info","message":"Starting rendering request 30","meta":{"rootId":"lst36ilw3eio5xq","id":"lst36ilw3eio5xq"},"id":"zkx7es08eyu9moe","previousOperationId":"wnah29a3wfnpu14"}
{"type":"log","timestamp":1708542921406,"level":"info","message":"Rendering template { name: orders-main, recipe: chrome-pdf, engine: handlebars, preview: false }","meta":{"rootId":"lst36ilw3eio5xq","id":"lst36ilw3eio5xq"},"id":"wng0trt90bdefll","previousOperationId":"wnah29a3wfnpu14"}
{"type":"log","timestamp":1708542921408,"level":"debug","message":"Data item not defined for this template.","meta":{"rootId":"lst36ilw3eio5xq","id":"lst36ilw3eio5xq"},"id":"oldey5g8avuw1bq","previousOperationId":"wnah29a3wfnpu14"}
{"type":"log","timestamp":1708542921409,"level":"debug","message":"Executing script orders-script (beforeRender)","meta":{"rootId":"lst36ilw3eio5xq","id":"lst36ilw3eio5xq"},"id":"dqz5uc4flrc8jwc","previousOperationId":"wnah29a3wfnpu14"}
{"type":"operationStart","subtype":"scriptsBeforeRender","name":"scripts beforeRender","timestamp":1708542921418,"id":"mpraqv41219zxzj","previousEventId":"7la5dn15zfs3qv3","operationId":"fq7zvxi24lowoak","previousOperationId":"wnah29a3wfnpu14"}
{"type":"operationStart","subtype":"script","name":"scripts orders-script","previousOperationId":"fq7zvxi24lowoak","timestamp":1708542921418,"id":"kac4bbshp45u46l","previousEventId":"mpraqv41219zxzj","operationId":"xud10uynifvqnjs"}
{"type":"operationEnd","operationId":"xud10uynifvqnjs","timestamp":1708542921427,"id":"xjrzvid6uxbxxvy","previousEventId":"7la5dn15zfs3qv3","previousOperationId":"wnah29a3wfnpu14"}
{"type":"operationEnd","operationId":"fq7zvxi24lowoak","timestamp":1708542921427,"id":"xg08l92qtun17mc","previousEventId":"xjrzvid6uxbxxvy","previousOperationId":"wnah29a3wfnpu14"}
{"type":"log","timestamp":1708542921427,"level":"debug","message":"Base url not specified, skipping its injection.","meta":{"rootId":"lst36ilw3eio5xq","id":"lst36ilw3eio5xq"},"id":"xxvcruwnmj08k0l","previousOperationId":"fq7zvxi24lowoak"}
{"type":"operationStart","subtype":"engine","name":"handlebars","timestamp":1708542921427,"id":"r8gcxueo49vxh3h","previousEventId":"xg08l92qtun17mc","operationId":"dv3clnb4gd3n2he","previousOperationId":"fq7zvxi24lowoak"}
{"type":"log","timestamp":1708542921427,"level":"debug","message":"Rendering engine handlebars","meta":{"rootId":"lst36ilw3eio5xq","id":"lst36ilw3eio5xq"},"id":"gf800ozq29g5cq1","previousOperationId":"dv3clnb4gd3n2he"}
{"type":"operationEnd","operationId":"dv3clnb4gd3n2he","timestamp":1708542921430,"id":"2nx7x3lv4kdwm3j","previousEventId":"r8gcxueo49vxh3h","previousOperationId":"dv3clnb4gd3n2he"}
{"type":"operationStart","subtype":"recipe","name":"chrome-pdf","timestamp":1708542921430,"id":"ztp7bsy3e1so127","previousEventId":"2nx7x3lv4kdwm3j","operationId":"czpre4lxt7pvx1e","previousOperationId":"dv3clnb4gd3n2he"}
{"type":"log","timestamp":1708542921430,"level":"debug","message":"Executing recipe chrome-pdf","meta":{"rootId":"lst36ilw3eio5xq","id":"lst36ilw3eio5xq"},"id":"937bs6ihcz7i3og","previousOperationId":"czpre4lxt7pvx1e"}
{"type":"log","timestamp":1708542921442,"level":"debug","message":"Converting with chrome HeadlessChrome/117.0.5938.149 using chrome-pool strategy","meta":{"rootId":"lst36ilw3eio5xq","id":"lst36ilw3eio5xq"},"id":"oqhgzsw34mbm3lg","previousOperationId":"czpre4lxt7pvx1e"}
{"type":"log","timestamp":1708542921840,"level":"debug","message":"Page request: GET (document) file:///var/folders/tp/6hccbwhd41s4hkmxw_2wkz640000gn/T/jsreport/autocleanup/df7bbc7a-38ed-45a3-a9e6-b144431f8add-chrome-pdf.html","meta":{"rootId":"lst36ilw3eio5xq","id":"lst36ilw3eio5xq"},"id":"aq8wto6o6zl5oze","previousOperationId":"czpre4lxt7pvx1e"}
{"type":"log","timestamp":1708542921860,"level":"debug","message":"Page request: GET (stylesheet) https://cdnjs.cloudflare.com/ajax/libs/metro/4.1.5/css/metro.min.css","meta":{"rootId":"lst36ilw3eio5xq","id":"lst36ilw3eio5xq"},"id":"9w6n2gsz6aqgd16","previousOperationId":"czpre4lxt7pvx1e"}
{"type":"log","timestamp":1708542921860,"level":"debug","message":"Page request: GET (script) https://cdn.jsdelivr.net/npm/chart.js","meta":{"rootId":"lst36ilw3eio5xq","id":"lst36ilw3eio5xq"},"id":"2mv9vy2b58qk4og","previousOperationId":"czpre4lxt7pvx1e"}
{"type":"log","timestamp":1708542921860,"level":"debug","message":"Page request finished: GET (document) 200 file:///var/folders/tp/6hccbwhd41s4hkmxw_2wkz640000gn/T/jsreport/autocleanup/df7bbc7a-38ed-45a3-a9e6-b144431f8add-chrome-pdf.html","meta":{"rootId":"lst36ilw3eio5xq","id":"lst36ilw3eio5xq"},"id":"okqbycm1vt4gdnb","previousOperationId":"czpre4lxt7pvx1e"}
{"type":"log","timestamp":1708542921874,"level":"debug","message":"Page request finished: GET (stylesheet) 200 https://cdnjs.cloudflare.com/ajax/libs/metro/4.1.5/css/metro.min.css","meta":{"rootId":"lst36ilw3eio5xq","id":"lst36ilw3eio5xq"},"id":"o7scy5j174fbs7h","previousOperationId":"czpre4lxt7pvx1e"}
{"type":"log","timestamp":1708542921876,"level":"debug","message":"Page request finished: GET (script) 200 https://cdn.jsdelivr.net/npm/chart.js","meta":{"rootId":"lst36ilw3eio5xq","id":"lst36ilw3eio5xq"},"id":"sah5plzy2fid7tg","previousOperationId":"czpre4lxt7pvx1e"}
{"type":"log","timestamp":1708542922013,"level":"debug","message":"Running chrome with params {\"printBackground\":true,\"marginTop\":\"4cm\",\"marginRight\":\"1.5cm\",\"marginBottom\":\"1.5cm\",\"marginLeft\":\"1.5cm\",\"waitForJS\":false,\"timeout\":59965,\"margin\":{\"top\":\"4cm\",\"right\":\"1.5cm\",\"bottom\":\"1.5cm\",\"left\":\"1.5cm\"}}","meta":{"rootId":"lst36ilw3eio5xq","id":"lst36ilw3eio5xq"},"id":"4hgbs07aur6yigs","previousOperationId":"czpre4lxt7pvx1e"}
{"type":"operationEnd","operationId":"czpre4lxt7pvx1e","timestamp":1708542922071,"id":"itgj65qghjem1vw","previousEventId":"ztp7bsy3e1so127","previousOperationId":"czpre4lxt7pvx1e"}
{"type":"log","timestamp":1708542922071,"level":"info","message":"pdf-utils is starting pdf processing","meta":{"rootId":"lst36ilw3eio5xq","id":"lst36ilw3eio5xq"},"id":"ui5phdd7e7qfbt2","previousOperationId":"czpre4lxt7pvx1e"}
{"type":"operationStart","subtype":"pdfUtils","name":"pdf utils","timestamp":1708542922071,"id":"jyiyo9qyv47ergz","previousEventId":"itgj65qghjem1vw","operationId":"6hcwjgwuv9uaq28","previousOperationId":"czpre4lxt7pvx1e"}
{"type":"log","timestamp":1708542922071,"level":"debug","message":"pdf-utils detected 1 pdf operation(s) to process","meta":{"rootId":"lst36ilw3eio5xq","id":"lst36ilw3eio5xq"},"id":"31od4hr1mzoupfu","previousOperationId":"6hcwjgwuv9uaq28"}
{"type":"log","timestamp":1708542922085,"level":"debug","message":"pdf-utils running pdf operation merge","meta":{"rootId":"lst36ilw3eio5xq","id":"lst36ilw3eio5xq"},"id":"rbck7qixdhh1fhv","previousOperationId":"6hcwjgwuv9uaq28"}
{"type":"operationStart","subtype":"pdfUtilsMerge","name":"pdf utils merge","previousOperationId":"6hcwjgwuv9uaq28","timestamp":1708542922085,"id":"xdbyvp9f45qa7mx","previousEventId":"jyiyo9qyv47ergz","operationId":"i3u12sj8z88a33a"}
{"type":"operationStart","subtype":"render","name":"orders-header","previousOperationId":"i3u12sj8z88a33a","timestamp":1708542922086,"id":"c7k1728upkh7bt3","previousEventId":"xdbyvp9f45qa7mx","operationId":"zzz7pjhr15qus3e"}
{"type":"log","timestamp":1708542922086,"level":"info","message":"Starting rendering (child) request","meta":{"rootId":"lst36ilw3eio5xq","id":"vz0ieeyxot6y5wo"},"id":"sa7cbgfyzra6sxu","previousOperationId":"zzz7pjhr15qus3e"}
{"type":"log","timestamp":1708542922086,"level":"info","message":"Rendering template { name: orders-header, recipe: chrome-pdf, engine: handlebars, preview: false }","meta":{"rootId":"lst36ilw3eio5xq","id":"vz0ieeyxot6y5wo"},"id":"fux57j2d7vq3zls","previousOperationId":"zzz7pjhr15qus3e"}
{"type":"log","timestamp":1708542922087,"level":"debug","message":"Inline data specified.","meta":{"rootId":"lst36ilw3eio5xq","id":"vz0ieeyxot6y5wo"},"id":"2hcicun2bwaqgg6","previousOperationId":"zzz7pjhr15qus3e"}
{"type":"log","timestamp":1708542922089,"level":"debug","message":"Base url not specified, skipping its injection.","meta":{"rootId":"lst36ilw3eio5xq","id":"vz0ieeyxot6y5wo"},"id":"o4qihnc6vj3tv8i","previousOperationId":"zzz7pjhr15qus3e"}
{"type":"operationStart","subtype":"engine","name":"handlebars","timestamp":1708542922089,"id":"e7hqhsy8gmlhcg1","previousEventId":"c7k1728upkh7bt3","operationId":"lvctpxj1g5570mq","previousOperationId":"zzz7pjhr15qus3e"}
{"type":"log","timestamp":1708542922089,"level":"debug","message":"Rendering engine handlebars","meta":{"rootId":"lst36ilw3eio5xq","id":"vz0ieeyxot6y5wo"},"id":"9gkzmxdn6tgr9s5","previousOperationId":"lvctpxj1g5570mq"}
{"type":"operationEnd","operationId":"lvctpxj1g5570mq","timestamp":1708542922099,"id":"ikwhe4fc8nyink4","previousEventId":"e7hqhsy8gmlhcg1","previousOperationId":"lvctpxj1g5570mq"}
{"type":"operationStart","subtype":"recipe","name":"chrome-pdf","timestamp":1708542922100,"id":"p5fx4ixalrmar0a","previousEventId":"ikwhe4fc8nyink4","operationId":"7ztneb7z9i7abll","previousOperationId":"lvctpxj1g5570mq"}
{"type":"log","timestamp":1708542922100,"level":"debug","message":"Executing recipe chrome-pdf","meta":{"rootId":"lst36ilw3eio5xq","id":"vz0ieeyxot6y5wo"},"id":"rf0fswchooatgk7","previousOperationId":"7ztneb7z9i7abll"}
{"type":"log","timestamp":1708542922101,"level":"debug","message":"Converting with chrome HeadlessChrome/117.0.5938.149 using chrome-pool strategy","meta":{"rootId":"lst36ilw3eio5xq","id":"vz0ieeyxot6y5wo"},"id":"kap24pn4x7xrq7l","previousOperationId":"7ztneb7z9i7abll"}
{"type":"log","timestamp":1708542922137,"level":"debug","message":"Page request: GET (document) file:///var/folders/tp/6hccbwhd41s4hkmxw_2wkz640000gn/T/jsreport/autocleanup/ec91f823-3af3-41cc-aa61-f829ebd91b2d-chrome-pdf.html","meta":{"rootId":"lst36ilw3eio5xq","id":"vz0ieeyxot6y5wo"},"id":"fs29oaap539l1p9","previousOperationId":"7ztneb7z9i7abll"}
{"type":"log","timestamp":1708542922144,"level":"debug","message":"Page request: GET (stylesheet) https://cdnjs.cloudflare.com/ajax/libs/metro/4.1.5/css/metro.min.css","meta":{"rootId":"lst36ilw3eio5xq","id":"vz0ieeyxot6y5wo"},"id":"q8qlcag3nod93fg","previousOperationId":"7ztneb7z9i7abll"}
{"type":"log","timestamp":1708542922144,"level":"debug","message":"Page request finished: GET (document) 200 file:///var/folders/tp/6hccbwhd41s4hkmxw_2wkz640000gn/T/jsreport/autocleanup/ec91f823-3af3-41cc-aa61-f829ebd91b2d-chrome-pdf.html","meta":{"rootId":"lst36ilw3eio5xq","id":"vz0ieeyxot6y5wo"},"id":"qfst3qddmfsf3w8","previousOperationId":"7ztneb7z9i7abll"}
{"type":"log","timestamp":1708542922151,"level":"debug","message":"Page request finished: GET (stylesheet) 200 https://cdnjs.cloudflare.com/ajax/libs/metro/4.1.5/css/metro.min.css","meta":{"rootId":"lst36ilw3eio5xq","id":"vz0ieeyxot6y5wo"},"id":"7ctdsdn1tzcsk7s","previousOperationId":"7ztneb7z9i7abll"}
{"type":"log","timestamp":1708542922164,"level":"debug","message":"Running chrome with params {\"printBackground\":true,\"marginTop\":\"1.5cm\",\"marginRight\":\"1.5cm\",\"marginLeft\":\"1.cm\",\"timeout\":59295,\"margin\":{\"top\":\"1.5cm\",\"right\":\"1.5cm\",\"left\":\"1.cm\"}}","meta":{"rootId":"lst36ilw3eio5xq","id":"vz0ieeyxot6y5wo"},"id":"eoz07em5w963epv","previousOperationId":"7ztneb7z9i7abll"}
{"type":"operationEnd","operationId":"7ztneb7z9i7abll","timestamp":1708542922178,"id":"6sj0a33774zzo26","previousEventId":"p5fx4ixalrmar0a","previousOperationId":"7ztneb7z9i7abll"}
{"type":"log","timestamp":1708542922178,"level":"debug","message":"Skipping storing report.","meta":{"rootId":"lst36ilw3eio5xq","id":"vz0ieeyxot6y5wo"},"id":"73wjd47pq5plq8n","previousOperationId":"7ztneb7z9i7abll"}
{"type":"log","timestamp":1708542922178,"level":"info","message":"Rendering (child) request finished in 783 ms","meta":{"rootId":"lst36ilw3eio5xq","id":"vz0ieeyxot6y5wo"},"id":"qk382ry4jmrnvg8","previousOperationId":"7ztneb7z9i7abll"}
{"type":"operationEnd","subtype":"render","operationId":"zzz7pjhr15qus3e","timestamp":1708542922178,"id":"zspdd30umm7dakk","previousEventId":"6sj0a33774zzo26","previousOperationId":"7ztneb7z9i7abll"}
{"type":"operationEnd","operationId":"i3u12sj8z88a33a","timestamp":1708542922191,"id":"uw2rdgx3usbjnvu","previousEventId":"xdbyvp9f45qa7mx","previousOperationId":"i3u12sj8z88a33a"}
{"type":"log","timestamp":1708542922191,"level":"debug","message":"pdf-utils postproces start","meta":{"rootId":"lst36ilw3eio5xq","id":"lst36ilw3eio5xq"},"id":"vxlxqshf3vw0vbd","previousOperationId":"i3u12sj8z88a33a"}
{"type":"log","timestamp":1708542922203,"level":"debug","message":"pdf-utils postproces end","meta":{"rootId":"lst36ilw3eio5xq","id":"lst36ilw3eio5xq"},"id":"27mpsqxl5aksn6w","previousOperationId":"i3u12sj8z88a33a"}
{"type":"operationEnd","operationId":"6hcwjgwuv9uaq28","timestamp":1708542922203,"id":"7b91v582b00i84n","previousEventId":"uw2rdgx3usbjnvu","previousOperationId":"i3u12sj8z88a33a"}
{"type":"log","timestamp":1708542922203,"level":"info","message":"pdf-utils pdf processing was finished","meta":{"rootId":"lst36ilw3eio5xq","id":"lst36ilw3eio5xq"},"id":"5lnz6okg5g3h99q","previousOperationId":"6hcwjgwuv9uaq28"}
{"type":"log","timestamp":1708542922203,"level":"debug","message":"Skipping storing report.","meta":{"rootId":"lst36ilw3eio5xq","id":"lst36ilw3eio5xq"},"id":"2sp2ndyc91vpfhg","previousOperationId":"6hcwjgwuv9uaq28"}
{"type":"log","timestamp":1708542922203,"level":"info","message":"Rendering request 30 finished in 808 ms","meta":{"rootId":"lst36ilw3eio5xq","id":"lst36ilw3eio5xq"},"id":"3fgdz6miyo8dov6","previousOperationId":"6hcwjgwuv9uaq28"}
{"type":"operationEnd","subtype":"render","operationId":"wnah29a3wfnpu14","timestamp":1708542922203,"id":"762d0t2hnrjzeah","previousEventId":"7b91v582b00i84n","previousOperationId":"6hcwjgwuv9uaq28"}
{"type":"operationEnd","doDiffs":false,"previousEventId":"005m4tc1cuez8jl","previousOperationId":"lsi4z1ieh8hlayd","operationId":"lsi4z1ieh8hlayd","timestamp":1708542922204,"id":"hntimu9wxsrnxps"}
