{"type":"operationStart","subtype":"profile","data":{"_id":"JaY3ep5xoQh8Hjay","timestamp":"2024-02-19T16:23:37.185Z","state":"queued","mode":"standard","creationDate":"2024-02-19T16:23:37.187Z","modificationDate":"2024-02-19T16:23:37.187Z","shortid":"mmI-W3Z","$entitySet":"profiles"},"doDiffs":false,"timestamp":1708359817186,"id":"ojwppweltkiqog0","previousOperationId":null,"operationId":"lf8xo3k38trqvps"}
{"type":"log","level":"info","message":"Render request 9 queued for execution and waiting for available worker","previousOperationId":"lf8xo3k38trqvps","timestamp":1708359817186,"id":"qbpl02bsklufq80"}
{"type":"operationStart","subtype":"render","name":"orders-main","previousOperationId":"lf8xo3k38trqvps","timestamp":1708359817196,"id":"uo0sxebpmbdw1yp","previousEventId":"ojwppweltkiqog0","operationId":"y6y5csvckfg8lj3"}
{"type":"log","timestamp":1708359817197,"level":"info","message":"Starting rendering request 9","meta":{"rootId":"molgd95w0t1xe46","id":"molgd95w0t1xe46"},"id":"g2aqv33o3bttbda","previousOperationId":"y6y5csvckfg8lj3"}
{"type":"log","timestamp":1708359817198,"level":"info","message":"Rendering template { name: orders-main, recipe: chrome-pdf, engine: handlebars, preview: true }","meta":{"rootId":"molgd95w0t1xe46","id":"molgd95w0t1xe46"},"id":"aavnebs5tos3i9t","previousOperationId":"y6y5csvckfg8lj3"}
{"type":"log","timestamp":1708359817203,"level":"debug","message":"Data item not defined for this template.","meta":{"rootId":"molgd95w0t1xe46","id":"molgd95w0t1xe46"},"id":"au9fham6nsopyr7","previousOperationId":"y6y5csvckfg8lj3"}
{"type":"log","timestamp":1708359817209,"level":"debug","message":"Executing script orders-script (beforeRender)","meta":{"rootId":"molgd95w0t1xe46","id":"molgd95w0t1xe46"},"id":"cxwz3eqc5gzzad7","previousOperationId":"y6y5csvckfg8lj3"}
{"type":"operationStart","subtype":"scriptsBeforeRender","name":"scripts beforeRender","timestamp":1708359817347,"id":"3dv1grcxz01uu3p","previousEventId":"uo0sxebpmbdw1yp","operationId":"fkt0y055z50b63j","previousOperationId":"y6y5csvckfg8lj3"}
{"type":"operationStart","subtype":"script","name":"scripts orders-script","previousOperationId":"fkt0y055z50b63j","timestamp":1708359817347,"id":"3f35pvx6zyiqqf0","previousEventId":"3dv1grcxz01uu3p","operationId":"41qh2xjy4pd6fbl"}
{"type":"log","timestamp":1708359817366,"level":"debug","message":"(console:log) [ 'ola' ]","meta":{"userLevel":true,"rootId":"molgd95w0t1xe46","id":"molgd95w0t1xe46"},"id":"fi7vl4n7uns1ghe","previousOperationId":"41qh2xjy4pd6fbl"}
{"type":"log","timestamp":1708359817366,"level":"debug","message":"(console:log) [ 1 ]","meta":{"userLevel":true,"rootId":"molgd95w0t1xe46","id":"molgd95w0t1xe46"},"id":"0gj39axamu7pima","previousOperationId":"41qh2xjy4pd6fbl"}
{"type":"operationEnd","operationId":"41qh2xjy4pd6fbl","timestamp":1708359817367,"id":"7et6equyxwqq0bt","previousEventId":"uo0sxebpmbdw1yp","previousOperationId":"y6y5csvckfg8lj3"}
{"type":"operationEnd","operationId":"fkt0y055z50b63j","timestamp":1708359817367,"id":"q276awhd36j0caa","previousEventId":"7et6equyxwqq0bt","previousOperationId":"y6y5csvckfg8lj3"}
{"type":"log","timestamp":1708359817367,"level":"debug","message":"Base url not specified, skipping its injection.","meta":{"rootId":"molgd95w0t1xe46","id":"molgd95w0t1xe46"},"id":"c4q5mmssaaqemco","previousOperationId":"fkt0y055z50b63j"}
{"type":"operationStart","subtype":"engine","name":"handlebars","timestamp":1708359817367,"id":"zd7ey9k2ke60lmy","previousEventId":"q276awhd36j0caa","operationId":"r7g33nslpcvld38","previousOperationId":"fkt0y055z50b63j"}
{"type":"log","timestamp":1708359817367,"level":"debug","message":"Rendering engine handlebars","meta":{"rootId":"molgd95w0t1xe46","id":"molgd95w0t1xe46"},"id":"mlnn171bvmferv9","previousOperationId":"r7g33nslpcvld38"}
{"type":"log","timestamp":1708359817542,"level":"debug","message":"(console:log) Pdf utils adding group field, value: \"ola\"","meta":{"userLevel":true,"rootId":"molgd95w0t1xe46","id":"molgd95w0t1xe46"},"id":"rdo43277kchb6k4","previousOperationId":"r7g33nslpcvld38"}
{"type":"operationEnd","operationId":"r7g33nslpcvld38","timestamp":1708359817542,"id":"2sw4ma8gqy724tk","previousEventId":"zd7ey9k2ke60lmy","previousOperationId":"r7g33nslpcvld38"}
{"type":"operationStart","subtype":"recipe","name":"chrome-pdf","timestamp":1708359817543,"id":"4uxnqvxct6iwdfv","previousEventId":"2sw4ma8gqy724tk","operationId":"2x66b7c7fj9ydn2","previousOperationId":"r7g33nslpcvld38"}
{"type":"log","timestamp":1708359817543,"level":"debug","message":"Executing recipe chrome-pdf","meta":{"rootId":"molgd95w0t1xe46","id":"molgd95w0t1xe46"},"id":"b31v5gqulonhfks","previousOperationId":"2x66b7c7fj9ydn2"}
{"type":"log","timestamp":1708359817987,"level":"debug","message":"Converting with chrome HeadlessChrome/117.0.5938.149 using chrome-pool strategy","meta":{"rootId":"molgd95w0t1xe46","id":"molgd95w0t1xe46"},"id":"pzzhjxprsk1nq75","previousOperationId":"2x66b7c7fj9ydn2"}
{"type":"log","timestamp":1708359818040,"level":"debug","message":"Page request: GET (document) file:///var/folders/tp/6hccbwhd41s4hkmxw_2wkz640000gn/T/jsreport/autocleanup/d9d9b563-cd2f-41fd-a6c8-b4e7592815b8-chrome-pdf.html","meta":{"rootId":"molgd95w0t1xe46","id":"molgd95w0t1xe46"},"id":"3qboy9rc2rn2zg8","previousOperationId":"2x66b7c7fj9ydn2"}
{"type":"log","timestamp":1708359818045,"level":"debug","message":"Page request: GET (stylesheet) https://cdnjs.cloudflare.com/ajax/libs/metro/4.1.5/css/metro.min.css","meta":{"rootId":"molgd95w0t1xe46","id":"molgd95w0t1xe46"},"id":"qf09olnc4a6z5d4","previousOperationId":"2x66b7c7fj9ydn2"}
{"type":"log","timestamp":1708359818045,"level":"debug","message":"Page request: GET (script) https://cdn.jsdelivr.net/npm/chart.js","meta":{"rootId":"molgd95w0t1xe46","id":"molgd95w0t1xe46"},"id":"acwa1yeqdsbulxo","previousOperationId":"2x66b7c7fj9ydn2"}
{"type":"log","timestamp":1708359818046,"level":"debug","message":"Page request finished: GET (document) 200 file:///var/folders/tp/6hccbwhd41s4hkmxw_2wkz640000gn/T/jsreport/autocleanup/d9d9b563-cd2f-41fd-a6c8-b4e7592815b8-chrome-pdf.html","meta":{"rootId":"molgd95w0t1xe46","id":"molgd95w0t1xe46"},"id":"m00c9uoxbrgbd4g","previousOperationId":"2x66b7c7fj9ydn2"}
{"type":"log","timestamp":1708359818454,"level":"debug","message":"Page request finished: GET (stylesheet) 200 https://cdnjs.cloudflare.com/ajax/libs/metro/4.1.5/css/metro.min.css","meta":{"rootId":"molgd95w0t1xe46","id":"molgd95w0t1xe46"},"id":"boeadm3fl6usoyf","previousOperationId":"2x66b7c7fj9ydn2"}
{"type":"log","timestamp":1708359818540,"level":"debug","message":"Page request finished: GET (script) 200 https://cdn.jsdelivr.net/npm/chart.js","meta":{"rootId":"molgd95w0t1xe46","id":"molgd95w0t1xe46"},"id":"rydtxpiig0wrwvv","previousOperationId":"2x66b7c7fj9ydn2"}
{"type":"log","timestamp":1708359818603,"level":"debug","message":"Running chrome with params {\"printBackground\":true,\"marginTop\":\"4cm\",\"marginRight\":\"1.5cm\",\"marginBottom\":\"1.5cm\",\"marginLeft\":\"1.5cm\",\"waitForJS\":false,\"timeout\":59463,\"margin\":{\"top\":\"4cm\",\"right\":\"1.5cm\",\"bottom\":\"1.5cm\",\"left\":\"1.5cm\"}}","meta":{"rootId":"molgd95w0t1xe46","id":"molgd95w0t1xe46"},"id":"elg6shz1negdhst","previousOperationId":"2x66b7c7fj9ydn2"}
{"type":"operationEnd","operationId":"2x66b7c7fj9ydn2","timestamp":1708359818632,"id":"ascvu1bah5b24wf","previousEventId":"4uxnqvxct6iwdfv","previousOperationId":"2x66b7c7fj9ydn2"}
{"type":"log","timestamp":1708359818632,"level":"info","message":"pdf-utils is starting pdf processing","meta":{"rootId":"molgd95w0t1xe46","id":"molgd95w0t1xe46"},"id":"35ds0heok5ks3da","previousOperationId":"2x66b7c7fj9ydn2"}
{"type":"operationStart","subtype":"pdfUtils","name":"pdf utils","timestamp":1708359818745,"id":"5qooauhs85jdf9o","previousEventId":"ascvu1bah5b24wf","operationId":"zsbk8gwg6l0vtpf","previousOperationId":"2x66b7c7fj9ydn2"}
{"type":"log","timestamp":1708359818745,"level":"debug","message":"pdf-utils detected 1 pdf operation(s) to process","meta":{"rootId":"molgd95w0t1xe46","id":"molgd95w0t1xe46"},"id":"gq41ti6r5ayh6ub","previousOperationId":"zsbk8gwg6l0vtpf"}
{"type":"log","timestamp":1708359818852,"level":"debug","message":"pdf-utils running pdf operation merge","meta":{"rootId":"molgd95w0t1xe46","id":"molgd95w0t1xe46"},"id":"syo55nsu0lv0i74","previousOperationId":"zsbk8gwg6l0vtpf"}
{"type":"operationStart","subtype":"pdfUtilsMerge","name":"pdf utils merge","previousOperationId":"zsbk8gwg6l0vtpf","timestamp":1708359818852,"id":"holxsyayw9a5tuz","previousEventId":"5qooauhs85jdf9o","operationId":"n43x15x7qo3mvt9"}
{"type":"operationStart","subtype":"render","name":"orders-header","previousOperationId":"n43x15x7qo3mvt9","timestamp":1708359818853,"id":"ehytzmfy9i4ue46","previousEventId":"holxsyayw9a5tuz","operationId":"ls6x5990mdbkhhd"}
{"type":"log","timestamp":1708359818853,"level":"info","message":"Starting rendering (child) request","meta":{"rootId":"molgd95w0t1xe46","id":"dtjxmod6ef8cny9"},"id":"vtj04h2ghd0753x","previousOperationId":"ls6x5990mdbkhhd"}
{"type":"log","timestamp":1708359818853,"level":"info","message":"Rendering template { name: orders-header, recipe: chrome-pdf, engine: handlebars, preview: true }","meta":{"rootId":"molgd95w0t1xe46","id":"dtjxmod6ef8cny9"},"id":"k2cjbedhap7sxyr","previousOperationId":"ls6x5990mdbkhhd"}
{"type":"log","timestamp":1708359818854,"level":"debug","message":"Inline data specified.","meta":{"rootId":"molgd95w0t1xe46","id":"dtjxmod6ef8cny9"},"id":"76jb32er07zlobx","previousOperationId":"ls6x5990mdbkhhd"}
{"type":"log","timestamp":1708359818855,"level":"debug","message":"Base url not specified, skipping its injection.","meta":{"rootId":"molgd95w0t1xe46","id":"dtjxmod6ef8cny9"},"id":"g1icgub30gp9eux","previousOperationId":"ls6x5990mdbkhhd"}
{"type":"operationStart","subtype":"engine","name":"handlebars","timestamp":1708359818855,"id":"bxo8fnrorb7acnv","previousEventId":"ehytzmfy9i4ue46","operationId":"rkscv5wbq5sacrf","previousOperationId":"ls6x5990mdbkhhd"}
{"type":"log","timestamp":1708359818855,"level":"debug","message":"Rendering engine handlebars","meta":{"rootId":"molgd95w0t1xe46","id":"dtjxmod6ef8cny9"},"id":"rhnachgc1251brh","previousOperationId":"rkscv5wbq5sacrf"}
{"type":"operationEnd","operationId":"rkscv5wbq5sacrf","timestamp":1708359818862,"id":"2l1x8ak09k71r3j","previousEventId":"bxo8fnrorb7acnv","previousOperationId":"rkscv5wbq5sacrf"}
{"type":"operationStart","subtype":"recipe","name":"chrome-pdf","timestamp":1708359818863,"id":"4cwhgwhea1e4063","previousEventId":"2l1x8ak09k71r3j","operationId":"e9fsrxjjo1tucr9","previousOperationId":"rkscv5wbq5sacrf"}
{"type":"log","timestamp":1708359818863,"level":"debug","message":"Executing recipe chrome-pdf","meta":{"rootId":"molgd95w0t1xe46","id":"dtjxmod6ef8cny9"},"id":"titm4r696wrowbr","previousOperationId":"e9fsrxjjo1tucr9"}
{"type":"log","timestamp":1708359818863,"level":"debug","message":"Converting with chrome HeadlessChrome/117.0.5938.149 using chrome-pool strategy","meta":{"rootId":"molgd95w0t1xe46","id":"dtjxmod6ef8cny9"},"id":"qvmf16s8tlfjqav","previousOperationId":"e9fsrxjjo1tucr9"}
{"type":"log","timestamp":1708359818904,"level":"debug","message":"Page request: GET (document) file:///var/folders/tp/6hccbwhd41s4hkmxw_2wkz640000gn/T/jsreport/autocleanup/83c050ed-d82b-4ffc-807d-7d2fe9ad8610-chrome-pdf.html","meta":{"rootId":"molgd95w0t1xe46","id":"dtjxmod6ef8cny9"},"id":"z1zvg5ts2od9pvx","previousOperationId":"e9fsrxjjo1tucr9"}
{"type":"log","timestamp":1708359818910,"level":"debug","message":"Page request: GET (stylesheet) https://cdnjs.cloudflare.com/ajax/libs/metro/4.1.5/css/metro.min.css","meta":{"rootId":"molgd95w0t1xe46","id":"dtjxmod6ef8cny9"},"id":"22i7u6qbbe35uzq","previousOperationId":"e9fsrxjjo1tucr9"}
{"type":"log","timestamp":1708359818910,"level":"debug","message":"Page request finished: GET (document) 200 file:///var/folders/tp/6hccbwhd41s4hkmxw_2wkz640000gn/T/jsreport/autocleanup/83c050ed-d82b-4ffc-807d-7d2fe9ad8610-chrome-pdf.html","meta":{"rootId":"molgd95w0t1xe46","id":"dtjxmod6ef8cny9"},"id":"qkxb63qsvdx2ika","previousOperationId":"e9fsrxjjo1tucr9"}
{"type":"log","timestamp":1708359818917,"level":"debug","message":"Page request finished: GET (stylesheet) 200 https://cdnjs.cloudflare.com/ajax/libs/metro/4.1.5/css/metro.min.css","meta":{"rootId":"molgd95w0t1xe46","id":"dtjxmod6ef8cny9"},"id":"3f17tte9459rkc3","previousOperationId":"e9fsrxjjo1tucr9"}
{"type":"log","timestamp":1708359818933,"level":"debug","message":"Running chrome with params {\"printBackground\":true,\"marginTop\":\"1.5cm\",\"marginRight\":\"1.5cm\",\"marginLeft\":\"1.cm\",\"timeout\":58322,\"margin\":{\"top\":\"1.5cm\",\"right\":\"1.5cm\",\"left\":\"1.cm\"}}","meta":{"rootId":"molgd95w0t1xe46","id":"dtjxmod6ef8cny9"},"id":"wjly1x6gni1izgv","previousOperationId":"e9fsrxjjo1tucr9"}
{"type":"operationEnd","operationId":"e9fsrxjjo1tucr9","timestamp":1708359818952,"id":"83wqrxxom3revr6","previousEventId":"4cwhgwhea1e4063","previousOperationId":"e9fsrxjjo1tucr9"}
{"type":"log","timestamp":1708359818952,"level":"debug","message":"Skipping storing report.","meta":{"rootId":"molgd95w0t1xe46","id":"dtjxmod6ef8cny9"},"id":"9ut20zargsypljh","previousOperationId":"e9fsrxjjo1tucr9"}
{"type":"log","timestamp":1708359818952,"level":"info","message":"Rendering (child) request finished in 1767 ms","meta":{"rootId":"molgd95w0t1xe46","id":"dtjxmod6ef8cny9"},"id":"9her8dp2y5pjo9m","previousOperationId":"e9fsrxjjo1tucr9"}
{"type":"operationEnd","subtype":"render","operationId":"ls6x5990mdbkhhd","timestamp":1708359818952,"id":"xq2eqc4e7egxggi","previousEventId":"83wqrxxom3revr6","previousOperationId":"e9fsrxjjo1tucr9"}
{"type":"operationEnd","operationId":"n43x15x7qo3mvt9","timestamp":1708359818977,"id":"4nsfrhv5ubfyc08","previousEventId":"holxsyayw9a5tuz","previousOperationId":"n43x15x7qo3mvt9"}
{"type":"log","timestamp":1708359818977,"level":"debug","message":"pdf-utils postproces start","meta":{"rootId":"molgd95w0t1xe46","id":"molgd95w0t1xe46"},"id":"2jvvbph5nn8sssv","previousOperationId":"n43x15x7qo3mvt9"}
{"type":"log","timestamp":1708359818994,"level":"debug","message":"pdf-utils postproces end","meta":{"rootId":"molgd95w0t1xe46","id":"molgd95w0t1xe46"},"id":"h8z37c2kwl2ycos","previousOperationId":"n43x15x7qo3mvt9"}
{"type":"operationEnd","operationId":"zsbk8gwg6l0vtpf","timestamp":1708359818994,"id":"3cp60dzevopv6hw","previousEventId":"4nsfrhv5ubfyc08","previousOperationId":"n43x15x7qo3mvt9"}
{"type":"log","timestamp":1708359818994,"level":"info","message":"pdf-utils pdf processing was finished","meta":{"rootId":"molgd95w0t1xe46","id":"molgd95w0t1xe46"},"id":"zqb2hfqtmcs5js1","previousOperationId":"zsbk8gwg6l0vtpf"}
{"type":"log","timestamp":1708359818994,"level":"debug","message":"Skipping storing report.","meta":{"rootId":"molgd95w0t1xe46","id":"molgd95w0t1xe46"},"id":"pfuaf5bolbhfr1n","previousOperationId":"zsbk8gwg6l0vtpf"}
{"type":"log","timestamp":1708359818994,"level":"info","message":"Rendering request 9 finished in 1809 ms","meta":{"rootId":"molgd95w0t1xe46","id":"molgd95w0t1xe46"},"id":"uii57p4jetp3mwe","previousOperationId":"zsbk8gwg6l0vtpf"}
{"type":"operationEnd","subtype":"render","operationId":"y6y5csvckfg8lj3","timestamp":1708359818994,"id":"iglaay7zrllujv0","previousEventId":"3cp60dzevopv6hw","previousOperationId":"zsbk8gwg6l0vtpf"}
{"type":"operationEnd","doDiffs":false,"previousEventId":"ojwppweltkiqog0","previousOperationId":"lf8xo3k38trqvps","operationId":"lf8xo3k38trqvps","timestamp":1708359818996,"id":"1n9fquccss4zr7a"}
