{"type":"operationStart","subtype":"profile","data":{"_id":"V6HpKy241FUpdESi","timestamp":"2024-02-21T19:21:59.190Z","state":"queued","mode":"standard","creationDate":"2024-02-21T19:21:59.193Z","modificationDate":"2024-02-21T19:21:59.193Z","shortid":"uhjbUvM","$entitySet":"profiles"},"doDiffs":false,"timestamp":1708543319191,"id":"kfii1cmhibbry6n","previousOperationId":null,"operationId":"0ftvc726k05ig1t"}
{"type":"log","level":"info","message":"Render request 35 queued for execution and waiting for available worker","previousOperationId":"0ftvc726k05ig1t","timestamp":1708543319192,"id":"xu6r1e0wxqftpn0"}
{"type":"operationStart","subtype":"render","name":"orders-main","previousOperationId":"0ftvc726k05ig1t","timestamp":1708543319198,"id":"sgh1vgurqxb1vq0","previousEventId":"kfii1cmhibbry6n","operationId":"5effakx1uml3izd"}
{"type":"log","timestamp":1708543319198,"level":"info","message":"Starting rendering request 35","meta":{"rootId":"qkhvvdpapri77he","id":"qkhvvdpapri77he"},"id":"ryaa54wg8hky7qj","previousOperationId":"5effakx1uml3izd"}
{"type":"log","timestamp":1708543319198,"level":"info","message":"Rendering template { name: orders-main, recipe: chrome-pdf, engine: handlebars, preview: false }","meta":{"rootId":"qkhvvdpapri77he","id":"qkhvvdpapri77he"},"id":"kyava8wxt2qhrnh","previousOperationId":"5effakx1uml3izd"}
{"type":"log","timestamp":1708543319199,"level":"debug","message":"Data item not defined for this template.","meta":{"rootId":"qkhvvdpapri77he","id":"qkhvvdpapri77he"},"id":"1ng910sfhg6d1pc","previousOperationId":"5effakx1uml3izd"}
{"type":"log","timestamp":1708543319203,"level":"debug","message":"Executing script orders-script (beforeRender)","meta":{"rootId":"qkhvvdpapri77he","id":"qkhvvdpapri77he"},"id":"iihvwwatfxvrkkt","previousOperationId":"5effakx1uml3izd"}
{"type":"operationStart","subtype":"scriptsBeforeRender","name":"scripts beforeRender","timestamp":1708543319218,"id":"w0ipvs5n7dc65lo","previousEventId":"sgh1vgurqxb1vq0","operationId":"i31h95m6s3h5iz2","previousOperationId":"5effakx1uml3izd"}
{"type":"operationStart","subtype":"script","name":"scripts orders-script","previousOperationId":"i31h95m6s3h5iz2","timestamp":1708543319218,"id":"hs40ihmn1oa7lqu","previousEventId":"w0ipvs5n7dc65lo","operationId":"f4wt0m2ltrpv15p"}
{"type":"operationEnd","operationId":"f4wt0m2ltrpv15p","timestamp":1708543319225,"id":"nkxhtfff9i8hy6u","previousEventId":"sgh1vgurqxb1vq0","previousOperationId":"5effakx1uml3izd"}
{"type":"operationEnd","operationId":"i31h95m6s3h5iz2","timestamp":1708543319225,"id":"o08zq3i7dpidhgf","previousEventId":"nkxhtfff9i8hy6u","previousOperationId":"5effakx1uml3izd"}
{"type":"log","timestamp":1708543319225,"level":"debug","message":"Base url not specified, skipping its injection.","meta":{"rootId":"qkhvvdpapri77he","id":"qkhvvdpapri77he"},"id":"ywbnxb4nly172bl","previousOperationId":"i31h95m6s3h5iz2"}
{"type":"operationStart","subtype":"engine","name":"handlebars","timestamp":1708543319225,"id":"habcctpnhurefsk","previousEventId":"o08zq3i7dpidhgf","operationId":"86bt9zwhuplhjr1","previousOperationId":"i31h95m6s3h5iz2"}
{"type":"log","timestamp":1708543319225,"level":"debug","message":"Rendering engine handlebars","meta":{"rootId":"qkhvvdpapri77he","id":"qkhvvdpapri77he"},"id":"fov386ai0v4mkby","previousOperationId":"86bt9zwhuplhjr1"}
{"type":"operationEnd","operationId":"86bt9zwhuplhjr1","timestamp":1708543319229,"id":"m1o6edwsmihspfj","previousEventId":"habcctpnhurefsk","previousOperationId":"86bt9zwhuplhjr1"}
{"type":"operationStart","subtype":"recipe","name":"chrome-pdf","timestamp":1708543319229,"id":"zdtv3o7l64e6hup","previousEventId":"m1o6edwsmihspfj","operationId":"gvz8j1b68w6tdn7","previousOperationId":"86bt9zwhuplhjr1"}
{"type":"log","timestamp":1708543319229,"level":"debug","message":"Executing recipe chrome-pdf","meta":{"rootId":"qkhvvdpapri77he","id":"qkhvvdpapri77he"},"id":"3ylszk9tf07jjue","previousOperationId":"gvz8j1b68w6tdn7"}
{"type":"log","timestamp":1708543319230,"level":"debug","message":"Converting with chrome HeadlessChrome/117.0.5938.149 using chrome-pool strategy","meta":{"rootId":"qkhvvdpapri77he","id":"qkhvvdpapri77he"},"id":"45rqkqli0rvgs3b","previousOperationId":"gvz8j1b68w6tdn7"}
{"type":"log","timestamp":1708543319291,"level":"debug","message":"Page request: GET (document) file:///var/folders/tp/6hccbwhd41s4hkmxw_2wkz640000gn/T/jsreport/autocleanup/d23b0841-4835-47a3-bdd6-914e618239f0-chrome-pdf.html","meta":{"rootId":"qkhvvdpapri77he","id":"qkhvvdpapri77he"},"id":"uu9xuvseaeb6s2g","previousOperationId":"gvz8j1b68w6tdn7"}
{"type":"log","timestamp":1708543319296,"level":"debug","message":"Page request: GET (stylesheet) https://cdnjs.cloudflare.com/ajax/libs/metro/4.1.5/css/metro.min.css","meta":{"rootId":"qkhvvdpapri77he","id":"qkhvvdpapri77he"},"id":"ihtg3r8qsbypk8m","previousOperationId":"gvz8j1b68w6tdn7"}
{"type":"log","timestamp":1708543319296,"level":"debug","message":"Page request: GET (script) https://cdn.jsdelivr.net/npm/chart.js","meta":{"rootId":"qkhvvdpapri77he","id":"qkhvvdpapri77he"},"id":"lrekvpbsfcgrjw0","previousOperationId":"gvz8j1b68w6tdn7"}
{"type":"log","timestamp":1708543319297,"level":"debug","message":"Page request finished: GET (document) 200 file:///var/folders/tp/6hccbwhd41s4hkmxw_2wkz640000gn/T/jsreport/autocleanup/d23b0841-4835-47a3-bdd6-914e618239f0-chrome-pdf.html","meta":{"rootId":"qkhvvdpapri77he","id":"qkhvvdpapri77he"},"id":"zt3wjj5uljlw9a4","previousOperationId":"gvz8j1b68w6tdn7"}
{"type":"log","timestamp":1708543319304,"level":"debug","message":"Page request finished: GET (stylesheet) 200 https://cdnjs.cloudflare.com/ajax/libs/metro/4.1.5/css/metro.min.css","meta":{"rootId":"qkhvvdpapri77he","id":"qkhvvdpapri77he"},"id":"qqvb3gc1tc9iybe","previousOperationId":"gvz8j1b68w6tdn7"}
{"type":"log","timestamp":1708543319305,"level":"debug","message":"Page request finished: GET (script) 200 https://cdn.jsdelivr.net/npm/chart.js","meta":{"rootId":"qkhvvdpapri77he","id":"qkhvvdpapri77he"},"id":"8nrmvnzp1qvxb3y","previousOperationId":"gvz8j1b68w6tdn7"}
{"type":"log","timestamp":1708543319350,"level":"debug","message":"Running chrome with params {\"printBackground\":true,\"marginTop\":\"4cm\",\"marginRight\":\"1.5cm\",\"marginBottom\":\"1.5cm\",\"marginLeft\":\"1.5cm\",\"waitForJS\":false,\"timeout\":59960,\"margin\":{\"top\":\"4cm\",\"right\":\"1.5cm\",\"bottom\":\"1.5cm\",\"left\":\"1.5cm\"}}","meta":{"rootId":"qkhvvdpapri77he","id":"qkhvvdpapri77he"},"id":"zrw6nqpvtnzcj9n","previousOperationId":"gvz8j1b68w6tdn7"}
{"type":"operationEnd","operationId":"gvz8j1b68w6tdn7","timestamp":1708543319380,"id":"whw6v8unixqhuov","previousEventId":"zdtv3o7l64e6hup","previousOperationId":"gvz8j1b68w6tdn7"}
{"type":"log","timestamp":1708543319380,"level":"info","message":"pdf-utils is starting pdf processing","meta":{"rootId":"qkhvvdpapri77he","id":"qkhvvdpapri77he"},"id":"23c4g3kyezkerda","previousOperationId":"gvz8j1b68w6tdn7"}
{"type":"operationStart","subtype":"pdfUtils","name":"pdf utils","timestamp":1708543319380,"id":"u0wjva9vz5merk6","previousEventId":"whw6v8unixqhuov","operationId":"yhgtknvf8buwmt9","previousOperationId":"gvz8j1b68w6tdn7"}
{"type":"log","timestamp":1708543319380,"level":"debug","message":"pdf-utils detected 1 pdf operation(s) to process","meta":{"rootId":"qkhvvdpapri77he","id":"qkhvvdpapri77he"},"id":"0wd53id4jthkfni","previousOperationId":"yhgtknvf8buwmt9"}
{"type":"log","timestamp":1708543319395,"level":"debug","message":"pdf-utils running pdf operation merge","meta":{"rootId":"qkhvvdpapri77he","id":"qkhvvdpapri77he"},"id":"ysuhlu2cvunn7bx","previousOperationId":"yhgtknvf8buwmt9"}
{"type":"operationStart","subtype":"pdfUtilsMerge","name":"pdf utils merge","previousOperationId":"yhgtknvf8buwmt9","timestamp":1708543319395,"id":"11ecb9oozecl50s","previousEventId":"u0wjva9vz5merk6","operationId":"k4rvvo3kbwfxf6y"}
{"type":"operationStart","subtype":"render","name":"orders-header","previousOperationId":"k4rvvo3kbwfxf6y","timestamp":1708543319396,"id":"ide0pr4f2d1qx44","previousEventId":"11ecb9oozecl50s","operationId":"71fhbfmgke8e5wn"}
{"type":"log","timestamp":1708543319396,"level":"info","message":"Starting rendering (child) request","meta":{"rootId":"qkhvvdpapri77he","id":"s3endk50a1bq61e"},"id":"q3qn7wej6crdxh0","previousOperationId":"71fhbfmgke8e5wn"}
{"type":"log","timestamp":1708543319396,"level":"info","message":"Rendering template { name: orders-header, recipe: chrome-pdf, engine: handlebars, preview: false }","meta":{"rootId":"qkhvvdpapri77he","id":"s3endk50a1bq61e"},"id":"5ikp7nyi2r1kv9q","previousOperationId":"71fhbfmgke8e5wn"}
{"type":"log","timestamp":1708543319396,"level":"debug","message":"Inline data specified.","meta":{"rootId":"qkhvvdpapri77he","id":"s3endk50a1bq61e"},"id":"pecyy1lwct2gjqf","previousOperationId":"71fhbfmgke8e5wn"}
{"type":"log","timestamp":1708543319396,"level":"debug","message":"Base url not specified, skipping its injection.","meta":{"rootId":"qkhvvdpapri77he","id":"s3endk50a1bq61e"},"id":"9wc3mwxjoczb08l","previousOperationId":"71fhbfmgke8e5wn"}
{"type":"operationStart","subtype":"engine","name":"handlebars","timestamp":1708543319396,"id":"wqcp0rcrbnoztjw","previousEventId":"ide0pr4f2d1qx44","operationId":"ins3jgewy2mn5gr","previousOperationId":"71fhbfmgke8e5wn"}
{"type":"log","timestamp":1708543319396,"level":"debug","message":"Rendering engine handlebars","meta":{"rootId":"qkhvvdpapri77he","id":"s3endk50a1bq61e"},"id":"698oua93aqwtjln","previousOperationId":"ins3jgewy2mn5gr"}
{"type":"operationEnd","operationId":"ins3jgewy2mn5gr","timestamp":1708543319399,"id":"keihvmxkoipvv5i","previousEventId":"wqcp0rcrbnoztjw","previousOperationId":"ins3jgewy2mn5gr"}
{"type":"operationStart","subtype":"recipe","name":"chrome-pdf","timestamp":1708543319399,"id":"ok31gosmfc0ni1g","previousEventId":"keihvmxkoipvv5i","operationId":"luu0ydls4ez2b6b","previousOperationId":"ins3jgewy2mn5gr"}
{"type":"log","timestamp":1708543319399,"level":"debug","message":"Executing recipe chrome-pdf","meta":{"rootId":"qkhvvdpapri77he","id":"s3endk50a1bq61e"},"id":"kz8cqosnrwashzv","previousOperationId":"luu0ydls4ez2b6b"}
{"type":"log","timestamp":1708543319400,"level":"debug","message":"Converting with chrome HeadlessChrome/117.0.5938.149 using chrome-pool strategy","meta":{"rootId":"qkhvvdpapri77he","id":"s3endk50a1bq61e"},"id":"t7e18m8sqzw95ld","previousOperationId":"luu0ydls4ez2b6b"}
{"type":"log","timestamp":1708543319437,"level":"debug","message":"Page request: GET (document) file:///var/folders/tp/6hccbwhd41s4hkmxw_2wkz640000gn/T/jsreport/autocleanup/eb785361-7b07-4e7f-b9e1-b4e65ec45529-chrome-pdf.html","meta":{"rootId":"qkhvvdpapri77he","id":"s3endk50a1bq61e"},"id":"98xh2u2y0qby5wj","previousOperationId":"luu0ydls4ez2b6b"}
{"type":"log","timestamp":1708543319442,"level":"debug","message":"Page request: GET (stylesheet) https://cdnjs.cloudflare.com/ajax/libs/metro/4.1.5/css/metro.min.css","meta":{"rootId":"qkhvvdpapri77he","id":"s3endk50a1bq61e"},"id":"cdk03i6g1fqjzll","previousOperationId":"luu0ydls4ez2b6b"}
{"type":"log","timestamp":1708543319442,"level":"debug","message":"Page request finished: GET (document) 200 file:///var/folders/tp/6hccbwhd41s4hkmxw_2wkz640000gn/T/jsreport/autocleanup/eb785361-7b07-4e7f-b9e1-b4e65ec45529-chrome-pdf.html","meta":{"rootId":"qkhvvdpapri77he","id":"s3endk50a1bq61e"},"id":"7tcheg6mcklij72","previousOperationId":"luu0ydls4ez2b6b"}
{"type":"log","timestamp":1708543319449,"level":"debug","message":"Page request finished: GET (stylesheet) 200 https://cdnjs.cloudflare.com/ajax/libs/metro/4.1.5/css/metro.min.css","meta":{"rootId":"qkhvvdpapri77he","id":"s3endk50a1bq61e"},"id":"rasxkbjz9b054vl","previousOperationId":"luu0ydls4ez2b6b"}
{"type":"log","timestamp":1708543319461,"level":"debug","message":"Running chrome with params {\"printBackground\":true,\"marginTop\":\"1.5cm\",\"marginRight\":\"1.5cm\",\"marginLeft\":\"1.cm\",\"timeout\":59790,\"margin\":{\"top\":\"1.5cm\",\"right\":\"1.5cm\",\"left\":\"1.cm\"}}","meta":{"rootId":"qkhvvdpapri77he","id":"s3endk50a1bq61e"},"id":"9pqk79dx4xouous","previousOperationId":"luu0ydls4ez2b6b"}
{"type":"operationEnd","operationId":"luu0ydls4ez2b6b","timestamp":1708543319475,"id":"pw7zuoxnfl8q07i","previousEventId":"ok31gosmfc0ni1g","previousOperationId":"luu0ydls4ez2b6b"}
{"type":"log","timestamp":1708543319475,"level":"debug","message":"Skipping storing report.","meta":{"rootId":"qkhvvdpapri77he","id":"s3endk50a1bq61e"},"id":"2rdqoeyu6ddetsb","previousOperationId":"luu0ydls4ez2b6b"}
{"type":"log","timestamp":1708543319475,"level":"info","message":"Rendering (child) request finished in 286 ms","meta":{"rootId":"qkhvvdpapri77he","id":"s3endk50a1bq61e"},"id":"pcq4v4cscxu7e8w","previousOperationId":"luu0ydls4ez2b6b"}
{"type":"operationEnd","subtype":"render","operationId":"71fhbfmgke8e5wn","timestamp":1708543319475,"id":"d5y4xr2tcet5iwz","previousEventId":"pw7zuoxnfl8q07i","previousOperationId":"luu0ydls4ez2b6b"}
{"type":"operationEnd","operationId":"k4rvvo3kbwfxf6y","timestamp":1708543319487,"id":"s3rct0c88unmkq9","previousEventId":"11ecb9oozecl50s","previousOperationId":"k4rvvo3kbwfxf6y"}
{"type":"log","timestamp":1708543319487,"level":"debug","message":"pdf-utils postproces start","meta":{"rootId":"qkhvvdpapri77he","id":"qkhvvdpapri77he"},"id":"j1togjbwofmguo8","previousOperationId":"k4rvvo3kbwfxf6y"}
{"type":"log","timestamp":1708543319500,"level":"debug","message":"pdf-utils postproces end","meta":{"rootId":"qkhvvdpapri77he","id":"qkhvvdpapri77he"},"id":"0o9i5h0h1tzjz6h","previousOperationId":"k4rvvo3kbwfxf6y"}
{"type":"operationEnd","operationId":"yhgtknvf8buwmt9","timestamp":1708543319500,"id":"arv5s4yvjl4thh1","previousEventId":"s3rct0c88unmkq9","previousOperationId":"k4rvvo3kbwfxf6y"}
{"type":"log","timestamp":1708543319500,"level":"info","message":"pdf-utils pdf processing was finished","meta":{"rootId":"qkhvvdpapri77he","id":"qkhvvdpapri77he"},"id":"dors2t4dkvaduf7","previousOperationId":"yhgtknvf8buwmt9"}
{"type":"log","timestamp":1708543319500,"level":"debug","message":"Skipping storing report.","meta":{"rootId":"qkhvvdpapri77he","id":"qkhvvdpapri77he"},"id":"4vtcrezz0n6yjz4","previousOperationId":"yhgtknvf8buwmt9"}
{"type":"log","timestamp":1708543319500,"level":"info","message":"Rendering request 35 finished in 311 ms","meta":{"rootId":"qkhvvdpapri77he","id":"qkhvvdpapri77he"},"id":"kqqdwtpwiqcqjpw","previousOperationId":"yhgtknvf8buwmt9"}
{"type":"operationEnd","subtype":"render","operationId":"5effakx1uml3izd","timestamp":1708543319500,"id":"969fdtmjsvsmv97","previousEventId":"arv5s4yvjl4thh1","previousOperationId":"yhgtknvf8buwmt9"}
{"type":"operationEnd","doDiffs":false,"previousEventId":"kfii1cmhibbry6n","previousOperationId":"0ftvc726k05ig1t","operationId":"0ftvc726k05ig1t","timestamp":1708543319501,"id":"5pkue8raz4zo20d"}
