{"type":"operationStart","subtype":"profile","data":{"_id":"qCy5UCW6f4p2VatE","timestamp":"2024-02-21T18:33:22.996Z","state":"queued","mode":"standard","creationDate":"2024-02-21T18:33:22.997Z","modificationDate":"2024-02-21T18:33:22.997Z","shortid":"ijOlrHC","$entitySet":"profiles"},"doDiffs":false,"timestamp":1708540402997,"id":"s170jqvol3vglpj","previousOperationId":null,"operationId":"4bf3gk1gabkq3ox"}
{"type":"log","level":"info","message":"Render request 16 queued for execution and waiting for available worker","previousOperationId":"4bf3gk1gabkq3ox","timestamp":1708540402997,"id":"d9y07ymtfu2y6v4"}
{"type":"operationStart","subtype":"render","name":"orders-main","previousOperationId":"4bf3gk1gabkq3ox","timestamp":1708540403004,"id":"byb32zruyz9r5qq","previousEventId":"s170jqvol3vglpj","operationId":"tebgmhej28uns8y"}
{"type":"log","timestamp":1708540403004,"level":"info","message":"Starting rendering request 16","meta":{"rootId":"r620x8nnm13hc0h","id":"r620x8nnm13hc0h"},"id":"zwawz0lzo3ymgqj","previousOperationId":"tebgmhej28uns8y"}
{"type":"log","timestamp":1708540403005,"level":"info","message":"Rendering template { name: orders-main, recipe: chrome-pdf, engine: handlebars, preview: true }","meta":{"rootId":"r620x8nnm13hc0h","id":"r620x8nnm13hc0h"},"id":"yqzm8sgmz4ali8e","previousOperationId":"tebgmhej28uns8y"}
{"type":"log","timestamp":1708540403006,"level":"debug","message":"Data item not defined for this template.","meta":{"rootId":"r620x8nnm13hc0h","id":"r620x8nnm13hc0h"},"id":"k2n4zv2k3nprzdh","previousOperationId":"tebgmhej28uns8y"}
{"type":"log","timestamp":1708540403008,"level":"debug","message":"Executing script orders-script (beforeRender)","meta":{"rootId":"r620x8nnm13hc0h","id":"r620x8nnm13hc0h"},"id":"y02p7v96nkonr5x","previousOperationId":"tebgmhej28uns8y"}
{"type":"operationStart","subtype":"scriptsBeforeRender","name":"scripts beforeRender","timestamp":1708540403036,"id":"4gsfxh5e27zm3ui","previousEventId":"byb32zruyz9r5qq","operationId":"eyou509krb3di03","previousOperationId":"tebgmhej28uns8y"}
{"type":"operationStart","subtype":"script","name":"scripts orders-script","previousOperationId":"eyou509krb3di03","timestamp":1708540403036,"id":"7lenr0uv1okp0o1","previousEventId":"4gsfxh5e27zm3ui","operationId":"rsnifgabcirvz0m"}
{"type":"operationEnd","operationId":"rsnifgabcirvz0m","timestamp":1708540403068,"id":"ids4b7sid5zp03h","previousEventId":"byb32zruyz9r5qq","previousOperationId":"tebgmhej28uns8y"}
{"type":"operationEnd","operationId":"eyou509krb3di03","timestamp":1708540403068,"id":"6r6p234527k6alz","previousEventId":"ids4b7sid5zp03h","previousOperationId":"tebgmhej28uns8y"}
{"type":"log","timestamp":1708540403068,"level":"debug","message":"Base url not specified, skipping its injection.","meta":{"rootId":"r620x8nnm13hc0h","id":"r620x8nnm13hc0h"},"id":"3e9sv4w04vfazrq","previousOperationId":"eyou509krb3di03"}
{"type":"operationStart","subtype":"engine","name":"handlebars","timestamp":1708540403068,"id":"1ouhdlvkvzmfyhi","previousEventId":"6r6p234527k6alz","operationId":"ci4e6dumk6jjkyj","previousOperationId":"eyou509krb3di03"}
{"type":"log","timestamp":1708540403068,"level":"debug","message":"Rendering engine handlebars","meta":{"rootId":"r620x8nnm13hc0h","id":"r620x8nnm13hc0h"},"id":"tczwrmz2m7xly1z","previousOperationId":"ci4e6dumk6jjkyj"}
{"type":"operationEnd","operationId":"ci4e6dumk6jjkyj","timestamp":1708540403074,"id":"vzhhxmt5dile4s2","previousEventId":"1ouhdlvkvzmfyhi","previousOperationId":"ci4e6dumk6jjkyj"}
{"type":"operationStart","subtype":"recipe","name":"chrome-pdf","timestamp":1708540403074,"id":"f0mvyw63ow62vhj","previousEventId":"vzhhxmt5dile4s2","operationId":"ne8g7ua38wsxei0","previousOperationId":"ci4e6dumk6jjkyj"}
{"type":"log","timestamp":1708540403074,"level":"debug","message":"Executing recipe chrome-pdf","meta":{"rootId":"r620x8nnm13hc0h","id":"r620x8nnm13hc0h"},"id":"h4bvd11ojugurne","previousOperationId":"ne8g7ua38wsxei0"}
{"type":"log","timestamp":1708540403076,"level":"debug","message":"Converting with chrome HeadlessChrome/117.0.5938.149 using chrome-pool strategy","meta":{"rootId":"r620x8nnm13hc0h","id":"r620x8nnm13hc0h"},"id":"qj2hky7t4d3mk7f","previousOperationId":"ne8g7ua38wsxei0"}
{"type":"log","timestamp":1708540403134,"level":"debug","message":"Page request: GET (document) file:///var/folders/tp/6hccbwhd41s4hkmxw_2wkz640000gn/T/jsreport/autocleanup/0abc0d3f-e4a1-4e20-9afa-ce4c2da8487d-chrome-pdf.html","meta":{"rootId":"r620x8nnm13hc0h","id":"r620x8nnm13hc0h"},"id":"6pw22kqpta2g9xj","previousOperationId":"ne8g7ua38wsxei0"}
{"type":"log","timestamp":1708540403142,"level":"debug","message":"Page request: GET (stylesheet) https://cdnjs.cloudflare.com/ajax/libs/metro/4.1.5/css/metro.min.css","meta":{"rootId":"r620x8nnm13hc0h","id":"r620x8nnm13hc0h"},"id":"7g2iq54dwhp94ea","previousOperationId":"ne8g7ua38wsxei0"}
{"type":"log","timestamp":1708540403143,"level":"debug","message":"Page request: GET (script) https://cdn.jsdelivr.net/npm/chart.js","meta":{"rootId":"r620x8nnm13hc0h","id":"r620x8nnm13hc0h"},"id":"fiwu8xut9lbb1js","previousOperationId":"ne8g7ua38wsxei0"}
{"type":"log","timestamp":1708540403143,"level":"debug","message":"Page request finished: GET (document) 200 file:///var/folders/tp/6hccbwhd41s4hkmxw_2wkz640000gn/T/jsreport/autocleanup/0abc0d3f-e4a1-4e20-9afa-ce4c2da8487d-chrome-pdf.html","meta":{"rootId":"r620x8nnm13hc0h","id":"r620x8nnm13hc0h"},"id":"6jk1usjig0frd1n","previousOperationId":"ne8g7ua38wsxei0"}
{"type":"log","timestamp":1708540403155,"level":"debug","message":"Page request finished: GET (stylesheet) 200 https://cdnjs.cloudflare.com/ajax/libs/metro/4.1.5/css/metro.min.css","meta":{"rootId":"r620x8nnm13hc0h","id":"r620x8nnm13hc0h"},"id":"zi85sci0x2ukovk","previousOperationId":"ne8g7ua38wsxei0"}
{"type":"log","timestamp":1708540403155,"level":"debug","message":"Page request finished: GET (script) 200 https://cdn.jsdelivr.net/npm/chart.js","meta":{"rootId":"r620x8nnm13hc0h","id":"r620x8nnm13hc0h"},"id":"q4b831nigny396t","previousOperationId":"ne8g7ua38wsxei0"}
{"type":"log","timestamp":1708540403161,"level":"debug","message":"Running chrome with params {\"printBackground\":true,\"marginTop\":\"4cm\",\"marginRight\":\"1.5cm\",\"marginBottom\":\"1.5cm\",\"marginLeft\":\"1.5cm\",\"waitForJS\":false,\"timeout\":59921,\"margin\":{\"top\":\"4cm\",\"right\":\"1.5cm\",\"bottom\":\"1.5cm\",\"left\":\"1.5cm\"}}","meta":{"rootId":"r620x8nnm13hc0h","id":"r620x8nnm13hc0h"},"id":"udfb5pcbuvssf5z","previousOperationId":"ne8g7ua38wsxei0"}
{"type":"operationEnd","operationId":"ne8g7ua38wsxei0","timestamp":1708540403172,"id":"6u55lt5faf8mn5j","previousEventId":"f0mvyw63ow62vhj","previousOperationId":"ne8g7ua38wsxei0"}
{"type":"log","timestamp":1708540403172,"level":"info","message":"pdf-utils is starting pdf processing","meta":{"rootId":"r620x8nnm13hc0h","id":"r620x8nnm13hc0h"},"id":"ia2o1s5mwrk93dk","previousOperationId":"ne8g7ua38wsxei0"}
{"type":"operationStart","subtype":"pdfUtils","name":"pdf utils","timestamp":1708540403172,"id":"2cu2j26uupizuo9","previousEventId":"6u55lt5faf8mn5j","operationId":"6ldl58t8nkcnywq","previousOperationId":"ne8g7ua38wsxei0"}
{"type":"log","timestamp":1708540403172,"level":"debug","message":"pdf-utils detected 1 pdf operation(s) to process","meta":{"rootId":"r620x8nnm13hc0h","id":"r620x8nnm13hc0h"},"id":"zodpmh4yrivb7le","previousOperationId":"6ldl58t8nkcnywq"}
{"type":"log","timestamp":1708540403175,"level":"debug","message":"pdf-utils running pdf operation merge","meta":{"rootId":"r620x8nnm13hc0h","id":"r620x8nnm13hc0h"},"id":"94z3vgl9llpxx2r","previousOperationId":"6ldl58t8nkcnywq"}
{"type":"operationStart","subtype":"pdfUtilsMerge","name":"pdf utils merge","previousOperationId":"6ldl58t8nkcnywq","timestamp":1708540403175,"id":"cbek2j7ovod2n8u","previousEventId":"2cu2j26uupizuo9","operationId":"3hoirfc8eleo866"}
{"type":"operationStart","subtype":"render","name":"orders-header","previousOperationId":"3hoirfc8eleo866","timestamp":1708540403175,"id":"hq386rhni5g1nhc","previousEventId":"cbek2j7ovod2n8u","operationId":"3ybazso0lu934dh"}
{"type":"log","timestamp":1708540403175,"level":"info","message":"Starting rendering (child) request","meta":{"rootId":"r620x8nnm13hc0h","id":"m23fnxx3x4rpzce"},"id":"fbmkno9hna81o19","previousOperationId":"3ybazso0lu934dh"}
{"type":"log","timestamp":1708540403176,"level":"info","message":"Rendering template { name: orders-header, recipe: chrome-pdf, engine: handlebars, preview: true }","meta":{"rootId":"r620x8nnm13hc0h","id":"m23fnxx3x4rpzce"},"id":"epxylwg4q3hxgzh","previousOperationId":"3ybazso0lu934dh"}
{"type":"log","timestamp":1708540403176,"level":"debug","message":"Inline data specified.","meta":{"rootId":"r620x8nnm13hc0h","id":"m23fnxx3x4rpzce"},"id":"4aj9t6omxj8e3cr","previousOperationId":"3ybazso0lu934dh"}
{"type":"log","timestamp":1708540403177,"level":"debug","message":"Base url not specified, skipping its injection.","meta":{"rootId":"r620x8nnm13hc0h","id":"m23fnxx3x4rpzce"},"id":"bmv4gc4ijsc07va","previousOperationId":"3ybazso0lu934dh"}
{"type":"operationStart","subtype":"engine","name":"handlebars","timestamp":1708540403177,"id":"k82f5o1atfrt1ci","previousEventId":"hq386rhni5g1nhc","operationId":"21mymw9sgxqft3t","previousOperationId":"3ybazso0lu934dh"}
{"type":"log","timestamp":1708540403177,"level":"debug","message":"Rendering engine handlebars","meta":{"rootId":"r620x8nnm13hc0h","id":"m23fnxx3x4rpzce"},"id":"wefdgmdc94m88sr","previousOperationId":"21mymw9sgxqft3t"}
{"type":"operationEnd","operationId":"21mymw9sgxqft3t","timestamp":1708540403185,"id":"4g9pxwse7r8lh4k","previousEventId":"k82f5o1atfrt1ci","previousOperationId":"21mymw9sgxqft3t"}
{"type":"operationStart","subtype":"recipe","name":"chrome-pdf","timestamp":1708540403185,"id":"ogj9okoa9tpe3jr","previousEventId":"4g9pxwse7r8lh4k","operationId":"fk3ntk1jctcmqt1","previousOperationId":"21mymw9sgxqft3t"}
{"type":"log","timestamp":1708540403185,"level":"debug","message":"Executing recipe chrome-pdf","meta":{"rootId":"r620x8nnm13hc0h","id":"m23fnxx3x4rpzce"},"id":"qcvc5q7ghd0no1f","previousOperationId":"fk3ntk1jctcmqt1"}
{"type":"log","timestamp":1708540403186,"level":"debug","message":"Converting with chrome HeadlessChrome/117.0.5938.149 using chrome-pool strategy","meta":{"rootId":"r620x8nnm13hc0h","id":"m23fnxx3x4rpzce"},"id":"amo5rpvlkierp5t","previousOperationId":"fk3ntk1jctcmqt1"}
{"type":"log","timestamp":1708540403232,"level":"debug","message":"Page request: GET (document) file:///var/folders/tp/6hccbwhd41s4hkmxw_2wkz640000gn/T/jsreport/autocleanup/c5e20fa6-25cb-4f34-a5b6-d46be29c18e1-chrome-pdf.html","meta":{"rootId":"r620x8nnm13hc0h","id":"m23fnxx3x4rpzce"},"id":"naozl0yzvqqx4vz","previousOperationId":"fk3ntk1jctcmqt1"}
{"type":"log","timestamp":1708540403237,"level":"debug","message":"Page request: GET (stylesheet) https://cdnjs.cloudflare.com/ajax/libs/metro/4.1.5/css/metro.min.css","meta":{"rootId":"r620x8nnm13hc0h","id":"m23fnxx3x4rpzce"},"id":"0om7q00c47zi71z","previousOperationId":"fk3ntk1jctcmqt1"}
{"type":"log","timestamp":1708540403238,"level":"debug","message":"Page request finished: GET (document) 200 file:///var/folders/tp/6hccbwhd41s4hkmxw_2wkz640000gn/T/jsreport/autocleanup/c5e20fa6-25cb-4f34-a5b6-d46be29c18e1-chrome-pdf.html","meta":{"rootId":"r620x8nnm13hc0h","id":"m23fnxx3x4rpzce"},"id":"es15ix2tmvr8tkv","previousOperationId":"fk3ntk1jctcmqt1"}
{"type":"log","timestamp":1708540403245,"level":"debug","message":"Page request finished: GET (stylesheet) 200 https://cdnjs.cloudflare.com/ajax/libs/metro/4.1.5/css/metro.min.css","meta":{"rootId":"r620x8nnm13hc0h","id":"m23fnxx3x4rpzce"},"id":"frlu7axez0o7ez3","previousOperationId":"fk3ntk1jctcmqt1"}
{"type":"log","timestamp":1708540403260,"level":"debug","message":"Running chrome with params {\"printBackground\":true,\"marginTop\":\"1.5cm\",\"marginRight\":\"1.5cm\",\"marginLeft\":\"1.cm\",\"timeout\":59811,\"margin\":{\"top\":\"1.5cm\",\"right\":\"1.5cm\",\"left\":\"1.cm\"}}","meta":{"rootId":"r620x8nnm13hc0h","id":"m23fnxx3x4rpzce"},"id":"vi9gxmetuxipxv4","previousOperationId":"fk3ntk1jctcmqt1"}
{"type":"operationEnd","operationId":"fk3ntk1jctcmqt1","timestamp":1708540403275,"id":"b4bf5wgswwyijn5","previousEventId":"ogj9okoa9tpe3jr","previousOperationId":"fk3ntk1jctcmqt1"}
{"type":"log","timestamp":1708540403275,"level":"debug","message":"Skipping storing report.","meta":{"rootId":"r620x8nnm13hc0h","id":"m23fnxx3x4rpzce"},"id":"7wxwuzmm367fxc5","previousOperationId":"fk3ntk1jctcmqt1"}
{"type":"log","timestamp":1708540403275,"level":"info","message":"Rendering (child) request finished in 279 ms","meta":{"rootId":"r620x8nnm13hc0h","id":"m23fnxx3x4rpzce"},"id":"1ojbpr3545yp6au","previousOperationId":"fk3ntk1jctcmqt1"}
{"type":"operationEnd","subtype":"render","operationId":"3ybazso0lu934dh","timestamp":1708540403275,"id":"7ng3knbf38005cy","previousEventId":"b4bf5wgswwyijn5","previousOperationId":"fk3ntk1jctcmqt1"}
{"type":"operationEnd","operationId":"3hoirfc8eleo866","timestamp":1708540403286,"id":"imzeqz120ckahuo","previousEventId":"cbek2j7ovod2n8u","previousOperationId":"3hoirfc8eleo866"}
{"type":"log","timestamp":1708540403286,"level":"debug","message":"pdf-utils postproces start","meta":{"rootId":"r620x8nnm13hc0h","id":"r620x8nnm13hc0h"},"id":"nxgcgzen6xswupz","previousOperationId":"3hoirfc8eleo866"}
{"type":"log","timestamp":1708540403292,"level":"debug","message":"pdf-utils postproces end","meta":{"rootId":"r620x8nnm13hc0h","id":"r620x8nnm13hc0h"},"id":"j8kcbbh5zkiic54","previousOperationId":"3hoirfc8eleo866"}
{"type":"operationEnd","operationId":"6ldl58t8nkcnywq","timestamp":1708540403292,"id":"3va5wukoaxyrlp7","previousEventId":"imzeqz120ckahuo","previousOperationId":"3hoirfc8eleo866"}
{"type":"log","timestamp":1708540403292,"level":"info","message":"pdf-utils pdf processing was finished","meta":{"rootId":"r620x8nnm13hc0h","id":"r620x8nnm13hc0h"},"id":"9g5gxrujkwsf000","previousOperationId":"6ldl58t8nkcnywq"}
{"type":"log","timestamp":1708540403292,"level":"debug","message":"Skipping storing report.","meta":{"rootId":"r620x8nnm13hc0h","id":"r620x8nnm13hc0h"},"id":"pcmqmb07h7rahej","previousOperationId":"6ldl58t8nkcnywq"}
{"type":"log","timestamp":1708540403292,"level":"info","message":"Rendering request 16 finished in 296 ms","meta":{"rootId":"r620x8nnm13hc0h","id":"r620x8nnm13hc0h"},"id":"6qsdm5tgesfeem4","previousOperationId":"6ldl58t8nkcnywq"}
{"type":"operationEnd","subtype":"render","operationId":"tebgmhej28uns8y","timestamp":1708540403292,"id":"9th8nt609x3tdjk","previousEventId":"3va5wukoaxyrlp7","previousOperationId":"6ldl58t8nkcnywq"}
{"type":"operationEnd","doDiffs":false,"previousEventId":"s170jqvol3vglpj","previousOperationId":"4bf3gk1gabkq3ox","operationId":"4bf3gk1gabkq3ox","timestamp":1708540403295,"id":"e07k0rmd78ftdpi"}
