{"type":"operationStart","subtype":"profile","data":{"_id":"TVmCidSYwqYjz74L","timestamp":"2024-02-21T19:02:08.427Z","state":"queued","mode":"standard","creationDate":"2024-02-21T19:02:08.428Z","modificationDate":"2024-02-21T19:02:08.428Z","shortid":"X71d0bV","$entitySet":"profiles"},"doDiffs":false,"timestamp":1708542128427,"id":"sfgf0in7crxeds5","previousOperationId":null,"operationId":"w9b2k3j158c34g1"}
{"type":"log","level":"info","message":"Render request 20 queued for execution and waiting for available worker","previousOperationId":"w9b2k3j158c34g1","timestamp":1708542128427,"id":"8o899u7somaqqf6"}
{"type":"operationStart","subtype":"render","name":"orders-main","previousOperationId":"w9b2k3j158c34g1","timestamp":1708542128433,"id":"amk8rfh4q8tu205","previousEventId":"sfgf0in7crxeds5","operationId":"1oyjvnau8g37lt7"}
{"type":"log","timestamp":1708542128433,"level":"info","message":"Starting rendering request 20","meta":{"rootId":"sm3jtdqp5uq7651","id":"sm3jtdqp5uq7651"},"id":"6pl4c1b8c7u54hs","previousOperationId":"1oyjvnau8g37lt7"}
{"type":"log","timestamp":1708542128434,"level":"info","message":"Rendering template { name: orders-main, recipe: chrome-pdf, engine: handlebars, preview: false }","meta":{"rootId":"sm3jtdqp5uq7651","id":"sm3jtdqp5uq7651"},"id":"7twnmfbaz63uy64","previousOperationId":"1oyjvnau8g37lt7"}
{"type":"log","timestamp":1708542128435,"level":"debug","message":"Data item not defined for this template.","meta":{"rootId":"sm3jtdqp5uq7651","id":"sm3jtdqp5uq7651"},"id":"errym42bb5go35h","previousOperationId":"1oyjvnau8g37lt7"}
{"type":"log","timestamp":1708542128440,"level":"debug","message":"Executing script orders-script (beforeRender)","meta":{"rootId":"sm3jtdqp5uq7651","id":"sm3jtdqp5uq7651"},"id":"7i966zs6abinydq","previousOperationId":"1oyjvnau8g37lt7"}
{"type":"operationStart","subtype":"scriptsBeforeRender","name":"scripts beforeRender","timestamp":1708542128454,"id":"9gctz1f6vjzc43z","previousEventId":"amk8rfh4q8tu205","operationId":"pyqh733oswnp9w0","previousOperationId":"1oyjvnau8g37lt7"}
{"type":"operationStart","subtype":"script","name":"scripts orders-script","previousOperationId":"pyqh733oswnp9w0","timestamp":1708542128454,"id":"i722k2vww6tau85","previousEventId":"9gctz1f6vjzc43z","operationId":"vg2przhlrgpiuz0"}
{"type":"operationEnd","operationId":"vg2przhlrgpiuz0","timestamp":1708542128500,"id":"vm0jrpnhd1kexps","previousEventId":"amk8rfh4q8tu205","previousOperationId":"1oyjvnau8g37lt7"}
{"type":"operationEnd","operationId":"pyqh733oswnp9w0","timestamp":1708542128500,"id":"zvff59g76wvq248","previousEventId":"vm0jrpnhd1kexps","previousOperationId":"1oyjvnau8g37lt7"}
{"type":"log","timestamp":1708542128500,"level":"debug","message":"Base url not specified, skipping its injection.","meta":{"rootId":"sm3jtdqp5uq7651","id":"sm3jtdqp5uq7651"},"id":"w2v01bdp2chg314","previousOperationId":"pyqh733oswnp9w0"}
{"type":"operationStart","subtype":"engine","name":"handlebars","timestamp":1708542128500,"id":"6za932jgb3zmjgd","previousEventId":"zvff59g76wvq248","operationId":"86fff03kf60i9af","previousOperationId":"pyqh733oswnp9w0"}
{"type":"log","timestamp":1708542128500,"level":"debug","message":"Rendering engine handlebars","meta":{"rootId":"sm3jtdqp5uq7651","id":"sm3jtdqp5uq7651"},"id":"5zbzat2hie1wwok","previousOperationId":"86fff03kf60i9af"}
{"type":"operationEnd","operationId":"86fff03kf60i9af","timestamp":1708542128509,"id":"yqg41xm97ud7qrn","previousEventId":"6za932jgb3zmjgd","previousOperationId":"86fff03kf60i9af"}
{"type":"operationStart","subtype":"recipe","name":"chrome-pdf","timestamp":1708542128510,"id":"wpm7l09e4iwa823","previousEventId":"yqg41xm97ud7qrn","operationId":"qauvpd4fs7l5lxh","previousOperationId":"86fff03kf60i9af"}
{"type":"log","timestamp":1708542128510,"level":"debug","message":"Executing recipe chrome-pdf","meta":{"rootId":"sm3jtdqp5uq7651","id":"sm3jtdqp5uq7651"},"id":"iq577zps7e8127u","previousOperationId":"qauvpd4fs7l5lxh"}
{"type":"log","timestamp":1708542128511,"level":"debug","message":"Converting with chrome HeadlessChrome/117.0.5938.149 using chrome-pool strategy","meta":{"rootId":"sm3jtdqp5uq7651","id":"sm3jtdqp5uq7651"},"id":"js4mpz9g5r50on5","previousOperationId":"qauvpd4fs7l5lxh"}
{"type":"log","timestamp":1708542128560,"level":"debug","message":"Page request: GET (document) file:///var/folders/tp/6hccbwhd41s4hkmxw_2wkz640000gn/T/jsreport/autocleanup/324f250a-79cc-4f53-81cc-8278f92ee925-chrome-pdf.html","meta":{"rootId":"sm3jtdqp5uq7651","id":"sm3jtdqp5uq7651"},"id":"5yt8au7ja76r9oo","previousOperationId":"qauvpd4fs7l5lxh"}
{"type":"log","timestamp":1708542128566,"level":"debug","message":"Page request: GET (stylesheet) https://cdnjs.cloudflare.com/ajax/libs/metro/4.1.5/css/metro.min.css","meta":{"rootId":"sm3jtdqp5uq7651","id":"sm3jtdqp5uq7651"},"id":"cqhaxpse9nwoei8","previousOperationId":"qauvpd4fs7l5lxh"}
{"type":"log","timestamp":1708542128566,"level":"debug","message":"Page request: GET (script) https://cdn.jsdelivr.net/npm/chart.js","meta":{"rootId":"sm3jtdqp5uq7651","id":"sm3jtdqp5uq7651"},"id":"sng7005tc53pey7","previousOperationId":"qauvpd4fs7l5lxh"}
{"type":"log","timestamp":1708542128566,"level":"debug","message":"Page request finished: GET (document) 200 file:///var/folders/tp/6hccbwhd41s4hkmxw_2wkz640000gn/T/jsreport/autocleanup/324f250a-79cc-4f53-81cc-8278f92ee925-chrome-pdf.html","meta":{"rootId":"sm3jtdqp5uq7651","id":"sm3jtdqp5uq7651"},"id":"bmh5be0nqeacdo6","previousOperationId":"qauvpd4fs7l5lxh"}
{"type":"log","timestamp":1708542128575,"level":"debug","message":"Page request finished: GET (stylesheet) 200 https://cdnjs.cloudflare.com/ajax/libs/metro/4.1.5/css/metro.min.css","meta":{"rootId":"sm3jtdqp5uq7651","id":"sm3jtdqp5uq7651"},"id":"xwyt4t3nw8r9pg9","previousOperationId":"qauvpd4fs7l5lxh"}
{"type":"log","timestamp":1708542128575,"level":"debug","message":"Page request finished: GET (script) 200 https://cdn.jsdelivr.net/npm/chart.js","meta":{"rootId":"sm3jtdqp5uq7651","id":"sm3jtdqp5uq7651"},"id":"5qzgzfjnzruc12x","previousOperationId":"qauvpd4fs7l5lxh"}
{"type":"log","timestamp":1708542128684,"level":"debug","message":"Running chrome with params {\"printBackground\":true,\"marginTop\":\"4cm\",\"marginRight\":\"1.5cm\",\"marginBottom\":\"1.5cm\",\"marginLeft\":\"1.5cm\",\"waitForJS\":false,\"timeout\":59916,\"margin\":{\"top\":\"4cm\",\"right\":\"1.5cm\",\"bottom\":\"1.5cm\",\"left\":\"1.5cm\"}}","meta":{"rootId":"sm3jtdqp5uq7651","id":"sm3jtdqp5uq7651"},"id":"ja0c6zi848hl0hh","previousOperationId":"qauvpd4fs7l5lxh"}
{"type":"operationEnd","operationId":"qauvpd4fs7l5lxh","timestamp":1708542128714,"id":"zl7vcx6u6zly0mf","previousEventId":"wpm7l09e4iwa823","previousOperationId":"qauvpd4fs7l5lxh"}
{"type":"log","timestamp":1708542128714,"level":"info","message":"pdf-utils is starting pdf processing","meta":{"rootId":"sm3jtdqp5uq7651","id":"sm3jtdqp5uq7651"},"id":"ih8o5qzkt9uuux1","previousOperationId":"qauvpd4fs7l5lxh"}
{"type":"operationStart","subtype":"pdfUtils","name":"pdf utils","timestamp":1708542128714,"id":"30mv9j7rojqhosz","previousEventId":"zl7vcx6u6zly0mf","operationId":"ifhld4z4p9fr08t","previousOperationId":"qauvpd4fs7l5lxh"}
{"type":"log","timestamp":1708542128714,"level":"debug","message":"pdf-utils detected 1 pdf operation(s) to process","meta":{"rootId":"sm3jtdqp5uq7651","id":"sm3jtdqp5uq7651"},"id":"t3uwgzrf7set4d1","previousOperationId":"ifhld4z4p9fr08t"}
{"type":"log","timestamp":1708542128731,"level":"debug","message":"pdf-utils running pdf operation merge","meta":{"rootId":"sm3jtdqp5uq7651","id":"sm3jtdqp5uq7651"},"id":"za27mkcygk9vrdb","previousOperationId":"ifhld4z4p9fr08t"}
{"type":"operationStart","subtype":"pdfUtilsMerge","name":"pdf utils merge","previousOperationId":"ifhld4z4p9fr08t","timestamp":1708542128731,"id":"onl5h1a58cbhl5v","previousEventId":"30mv9j7rojqhosz","operationId":"3acn82m33i00wah"}
{"type":"operationStart","subtype":"render","name":"orders-header","previousOperationId":"3acn82m33i00wah","timestamp":1708542128732,"id":"r51sjibja0uapta","previousEventId":"onl5h1a58cbhl5v","operationId":"d0llc7m49fbpb4d"}
{"type":"log","timestamp":1708542128732,"level":"info","message":"Starting rendering (child) request","meta":{"rootId":"sm3jtdqp5uq7651","id":"vr7mmwqpbntz1xd"},"id":"hv19x5uh28wurgg","previousOperationId":"d0llc7m49fbpb4d"}
{"type":"log","timestamp":1708542128732,"level":"info","message":"Rendering template { name: orders-header, recipe: chrome-pdf, engine: handlebars, preview: false }","meta":{"rootId":"sm3jtdqp5uq7651","id":"vr7mmwqpbntz1xd"},"id":"ccwrdm7b9knkuqq","previousOperationId":"d0llc7m49fbpb4d"}
{"type":"log","timestamp":1708542128732,"level":"debug","message":"Inline data specified.","meta":{"rootId":"sm3jtdqp5uq7651","id":"vr7mmwqpbntz1xd"},"id":"1jvll2p9tu0zzui","previousOperationId":"d0llc7m49fbpb4d"}
{"type":"log","timestamp":1708542128732,"level":"debug","message":"Base url not specified, skipping its injection.","meta":{"rootId":"sm3jtdqp5uq7651","id":"vr7mmwqpbntz1xd"},"id":"n9l1678io0ikk64","previousOperationId":"d0llc7m49fbpb4d"}
{"type":"operationStart","subtype":"engine","name":"handlebars","timestamp":1708542128732,"id":"nlkmkpcfoodz7mi","previousEventId":"r51sjibja0uapta","operationId":"u4xv1ahi4b6huh2","previousOperationId":"d0llc7m49fbpb4d"}
{"type":"log","timestamp":1708542128732,"level":"debug","message":"Rendering engine handlebars","meta":{"rootId":"sm3jtdqp5uq7651","id":"vr7mmwqpbntz1xd"},"id":"6au77dvvb4dmcra","previousOperationId":"u4xv1ahi4b6huh2"}
{"type":"operationEnd","operationId":"u4xv1ahi4b6huh2","timestamp":1708542128736,"id":"rpp7emxz8zed0n4","previousEventId":"nlkmkpcfoodz7mi","previousOperationId":"u4xv1ahi4b6huh2"}
{"type":"operationStart","subtype":"recipe","name":"chrome-pdf","timestamp":1708542128736,"id":"l7uzio89slrul8v","previousEventId":"rpp7emxz8zed0n4","operationId":"mz2wnzmlrmuqaws","previousOperationId":"u4xv1ahi4b6huh2"}
{"type":"log","timestamp":1708542128736,"level":"debug","message":"Executing recipe chrome-pdf","meta":{"rootId":"sm3jtdqp5uq7651","id":"vr7mmwqpbntz1xd"},"id":"yn9tfsvi1en5krf","previousOperationId":"mz2wnzmlrmuqaws"}
{"type":"log","timestamp":1708542128736,"level":"debug","message":"Converting with chrome HeadlessChrome/117.0.5938.149 using chrome-pool strategy","meta":{"rootId":"sm3jtdqp5uq7651","id":"vr7mmwqpbntz1xd"},"id":"hmqvhwtm5rf203b","previousOperationId":"mz2wnzmlrmuqaws"}
{"type":"log","timestamp":1708542128774,"level":"debug","message":"Page request: GET (document) file:///var/folders/tp/6hccbwhd41s4hkmxw_2wkz640000gn/T/jsreport/autocleanup/86e7ebea-03e3-4eb9-ba0b-0b613eda5be8-chrome-pdf.html","meta":{"rootId":"sm3jtdqp5uq7651","id":"vr7mmwqpbntz1xd"},"id":"xkkh0oxl53xiyx8","previousOperationId":"mz2wnzmlrmuqaws"}
{"type":"log","timestamp":1708542128779,"level":"debug","message":"Page request: GET (stylesheet) https://cdnjs.cloudflare.com/ajax/libs/metro/4.1.5/css/metro.min.css","meta":{"rootId":"sm3jtdqp5uq7651","id":"vr7mmwqpbntz1xd"},"id":"e2kd1jd4h4783ce","previousOperationId":"mz2wnzmlrmuqaws"}
{"type":"log","timestamp":1708542128779,"level":"debug","message":"Page request finished: GET (document) 200 file:///var/folders/tp/6hccbwhd41s4hkmxw_2wkz640000gn/T/jsreport/autocleanup/86e7ebea-03e3-4eb9-ba0b-0b613eda5be8-chrome-pdf.html","meta":{"rootId":"sm3jtdqp5uq7651","id":"vr7mmwqpbntz1xd"},"id":"y1pmn94icc05oe0","previousOperationId":"mz2wnzmlrmuqaws"}
{"type":"log","timestamp":1708542128786,"level":"debug","message":"Page request finished: GET (stylesheet) 200 https://cdnjs.cloudflare.com/ajax/libs/metro/4.1.5/css/metro.min.css","meta":{"rootId":"sm3jtdqp5uq7651","id":"vr7mmwqpbntz1xd"},"id":"2r0uuyl5nll8pud","previousOperationId":"mz2wnzmlrmuqaws"}
{"type":"log","timestamp":1708542128798,"level":"debug","message":"Running chrome with params {\"printBackground\":true,\"marginTop\":\"1.5cm\",\"marginRight\":\"1.5cm\",\"marginLeft\":\"1.cm\",\"timeout\":59690,\"margin\":{\"top\":\"1.5cm\",\"right\":\"1.5cm\",\"left\":\"1.cm\"}}","meta":{"rootId":"sm3jtdqp5uq7651","id":"vr7mmwqpbntz1xd"},"id":"h5f967j5lo879wl","previousOperationId":"mz2wnzmlrmuqaws"}
{"type":"operationEnd","operationId":"mz2wnzmlrmuqaws","timestamp":1708542128811,"id":"hcjh00hen7yymll","previousEventId":"l7uzio89slrul8v","previousOperationId":"mz2wnzmlrmuqaws"}
{"type":"log","timestamp":1708542128812,"level":"debug","message":"Skipping storing report.","meta":{"rootId":"sm3jtdqp5uq7651","id":"vr7mmwqpbntz1xd"},"id":"szl9bpixb5e62tx","previousOperationId":"mz2wnzmlrmuqaws"}
{"type":"log","timestamp":1708542128812,"level":"info","message":"Rendering (child) request finished in 386 ms","meta":{"rootId":"sm3jtdqp5uq7651","id":"vr7mmwqpbntz1xd"},"id":"bdtazfwz4ti96om","previousOperationId":"mz2wnzmlrmuqaws"}
{"type":"operationEnd","subtype":"render","operationId":"d0llc7m49fbpb4d","timestamp":1708542128812,"id":"d3esyolv656ozy8","previousEventId":"hcjh00hen7yymll","previousOperationId":"mz2wnzmlrmuqaws"}
{"type":"operationEnd","operationId":"3acn82m33i00wah","timestamp":1708542128824,"id":"vpol9j1v10hya9t","previousEventId":"onl5h1a58cbhl5v","previousOperationId":"3acn82m33i00wah"}
{"type":"log","timestamp":1708542128824,"level":"debug","message":"pdf-utils postproces start","meta":{"rootId":"sm3jtdqp5uq7651","id":"sm3jtdqp5uq7651"},"id":"75mgd2y09z1wllz","previousOperationId":"3acn82m33i00wah"}
{"type":"log","timestamp":1708542128836,"level":"debug","message":"pdf-utils postproces end","meta":{"rootId":"sm3jtdqp5uq7651","id":"sm3jtdqp5uq7651"},"id":"d6eexxpv5mjh7j2","previousOperationId":"3acn82m33i00wah"}
{"type":"operationEnd","operationId":"ifhld4z4p9fr08t","timestamp":1708542128836,"id":"rmgxl76v6csexos","previousEventId":"vpol9j1v10hya9t","previousOperationId":"3acn82m33i00wah"}
{"type":"log","timestamp":1708542128836,"level":"info","message":"pdf-utils pdf processing was finished","meta":{"rootId":"sm3jtdqp5uq7651","id":"sm3jtdqp5uq7651"},"id":"ccxni8h8uohr0lj","previousOperationId":"ifhld4z4p9fr08t"}
{"type":"log","timestamp":1708542128836,"level":"debug","message":"Skipping storing report.","meta":{"rootId":"sm3jtdqp5uq7651","id":"sm3jtdqp5uq7651"},"id":"en9i6gx2m75csza","previousOperationId":"ifhld4z4p9fr08t"}
{"type":"log","timestamp":1708542128836,"level":"info","message":"Rendering request 20 finished in 410 ms","meta":{"rootId":"sm3jtdqp5uq7651","id":"sm3jtdqp5uq7651"},"id":"5xx1vz7xtjzjnak","previousOperationId":"ifhld4z4p9fr08t"}
{"type":"operationEnd","subtype":"render","operationId":"1oyjvnau8g37lt7","timestamp":1708542128836,"id":"18g6jrb298s36pa","previousEventId":"rmgxl76v6csexos","previousOperationId":"ifhld4z4p9fr08t"}
{"type":"operationEnd","doDiffs":false,"previousEventId":"sfgf0in7crxeds5","previousOperationId":"w9b2k3j158c34g1","operationId":"w9b2k3j158c34g1","timestamp":1708542128837,"id":"dnifqf6kmavu9fl"}
