{"type":"operationStart","subtype":"profile","data":{"_id":"8yCdgx2jTjUnro0V","timestamp":"2024-02-21T18:21:51.565Z","state":"queued","mode":"standard","creationDate":"2024-02-21T18:21:51.567Z","modificationDate":"2024-02-21T18:21:51.567Z","shortid":"A2833wE","$entitySet":"profiles"},"doDiffs":false,"timestamp":1708539711566,"id":"005ll72rizwvdzo","previousOperationId":null,"operationId":"06gmdejmnjebmjv"}
{"type":"log","level":"info","message":"Render request 3 queued for execution and waiting for available worker","previousOperationId":"06gmdejmnjebmjv","timestamp":1708539711567,"id":"kn804dshaq7bsom"}
{"type":"operationStart","subtype":"render","name":"orders-main","previousOperationId":"06gmdejmnjebmjv","timestamp":1708539711577,"id":"37fzma41k54h2xq","previousEventId":"005ll72rizwvdzo","operationId":"vflg5bp6pv8jbcp"}
{"type":"log","timestamp":1708539711578,"level":"info","message":"Starting rendering request 3","meta":{"rootId":"tqal708rn9npa3o","id":"tqal708rn9npa3o"},"id":"q4bo2lg6f0drz7p","previousOperationId":"vflg5bp6pv8jbcp"}
{"type":"log","timestamp":1708539711579,"level":"info","message":"Rendering template { name: orders-main, recipe: chrome-pdf, engine: handlebars, preview: true }","meta":{"rootId":"tqal708rn9npa3o","id":"tqal708rn9npa3o"},"id":"ineknl49oxxd8kg","previousOperationId":"vflg5bp6pv8jbcp"}
{"type":"log","timestamp":1708539711580,"level":"debug","message":"Data item not defined for this template.","meta":{"rootId":"tqal708rn9npa3o","id":"tqal708rn9npa3o"},"id":"yexmah9x0cufb2f","previousOperationId":"vflg5bp6pv8jbcp"}
{"type":"log","timestamp":1708539711583,"level":"debug","message":"Executing script orders-script (beforeRender)","meta":{"rootId":"tqal708rn9npa3o","id":"tqal708rn9npa3o"},"id":"am5cfz25c069xp9","previousOperationId":"vflg5bp6pv8jbcp"}
{"type":"operationStart","subtype":"scriptsBeforeRender","name":"scripts beforeRender","timestamp":1708539711618,"id":"0i382neeychzsal","previousEventId":"37fzma41k54h2xq","operationId":"9hyhqkuafm1ptid","previousOperationId":"vflg5bp6pv8jbcp"}
{"type":"operationStart","subtype":"script","name":"scripts orders-script","previousOperationId":"9hyhqkuafm1ptid","timestamp":1708539711618,"id":"as9il91pmtvuf6g","previousEventId":"0i382neeychzsal","operationId":"pb1bikdng4zrmqb"}
{"type":"log","timestamp":1708539711643,"level":"debug","message":"(console:log) [ 'ola', 'oola', 'Race1', 'Race2' ]","meta":{"userLevel":true,"rootId":"tqal708rn9npa3o","id":"tqal708rn9npa3o"},"id":"4ec1lnw4jlc4mlu","previousOperationId":"pb1bikdng4zrmqb"}
{"type":"log","timestamp":1708539711643,"level":"debug","message":"(console:log) [ 0, 0, 1, 1 ]","meta":{"userLevel":true,"rootId":"tqal708rn9npa3o","id":"tqal708rn9npa3o"},"id":"ixgbxyiibp1mmf9","previousOperationId":"pb1bikdng4zrmqb"}
{"type":"operationEnd","operationId":"pb1bikdng4zrmqb","timestamp":1708539711643,"id":"n6a854ogahaajec","previousEventId":"37fzma41k54h2xq","previousOperationId":"vflg5bp6pv8jbcp"}
{"type":"operationEnd","operationId":"9hyhqkuafm1ptid","timestamp":1708539711643,"id":"tcx7rmg8sk5c8mb","previousEventId":"n6a854ogahaajec","previousOperationId":"vflg5bp6pv8jbcp"}
{"type":"log","timestamp":1708539711643,"level":"debug","message":"Base url not specified, skipping its injection.","meta":{"rootId":"tqal708rn9npa3o","id":"tqal708rn9npa3o"},"id":"1eg5dnou9pxihtk","previousOperationId":"9hyhqkuafm1ptid"}
{"type":"operationStart","subtype":"engine","name":"handlebars","timestamp":1708539711643,"id":"b390ctwsw8ggoww","previousEventId":"tcx7rmg8sk5c8mb","operationId":"49i8kfbgal2u0tt","previousOperationId":"9hyhqkuafm1ptid"}
{"type":"log","timestamp":1708539711643,"level":"debug","message":"Rendering engine handlebars","meta":{"rootId":"tqal708rn9npa3o","id":"tqal708rn9npa3o"},"id":"wgqivat6sh09q4c","previousOperationId":"49i8kfbgal2u0tt"}
{"type":"log","timestamp":1708539711647,"level":"debug","message":"(console:log) Pdf utils adding group field, value: \"ola\"","meta":{"userLevel":true,"rootId":"tqal708rn9npa3o","id":"tqal708rn9npa3o"},"id":"33lhc3pedhxu9mj","previousOperationId":"49i8kfbgal2u0tt"}
{"type":"log","timestamp":1708539711648,"level":"debug","message":"(console:log) Pdf utils adding group field, value: \"oola\"","meta":{"userLevel":true,"rootId":"tqal708rn9npa3o","id":"tqal708rn9npa3o"},"id":"yciqkrkto47ed2g","previousOperationId":"49i8kfbgal2u0tt"}
{"type":"log","timestamp":1708539711648,"level":"debug","message":"(console:log) Pdf utils adding group field, value: \"Race1\"","meta":{"userLevel":true,"rootId":"tqal708rn9npa3o","id":"tqal708rn9npa3o"},"id":"hyvk1eo0imtop12","previousOperationId":"49i8kfbgal2u0tt"}
{"type":"log","timestamp":1708539711648,"level":"debug","message":"(console:log) Pdf utils adding group field, value: \"Race2\"","meta":{"userLevel":true,"rootId":"tqal708rn9npa3o","id":"tqal708rn9npa3o"},"id":"r2lux9b3uvxu7vy","previousOperationId":"49i8kfbgal2u0tt"}
{"type":"operationEnd","operationId":"49i8kfbgal2u0tt","timestamp":1708539711648,"id":"sf93qy3dnui4nkz","previousEventId":"b390ctwsw8ggoww","previousOperationId":"49i8kfbgal2u0tt"}
{"type":"operationStart","subtype":"recipe","name":"chrome-pdf","timestamp":1708539711648,"id":"98ltzy53st840us","previousEventId":"sf93qy3dnui4nkz","operationId":"fps93nfd0f534og","previousOperationId":"49i8kfbgal2u0tt"}
{"type":"log","timestamp":1708539711648,"level":"debug","message":"Executing recipe chrome-pdf","meta":{"rootId":"tqal708rn9npa3o","id":"tqal708rn9npa3o"},"id":"gmysmv3wnh7omzm","previousOperationId":"fps93nfd0f534og"}
{"type":"log","timestamp":1708539711650,"level":"debug","message":"Converting with chrome HeadlessChrome/117.0.5938.149 using chrome-pool strategy","meta":{"rootId":"tqal708rn9npa3o","id":"tqal708rn9npa3o"},"id":"vitwbe2p0wabjxx","previousOperationId":"fps93nfd0f534og"}
{"type":"log","timestamp":1708539711713,"level":"debug","message":"Page request: GET (document) file:///var/folders/tp/6hccbwhd41s4hkmxw_2wkz640000gn/T/jsreport/autocleanup/2c1da065-f5eb-4a0f-8b62-26318fa644ae-chrome-pdf.html","meta":{"rootId":"tqal708rn9npa3o","id":"tqal708rn9npa3o"},"id":"zqut1qnep6680rg","previousOperationId":"fps93nfd0f534og"}
{"type":"log","timestamp":1708539711720,"level":"debug","message":"Page request: GET (stylesheet) https://cdnjs.cloudflare.com/ajax/libs/metro/4.1.5/css/metro.min.css","meta":{"rootId":"tqal708rn9npa3o","id":"tqal708rn9npa3o"},"id":"xd9qi5jxefn34qo","previousOperationId":"fps93nfd0f534og"}
{"type":"log","timestamp":1708539711720,"level":"debug","message":"Page request: GET (script) https://cdn.jsdelivr.net/npm/chart.js","meta":{"rootId":"tqal708rn9npa3o","id":"tqal708rn9npa3o"},"id":"6ssw9xmecj1ga97","previousOperationId":"fps93nfd0f534og"}
{"type":"log","timestamp":1708539711721,"level":"debug","message":"Page request finished: GET (document) 200 file:///var/folders/tp/6hccbwhd41s4hkmxw_2wkz640000gn/T/jsreport/autocleanup/2c1da065-f5eb-4a0f-8b62-26318fa644ae-chrome-pdf.html","meta":{"rootId":"tqal708rn9npa3o","id":"tqal708rn9npa3o"},"id":"q2ybwbna20pdnpv","previousOperationId":"fps93nfd0f534og"}
{"type":"log","timestamp":1708539711733,"level":"debug","message":"Page request finished: GET (stylesheet) 200 https://cdnjs.cloudflare.com/ajax/libs/metro/4.1.5/css/metro.min.css","meta":{"rootId":"tqal708rn9npa3o","id":"tqal708rn9npa3o"},"id":"9n0e5xcq3lmpt84","previousOperationId":"fps93nfd0f534og"}
{"type":"log","timestamp":1708539711733,"level":"debug","message":"Page request finished: GET (script) 200 https://cdn.jsdelivr.net/npm/chart.js","meta":{"rootId":"tqal708rn9npa3o","id":"tqal708rn9npa3o"},"id":"39oyu1911u0qwhn","previousOperationId":"fps93nfd0f534og"}
{"type":"log","timestamp":1708539711785,"level":"debug","message":"Running chrome with params {\"printBackground\":true,\"marginTop\":\"4cm\",\"marginRight\":\"1.5cm\",\"marginBottom\":\"1.5cm\",\"marginLeft\":\"1.5cm\",\"waitForJS\":false,\"timeout\":59916,\"margin\":{\"top\":\"4cm\",\"right\":\"1.5cm\",\"bottom\":\"1.5cm\",\"left\":\"1.5cm\"}}","meta":{"rootId":"tqal708rn9npa3o","id":"tqal708rn9npa3o"},"id":"2zzw4zkmtpd4i1r","previousOperationId":"fps93nfd0f534og"}
{"type":"operationEnd","operationId":"fps93nfd0f534og","timestamp":1708539711823,"id":"zf81xi0xhmle97p","previousEventId":"98ltzy53st840us","previousOperationId":"fps93nfd0f534og"}
{"type":"log","timestamp":1708539711823,"level":"info","message":"pdf-utils is starting pdf processing","meta":{"rootId":"tqal708rn9npa3o","id":"tqal708rn9npa3o"},"id":"36yv2roy7kpcsgg","previousOperationId":"fps93nfd0f534og"}
{"type":"operationStart","subtype":"pdfUtils","name":"pdf utils","timestamp":1708539711823,"id":"ql7alh5k47gm7l2","previousEventId":"zf81xi0xhmle97p","operationId":"p0kljvxwo5vmod2","previousOperationId":"fps93nfd0f534og"}
{"type":"log","timestamp":1708539711823,"level":"debug","message":"pdf-utils detected 1 pdf operation(s) to process","meta":{"rootId":"tqal708rn9npa3o","id":"tqal708rn9npa3o"},"id":"ckrgg17c5nzfj1d","previousOperationId":"p0kljvxwo5vmod2"}
{"type":"log","timestamp":1708539711859,"level":"debug","message":"pdf-utils running pdf operation merge","meta":{"rootId":"tqal708rn9npa3o","id":"tqal708rn9npa3o"},"id":"iur7ijubc4f0bjd","previousOperationId":"p0kljvxwo5vmod2"}
{"type":"operationStart","subtype":"pdfUtilsMerge","name":"pdf utils merge","previousOperationId":"p0kljvxwo5vmod2","timestamp":1708539711859,"id":"wyrvj2jpshj3xfk","previousEventId":"ql7alh5k47gm7l2","operationId":"6j11qn6szx3nmki"}
{"type":"operationStart","subtype":"render","name":"orders-header","previousOperationId":"6j11qn6szx3nmki","timestamp":1708539711859,"id":"zd9f2f70ed2a9vf","previousEventId":"wyrvj2jpshj3xfk","operationId":"tp1bjvb2mmeajhh"}
{"type":"log","timestamp":1708539711859,"level":"info","message":"Starting rendering (child) request","meta":{"rootId":"tqal708rn9npa3o","id":"lvjm9a9m3yswu3o"},"id":"atb7ko07oa6x6h1","previousOperationId":"tp1bjvb2mmeajhh"}
{"type":"log","timestamp":1708539711859,"level":"info","message":"Rendering template { name: orders-header, recipe: chrome-pdf, engine: handlebars, preview: true }","meta":{"rootId":"tqal708rn9npa3o","id":"lvjm9a9m3yswu3o"},"id":"6aixs60c33zm67e","previousOperationId":"tp1bjvb2mmeajhh"}
{"type":"log","timestamp":1708539711859,"level":"debug","message":"Inline data specified.","meta":{"rootId":"tqal708rn9npa3o","id":"lvjm9a9m3yswu3o"},"id":"9yyb3ft9i6cc8dd","previousOperationId":"tp1bjvb2mmeajhh"}
{"type":"log","timestamp":1708539711860,"level":"debug","message":"Base url not specified, skipping its injection.","meta":{"rootId":"tqal708rn9npa3o","id":"lvjm9a9m3yswu3o"},"id":"h1yq0lif79wl9hi","previousOperationId":"tp1bjvb2mmeajhh"}
{"type":"operationStart","subtype":"engine","name":"handlebars","timestamp":1708539711860,"id":"r9bu22c2qtd7j9w","previousEventId":"zd9f2f70ed2a9vf","operationId":"kzazytqg640o1qd","previousOperationId":"tp1bjvb2mmeajhh"}
{"type":"log","timestamp":1708539711860,"level":"debug","message":"Rendering engine handlebars","meta":{"rootId":"tqal708rn9npa3o","id":"lvjm9a9m3yswu3o"},"id":"lbv4o7ebu5ycxcp","previousOperationId":"kzazytqg640o1qd"}
{"type":"operationEnd","operationId":"kzazytqg640o1qd","timestamp":1708539711868,"id":"c8c5cvkvq0fcfoz","previousEventId":"r9bu22c2qtd7j9w","previousOperationId":"kzazytqg640o1qd"}
{"type":"operationStart","subtype":"recipe","name":"chrome-pdf","timestamp":1708539711868,"id":"5f84q12bxs3p9ah","previousEventId":"c8c5cvkvq0fcfoz","operationId":"izmpxxq1jfm33sa","previousOperationId":"kzazytqg640o1qd"}
{"type":"log","timestamp":1708539711868,"level":"debug","message":"Executing recipe chrome-pdf","meta":{"rootId":"tqal708rn9npa3o","id":"lvjm9a9m3yswu3o"},"id":"49jnkeojj4uqtge","previousOperationId":"izmpxxq1jfm33sa"}
{"type":"log","timestamp":1708539711869,"level":"debug","message":"Converting with chrome HeadlessChrome/117.0.5938.149 using chrome-pool strategy","meta":{"rootId":"tqal708rn9npa3o","id":"lvjm9a9m3yswu3o"},"id":"pxphfokud3e51t2","previousOperationId":"izmpxxq1jfm33sa"}
{"type":"log","timestamp":1708539711912,"level":"debug","message":"Page request: GET (document) file:///var/folders/tp/6hccbwhd41s4hkmxw_2wkz640000gn/T/jsreport/autocleanup/cf066c25-19ff-44cd-9324-d6d21e8e7ae8-chrome-pdf.html","meta":{"rootId":"tqal708rn9npa3o","id":"lvjm9a9m3yswu3o"},"id":"httefxdp09oqzac","previousOperationId":"izmpxxq1jfm33sa"}
{"type":"log","timestamp":1708539711921,"level":"debug","message":"Page request: GET (stylesheet) https://cdnjs.cloudflare.com/ajax/libs/metro/4.1.5/css/metro.min.css","meta":{"rootId":"tqal708rn9npa3o","id":"lvjm9a9m3yswu3o"},"id":"io81nah90o99m1u","previousOperationId":"izmpxxq1jfm33sa"}
{"type":"log","timestamp":1708539711921,"level":"debug","message":"Page request finished: GET (document) 200 file:///var/folders/tp/6hccbwhd41s4hkmxw_2wkz640000gn/T/jsreport/autocleanup/cf066c25-19ff-44cd-9324-d6d21e8e7ae8-chrome-pdf.html","meta":{"rootId":"tqal708rn9npa3o","id":"lvjm9a9m3yswu3o"},"id":"r5feq8nmg4jdrmm","previousOperationId":"izmpxxq1jfm33sa"}
{"type":"log","timestamp":1708539711928,"level":"debug","message":"Page request finished: GET (stylesheet) 200 https://cdnjs.cloudflare.com/ajax/libs/metro/4.1.5/css/metro.min.css","meta":{"rootId":"tqal708rn9npa3o","id":"lvjm9a9m3yswu3o"},"id":"a1s9vn21pqg5c6r","previousOperationId":"izmpxxq1jfm33sa"}
{"type":"log","timestamp":1708539711946,"level":"debug","message":"Running chrome with params {\"printBackground\":true,\"marginTop\":\"1.5cm\",\"marginRight\":\"1.5cm\",\"marginLeft\":\"1.cm\",\"timeout\":59696,\"margin\":{\"top\":\"1.5cm\",\"right\":\"1.5cm\",\"left\":\"1.cm\"}}","meta":{"rootId":"tqal708rn9npa3o","id":"lvjm9a9m3yswu3o"},"id":"lwob8cxsf2zpy5m","previousOperationId":"izmpxxq1jfm33sa"}
{"type":"operationEnd","operationId":"izmpxxq1jfm33sa","timestamp":1708539711968,"id":"dan72rzzyp1wg7r","previousEventId":"5f84q12bxs3p9ah","previousOperationId":"izmpxxq1jfm33sa"}
{"type":"log","timestamp":1708539711968,"level":"debug","message":"Skipping storing report.","meta":{"rootId":"tqal708rn9npa3o","id":"lvjm9a9m3yswu3o"},"id":"e3sabba4s4bb6bw","previousOperationId":"izmpxxq1jfm33sa"}
{"type":"log","timestamp":1708539711968,"level":"info","message":"Rendering (child) request finished in 403 ms","meta":{"rootId":"tqal708rn9npa3o","id":"lvjm9a9m3yswu3o"},"id":"f6bq5ijn07okvsp","previousOperationId":"izmpxxq1jfm33sa"}
{"type":"operationEnd","subtype":"render","operationId":"tp1bjvb2mmeajhh","timestamp":1708539711968,"id":"oaare834k6jykq4","previousEventId":"dan72rzzyp1wg7r","previousOperationId":"izmpxxq1jfm33sa"}
{"type":"operationEnd","operationId":"6j11qn6szx3nmki","timestamp":1708539711988,"id":"2nddd2s79jt7h3z","previousEventId":"wyrvj2jpshj3xfk","previousOperationId":"6j11qn6szx3nmki"}
{"type":"log","timestamp":1708539711988,"level":"debug","message":"pdf-utils postproces start","meta":{"rootId":"tqal708rn9npa3o","id":"tqal708rn9npa3o"},"id":"9jy7hrhuepk0lac","previousOperationId":"6j11qn6szx3nmki"}
{"type":"log","timestamp":1708539712010,"level":"debug","message":"pdf-utils postproces end","meta":{"rootId":"tqal708rn9npa3o","id":"tqal708rn9npa3o"},"id":"1k3y2hlp7c1s0yv","previousOperationId":"6j11qn6szx3nmki"}
{"type":"operationEnd","operationId":"p0kljvxwo5vmod2","timestamp":1708539712010,"id":"1w1mizmqfwu5vef","previousEventId":"2nddd2s79jt7h3z","previousOperationId":"6j11qn6szx3nmki"}
{"type":"log","timestamp":1708539712010,"level":"info","message":"pdf-utils pdf processing was finished","meta":{"rootId":"tqal708rn9npa3o","id":"tqal708rn9npa3o"},"id":"3zevvkjdbpxbt85","previousOperationId":"p0kljvxwo5vmod2"}
{"type":"log","timestamp":1708539712010,"level":"debug","message":"Skipping storing report.","meta":{"rootId":"tqal708rn9npa3o","id":"tqal708rn9npa3o"},"id":"opvh1f03zn9b31x","previousOperationId":"p0kljvxwo5vmod2"}
{"type":"log","timestamp":1708539712010,"level":"info","message":"Rendering request 3 finished in 445 ms","meta":{"rootId":"tqal708rn9npa3o","id":"tqal708rn9npa3o"},"id":"4ymc5stvbyd6f9p","previousOperationId":"p0kljvxwo5vmod2"}
{"type":"operationEnd","subtype":"render","operationId":"vflg5bp6pv8jbcp","timestamp":1708539712010,"id":"6qm2m07xeiav12a","previousEventId":"1w1mizmqfwu5vef","previousOperationId":"p0kljvxwo5vmod2"}
{"type":"operationEnd","doDiffs":false,"previousEventId":"005ll72rizwvdzo","previousOperationId":"06gmdejmnjebmjv","operationId":"06gmdejmnjebmjv","timestamp":1708539712015,"id":"2jqaeva3j81wgfj"}
