{"type":"operationStart","subtype":"profile","data":{"_id":"OTXaaVPDbTpDCron","timestamp":"2024-02-21T19:19:54.444Z","state":"queued","mode":"standard","creationDate":"2024-02-21T19:19:54.447Z","modificationDate":"2024-02-21T19:19:54.447Z","shortid":"01mNAcR","$entitySet":"profiles"},"doDiffs":false,"timestamp":1708543194445,"id":"zyic47b0k6n5kne","previousOperationId":null,"operationId":"hgsjz7qr1x76qtw"}
{"type":"log","level":"info","message":"Render request 33 queued for execution and waiting for available worker","previousOperationId":"hgsjz7qr1x76qtw","timestamp":1708543194445,"id":"xtprl0nb9t7j23v"}
{"type":"operationStart","subtype":"render","name":"orders-main","previousOperationId":"hgsjz7qr1x76qtw","timestamp":1708543194452,"id":"rfd3u7we5y84jtd","previousEventId":"zyic47b0k6n5kne","operationId":"mu0owme0ura0mim"}
{"type":"log","timestamp":1708543194452,"level":"info","message":"Starting rendering request 33","meta":{"rootId":"w9moadz0ludd716","id":"w9moadz0ludd716"},"id":"ext0ydjayb7q0d1","previousOperationId":"mu0owme0ura0mim"}
{"type":"log","timestamp":1708543194452,"level":"info","message":"Rendering template { name: orders-main, recipe: chrome-pdf, engine: handlebars, preview: false }","meta":{"rootId":"w9moadz0ludd716","id":"w9moadz0ludd716"},"id":"rr1cwjatddhkmi2","previousOperationId":"mu0owme0ura0mim"}
{"type":"log","timestamp":1708543194454,"level":"debug","message":"Data item not defined for this template.","meta":{"rootId":"w9moadz0ludd716","id":"w9moadz0ludd716"},"id":"kjt53mnylkavb3t","previousOperationId":"mu0owme0ura0mim"}
{"type":"log","timestamp":1708543194456,"level":"debug","message":"Executing script orders-script (beforeRender)","meta":{"rootId":"w9moadz0ludd716","id":"w9moadz0ludd716"},"id":"rt7p910a0z0bxgz","previousOperationId":"mu0owme0ura0mim"}
{"type":"operationStart","subtype":"scriptsBeforeRender","name":"scripts beforeRender","timestamp":1708543194472,"id":"q6trbwbl12ewrr1","previousEventId":"rfd3u7we5y84jtd","operationId":"org4li6tsj4rnur","previousOperationId":"mu0owme0ura0mim"}
{"type":"operationStart","subtype":"script","name":"scripts orders-script","previousOperationId":"org4li6tsj4rnur","timestamp":1708543194472,"id":"5wo2excpb9e59xw","previousEventId":"q6trbwbl12ewrr1","operationId":"taz4brlnr7cipx2"}
{"type":"operationEnd","operationId":"taz4brlnr7cipx2","timestamp":1708543194481,"id":"0uxyiec5z8xuaq0","previousEventId":"rfd3u7we5y84jtd","previousOperationId":"mu0owme0ura0mim"}
{"type":"operationEnd","operationId":"org4li6tsj4rnur","timestamp":1708543194481,"id":"7vl4bj4ly6l8gc7","previousEventId":"0uxyiec5z8xuaq0","previousOperationId":"mu0owme0ura0mim"}
{"type":"log","timestamp":1708543194481,"level":"debug","message":"Base url not specified, skipping its injection.","meta":{"rootId":"w9moadz0ludd716","id":"w9moadz0ludd716"},"id":"0znwo6e9a9v2l3y","previousOperationId":"org4li6tsj4rnur"}
{"type":"operationStart","subtype":"engine","name":"handlebars","timestamp":1708543194481,"id":"15k952gxzrgopdt","previousEventId":"7vl4bj4ly6l8gc7","operationId":"18yorixoc4spdc1","previousOperationId":"org4li6tsj4rnur"}
{"type":"log","timestamp":1708543194481,"level":"debug","message":"Rendering engine handlebars","meta":{"rootId":"w9moadz0ludd716","id":"w9moadz0ludd716"},"id":"mkouiptncu2ke4k","previousOperationId":"18yorixoc4spdc1"}
{"type":"operationEnd","operationId":"18yorixoc4spdc1","timestamp":1708543194484,"id":"xil3it9k4i8vn5e","previousEventId":"15k952gxzrgopdt","previousOperationId":"18yorixoc4spdc1"}
{"type":"operationStart","subtype":"recipe","name":"chrome-pdf","timestamp":1708543194484,"id":"hgdli26hnl2ei6s","previousEventId":"xil3it9k4i8vn5e","operationId":"m21zacuw11qzqyg","previousOperationId":"18yorixoc4spdc1"}
{"type":"log","timestamp":1708543194484,"level":"debug","message":"Executing recipe chrome-pdf","meta":{"rootId":"w9moadz0ludd716","id":"w9moadz0ludd716"},"id":"m2f2n69opvlv6fx","previousOperationId":"m21zacuw11qzqyg"}
{"type":"log","timestamp":1708543194486,"level":"debug","message":"Converting with chrome HeadlessChrome/117.0.5938.149 using chrome-pool strategy","meta":{"rootId":"w9moadz0ludd716","id":"w9moadz0ludd716"},"id":"e4zin3p9scu14tt","previousOperationId":"m21zacuw11qzqyg"}
{"type":"log","timestamp":1708543194616,"level":"debug","message":"Page request: GET (document) file:///var/folders/tp/6hccbwhd41s4hkmxw_2wkz640000gn/T/jsreport/autocleanup/afe0b94e-efed-4604-b1f2-1f0a007f724b-chrome-pdf.html","meta":{"rootId":"w9moadz0ludd716","id":"w9moadz0ludd716"},"id":"u3oscfy9ftost33","previousOperationId":"m21zacuw11qzqyg"}
{"type":"log","timestamp":1708543194621,"level":"debug","message":"Page request: GET (stylesheet) https://cdnjs.cloudflare.com/ajax/libs/metro/4.1.5/css/metro.min.css","meta":{"rootId":"w9moadz0ludd716","id":"w9moadz0ludd716"},"id":"y5ntuwve1u7kd66","previousOperationId":"m21zacuw11qzqyg"}
{"type":"log","timestamp":1708543194621,"level":"debug","message":"Page request: GET (script) https://cdn.jsdelivr.net/npm/chart.js","meta":{"rootId":"w9moadz0ludd716","id":"w9moadz0ludd716"},"id":"p7etoddfjnlh605","previousOperationId":"m21zacuw11qzqyg"}
{"type":"log","timestamp":1708543194621,"level":"debug","message":"Page request finished: GET (document) 200 file:///var/folders/tp/6hccbwhd41s4hkmxw_2wkz640000gn/T/jsreport/autocleanup/afe0b94e-efed-4604-b1f2-1f0a007f724b-chrome-pdf.html","meta":{"rootId":"w9moadz0ludd716","id":"w9moadz0ludd716"},"id":"02seisyo9likgim","previousOperationId":"m21zacuw11qzqyg"}
{"type":"log","timestamp":1708543194630,"level":"debug","message":"Page request finished: GET (stylesheet) 200 https://cdnjs.cloudflare.com/ajax/libs/metro/4.1.5/css/metro.min.css","meta":{"rootId":"w9moadz0ludd716","id":"w9moadz0ludd716"},"id":"lyrth505lo16x4d","previousOperationId":"m21zacuw11qzqyg"}
{"type":"log","timestamp":1708543194630,"level":"debug","message":"Page request finished: GET (script) 200 https://cdn.jsdelivr.net/npm/chart.js","meta":{"rootId":"w9moadz0ludd716","id":"w9moadz0ludd716"},"id":"0vfy895m8l4lwpa","previousOperationId":"m21zacuw11qzqyg"}
{"type":"log","timestamp":1708543194689,"level":"debug","message":"Running chrome with params {\"printBackground\":true,\"marginTop\":\"4cm\",\"marginRight\":\"1.5cm\",\"marginBottom\":\"1.5cm\",\"marginLeft\":\"1.5cm\",\"waitForJS\":false,\"timeout\":59958,\"margin\":{\"top\":\"4cm\",\"right\":\"1.5cm\",\"bottom\":\"1.5cm\",\"left\":\"1.5cm\"}}","meta":{"rootId":"w9moadz0ludd716","id":"w9moadz0ludd716"},"id":"zh1ph6ksynkgtrt","previousOperationId":"m21zacuw11qzqyg"}
{"type":"operationEnd","operationId":"m21zacuw11qzqyg","timestamp":1708543194720,"id":"esu02dt4kpa2ucs","previousEventId":"hgdli26hnl2ei6s","previousOperationId":"m21zacuw11qzqyg"}
{"type":"log","timestamp":1708543194720,"level":"info","message":"pdf-utils is starting pdf processing","meta":{"rootId":"w9moadz0ludd716","id":"w9moadz0ludd716"},"id":"0ethbaocucufpaf","previousOperationId":"m21zacuw11qzqyg"}
{"type":"operationStart","subtype":"pdfUtils","name":"pdf utils","timestamp":1708543194720,"id":"zqdlom9v8jucbdt","previousEventId":"esu02dt4kpa2ucs","operationId":"g2sosxx0ni4qkrz","previousOperationId":"m21zacuw11qzqyg"}
{"type":"log","timestamp":1708543194720,"level":"debug","message":"pdf-utils detected 1 pdf operation(s) to process","meta":{"rootId":"w9moadz0ludd716","id":"w9moadz0ludd716"},"id":"exo08whjqikfv6e","previousOperationId":"g2sosxx0ni4qkrz"}
{"type":"log","timestamp":1708543194751,"level":"debug","message":"pdf-utils running pdf operation merge","meta":{"rootId":"w9moadz0ludd716","id":"w9moadz0ludd716"},"id":"2r5qbkdu5ffuucm","previousOperationId":"g2sosxx0ni4qkrz"}
{"type":"operationStart","subtype":"pdfUtilsMerge","name":"pdf utils merge","previousOperationId":"g2sosxx0ni4qkrz","timestamp":1708543194751,"id":"4o78sd4284xbcww","previousEventId":"zqdlom9v8jucbdt","operationId":"bijlv6ui1le5m8j"}
{"type":"operationStart","subtype":"render","name":"orders-header","previousOperationId":"bijlv6ui1le5m8j","timestamp":1708543194752,"id":"749dnked5o71dw5","previousEventId":"4o78sd4284xbcww","operationId":"3mhyxnrqfgfb8o5"}
{"type":"log","timestamp":1708543194752,"level":"info","message":"Starting rendering (child) request","meta":{"rootId":"w9moadz0ludd716","id":"k88af9174idabau"},"id":"4kfvfpbrewun6fn","previousOperationId":"3mhyxnrqfgfb8o5"}
{"type":"log","timestamp":1708543194752,"level":"info","message":"Rendering template { name: orders-header, recipe: chrome-pdf, engine: handlebars, preview: false }","meta":{"rootId":"w9moadz0ludd716","id":"k88af9174idabau"},"id":"wp8nwsvstpwewq2","previousOperationId":"3mhyxnrqfgfb8o5"}
{"type":"log","timestamp":1708543194752,"level":"debug","message":"Inline data specified.","meta":{"rootId":"w9moadz0ludd716","id":"k88af9174idabau"},"id":"8yiij78u7jneecq","previousOperationId":"3mhyxnrqfgfb8o5"}
{"type":"log","timestamp":1708543194753,"level":"debug","message":"Base url not specified, skipping its injection.","meta":{"rootId":"w9moadz0ludd716","id":"k88af9174idabau"},"id":"647ksfnavlsh012","previousOperationId":"3mhyxnrqfgfb8o5"}
{"type":"operationStart","subtype":"engine","name":"handlebars","timestamp":1708543194753,"id":"4bddzqpm9tqb513","previousEventId":"749dnked5o71dw5","operationId":"dwkefeb586h5owf","previousOperationId":"3mhyxnrqfgfb8o5"}
{"type":"log","timestamp":1708543194753,"level":"debug","message":"Rendering engine handlebars","meta":{"rootId":"w9moadz0ludd716","id":"k88af9174idabau"},"id":"bvxk96vcujmmyz4","previousOperationId":"dwkefeb586h5owf"}
{"type":"operationEnd","operationId":"dwkefeb586h5owf","timestamp":1708543194756,"id":"bzloxmygo53wvxn","previousEventId":"4bddzqpm9tqb513","previousOperationId":"dwkefeb586h5owf"}
{"type":"operationStart","subtype":"recipe","name":"chrome-pdf","timestamp":1708543194756,"id":"etopyer63s8btxy","previousEventId":"bzloxmygo53wvxn","operationId":"thbnrorm2wic0rt","previousOperationId":"dwkefeb586h5owf"}
{"type":"log","timestamp":1708543194756,"level":"debug","message":"Executing recipe chrome-pdf","meta":{"rootId":"w9moadz0ludd716","id":"k88af9174idabau"},"id":"ilpw6na22e1jed5","previousOperationId":"thbnrorm2wic0rt"}
{"type":"log","timestamp":1708543194756,"level":"debug","message":"Converting with chrome HeadlessChrome/117.0.5938.149 using chrome-pool strategy","meta":{"rootId":"w9moadz0ludd716","id":"k88af9174idabau"},"id":"72vj4b7g8ol1kb7","previousOperationId":"thbnrorm2wic0rt"}
{"type":"log","timestamp":1708543194794,"level":"debug","message":"Page request: GET (document) file:///var/folders/tp/6hccbwhd41s4hkmxw_2wkz640000gn/T/jsreport/autocleanup/0a77ad90-f69e-4cdf-8c2e-5d79205739cc-chrome-pdf.html","meta":{"rootId":"w9moadz0ludd716","id":"k88af9174idabau"},"id":"ccps7ndwmf1s54t","previousOperationId":"thbnrorm2wic0rt"}
{"type":"log","timestamp":1708543194799,"level":"debug","message":"Page request: GET (stylesheet) https://cdnjs.cloudflare.com/ajax/libs/metro/4.1.5/css/metro.min.css","meta":{"rootId":"w9moadz0ludd716","id":"k88af9174idabau"},"id":"7llv26dqx9ep1mc","previousOperationId":"thbnrorm2wic0rt"}
{"type":"log","timestamp":1708543194799,"level":"debug","message":"Page request finished: GET (document) 200 file:///var/folders/tp/6hccbwhd41s4hkmxw_2wkz640000gn/T/jsreport/autocleanup/0a77ad90-f69e-4cdf-8c2e-5d79205739cc-chrome-pdf.html","meta":{"rootId":"w9moadz0ludd716","id":"k88af9174idabau"},"id":"zgcyvqhc0demslc","previousOperationId":"thbnrorm2wic0rt"}
{"type":"log","timestamp":1708543194806,"level":"debug","message":"Page request finished: GET (stylesheet) 200 https://cdnjs.cloudflare.com/ajax/libs/metro/4.1.5/css/metro.min.css","meta":{"rootId":"w9moadz0ludd716","id":"k88af9174idabau"},"id":"w1nr1iqbip6oueo","previousOperationId":"thbnrorm2wic0rt"}
{"type":"log","timestamp":1708543194818,"level":"debug","message":"Running chrome with params {\"printBackground\":true,\"marginTop\":\"1.5cm\",\"marginRight\":\"1.5cm\",\"marginLeft\":\"1.cm\",\"timeout\":59687,\"margin\":{\"top\":\"1.5cm\",\"right\":\"1.5cm\",\"left\":\"1.cm\"}}","meta":{"rootId":"w9moadz0ludd716","id":"k88af9174idabau"},"id":"khh0g1oh2szet99","previousOperationId":"thbnrorm2wic0rt"}
{"type":"operationEnd","operationId":"thbnrorm2wic0rt","timestamp":1708543194832,"id":"2rkvzaubunzevxo","previousEventId":"etopyer63s8btxy","previousOperationId":"thbnrorm2wic0rt"}
{"type":"log","timestamp":1708543194832,"level":"debug","message":"Skipping storing report.","meta":{"rootId":"w9moadz0ludd716","id":"k88af9174idabau"},"id":"x878o9kk3bzqyb7","previousOperationId":"thbnrorm2wic0rt"}
{"type":"log","timestamp":1708543194832,"level":"info","message":"Rendering (child) request finished in 389 ms","meta":{"rootId":"w9moadz0ludd716","id":"k88af9174idabau"},"id":"cs9ycv21im5trhv","previousOperationId":"thbnrorm2wic0rt"}
{"type":"operationEnd","subtype":"render","operationId":"3mhyxnrqfgfb8o5","timestamp":1708543194832,"id":"q7mmkkvpp6bxith","previousEventId":"2rkvzaubunzevxo","previousOperationId":"thbnrorm2wic0rt"}
{"type":"operationEnd","operationId":"bijlv6ui1le5m8j","timestamp":1708543194850,"id":"9tu1kwpqutl61e9","previousEventId":"4o78sd4284xbcww","previousOperationId":"bijlv6ui1le5m8j"}
{"type":"log","timestamp":1708543194850,"level":"debug","message":"pdf-utils postproces start","meta":{"rootId":"w9moadz0ludd716","id":"w9moadz0ludd716"},"id":"cf1bgttmjhjyp74","previousOperationId":"bijlv6ui1le5m8j"}
{"type":"log","timestamp":1708543194865,"level":"debug","message":"pdf-utils postproces end","meta":{"rootId":"w9moadz0ludd716","id":"w9moadz0ludd716"},"id":"jsmyekxyys5ulre","previousOperationId":"bijlv6ui1le5m8j"}
{"type":"operationEnd","operationId":"g2sosxx0ni4qkrz","timestamp":1708543194865,"id":"h8lhfg6yzqsbdhz","previousEventId":"9tu1kwpqutl61e9","previousOperationId":"bijlv6ui1le5m8j"}
{"type":"log","timestamp":1708543194865,"level":"info","message":"pdf-utils pdf processing was finished","meta":{"rootId":"w9moadz0ludd716","id":"w9moadz0ludd716"},"id":"nzrjxf37t2elszb","previousOperationId":"g2sosxx0ni4qkrz"}
{"type":"log","timestamp":1708543194865,"level":"debug","message":"Skipping storing report.","meta":{"rootId":"w9moadz0ludd716","id":"w9moadz0ludd716"},"id":"t8emnoaqomb23kn","previousOperationId":"g2sosxx0ni4qkrz"}
{"type":"log","timestamp":1708543194865,"level":"info","message":"Rendering request 33 finished in 422 ms","meta":{"rootId":"w9moadz0ludd716","id":"w9moadz0ludd716"},"id":"rvqe8ijeqng8gab","previousOperationId":"g2sosxx0ni4qkrz"}
{"type":"operationEnd","subtype":"render","operationId":"mu0owme0ura0mim","timestamp":1708543194866,"id":"ckb99kp2j06363g","previousEventId":"h8lhfg6yzqsbdhz","previousOperationId":"g2sosxx0ni4qkrz"}
{"type":"operationEnd","doDiffs":false,"previousEventId":"zyic47b0k6n5kne","previousOperationId":"hgsjz7qr1x76qtw","operationId":"hgsjz7qr1x76qtw","timestamp":1708543194866,"id":"0vpg1u6sk68ikcu"}
