{"type":"operationStart","subtype":"profile","data":{"_id":"6kAJFoCgH1HrhzO4","timestamp":"2024-02-19T16:31:56.269Z","state":"queued","mode":"standard","creationDate":"2024-02-19T16:31:56.271Z","modificationDate":"2024-02-19T16:31:56.271Z","shortid":"Xdb3NP3","$entitySet":"profiles"},"doDiffs":false,"timestamp":1708360316270,"id":"02r0tjzk310smz1","previousOperationId":null,"operationId":"l7j3e5bj0epg1na"}
{"type":"log","level":"info","message":"Render request 22 queued for execution and waiting for available worker","previousOperationId":"l7j3e5bj0epg1na","timestamp":1708360316270,"id":"rdmthz0om1fylrb"}
{"type":"operationStart","subtype":"render","name":"orders-main","previousOperationId":"l7j3e5bj0epg1na","timestamp":1708360316280,"id":"ohs9i447trxwucn","previousEventId":"02r0tjzk310smz1","operationId":"u7bqy50nzz3zvgv"}
{"type":"log","timestamp":1708360316280,"level":"info","message":"Starting rendering request 22","meta":{"rootId":"wv0l4hanc54dyvk","id":"wv0l4hanc54dyvk"},"id":"rephggk5lnjlj3k","previousOperationId":"u7bqy50nzz3zvgv"}
{"type":"log","timestamp":1708360316280,"level":"info","message":"Rendering template { name: orders-main, recipe: chrome-pdf, engine: handlebars, preview: true }","meta":{"rootId":"wv0l4hanc54dyvk","id":"wv0l4hanc54dyvk"},"id":"dn29bq6ihqxo3th","previousOperationId":"u7bqy50nzz3zvgv"}
{"type":"log","timestamp":1708360316282,"level":"debug","message":"Data item not defined for this template.","meta":{"rootId":"wv0l4hanc54dyvk","id":"wv0l4hanc54dyvk"},"id":"mmym4a2k5b7p0wk","previousOperationId":"u7bqy50nzz3zvgv"}
{"type":"log","timestamp":1708360316284,"level":"debug","message":"Executing script orders-script (beforeRender)","meta":{"rootId":"wv0l4hanc54dyvk","id":"wv0l4hanc54dyvk"},"id":"6zqbeju3eclllls","previousOperationId":"u7bqy50nzz3zvgv"}
{"type":"log","timestamp":1708360316301,"level":"debug","message":"Base url not specified, skipping its injection.","meta":{"rootId":"wv0l4hanc54dyvk","id":"wv0l4hanc54dyvk"},"id":"hk2ounshr0tq5lm","previousOperationId":"u7bqy50nzz3zvgv"}
{"type":"operationStart","subtype":"engine","name":"handlebars","timestamp":1708360316301,"id":"qdcwbkkrko3nz7v","previousEventId":"ohs9i447trxwucn","operationId":"9ftdpe8bhu6e8si","previousOperationId":"u7bqy50nzz3zvgv"}
{"type":"log","timestamp":1708360316301,"level":"debug","message":"Rendering engine handlebars","meta":{"rootId":"wv0l4hanc54dyvk","id":"wv0l4hanc54dyvk"},"id":"a7r6bmvhh0bm5gc","previousOperationId":"9ftdpe8bhu6e8si"}
{"type":"operationEnd","operationId":"9ftdpe8bhu6e8si","timestamp":1708360316313,"id":"vtxzkpo6390vcws","previousEventId":"qdcwbkkrko3nz7v","previousOperationId":"9ftdpe8bhu6e8si"}
{"type":"operationStart","subtype":"recipe","name":"chrome-pdf","timestamp":1708360316313,"id":"2tjhllfyohihr67","previousEventId":"vtxzkpo6390vcws","operationId":"dg9h7c4tbltpesl","previousOperationId":"9ftdpe8bhu6e8si"}
{"type":"log","timestamp":1708360316313,"level":"debug","message":"Executing recipe chrome-pdf","meta":{"rootId":"wv0l4hanc54dyvk","id":"wv0l4hanc54dyvk"},"id":"04g84c4vjpv2d0e","previousOperationId":"dg9h7c4tbltpesl"}
{"type":"log","timestamp":1708360316316,"level":"debug","message":"Converting with chrome HeadlessChrome/117.0.5938.149 using chrome-pool strategy","meta":{"rootId":"wv0l4hanc54dyvk","id":"wv0l4hanc54dyvk"},"id":"bwv9iozmjvl6wf6","previousOperationId":"dg9h7c4tbltpesl"}
{"type":"log","timestamp":1708360316375,"level":"debug","message":"Page request: GET (document) file:///var/folders/tp/6hccbwhd41s4hkmxw_2wkz640000gn/T/jsreport/autocleanup/a44f0028-58a1-455d-a073-d353096bb952-chrome-pdf.html","meta":{"rootId":"wv0l4hanc54dyvk","id":"wv0l4hanc54dyvk"},"id":"wk4s5fztjj4xilb","previousOperationId":"dg9h7c4tbltpesl"}
{"type":"log","timestamp":1708360316380,"level":"debug","message":"Page request: GET (stylesheet) https://cdnjs.cloudflare.com/ajax/libs/metro/4.1.5/css/metro.min.css","meta":{"rootId":"wv0l4hanc54dyvk","id":"wv0l4hanc54dyvk"},"id":"um31333ew6nugse","previousOperationId":"dg9h7c4tbltpesl"}
{"type":"log","timestamp":1708360316381,"level":"debug","message":"Page request: GET (script) https://cdn.jsdelivr.net/npm/chart.js","meta":{"rootId":"wv0l4hanc54dyvk","id":"wv0l4hanc54dyvk"},"id":"p2av6plnfc9dqv2","previousOperationId":"dg9h7c4tbltpesl"}
{"type":"log","timestamp":1708360316381,"level":"debug","message":"Page request finished: GET (document) 200 file:///var/folders/tp/6hccbwhd41s4hkmxw_2wkz640000gn/T/jsreport/autocleanup/a44f0028-58a1-455d-a073-d353096bb952-chrome-pdf.html","meta":{"rootId":"wv0l4hanc54dyvk","id":"wv0l4hanc54dyvk"},"id":"mds3ecja9ne9m8p","previousOperationId":"dg9h7c4tbltpesl"}
{"type":"log","timestamp":1708360316389,"level":"debug","message":"Page request finished: GET (stylesheet) 200 https://cdnjs.cloudflare.com/ajax/libs/metro/4.1.5/css/metro.min.css","meta":{"rootId":"wv0l4hanc54dyvk","id":"wv0l4hanc54dyvk"},"id":"5afa588uk0ylg6a","previousOperationId":"dg9h7c4tbltpesl"}
{"type":"log","timestamp":1708360316389,"level":"debug","message":"Page request finished: GET (script) 200 https://cdn.jsdelivr.net/npm/chart.js","meta":{"rootId":"wv0l4hanc54dyvk","id":"wv0l4hanc54dyvk"},"id":"r61gkm5izb0dfj9","previousOperationId":"dg9h7c4tbltpesl"}
{"type":"log","timestamp":1708360316395,"level":"debug","message":"Running chrome with params {\"printBackground\":true,\"marginTop\":\"4cm\",\"marginRight\":\"1.5cm\",\"marginBottom\":\"1.5cm\",\"marginLeft\":\"1.5cm\",\"waitForJS\":false,\"timeout\":59955,\"margin\":{\"top\":\"4cm\",\"right\":\"1.5cm\",\"bottom\":\"1.5cm\",\"left\":\"1.5cm\"}}","meta":{"rootId":"wv0l4hanc54dyvk","id":"wv0l4hanc54dyvk"},"id":"sam2eym126mblqw","previousOperationId":"dg9h7c4tbltpesl"}
{"type":"operationEnd","operationId":"dg9h7c4tbltpesl","timestamp":1708360316404,"id":"3kamqg9wxtim6d7","previousEventId":"2tjhllfyohihr67","previousOperationId":"dg9h7c4tbltpesl"}
{"type":"log","timestamp":1708360316404,"level":"info","message":"pdf-utils is starting pdf processing","meta":{"rootId":"wv0l4hanc54dyvk","id":"wv0l4hanc54dyvk"},"id":"id7raqg5tepnc81","previousOperationId":"dg9h7c4tbltpesl"}
{"type":"operationStart","subtype":"pdfUtils","name":"pdf utils","timestamp":1708360316404,"id":"awm17ndz48gl4im","previousEventId":"3kamqg9wxtim6d7","operationId":"cv1lixq5sjw92uu","previousOperationId":"dg9h7c4tbltpesl"}
{"type":"log","timestamp":1708360316404,"level":"debug","message":"pdf-utils detected 1 pdf operation(s) to process","meta":{"rootId":"wv0l4hanc54dyvk","id":"wv0l4hanc54dyvk"},"id":"i7rqqb0fvyi78m2","previousOperationId":"cv1lixq5sjw92uu"}
{"type":"log","timestamp":1708360316407,"level":"debug","message":"pdf-utils running pdf operation merge","meta":{"rootId":"wv0l4hanc54dyvk","id":"wv0l4hanc54dyvk"},"id":"14rbs62rpgrwsu2","previousOperationId":"cv1lixq5sjw92uu"}
{"type":"operationStart","subtype":"pdfUtilsMerge","name":"pdf utils merge","previousOperationId":"cv1lixq5sjw92uu","timestamp":1708360316407,"id":"ioy9rvtgm16f2hc","previousEventId":"awm17ndz48gl4im","operationId":"ryq2dbfkmtyhp24"}
{"type":"operationStart","subtype":"render","name":"orders-header","previousOperationId":"ryq2dbfkmtyhp24","timestamp":1708360316407,"id":"r6nlq889bgnpp00","previousEventId":"ioy9rvtgm16f2hc","operationId":"meo86apomrvvhu0"}
{"type":"log","timestamp":1708360316407,"level":"info","message":"Starting rendering (child) request","meta":{"rootId":"wv0l4hanc54dyvk","id":"a072orskvwirnnz"},"id":"u8hvq1lcevwgkta","previousOperationId":"meo86apomrvvhu0"}
{"type":"log","timestamp":1708360316408,"level":"info","message":"Rendering template { name: orders-header, recipe: chrome-pdf, engine: handlebars, preview: true }","meta":{"rootId":"wv0l4hanc54dyvk","id":"a072orskvwirnnz"},"id":"63ycjkn67cdgvfl","previousOperationId":"meo86apomrvvhu0"}
{"type":"log","timestamp":1708360316408,"level":"debug","message":"Inline data specified.","meta":{"rootId":"wv0l4hanc54dyvk","id":"a072orskvwirnnz"},"id":"aqf6avo45d02nzr","previousOperationId":"meo86apomrvvhu0"}
{"type":"log","timestamp":1708360316409,"level":"debug","message":"Base url not specified, skipping its injection.","meta":{"rootId":"wv0l4hanc54dyvk","id":"a072orskvwirnnz"},"id":"dooh6d4tetx2ppg","previousOperationId":"meo86apomrvvhu0"}
{"type":"operationStart","subtype":"engine","name":"handlebars","timestamp":1708360316409,"id":"asyvtgw810dukuh","previousEventId":"r6nlq889bgnpp00","operationId":"hy08k1bwhzmiuni","previousOperationId":"meo86apomrvvhu0"}
{"type":"log","timestamp":1708360316409,"level":"debug","message":"Rendering engine handlebars","meta":{"rootId":"wv0l4hanc54dyvk","id":"a072orskvwirnnz"},"id":"a8gw91svst3lzws","previousOperationId":"hy08k1bwhzmiuni"}
{"type":"operationEnd","operationId":"hy08k1bwhzmiuni","timestamp":1708360316414,"id":"shujv72msddvwqr","previousEventId":"asyvtgw810dukuh","previousOperationId":"hy08k1bwhzmiuni"}
{"type":"operationStart","subtype":"recipe","name":"chrome-pdf","timestamp":1708360316414,"id":"llgmktc786mm11n","previousEventId":"shujv72msddvwqr","operationId":"d86t57j7g6v1hc9","previousOperationId":"hy08k1bwhzmiuni"}
{"type":"log","timestamp":1708360316414,"level":"debug","message":"Executing recipe chrome-pdf","meta":{"rootId":"wv0l4hanc54dyvk","id":"a072orskvwirnnz"},"id":"rytmedhlwduucsj","previousOperationId":"d86t57j7g6v1hc9"}
{"type":"log","timestamp":1708360316415,"level":"debug","message":"Converting with chrome HeadlessChrome/117.0.5938.149 using chrome-pool strategy","meta":{"rootId":"wv0l4hanc54dyvk","id":"a072orskvwirnnz"},"id":"3wds3gq0i198b67","previousOperationId":"d86t57j7g6v1hc9"}
{"type":"log","timestamp":1708360316453,"level":"debug","message":"Page request: GET (document) file:///var/folders/tp/6hccbwhd41s4hkmxw_2wkz640000gn/T/jsreport/autocleanup/f34b3937-241b-47eb-be10-d48908868c51-chrome-pdf.html","meta":{"rootId":"wv0l4hanc54dyvk","id":"a072orskvwirnnz"},"id":"lt57rp9s917zi1a","previousOperationId":"d86t57j7g6v1hc9"}
{"type":"log","timestamp":1708360316458,"level":"debug","message":"Page request: GET (stylesheet) https://cdnjs.cloudflare.com/ajax/libs/metro/4.1.5/css/metro.min.css","meta":{"rootId":"wv0l4hanc54dyvk","id":"a072orskvwirnnz"},"id":"dm54i5523yg0nrc","previousOperationId":"d86t57j7g6v1hc9"}
{"type":"log","timestamp":1708360316459,"level":"debug","message":"Page request finished: GET (document) 200 file:///var/folders/tp/6hccbwhd41s4hkmxw_2wkz640000gn/T/jsreport/autocleanup/f34b3937-241b-47eb-be10-d48908868c51-chrome-pdf.html","meta":{"rootId":"wv0l4hanc54dyvk","id":"a072orskvwirnnz"},"id":"1mqcuh7bheh9hml","previousOperationId":"d86t57j7g6v1hc9"}
{"type":"log","timestamp":1708360316466,"level":"debug","message":"Page request finished: GET (stylesheet) 200 https://cdnjs.cloudflare.com/ajax/libs/metro/4.1.5/css/metro.min.css","meta":{"rootId":"wv0l4hanc54dyvk","id":"a072orskvwirnnz"},"id":"pbz47e6lte3fs1a","previousOperationId":"d86t57j7g6v1hc9"}
{"type":"log","timestamp":1708360316479,"level":"debug","message":"Running chrome with params {\"printBackground\":true,\"marginTop\":\"1.5cm\",\"marginRight\":\"1.5cm\",\"marginLeft\":\"1.cm\",\"timeout\":59855,\"margin\":{\"top\":\"1.5cm\",\"right\":\"1.5cm\",\"left\":\"1.cm\"}}","meta":{"rootId":"wv0l4hanc54dyvk","id":"a072orskvwirnnz"},"id":"ono4u2px6chwr1b","previousOperationId":"d86t57j7g6v1hc9"}
{"type":"operationEnd","operationId":"d86t57j7g6v1hc9","timestamp":1708360316492,"id":"zdqas84i3cditde","previousEventId":"llgmktc786mm11n","previousOperationId":"d86t57j7g6v1hc9"}
{"type":"log","timestamp":1708360316492,"level":"debug","message":"Skipping storing report.","meta":{"rootId":"wv0l4hanc54dyvk","id":"a072orskvwirnnz"},"id":"97i809tyyabsth3","previousOperationId":"d86t57j7g6v1hc9"}
{"type":"log","timestamp":1708360316492,"level":"info","message":"Rendering (child) request finished in 223 ms","meta":{"rootId":"wv0l4hanc54dyvk","id":"a072orskvwirnnz"},"id":"9dm6v1g2e19s2vp","previousOperationId":"d86t57j7g6v1hc9"}
{"type":"operationEnd","subtype":"render","operationId":"meo86apomrvvhu0","timestamp":1708360316492,"id":"3ryg0nan0q4j862","previousEventId":"zdqas84i3cditde","previousOperationId":"d86t57j7g6v1hc9"}
{"type":"operationEnd","operationId":"ryq2dbfkmtyhp24","timestamp":1708360316502,"id":"qmn7rdb8ax6odmh","previousEventId":"ioy9rvtgm16f2hc","previousOperationId":"ryq2dbfkmtyhp24"}
{"type":"log","timestamp":1708360316502,"level":"debug","message":"pdf-utils postproces start","meta":{"rootId":"wv0l4hanc54dyvk","id":"wv0l4hanc54dyvk"},"id":"q0at3lznq33uyzf","previousOperationId":"ryq2dbfkmtyhp24"}
{"type":"log","timestamp":1708360316507,"level":"debug","message":"pdf-utils postproces end","meta":{"rootId":"wv0l4hanc54dyvk","id":"wv0l4hanc54dyvk"},"id":"364s0xyipinx2ji","previousOperationId":"ryq2dbfkmtyhp24"}
{"type":"operationEnd","operationId":"cv1lixq5sjw92uu","timestamp":1708360316507,"id":"d2j61f6m9n0hnj5","previousEventId":"qmn7rdb8ax6odmh","previousOperationId":"ryq2dbfkmtyhp24"}
{"type":"log","timestamp":1708360316507,"level":"info","message":"pdf-utils pdf processing was finished","meta":{"rootId":"wv0l4hanc54dyvk","id":"wv0l4hanc54dyvk"},"id":"1lrtsmjnsohyrzi","previousOperationId":"cv1lixq5sjw92uu"}
{"type":"log","timestamp":1708360316507,"level":"debug","message":"Skipping storing report.","meta":{"rootId":"wv0l4hanc54dyvk","id":"wv0l4hanc54dyvk"},"id":"i9oaye50y8077lm","previousOperationId":"cv1lixq5sjw92uu"}
{"type":"log","timestamp":1708360316507,"level":"info","message":"Rendering request 22 finished in 238 ms","meta":{"rootId":"wv0l4hanc54dyvk","id":"wv0l4hanc54dyvk"},"id":"iiel6q8qr2ouykk","previousOperationId":"cv1lixq5sjw92uu"}
{"type":"operationEnd","subtype":"render","operationId":"u7bqy50nzz3zvgv","timestamp":1708360316507,"id":"hi7801vfabu61qd","previousEventId":"d2j61f6m9n0hnj5","previousOperationId":"cv1lixq5sjw92uu"}
{"type":"operationEnd","doDiffs":false,"previousEventId":"02r0tjzk310smz1","previousOperationId":"l7j3e5bj0epg1na","operationId":"l7j3e5bj0epg1na","timestamp":1708360316511,"id":"akvfmfdkfbfd1eb"}
