{"type":"operationStart","subtype":"profile","data":{"_id":"oB3ZHIaHwNHzzFX8","timestamp":"2024-02-19T16:40:35.500Z","state":"queued","mode":"standard","creationDate":"2024-02-19T16:40:35.502Z","modificationDate":"2024-02-19T16:40:35.502Z","shortid":"ymtJXwj","$entitySet":"profiles"},"doDiffs":false,"timestamp":1708360835501,"id":"p2ccln5lhpo3hye","previousOperationId":null,"operationId":"naku1hbun1pczfd"}
{"type":"log","level":"info","message":"Render request 36 queued for execution and waiting for available worker","previousOperationId":"naku1hbun1pczfd","timestamp":1708360835501,"id":"6e92hlmluvbgdn0"}
{"type":"operationStart","subtype":"render","name":"orders-main","previousOperationId":"naku1hbun1pczfd","timestamp":1708360835513,"id":"b3zk62n53bi65u2","previousEventId":"p2ccln5lhpo3hye","operationId":"cg6zcva1nuf7bav"}
{"type":"log","timestamp":1708360835514,"level":"info","message":"Starting rendering request 36","meta":{"rootId":"xrewtdct8964uew","id":"xrewtdct8964uew"},"id":"u1fje8qenid0ng7","previousOperationId":"cg6zcva1nuf7bav"}
{"type":"log","timestamp":1708360835517,"level":"info","message":"Rendering template { name: orders-main, recipe: chrome-pdf, engine: handlebars, preview: true }","meta":{"rootId":"xrewtdct8964uew","id":"xrewtdct8964uew"},"id":"ux162bp3orf8zwy","previousOperationId":"cg6zcva1nuf7bav"}
{"type":"log","timestamp":1708360835527,"level":"debug","message":"Data item not defined for this template.","meta":{"rootId":"xrewtdct8964uew","id":"xrewtdct8964uew"},"id":"m6fyvy5ggyym6t4","previousOperationId":"cg6zcva1nuf7bav"}
{"type":"log","timestamp":1708360835529,"level":"debug","message":"Executing script orders-script (beforeRender)","meta":{"rootId":"xrewtdct8964uew","id":"xrewtdct8964uew"},"id":"27h5r6vtsfenpd8","previousOperationId":"cg6zcva1nuf7bav"}
{"type":"log","timestamp":1708360835655,"level":"debug","message":"Base url not specified, skipping its injection.","meta":{"rootId":"xrewtdct8964uew","id":"xrewtdct8964uew"},"id":"nouh8eyllxwpuie","previousOperationId":"cg6zcva1nuf7bav"}
{"type":"operationStart","subtype":"engine","name":"handlebars","timestamp":1708360835655,"id":"xapedn8mj5c5pqn","previousEventId":"b3zk62n53bi65u2","operationId":"8lnrghb2sar9lt7","previousOperationId":"cg6zcva1nuf7bav"}
{"type":"log","timestamp":1708360835655,"level":"debug","message":"Rendering engine handlebars","meta":{"rootId":"xrewtdct8964uew","id":"xrewtdct8964uew"},"id":"huzqh0zjc3u14u3","previousOperationId":"8lnrghb2sar9lt7"}
{"type":"operationEnd","operationId":"8lnrghb2sar9lt7","timestamp":1708360835844,"id":"n6wllecc91cb34c","previousEventId":"xapedn8mj5c5pqn","previousOperationId":"8lnrghb2sar9lt7"}
{"type":"operationStart","subtype":"recipe","name":"chrome-pdf","timestamp":1708360835845,"id":"52ugoniolstqdpk","previousEventId":"n6wllecc91cb34c","operationId":"rho2bm566mwebxd","previousOperationId":"8lnrghb2sar9lt7"}
{"type":"log","timestamp":1708360835845,"level":"debug","message":"Executing recipe chrome-pdf","meta":{"rootId":"xrewtdct8964uew","id":"xrewtdct8964uew"},"id":"in88pwyak2yrqag","previousOperationId":"rho2bm566mwebxd"}
{"type":"log","timestamp":1708360836592,"level":"debug","message":"Converting with chrome HeadlessChrome/117.0.5938.149 using chrome-pool strategy","meta":{"rootId":"xrewtdct8964uew","id":"xrewtdct8964uew"},"id":"vwusk047qa7kh27","previousOperationId":"rho2bm566mwebxd"}
{"type":"log","timestamp":1708360836642,"level":"debug","message":"Page request: GET (document) file:///var/folders/tp/6hccbwhd41s4hkmxw_2wkz640000gn/T/jsreport/autocleanup/13a420e9-702e-4957-988b-6c15c1093d27-chrome-pdf.html","meta":{"rootId":"xrewtdct8964uew","id":"xrewtdct8964uew"},"id":"qweiqbrp9u99yoq","previousOperationId":"rho2bm566mwebxd"}
{"type":"log","timestamp":1708360836647,"level":"debug","message":"Page request: GET (stylesheet) https://cdnjs.cloudflare.com/ajax/libs/metro/4.1.5/css/metro.min.css","meta":{"rootId":"xrewtdct8964uew","id":"xrewtdct8964uew"},"id":"l3wvr0dknc0idpk","previousOperationId":"rho2bm566mwebxd"}
{"type":"log","timestamp":1708360836648,"level":"debug","message":"Page request: GET (script) https://cdn.jsdelivr.net/npm/chart.js","meta":{"rootId":"xrewtdct8964uew","id":"xrewtdct8964uew"},"id":"xtzr5oijob3pcm8","previousOperationId":"rho2bm566mwebxd"}
{"type":"log","timestamp":1708360836648,"level":"debug","message":"Page request finished: GET (document) 200 file:///var/folders/tp/6hccbwhd41s4hkmxw_2wkz640000gn/T/jsreport/autocleanup/13a420e9-702e-4957-988b-6c15c1093d27-chrome-pdf.html","meta":{"rootId":"xrewtdct8964uew","id":"xrewtdct8964uew"},"id":"0flxm61239sl3vy","previousOperationId":"rho2bm566mwebxd"}
{"type":"log","timestamp":1708360837133,"level":"debug","message":"Page request finished: GET (stylesheet) 200 https://cdnjs.cloudflare.com/ajax/libs/metro/4.1.5/css/metro.min.css","meta":{"rootId":"xrewtdct8964uew","id":"xrewtdct8964uew"},"id":"qfz2q0s5cahjbyh","previousOperationId":"rho2bm566mwebxd"}
{"type":"log","timestamp":1708360837211,"level":"debug","message":"Page request finished: GET (script) 200 https://cdn.jsdelivr.net/npm/chart.js","meta":{"rootId":"xrewtdct8964uew","id":"xrewtdct8964uew"},"id":"pwzy33pwtpk35jb","previousOperationId":"rho2bm566mwebxd"}
{"type":"log","timestamp":1708360837224,"level":"debug","message":"Running chrome with params {\"printBackground\":true,\"marginTop\":\"4cm\",\"marginRight\":\"1.5cm\",\"marginBottom\":\"1.5cm\",\"marginLeft\":\"1.5cm\",\"waitForJS\":false,\"timeout\":59295,\"margin\":{\"top\":\"4cm\",\"right\":\"1.5cm\",\"bottom\":\"1.5cm\",\"left\":\"1.5cm\"}}","meta":{"rootId":"xrewtdct8964uew","id":"xrewtdct8964uew"},"id":"0sb6wsxmicdem9t","previousOperationId":"rho2bm566mwebxd"}
{"type":"operationEnd","operationId":"rho2bm566mwebxd","timestamp":1708360837236,"id":"o0010521vwabqfc","previousEventId":"52ugoniolstqdpk","previousOperationId":"rho2bm566mwebxd"}
{"type":"log","timestamp":1708360837236,"level":"info","message":"pdf-utils is starting pdf processing","meta":{"rootId":"xrewtdct8964uew","id":"xrewtdct8964uew"},"id":"n8mjyqjaeo4etph","previousOperationId":"rho2bm566mwebxd"}
{"type":"operationStart","subtype":"pdfUtils","name":"pdf utils","timestamp":1708360837338,"id":"vf58khxddxx8zal","previousEventId":"o0010521vwabqfc","operationId":"trqcou7faxh1kri","previousOperationId":"rho2bm566mwebxd"}
{"type":"log","timestamp":1708360837338,"level":"debug","message":"pdf-utils detected 1 pdf operation(s) to process","meta":{"rootId":"xrewtdct8964uew","id":"xrewtdct8964uew"},"id":"do0k7g44xlkcn6y","previousOperationId":"trqcou7faxh1kri"}
{"type":"log","timestamp":1708360837417,"level":"debug","message":"pdf-utils running pdf operation merge","meta":{"rootId":"xrewtdct8964uew","id":"xrewtdct8964uew"},"id":"uyn789rnzkbxdww","previousOperationId":"trqcou7faxh1kri"}
{"type":"operationStart","subtype":"pdfUtilsMerge","name":"pdf utils merge","previousOperationId":"trqcou7faxh1kri","timestamp":1708360837417,"id":"37grffy4b0y8nxz","previousEventId":"vf58khxddxx8zal","operationId":"brypbwhz3yafads"}
{"type":"operationStart","subtype":"render","name":"orders-header","previousOperationId":"brypbwhz3yafads","timestamp":1708360837417,"id":"u3k54uhsvhn6zq2","previousEventId":"37grffy4b0y8nxz","operationId":"gbuq755c5t7qqvj"}
{"type":"log","timestamp":1708360837417,"level":"info","message":"Starting rendering (child) request","meta":{"rootId":"xrewtdct8964uew","id":"ygwrbjmqjzl4tli"},"id":"gm0x5hq4zb2pewe","previousOperationId":"gbuq755c5t7qqvj"}
{"type":"log","timestamp":1708360837418,"level":"info","message":"Rendering template { name: orders-header, recipe: chrome-pdf, engine: handlebars, preview: true }","meta":{"rootId":"xrewtdct8964uew","id":"ygwrbjmqjzl4tli"},"id":"0xlfbh22h0rvq40","previousOperationId":"gbuq755c5t7qqvj"}
{"type":"log","timestamp":1708360837418,"level":"debug","message":"Inline data specified.","meta":{"rootId":"xrewtdct8964uew","id":"ygwrbjmqjzl4tli"},"id":"b7auwleap0r7ok6","previousOperationId":"gbuq755c5t7qqvj"}
{"type":"log","timestamp":1708360837419,"level":"debug","message":"Base url not specified, skipping its injection.","meta":{"rootId":"xrewtdct8964uew","id":"ygwrbjmqjzl4tli"},"id":"o18yt0agnvr26e5","previousOperationId":"gbuq755c5t7qqvj"}
{"type":"operationStart","subtype":"engine","name":"handlebars","timestamp":1708360837419,"id":"mjz69iyhxyg95ik","previousEventId":"u3k54uhsvhn6zq2","operationId":"pnlgo8u0y0cjsdn","previousOperationId":"gbuq755c5t7qqvj"}
{"type":"log","timestamp":1708360837419,"level":"debug","message":"Rendering engine handlebars","meta":{"rootId":"xrewtdct8964uew","id":"ygwrbjmqjzl4tli"},"id":"snatnl7tqvs11rc","previousOperationId":"pnlgo8u0y0cjsdn"}
{"type":"operationEnd","operationId":"pnlgo8u0y0cjsdn","timestamp":1708360837429,"id":"2vonk3cdfneoc80","previousEventId":"mjz69iyhxyg95ik","previousOperationId":"pnlgo8u0y0cjsdn"}
{"type":"operationStart","subtype":"recipe","name":"chrome-pdf","timestamp":1708360837429,"id":"d80hb192bueqcrh","previousEventId":"2vonk3cdfneoc80","operationId":"rt5pmuuzst1cc8x","previousOperationId":"pnlgo8u0y0cjsdn"}
{"type":"log","timestamp":1708360837429,"level":"debug","message":"Executing recipe chrome-pdf","meta":{"rootId":"xrewtdct8964uew","id":"ygwrbjmqjzl4tli"},"id":"rkb90tknnm4tx6e","previousOperationId":"rt5pmuuzst1cc8x"}
{"type":"log","timestamp":1708360837434,"level":"debug","message":"Converting with chrome HeadlessChrome/117.0.5938.149 using chrome-pool strategy","meta":{"rootId":"xrewtdct8964uew","id":"ygwrbjmqjzl4tli"},"id":"n20kc75ekux0u4n","previousOperationId":"rt5pmuuzst1cc8x"}
{"type":"log","timestamp":1708360837475,"level":"debug","message":"Page request: GET (document) file:///var/folders/tp/6hccbwhd41s4hkmxw_2wkz640000gn/T/jsreport/autocleanup/802ed6a5-d341-438d-8599-66661ab99ef7-chrome-pdf.html","meta":{"rootId":"xrewtdct8964uew","id":"ygwrbjmqjzl4tli"},"id":"vkux3g9c6dxv3vp","previousOperationId":"rt5pmuuzst1cc8x"}
{"type":"log","timestamp":1708360837480,"level":"debug","message":"Page request: GET (stylesheet) https://cdnjs.cloudflare.com/ajax/libs/metro/4.1.5/css/metro.min.css","meta":{"rootId":"xrewtdct8964uew","id":"ygwrbjmqjzl4tli"},"id":"28fauxh0ct803o9","previousOperationId":"rt5pmuuzst1cc8x"}
{"type":"log","timestamp":1708360837480,"level":"debug","message":"Page request finished: GET (document) 200 file:///var/folders/tp/6hccbwhd41s4hkmxw_2wkz640000gn/T/jsreport/autocleanup/802ed6a5-d341-438d-8599-66661ab99ef7-chrome-pdf.html","meta":{"rootId":"xrewtdct8964uew","id":"ygwrbjmqjzl4tli"},"id":"hbh9xto8tr02nby","previousOperationId":"rt5pmuuzst1cc8x"}
{"type":"log","timestamp":1708360837487,"level":"debug","message":"Page request finished: GET (stylesheet) 200 https://cdnjs.cloudflare.com/ajax/libs/metro/4.1.5/css/metro.min.css","meta":{"rootId":"xrewtdct8964uew","id":"ygwrbjmqjzl4tli"},"id":"haoem4gfbhtm5lo","previousOperationId":"rt5pmuuzst1cc8x"}
{"type":"log","timestamp":1708360837502,"level":"debug","message":"Running chrome with params {\"printBackground\":true,\"marginTop\":\"1.5cm\",\"marginRight\":\"1.5cm\",\"marginLeft\":\"1.cm\",\"timeout\":58067,\"margin\":{\"top\":\"1.5cm\",\"right\":\"1.5cm\",\"left\":\"1.cm\"}}","meta":{"rootId":"xrewtdct8964uew","id":"ygwrbjmqjzl4tli"},"id":"jqqe1xi3527bn03","previousOperationId":"rt5pmuuzst1cc8x"}
{"type":"operationEnd","operationId":"rt5pmuuzst1cc8x","timestamp":1708360837521,"id":"wqr5slabr3b5nwx","previousEventId":"d80hb192bueqcrh","previousOperationId":"rt5pmuuzst1cc8x"}
{"type":"log","timestamp":1708360837521,"level":"debug","message":"Skipping storing report.","meta":{"rootId":"xrewtdct8964uew","id":"ygwrbjmqjzl4tli"},"id":"fu57g749wteq8zp","previousOperationId":"rt5pmuuzst1cc8x"}
{"type":"log","timestamp":1708360837521,"level":"info","message":"Rendering (child) request finished in 2021 ms","meta":{"rootId":"xrewtdct8964uew","id":"ygwrbjmqjzl4tli"},"id":"hl51tfxh27e2xe7","previousOperationId":"rt5pmuuzst1cc8x"}
{"type":"operationEnd","subtype":"render","operationId":"gbuq755c5t7qqvj","timestamp":1708360837521,"id":"rdu7bqe44tf2ng0","previousEventId":"wqr5slabr3b5nwx","previousOperationId":"rt5pmuuzst1cc8x"}
{"type":"operationEnd","operationId":"brypbwhz3yafads","timestamp":1708360837537,"id":"ej8grqdbahlasgj","previousEventId":"37grffy4b0y8nxz","previousOperationId":"brypbwhz3yafads"}
{"type":"log","timestamp":1708360837537,"level":"debug","message":"pdf-utils postproces start","meta":{"rootId":"xrewtdct8964uew","id":"xrewtdct8964uew"},"id":"sp8opoho94u12sg","previousOperationId":"brypbwhz3yafads"}
{"type":"log","timestamp":1708360837545,"level":"debug","message":"pdf-utils postproces end","meta":{"rootId":"xrewtdct8964uew","id":"xrewtdct8964uew"},"id":"9302pntnazcmj19","previousOperationId":"brypbwhz3yafads"}
{"type":"operationEnd","operationId":"trqcou7faxh1kri","timestamp":1708360837545,"id":"g2tovazj7hl4gwl","previousEventId":"ej8grqdbahlasgj","previousOperationId":"brypbwhz3yafads"}
{"type":"log","timestamp":1708360837545,"level":"info","message":"pdf-utils pdf processing was finished","meta":{"rootId":"xrewtdct8964uew","id":"xrewtdct8964uew"},"id":"t86nlfmk1a11enj","previousOperationId":"trqcou7faxh1kri"}
{"type":"log","timestamp":1708360837545,"level":"debug","message":"Skipping storing report.","meta":{"rootId":"xrewtdct8964uew","id":"xrewtdct8964uew"},"id":"iu1idorcj54ycts","previousOperationId":"trqcou7faxh1kri"}
{"type":"log","timestamp":1708360837545,"level":"info","message":"Rendering request 36 finished in 2045 ms","meta":{"rootId":"xrewtdct8964uew","id":"xrewtdct8964uew"},"id":"7gmbfo4s894ov6q","previousOperationId":"trqcou7faxh1kri"}
{"type":"operationEnd","subtype":"render","operationId":"cg6zcva1nuf7bav","timestamp":1708360837545,"id":"bebi3gqncy39uqf","previousEventId":"g2tovazj7hl4gwl","previousOperationId":"trqcou7faxh1kri"}
{"type":"operationEnd","doDiffs":false,"previousEventId":"p2ccln5lhpo3hye","previousOperationId":"naku1hbun1pczfd","operationId":"naku1hbun1pczfd","timestamp":1708360837547,"id":"a00901ho4vctoit"}
