{"type":"operationStart","subtype":"profile","data":{"_id":"T2OzbaAzFGW5WRu3","timestamp":"2024-02-21T18:22:12.860Z","state":"queued","mode":"standard","creationDate":"2024-02-21T18:22:12.861Z","modificationDate":"2024-02-21T18:22:12.861Z","shortid":"c468qVS","$entitySet":"profiles"},"doDiffs":false,"timestamp":1708539732861,"id":"2v0stptk0yefofg","previousOperationId":null,"operationId":"hcerwdm2a13t3m7"}
{"type":"log","level":"info","message":"Render request 5 queued for execution and waiting for available worker","previousOperationId":"hcerwdm2a13t3m7","timestamp":1708539732861,"id":"yy8l107qz846zj7"}
{"type":"operationStart","subtype":"render","name":"orders-main","previousOperationId":"hcerwdm2a13t3m7","timestamp":1708539732869,"id":"tb7kftef70bc1ep","previousEventId":"2v0stptk0yefofg","operationId":"p896g6sxbqnuilg"}
{"type":"log","timestamp":1708539732869,"level":"info","message":"Starting rendering request 5","meta":{"rootId":"ytaxi660px2qq6h","id":"ytaxi660px2qq6h"},"id":"tfjhc572io43rke","previousOperationId":"p896g6sxbqnuilg"}
{"type":"log","timestamp":1708539732870,"level":"info","message":"Rendering template { name: orders-main, recipe: chrome-pdf, engine: handlebars, preview: true }","meta":{"rootId":"ytaxi660px2qq6h","id":"ytaxi660px2qq6h"},"id":"hfk30qo3orq08wp","previousOperationId":"p896g6sxbqnuilg"}
{"type":"log","timestamp":1708539732871,"level":"debug","message":"Data item not defined for this template.","meta":{"rootId":"ytaxi660px2qq6h","id":"ytaxi660px2qq6h"},"id":"stpuab8eaa5svxt","previousOperationId":"p896g6sxbqnuilg"}
{"type":"log","timestamp":1708539732878,"level":"debug","message":"Executing script orders-script (beforeRender)","meta":{"rootId":"ytaxi660px2qq6h","id":"ytaxi660px2qq6h"},"id":"qflehf8uhp77l8w","previousOperationId":"p896g6sxbqnuilg"}
{"type":"operationStart","subtype":"scriptsBeforeRender","name":"scripts beforeRender","timestamp":1708539732908,"id":"k3cf9dv81m2of3p","previousEventId":"tb7kftef70bc1ep","operationId":"nas6sryyjn5yfyn","previousOperationId":"p896g6sxbqnuilg"}
{"type":"operationStart","subtype":"script","name":"scripts orders-script","previousOperationId":"nas6sryyjn5yfyn","timestamp":1708539732908,"id":"5y9u0fn6bbpiath","previousEventId":"k3cf9dv81m2of3p","operationId":"cf2yxb18w4s60j9"}
{"type":"log","timestamp":1708539732924,"level":"debug","message":"(console:log) [ 'ola', 'oola', 'Race1', 'Race2' ]","meta":{"userLevel":true,"rootId":"ytaxi660px2qq6h","id":"ytaxi660px2qq6h"},"id":"xwv1s3gu9bxqlka","previousOperationId":"cf2yxb18w4s60j9"}
{"type":"log","timestamp":1708539732924,"level":"debug","message":"(console:log) [ 0, 0, 1, 1 ]","meta":{"userLevel":true,"rootId":"ytaxi660px2qq6h","id":"ytaxi660px2qq6h"},"id":"vqc3dofv76087vx","previousOperationId":"cf2yxb18w4s60j9"}
{"type":"operationEnd","operationId":"cf2yxb18w4s60j9","timestamp":1708539732924,"id":"3thz94cbgvawy3g","previousEventId":"tb7kftef70bc1ep","previousOperationId":"p896g6sxbqnuilg"}
{"type":"operationEnd","operationId":"nas6sryyjn5yfyn","timestamp":1708539732924,"id":"5qfgpzfr7mbmjga","previousEventId":"3thz94cbgvawy3g","previousOperationId":"p896g6sxbqnuilg"}
{"type":"log","timestamp":1708539732924,"level":"debug","message":"Base url not specified, skipping its injection.","meta":{"rootId":"ytaxi660px2qq6h","id":"ytaxi660px2qq6h"},"id":"thm0h6t8hvbe1fv","previousOperationId":"nas6sryyjn5yfyn"}
{"type":"operationStart","subtype":"engine","name":"handlebars","timestamp":1708539732924,"id":"bppzsq1wbj3278i","previousEventId":"5qfgpzfr7mbmjga","operationId":"jc0v9d7upbtfytw","previousOperationId":"nas6sryyjn5yfyn"}
{"type":"log","timestamp":1708539732924,"level":"debug","message":"Rendering engine handlebars","meta":{"rootId":"ytaxi660px2qq6h","id":"ytaxi660px2qq6h"},"id":"rf2qrymhxaj14nn","previousOperationId":"jc0v9d7upbtfytw"}
{"type":"log","timestamp":1708539732930,"level":"debug","message":"(console:log) Pdf utils adding group field, value: \"ola\"","meta":{"userLevel":true,"rootId":"ytaxi660px2qq6h","id":"ytaxi660px2qq6h"},"id":"vac2hfdea5xs1s7","previousOperationId":"jc0v9d7upbtfytw"}
{"type":"log","timestamp":1708539732930,"level":"debug","message":"(console:log) Pdf utils adding group field, value: \"oola\"","meta":{"userLevel":true,"rootId":"ytaxi660px2qq6h","id":"ytaxi660px2qq6h"},"id":"o6583km0701e0h2","previousOperationId":"jc0v9d7upbtfytw"}
{"type":"log","timestamp":1708539732930,"level":"debug","message":"(console:log) Pdf utils adding group field, value: \"Race1\"","meta":{"userLevel":true,"rootId":"ytaxi660px2qq6h","id":"ytaxi660px2qq6h"},"id":"oq0s5z7qf9ng5xo","previousOperationId":"jc0v9d7upbtfytw"}
{"type":"log","timestamp":1708539732930,"level":"debug","message":"(console:log) Pdf utils adding group field, value: \"Race2\"","meta":{"userLevel":true,"rootId":"ytaxi660px2qq6h","id":"ytaxi660px2qq6h"},"id":"d7ouue5a7bisnpf","previousOperationId":"jc0v9d7upbtfytw"}
{"type":"operationEnd","operationId":"jc0v9d7upbtfytw","timestamp":1708539732930,"id":"c19ugo02voa4dfo","previousEventId":"bppzsq1wbj3278i","previousOperationId":"jc0v9d7upbtfytw"}
{"type":"operationStart","subtype":"recipe","name":"chrome-pdf","timestamp":1708539732930,"id":"zmsdbcjnrr0i9a0","previousEventId":"c19ugo02voa4dfo","operationId":"pp3k59dtbbnklun","previousOperationId":"jc0v9d7upbtfytw"}
{"type":"log","timestamp":1708539732930,"level":"debug","message":"Executing recipe chrome-pdf","meta":{"rootId":"ytaxi660px2qq6h","id":"ytaxi660px2qq6h"},"id":"gawxdm79vv28e37","previousOperationId":"pp3k59dtbbnklun"}
{"type":"log","timestamp":1708539732933,"level":"debug","message":"Converting with chrome HeadlessChrome/117.0.5938.149 using chrome-pool strategy","meta":{"rootId":"ytaxi660px2qq6h","id":"ytaxi660px2qq6h"},"id":"ioixywi24rcg8tm","previousOperationId":"pp3k59dtbbnklun"}
{"type":"log","timestamp":1708539732991,"level":"debug","message":"Page request: GET (document) file:///var/folders/tp/6hccbwhd41s4hkmxw_2wkz640000gn/T/jsreport/autocleanup/6dc0c32e-428e-4667-aba7-9be4e09c9ca6-chrome-pdf.html","meta":{"rootId":"ytaxi660px2qq6h","id":"ytaxi660px2qq6h"},"id":"akv0704wx05pciz","previousOperationId":"pp3k59dtbbnklun"}
{"type":"log","timestamp":1708539732997,"level":"debug","message":"Page request: GET (stylesheet) https://cdnjs.cloudflare.com/ajax/libs/metro/4.1.5/css/metro.min.css","meta":{"rootId":"ytaxi660px2qq6h","id":"ytaxi660px2qq6h"},"id":"6u0nokexfii8ju7","previousOperationId":"pp3k59dtbbnklun"}
{"type":"log","timestamp":1708539732997,"level":"debug","message":"Page request: GET (script) https://cdn.jsdelivr.net/npm/chart.js","meta":{"rootId":"ytaxi660px2qq6h","id":"ytaxi660px2qq6h"},"id":"qroeuztv206z0bo","previousOperationId":"pp3k59dtbbnklun"}
{"type":"log","timestamp":1708539732997,"level":"debug","message":"Page request finished: GET (document) 200 file:///var/folders/tp/6hccbwhd41s4hkmxw_2wkz640000gn/T/jsreport/autocleanup/6dc0c32e-428e-4667-aba7-9be4e09c9ca6-chrome-pdf.html","meta":{"rootId":"ytaxi660px2qq6h","id":"ytaxi660px2qq6h"},"id":"obn5jgttbf3lg3t","previousOperationId":"pp3k59dtbbnklun"}
{"type":"log","timestamp":1708539733000,"level":"debug","message":"Page request finished: GET (script) 200 https://cdn.jsdelivr.net/npm/chart.js","meta":{"rootId":"ytaxi660px2qq6h","id":"ytaxi660px2qq6h"},"id":"qfhosegsefxl6rz","previousOperationId":"pp3k59dtbbnklun"}
{"type":"log","timestamp":1708539733005,"level":"debug","message":"Page request finished: GET (stylesheet) 200 https://cdnjs.cloudflare.com/ajax/libs/metro/4.1.5/css/metro.min.css","meta":{"rootId":"ytaxi660px2qq6h","id":"ytaxi660px2qq6h"},"id":"86ql0cfzzkms0rc","previousOperationId":"pp3k59dtbbnklun"}
{"type":"log","timestamp":1708539733031,"level":"debug","message":"Running chrome with params {\"printBackground\":true,\"marginTop\":\"4cm\",\"marginRight\":\"1.5cm\",\"marginBottom\":\"1.5cm\",\"marginLeft\":\"1.5cm\",\"waitForJS\":false,\"timeout\":59929,\"margin\":{\"top\":\"4cm\",\"right\":\"1.5cm\",\"bottom\":\"1.5cm\",\"left\":\"1.5cm\"}}","meta":{"rootId":"ytaxi660px2qq6h","id":"ytaxi660px2qq6h"},"id":"blkiceew523ikgg","previousOperationId":"pp3k59dtbbnklun"}
{"type":"operationEnd","operationId":"pp3k59dtbbnklun","timestamp":1708539733064,"id":"oegjomb2ljj84z7","previousEventId":"zmsdbcjnrr0i9a0","previousOperationId":"pp3k59dtbbnklun"}
{"type":"log","timestamp":1708539733064,"level":"info","message":"pdf-utils is starting pdf processing","meta":{"rootId":"ytaxi660px2qq6h","id":"ytaxi660px2qq6h"},"id":"lcf99icrt69b4bc","previousOperationId":"pp3k59dtbbnklun"}
{"type":"operationStart","subtype":"pdfUtils","name":"pdf utils","timestamp":1708539733064,"id":"1pjcjoj0ntw8ntz","previousEventId":"oegjomb2ljj84z7","operationId":"dd6ewo9ah4hln8u","previousOperationId":"pp3k59dtbbnklun"}
{"type":"log","timestamp":1708539733064,"level":"debug","message":"pdf-utils detected 1 pdf operation(s) to process","meta":{"rootId":"ytaxi660px2qq6h","id":"ytaxi660px2qq6h"},"id":"fwer37bti8beh9n","previousOperationId":"dd6ewo9ah4hln8u"}
{"type":"log","timestamp":1708539733088,"level":"debug","message":"pdf-utils running pdf operation merge","meta":{"rootId":"ytaxi660px2qq6h","id":"ytaxi660px2qq6h"},"id":"qwbjt88gx2cpqww","previousOperationId":"dd6ewo9ah4hln8u"}
{"type":"operationStart","subtype":"pdfUtilsMerge","name":"pdf utils merge","previousOperationId":"dd6ewo9ah4hln8u","timestamp":1708539733088,"id":"y1nl4ahqfe0yowo","previousEventId":"1pjcjoj0ntw8ntz","operationId":"ojruquzaz59aphk"}
{"type":"operationStart","subtype":"render","name":"orders-header","previousOperationId":"ojruquzaz59aphk","timestamp":1708539733088,"id":"xa8rg6lp6hrhijp","previousEventId":"y1nl4ahqfe0yowo","operationId":"yl4if61v3uri86j"}
{"type":"log","timestamp":1708539733088,"level":"info","message":"Starting rendering (child) request","meta":{"rootId":"ytaxi660px2qq6h","id":"qpnq6us1zabmztm"},"id":"iefqapv9y4hcu78","previousOperationId":"yl4if61v3uri86j"}
{"type":"log","timestamp":1708539733088,"level":"info","message":"Rendering template { name: orders-header, recipe: chrome-pdf, engine: handlebars, preview: true }","meta":{"rootId":"ytaxi660px2qq6h","id":"qpnq6us1zabmztm"},"id":"gefrtqvnzwxpdye","previousOperationId":"yl4if61v3uri86j"}
{"type":"log","timestamp":1708539733088,"level":"debug","message":"Inline data specified.","meta":{"rootId":"ytaxi660px2qq6h","id":"qpnq6us1zabmztm"},"id":"xof1n0c1mveqt6a","previousOperationId":"yl4if61v3uri86j"}
{"type":"log","timestamp":1708539733089,"level":"debug","message":"Base url not specified, skipping its injection.","meta":{"rootId":"ytaxi660px2qq6h","id":"qpnq6us1zabmztm"},"id":"mq4c09ksv4640ua","previousOperationId":"yl4if61v3uri86j"}
{"type":"operationStart","subtype":"engine","name":"handlebars","timestamp":1708539733089,"id":"o4qcd9c6mgp44d8","previousEventId":"xa8rg6lp6hrhijp","operationId":"abs8hzdczdqd9y9","previousOperationId":"yl4if61v3uri86j"}
{"type":"log","timestamp":1708539733089,"level":"debug","message":"Rendering engine handlebars","meta":{"rootId":"ytaxi660px2qq6h","id":"qpnq6us1zabmztm"},"id":"3vyynqipapxplnc","previousOperationId":"abs8hzdczdqd9y9"}
{"type":"operationEnd","operationId":"abs8hzdczdqd9y9","timestamp":1708539733094,"id":"qwbzeju0simdwxq","previousEventId":"o4qcd9c6mgp44d8","previousOperationId":"abs8hzdczdqd9y9"}
{"type":"operationStart","subtype":"recipe","name":"chrome-pdf","timestamp":1708539733095,"id":"vuyu8edkrdgfm44","previousEventId":"qwbzeju0simdwxq","operationId":"fcvzhgzt0vmpvls","previousOperationId":"abs8hzdczdqd9y9"}
{"type":"log","timestamp":1708539733095,"level":"debug","message":"Executing recipe chrome-pdf","meta":{"rootId":"ytaxi660px2qq6h","id":"qpnq6us1zabmztm"},"id":"o76xidhxsu936ns","previousOperationId":"fcvzhgzt0vmpvls"}
{"type":"log","timestamp":1708539733095,"level":"debug","message":"Converting with chrome HeadlessChrome/117.0.5938.149 using chrome-pool strategy","meta":{"rootId":"ytaxi660px2qq6h","id":"qpnq6us1zabmztm"},"id":"yhpq2ylpw5wpcy8","previousOperationId":"fcvzhgzt0vmpvls"}
{"type":"log","timestamp":1708539733142,"level":"debug","message":"Page request: GET (document) file:///var/folders/tp/6hccbwhd41s4hkmxw_2wkz640000gn/T/jsreport/autocleanup/656b59f5-bfed-4980-9ab3-64ce0cfed44d-chrome-pdf.html","meta":{"rootId":"ytaxi660px2qq6h","id":"qpnq6us1zabmztm"},"id":"zkk9vqk8c85kifo","previousOperationId":"fcvzhgzt0vmpvls"}
{"type":"log","timestamp":1708539733148,"level":"debug","message":"Page request: GET (stylesheet) https://cdnjs.cloudflare.com/ajax/libs/metro/4.1.5/css/metro.min.css","meta":{"rootId":"ytaxi660px2qq6h","id":"qpnq6us1zabmztm"},"id":"dqddbvu12qp7sji","previousOperationId":"fcvzhgzt0vmpvls"}
{"type":"log","timestamp":1708539733148,"level":"debug","message":"Page request finished: GET (document) 200 file:///var/folders/tp/6hccbwhd41s4hkmxw_2wkz640000gn/T/jsreport/autocleanup/656b59f5-bfed-4980-9ab3-64ce0cfed44d-chrome-pdf.html","meta":{"rootId":"ytaxi660px2qq6h","id":"qpnq6us1zabmztm"},"id":"a5uxeydfa9oefo8","previousOperationId":"fcvzhgzt0vmpvls"}
{"type":"log","timestamp":1708539733155,"level":"debug","message":"Page request finished: GET (stylesheet) 200 https://cdnjs.cloudflare.com/ajax/libs/metro/4.1.5/css/metro.min.css","meta":{"rootId":"ytaxi660px2qq6h","id":"qpnq6us1zabmztm"},"id":"bqrym8xri7o5oby","previousOperationId":"fcvzhgzt0vmpvls"}
{"type":"log","timestamp":1708539733175,"level":"debug","message":"Running chrome with params {\"printBackground\":true,\"marginTop\":\"1.5cm\",\"marginRight\":\"1.5cm\",\"marginLeft\":\"1.cm\",\"timeout\":59765,\"margin\":{\"top\":\"1.5cm\",\"right\":\"1.5cm\",\"left\":\"1.cm\"}}","meta":{"rootId":"ytaxi660px2qq6h","id":"qpnq6us1zabmztm"},"id":"rxz2fz3o62acg5z","previousOperationId":"fcvzhgzt0vmpvls"}
{"type":"operationEnd","operationId":"fcvzhgzt0vmpvls","timestamp":1708539733195,"id":"o5bzocnl7tm38t9","previousEventId":"vuyu8edkrdgfm44","previousOperationId":"fcvzhgzt0vmpvls"}
{"type":"log","timestamp":1708539733195,"level":"debug","message":"Skipping storing report.","meta":{"rootId":"ytaxi660px2qq6h","id":"qpnq6us1zabmztm"},"id":"6425e7apjo8esjm","previousOperationId":"fcvzhgzt0vmpvls"}
{"type":"log","timestamp":1708539733195,"level":"info","message":"Rendering (child) request finished in 335 ms","meta":{"rootId":"ytaxi660px2qq6h","id":"qpnq6us1zabmztm"},"id":"yu6t5wm08mum7l4","previousOperationId":"fcvzhgzt0vmpvls"}
{"type":"operationEnd","subtype":"render","operationId":"yl4if61v3uri86j","timestamp":1708539733195,"id":"zgefzy0r0x3lad2","previousEventId":"o5bzocnl7tm38t9","previousOperationId":"fcvzhgzt0vmpvls"}
{"type":"operationEnd","operationId":"ojruquzaz59aphk","timestamp":1708539733212,"id":"kojcoiqb9hklu2m","previousEventId":"y1nl4ahqfe0yowo","previousOperationId":"ojruquzaz59aphk"}
{"type":"log","timestamp":1708539733212,"level":"debug","message":"pdf-utils postproces start","meta":{"rootId":"ytaxi660px2qq6h","id":"ytaxi660px2qq6h"},"id":"kx202m3yy28d1a0","previousOperationId":"ojruquzaz59aphk"}
{"type":"log","timestamp":1708539733231,"level":"debug","message":"pdf-utils postproces end","meta":{"rootId":"ytaxi660px2qq6h","id":"ytaxi660px2qq6h"},"id":"9ts7ntruj3q2r8b","previousOperationId":"ojruquzaz59aphk"}
{"type":"operationEnd","operationId":"dd6ewo9ah4hln8u","timestamp":1708539733231,"id":"62hdhxzz0r16e3q","previousEventId":"kojcoiqb9hklu2m","previousOperationId":"ojruquzaz59aphk"}
{"type":"log","timestamp":1708539733231,"level":"info","message":"pdf-utils pdf processing was finished","meta":{"rootId":"ytaxi660px2qq6h","id":"ytaxi660px2qq6h"},"id":"0tw6kad1k8uvufd","previousOperationId":"dd6ewo9ah4hln8u"}
{"type":"log","timestamp":1708539733231,"level":"debug","message":"Skipping storing report.","meta":{"rootId":"ytaxi660px2qq6h","id":"ytaxi660px2qq6h"},"id":"xa2f7xlnpglrqgd","previousOperationId":"dd6ewo9ah4hln8u"}
{"type":"log","timestamp":1708539733231,"level":"info","message":"Rendering request 5 finished in 371 ms","meta":{"rootId":"ytaxi660px2qq6h","id":"ytaxi660px2qq6h"},"id":"hy4beuf9f8wmwd7","previousOperationId":"dd6ewo9ah4hln8u"}
{"type":"operationEnd","subtype":"render","operationId":"p896g6sxbqnuilg","timestamp":1708539733231,"id":"f2mjpbcz50njo5l","previousEventId":"62hdhxzz0r16e3q","previousOperationId":"dd6ewo9ah4hln8u"}
{"type":"operationEnd","doDiffs":false,"previousEventId":"2v0stptk0yefofg","previousOperationId":"hcerwdm2a13t3m7","operationId":"hcerwdm2a13t3m7","timestamp":1708539733235,"id":"f3mr2cfosgweid4"}
