{"type":"operationStart","subtype":"profile","data":{"_id":"6s6GeAsKCug4kQp8","timestamp":"2024-01-11T15:33:19.238Z","state":"queued","mode":"standard","creationDate":"2024-01-11T15:33:19.240Z","modificationDate":"2024-01-11T15:33:19.240Z","shortid":"g5_8-Zo","$entitySet":"profiles"},"doDiffs":false,"timestamp":1704987199239,"id":"8dtkraobnlibqm2","previousOperationId":null,"operationId":"igmqbesc87v51fd"}
{"type":"log","level":"info","message":"Render request 2 queued for execution and waiting for available worker","previousOperationId":"igmqbesc87v51fd","timestamp":1704987199239,"id":"6hwzuirlrind9fj"}
{"type":"operationStart","subtype":"render","name":"sales-main","previousOperationId":"igmqbesc87v51fd","timestamp":1704987199246,"id":"m94m1y7qw2tdm1k","previousEventId":"8dtkraobnlibqm2","operationId":"np9xnhpdpkeiw2r"}
{"type":"log","timestamp":1704987199247,"level":"info","message":"Starting rendering request 2","meta":{"rootId":"l7pgdb2l9eot9ky","id":"l7pgdb2l9eot9ky"},"id":"8kudsurd5jwu8tw","previousOperationId":"np9xnhpdpkeiw2r"}
{"type":"log","timestamp":1704987199247,"level":"info","message":"Rendering template { name: sales-main, recipe: html-to-xlsx, engine: handlebars, preview: true }","meta":{"rootId":"l7pgdb2l9eot9ky","id":"l7pgdb2l9eot9ky"},"id":"0aguu31vbu1aavk","previousOperationId":"np9xnhpdpkeiw2r"}
{"type":"log","timestamp":1704987199249,"level":"debug","message":"Adding sample data B1lSTrt6NB","meta":{"rootId":"l7pgdb2l9eot9ky","id":"l7pgdb2l9eot9ky"},"id":"j1txfyu6m7xmhl8","previousOperationId":"np9xnhpdpkeiw2r"}
{"type":"log","timestamp":1704987199252,"level":"debug","message":"Base url not specified, skipping its injection.","meta":{"rootId":"l7pgdb2l9eot9ky","id":"l7pgdb2l9eot9ky"},"id":"soek4pdntruy6dm","previousOperationId":"np9xnhpdpkeiw2r"}
{"type":"operationStart","subtype":"engine","name":"handlebars","timestamp":1704987199253,"id":"bay6fmtolwk5dpv","previousEventId":"m94m1y7qw2tdm1k","operationId":"drdj2nwvqhnqdrg","previousOperationId":"np9xnhpdpkeiw2r"}
{"type":"log","timestamp":1704987199253,"level":"debug","message":"Rendering engine handlebars","meta":{"rootId":"l7pgdb2l9eot9ky","id":"l7pgdb2l9eot9ky"},"id":"nceqfe5myhgjrxi","previousOperationId":"drdj2nwvqhnqdrg"}
{"type":"operationEnd","operationId":"drdj2nwvqhnqdrg","timestamp":1704987199639,"id":"bfurqtewjn54vpp","previousEventId":"bay6fmtolwk5dpv","previousOperationId":"drdj2nwvqhnqdrg"}
{"type":"operationStart","subtype":"recipe","name":"html-to-xlsx","timestamp":1704987199640,"id":"vqh1ra0wv199f9u","previousEventId":"bfurqtewjn54vpp","operationId":"m1qjzrf7fwats9h","previousOperationId":"drdj2nwvqhnqdrg"}
{"type":"log","timestamp":1704987199640,"level":"debug","message":"Executing recipe html-to-xlsx","meta":{"rootId":"l7pgdb2l9eot9ky","id":"l7pgdb2l9eot9ky"},"id":"e0koe16qzf5r0ok","previousOperationId":"m1qjzrf7fwats9h"}
{"type":"log","timestamp":1704987200341,"level":"info","message":"html-to-xlsx generation is starting","meta":{"rootId":"l7pgdb2l9eot9ky","id":"l7pgdb2l9eot9ky"},"id":"t14puormh7mrgxc","previousOperationId":"m1qjzrf7fwats9h"}
{"type":"log","timestamp":1704987202002,"level":"info","message":"html-to-xlsx generation was finished","meta":{"rootId":"l7pgdb2l9eot9ky","id":"l7pgdb2l9eot9ky"},"id":"u4f42wfvf1ya38b","previousOperationId":"m1qjzrf7fwats9h"}
{"type":"log","timestamp":1704987202024,"level":"debug","message":"preparing office preview","meta":{"rootId":"l7pgdb2l9eot9ky","id":"l7pgdb2l9eot9ky"},"id":"4rpxujrkmvrvzq5","previousOperationId":"m1qjzrf7fwats9h"}
{"type":"operationEnd","operationId":"m1qjzrf7fwats9h","timestamp":1704987202327,"id":"1c2igr9ms9sz3nm","previousEventId":"vqh1ra0wv199f9u","previousOperationId":"m1qjzrf7fwats9h"}
{"type":"log","timestamp":1704987202328,"level":"debug","message":"Skipping storing report.","meta":{"rootId":"l7pgdb2l9eot9ky","id":"l7pgdb2l9eot9ky"},"id":"l3tlx0i7wkmuj59","previousOperationId":"m1qjzrf7fwats9h"}
{"type":"log","timestamp":1704987202328,"level":"info","message":"Rendering request 2 finished in 3090 ms","meta":{"rootId":"l7pgdb2l9eot9ky","id":"l7pgdb2l9eot9ky"},"id":"0z2uz2r0me5e39p","previousOperationId":"m1qjzrf7fwats9h"}
{"type":"operationEnd","subtype":"render","operationId":"np9xnhpdpkeiw2r","timestamp":1704987202328,"id":"940f3jzrdfhjbr5","previousEventId":"1c2igr9ms9sz3nm","previousOperationId":"m1qjzrf7fwats9h"}
{"type":"operationEnd","doDiffs":false,"previousEventId":"8dtkraobnlibqm2","previousOperationId":"igmqbesc87v51fd","operationId":"igmqbesc87v51fd","timestamp":1704987202331,"id":"np98n43o1wr3oku"}
